
Gurobi 9.5.0 (win64) logging started Tue Dec  7 12:35:54 2021

Set parameter LogFile to value "../results/logs/log_2021_12_07_12_26.csv_4_20.log"
Set parameter Method to value 3
Gurobi Optimizer version 9.5.0 build v9.5.0rc5 (win64)
Thread count: 6 physical cores, 12 logical processors, using up to 12 threads
Optimize a model with 2962 rows, 9882 columns and 30211 nonzeros
Model fingerprint: 0x1547f12a
Variable types: 4941 continuous, 4941 integer (4941 binary)
Coefficient statistics:
  Matrix range     [1e+00, 4e+00]
  Objective range  [1e+00, 1e+00]
  Bounds range     [1e+00, 1e+00]
  RHS range        [1e+00, 2e+01]
Found heuristic solution: objective 36.0000000
Presolve removed 1475 rows and 7622 columns
Presolve time: 0.03s
Presolved: 1487 rows, 2260 columns, 8333 nonzeros
Variable types: 1293 continuous, 967 integer (941 binary)
Found heuristic solution: objective 45.0000000

Concurrent LP optimizer: primal simplex, dual simplex, and barrier
Showing barrier log only...

Root barrier log...

Ordering time: 0.00s

Barrier statistics:
 AA' NZ     : 6.354e+03
 Factor NZ  : 1.841e+04 (roughly 2 MB of memory)
 Factor Ops : 2.649e+05 (less than 1 second per iteration)
 Threads    : 1

                  Objective                Residual
Iter       Primal          Dual         Primal    Dual     Compl     Time
   0   4.09532690e+03  4.95889893e+03  3.53e+03 7.77e-01  1.30e+01     0s
   1   1.09296347e+03  4.74840132e+03  7.80e+02 4.44e-15  3.05e+00     0s
   2   3.91978649e+02  2.01062756e+03  1.00e+02 2.66e-15  5.21e-01     0s
   3   2.79651352e+02  5.20310141e+02  2.07e+01 3.11e-15  9.07e-02     0s
   4   2.40919464e+02  3.22306886e+02  4.64e+00 1.94e-15  2.58e-02     0s
   5   2.28684974e+02  2.56688067e+02  1.23e+00 2.27e-15  7.83e-03     0s
   6   2.27176798e+02  2.30867378e+02  2.51e-01 4.78e-15  1.23e-03     0s
   7   2.27269519e+02  2.28195520e+02  7.06e-02 3.69e-15  3.26e-04     0s
   8   2.27366928e+02  2.27471357e+02  9.61e-03 5.59e-15  4.07e-05     0s

Barrier performed 8 iterations in 0.07 seconds (0.04 work units)
Barrier solve interrupted - model solved by another algorithm


Solved with primal simplex

Root relaxation: objective 2.273997e+02, 1172 iterations, 0.03 seconds (0.02 work units)

    Nodes    |    Current Node    |     Objective Bounds      |     Work
 Expl Unexpl |  Obj  Depth IntInf | Incumbent    BestBd   Gap | It/Node Time

     0     0  227.39975    0  570   45.00000  227.39975   405%     -    0s
H    0     0                      52.0000000  227.39975   337%     -    0s
     0     0  109.72486    0  160   52.00000  109.72486   111%     -    0s
     0     0  107.69650    0  168   52.00000  107.69650   107%     -    0s
     0     0  107.61552    0  160   52.00000  107.61552   107%     -    0s
     0     0   97.76247    0  125   52.00000   97.76247  88.0%     -    0s
     0     0   96.75963    0  140   52.00000   96.75963  86.1%     -    0s
     0     0   96.30532    0  137   52.00000   96.30532  85.2%     -    0s
H    0     0                      59.0000000   96.21297  63.1%     -    0s
     0     0   96.21297    0  138   59.00000   96.21297  63.1%     -    0s
     0     0   93.40344    0  122   59.00000   93.40344  58.3%     -    0s
     0     0   92.71451    0  119   59.00000   92.71451  57.1%     -    0s
     0     0   92.57811    0  112   59.00000   92.57811  56.9%     -    0s
     0     0   90.87888    0   94   59.00000   90.87888  54.0%     -    0s
H    0     0                      63.0000000   90.37908  43.5%     -    0s
     0     0   90.37908    0  103   63.00000   90.37908  43.5%     -    0s
     0     0   90.27896    0  101   63.00000   90.27896  43.3%     -    0s
     0     0   89.76826    0   79   63.00000   89.76826  42.5%     -    0s
     0     0   89.63725    0   86   63.00000   89.63725  42.3%     -    0s
H    0     0                      66.0000000   89.32673  35.3%     -    0s
     0     0   89.32673    0   94   66.00000   89.32673  35.3%     -    0s
     0     0   89.32673    0   94   66.00000   89.32673  35.3%     -    0s
     0     2   89.32673    0   94   66.00000   89.32673  35.3%     -    1s
H   32    39                      78.0000000   88.65353  13.7%  59.1    1s
H  133   138                      79.0000000   88.65353  12.2%  51.8    2s
H  181   155                      80.0000000   88.48081  10.6%  45.1    2s
H  227   176                      81.0000000   88.47785  9.23%  44.2    2s
H  373   289                      82.0000000   88.31749  7.70%  46.0    2s
H  705   328                      83.0000000   88.31749  6.41%  45.0    3s
  1363   418   85.68780   13   44   83.00000   86.60110  4.34%  48.9    5s

Cutting planes:
  Gomory: 122
  Lift-and-project: 30
  Implied bound: 11
  MIR: 701
  Inf proof: 1
  RLT: 170
  Relax-and-lift: 9

Explored 3869 nodes (188518 simplex iterations) in 8.03 seconds (8.47 work units)
Thread count was 12 (of 12 available processors)

Solution count 10: 83 82 81 ... 52

Optimal solution found (tolerance 1.00e-04)
Best objective 8.300000000000e+01, best bound 8.300000000000e+01, gap 0.0000%
