
Gurobi 9.5.1 (linux64) logging started Tue Jun 21 05:00:37 2022

Set parameter LogFile to value "../results/logs/log_Brightkite_edges_20_20_2022_06_21_01_26.log"
Gurobi Optimizer version 9.5.1 build v9.5.1rc2 (linux64)
Thread count: 8 physical cores, 8 logical processors, using up to 8 threads
Optimize a model with 12899 rows, 116456 columns and 343350 nonzeros
Model fingerprint: 0xb09578fd
Variable types: 0 continuous, 116456 integer (116456 binary)
Coefficient statistics:
  Matrix range     [1e+00, 2e+01]
  Objective range  [1e+00, 1e+00]
  Bounds range     [1e+00, 1e+00]
  RHS range        [1e+00, 2e+01]
Found heuristic solution: objective 947.0000000
Presolve removed 1041 rows and 93993 columns
Presolve time: 0.51s
Presolved: 11858 rows, 22463 columns, 186918 nonzeros
Found heuristic solution: objective 951.0000000
Variable types: 0 continuous, 22463 integer (19685 binary)

Deterministic concurrent LP optimizer: primal and dual simplex
Showing first log only...

Warning: Markowitz tolerance tightened to 0.125
Warning: Markowitz tolerance tightened to 0.25
Concurrent spin time: 0.08s

Solved with dual simplex

Root relaxation: objective 2.998341e+03, 3057 iterations, 1.76 seconds (2.97 work units)

    Nodes    |    Current Node    |     Objective Bounds      |     Work
 Expl Unexpl |  Obj  Depth IntInf | Incumbent    BestBd   Gap | It/Node Time

     0     0 2998.34146    0 2472  951.00000 2998.34146   215%     -    3s
H    0     0                    1092.0000000 2523.76707   131%     -    9s
     0     0 2523.76707    0 2244 1092.00000 2523.76707   131%     -    9s
H    0     0                    1094.0000000 2523.76707   131%     -   14s
     0     0 2028.07365    0 2162 1094.00000 2028.07365  85.4%     -   16s
     0     0 1960.69441    0 1957 1094.00000 1960.69441  79.2%     -   18s
     0     0 1905.02813    0 1494 1094.00000 1905.02813  74.1%     -   19s
     0     0 1855.69301    0 1611 1094.00000 1855.69301  69.6%     -   20s
     0     0 1850.69291    0 1743 1094.00000 1850.69291  69.2%     -   20s
     0     0 1848.44520    0 1585 1094.00000 1848.44520  69.0%     -   21s
     0     0 1847.80438    0 1688 1094.00000 1847.80438  68.9%     -   21s
H    0     0                    1116.0000000 1847.51759  65.5%     -   22s
     0     0 1847.51759    0 1621 1116.00000 1847.51759  65.5%     -   22s
     0     0 1847.41265    0 1653 1116.00000 1847.41265  65.5%     -   22s
     0     0 1683.70604    0 1476 1116.00000 1683.70604  50.9%     -   31s
H    0     0                    1117.0000000 1634.41961  46.3%     -   34s
     0     0 1634.41961    0 1626 1117.00000 1634.41961  46.3%     -   35s
     0     0 1610.42364    0 1952 1117.00000 1610.42364  44.2%     -   37s
     0     0 1589.54119    0 1979 1117.00000 1589.54119  42.3%     -   41s
     0     0 1580.14551    0 2125 1117.00000 1580.14551  41.5%     -   43s
H    0     0                    1121.0000000 1576.93685  40.7%     -   45s
     0     0 1576.93685    0 2259 1121.00000 1576.93685  40.7%     -   45s
     0     0 1575.22337    0 2279 1121.00000 1575.22337  40.5%     -   47s
     0     0 1573.99354    0 2452 1121.00000 1573.99354  40.4%     -   48s
     0     0 1573.50892    0 2464 1121.00000 1573.50892  40.4%     -   49s
     0     0 1540.21484    0 2152 1121.00000 1540.21484  37.4%     -   62s
H    0     0                    1124.0000000 1530.84420  36.2%     -   66s
     0     0 1530.84420    0 2237 1124.00000 1530.84420  36.2%     -   66s
H    0     0                    1128.0000000 1522.36655  35.0%     -   70s
     0     0 1522.36655    0 2464 1128.00000 1522.36655  35.0%     -   70s
     0     0 1517.36212    0 2610 1128.00000 1517.36212  34.5%     -   73s
     0     0 1511.56784    0 2651 1128.00000 1511.56784  34.0%     -   77s
     0     0 1508.18750    0 2778 1128.00000 1508.18750  33.7%     -   80s
     0     0 1506.95874    0 2828 1128.00000 1506.95874  33.6%     -   83s
     0     0 1506.21315    0 2886 1128.00000 1506.21315  33.5%     -   85s
     0     0 1496.40543    0 2734 1128.00000 1496.40543  32.7%     -   96s
     0     0 1491.62496    0 2764 1128.00000 1491.62496  32.2%     -  100s
     0     0 1488.27067    0 2881 1128.00000 1488.27067  31.9%     -  105s
     0     0 1486.73500    0 3032 1128.00000 1486.73500  31.8%     -  108s
     0     0 1484.93707    0 2985 1128.00000 1484.93707  31.6%     -  112s
     0     0 1483.38504    0 3141 1128.00000 1483.38504  31.5%     -  116s
     0     0 1482.52534    0 3195 1128.00000 1482.52534  31.4%     -  118s
H    0     0                    1129.0000000 1478.57027  31.0%     -  125s
     0     0 1478.57027    0 3074 1129.00000 1478.57027  31.0%     -  125s
H    0     0                    1130.0000000 1478.57027  30.8%     -  125s
H    0     0                    1138.0000000 1476.15943  29.7%     -  131s
     0     0 1476.15943    0 3128 1138.00000 1476.15943  29.7%     -  131s
     0     0 1475.02290    0 3235 1138.00000 1475.02290  29.6%     -  135s
     0     0 1473.15066    0 3263 1138.00000 1473.15066  29.5%     -  142s
     0     0 1473.15066    0 3263 1138.00000 1473.15066  29.5%     -  144s
H    0     0                    1139.0000000 1473.15066  29.3%     -  160s
     0     2 1473.15066    0 3263 1139.00000 1473.15066  29.3%     -  160s
     1     4 1473.10729    1 3210 1139.00000 1473.10729  29.3%   438  165s
     3     8 1471.96361    2 3273 1139.00000 1472.95330  29.3%  2779  181s
     7    16 1471.93414    3 3282 1139.00000 1471.96016  29.2%  4551  186s
    15    24 1468.75154    4 3675 1139.00000 1471.90831  29.2%  3947  237s
    23    32 1468.74705    5 3691 1139.00000 1471.90831  29.2%  9103  257s
H   31    40                    1142.0000000 1471.90831  28.9%  7650  336s
H   34    40                    1144.0000000 1471.90831  28.7%  8489  336s
    39    48 1468.73909    7 3664 1144.00000 1471.90831  28.7%  8334  343s
    47    57 1468.48515    8 3676 1144.00000 1471.90831  28.7%  7195  365s
    56    69 1468.48436    9 3690 1144.00000 1471.90831  28.7%  6357  373s
    68    77 1468.47895   11 3677 1144.00000 1471.90831  28.7%  5408  389s
    69    77 1461.97973   11 3631 1144.00000 1471.90831  28.7%  5342  390s
H   73    77                    1145.0000000 1471.90831  28.6%  5117  390s
    76    89 1468.33259   12 3688 1145.00000 1471.90831  28.6%  4963  398s
    88   108 1468.29480   14 3676 1145.00000 1471.90831  28.6%  4459  409s
   107   129 1468.24015   17 3657 1145.00000 1471.90831  28.6%  3819  420s
   128   147 1468.23684   20 3639 1145.00000 1471.90831  28.6%  3329  434s
   148   163 1467.89697   23 3651 1145.00000 1471.90831  28.6%  3049  450s
   164   176 1453.70689   24 3614 1145.00000 1471.90831  28.6%  2995  468s
   177   190 1467.15212   24 3620 1145.00000 1471.90831  28.6%  2920  483s
   193   214 1467.14488   25 3638 1145.00000 1471.90831  28.6%  2804  492s
   217   235 1466.91332   28 3659 1145.00000 1471.90831  28.6%  2591  503s
   238   258 1466.88662   32 3633 1145.00000 1471.90831  28.6%  2464  518s
H  263   266                    1148.0000000 1471.90831  28.2%  2343  539s
   271   282 1458.93952   37 3540 1148.00000 1471.90831  28.2%  2305  557s
   291   302 1465.29760   37 3646 1148.00000 1471.90831  28.2%  2267  574s
   315   323 1464.02785   39 3677 1148.00000 1471.90831  28.2%  2214  593s
   336   345 1463.16574   41 3683 1148.00000 1471.90831  28.2%  2178  612s
   366   354 1462.24930   43 3818 1148.00000 1471.90831  28.2%  2125  640s
   375   368 1462.24895   44 3817 1148.00000 1471.90831  28.2%  2192  696s
   389   396 1461.89388   46 3799 1148.00000 1471.90831  28.2%  2197  713s
   417   419 1461.30549   51 3780 1148.00000 1471.90831  28.2%  2124  734s
   440   441 1460.99711   53 3771 1148.00000 1471.90831  28.2%  2080  761s
   464   461 1459.90273   60 3713 1148.00000 1471.90831  28.2%  2080  784s
   484   478 1458.80015   63 3731 1148.00000 1471.90831  28.2%  2087  808s
   505   499 1458.56127   66 3685 1148.00000 1471.90831  28.2%  2094  835s
   528   530 1457.06108   69 3679 1148.00000 1471.90831  28.2%  2100  859s
   559   562 1456.85883   72 3660 1148.00000 1471.90831  28.2%  2068  884s
   599   590 1455.95252   75 3670 1148.00000 1471.90831  28.2%  1995 1007s
   639   602 1454.71679   80 3684 1148.00000 1471.90831  28.2%  2060 1033s
H  650   602                    1149.0000000 1471.90831  28.1%  2084 1033s
   651   646 1454.65360   81 3668 1149.00000 1471.90831  28.1%  2093 1057s
   695   681 1454.28082   87 3686 1149.00000 1471.90831  28.1%  2032 1087s
   730   715 1453.94591   92 3642 1149.00000 1471.90831  28.1%  2004 1128s
   764   765 1453.39108   98 3617 1149.00000 1471.90831  28.1%  2005 1155s
   814   820 1452.68354  105 3643 1149.00000 1471.90831  28.1%  1949 1184s
   869   864 1452.47770  111 3657 1149.00000 1471.90831  28.1%  1893 1210s
   913   893 1452.36250  114 3589 1149.00000 1471.90831  28.1%  1863 1249s
   942   951 1452.12339  117 3571 1149.00000 1471.90831  28.1%  1886 1286s
  1000  1000 1451.42006  125 3587 1149.00000 1471.90831  28.1%  1849 1322s
  1049  1034 1450.60867  129 3533 1149.00000 1471.90831  28.1%  1834 1357s
  1083  1092 1448.20521  134 3497 1149.00000 1471.90831  28.1%  1852 1389s
  1141  1129 1447.68360  144 3488 1149.00000 1471.90831  28.1%  1822 1423s
  1178  1187 1445.44814  151 3482 1149.00000 1471.90831  28.1%  1832 1469s
  1238  1219 1442.49670  159 3414 1149.00000 1471.90831  28.1%  1828 1508s
H 1243  1219                    1167.0000000 1471.90831  26.1%  1828 1508s
  1270  1251 1441.96453  161 3391 1167.00000 1471.90831  26.1%  1820 1555s
H 1308  1295                    1170.0000000 1471.90831  25.8%  1849 1597s
H 1318  1295                    1171.0000000 1471.90831  25.7%  1844 1597s
  1354  1342 1431.17567  175 3332 1171.00000 1471.90831  25.7%  1856 1647s
  1409  1395 1428.55159  189 3285 1171.00000 1471.90831  25.7%  1860 1710s
H 1446  1395                    1174.0000000 1471.90831  25.4%  1852 1710s
  1462  1474 1427.51932  197 3270 1174.00000 1471.90831  25.4%  1863 1777s
  1541  1559 1425.85707  211 3282 1174.00000 1471.90831  25.4%  1851 1840s
H 1584  1559                    1175.0000000 1471.90831  25.3%  1828 1840s
  1636  1625 1422.71045  227 3199 1175.00000 1471.90831  25.3%  1820 1904s
  1702  1716 1420.31892  241 3126 1175.00000 1471.90831  25.3%  1828 1966s
  1803  1788 1417.60277  259 3095 1175.00000 1471.90831  25.3%  1797 2023s
  1875  1876 1412.54587  272 2986 1175.00000 1471.90831  25.3%  1800 2079s
H 1933  1876                    1176.0000000 1471.90831  25.2%  1782 2079s
  1963  1967 1410.22752  290 3012 1176.00000 1471.90831  25.2%  1788 2141s
  2054  2076 1408.50090  303 3001 1176.00000 1471.90831  25.2%  1768 2201s
H 2124  2076                    1177.0000000 1471.90831  25.1%  1747 2201s
  2163  2200 1406.75660  330 2852 1177.00000 1471.90831  25.1%  1749 2285s
  2287  2341 1402.84777  356 2829 1177.00000 1471.90831  25.1%  1731 2354s
  2428  2499 1399.07714  377 2735 1177.00000 1471.90831  25.1%  1703 2423s
  2596  2652 1396.08778  405 2486 1177.00000 1471.90831  25.1%  1665 2506s
  2751  2777 1385.48704  443 2198 1177.00000 1471.90831  25.1%  1642 2583s
  2887  2778 1390.36063  365 3263 1177.00000 1471.90831  25.1%  1637 2692s
  2889  2779 1419.64461  195 2472 1177.00000 1471.90831  25.1%  1636 2739s
  2890  2780 1456.85967    9 2247 1177.00000 1471.90831  25.1%  1635 2772s
  2893  2782 1391.91543  299 2185 1177.00000 1471.90831  25.1%  1634 2776s
  2897  2785 1418.90795  204 2117 1177.00000 1471.90831  25.1%  1631 2781s
  2899  2786 1324.13083  332 2427 1177.00000 1471.90831  25.1%  1630 2786s
  2901  2787 1372.22657  451 2678 1177.00000 1471.90831  25.1%  1629 2793s
  2902  2788 1455.10195   51 2785 1177.00000 1471.90831  25.1%  1629 2797s
  2903  2789 1327.14707  156 2780 1177.00000 1471.90831  25.1%  1628 2803s
  2904  2789 1460.55018   30 2870 1177.00000 1471.90831  25.1%  1627 2808s
  2905  2790 1442.28043   50 2851 1177.00000 1471.90831  25.1%  1627 2813s
  2906  2791 1437.45746   15 2920 1177.00000 1471.90831  25.1%  1626 2820s
  2907  2791 1388.57893  134 2977 1177.00000 1471.90831  25.1%  1626 2826s
  2908  2792 1341.46436  116 3092 1177.00000 1471.90831  25.1%  1625 2831s
  2909  2793 1403.52397   65 3095 1177.00000 1471.90831  25.1%  1625 2836s
  2910  2793 1439.98566   79 3177 1177.00000 1471.90831  25.1%  1624 2841s
  2911  2794 1360.44205   63 3257 1177.00000 1470.50173  24.9%  1624 2846s
  2912  2795 1411.30208  280 3409 1177.00000 1468.93707  24.8%  1623 2851s
  2913  2795 1401.04306  362 3399 1177.00000 1467.05958  24.6%  1622 2857s
  2914  2796 1418.82415  203 3453 1177.00000 1465.99109  24.6%  1622 2862s
  2915  2797 1444.29731   55 3611 1177.00000 1465.31089  24.5%  1621 2867s
  2916  2797 1456.72179   11 3633 1177.00000 1464.96167  24.5%  1621 2870s
  2919  2799 1292.79623   49 3726 1177.00000 1464.61898  24.4%  1619 2875s
  2925  2803 1439.33807   88 3806 1177.00000 1464.52251  24.4%  1616 2882s
  2926  2804 1442.68722  134 3448 1177.00000 1460.47784  24.1%  1615 2898s
  2927  2805 1407.05174  327 3400 1177.00000 1458.43439  23.9%  1615 2904s
  2928  2805 1451.43025   76 3484 1177.00000 1456.69443  23.8%  1614 2909s
  2929  2806 1383.19893  401 3579 1177.00000 1455.45780  23.7%  1614 2914s
  2930  2807 1418.78259  153 3609 1177.00000 1454.48502  23.6%  1613 2918s
  2931  2807 1435.05033  164 3637 1177.00000 1453.59813  23.5%  1612 2924s
  2932  2808 1419.67309  136 3667 1177.00000 1452.92035  23.4%  1612 2929s
  2933  2809 1452.33127   56 3678 1177.00000 1452.33127  23.4%  1611 2934s
  2934  2809 1309.63091   48 3752 1177.00000 1451.96519  23.4%  1611 2939s
  2935  2810 1349.96636  193 3721 1177.00000 1451.62617  23.3%  1610 2942s
  2936  2811 1450.83351   65 3724 1177.00000 1450.83351  23.3%  1610 2949s
  2937  2811 1229.94152  186 3832 1177.00000 1450.37568  23.2%  1609 2953s
  2938  2812 1424.71913   96 3818 1177.00000 1449.81656  23.2%  1609 2959s
  2939  2813 1449.53790   18 3843 1177.00000 1449.53790  23.2%  1608 2963s
  2940  2813 1332.51954  290 3883 1177.00000 1449.36103  23.1%  1608 2966s
  2942  2815 1410.37439  185 3972 1177.00000 1449.17173  23.1%  1606 2971s
  2945  2817 1410.02474  192 4039 1177.00000 1449.05844  23.1%  1605 2976s
  2949  2819 1408.01687  262 4056 1177.00000 1449.01128  23.1%  1603 2980s
  2953  2822 1389.85748   47 4083 1177.00000 1448.98598  23.1%  1600 2993s
  2954  2823 1446.03501  145 3721 1177.00000 1446.03501  22.9%  1600 3020s
  2955  2823 1444.52145   94 3719 1177.00000 1444.52145  22.7%  1599 3026s
  2956  2824 1423.31565  103 3782 1177.00000 1443.79756  22.7%  1599 3031s
  2957  2825 1435.36955   65 3856 1177.00000 1443.12212  22.6%  1598 3036s
  2958  2825 1406.92726  328 3863 1177.00000 1442.69331  22.6%  1598 3041s
  2959  2826 1353.76578   86 3929 1177.00000 1442.26582  22.5%  1597 3046s
  2960  2827 1405.51875  263 3932 1177.00000 1441.95243  22.5%  1597 3051s
  2961  2827 1307.97021   38 4013 1177.00000 1441.67162  22.5%  1596 3056s
  2962  2828 1441.15853   40 3952 1177.00000 1441.15853  22.4%  1596 3062s
  2963  2829 1413.89283  231 3992 1177.00000 1440.80623  22.4%  1595 3068s
  2964  2829 1415.06187  223 4029 1177.00000 1440.52148  22.4%  1595 3073s
  2965  2830 1386.52506  140 4092 1177.00000 1440.30006  22.4%  1594 3079s
  2966  2831 1334.47087   31 4098 1177.00000 1440.14780  22.4%  1593 3082s
  2967  2831 1440.04312   34 4134 1177.00000 1440.04312  22.3%  1593 3085s
  2969  2833 1393.14515  348 4149 1177.00000 1439.94536  22.3%  1592 3090s
  2972  2835 1341.46330  115 4165 1177.00000 1439.85170  22.3%  1590 3096s
  2975  2837 1439.80817   10 4165 1177.00000 1439.80817  22.3%  1589 3101s
  2978  2839 1439.77596   80 4176 1177.00000 1439.77596  22.3%  1587 3105s
  2980  2840 1381.43257  463 4201 1177.00000 1439.76424  22.3%  1586 3137s
  2981  2841 1395.14821  407 3943 1177.00000 1438.05434  22.2%  1585 3182s
  2982  2841 1426.24244  208 3924 1177.00000 1437.15972  22.1%  1585 3190s
  2983  2842 1308.18054   60 3926 1177.00000 1436.54933  22.1%  1584 3196s
  2984  2843 1405.03130   61 3966 1177.00000 1436.18944  22.0%  1584 3203s
  2985  2843 1435.88214   28 4053 1177.00000 1435.88214  22.0%  1583 3209s
  2986  2844 1435.60884   16 4035 1177.00000 1435.60884  22.0%  1583 3214s
  2987  2845 1390.36063  365 4044 1177.00000 1435.36097  22.0%  1582 3218s
  2988  2845 1342.76049  267 4025 1177.00000 1434.92104  21.9%  1582 3225s
  2989  2846 1419.64461  195 4081 1177.00000 1434.68220  21.9%  1581 3230s
  2990  2847 1434.54471    9 4153 1177.00000 1434.54471  21.9%  1581 3235s
  2992  2848 1424.12265  171 4200 1177.00000 1434.33124  21.9%  1580 3243s
  2993  2849 1391.91543  299 4191 1177.00000 1434.27021  21.9%  1579 3246s
  2995  2850 1418.06171  156 4236 1177.00000 1434.20063  21.9%  1578 3251s
  2997  2851 1418.90795  204 4277 1177.00000 1434.15894  21.8%  1577 3255s
  3001  2854 1372.22657  451 4283 1177.00000 1434.09465  21.8%  1575 3261s
  3003  2855 1327.14707  156 4266 1177.00000 1434.08081  21.8%  1574 3300s
  3004  2856 1432.68904   30 4100 1177.00000 1432.68904  21.7%  1573 3318s
  3005  2857 1432.06267   50 4006 1177.00000 1432.06267  21.7%  1573 3326s
  3006  2857 1431.68550   15 3998 1177.00000 1431.68550  21.6%  1572 3333s
  3007  2858 1388.57893  134 4139 1177.00000 1431.43090  21.6%  1572 3339s
  3008  2859 1341.46436  116 4127 1177.00000 1431.20174  21.6%  1571 3344s
  3009  2859 1403.52397   65 4135 1177.00000 1430.70819  21.6%  1571 3351s
  3010  2860 1430.46371   79 4143 1177.00000 1430.46371  21.5%  1570 3357s
  3011  2861 1360.44205   63 4222 1177.00000 1430.20768  21.5%  1570 3363s
  3012  2861 1411.30208  280 4210 1177.00000 1430.01775  21.5%  1569 3368s
  3013  2862 1401.04306  362 4273 1177.00000 1429.89378  21.5%  1569 3373s
  3014  2863 1418.82415  203 4304 1177.00000 1429.80365  21.5%  1568 3377s
  3015  2863 1429.74534   55 4258 1177.00000 1429.74534  21.5%  1568 3381s
  3017  2865 1367.54055   71 4331 1177.00000 1429.68066  21.5%  1567 3386s
  3019  2866 1292.79623   49 4327 1177.00000 1429.64563  21.5%  1565 3390s
  3022  2868 1392.28453  280 4381 1177.00000 1429.60765  21.5%  1564 3395s
  3026  2871 1429.57419  134 4361 1177.00000 1429.57419  21.5%  1562 3401s
  3028  2872 1429.55957   76 4357 1177.00000 1429.55957  21.5%  1561 3409s
  3029  2873 1383.19893  401 4122 1177.00000 1428.37585  21.4%  1560 3444s
  3030  2873 1418.78259  153 4139 1177.00000 1427.95046  21.3%  1560 3457s
  3031  2874 1427.66806  164 4217 1177.00000 1427.66806  21.3%  1559 3464s
  3032  2875 1419.67309  136 4219 1177.00000 1427.50791  21.3%  1559 3486s
H 3032  2728                    1178.0000000 1427.50791  21.2%  1559 3490s
  3034  2729 1309.63091   48 4311 1178.00000 1427.35443  21.2%  1558 3495s
  3036  2730 1427.28311   65 4314 1178.00000 1427.28311  21.2%  1557 3501s
H 3036  2591                    1180.0000000 1427.28311  21.0%  1557 3504s
  3038  2593 1424.71913   96 4365 1180.00000 1427.23615  21.0%  1556 3506s
  3040  2594 1332.51954  290 4370 1180.00000 1427.20600  20.9%  1555 3510s
  3043  2596 1407.85516   46 4403 1180.00000 1427.18084  20.9%  1553 3574s

Cutting planes:
  Gomory: 1
  Cover: 144
  Implied bound: 75
  MIR: 620
  StrongCG: 17
  Flow cover: 1680
  GUB cover: 1073
  Zero half: 9
  RLT: 1410
  Relax-and-lift: 27

Explored 3043 nodes (5072735 simplex iterations) in 3600.21 seconds (5764.17 work units)
Thread count was 8 (of 8 available processors)

Solution count 10: 1180 1178 1177 ... 1149

Time limit reached
Best objective 1.180000000000e+03, best bound 1.426000000000e+03, gap 20.8475%
