
Gurobi 9.5.0 (win64) logging started Tue Dec  7 04:11:46 2021

Set parameter LogFile to value "../results/logs/log_2021_12_07_01_36.csv_21_41.log"
Set parameter Method to value 3
Gurobi Optimizer version 9.5.0 build v9.5.0rc5 (win64)
Thread count: 6 physical cores, 12 logical processors, using up to 12 threads
Optimize a model with 5037 rows, 8078 columns and 355769 nonzeros
Model fingerprint: 0x8b17511f
Variable types: 4039 continuous, 4039 integer (4039 binary)
Coefficient statistics:
  Matrix range     [1e+00, 2e+01]
  Objective range  [1e+00, 1e+00]
  Bounds range     [1e+00, 1e+00]
  RHS range        [1e+00, 4e+01]
Found heuristic solution: objective 1798.0000000
Presolve removed 4144 rows and 6721 columns
Presolve time: 0.11s
Presolved: 893 rows, 1357 columns, 15349 nonzeros
Variable types: 877 continuous, 480 integer (477 binary)
Found heuristic solution: objective 1810.0000000

Concurrent LP optimizer: primal simplex, dual simplex, and barrier
Showing barrier log only...

Root barrier log...

Ordering time: 0.00s

Barrier statistics:
 AA' NZ     : 1.415e+04
 Factor NZ  : 2.401e+04 (roughly 1 MB of memory)
 Factor Ops : 8.567e+05 (less than 1 second per iteration)
 Threads    : 1

                  Objective                Residual
Iter       Primal          Dual         Primal    Dual     Compl     Time
   0   3.70779971e+03  1.12228889e+04  2.18e+03 1.16e+00  3.14e+01     0s
   1   2.61607958e+03  9.95015855e+03  7.52e+02 1.27e+00  1.04e+01     0s
   2   2.06311770e+03  5.06072059e+03  1.06e+02 7.99e-15  1.68e+00     0s
   3   2.02468462e+03  2.87544846e+03  4.15e+01 8.88e-15  4.82e-01     0s
   4   2.08309099e+03  2.28882359e+03  2.13e+00 7.33e-15  6.73e-02     0s
   5   2.12755603e+03  2.19354319e+03  3.99e-01 1.10e-14  1.95e-02     0s
   6   2.14271662e+03  2.17602213e+03  1.49e-01 5.15e-15  9.65e-03     0s
   7   2.14850131e+03  2.16809991e+03  8.39e-02 3.64e-15  5.65e-03     0s
   8   2.15174656e+03  2.16016892e+03  4.98e-02 4.35e-15  2.46e-03     0s
   9   2.15503709e+03  2.15817480e+03  1.52e-02 5.23e-15  9.06e-04     0s
  10   2.15602374e+03  2.15725427e+03  6.77e-03 5.65e-15  3.57e-04     0s
  11   2.15654773e+03  2.15704528e+03  2.61e-03 2.80e-15  1.44e-04     0s
  12   2.15670168e+03  2.15692383e+03  1.30e-03 5.98e-15  6.46e-05     0s
  13   2.15679178e+03  2.15688328e+03  5.67e-04 3.15e-15  2.67e-05     0s
  14   2.15681582e+03  2.15686641e+03  3.91e-04 4.96e-15  1.49e-05     0s

Barrier performed 14 iterations in 0.17 seconds (0.13 work units)
Barrier solve interrupted - model solved by another algorithm


Solved with dual simplex

Root relaxation: objective 2.156864e+03, 1074 iterations, 0.04 seconds (0.04 work units)

    Nodes    |    Current Node    |     Objective Bounds      |     Work
 Expl Unexpl |  Obj  Depth IntInf | Incumbent    BestBd   Gap | It/Node Time

     0     0 2156.86395    0  283 1810.00000 2156.86395  19.2%     -    0s
H    0     0                    1819.0000000 2156.86395  18.6%     -    0s
H    0     0                    1837.0000000 2059.51680  12.1%     -    0s
     0     0 2059.51680    0  298 1837.00000 2059.51680  12.1%     -    0s
     0     0 2052.45032    0  305 1837.00000 2052.45032  11.7%     -    0s
     0     0 2051.47457    0  308 1837.00000 2051.47457  11.7%     -    0s
     0     0 2051.16448    0  302 1837.00000 2051.16448  11.7%     -    0s
     0     0 2051.14153    0  302 1837.00000 2051.14153  11.7%     -    0s
H    0     0                    1847.0000000 2035.76801  10.2%     -    0s
     0     0 2035.76801    0  290 1847.00000 2035.76801  10.2%     -    0s
     0     0 2033.28494    0  293 1847.00000 2033.28494  10.1%     -    0s
     0     0 2032.38156    0  294 1847.00000 2032.38156  10.0%     -    0s
     0     0 2032.18038    0  292 1847.00000 2032.18038  10.0%     -    0s
     0     0 2032.09036    0  290 1847.00000 2032.09036  10.0%     -    0s
H    0     0                    1854.0000000 2032.09036  9.61%     -    0s
H    0     0                    1857.0000000 2026.29824  9.12%     -    0s
     0     0 2026.29824    0  307 1857.00000 2026.29824  9.12%     -    0s
H    0     0                    1859.0000000 2023.41554  8.84%     -    1s
     0     0 2023.41554    0  308 1859.00000 2023.41554  8.84%     -    1s
     0     0 2022.85558    0  302 1859.00000 2022.85558  8.81%     -    1s
     0     0 2022.60437    0  305 1859.00000 2022.60437  8.80%     -    1s
     0     0 2022.52161    0  314 1859.00000 2022.52161  8.80%     -    1s
H    0     0                    1871.0000000 2022.52161  8.10%     -    1s
     0     0 2019.12600    0  291 1871.00000 2019.12600  7.92%     -    1s
H    0     0                    1872.0000000 2019.12600  7.86%     -    1s
     0     0 2018.12842    0  295 1872.00000 2018.12842  7.81%     -    1s
     0     0 2017.66464    0  307 1872.00000 2017.66464  7.78%     -    1s
     0     0 2017.44350    0  304 1872.00000 2017.44350  7.77%     -    1s
     0     0 2017.35046    0  311 1872.00000 2017.35046  7.76%     -    1s
     0     0 2015.99389    0  295 1872.00000 2015.99389  7.69%     -    1s
     0     0 2015.61025    0  295 1872.00000 2015.61025  7.67%     -    1s
     0     0 2015.48759    0  296 1872.00000 2015.48759  7.66%     -    1s
     0     0 2014.91022    0  298 1872.00000 2014.91022  7.63%     -    1s
     0     0 2014.91022    0  298 1872.00000 2014.91022  7.63%     -    1s
H    0     2                    1873.0000000 2014.91022  7.58%     -    1s
     0     2 2014.91022    0  298 1873.00000 2014.91022  7.58%     -    1s
H   32    38                    1876.0000000 2013.04827  7.31%   224    2s
H   98   106                    1880.0000000 2013.04827  7.08%   133    2s
H  178   185                    1883.0000000 2013.04827  6.91%   111    3s
H  183   185                    1885.0000000 2013.04827  6.79%   111    3s
H  649   659                    1888.0000000 2013.04827  6.62%   110    6s
H  655   659                    1900.0000000 2013.04827  5.95%   109    6s
H 1278  1108                    1902.0000000 2011.99403  5.78%  98.4    9s
  1291  1116 2002.16071   14  300 1902.00000 2011.99403  5.78%  97.4   10s
H 1309  1071                    1903.0000000 2008.40686  5.54%  96.0   11s
H 1309  1017                    1904.0000000 2008.40686  5.48%  96.0   11s
H 1321   973                    1906.0000000 2006.96074  5.30%  95.2   12s
  1355   996 1986.48051   46  274 1906.00000 2005.58226  5.22%  92.8   15s
H 1392   981                    1907.0000000 2003.16326  5.04%   112   19s
  1403   989 1997.50726   15  272 1907.00000 2002.88789  5.03%   116   20s
H 1530  1025                    1909.0000000 2002.88789  4.92%   128   24s
H 1531   978                    1920.0000000 2002.88789  4.32%   128   24s
  1581  1026 1996.80788   22  246 1920.00000 2002.88789  4.32%   132   25s
H 2068  1229                    1935.0000000 2002.88789  3.51%   146   29s
  2250  1387 1984.68092   41  205 1935.00000 2002.88789  3.51%   151   30s
  2888  1667 1976.82687   58  156 1935.00000 2002.88789  3.51%   154   42s
H 2889  1515                    1954.0000000 2002.88789  2.50%   154   42s
  3424  1791 1969.02910   81  100 1954.00000 2002.88789  2.50%   156   45s
  3981  2050 1978.31268   39  185 1954.00000 2002.88789  2.50%   157   55s
  4687  2692 1974.12718   36  205 1954.00000 1998.95133  2.30%   161   60s
  5645  3489 1980.85584   42  224 1954.00000 1997.68297  2.24%   163   65s
  6622  4277 1985.19754   21  211 1954.00000 1997.10757  2.21%   167   71s
  7155  4717 1984.64558   29  239 1954.00000 1997.00748  2.20%   173   75s
  8260  5473 1991.93542   26  269 1954.00000 1996.15634  2.16%   175   81s
  8922  5909     cutoff   24      1954.00000 1995.85699  2.14%   181   86s
  9551  6518 1960.45107   55  185 1954.00000 1995.74388  2.14%   181   90s
 10685  7406 1981.37419   23  248 1954.00000 1995.52151  2.12%   181   96s
 11463  8073 1973.54936   46  186 1954.00000 1995.14738  2.11%   181  101s
 12128  8621 1971.57711   55  132 1954.00000 1995.07602  2.10%   184  106s
 12892  9042 1990.28561   26  220 1954.00000 1994.66760  2.08%   186  112s
 13152  9299 1981.34366   33  223 1954.00000 1994.66760  2.08%   189  115s
 13928  9902 1959.20986   57  180 1954.00000 1994.63300  2.08%   192  121s
 14897 10680 1958.68537   68  177 1954.00000 1994.36119  2.07%   192  127s
 15381 10934 1974.70735   29  193 1954.00000 1994.31761  2.06%   193  131s
 15813 10946 1986.79497   26  224 1954.00000 1994.12462  2.05%   195  143s
H15820 10861                    1955.0000000 1994.12462  2.00%   195  143s
 15825 10950 1985.42330   27  222 1955.00000 1994.12462  2.00%   195  151s
 16478 11756 1974.61567   33  214 1955.00000 1993.99684  1.99%   195  158s
 17013 11783 1964.02629   39  224 1955.00000 1993.83193  1.99%   196  168s
 17054 12156 1962.26879   40  214 1955.00000 1993.78206  1.98%   196  173s
 17654 12520 1967.66857   37  215 1955.00000 1993.61863  1.98%   196  177s
 18308 13152 1976.15026   31  231 1955.00000 1993.53570  1.97%   196  184s
 19163 13623 1957.02554   23  239 1955.00000 1993.33184  1.96%   198  189s
 19847 14300 1972.68828   40  194 1955.00000 1993.22851  1.96%   199  195s
 20728 14949 1969.11403   32  249 1955.00000 1993.05773  1.95%   199  201s
 21519 15645 1966.52460   46  217 1955.00000 1992.95566  1.94%   199  207s
 22404 16340 1967.58947   25  217 1955.00000 1992.76216  1.93%   199  214s
 23330 16880 1971.94421   40  242 1955.00000 1992.65774  1.93%   199  221s
 24092 17477 1968.17057   35  183 1955.00000 1992.48854  1.92%   200  228s
 24837 18116 1974.77725   28  234 1955.00000 1992.34020  1.91%   202  235s
 25770 18938 1968.12770   48  178 1955.00000 1992.21769  1.90%   203  243s
 26783 19792 1958.67608   43  191 1955.00000 1992.10719  1.90%   203  251s
 27934 20367 1986.14301   26  240 1955.00000 1991.96656  1.89%   202  260s
 28805 21198 1964.76681   26  244 1955.00000 1991.91691  1.89%   204  270s
 29906 22131 1967.72833   29  228 1955.00000 1991.75734  1.88%   205  279s
 31071 23137 1961.58458   57  172 1955.00000 1991.67144  1.88%   204  289s
 32355 23939 1966.30150   33  223 1955.00000 1991.47538  1.87%   204  300s
 33475 24893 1985.68352   36  225 1955.00000 1991.36481  1.86%   204  310s
 34696 25454 1973.40340   55  236 1955.00000 1991.19317  1.85%   204  320s
 35785 26114 1960.56073   51  208 1955.00000 1991.12984  1.85%   205  331s
 36935 26115 1968.98567   53  298 1955.00000 1990.99541  1.84%   206  379s
 36938 26117 1966.11512   52  295 1955.00000 1990.99541  1.84%   206  380s
 36976 26142 1979.28845   44  285 1955.00000 1990.99541  1.84%   206  385s
 37000 26158 1956.87456   48  281 1955.00000 1990.99541  1.84%   205  390s
 37014 26168 1976.13748   37  295 1955.00000 1990.99541  1.84%   205  395s
 37033 26180 1958.55517   31  290 1955.00000 1990.99541  1.84%   205  400s
 37051 26192 1963.37604   65  292 1955.00000 1990.99541  1.84%   205  405s
 37068 26204 1957.41462   36  292 1955.00000 1990.99541  1.84%   205  410s
 37088 26217 1981.35830   37  291 1955.00000 1990.99541  1.84%   205  415s
 37106 26229 1981.37142   40  278 1955.00000 1990.99541  1.84%   205  420s
 37118 26240 1990.99541   26  275 1955.00000 1990.99541  1.84%   205  427s
 37120 26243 1990.99541   27  269 1955.00000 1990.99541  1.84%   205  430s
 37132 26259 1990.99541   29  264 1955.00000 1990.99541  1.84%   205  435s
 37180 26300 1990.99541   31  258 1955.00000 1990.99541  1.84%   206  442s
 37201 26304 1990.99541   32  216 1955.00000 1990.99541  1.84%   206  450s
H37205 24988                    1956.0000000 1990.99541  1.79%   206  450s
H37209 23738                    1960.0000000 1990.99541  1.58%   206  450s
 37716 24049 1981.29922   53  199 1960.00000 1990.99541  1.58%   206  455s
H38265 23075                    1961.0000000 1990.99541  1.53%   206  459s
 38345 23185 1988.28975   43  238 1961.00000 1990.99541  1.53%   206  460s
 39217 23519 1972.48052   66  218 1961.00000 1990.99541  1.53%   206  465s
 39797 23753 1985.49915   33  233 1961.00000 1990.99541  1.53%   206  470s
 40722 24106 1990.60945   36  255 1961.00000 1990.99541  1.53%   206  475s
 41473 24562 1972.97048   46  196 1961.00000 1990.99541  1.53%   206  480s
 42265 24864 1987.92363   37  265 1961.00000 1990.99541  1.53%   206  485s
 42851 25061 1972.34952   44  235 1961.00000 1990.99541  1.53%   207  490s
 43246 25249 1976.06965   43  217 1961.00000 1990.99541  1.53%   207  495s
 44145 25517 1987.46863   35  240 1961.00000 1990.99541  1.53%   207  500s
 44959 25807 1969.48810   39  239 1961.00000 1990.99541  1.53%   208  507s
 45542 26068 1983.95994   38  250 1961.00000 1990.87674  1.52%   208  511s
 46125 26220 1976.38252   52  187 1961.00000 1990.74671  1.52%   209  517s
 46897 26495 1979.96996   39  211 1961.00000 1990.37746  1.50%   209  522s
 47266 26617     cutoff   59      1961.00000 1990.29870  1.49%   209  525s
 48107 26851 1963.17735   81  122 1961.00000 1990.06966  1.48%   209  531s
 48774 27109 1979.10749   45  191 1961.00000 1990.00081  1.48%   211  538s
 49220 27255 1981.88059   46  239 1961.00000 1989.86332  1.47%   211  541s
 49613 27302 1969.27999   47  200 1961.00000 1989.78732  1.47%   211  545s
 50418 27501 1979.77944   34  220 1961.00000 1989.63766  1.46%   212  553s
 50911 27661 1963.84598   54  179 1961.00000 1989.49168  1.45%   212  557s
 51405 27696 1968.65610   55  194 1961.00000 1989.37438  1.45%   213  561s
H51448 26443                    1962.0000000 1989.36500  1.39%   213  561s
 51702 26675 1975.27799   48  237 1962.00000 1989.30029  1.39%   213  566s
 52179 26863 1976.05876   45  210 1962.00000 1989.21605  1.39%   214  570s
 52750 26849 1979.52144   43  229 1962.00000 1989.10346  1.38%   214  581s
 53016 27164 1976.22698   44  218 1962.00000 1988.98224  1.38%   214  586s
 53631 27144 1973.15881   44  228 1962.00000 1988.86184  1.37%   215  592s
 54163 27367 1974.14192   42  218 1962.00000 1988.72190  1.36%   216  597s
 54895 27518 1980.92611   40  199 1962.00000 1988.60635  1.36%   216  605s
 55698 27826 1965.85453   60  192 1962.00000 1988.50136  1.35%   217  611s
 56527 28165 1983.86308   38  228 1962.00000 1988.25647  1.34%   217  618s
 57376 28384 1972.98855   41  219 1962.00000 1988.13078  1.33%   217  625s
 58175 28544     cutoff   52      1962.00000 1988.00800  1.33%   218  633s
 58920 28704 1965.91041   48  204 1962.00000 1987.89182  1.32%   219  641s
 59724 28887 1974.19759   45  209 1962.00000 1987.78252  1.31%   219  650s
 60532 29160 1965.84552   39  217 1962.00000 1987.64512  1.31%   220  659s
 61426 29496 1984.40167   42  204 1962.00000 1987.53318  1.30%   221  668s
 62478 29860 1975.07539   40  212 1962.00000 1987.40359  1.29%   222  678s
 63533 30214 1966.34622   77  169 1962.00000 1987.29477  1.29%   223  688s
 64621 30682 1964.77076   44  213 1962.00000 1987.15837  1.28%   224  699s
 65831 31021 1967.83496   57  209 1962.00000 1987.04810  1.28%   224  710s
 67020 31301 1978.62238   39  173 1962.00000 1986.87725  1.27%   225  722s
 68137 31666 1968.73343   56  189 1962.00000 1986.82473  1.27%   226  733s
 69480 31945 1967.16153   58  201 1962.00000 1986.66857  1.26%   226  745s
 70809 32255 1980.97310   46  193 1962.00000 1986.53309  1.25%   226  757s
 72032 32485 1964.45389   51  211 1962.00000 1986.39376  1.24%   227  769s
 73065 33015 1966.07649   54  185 1962.00000 1986.28705  1.24%   228  781s
 74414 33204     cutoff   50      1962.00000 1986.16014  1.23%   228  793s
 75590 33502 1974.19283   47  227 1962.00000 1986.08717  1.23%   229  805s
 76784 33817 1974.71496   46  230 1962.00000 1985.99015  1.22%   229  817s
 77972 34279 1971.39143   52  199 1962.00000 1985.85617  1.22%   230  830s
 79450 34447 1980.81515   48  209 1962.00000 1985.76635  1.21%   230  842s
 80649 34602 1970.39955   46  196 1962.00000 1985.68592  1.21%   231  855s
 81830 34873     cutoff   47      1962.00000 1985.62034  1.20%   232  867s
 83015 35161 1968.25521   58  207 1962.00000 1985.53806  1.20%   233  880s
 84127 34985 1979.27777   41  204 1962.00000 1985.47250  1.20%   233  895s
H84254 32259                    1964.0000000 1985.47250  1.09%   234  895s
 84418 32201 1978.63031   42  203 1964.00000 1985.47250  1.09%   234  945s
 84449 32439 1979.25587   41  201 1964.00000 1985.47250  1.09%   234  972s
 84861 32987 1967.35465   65  164 1964.00000 1985.44689  1.09%   234  986s
 86188 33212 1977.66775   39  226 1964.00000 1985.30470  1.08%   235 1001s
 87354 33702 1980.39317   48  177 1964.00000 1985.21078  1.08%   235 1015s
 88858 34055 1978.23660   43  235 1964.00000 1985.10630  1.07%   236 1030s
 90384 34431     cutoff   61      1964.00000 1984.99927  1.07%   236 1045s
 91803 34462 1975.04629   43  200 1964.00000 1984.93897  1.07%   237 1060s
 93079 34798 1965.46050   56  189 1964.00000 1984.88059  1.06%   238 1075s
 94540 35120 1976.30567   50  241 1964.00000 1984.81193  1.06%   238 1090s
 95945 35375 1968.81202   40  194 1964.00000 1984.71326  1.05%   238 1105s
 97266 35656 1979.52866   42  209 1964.00000 1984.64916  1.05%   239 1119s
 98689 36152 1980.08799   46  225 1964.00000 1984.52262  1.04%   239 1134s
 99979 36885 1974.66276   47  229 1964.00000 1984.46334  1.04%   240 1149s
 101384 37639 1976.92567   45  219 1964.00000 1984.38217  1.04%   240 1163s
 102764 38229 1972.70976   53  219 1964.00000 1984.29075  1.03%   240 1178s
 104182 38867 1976.18488   42  201 1964.00000 1984.23624  1.03%   241 1192s
 105364 39714 1975.46830   41  237 1964.00000 1984.17797  1.03%   241 1207s
 106713 40295 1969.89458   49  207 1964.00000 1984.10955  1.02%   242 1222s
 107971 41156 1970.35038   50  189 1964.00000 1984.06872  1.02%   242 1237s
 109434 41954 1972.26215   59  201 1964.00000 1983.97164  1.02%   242 1251s
 110999 42817 1977.29895   42  231 1964.00000 1983.90006  1.01%   242 1267s
 112523 43496 1975.80037   49  194 1964.00000 1983.84164  1.01%   243 1282s
 113848 44269 1971.91740   48  204 1964.00000 1983.78220  1.01%   243 1296s
 115229 44861 1981.32825   42  204 1964.00000 1983.72051  1.00%   243 1311s
 116399 45416 1978.00796   45  227 1964.00000 1983.65618  1.00%   244 1326s
 117723 46071 1965.44766   54  209 1964.00000 1983.60580  1.00%   244 1342s
 119017 46689 1965.11893   63  193 1964.00000 1983.54005  0.99%   244 1359s
 120393 47432     cutoff   63      1964.00000 1983.49327  0.99%   245 1375s
 121704 47895 1977.29413   46  203 1964.00000 1983.44090  0.99%   245 1391s
 122853 48519 1971.85279   49  215 1964.00000 1983.39005  0.99%   246 1408s
 124066 49312 1967.33816   54  191 1964.00000 1983.31837  0.98%   246 1426s
 125455 49850 1977.60826   48  197 1964.00000 1983.25801  0.98%   246 1444s
 126599 50453 1967.75172   53  212 1964.00000 1983.22307  0.98%   247 1462s
 127878 51000 1976.30067   44  222 1964.00000 1983.16400  0.98%   248 1480s
 129117 51639 1973.27584   42  218 1964.00000 1983.12827  0.97%   248 1498s
 130402 52309 1978.28422   43  191 1964.00000 1983.06708  0.97%   249 1518s
 131723 52874 1974.95511   39  246 1964.00000 1983.01014  0.97%   249 1539s
 133099 53501 1968.96569   47  235 1964.00000 1982.98126  0.97%   250 1560s
 134460 54071     cutoff   52      1964.00000 1982.91222  0.96%   250 1582s
 135737 54779     cutoff   48      1964.00000 1982.86892  0.96%   251 1605s
 137211 55422 1970.05501   47  221 1964.00000 1982.80703  0.96%   252 1627s
 138540 56219 1974.94219   40  222 1964.00000 1982.76487  0.96%   252 1649s
 140109 56917 1979.59866   46  198 1964.00000 1982.70036  0.95%   253 1673s
 141452 57529 1972.14226   49  191 1964.00000 1982.65336  0.95%   253 1696s
 142714 58256 1966.69125   52  212 1964.00000 1982.61447  0.95%   254 1719s
 144172 59009     cutoff   49      1964.00000 1982.55142  0.94%   255 1742s
 145655 59615 1972.51413   46  204 1964.00000 1982.51462  0.94%   255 1765s
 147010 60121     cutoff   56      1964.00000 1982.46353  0.94%   256 1784s
 148155 60838 1970.00513   43  209 1964.00000 1982.42064  0.94%   256 1810s
 149613 61542 1973.17201   55  183 1964.00000 1982.36294  0.93%   257 1835s
 151150 62230 1965.13672   66  169 1964.00000 1982.32005  0.93%   258 1861s
 152582 62895 1976.99367   49  188 1964.00000 1982.26139  0.93%   258 1888s
 154160 63703 1971.17059   53  229 1964.00000 1982.21459  0.93%   259 1913s
 155771 64573 1971.17454   42  231 1964.00000 1982.16036  0.92%   259 1939s
 157434 65203 1969.93916   46  225 1964.00000 1982.10564  0.92%   260 1964s
 158847 65861     cutoff   51      1964.00000 1982.06790  0.92%   261 1990s
 160595 66519 1975.49559   47  227 1964.00000 1982.03762  0.92%   261 2015s
 162073 67084 1974.70218   43  230 1964.00000 1981.99773  0.92%   262 2040s
 163401 67790     cutoff   62      1964.00000 1981.95661  0.91%   262 2066s
 164984 68340 1968.91284   73  148 1964.00000 1981.91693  0.91%   263 2086s
 166264 68901 1977.83839   44  240 1964.00000 1981.88054  0.91%   263 2110s
 167606 69629 1972.21537   47  198 1964.00000 1981.84029  0.91%   264 2135s
 169180 70181 1967.59721   52  211 1964.00000 1981.79914  0.91%   264 2161s
 170634 70925 1968.61970   43  231 1964.00000 1981.75067  0.90%   265 2187s
 172336 71473 1968.38243   38  237 1964.00000 1981.70778  0.90%   265 2213s
 173764 72185 1966.74524   70  192 1964.00000 1981.67113  0.90%   266 2240s
 175272 72842 1972.39029   52  218 1964.00000 1981.63108  0.90%   266 2267s
 176834 73616 1970.12434   51  192 1964.00000 1981.58569  0.90%   267 2293s
 178546 74294 1975.05257   40  248 1964.00000 1981.54109  0.89%   267 2320s
 180245 74984 1976.97624   39  237 1964.00000 1981.49465  0.89%   267 2346s
 181784 75636 1969.83698   42  229 1964.00000 1981.45175  0.89%   268 2373s
 183152 76287 1970.07156   41  217 1964.00000 1981.41574  0.89%   268 2394s
 184481 76911 1974.35195   45  200 1964.00000 1981.37838  0.88%   269 2420s
 186110 77588 1977.38073   43  216 1964.00000 1981.32938  0.88%   269 2445s
 187730 78195 1972.07229   46  199 1964.00000 1981.29860  0.88%   269 2470s
 189292 78871 1973.40089   43  228 1964.00000 1981.26532  0.88%   270 2496s
 190801 79507 1965.59762   55  236 1964.00000 1981.24071  0.88%   270 2522s
 192378 80228 1971.54320   61  181 1964.00000 1981.19353  0.88%   271 2548s
 194015 80907 1974.91799   43  228 1964.00000 1981.14908  0.87%   271 2573s
 195616 81659     cutoff   54      1964.00000 1981.08878  0.87%   271 2600s
 197368 82342     cutoff   55      1964.00000 1981.05289  0.87%   272 2626s
 198919 83163 1969.63062   50  208 1964.00000 1981.01416  0.87%   272 2653s
 200682 83823 1967.76634   60  213 1964.00000 1980.96241  0.86%   272 2680s
 202157 84339 1976.29176   46  232 1964.00000 1980.93680  0.86%   272 2704s
 203540 85055 1973.29409   38  218 1964.00000 1980.90142  0.86%   273 2731s
 205327 85758 1974.04267   46  197 1964.00000 1980.86936  0.86%   273 2757s
 206923 86586 1969.42768   44  204 1964.00000 1980.83918  0.86%   273 2783s
 208724 87359 1972.86241   40  217 1964.00000 1980.77938  0.85%   274 2809s
 210530 88053     cutoff   44      1964.00000 1980.74113  0.85%   274 2834s
 212173 88833 1975.17730   47  183 1964.00000 1980.70006  0.85%   274 2860s
 213880 89628 1975.52336   43  205 1964.00000 1980.66634  0.85%   274 2886s
 215660 90286 1965.33500   39  195 1964.00000 1980.62762  0.85%   274 2911s
 217347 90854 1975.27063   47  220 1964.00000 1980.58244  0.84%   275 2938s
 218940 91522 1971.96445   53  191 1964.00000 1980.55415  0.84%   275 2965s
 220620 92312 1969.58194   49  219 1964.00000 1980.51870  0.84%   275 2990s
 222268 93149 1978.35508   45  199 1964.00000 1980.48285  0.84%   275 3016s
 224022 93895 1966.72754   49  194 1964.00000 1980.45218  0.84%   275 3042s
 225641 94572     cutoff   51      1964.00000 1980.42397  0.84%   276 3069s
 227237 95340     cutoff   68      1964.00000 1980.38436  0.83%   276 3096s
 228946 96026 1969.00366   55  167 1964.00000 1980.34654  0.83%   276 3124s
 230665 96625 1970.82007   36  195 1964.00000 1980.31836  0.83%   276 3152s
 232198 97350 1973.67603   49  191 1964.00000 1980.28359  0.83%   277 3181s
 234035 98063 1968.61466   52  222 1964.00000 1980.26847  0.83%   277 3209s
 235765 98914 1966.05663   48  190 1964.00000 1980.22744  0.83%   277 3237s
 237699 99823 1972.33616   46  207 1964.00000 1980.19407  0.82%   277 3265s
 239584 100579 1971.33932   50  207 1964.00000 1980.16254  0.82%   277 3290s
 241217 101259 1965.95041   57  191 1964.00000 1980.12086  0.82%   277 3318s
 242944 101854 1974.40974   51  209 1964.00000 1980.08468  0.82%   278 3347s
 244707 102758 1972.09861   53  187 1964.00000 1980.05577  0.82%   278 3375s
 246585 103612     cutoff   49      1964.00000 1980.02435  0.82%   278 3403s
 248503 104249     cutoff   55      1964.00000 1979.99265  0.81%   278 3431s
 250117 105041 1974.34193   45  227 1964.00000 1979.96541  0.81%   278 3459s
 252025 105774 1972.96337   41  218 1964.00000 1979.93600  0.81%   278 3487s
 253873 106661     cutoff   61      1964.00000 1979.89643  0.81%   278 3515s
 255847 107347 1968.32215   43  205 1964.00000 1979.86109  0.81%   278 3543s
 257396 107982 1968.92528   65  174 1964.00000 1979.83711  0.81%   279 3569s
 259082 108668 1977.09260   48  198 1964.00000 1979.80967  0.80%   279 3597s
 260818 108688     cutoff   62      1964.00000 1979.78410  0.80%   279 3600s

Cutting planes:
  Gomory: 23
  Implied bound: 3
  MIR: 1691
  Flow cover: 1798
  RLT: 127
  Relax-and-lift: 35

Explored 260880 nodes (72770998 simplex iterations) in 3600.10 seconds (3691.84 work units)
Thread count was 12 (of 12 available processors)

Solution count 10: 1964 1962 1961 ... 1909

Time limit reached
Best objective 1.964000000000e+03, best bound 1.979000000000e+03, gap 0.7637%
