
Gurobi 9.5.1 (linux64) logging started Sun Jun 19 02:28:47 2022

Set parameter LogFile to value "../results/logs/log_com-dblp.ungraph_3_2_2022_06_19_02_07.log"
Gurobi Optimizer version 9.5.1 build v9.5.1rc2 (linux64)
Thread count: 8 physical cores, 8 logical processors, using up to 8 threads
Optimize a model with 21871 rows, 634160 columns and 226410 nonzeros
Model fingerprint: 0x1c728420
Variable types: 0 continuous, 634160 integer (634160 binary)
Coefficient statistics:
  Matrix range     [1e+00, 3e+00]
  Objective range  [1e+00, 1e+00]
  Bounds range     [1e+00, 1e+00]
  RHS range        [1e+00, 2e+00]
Found heuristic solution: objective 204031.00000
Presolve removed 14113 rows and 622476 columns
Presolve time: 1.74s
Presolved: 7758 rows, 11684 columns, 33660 nonzeros
Variable types: 0 continuous, 11684 integer (10719 binary)
Found heuristic solution: objective 204033.00000

Root relaxation: objective 2.044863e+05, 3674 iterations, 0.02 seconds (0.01 work units)

    Nodes    |    Current Node    |     Objective Bounds      |     Work
 Expl Unexpl |  Obj  Depth IntInf | Incumbent    BestBd   Gap | It/Node Time

     0     0 204486.283    0  500 204033.000 204486.283  0.22%     -    1s
H    0     0                    204038.00000 204486.283  0.22%     -    1s
H    0     0                    204040.00000 204486.283  0.22%     -    2s
     0     0 204068.303    0   53 204040.000 204068.303  0.01%     -    2s
H    0     0                    204041.00000 204068.303  0.01%     -    2s
     0     0 204058.402    0   49 204041.000 204058.402  0.01%     -    2s
     0     0 204053.035    0   35 204041.000 204053.035  0.01%     -    2s
     0     0 204050.150    0   38 204041.000 204050.150  0.00%     -    2s
     0     0 204049.000    0   27 204041.000 204049.000  0.00%     -    2s
     0     0 204049.000    0   24 204041.000 204049.000  0.00%     -    2s
     0     0 204049.000    0  376 204041.000 204049.000  0.00%     -    3s
H    0     0                    204042.00000 204049.000  0.00%     -    3s
     0     0 204049.000    0   44 204042.000 204049.000  0.00%     -    3s
     0     0 204049.000    0  314 204042.000 204049.000  0.00%     -    3s
     0     0 204049.000    0   42 204042.000 204049.000  0.00%     -    3s
     0     0 204049.000    0   42 204042.000 204049.000  0.00%     -    3s
     0     0 204049.000    0   29 204042.000 204049.000  0.00%     -    3s
     0     0 204049.000    0   28 204042.000 204049.000  0.00%     -    3s
     0     0 204049.000    0   30 204042.000 204049.000  0.00%     -    3s
     0     0 204049.000    0   30 204042.000 204049.000  0.00%     -    3s
     0     0 204049.000    0   24 204042.000 204049.000  0.00%     -    3s
     0     0 204049.000    0   24 204042.000 204049.000  0.00%     -    3s
     0     0 204049.000    0   24 204042.000 204049.000  0.00%     -    3s
     0     0 204047.000    0   12 204042.000 204047.000  0.00%     -    3s
     0     0 204047.000    0   12 204042.000 204047.000  0.00%     -    3s
     0     0 204047.000    0   14 204042.000 204047.000  0.00%     -    3s
     0     0 204047.000    0   19 204042.000 204047.000  0.00%     -    3s
     0     0 204046.817    0   24 204042.000 204046.817  0.00%     -    4s
     0     0 204046.167    0   13 204042.000 204046.167  0.00%     -    4s
     0     0 204046.167    0   13 204042.000 204046.167  0.00%     -    4s
     0     0 204046.167    0  141 204042.000 204046.167  0.00%     -    4s
H    0     0                    204043.00000 204046.167  0.00%     -    4s
     0     0 204046.167    0   24 204043.000 204046.167  0.00%     -    4s
     0     0 204046.167    0   93 204043.000 204046.167  0.00%     -    4s
H    0     0                    204044.00000 204046.167  0.00%     -    4s
     0     0 204046.167    0   19 204044.000 204046.167  0.00%     -    4s
     0     0 204046.167    0   13 204044.000 204046.167  0.00%     -    4s
H    0     0                    204045.00000 204046.167  0.00%     -    4s
     0     0     cutoff    0      204045.000 204045.000  0.00%     -    4s

Cutting planes:
  Gomory: 7
  Cover: 4
  Implied bound: 1
  Clique: 1
  MIR: 13
  GUB cover: 5
  Zero half: 1
  RLT: 2

Explored 1 nodes (8462 simplex iterations) in 4.27 seconds (2.93 work units)
Thread count was 8 (of 8 available processors)

Solution count 10: 204045 204044 204043 ... 204031

Optimal solution found (tolerance 0.00e+00)
Best objective 2.040450000000e+05, best bound 2.040450000000e+05, gap 0.0000%
