
Gurobi 9.5.1 (linux64) logging started Wed Mar  9 18:05:30 2022

Set parameter LogFile to value "../results/logs/log_2022_03_09_17_57.csv_9_10.log"
Set parameter Method to value 3
Gurobi Optimizer version 9.5.1 build v9.5.1rc2 (linux64)
Thread count: 8 physical cores, 8 logical processors, using up to 8 threads
Optimize a model with 238 rows, 9882 columns and 8569 nonzeros
Model fingerprint: 0xbd69e0bc
Variable types: 4941 continuous, 4941 integer (4941 binary)
Coefficient statistics:
  Matrix range     [1e+00, 9e+00]
  Objective range  [1e+00, 1e+00]
  Bounds range     [1e+00, 1e+00]
  RHS range        [1e+00, 1e+01]
Found heuristic solution: objective -0.0000000
Presolve removed 171 rows and 9770 columns
Presolve time: 0.00s
Presolved: 67 rows, 112 columns, 400 nonzeros
Extracted 24 lazy constraints
Variable types: 60 continuous, 52 integer (52 binary)

Root relaxation: objective 3.114519e+01, 75 iterations, 0.00 seconds (0.00 work units)

    Nodes    |    Current Node    |     Objective Bounds      |     Work
 Expl Unexpl |  Obj  Depth IntInf | Incumbent    BestBd   Gap | It/Node Time

     0     0   31.14519    0   18   -0.00000   31.14519      -     -    0s
H    0     0                       2.0000000   31.14519  1457%     -    0s
     0     0    9.94932    0   12    2.00000    9.94932   397%     -    0s
H    0     0                       5.0000000    9.94932  99.0%     -    0s
     0     0    7.65412    0   11    5.00000    7.65412  53.1%     -    0s
     0     0    7.50862    0   11    5.00000    7.50862  50.2%     -    0s
     0     0    6.99424    0   12    5.00000    6.99424  39.9%     -    0s
     0     0    6.99424    0   12    5.00000    6.99424  39.9%     -    0s
     0     0    6.99424    0   11    5.00000    6.99424  39.9%     -    0s
     0     0    6.99424    0   12    5.00000    6.99424  39.9%     -    0s
     0     0    6.99424    0   12    5.00000    6.99424  39.9%     -    0s
     0     0    6.29032    0   11    5.00000    6.29032  25.8%     -    0s
     0     0    5.00000    0   11    5.00000    5.00000  0.00%     -    0s

Cutting planes:
  Gomory: 3
  Clique: 1
  MIR: 16
  RLT: 2

Explored 1 nodes (291 simplex iterations) in 0.05 seconds (0.01 work units)
Thread count was 8 (of 8 available processors)

Solution count 3: 5 2 -0 

Optimal solution found (tolerance 1.00e-04)
Best objective 5.000000000000e+00, best bound 5.000000000000e+00, gap 0.0000%
