
Gurobi 9.5.1 (linux64) logging started Sun Jun 19 16:04:32 2022

Set parameter LogFile to value "../results/logs/log_web-hudong.e_5_250_2022_06_19_13_09.log"
Gurobi Optimizer version 9.5.1 build v9.5.1rc2 (linux64)
Thread count: 8 physical cores, 8 logical processors, using up to 8 threads
Optimize a model with 940126 rows, 3949310 columns and 4082210 nonzeros
Model fingerprint: 0xdea129c4
Variable types: 0 continuous, 3949310 integer (3949310 binary)
Coefficient statistics:
  Matrix range     [1e+00, 5e+00]
  Objective range  [1e+00, 1e+00]
  Bounds range     [1e+00, 1e+00]
  RHS range        [1e+00, 2e+02]
Found heuristic solution: objective 1055322.0000
Presolve removed 914848 rows and 3918672 columns (presolve time = 5s) ...
Presolve removed 914848 rows and 3918672 columns
Presolve time: 6.00s
Presolved: 25278 rows, 30638 columns, 94524 nonzeros
Extracted 7575 lazy constraints
Found heuristic solution: objective 1055842.0000
Variable types: 0 continuous, 30638 integer (28268 binary)

Root simplex log...

Iteration    Objective       Primal Inf.    Dual Inf.      Time
       0    1.0707410e+06   3.293875e+03   0.000000e+00      7s
    7741    1.0601271e+06   0.000000e+00   0.000000e+00      7s

Root relaxation: objective 1.060127e+06, 7741 iterations, 0.13 seconds (0.16 work units)

    Nodes    |    Current Node    |     Objective Bounds      |     Work
 Expl Unexpl |  Obj  Depth IntInf | Incumbent    BestBd   Gap | It/Node Time

     0     0 1060127.07    0 2492 1055842.00 1060127.07  0.41%     -    8s
H    0     0                    1055845.0000 1060127.07  0.41%     -    8s
     0     0 1056777.17    0  945 1055845.00 1056777.17  0.09%     -    9s
H    0     0                    1056406.0000 1056777.17  0.04%     -    9s
     0     0 1056696.79    0  762 1056406.00 1056696.79  0.03%     -    9s
     0     0 1056693.17    0  734 1056406.00 1056693.17  0.03%     -   10s
     0     0 1056693.13    0  730 1056406.00 1056693.13  0.03%     -   10s
     0     0 1056555.51    0  313 1056406.00 1056555.51  0.01%     -   10s
     0     0 1056551.73    0  282 1056406.00 1056551.73  0.01%     -   10s
     0     0 1056551.64    0  276 1056406.00 1056551.64  0.01%     -   10s
     0     0 1056528.17    0  110 1056406.00 1056528.17  0.01%     -   11s
H    0     0                    1056513.0000 1056528.17  0.00%     -   11s
H    0     0                    1056515.0000 1056528.17  0.00%     -   11s
     0     0 1056525.32    0  105 1056515.00 1056525.32  0.00%     -   11s
     0     0 1056525.25    0   94 1056515.00 1056525.25  0.00%     -   11s
     0     0 1056522.63    0   53 1056515.00 1056522.63  0.00%     -   12s
H    0     0                    1056518.0000 1056522.63  0.00%     -   12s
     0     0 1056522.24    0   47 1056518.00 1056522.24  0.00%     -   12s
     0     0 1056522.10    0   45 1056518.00 1056522.10  0.00%     -   12s
     0     0 1056522.09    0   47 1056518.00 1056522.09  0.00%     -   12s
     0     0 1056521.92    0   44 1056518.00 1056521.92  0.00%     -   12s
     0     0 1056521.90    0   37 1056518.00 1056521.90  0.00%     -   13s
     0     0 1056521.90    0   37 1056518.00 1056521.90  0.00%     -   13s
     0     0 1056521.90    0 1394 1056518.00 1056521.90  0.00%     -   15s
H    0     0                    1056519.0000 1056521.90  0.00%     -   16s
     0     0 1056521.90    0  129 1056519.00 1056521.90  0.00%     -   16s
     0     0 1056521.90    0 1287 1056519.00 1056521.90  0.00%     -   17s
     0     0 1056521.90    0  150 1056519.00 1056521.90  0.00%     -   19s
     0     0 1056521.90    0   57 1056519.00 1056521.90  0.00%     -   19s
     0     0 1056521.90    0   52 1056519.00 1056521.90  0.00%     -   19s
     0     0 1056520.87    0   44 1056519.00 1056520.87  0.00%     -   19s
     0     0 1056520.81    0   26 1056519.00 1056520.81  0.00%     -   19s
     0     0 1056520.78    0   28 1056519.00 1056520.78  0.00%     -   19s
     0     0 1056520.78    0  580 1056519.00 1056520.78  0.00%     -   19s
     0     0 1056520.78    0   75 1056519.00 1056520.78  0.00%     -   20s
     0     0 1056520.75    0   17 1056519.00 1056520.75  0.00%     -   20s
     0     0 1056520.73    0   20 1056519.00 1056520.73  0.00%     -   20s
     0     0 1056520.73    0  368 1056519.00 1056520.73  0.00%     -   20s
     0     0 1056520.73    0   50 1056519.00 1056520.73  0.00%     -   20s
     0     0 1056520.73    0   23 1056519.00 1056520.73  0.00%     -   20s
     0     0 1056520.62    0   25 1056519.00 1056520.62  0.00%     -   20s
     0     0 1056520.36    0   30 1056519.00 1056520.36  0.00%     -   20s
     0     0 1056520.35    0   28 1056519.00 1056520.35  0.00%     -   20s
     0     0 1056520.02    0   26 1056519.00 1056520.02  0.00%     -   21s
     0     0 1056520.02    0   26 1056519.00 1056520.02  0.00%     -   21s
     0     0 1056519.91    0   28 1056519.00 1056519.91  0.00%     -   21s
     0     0 1056519.64    0   21 1056519.00 1056519.64  0.00%     -   21s
     0     0 1056519.28    0    7 1056519.00 1056519.28  0.00%     -   21s

Cutting planes:
  Gomory: 123
  Cover: 20
  Clique: 3
  MIR: 175
  StrongCG: 6
  GUB cover: 113
  Zero half: 22
  Mod-K: 1
  RLT: 24

Explored 1 nodes (42017 simplex iterations) in 21.39 seconds (15.46 work units)
Thread count was 8 (of 8 available processors)

Solution count 8: 1.05652e+06 1.05652e+06 1.05652e+06 ... 1.05532e+06

Optimal solution found (tolerance 0.00e+00)
Best objective 1.056519000000e+06, best bound 1.056519000000e+06, gap 0.0000%
