
Gurobi 9.5.1 (linux64) logging started Wed Mar  9 18:05:29 2022

Set parameter LogFile to value "../results/logs/log_2022_03_09_17_57.csv_8_85.log"
Set parameter Method to value 3
Gurobi Optimizer version 9.5.1 build v9.5.1rc2 (linux64)
Thread count: 8 physical cores, 8 logical processors, using up to 8 threads
Optimize a model with 376 rows, 9882 columns and 10225 nonzeros
Model fingerprint: 0xbf0761a6
Variable types: 4941 continuous, 4941 integer (4941 binary)
Coefficient statistics:
  Matrix range     [1e+00, 8e+00]
  Objective range  [1e+00, 1e+00]
  Bounds range     [1e+00, 1e+00]
  RHS range        [1e+00, 8e+01]
Found heuristic solution: objective -0.0000000
Presolve removed 253 rows and 9677 columns
Presolve time: 0.01s
Presolved: 123 rows, 205 columns, 737 nonzeros
Extracted 47 lazy constraints
Variable types: 113 continuous, 92 integer (90 binary)

Root relaxation: objective 7.747328e+01, 33 iterations, 0.00 seconds (0.00 work units)

    Nodes    |    Current Node    |     Objective Bounds      |     Work
 Expl Unexpl |  Obj  Depth IntInf | Incumbent    BestBd   Gap | It/Node Time

     0     0   77.47328    0   22   -0.00000   77.47328      -     -    0s
H    0     0                       6.0000000   77.47328  1191%     -    0s
H    0     0                      10.0000000   77.21546   672%     -    0s
     0     0   44.74780    0   27   10.00000   44.74780   347%     -    0s
     0     0   44.64566    0   27   10.00000   44.64566   346%     -    0s
     0     0   42.39060    0   34   10.00000   42.39060   324%     -    0s
H    0     0                      20.0000000   42.39060   112%     -    0s
     0     0   42.15245    0   27   20.00000   42.15245   111%     -    0s
     0     0   42.15180    0   27   20.00000   42.15180   111%     -    0s
     0     0   41.71802    0   24   20.00000   41.71802   109%     -    0s
     0     0   41.68886    0   25   20.00000   41.68886   108%     -    0s
H    0     0                      40.0000000   41.68886  4.22%     -    0s
     0     0   41.59835    0   19   40.00000   41.59835  4.00%     -    0s
     0     0   41.56154    0   19   40.00000   41.56154  3.90%     -    0s
     0     0   41.47469    0   24   40.00000   41.47469  3.69%     -    0s
     0     0   41.47397    0   22   40.00000   41.47397  3.68%     -    0s
     0     0   41.47397    0   22   40.00000   41.47397  3.68%     -    0s
     0     0   41.47397    0   30   40.00000   41.47397  3.68%     -    0s
     0     0   41.47397    0   17   40.00000   41.47397  3.68%     -    0s
     0     0   41.47397    0   14   40.00000   41.47397  3.68%     -    0s
     0     0   41.42539    0   15   40.00000   41.42539  3.56%     -    0s
     0     0   41.41200    0   19   40.00000   41.41200  3.53%     -    0s
     0     0   41.40952    0   19   40.00000   41.40952  3.52%     -    0s
     0     0   41.36973    0   20   40.00000   41.36973  3.42%     -    0s
     0     0   41.35514    0   20   40.00000   41.35514  3.39%     -    0s
     0     0   41.26175    0   16   40.00000   41.26175  3.15%     -    0s
     0     0   41.25601    0   16   40.00000   41.25601  3.14%     -    0s
     0     0   41.25474    0   16   40.00000   41.25474  3.14%     -    0s
     0     0   41.24549    0   19   40.00000   41.24549  3.11%     -    0s
     0     0   41.14085    0    9   40.00000   41.14085  2.85%     -    0s
     0     0   41.13492    0    8   40.00000   41.13492  2.84%     -    0s
     0     0   41.13492    0    8   40.00000   41.13492  2.84%     -    0s
     0     0   41.13492    0   15   40.00000   41.13492  2.84%     -    0s
     0     0   41.13492    0   11   40.00000   41.13492  2.84%     -    0s
     0     0   41.13492    0    4   40.00000   41.13492  2.84%     -    0s
     0     0   41.06667    0    5   40.00000   41.06667  2.67%     -    0s
     0     0   41.01667    0    6   40.00000   41.01667  2.54%     -    0s
     0     0   41.01282    0    6   40.00000   41.01282  2.53%     -    0s

Cutting planes:
  Gomory: 5
  Implied bound: 1
  MIR: 21
  RLT: 1

Explored 1 nodes (954 simplex iterations) in 0.12 seconds (0.04 work units)
Thread count was 8 (of 8 available processors)

Solution count 5: 40 20 10 ... -0

Optimal solution found (tolerance 1.00e-04)
Best objective 4.000000000000e+01, best bound 4.000000000000e+01, gap 0.0000%
