
Gurobi 9.5.1 (linux64) logging started Tue Jun 28 21:39:45 2022

Set parameter LogFile to value "../results/logs/log_web-baidu-baike.e_3_250_2022_06_28_12_17.log"
Gurobi Optimizer version 9.5.1 build v9.5.1rc2 (linux64)
Thread count: 8 physical cores, 8 logical processors, using up to 8 threads
Optimize a model with 65003 rows, 4280396 columns and 1176195 nonzeros
Model fingerprint: 0xdb634f5e
Variable types: 0 continuous, 4280396 integer (4280396 binary)
Coefficient statistics:
  Matrix range     [1e+00, 3e+00]
  Objective range  [1e+00, 1e+00]
  Bounds range     [1e+00, 1e+00]
  RHS range        [1e+00, 2e+02]
Found heuristic solution: objective 1277646.0000
Presolve removed 51060 rows and 4261417 columns
Presolve time: 2.30s
Presolved: 13943 rows, 18979 columns, 53400 nonzeros
Found heuristic solution: objective 1278146.0000
Variable types: 0 continuous, 18979 integer (17576 binary)

Root relaxation: objective 1.279502e+06, 7769 iterations, 0.06 seconds (0.07 work units)

    Nodes    |    Current Node    |     Objective Bounds      |     Work
 Expl Unexpl |  Obj  Depth IntInf | Incumbent    BestBd   Gap | It/Node Time

     0     0 1279501.65    0 1976 1278146.00 1279501.65  0.11%     -    3s
H    0     0                    1278283.0000 1279501.65  0.10%     -    3s
H    0     0                    1278286.0000 1279501.65  0.10%     -    3s
H    0     0                    1278296.0000 1279501.65  0.09%     -    3s
H    0     0                    1278312.0000 1279501.65  0.09%     -    4s
H    0     0                    1278316.0000 1278599.02  0.02%     -    4s
H    0     0                    1278352.0000 1278599.02  0.02%     -    4s
     0     0 1278599.02    0  380 1278352.00 1278599.02  0.02%     -    4s
H    0     0                    1278436.0000 1278599.02  0.01%     -    4s
H    0     0                    1278439.0000 1278599.02  0.01%     -    4s
H    0     0                    1278501.0000 1278599.02  0.01%     -    4s
H    0     0                    1278528.0000 1278590.07  0.00%     -    4s
H    0     0                    1278540.0000 1278590.07  0.00%     -    4s
     0     0 1278557.01    0  291 1278540.00 1278557.01  0.00%     -    4s
     0     0 1278557.01    0  292 1278540.00 1278557.01  0.00%     -    4s
H    0     0                    1278543.0000 1278557.01  0.00%     -    5s
H    0     0                    1278546.0000 1278557.01  0.00%     -    5s
     0     0 1278552.92    0   20 1278546.00 1278552.92  0.00%     -    5s
H    0     0                    1278549.0000 1278552.92  0.00%     -    5s
     0     0 1278551.00    0   12 1278549.00 1278551.00  0.00%     -    5s
     0     0 1278551.00    0    8 1278549.00 1278551.00  0.00%     -    5s
*    0     0               0    1278551.0000 1278551.00  0.00%     -    6s

Cutting planes:
  Gomory: 74
  Cover: 7
  Implied bound: 82
  MIR: 685
  StrongCG: 25
  GUB cover: 948
  Zero half: 78
  RLT: 27
  Relax-and-lift: 2

Explored 1 nodes (10150 simplex iterations) in 6.36 seconds (4.06 work units)
Thread count was 8 (of 8 available processors)

Solution count 10: 1.27855e+06 1.27855e+06 1.27855e+06 ... 1.27835e+06

Optimal solution found (tolerance 0.00e+00)
Best objective 1.278551000000e+06, best bound 1.278551000000e+06, gap 0.0000%
