
Gurobi 9.5.1 (linux64) logging started Wed Mar  9 17:57:19 2022

Set parameter LogFile to value "../results/logs/log_2022_03_09_17_57.csv_3_0.log"
Set parameter Method to value 3
Gurobi Optimizer version 9.5.1 build v9.5.1rc2 (linux64)
Thread count: 8 physical cores, 8 logical processors, using up to 8 threads
Optimize a model with 5947 rows, 9882 columns and 44842 nonzeros
Model fingerprint: 0x1ffcf601
Variable types: 4941 continuous, 4941 integer (4941 binary)
Coefficient statistics:
  Matrix range     [1e+00, 3e+00]
  Objective range  [1e+00, 1e+00]
  Bounds range     [1e+00, 1e+00]
  RHS range        [1e+00, 1e+00]
Found heuristic solution: objective 231.0000000
Presolve removed 5947 rows and 9882 columns
Presolve time: 0.01s
Presolve: All rows and columns removed

Explored 0 nodes (0 simplex iterations) in 0.01 seconds (0.01 work units)
Thread count was 1 (of 8 available processors)

Solution count 1: 231 

Optimal solution found (tolerance 1.00e-04)
Best objective 2.310000000000e+02, best bound 2.310000000000e+02, gap 0.0000%
