
Gurobi 9.5.0 (win64) logging started Tue Dec  7 12:35:19 2021

Set parameter LogFile to value "../results/logs/log_2021_12_07_12_26.csv_3_95.log"
Set parameter Method to value 3
Gurobi Optimizer version 9.5.0 build v9.5.0rc5 (win64)
Thread count: 6 physical cores, 12 logical processors, using up to 12 threads
Optimize a model with 5947 rows, 9882 columns and 44842 nonzeros
Model fingerprint: 0x53891080
Variable types: 4941 continuous, 4941 integer (4941 binary)
Coefficient statistics:
  Matrix range     [1e+00, 3e+00]
  Objective range  [1e+00, 1e+00]
  Bounds range     [1e+00, 1e+00]
  RHS range        [1e+00, 1e+02]
Found heuristic solution: objective 231.0000000
Presolve removed 2783 rows and 5534 columns
Presolve time: 0.06s
Presolved: 3164 rows, 4348 columns, 16843 nonzeros
Variable types: 2523 continuous, 1825 integer (1795 binary)
Found heuristic solution: objective 285.0000000

Concurrent LP optimizer: primal simplex, dual simplex, and barrier
Showing barrier log only...

Root barrier log...

Ordering time: 0.00s

Barrier statistics:
 AA' NZ     : 1.451e+04
 Factor NZ  : 4.269e+04 (roughly 3 MB of memory)
 Factor Ops : 6.627e+05 (less than 1 second per iteration)
 Threads    : 1

                  Objective                Residual
Iter       Primal          Dual         Primal    Dual     Compl     Time
   0   1.36721630e+04  1.26880403e+04  5.17e+03 9.44e-01  4.21e+01     0s
   1   6.12398324e+03  1.97657437e+04  2.18e+03 9.77e-15  1.76e+01     0s
   2   1.25210034e+03  1.37313860e+04  1.36e+02 6.22e-15  1.92e+00     0s
   3   1.01135229e+03  3.27318366e+03  1.74e+01 7.11e-15  2.66e-01     0s
   4   1.11675857e+03  1.72696428e+03  2.47e+00 7.83e-15  5.84e-02     0s
   5   1.18774656e+03  1.47008975e+03  9.38e-01 4.65e-15  2.59e-02     0s
   6   1.23098448e+03  1.34708821e+03  3.43e-01 3.03e-15  1.04e-02     0s
   7   1.26994379e+03  1.29602930e+03  1.48e-02 2.25e-15  2.24e-03     0s
   8   1.27567066e+03  1.28507920e+03  4.64e-03 1.99e-15  8.08e-04     0s
   9   1.27788099e+03  1.28119005e+03  1.34e-03 2.11e-15  2.84e-04     0s
  10   1.27865153e+03  1.27929236e+03  2.82e-04 2.82e-15  5.50e-05     0s
  11   1.27886147e+03  1.27888043e+03  5.85e-06 2.30e-15  1.62e-06     0s
  12   1.27887200e+03  1.27887203e+03  0.00e+00 2.45e-15  2.38e-09     0s
  13   1.27887201e+03  1.27887201e+03  4.08e-11 1.85e-15  2.38e-12     0s

Barrier solved model in 13 iterations and 0.14 seconds (0.08 work units)
Optimal objective 1.27887201e+03


Solved with barrier

Root relaxation: objective 1.278872e+03, 536 iterations, 0.08 seconds (0.04 work units)

    Nodes    |    Current Node    |     Objective Bounds      |     Work
 Expl Unexpl |  Obj  Depth IntInf | Incumbent    BestBd   Gap | It/Node Time

     0     0 1278.87201    0 1162  285.00000 1278.87201   349%     -    0s
H    0     0                     301.0000000 1278.87201   325%     -    0s
     0     0  889.90084    0  771  301.00000  889.90084   196%     -    0s
     0     0  860.30306    0  718  301.00000  860.30306   186%     -    0s
     0     0  858.46036    0  719  301.00000  858.46036   185%     -    0s
     0     0  858.29815    0  710  301.00000  858.29815   185%     -    0s
H    0     0                     307.0000000  858.29815   180%     -    0s
H    0     0                     316.0000000  763.24210   142%     -    0s
H    0     0                     323.0000000  763.24210   136%     -    0s
     0     0  763.24210    0  639  323.00000  763.24210   136%     -    0s
     0     0  753.27202    0  600  323.00000  753.27202   133%     -    0s
H    0     0                     329.0000000  750.81729   128%     -    0s
     0     0  750.81729    0  571  329.00000  750.81729   128%     -    0s
     0     0  750.62010    0  567  329.00000  750.62010   128%     -    0s
H    0     0                     331.0000000  750.62010   127%     -    0s
     0     0  719.26040    0  528  331.00000  719.26040   117%     -    1s
     0     0  711.23783    0  526  331.00000  711.23783   115%     -    1s
     0     0  709.80693    0  516  331.00000  709.80693   114%     -    1s
     0     0  709.45794    0  548  331.00000  709.45794   114%     -    1s
H    0     0                     366.0000000  709.45794  93.8%     -    1s
     0     0  699.46888    0  426  366.00000  699.46888  91.1%     -    1s
     0     0  696.73508    0  479  366.00000  696.73508  90.4%     -    1s
     0     0  696.00010    0  530  366.00000  696.00010  90.2%     -    1s
     0     0  691.21193    0  372  366.00000  691.21193  88.9%     -    1s
     0     0  690.29317    0  414  366.00000  690.29317  88.6%     -    1s
     0     0  690.00051    0  392  366.00000  690.00051  88.5%     -    1s
     0     0  688.24783    0  466  366.00000  688.24783  88.0%     -    1s
     0     0  688.24783    0  462  366.00000  688.24783  88.0%     -    2s
H    0     0                     368.0000000  688.24783  87.0%     -    2s
     0     2  688.24783    0  462  368.00000  688.24783  87.0%     -    2s
H   33    38                     369.0000000  687.17584  86.2%   129    2s
H   34    38                     372.0000000  687.17584  84.7%   130    2s
H   35    38                     398.0000000  687.17584  72.7%   128    2s
H   68    75                     404.0000000  686.99735  70.0%   103    2s
H   71    75                     427.0000000  686.99735  60.9%   100    2s
H  140   147                     441.0000000  686.99735  55.8%  81.7    3s
H  144   147                     465.0000000  686.99735  47.7%  80.4    3s
H  277   292                     486.0000000  686.99735  41.4%  69.0    4s
H  451   458                     497.0000000  686.99735  38.2%  61.0    4s
H  452   458                     501.0000000  686.99735  37.1%  61.0    4s
H  454   458                     541.0000007  686.99735  27.0%  61.2    4s
   526   567  675.06617   59  193  541.00000  686.99735  27.0%  58.1    5s
H 1345  1353                     563.9999997  686.99735  21.8%  45.4    6s
H 1347  1353                     571.9999995  686.99735  20.1%  45.3    6s
H 2189  2069                     642.0000000  686.99735  7.01%  41.3    8s
H 2443  1822                     654.0000000  686.84400  5.02%  41.0   10s
H 2485  1756                     655.0000000  669.96343  2.28%  40.3   14s
  2488  1758  655.85120  152  267  655.00000  669.70520  2.25%  40.3   15s
H 2495  1674                     660.0000000  669.11106  1.38%  40.2   15s
H 2512  1600                     661.0000000  668.65375  1.16%  39.9   18s
  2533  1616  665.02843  117  214  661.00000  668.63267  1.15%  45.6   20s
H 2591  1574                     663.0000000  667.70963  0.71%  48.4   24s
  2658  1591  667.32499   34   92  663.00000  667.70963  0.71%  47.8   25s
H 2745  1509                     664.0000000  667.70963  0.56%  46.9   25s
H 2799  1420                     665.0000000  667.70963  0.41%  46.2   25s
H 2881  1298                     666.0000000  667.70963  0.26%  45.3   26s

Cutting planes:
  Gomory: 176
  Lift-and-project: 83
  Implied bound: 17
  MIR: 951
  Flow cover: 772
  RLT: 92
  Relax-and-lift: 47

Explored 2992 nodes (140790 simplex iterations) in 26.29 seconds (17.10 work units)
Thread count was 12 (of 12 available processors)

Solution count 10: 666 665 664 ... 572

Optimal solution found (tolerance 1.00e-04)
Best objective 6.660000000000e+02, best bound 6.660000000000e+02, gap 0.0000%
