
Gurobi 9.5.0 (win64) logging started Tue Dec  7 12:37:35 2021

Set parameter LogFile to value "../results/logs/log_2021_12_07_12_26.csv_4_70.log"
Set parameter Method to value 3
Gurobi Optimizer version 9.5.0 build v9.5.0rc5 (win64)
Thread count: 6 physical cores, 12 logical processors, using up to 12 threads
Optimize a model with 2962 rows, 9882 columns and 30211 nonzeros
Model fingerprint: 0x8a2e8990
Variable types: 4941 continuous, 4941 integer (4941 binary)
Coefficient statistics:
  Matrix range     [1e+00, 4e+00]
  Objective range  [1e+00, 1e+00]
  Bounds range     [1e+00, 1e+00]
  RHS range        [1e+00, 7e+01]
Found heuristic solution: objective 36.0000000
Presolve removed 1475 rows and 7622 columns
Presolve time: 0.03s
Presolved: 1487 rows, 2260 columns, 8333 nonzeros
Variable types: 1293 continuous, 967 integer (941 binary)
Found heuristic solution: objective 56.0000000

Concurrent LP optimizer: primal simplex, dual simplex, and barrier
Showing barrier log only...

Root barrier log...

Ordering time: 0.00s

Barrier statistics:
 AA' NZ     : 6.354e+03
 Factor NZ  : 1.841e+04 (roughly 2 MB of memory)
 Factor Ops : 2.649e+05 (less than 1 second per iteration)
 Threads    : 1

                  Objective                Residual
Iter       Primal          Dual         Primal    Dual     Compl     Time
   0   7.06512532e+03  9.45232851e+03  3.17e+03 7.75e-01  4.37e+01     0s
   1   2.90104403e+03  1.07874479e+04  1.27e+03 7.11e-15  1.73e+01     0s
   2   4.26581176e+02  6.68286831e+03  5.65e+01 6.66e-15  1.66e+00     0s
   3   2.68899871e+02  1.18709206e+03  4.97e+00 6.66e-15  1.94e-01     0s
   4   2.88286294e+02  5.22877743e+02  4.82e-01 5.33e-15  4.20e-02     0s
   5   3.08246862e+02  4.39864825e+02  2.20e-01 3.59e-15  2.32e-02     0s
   6   3.22918526e+02  3.91837514e+02  9.41e-02 3.14e-15  1.20e-02     0s
   7   3.27646462e+02  3.66460845e+02  6.69e-02 2.13e-15  6.79e-03     0s
   8   3.35096396e+02  3.55947918e+02  3.10e-02 2.31e-15  3.63e-03     0s
   9   3.38341920e+02  3.49507535e+02  1.85e-02 2.06e-15  1.95e-03     0s
  10   3.40850603e+02  3.48069675e+02  9.34e-03 1.65e-15  1.25e-03     0s
  11   3.42441024e+02  3.45936063e+02  3.77e-03 1.26e-15  6.05e-04     0s
  12   3.42733621e+02  3.45078609e+02  2.87e-03 1.38e-15  4.07e-04     0s
  13   3.43368119e+02  3.44417799e+02  7.94e-04 1.40e-15  1.81e-04     0s

Barrier performed 13 iterations in 0.08 seconds (0.04 work units)
Barrier solve interrupted - model solved by another algorithm


Solved with primal simplex

Root relaxation: objective 3.436869e+02, 1480 iterations, 0.03 seconds (0.02 work units)

    Nodes    |    Current Node    |     Objective Bounds      |     Work
 Expl Unexpl |  Obj  Depth IntInf | Incumbent    BestBd   Gap | It/Node Time

     0     0  343.68690    0  607   56.00000  343.68690   514%     -    0s
H    0     0                      94.0000000  343.68690   266%     -    0s
H    0     0                      96.0000000  343.68690   258%     -    0s
H    0     0                     107.0000000  343.68690   221%     -    0s
     0     0  217.73863    0  320  107.00000  217.73863   103%     -    0s
     0     0  211.02654    0  310  107.00000  211.02654  97.2%     -    0s
     0     0  210.38503    0  307  107.00000  210.38503  96.6%     -    0s
     0     0  210.09026    0  309  107.00000  210.09026  96.3%     -    0s
     0     0  210.08763    0  309  107.00000  210.08763  96.3%     -    0s
H    0     0                     110.0000000  210.08763  91.0%     -    0s
     0     0  191.70615    0  255  110.00000  191.70615  74.3%     -    0s
H    0     0                     113.0000000  189.12239  67.4%     -    0s
H    0     0                     115.0000000  189.12239  64.5%     -    0s
     0     0  189.12239    0  280  115.00000  189.12239  64.5%     -    0s
H    0     0                     117.0000000  188.41357  61.0%     -    0s
     0     0  188.41357    0  260  117.00000  188.41357  61.0%     -    0s
     0     0  188.30794    0  250  117.00000  188.30794  60.9%     -    0s
     0     0  183.83280    0  239  117.00000  183.83280  57.1%     -    0s
H    0     0                     120.0000000  182.98747  52.5%     -    0s
     0     0  182.98747    0  248  120.00000  182.98747  52.5%     -    0s
     0     0  182.76455    0  252  120.00000  182.76455  52.3%     -    0s
     0     0  182.67939    0  262  120.00000  182.67939  52.2%     -    0s
     0     0  180.94372    0  166  120.00000  180.94372  50.8%     -    0s
     0     0  180.64060    0  169  120.00000  180.64060  50.5%     -    0s
     0     0  180.49330    0  164  120.00000  180.49330  50.4%     -    0s
     0     0  179.46490    0  159  120.00000  179.46490  49.6%     -    1s
     0     0  179.46490    0  158  120.00000  179.46490  49.6%     -    1s
     0     2  179.46490    0  158  120.00000  179.46490  49.6%     -    1s
H   32    39                     121.0000000  178.15930  47.2%  73.1    1s
H  106   108                     122.0000000  178.15930  46.0%  52.5    1s
H  189   199                     124.0000000  178.15930  43.7%  47.6    2s
H  191   199                     129.0000000  178.15930  38.1%  47.6    2s
H  349   371                     138.0000000  178.15930  29.1%  41.0    2s
H  429   444                     164.0000000  178.15930  8.63%  38.5    2s
H  463   446                     168.0000000  178.15930  6.05%  39.2    2s
*  785   582             113     169.0000000  177.51840  5.04%  38.8    2s
* 1178   700             132     170.0000000  177.14222  4.20%  38.9    3s
H 1270   554                     171.0000000  176.93101  3.47%  38.9    3s
  1287   566  175.34095    5  121  171.00000  175.80459  2.81%  38.3    5s
  1394   642  172.48211   40   50  171.00000  172.60958  0.94%  46.9   10s
* 1455   645              89     172.0000000  172.43057  0.25%  48.5   11s

Cutting planes:
  Gomory: 36
  Lift-and-project: 24
  Cover: 3
  MIR: 69
  Flow cover: 150
  RLT: 8
  Relax-and-lift: 2

Explored 1456 nodes (75655 simplex iterations) in 11.64 seconds (7.03 work units)
Thread count was 12 (of 12 available processors)

Solution count 10: 172 171 170 ... 124

Optimal solution found (tolerance 1.00e-04)
Best objective 1.720000000000e+02, best bound 1.720000000000e+02, gap 0.0000%
