
Gurobi 9.5.1 (linux64) logging started Tue Apr 19 06:27:38 2022

Set parameter LogFile to value "../results/logs/log_web-Google_4_250_2022_04_18_23_56.log"
Gurobi Optimizer version 9.5.1 build v9.5.1rc2 (linux64)
Thread count: 8 physical cores, 8 logical processors, using up to 8 threads
Optimize a model with 93783 rows, 1751426 columns and 1188633 nonzeros
Model fingerprint: 0x3955d6cc
Variable types: 0 continuous, 1751426 integer (1751426 binary)
Coefficient statistics:
  Matrix range     [1e+00, 4e+00]
  Objective range  [1e+00, 1e+00]
  Bounds range     [1e+00, 1e+00]
  RHS range        [1e+00, 2e+02]
Found heuristic solution: objective 492655.00000
Presolve removed 37142 rows and 1665232 columns
Presolve time: 2.68s
Presolved: 56641 rows, 86194 columns, 288850 nonzeros
Found heuristic solution: objective 493038.00000
Variable types: 0 continuous, 86194 integer (70750 binary)

Deterministic concurrent LP optimizer: primal and dual simplex
Showing first log only...

Extra simplex iterations after uncrush: 3

Use crossover to convert LP symmetric solution to basic solution...
Extra simplex iterations after uncrush: 70
Concurrent spin time: 0.11s

Solved with primal simplex

Root relaxation: objective 5.027922e+05, 29059 iterations, 1.34 seconds (1.63 work units)

    Nodes    |    Current Node    |     Objective Bounds      |     Work
 Expl Unexpl |  Obj  Depth IntInf | Incumbent    BestBd   Gap | It/Node Time

     0     0 502792.192    0 13424 493038.000 502792.192  1.98%     -    7s
H    0     0                    493048.00000 502792.192  1.98%     -    8s
H    0     0                    493580.00000 502792.192  1.87%     -    9s
     0     0 498801.025    0 10298 493580.000 498801.025  1.06%     -   13s
H    0     0                    493862.00000 498801.025  1.00%     -   14s
     0     0 496414.038    0 6659 493862.000 496414.038  0.52%     -   19s
     0     0 495644.906    0 4643 493862.000 495644.906  0.36%     -   23s
     0     0 495536.781    0 4484 493862.000 495536.781  0.34%     -   25s
     0     0 495519.632    0 4424 493862.000 495519.632  0.34%     -   25s
     0     0 495519.259    0 4454 493862.000 495519.259  0.34%     -   25s
     0     0 495037.503    0 2883 493862.000 495037.503  0.24%     -   27s
H    0     0                    493863.00000 495037.503  0.24%     -   28s
     0     0 494951.532    0 2385 493863.000 494951.532  0.22%     -   28s
     0     0 494938.614    0 2345 493863.000 494938.614  0.22%     -   29s
     0     0 494936.772    0 2354 493863.000 494936.772  0.22%     -   29s
     0     0 494820.289    0 2066 493863.000 494820.289  0.19%     -   30s
H    0     0                    494439.00000 494820.289  0.08%     -   31s
H    0     0                    494495.00000 494820.289  0.07%     -   32s
     0     0 494797.844    0 1966 494495.000 494797.844  0.06%     -   32s
     0     0 494795.147    0 1912 494495.000 494795.147  0.06%     -   32s
     0     0 494706.087    0 1337 494495.000 494706.087  0.04%     -   35s
H    0     0                    494523.00000 494706.087  0.04%     -   35s
     0     0 494684.556    0 1269 494523.000 494684.556  0.03%     -   36s
     0     0 494681.565    0 1227 494523.000 494681.565  0.03%     -   36s
     0     0 494658.547    0 1012 494523.000 494658.547  0.03%     -   37s
H    0     0                    494549.00000 494658.547  0.02%     -   38s
     0     0 494656.509    0 1014 494549.000 494656.509  0.02%     -   38s
     0     0 494649.923    0  996 494549.000 494649.923  0.02%     -   39s
     0     0 494649.923    0  929 494549.000 494649.923  0.02%     -   61s
H    0     0                    494550.00000 494648.923  0.02%     -   69s
     0     2 494648.923    0  922 494550.000 494648.923  0.02%     -   71s
     7    16 494645.620    3  927 494550.000 494646.516  0.02%   273   86s
    23    32 494643.989    5  898 494550.000 494645.571  0.02%   263   91s
    47    61 494642.170    8  918 494550.000 494645.571  0.02%   150   95s
H   85   100                    494551.00000 494645.571  0.02%  94.7  100s
    99   180 494638.694   12  915 494551.000 494645.571  0.02%  87.1  109s
H  107   180                    494555.00000 494645.571  0.02%  82.7  109s
H  130   180                    494556.00000 494645.571  0.02%  75.7  109s
H  160   180                    494557.00000 494645.571  0.02%  70.2  109s
   179   389 494631.215   21  863 494557.000 494645.571  0.02%  69.9  132s
   388  1376 494624.649   39  793 494557.000 494645.571  0.02%  53.0  173s
H 1434  1804                    494565.00000 494645.571  0.02%  32.2  196s
H 1707  1783                    494566.00000 494645.571  0.02%  34.5  196s
H 1761  1749                    494567.00000 494645.571  0.02%  35.6  196s
  1995  2211 494578.363  151  350 494567.000 494643.156  0.02%  34.6  218s
  2603  2211 494610.358   64  929 494567.000 494641.151  0.01%  36.3  234s
  2605  2212 494587.767  127 13019 494567.000 494641.151  0.01%  36.3  241s
  2606  2213 494625.574   19 9701 494567.000 494641.151  0.01%  36.3  248s
  2607  2214 494619.195   15 6056 494567.000 494641.151  0.01%  36.3  254s
  2608  2214 494606.802   73 3532 494567.000 494641.151  0.01%  36.3  258s
  2610  2216 494586.627   89 1204 494567.000 494641.151  0.01%  36.2  260s
H 2617  2108                    494569.00000 494622.097  0.01%  36.1  265s
  2623  2112 494571.518  124  348 494569.000 494601.885  0.01%  36.1  270s
H 2627  2009                    494575.00000 494590.992  0.00%  36.0  273s
  2629  2010 494584.453  117  239 494575.000 494589.050  0.00%  36.0  275s
H 2633  1912                    494577.00000 494585.119  0.00%  35.9  279s
  2634  1913 494585.119   30  146 494577.000 494585.119  0.00%  35.9  280s
  2641  1919 494581.459   68  929 494577.000 494581.459  0.00%  62.3  285s
  2643  1920 494581.459   58 7413 494577.000 494581.459  0.00%  62.3  290s
  2656  1929 494577.000  166  213 494577.000 494581.459  0.00%  62.0  295s
  2668  1938 494580.618  116 4924 494577.000 494580.618  0.00%  75.1  300s
  2669  1939 494580.618   84 3504 494577.000 494580.618  0.00%  75.1  306s
  2678  1945 494580.618   42   97 494577.000 494580.618  0.00%  74.8  312s
  2687  1952 494579.689  105 2866 494577.000 494579.689  0.00%  83.3  315s
H 2697  1860                    494579.00000 494579.689  0.00%  83.0  316s

Cutting planes:
  Gomory: 217
  Lift-and-project: 12
  Cover: 128
  Implied bound: 25
  Projected implied bound: 1
  Clique: 41
  MIR: 645
  StrongCG: 27
  Flow cover: 466
  GUB cover: 1383
  Zero half: 218
  RLT: 141
  Relax-and-lift: 24
  BQP: 1
  PSD: 2

Explored 2700 nodes (290909 simplex iterations) in 317.03 seconds (286.75 work units)
Thread count was 8 (of 8 available processors)

Solution count 10: 494579 494577 494577 ... 494569

Optimal solution found (tolerance 0.00e+00)
Best objective 4.945790000000e+05, best bound 4.945790000000e+05, gap 0.0000%
