
Gurobi 9.0.1 (win64) logging started 11/11/21 13:36:09

Changed value of parameter LogFile to ../results/logs/log_samuel_kroger_2021_11_11_13_36_08.csv_100_5.log
   Prev:   Default: 
Changed value of parameter method to 3
   Prev: -1  Min: -1  Max: 5  Default: -1
Gurobi Optimizer version 9.0.1 build v9.0.1rc0 (win64)
Optimize a model with 983 rows, 8078 columns and 155644 nonzeros
Model fingerprint: 0x6b0ae2a5
Variable types: 4039 continuous, 4039 integer (4039 binary)
Coefficient statistics:
  Matrix range     [1e+00, 1e+02]
  Objective range  [1e+00, 1e+00]
  Bounds range     [1e+00, 1e+00]
  RHS range        [1e+00, 5e+00]
Found heuristic solution: objective -0.0000000
Presolve removed 438 rows and 7251 columns
Presolve time: 0.22s
Presolved: 545 rows, 827 columns, 80885 nonzeros
Variable types: 555 continuous, 272 integer (272 binary)

Concurrent LP optimizer: dual simplex and barrier
Showing barrier log only...

Root barrier log...

Ordering time: 0.00s

Barrier performed 0 iterations in 0.27 seconds
Barrier solve interrupted - model solved by another algorithm


Solved with dual simplex

Root relaxation: objective 2.023049e+02, 167 iterations, 0.03 seconds

    Nodes    |    Current Node    |     Objective Bounds      |     Work
 Expl Unexpl |  Obj  Depth IntInf | Incumbent    BestBd   Gap | It/Node Time

     0     0  202.30491    0   87   -0.00000  202.30491      -     -    0s
H    0     0                     186.0000000  202.30491  8.77%     -    0s
H    0     0                     187.0000000  202.30491  8.18%     -    0s
     0     0  188.39167    0    2  187.00000  188.39167  0.74%     -    0s
H    0     0                     188.0000000  188.39167  0.21%     -    0s
     0     0  188.39167    0    2  188.00000  188.39167  0.21%     -    0s

Cutting planes:
  Gomory: 1
  MIR: 3

Explored 1 nodes (298 simplex iterations) in 0.45 seconds
Thread count was 8 (of 8 available processors)

Solution count 4: 188 187 186 -0 

Optimal solution found (tolerance 1.00e-04)
Best objective 1.880000000000e+02, best bound 1.880000000000e+02, gap 0.0000%
