
Gurobi 9.5.1 (linux64) logging started Mon Jul  4 19:31:48 2022

Set parameter LogFile to value "../results/logs/log_soc-dogster.e_12_250_2022_07_04_17_11.log"
Gurobi Optimizer version 9.5.1 build v9.5.1rc2 (linux64)
Thread count: 8 physical cores, 8 logical processors, using up to 8 threads
Optimize a model with 26708 rows, 853632 columns and 493203 nonzeros
Model fingerprint: 0xb40de1cd
Variable types: 0 continuous, 853632 integer (853632 binary)
Coefficient statistics:
  Matrix range     [1e+00, 1e+01]
  Objective range  [1e+00, 1e+00]
  Bounds range     [1e+00, 1e+00]
  RHS range        [1e+00, 2e+02]
Found heuristic solution: objective 214490.00000
Presolve removed 16321 rows and 840788 columns
Presolve time: 0.83s
Presolved: 10387 rows, 12844 columns, 37944 nonzeros
Found heuristic solution: objective 215027.00000
Variable types: 0 continuous, 12844 integer (11732 binary)

Root relaxation: objective 2.156422e+05, 6548 iterations, 0.24 seconds (0.34 work units)

    Nodes    |    Current Node    |     Objective Bounds      |     Work
 Expl Unexpl |  Obj  Depth IntInf | Incumbent    BestBd   Gap | It/Node Time

     0     0 215642.181    0 1002 215027.000 215642.181  0.29%     -    1s
H    0     0                    215106.00000 215642.181  0.25%     -    1s
H    0     0                    215233.00000 215642.181  0.19%     -    1s
H    0     0                    215300.00000 215638.238  0.16%     -    1s
     0     0 215355.999    0  314 215300.000 215355.999  0.03%     -    1s
H    0     0                    215317.00000 215355.999  0.02%     -    1s
H    0     0                    215336.00000 215355.999  0.01%     -    2s
     0     0 215355.999    0  301 215336.000 215355.999  0.01%     -    2s
     0     0 215355.999    0  296 215336.000 215355.999  0.01%     -    2s
     0     0 215354.138    0  138 215336.000 215354.138  0.01%     -    2s
     0     0 215351.997    0  177 215336.000 215351.997  0.01%     -    2s
     0     0 215351.761    0  159 215336.000 215351.761  0.01%     -    2s
     0     0 215351.659    0  147 215336.000 215351.659  0.01%     -    2s
     0     0 215351.585    0  157 215336.000 215351.585  0.01%     -    2s
     0     0 215346.441    0  100 215336.000 215346.441  0.00%     -    2s
     0     0 215344.782    0   88 215336.000 215344.782  0.00%     -    2s
     0     0 215344.658    0   90 215336.000 215344.658  0.00%     -    2s
     0     0 215344.567    0   93 215336.000 215344.567  0.00%     -    2s
     0     0 215344.206    0   43 215336.000 215344.206  0.00%     -    3s
     0     0 215344.004    0   33 215336.000 215344.004  0.00%     -    3s
     0     0 215343.980    0   32 215336.000 215343.980  0.00%     -    3s
     0     0 215343.696    0   39 215336.000 215343.696  0.00%     -    3s
H    0     0                    215337.00000 215343.696  0.00%     -    3s
H    0     0                    215340.00000 215343.696  0.00%     -    3s
     0     0 215343.636    0   31 215340.000 215343.636  0.00%     -    3s
     0     0 215343.375    0   31 215340.000 215343.375  0.00%     -    3s
     0     0 215343.361    0   33 215340.000 215343.361  0.00%     -    3s
     0     0 215343.278    0   27 215340.000 215343.278  0.00%     -    3s
     0     0 215343.251    0   35 215340.000 215343.251  0.00%     -    3s
     0     0 215343.227    0   45 215340.000 215343.227  0.00%     -    3s
     0     0 215343.227    0   33 215340.000 215343.227  0.00%     -    4s
     0     0 215343.227    0  893 215340.000 215343.227  0.00%     -    4s
H    0     0                    215341.00000 215343.227  0.00%     -    4s
     0     0 215343.227    0  177 215341.000 215343.227  0.00%     -    4s
     0     0 215343.227    0   84 215341.000 215343.227  0.00%     -    4s
     0     0 215343.227    0   44 215341.000 215343.227  0.00%     -    4s
     0     0 215343.227    0   40 215341.000 215343.227  0.00%     -    4s
     0     0 215343.227    0   35 215341.000 215343.227  0.00%     -    4s
     0     0 215343.227    0   19 215341.000 215343.227  0.00%     -    4s
     0     0 215343.227    0  522 215341.000 215343.227  0.00%     -    4s
     0     0 215343.227    0  147 215341.000 215343.227  0.00%     -    4s
     0     0 215343.227    0   58 215341.000 215343.227  0.00%     -    4s
     0     0 215343.227    0   38 215341.000 215343.227  0.00%     -    4s
     0     0 215343.188    0   22 215341.000 215343.188  0.00%     -    4s
     0     0 215343.125    0   10 215341.000 215343.125  0.00%     -    4s
     0     0 215343.000    0    6 215341.000 215343.000  0.00%     -    5s
*    0     0               0    215343.00000 215343.000  0.00%     -    5s

Cutting planes:
  Gomory: 100
  Lift-and-project: 5
  Cover: 11
  Implied bound: 22
  Clique: 2
  MIR: 228
  StrongCG: 18
  GUB cover: 96
  Zero half: 54
  RLT: 51
  Relax-and-lift: 6

Explored 1 nodes (15035 simplex iterations) in 5.06 seconds (3.46 work units)
Thread count was 8 (of 8 available processors)

Solution count 10: 215343 215341 215340 ... 215300

Optimal solution found (tolerance 0.00e+00)
Best objective 2.153429999999e+05, best bound 2.153429999999e+05, gap 0.0000%
