
Gurobi 9.5.0 (win64) logging started Tue Dec  7 12:28:32 2021

Set parameter LogFile to value "../results/logs/log_2021_12_07_12_26.csv_3_25.log"
Set parameter Method to value 3
Gurobi Optimizer version 9.5.0 build v9.5.0rc5 (win64)
Thread count: 6 physical cores, 12 logical processors, using up to 12 threads
Optimize a model with 5947 rows, 9882 columns and 44842 nonzeros
Model fingerprint: 0xd5392827
Variable types: 4941 continuous, 4941 integer (4941 binary)
Coefficient statistics:
  Matrix range     [1e+00, 3e+00]
  Objective range  [1e+00, 1e+00]
  Bounds range     [1e+00, 1e+00]
  RHS range        [1e+00, 3e+01]
Found heuristic solution: objective 231.0000000
Presolve removed 2783 rows and 5534 columns
Presolve time: 0.06s
Presolved: 3164 rows, 4348 columns, 16843 nonzeros
Variable types: 2523 continuous, 1825 integer (1795 binary)
Found heuristic solution: objective 254.0000000

Concurrent LP optimizer: primal simplex, dual simplex, and barrier
Showing barrier log only...

Root barrier log...

Ordering time: 0.00s

Barrier statistics:
 AA' NZ     : 1.451e+04
 Factor NZ  : 4.269e+04 (roughly 3 MB of memory)
 Factor Ops : 6.627e+05 (less than 1 second per iteration)
 Threads    : 1

                  Objective                Residual
Iter       Primal          Dual         Primal    Dual     Compl     Time
   0   7.78360951e+03  6.33288690e+03  5.55e+03 1.00e+00  1.16e+01     0s
   1   2.02370149e+03  8.93823121e+03  8.96e+02 4.00e-15  2.21e+00     0s
   2   1.20409255e+03  4.26413748e+03  1.33e+02 3.55e-15  4.43e-01     0s
   3   1.15546870e+03  1.70950764e+03  3.40e+01 4.00e-15  9.16e-02     0s
   4   1.11371454e+03  1.29517861e+03  6.80e+00 4.64e-15  2.49e-02     0s
   5   1.10885858e+03  1.17369481e+03  2.08e+00 3.71e-15  8.40e-03     0s
   6   1.10784851e+03  1.12249256e+03  2.78e-01 6.19e-15  1.62e-03     0s
   7   1.10876711e+03  1.11173770e+03  2.57e-02 4.75e-15  2.87e-04     0s
   8   1.10897546e+03  1.10928665e+03  4.92e-03 6.12e-15  3.31e-05     0s
   9   1.10906366e+03  1.10909443e+03  1.83e-04 5.46e-15  2.86e-06     0s
  10   1.10906826e+03  1.10906835e+03  1.04e-08 4.84e-15  7.50e-09     0s
  11   1.10906831e+03  1.10906831e+03  0.00e+00 5.17e-15  7.50e-12     0s

Barrier solved model in 11 iterations and 0.13 seconds (0.07 work units)
Optimal objective 1.10906831e+03


Solved with primal simplex

Root relaxation: objective 1.109068e+03, 2718 iterations, 0.06 seconds (0.04 work units)

    Nodes    |    Current Node    |     Objective Bounds      |     Work
 Expl Unexpl |  Obj  Depth IntInf | Incumbent    BestBd   Gap | It/Node Time

     0     0 1109.06831    0 1235  254.00000 1109.06831   337%     -    0s
H    0     0                     256.0000000 1109.06831   333%     -    0s
H    0     0                     259.0000000  608.29326   135%     -    0s
     0     0  608.29326    0  632  259.00000  608.29326   135%     -    0s
     0     0  579.71372    0  518  259.00000  579.71372   124%     -    0s
     0     0  577.53385    0  492  259.00000  577.53385   123%     -    0s
H    0     0                     261.0000000  577.39042   121%     -    0s
     0     0  577.39042    0  501  261.00000  577.39042   121%     -    0s
     0     0  508.85392    0  463  261.00000  508.85392  95.0%     -    0s
     0     0  499.64857    0  438  261.00000  499.64857  91.4%     -    0s
     0     0  498.71664    0  486  261.00000  498.71664  91.1%     -    0s
     0     0  498.52729    0  477  261.00000  498.52729  91.0%     -    0s
     0     0  471.61790    0  388  261.00000  471.61790  80.7%     -    0s
H    0     0                     262.0000000  466.44341  78.0%     -    1s
H    0     0                     264.0000000  466.44341  76.7%     -    1s
H    0     0                     265.0000000  466.44341  76.0%     -    1s
     0     0  466.44341    0  398  265.00000  466.44341  76.0%     -    1s
     0     0  465.32816    0  411  265.00000  465.32816  75.6%     -    1s
     0     0  465.21576    0  405  265.00000  465.21576  75.6%     -    1s
H    0     0                     266.0000000  465.21576  74.9%     -    1s
H    0     0                     268.0000000  454.70292  69.7%     -    1s
H    0     0                     279.0000000  454.70292  63.0%     -    1s
     0     0  454.70292    0  358  279.00000  454.70292  63.0%     -    1s
     0     0  450.85796    0  320  279.00000  450.85796  61.6%     -    1s
     0     0  450.45159    0  321  279.00000  450.45159  61.5%     -    1s
     0     0  445.01725    0  409  279.00000  445.01725  59.5%     -    1s
     0     0  443.58900    0  350  279.00000  443.58900  59.0%     -    1s
     0     0  443.24128    0  364  279.00000  443.24128  58.9%     -    1s
     0     0  440.95204    0  454  279.00000  440.95204  58.0%     -    1s
     0     0  440.95204    0  452  279.00000  440.95204  58.0%     -    2s
     0     2  440.95204    0  451  279.00000  440.95204  58.0%     -    2s
H   35    38                     286.0000000  438.51046  53.3%  75.5    2s
H  109   116                     287.0000000  438.51046  52.8%  55.1    3s
H  141   148                     289.0000000  438.51046  51.7%  53.1    3s
H  145   148                     290.0000000  438.51046  51.2%  53.4    3s
H  600   618                     292.0000000  438.51046  50.2%  50.3    5s
H  607   618                     297.0000000  438.51046  47.6%  50.0    5s
H  616   618                     299.0000000  438.51046  46.7%  49.7    5s
H 1250  1162                     326.0000000  438.07628  34.4%  44.7    7s
H 1252  1105                     328.0000000  438.07628  33.6%  44.6    8s
  1272  1118  421.30309   42  344  328.00000  423.32014  29.1%  43.9   10s
H 1291  1074                     330.0000000  412.86695  25.1%  43.3   12s
H 1295  1021                     331.0000000  411.42101  24.3%  43.2   12s
  1313  1033  409.23995   27  272  331.00000  409.23995  23.6%  42.6   15s
H 1350  1004                     339.0000000  406.97300  20.1%  41.4   19s
H 1351   953                     340.0000000  406.77304  19.6%  41.4   19s
  1362   960  406.42362   34  273  340.00000  406.42362  19.5%  41.0   20s
H 1362   910                     341.0000000  406.42362  19.2%  41.0   20s
H 1366   866                     342.0000000  406.36040  18.8%  40.9   20s
H 1368   821                     345.0000000  406.34883  17.8%  40.8   20s
  1400   844  392.86803   76  283  345.00000  406.02791  17.7%  53.4   25s
  1417   868  405.29645   32  305  345.00000  405.38925  17.5%  60.5   30s
H 1470   860                     347.0000000  404.89091  16.7%  63.6   31s
H 1522   856                     355.0000000  404.89091  14.1%  64.1   31s
H 1557   838                     396.0000000  404.89091  2.25%  64.6   32s
H 1695   826                     398.0000000  404.89091  1.73%  63.9   32s
* 1806   766              46     399.0000000  404.89091  1.48%  62.8   33s
H 1886   729                     401.0000000  404.89091  0.97%  62.2   33s
  2259   527  403.08032   44  222  401.00000  403.93689  0.73%  62.4   35s
* 2284   488              47     402.0000000  403.93689  0.48%  62.3   35s

Cutting planes:
  Gomory: 115
  Lift-and-project: 165
  Implied bound: 20
  MIR: 719
  Flow cover: 904
  RLT: 93
  Relax-and-lift: 26

Explored 2539 nodes (153997 simplex iterations) in 35.81 seconds (24.76 work units)
Thread count was 12 (of 12 available processors)

Solution count 10: 402 401 399 ... 341

Optimal solution found (tolerance 1.00e-04)
Best objective 4.020000000000e+02, best bound 4.020000000000e+02, gap 0.0000%
