
Gurobi 9.1.1 (win64) logging started Wed Mar 10 01:17:17 2021

Changed value of parameter LogFile to ../results/logs/log_samuel_kroger_2021_03_10_01_17_16.csv_5_3.log
   Prev:   Default: 
Gurobi Optimizer version 9.1.1 build v9.1.1rc0 (win64)
Thread count: 6 physical cores, 12 logical processors, using up to 12 threads
Optimize a model with 29 rows, 78 columns and 433 nonzeros
Model fingerprint: 0x925decf1
Variable types: 0 continuous, 78 integer (78 binary)
Coefficient statistics:
  Matrix range     [1e+00, 5e+00]
  Objective range  [1e+00, 1e+00]
  Bounds range     [1e+00, 1e+00]
  RHS range        [1e+00, 3e+00]
Found heuristic solution: objective 28.0000000
Found heuristic solution: objective 37.0000000
Found heuristic solution: objective 40.0000000
Presolve removed 29 rows and 78 columns
Presolve time: 0.00s
Presolve: All rows and columns removed

Explored 0 nodes (0 simplex iterations) in 0.00 seconds
Thread count was 1 (of 12 available processors)

Solution count 4: 42 

Optimal solution found (tolerance 1.00e-04)
Best objective 4.200000000000e+01, best bound 4.200000000000e+01, gap 0.0000%

Gurobi 9.1.1 (win64) logging started Wed Mar 10 01:17:17 2021

Changed value of parameter LogFile to ../results/logs/log_samuel_kroger_2021_03_10_01_17_16.csv_5_3.log
   Prev:   Default: 
Gurobi Optimizer version 9.1.1 build v9.1.1rc0 (win64)
Thread count: 6 physical cores, 12 logical processors, using up to 12 threads
Optimize a model with 29 rows, 78 columns and 433 nonzeros
Model fingerprint: 0x40f40b8d
Variable types: 0 continuous, 78 integer (78 binary)
Coefficient statistics:
  Matrix range     [1e+00, 5e+00]
  Objective range  [1e+00, 1e+00]
  Bounds range     [1e+00, 1e+00]
  RHS range        [1e+00, 3e+00]

User MIP start produced solution with objective 42 (0.00s)
Loaded user MIP start with objective 42

Presolve removed 29 rows and 78 columns
Presolve time: 0.00s
Presolve: All rows and columns removed

Explored 0 nodes (0 simplex iterations) in 0.00 seconds
Thread count was 1 (of 12 available processors)

Solution count 1: 42 

Optimal solution found (tolerance 1.00e-04)
Best objective 4.200000000000e+01, best bound 4.200000000000e+01, gap 0.0000%

Gurobi 9.1.1 (win64) logging started Wed Mar 10 01:17:17 2021

Changed value of parameter LogFile to ../results/logs/log_samuel_kroger_2021_03_10_01_17_16.csv_5_3.log
   Prev:   Default: 
Gurobi Optimizer version 9.1.1 build v9.1.1rc0 (win64)
Thread count: 6 physical cores, 12 logical processors, using up to 12 threads
Optimize a model with 15 rows, 78 columns and 67 nonzeros
Model fingerprint: 0xd0a69768
Variable types: 0 continuous, 78 integer (78 binary)
Coefficient statistics:
  Matrix range     [1e+00, 1e+00]
  Objective range  [1e+00, 1e+00]
  Bounds range     [1e+00, 1e+00]
  RHS range        [1e+00, 3e+00]
Found heuristic solution: objective 42.0000000
Presolve removed 15 rows and 78 columns
Presolve time: 0.00s
Presolve: All rows and columns removed

Explored 0 nodes (0 simplex iterations) in 0.00 seconds
Thread count was 1 (of 12 available processors)

Solution count 1: 42 

Optimal solution found (tolerance 1.00e-04)
Best objective 4.200000000000e+01, best bound 4.200000000000e+01, gap 0.0000%

Gurobi 9.1.1 (win64) logging started Wed Mar 10 01:17:17 2021

Changed value of parameter LogFile to ../results/logs/log_samuel_kroger_2021_03_10_01_17_16.csv_5_3.log
   Prev:   Default: 
Gurobi Optimizer version 9.1.1 build v9.1.1rc0 (win64)
Thread count: 6 physical cores, 12 logical processors, using up to 12 threads
Optimize a model with 15 rows, 78 columns and 67 nonzeros
Model fingerprint: 0x3af4c32a
Variable types: 0 continuous, 78 integer (78 binary)
Coefficient statistics:
  Matrix range     [1e+00, 1e+00]
  Objective range  [1e+00, 1e+00]
  Bounds range     [1e+00, 1e+00]
  RHS range        [1e+00, 3e+00]

User MIP start produced solution with objective 42 (0.00s)
Loaded user MIP start with objective 42

Presolve removed 15 rows and 78 columns
Presolve time: 0.00s
Presolve: All rows and columns removed

Explored 0 nodes (0 simplex iterations) in 0.00 seconds
Thread count was 1 (of 12 available processors)

Solution count 1: 42 

Optimal solution found (tolerance 1.00e-04)
Best objective 4.200000000000e+01, best bound 4.200000000000e+01, gap 0.0000%

Gurobi 9.1.1 (win64) logging started Wed Mar 10 01:17:18 2021

Changed value of parameter LogFile to ../results/logs/log_samuel_kroger_2021_03_10_01_17_16.csv_5_3.log
   Prev:   Default: 
Gurobi Optimizer version 9.1.1 build v9.1.1rc0 (win64)
Thread count: 6 physical cores, 12 logical processors, using up to 12 threads
Optimize a model with 195 rows, 230 columns and 2810 nonzeros
Model fingerprint: 0xb4004693
Variable types: 0 continuous, 230 integer (230 binary)
Coefficient statistics:
  Matrix range     [1e+00, 5e+00]
  Objective range  [1e+00, 1e+00]
  Bounds range     [1e+00, 1e+00]
  RHS range        [1e+00, 3e+00]
Found heuristic solution: objective 21.0000000
Found heuristic solution: objective 29.0000000
Found heuristic solution: objective 69.0000000
Presolve removed 195 rows and 230 columns
Presolve time: 0.00s
Presolve: All rows and columns removed

Explored 0 nodes (0 simplex iterations) in 0.01 seconds
Thread count was 1 (of 12 available processors)

Solution count 4: 118 

Optimal solution found (tolerance 1.00e-04)
Best objective 1.180000000000e+02, best bound 1.180000000000e+02, gap 0.0000%

Gurobi 9.1.1 (win64) logging started Wed Mar 10 01:17:18 2021

Changed value of parameter LogFile to ../results/logs/log_samuel_kroger_2021_03_10_01_17_16.csv_5_3.log
   Prev:   Default: 
Gurobi Optimizer version 9.1.1 build v9.1.1rc0 (win64)
Thread count: 6 physical cores, 12 logical processors, using up to 12 threads
Optimize a model with 195 rows, 230 columns and 2810 nonzeros
Model fingerprint: 0x6631fb4a
Variable types: 0 continuous, 230 integer (230 binary)
Coefficient statistics:
  Matrix range     [1e+00, 5e+00]
  Objective range  [1e+00, 1e+00]
  Bounds range     [1e+00, 1e+00]
  RHS range        [1e+00, 3e+00]

User MIP start produced solution with objective 118 (0.00s)
Loaded user MIP start with objective 118

Presolve removed 195 rows and 230 columns
Presolve time: 0.01s
Presolve: All rows and columns removed

Explored 0 nodes (0 simplex iterations) in 0.01 seconds
Thread count was 1 (of 12 available processors)

Solution count 1: 118 

Optimal solution found (tolerance 1.00e-04)
Best objective 1.180000000000e+02, best bound 1.180000000000e+02, gap 0.0000%

Gurobi 9.1.1 (win64) logging started Wed Mar 10 01:17:18 2021

Changed value of parameter LogFile to ../results/logs/log_samuel_kroger_2021_03_10_01_17_16.csv_5_3.log
   Prev:   Default: 
Gurobi Optimizer version 9.1.1 build v9.1.1rc0 (win64)
Thread count: 6 physical cores, 12 logical processors, using up to 12 threads
Optimize a model with 98 rows, 230 columns and 309 nonzeros
Model fingerprint: 0x13b96d1d
Variable types: 0 continuous, 230 integer (230 binary)
Coefficient statistics:
  Matrix range     [1e+00, 1e+00]
  Objective range  [1e+00, 1e+00]
  Bounds range     [1e+00, 1e+00]
  RHS range        [1e+00, 3e+00]
Found heuristic solution: objective 118.0000000
Presolve removed 98 rows and 230 columns
Presolve time: 0.00s
Presolve: All rows and columns removed

Explored 0 nodes (0 simplex iterations) in 0.00 seconds
Thread count was 1 (of 12 available processors)

Solution count 1: 118 

Optimal solution found (tolerance 1.00e-04)
Best objective 1.180000000000e+02, best bound 1.180000000000e+02, gap 0.0000%

Gurobi 9.1.1 (win64) logging started Wed Mar 10 01:17:18 2021

Changed value of parameter LogFile to ../results/logs/log_samuel_kroger_2021_03_10_01_17_16.csv_5_3.log
   Prev:   Default: 
Gurobi Optimizer version 9.1.1 build v9.1.1rc0 (win64)
Thread count: 6 physical cores, 12 logical processors, using up to 12 threads
Optimize a model with 98 rows, 230 columns and 309 nonzeros
Model fingerprint: 0xf2f69c37
Variable types: 0 continuous, 230 integer (230 binary)
Coefficient statistics:
  Matrix range     [1e+00, 1e+00]
  Objective range  [1e+00, 1e+00]
  Bounds range     [1e+00, 1e+00]
  RHS range        [1e+00, 3e+00]

User MIP start produced solution with objective 118 (0.00s)
Loaded user MIP start with objective 118

Presolve removed 98 rows and 230 columns
Presolve time: 0.00s
Presolve: All rows and columns removed

Explored 0 nodes (0 simplex iterations) in 0.00 seconds
Thread count was 1 (of 12 available processors)

Solution count 1: 118 

Optimal solution found (tolerance 1.00e-04)
Best objective 1.180000000000e+02, best bound 1.180000000000e+02, gap 0.0000%

Gurobi 9.1.1 (win64) logging started Wed Mar 10 01:17:19 2021

Changed value of parameter LogFile to ../results/logs/log_samuel_kroger_2021_03_10_01_17_16.csv_5_3.log
   Prev:   Default: 
Gurobi Optimizer version 9.1.1 build v9.1.1rc0 (win64)
Thread count: 6 physical cores, 12 logical processors, using up to 12 threads
Optimize a model with 1 rows, 32 columns and 16 nonzeros
Model fingerprint: 0x7b226a35
Variable types: 0 continuous, 32 integer (32 binary)
Coefficient statistics:
  Matrix range     [1e+00, 1e+00]
  Objective range  [1e+00, 1e+00]
  Bounds range     [1e+00, 1e+00]
  RHS range        [3e+00, 3e+00]
Found heuristic solution: objective 19.0000000
Presolve removed 1 rows and 32 columns
Presolve time: 0.00s
Presolve: All rows and columns removed

Explored 0 nodes (0 simplex iterations) in 0.00 seconds
Thread count was 1 (of 12 available processors)

Solution count 1: 19 

Optimal solution found (tolerance 1.00e-04)
Best objective 1.900000000000e+01, best bound 1.900000000000e+01, gap 0.0000%

Gurobi 9.1.1 (win64) logging started Wed Mar 10 01:17:19 2021

Changed value of parameter LogFile to ../results/logs/log_samuel_kroger_2021_03_10_01_17_16.csv_5_3.log
   Prev:   Default: 
Gurobi Optimizer version 9.1.1 build v9.1.1rc0 (win64)
Thread count: 6 physical cores, 12 logical processors, using up to 12 threads
Optimize a model with 1 rows, 32 columns and 16 nonzeros
Model fingerprint: 0x2a5f1257
Variable types: 0 continuous, 32 integer (32 binary)
Coefficient statistics:
  Matrix range     [1e+00, 1e+00]
  Objective range  [1e+00, 1e+00]
  Bounds range     [1e+00, 1e+00]
  RHS range        [3e+00, 3e+00]

User MIP start produced solution with objective 19 (0.00s)
Loaded user MIP start with objective 19

Presolve removed 1 rows and 32 columns
Presolve time: 0.00s
Presolve: All rows and columns removed

Explored 0 nodes (0 simplex iterations) in 0.00 seconds
Thread count was 1 (of 12 available processors)

Solution count 1: 19 

Optimal solution found (tolerance 1.00e-04)
Best objective 1.900000000000e+01, best bound 1.900000000000e+01, gap 0.0000%

Gurobi 9.1.1 (win64) logging started Wed Mar 10 01:17:19 2021

Changed value of parameter LogFile to ../results/logs/log_samuel_kroger_2021_03_10_01_17_16.csv_5_3.log
   Prev:   Default: 
Gurobi Optimizer version 9.1.1 build v9.1.1rc0 (win64)
Thread count: 6 physical cores, 12 logical processors, using up to 12 threads
Optimize a model with 1 rows, 32 columns and 16 nonzeros
Model fingerprint: 0x7b226a35
Variable types: 0 continuous, 32 integer (32 binary)
Coefficient statistics:
  Matrix range     [1e+00, 1e+00]
  Objective range  [1e+00, 1e+00]
  Bounds range     [1e+00, 1e+00]
  RHS range        [3e+00, 3e+00]
Found heuristic solution: objective 19.0000000
Presolve removed 1 rows and 32 columns
Presolve time: 0.00s
Presolve: All rows and columns removed

Explored 0 nodes (0 simplex iterations) in 0.00 seconds
Thread count was 1 (of 12 available processors)

Solution count 1: 19 

Optimal solution found (tolerance 1.00e-04)
Best objective 1.900000000000e+01, best bound 1.900000000000e+01, gap 0.0000%

Gurobi 9.1.1 (win64) logging started Wed Mar 10 01:17:19 2021

Changed value of parameter LogFile to ../results/logs/log_samuel_kroger_2021_03_10_01_17_16.csv_5_3.log
   Prev:   Default: 
Gurobi Optimizer version 9.1.1 build v9.1.1rc0 (win64)
Thread count: 6 physical cores, 12 logical processors, using up to 12 threads
Optimize a model with 1 rows, 32 columns and 16 nonzeros
Model fingerprint: 0x2a5f1257
Variable types: 0 continuous, 32 integer (32 binary)
Coefficient statistics:
  Matrix range     [1e+00, 1e+00]
  Objective range  [1e+00, 1e+00]
  Bounds range     [1e+00, 1e+00]
  RHS range        [3e+00, 3e+00]

User MIP start produced solution with objective 19 (0.00s)
Loaded user MIP start with objective 19

Presolve removed 1 rows and 32 columns
Presolve time: 0.00s
Presolve: All rows and columns removed

Explored 0 nodes (0 simplex iterations) in 0.00 seconds
Thread count was 1 (of 12 available processors)

Solution count 1: 19 

Optimal solution found (tolerance 1.00e-04)
Best objective 1.900000000000e+01, best bound 1.900000000000e+01, gap 0.0000%

Gurobi 9.1.1 (win64) logging started Wed Mar 10 01:17:33 2021

Changed value of parameter LogFile to ../results/logs/log_samuel_kroger_2021_03_10_01_17_16.csv_5_3.log
   Prev:   Default: 
Gurobi Optimizer version 9.1.1 build v9.1.1rc0 (win64)
Thread count: 6 physical cores, 12 logical processors, using up to 12 threads
Optimize a model with 513 rows, 512 columns and 127488 nonzeros
Model fingerprint: 0x8565f0bf
Variable types: 0 continuous, 512 integer (512 binary)
Coefficient statistics:
  Matrix range     [1e+00, 5e+00]
  Objective range  [1e+00, 1e+00]
  Bounds range     [1e+00, 1e+00]
  RHS range        [1e+00, 3e+00]
Found heuristic solution: objective 3.0000000
Presolve time: 0.14s
Presolved: 513 rows, 512 columns, 127488 nonzeros
Variable types: 0 continuous, 512 integer (512 binary)

Root relaxation: objective 2.560000e+02, 0 iterations, 0.01 seconds

    Nodes    |    Current Node    |     Objective Bounds      |     Work
 Expl Unexpl |  Obj  Depth IntInf | Incumbent    BestBd   Gap | It/Node Time

*    0     0               0     256.0000000  256.00000  0.00%     -    0s

Explored 0 nodes (0 simplex iterations) in 0.17 seconds
Thread count was 12 (of 12 available processors)

Solution count 2: 256 3 

Optimal solution found (tolerance 1.00e-04)
Best objective 2.560000000000e+02, best bound 2.560000000000e+02, gap 0.0000%

Gurobi 9.1.1 (win64) logging started Wed Mar 10 01:17:34 2021

Changed value of parameter LogFile to ../results/logs/log_samuel_kroger_2021_03_10_01_17_16.csv_5_3.log
   Prev:   Default: 
Gurobi Optimizer version 9.1.1 build v9.1.1rc0 (win64)
Thread count: 6 physical cores, 12 logical processors, using up to 12 threads
Optimize a model with 513 rows, 512 columns and 127488 nonzeros
Model fingerprint: 0x15ae6642
Variable types: 0 continuous, 512 integer (512 binary)
Coefficient statistics:
  Matrix range     [1e+00, 5e+00]
  Objective range  [1e+00, 1e+00]
  Bounds range     [1e+00, 1e+00]
  RHS range        [1e+00, 3e+00]

User MIP start produced solution with objective 256 (0.01s)
Loaded user MIP start with objective 256

Presolve time: 0.14s
Presolved: 513 rows, 512 columns, 127488 nonzeros
Variable types: 0 continuous, 512 integer (512 binary)

Root relaxation: cutoff, 0 iterations, 0.01 seconds

Explored 0 nodes (0 simplex iterations) in 0.16 seconds
Thread count was 12 (of 12 available processors)

Solution count 1: 256 

Optimal solution found (tolerance 1.00e-04)
Best objective 2.560000000000e+02, best bound 2.560000000000e+02, gap 0.0000%

Gurobi 9.1.1 (win64) logging started Wed Mar 10 01:17:34 2021

Changed value of parameter LogFile to ../results/logs/log_samuel_kroger_2021_03_10_01_17_16.csv_5_3.log
   Prev:   Default: 
Gurobi Optimizer version 9.1.1 build v9.1.1rc0 (win64)
Thread count: 6 physical cores, 12 logical processors, using up to 12 threads
Optimize a model with 257 rows, 512 columns and 768 nonzeros
Model fingerprint: 0x61e24f64
Variable types: 0 continuous, 512 integer (512 binary)
Coefficient statistics:
  Matrix range     [1e+00, 1e+00]
  Objective range  [1e+00, 1e+00]
  Bounds range     [0e+00, 0e+00]
  RHS range        [1e+00, 3e+00]
Found heuristic solution: objective 256.0000000

Explored 0 nodes (0 simplex iterations) in 0.00 seconds
Thread count was 1 (of 12 available processors)

Solution count 1: 256 

Optimal solution found (tolerance 1.00e-04)
Best objective 2.560000000000e+02, best bound 2.560000000000e+02, gap 0.0000%

Gurobi 9.1.1 (win64) logging started Wed Mar 10 01:17:34 2021

Changed value of parameter LogFile to ../results/logs/log_samuel_kroger_2021_03_10_01_17_16.csv_5_3.log
   Prev:   Default: 
Gurobi Optimizer version 9.1.1 build v9.1.1rc0 (win64)
Thread count: 6 physical cores, 12 logical processors, using up to 12 threads
Optimize a model with 257 rows, 512 columns and 768 nonzeros
Model fingerprint: 0x554297c5
Variable types: 0 continuous, 512 integer (512 binary)
Coefficient statistics:
  Matrix range     [1e+00, 1e+00]
  Objective range  [1e+00, 1e+00]
  Bounds range     [0e+00, 0e+00]
  RHS range        [1e+00, 3e+00]

Loaded user MIP start with objective 256


Explored 0 nodes (0 simplex iterations) in 0.00 seconds
Thread count was 1 (of 12 available processors)

Solution count 1: 256 

Optimal solution found (tolerance 1.00e-04)
Best objective 2.560000000000e+02, best bound 2.560000000000e+02, gap 0.0000%

Gurobi 9.1.1 (win64) logging started Wed Mar 10 01:17:48 2021

Changed value of parameter LogFile to ../results/logs/log_samuel_kroger_2021_03_10_01_17_16.csv_5_3.log
   Prev:   Default: 
Gurobi Optimizer version 9.1.1 build v9.1.1rc0 (win64)
Thread count: 6 physical cores, 12 logical processors, using up to 12 threads
Optimize a model with 513 rows, 512 columns and 84480 nonzeros
Model fingerprint: 0x528188d8
Variable types: 0 continuous, 512 integer (512 binary)
Coefficient statistics:
  Matrix range     [1e+00, 5e+00]
  Objective range  [1e+00, 1e+00]
  Bounds range     [1e+00, 1e+00]
  RHS range        [1e+00, 3e+00]
Found heuristic solution: objective 3.0000000
Presolve time: 0.09s
Presolved: 513 rows, 512 columns, 84480 nonzeros
Variable types: 0 continuous, 512 integer (512 binary)

Root relaxation: objective 2.560000e+02, 0 iterations, 0.00 seconds

    Nodes    |    Current Node    |     Objective Bounds      |     Work
 Expl Unexpl |  Obj  Depth IntInf | Incumbent    BestBd   Gap | It/Node Time

*    0     0               0     256.0000000  256.00000  0.00%     -    0s

Explored 0 nodes (0 simplex iterations) in 0.11 seconds
Thread count was 12 (of 12 available processors)

Solution count 2: 256 3 

Optimal solution found (tolerance 1.00e-04)
Best objective 2.560000000000e+02, best bound 2.560000000000e+02, gap 0.0000%

Gurobi 9.1.1 (win64) logging started Wed Mar 10 01:17:49 2021

Changed value of parameter LogFile to ../results/logs/log_samuel_kroger_2021_03_10_01_17_16.csv_5_3.log
   Prev:   Default: 
Gurobi Optimizer version 9.1.1 build v9.1.1rc0 (win64)
Thread count: 6 physical cores, 12 logical processors, using up to 12 threads
Optimize a model with 513 rows, 512 columns and 84480 nonzeros
Model fingerprint: 0x2483d6dc
Variable types: 0 continuous, 512 integer (512 binary)
Coefficient statistics:
  Matrix range     [1e+00, 5e+00]
  Objective range  [1e+00, 1e+00]
  Bounds range     [1e+00, 1e+00]
  RHS range        [1e+00, 3e+00]

User MIP start produced solution with objective 256 (0.01s)
Loaded user MIP start with objective 256

Presolve time: 0.09s
Presolved: 513 rows, 512 columns, 84480 nonzeros
Variable types: 0 continuous, 512 integer (512 binary)

Root relaxation: cutoff, 0 iterations, 0.00 seconds

Explored 0 nodes (0 simplex iterations) in 0.10 seconds
Thread count was 12 (of 12 available processors)

Solution count 1: 256 

Optimal solution found (tolerance 1.00e-04)
Best objective 2.560000000000e+02, best bound 2.560000000000e+02, gap 0.0000%

Gurobi 9.1.1 (win64) logging started Wed Mar 10 01:17:49 2021

Changed value of parameter LogFile to ../results/logs/log_samuel_kroger_2021_03_10_01_17_16.csv_5_3.log
   Prev:   Default: 
Gurobi Optimizer version 9.1.1 build v9.1.1rc0 (win64)
Thread count: 6 physical cores, 12 logical processors, using up to 12 threads
Optimize a model with 257 rows, 512 columns and 768 nonzeros
Model fingerprint: 0x61e24f64
Variable types: 0 continuous, 512 integer (512 binary)
Coefficient statistics:
  Matrix range     [1e+00, 1e+00]
  Objective range  [1e+00, 1e+00]
  Bounds range     [0e+00, 0e+00]
  RHS range        [1e+00, 3e+00]
Found heuristic solution: objective 256.0000000

Explored 0 nodes (0 simplex iterations) in 0.00 seconds
Thread count was 1 (of 12 available processors)

Solution count 1: 256 

Optimal solution found (tolerance 1.00e-04)
Best objective 2.560000000000e+02, best bound 2.560000000000e+02, gap 0.0000%

Gurobi 9.1.1 (win64) logging started Wed Mar 10 01:17:49 2021

Changed value of parameter LogFile to ../results/logs/log_samuel_kroger_2021_03_10_01_17_16.csv_5_3.log
   Prev:   Default: 
Gurobi Optimizer version 9.1.1 build v9.1.1rc0 (win64)
Thread count: 6 physical cores, 12 logical processors, using up to 12 threads
Optimize a model with 257 rows, 512 columns and 768 nonzeros
Model fingerprint: 0x554297c5
Variable types: 0 continuous, 512 integer (512 binary)
Coefficient statistics:
  Matrix range     [1e+00, 1e+00]
  Objective range  [1e+00, 1e+00]
  Bounds range     [0e+00, 0e+00]
  RHS range        [1e+00, 3e+00]

Loaded user MIP start with objective 256


Explored 0 nodes (0 simplex iterations) in 0.00 seconds
Thread count was 1 (of 12 available processors)

Solution count 1: 256 

Optimal solution found (tolerance 1.00e-04)
Best objective 2.560000000000e+02, best bound 2.560000000000e+02, gap 0.0000%

Gurobi 9.1.1 (win64) logging started Wed Mar 10 01:18:40 2021

Changed value of parameter LogFile to ../results/logs/log_samuel_kroger_2021_03_10_01_17_16.csv_5_3.log
   Prev:   Default: 
Gurobi Optimizer version 9.1.1 build v9.1.1rc0 (win64)
Thread count: 6 physical cores, 12 logical processors, using up to 12 threads
Optimize a model with 993 rows, 992 columns and 433504 nonzeros
Model fingerprint: 0x12ed6ac6
Variable types: 0 continuous, 992 integer (992 binary)
Coefficient statistics:
  Matrix range     [1e+00, 5e+00]
  Objective range  [1e+00, 1e+00]
  Bounds range     [1e+00, 1e+00]
  RHS range        [1e+00, 3e+00]
Found heuristic solution: objective 3.0000000
Presolve time: 0.42s
Presolved: 993 rows, 992 columns, 433504 nonzeros
Variable types: 0 continuous, 992 integer (992 binary)

Root relaxation: objective 4.960000e+02, 0 iterations, 0.02 seconds

    Nodes    |    Current Node    |     Objective Bounds      |     Work
 Expl Unexpl |  Obj  Depth IntInf | Incumbent    BestBd   Gap | It/Node Time

*    0     0               0     496.0000000  496.00000  0.00%     -    0s

Explored 0 nodes (0 simplex iterations) in 0.54 seconds
Thread count was 12 (of 12 available processors)

Solution count 2: 496 3 

Optimal solution found (tolerance 1.00e-04)
Best objective 4.960000000000e+02, best bound 4.960000000000e+02, gap 0.0000%

Gurobi 9.1.1 (win64) logging started Wed Mar 10 01:18:41 2021

Changed value of parameter LogFile to ../results/logs/log_samuel_kroger_2021_03_10_01_17_16.csv_5_3.log
   Prev:   Default: 
Gurobi Optimizer version 9.1.1 build v9.1.1rc0 (win64)
Thread count: 6 physical cores, 12 logical processors, using up to 12 threads
Optimize a model with 993 rows, 992 columns and 433504 nonzeros
Model fingerprint: 0xd8bdfa4f
Variable types: 0 continuous, 992 integer (992 binary)
Coefficient statistics:
  Matrix range     [1e+00, 5e+00]
  Objective range  [1e+00, 1e+00]
  Bounds range     [1e+00, 1e+00]
  RHS range        [1e+00, 3e+00]

User MIP start produced solution with objective 496 (0.06s)
Loaded user MIP start with objective 496

Presolve time: 0.42s
Presolved: 993 rows, 992 columns, 433504 nonzeros
Variable types: 0 continuous, 992 integer (992 binary)

Root relaxation: cutoff, 0 iterations, 0.02 seconds

Explored 0 nodes (0 simplex iterations) in 0.53 seconds
Thread count was 12 (of 12 available processors)

Solution count 1: 496 

Optimal solution found (tolerance 1.00e-04)
Best objective 4.960000000000e+02, best bound 4.960000000000e+02, gap 0.0000%

Gurobi 9.1.1 (win64) logging started Wed Mar 10 01:18:42 2021

Changed value of parameter LogFile to ../results/logs/log_samuel_kroger_2021_03_10_01_17_16.csv_5_3.log
   Prev:   Default: 
Gurobi Optimizer version 9.1.1 build v9.1.1rc0 (win64)
Thread count: 6 physical cores, 12 logical processors, using up to 12 threads
Optimize a model with 497 rows, 992 columns and 1488 nonzeros
Model fingerprint: 0xd00c0579
Variable types: 0 continuous, 992 integer (992 binary)
Coefficient statistics:
  Matrix range     [1e+00, 1e+00]
  Objective range  [1e+00, 1e+00]
  Bounds range     [0e+00, 0e+00]
  RHS range        [1e+00, 3e+00]
Found heuristic solution: objective 496.0000000

Explored 0 nodes (0 simplex iterations) in 0.00 seconds
Thread count was 1 (of 12 available processors)

Solution count 1: 496 

Optimal solution found (tolerance 1.00e-04)
Best objective 4.960000000000e+02, best bound 4.960000000000e+02, gap 0.0000%

Gurobi 9.1.1 (win64) logging started Wed Mar 10 01:18:43 2021

Changed value of parameter LogFile to ../results/logs/log_samuel_kroger_2021_03_10_01_17_16.csv_5_3.log
   Prev:   Default: 
Gurobi Optimizer version 9.1.1 build v9.1.1rc0 (win64)
Thread count: 6 physical cores, 12 logical processors, using up to 12 threads
Optimize a model with 497 rows, 992 columns and 1488 nonzeros
Model fingerprint: 0x34588a4e
Variable types: 0 continuous, 992 integer (992 binary)
Coefficient statistics:
  Matrix range     [1e+00, 1e+00]
  Objective range  [1e+00, 1e+00]
  Bounds range     [0e+00, 0e+00]
  RHS range        [1e+00, 3e+00]

Loaded user MIP start with objective 496


Explored 0 nodes (0 simplex iterations) in 0.00 seconds
Thread count was 1 (of 12 available processors)

Solution count 1: 496 

Optimal solution found (tolerance 1.00e-04)
Best objective 4.960000000000e+02, best bound 4.960000000000e+02, gap 0.0000%

Gurobi 9.1.1 (win64) logging started Wed Mar 10 01:18:57 2021

Changed value of parameter LogFile to ../results/logs/log_samuel_kroger_2021_03_10_01_17_16.csv_5_3.log
   Prev:   Default: 
Gurobi Optimizer version 9.1.1 build v9.1.1rc0 (win64)
Thread count: 6 physical cores, 12 logical processors, using up to 12 threads
Optimize a model with 21 rows, 68 columns and 246 nonzeros
Model fingerprint: 0x3b698aff
Variable types: 0 continuous, 68 integer (68 binary)
Coefficient statistics:
  Matrix range     [1e+00, 5e+00]
  Objective range  [1e+00, 1e+00]
  Bounds range     [1e+00, 1e+00]
  RHS range        [1e+00, 3e+00]
Found heuristic solution: objective 28.0000000
Found heuristic solution: objective 34.0000000
Found heuristic solution: objective 37.0000000
Presolve removed 21 rows and 68 columns
Presolve time: 0.00s
Presolve: All rows and columns removed

Explored 0 nodes (0 simplex iterations) in 0.00 seconds
Thread count was 1 (of 12 available processors)

Solution count 3: 37 

Optimal solution found (tolerance 1.00e-04)
Best objective 3.700000000000e+01, best bound 3.700000000000e+01, gap 0.0000%

Gurobi 9.1.1 (win64) logging started Wed Mar 10 01:18:57 2021

Changed value of parameter LogFile to ../results/logs/log_samuel_kroger_2021_03_10_01_17_16.csv_5_3.log
   Prev:   Default: 
Gurobi Optimizer version 9.1.1 build v9.1.1rc0 (win64)
Thread count: 6 physical cores, 12 logical processors, using up to 12 threads
Optimize a model with 21 rows, 68 columns and 246 nonzeros
Model fingerprint: 0xc608148c
Variable types: 0 continuous, 68 integer (68 binary)
Coefficient statistics:
  Matrix range     [1e+00, 5e+00]
  Objective range  [1e+00, 1e+00]
  Bounds range     [1e+00, 1e+00]
  RHS range        [1e+00, 3e+00]

User MIP start produced solution with objective 37 (0.00s)
Loaded user MIP start with objective 37

Presolve removed 21 rows and 68 columns
Presolve time: 0.00s
Presolve: All rows and columns removed

Explored 0 nodes (0 simplex iterations) in 0.00 seconds
Thread count was 1 (of 12 available processors)

Solution count 1: 37 

Optimal solution found (tolerance 1.00e-04)
Best objective 3.700000000000e+01, best bound 3.700000000000e+01, gap 0.0000%

Gurobi 9.1.1 (win64) logging started Wed Mar 10 01:18:57 2021

Changed value of parameter LogFile to ../results/logs/log_samuel_kroger_2021_03_10_01_17_16.csv_5_3.log
   Prev:   Default: 
Gurobi Optimizer version 9.1.1 build v9.1.1rc0 (win64)
Thread count: 6 physical cores, 12 logical processors, using up to 12 threads
Optimize a model with 11 rows, 68 columns and 54 nonzeros
Model fingerprint: 0x33a02bdb
Variable types: 0 continuous, 68 integer (68 binary)
Coefficient statistics:
  Matrix range     [1e+00, 1e+00]
  Objective range  [1e+00, 1e+00]
  Bounds range     [1e+00, 1e+00]
  RHS range        [1e+00, 3e+00]
Found heuristic solution: objective 37.0000000
Presolve removed 11 rows and 68 columns
Presolve time: 0.00s
Presolve: All rows and columns removed

Explored 0 nodes (0 simplex iterations) in 0.00 seconds
Thread count was 1 (of 12 available processors)

Solution count 1: 37 

Optimal solution found (tolerance 1.00e-04)
Best objective 3.700000000000e+01, best bound 3.700000000000e+01, gap 0.0000%

Gurobi 9.1.1 (win64) logging started Wed Mar 10 01:18:57 2021

Changed value of parameter LogFile to ../results/logs/log_samuel_kroger_2021_03_10_01_17_16.csv_5_3.log
   Prev:   Default: 
Gurobi Optimizer version 9.1.1 build v9.1.1rc0 (win64)
Thread count: 6 physical cores, 12 logical processors, using up to 12 threads
Optimize a model with 11 rows, 68 columns and 54 nonzeros
Model fingerprint: 0x8c39e147
Variable types: 0 continuous, 68 integer (68 binary)
Coefficient statistics:
  Matrix range     [1e+00, 1e+00]
  Objective range  [1e+00, 1e+00]
  Bounds range     [1e+00, 1e+00]
  RHS range        [1e+00, 3e+00]

User MIP start produced solution with objective 37 (0.00s)
Loaded user MIP start with objective 37

Presolve removed 11 rows and 68 columns
Presolve time: 0.00s
Presolve: All rows and columns removed

Explored 0 nodes (0 simplex iterations) in 0.00 seconds
Thread count was 1 (of 12 available processors)

Solution count 1: 37 

Optimal solution found (tolerance 1.00e-04)
Best objective 3.700000000000e+01, best bound 3.700000000000e+01, gap 0.0000%

Gurobi 9.1.1 (win64) logging started Wed Mar 10 01:19:02 2021

Changed value of parameter LogFile to ../results/logs/log_samuel_kroger_2021_03_10_01_17_16.csv_5_3.log
   Prev:   Default: 
Gurobi Optimizer version 9.1.1 build v9.1.1rc0 (win64)
Thread count: 6 physical cores, 12 logical processors, using up to 12 threads
Optimize a model with 343 rows, 342 columns and 38424 nonzeros
Model fingerprint: 0x20447342
Variable types: 0 continuous, 342 integer (342 binary)
Coefficient statistics:
  Matrix range     [1e+00, 5e+00]
  Objective range  [1e+00, 1e+00]
  Bounds range     [1e+00, 1e+00]
  RHS range        [1e+00, 3e+00]
Found heuristic solution: objective 3.0000000
Presolve time: 0.04s
Presolved: 343 rows, 342 columns, 38424 nonzeros
Variable types: 0 continuous, 342 integer (342 binary)

Root relaxation: objective 1.710000e+02, 0 iterations, 0.00 seconds

    Nodes    |    Current Node    |     Objective Bounds      |     Work
 Expl Unexpl |  Obj  Depth IntInf | Incumbent    BestBd   Gap | It/Node Time

*    0     0               0     171.0000000  171.00000  0.00%     -    0s

Explored 0 nodes (0 simplex iterations) in 0.05 seconds
Thread count was 12 (of 12 available processors)

Solution count 2: 171 3 

Optimal solution found (tolerance 1.00e-04)
Best objective 1.710000000000e+02, best bound 1.710000000000e+02, gap 0.0000%

Gurobi 9.1.1 (win64) logging started Wed Mar 10 01:19:03 2021

Changed value of parameter LogFile to ../results/logs/log_samuel_kroger_2021_03_10_01_17_16.csv_5_3.log
   Prev:   Default: 
Gurobi Optimizer version 9.1.1 build v9.1.1rc0 (win64)
Thread count: 6 physical cores, 12 logical processors, using up to 12 threads
Optimize a model with 343 rows, 342 columns and 38424 nonzeros
Model fingerprint: 0xf4531480
Variable types: 0 continuous, 342 integer (342 binary)
Coefficient statistics:
  Matrix range     [1e+00, 5e+00]
  Objective range  [1e+00, 1e+00]
  Bounds range     [1e+00, 1e+00]
  RHS range        [1e+00, 3e+00]

User MIP start produced solution with objective 171 (0.00s)
Loaded user MIP start with objective 171

Presolve time: 0.04s
Presolved: 343 rows, 342 columns, 38424 nonzeros
Variable types: 0 continuous, 342 integer (342 binary)

Root relaxation: cutoff, 0 iterations, 0.00 seconds

Explored 0 nodes (0 simplex iterations) in 0.05 seconds
Thread count was 12 (of 12 available processors)

Solution count 1: 171 

Optimal solution found (tolerance 1.00e-04)
Best objective 1.710000000000e+02, best bound 1.710000000000e+02, gap 0.0000%

Gurobi 9.1.1 (win64) logging started Wed Mar 10 01:19:03 2021

Changed value of parameter LogFile to ../results/logs/log_samuel_kroger_2021_03_10_01_17_16.csv_5_3.log
   Prev:   Default: 
Gurobi Optimizer version 9.1.1 build v9.1.1rc0 (win64)
Thread count: 6 physical cores, 12 logical processors, using up to 12 threads
Optimize a model with 172 rows, 342 columns and 513 nonzeros
Model fingerprint: 0x9f7381e4
Variable types: 0 continuous, 342 integer (342 binary)
Coefficient statistics:
  Matrix range     [1e+00, 1e+00]
  Objective range  [1e+00, 1e+00]
  Bounds range     [0e+00, 0e+00]
  RHS range        [1e+00, 3e+00]
Found heuristic solution: objective 171.0000000

Explored 0 nodes (0 simplex iterations) in 0.00 seconds
Thread count was 1 (of 12 available processors)

Solution count 1: 171 

Optimal solution found (tolerance 1.00e-04)
Best objective 1.710000000000e+02, best bound 1.710000000000e+02, gap 0.0000%

Gurobi 9.1.1 (win64) logging started Wed Mar 10 01:19:03 2021

Changed value of parameter LogFile to ../results/logs/log_samuel_kroger_2021_03_10_01_17_16.csv_5_3.log
   Prev:   Default: 
Gurobi Optimizer version 9.1.1 build v9.1.1rc0 (win64)
Thread count: 6 physical cores, 12 logical processors, using up to 12 threads
Optimize a model with 172 rows, 342 columns and 513 nonzeros
Model fingerprint: 0xa15a3dd1
Variable types: 0 continuous, 342 integer (342 binary)
Coefficient statistics:
  Matrix range     [1e+00, 1e+00]
  Objective range  [1e+00, 1e+00]
  Bounds range     [0e+00, 0e+00]
  RHS range        [1e+00, 3e+00]

Loaded user MIP start with objective 171


Explored 0 nodes (0 simplex iterations) in 0.00 seconds
Thread count was 1 (of 12 available processors)

Solution count 1: 171 

Optimal solution found (tolerance 1.00e-04)
Best objective 1.710000000000e+02, best bound 1.710000000000e+02, gap 0.0000%

Gurobi 9.1.1 (win64) logging started Wed Mar 10 01:21:42 2021

Changed value of parameter LogFile to ../results/logs/log_samuel_kroger_2021_03_10_01_17_16.csv_5_3.log
   Prev:   Default: 
Gurobi Optimizer version 9.1.1 build v9.1.1rc0 (win64)
Thread count: 6 physical cores, 12 logical processors, using up to 12 threads
Optimize a model with 5779 rows, 35516 columns and 159359 nonzeros
Model fingerprint: 0xd0a368f4
Variable types: 0 continuous, 35516 integer (35516 binary)
Coefficient statistics:
  Matrix range     [1e+00, 5e+00]
  Objective range  [1e+00, 1e+00]
  Bounds range     [1e+00, 1e+00]
  RHS range        [1e+00, 3e+00]
Found heuristic solution: objective 14872.000000
Found heuristic solution: objective 17723.000000
Found heuristic solution: objective 17761.000000
Presolve removed 5779 rows and 35516 columns
Presolve time: 0.03s
Presolve: All rows and columns removed

Explored 0 nodes (0 simplex iterations) in 0.05 seconds
Thread count was 1 (of 12 available processors)

Solution count 3: 17761 

Optimal solution found (tolerance 1.00e-04)
Best objective 1.776100000000e+04, best bound 1.776100000000e+04, gap 0.0000%

Gurobi 9.1.1 (win64) logging started Wed Mar 10 01:21:42 2021

Changed value of parameter LogFile to ../results/logs/log_samuel_kroger_2021_03_10_01_17_16.csv_5_3.log
   Prev:   Default: 
Gurobi Optimizer version 9.1.1 build v9.1.1rc0 (win64)
Thread count: 6 physical cores, 12 logical processors, using up to 12 threads
Optimize a model with 5779 rows, 35516 columns and 159359 nonzeros
Model fingerprint: 0x9f0363cb
Variable types: 0 continuous, 35516 integer (35516 binary)
Coefficient statistics:
  Matrix range     [1e+00, 5e+00]
  Objective range  [1e+00, 1e+00]
  Bounds range     [1e+00, 1e+00]
  RHS range        [1e+00, 3e+00]

Warning: Completing partial solution with 35092 unfixed non-continuous variables out of 35516
User MIP start produced solution with objective 17761 (0.03s)
Loaded user MIP start with objective 17761

Presolve removed 5779 rows and 35516 columns
Presolve time: 0.03s
Presolve: All rows and columns removed

Explored 0 nodes (0 simplex iterations) in 0.07 seconds
Thread count was 1 (of 12 available processors)

Solution count 1: 17761 

Optimal solution found (tolerance 1.00e-04)
Best objective 1.776100000000e+04, best bound 1.776100000000e+04, gap 0.0000%

Gurobi 9.1.1 (win64) logging started Wed Mar 10 01:21:46 2021

Changed value of parameter LogFile to ../results/logs/log_samuel_kroger_2021_03_10_01_17_16.csv_5_3.log
   Prev:   Default: 
Gurobi Optimizer version 9.1.1 build v9.1.1rc0 (win64)
Thread count: 6 physical cores, 12 logical processors, using up to 12 threads
Optimize a model with 5358 rows, 35516 columns and 78578 nonzeros
Model fingerprint: 0x9e3a5bda
Variable types: 0 continuous, 35516 integer (35516 binary)
Coefficient statistics:
  Matrix range     [1e+00, 5e+00]
  Objective range  [1e+00, 1e+00]
  Bounds range     [1e+00, 1e+00]
  RHS range        [1e+00, 3e+00]
Found heuristic solution: objective 15354.000000
Found heuristic solution: objective 17746.000000
Found heuristic solution: objective 17761.000000
Presolve removed 5358 rows and 35516 columns
Presolve time: 0.02s
Presolve: All rows and columns removed

Explored 0 nodes (0 simplex iterations) in 0.03 seconds
Thread count was 1 (of 12 available processors)

Solution count 3: 17761 

Optimal solution found (tolerance 1.00e-04)
Best objective 1.776100000000e+04, best bound 1.776100000000e+04, gap 0.0000%

Gurobi 9.1.1 (win64) logging started Wed Mar 10 01:21:48 2021

Changed value of parameter LogFile to ../results/logs/log_samuel_kroger_2021_03_10_01_17_16.csv_5_3.log
   Prev:   Default: 
Gurobi Optimizer version 9.1.1 build v9.1.1rc0 (win64)
Thread count: 6 physical cores, 12 logical processors, using up to 12 threads
Optimize a model with 5358 rows, 35516 columns and 78578 nonzeros
Model fingerprint: 0x8a9a4194
Variable types: 0 continuous, 35516 integer (35516 binary)
Coefficient statistics:
  Matrix range     [1e+00, 5e+00]
  Objective range  [1e+00, 1e+00]
  Bounds range     [1e+00, 1e+00]
  RHS range        [1e+00, 3e+00]

Warning: Completing partial solution with 34671 unfixed non-continuous variables out of 35516
User MIP start produced solution with objective 17761 (0.02s)
Loaded user MIP start with objective 17761

Presolve removed 5358 rows and 35516 columns
Presolve time: 0.02s
Presolve: All rows and columns removed

Explored 0 nodes (0 simplex iterations) in 0.04 seconds
Thread count was 1 (of 12 available processors)

Solution count 1: 17761 

Optimal solution found (tolerance 1.00e-04)
Best objective 1.776100000000e+04, best bound 1.776100000000e+04, gap 0.0000%

Gurobi 9.1.1 (win64) logging started Wed Mar 10 01:22:27 2021

Changed value of parameter LogFile to ../results/logs/log_samuel_kroger_2021_03_10_01_17_16.csv_5_3.log
   Prev:   Default: 
Gurobi Optimizer version 9.1.1 build v9.1.1rc0 (win64)
Thread count: 6 physical cores, 12 logical processors, using up to 12 threads
Optimize a model with 33 rows, 32 columns and 256 nonzeros
Model fingerprint: 0x6c970a40
Variable types: 0 continuous, 32 integer (32 binary)
Coefficient statistics:
  Matrix range     [1e+00, 5e+00]
  Objective range  [1e+00, 1e+00]
  Bounds range     [1e+00, 1e+00]
  RHS range        [1e+00, 3e+00]
Found heuristic solution: objective 3.0000000
Presolve time: 0.00s
Presolved: 33 rows, 32 columns, 256 nonzeros
Variable types: 0 continuous, 32 integer (32 binary)

Root relaxation: objective 1.600000e+01, 0 iterations, 0.00 seconds

    Nodes    |    Current Node    |     Objective Bounds      |     Work
 Expl Unexpl |  Obj  Depth IntInf | Incumbent    BestBd   Gap | It/Node Time

*    0     0               0      16.0000000   16.00000  0.00%     -    0s

Explored 0 nodes (0 simplex iterations) in 0.00 seconds
Thread count was 12 (of 12 available processors)

Solution count 2: 16 3 

Optimal solution found (tolerance 1.00e-04)
Best objective 1.600000000000e+01, best bound 1.600000000000e+01, gap 0.0000%

Gurobi 9.1.1 (win64) logging started Wed Mar 10 01:22:28 2021

Changed value of parameter LogFile to ../results/logs/log_samuel_kroger_2021_03_10_01_17_16.csv_5_3.log
   Prev:   Default: 
Gurobi Optimizer version 9.1.1 build v9.1.1rc0 (win64)
Thread count: 6 physical cores, 12 logical processors, using up to 12 threads
Optimize a model with 33 rows, 32 columns and 256 nonzeros
Model fingerprint: 0xb7ca81fc
Variable types: 0 continuous, 32 integer (32 binary)
Coefficient statistics:
  Matrix range     [1e+00, 5e+00]
  Objective range  [1e+00, 1e+00]
  Bounds range     [1e+00, 1e+00]
  RHS range        [1e+00, 3e+00]

User MIP start produced solution with objective 16 (0.00s)
Loaded user MIP start with objective 16

Presolve time: 0.00s
Presolved: 33 rows, 32 columns, 256 nonzeros
Variable types: 0 continuous, 32 integer (32 binary)

Root relaxation: cutoff, 0 iterations, 0.00 seconds

Explored 0 nodes (0 simplex iterations) in 0.00 seconds
Thread count was 12 (of 12 available processors)

Solution count 1: 16 

Optimal solution found (tolerance 1.00e-04)
Best objective 1.600000000000e+01, best bound 1.600000000000e+01, gap 0.0000%

Gurobi 9.1.1 (win64) logging started Wed Mar 10 01:22:28 2021

Changed value of parameter LogFile to ../results/logs/log_samuel_kroger_2021_03_10_01_17_16.csv_5_3.log
   Prev:   Default: 
Gurobi Optimizer version 9.1.1 build v9.1.1rc0 (win64)
Thread count: 6 physical cores, 12 logical processors, using up to 12 threads
Optimize a model with 17 rows, 32 columns and 48 nonzeros
Model fingerprint: 0xf624ac05
Variable types: 0 continuous, 32 integer (32 binary)
Coefficient statistics:
  Matrix range     [1e+00, 1e+00]
  Objective range  [1e+00, 1e+00]
  Bounds range     [0e+00, 0e+00]
  RHS range        [1e+00, 3e+00]
Found heuristic solution: objective 16.0000000

Explored 0 nodes (0 simplex iterations) in 0.00 seconds
Thread count was 1 (of 12 available processors)

Solution count 1: 16 

Optimal solution found (tolerance 1.00e-04)
Best objective 1.600000000000e+01, best bound 1.600000000000e+01, gap 0.0000%

Gurobi 9.1.1 (win64) logging started Wed Mar 10 01:22:28 2021

Changed value of parameter LogFile to ../results/logs/log_samuel_kroger_2021_03_10_01_17_16.csv_5_3.log
   Prev:   Default: 
Gurobi Optimizer version 9.1.1 build v9.1.1rc0 (win64)
Thread count: 6 physical cores, 12 logical processors, using up to 12 threads
Optimize a model with 17 rows, 32 columns and 48 nonzeros
Model fingerprint: 0x48c5eac4
Variable types: 0 continuous, 32 integer (32 binary)
Coefficient statistics:
  Matrix range     [1e+00, 1e+00]
  Objective range  [1e+00, 1e+00]
  Bounds range     [0e+00, 0e+00]
  RHS range        [1e+00, 3e+00]

Loaded user MIP start with objective 16


Explored 0 nodes (0 simplex iterations) in 0.00 seconds
Thread count was 1 (of 12 available processors)

Solution count 1: 16 

Optimal solution found (tolerance 1.00e-04)
Best objective 1.600000000000e+01, best bound 1.600000000000e+01, gap 0.0000%

Gurobi 9.1.1 (win64) logging started Wed Mar 10 01:23:57 2021

Changed value of parameter LogFile to ../results/logs/log_samuel_kroger_2021_03_10_01_17_16.csv_5_3.log
   Prev:   Default: 
Gurobi Optimizer version 9.1.1 build v9.1.1rc0 (win64)
Thread count: 6 physical cores, 12 logical processors, using up to 12 threads
Optimize a model with 5205 rows, 21360 columns and 86874 nonzeros
Model fingerprint: 0x0280a766
Variable types: 0 continuous, 21360 integer (21360 binary)
Coefficient statistics:
  Matrix range     [1e+00, 5e+00]
  Objective range  [1e+00, 1e+00]
  Bounds range     [1e+00, 1e+00]
  RHS range        [1e+00, 3e+00]
Found heuristic solution: objective 8081.0000000
Found heuristic solution: objective 9449.0000000
Found heuristic solution: objective 9896.0000000
Presolve removed 3985 rows and 19865 columns
Presolve time: 0.13s
Presolved: 1220 rows, 1495 columns, 11096 nonzeros
Found heuristic solution: objective 10225.000000
Variable types: 0 continuous, 1495 integer (1398 binary)

Root relaxation: objective 1.068300e+04, 1 iterations, 0.00 seconds

    Nodes    |    Current Node    |     Objective Bounds      |     Work
 Expl Unexpl |  Obj  Depth IntInf | Incumbent    BestBd   Gap | It/Node Time

*    0     0               0    10683.000000 10683.0000  0.00%     -    0s

Explored 0 nodes (1 simplex iterations) in 0.16 seconds
Thread count was 12 (of 12 available processors)

Solution count 5: 10683 10225 9896 ... 8081

Optimal solution found (tolerance 1.00e-04)
Best objective 1.068300000000e+04, best bound 1.068300000000e+04, gap 0.0000%

Gurobi 9.1.1 (win64) logging started Wed Mar 10 01:23:58 2021

Changed value of parameter LogFile to ../results/logs/log_samuel_kroger_2021_03_10_01_17_16.csv_5_3.log
   Prev:   Default: 
Gurobi Optimizer version 9.1.1 build v9.1.1rc0 (win64)
Thread count: 6 physical cores, 12 logical processors, using up to 12 threads
Optimize a model with 5205 rows, 21360 columns and 86874 nonzeros
Model fingerprint: 0x88e95c9f
Variable types: 0 continuous, 21360 integer (21360 binary)
Coefficient statistics:
  Matrix range     [1e+00, 5e+00]
  Objective range  [1e+00, 1e+00]
  Bounds range     [1e+00, 1e+00]
  RHS range        [1e+00, 3e+00]

Warning: Completing partial solution with 19834 unfixed non-continuous variables out of 21360
User MIP start produced solution with objective 10683 (0.03s)
Loaded user MIP start with objective 10683

Presolve removed 5205 rows and 21360 columns
Presolve time: 0.13s
Presolve: All rows and columns removed

Explored 0 nodes (0 simplex iterations) in 0.16 seconds
Thread count was 1 (of 12 available processors)

Solution count 1: 10683 

Optimal solution found (tolerance 1.00e-04)
Best objective 1.068300000000e+04, best bound 1.068300000000e+04, gap 0.0000%

Gurobi 9.1.1 (win64) logging started Wed Mar 10 01:24:00 2021

Changed value of parameter LogFile to ../results/logs/log_samuel_kroger_2021_03_10_01_17_16.csv_5_3.log
   Prev:   Default: 
Gurobi Optimizer version 9.1.1 build v9.1.1rc0 (win64)
Thread count: 6 physical cores, 12 logical processors, using up to 12 threads
Optimize a model with 3682 rows, 21360 columns and 32567 nonzeros
Model fingerprint: 0xe06540aa
Variable types: 0 continuous, 21360 integer (21360 binary)
Coefficient statistics:
  Matrix range     [1e+00, 5e+00]
  Objective range  [1e+00, 1e+00]
  Bounds range     [1e+00, 1e+00]
  RHS range        [1e+00, 3e+00]
Found heuristic solution: objective 9624.0000000
Found heuristic solution: objective 10332.000000
Found heuristic solution: objective 10455.000000
Presolve removed 3348 rows and 20865 columns
Presolve time: 0.04s
Presolved: 334 rows, 495 columns, 1891 nonzeros
Found heuristic solution: objective 10578.000000
Variable types: 0 continuous, 495 integer (429 binary)

Root relaxation: objective 1.068300e+04, 0 iterations, 0.00 seconds

    Nodes    |    Current Node    |     Objective Bounds      |     Work
 Expl Unexpl |  Obj  Depth IntInf | Incumbent    BestBd   Gap | It/Node Time

*    0     0               0    10683.000000 10683.0000  0.00%     -    0s

Explored 0 nodes (0 simplex iterations) in 0.05 seconds
Thread count was 12 (of 12 available processors)

Solution count 5: 10683 10578 10455 ... 9624

Optimal solution found (tolerance 1.00e-04)
Best objective 1.068300000000e+04, best bound 1.068300000000e+04, gap 0.0000%

Gurobi 9.1.1 (win64) logging started Wed Mar 10 01:24:02 2021

Changed value of parameter LogFile to ../results/logs/log_samuel_kroger_2021_03_10_01_17_16.csv_5_3.log
   Prev:   Default: 
Gurobi Optimizer version 9.1.1 build v9.1.1rc0 (win64)
Thread count: 6 physical cores, 12 logical processors, using up to 12 threads
Optimize a model with 3682 rows, 21360 columns and 32567 nonzeros
Model fingerprint: 0x6be39a7a
Variable types: 0 continuous, 21360 integer (21360 binary)
Coefficient statistics:
  Matrix range     [1e+00, 5e+00]
  Objective range  [1e+00, 1e+00]
  Bounds range     [1e+00, 1e+00]
  RHS range        [1e+00, 3e+00]

User MIP start produced solution with objective 10683 (0.02s)
Loaded user MIP start with objective 10683

Presolve removed 3682 rows and 21360 columns
Presolve time: 0.03s
Presolve: All rows and columns removed

Explored 0 nodes (0 simplex iterations) in 0.06 seconds
Thread count was 1 (of 12 available processors)

Solution count 1: 10683 

Optimal solution found (tolerance 1.00e-04)
Best objective 1.068300000000e+04, best bound 1.068300000000e+04, gap 0.0000%

Gurobi 9.1.1 (win64) logging started Wed Mar 10 01:24:28 2021

Changed value of parameter LogFile to ../results/logs/log_samuel_kroger_2021_03_10_01_17_16.csv_5_3.log
   Prev:   Default: 
Gurobi Optimizer version 9.1.1 build v9.1.1rc0 (win64)
Thread count: 6 physical cores, 12 logical processors, using up to 12 threads
Optimize a model with 169 rows, 210 columns and 1969 nonzeros
Model fingerprint: 0x026c904a
Variable types: 0 continuous, 210 integer (210 binary)
Coefficient statistics:
  Matrix range     [1e+00, 5e+00]
  Objective range  [1e+00, 1e+00]
  Bounds range     [1e+00, 1e+00]
  RHS range        [1e+00, 3e+00]
Found heuristic solution: objective 24.0000000
Found heuristic solution: objective 29.0000000
Presolve removed 0 rows and 21 columns
Presolve time: 0.00s
Presolved: 169 rows, 189 columns, 1901 nonzeros
Variable types: 0 continuous, 189 integer (189 binary)

Root relaxation: objective 1.080000e+02, 2 iterations, 0.00 seconds

    Nodes    |    Current Node    |     Objective Bounds      |     Work
 Expl Unexpl |  Obj  Depth IntInf | Incumbent    BestBd   Gap | It/Node Time

*    0     0               0     108.0000000  108.00000  0.00%     -    0s

Explored 0 nodes (2 simplex iterations) in 0.00 seconds
Thread count was 12 (of 12 available processors)

Solution count 3: 108 29 24 

Optimal solution found (tolerance 1.00e-04)
Best objective 1.080000000000e+02, best bound 1.080000000000e+02, gap 0.0000%

Gurobi 9.1.1 (win64) logging started Wed Mar 10 01:24:28 2021

Changed value of parameter LogFile to ../results/logs/log_samuel_kroger_2021_03_10_01_17_16.csv_5_3.log
   Prev:   Default: 
Gurobi Optimizer version 9.1.1 build v9.1.1rc0 (win64)
Thread count: 6 physical cores, 12 logical processors, using up to 12 threads
Optimize a model with 169 rows, 210 columns and 1969 nonzeros
Model fingerprint: 0x6d3548d3
Variable types: 0 continuous, 210 integer (210 binary)
Coefficient statistics:
  Matrix range     [1e+00, 5e+00]
  Objective range  [1e+00, 1e+00]
  Bounds range     [1e+00, 1e+00]
  RHS range        [1e+00, 3e+00]

User MIP start produced solution with objective 108 (0.00s)
Loaded user MIP start with objective 108

Presolve removed 0 rows and 21 columns
Presolve time: 0.00s
Presolved: 169 rows, 189 columns, 1901 nonzeros
Variable types: 0 continuous, 189 integer (189 binary)

Root relaxation: cutoff, 0 iterations, 0.00 seconds

Explored 0 nodes (0 simplex iterations) in 0.00 seconds
Thread count was 12 (of 12 available processors)

Solution count 1: 108 

Optimal solution found (tolerance 1.00e-04)
Best objective 1.080000000000e+02, best bound 1.080000000000e+02, gap 0.0000%

Gurobi 9.1.1 (win64) logging started Wed Mar 10 01:24:28 2021

Changed value of parameter LogFile to ../results/logs/log_samuel_kroger_2021_03_10_01_17_16.csv_5_3.log
   Prev:   Default: 
Gurobi Optimizer version 9.1.1 build v9.1.1rc0 (win64)
Thread count: 6 physical cores, 12 logical processors, using up to 12 threads
Optimize a model with 104 rows, 210 columns and 518 nonzeros
Model fingerprint: 0xa95ffe7d
Variable types: 0 continuous, 210 integer (210 binary)
Coefficient statistics:
  Matrix range     [1e+00, 4e+00]
  Objective range  [1e+00, 1e+00]
  Bounds range     [1e+00, 1e+00]
  RHS range        [1e+00, 3e+00]
Found heuristic solution: objective 92.0000000
Found heuristic solution: objective 97.0000000
Presolve removed 83 rows and 185 columns
Presolve time: 0.00s
Presolved: 21 rows, 25 columns, 110 nonzeros
Found heuristic solution: objective 107.0000000
Found heuristic solution: objective 108.0000000
Variable types: 0 continuous, 25 integer (25 binary)

Explored 0 nodes (0 simplex iterations) in 0.00 seconds
Thread count was 12 (of 12 available processors)

Solution count 4: 108 107 97 92 

Optimal solution found (tolerance 1.00e-04)
Best objective 1.080000000000e+02, best bound 1.080000000000e+02, gap 0.0000%

Gurobi 9.1.1 (win64) logging started Wed Mar 10 01:24:28 2021

Changed value of parameter LogFile to ../results/logs/log_samuel_kroger_2021_03_10_01_17_16.csv_5_3.log
   Prev:   Default: 
Gurobi Optimizer version 9.1.1 build v9.1.1rc0 (win64)
Thread count: 6 physical cores, 12 logical processors, using up to 12 threads
Optimize a model with 104 rows, 210 columns and 518 nonzeros
Model fingerprint: 0x15f52f00
Variable types: 0 continuous, 210 integer (210 binary)
Coefficient statistics:
  Matrix range     [1e+00, 4e+00]
  Objective range  [1e+00, 1e+00]
  Bounds range     [1e+00, 1e+00]
  RHS range        [1e+00, 3e+00]

User MIP start produced solution with objective 108 (0.00s)
Loaded user MIP start with objective 108

Presolve removed 104 rows and 210 columns
Presolve time: 0.00s
Presolve: All rows and columns removed

Explored 0 nodes (0 simplex iterations) in 0.00 seconds
Thread count was 1 (of 12 available processors)

Solution count 1: 108 

Optimal solution found (tolerance 1.00e-04)
Best objective 1.080000000000e+02, best bound 1.080000000000e+02, gap 0.0000%

Gurobi 9.1.1 (win64) logging started Wed Mar 10 01:25:09 2021

Changed value of parameter LogFile to ../results/logs/log_samuel_kroger_2021_03_10_01_17_16.csv_5_3.log
   Prev:   Default: 
Gurobi Optimizer version 9.1.1 build v9.1.1rc0 (win64)
Thread count: 6 physical cores, 12 logical processors, using up to 12 threads
Optimize a model with 1197 rows, 9882 columns and 14467 nonzeros
Model fingerprint: 0x2f55a1a5
Variable types: 0 continuous, 9882 integer (9882 binary)
Coefficient statistics:
  Matrix range     [1e+00, 5e+00]
  Objective range  [1e+00, 1e+00]
  Bounds range     [1e+00, 1e+00]
  RHS range        [1e+00, 3e+00]
Found heuristic solution: objective 4346.0000000
Found heuristic solution: objective 4678.0000000
Found heuristic solution: objective 4721.0000000
Presolve removed 852 rows and 9326 columns
Presolve time: 0.02s
Presolved: 345 rows, 556 columns, 2070 nonzeros
Found heuristic solution: objective 4853.0000000
Variable types: 0 continuous, 556 integer (449 binary)

Root relaxation: objective 4.944000e+03, 0 iterations, 0.00 seconds

    Nodes    |    Current Node    |     Objective Bounds      |     Work
 Expl Unexpl |  Obj  Depth IntInf | Incumbent    BestBd   Gap | It/Node Time

*    0     0               0    4944.0000000 4944.00000  0.00%     -    0s

Explored 0 nodes (0 simplex iterations) in 0.03 seconds
Thread count was 12 (of 12 available processors)

Solution count 5: 4944 4853 4721 ... 4346

Optimal solution found (tolerance 1.00e-04)
Best objective 4.944000000000e+03, best bound 4.944000000000e+03, gap 0.0000%

Gurobi 9.1.1 (win64) logging started Wed Mar 10 01:25:10 2021

Changed value of parameter LogFile to ../results/logs/log_samuel_kroger_2021_03_10_01_17_16.csv_5_3.log
   Prev:   Default: 
Gurobi Optimizer version 9.1.1 build v9.1.1rc0 (win64)
Thread count: 6 physical cores, 12 logical processors, using up to 12 threads
Optimize a model with 1197 rows, 9882 columns and 14467 nonzeros
Model fingerprint: 0xa9c9ea4c
Variable types: 0 continuous, 9882 integer (9882 binary)
Coefficient statistics:
  Matrix range     [1e+00, 5e+00]
  Objective range  [1e+00, 1e+00]
  Bounds range     [1e+00, 1e+00]
  RHS range        [1e+00, 3e+00]

Warning: Completing partial solution with 9867 unfixed non-continuous variables out of 9882
User MIP start produced solution with objective 4944 (0.01s)
Loaded user MIP start with objective 4944

Presolve removed 1197 rows and 9882 columns
Presolve time: 0.02s
Presolve: All rows and columns removed

Explored 0 nodes (0 simplex iterations) in 0.03 seconds
Thread count was 1 (of 12 available processors)

Solution count 1: 4944 

Optimal solution found (tolerance 1.00e-04)
Best objective 4.944000000000e+03, best bound 4.944000000000e+03, gap 0.0000%

Gurobi 9.1.1 (win64) logging started Wed Mar 10 01:25:11 2021

Changed value of parameter LogFile to ../results/logs/log_samuel_kroger_2021_03_10_01_17_16.csv_5_3.log
   Prev:   Default: 
Gurobi Optimizer version 9.1.1 build v9.1.1rc0 (win64)
Thread count: 6 physical cores, 12 logical processors, using up to 12 threads
Optimize a model with 1185 rows, 9882 columns and 14255 nonzeros
Model fingerprint: 0x9639ada3
Variable types: 0 continuous, 9882 integer (9882 binary)
Coefficient statistics:
  Matrix range     [1e+00, 5e+00]
  Objective range  [1e+00, 1e+00]
  Bounds range     [1e+00, 1e+00]
  RHS range        [1e+00, 3e+00]
Found heuristic solution: objective 4358.0000000
Found heuristic solution: objective 4694.0000000
Found heuristic solution: objective 4738.0000000
Presolve removed 906 rows and 9420 columns
Presolve time: 0.03s
Presolved: 279 rows, 462 columns, 1507 nonzeros
Found heuristic solution: objective 4872.0000000
Variable types: 0 continuous, 462 integer (360 binary)

Root relaxation: objective 4.944000e+03, 0 iterations, 0.00 seconds

    Nodes    |    Current Node    |     Objective Bounds      |     Work
 Expl Unexpl |  Obj  Depth IntInf | Incumbent    BestBd   Gap | It/Node Time

*    0     0               0    4944.0000000 4944.00000  0.00%     -    0s

Explored 0 nodes (0 simplex iterations) in 0.04 seconds
Thread count was 12 (of 12 available processors)

Solution count 5: 4944 4872 4738 ... 4358

Optimal solution found (tolerance 1.00e-04)
Best objective 4.944000000000e+03, best bound 4.944000000000e+03, gap 0.0000%

Gurobi 9.1.1 (win64) logging started Wed Mar 10 01:25:11 2021

Changed value of parameter LogFile to ../results/logs/log_samuel_kroger_2021_03_10_01_17_16.csv_5_3.log
   Prev:   Default: 
Gurobi Optimizer version 9.1.1 build v9.1.1rc0 (win64)
Thread count: 6 physical cores, 12 logical processors, using up to 12 threads
Optimize a model with 1185 rows, 9882 columns and 14255 nonzeros
Model fingerprint: 0x86530fed
Variable types: 0 continuous, 9882 integer (9882 binary)
Coefficient statistics:
  Matrix range     [1e+00, 5e+00]
  Objective range  [1e+00, 1e+00]
  Bounds range     [1e+00, 1e+00]
  RHS range        [1e+00, 3e+00]

Warning: Completing partial solution with 9855 unfixed non-continuous variables out of 9882
User MIP start produced solution with objective 4944 (0.01s)
Loaded user MIP start with objective 4944

Presolve removed 1185 rows and 9882 columns
Presolve time: 0.03s
Presolve: All rows and columns removed

Explored 0 nodes (0 simplex iterations) in 0.04 seconds
Thread count was 1 (of 12 available processors)

Solution count 1: 4944 

Optimal solution found (tolerance 1.00e-04)
Best objective 4.944000000000e+03, best bound 4.944000000000e+03, gap 0.0000%

Gurobi 9.1.1 (win64) logging started Wed Mar 10 01:27:17 2021

Changed value of parameter LogFile to ../results/logs/log_samuel_kroger_2021_03_10_01_17_16.csv_5_3.log
   Prev:   Default: 
Gurobi Optimizer version 9.1.1 build v9.1.1rc0 (win64)
Thread count: 6 physical cores, 12 logical processors, using up to 12 threads
Optimize a model with 2001 rows, 2000 columns and 493012 nonzeros
Model fingerprint: 0xcebdb36b
Variable types: 0 continuous, 2000 integer (2000 binary)
Coefficient statistics:
  Matrix range     [1e+00, 5e+00]
  Objective range  [1e+00, 1e+00]
  Bounds range     [1e+00, 1e+00]
  RHS range        [1e+00, 3e+00]
Found heuristic solution: objective 3.0000000
Presolve time: 2.98s
Presolved: 2001 rows, 2000 columns, 493012 nonzeros
Variable types: 0 continuous, 2000 integer (2000 binary)

Root relaxation: objective 1.000000e+03, 0 iterations, 0.03 seconds

    Nodes    |    Current Node    |     Objective Bounds      |     Work
 Expl Unexpl |  Obj  Depth IntInf | Incumbent    BestBd   Gap | It/Node Time

*    0     0               0    1000.0000000 1000.00000  0.00%     -    3s

Explored 0 nodes (0 simplex iterations) in 3.12 seconds
Thread count was 12 (of 12 available processors)

Solution count 2: 1000 3 

Optimal solution found (tolerance 1.00e-04)
Best objective 1.000000000000e+03, best bound 1.000000000000e+03, gap 0.0000%

Gurobi 9.1.1 (win64) logging started Wed Mar 10 01:27:22 2021

Changed value of parameter LogFile to ../results/logs/log_samuel_kroger_2021_03_10_01_17_16.csv_5_3.log
   Prev:   Default: 
Gurobi Optimizer version 9.1.1 build v9.1.1rc0 (win64)
Thread count: 6 physical cores, 12 logical processors, using up to 12 threads
Optimize a model with 2001 rows, 2000 columns and 493012 nonzeros
Model fingerprint: 0xc19e7613
Variable types: 0 continuous, 2000 integer (2000 binary)
Coefficient statistics:
  Matrix range     [1e+00, 5e+00]
  Objective range  [1e+00, 1e+00]
  Bounds range     [1e+00, 1e+00]
  RHS range        [1e+00, 3e+00]

User MIP start produced solution with objective 1000 (0.07s)
Loaded user MIP start with objective 1000

Presolve time: 2.99s
Presolved: 2001 rows, 2000 columns, 493012 nonzeros
Variable types: 0 continuous, 2000 integer (2000 binary)

Root relaxation: cutoff, 0 iterations, 0.03 seconds

Explored 0 nodes (0 simplex iterations) in 3.12 seconds
Thread count was 12 (of 12 available processors)

Solution count 1: 1000 

Optimal solution found (tolerance 1.00e-04)
Best objective 1.000000000000e+03, best bound 1.000000000000e+03, gap 0.0000%

Gurobi 9.1.1 (win64) logging started Wed Mar 10 01:27:26 2021

Changed value of parameter LogFile to ../results/logs/log_samuel_kroger_2021_03_10_01_17_16.csv_5_3.log
   Prev:   Default: 
Gurobi Optimizer version 9.1.1 build v9.1.1rc0 (win64)
Thread count: 6 physical cores, 12 logical processors, using up to 12 threads
Optimize a model with 1001 rows, 2000 columns and 3000 nonzeros
Model fingerprint: 0x72e0207e
Variable types: 0 continuous, 2000 integer (2000 binary)
Coefficient statistics:
  Matrix range     [1e+00, 1e+00]
  Objective range  [1e+00, 1e+00]
  Bounds range     [0e+00, 0e+00]
  RHS range        [1e+00, 3e+00]
Found heuristic solution: objective 1000.0000000

Explored 0 nodes (0 simplex iterations) in 0.00 seconds
Thread count was 1 (of 12 available processors)

Solution count 1: 1000 

Optimal solution found (tolerance 1.00e-04)
Best objective 1.000000000000e+03, best bound 1.000000000000e+03, gap 0.0000%

Gurobi 9.1.1 (win64) logging started Wed Mar 10 01:27:27 2021

Changed value of parameter LogFile to ../results/logs/log_samuel_kroger_2021_03_10_01_17_16.csv_5_3.log
   Prev:   Default: 
Gurobi Optimizer version 9.1.1 build v9.1.1rc0 (win64)
Thread count: 6 physical cores, 12 logical processors, using up to 12 threads
Optimize a model with 1001 rows, 2000 columns and 3000 nonzeros
Model fingerprint: 0xc1b70995
Variable types: 0 continuous, 2000 integer (2000 binary)
Coefficient statistics:
  Matrix range     [1e+00, 1e+00]
  Objective range  [1e+00, 1e+00]
  Bounds range     [0e+00, 0e+00]
  RHS range        [1e+00, 3e+00]

Loaded user MIP start with objective 1000


Explored 0 nodes (0 simplex iterations) in 0.00 seconds
Thread count was 1 (of 12 available processors)

Solution count 1: 1000 

Optimal solution found (tolerance 1.00e-04)
Best objective 1.000000000000e+03, best bound 1.000000000000e+03, gap 0.0000%

Gurobi 9.1.1 (win64) logging started Wed Mar 10 01:28:07 2021

Changed value of parameter LogFile to ../results/logs/log_samuel_kroger_2021_03_10_01_17_16.csv_5_3.log
   Prev:   Default: 
Gurobi Optimizer version 9.1.1 build v9.1.1rc0 (win64)
Thread count: 6 physical cores, 12 logical processors, using up to 12 threads
Optimize a model with 601 rows, 600 columns and 44932 nonzeros
Model fingerprint: 0xb0971c0d
Variable types: 0 continuous, 600 integer (600 binary)
Coefficient statistics:
  Matrix range     [1e+00, 5e+00]
  Objective range  [1e+00, 1e+00]
  Bounds range     [1e+00, 1e+00]
  RHS range        [1e+00, 3e+00]
Found heuristic solution: objective 3.0000000
Presolve time: 0.12s
Presolved: 601 rows, 600 columns, 44932 nonzeros
Variable types: 0 continuous, 600 integer (600 binary)

Root relaxation: objective 3.000000e+02, 0 iterations, 0.00 seconds

    Nodes    |    Current Node    |     Objective Bounds      |     Work
 Expl Unexpl |  Obj  Depth IntInf | Incumbent    BestBd   Gap | It/Node Time

*    0     0               0     300.0000000  300.00000  0.00%     -    0s

Explored 0 nodes (0 simplex iterations) in 0.14 seconds
Thread count was 12 (of 12 available processors)

Solution count 2: 300 3 

Optimal solution found (tolerance 1.00e-04)
Best objective 3.000000000000e+02, best bound 3.000000000000e+02, gap 0.0000%

Gurobi 9.1.1 (win64) logging started Wed Mar 10 01:28:07 2021

Changed value of parameter LogFile to ../results/logs/log_samuel_kroger_2021_03_10_01_17_16.csv_5_3.log
   Prev:   Default: 
Gurobi Optimizer version 9.1.1 build v9.1.1rc0 (win64)
Thread count: 6 physical cores, 12 logical processors, using up to 12 threads
Optimize a model with 601 rows, 600 columns and 44932 nonzeros
Model fingerprint: 0xbd9a2761
Variable types: 0 continuous, 600 integer (600 binary)
Coefficient statistics:
  Matrix range     [1e+00, 5e+00]
  Objective range  [1e+00, 1e+00]
  Bounds range     [1e+00, 1e+00]
  RHS range        [1e+00, 3e+00]

User MIP start produced solution with objective 300 (0.00s)
Loaded user MIP start with objective 300

Presolve time: 0.12s
Presolved: 601 rows, 600 columns, 44932 nonzeros
Variable types: 0 continuous, 600 integer (600 binary)

Root relaxation: cutoff, 0 iterations, 0.00 seconds

Explored 0 nodes (0 simplex iterations) in 0.13 seconds
Thread count was 12 (of 12 available processors)

Solution count 1: 300 

Optimal solution found (tolerance 1.00e-04)
Best objective 3.000000000000e+02, best bound 3.000000000000e+02, gap 0.0000%

Gurobi 9.1.1 (win64) logging started Wed Mar 10 01:28:07 2021

Changed value of parameter LogFile to ../results/logs/log_samuel_kroger_2021_03_10_01_17_16.csv_5_3.log
   Prev:   Default: 
Gurobi Optimizer version 9.1.1 build v9.1.1rc0 (win64)
Thread count: 6 physical cores, 12 logical processors, using up to 12 threads
Optimize a model with 301 rows, 600 columns and 900 nonzeros
Model fingerprint: 0x1dc33502
Variable types: 0 continuous, 600 integer (600 binary)
Coefficient statistics:
  Matrix range     [1e+00, 1e+00]
  Objective range  [1e+00, 1e+00]
  Bounds range     [0e+00, 0e+00]
  RHS range        [1e+00, 3e+00]
Found heuristic solution: objective 300.0000000

Explored 0 nodes (0 simplex iterations) in 0.00 seconds
Thread count was 1 (of 12 available processors)

Solution count 1: 300 

Optimal solution found (tolerance 1.00e-04)
Best objective 3.000000000000e+02, best bound 3.000000000000e+02, gap 0.0000%

Gurobi 9.1.1 (win64) logging started Wed Mar 10 01:28:07 2021

Changed value of parameter LogFile to ../results/logs/log_samuel_kroger_2021_03_10_01_17_16.csv_5_3.log
   Prev:   Default: 
Gurobi Optimizer version 9.1.1 build v9.1.1rc0 (win64)
Thread count: 6 physical cores, 12 logical processors, using up to 12 threads
Optimize a model with 301 rows, 600 columns and 900 nonzeros
Model fingerprint: 0xef11e832
Variable types: 0 continuous, 600 integer (600 binary)
Coefficient statistics:
  Matrix range     [1e+00, 1e+00]
  Objective range  [1e+00, 1e+00]
  Bounds range     [0e+00, 0e+00]
  RHS range        [1e+00, 3e+00]

Loaded user MIP start with objective 300


Explored 0 nodes (0 simplex iterations) in 0.00 seconds
Thread count was 1 (of 12 available processors)

Solution count 1: 300 

Optimal solution found (tolerance 1.00e-04)
Best objective 3.000000000000e+02, best bound 3.000000000000e+02, gap 0.0000%

Gurobi 9.1.1 (win64) logging started Wed Mar 10 01:28:09 2021

Changed value of parameter LogFile to ../results/logs/log_samuel_kroger_2021_03_10_01_17_16.csv_5_3.log
   Prev:   Default: 
Gurobi Optimizer version 9.1.1 build v9.1.1rc0 (win64)
Thread count: 6 physical cores, 12 logical processors, using up to 12 threads
Optimize a model with 1 rows, 12 columns and 6 nonzeros
Model fingerprint: 0xa806003a
Variable types: 0 continuous, 12 integer (12 binary)
Coefficient statistics:
  Matrix range     [1e+00, 1e+00]
  Objective range  [1e+00, 1e+00]
  Bounds range     [1e+00, 1e+00]
  RHS range        [3e+00, 3e+00]
Found heuristic solution: objective 9.0000000
Presolve removed 1 rows and 12 columns
Presolve time: 0.00s
Presolve: All rows and columns removed

Explored 0 nodes (0 simplex iterations) in 0.00 seconds
Thread count was 1 (of 12 available processors)

Solution count 1: 9 

Optimal solution found (tolerance 1.00e-04)
Best objective 9.000000000000e+00, best bound 9.000000000000e+00, gap 0.0000%

Gurobi 9.1.1 (win64) logging started Wed Mar 10 01:28:09 2021

Changed value of parameter LogFile to ../results/logs/log_samuel_kroger_2021_03_10_01_17_16.csv_5_3.log
   Prev:   Default: 
Gurobi Optimizer version 9.1.1 build v9.1.1rc0 (win64)
Thread count: 6 physical cores, 12 logical processors, using up to 12 threads
Optimize a model with 1 rows, 12 columns and 6 nonzeros
Model fingerprint: 0xdc1506c9
Variable types: 0 continuous, 12 integer (12 binary)
Coefficient statistics:
  Matrix range     [1e+00, 1e+00]
  Objective range  [1e+00, 1e+00]
  Bounds range     [1e+00, 1e+00]
  RHS range        [3e+00, 3e+00]

User MIP start produced solution with objective 9 (0.00s)
Loaded user MIP start with objective 9

Presolve removed 1 rows and 12 columns
Presolve time: 0.00s
Presolve: All rows and columns removed

Explored 0 nodes (0 simplex iterations) in 0.00 seconds
Thread count was 1 (of 12 available processors)

Solution count 1: 9 

Optimal solution found (tolerance 1.00e-04)
Best objective 9.000000000000e+00, best bound 9.000000000000e+00, gap 0.0000%

Gurobi 9.1.1 (win64) logging started Wed Mar 10 01:28:09 2021

Changed value of parameter LogFile to ../results/logs/log_samuel_kroger_2021_03_10_01_17_16.csv_5_3.log
   Prev:   Default: 
Gurobi Optimizer version 9.1.1 build v9.1.1rc0 (win64)
Thread count: 6 physical cores, 12 logical processors, using up to 12 threads
Optimize a model with 1 rows, 12 columns and 6 nonzeros
Model fingerprint: 0xa806003a
Variable types: 0 continuous, 12 integer (12 binary)
Coefficient statistics:
  Matrix range     [1e+00, 1e+00]
  Objective range  [1e+00, 1e+00]
  Bounds range     [1e+00, 1e+00]
  RHS range        [3e+00, 3e+00]
Found heuristic solution: objective 9.0000000
Presolve removed 1 rows and 12 columns
Presolve time: 0.00s
Presolve: All rows and columns removed

Explored 0 nodes (0 simplex iterations) in 0.00 seconds
Thread count was 1 (of 12 available processors)

Solution count 1: 9 

Optimal solution found (tolerance 1.00e-04)
Best objective 9.000000000000e+00, best bound 9.000000000000e+00, gap 0.0000%

Gurobi 9.1.1 (win64) logging started Wed Mar 10 01:28:09 2021

Changed value of parameter LogFile to ../results/logs/log_samuel_kroger_2021_03_10_01_17_16.csv_5_3.log
   Prev:   Default: 
Gurobi Optimizer version 9.1.1 build v9.1.1rc0 (win64)
Thread count: 6 physical cores, 12 logical processors, using up to 12 threads
Optimize a model with 1 rows, 12 columns and 6 nonzeros
Model fingerprint: 0xdc1506c9
Variable types: 0 continuous, 12 integer (12 binary)
Coefficient statistics:
  Matrix range     [1e+00, 1e+00]
  Objective range  [1e+00, 1e+00]
  Bounds range     [1e+00, 1e+00]
  RHS range        [3e+00, 3e+00]

User MIP start produced solution with objective 9 (0.00s)
Loaded user MIP start with objective 9

Presolve removed 1 rows and 12 columns
Presolve time: 0.00s
Presolve: All rows and columns removed

Explored 0 nodes (0 simplex iterations) in 0.00 seconds
Thread count was 1 (of 12 available processors)

Solution count 1: 9 

Optimal solution found (tolerance 1.00e-04)
Best objective 9.000000000000e+00, best bound 9.000000000000e+00, gap 0.0000%

Gurobi 9.1.1 (win64) logging started Wed Mar 10 01:30:20 2021

Changed value of parameter LogFile to ../results/logs/log_samuel_kroger_2021_03_10_01_17_16.csv_5_3.log
   Prev:   Default: 
Gurobi Optimizer version 9.1.1 build v9.1.1rc0 (win64)
Thread count: 6 physical cores, 12 logical processors, using up to 12 threads
Optimize a model with 7055 rows, 14230 columns and 409268 nonzeros
Model fingerprint: 0x4da8ce27
Variable types: 0 continuous, 14230 integer (14230 binary)
Coefficient statistics:
  Matrix range     [1e+00, 5e+00]
  Objective range  [1e+00, 1e+00]
  Bounds range     [1e+00, 1e+00]
  RHS range        [1e+00, 3e+00]
Found heuristic solution: objective 3591.0000000
Found heuristic solution: objective 6965.0000000
Found heuristic solution: objective 7115.0000000
Presolve removed 7055 rows and 14230 columns
Presolve time: 0.32s
Presolve: All rows and columns removed

Explored 0 nodes (0 simplex iterations) in 0.34 seconds
Thread count was 1 (of 12 available processors)

Solution count 4: 7118 

Optimal solution found (tolerance 1.00e-04)
Best objective 7.118000000000e+03, best bound 7.118000000000e+03, gap 0.0000%

Gurobi 9.1.1 (win64) logging started Wed Mar 10 01:30:21 2021

Changed value of parameter LogFile to ../results/logs/log_samuel_kroger_2021_03_10_01_17_16.csv_5_3.log
   Prev:   Default: 
Gurobi Optimizer version 9.1.1 build v9.1.1rc0 (win64)
Thread count: 6 physical cores, 12 logical processors, using up to 12 threads
Optimize a model with 7055 rows, 14230 columns and 409268 nonzeros
Model fingerprint: 0xe73bf0d3
Variable types: 0 continuous, 14230 integer (14230 binary)
Coefficient statistics:
  Matrix range     [1e+00, 5e+00]
  Objective range  [1e+00, 1e+00]
  Bounds range     [1e+00, 1e+00]
  RHS range        [1e+00, 3e+00]

User MIP start produced solution with objective 7118 (0.06s)
Loaded user MIP start with objective 7118

Presolve removed 7055 rows and 14230 columns
Presolve time: 0.32s
Presolve: All rows and columns removed

Explored 0 nodes (0 simplex iterations) in 0.39 seconds
Thread count was 1 (of 12 available processors)

Solution count 1: 7118 

Optimal solution found (tolerance 1.00e-04)
Best objective 7.118000000000e+03, best bound 7.118000000000e+03, gap 0.0000%

Gurobi 9.1.1 (win64) logging started Wed Mar 10 01:30:26 2021

Changed value of parameter LogFile to ../results/logs/log_samuel_kroger_2021_03_10_01_17_16.csv_5_3.log
   Prev:   Default: 
Gurobi Optimizer version 9.1.1 build v9.1.1rc0 (win64)
Thread count: 6 physical cores, 12 logical processors, using up to 12 threads
Optimize a model with 3542 rows, 14230 columns and 14327 nonzeros
Model fingerprint: 0x7e92cd70
Variable types: 0 continuous, 14230 integer (14230 binary)
Coefficient statistics:
  Matrix range     [1e+00, 4e+00]
  Objective range  [1e+00, 1e+00]
  Bounds range     [1e+00, 1e+00]
  RHS range        [1e+00, 3e+00]
Found heuristic solution: objective 7104.0000000
Found heuristic solution: objective 7118.0000000
Presolve removed 3542 rows and 14230 columns
Presolve time: 0.00s
Presolve: All rows and columns removed

Explored 0 nodes (0 simplex iterations) in 0.01 seconds
Thread count was 1 (of 12 available processors)

Solution count 2: 7118 

Optimal solution found (tolerance 1.00e-04)
Best objective 7.118000000000e+03, best bound 7.118000000000e+03, gap 0.0000%

Gurobi 9.1.1 (win64) logging started Wed Mar 10 01:30:27 2021

Changed value of parameter LogFile to ../results/logs/log_samuel_kroger_2021_03_10_01_17_16.csv_5_3.log
   Prev:   Default: 
Gurobi Optimizer version 9.1.1 build v9.1.1rc0 (win64)
Thread count: 6 physical cores, 12 logical processors, using up to 12 threads
Optimize a model with 3542 rows, 14230 columns and 14327 nonzeros
Model fingerprint: 0x1ae43031
Variable types: 0 continuous, 14230 integer (14230 binary)
Coefficient statistics:
  Matrix range     [1e+00, 4e+00]
  Objective range  [1e+00, 1e+00]
  Bounds range     [1e+00, 1e+00]
  RHS range        [1e+00, 3e+00]

User MIP start produced solution with objective 7118 (0.01s)
Loaded user MIP start with objective 7118

Presolve removed 3542 rows and 14230 columns
Presolve time: 0.00s
Presolve: All rows and columns removed

Explored 0 nodes (0 simplex iterations) in 0.01 seconds
Thread count was 1 (of 12 available processors)

Solution count 1: 7118 

Optimal solution found (tolerance 1.00e-04)
Best objective 7.118000000000e+03, best bound 7.118000000000e+03, gap 0.0000%
