
Gurobi 9.5.0 (win64) logging started Thu May 12 11:45:23 2022

Set parameter LogFile to value "../results/logs/log_facebook_combined_17_250_2022_05_12_11_45.log"
Set parameter LazyConstraints to value 1
Gurobi Optimizer version 9.5.0 build v9.5.0rc5 (win64)
Thread count: 6 physical cores, 12 logical processors, using up to 12 threads
Optimize a model with 9439068 rows, 12117 columns and 28321240 nonzeros
Model fingerprint: 0x282c255e
Variable types: 0 continuous, 12117 integer (12117 binary)
Coefficient statistics:
  Matrix range     [1e+00, 1e+00]
  Objective range  [1e+00, 1e+00]
  Bounds range     [1e+00, 1e+00]
  RHS range        [1e+00, 1e+00]
Found heuristic solution: objective 1003.0000000
Presolve removed 0 rows and 0 columns (presolve time = 5s) ...
Presolve removed 0 rows and 0 columns (presolve time = 10s) ...
Presolve removed 0 rows and 0 columns (presolve time = 15s) ...
Presolve removed 0 rows and 0 columns (presolve time = 20s) ...
Presolve removed 0 rows and 0 columns (presolve time = 25s) ...
Presolve removed 0 rows and 0 columns (presolve time = 30s) ...
Presolve removed 0 rows and 0 columns (presolve time = 35s) ...
Presolve removed 0 rows and 0 columns (presolve time = 41s) ...
Presolve removed 0 rows and 0 columns (presolve time = 45s) ...
Presolve removed 0 rows and 0 columns (presolve time = 50s) ...
Presolve removed 0 rows and 0 columns (presolve time = 87s) ...
Presolve removed 0 rows and 0 columns (presolve time = 90s) ...
Presolve time: 90.27s
Presolved: 9439068 rows, 12117 columns, 28321240 nonzeros
Variable types: 0 continuous, 12117 integer (12117 binary)

Deterministic concurrent LP optimizer: primal and dual simplex
Showing first log only...


Root simplex log...

Iteration    Objective       Primal Inf.    Dual Inf.      Time
       0    4.0390000e+03   1.000000e+00   8.736873e+08    127s
     323    4.0380000e+03   0.000000e+00   0.000000e+00    127s

Use crossover to convert LP symmetric solution to basic solution...

Root crossover log...

 5726249 variables added to crossover basis                      135s
 5726399 variables added to crossover basis                      141s
 5726549 variables added to crossover basis                      148s

Explored 0 nodes (0 simplex iterations) in 403.60 seconds (70.01 work units)
Thread count was 1 (of 12 available processors)

Solution count 0

Solve interrupted (error code 10001)
Best objective -, best bound -, gap -

User-callback calls 132730, time in user-callback 0.21 sec
