
Gurobi 9.5.0 (win64) logging started Tue Dec  7 12:28:02 2021

Set parameter LogFile to value "../results/logs/log_2021_12_07_12_26.csv_3_20.log"
Set parameter Method to value 3
Gurobi Optimizer version 9.5.0 build v9.5.0rc5 (win64)
Thread count: 6 physical cores, 12 logical processors, using up to 12 threads
Optimize a model with 5947 rows, 9882 columns and 44842 nonzeros
Model fingerprint: 0xd29a87de
Variable types: 4941 continuous, 4941 integer (4941 binary)
Coefficient statistics:
  Matrix range     [1e+00, 3e+00]
  Objective range  [1e+00, 1e+00]
  Bounds range     [1e+00, 1e+00]
  RHS range        [1e+00, 2e+01]
Found heuristic solution: objective 231.0000000
Presolve removed 2783 rows and 5534 columns
Presolve time: 0.06s
Presolved: 3164 rows, 4348 columns, 16843 nonzeros
Variable types: 2523 continuous, 1825 integer (1795 binary)
Found heuristic solution: objective 251.0000000

Concurrent LP optimizer: primal simplex, dual simplex, and barrier
Showing barrier log only...

Root barrier log...

Ordering time: 0.00s

Barrier statistics:
 AA' NZ     : 1.451e+04
 Factor NZ  : 4.269e+04 (roughly 3 MB of memory)
 Factor Ops : 6.627e+05 (less than 1 second per iteration)
 Threads    : 1

                  Objective                Residual
Iter       Primal          Dual         Primal    Dual     Compl     Time
   0   7.02277062e+03  1.26695930e+04  4.95e+03 3.93e+00  2.14e+01     0s
   1   1.38930537e+03  1.66202196e+04  4.77e+02 7.99e-15  2.98e+00     0s
   2   1.01503827e+03  5.08095704e+03  9.17e+01 7.99e-15  5.88e-01     0s
   3   9.99650243e+02  1.69546461e+03  1.60e+01 1.04e-14  9.86e-02     0s
   4   1.03341786e+03  1.25299759e+03  3.84e+00 7.85e-15  2.69e-02     0s
   5   1.05630725e+03  1.16882177e+03  1.57e+00 6.20e-15  1.25e-02     0s
   6   1.06697558e+03  1.11754052e+03  9.70e-01 6.18e-15  5.96e-03     0s
   7   1.07571154e+03  1.10352317e+03  5.44e-01 4.98e-15  3.25e-03     0s
   8   1.07896329e+03  1.09501742e+03  4.13e-01 6.05e-15  2.02e-03     0s
   9   1.08097318e+03  1.09249191e+03  3.28e-01 5.49e-15  1.49e-03     0s
  10   1.08193079e+03  1.09177965e+03  2.88e-01 1.99e-15  1.29e-03     0s

Barrier performed 10 iterations in 0.14 seconds (0.07 work units)
Barrier solve interrupted - model solved by another algorithm


Solved with primal simplex

Root relaxation: objective 1.089016e+03, 2578 iterations, 0.07 seconds (0.05 work units)

    Nodes    |    Current Node    |     Objective Bounds      |     Work
 Expl Unexpl |  Obj  Depth IntInf | Incumbent    BestBd   Gap | It/Node Time

     0     0 1089.01566    0 1250  251.00000 1089.01566   334%     -    0s
H    0     0                     252.0000000 1089.01566   332%     -    0s
     0     0  579.44019    0  580  252.00000  579.44019   130%     -    0s
     0     0  549.61023    0  473  252.00000  549.61023   118%     -    0s
     0     0  547.12587    0  469  252.00000  547.12587   117%     -    0s
     0     0  546.62030    0  461  252.00000  546.62030   117%     -    0s
     0     0  546.46510    0  464  252.00000  546.46510   117%     -    0s
H    0     0                     253.0000000  476.19651  88.2%     -    0s
     0     0  476.19651    0  388  253.00000  476.19651  88.2%     -    0s
     0     0  466.93330    0  388  253.00000  466.93330  84.6%     -    0s
     0     0  466.12760    0  389  253.00000  466.12760  84.2%     -    0s
     0     0  465.88234    0  385  253.00000  465.88234  84.1%     -    0s
H    0     0                     255.0000000  441.54125  73.2%     -    0s
     0     0  441.54125    0  336  255.00000  441.54125  73.2%     -    0s
H    0     0                     257.0000000  436.14436  69.7%     -    1s
     0     0  436.14436    0  338  257.00000  436.14436  69.7%     -    1s
H    0     0                     262.0000000  435.00565  66.0%     -    1s
     0     0  435.00565    0  368  262.00000  435.00565  66.0%     -    1s
     0     0  434.59922    0  376  262.00000  434.59922  65.9%     -    1s
H    0     0                     267.0000000  434.59922  62.8%     -    1s
H    0     0                     269.0000000  434.59922  61.6%     -    1s
     0     0  425.25076    0  377  269.00000  425.25076  58.1%     -    1s
H    0     0                     272.0000000  425.25076  56.3%     -    1s
     0     0  422.98334    0  410  272.00000  422.98334  55.5%     -    1s
     0     0  422.08543    0  327  272.00000  422.08543  55.2%     -    1s
     0     0  421.94582    0  338  272.00000  421.94582  55.1%     -    1s
     0     0  417.40520    0  405  272.00000  417.40520  53.5%     -    1s
     0     0  417.40520    0  405  272.00000  417.40520  53.5%     -    1s
     0     2  417.40520    0  405  272.00000  417.40520  53.5%     -    2s
H   35    38                     279.0000000  413.62140  48.3%  79.1    2s
H  114   125                     287.0000000  413.62140  44.1%  54.7    3s
H  152   159                     289.0000000  413.62140  43.1%  53.1    3s
H  414   424                     292.0000000  413.62140  41.7%  49.5    4s
H  418   424                     320.0000000  413.62140  29.3%  49.2    4s
H  420   424                     329.0000000  413.62140  25.7%  49.1    4s
   653   708  382.28897   95   60  329.00000  413.62140  25.7%  44.3    5s
H 1315  1194                     331.0000000  413.62077  25.0%  45.0    7s
H 1317  1136                     333.0000000  413.62077  24.2%  44.9    7s
  1345  1154  391.34812   24  245  333.00000  391.34812  17.5%  44.0   10s
H 1365  1108                     334.0000000  383.34941  14.8%  43.3   12s
H 1368  1054                     362.0000000  382.92593  5.78%  43.2   13s
  1381  1062  370.99658   58  215  362.00000  381.61569  5.42%  42.8   15s
  1430  1096  376.81013   91  180  362.00000  380.70194  5.17%  51.2   20s
  1437  1106  379.90733   30  201  362.00000  379.90733  4.95%  57.0   25s
H 1465  1071                     369.0000000  379.58496  2.87%  58.7   26s
H 1498  1037                     370.0000000  379.15311  2.47%  58.8   27s
H 1502   986                     372.0000000  379.15088  1.92%  58.9   27s
H 1558   934                     373.0000000  379.09412  1.63%  59.1   27s
H 1560   889                     374.0000000  379.09412  1.36%  59.3   27s
* 1656   808              40     376.0000000  378.68644  0.71%  58.5   28s

Cutting planes:
  Gomory: 97
  Lift-and-project: 165
  Implied bound: 13
  MIR: 762
  Flow cover: 796
  RLT: 85
  Relax-and-lift: 38

Explored 1865 nodes (110860 simplex iterations) in 29.55 seconds (22.17 work units)
Thread count was 12 (of 12 available processors)

Solution count 10: 376 374 373 ... 331

Optimal solution found (tolerance 1.00e-04)
Best objective 3.760000000000e+02, best bound 3.760000000000e+02, gap 0.0000%
