
Gurobi 9.5.1 (linux64) logging started Fri Jun 17 19:52:24 2022

Set parameter LogFile to value "../results/logs/log_socfb-Syracuse56_46_250_2022_06_17_19_52.log"
Gurobi Optimizer version 9.5.1 build v9.5.1rc2 (linux64)
Thread count: 8 physical cores, 8 logical processors, using up to 8 threads
Optimize a model with 2835 rows, 27306 columns and 173405 nonzeros
Model fingerprint: 0x7dc63a09
Variable types: 0 continuous, 27306 integer (27306 binary)
Coefficient statistics:
  Matrix range     [1e+00, 5e+01]
  Objective range  [1e+00, 1e+00]
  Bounds range     [1e+00, 1e+00]
  RHS range        [1e+00, 2e+02]

User MIP start produced solution with objective 7149 (0.03s)
Loaded user MIP start with objective 7149

Presolve removed 25 rows and 20770 columns
Presolve time: 0.09s
Presolved: 2810 rows, 6536 columns, 58025 nonzeros
Variable types: 0 continuous, 6536 integer (6289 binary)
Found heuristic solution: objective 7258.0000000

Root relaxation: objective 8.106675e+03, 3629 iterations, 0.34 seconds (0.51 work units)

    Nodes    |    Current Node    |     Objective Bounds      |     Work
 Expl Unexpl |  Obj  Depth IntInf | Incumbent    BestBd   Gap | It/Node Time

     0     0 8106.67496    0 1044 7258.00000 8106.67496  11.7%     -    0s
H    0     0                    7272.0000000 8106.67496  11.5%     -    0s
H    0     0                    7277.0000000 8106.67496  11.4%     -    0s
H    0     0                    7383.0000000 8106.67496  9.80%     -    0s
H    0     0                    7412.0000000 7991.22522  7.81%     -    2s
H    0     0                    7413.0000000 7991.22522  7.80%     -    2s
     0     0 7991.22522    0 1332 7413.00000 7991.22522  7.80%     -    2s
H    0     0                    7468.0000000 7991.22522  7.01%     -    2s
     0     0 7909.47020    0 1426 7468.00000 7909.47020  5.91%     -    3s
     0     0 7896.65057    0 1475 7468.00000 7896.65057  5.74%     -    4s
     0     0 7894.62058    0 1520 7468.00000 7894.62058  5.71%     -    5s
     0     0 7894.47705    0 1535 7468.00000 7894.47705  5.71%     -    5s
     0     0 7894.45597    0 1534 7468.00000 7894.45597  5.71%     -    5s
H    0     0                    7469.0000000 7859.26782  5.23%     -    8s
H    0     0                    7473.0000000 7859.26782  5.17%     -    8s
H    0     0                    7479.0000000 7859.26782  5.08%     -    8s
H    0     0                    7481.0000000 7859.26782  5.06%     -    8s
H    0     0                    7485.0000000 7859.26782  5.00%     -    8s
H    0     0                    7488.0000000 7859.26782  4.96%     -    8s
     0     0 7859.26782    0 1661 7488.00000 7859.26782  4.96%     -    8s
H    0     0                    7490.0000000 7840.30597  4.68%     -   12s
H    0     0                    7495.0000000 7840.30597  4.61%     -   12s
H    0     0                    7496.0000000 7840.30597  4.59%     -   12s
H    0     0                    7499.0000000 7840.30597  4.55%     -   12s
H    0     0                    7503.0000000 7840.30597  4.50%     -   12s
H    0     0                    7504.0000000 7840.30597  4.48%     -   12s
H    0     0                    7507.0000000 7840.30597  4.44%     -   12s
H    0     0                    7508.0000000 7840.30597  4.43%     -   12s
H    0     0                    7509.0000000 7840.30597  4.41%     -   12s
H    0     0                    7513.0000000 7840.30597  4.36%     -   12s
H    0     0                    7516.0000000 7840.30597  4.31%     -   12s
     0     0 7840.30597    0 1745 7516.00000 7840.30597  4.31%     -   12s
H    0     0                    7518.0000000 7832.90381  4.19%     -   15s
H    0     0                    7521.0000000 7832.90381  4.15%     -   15s
H    0     0                    7522.0000000 7832.90381  4.13%     -   15s
H    0     0                    7523.0000000 7832.90381  4.12%     -   15s
     0     0 7832.90381    0 1773 7523.00000 7832.90381  4.12%     -   15s
     0     0 7830.67946    0 1822 7523.00000 7830.67946  4.09%     -   17s
     0     0 7829.94044    0 1876 7523.00000 7829.94044  4.08%     -   18s
H    0     0                    7526.0000000 7829.66188  4.03%     -   19s
H    0     0                    7527.0000000 7829.66188  4.02%     -   19s
     0     0 7829.66188    0 1863 7527.00000 7829.66188  4.02%     -   19s
     0     0 7829.54405    0 1889 7527.00000 7829.54405  4.02%     -   20s
H    0     0                    7528.0000000 7817.05254  3.84%     -   26s
H    0     0                    7529.0000000 7817.05254  3.83%     -   26s
H    0     0                    7530.0000000 7817.05254  3.81%     -   26s
     0     0 7817.05254    0 1940 7530.00000 7817.05254  3.81%     -   26s
H    0     0                    7537.0000000 7817.05254  3.72%     -   26s
     0     0 7809.87998    0 1965 7537.00000 7809.87998  3.62%     -   31s
H    0     0                    7546.0000000 7807.28310  3.46%     -   34s
     0     0 7807.28310    0 2041 7546.00000 7807.28310  3.46%     -   34s
H    0     0                    7555.0000000 7805.76970  3.32%     -   37s
     0     0 7805.76970    0 2038 7555.00000 7805.76970  3.32%     -   37s
     0     0 7805.10668    0 2053 7555.00000 7805.10668  3.31%     -   40s
     0     0 7804.87642    0 2087 7555.00000 7804.87642  3.31%     -   41s
     0     0 7798.93913    0 2093 7555.00000 7798.93913  3.23%     -   47s
H    0     0                    7568.0000000 7796.54503  3.02%     -   52s
     0     0 7796.54503    0 2135 7568.00000 7796.54503  3.02%     -   52s
     0     0 7795.35786    0 2208 7568.00000 7795.35786  3.00%     -   55s
     0     0 7794.95819    0 2240 7568.00000 7794.95819  3.00%     -   58s
H    0     0                    7572.0000000 7789.84159  2.88%     -   65s
     0     0 7789.84159    0 2251 7572.00000 7789.84159  2.88%     -   65s
H    0     0                    7577.0000000 7789.84159  2.81%     -   65s
     0     0 7787.59551    0 2359 7577.00000 7787.59551  2.78%     -   71s
     0     0 7786.44857    0 2393 7577.00000 7786.44857  2.76%     -   75s
     0     0 7785.95700    0 2424 7577.00000 7785.95700  2.76%     -   78s
     0     0 7785.74518    0 2444 7577.00000 7785.74518  2.75%     -   80s
H    0     0                    7580.0000000 7782.28140  2.67%     -   89s
H    0     0                    7582.0000000 7782.28140  2.64%     -   89s
     0     0 7782.28140    0 2367 7582.00000 7782.28140  2.64%     -   89s
H    0     0                    7583.0000000 7780.81088  2.61%     -   94s
     0     0 7780.81088    0 2434 7583.00000 7780.81088  2.61%     -   94s
     0     0 7780.03620    0 2454 7583.00000 7780.03620  2.60%     -   98s
H    0     0                    7584.0000000 7779.68176  2.58%     -  100s
     0     0 7779.68176    0 2496 7584.00000 7779.68176  2.58%     -  100s
H    0     0                    7587.0000000 7777.47654  2.51%     -  108s
H    0     0                    7591.0000000 7777.47654  2.46%     -  108s
     0     0 7777.47654    0 2457 7591.00000 7777.47654  2.46%     -  108s
     0     0 7777.47654    0 2457 7591.00000 7777.47654  2.46%     -  109s
H    0     0                    7600.0000000 7777.47427  2.34%     -  115s
H    0     0                    7611.0000000 7777.47427  2.19%     -  116s
H    0     2                    7612.0000000 7777.47427  2.17%     -  116s
     0     2 7777.47427    0 2457 7612.00000 7777.47427  2.17%     -  116s
     3     8 7775.96788    2 2535 7612.00000 7777.39967  2.17%  2367  124s
     7    16 7774.27390    3 2619 7612.00000 7775.96578  2.15%  4638  140s
    15    24 7773.50295    4 2774 7612.00000 7774.27385  2.13%  6693  156s
    23    32 7770.21050    4 2748 7612.00000 7773.98947  2.13%  7982  186s
H   31    40                    7618.0000000 7773.50287  2.04%  7191  192s
H   33    40                    7619.0000000 7773.50287  2.03%  6930  192s
H   35    40                    7620.0000000 7773.50287  2.01%  6651  192s
    39    48 7772.79637    6 2778 7620.00000 7773.50287  2.01%  6273  195s
    47    58 7772.52543    7 2793 7620.00000 7773.50287  2.01%  5411  208s
    57    67 7772.47844    8 2766 7620.00000 7773.50287  2.01%  4839  221s
    66    77 7772.48980    8 2784 7620.00000 7773.50287  2.01%  4586  245s
    76    88 7772.17359   10 2747 7620.00000 7773.50287  2.01%  4675  254s
    87    99 7771.26557   11 2740 7620.00000 7773.50287  2.01%  4407  261s
    98   109 7771.68645   11 2763 7620.00000 7773.50287  2.01%  4130  268s
H  108   119                    7622.0000000 7773.50287  1.99%  3949  276s
H  110   119                    7623.0000000 7773.50287  1.97%  3936  276s
H  114   119                    7624.0000000 7773.50287  1.96%  3920  276s
   118   130 7770.61452   12 2705 7624.00000 7773.50287  1.96%  3871  284s
   129   145 7771.09954   13 2720 7624.00000 7773.50287  1.96%  3741  293s
   144   161 7770.95193   14 2750 7624.00000 7773.50287  1.96%  3598  304s
H  145   161                    7625.0000000 7773.50287  1.95%  3574  304s
H  153   161                    7626.0000000 7773.50287  1.93%  3556  304s
   160   181 7770.86064   15 2723 7626.00000 7773.50287  1.93%  3501  312s
   180   198 7770.70593   17 2761 7626.00000 7773.50287  1.93%  3280  321s
   197   211 7769.82165   19 2728 7626.00000 7773.50287  1.93%  3167  330s
H  199   211                    7627.0000000 7773.50287  1.92%  3153  330s
   210   224 7769.90803   20 2690 7627.00000 7773.50287  1.92%  3131  340s
   223   239 7769.64420   21 2693 7627.00000 7773.50287  1.92%  3164  348s
   238   255 7768.98705   23 2666 7627.00000 7773.50287  1.92%  3104  357s
   254   272 7763.97573   24 2584 7627.00000 7773.50287  1.92%  3063  370s
   271   295 7768.95961   24 2651 7627.00000 7773.50287  1.92%  3018  381s
   294   316 7768.19286   26 2605 7627.00000 7773.50287  1.92%  2961  395s
   315   333 7767.46362   27 2619 7627.00000 7773.50287  1.92%  2966  405s
   332   358 7767.48527   28 2599 7627.00000 7773.50287  1.92%  2967  420s
   357   385 7767.12394   30 2582 7627.00000 7773.50287  1.92%  2924  432s
   384   411 7766.76739   32 2588 7627.00000 7773.50287  1.92%  2850  445s
H  398   411                    7628.0000000 7773.50287  1.91%  2844  445s
   410   444 7766.30697   34 2573 7628.00000 7773.50287  1.91%  2791  456s
   443   474 7765.39089   37 2528 7628.00000 7773.50287  1.91%  2700  472s
   473   482 7765.31359   38 2543 7628.00000 7773.50287  1.91%  2648  486s
   481   516 7764.47986   38 2515 7628.00000 7773.50287  1.91%  2630  501s
H  513   516                    7629.0000000 7773.50287  1.89%  2581  501s
   515   550 7760.46415   40 2462 7629.00000 7773.50287  1.89%  2590  522s
   549   592 7764.69898   40 2503 7629.00000 7773.50287  1.89%  2556  536s
H  566   592                    7630.0000000 7773.50287  1.88%  2531  536s
   591   631 7764.29411   45 2468 7630.00000 7773.50287  1.88%  2482  553s
   630   685 7763.50342   47 2483 7630.00000 7773.50287  1.88%  2450  567s
   684   735 7762.66998   51 2465 7630.00000 7773.50287  1.88%  2355  584s
   734   787 7761.66943   54 2412 7630.00000 7773.50287  1.88%  2296  599s
   786   847 7760.60810   57 2412 7630.00000 7773.50287  1.88%  2238  615s
   846   868 7759.51811   62 2376 7630.00000 7773.50287  1.88%  2166  634s
   867   941 7759.04510   63 2361 7630.00000 7773.50287  1.88%  2140  651s
   940  1020 7758.17296   69 2302 7630.00000 7773.50287  1.88%  2064  668s
  1019  1102 7757.81218   72 2324 7630.00000 7773.50287  1.88%  1993  684s
H 1045  1102                    7631.0000000 7773.50287  1.87%  1989  684s
  1101  1185 7756.43228   75 2264 7631.00000 7773.50287  1.87%  1916  700s
  1184  1274 7755.27957   77 2294 7631.00000 7773.50287  1.87%  1853  716s
  1273  1393 7754.43479   81 2241 7631.00000 7773.50287  1.87%  1791  733s
  1392  1501 7753.84317   87 2200 7631.00000 7773.50287  1.87%  1703  750s
H 1415  1501                    7632.0000000 7773.50287  1.85%  1707  750s
  1500  1588 7752.37839   93 2141 7632.00000 7773.50287  1.85%  1641  768s
H 1540  1588                    7634.0000000 7773.50287  1.83%  1648  768s
  1595  1659 7750.60081   99 2143 7634.00000 7773.50287  1.83%  1607  790s
  1666  1749 7749.45017  105 2117 7634.00000 7773.50287  1.83%  1605  809s
  1756  1851 7744.91705  111 2003 7634.00000 7773.50287  1.83%  1584  831s
  1858  1966 7746.24262  120 2036 7634.00000 7773.50287  1.83%  1557  852s
  1973  2105 7744.44120  130 1963 7634.00000 7773.50287  1.83%  1528  872s
H 1975  2105                    7635.0000000 7773.50287  1.81%  1528  872s
  2112  2168 7741.77129  141 1890 7635.00000 7773.50287  1.81%  1490  915s
H 2115  2168                    7636.0000000 7773.50287  1.80%  1488  915s
  2187  2291 7741.76470  142 1879 7636.00000 7773.50287  1.80%  1453  937s
  2310  2446 7739.65167  152 1756 7636.00000 7773.50287  1.80%  1430  961s
  2465  2659 7737.14265  171 1686 7636.00000 7773.50287  1.80%  1398  983s
  2678  2931 7734.38854  191 1648 7636.00000 7773.50287  1.80%  1344 1007s
  2950  3220 7731.34843  229 1476 7636.00000 7773.50287  1.80%  1276 1032s
  3239  3552 7727.06762  263 1396 7636.00000 7773.50287  1.80%  1208 1055s
  3571  4012 7724.09317  292 1271 7636.00000 7773.50287  1.80%  1145 1078s
  4035  4447 7720.90797  344 1101 7636.00000 7773.50287  1.80%  1062 1103s
  4478  4951 7715.15360  418 1009 7636.00000 7773.50287  1.80%  1003 1130s
  4982  5370 7706.63069  495  862 7636.00000 7773.50287  1.80%   942 1155s
  5401  6003 7694.30395  585  718 7636.00000 7773.50287  1.80%   894 1180s
  6034  6752 7679.02518  685  540 7636.00000 7773.50287  1.80%   831 1199s
  6787  7276 7664.93565  796  455 7636.00000 7773.11451  1.80%   762 1268s
H 6935  7251                    7646.0000000 7773.11451  1.66%   748 1268s
  7334  7252 7755.33814   69 2457 7646.00000 7773.11451  1.66%   724 1315s
  7337  7254 7690.21521  515 1377 7646.00000 7773.11451  1.66%   724 1321s
  7339  7255 7682.31553  622 1902 7646.00000 7773.11451  1.66%   723 1328s
  7340  7256 7681.15478  646 1879 7646.00000 7773.11451  1.66%   723 1333s
  7341  7257 7751.94026   95 2078 7646.00000 7773.11451  1.66%   723 1338s
  7342  7257 7723.44959  292 2243 7646.00000 7773.11451  1.66%   723 1344s
  7343  7258 7750.99493  101 2392 7646.00000 7773.11451  1.66%   723 1350s
  7344  7259 7723.71474  182 2472 7646.00000 7773.11451  1.66%   723 1357s
  7345  7259 7759.15506   54 2581 7646.00000 7773.11451  1.66%   723 1361s
  7346  7260 7714.22456  181 2624 7646.00000 7773.11451  1.66%   723 1366s
  7348  7261 7730.65905  156 2704 7646.00000 7773.11451  1.66%   722 1371s
  7350  7263 7738.31447  128 2736 7646.00000 7773.11451  1.66%   722 1375s
  7354  7265 7702.70132  230 2441 7646.00000 7769.97193  1.62%   722 1390s
  7355  7266 7704.06572  495 2482 7646.00000 7768.12405  1.60%   722 1396s
  7356  7267 7685.67096  661 2554 7646.00000 7766.98476  1.58%   722 1401s
  7357  7267 7739.29164  154 2652 7646.00000 7766.26627  1.57%   722 1406s
  7358  7268 7691.19024  591 2621 7646.00000 7765.80271  1.57%   722 1410s
  7360  7269 7730.62328  180 2650 7646.00000 7765.40380  1.56%   721 1416s
  7363  7271 7702.35241  539 2722 7646.00000 7765.21845  1.56%   721 1420s
  7366  7273 7694.55166  612 2554 7646.00000 7762.71020  1.53%   721 1434s
  7367  7274 7701.49546  233 2609 7646.00000 7761.37163  1.51%   721 1441s
  7368  7275 7698.62533  592 2690 7646.00000 7760.66854  1.50%   721 1447s
  7369  7275 7732.48667  186 2715 7646.00000 7760.29285  1.49%   720 1451s
  7370  7276 7683.18233  612 2714 7646.00000 7760.05664  1.49%   720 1455s
  7372  7277 7724.16413  281 2789 7646.00000 7759.76832  1.49%   720 1460s
  7376  7280 7697.58632  556 2846 7646.00000 7759.63069  1.49%   720 1466s
  7377  7281 7677.25132  777 2581 7646.00000 7758.07811  1.47%   720 1476s
  7378  7281 7699.30180  530 2638 7646.00000 7757.26880  1.46%   720 1483s
  7379  7282 7709.66651  449 2705 7646.00000 7756.75499  1.45%   719 1488s
  7380  7283 7724.29824  246 2722 7646.00000 7756.54621  1.45%   719 1492s
  7381  7283 7696.53988  567 2786 7646.00000 7756.34199  1.44%   719 1495s
  7383  7285 7654.96917  807 2772 7646.00000 7756.12465  1.44%   719 1500s
  7386  7287 7687.88799  570 2873 7646.00000 7756.03276  1.44%   719 1505s
  7387  7287 7754.91108   30 2672 7646.00000 7754.91108  1.42%   719 1515s
  7388  7288 7717.02351  383 2722 7646.00000 7754.20092  1.42%   719 1523s
  7389  7289 7685.84361  658 2779 7646.00000 7753.79527  1.41%   718 1528s
  7390  7289 7753.55456   18 2797 7646.00000 7753.55456  1.41%   718 1533s
  7391  7290 7701.14891  263 2793 7646.00000 7753.40255  1.40%   718 1536s
  7393  7291 7689.79635  531 2856 7646.00000 7753.19346  1.40%   718 1542s
  7395  7293 7653.76773 1042 2871 7646.00000 7753.09794  1.40%   718 1545s
  7398  7295 7717.08184  390 2912 7646.00000 7753.03662  1.40%   718 1550s
  7399  7295 7681.69538  719 2720 7646.00000 7751.83668  1.38%   718 1561s
  7400  7296 7695.14955  590 2835 7646.00000 7751.28045  1.38%   717 1567s
  7401  7297 7683.22766  656 2820 7646.00000 7750.95854  1.37%   717 1573s
  7402  7297 7750.74845   33 2896 7646.00000 7750.74845  1.37%   717 1577s
  7403  7298 7721.31661  294 2886 7646.00000 7750.59346  1.37%   717 1581s
  7405  7299 7713.93652  377 2983 7646.00000 7750.41918  1.37%   717 1587s
  7407  7301 7704.50431  160 2962 7646.00000 7750.35533  1.36%   717 1590s
  7410  7303 7732.08491  174 2776 7646.00000 7749.57443  1.35%   716 1604s
  7411  7303 7726.26413  257 2835 7646.00000 7749.10079  1.35%   716 1610s
  7412  7304 7679.07108  766 2882 7646.00000 7748.85880  1.35%   716 1615s
  7414  7305 7709.59992  460 2951 7646.00000 7748.63569  1.34%   716 1622s
  7416  7307 7728.94686  246 2949 7646.00000 7748.54451  1.34%   716 1626s
  7418  7308 7698.98082  545 2838 7646.00000 7748.00371  1.33%   716 1637s
  7419  7309 7667.17725  838 2875 7646.00000 7747.71574  1.33%   716 1643s
  7420  7309 7722.13257  300 2949 7646.00000 7747.49941  1.33%   715 1648s
  7421  7310 7707.87343  477 2964 7646.00000 7747.39673  1.33%   715 1652s
  7422  7311 7714.21133  182 2931 7646.00000 7747.30903  1.32%   715 1655s
  7424  7312 7681.69538  719 2967 7646.00000 7747.18586  1.32%   715 1660s
  7427  7314 7683.74565  668 2988 7646.00000 7747.11024  1.32%   715 1665s
  7428  7315 7688.22614  563 2783 7646.00000 7746.54890  1.32%   715 1675s
  7429  7315 7687.83534  618 2902 7646.00000 7746.29924  1.31%   715 1681s
  7430  7316 7742.77682  127 2969 7646.00000 7746.12076  1.31%   715 1686s
  7432  7317 7682.21220  655 2918 7646.00000 7745.94813  1.31%   714 1692s
  7434  7319 7745.86457   69 2991 7646.00000 7745.86457  1.31%   714 1696s
  7436  7320 7745.29813   35 2880 7646.00000 7745.29813  1.30%   714 1708s
  7437  7321 7690.21521  515 2889 7646.00000 7745.10010  1.30%   714 1713s
  7438  7321 7735.70731  124 2940 7646.00000 7745.00009  1.29%   714 1716s
  7440  7323 7681.15478  646 2987 7646.00000 7744.91817  1.29%   714 1720s
  7442  7324 7723.44959  292 2882 7646.00000 7744.44500  1.29%   713 1733s
  7443  7325 7744.13780  101 2832 7646.00000 7744.13780  1.28%   713 1739s
  7444  7325 7723.71474  182 2915 7646.00000 7743.98295  1.28%   713 1744s
  7445  7326 7743.88472   54 2930 7646.00000 7743.88472  1.28%   713 1748s
  7446  7327 7714.22456  181 2973 7646.00000 7743.82514  1.28%   713 1751s
  7448  7328 7730.65905  156 3045 7646.00000 7743.74135  1.28%   713 1756s
  7450  7329 7738.31447  128 3079 7646.00000 7743.70093  1.28%   713 1760s
  7451  7330 7732.75791  167 2958 7646.00000 7743.32146  1.27%   713 1771s
  7452  7331 7694.78731  576 2941 7646.00000 7743.11354  1.27%   712 1777s
  7453  7331 7739.74881  104 2910 7646.00000 7742.99641  1.27%   712 1781s
  7455  7333 7704.06572  495 3043 7646.00000 7742.90360  1.27%   712 1786s
  7457  7334 7739.29164  154 3023 7646.00000 7742.84097  1.27%   712 1791s
  7459  7335 7678.21946  731 2915 7646.00000 7742.49488  1.26%   712 1804s
  7460  7336 7730.62328  180 2997 7646.00000 7742.30618  1.26%   712 1810s
  7461  7337 7667.17646  839 2987 7646.00000 7742.17995  1.26%   712 1815s
  7463  7338 7702.35241  539 3032 7646.00000 7742.06801  1.26%   711 1821s
  7465  7339 7726.15601  158 3092 7646.00000 7742.00542  1.26%   711 1826s
  7466  7340 7694.55166  612 2914 7646.00000 7741.69838  1.25%   711 1835s
  7467  7341 7701.49546  233 2992 7646.00000 7741.52732  1.25%   711 1841s
  7468  7341 7698.62533  592 2988 7646.00000 7741.43756  1.25%   711 1845s
  7470  7343 7683.18233  612 3040 7646.00000 7741.34436  1.25%   711 1851s
  7472  7344 7724.16413  281 3081 7646.00000 7741.30388  1.25%   711 1856s
  7473  7345 7741.12611   55 2906 7646.00000 7741.12611  1.24%   710 1863s
  7474  7345 7741.01406   16 2991 7646.00000 7741.01406  1.24%   710 1867s
  7475  7346 7670.11628  875 3030 7646.00000 7740.94098  1.24%   710 1871s
  7477  7347 7677.25132  777 3062 7646.00000 7740.87269  1.24%   710 1876s
  7479  7349 7709.66651  449 3134 7646.00000 7740.82784  1.24%   710 1880s
  7481  7350 7696.53988  567 2916 7646.00000 7740.63985  1.24%   710 1889s
  7482  7351 7729.07546  203 3046 7646.00000 7740.51766  1.24%   710 1893s
  7483  7351 7654.96917  807 3052 7646.00000 7740.44319  1.24%   709 1897s
  7484  7352 7698.15083  313 3005 7646.00000 7740.39743  1.23%   709 1900s
  7486  7353 7687.88799  570 3059 7646.00000 7740.33931  1.23%   709 1905s
  7488  7355 7717.02351  383 2972 7646.00000 7740.19466  1.23%   709 1913s
  7489  7355 7685.84361  658 2982 7646.00000 7740.02925  1.23%   709 1919s
  7490  7356 7739.94288   18 2990 7646.00000 7739.94288  1.23%   709 1923s
  7491  7357 7701.14891  263 3046 7646.00000 7739.89595  1.23%   709 1926s
  7493  7358 7689.79635  531 3065 7646.00000 7739.84450  1.23%   709 1931s
  7494  7359 7682.11799  730 2966 7646.00000 7739.65760  1.22%   708 1938s
  7495  7359 7653.76773 1042 2969 7646.00000 7739.51865  1.22%   708 1943s
  7496  7360 7713.21108  423 3048 7646.00000 7739.44175  1.22%   708 1947s
  7497  7361 7652.73711  396 3043 7646.00000 7739.39318  1.22%   708 1950s
  7499  7362 7681.69538  719 3034 7646.00000 7739.32395  1.22%   708 1955s
  7501  7363 7683.22766  656 3006 7646.00000 7739.14627  1.22%   708 1964s
  7502  7364 7739.06369   33 3055 7646.00000 7739.06369  1.22%   708 1967s
  7503  7365 7721.31661  294 3110 7646.00000 7739.03124  1.22%   708 1970s
  7505  7366 7713.93652  377 3024 7646.00000 7738.86798  1.21%   707 1978s
  7506  7367 7698.30759  253 3021 7646.00000 7738.78638  1.21%   707 1983s
  7507  7367 7704.50431  160 3061 7646.00000 7738.74007  1.21%   707 1986s
  7509  7369 7725.85947  273 3033 7646.00000 7738.70238  1.21%   707 1990s
  7510  7369 7732.08491  174 3045 7646.00000 7738.61824  1.21%   707 1996s
  7511  7370 7726.26413  257 3007 7646.00000 7738.55328  1.21%   707 2000s
  7513  7371 7693.76184  586 3017 7646.00000 7738.50000  1.21%   707 2005s
  7515  7373 7736.46000  138 3033 7646.00000 7738.41013  1.21%   706 2012s
  7516  7373 7728.94686  246 2968 7646.00000 7738.34274  1.21%   706 2015s
  7518  7375 7698.98082  545 3038 7646.00000 7738.28072  1.21%   706 2020s
  7520  7376 7722.13257  300 3081 7646.00000 7738.17570  1.21%   706 2028s
  7521  7377 7707.87343  477 2999 7646.00000 7738.12298  1.20%   706 2031s
  7523  7378 7700.53350  275 3034 7646.00000 7738.04528  1.20%   706 2037s
  7525  7379 7683.64046  693 3095 7646.00000 7738.00989  1.20%   706 2041s
  7526  7380 7684.31666  666 2983 7646.00000 7737.91722  1.20%   705 2047s
  7527  7381 7683.74565  668 3012 7646.00000 7737.86048  1.20%   705 2050s
  7529  7382 7687.83534  618 3094 7646.00000 7737.80801  1.20%   705 2056s
  7530  7383 7737.70852  127 2994 7646.00000 7737.70852  1.20%   705 2062s
  7531  7383 7655.72544  388 3044 7646.00000 7737.64424  1.20%   705 2065s
  7533  7385 7727.51639  255 3067 7646.00000 7737.58451  1.20%   705 2071s
  7534  7385 7737.49768   69 3011 7646.00000 7737.49768  1.20%   705 2076s
  7539  7390 7682.31553  622 1050 7646.00000 7737.49768  1.20%   787 2080s
  7541  7392 7737.49768   95 1447 7646.00000 7737.49768  1.20%   787 2086s
  7542  7392 7723.44959  292 1611 7646.00000 7737.49768  1.20%   787 2090s
  7544  7394 7723.71474  182 1845 7646.00000 7737.49768  1.20%   787 2099s
  7545  7394 7737.49768   54 1984 7646.00000 7737.49768  1.20%   786 2105s
  7546  7395 7714.22456  181 2222 7646.00000 7737.49768  1.20%   786 2112s
  7547  7396 7706.68185  496 2377 7646.00000 7737.49768  1.20%   786 2118s
  7548  7396 7730.65905  156 2489 7646.00000 7737.49768  1.20%   786 2125s
  7549  7397 7676.19922  677 2616 7646.00000 7737.49768  1.20%   786 2130s
  7551  7398 7732.75791  167 2756 7646.00000 7737.49768  1.20%   786 2138s
  7552  7399 7694.78731  576 2811 7646.00000 7737.49768  1.20%   786 2140s
  7555  7401 7704.06572  495 2986 7646.00000 7737.40520  1.20%   785 2150s
  7557  7402 7737.33772  154 2975 7646.00000 7737.33772  1.19%   785 2155s
  7558  7403 7691.19024  591 2921 7646.00000 7737.24596  1.19%   785 2162s
  7559  7404 7678.21946  731 2961 7646.00000 7737.18152  1.19%   785 2166s
  7561  7405 7667.17646  839 2960 7646.00000 7737.13621  1.19%   785 2170s
  7562  7406 7681.21441  656 2949 7646.00000 7737.04491  1.19%   785 2177s
  7563  7406 7702.35241  539 2918 7646.00000 7736.98287  1.19%   785 2181s
  7565  7408 7726.15601  158 2958 7646.00000 7736.92249  1.19%   784 2186s
  7566  7408 7694.55166  612 2981 7646.00000 7736.83611  1.19%   784 2193s
  7567  7409 7701.49546  233 2978 7646.00000 7736.83611  1.19%   784 2195s
  7568  7410 7698.62533  592 2978 7646.00000 7736.83579  1.19%   784 2204s
  7569  7413 7736.83579   25 2966 7646.00000 7736.83579  1.19%   798 2225s
  7571  7417 7736.83579   26 2964 7646.00000 7736.83579  1.19%   801 2256s
  7575  7423 7736.83579   27 2965 7646.00000 7736.83579  1.19%   805 2282s
  7583  7429 7736.80940   28 2992 7646.00000 7736.80940  1.19%   806 2292s
  7591  7434 7710.43141   28 2494 7646.00000 7736.80939  1.19%   813 2324s
  7599  7439 7736.80902   29 2955 7646.00000 7736.80902  1.19%   815 2326s
  7607  7445 7718.73099   29 2648 7646.00000 7736.80902  1.19%   816 2335s
  7615  7454 7736.80901   30 2954 7646.00000 7736.80901  1.19%   816 2384s
  7627  7462 7736.78819   31 2938 7646.00000 7736.80898  1.19%   823 2395s
  7639  7468 7736.69499   31 2918 7646.00000 7736.78817  1.19%   825 2411s
  7649  7480 7736.78674   32 2927 7646.00000 7736.78674  1.19%   827 2418s
  7664  7491 7736.78458   33 2935 7646.00000 7736.78458  1.19%   829 2430s
  7680  7499 7736.78018   34 2941 7646.00000 7736.78018  1.19%   832 2438s
  7694  7518 7736.77559   35 2929 7646.00000 7736.77559  1.19%   834 2461s
  7717  7528 7736.77387   36 2932 7646.00000 7736.77387  1.19%   838 2472s
  7735  7541 7736.77350   37 2934 7646.00000 7736.77350  1.19%   842 2494s
  7754  7552 7736.77346   38 2935 7646.00000 7736.77346  1.19%   846 2508s
  7773  7561 7736.74742   39 2921 7646.00000 7736.74742  1.19%   851 2527s
  7789  7584 7736.73159   40 2899 7646.00000 7736.73159  1.19%   855 2541s
  7817  7601 7736.73105   41 2894 7646.00000 7736.73105  1.19%   857 2552s
  7843  7615 7736.67450   42 2879 7646.00000 7736.71061  1.19%   858 2566s
H 7866  7264                    7647.0000000 7736.71060  1.17%   861 2581s
  7894  7298 7736.69022   45 2877 7647.00000 7736.69499  1.17%   865 2598s
  7937  7330 7736.65590   47 2816 7647.00000 7736.69499  1.17%   870 2612s
  7983  7362 7736.49610   48 2737 7647.00000 7736.69499  1.17%   873 2630s
  8031  7414 7736.63387   50 2795 7647.00000 7736.69499  1.17%   876 2653s
  8099  7457 7736.57848   52 2814 7647.00000 7736.69499  1.17%   880 2671s
  8164  7513 7736.26464   53 2797 7647.00000 7736.69499  1.17%   885 2690s
  8242  7562 7736.48498   56 2720 7647.00000 7736.69499  1.17%   887 2712s
  8317  7595 7736.28837   58 2694 7647.00000 7736.69499  1.17%   891 2741s
  8395  7594 7735.83228   60 2660 7647.00000 7736.69499  1.17%   897 2765s
  8420  7649 7735.70451   61 2659 7647.00000 7736.69499  1.17%   909 2790s
  8483  7701 7735.55073   63 2611 7647.00000 7736.69499  1.17%   917 2818s
  8556  7744 7730.90262   65 2407 7647.00000 7736.69499  1.17%   928 2856s
H 8629  7366                    7648.0000000 7736.69499  1.16%   935 2856s
  8633  7424 7734.64774   67 2520 7648.00000 7736.69499  1.16%   937 2886s
  8692  7478 7732.54544   68 2437 7648.00000 7736.69499  1.16%   949 2918s
  8766  7541 7734.57909   70 2531 7648.00000 7736.69499  1.16%   960 2949s
  8854  7609 7734.42547   73 2492 7648.00000 7736.69499  1.16%   970 2977s
  8951  7688 7734.00320   76 2432 7648.00000 7736.69499  1.16%   978 3009s
  9062  7773 7733.76663   79 2409 7648.00000 7736.69499  1.16%   985 3039s
  9184  7845 7733.60220   82 2366 7648.00000 7736.69499  1.16%   992 3070s
  9308  7898 7733.26109   85 2358 7648.00000 7736.69499  1.16%  1000 3118s
  9412  7956 7732.33727   89 2260 7648.00000 7736.69499  1.16%  1013 3152s
  9505  8038 7731.91281   91 2259 7648.00000 7736.69499  1.16%  1026 3188s
  9618  8076 7731.50105   95 2188 7648.00000 7736.69499  1.16%  1038 3224s
H 9670  7718                    7649.0000000 7736.69499  1.15%  1055 3224s
  9710  7780 7730.81181   98 2116 7649.00000 7736.69499  1.15%  1054 3267s
  9785  7853 7726.26944  103 1838 7649.00000 7736.69499  1.15%  1073 3307s
  9883  7953 7728.71962  110 1862 7649.00000 7736.69499  1.15%  1093 3347s
 10016  8051 7726.07584  118 1765 7649.00000 7736.69499  1.15%  1111 3385s
 10158  8193 7726.93664  126 1780 7649.00000 7736.69499  1.15%  1123 3427s
 10348  8365 7725.89046  135 1768 7649.00000 7736.69499  1.15%  1139 3470s
 10583  8461 7725.15053  147 1707 7649.00000 7736.69499  1.15%  1151 3513s
 10775  8654 7723.62409  160 1694 7649.00000 7736.69499  1.15%  1169 3557s
 11034  8868 infeasible  175      7649.00000 7736.69499  1.15%  1182 3600s

Cutting planes:
  Gomory: 25
  Cover: 52
  Implied bound: 3
  MIR: 625
  StrongCG: 41
  Flow cover: 1932
  GUB cover: 667
  Zero half: 27
  RLT: 394
  Relax-and-lift: 4

Explored 11339 nodes (13624074 simplex iterations) in 3600.01 seconds (7558.58 work units)
Thread count was 8 (of 8 available processors)

Solution count 10: 7649 7648 7647 ... 7630

Time limit reached
Best objective 7.649000000000e+03, best bound 7.736000000000e+03, gap 1.1374%
