
Gurobi 9.5.0 (win64) logging started Tue Dec  7 12:04:06 2021

Set parameter LogFile to value "../results/logs/log_2021_12_07_12_03.csv_10_70.log"
Set parameter Method to value 3
Gurobi Optimizer version 9.5.0 build v9.5.0rc5 (win64)
Thread count: 6 physical cores, 12 logical processors, using up to 12 threads
Optimize a model with 157 rows, 9882 columns and 7489 nonzeros
Model fingerprint: 0x87afac42
Variable types: 4941 continuous, 4941 integer (4941 binary)
Coefficient statistics:
  Matrix range     [1e+00, 1e+01]
  Objective range  [1e+00, 1e+00]
  Bounds range     [1e+00, 1e+00]
  RHS range        [1e+00, 7e+01]
Found heuristic solution: objective -0.0000000
Presolve removed 116 rows and 9815 columns
Presolve time: 0.01s
Presolved: 41 rows, 67 columns, 215 nonzeros
Extracted 18 lazy constraints
Variable types: 31 continuous, 36 integer (35 binary)

Root relaxation: objective 4.300000e+01, 11 iterations, 0.00 seconds (0.00 work units)

    Nodes    |    Current Node    |     Objective Bounds      |     Work
 Expl Unexpl |  Obj  Depth IntInf | Incumbent    BestBd   Gap | It/Node Time

     0     0   25.44952    0   12   -0.00000   25.44952      -     -    0s
     0     0   23.19680    0   12   -0.00000   23.19680      -     -    0s
H    0     0                      23.0000000   23.19680  0.86%     -    0s
     0     0   23.19680    0   12   23.00000   23.19680  0.86%     -    0s

Cutting planes:
  Gomory: 3
  Implied bound: 3
  MIR: 8
  RLT: 1
  Relax-and-lift: 3
  Lazy constraints: 16

Explored 1 nodes (89 simplex iterations) in 0.01 seconds (0.01 work units)
Thread count was 12 (of 12 available processors)

Solution count 2: 23 -0 

Optimal solution found (tolerance 1.00e-04)
Best objective 2.300000000000e+01, best bound 2.300000000000e+01, gap 0.0000%
