
Gurobi 9.5.1 (linux64) logging started Fri Apr  8 15:26:41 2022

Set parameter LogFile to value "../results/logs/log_soc-twitter-higgs.e_17_250.log"
Gurobi Optimizer version 9.5.1 build v9.5.1rc2 (linux64)
Thread count: 8 physical cores, 8 logical processors, using up to 8 threads
Optimize a model with 913263 rows, 913262 columns and 51860292 nonzeros
Model fingerprint: 0x679bbee4
Coefficient statistics:
  Matrix range     [1e+00, 2e+01]
  Objective range  [1e+00, 1e+00]
  Bounds range     [1e+00, 1e+00]
  RHS range        [1e+00, 2e+02]

Concurrent LP optimizer: primal simplex, dual simplex, and barrier
Showing barrier log only...

Presolve removed 0 rows and 0 columns (presolve time = 7s) ...
Presolve removed 0 rows and 0 columns (presolve time = 23s) ...
Presolve removed 0 rows and 0 columns (presolve time = 25s) ...
Presolve time: 30.80s
Presolved: 913263 rows, 913262 columns, 51860292 nonzeros

Elapsed ordering time = 5s
Elapsed ordering time = 10s
Elapsed ordering time = 15s
Elapsed ordering time = 20s
Elapsed ordering time = 25s
Elapsed ordering time = 30s
Elapsed ordering time = 35s
Elapsed ordering time = 40s
Elapsed ordering time = 45s
Elapsed ordering time = 50s
Elapsed ordering time = 55s
Elapsed ordering time = 60s
Elapsed ordering time = 65s
Elapsed ordering time = 70s
Elapsed ordering time = 75s
Elapsed ordering time = 80s
Elapsed ordering time = 85s
Elapsed ordering time = 90s
Elapsed ordering time = 95s
Elapsed ordering time = 100s
Elapsed ordering time = 105s
Elapsed ordering time = 110s
Elapsed ordering time = 115s
Elapsed ordering time = 120s
Elapsed ordering time = 125s
Elapsed ordering time = 130s
Elapsed ordering time = 135s
Elapsed ordering time = 140s
Elapsed ordering time = 145s
Elapsed ordering time = 150s
Elapsed ordering time = 155s
Elapsed ordering time = 160s
Elapsed ordering time = 165s
Elapsed ordering time = 170s
Elapsed ordering time = 175s
Elapsed ordering time = 180s
Elapsed ordering time = 185s
Elapsed ordering time = 190s
Elapsed ordering time = 195s
Elapsed ordering time = 200s
Elapsed ordering time = 205s
Elapsed ordering time = 210s
Elapsed ordering time = 215s
Elapsed ordering time = 220s
Elapsed ordering time = 225s
Elapsed ordering time = 230s
Elapsed ordering time = 235s
Elapsed ordering time = 240s
Elapsed ordering time = 245s
Elapsed ordering time = 250s
Elapsed ordering time = 255s
Elapsed ordering time = 260s
Elapsed ordering time = 265s
Elapsed ordering time = 270s
Elapsed ordering time = 275s
Elapsed ordering time = 280s
Elapsed ordering time = 285s
Elapsed ordering time = 290s
Elapsed ordering time = 295s
Elapsed ordering time = 300s
Elapsed ordering time = 305s
Elapsed ordering time = 310s
Elapsed ordering time = 315s
Elapsed ordering time = 320s
Elapsed ordering time = 325s
Elapsed ordering time = 330s
Elapsed ordering time = 335s
Elapsed ordering time = 340s
Elapsed ordering time = 345s
Elapsed ordering time = 350s
Elapsed ordering time = 355s
Elapsed ordering time = 360s
Elapsed ordering time = 365s
Elapsed ordering time = 370s
Elapsed ordering time = 375s
Elapsed ordering time = 380s
Elapsed ordering time = 385s
Elapsed ordering time = 390s
Elapsed ordering time = 395s
Elapsed ordering time = 400s
Elapsed ordering time = 405s
Elapsed ordering time = 410s
Elapsed ordering time = 415s
Elapsed ordering time = 420s
Elapsed ordering time = 425s
Elapsed ordering time = 430s
Elapsed ordering time = 435s
Elapsed ordering time = 440s
Elapsed ordering time = 445s
Elapsed ordering time = 450s
Elapsed ordering time = 455s
Elapsed ordering time = 460s
Elapsed ordering time = 465s
Elapsed ordering time = 470s
Elapsed ordering time = 475s
Elapsed ordering time = 480s
Elapsed ordering time = 485s
Elapsed ordering time = 490s
Elapsed ordering time = 495s
Elapsed ordering time = 500s
Elapsed ordering time = 505s
Elapsed ordering time = 510s
Elapsed ordering time = 515s
Elapsed ordering time = 520s
Elapsed ordering time = 525s
Elapsed ordering time = 530s
Elapsed ordering time = 535s
Elapsed ordering time = 540s
Elapsed ordering time = 545s
Elapsed ordering time = 550s
Elapsed ordering time = 555s
Elapsed ordering time = 560s
Elapsed ordering time = 565s
Elapsed ordering time = 570s
Elapsed ordering time = 575s
Elapsed ordering time = 580s
Elapsed ordering time = 585s
Elapsed ordering time = 590s
Elapsed ordering time = 595s
Elapsed ordering time = 600s
Elapsed ordering time = 605s
Elapsed ordering time = 610s
Elapsed ordering time = 615s
Elapsed ordering time = 620s
Elapsed ordering time = 625s
Elapsed ordering time = 630s
Elapsed ordering time = 635s
Elapsed ordering time = 640s
Elapsed ordering time = 645s
Elapsed ordering time = 650s
Elapsed ordering time = 655s
Elapsed ordering time = 660s
Elapsed ordering time = 665s
Elapsed ordering time = 670s
Elapsed ordering time = 675s
Elapsed ordering time = 680s
Elapsed ordering time = 685s
Elapsed ordering time = 690s
Elapsed ordering time = 695s
Elapsed ordering time = 700s
Elapsed ordering time = 705s
Elapsed ordering time = 710s
Elapsed ordering time = 715s
Elapsed ordering time = 720s
Elapsed ordering time = 725s
Elapsed ordering time = 730s

Gurobi 9.5.1 (linux64) logging started Fri Apr  8 16:15:14 2022

Set parameter LogFile to value "../results/logs/log_soc-twitter-higgs.e_17_250.log"
Gurobi Optimizer version 9.5.1 build v9.5.1rc2 (linux64)
Thread count: 8 physical cores, 8 logical processors, using up to 8 threads
Optimize a model with 913263 rows, 913262 columns and 51860292 nonzeros
Model fingerprint: 0x2619fcb0
Variable types: 0 continuous, 913262 integer (913262 binary)
Coefficient statistics:
  Matrix range     [1e+00, 2e+01]
  Objective range  [1e+00, 1e+00]
  Bounds range     [1e+00, 1e+00]
  RHS range        [1e+00, 2e+02]
Found heuristic solution: objective -0.0000000
Presolve removed 0 rows and 0 columns (presolve time = 5s) ...
Presolve removed 0 rows and 0 columns (presolve time = 10s) ...
Presolve removed 266900 rows and 133450 columns (presolve time = 15s) ...
Presolve removed 268288 rows and 136560 columns (presolve time = 20s) ...
Presolve removed 268288 rows and 136713 columns (presolve time = 25s) ...
Presolve removed 268324 rows and 136717 columns (presolve time = 31s) ...
Presolve removed 268326 rows and 136717 columns (presolve time = 38s) ...
Presolve removed 268326 rows and 159455 columns (presolve time = 46s) ...
Presolve removed 268326 rows and 159455 columns (presolve time = 54s) ...
Presolve removed 268326 rows and 159455 columns (presolve time = 57s) ...
Presolve removed 268326 rows and 159455 columns (presolve time = 60s) ...
Presolve removed 268326 rows and 159455 columns (presolve time = 65s) ...
Presolve removed 268326 rows and 159455 columns (presolve time = 70s) ...
Presolve removed 268326 rows and 159455 columns (presolve time = 75s) ...
Presolve removed 268326 rows and 159455 columns (presolve time = 80s) ...
Presolve removed 268326 rows and 159455 columns (presolve time = 85s) ...
Presolve removed 268326 rows and 159455 columns (presolve time = 90s) ...
Presolve removed 268326 rows and 159455 columns (presolve time = 95s) ...
Presolve removed 268326 rows and 159455 columns (presolve time = 102s) ...
Presolve removed 268326 rows and 159455 columns (presolve time = 105s) ...
Presolve removed 268326 rows and 159455 columns (presolve time = 112s) ...
Presolve removed 268326 rows and 159455 columns (presolve time = 115s) ...
Presolve removed 268326 rows and 241270 columns (presolve time = 122s) ...
Presolve removed 268326 rows and 241270 columns (presolve time = 125s) ...
Presolve removed 268326 rows and 241270 columns (presolve time = 130s) ...
Presolve removed 268326 rows and 241270 columns (presolve time = 135s) ...
Presolve removed 268326 rows and 241270 columns (presolve time = 140s) ...
Presolve removed 268326 rows and 241270 columns (presolve time = 145s) ...
Presolve removed 268326 rows and 241270 columns (presolve time = 150s) ...
Presolve removed 268327 rows and 241270 columns (presolve time = 156s) ...
Presolve removed 431956 rows and 241270 columns (presolve time = 161s) ...
Presolve removed 431956 rows and 241270 columns (presolve time = 166s) ...
Presolve removed 431956 rows and 244477 columns (presolve time = 177s) ...
Presolve removed 431956 rows and 244477 columns (presolve time = 180s) ...
Presolve removed 431956 rows and 244477 columns (presolve time = 187s) ...
Presolve removed 431956 rows and 244477 columns (presolve time = 192s) ...
Presolve removed 431956 rows and 244477 columns (presolve time = 195s) ...
Presolve removed 431956 rows and 244477 columns (presolve time = 202s) ...
Presolve removed 431956 rows and 244477 columns (presolve time = 205s) ...
Presolve removed 431956 rows and 244478 columns (presolve time = 210s) ...
Presolve removed 431956 rows and 244478 columns (presolve time = 216s) ...
Presolve removed 431956 rows and 244478 columns (presolve time = 227s) ...
Presolve removed 431956 rows and 244478 columns (presolve time = 230s) ...
Presolve removed 431956 rows and 244478 columns (presolve time = 236s) ...
Presolve removed 431956 rows and 244478 columns (presolve time = 242s) ...
Presolve removed 431956 rows and 244478 columns (presolve time = 245s) ...
Presolve removed 431956 rows and 244478 columns (presolve time = 252s) ...
Presolve removed 431956 rows and 244478 columns (presolve time = 255s) ...
Presolve removed 431956 rows and 244478 columns (presolve time = 260s) ...
Presolve removed 431956 rows and 244478 columns (presolve time = 265s) ...
Presolve removed 431956 rows and 244478 columns (presolve time = 270s) ...
Presolve removed 431956 rows and 244478 columns (presolve time = 275s) ...
Presolve removed 431956 rows and 244478 columns (presolve time = 281s) ...
Presolve removed 431956 rows and 244478 columns (presolve time = 290s) ...
Presolve removed 431956 rows and 244478 columns (presolve time = 290s) ...
Presolve removed 431956 rows and 244478 columns
Presolve time: 294.60s
Presolved: 481307 rows, 668784 columns, 46607639 nonzeros
Variable types: 0 continuous, 668784 integer (665827 binary)

Deterministic concurrent LP optimizer: primal simplex, dual simplex, and barrier
Showing barrier log only...

Root barrier log...

Elapsed ordering time = 5s
Elapsed ordering time = 10s
Elapsed ordering time = 15s
Elapsed ordering time = 20s
Elapsed ordering time = 25s
Elapsed ordering time = 30s
Elapsed ordering time = 35s
Elapsed ordering time = 40s
Elapsed ordering time = 45s
Elapsed ordering time = 50s
Elapsed ordering time = 55s
Elapsed ordering time = 60s
Elapsed ordering time = 65s
Elapsed ordering time = 70s
Elapsed ordering time = 75s
Elapsed ordering time = 80s
Elapsed ordering time = 85s
Elapsed ordering time = 90s
Elapsed ordering time = 95s
Elapsed ordering time = 100s
Elapsed ordering time = 105s
Elapsed ordering time = 110s
Elapsed ordering time = 115s
Elapsed ordering time = 120s
Elapsed ordering time = 125s
Elapsed ordering time = 130s
Elapsed ordering time = 135s
Elapsed ordering time = 140s
Elapsed ordering time = 145s
Elapsed ordering time = 150s
Elapsed ordering time = 155s
Elapsed ordering time = 160s
Elapsed ordering time = 165s
Elapsed ordering time = 170s
Elapsed ordering time = 175s
Elapsed ordering time = 180s
Elapsed ordering time = 185s
Elapsed ordering time = 190s
Elapsed ordering time = 195s
Elapsed ordering time = 200s
Elapsed ordering time = 205s
