
Gurobi 9.5.0 (win64) logging started Tue Apr  5 18:17:59 2022

Set parameter LogFile to value "../results/logs/log_2022_04_05_18_16.csv_3_250.log"
Gurobi Optimizer version 9.5.0 build v9.5.0rc5 (win64)
Thread count: 6 physical cores, 12 logical processors, using up to 12 threads
Optimize a model with 65003 rows, 4280396 columns and 1176195 nonzeros
Model fingerprint: 0x4fa8cc39
Variable types: 0 continuous, 4280396 integer (4280396 binary)
Coefficient statistics:
  Matrix range     [1e+00, 3e+00]
  Objective range  [1e+00, 1e+00]
  Bounds range     [1e+00, 1e+00]
  RHS range        [1e+00, 3e+02]
Found heuristic solution: objective 1277646.0000
Presolve removed 51055 rows and 4261407 columns
Presolve time: 3.69s
Presolved: 13948 rows, 18989 columns, 53415 nonzeros
Found heuristic solution: objective 1278146.0000
Variable types: 0 continuous, 18989 integer (17582 binary)

Root simplex log...

Iteration    Objective       Primal Inf.    Dual Inf.      Time
       0    1.2862270e+06   2.788750e+03   0.000000e+00      5s
    8026    1.2795016e+06   0.000000e+00   0.000000e+00      6s

Root relaxation: objective 1.279502e+06, 8026 iterations, 0.24 seconds (0.14 work units)

    Nodes    |    Current Node    |     Objective Bounds      |     Work
 Expl Unexpl |  Obj  Depth IntInf | Incumbent    BestBd   Gap | It/Node Time

     0     0 1279501.65    0 1974 1278146.00 1279501.65  0.11%     -    7s
H    0     0                    1278288.0000 1279501.65  0.09%     -    8s
H    0     0                    1278290.0000 1279501.65  0.09%     -    8s
     0     0 1278602.59    0  394 1278290.00 1278602.59  0.02%     -   10s
H    0     0                    1278430.0000 1278602.59  0.01%     -   11s
H    0     0                    1278496.0000 1278602.59  0.01%     -   11s
H    0     0                    1278499.0000 1278591.21  0.01%     -   11s
H    0     0                    1278533.0000 1278591.21  0.00%     -   11s
     0     0 1278557.46    0  305 1278533.00 1278557.46  0.00%     -   11s
H    0     0                    1278535.0000 1278557.46  0.00%     -   11s
     0     0 1278557.46    0  306 1278535.00 1278557.46  0.00%     -   11s
H    0     0                    1278539.0000 1278557.46  0.00%     -   12s
     0     0 1278552.41    0   24 1278539.00 1278552.41  0.00%     -   12s
H    0     0                    1278549.0000 1278552.41  0.00%     -   12s
     0     0 1278551.00    0   16 1278549.00 1278551.00  0.00%     -   13s
     0     0 1278551.00    0    8 1278549.00 1278551.00  0.00%     -   13s
H    0     0                    1278550.0000 1278551.00  0.00%     -   15s
*    0     0               0    1278551.0000 1278551.00  0.00%     -   15s

Cutting planes:
  Gomory: 78
  Cover: 7
  Implied bound: 76
  MIR: 675
  StrongCG: 25
  GUB cover: 979
  Zero half: 73
  RLT: 26
  Relax-and-lift: 4

Explored 1 nodes (10454 simplex iterations) in 15.40 seconds (4.17 work units)
Thread count was 12 (of 12 available processors)

Solution count 10: 1.27855e+06 1.27855e+06 1.27855e+06 ... 1.27829e+06

Optimal solution found (tolerance 0.00e+00)
Best objective 1.278551000000e+06, best bound 1.278551000000e+06, gap 0.0000%
