
Gurobi 9.5.1 (linux64) logging started Sat Jun 18 01:36:45 2022

Set parameter LogFile to value "../results/logs/log_com-dblp.ungraph_20_20_2022_06_17_19_52.log"
Gurobi Optimizer version 9.5.1 build v9.5.1rc2 (linux64)
Thread count: 8 physical cores, 8 logical processors, using up to 8 threads
Optimize a model with 31647 rows, 634160 columns and 1449921 nonzeros
Model fingerprint: 0x3d5a065f
Variable types: 0 continuous, 634160 integer (634160 binary)
Coefficient statistics:
  Matrix range     [1e+00, 2e+01]
  Objective range  [1e+00, 1e+00]
  Bounds range     [1e+00, 1e+00]
  RHS range        [1e+00, 2e+01]

User MIP start produced solution with objective 3085 (0.53s)
Loaded user MIP start with objective 3085

Presolve removed 192 rows and 536740 columns
Presolve time: 2.42s
Presolved: 31455 rows, 97420 columns, 675695 nonzeros
Variable types: 0 continuous, 97420 integer (74666 binary)

Deterministic concurrent LP optimizer: primal and dual simplex
Showing first log only...


Root simplex log...

Iteration    Objective       Primal Inf.    Dual Inf.      Time
    9297    3.3730470e+03   0.000000e+00   2.139273e+04      5s
Warning: Markowitz tolerance tightened to 0.03125
Warning: Markowitz tolerance tightened to 0.25
   11048    3.7591184e+03   0.000000e+00   2.301779e+04     10s
   11888    4.0858655e+03   0.000000e+00   2.038549e+08     17s
   12328    4.2910399e+03   0.000000e+00   2.430531e+06     20s
   12888    4.5347918e+03   0.000000e+00   2.108253e+06     27s
   13158    4.6492359e+03   0.000000e+00   2.888318e+05     31s
   13458    4.7837153e+03   0.000000e+00   2.621631e+06     35s
   13758    4.9176193e+03   0.000000e+00   3.955365e+07     40s
   14063    5.0403773e+03   0.000000e+00   8.471285e+06     46s
   14367    5.1812932e+03   0.000000e+00   2.766335e+06     53s
   14665    5.2883853e+03   0.000000e+00   2.547331e+05     59s
   14960    5.3973968e+03   0.000000e+00   4.689112e+06     66s
   15246    5.4830808e+03   0.000000e+00   4.581132e+07     74s
   15533    5.5674685e+03   0.000000e+00   1.428295e+03     83s
   15821    5.6722612e+03   0.000000e+00   3.329695e+07     92s
   16100    5.7854934e+03   0.000000e+00   7.201266e+06    101s
   16377    5.8762733e+03   0.000000e+00   3.483673e+05    111s
   16653    5.9732494e+03   0.000000e+00   8.238540e+07    122s
   16923    6.0517250e+03   0.000000e+00   4.014610e+06    135s
   17191    6.1532839e+03   0.000000e+00   7.271430e+02    147s
   17455    6.2297154e+03   0.000000e+00   1.867627e+06    160s
   17718    6.3174432e+03   0.000000e+00   1.961152e+04    174s
   17976    6.3764182e+03   0.000000e+00   1.921181e+06    189s
   18230    6.4347835e+03   0.000000e+00   1.101932e+06    204s
   18485    6.4970172e+03   0.000000e+00   2.100098e+00    220s
   18498    6.4952921e+03   0.000000e+00   0.000000e+00    223s
   18498    6.4952921e+03   0.000000e+00   0.000000e+00    226s
Concurrent spin time: 2.09s

Solved with primal simplex

Root relaxation: objective 6.495292e+03, 18498 iterations, 224.76 seconds (553.29 work units)
Total elapsed time = 230.45s

    Nodes    |    Current Node    |     Objective Bounds      |     Work
 Expl Unexpl |  Obj  Depth IntInf | Incumbent    BestBd   Gap | It/Node Time

     0     0 6495.29214    0 15021 3085.00000 6495.29214   111%     -  237s
H    0     0                    3102.0000000 5509.52474  77.6%     -  570s
     0     0 5509.52174    0 14812 3102.00000 5509.52174  77.6%     -  588s
H    0     0                    3110.0000000 5509.52174  77.2%     -  702s
     0     0 4881.73344    0 14823 3110.00000 4881.73344  57.0%     -  840s
     0     0 4429.40442    0 14757 3110.00000 4429.40442  42.4%     - 1009s
     0     0 4161.27909    0 14628 3110.00000 4161.27909  33.8%     - 1170s
     0     0 3983.78036    0 14412 3110.00000 3983.78036  28.1%     - 1312s
     0     0 3861.75883    0 14154 3110.00000 3861.75883  24.2%     - 1453s
     0     0 3774.55014    0 13804 3110.00000 3774.55014  21.4%     - 1586s
     0     0 3718.99404    0 13480 3110.00000 3718.99404  19.6%     - 1708s
     0     0 3678.04263    0 13137 3110.00000 3678.04263  18.3%     - 1837s
     0     0 3653.81031    0 12713 3110.00000 3653.81031  17.5%     - 1937s
     0     0 3637.66195    0 12155 3110.00000 3637.66195  17.0%     - 1988s
     0     0 3626.45557    0 11998 3110.00000 3626.45557  16.6%     - 2077s
     0     0 3617.87020    0 11213 3110.00000 3617.87020  16.3%     - 2155s
     0     0 3612.88785    0 10614 3110.00000 3612.88785  16.2%     - 2218s
     0     0 3604.17772    0 9558 3110.00000 3604.17772  15.9%     - 2321s
     0     0 3591.32317    0 7993 3110.00000 3591.32317  15.5%     - 2369s
     0     0 3583.73058    0 7360 3110.00000 3583.73058  15.2%     - 2401s
     0     0 3583.08900    0 7311 3110.00000 3583.08900  15.2%     - 2415s
     0     0 3582.92555    0 6933 3110.00000 3582.92555  15.2%     - 2423s
H    0     0                    3118.0000000 3466.55632  11.2%     - 2734s
     0     0 3466.55632    0 6064 3118.00000 3466.55632  11.2%     - 2734s
     0     0 3422.14847    0 6778 3118.00000 3422.14847  9.75%     - 2761s
     0     0 3403.95764    0 7061 3118.00000 3403.95764  9.17%     - 2808s
     0     0 3396.00700    0 7301 3118.00000 3396.00700  8.92%     - 2853s
     0     0 3392.12666    0 6794 3118.00000 3392.12666  8.79%     - 2903s
     0     0 3388.94096    0 6941 3118.00000 3388.94096  8.69%     - 2951s
     0     0 3384.68820    0 6680 3118.00000 3384.68820  8.55%     - 2999s
     0     0 3383.70529    0 6547 3118.00000 3383.70529  8.52%     - 3028s
H    0     0                    3122.0000000 3383.70529  8.38%     - 3327s
     0     0 3368.98657    0 7080 3122.00000 3368.98657  7.91%     - 3394s

Cutting planes:
  Lift-and-project: 3
  Cover: 276
  Implied bound: 703
  MIR: 4548
  StrongCG: 95
  GUB cover: 1929
  Zero half: 1
  RLT: 4206

Explored 1 nodes (62325 simplex iterations) in 3600.10 seconds (5087.64 work units)
Thread count was 8 (of 8 available processors)

Solution count 5: 3122 3118 3110 ... 3085

Time limit reached
Best objective 3.122000000000e+03, best bound 3.368000000000e+03, gap 7.8796%
