
Gurobi 9.5.1 (linux64) logging started Sat Jul  2 21:05:35 2022

Set parameter LogFile to value "../results/logs/log_soc-catster.e_21_250_2022_07_02_19_03.log"
Gurobi Optimizer version 9.5.1 build v9.5.1rc2 (linux64)
Thread count: 8 physical cores, 8 logical processors, using up to 8 threads
Optimize a model with 22594 rows, 299368 columns and 223291 nonzeros
Model fingerprint: 0x595dc1a7
Variable types: 0 continuous, 299368 integer (299368 binary)
Coefficient statistics:
  Matrix range     [1e+00, 2e+01]
  Objective range  [1e+00, 1e+00]
  Bounds range     [1e+00, 1e+00]
  RHS range        [1e+00, 2e+02]
Found heuristic solution: objective 78945.000000
Presolve removed 14959 rows and 294612 columns
Presolve time: 0.32s
Presolved: 7635 rows, 4756 columns, 26096 nonzeros
Found heuristic solution: objective 79327.000000
Variable types: 0 continuous, 4756 integer (4592 binary)

Root relaxation: objective 7.966605e+04, 1059 iterations, 0.01 seconds (0.01 work units)

    Nodes    |    Current Node    |     Objective Bounds      |     Work
 Expl Unexpl |  Obj  Depth IntInf | Incumbent    BestBd   Gap | It/Node Time

     0     0 79666.0494    0  437 79327.0000 79666.0494  0.43%     -    0s
H    0     0                    79419.000000 79666.0494  0.31%     -    0s
H    0     0                    79438.000000 79666.0494  0.29%     -    0s
H    0     0                    79486.000000 79666.0494  0.23%     -    0s
H    0     0                    79535.000000 79663.8429  0.16%     -    0s
H    0     0                    79549.000000 79663.8429  0.14%     -    0s
     0     0 79566.4709    0  184 79549.0000 79566.4709  0.02%     -    0s
H    0     0                    79554.000000 79566.4709  0.02%     -    0s
     0     0 79566.4709    0  153 79554.0000 79566.4709  0.02%     -    0s
     0     0 79566.4709    0  151 79554.0000 79566.4709  0.02%     -    0s
     0     0 79566.4709    0  151 79554.0000 79566.4709  0.02%     -    0s
     0     0 79564.8476    0   92 79554.0000 79564.8476  0.01%     -    0s
H    0     0                    79555.000000 79564.3027  0.01%     -    0s
     0     0 79564.3027    0   84 79555.0000 79564.3027  0.01%     -    0s
     0     0 79564.0587    0   83 79555.0000 79564.0587  0.01%     -    0s
     0     0 79563.6888    0   79 79555.0000 79563.6888  0.01%     -    0s
     0     0 79563.4801    0   81 79555.0000 79563.4801  0.01%     -    0s
     0     0 79563.4801    0   81 79555.0000 79563.4801  0.01%     -    0s
     0     0 79562.2489    0   66 79555.0000 79562.2489  0.01%     -    1s
H    0     0                    79556.000000 79562.2489  0.01%     -    1s
     0     0 79561.7507    0   61 79556.0000 79561.7507  0.01%     -    1s
     0     0 79561.7187    0   69 79556.0000 79561.7187  0.01%     -    1s
     0     0 79561.5871    0   61 79556.0000 79561.5871  0.01%     -    1s
     0     0 79561.5429    0   23 79556.0000 79561.5429  0.01%     -    1s
     0     0 79561.5429    0   23 79556.0000 79561.5429  0.01%     -    1s
     0     0 79561.5091    0   24 79556.0000 79561.5091  0.01%     -    1s
     0     0 79561.4985    0   24 79556.0000 79561.4985  0.01%     -    1s
     0     0 79561.4970    0   26 79556.0000 79561.4970  0.01%     -    1s
     0     0 79561.4792    0   24 79556.0000 79561.4792  0.01%     -    1s
     0     0 79561.4792    0   21 79556.0000 79561.4792  0.01%     -    1s
H    0     0                    79558.000000 79561.4792  0.00%     -    1s
     0     2 79561.4792    0   20 79558.0000 79561.4792  0.00%     -    1s
*    7     6               3    79561.000001 79561.0000  0.00%  41.9    1s

Cutting planes:
  Gomory: 124
  Cover: 96
  Implied bound: 12
  Clique: 13
  MIR: 154
  StrongCG: 11
  GUB cover: 223
  Zero half: 24
  Mod-K: 1
  RLT: 29
  Relax-and-lift: 2

Explored 12 nodes (2765 simplex iterations) in 1.78 seconds (1.35 work units)
Thread count was 8 (of 8 available processors)

Solution count 10: 79561 79558 79556 ... 79419

Optimal solution found (tolerance 0.00e+00)
Best objective 7.956100000167e+04, best bound 7.956100000167e+04, gap 0.0000%
