
Gurobi 9.5.1 (linux64) logging started Fri Mar 18 12:09:55 2022

Set parameter LogFile to value "../results/logs/log_2022_03_18_12_09.csv_2_250.log"
Set parameter LazyConstraints to value 1
Gurobi Optimizer version 9.5.1 build v9.5.1rc2 (linux64)
Thread count: 8 physical cores, 8 logical processors, using up to 8 threads
Optimize a model with 37072 rows, 116456 columns and 132370 nonzeros
Model fingerprint: 0xd79aa57d
Variable types: 0 continuous, 116456 integer (116456 binary)
Coefficient statistics:
  Matrix range     [1e+00, 1e+00]
  Objective range  [1e+00, 1e+00]
  Bounds range     [1e+00, 1e+00]
  RHS range        [1e+00, 2e+02]
Found heuristic solution: objective 58228.000000

Explored 0 nodes (0 simplex iterations) in 0.02 seconds (0.01 work units)
Thread count was 1 (of 8 available processors)

Solution count 1: 58228 

Optimal solution found (tolerance 1.00e-04)
Best objective 5.822800000000e+04, best bound 5.822800000000e+04, gap 0.0000%

User-callback calls 21, time in user-callback 0.00 sec

Gurobi 9.5.1 (linux64) logging started Fri Mar 18 12:10:56 2022

Set parameter LogFile to value "../results/logs/log_2022_03_18_12_09.csv_2_250.log"
Set parameter LazyConstraints to value 1
Gurobi Optimizer version 9.5.1 build v9.5.1rc2 (linux64)
Thread count: 8 physical cores, 8 logical processors, using up to 8 threads
Optimize a model with 37072 rows, 116456 columns and 132370 nonzeros
Model fingerprint: 0xd79aa57d
Variable types: 0 continuous, 116456 integer (116456 binary)
Coefficient statistics:
  Matrix range     [1e+00, 1e+00]
  Objective range  [1e+00, 1e+00]
  Bounds range     [1e+00, 1e+00]
  RHS range        [1e+00, 2e+02]
Found heuristic solution: objective 58228.000000

Explored 0 nodes (0 simplex iterations) in 0.02 seconds (0.01 work units)
Thread count was 1 (of 8 available processors)

Solution count 1: 58228 

Optimal solution found (tolerance 1.00e-04)
Best objective 5.822800000000e+04, best bound 5.822800000000e+04, gap 0.0000%

User-callback calls 21, time in user-callback 0.00 sec

Gurobi 9.5.1 (linux64) logging started Fri Mar 18 12:12:03 2022

Set parameter LogFile to value "../results/logs/log_2022_03_18_12_09.csv_2_250.log"
Set parameter LazyConstraints to value 1
Gurobi Optimizer version 9.5.1 build v9.5.1rc2 (linux64)
Thread count: 8 physical cores, 8 logical processors, using up to 8 threads
Optimize a model with 37072 rows, 116456 columns and 132370 nonzeros
Model fingerprint: 0xd79aa57d
Variable types: 0 continuous, 116456 integer (116456 binary)
Coefficient statistics:
  Matrix range     [1e+00, 1e+00]
  Objective range  [1e+00, 1e+00]
  Bounds range     [1e+00, 1e+00]
  RHS range        [1e+00, 2e+02]
Found heuristic solution: objective 58228.000000

Explored 0 nodes (0 simplex iterations) in 0.02 seconds (0.01 work units)
Thread count was 1 (of 8 available processors)

Solution count 1: 58228 

Optimal solution found (tolerance 1.00e-04)
Best objective 5.822800000000e+04, best bound 5.822800000000e+04, gap 0.0000%

User-callback calls 21, time in user-callback 0.00 sec

Gurobi 9.5.1 (linux64) logging started Fri Mar 18 12:13:09 2022

Set parameter LogFile to value "../results/logs/log_2022_03_18_12_09.csv_2_250.log"
Set parameter LazyConstraints to value 1
Gurobi Optimizer version 9.5.1 build v9.5.1rc2 (linux64)
Thread count: 8 physical cores, 8 logical processors, using up to 8 threads
Optimize a model with 37072 rows, 116456 columns and 132370 nonzeros
Model fingerprint: 0xd79aa57d
Variable types: 0 continuous, 116456 integer (116456 binary)
Coefficient statistics:
  Matrix range     [1e+00, 1e+00]
  Objective range  [1e+00, 1e+00]
  Bounds range     [1e+00, 1e+00]
  RHS range        [1e+00, 2e+02]
Found heuristic solution: objective 58228.000000

Explored 0 nodes (0 simplex iterations) in 0.02 seconds (0.01 work units)
Thread count was 1 (of 8 available processors)

Solution count 1: 58228 

Optimal solution found (tolerance 1.00e-04)
Best objective 5.822800000000e+04, best bound 5.822800000000e+04, gap 0.0000%

User-callback calls 21, time in user-callback 0.00 sec

Gurobi 9.5.1 (linux64) logging started Fri Mar 18 12:24:26 2022

Set parameter LogFile to value "../results/logs/log_2022_03_18_12_09.csv_2_250.log"
Set parameter LazyConstraints to value 1
Gurobi Optimizer version 9.5.1 build v9.5.1rc2 (linux64)
Thread count: 8 physical cores, 8 logical processors, using up to 8 threads
Optimize a model with 37072 rows, 116456 columns and 132370 nonzeros
Model fingerprint: 0x362bffa8
Variable types: 58228 continuous, 58228 integer (58228 binary)
Coefficient statistics:
  Matrix range     [1e+00, 1e+00]
  Objective range  [1e+00, 1e+00]
  Bounds range     [1e+00, 1e+00]
  RHS range        [1e+00, 2e+02]
Found heuristic solution: objective 58228.000000

Explored 0 nodes (0 simplex iterations) in 0.02 seconds (0.01 work units)
Thread count was 1 (of 8 available processors)

Solution count 1: 58228 

Optimal solution found (tolerance 1.00e-04)
Best objective 5.822800000000e+04, best bound 5.822800000000e+04, gap 0.0000%

User-callback calls 21, time in user-callback 0.00 sec

Gurobi 9.5.1 (linux64) logging started Fri Mar 18 12:25:27 2022

Set parameter LogFile to value "../results/logs/log_2022_03_18_12_09.csv_2_250.log"
Set parameter LazyConstraints to value 1
Gurobi Optimizer version 9.5.1 build v9.5.1rc2 (linux64)
Thread count: 8 physical cores, 8 logical processors, using up to 8 threads
Optimize a model with 55820 rows, 116456 columns and 188614 nonzeros
Model fingerprint: 0xc1dff6ab
Variable types: 0 continuous, 116456 integer (116456 binary)
Coefficient statistics:
  Matrix range     [1e+00, 1e+00]
  Objective range  [1e+00, 1e+00]
  Bounds range     [1e+00, 1e+00]
  RHS range        [1e+00, 2e+02]
Found heuristic solution: objective 54080.000000
Found heuristic solution: objective 55604.000000
Found heuristic solution: objective 56736.000000
Presolve time: 0.15s
Presolved: 55820 rows, 116456 columns, 188614 nonzeros
Extracted 18748 lazy constraints
Variable types: 0 continuous, 116456 integer (116456 binary)
Found heuristic solution: objective 58228.000000

Explored 0 nodes (0 simplex iterations) in 0.22 seconds (0.16 work units)
Thread count was 8 (of 8 available processors)

Solution count 4: 58228 56736 55604 54080 

Optimal solution found (tolerance 1.00e-04)
Best objective 5.822800000000e+04, best bound 5.822800000000e+04, gap 0.0000%

User-callback calls 105, time in user-callback 0.00 sec

Gurobi 9.5.1 (linux64) logging started Fri Mar 18 12:26:35 2022

Set parameter LogFile to value "../results/logs/log_2022_03_18_12_09.csv_2_250.log"
Set parameter LazyConstraints to value 1
Gurobi Optimizer version 9.5.1 build v9.5.1rc2 (linux64)
Thread count: 8 physical cores, 8 logical processors, using up to 8 threads
Optimize a model with 37072 rows, 116456 columns and 132370 nonzeros
Model fingerprint: 0x273d6b0d
Variable types: 0 continuous, 116456 integer (116456 binary)
Coefficient statistics:
  Matrix range     [1e+00, 1e+00]
  Objective range  [1e+00, 1e+00]
  Bounds range     [1e+00, 1e+00]
  RHS range        [1e+00, 2e+02]
Found heuristic solution: objective 58228.000000

Explored 0 nodes (0 simplex iterations) in 0.02 seconds (0.01 work units)
Thread count was 1 (of 8 available processors)

Solution count 1: 58228 

Optimal solution found (tolerance 1.00e-04)
Best objective 5.822800000000e+04, best bound 5.822800000000e+04, gap 0.0000%

User-callback calls 21, time in user-callback 0.00 sec

Gurobi 9.5.1 (linux64) logging started Fri Mar 18 12:28:49 2022

Set parameter LogFile to value "../results/logs/log_2022_03_18_12_09.csv_2_250.log"
Set parameter LazyConstraints to value 1
Gurobi Optimizer version 9.5.1 build v9.5.1rc2 (linux64)
Thread count: 8 physical cores, 8 logical processors, using up to 8 threads
Optimize a model with 37072 rows, 116456 columns and 132370 nonzeros
Model fingerprint: 0xd79aa57d
Variable types: 0 continuous, 116456 integer (116456 binary)
Coefficient statistics:
  Matrix range     [1e+00, 1e+00]
  Objective range  [1e+00, 1e+00]
  Bounds range     [1e+00, 1e+00]
  RHS range        [1e+00, 2e+02]
Found heuristic solution: objective 58228.000000

Explored 0 nodes (0 simplex iterations) in 0.02 seconds (0.01 work units)
Thread count was 1 (of 8 available processors)

Solution count 1: 58228 

Optimal solution found (tolerance 1.00e-04)
Best objective 5.822800000000e+04, best bound 5.822800000000e+04, gap 0.0000%

User-callback calls 21, time in user-callback 0.00 sec

Gurobi 9.5.1 (linux64) logging started Fri Mar 18 12:29:54 2022

Set parameter LogFile to value "../results/logs/log_2022_03_18_12_09.csv_2_250.log"
Set parameter LazyConstraints to value 1
Gurobi Optimizer version 9.5.1 build v9.5.1rc2 (linux64)
Thread count: 8 physical cores, 8 logical processors, using up to 8 threads
Optimize a model with 55820 rows, 116456 columns and 188614 nonzeros
Model fingerprint: 0x7a225816
Variable types: 58228 continuous, 58228 integer (58228 binary)
Coefficient statistics:
  Matrix range     [1e+00, 1e+00]
  Objective range  [1e+00, 1e+00]
  Bounds range     [1e+00, 1e+00]
  RHS range        [1e+00, 2e+02]
Found heuristic solution: objective 54080.000000
Found heuristic solution: objective 58228.000000

Explored 0 nodes (0 simplex iterations) in 0.03 seconds (0.01 work units)
Thread count was 1 (of 8 available processors)

Solution count 2: 58228 54080 

Optimal solution found (tolerance 1.00e-04)
Best objective 5.822800000000e+04, best bound 5.822800000000e+04, gap 0.0000%

User-callback calls 23, time in user-callback 0.00 sec

Gurobi 9.5.1 (linux64) logging started Fri Mar 18 12:42:25 2022

Set parameter LogFile to value "../results/logs/log_2022_03_18_12_09.csv_2_250.log"
Set parameter LazyConstraints to value 1
Gurobi Optimizer version 9.5.1 build v9.5.1rc2 (linux64)
Thread count: 8 physical cores, 8 logical processors, using up to 8 threads
Optimize a model with 39437 rows, 116456 columns and 145215 nonzeros
Model fingerprint: 0x8f8d7f97
Variable types: 0 continuous, 116456 integer (116456 binary)
Coefficient statistics:
  Matrix range     [1e+00, 2e+00]
  Objective range  [1e+00, 1e+00]
  Bounds range     [1e+00, 1e+00]
  RHS range        [1e+00, 2e+02]
Found heuristic solution: objective 55885.000000
Found heuristic solution: objective 57762.000000
Found heuristic solution: objective 57808.000000
Presolve removed 34706 rows and 69412 columns
Presolve time: 0.05s
Presolved: 4731 rows, 47044 columns, 37343 nonzeros
Variable types: 0 continuous, 47044 integer (47044 binary)
Found heuristic solution: objective 58228.000000

Explored 0 nodes (0 simplex iterations) in 0.08 seconds (0.06 work units)
Thread count was 8 (of 8 available processors)

Solution count 4: 58228 57808 57762 55885 

Optimal solution found (tolerance 1.00e-04)
Best objective 5.822800000000e+04, best bound 5.822800000000e+04, gap 0.0000%

User-callback calls 112, time in user-callback 0.00 sec

Gurobi 9.5.1 (linux64) logging started Fri Mar 18 12:47:51 2022

Set parameter LogFile to value "../results/logs/log_2022_03_18_12_09.csv_2_250.log"
Set parameter LazyConstraints to value 1
Gurobi Optimizer version 9.5.1 build v9.5.1rc2 (linux64)
Thread count: 8 physical cores, 8 logical processors, using up to 8 threads
Optimize a model with 39437 rows, 116456 columns and 145215 nonzeros
Model fingerprint: 0x8f8d7f97
Variable types: 0 continuous, 116456 integer (116456 binary)
Coefficient statistics:
  Matrix range     [1e+00, 2e+00]
  Objective range  [1e+00, 1e+00]
  Bounds range     [1e+00, 1e+00]
  RHS range        [1e+00, 2e+02]
Found heuristic solution: objective 55885.000000
Found heuristic solution: objective 57762.000000
Found heuristic solution: objective 57808.000000
Presolve removed 34706 rows and 69412 columns
Presolve time: 0.05s
Presolved: 4731 rows, 47044 columns, 37343 nonzeros
Variable types: 0 continuous, 47044 integer (47044 binary)
Found heuristic solution: objective 58228.000000

Explored 0 nodes (0 simplex iterations) in 0.08 seconds (0.06 work units)
Thread count was 8 (of 8 available processors)

Solution count 4: 58228 57808 57762 55885 

Optimal solution found (tolerance 1.00e-04)
Best objective 5.822800000000e+04, best bound 5.822800000000e+04, gap 0.0000%

User-callback calls 112, time in user-callback 0.00 sec

Gurobi 9.5.1 (linux64) logging started Fri Mar 18 12:53:24 2022

Set parameter LogFile to value "../results/logs/log_2022_03_18_12_09.csv_2_250.log"
Set parameter LazyConstraints to value 1
Gurobi Optimizer version 9.5.1 build v9.5.1rc2 (linux64)
Thread count: 8 physical cores, 8 logical processors, using up to 8 threads
Optimize a model with 39437 rows, 116456 columns and 145215 nonzeros
Model fingerprint: 0x8f8d7f97
Variable types: 0 continuous, 116456 integer (116456 binary)
Coefficient statistics:
  Matrix range     [1e+00, 2e+00]
  Objective range  [1e+00, 1e+00]
  Bounds range     [1e+00, 1e+00]
  RHS range        [1e+00, 2e+02]
Found heuristic solution: objective 55885.000000
Found heuristic solution: objective 57762.000000
Found heuristic solution: objective 57808.000000
Presolve removed 34706 rows and 69412 columns
Presolve time: 0.05s
Presolved: 4731 rows, 47044 columns, 37343 nonzeros
Variable types: 0 continuous, 47044 integer (47044 binary)
Found heuristic solution: objective 58228.000000

Explored 0 nodes (0 simplex iterations) in 0.08 seconds (0.06 work units)
Thread count was 8 (of 8 available processors)

Solution count 4: 58228 57808 57762 55885 

Optimal solution found (tolerance 1.00e-04)
Best objective 5.822800000000e+04, best bound 5.822800000000e+04, gap 0.0000%

User-callback calls 112, time in user-callback 0.00 sec

Gurobi 9.5.1 (linux64) logging started Fri Mar 18 12:58:57 2022

Set parameter LogFile to value "../results/logs/log_2022_03_18_12_09.csv_2_250.log"
Set parameter LazyConstraints to value 1
Gurobi Optimizer version 9.5.1 build v9.5.1rc2 (linux64)
Thread count: 8 physical cores, 8 logical processors, using up to 8 threads
Optimize a model with 39437 rows, 116456 columns and 145215 nonzeros
Model fingerprint: 0x8f8d7f97
Variable types: 0 continuous, 116456 integer (116456 binary)
Coefficient statistics:
  Matrix range     [1e+00, 2e+00]
  Objective range  [1e+00, 1e+00]
  Bounds range     [1e+00, 1e+00]
  RHS range        [1e+00, 2e+02]
Found heuristic solution: objective 55885.000000
Found heuristic solution: objective 57762.000000
Found heuristic solution: objective 57808.000000
Presolve removed 34706 rows and 69412 columns
Presolve time: 0.05s
Presolved: 4731 rows, 47044 columns, 37343 nonzeros
Variable types: 0 continuous, 47044 integer (47044 binary)
Found heuristic solution: objective 58228.000000

Explored 0 nodes (0 simplex iterations) in 0.09 seconds (0.06 work units)
Thread count was 8 (of 8 available processors)

Solution count 4: 58228 57808 57762 55885 

Optimal solution found (tolerance 1.00e-04)
Best objective 5.822800000000e+04, best bound 5.822800000000e+04, gap 0.0000%

User-callback calls 112, time in user-callback 0.00 sec

Gurobi 9.5.1 (linux64) logging started Fri Mar 18 13:14:32 2022

Set parameter LogFile to value "../results/logs/log_2022_03_18_12_09.csv_2_250.log"
Set parameter LazyConstraints to value 1
Gurobi Optimizer version 9.5.1 build v9.5.1rc2 (linux64)
Thread count: 8 physical cores, 8 logical processors, using up to 8 threads
Optimize a model with 39437 rows, 116456 columns and 145215 nonzeros
Model fingerprint: 0x4fa05014
Variable types: 58228 continuous, 58228 integer (58228 binary)
Coefficient statistics:
  Matrix range     [1e+00, 2e+00]
  Objective range  [1e+00, 1e+00]
  Bounds range     [1e+00, 1e+00]
  RHS range        [1e+00, 2e+02]
Found heuristic solution: objective 55885.000000
Found heuristic solution: objective 58228.000000

Explored 0 nodes (0 simplex iterations) in 0.02 seconds (0.01 work units)
Thread count was 1 (of 8 available processors)

Solution count 2: 58228 55885 

Optimal solution found (tolerance 1.00e-04)
Best objective 5.822800000000e+04, best bound 5.822800000000e+04, gap 0.0000%

User-callback calls 23, time in user-callback 0.00 sec

Gurobi 9.5.1 (linux64) logging started Fri Mar 18 13:19:49 2022

Set parameter LogFile to value "../results/logs/log_2022_03_18_12_09.csv_2_250.log"
Set parameter LazyConstraints to value 1
Gurobi Optimizer version 9.5.1 build v9.5.1rc2 (linux64)
Thread count: 8 physical cores, 8 logical processors, using up to 8 threads
Optimize a model with 58185 rows, 116456 columns and 201459 nonzeros
Model fingerprint: 0xef0e371c
Variable types: 0 continuous, 116456 integer (116456 binary)
Coefficient statistics:
  Matrix range     [1e+00, 2e+00]
  Objective range  [1e+00, 1e+00]
  Bounds range     [1e+00, 1e+00]
  RHS range        [1e+00, 2e+02]
Found heuristic solution: objective 55885.000000
Found heuristic solution: objective 57762.000000
Found heuristic solution: objective 57808.000000
Presolve removed 52676 rows and 69412 columns
Presolve time: 0.07s
Presolved: 5509 rows, 47044 columns, 39677 nonzeros
Extracted 1589 lazy constraints
Variable types: 0 continuous, 47044 integer (47044 binary)
Found heuristic solution: objective 58228.000000

Explored 0 nodes (0 simplex iterations) in 0.11 seconds (0.09 work units)
Thread count was 8 (of 8 available processors)

Solution count 4: 58228 57808 57762 55885 

Optimal solution found (tolerance 1.00e-04)
Best objective 5.822800000000e+04, best bound 5.822800000000e+04, gap 0.0000%

User-callback calls 151, time in user-callback 0.00 sec

Gurobi 9.5.1 (linux64) logging started Fri Mar 18 13:25:12 2022

Set parameter LogFile to value "../results/logs/log_2022_03_18_12_09.csv_2_250.log"
Set parameter LazyConstraints to value 1
Gurobi Optimizer version 9.5.1 build v9.5.1rc2 (linux64)
Thread count: 8 physical cores, 8 logical processors, using up to 8 threads
Optimize a model with 39437 rows, 116456 columns and 145215 nonzeros
Model fingerprint: 0xab45fe93
Variable types: 0 continuous, 116456 integer (116456 binary)
Coefficient statistics:
  Matrix range     [1e+00, 2e+00]
  Objective range  [1e+00, 1e+00]
  Bounds range     [1e+00, 1e+00]
  RHS range        [1e+00, 2e+02]
Found heuristic solution: objective 55885.000000
Found heuristic solution: objective 57762.000000
Found heuristic solution: objective 57808.000000
Presolve removed 34706 rows and 70136 columns
Presolve time: 0.05s
Presolved: 4731 rows, 46320 columns, 36619 nonzeros
Variable types: 0 continuous, 46320 integer (46320 binary)
Found heuristic solution: objective 58228.000000

Explored 0 nodes (0 simplex iterations) in 0.08 seconds (0.06 work units)
Thread count was 8 (of 8 available processors)

Solution count 4: 58228 57808 57762 55885 

Optimal solution found (tolerance 1.00e-04)
Best objective 5.822800000000e+04, best bound 5.822800000000e+04, gap 0.0000%

User-callback calls 112, time in user-callback 0.00 sec

Gurobi 9.5.1 (linux64) logging started Fri Mar 18 13:31:45 2022

Set parameter LogFile to value "../results/logs/log_2022_03_18_12_09.csv_2_250.log"
Set parameter LazyConstraints to value 1
Gurobi Optimizer version 9.5.1 build v9.5.1rc2 (linux64)
Thread count: 8 physical cores, 8 logical processors, using up to 8 threads
Optimize a model with 39437 rows, 116456 columns and 145215 nonzeros
Model fingerprint: 0x8f8d7f97
Variable types: 0 continuous, 116456 integer (116456 binary)
Coefficient statistics:
  Matrix range     [1e+00, 2e+00]
  Objective range  [1e+00, 1e+00]
  Bounds range     [1e+00, 1e+00]
  RHS range        [1e+00, 2e+02]
Found heuristic solution: objective 55885.000000
Found heuristic solution: objective 57762.000000
Found heuristic solution: objective 57808.000000
Presolve removed 34706 rows and 69412 columns
Presolve time: 0.05s
Presolved: 4731 rows, 47044 columns, 37343 nonzeros
Variable types: 0 continuous, 47044 integer (47044 binary)
Found heuristic solution: objective 58228.000000

Explored 0 nodes (0 simplex iterations) in 0.08 seconds (0.06 work units)
Thread count was 8 (of 8 available processors)

Solution count 4: 58228 57808 57762 55885 

Optimal solution found (tolerance 1.00e-04)
Best objective 5.822800000000e+04, best bound 5.822800000000e+04, gap 0.0000%

User-callback calls 112, time in user-callback 0.00 sec

Gurobi 9.5.1 (linux64) logging started Fri Mar 18 13:37:10 2022

Set parameter LogFile to value "../results/logs/log_2022_03_18_12_09.csv_2_250.log"
Set parameter LazyConstraints to value 1
Gurobi Optimizer version 9.5.1 build v9.5.1rc2 (linux64)
Thread count: 8 physical cores, 8 logical processors, using up to 8 threads
Optimize a model with 58185 rows, 116456 columns and 201459 nonzeros
Model fingerprint: 0xe3af1b96
Variable types: 58228 continuous, 58228 integer (58228 binary)
Coefficient statistics:
  Matrix range     [1e+00, 2e+00]
  Objective range  [1e+00, 1e+00]
  Bounds range     [1e+00, 1e+00]
  RHS range        [1e+00, 2e+02]
Found heuristic solution: objective 55885.000000
Found heuristic solution: objective 58228.000000

Explored 0 nodes (0 simplex iterations) in 0.03 seconds (0.01 work units)
Thread count was 1 (of 8 available processors)

Solution count 2: 58228 55885 

Optimal solution found (tolerance 1.00e-04)
Best objective 5.822800000000e+04, best bound 5.822800000000e+04, gap 0.0000%

User-callback calls 23, time in user-callback 0.00 sec
