
Gurobi 9.5.0 (win64) logging started Mon Jun  6 19:30:08 2022

Set parameter LogFile to value "../results/logs/log_soc-dolphins_3_1_2022_06_06_19_30.log"
Set parameter LazyConstraints to value 1
Gurobi Optimizer version 9.5.0 build v9.5.0rc5 (win64)
Thread count: 6 physical cores, 12 logical processors, using up to 12 threads
Optimize a model with 57 rows, 15 columns and 160 nonzeros
Model fingerprint: 0x8548f91c
Variable types: 0 continuous, 15 integer (15 binary)
Coefficient statistics:
  Matrix range     [1e+00, 3e+00]
  Objective range  [1e+00, 1e+00]
  Bounds range     [1e+00, 1e+00]
  RHS range        [1e+00, 1e+00]
Found heuristic solution: objective -0.0000000
Presolve removed 56 rows and 10 columns
Presolve time: 0.00s
Presolved: 1 rows, 5 columns, 5 nonzeros
Variable types: 0 continuous, 5 integer (5 binary)

Explored 0 nodes (0 simplex iterations) in 0.00 seconds (0.00 work units)
Thread count was 12 (of 12 available processors)

Solution count 1: -0 
No other solutions better than -0

Optimal solution found (tolerance 0.00e+00)
Best objective -0.000000000000e+00, best bound -0.000000000000e+00, gap 0.0000%

User-callback calls 194, time in user-callback 0.00 sec

Gurobi 9.5.0 (win64) logging started Mon Jun  6 19:30:08 2022

Set parameter LogFile to value "../results/logs/log_soc-dolphins_3_1_2022_06_06_19_30.log"

Gurobi 9.5.0 (win64) logging started Mon Jun  6 19:30:15 2022

Set parameter LogFile to value "../results/logs/log_soc-dolphins_3_1_2022_06_06_19_30.log"
Set parameter LazyConstraints to value 1
Gurobi Optimizer version 9.5.0 build v9.5.0rc5 (win64)
Thread count: 6 physical cores, 12 logical processors, using up to 12 threads
Optimize a model with 57 rows, 15 columns and 160 nonzeros
Model fingerprint: 0x8548f91c
Variable types: 0 continuous, 15 integer (15 binary)
Coefficient statistics:
  Matrix range     [1e+00, 3e+00]
  Objective range  [1e+00, 1e+00]
  Bounds range     [1e+00, 1e+00]
  RHS range        [1e+00, 1e+00]
Found heuristic solution: objective -0.0000000
Presolve removed 56 rows and 10 columns
Presolve time: 0.00s
Presolved: 1 rows, 5 columns, 5 nonzeros
Variable types: 0 continuous, 5 integer (5 binary)

Explored 0 nodes (0 simplex iterations) in 0.00 seconds (0.00 work units)
Thread count was 12 (of 12 available processors)

Solution count 1: -0 
No other solutions better than -0

Optimal solution found (tolerance 0.00e+00)
Best objective -0.000000000000e+00, best bound -0.000000000000e+00, gap 0.0000%

User-callback calls 194, time in user-callback 0.00 sec

Gurobi 9.5.0 (win64) logging started Mon Jun  6 19:30:27 2022

Set parameter LogFile to value "../results/logs/log_soc-dolphins_3_1_2022_06_06_19_30.log"

Gurobi 9.5.0 (win64) logging started Mon Jun  6 19:30:33 2022

Set parameter LogFile to value "../results/logs/log_soc-dolphins_3_1_2022_06_06_19_30.log"
Set parameter LazyConstraints to value 1
Gurobi Optimizer version 9.5.0 build v9.5.0rc5 (win64)
Thread count: 6 physical cores, 12 logical processors, using up to 12 threads
Optimize a model with 5324 rows, 186 columns and 16540 nonzeros
Model fingerprint: 0xb80faca3
Variable types: 0 continuous, 186 integer (186 binary)
Coefficient statistics:
  Matrix range     [1e+00, 3e+00]
  Objective range  [1e+00, 1e+00]
  Bounds range     [1e+00, 1e+00]
  RHS range        [1e+00, 1e+00]
Found heuristic solution: objective -0.0000000
Presolve removed 5132 rows and 15 columns
Presolve time: 0.05s
Presolved: 192 rows, 171 columns, 4252 nonzeros
Variable types: 0 continuous, 171 integer (171 binary)

Root relaxation: objective 3.400000e+01, 54 iterations, 0.00 seconds (0.00 work units)

    Nodes    |    Current Node    |     Objective Bounds      |     Work
 Expl Unexpl |  Obj  Depth IntInf | Incumbent    BestBd   Gap | It/Node Time

     0     0   34.00000    0    2   -0.00000   34.00000      -     -    0s
H    0     0                       5.0000000   34.00000   580%     -    0s
     0     0   31.13333    0   14    5.00000   31.13333   523%     -    0s
     0     0   29.75000    0    4    5.00000   29.75000   495%     -    0s
H    0     0                      20.0000000   29.75000  48.8%     -    0s
     0     0   25.05556    0   22   20.00000   25.05556  25.3%     -    0s
     0     0   24.97436    0   42   20.00000   24.97436  24.9%     -    0s
     0     0   23.18182    0   35   20.00000   23.18182  15.9%     -    0s
     0     0   23.00000    0   12   20.00000   23.00000  15.0%     -    0s
H    0     0                      22.0000000   23.00000  4.55%     -    0s
     0     0   23.00000    0   12   22.00000   23.00000  4.55%     -    0s

Explored 1 nodes (243 simplex iterations) in 0.23 seconds (0.10 work units)
Thread count was 12 (of 12 available processors)

Solution count 6: 22 20 18 ... -0

Optimal solution found (tolerance 0.00e+00)
Best objective 2.200000000000e+01, best bound 2.200000000000e+01, gap 0.0000%

User-callback calls 301, time in user-callback 0.06 sec

Gurobi 9.5.0 (win64) logging started Mon Jun  6 19:31:54 2022

Set parameter LogFile to value "../results/logs/log_soc-dolphins_3_1_2022_06_06_19_30.log"
Gurobi Optimizer version 9.5.0 build v9.5.0rc5 (win64)
Thread count: 6 physical cores, 12 logical processors, using up to 12 threads
Optimize a model with 8966 rows, 19902 columns and 73218 nonzeros
Model fingerprint: 0xe9e25061
Variable types: 19716 continuous, 186 integer (186 binary)
Coefficient statistics:
  Matrix range     [1e+00, 3e+00]
  Objective range  [1e+00, 1e+00]
  Bounds range     [1e+00, 1e+00]
  RHS range        [1e+00, 1e+00]
Presolve removed 4336 rows and 11337 columns
Presolve time: 0.38s
Presolved: 4630 rows, 8565 columns, 48321 nonzeros
Variable types: 8395 continuous, 170 integer (170 binary)
Found heuristic solution: objective 8.0000000
Found heuristic solution: objective 30.0000000

Root relaxation: objective 3.400000e+01, 220 iterations, 0.01 seconds (0.01 work units)

    Nodes    |    Current Node    |     Objective Bounds      |     Work
 Expl Unexpl |  Obj  Depth IntInf | Incumbent    BestBd   Gap | It/Node Time

     0     0   33.66667    0    2   30.00000   33.66667  12.2%     -    0s
H    0     0                      33.0000000   33.66667  2.02%     -    0s
     0     0   33.66667    0    2   33.00000   33.66667  2.02%     -    0s

Explored 1 nodes (222 simplex iterations) in 0.47 seconds (0.31 work units)
Thread count was 12 (of 12 available processors)

Solution count 3: 33 30 8 

Optimal solution found (tolerance 0.00e+00)
Best objective 3.300000000000e+01, best bound 3.300000000000e+01, gap 0.0000%
