
Gurobi 9.5.1 (linux64) logging started Thu Mar 31 16:06:19 2022

Set parameter LogFile to value "../results/logs/log_2022_03_31_16_06.csv_17_250.log"
Gurobi Optimizer version 9.5.1 build v9.5.1rc2 (linux64)
Thread count: 8 physical cores, 8 logical processors, using up to 8 threads
Optimize a model with 8079 rows, 8078 columns and 369092 nonzeros
Model fingerprint: 0x0c95cc00
Coefficient statistics:
  Matrix range     [1e+00, 2e+01]
  Objective range  [1e+00, 1e+00]
  Bounds range     [1e+00, 1e+00]
  RHS range        [1e+00, 2e+02]

Concurrent LP optimizer: primal simplex, dual simplex, and barrier
Showing barrier log only...

Presolve time: 0.10s
Presolved: 8079 rows, 8078 columns, 369092 nonzeros

Ordering time: 0.08s

Barrier performed 0 iterations in 0.30 seconds (0.44 work units)
Barrier solve interrupted - model solved by another algorithm


Solved with dual simplex
Solved in 3648 iterations and 0.30 seconds (0.46 work units)
Optimal objective  3.255457023e+03

Gurobi 9.5.1 (linux64) logging started Thu Mar 31 16:27:23 2022

Set parameter LogFile to value "../results/logs/log_2022_03_31_16_06.csv_17_250.log"
Gurobi Optimizer version 9.5.1 build v9.5.1rc2 (linux64)
Thread count: 8 physical cores, 8 logical processors, using up to 8 threads
Optimize a model with 8079 rows, 8078 columns and 369092 nonzeros
Model fingerprint: 0xd2b7d04e
Variable types: 0 continuous, 8078 integer (8078 binary)
Coefficient statistics:
  Matrix range     [1e+00, 2e+01]
  Objective range  [1e+00, 1e+00]
  Bounds range     [1e+00, 1e+00]
  RHS range        [1e+00, 2e+02]
Found heuristic solution: objective -0.0000000
Presolve removed 2955 rows and 1995 columns
Presolve time: 1.20s
Presolved: 5124 rows, 6083 columns, 330531 nonzeros
Variable types: 0 continuous, 6083 integer (6019 binary)
Found heuristic solution: objective 10.0000000

Root relaxation: objective 2.551962e+03, 1075 iterations, 0.10 seconds (0.03 work units)

    Nodes    |    Current Node    |     Objective Bounds      |     Work
 Expl Unexpl |  Obj  Depth IntInf | Incumbent    BestBd   Gap | It/Node Time

     0     0 2551.96196    0  107   10.00000 2551.96196      -     -    1s
H    0     0                      36.0000000 2551.96196  6989%     -    1s
H    0     0                    2355.0000000 2551.96196  8.36%     -    2s
H    0     0                    2375.0000000 2551.96196  7.45%     -    2s
H    0     0                    2468.0000000 2551.52957  3.38%     -    2s
H    0     0                    2505.0000000 2551.52957  1.86%     -    2s
H    0     0                    2525.0000000 2551.52957  1.05%     -    2s
     0     0 2546.65621    0  188 2525.00000 2546.65621  0.86%     -    2s
     0     0 2542.07428    0  187 2525.00000 2542.07428  0.68%     -    2s
H    0     0                    2528.0000000 2542.07428  0.56%     -    3s
H    0     0                    2530.0000000 2542.07428  0.48%     -    3s
H    0     0                    2532.0000000 2542.07428  0.40%     -    3s
H    0     0                    2533.0000000 2542.07428  0.36%     -    3s
     0     0 2541.67590    0  240 2533.00000 2541.67590  0.34%     -    3s
     0     0 2539.71122    0  198 2533.00000 2539.71122  0.26%     -    3s
     0     0 2539.25846    0  206 2533.00000 2539.25846  0.25%     -    3s
     0     0 2539.13314    0  204 2533.00000 2539.13314  0.24%     -    3s
     0     0 2539.13314    0  205 2533.00000 2539.13314  0.24%     -    3s
     0     0 2537.41830    0  227 2533.00000 2537.41830  0.17%     -    5s
     0     0 2536.20920    0  151 2533.00000 2536.20920  0.13%     -    5s
     0     0 2536.04397    0  131 2533.00000 2536.04397  0.12%     -    5s
     0     0 2536.02346    0  151 2533.00000 2536.02346  0.12%     -    5s
     0     0 2536.02288    0  125 2533.00000 2536.02288  0.12%     -    5s
     0     0 2535.66697    0  152 2533.00000 2535.66697  0.11%     -    6s
     0     0 2535.38911    0  151 2533.00000 2535.38911  0.09%     -    6s
     0     0 2535.15124    0  125 2533.00000 2535.15124  0.08%     -    6s
     0     0 2535.12078    0  110 2533.00000 2535.12078  0.08%     -    6s
     0     0 2535.11144    0  175 2533.00000 2535.11144  0.08%     -    6s
     0     0 2535.08629    0  184 2533.00000 2535.08629  0.08%     -    6s
     0     0 2535.06656    0  148 2533.00000 2535.06656  0.08%     -    7s
     0     0 2535.06656    0  148 2533.00000 2535.06656  0.08%     -    7s
     0     0 2534.98873    0  129 2533.00000 2534.98873  0.08%     -    7s
     0     0 2534.98873    0   74 2533.00000 2534.98873  0.08%     -    7s
     0     0 2534.98873    0   61 2533.00000 2534.98873  0.08%     -    7s
     0     0 2534.98873    0   54 2533.00000 2534.98873  0.08%     -    7s
     0     0 2534.98873    0   49 2533.00000 2534.98873  0.08%     -    7s
     0     0 2534.98873    0   42 2533.00000 2534.98873  0.08%     -    7s
     0     0 2534.98873    0   40 2533.00000 2534.98873  0.08%     -    7s
     0     0 2534.98873    0   41 2533.00000 2534.98873  0.08%     -    7s
     0     0 2534.81213    0   65 2533.00000 2534.81213  0.07%     -    7s
     0     0 2534.59091    0   74 2533.00000 2534.59091  0.06%     -    7s
     0     0 2534.48691    0   79 2533.00000 2534.48691  0.06%     -    7s
     0     0 2534.47194    0   72 2533.00000 2534.47194  0.06%     -    7s
     0     0 2534.47194    0   73 2533.00000 2534.47194  0.06%     -    7s
     0     0 2534.35511    0   64 2533.00000 2534.35511  0.05%     -    7s
     0     0 2534.35511    0   32 2533.00000 2534.35511  0.05%     -    7s
     0     0 2534.35511    0   55 2533.00000 2534.35511  0.05%     -    7s
     0     0 2534.35511    0   45 2533.00000 2534.35511  0.05%     -    7s
     0     0 2534.35511    0   43 2533.00000 2534.35511  0.05%     -    7s
     0     0 2534.35511    0   46 2533.00000 2534.35511  0.05%     -    7s
     0     0 2534.35511    0   40 2533.00000 2534.35511  0.05%     -    7s
     0     0     cutoff    0      2533.00000 2533.00000  0.00%     -    8s

Cutting planes:
  Gomory: 24
  Lift-and-project: 1
  Cover: 1
  Implied bound: 5
  MIR: 15
  StrongCG: 2
  GUB cover: 17
  Zero half: 1
  RLT: 8
  Relax-and-lift: 3

Explored 1 nodes (6082 simplex iterations) in 8.00 seconds (7.29 work units)
Thread count was 8 (of 8 available processors)

Solution count 10: 2533 2533 2533 ... 2528

Optimal solution found (tolerance 0.00e+00)
Best objective 2.533000000000e+03, best bound 2.533000000000e+03, gap 0.0000%
