
Gurobi 9.5.1 (linux64) logging started Tue Jun 21 20:15:43 2022

Set parameter LogFile to value "../results/logs/log_com-dblp.ungraph_20_15_2022_06_21_12_08.log"
Gurobi Optimizer version 9.5.1 build v9.5.1rc2 (linux64)
Thread count: 8 physical cores, 8 logical processors, using up to 8 threads
Optimize a model with 31647 rows, 634160 columns and 1449921 nonzeros
Model fingerprint: 0x8c463c4e
Variable types: 0 continuous, 634160 integer (634160 binary)
Coefficient statistics:
  Matrix range     [1e+00, 2e+01]
  Objective range  [1e+00, 1e+00]
  Bounds range     [1e+00, 1e+00]
  RHS range        [1e+00, 2e+01]
Found heuristic solution: objective 3066.0000000
Presolve removed 533 rows and 537784 columns
Presolve time: 3.44s
Presolved: 31114 rows, 96376 columns, 672457 nonzeros
Variable types: 0 continuous, 96376 integer (73893 binary)

Deterministic concurrent LP optimizer: primal and dual simplex
Showing first log only...

Warning: Markowitz tolerance tightened to 0.03125

Root simplex log...

Iteration    Objective       Primal Inf.    Dual Inf.      Time
    8531    3.3280648e+03   0.000000e+00   1.899843e+06      5s
   10082    3.7910302e+03   0.000000e+00   3.706082e+06     10s
   10692    4.0627993e+03   0.000000e+00   9.533035e+04     15s
   11132    4.2149423e+03   0.000000e+00   4.905355e+05     20s
   11612    4.4039687e+03   0.000000e+00   1.514296e+05     27s
   11932    4.5156802e+03   0.000000e+00   3.379520e+06     32s
   12092    4.5787495e+03   0.000000e+00   1.648094e+06     35s
   12412    4.7034880e+03   0.000000e+00   2.523155e+06     41s
   12732    4.8240659e+03   0.000000e+00   2.490643e+06     48s
Warning: Markowitz tolerance tightened to 0.125
   12892    4.8781905e+03   0.000000e+00   9.139943e+05     52s
   13072    4.9423989e+03   0.000000e+00   1.814981e+06     56s
   13302    5.0379801e+03   0.000000e+00   2.897248e+06     61s
   13582    5.1601943e+03   0.000000e+00   1.800805e+07     67s
   13881    5.2457298e+03   0.000000e+00   2.289076e+07     74s
   14184    5.3553479e+03   0.000000e+00   3.513266e+03     81s
   14487    5.5155167e+03   0.000000e+00   1.580330e+07     89s
   14781    5.6415315e+03   0.000000e+00   1.735364e+06     97s
   15071    5.7097734e+03   0.000000e+00   2.191235e+07    105s
   15361    5.8190081e+03   0.000000e+00   1.068909e+03    115s
   15643    5.9265372e+03   0.000000e+00   1.135035e+08    124s
   15921    5.9959404e+03   0.000000e+00   1.025751e+06    135s
   16192    6.0536942e+03   0.000000e+00   4.572295e+07    146s
   16467    6.1517756e+03   0.000000e+00   6.914737e+02    157s
   16733    6.2067251e+03   0.000000e+00   5.843721e+02    171s
   16995    6.2693017e+03   0.000000e+00   4.636322e+02    184s
   17254    6.3262506e+03   0.000000e+00   2.071487e+05    198s
   17509    6.3700470e+03   0.000000e+00   4.116509e+07    213s
   17765    6.4202021e+03   0.000000e+00   1.185497e+02    227s
   18017    6.4555004e+03   0.000000e+00   1.760452e+06    242s
   18066    6.4582486e+03   0.000000e+00   0.000000e+00    250s
   18066    6.4582486e+03   0.000000e+00   0.000000e+00    252s
Concurrent spin time: 16.95s

Solved with primal simplex

Root relaxation: objective 6.458249e+03, 18066 iterations, 265.17 seconds (599.60 work units)
Total elapsed time = 271.55s

    Nodes    |    Current Node    |     Objective Bounds      |     Work
 Expl Unexpl |  Obj  Depth IntInf | Incumbent    BestBd   Gap | It/Node Time

     0     0 6458.23817    0 14926 3066.00000 6458.23817   111%     -  292s
H    0     0                    3099.0000000 6458.23817   108%     -  505s
     0     0 5457.15232    0 14613 3099.00000 5457.15232  76.1%     -  649s
H    0     0                    3111.0000000 5457.15232  75.4%     -  741s
     0     0 4818.56428    0 14694 3111.00000 4818.56428  54.9%     -  830s
     0     0 4360.53244    0 14602 3111.00000 4360.53244  40.2%     -  958s
     0     0 4077.59061    0 14437 3111.00000 4077.59061  31.1%     - 1071s
     0     0 3903.68388    0 14215 3111.00000 3903.68388  25.5%     - 1169s
     0     0 3787.79044    0 13898 3111.00000 3787.79044  21.8%     - 1271s
     0     0 3709.10803    0 13594 3111.00000 3709.10803  19.2%     - 1366s
     0     0 3662.03244    0 13226 3111.00000 3662.03244  17.7%     - 1447s
     0     0 3628.82553    0 12906 3111.00000 3628.82553  16.6%     - 1505s
     0     0 3608.50093    0 12562 3111.00000 3608.50093  16.0%     - 1571s
     0     0 3596.85200    0 11926 3111.00000 3596.85200  15.6%     - 1642s
     0     0 3590.17734    0 11318 3111.00000 3590.17734  15.4%     - 1706s
     0     0 3582.11992    0 10829 3111.00000 3582.11992  15.1%     - 1772s
     0     0 3572.05570    0 9732 3111.00000 3572.05570  14.8%     - 1823s
     0     0 3558.81166    0 8672 3111.00000 3558.81166  14.4%     - 1880s
     0     0 3550.32276    0 7686 3111.00000 3550.32276  14.1%     - 1906s
     0     0 3549.42159    0 6714 3111.00000 3549.42159  14.1%     - 1919s
     0     0 3549.04607    0 6666 3111.00000 3549.04607  14.1%     - 1925s
     0     0 3548.90289    0 6804 3111.00000 3548.90289  14.1%     - 1929s
     0     0 3421.59802    0 6541 3111.00000 3421.59802  10.0%     - 2122s
     0     0 3378.77878    0 7328 3111.00000 3378.77878  8.61%     - 2146s
     0     0 3363.59394    0 6669 3111.00000 3363.59394  8.12%     - 2164s
     0     0 3357.02174    0 6726 3111.00000 3357.02174  7.91%     - 2183s
     0     0 3351.42913    0 6173 3111.00000 3351.42913  7.73%     - 2202s
     0     0 3342.45621    0 6072 3111.00000 3342.45621  7.44%     - 2226s
     0     0 3339.54772    0 5646 3111.00000 3339.54772  7.35%     - 2252s
     0     0 3337.96067    0 5408 3111.00000 3337.96067  7.30%     - 2273s
H    0     0                    3112.0000000 3337.96067  7.26%     - 2494s
     0     0 3325.77826    0 6869 3112.00000 3325.77826  6.87%     - 2544s
     0     0 3314.87857    0 7248 3112.00000 3314.87857  6.52%     - 2859s
     0     0 3308.93909    0 7862 3112.00000 3308.93909  6.33%     - 2908s
     0     0 3304.68705    0 7754 3112.00000 3304.68705  6.19%     - 2965s
     0     0 3301.74313    0 7519 3112.00000 3301.74313  6.10%     - 3002s
H    0     0                    3114.0000000 3296.27337  5.85%     - 3406s
     0     0 3296.27337    0 7819 3114.00000 3296.27337  5.85%     - 3406s
     0     0 3296.27337    0 7819 3114.00000 3296.27337  5.85%     - 3441s

Cutting planes:
  Lift-and-project: 5
  Cover: 282
  Implied bound: 670
  MIR: 4377
  StrongCG: 80
  GUB cover: 1894
  Zero half: 1
  RLT: 4186

Explored 1 nodes (64745 simplex iterations) in 3600.04 seconds (6011.81 work units)
Thread count was 8 (of 8 available processors)

Solution count 5: 3114 3112 3111 ... 3066

Time limit reached
Best objective 3.114000000000e+03, best bound 3.296000000000e+03, gap 5.8446%

Gurobi 9.5.1 (linux64) logging started Wed Jun 22 07:25:55 2022

Set parameter LogFile to value "../results/logs/log_com-dblp.ungraph_20_15_2022_06_21_12_08.log"
Gurobi Optimizer version 9.5.1 build v9.5.1rc2 (linux64)
Thread count: 8 physical cores, 8 logical processors, using up to 8 threads
Optimize a model with 24329 rows, 634160 columns and 1247204 nonzeros
Model fingerprint: 0xef288d5f
Variable types: 0 continuous, 634160 integer (634160 binary)
Coefficient statistics:
  Matrix range     [1e+00, 2e+01]
  Objective range  [1e+00, 1e+00]
  Bounds range     [1e+00, 1e+00]
  RHS range        [1e+00, 2e+01]
Found heuristic solution: objective 3066.0000000
Presolve removed 9 rows and 557251 columns
Presolve time: 2.02s
Presolved: 24320 rows, 76909 columns, 573101 nonzeros
Variable types: 0 continuous, 76909 integer (59577 binary)

Deterministic concurrent LP optimizer: primal and dual simplex
Showing first log only...

Warning: Markowitz tolerance tightened to 0.25

Root simplex log...

Iteration    Objective       Primal Inf.    Dual Inf.      Time
    7188    3.5798208e+03   0.000000e+00   2.642926e+05      5s
    8098    3.9907076e+03   0.000000e+00   3.916611e+07     10s
    8849    4.3389008e+03   0.000000e+00   3.813597e+06     16s
    9339    4.5737821e+03   0.000000e+00   2.723444e+05     20s
    9899    4.7624224e+03   0.000000e+00   1.614732e+06     27s
   10299    4.9456905e+03   0.000000e+00   1.211447e+05     33s
   10529    5.0207670e+03   0.000000e+00   3.562906e+06     36s
   10749    5.0787327e+03   0.000000e+00   1.526788e+05     40s
   11299    5.3009893e+03   0.000000e+00   1.607647e+06     49s
   11561    5.3965154e+03   0.000000e+00   6.462298e+06     54s
   11819    5.4869798e+03   0.000000e+00   3.862649e+06     60s
   12074    5.5876081e+03   0.000000e+00   1.142276e+07     66s
   12330    5.6969596e+03   0.000000e+00   3.474326e+07     72s
   12579    5.7816079e+03   0.000000e+00   2.852129e+07     80s
   12828    5.8582218e+03   0.000000e+00   6.399580e+05     87s
   13070    5.9261992e+03   0.000000e+00   3.859407e+05     95s
   13308    5.9911276e+03   0.000000e+00   1.329100e+07    104s
   13543    6.0492522e+03   0.000000e+00   2.478751e+06    113s
   13777    6.0982094e+03   0.000000e+00   2.280516e+06    123s
   14014    6.1569569e+03   0.000000e+00   3.527184e+02    132s
   14241    6.2112541e+03   0.000000e+00   3.103924e+02    142s
   14465    6.2578708e+03   0.000000e+00   3.083741e+02    153s
   14689    6.3162387e+03   0.000000e+00   7.902159e+01    165s
   14824    6.3400861e+03   0.000000e+00   0.000000e+00    173s
   14824    6.3400861e+03   0.000000e+00   0.000000e+00    175s
Concurrent spin time: 23.47s

Solved with primal simplex

Root relaxation: objective 6.340086e+03, 14824 iterations, 196.01 seconds (398.48 work units)
Total elapsed time = 200.20s

    Nodes    |    Current Node    |     Objective Bounds      |     Work
 Expl Unexpl |  Obj  Depth IntInf | Incumbent    BestBd   Gap | It/Node Time

     0     0 6340.08608    0 11556 3066.00000 6340.08608   107%     -  205s
H    0     0                    3067.0000000 6340.08608   107%     -  355s
H    0     0                    3099.0000000 5410.69763  74.6%     -  447s
     0     0 5410.69763    0 11317 3099.00000 5410.69763  74.6%     -  452s
H    0     0                    3100.0000000 5410.69763  74.5%     -  550s
     0     0 4810.40586    0 11335 3100.00000 4810.40586  55.2%     -  615s
     0     0 4363.93967    0 11299 3100.00000 4363.93967  40.8%     -  678s
     0     0 4093.03292    0 11107 3100.00000 4093.03292  32.0%     -  733s
     0     0 3912.93481    0 10880 3100.00000 3912.93481  26.2%     -  791s
     0     0 3795.76180    0 10624 3100.00000 3795.76180  22.4%     -  849s
     0     0 3714.36105    0 10280 3100.00000 3714.36105  19.8%     -  911s
     0     0 3666.17094    0 10072 3100.00000 3666.17094  18.3%     -  967s
     0     0 3633.79047    0 9813 3100.00000 3633.79047  17.2%     - 1008s
     0     0 3613.73806    0 9484 3100.00000 3613.73806  16.6%     - 1051s
     0     0 3599.97573    0 9107 3100.00000 3599.97573  16.1%     - 1092s
     0     0 3591.06276    0 8853 3100.00000 3591.06276  15.8%     - 1133s
     0     0 3582.73237    0 8443 3100.00000 3582.73237  15.6%     - 1160s
     0     0 3576.36078    0 7725 3100.00000 3576.36078  15.4%     - 1178s
     0     0 3563.29624    0 6931 3100.00000 3563.29624  14.9%     - 1195s
     0     0 3552.90026    0 6475 3100.00000 3552.90026  14.6%     - 1204s
     0     0 3551.67181    0 6432 3100.00000 3551.67181  14.6%     - 1210s
     0     0 3551.38309    0 6018 3100.00000 3551.38309  14.6%     - 1214s
     0     0 3551.29037    0 5958 3100.00000 3551.29037  14.6%     - 1216s
     0     0 3428.93701    0 5833 3100.00000 3428.93701  10.6%     - 1399s
H    0     0                    3102.0000000 3428.93701  10.5%     - 1400s
     0     0 3377.27346    0 5962 3102.00000 3377.27346  8.87%     - 1412s
     0     0 3355.81184    0 5997 3102.00000 3355.81184  8.18%     - 1422s
     0     0 3344.75658    0 5847 3102.00000 3344.75658  7.83%     - 1433s
     0     0 3338.67925    0 5982 3102.00000 3338.67925  7.63%     - 1446s
     0     0 3335.27098    0 5915 3102.00000 3335.27098  7.52%     - 1459s
     0     0 3333.22840    0 5379 3102.00000 3333.22840  7.45%     - 1471s
H    0     0                    3113.0000000 3333.22840  7.07%     - 1591s
     0     0 3320.94996    0 6457 3113.00000 3320.94996  6.68%     - 1608s
     0     0 3310.49558    0 6138 3113.00000 3310.49558  6.34%     - 1765s
     0     0 3304.69583    0 6567 3113.00000 3304.69583  6.16%     - 1782s
     0     0 3300.44259    0 6786 3113.00000 3300.44259  6.02%     - 1806s
     0     0 3297.62708    0 6948 3113.00000 3297.62708  5.93%     - 1829s
H    0     0                    3114.0000000 3297.62708  5.90%     - 1992s
     0     0 3292.97842    0 7259 3114.00000 3292.97842  5.75%     - 2011s
     0     0 3292.97842    0 7259 3114.00000 3292.97842  5.75%     - 2034s
     0     2 3287.91128    0 7259 3114.00000 3287.91128  5.58%     - 2364s
     1     4 3287.91128    1 7325 3114.00000 3287.91128  5.58%   280 2373s
     3     8 3287.91128    2 7529 3114.00000 3287.91128  5.58%  1304 2453s
     7    16 3283.70720    3 7976 3114.00000 3287.91128  5.58%  3249 2766s
    15    24 3276.47642    4 7899 3114.00000 3283.70550  5.45%  6984 3308s
    23    26 3266.38401    5 7646 3114.00000 3283.70550  5.45% 11827 3600s

Cutting planes:
  Lift-and-project: 3
  Cover: 556
  Implied bound: 283
  MIR: 4758
  StrongCG: 169
  GUB cover: 1846
  Zero half: 2
  RLT: 6079

Explored 25 nodes (329184 simplex iterations) in 3600.37 seconds (7016.32 work units)
Thread count was 8 (of 8 available processors)

Solution count 7: 3114 3113 3102 ... 3066

Time limit reached
Best objective 3.114000000000e+03, best bound 3.283000000000e+03, gap 5.4271%
