
Gurobi 9.5.1 (linux64) logging started Sun Mar 20 10:37:46 2022

Set parameter LogFile to value "../results/logs/log_2022_03_20_10_37.csv_4_250.log"
Set parameter LazyConstraints to value 1
Gurobi Optimizer version 9.5.1 build v9.5.1rc2 (linux64)
Thread count: 8 physical cores, 8 logical processors, using up to 8 threads
Optimize a model with 2359 rows, 46266 columns and 23735 nonzeros
Model fingerprint: 0xaa7d8787
Variable types: 0 continuous, 46266 integer (46266 binary)
Coefficient statistics:
  Matrix range     [1e+00, 4e+00]
  Objective range  [1e+00, 1e+00]
  Bounds range     [1e+00, 1e+00]
  RHS range        [1e+00, 2e+02]
Found heuristic solution: objective 13464.000000
Presolve removed 0 rows and 35418 columns
Presolve time: 0.02s
Presolved: 2359 rows, 10848 columns, 16939 nonzeros
Variable types: 0 continuous, 10848 integer (10848 binary)
Found heuristic solution: objective 13832.000000

Root relaxation: objective 1.417308e+04, 1727 iterations, 0.01 seconds (0.01 work units)

    Nodes    |    Current Node    |     Objective Bounds      |     Work
 Expl Unexpl |  Obj  Depth IntInf | Incumbent    BestBd   Gap | It/Node Time

     0     0 14173.0833    0  859 13832.0000 14173.0833  2.47%     -    0s
H    0     0                    13939.000000 14173.0833  1.68%     -    0s
H    0     0                    13967.000000 14173.0833  1.48%     -    0s
H    0     0                    13974.000000 14173.0833  1.42%     -    0s
     0     0 14021.7500    0  283 13974.0000 14021.7500  0.34%     -    0s
H    0     0                    13983.000000 14021.7500  0.28%     -    0s
     0     0 14020.0333    0  290 13983.0000 14020.0333  0.26%     -    0s
     0     0 14020.0333    0  275 13983.0000 14020.0333  0.26%     -    0s
     0     0 13999.0833    0   75 13983.0000 13999.0833  0.12%     -    0s
H    0     0                    13993.000000 13999.0833  0.04%     -    0s
     0     0 13998.7833    0   65 13993.0000 13998.7833  0.04%     -    1s
     0     0 13997.0000    0   42 13993.0000 13997.0000  0.03%     -    1s
H    0     0                    13997.000000 13997.0000  0.00%     -    1s

Cutting planes:
  Gomory: 187
  Cover: 173
  Clique: 2
  MIR: 163
  GUB cover: 499
  Zero half: 71
  RLT: 4
  Lazy constraints: 6

Explored 1 nodes (3478 simplex iterations) in 1.33 seconds (0.33 work units)
Thread count was 8 (of 8 available processors)

Solution count 8: 13997 13993 13983 ... 13464

Optimal solution found (tolerance 1.00e-04)
Best objective 1.399700000000e+04, best bound 1.399700000000e+04, gap 0.0000%

User-callback calls 263, time in user-callback 1.04 sec

Gurobi 9.5.1 (linux64) logging started Sun Mar 20 10:37:50 2022

Set parameter LogFile to value "../results/logs/log_2022_03_20_10_37.csv_4_250.log"
Set parameter LazyConstraints to value 1
Gurobi Optimizer version 9.5.1 build v9.5.1rc2 (linux64)
Thread count: 8 physical cores, 8 logical processors, using up to 8 threads
Optimize a model with 1269 rows, 24016 columns and 12911 nonzeros
Model fingerprint: 0x390a5be8
Variable types: 0 continuous, 24016 integer (24016 binary)
Coefficient statistics:
  Matrix range     [1e+00, 4e+00]
  Objective range  [1e+00, 1e+00]
  Bounds range     [1e+00, 1e+00]
  RHS range        [1e+00, 2e+02]
Found heuristic solution: objective 6591.0000000
Presolve removed 0 rows and 17965 columns
Presolve time: 0.01s
Presolved: 1269 rows, 6051 columns, 9289 nonzeros
Variable types: 0 continuous, 6051 integer (6051 binary)
Found heuristic solution: objective 6832.0000000

Root relaxation: objective 7.060667e+03, 1081 iterations, 0.00 seconds (0.00 work units)

    Nodes    |    Current Node    |     Objective Bounds      |     Work
 Expl Unexpl |  Obj  Depth IntInf | Incumbent    BestBd   Gap | It/Node Time

     0     0 7060.66667    0  293 6832.00000 7060.66667  3.35%     -    0s
H    0     0                    6979.0000000 7060.66667  1.17%     -    0s
H    0     0                    6989.0000000 7060.66667  1.03%     -    0s
H    0     0                    6990.0000000 7060.66667  1.01%     -    0s
     0     0 7030.75000    0  196 6990.00000 7030.75000  0.58%     -    0s
H    0     0                    7000.0000000 7030.75000  0.44%     -    0s
H    0     0                    7002.0000000 7030.75000  0.41%     -    0s
H    0     0                    7004.0000000 7030.75000  0.38%     -    0s
     0     0 7029.69444    0  192 7004.00000 7029.69444  0.37%     -    0s
     0     0 7017.95833    0  152 7004.00000 7017.95833  0.20%     -    0s
     0     0 7017.61111    0  146 7004.00000 7017.61111  0.19%     -    0s
     0     0 7007.58333    0   30 7004.00000 7007.58333  0.05%     -    0s
H    0     0                    7007.0000000 7007.58333  0.01%     -    0s

Cutting planes:
  Gomory: 87
  Cover: 102
  MIR: 73
  GUB cover: 282
  Zero half: 36
  RLT: 1
  Lazy constraints: 5

Explored 1 nodes (2369 simplex iterations) in 0.58 seconds (0.16 work units)
Thread count was 8 (of 8 available processors)

Solution count 9: 7007 7004 7002 ... 6591

Optimal solution found (tolerance 1.00e-04)
Best objective 7.007000000000e+03, best bound 7.007000000000e+03, gap 0.0000%

User-callback calls 218, time in user-callback 0.41 sec

Gurobi 9.5.1 (linux64) logging started Sun Mar 20 12:53:06 2022

Set parameter LogFile to value "../results/logs/log_2022_03_20_10_37.csv_4_250.log"
Set parameter LazyConstraints to value 1
Gurobi Optimizer version 9.5.1 build v9.5.1rc2 (linux64)
Thread count: 8 physical cores, 8 logical processors, using up to 8 threads
Optimize a model with 11751 rows, 46266 columns and 51911 nonzeros
Model fingerprint: 0x31452f55
Variable types: 23133 continuous, 23133 integer (23133 binary)
Coefficient statistics:
  Matrix range     [1e+00, 4e+00]
  Objective range  [1e+00, 1e+00]
  Bounds range     [1e+00, 1e+00]
  RHS range        [1e+00, 2e+02]
Found heuristic solution: objective 13464.000000
Presolve removed 8175 rows and 36988 columns
Presolve time: 0.08s
Presolved: 3576 rows, 9278 columns, 18163 nonzeros
Extracted 1312 lazy constraints
Variable types: 8099 continuous, 1179 integer (1179 binary)

Root relaxation: objective 1.422386e+04, 2006 iterations, 0.01 seconds (0.01 work units)

    Nodes    |    Current Node    |     Objective Bounds      |     Work
 Expl Unexpl |  Obj  Depth IntInf | Incumbent    BestBd   Gap | It/Node Time

     0     0 14223.8611    0  356 13464.0000 14223.8611  5.64%     -    0s
H    0     0                    13500.000000 14223.8611  5.36%     -    0s
     0     0 14022.2024    0  150 13500.0000 14022.2024  3.87%     -    0s
     0     0 14021.9262    0  159 13500.0000 14021.9262  3.87%     -    0s
     0     0 14021.9262    0  155 13500.0000 14021.9262  3.87%     -    0s
     0     0 13999.3533    0   32 13500.0000 13999.3533  3.70%     -    1s
     0     0 13999.1681    0   37 13500.0000 13999.1681  3.70%     -    1s
     0     0 13997.4675    0   16 13500.0000 13997.4675  3.68%     -    1s
     0     0 13997.4630    0   15 13500.0000 13997.4630  3.68%     -    1s
     0     0 13997.2000    0   15 13500.0000 13997.2000  3.68%     -    1s
     0     0 13997.1951    0    3 13500.0000 13997.1951  3.68%     -    2s
H    0     0                    13616.000000 13997.1951  2.80%     -    2s
     0     2 13997.1951    0    9 13616.0000 13997.1951  2.80%     -    2s
    15    24 13997.1951    4   12 13616.0000 13997.1951  2.80%   274    5s
    44    48 13997.1951    6   11 13616.0000 13997.1951  2.80%   306   10s
    71    80 13997.1951    8    7 13616.0000 13997.1951  2.80%   281   15s
H   74    80                    13619.000000 13997.1951  2.78%   279   16s
   130   199 13997.1951    8    6 13619.0000 13997.1951  2.78%   187   26s
   202   649 13997.1951   23   17 13619.0000 13997.1951  2.78%   138   39s
   214   650 13997.1250   32    3 13619.0000 13997.1951  2.78%   131   41s
   238   656 13997.1250   41    3 13619.0000 13997.1951  2.78%   118   45s
   262   659 13997.0000   52    3 13619.0000 13997.1951  2.78%   108   50s
H  273   665                    13642.000000 13997.1951  2.60%   105   52s
   297   666 13997.1250   36    2 13642.0000 13997.1951  2.60%  98.4   56s
   321   666 13997.1250   48    2 13642.0000 13997.1951  2.60%  91.8   60s
   404   666 13997.1667   61    4 13642.0000 13997.1951  2.60%  74.8   74s
   416   666 13997.0000   71    - 13642.0000 13997.1951  2.60%  72.8   77s
H  421   670                    13686.000000 13997.1951  2.27%  72.6   77s
   445   670 13997.1667   37    1 13686.0000 13997.1951  2.27%  69.9   82s
   469   675 13997.1951   30    4 13686.0000 13997.1951  2.27%  67.3   86s
   493   679 13997.1250   48    2 13686.0000 13997.1951  2.27%  64.2   90s
   650   680 13997.0000   29    4 13686.0000 13997.1951  2.27%  52.5  117s
   674   685 13997.1951   28    5 13686.0000 13997.1951  2.27%  51.3  121s
   746   705 13997.0000   56    8 13686.0000 13997.1951  2.27%  49.0  135s
H  747   705                    13689.000000 13997.1951  2.25%  48.9  135s
H  749   705                    13692.000000 13997.1951  2.23%  50.0  135s
H  752   705                    13738.000000 13997.1951  1.89%  51.5  136s
H  755   459                    13997.000000 13997.1951  0.00%  53.0  138s

Cutting planes:
  Gomory: 183
  MIR: 597
  RLT: 29
  Relax-and-lift: 11
  Lazy constraints: 1334

Explored 770 nodes (49017 simplex iterations) in 140.88 seconds (11.30 work units)
Thread count was 8 (of 8 available processors)

Solution count 10: 13997 13738 13692 ... 13464

Optimal solution found (tolerance 1.00e-04)
Best objective 1.399700000000e+04, best bound 1.399700000000e+04, gap 0.0000%

User-callback calls 2390, time in user-callback 134.72 sec

Gurobi 9.5.1 (linux64) logging started Sun Mar 20 12:55:33 2022

Set parameter LogFile to value "../results/logs/log_2022_03_20_10_37.csv_4_250.log"
Set parameter LazyConstraints to value 1
Gurobi Optimizer version 9.5.1 build v9.5.1rc2 (linux64)
Thread count: 8 physical cores, 8 logical processors, using up to 8 threads
Optimize a model with 4969 rows, 24016 columns and 24011 nonzeros
Model fingerprint: 0x4e098f23
Variable types: 12008 continuous, 12008 integer (12008 binary)
Coefficient statistics:
  Matrix range     [1e+00, 4e+00]
  Objective range  [1e+00, 1e+00]
  Bounds range     [1e+00, 1e+00]
  RHS range        [1e+00, 2e+02]
Found heuristic solution: objective 6591.0000000
Presolve removed 3054 rows and 18704 columns
Presolve time: 0.04s
Presolved: 1915 rows, 5312 columns, 10056 nonzeros
Extracted 696 lazy constraints
Variable types: 4678 continuous, 634 integer (634 binary)

Root relaxation: objective 7.081167e+03, 977 iterations, 0.00 seconds (0.00 work units)

    Nodes    |    Current Node    |     Objective Bounds      |     Work
 Expl Unexpl |  Obj  Depth IntInf | Incumbent    BestBd   Gap | It/Node Time

     0     0 7081.16667    0  112 6591.00000 7081.16667  7.44%     -    0s
     0     0 7031.40000    0   81 6591.00000 7031.40000  6.68%     -    0s
     0     0 7031.40000    0   81 6591.00000 7031.40000  6.68%     -    0s
     0     0 7019.40000    0   71 6591.00000 7019.40000  6.50%     -    0s
     0     0 7019.10699    0   69 6591.00000 7019.10699  6.50%     -    0s
     0     0 7019.10699    0   69 6591.00000 7019.10699  6.50%     -    0s
     0     0 7008.80000    0   21 6591.00000 7008.80000  6.34%     -    0s
     0     0 7007.27273    0    5 6591.00000 7007.27273  6.32%     -    0s
     0     0 7007.00000    0    2 6591.00000 7007.00000  6.31%     -    0s
     0     0 7007.00000    0    2 6591.00000 7007.00000  6.31%     -    0s
     0     0 7007.00000    0    4 6591.00000 7007.00000  6.31%     -    1s
     0     2 7007.00000    0    4 6591.00000 7007.00000  6.31%     -    1s
    46    46 7007.00000    6   10 6591.00000 7007.00000  6.31%  69.6    5s
   118   115 7007.00000   13    3 6591.00000 7007.00000  6.31%  57.1   11s
   168   133 7006.00000   16    4 6591.00000 7007.00000  6.31%  55.9   15s
   217   131 7007.00000   15    - 6591.00000 7007.00000  6.31%  58.2   20s
   330   189 7007.00000   17    - 6591.00000 7007.00000  6.31%  48.7   29s
   460   252 7007.00000   18    - 6591.00000 7007.00000  6.31%  45.3   41s
   500   247 7007.00000   13    - 6591.00000 7007.00000  6.31%  49.1   45s
   586   293 7007.00000   18    - 6591.00000 7007.00000  6.31%  47.7   52s
   619   312 7006.00000   20    - 6591.00000 7007.00000  6.31%  46.8   55s
   675   322 7007.00000   20    2 6591.00000 7007.00000  6.31%  46.6   60s
   755   366 7007.00000   20    2 6591.00000 7007.00000  6.31%  45.9   67s
   823   400 7007.00000   22    2 6591.00000 7007.00000  6.31%  46.6   74s
   828   401 7007.00000   26    - 6591.00000 7007.00000  6.31%  46.4   75s
   884   432 7007.00000   24    - 6591.00000 7007.00000  6.31%  47.2   80s
   930   429 7007.00000   13    - 6591.00000 7007.00000  6.31%  48.1   85s
  1160   563 7007.00000   28    5 6591.00000 7007.00000  6.31%  48.6  106s
  1197   584 7007.00000   28    2 6591.00000 7007.00000  6.31%  49.5  110s
  1251   610 7007.00000   40    - 6591.00000 7007.00000  6.31%  49.4  115s
  1405   684 7007.00000   32    2 6591.00000 7007.00000  6.31%  48.5  130s
  1452   697 7007.00000   33    4 6591.00000 7007.00000  6.31%  49.8  136s
  1576   764 7007.00000   56    - 6591.00000 7007.00000  6.31%  49.8  147s
  1709   837 7007.00000   37    3 6591.00000 7007.00000  6.31%  48.7  160s
  1798   833 7007.00000   41    2 6591.00000 7007.00000  6.31%  47.2  170s
  1991   943 7007.00000   40    - 6591.00000 7007.00000  6.31%  46.8  188s
  2092   988 7007.00000   42    5 6591.00000 7007.00000  6.31%  47.5  199s
  2096   990 7007.00000   43    2 6591.00000 7007.00000  6.31%  47.4  200s
  2166  1025 7007.00000   55    2 6591.00000 7007.00000  6.31%  47.5  206s
  2222  1055 7007.00000   25    5 6591.00000 7007.00000  6.31%  48.0  212s
  2290  1081 7007.00000   79    - 6591.00000 7007.00000  6.31%  47.1  218s
  2306  1089 7007.00000   87    - 6591.00000 7007.00000  6.31%  46.8  220s
  2475  1134 7007.00000   44    4 6591.00000 7007.00000  6.31%  46.2  238s
  2489  1142 7007.00000   46    - 6591.00000 7007.00000  6.31%  46.2  240s
  2579  1194 7007.00000   53    3 6591.00000 7007.00000  6.31%  45.9  248s
  2593  1201 7007.00000   60    3 6591.00000 7007.00000  6.31%  45.7  250s
  2739  1282 7007.00000   46    - 6591.00000 7007.00000  6.31%  46.5  266s
  2801  1313 7007.00000   43    2 6591.00000 7007.00000  6.31%  46.8  272s
  2825  1321 7007.00000   59    - 6591.00000 7007.00000  6.31%  46.4  275s
  3049  1438 7006.00000   49    4 6591.00000 7007.00000  6.31%  46.6  299s
  3053  1440 7006.00000   50    4 6591.00000 7007.00000  6.31%  46.5  300s
  3103  1458 7006.00000   80    - 6591.00000 7007.00000  6.31%  46.0  305s
  3377  1573 7006.00000   93    2 6591.00000 7007.00000  6.31%  46.0  335s
  3423  1597 7006.00000  113    2 6591.00000 7007.00000  6.31%  45.5  340s
  3688  1723 7006.00000  120    2 6591.00000 7007.00000  6.31%  46.3  372s
  3723  1746 7007.00000  116    - 6591.00000 7007.00000  6.31%  46.8  376s
  3741  1726 7006.00000  122    - 6591.00000 7007.00000  6.31%  47.5  381s
  3773  1744 7007.00000   67    - 6591.00000 7007.00000  6.31%  47.6  385s
  4011  1810 7007.00000   67    2 6591.00000 7007.00000  6.31%  48.0  413s
  4028  1823 7007.00000   43    2 6591.00000 7007.00000  6.31%  48.2  415s
  4077  1850 7007.00000   86    2 6591.00000 7007.00000  6.31%  48.1  420s
  4317  1971 7007.00000   68    - 6591.00000 7007.00000  6.31%  49.2  449s
  4323  1977 7007.00000   47    3 6591.00000 7007.00000  6.31%  49.4  450s
  4565  2081 7007.00000  102    2 6591.00000 7007.00000  6.31%  50.4  479s
  4570  2084 7007.00000   46    2 6591.00000 7007.00000  6.31%  50.4  480s
  4626  2117 7007.00000   29    - 6591.00000 7007.00000  6.31%  50.8  485s
  4899  2262 7007.00000   26    7 6591.00000 7007.00000  6.31%  50.7  514s
  4901  2262 7007.00000   28    2 6591.00000 7007.00000  6.31%  50.7  515s
  4904  2238 7007.00000  103    2 6591.00000 7007.00000  6.31%  50.7  520s
  5149  2375 7007.00000   34    - 6591.00000 7007.00000  6.31%  51.6  546s
  5174  2389 7007.00000  104    2 6591.00000 7007.00000  6.31%  51.4  554s
  5176  2390 7007.00000  105    - 6591.00000 7007.00000  6.31%  51.4  555s
  5234  2423 7007.00000   51    3 6591.00000 7007.00000  6.31%  51.3  561s
  5438  2516 7006.00000  111    - 6591.00000 7007.00000  6.31%  52.1  583s
  5449  2571 7007.00000  106    2 6591.00000 7007.00000  6.31%  52.2  594s
  5458  2576 7007.00000  109    2 6591.00000 7007.00000  6.31%  52.2  595s
  5532  2595 7007.00000   83    3 6591.00000 7007.00000  6.31%  52.0  603s
  5548  2600 7007.00000   99    - 6591.00000 7007.00000  6.31%  52.2  605s
  5751  2704 7007.00000  121    - 6591.00000 7007.00000  6.31%  53.0  633s
  5765  2712 7007.00000  125    2 6591.00000 7007.00000  6.31%  53.0  635s
  6015  2831 7007.00000  117    2 6591.00000 7007.00000  6.31%  53.0  663s
  6056  2799 7007.00000  148    - 6591.00000 7007.00000  6.31%  53.3  674s
  6063  2804 7007.00000  105    2 6591.00000 7007.00000  6.31%  53.3  675s
  6127  2842 7007.00000  115    2 6591.00000 7007.00000  6.31%  53.5  682s
  6151  2853 7007.00000  120    2 6591.00000 7007.00000  6.31%  53.5  685s
  6195  2875 7007.00000  142    - 6591.00000 7007.00000  6.31%  53.1  690s
  6415  3012 7007.00000  150    - 6591.00000 7007.00000  6.31%  53.5  721s
  6425  3011 7007.00000  151    - 6591.00000 7007.00000  6.31%  53.8  729s
  6431  3014 7007.00000  154    - 6591.00000 7007.00000  6.31%  53.8  730s
  6502  3053 7007.00000  145    - 6591.00000 7007.00000  6.31%  53.7  738s
  6522  3064 7007.00000   84    - 6591.00000 7007.00000  6.31%  53.8  740s
  6656  3120 7006.00000   65    2 6591.00000 7007.00000  6.31%  53.5  755s
  6782  3168 7007.00000  151    - 6591.00000 7007.00000  6.31%  53.8  777s
  6800  3179 7007.00000  158    3 6591.00000 7007.00000  6.31%  53.9  780s
  6892  3224 7007.00000  159    - 6591.00000 7007.00000  6.31%  54.2  790s
  7025  3300 7007.00000  151    - 6591.00000 7007.00000  6.31%  54.8  813s
  7035  3306 7007.00000  156    5 6591.00000 7007.00000  6.31%  55.0  815s
  7084  3330 7007.00000  161    2 6591.00000 7007.00000  6.31%  54.9  820s
  7132  3354 7006.00000  165    - 6591.00000 7007.00000  6.31%  54.8  826s
  7288  3426 7007.00000  152    3 6591.00000 7007.00000  6.31%  55.0  844s
  7289  3426 7007.00000  153    - 6591.00000 7007.00000  6.31%  55.0  845s
  7318  3436 7007.00000  151    7 6591.00000 7007.00000  6.31%  55.3  856s
  7375  3466 7007.00000   38    - 6591.00000 7007.00000  6.31%  56.0  863s
  7520  3544 7007.00000   44    3 6591.00000 7007.00000  6.31%  56.6  880s
  7529  3588 7007.00000  159    4 6591.00000 7007.00000  6.31%  56.6  889s
  7531  3588 7007.00000  158    5 6591.00000 7007.00000  6.31%  56.7  890s
  7606  3616 7007.00000  162    4 6591.00000 7007.00000  6.31%  57.5  899s
  7615  3621 7007.00000  162    - 6591.00000 7007.00000  6.31%  57.5  900s
  7740  3713 7007.00000  158   13 6591.00000 7007.00000  6.31%  57.9  930s
  7777  3727 7006.00000  204    - 6591.00000 7007.00000  6.31%  58.3  935s
  7818  3742 7007.00000  176    2 6591.00000 7007.00000  6.31%  58.8  940s
H 7930   142                    7007.0000000 7007.00000  0.00%  58.9  962s
  7931     1 7007.00000    9    4 7007.00000 7007.00000  0.00%  58.9  986s

Explored 7931 nodes (469375 simplex iterations) in 986.48 seconds (311.57 work units)
Thread count was 8 (of 8 available processors)

Solution count 3: 7007 7004 6591 

Optimal solution found (tolerance 1.00e-04)
Best objective 7.007000000000e+03, best bound 7.007000000000e+03, gap 0.0000%

User-callback calls 28581, time in user-callback 676.85 sec
