
Gurobi 9.5.1 (linux64) logging started Sat Jul  2 19:03:57 2022

Set parameter LogFile to value "../results/logs/log_socfb-Syracuse56_46_250_2022_07_02_19_03.log"
Gurobi Optimizer version 9.5.1 build v9.5.1rc2 (linux64)
Thread count: 8 physical cores, 8 logical processors, using up to 8 threads
Optimize a model with 11023 rows, 27306 columns and 197969 nonzeros
Model fingerprint: 0xa07a08ff
Variable types: 0 continuous, 27306 integer (27306 binary)
Coefficient statistics:
  Matrix range     [1e+00, 5e+01]
  Objective range  [1e+00, 1e+00]
  Bounds range     [1e+00, 1e+00]
  RHS range        [1e+00, 2e+02]
Found heuristic solution: objective 6985.0000000
Presolve removed 3949 rows and 20582 columns
Presolve time: 0.23s
Presolved: 7074 rows, 6724 columns, 69154 nonzeros
Variable types: 0 continuous, 6724 integer (6604 binary)
Found heuristic solution: objective 7076.0000000

Root relaxation: objective 8.106657e+03, 4813 iterations, 0.44 seconds (0.64 work units)

    Nodes    |    Current Node    |     Objective Bounds      |     Work
 Expl Unexpl |  Obj  Depth IntInf | Incumbent    BestBd   Gap | It/Node Time

     0     0 8106.65700    0 1044 7076.00000 8106.65700  14.6%     -    0s
H    0     0                    7113.0000000 8106.65700  14.0%     -    0s
H    0     0                    7138.0000000 8106.65700  13.6%     -    0s
H    0     0                    7299.0000000 8106.65700  11.1%     -    2s
H    0     0                    7301.0000000 8106.65700  11.0%     -    2s
H    0     0                    7353.0000000 8106.65700  10.2%     -    2s
H    0     0                    7361.0000000 8106.65700  10.1%     -    2s
H    0     0                    7362.0000000 7988.78263  8.51%     -    3s
H    0     0                    7369.0000000 7988.78263  8.41%     -    3s
     0     0 7922.87220    0 1330 7369.00000 7922.87220  7.52%     -    3s
H    0     0                    7423.0000000 7922.87220  6.73%     -    4s
     0     0 7915.82756    0 1390 7423.00000 7915.82756  6.64%     -    6s
     0     0 7906.00076    0 1485 7423.00000 7906.00076  6.51%     -    7s
     0     0 7905.00246    0 1482 7423.00000 7905.00246  6.49%     -    8s
H    0     0                    7425.0000000 7904.47399  6.46%     -    8s
H    0     0                    7430.0000000 7904.47399  6.39%     -    8s
     0     0 7904.47399    0 1500 7430.00000 7904.47399  6.39%     -    8s
     0     0 7904.42534    0 1506 7430.00000 7904.42534  6.39%     -    8s
     0     0 7888.43487    0 1514 7430.00000 7888.43487  6.17%     -    8s
H    0     0                    7435.0000000 7888.43487  6.10%     -    9s
H    0     0                    7436.0000000 7872.85635  5.87%     -   12s
H    0     0                    7450.0000000 7872.85635  5.68%     -   12s
H    0     0                    7451.0000000 7872.85635  5.66%     -   12s
H    0     0                    7452.0000000 7872.85635  5.65%     -   12s
H    0     0                    7464.0000000 7872.85635  5.48%     -   12s
H    0     0                    7467.0000000 7872.85635  5.44%     -   12s
H    0     0                    7469.0000000 7872.85635  5.41%     -   12s
H    0     0                    7470.0000000 7872.85635  5.39%     -   12s
     0     0 7872.85635    0 1567 7470.00000 7872.85635  5.39%     -   12s
H    0     0                    7475.0000000 7854.12175  5.07%     -   17s
H    0     0                    7476.0000000 7854.12175  5.06%     -   17s
H    0     0                    7477.0000000 7854.12175  5.04%     -   17s
H    0     0                    7478.0000000 7854.12175  5.03%     -   17s
H    0     0                    7479.0000000 7854.12175  5.02%     -   17s
H    0     0                    7480.0000000 7854.12175  5.00%     -   17s
H    0     0                    7482.0000000 7854.12175  4.97%     -   17s
H    0     0                    7491.0000000 7854.12175  4.85%     -   17s
     0     0 7854.12175    0 1727 7491.00000 7854.12175  4.85%     -   17s
H    0     0                    7494.0000000 7847.65075  4.72%     -   21s
H    0     0                    7500.0000000 7847.65075  4.64%     -   21s
H    0     0                    7504.0000000 7847.65075  4.58%     -   21s
H    0     0                    7506.0000000 7847.65075  4.55%     -   21s
     0     0 7847.65075    0 1751 7506.00000 7847.65075  4.55%     -   21s
H    0     0                    7507.0000000 7845.97421  4.52%     -   24s
     0     0 7845.97421    0 1792 7507.00000 7845.97421  4.52%     -   24s
H    0     0                    7508.0000000 7845.38489  4.49%     -   26s
H    0     0                    7509.0000000 7845.38489  4.48%     -   26s
     0     0 7845.38489    0 1797 7509.00000 7845.38489  4.48%     -   26s
     0     0 7845.16144    0 1813 7509.00000 7845.16144  4.48%     -   27s
H    0     0                    7510.0000000 7845.09623  4.46%     -   28s
     0     0 7845.09623    0 1832 7510.00000 7845.09623  4.46%     -   28s
H    0     0                    7511.0000000 7845.09623  4.45%     -   31s
     0     0 7829.63258    0 1818 7511.00000 7829.63258  4.24%     -   38s
H    0     0                    7517.0000000 7829.63258  4.16%     -   38s
     0     0 7821.01901    0 1909 7517.00000 7821.01901  4.04%     -   44s
     0     0 7817.83407    0 1931 7517.00000 7817.83407  4.00%     -   48s
     0     0 7816.31180    0 2003 7517.00000 7816.31180  3.98%     -   52s
     0     0 7815.76859    0 2051 7517.00000 7815.76859  3.97%     -   55s
     0     0 7815.52068    0 2096 7517.00000 7815.52068  3.97%     -   57s
H    0     0                    7521.0000000 7815.39615  3.91%     -   58s
     0     0 7815.39615    0 2093 7521.00000 7815.39615  3.91%     -   58s
H    0     0                    7522.0000000 7815.39615  3.90%     -   64s
H    0     0                    7523.0000000 7815.39615  3.89%     -   64s
H    0     0                    7524.0000000 7815.39615  3.87%     -   64s
H    0     0                    7525.0000000 7815.39615  3.86%     -   64s
H    0     0                    7529.0000000 7806.06879  3.68%     -   72s
H    0     0                    7533.0000000 7806.06879  3.62%     -   72s
     0     0 7806.06879    0 2010 7533.00000 7806.06879  3.62%     -   72s
     0     0 7803.16275    0 2072 7533.00000 7803.16275  3.59%     -   78s
H    0     0                    7534.0000000 7801.69596  3.55%     -   82s
     0     0 7801.69596    0 2173 7534.00000 7801.69596  3.55%     -   82s
H    0     0                    7540.0000000 7801.05795  3.46%     -   85s
     0     0 7801.05795    0 2178 7540.00000 7801.05795  3.46%     -   85s
     0     0 7800.72668    0 2226 7540.00000 7800.72668  3.46%     -   88s
H    0     0                    7541.0000000 7800.57209  3.44%     -   90s
H    0     0                    7544.0000000 7800.57209  3.40%     -   90s
     0     0 7800.57209    0 2238 7544.00000 7800.57209  3.40%     -   90s
H    0     0                    7545.0000000 7794.38368  3.31%     -  100s
H    0     0                    7546.0000000 7794.38368  3.29%     -  100s
H    0     0                    7547.0000000 7794.38368  3.28%     -  100s
H    0     0                    7549.0000000 7794.38368  3.25%     -  100s
     0     0 7794.38368    0 2174 7549.00000 7794.38368  3.25%     -  100s
H    0     0                    7552.0000000 7794.38368  3.21%     -  101s
     0     0 7791.53080    0 2224 7552.00000 7791.53080  3.17%     -  107s
     0     0 7790.42505    0 2289 7552.00000 7790.42505  3.16%     -  112s
     0     0 7789.87527    0 2344 7552.00000 7789.87527  3.15%     -  115s
     0     0 7789.62825    0 2347 7552.00000 7789.62825  3.15%     -  118s
     0     0 7785.29443    0 2298 7552.00000 7785.29443  3.09%     -  128s
     0     0 7783.53142    0 2407 7552.00000 7783.53142  3.07%     -  134s
     0     0 7782.72688    0 2402 7552.00000 7782.72688  3.06%     -  139s
     0     0 7782.35185    0 2419 7552.00000 7782.35185  3.05%     -  142s
     0     0 7782.13993    0 2450 7552.00000 7782.13993  3.05%     -  144s
     0     0 7779.43087    0 2377 7552.00000 7779.43087  3.01%     -  154s
H    0     0                    7555.0000000 7779.43087  2.97%     -  154s
     0     0 7778.18695    0 2455 7555.00000 7778.18695  2.95%     -  160s
     0     0 7777.57732    0 2543 7555.00000 7777.57732  2.95%     -  165s
     0     0 7777.31665    0 2578 7555.00000 7777.31665  2.94%     -  168s
     0     0 7775.25566    0 2553 7555.00000 7775.25566  2.92%     -  178s
     0     0 7774.19204    0 2621 7555.00000 7774.19204  2.90%     -  185s
H    0     0                    7556.0000000 7773.73662  2.88%     -  190s
     0     0 7773.73662    0 2659 7556.00000 7773.73662  2.88%     -  190s
     0     0 7773.50876    0 2675 7556.00000 7773.50876  2.88%     -  193s
     0     0 7771.69015    0 2577 7556.00000 7771.69015  2.85%     -  203s
     0     0 7771.69015    0 2575 7556.00000 7771.69015  2.85%     -  204s
H    0     0                    7560.0000000 7771.68822  2.80%     -  213s
H    0     0                    7603.0000000 7771.68822  2.22%     -  243s
     0     2 7771.68822    0 2573 7603.00000 7771.68822  2.22%     -  243s
     1     4 7771.67067    1 2561 7603.00000 7771.67067  2.22%   285  247s
     3     8 7770.44550    2 2663 7603.00000 7771.67026  2.22%  3196  270s
     7    16 7769.46755    3 2798 7603.00000 7770.44533  2.20%  5640  292s
    15    24 7767.28968    4 2884 7603.00000 7769.46708  2.19%  8052  315s
    23    32 7768.39247    4 2880 7603.00000 7768.39247  2.18%  9140  332s
H   31    40                    7607.0000000 7768.39244  2.12%  7765  342s
H   36    40                    7608.0000000 7768.39176  2.11%  7122  342s
    39    48 7768.23006    6 2865 7608.00000 7768.39176  2.11%  6743  350s
    47    58 7767.68413    7 2832 7608.00000 7768.39176  2.11%  5987  362s
    57    69 7767.63394    7 2881 7608.00000 7768.39176  2.11%  5408  376s
H   68    77                    7611.0000000 7768.39176  2.07%  5075  387s
H   75    77                    7612.0000000 7768.39176  2.05%  4855  387s
    76    90 7767.14242    8 2830 7612.00000 7768.39176  2.05%  4873  393s
    89   101 7766.89478    9 2801 7612.00000 7768.39176  2.05%  4463  400s
   100   118 7766.81621   10 2806 7612.00000 7768.39176  2.05%  4243  406s
H  103   118                    7613.0000000 7768.39176  2.04%  4138  406s
H  106   118                    7614.0000000 7768.39176  2.03%  4051  406s
   117   136 7766.81221   11 2809 7614.00000 7768.39176  2.03%  3793  415s
   135   155 7766.24068   13 2800 7614.00000 7768.39176  2.03%  3502  428s
H  154   165                    7623.0000000 7768.39176  1.91%  3279  441s
   164   180 7766.02536   16 2792 7623.00000 7768.39176  1.91%  3301  449s
   179   199 7765.83963   18 2793 7623.00000 7768.39176  1.91%  3213  460s
   198   215 7765.21747   21 2769 7623.00000 7768.39176  1.91%  3159  471s
H  199   215                    7624.0000000 7768.39176  1.89%  3143  471s
   214   228 7765.15002   22 2763 7624.00000 7768.39176  1.89%  3121  480s
   227   247 7764.58994   24 2765 7624.00000 7768.39176  1.89%  3085  492s
H  246   268                    7625.0000000 7768.39176  1.88%  3044  502s
   267   296 7764.24197   30 2713 7625.00000 7768.39176  1.88%  2932  511s
   295   318 7764.14435   32 2720 7625.00000 7768.39176  1.88%  2768  521s
H  308   318                    7626.0000000 7768.39176  1.87%  2696  521s
   317   347 7763.97237   34 2684 7626.00000 7768.39176  1.87%  2687  532s
H  346   369                    7628.0000000 7768.39176  1.84%  2575  542s
   368   403 7764.01490   38 2682 7628.00000 7768.39176  1.84%  2519  558s
   402   422 7763.58612   40 2663 7628.00000 7768.39176  1.84%  2435  579s
H  404   422                    7629.0000000 7768.39176  1.83%  2428  579s
   421   468 7763.56302   41 2655 7629.00000 7768.39176  1.83%  2392  591s
H  467   504                    7630.0000000 7768.39176  1.81%  2255  605s
   503   547 7762.92842   47 2637 7630.00000 7768.39176  1.81%  2194  622s
   546   595 7762.79134   49 2622 7630.00000 7768.39176  1.81%  2125  634s
H  571   595                    7631.0000000 7768.39176  1.80%  2080  634s
   594   643 7762.22433   54 2630 7631.00000 7768.39176  1.80%  2035  646s
   642   692 7762.42747   55 2634 7631.00000 7768.39176  1.80%  1960  658s
   691   751 7762.22040   57 2615 7631.00000 7768.39176  1.80%  1892  673s
   750   796 7762.09239   59 2617 7631.00000 7768.39176  1.80%  1818  688s
H  787   796                    7632.0000000 7768.39176  1.79%  1801  688s
   797   856 7761.81289   62 2586 7632.00000 7768.39176  1.79%  1784  705s
   857   922 7761.57189   65 2597 7632.00000 7768.39176  1.79%  1723  718s
H  923   996                    7633.0000000 7768.39176  1.77%  1659  731s
   997  1028 7760.11400   75 2530 7633.00000 7768.39176  1.77%  1593  752s
H  998  1028                    7634.0000000 7768.39176  1.76%  1591  752s
H 1001  1028                    7637.0000000 7768.39176  1.72%  1589  752s
  1029  1112 7760.75718   76 2544 7637.00000 7768.39176  1.72%  1555  766s
  1113  1182 7760.65019   82 2557 7637.00000 7768.39176  1.72%  1492  781s
  1183  1235 7759.89114   87 2534 7637.00000 7768.39176  1.72%  1459  800s
  1242  1272 7758.97414   89 2554 7637.00000 7768.39176  1.72%  1453  823s
  1279  1326 7757.76501   91 2506 7637.00000 7768.39176  1.72%  1472  848s
  1333  1389 7757.08646   93 2487 7637.00000 7768.39176  1.72%  1482  872s
  1396  1453 7756.76929   96 2445 7637.00000 7768.39176  1.72%  1478  895s
  1460  1519 7755.19818   98 2415 7637.00000 7768.39176  1.72%  1476  919s
  1526  1599 7755.87670  102 2395 7637.00000 7768.39176  1.72%  1471  942s
  1608  1693 7755.50034  104 2414 7637.00000 7768.39176  1.72%  1458  964s
H 1629  1693                    7638.0000000 7768.39176  1.71%  1460  964s
  1702  1789 7754.68677  113 2352 7638.00000 7768.39176  1.71%  1436  990s
  1806  1871 7752.82656  118 2368 7638.00000 7768.39176  1.71%  1413 1016s
H 1885  1871                    7639.0000000 7768.39176  1.69%  1402 1016s
  1888  1975 7753.48760  120 2355 7639.00000 7768.39176  1.69%  1406 1039s
  1992  2064 7748.28713  126 2188 7639.00000 7768.39176  1.69%  1385 1066s
H 2020  2064                    7640.0000000 7768.39176  1.68%  1381 1066s
H 2053  2056                    7641.0000000 7768.39176  1.67%  1380 1066s
  2087  2124 7751.39929  136 2251 7641.00000 7768.39176  1.67%  1373 1096s
H 2155  2217                    7642.0000000 7768.39176  1.65%  1384 1122s
H 2233  2216                    7643.0000000 7768.39176  1.64%  1370 1122s
  2252  2355 7748.07864  168 2148 7643.00000 7768.39176  1.64%  1376 1155s
  2391  2509 7747.21666  190 2070 7643.00000 7768.39176  1.64%  1354 1186s
  2545  2666 7745.86944  210 2050 7643.00000 7768.39176  1.64%  1327 1216s
  2702  2842 7745.08236  232 1990 7643.00000 7768.39176  1.64%  1304 1250s
H 2848  2840                    7644.0000000 7768.39176  1.63%  1274 1250s
  2878  3026 7744.09017  257 1964 7644.00000 7768.39176  1.63%  1280 1288s
  3068  3279 7742.56812  290 1883 7644.00000 7768.39176  1.63%  1260 1319s
H 3079  3267                    7645.0000000 7768.39176  1.61%  1260 1319s
H 3101  3263                    7646.0000003 7768.39176  1.60%  1256 1319s
H 3154  3254                    7647.0000000 7768.39176  1.59%  1242 1319s
  3321  3535 7741.57291  304 1844 7647.00000 7768.39176  1.59%  1216 1352s
  3602  3836 7739.64765  336 1755 7647.00000 7768.39176  1.59%  1174 1385s
  3903  4204 7736.79080  383 1647 7647.00000 7768.39176  1.59%  1136 1419s
  4271  4655 7734.43937  446 1500 7647.00000 7768.39176  1.59%  1089 1452s
  4724  5149 7730.25803  510 1443 7647.00000 7768.39176  1.59%  1033 1484s
  5218  5762 7723.57074  581 1191 7647.00000 7768.39176  1.59%   980 1514s
  5831  6435 7717.61810  682 1094 7647.00000 7768.39176  1.59%   916 1543s
  6510  7092 7709.43359  792  855 7647.00000 7768.39176  1.59%   850 1572s
  7199  7656 7697.72981  917  712 7647.00000 7768.39176  1.59%   794 1605s
  7782  7657 7746.55136    9 2575 7647.00000 7768.39176  1.59%   759 1662s
  7784  7658 7723.84965  385 1050 7647.00000 7768.39176  1.59%   758 1666s
  7785  7659 7693.37292  940 1367 7647.00000 7768.39176  1.59%   758 1670s
  7787  7660 7711.78512   99 1875 7647.00000 7768.39176  1.59%   758 1678s
  7788  7661 7724.83406  261 1967 7647.00000 7768.39176  1.59%   758 1684s
  7789  7662 7669.89769  227 2204 7647.00000 7768.39176  1.59%   758 1690s
  7790  7662 7675.42770  913 2405 7647.00000 7768.39176  1.59%   758 1697s
  7791  7663 7710.08436  417 2483 7647.00000 7768.39176  1.59%   758 1705s
  7792  7664 7748.14086   85 2613 7647.00000 7768.39176  1.59%   758 1711s
  7793  7664 7731.77133  493 2660 7647.00000 7768.39176  1.59%   758 1716s
  7794  7665 7757.39806   20 2741 7647.00000 7768.39176  1.59%   758 1720s
  7796  7666 7730.48427  256 2801 7647.00000 7768.39176  1.59%   757 1726s
  7799  7668 7711.31455  540 2852 7647.00000 7768.39176  1.59%   757 1730s
  7802  7670 7701.66000  500 2455 7647.00000 7765.99352  1.56%   757 1747s
  7803  7671 7724.51528  202 2545 7647.00000 7763.96172  1.53%   757 1755s
  7804  7672 7711.91072  537 2563 7647.00000 7762.82788  1.51%   757 1761s
  7805  7672 7734.22679  180 2676 7647.00000 7762.14444  1.51%   756 1767s
  7806  7673 7741.22938  190 2720 7647.00000 7761.84555  1.50%   756 1770s
  7808  7674 7726.73741  216 2717 7647.00000 7761.55719  1.50%   756 1775s
  7811  7676 7698.82965  661 2753 7647.00000 7761.38537  1.50%   756 1780s
  7814  7678 7733.14091  119 2577 7647.00000 7759.00044  1.46%   756 1796s
  7815  7679 7715.76902  524 2678 7647.00000 7757.49724  1.44%   755 1804s
  7816  7680 7680.03342 1042 2693 7647.00000 7756.49111  1.43%   755 1811s
  7817  7680 7721.04824  227 2697 7647.00000 7755.91261  1.42%   755 1817s
  7818  7681 7747.97902  106 2742 7647.00000 7755.61424  1.42%   755 1821s
  7820  7682 7708.18640  621 2809 7647.00000 7755.26693  1.42%   755 1827s
  7821  7683 7736.41404  184 2847 7647.00000 7755.17410  1.41%   755 1830s
  7825  7686 7712.13132  746 2864 7647.00000 7755.04149  1.41%   755 1835s
  7827  7687 7727.39942  302 2687 7647.00000 7753.21622  1.39%   754 1850s
  7828  7688 7717.41532  675 2739 7647.00000 7752.12663  1.37%   754 1858s
  7829  7688 7703.86811  379 2743 7647.00000 7751.37554  1.36%   754 1865s
  7830  7689 7731.16182  242 2773 7647.00000 7750.94727  1.36%   754 1870s
  7831  7690 7697.24722   74 2840 7647.00000 7750.62764  1.36%   754 1875s
  7833  7691 7712.33305   96 2889 7647.00000 7750.27778  1.35%   754 1883s
  7834  7692 7666.78172  514 2908 7647.00000 7750.20850  1.35%   754 1885s
  7837  7694 7656.81754  578 2946 7647.00000 7750.10426  1.35%   753 1890s
  7839  7695 7679.17432  172 2749 7647.00000 7748.75797  1.33%   753 1907s
  7840  7696 7676.84960  892 2770 7647.00000 7748.07680  1.32%   753 1915s
  7841  7696 7741.04471  192 2842 7647.00000 7747.64998  1.32%   753 1921s
  7842  7697 7747.35243    4 2877 7647.00000 7747.35243  1.31%   753 1927s
  7843  7698 7701.10866  638 2876 7647.00000 7747.20253  1.31%   753 1930s
  7845  7699 7669.08438  495 2906 7647.00000 7746.99048  1.31%   753 1937s
  7847  7700 7746.90252   25 2944 7647.00000 7746.90252  1.31%   752 1941s
  7850  7702 7705.32072  329 2992 7647.00000 7746.83576  1.31%   752 1947s
  7851  7703 7685.03324  598 2839 7647.00000 7745.82961  1.29%   752 1961s
  7852  7704 7696.68437   78 2846 7647.00000 7745.25517  1.28%   752 1968s
  7853  7704 7719.19848  654 2864 7647.00000 7744.90857  1.28%   752 1974s
  7854  7705 7676.21133  903 2873 7647.00000 7744.71215  1.28%   752 1978s
  7855  7706 7704.29902  170 2881 7647.00000 7744.59749  1.28%   752 1982s
  7856  7706 7740.15212  329 2949 7647.00000 7744.51724  1.28%   752 1985s
  7859  7708 7694.33440  937 2987 7647.00000 7744.39459  1.27%   751 1991s
  7861  7710 7724.15077   31 2990 7647.00000 7744.36085  1.27%   751 1996s
  7862  7710 7707.33584  608 2838 7647.00000 7743.75587  1.27%   751 2007s
  7863  7711 7712.71311  381 2852 7647.00000 7743.53209  1.26%   751 2012s
  7864  7712 7684.39659  151 2916 7647.00000 7743.40333  1.26%   751 2015s
  7866  7713 7743.29868   31 2966 7647.00000 7743.29868  1.26%   751 2020s
  7868  7714 7728.28322  297 2996 7647.00000 7743.25723  1.26%   750 2025s
  7869  7715 7735.61199  206 2845 7647.00000 7742.71507  1.25%   750 2036s
  7870  7716 7699.91612  685 2907 7647.00000 7742.39993  1.25%   750 2042s
  7871  7716 7731.76713  494 2934 7647.00000 7742.24227  1.25%   750 2047s
  7873  7718 7742.09761   70 3006 7647.00000 7742.09761  1.24%   750 2052s
  7874  7718 7742.04204  266 3004 7647.00000 7742.04204  1.24%   750 2055s
  7877  7720 7741.95078   13 2998 7647.00000 7741.95078  1.24%   750 2060s
  7879  7722 7735.65358  158 2887 7647.00000 7741.48641  1.24%   749 2075s
  7880  7722 7711.60814  521 2953 7647.00000 7741.27391  1.23%   749 2080s
  7881  7723 7726.71629  218 2972 7647.00000 7741.13995  1.23%   749 2085s
  7883  7724 7740.98858   51 3005 7647.00000 7740.98858  1.23%   749 2092s
  7885  7726 7693.37292  940 3065 7647.00000 7740.92651  1.23%   749 2096s
  7887  7727 7711.78512   99 3056 7647.00000 7740.89115  1.23%   749 2102s
  7888  7728 7724.83406  261 2856 7647.00000 7740.50496  1.22%   748 2112s
  7889  7728 7669.89769  227 2931 7647.00000 7740.28146  1.22%   748 2118s
  7890  7729 7675.42770  913 2939 7647.00000 7740.08886  1.22%   748 2124s
  7891  7730 7710.08436  417 2972 7647.00000 7740.00047  1.22%   748 2128s
  7892  7730 7739.94532   85 3020 7647.00000 7739.94532  1.22%   748 2131s
  7895  7732 7699.46443  654 3027 7647.00000 7739.87602  1.21%   748 2138s
  7896  7733 7730.48427  256 2912 7647.00000 7739.53596  1.21%   748 2149s
  7897  7734 7722.42104  391 2986 7647.00000 7739.32695  1.21%   748 2155s
  7898  7734 7694.96939  720 3035 7647.00000 7739.23065  1.21%   748 2160s
  7901  7736 7736.00112  400 3119 7647.00000 7739.11479  1.20%   747 2166s
  7903  7738 7724.51528  202 3123 7647.00000 7739.07368  1.20%   747 2172s
  7904  7738 7711.91072  537 2995 7647.00000 7738.71989  1.20%   747 2182s
  7905  7739 7734.22679  180 3033 7647.00000 7738.54582  1.20%   747 2187s
  7906  7740 7738.43467  190 3045 7647.00000 7738.43467  1.20%   747 2191s
  7908  7741 7726.73741  216 3079 7647.00000 7738.32065  1.19%   747 2197s
  7910  7742 7705.53957  623 3124 7647.00000 7738.26239  1.19%   746 2201s
  7911  7743 7698.82965  661 3105 7647.00000 7738.24667  1.19%   746 2205s
  7912  7744 7649.82185  606 2942 7647.00000 7738.02778  1.19%   746 2214s
  7913  7744 7731.84345  144 3037 7647.00000 7737.86227  1.19%   746 2220s
  7915  7746 7715.76902  524 3124 7647.00000 7737.71982  1.19%   746 2227s
  7916  7746 7680.03342 1042 3118 7647.00000 7737.68608  1.19%   746 2230s
  7918  7748 7737.65079  106 3162 7647.00000 7737.65079  1.19%   746 2236s
  7919  7748 7700.69820  863 2968 7647.00000 7737.45807  1.18%   746 2245s
  7921  7750 7736.41404  184 3011 7647.00000 7737.29964  1.18%   745 2252s
  7922  7750 7714.32702  258 3096 7647.00000 7737.25930  1.18%   745 2255s
  7925  7752 7712.13132  746 3115 7647.00000 7737.19709  1.18%   745 2263s
  7926  7753 7697.81918  698 3004 7647.00000 7737.01865  1.18%   745 2285s
  7927  7754 7727.39942  302 3064 7647.00000 7736.88778  1.18%   745 2290s
  7929  7755 7703.86811  379 3081 7647.00000 7736.79572  1.17%   745 2295s
  7932  7757 7697.91295  692 3093 7647.00000 7736.73410  1.17%   744 2301s
  7933  7758 7712.33305   96 3123 7647.00000 7736.72211  1.17%   744 2319s
  7934  7758 7666.78172  514 2970 7647.00000 7736.38700  1.17%   744 2346s
  7935  7759 7723.65460  213 2957 7647.00000 7736.17115  1.17%   744 2353s
  7936  7760 7736.03816   68 3026 7647.00000 7736.03816  1.16%   744 2358s
  7937  7760 7656.81754  578 3042 7647.00000 7735.94981  1.16%   744 2363s
  7938  7761 7704.15259  373 3057 7647.00000 7735.88477  1.16%   744 2366s
  7940  7762 7676.84960  892 3084 7647.00000 7735.79934  1.16%   744 2372s
  7942  7764 7735.75720    4 3115 7647.00000 7735.75720  1.16%   743 2376s
  7943  7764 7701.10866  638 3119 7647.00000 7735.74174  1.16%   743 2394s
  7944  7765 7721.19742  406 2942 7647.00000 7735.53350  1.16%   743 2404s
  7945  7766 7669.08438  495 2929 7647.00000 7735.37396  1.16%   743 2410s
  7947  7767 7735.21160   25 3032 7647.00000 7735.21160  1.15%   743 2418s
  7948  7768 7735.17169  427 3049 7647.00000 7735.17169  1.15%   743 2421s
  7950  7769 7705.32072  329 3106 7647.00000 7735.11612  1.15%   743 2425s
  7952  7770 7696.68437   78 3129 7647.00000 7735.08243  1.15%   742 2430s
  7953  7771 7719.19848  654 2963 7647.00000 7734.95787  1.15%   742 2437s
  7954  7772 7676.21133  903 3039 7647.00000 7734.90000  1.15%   742 2440s
  7957  7774 7734.83393   76 3075 7647.00000 7734.83393  1.15%   742 2448s
  7958  7774 7727.62147  179 3023 7647.00000 7734.68482  1.15%   742 2456s
  7959  7775 7694.33440  937 3018 7647.00000 7734.60072  1.15%   742 2460s
  7961  7776 7724.15077   31 3113 7647.00000 7734.52525  1.14%   742 2465s
  7963  7778 7712.71311  381 3139 7647.00000 7734.48962  1.14%   741 2470s
  7964  7778 7684.39659  151 3002 7647.00000 7734.34935  1.14%   741 2477s
  7965  7779 7734.26662  409 3051 7647.00000 7734.26662  1.14%   741 2481s
  7967  7780 7667.33619  511 3103 7647.00000 7734.16400  1.14%   741 2487s
  7969  7782 7734.13082  206 3116 7647.00000 7734.13082  1.14%   741 2492s
  7970  7782 7699.91612  685 2992 7647.00000 7733.98639  1.14%   741 2499s
  7971  7783 7731.76713  494 3054 7647.00000 7733.88818  1.14%   741 2504s
  7972  7784 7733.83463  106 3074 7647.00000 7733.83463  1.14%   741 2507s
  7973  7784 7733.80222   70 3064 7647.00000 7733.80222  1.14%   741 2510s
  7976  7786 7733.74700  139 3118 7647.00000 7733.74700  1.13%   740 2517s
  7977  7787 7733.62822   13 3065 7647.00000 7733.62822  1.13%   740 2524s
  7978  7788 7728.25581  314 3103 7647.00000 7733.56312  1.13%   740 2528s
  7979  7788 7733.52372  158 3086 7647.00000 7733.52372  1.13%   740 2530s
  7982  7790 7733.47272    9 3128 7647.00000 7733.47272  1.13%   740 2537s
  7983  7791 7733.35441   51 2983 7647.00000 7733.35441  1.13%   740 2544s
  7984  7792 7723.84965  385 3050 7647.00000 7733.28887  1.13%   739 2548s
  7985  7792 7693.37292  940 3102 7647.00000 7733.23952  1.13%   739 2551s
  7987  7794 7711.78512   99 3133 7647.00000 7733.19747  1.13%   739 2555s
  7989  7795 7669.89769  227 3038 7647.00000 7733.08045  1.13%   739 2566s
  7990  7796 7675.42770  913 3077 7647.00000 7733.01192  1.12%   739 2570s
  7992  7797 7732.94057   85 3083 7647.00000 7732.94057  1.12%   739 2575s
  7994  7798 7732.90931   20 3116 7647.00000 7732.90931  1.12%   739 2580s
  7995  7799 7699.46443  654 3104 7647.00000 7732.84330  1.12%   738 2586s
  7997  7800 7722.42104  391 3154 7647.00000 7732.75819  1.12%   738 2592s
  7998  7801 7694.96939  720 3156 7647.00000 7732.74370  1.12%   738 2596s
  7999  7802 7711.31455  540 3035 7647.00000 7732.68291  1.12%   738 2601s
  8001  7803 7732.61878  400 3102 7647.00000 7732.61878  1.12%   738 2606s
  8003  7804 7724.51528  202 3169 7647.00000 7732.59233  1.12%   738 2610s
  8004  7805 7711.91072  537 2992 7647.00000 7732.51991  1.12%   738 2616s
  8005  7806 7732.46155  180 2988 7647.00000 7732.46155  1.12%   738 2620s
  8007  7807 7715.05227  537 3082 7647.00000 7732.39218  1.12%   737 2625s
  8009  7808 7687.24164  780 3056 7647.00000 7732.31769  1.12%   737 2634s
  8010  7809 7705.53957  623 3049 7647.00000 7732.27149  1.12%   737 2637s
  8012  7810 7649.82185  606 3156 7647.00000 7732.22239  1.11%   737 2641s
  8014  7812 7732.14074  119 3117 7647.00000 7732.14074  1.11%   737 2650s
  8016  7813 7680.03342 1042 3085 7647.00000 7732.07399  1.11%   737 2656s
  8018  7814 7732.01431  106 3085 7647.00000 7732.01431  1.11%   736 2665s
  8020  7816 7708.18640  621 3160 7647.00000 7731.95933  1.11%   736 2671s
  8021  7816 7731.90608  184 3108 7647.00000 7731.90608  1.11%   736 2676s
  8026  7821 7697.81918  698 1050 7647.00000 7731.90608  1.11%   817 2683s
  8027  7822 7727.39942  302 1234 7647.00000 7731.90608  1.11%   817 2687s
  8029  7823 7703.86811  379 1556 7647.00000 7731.90608  1.11%   817 2693s
  8030  7824 7731.16182  242 1703 7647.00000 7731.90608  1.11%   817 2697s
  8031  7825 7697.24722   74 1841 7647.00000 7731.90608  1.11%   817 2702s
  8032  7825 7697.91295  692 2066 7647.00000 7731.90608  1.11%   817 2708s
  8033  7826 7712.33305   96 2179 7647.00000 7731.90608  1.11%   817 2714s
  8034  7827 7666.78172  514 2404 7647.00000 7731.90608  1.11%   817 2720s
  8035  7827 7723.65460  213 2498 7647.00000 7731.90608  1.11%   816 2726s
  8036  7828 7731.90608   68 2676 7647.00000 7731.90608  1.11%   816 2730s
  8038  7829 7704.15259  373 2842 7647.00000 7731.90608  1.11%   816 2736s
  8040  7831 7676.84960  892 2958 7647.00000 7731.90608  1.11%   816 2740s
  8042  7832 7731.82239    4 2935 7647.00000 7731.82239  1.11%   816 2749s
  8043  7833 7701.10866  638 2950 7647.00000 7731.79429  1.11%   816 2751s
  8045  7834 7669.08438  495 3016 7647.00000 7731.72595  1.11%   815 2761s
  8047  7835 7731.65056   25 3051 7647.00000 7731.65056  1.11%   815 2766s
  8049  7837 7697.09716  412 2975 7647.00000 7731.55593  1.11%   815 2776s
  8051  7838 7685.03324  598 3047 7647.00000 7731.48527  1.10%   815 2782s
  8052  7839 7696.68437   78 3055 7647.00000 7731.47037  1.10%   815 2785s
  8053  7839 7719.19848  654 3055 7647.00000 7731.40132  1.10%   815 2793s
  8054  7840 7676.21133  903 3063 7647.00000 7731.36283  1.10%   814 2795s
  8057  7842 7731.31339   76 3101 7647.00000 7731.31339  1.10%   814 2802s
  8058  7843 7727.62147  179 3017 7647.00000 7731.24377  1.10%   814 2809s
  8059  7843 7694.33440  937 3049 7647.00000 7731.19594  1.10%   814 2812s
  8061  7845 7724.15077   31 3050 7647.00000 7731.15548  1.10%   814 2818s
  8062  7845 7707.33584  608 3032 7647.00000 7731.11152  1.10%   814 2824s
  8063  7846 7712.71311  381 3059 7647.00000 7731.08702  1.10%   814 2827s
  8064  7847 7684.39659  151 3051 7647.00000 7731.07336  1.10%   813 2830s
  8065  7847 7731.04118  409 3021 7647.00000 7731.04118  1.10%   813 2837s
  8066  7848 7731.04118   31 3018 7647.00000 7731.04118  1.10%   813 2840s
  8067  7849 7667.33619  511 3018 7647.00000 7731.04098  1.10%   813 2851s
  8068  7852 7731.04098   27 2997 7647.00000 7731.04098  1.10%   827 2903s
  8070  7856 7731.01743   28 3021 7647.00000 7731.03282  1.10%   832 2952s
  8074  7862 7730.89637   29 3022 7647.00000 7730.89637  1.10%   843 3016s
  8082  7868 7730.89635   30 3020 7647.00000 7730.89635  1.10%   858 3020s
  8090  7873 7716.67342   30 2731 7647.00000 7730.89635  1.10%   859 3032s
  8098  7878 7730.89634   31 3013 7647.00000 7730.89634  1.10%   861 3037s
  8106  7884 7709.07019   31 2819 7647.00000 7730.89627  1.10%   863 3050s
  8114  7892 7730.85689   32 2984 7647.00000 7730.89620  1.10%   865 3062s
  8125  7898 7730.82012   32 2967 7647.00000 7730.85686  1.10%   866 3070s
  8135  7906 7730.61277   33 2918 7647.00000 7730.85686  1.10%   869 3087s
  8146  7914 7730.85535   33 2993 7647.00000 7730.85535  1.10%   871 3119s
  8158  7925 7730.59147   34 2894 7647.00000 7730.84439  1.10%   877 3129s
  8173  7936 7730.83569   35 2954 7647.00000 7730.83569  1.10%   879 3139s
  8189  7948 7730.51426   36 2963 7647.00000 7730.83567  1.10%   882 3150s
  8206  7957 7730.82693   36 2948 7647.00000 7730.82693  1.10%   884 3159s
  8221  7967 7730.76955   37 2926 7647.00000 7730.82012  1.10%   886 3169s
  8236  7977 7730.79672   38 2937 7647.00000 7730.82012  1.10%   888 3186s
  8251  7990 7730.75082   39 2930 7647.00000 7730.82012  1.10%   891 3195s
  8269  8015 7730.68041   40 2905 7647.00000 7730.82012  1.10%   893 3210s
  8300  8042 7730.67583   41 2900 7647.00000 7730.82012  1.10%   896 3225s
  8337  8078 7730.67382   43 2905 7647.00000 7730.82012  1.10%   901 3247s
  8385  8128 7730.65039   44 2888 7647.00000 7730.82012  1.10%   906 3274s
  8451  8164 7730.61317   46 2896 7647.00000 7730.82012  1.10%   911 3316s
  8521  8184 7730.35138   48 2881 7647.00000 7730.82012  1.10%   920 3356s
  8565  8234 7729.32643   49 2801 7647.00000 7730.82012  1.10%   935 3395s
  8629  8285 7730.17464   52 2839 7647.00000 7730.82012  1.10%   947 3440s
  8711  8324 7729.87793   55 2844 7647.00000 7730.82012  1.10%   958 3485s
  8777  8410 7729.82013   57 2797 7647.00000 7730.82012  1.10%   973 3521s
  8885  8489 7729.79161   59 2755 7647.00000 7730.82012  1.10%   979 3560s
  9000  8562 7729.56772   63 2750 7647.00000 7730.82012  1.10%   986 3600s

Cutting planes:
  Gomory: 27
  Cover: 96
  Implied bound: 1
  Clique: 3
  MIR: 641
  StrongCG: 30
  Flow cover: 1944
  GUB cover: 669
  Zero half: 29
  RLT: 369
  Relax-and-lift: 5

Explored 9111 nodes (9217312 simplex iterations) in 3600.02 seconds (6603.32 work units)
Thread count was 8 (of 8 available processors)

Solution count 10: 7647 7647 7646 ... 7640

Time limit reached
Best objective 7.647000000000e+03, best bound 7.730000000000e+03, gap 1.0854%
