
Gurobi 9.5.1 (linux64) logging started Wed Mar  9 18:05:00 2022

Set parameter LogFile to value "../results/logs/log_2022_03_09_17_57.csv_5_65.log"
Set parameter Method to value 3
Gurobi Optimizer version 9.5.1 build v9.5.1rc2 (linux64)
Thread count: 8 physical cores, 8 logical processors, using up to 8 threads
Optimize a model with 1783 rows, 9882 columns and 22585 nonzeros
Model fingerprint: 0xf20926d7
Variable types: 4941 continuous, 4941 integer (4941 binary)
Coefficient statistics:
  Matrix range     [1e+00, 5e+00]
  Objective range  [1e+00, 1e+00]
  Bounds range     [1e+00, 1e+00]
  RHS range        [1e+00, 6e+01]
Found heuristic solution: objective 12.0000000
Presolve removed 944 rows and 8566 columns
Presolve time: 0.03s
Presolved: 839 rows, 1316 columns, 4810 nonzeros
Variable types: 741 continuous, 575 integer (555 binary)
Found heuristic solution: objective 26.0000000

Concurrent LP optimizer: primal simplex, dual simplex, and barrier
Showing barrier log only...

Root barrier log...

Ordering time: 0.00s

Barrier statistics:
 AA' NZ     : 3.463e+03
 Factor NZ  : 9.369e+03 (roughly 1 MB of memory)
 Factor Ops : 1.271e+05 (less than 1 second per iteration)
 Threads    : 1

                  Objective                Residual
Iter       Primal          Dual         Primal    Dual     Compl     Time
   0   2.09887487e+03  1.81661845e+03  1.64e+03 8.41e-01  8.08e+00     0s
   1   4.08986920e+02  1.83694037e+03  2.09e+02 3.11e-15  1.31e+00     0s
   2   2.19586912e+02  5.95561971e+02  3.64e+01 1.55e-15  2.28e-01     0s
   3   1.52291999e+02  2.22366213e+02  3.31e+00 3.11e-15  3.07e-02     0s
   4   1.52993254e+02  1.72441088e+02  2.81e-01 2.39e-15  6.53e-03     0s
   5   1.55729187e+02  1.63311173e+02  1.15e-01 1.87e-15  2.55e-03     0s
   6   1.56817533e+02  1.59353999e+02  5.44e-02 2.10e-15  8.90e-04     0s
   7   1.57548838e+02  1.58528261e+02  1.55e-02 2.23e-15  3.30e-04     0s
   8   1.57831610e+02  1.57918656e+02  2.54e-03 2.99e-15  3.21e-05     0s
   9   1.57866860e+02  1.57898399e+02  1.09e-03 3.29e-15  1.20e-05     0s
  10   1.57869140e+02  1.57894745e+02  9.92e-04 3.00e-15  1.00e-05     0s
  11   1.57891402e+02  1.57893784e+02  5.58e-05 2.22e-15  8.45e-07     0s
  12   1.57893166e+02  1.57893172e+02  1.39e-12 3.02e-15  1.73e-09     0s
  13   1.57893169e+02  1.57893169e+02  3.82e-13 3.24e-15  1.73e-12     0s

Barrier solved model in 13 iterations and 0.04 seconds (0.04 work units)
Optimal objective 1.57893169e+02


Solved with barrier

Root relaxation: objective 1.578932e+02, 231 iterations, 0.02 seconds (0.01 work units)

    Nodes    |    Current Node    |     Objective Bounds      |     Work
 Expl Unexpl |  Obj  Depth IntInf | Incumbent    BestBd   Gap | It/Node Time

     0     0  157.89317    0  295   26.00000  157.89317   507%     -    0s
H    0     0                      60.0000000  157.89317   163%     -    0s
H    0     0                      67.0000000  157.89317   136%     -    0s
     0     0  113.93823    0  144   67.00000  113.93823  70.1%     -    0s
     0     0  112.32429    0  114   67.00000  112.32429  67.6%     -    0s
     0     0  112.21115    0  115   67.00000  112.21115  67.5%     -    0s
     0     0  112.18589    0  114   67.00000  112.18589  67.4%     -    0s
     0     0  106.78139    0  113   67.00000  106.78139  59.4%     -    0s
     0     0  105.61744    0   72   67.00000  105.61744  57.6%     -    0s
     0     0  105.50722    0   78   67.00000  105.50722  57.5%     -    0s
     0     0  105.48883    0   78   67.00000  105.48883  57.4%     -    0s
     0     0  103.90080    0   75   67.00000  103.90080  55.1%     -    0s
     0     0  103.62329    0   81   67.00000  103.62329  54.7%     -    0s
     0     0  103.59262    0  103   67.00000  103.59262  54.6%     -    0s
H    0     0                      97.0000000  102.94124  6.12%     -    0s
     0     0  102.94124    0   70   97.00000  102.94124  6.12%     -    0s
     0     0  102.74477    0   77   97.00000  102.74477  5.92%     -    0s
     0     0  102.72382    0   82   97.00000  102.72382  5.90%     -    0s
     0     0  102.42844    0   80   97.00000  102.42844  5.60%     -    0s
     0     0  102.42844    0   77   97.00000  102.42844  5.60%     -    0s
     0     2  102.42844    0   77   97.00000  102.42844  5.60%     -    0s
H  121   114                     100.0000000  101.42987  1.43%  30.4    0s

Cutting planes:
  Gomory: 97
  Lift-and-project: 18
  Implied bound: 12
  MIR: 369
  RLT: 63
  Relax-and-lift: 17

Explored 212 nodes (6148 simplex iterations) in 0.60 seconds (0.75 work units)
Thread count was 8 (of 8 available processors)

Solution count 6: 100 97 67 ... 12

Optimal solution found (tolerance 1.00e-04)
Best objective 1.000000000000e+02, best bound 1.000000000000e+02, gap 0.0000%
