
Gurobi 9.1.2 (win64) logging started Wed Sep  1 03:09:26 2021

Changed value of parameter LogFile to ../results/logs/log_samuel_kroger_2021_09_01_02_08_35.csv_46_250.log
   Prev:   Default: 
Changed value of parameter method to 3
   Prev: -1  Min: -1  Max: 5  Default: -1
Gurobi Optimizer version 9.1.2 build v9.1.2rc0 (win64)
Thread count: 6 physical cores, 12 logical processors, using up to 12 threads
Optimize a model with 9820 rows, 27306 columns and 194360 nonzeros
Model fingerprint: 0xef5af126
Variable types: 0 continuous, 27306 integer (27306 binary)
Coefficient statistics:
  Matrix range     [1e+00, 4e+01]
  Objective range  [1e+00, 1e+00]
  Bounds range     [1e+00, 1e+00]
  RHS range        [1e+00, 3e+02]
Found heuristic solution: objective -0.0000000
Presolve removed 7010 rows and 20770 columns
Presolve time: 0.12s
Presolved: 2810 rows, 6536 columns, 58025 nonzeros
Variable types: 0 continuous, 6536 integer (6289 binary)

Concurrent LP optimizer: primal simplex, dual simplex, and barrier
Showing barrier log only...

Root barrier log...

Ordering time: 0.13s

Barrier statistics:
 AA' NZ     : 1.017e+05
 Factor NZ  : 6.117e+05 (roughly 9 MBytes of memory)
 Factor Ops : 3.288e+08 (less than 1 second per iteration)
 Threads    : 4

                  Objective                Residual
Iter       Primal          Dual         Primal    Dual     Compl     Time
   0   1.03352460e+04  6.57865058e+03  3.20e+04 1.00e+00  3.12e+01     0s
   1   3.13623695e+03  1.01340497e+04  7.32e+03 1.12e+00  7.59e+00     0s
   2   7.88980416e+02  9.61211447e+03  4.30e+02 1.07e-14  9.02e-01     0s
   3   8.23393839e+02  3.13569091e+03  6.81e+01 4.00e-15  1.84e-01     0s
   4   9.81643477e+02  1.50522807e+03  1.85e+00 3.00e-15  3.35e-02     0s
   5   1.05745548e+03  1.35459462e+03  2.30e-01 2.44e-15  1.88e-02     0s
   6   1.07528796e+03  1.24284551e+03  1.35e-01 2.00e-15  1.06e-02     0s
   7   1.08113110e+03  1.21438490e+03  1.13e-01 1.55e-15  8.42e-03     0s
   8   1.10155146e+03  1.18035529e+03  3.63e-02 1.55e-15  4.97e-03     0s
   9   1.10566065e+03  1.15537860e+03  2.73e-02 1.78e-15  3.14e-03     1s
  10   1.11187479e+03  1.14372988e+03  1.51e-02 1.37e-15  2.01e-03     1s
  11   1.11479402e+03  1.13227699e+03  1.02e-02 1.33e-15  1.10e-03     1s
  12   1.11830739e+03  1.12667635e+03  4.73e-03 1.78e-15  5.28e-04     1s
  13   1.12003440e+03  1.12436625e+03  2.19e-03 1.34e-15  2.73e-04     1s
  14   1.12098908e+03  1.12245097e+03  8.35e-04 2.44e-15  9.22e-05     1s
  15   1.12129095e+03  1.12187703e+03  4.57e-04 1.55e-15  3.70e-05     1s
  16   1.12158525e+03  1.12175529e+03  1.01e-04 1.78e-15  1.07e-05     1s
  17   1.12166592e+03  1.12170961e+03  6.88e-06 1.78e-15  2.75e-06     1s
  18   1.12167484e+03  1.12167607e+03  1.07e-08 1.78e-15  7.71e-08     1s
  19   1.12167496e+03  1.12167496e+03  0.00e+00 1.78e-15  1.95e-10     1s

Barrier solved model in 19 iterations and 0.64 seconds
Optimal objective 1.12167496e+03


Solved with barrier

Root relaxation: objective 1.121675e+03, 304 iterations, 0.55 seconds

    Nodes    |    Current Node    |     Objective Bounds      |     Work
 Expl Unexpl |  Obj  Depth IntInf | Incumbent    BestBd   Gap | It/Node Time

     0     0 1121.67496    0 1044   -0.00000 1121.67496      -     -    0s
H    0     0                     104.0000000 1121.67496   979%     -    0s
H    0     0                     156.0000000 1121.67496   619%     -    0s
H    0     0                     194.0000000 1121.67496   478%     -    1s
H    0     0                     323.0000000 1117.43564   246%     -    3s
H    0     0                     367.0000000 1117.43564   204%     -    3s
H    0     0                     373.0000000 1117.43564   200%     -    3s
H    0     0                     389.0000000 1117.43564   187%     -    3s
     0     0  999.76482    0 1303  389.00000  999.76482   157%     -    3s
H    0     0                     440.0000000  999.76482   127%     -    3s
     0     0  922.89384    0 1438  440.00000  922.89384   110%     -    5s
     0     0  911.77020    0 1501  440.00000  911.77020   107%     -    7s
     0     0  909.50174    0 1540  440.00000  909.50174   107%     -    7s
     0     0  909.31972    0 1543  440.00000  909.31972   107%     -    7s
     0     0  909.27693    0 1560  440.00000  909.27693   107%     -    8s
     0     0  874.43018    0 1665  440.00000  874.43018  98.7%     -   12s
H    0     0                     441.0000000  874.43018  98.3%     -   13s
H    0     0                     445.0000000  874.43018  96.5%     -   18s
H    0     0                     457.0000000  874.43018  91.3%     -   18s
H    0     0                     476.0000000  874.43018  83.7%     -   18s
H    0     0                     479.0000000  874.43018  82.6%     -   18s
H    0     0                     482.0000000  874.43018  81.4%     -   18s
     0     0  854.28363    0 1717  482.00000  854.28363  77.2%     -   18s
H    0     0                     486.0000000  854.28363  75.8%     -   22s
     0     0  847.33024    0 1830  486.00000  847.33024  74.3%     -   22s
     0     0  845.15638    0 1849  486.00000  845.15638  73.9%     -   25s
     0     0  844.30892    0 1858  486.00000  844.30892  73.7%     -   27s
     0     0  844.07692    0 1903  486.00000  844.07692  73.7%     -   27s
H    0     0                     489.0000000  844.07692  72.6%     -   35s
H    0     0                     492.0000000  844.07692  71.6%     -   35s
H    0     0                     495.0000000  844.07692  70.5%     -   35s
H    0     0                     496.0000000  844.07692  70.2%     -   35s
H    0     0                     498.0000000  844.07692  69.5%     -   35s
H    0     0                     504.0000000  844.07692  67.5%     -   35s
H    0     0                     505.0000000  844.07692  67.1%     -   35s
H    0     0                     506.0000000  844.07692  66.8%     -   35s
     0     0  831.64069    0 1930  506.00000  831.64069  64.4%     -   35s
H    0     0                     525.0000000  831.64069  58.4%     -   36s
     0     0  825.39122    0 1990  525.00000  825.39122  57.2%     -   41s
     0     0  822.45840    0 2054  525.00000  822.45840  56.7%     -   46s
     0     0  821.06259    0 2053  525.00000  821.06259  56.4%     -   49s
     0     0  820.50122    0 2113  525.00000  820.50122  56.3%     -   52s
     0     0  820.16885    0 2163  525.00000  820.16885  56.2%     -   54s
     0     0  813.10312    0 2036  525.00000  813.10312  54.9%     -   62s
H    0     0                     533.0000000  813.10312  52.6%     -   68s
H    0     0                     539.0000000  813.10312  50.9%     -   68s
     0     0  810.45668    0 2133  539.00000  810.45668  50.4%     -   68s
H    0     0                     545.0000000  810.45668  48.7%     -   71s
     0     0  809.65225    0 2229  545.00000  809.65225  48.6%     -   71s
     0     0  809.12003    0 2294  545.00000  809.12003  48.5%     -   73s
     0     0  808.90670    0 2258  545.00000  808.90670  48.4%     -   75s
     0     0  803.24729    0 2198  545.00000  803.24729  47.4%     -   85s
H    0     0                     564.0000000  803.24729  42.4%     -   85s
     0     0  800.86421    0 2327  564.00000  800.86421  42.0%     -   90s
     0     0  799.54449    0 2337  564.00000  799.54449  41.8%     -   95s
     0     0  798.99404    0 2404  564.00000  798.99404  41.7%     -   99s
     0     0  798.79189    0 2424  564.00000  798.79189  41.6%     -  101s
     0     0  795.20406    0 2343  564.00000  795.20406  41.0%     -  109s
     0     0  793.73348    0 2479  564.00000  793.73348  40.7%     -  115s
     0     0  792.88081    0 2507  564.00000  792.88081  40.6%     -  120s
     0     0  792.37637    0 2559  564.00000  792.37637  40.5%     -  124s
     0     0  789.43067    0 2487  564.00000  789.43067  40.0%     -  131s
H    0     0                     575.0000000  789.43067  37.3%     -  132s
     0     0  788.22820    0 2529  575.00000  788.22820  37.1%     -  136s
     0     0  787.71905    0 2566  575.00000  787.71905  37.0%     -  140s
     0     0  785.89488    0 2481  575.00000  785.89488  36.7%     -  147s
     0     0  785.89488    0 2479  575.00000  785.89488  36.7%     -  148s
H    0     0                     584.0000000  785.89361  34.6%     -  157s
     0     2  785.89361    0 2478  584.00000  785.89361  34.6%     -  157s
     1     4  785.80740    1 2426  584.00000  785.89093  34.6%   829  161s
     3     8  784.64646    2 2557  584.00000  785.80453  34.6%  2850  181s
     7    14  783.39236    3 2715  584.00000  784.64544  34.4%  4871  200s
    13    20  782.43762    4 2771  584.00000  783.39209  34.1%  7286  246s
    19    26  782.79785    4 2789  584.00000  782.79785  34.0% 11865  260s
    25    32  782.17282    5 2757  584.00000  782.79781  34.0% 10223  274s
H   31    39                     606.0000000  782.79781  29.2%  9149  283s
    38    48  781.93500    6 2743  606.00000  782.79781  29.2%  8099  292s
    47    55  781.82961    7 2736  606.00000  782.79781  29.2%  6953  302s
    54    62  780.86419    9 2674  606.00000  782.79781  29.2%  6498  318s
    61    70  780.76190   10 2667  606.00000  782.79781  29.2%  6356  328s
H   69    77                     614.0000000  782.79781  27.5%  5946  336s
H   74    77                     616.0000000  782.79781  27.1%  5700  336s
    76    86  780.04497   14 2654  616.00000  782.79781  27.1%  5656  343s
    85    99  779.75915   16 2669  616.00000  782.79781  27.1%  5300  350s
    98   117  779.98222   17 2637  616.00000  782.79781  27.1%  4770  357s
H  116   133                     624.0000000  782.79781  25.4%  4184  366s
   132   143  779.36022   21 2641  624.00000  782.79781  25.4%  3850  374s
H  136   143                     625.0000000  782.79781  25.2%  3770  375s
   142   154  779.09158   22 2623  625.00000  782.79781  25.2%  3722  384s
   153   165  779.03286   24 2628  625.00000  782.79781  25.2%  3597  394s
H  155   165                     629.0000000  782.79781  24.5%  3561  394s
   164   173  777.41321   25 2576  629.00000  782.79781  24.5%  3533  406s
   172   184  777.91219   26 2591  629.00000  782.79781  24.5%  3520  418s
   183   197  777.88238   27 2597  629.00000  782.79781  24.5%  3454  431s
H  196   209                     633.0000000  782.79781  23.7%  3393  445s
H  198   209                     634.0000000  782.79781  23.5%  3382  445s
   208   224  777.20841   30 2577  634.00000  782.79781  23.5%  3364  458s
   223   238  776.93848   31 2578  634.00000  782.79781  23.5%  3296  470s
H  237   251                     635.0000000  782.79781  23.3%  3222  482s
H  250   264                     636.0000000  782.79781  23.1%  3181  496s
   263   279  776.02434   37 2533  636.00000  782.79781  23.1%  3156  509s
   278   298  775.52553   40 2493  636.00000  782.79781  23.1%  3109  528s
   297   315  775.07287   44 2485  636.00000  782.79781  23.1%  3030  545s
H  300   315                     637.0000000  782.79781  22.9%  3010  545s
   314   333  774.83467   47 2466  637.00000  782.79781  22.9%  2996  561s
   332   352  774.15550   50 2463  637.00000  782.79781  22.9%  2962  577s
   351   373  773.40172   52 2421  637.00000  782.79781  22.9%  2927  592s
   372   393  772.83837   57 2400  637.00000  782.79781  22.9%  2882  610s
   392   423  771.98076   59 2385  637.00000  782.79781  22.9%  2858  631s
H  420   423                     638.0000000  782.79781  22.7%  2787  631s
   422   447  771.44053   62 2342  638.00000  782.79781  22.7%  2790  649s
   446   472  770.14969   64 2336  638.00000  782.79781  22.7%  2759  667s
   471   490  768.79805   70 2267  638.00000  782.79781  22.7%  2721  693s
   489   522  768.08224   72 2231  638.00000  782.79781  22.7%  2688  713s
H  493   522                     640.0000000  782.79781  22.3%  2674  713s
   521   549  767.02098   76 2217  640.00000  782.79781  22.3%  2639  735s
H  524   549                     641.0000000  782.79781  22.1%  2635  735s
   548   580  766.08252   78 2235  641.00000  782.79781  22.1%  2614  757s
H  574   580                     643.0000000  782.79781  21.7%  2589  757s
   579   616  765.25723   81 2175  643.00000  782.79781  21.7%  2587  780s
H  586   616                     644.0000000  782.79781  21.6%  2573  780s
   615   665  764.70464   85 2172  644.00000  782.79781  21.6%  2549  803s
H  625   665                     645.0000000  782.79781  21.4%  2530  803s
   664   677  763.16613   92 2180  645.00000  782.79781  21.4%  2477  828s
   676   733  762.86502   93 2161  645.00000  782.79781  21.4%  2473  854s
   732   784  761.64645  106 2123  645.00000  782.79781  21.4%  2394  878s
H  783   864                     646.0000000  782.79781  21.2%  2344  902s
   863   942  757.70875  125 2062  646.00000  782.79781  21.2%  2230  928s
   941  1041  756.05193  137 2033  646.00000  782.79781  21.2%  2144  952s
H 1040  1108                     647.0000000  782.79781  21.0%  2030  979s
  1107  1194  747.05602  156 1877  647.00000  782.79781  21.0%  1994 1007s
H 1143  1194                     648.0000000  782.79781  20.8%  1959 1007s
  1193  1293  750.73325  164 1868  648.00000  782.79781  20.8%  1938 1034s
  1292  1426  748.54350  170 1875  648.00000  782.79781  20.8%  1879 1062s
H 1363  1426                     649.0000000  782.79781  20.6%  1821 1062s
  1425  1645  746.06721  190 1817  649.00000  782.79781  20.6%  1789 1090s
  1644  1899  744.18850  216 1800  649.00000  782.79781  20.6%  1628 1117s
  1898  2047  741.28190  249 1707  649.00000  782.79781  20.6%  1478 1144s
  2046  2227  738.29727  268 1687  649.00000  782.79781  20.6%  1432 1198s
H 2129  2227                     650.0000000  782.79781  20.4%  1395 1198s
  2226  2461  735.72421  299 1640  650.00000  782.79781  20.4%  1372 1226s
H 2239  2461                     651.0000000  782.79781  20.2%  1369 1226s
  2460  2885  731.33904  341 1607  651.00000  782.79781  20.2%  1301 1254s
H 2788  2885                     652.0000000  782.79781  20.1%  1190 1254s
  2884  3334  728.12860  406 1455  652.00000  782.79781  20.1%  1165 1281s
  3333  3768  723.42717  470 1419  652.00000  782.79781  20.1%  1056 1306s
  3767  4240  717.93187  539 1309  652.00000  782.79781  20.1%   975 1330s
  4245  4809  713.14949  640 1175  652.00000  782.79781  20.1%   900 1353s
  4816  5145  703.35064  754  986  652.00000  782.79781  20.1%   824 1395s
H 4924  5145                     653.0000000  782.79781  19.9%   809 1396s
H 5034  5145                     654.0000000  782.79781  19.7%   794 1396s
H 5144  5145                     655.0000000  782.79781  19.5%   779 1396s
  5152  5886  695.67945  841  861  655.00000  782.79781  19.5%   778 1416s
  5899  6497  685.14392  978  655  655.00000  782.79752  19.5%   701 1440s
  6558  6498  709.62495  597 2479  655.00000  782.56416  19.5%   651 1498s
  6560  6499  711.21216  580 1050  655.00000  782.56416  19.5%   650 1502s
  6561  6500  726.22787  305 1350  655.00000  782.56416  19.5%   650 1507s
  6562  6501  745.25622  167 1659  655.00000  782.56416  19.5%   650 1511s
  6563  6501  769.06155   40 1895  655.00000  782.56416  19.5%   650 1517s
  6564  6502  714.99285  495 2019  655.00000  782.56416  19.5%   650 1524s
  6565  6503  736.90570  237 2150  655.00000  782.56416  19.5%   650 1532s
  6566  6503  753.72407   90 2347  655.00000  782.56416  19.5%   650 1539s
  6567  6504  775.67049   22 2462  655.00000  782.56416  19.5%   650 1545s
  6568  6505  715.66323  328 2513  655.00000  782.56416  19.5%   650 1551s
  6569  6505  750.66678  117 2587  655.00000  782.56416  19.5%   649 1556s
  6571  6507  707.72737  687 2665  655.00000  782.56416  19.5%   649 1563s
  6572  6507  772.10855   30 2669  655.00000  782.56416  19.5%   649 1565s
  6576  6510  712.65813  397 2740  655.00000  782.56416  19.5%   649 1570s
  6578  6511  722.71807  307 2546  655.00000  780.25829  19.1%   649 1583s
  6579  6512  694.19155  811 2570  655.00000  778.56404  18.9%   648 1590s
  6580  6513  709.25489  635 2578  655.00000  777.77090  18.7%   648 1595s
  6581  6513  714.30299  503 2661  655.00000  777.32678  18.7%   648 1600s
  6583  6515  768.13717   22 2712  655.00000  776.87270  18.6%   648 1605s
  6586  6517  770.58908   10 2739  655.00000  776.65960  18.6%   648 1610s
  6590  6519  761.90478   99 2595  655.00000  774.57859  18.3%   647 1624s
  6591  6520  681.35398  945 2619  655.00000  773.66018  18.1%   647 1629s
  6592  6521  698.00813  743 2669  655.00000  773.15099  18.0%   647 1634s
  6593  6521  709.57410  437 2695  655.00000  772.85452  18.0%   647 1638s
  6594  6522  729.83803  365 2723  655.00000  772.65389  18.0%   647 1640s
  6597  6524  678.19558 1025 2777  655.00000  772.36949  17.9%   647 1646s
  6601  6527  708.54364  657 2814  655.00000  772.25460  17.9%   646 1651s
  6602  6527  771.15882   18 2627  655.00000  771.15882  17.7%   646 1660s
  6603  6528  721.21872  422 2725  655.00000  770.41810  17.6%   646 1666s
  6604  6529  678.85046  975 2739  655.00000  770.11908  17.6%   646 1670s
  6606  6530  754.82458   68 2778  655.00000  769.81298  17.5%   646 1675s
  6609  6532  762.03829   93 2876  655.00000  769.58872  17.5%   645 1680s
  6612  6534  713.31230  388 2730  655.00000  768.45509  17.3%   645 1693s
  6613  6535  761.95004   98 2733  655.00000  767.85720  17.2%   645 1699s
  6614  6535  724.32606  284 2785  655.00000  767.54923  17.2%   645 1705s
  6616  6537  730.42056  311 2837  655.00000  767.23188  17.1%   645 1711s
  6618  6538  731.99823  321 2922  655.00000  767.07613  17.1%   645 1716s
  6621  6540  709.34486  630 2892  655.00000  766.97438  17.1%   644 1720s
  6623  6541  694.17258  809 2693  655.00000  765.91355  16.9%   644 1732s
  6624  6542  765.42271   46 2700  655.00000  765.42271  16.9%   644 1737s
  6625  6543  739.32246  183 2825  655.00000  765.19692  16.8%   644 1741s
  6626  6543  726.75458  433 2870  655.00000  765.04344  16.8%   644 1745s
  6628  6545  718.42465  346 2894  655.00000  764.90026  16.8%   644 1750s
  6632  6547  763.09507   43 2983  655.00000  764.79581  16.8%   643 1756s
  6633  6548  764.07272   49 2778  655.00000  764.07272  16.7%   643 1766s
  6634  6549  731.39823  252 2815  655.00000  763.68328  16.6%   643 1771s
  6635  6549  738.38057  193 2831  655.00000  763.45259  16.6%   643 1775s
  6637  6551  726.96539  313 2896  655.00000  763.21394  16.5%   643 1782s
  6639  6552  671.61334 1059 2940  655.00000  763.11494  16.5%   643 1786s
  6643  6555  699.11903  776 2960  655.00000  763.04020  16.5%   642 1792s
  6644  6555  745.36070  154 2807  655.00000  762.49072  16.4%   642 1800s
  6645  6556  697.30344  749 2867  655.00000  762.13116  16.4%   642 1806s
  6647  6557  711.95582  642 2950  655.00000  761.87311  16.3%   642 1812s
  6648  6558  709.13946  610 2974  655.00000  761.79829  16.3%   642 1815s
  6651  6560  758.24903  124 2987  655.00000  761.64639  16.3%   641 1821s
  6654  6562  756.13511  134 2774  655.00000  761.07840  16.2%   641 1834s
  6655  6563  739.70037  164 2880  655.00000  760.80755  16.2%   641 1839s
  6656  6563  710.78206  358 2917  655.00000  760.63804  16.1%   641 1844s
  6657  6564  746.88250  168 2981  655.00000  760.53685  16.1%   641 1847s
  6659  6565  705.53931  480 2947  655.00000  760.42637  16.1%   641 1852s
  6661  6567  726.22787  305 3045  655.00000  760.37004  16.1%   640 1855s
  6663  6568  760.03189   40 2871  655.00000  760.03189  16.0%   640 1867s
  6664  6569  714.99285  495 2885  655.00000  759.80420  16.0%   640 1872s
  6665  6569  736.90570  237 2917  655.00000  759.68318  16.0%   640 1876s
  6667  6571  759.55241   22 2918  655.00000  759.55241  16.0%   640 1881s
  6669  6572  750.66678  117 2943  655.00000  759.48918  16.0%   640 1885s
  6671  6573  707.72737  687 2862  655.00000  759.11637  15.9%   639 1896s
  6673  6575  684.04919  980 2945  655.00000  758.87628  15.9%   639 1902s
  6675  6576  690.55241  910 2984  655.00000  758.80500  15.8%   639 1905s
  6678  6578  722.71807  307 2832  655.00000  758.37495  15.8%   639 1918s
  6679  6579  694.19155  811 2945  655.00000  758.18084  15.8%   639 1922s
  6680  6579  709.25489  635 2945  655.00000  758.08264  15.7%   639 1926s
  6682  6581  757.94814   30 2972  655.00000  757.94814  15.7%   638 1931s
  6684  6582  708.67598  642 3048  655.00000  757.90110  15.7%   638 1935s
  6686  6583  757.58268   10 2869  655.00000  757.58268  15.7%   638 1945s
  6687  6584  732.13826  232 2934  655.00000  757.38819  15.6%   638 1950s
  6689  6585  730.78032  360 3029  655.00000  757.19880  15.6%   638 1957s
  6691  6587  681.35398  945 3033  655.00000  757.12789  15.6%   638 1961s
  6693  6588  709.57410  437 2909  655.00000  756.86343  15.6%   637 1971s
  6694  6589  729.83803  365 2957  655.00000  756.71317  15.5%   637 1976s
  6696  6590  716.17903  483 2994  655.00000  756.58090  15.5%   637 1982s
  6698  6591  698.64884  788 3039  655.00000  756.53482  15.5%   637 1985s
  6701  6593  708.54364  657 2938  655.00000  756.26705  15.5%   637 1995s
  6702  6594  756.14194   18 2973  655.00000  756.14194  15.4%   637 2000s
  6704  6595  678.85046  975 3043  655.00000  756.05222  15.4%   636 2005s
  6707  6597  696.90363  824 2980  655.00000  755.80194  15.4%   636 2015s
  6708  6598  692.09051  777 3067  655.00000  755.66442  15.4%   636 2020s
  6710  6599  717.09763  358 3059  655.00000  755.53696  15.3%   636 2026s
  6712  6601  713.31230  388 3118  655.00000  755.48772  15.3%   636 2030s
  6714  6602  724.32606  284 2996  655.00000  755.30191  15.3%   635 2038s
  6715  6603  737.36082  247 2995  655.00000  755.20813  15.3%   635 2042s
  6717  6604  699.40763  719 2993  655.00000  755.12792  15.3%   635 2047s
  6719  6605  693.02622  829 3083  655.00000  755.09056  15.3%   635 2050s
  6721  6607  709.34486  630 2978  655.00000  754.88572  15.2%   635 2059s
  6722  6607  714.28350  347 3022  655.00000  754.79645  15.2%   635 2062s
  6723  6608  694.17258  809 2996  655.00000  754.73360  15.2%   635 2065s
  6725  6609  739.32246  183 3032  655.00000  754.66315  15.2%   634 2070s
  6728  6611  718.42465  346 3019  655.00000  754.46289  15.2%   634 2080s
  6730  6613  740.30462  235 3023  655.00000  754.30946  15.2%   634 2087s
  6731  6613  722.42854  335 3017  655.00000  754.27605  15.2%   634 2090s
  6734  6615  731.39823  252 2906  655.00000  754.08385  15.1%   634 2101s
  6735  6616  738.38057  193 2979  655.00000  753.98733  15.1%   633 2105s
  6737  6617  726.96539  313 3064  655.00000  753.88946  15.1%   633 2112s
  6739  6619  671.61334 1059 3086  655.00000  753.84009  15.1%   633 2116s
  6741  6620  738.09741  188 2936  655.00000  753.69473  15.1%   633 2125s
  6744  6622  745.36070  154 2986  655.00000  753.59170  15.1%   633 2131s
  6745  6623  697.30344  749 2929  655.00000  753.45918  15.0%   632 2136s
  6746  6623  750.66678  117 2975  655.00000  753.37787  15.0%   632 2140s
  6748  6625  709.13946  610 3015  655.00000  753.29431  15.0%   632 2145s
  6751  6627  753.22484  124 3079  655.00000  753.22484  15.0%   632 2150s
  6752  6627  694.03234  816 2947  655.00000  753.04244  15.0%   632 2157s
  6753  6628  752.62375   92 2943  655.00000  752.97207  15.0%   632 2160s
  6756  6630  710.78206  358 3024  655.00000  752.89515  14.9%   631 2166s
  6757  6631  746.88250  168 2890  655.00000  752.76156  14.9%   631 2172s
  6758  6631  709.62495  597 3014  655.00000  752.65645  14.9%   631 2176s
  6760  6633  711.21216  580 3083  655.00000  752.58594  14.9%   631 2181s
  6763  6635  752.54329   40 3053  655.00000  752.54329  14.9%   631 2186s
  6764  6635  714.99285  495 2954  655.00000  752.41757  14.9%   631 2192s
  6765  6636  736.90570  237 2993  655.00000  752.34138  14.9%   631 2195s
  6767  6637  752.27323   22 3016  655.00000  752.27323  14.9%   630 2200s
  6770  6639  744.40021  142 3016  655.00000  752.14637  14.8%   630 2209s
  6771  6640  707.72737  687 3041  655.00000  752.09235  14.8%   630 2212s
  6772  6641  752.05966   30 3039  655.00000  752.05966  14.8%   630 2215s
  6775  6643  690.55241  910 2995  655.00000  751.92377  14.8%   630 2224s
  6776  6643  712.65813  397 3055  655.00000  751.86712  14.8%   630 2227s
  6778  6645  722.71807  307 3074  655.00000  751.81422  14.8%   629 2231s
  6781  6647  714.30299  503 3002  655.00000  751.70910  14.8%   629 2240s
  6783  6648  751.61347   22 3066  655.00000  751.61347  14.8%   629 2245s
  6785  6649  672.67385 1006 3064  655.00000  751.57243  14.7%   629 2250s
  6787  6651  732.13826  232 3044  655.00000  751.47766  14.7%   629 2257s
  6788  6651  695.43999  842 3059  655.00000  751.43418  14.7%   628 2260s
  6791  6653  681.35398  945 3057  655.00000  751.38070  14.7%   628 2266s
  6792  6654  698.00813  743 2975  655.00000  751.29396  14.7%   628 2271s
  6794  6655  729.83803  365 3038  655.00000  751.21710  14.7%   628 2277s
  6796  6657  716.17903  483 2985  655.00000  751.11985  14.7%   628 2284s
  6797  6657  678.19558 1025 3090  655.00000  751.06334  14.7%   628 2287s
  6798  6658  698.64884  788 3072  655.00000  751.03390  14.7%   628 2290s
  6801  6660  708.54364  657 3100  655.00000  750.96957  14.7%   627 2296s
  6802  6661  750.84522   18 3021  655.00000  750.84522  14.6%   627 2302s
  6803  6661  721.21872  422 2994  655.00000  750.77168  14.6%   627 2305s
  6805  6663  692.83246  837 3070  655.00000  750.71639  14.6%   627 2310s
  6808  6665  692.09051  777 3042  655.00000  750.60088  14.6%   627 2319s
  6809  6665  750.54869   93 3046  655.00000  750.54869  14.6%   627 2322s
  6811  6667  715.13075  561 3054  655.00000  750.50616  14.6%   626 2326s
  6813  6668  750.44298   98 3006  655.00000  750.44298  14.6%   626 2333s
  6814  6669  724.32606  284 3079  655.00000  750.38105  14.6%   626 2336s
  6816  6670  730.42056  311 3081  655.00000  750.32527  14.6%   626 2341s
  6818  6671  731.99823  321 3010  655.00000  750.23963  14.5%   626 2348s
  6819  6672  693.02622  829 3017  655.00000  750.20528  14.5%   626 2351s
  6822  6674  714.28350  347 2992  655.00000  750.08323  14.5%   625 2360s
  6824  6675  750.00586   46 3019  655.00000  750.00586  14.5%   625 2365s
  6826  6677  726.75458  433 3035  655.00000  749.97556  14.5%   625 2370s
  6827  6677  725.43179  337 2990  655.00000  749.89940  14.5%   625 2375s
  6829  6679  689.27593  837 3030  655.00000  749.79685  14.5%   625 2381s
  6831  6680  722.42854  335 3123  655.00000  749.76051  14.5%   625 2385s
  6832  6681  749.69560   43 2999  655.00000  749.69560  14.5%   624 2390s
  6834  6682  731.39823  252 3014  655.00000  749.61393  14.4%   624 2396s
  6836  6683  673.29215  849 3102  655.00000  749.58241  14.4%   624 2400s
  6837  6684  726.96539  313 3087  655.00000  749.52881  14.4%   624 2405s
  6839  6685  671.61334 1059 3102  655.00000  749.46379  14.4%   624 2410s
  6841  6687  738.09741  188 3030  655.00000  749.39623  14.4%   624 2417s
  6842  6687  739.31315  177 2975  655.00000  749.35806  14.4%   624 2420s
  6845  6689  697.30344  749 3090  655.00000  749.31168  14.4%   623 2426s
  6846  6690  749.27201  117 2998  655.00000  749.27201  14.4%   623 2431s
  6851  6694  749.27201  124 1050  655.00000  749.27201  14.4%   687 2437s
  6852  6695  694.03234  816 1239  655.00000  749.27201  14.4%   687 2442s
  6853  6696  749.27201   92 1413  655.00000  749.27201  14.4%   687 2445s
  6854  6696  749.27201  134 1579  655.00000  749.27201  14.4%   687 2450s
  6855  6697  739.70037  164 1671  655.00000  749.27201  14.4%   687 2455s
  6856  6698  710.78206  358 1789  655.00000  749.27201  14.4%   687 2461s
  6857  6698  746.88250  168 1977  655.00000  749.27201  14.4%   687 2468s
  6858  6699  709.62495  597 2218  655.00000  749.27201  14.4%   686 2475s
  6859  6700  705.53931  480 2301  655.00000  749.27201  14.4%   686 2483s
  6860  6700  711.21216  580 2482  655.00000  749.27201  14.4%   686 2490s
  6861  6701  726.22787  305 2571  655.00000  749.27201  14.4%   686 2496s
  6862  6702  745.25622  167 2754  655.00000  749.27201  14.4%   686 2501s
  6863  6702  749.27201   40 2717  655.00000  749.27201  14.4%   686 2505s
  6866  6704  749.27201   90 2896  655.00000  749.27201  14.4%   686 2511s
  6867  6705  749.21243   22 2982  655.00000  749.21243  14.4%   686 2517s
  6869  6706  749.17136  117 2970  655.00000  749.17136  14.4%   685 2521s
  6870  6707  744.40021  142 2958  655.00000  749.06687  14.4%   685 2529s
  6871  6708  707.72737  687 2900  655.00000  749.01831  14.4%   685 2532s
  6873  6709  684.04919  980 2935  655.00000  748.97909  14.3%   685 2536s
  6874  6710  748.91562   84 2892  655.00000  748.91562  14.3%   685 2542s
  6876  6711  712.65813  397 2985  655.00000  748.86326  14.3%   685 2546s
  6878  6712  722.71807  307 2889  655.00000  748.77436  14.3%   684 2556s
  6880  6714  709.25489  635 2998  655.00000  748.70134  14.3%   684 2561s
  6882  6715  748.66723   30 2971  655.00000  748.66723  14.3%   684 2567s
  6883  6716  748.61998   22 3010  655.00000  748.61998  14.3%   684 2574s
  6884  6716  708.67598  642 3008  655.00000  748.61998  14.3%   684 2576s
  6885  6717  672.67385 1006 3008  655.00000  748.61982  14.3%   684 2589s
  6886  6721  748.53422   21 2839  655.00000  748.61758  14.3%   695 2612s
  6888  6724  748.50524   22 2899  655.00000  748.50524  14.3%   696 2685s
  6892  6729  748.43945   23 3020  655.00000  748.43945  14.3%   704 2759s
  6898  6733  748.39824   24 3069  655.00000  748.39824  14.3%   718 2800s
  6904  6737  732.70655   24 2878  655.00000  748.39819  14.3%   731 2819s
  6910  6741  748.18948   25 2994  655.00000  748.39808  14.3%   734 2830s
  6916  6746  747.97835   25 2989  655.00000  748.18946  14.2%   736 2845s
  6923  6752  748.12407   26 2978  655.00000  748.18946  14.2%   740 2872s
  6932  6759  744.72499   26 2774  655.00000  748.12405  14.2%   749 2891s
  6942  6767  748.12006   27 2961  655.00000  748.12006  14.2%   752 2912s
  6953  6771  748.02394   28 2919  655.00000  748.12000  14.2%   755 2924s
  6961  6779  747.62519   28 2842  655.00000  748.02394  14.2%   759 2940s
  6971  6787  747.88287   29 2904  655.00000  748.02394  14.2%   762 2987s
  6983  6798  748.01579   29 2914  655.00000  748.01579  14.2%   767 3030s
  6998  6805  748.00790   31 2877  655.00000  748.00790  14.2%   774 3051s
H 7000  6468                     656.0000000  748.00781  14.0%   775 3051s
  7012  6482  747.96788   32 2901  656.00000  747.97832  14.0%   779 3066s
  7030  6492  747.91845   33 2885  656.00000  747.97832  14.0%   781 3085s
  7046  6497  747.79087   35 2832  656.00000  747.97832  14.0%   785 3100s
  7057  6505  747.67022   35 2806  656.00000  747.97832  14.0%   789 3125s
  7068  6511  747.78996   36 2841  656.00000  747.97832  14.0%   794 3143s
  7078  6521  747.72445   37 2785  656.00000  747.97832  14.0%   799 3173s
H 7085  6198                     657.0000000  747.97832  13.8%   800 3173s
  7091  6210  747.72389   38 2788  657.00000  747.97832  13.8%   805 3201s
  7105  6225  747.67497   39 2805  657.00000  747.97832  13.8%   814 3249s
  7124  6238  747.67089   40 2817  657.00000  747.97832  13.8%   820 3329s
  7144  6252  747.64623   42 2793  657.00000  747.97832  13.8%   830 3358s
  7164  6266  747.61585   44 2855  657.00000  747.97832  13.8%   836 3407s
  7185  6276  747.59797   46 2814  657.00000  747.97832  13.8%   848 3452s
  7202  6295  747.57386   47 2860  657.00000  747.97832  13.8%   855 3487s
  7229  6306  747.57049   50 2793  657.00000  747.97832  13.8%   861 3516s
  7249  6329  747.56886   51 2809  657.00000  747.97832  13.8%   867 3546s
  7278  6338  747.42563   54 2769  657.00000  747.97832  13.8%   874 3575s
  7297  6354  747.28237   55 2746  657.00000  747.97832  13.8%   880 3600s

Cutting planes:
  Gomory: 25
  Cover: 51
  Implied bound: 3
  MIR: 538
  StrongCG: 38
  Flow cover: 2155
  GUB cover: 579
  Zero half: 28
  RLT: 429
  Relax-and-lift: 6

Explored 7319 nodes (6591170 simplex iterations) in 3600.08 seconds
Thread count was 12 (of 12 available processors)

Solution count 10: 657 656 655 ... 648

Time limit reached
Best objective 6.570000000000e+02, best bound 7.470000000000e+02, gap 13.6986%
