
Gurobi 9.5.1 (linux64) logging started Wed Jun 29 07:29:55 2022

Set parameter LogFile to value "../results/logs/log_com-youtube.ungraph_20_20_2022_06_28_12_17.log"
Gurobi Optimizer version 9.5.1 build v9.5.1rc2 (linux64)
Thread count: 8 physical cores, 8 logical processors, using up to 8 threads
Optimize a model with 44667 rows, 2269780 columns and 2762253 nonzeros
Model fingerprint: 0xd05817b6
Variable types: 0 continuous, 2269780 integer (2269780 binary)
Coefficient statistics:
  Matrix range     [1e+00, 2e+01]
  Objective range  [1e+00, 1e+00]
  Bounds range     [1e+00, 1e+00]
  RHS range        [1e+00, 2e+01]
Found heuristic solution: objective 18890.000000
Presolve removed 2495 rows and 2139993 columns (presolve time = 5s) ...
Presolve removed 2495 rows and 2139993 columns
Presolve time: 5.34s
Presolved: 42172 rows, 129787 columns, 620305 nonzeros
Found heuristic solution: objective 18911.000000
Variable types: 0 continuous, 129787 integer (106628 binary)

Deterministic concurrent LP optimizer: primal and dual simplex
Showing first log only...


Root simplex log...

Iteration    Objective       Primal Inf.    Dual Inf.      Time
       0    1.8910000e+04   0.000000e+00   1.776750e+04      6s
Warning: Markowitz tolerance tightened to 0.03125
   16160    2.0246838e+04   0.000000e+00   3.153193e+08     10s
   17070    2.0824414e+04   0.000000e+00   7.668801e+06     15s
   17770    2.1193613e+04   0.000000e+00   3.315070e+07     20s
   18360    2.1463087e+04   0.000000e+00   4.073386e+07     26s
   18840    2.1694421e+04   0.000000e+00   4.067620e+06     30s
   19310    2.1945191e+04   0.000000e+00   6.037833e+06     36s
   19780    2.2148728e+04   0.000000e+00   1.843283e+06     42s
   20080    2.2370281e+04   0.000000e+00   1.008007e+07     46s
   20430    2.2637307e+04   0.000000e+00   2.260970e+06     50s
   20801    2.2858248e+04   0.000000e+00   3.002499e+06     55s
   21151    2.3037257e+04   0.000000e+00   1.951715e+06     60s
   21483    2.3196309e+04   0.000000e+00   4.023895e+08     66s
   21894    2.3376093e+04   0.000000e+00   1.960476e+07     73s
   22099    2.3451759e+04   0.000000e+00   3.602454e+08     76s
   22306    2.3571442e+04   0.000000e+00   2.846505e+05     80s
   22716    2.3773006e+04   0.000000e+00   8.942154e+07     88s
   22921    2.3848047e+04   0.000000e+00   2.539394e+06     92s
   23126    2.3951580e+04   0.000000e+00   7.768131e+07     96s
   23331    2.4034539e+04   0.000000e+00   9.952000e+02    101s
   23536    2.4109493e+04   0.000000e+00   1.161265e+07    106s
   23741    2.4176585e+04   0.000000e+00   5.182223e+07    111s
   23946    2.4251848e+04   0.000000e+00   1.740530e+07    116s
   24151    2.4323468e+04   0.000000e+00   1.365788e+07    121s
   24356    2.4406599e+04   0.000000e+00   2.116799e+03    126s
   24561    2.4471722e+04   0.000000e+00   1.184706e+03    132s
   24766    2.4521302e+04   0.000000e+00   5.318085e+03    138s
   24972    2.4586469e+04   0.000000e+00   5.744834e+02    145s
   25177    2.4622204e+04   0.000000e+00   9.285632e+03    151s
   25384    2.4674948e+04   0.000000e+00   1.983835e+02    159s
   25591    2.4713858e+04   0.000000e+00   5.282159e+01    165s
   25665    2.4721574e+04   0.000000e+00   0.000000e+00    169s
   25665    2.4721574e+04   0.000000e+00   8.075000e+01    170s
   25746    2.4721574e+04   0.000000e+00   0.000000e+00    171s
Extra simplex iterations after uncrush: 81
Concurrent spin time: 7.72s

Solved with primal simplex

Root relaxation: objective 2.472157e+04, 25746 iterations, 173.28 seconds (371.78 work units)
Total elapsed time = 180.60s

    Nodes    |    Current Node    |     Objective Bounds      |     Work
 Expl Unexpl |  Obj  Depth IntInf | Incumbent    BestBd   Gap | It/Node Time

     0     0 24721.5739    0 18903 18911.0000 24721.5739  30.7%     -  185s
     0     0 23560.2135    0 18546 18911.0000 23560.2135  24.6%     -  386s
H    0     0                    19059.000000 23560.2135  23.6%     -  446s
     0     0 22549.7355    0 18492 19059.0000 22549.7355  18.3%     -  514s
     0     0 21678.8388    0 18309 19059.0000 21678.8388  13.7%     -  624s
     0     0 21010.3435    0 18061 19059.0000 21010.3435  10.2%     -  677s
     0     0 20552.0164    0 17551 19059.0000 20552.0164  7.83%     -  728s
     0     0 20277.2401    0 16696 19059.0000 20277.2401  6.39%     -  775s
     0     0 20128.6904    0 15785 19059.0000 20128.6904  5.61%     -  815s
     0     0 20075.1248    0 14574 19059.0000 20075.1248  5.33%     -  851s
     0     0 20050.3303    0 13313 19059.0000 20050.3303  5.20%     -  881s
     0     0 20023.6897    0 11617 19059.0000 20023.6897  5.06%     -  912s
     0     0 20011.3262    0 9584 19059.0000 20011.3262  5.00%     -  943s
     0     0 20001.6671    0 8101 19059.0000 20001.6671  4.95%     -  955s
     0     0 19999.3174    0 7448 19059.0000 19999.3174  4.93%     -  961s
     0     0 19998.6415    0 6442 19059.0000 19998.6415  4.93%     -  965s
     0     0 19997.9521    0 6419 19059.0000 19997.9521  4.93%     -  968s
     0     0 19997.7422    0 6928 19059.0000 19997.7422  4.93%     -  970s
     0     0 19997.5933    0 6293 19059.0000 19997.5933  4.92%     -  972s
     0     0 19658.0360    0 8053 19059.0000 19658.0360  3.14%     - 1049s
     0     0 19549.7887    0 9112 19059.0000 19549.7887  2.58%     - 1065s
     0     0 19524.6759    0 8574 19059.0000 19524.6759  2.44%     - 1080s
     0     0 19511.2910    0 8572 19059.0000 19511.2910  2.37%     - 1108s
     0     0 19497.0317    0 8203 19059.0000 19497.0317  2.30%     - 1128s
     0     0 19485.9041    0 6889 19059.0000 19485.9041  2.24%     - 1168s
     0     0 19483.6378    0 7302 19059.0000 19483.6378  2.23%     - 1177s
     0     0 19445.0618    0 7493 19059.0000 19445.0618  2.03%     - 1275s
H    0     0                    19083.000000 19445.0618  1.90%     - 1449s
     0     0 19416.7734    0 9066 19083.0000 19416.7734  1.75%     - 1481s
     0     0 19403.8490    0 8571 19083.0000 19403.8490  1.68%     - 1517s
     0     0 19396.6492    0 9148 19083.0000 19396.6492  1.64%     - 1545s
     0     0 19391.7192    0 8658 19083.0000 19391.7192  1.62%     - 1573s
     0     0 19387.4476    0 8972 19083.0000 19387.4476  1.60%     - 1600s
     0     0 19377.0942    0 8973 19083.0000 19377.0942  1.54%     - 1752s
     0     0 19368.8890    0 9480 19083.0000 19368.8890  1.50%     - 1794s
     0     0 19363.4063    0 9571 19083.0000 19363.4063  1.47%     - 1826s
     0     0 19359.1962    0 9345 19083.0000 19359.1962  1.45%     - 1925s
     0     0 19354.3474    0 9911 19083.0000 19354.3474  1.42%     - 1960s
     0     0 19354.3474    0 9911 19083.0000 19354.3474  1.42%     - 1992s
H    0     0                    19088.000000 19348.9194  1.37%     - 2645s
     0     2 19348.9194    0 9911 19088.0000 19348.9194  1.37%     - 2646s
     1     4 19348.9194    1 9844 19088.0000 19348.9194  1.37%   440 2662s
     3     7 19348.9194    2 9514 19088.0000 19348.9194  1.37%  2593 2799s
     7    13 19346.3009    3 9720 19088.0000 19348.9194  1.37%  6948 3036s

Cutting planes:
  Lift-and-project: 14
  Cover: 693
  Implied bound: 1921
  MIR: 5840
  StrongCG: 440
  GUB cover: 2553
  Zero half: 49
  RLT: 7565
  Relax-and-lift: 13

Explored 14 nodes (258112 simplex iterations) in 3600.13 seconds (6979.31 work units)
Thread count was 8 (of 8 available processors)

Solution count 5: 19088 19083 19059 ... 18890

Time limit reached
Best objective 1.908800000000e+04, best bound 1.934600000000e+04, gap 1.3516%
