
Gurobi 9.1.2 (win64) logging started Wed Sep  1 02:08:38 2021

Changed value of parameter LogFile to ../results/logs/log_samuel_kroger_2021_09_01_02_08_35.csv_4_250.log
   Prev:   Default: 
Changed value of parameter method to 3
   Prev: -1  Min: -1  Max: 5  Default: -1
Gurobi Optimizer version 9.1.2 build v9.1.2rc0 (win64)
Thread count: 6 physical cores, 12 logical processors, using up to 12 threads
Optimize a model with 15828 rows, 46266 columns and 65319 nonzeros
Model fingerprint: 0xe6a3cd34
Variable types: 0 continuous, 46266 integer (46266 binary)
Coefficient statistics:
  Matrix range     [1e+00, 4e+00]
  Objective range  [1e+00, 1e+00]
  Bounds range     [1e+00, 1e+00]
  RHS range        [1e+00, 3e+02]
Found heuristic solution: objective -0.0000000
Presolve removed 14488 rows and 44240 columns
Presolve time: 0.05s
Presolved: 1340 rows, 2026 columns, 6445 nonzeros
Variable types: 0 continuous, 2026 integer (1759 binary)

Concurrent LP optimizer: primal simplex, dual simplex, and barrier
Showing barrier log only...

Root barrier log...

Ordering time: 0.00s

Barrier statistics:
 AA' NZ     : 3.825e+03
 Factor NZ  : 7.442e+03 (roughly 1 MByte of memory)
 Factor Ops : 6.197e+04 (less than 1 second per iteration)
 Threads    : 1

                  Objective                Residual
Iter       Primal          Dual         Primal    Dual     Compl     Time
   0   7.43291083e+03  6.50787244e+03  2.98e+03 3.29e+00  7.19e+01     0s
   1   3.26551507e+03  1.06312872e+04  1.38e+03 8.88e-15  3.34e+01     0s

Barrier performed 1 iterations in 0.08 seconds
Barrier solve interrupted - model solved by another algorithm


Solved with dual simplex

Root relaxation: objective 5.886383e+02, 447 iterations, 0.01 seconds

    Nodes    |    Current Node    |     Objective Bounds      |     Work
 Expl Unexpl |  Obj  Depth IntInf | Incumbent    BestBd   Gap | It/Node Time

     0     0  588.63826    0  402   -0.00000  588.63826      -     -    0s
H    0     0                     420.0000000  588.63826  40.2%     -    0s
H    0     0                     421.0000000  588.63826  39.8%     -    0s
H    0     0                     425.0000000  588.63826  38.5%     -    0s
H    0     0                     427.0000000  588.63826  37.9%     -    0s
H    0     0                     429.0000000  588.63826  37.2%     -    0s
H    0     0                     437.0000000  587.74937  34.5%     -    0s
     0     0  492.74987    0  177  437.00000  492.74987  12.8%     -    0s
H    0     0                     451.0000000  492.74987  9.26%     -    0s
H    0     0                     471.0000000  492.74987  4.62%     -    0s
     0     0  490.28629    0  173  471.00000  490.28629  4.09%     -    0s
     0     0  490.28629    0  177  471.00000  490.28629  4.09%     -    0s
H    0     0                     472.0000000  490.28629  3.87%     -    0s
     0     0  479.56468    0   58  472.00000  479.56468  1.60%     -    0s
H    0     0                     474.0000000  479.56468  1.17%     -    0s
     0     0  478.71368    0   49  474.00000  478.71368  0.99%     -    0s
     0     0  478.63013    0   55  474.00000  478.63013  0.98%     -    0s
H    0     0                     475.0000000  478.63013  0.76%     -    0s
     0     0  476.69444    0   23  475.00000  476.69444  0.36%     -    0s
     0     0  476.54487    0   30  475.00000  476.54487  0.33%     -    0s
     0     0  476.54487    0   27  475.00000  476.54487  0.33%     -    0s
     0     0  476.10294    0   23  475.00000  476.10294  0.23%     -    0s
     0     0  476.10294    0   72  475.00000  476.10294  0.23%     -    0s
     0     0  476.10294    0   40  475.00000  476.10294  0.23%     -    0s
     0     0 infeasible    0       475.00000  475.00000  0.00%     -    0s

Cutting planes:
  Gomory: 36
  Cover: 2
  Implied bound: 5
  Clique: 1
  MIR: 32
  StrongCG: 1
  GUB cover: 14
  Zero half: 2
  RLT: 3
  Relax-and-lift: 1

Explored 1 nodes (1978 simplex iterations) in 0.43 seconds
Thread count was 12 (of 12 available processors)

Solution count 10: 475 475 474 ... 425

Optimal solution found (tolerance 1.00e-04)
Best objective 4.750000000000e+02, best bound 4.750000000000e+02, gap 0.0000%

Gurobi 9.1.2 (win64) logging started Wed Sep  1 02:08:45 2021

Changed value of parameter LogFile to ../results/logs/log_samuel_kroger_2021_09_01_02_08_35.csv_4_250.log
   Prev:   Default: 
Changed value of parameter method to 3
   Prev: -1  Min: -1  Max: 5  Default: -1
Gurobi Optimizer version 9.1.2 build v9.1.2rc0 (win64)
Thread count: 6 physical cores, 12 logical processors, using up to 12 threads
Optimize a model with 7862 rows, 24016 columns and 33326 nonzeros
Model fingerprint: 0xa6b00d8b
Variable types: 0 continuous, 24016 integer (24016 binary)
Coefficient statistics:
  Matrix range     [1e+00, 4e+00]
  Objective range  [1e+00, 1e+00]
  Bounds range     [1e+00, 1e+00]
  RHS range        [1e+00, 3e+02]
Found heuristic solution: objective -0.0000000
Presolve removed 7118 rows and 22897 columns
Presolve time: 0.03s
Presolved: 744 rows, 1119 columns, 3554 nonzeros
Variable types: 0 continuous, 1119 integer (995 binary)

Concurrent LP optimizer: primal simplex, dual simplex, and barrier
Showing barrier log only...

Root barrier log...

Ordering time: 0.00s

Barrier statistics:
 AA' NZ     : 2.099e+03
 Factor NZ  : 4.050e+03 (roughly 1 MByte of memory)
 Factor Ops : 3.181e+04 (less than 1 second per iteration)
 Threads    : 1

                  Objective                Residual
Iter       Primal          Dual         Primal    Dual     Compl     Time
   0   3.54578259e+03  4.41260729e+03  1.29e+03 9.92e-01  6.64e+01     0s
   1   1.34129120e+03  7.49010471e+03  4.98e+02 8.88e-15  2.59e+01     0s
   2   1.60184156e+02  5.90372117e+03  2.12e+00 1.42e-14  2.03e+00     0s
   3   1.86278636e+02  1.72400343e+03  0.00e+00 7.99e-15  5.20e-01     0s
   4   2.76563474e+02  7.88730337e+02  0.00e+00 2.00e-15  1.73e-01     0s
   5   3.83477375e+02  5.27924067e+02  0.00e+00 1.11e-15  4.88e-02     0s

Barrier performed 5 iterations in 0.05 seconds
Barrier solve interrupted - model solved by another algorithm


Solved with primal simplex

Root relaxation: objective 4.458568e+02, 827 iterations, 0.01 seconds

    Nodes    |    Current Node    |     Objective Bounds      |     Work
 Expl Unexpl |  Obj  Depth IntInf | Incumbent    BestBd   Gap | It/Node Time

     0     0  445.85679    0  230   -0.00000  445.85679      -     -    0s
H    0     0                     377.0000000  445.85679  18.3%     -    0s
H    0     0                     383.0000000  445.05084  16.2%     -    0s
H    0     0                     386.0000000  445.05084  15.3%     -    0s
     0     0  394.34665    0   78  386.00000  394.34665  2.16%     -    0s
     0     0  392.77224    0   86  386.00000  392.77224  1.75%     -    0s
H    0     0                     387.0000000  392.77224  1.49%     -    0s
     0     0  389.46947    0   91  387.00000  389.46947  0.64%     -    0s
     0     0  388.30456    0   24  387.00000  388.30456  0.34%     -    0s
     0     0     cutoff    0       387.00000  387.00000  0.00%     -    0s

Cutting planes:
  Gomory: 89
  Cover: 8
  Implied bound: 7
  Clique: 1
  MIR: 75
  StrongCG: 7
  GUB cover: 92
  Zero half: 10
  RLT: 11
  Relax-and-lift: 3

Explored 1 nodes (1139 simplex iterations) in 0.12 seconds
Thread count was 12 (of 12 available processors)

Solution count 5: 387 386 383 ... -0

Optimal solution found (tolerance 1.00e-04)
Best objective 3.870000000000e+02, best bound 3.870000000000e+02, gap 0.0000%

Gurobi 9.1.2 (win64) logging started Wed Sep  1 04:26:02 2021

Changed value of parameter LogFile to ../results/logs/log_samuel_kroger_2021_09_01_02_08_35.csv_4_250.log
   Prev:   Default: 
Changed value of parameter method to 3
   Prev: -1  Min: -1  Max: 5  Default: -1
Gurobi Optimizer version 9.1.2 build v9.1.2rc0 (win64)
Thread count: 6 physical cores, 12 logical processors, using up to 12 threads
Optimize a model with 586438 rows, 1751426 columns and 2666598 nonzeros
Model fingerprint: 0xfa395eca
Variable types: 0 continuous, 1751426 integer (1751426 binary)
Coefficient statistics:
  Matrix range     [1e+00, 4e+00]
  Objective range  [1e+00, 1e+00]
  Bounds range     [1e+00, 1e+00]
  RHS range        [1e+00, 3e+02]
Found heuristic solution: objective -0.0000000
Presolve removed 529787 rows and 1665212 columns
Presolve time: 3.36s
Presolved: 56651 rows, 86214 columns, 288879 nonzeros
Found heuristic solution: objective 383.0000000
Variable types: 0 continuous, 86214 integer (70760 binary)

Concurrent LP optimizer: primal simplex, dual simplex, and barrier
Showing barrier log only...

Root barrier log...

Ordering time: 0.01s

Barrier statistics:
 AA' NZ     : 1.990e+05
 Factor NZ  : 3.983e+05 (roughly 60 MBytes of memory)
 Factor Ops : 4.230e+06 (less than 1 second per iteration)
 Threads    : 4

                  Objective                Residual
Iter       Primal          Dual         Primal    Dual     Compl     Time
   0   4.19026303e+05  8.00161200e+05  1.68e+05 7.67e+00  2.28e+02     5s
   1   2.01675688e+05  1.20078915e+06  8.10e+04 9.31e-01  1.11e+02     5s
   2   2.36266784e+04  9.98024566e+05  5.41e+03 1.85e-02  1.08e+01     5s
   3   1.37156314e+04  5.25460676e+05  1.45e+03 2.13e-14  3.70e+00     5s
   4   1.14081276e+04  3.93380401e+05  6.59e+02 1.78e-14  2.33e+00     5s
   5   9.65439755e+03  2.70645547e+05  3.05e+02 2.84e-14  1.45e+00     5s
   6   8.82126142e+03  1.87622738e+05  1.93e+02 3.15e-14  9.78e-01     5s
   7   7.95729780e+03  1.11247650e+05  1.02e+02 3.60e-14  5.55e-01     5s
   8   7.46676120e+03  5.21606043e+04  1.87e+01 3.06e-14  2.14e-01     5s
   9   8.13501772e+03  2.64943621e+04  4.35e+00 2.44e-14  8.38e-02     5s
  10   8.99240253e+03  2.04978772e+04  1.08e+00 2.34e-14  5.16e-02     5s
  11   9.40706424e+03  1.45877632e+04  4.08e-01 2.03e-14  2.31e-02     5s
  12   9.64065046e+03  1.24800570e+04  2.42e-01 2.00e-14  1.27e-02     5s
  13   9.79290226e+03  1.12342558e+04  1.54e-01 1.38e-14  6.44e-03     5s
  14   9.92672822e+03  1.07571836e+04  8.95e-02 1.17e-14  3.71e-03     5s
  15   1.00011855e+04  1.05354115e+04  5.56e-02 9.50e-15  2.39e-03     5s
  16   1.00372004e+04  1.03656523e+04  4.01e-02 1.08e-14  1.47e-03     5s
  17   1.00754981e+04  1.02862322e+04  2.42e-02 1.10e-14  9.42e-04     5s
  18   1.00877931e+04  1.02288966e+04  1.91e-02 1.04e-14  6.31e-04     5s
  19   1.00944137e+04  1.02115318e+04  1.65e-02 8.10e-15  5.24e-04     5s
  20   1.01044063e+04  1.02074607e+04  1.25e-02 1.35e-14  4.61e-04     5s
  21   1.01137941e+04  1.01758117e+04  8.90e-03 1.28e-14  2.78e-04     5s
  22   1.01196779e+04  1.01643210e+04  6.46e-03 7.46e-15  2.00e-04     5s
  23   1.01236160e+04  1.01579072e+04  4.93e-03 6.96e-15  1.53e-04     5s
  24   1.01291672e+04  1.01502637e+04  2.86e-03 9.47e-15  9.44e-05     6s
  25   1.01307359e+04  1.01490354e+04  2.25e-03 7.70e-15  8.18e-05     6s
  26   1.01325073e+04  1.01440130e+04  1.57e-03 1.17e-14  5.15e-05     6s
  27   1.01366294e+04  1.01372728e+04  6.14e-05 1.13e-14  2.87e-06     6s
  28   1.01366642e+04  1.01369968e+04  5.35e-05 1.10e-14  1.49e-06     6s
  29   1.01368758e+04  1.01368963e+04  4.63e-06 1.16e-14  9.18e-08     6s
  30   1.01368930e+04  1.01368961e+04  6.76e-07 1.21e-14  1.40e-08     6s
  31   1.01368959e+04  1.01368960e+04  3.97e-08 1.15e-14  7.32e-10     6s
  32   1.01368960e+04  1.01368960e+04  2.57e-08 1.10e-14  3.29e-13     6s

Barrier solved model in 32 iterations and 5.88 seconds
Optimal objective 1.01368960e+04


Root crossover log...

   21474 DPushes remaining with DInf 0.0000000e+00                 6s
       0 DPushes remaining with DInf 0.0000000e+00                 6s

     183 PPushes remaining with PInf 0.0000000e+00                 6s
       0 PPushes remaining with PInf 0.0000000e+00                 6s

  Push phase complete: Pinf 0.0000000e+00, Dinf 5.6247784e-12      6s


Root simplex log...

Iteration    Objective       Primal Inf.    Dual Inf.      Time
   17939    1.0136896e+04   0.000000e+00   0.000000e+00      6s
   18016    1.0136896e+04   0.000000e+00   0.000000e+00      6s
Extra simplex iterations after uncrush: 77

Solved with barrier

Root relaxation: objective 1.013690e+04, 18016 iterations, 2.11 seconds

    Nodes    |    Current Node    |     Objective Bounds      |     Work
 Expl Unexpl |  Obj  Depth IntInf | Incumbent    BestBd   Gap | It/Node Time

     0     0 10136.8960    0 13406  383.00000 10136.8960  2547%     -    9s
H    0     0                     444.0000000 10136.8960  2183%     -   10s
     0     0 6156.95144    0 10276  444.00000 6156.95144  1287%     -   15s
H    0     0                    1100.0000000 6156.95144   460%     -   17s
     0     0 3775.24004    0 6741 1100.00000 3775.24004   243%     -   21s
     0     0 2998.26356    0 4662 1100.00000 2998.26356   173%     -   25s
     0     0 2890.47028    0 4449 1100.00000 2890.47028   163%     -   27s
     0     0 2869.63097    0 4431 1100.00000 2869.63097   161%     -   28s
     0     0 2868.75575    0 4433 1100.00000 2868.75575   161%     -   28s
     0     0 2868.56633    0 4433 1100.00000 2868.56633   161%     -   29s
     0     0 2386.30494    0 2926 1100.00000 2386.30494   117%     -   31s
H    0     0                    1105.0000000 2386.30494   116%     -   32s
     0     0 2303.76832    0 2460 1105.00000 2303.76832   108%     -   33s
     0     0 2292.09045    0 2446 1105.00000 2292.09045   107%     -   34s
     0     0 2290.61357    0 2439 1105.00000 2290.61357   107%     -   34s
     0     0 2168.51367    0 2058 1105.00000 2168.51367  96.2%     -   36s
H    0     0                    1801.0000000 2168.51367  20.4%     -   37s
H    0     0                    1823.0000000 2168.51367  19.0%     -   38s
     0     0 2146.38536    0 1938 1823.00000 2146.38536  17.7%     -   38s
     0     0 2142.52123    0 1951 1823.00000 2142.52123  17.5%     -   39s
     0     0 2048.45512    0 1263 1823.00000 2048.45512  12.4%     -   43s
H    0     0                    1888.0000000 2048.45512  8.50%     -   43s
     0     0 2027.44222    0 1156 1888.00000 2027.44222  7.39%     -   44s
     0     0 2024.80635    0 1106 1888.00000 2024.80635  7.25%     -   45s
     0     0 2004.94326    0  984 1888.00000 2004.94326  6.19%     -   46s
H    0     0                    1908.0000000 2004.94326  5.08%     -   46s
H    0     0                    1911.0000000 2004.94326  4.92%     -   47s
     0     0 2003.12990    0  991 1911.00000 2003.12990  4.82%     -   48s
     0     0 1993.85679    0  945 1911.00000 1993.85679  4.34%     -   49s
     0     0 1993.85679    0  917 1911.00000 1993.85679  4.34%     -   76s
H    0     0                    1916.0000000 1993.85679  4.06%     -   81s
     0     2 1992.35679    0  896 1916.00000 1992.35679  3.99%     -   92s
     3     8 1991.65242    2  921 1916.00000 1991.65242  3.95%   950   99s
     7    14 1989.91910    3  926 1916.00000 1991.50894  3.94%   473  101s
H   31    38                    1920.0000000 1988.98012  3.59%   150  105s
H   32    38                    1921.0000000 1988.98012  3.54%   147  105s
    73    80 1983.34446   14  883 1921.00000 1988.98012  3.54%  75.9  110s
    97   104 1981.06946   17  908 1921.00000 1988.98012  3.54%  64.5  115s
H  144   151                    1922.0000000 1988.98012  3.48%  49.3  124s
   150   163 1973.88165   26  883 1922.00000 1988.98012  3.48%  48.4  125s
   186   193 1971.18017   32  849 1922.00000 1988.98012  3.48%  41.5  130s
   216   225 1966.89132   37  836 1922.00000 1988.98012  3.48%  37.7  135s
   261   276 1963.91375   45  795 1922.00000 1988.98012  3.48%  34.0  140s
   303   310 1962.00264   51  775 1922.00000 1988.98012  3.48%  31.9  150s
   343   362 1958.80532   57  745 1922.00000 1988.98012  3.48%  29.4  155s
   396   414 1956.06934   64  693 1922.00000 1988.98012  3.48%  27.5  162s
H  397   414                    1924.0000000 1988.98012  3.38%  27.5  163s
   461   486 1952.75135   74  643 1924.00000 1988.98012  3.38%  25.0  165s
   500   527 1949.80606   79  641 1924.00000 1988.98012  3.38%  23.4  170s
   580   607 1945.17419   92  584 1924.00000 1988.98012  3.38%  21.0  176s
   638   663 1940.18491  102  531 1924.00000 1988.98012  3.38%  20.7  180s
   670   690 1938.23332  106  524 1924.00000 1988.98012  3.38%  20.4  186s
   732   750 1931.54959  116  492 1924.00000 1988.98012  3.38%  19.7  191s
   766   768 1930.72989  121  482 1924.00000 1988.98012  3.38%  20.1  195s
   835   822 1956.51358   49  718 1924.00000 1988.98012  3.38%  21.8  202s
   872   833 1937.91431   55  613 1924.00000 1988.98012  3.38%  22.5  214s
   892   864 1934.70976   58  580 1924.00000 1988.98012  3.38%  22.8  217s
   933   885 1928.73119   63  547 1924.00000 1988.98012  3.38%  23.3  228s
   965   919 1927.12132   67  534 1924.00000 1988.98012  3.38%  23.8  230s
  1054   981 1977.58028   12  857 1924.00000 1986.64431  3.26%  25.1  247s
  1073  1032 1974.77076   14  842 1924.00000 1986.64431  3.26%  25.7  250s
  1124  1077 1970.56597   22  815 1924.00000 1986.64431  3.26%  26.1  257s
  1226  1184 1962.16500   39  766 1924.00000 1986.64431  3.26%  26.2  266s
  1277  1185 1957.26164   63  917 1924.00000 1986.64431  3.26%  26.0  291s
  1279  1186 1979.80856    9 13014 1924.00000 1986.64431  3.26%  25.9  302s
  1280  1187 1944.99399   81 9682 1924.00000 1986.64431  3.26%  25.9  309s
  1281  1188 1951.63784   67 6026 1924.00000 1986.64431  3.26%  25.9  314s
  1282  1188 1971.50527   14 3657 1924.00000 1986.64431  3.26%  25.9  319s
  1283  1189 1926.91664  120 1863 1924.00000 1986.64431  3.26%  25.9  321s
  1289  1193 1941.87170   86  976 1924.00000 1986.64431  3.26%  25.7  325s
  1291  1194 1929.86261  115  595 1924.00000 1964.02561  2.08%  25.7  330s
  1297  1198 1946.04449   75  421 1924.00000 1946.04449  1.15%  25.6  336s
  1303  1202 1936.91493   54  229 1924.00000 1936.91493  0.67%  25.5  341s
  1307  1205 1931.68162   72  201 1924.00000 1931.68162  0.40%  25.4  348s
  1311  1208 1928.81073  105  222 1924.00000 1928.81073  0.25%  25.3  350s
  1316  1212 1927.49798  107 4549 1924.00000 1927.49798  0.18%  68.0  356s
  1317  1213 1927.49798   36 3331 1924.00000 1927.49798  0.18%  68.0  364s
  1318  1214 1927.49798   12 2251 1924.00000 1927.49798  0.18%  67.9  365s

Cutting planes:
  Gomory: 234
  Cover: 140
  Implied bound: 45
  Clique: 30
  MIR: 1056
  StrongCG: 66
  Flow cover: 709
  GUB cover: 2165
  Zero half: 384
  Network: 1
  RLT: 223
  Relax-and-lift: 40

Explored 1327 nodes (149177 simplex iterations) in 367.42 seconds
Thread count was 12 (of 12 available processors)

Solution count 10: 1924 1924 1922 ... 1823

Optimal solution found (tolerance 1.00e-04)
Best objective 1.924000000000e+03, best bound 1.924000000000e+03, gap 0.0000%
