
Gurobi 9.5.1 (linux64) logging started Sun Jul  3 22:57:22 2022

Set parameter LogFile to value "../results/logs/log_Gowalla_edges_20_20_2022_07_03_20_56.log"
Gurobi Optimizer version 9.5.1 build v9.5.1rc2 (linux64)
Thread count: 8 physical cores, 8 logical processors, using up to 8 threads
Optimize a model with 40913 rows, 393182 columns and 995489 nonzeros
Model fingerprint: 0xbdf117f2
Variable types: 0 continuous, 393182 integer (393182 binary)
Coefficient statistics:
  Matrix range     [1e+00, 2e+01]
  Objective range  [1e+00, 1e+00]
  Bounds range     [1e+00, 1e+00]
  RHS range        [1e+00, 2e+01]
Found heuristic solution: objective 8161.0000000
Presolve removed 502 rows and 325843 columns
Presolve time: 2.63s
Presolved: 40411 rows, 67339 columns, 459118 nonzeros
Found heuristic solution: objective 8164.0000000
Variable types: 0 continuous, 67339 integer (58465 binary)

Deterministic concurrent LP optimizer: primal and dual simplex
Showing first log only...

Warning: Markowitz tolerance tightened to 0.03125

Root simplex log...

Iteration    Objective       Primal Inf.    Dual Inf.      Time
    9057    9.4447267e+03   0.000000e+00   1.516884e+12      5s
Warning: Markowitz tolerance tightened to 0.125
   11410    1.0559967e+04   0.000000e+00   2.138845e+06     10s
   12622    1.1151934e+04   0.000000e+00   1.562470e+07     15s
   13811    1.1615825e+04   0.000000e+00   3.161633e+07     20s
   14734    1.2026542e+04   0.000000e+00   6.404487e+03     25s
   15557    1.2391046e+04   0.000000e+00   4.540788e+05     31s
   16365    1.2692271e+04   0.000000e+00   1.101467e+05     36s
   16518    1.2758510e+04   0.000000e+00   0.000000e+00     38s
Concurrent spin time: 1.91s

Solved with primal simplex

Root relaxation: objective 1.275851e+04, 16518 iterations, 36.71 seconds (62.41 work units)

    Nodes    |    Current Node    |     Objective Bounds      |     Work
 Expl Unexpl |  Obj  Depth IntInf | Incumbent    BestBd   Gap | It/Node Time

     0     0 12758.5095    0 8746 8164.00000 12758.5095  56.3%     -   48s
H    0     0                    8209.0000000 12758.5095  55.4%     -   48s
H    0     0                    8292.0000000 12758.5095  53.9%     -   72s
     0     0 11896.8155    0 8470 8292.00000 11896.8155  43.5%     -   86s
H    0     0                    8313.0000000 11896.8155  43.1%     -   93s
H    0     0                    8323.0000000 11124.1008  33.7%     -  111s
     0     0 11124.1008    0 8435 8323.00000 11124.1008  33.7%     -  111s
     0     0 9871.14469    0 8285 8323.00000 9871.14469  18.6%     -  149s
     0     0 9750.49937    0 7983 8323.00000 9750.49937  17.2%     -  163s
     0     0 9691.46840    0 7369 8323.00000 9691.46840  16.4%     -  177s
     0     0 9375.55666    0 6439 8323.00000 9375.55666  12.6%     -  188s
     0     0 9375.55666    0 5193 8323.00000 9375.55666  12.6%     -  196s
H    0     0                    8388.0000000 9375.55666  11.8%     -  202s
     0     0 9375.37786    0 4537 8388.00000 9375.37786  11.8%     -  202s
     0     0 9375.37786    0 4048 8388.00000 9375.37786  11.8%     -  206s
     0     0 9375.37786    0 3837 8388.00000 9375.37786  11.8%     -  207s
     0     0 9375.37786    0 3714 8388.00000 9375.37786  11.8%     -  209s
     0     0 9375.37786    0 3367 8388.00000 9375.37786  11.8%     -  209s
     0     0 9328.86135    0 4146 8388.00000 9328.86135  11.2%     -  226s
H    0     0                    8395.0000000 9116.75845  8.60%     -  246s
     0     0 9116.75845    0 4335 8395.00000 9116.75845  8.60%     -  246s
H    0     0                    8397.0000000 9062.96370  7.93%     -  257s
H    0     0                    8400.0000000 9062.96370  7.89%     -  257s
     0     0 9062.96370    0 4923 8400.00000 9062.96370  7.89%     -  257s
H    0     0                    8402.0000000 9037.55117  7.56%     -  275s
     0     0 9037.55117    0 4507 8402.00000 9037.55117  7.56%     -  275s
     0     0 9019.67019    0 4580 8402.00000 9019.67019  7.35%     -  289s
H    0     0                    8404.0000000 9010.43774  7.22%     -  301s
     0     0 9010.43774    0 4427 8404.00000 9010.43774  7.22%     -  301s
     0     0 9008.41390    0 4340 8404.00000 9008.41390  7.19%     -  306s
     0     0 8930.88481    0 4428 8404.00000 8930.88481  6.27%     -  354s
H    0     0                    8411.0000000 8930.88481  6.18%     -  381s
     0     0 8897.79883    0 4712 8411.00000 8897.79883  5.79%     -  416s
     0     0 8882.04789    0 5156 8411.00000 8882.04789  5.60%     -  434s
     0     0 8872.49654    0 5104 8411.00000 8872.49654  5.49%     -  454s
     0     0 8860.23350    0 4559 8411.00000 8860.23350  5.34%     -  467s
     0     0 8854.58009    0 4952 8411.00000 8854.58009  5.27%     -  477s
     0     0 8852.52041    0 4762 8411.00000 8852.52041  5.25%     -  485s
     0     0 8834.34957    0 5080 8411.00000 8834.34957  5.03%     -  532s
     0     0 8823.72602    0 5614 8411.00000 8823.72602  4.91%     -  547s
     0     0 8817.71252    0 5693 8411.00000 8817.71252  4.84%     -  560s
     0     0 8814.08278    0 5453 8411.00000 8814.08278  4.79%     -  572s
     0     0 8811.47983    0 5371 8411.00000 8811.47983  4.76%     -  583s
     0     0 8802.50095    0 5267 8411.00000 8802.50095  4.65%     -  599s
H    0     0                    8435.0000000 8802.50095  4.36%     -  638s
     0     0 8797.78031    0 6071 8435.00000 8797.78031  4.30%     -  658s
     0     0 8794.99894    0 5903 8435.00000 8794.99894  4.27%     -  700s
     0     0 8789.61372    0 6296 8435.00000 8789.61372  4.20%     -  719s
     0     0 8789.61372    0 6296 8435.00000 8789.61372  4.20%     -  729s
H    0     0                    8441.0000000 8786.95538  4.10%     -  838s
     0     2 8786.95538    0 6296 8441.00000 8786.95538  4.10%     -  839s
     1     4 8786.95538    1 6268 8441.00000 8786.95538  4.10%  61.0  842s
     3     8 8784.95584    2 6439 8441.00000 8786.95538  4.10%  1657  891s
     7    16 8779.25865    3 6821 8441.00000 8784.93797  4.07%  5155  970s
    15    24 8776.88732    4 6916 8441.00000 8779.15476  4.01%  6369 1055s
    23    32 8776.86978    5 6872 8441.00000 8779.15476  4.01%  7481 1141s
H   31    40                    8442.0000000 8779.15476  3.99%  6302 1197s
    39    48 8776.60586    7 6982 8442.00000 8779.15476  3.99%  5082 1201s
    47    63 8776.60385    8 6977 8442.00000 8779.15476  3.99%  4259 1236s
    62    78 8776.46389   10 6998 8442.00000 8779.15476  3.99%  3417 1243s
    77    93 8776.37936   12 6987 8442.00000 8779.15476  3.99%  2811 1253s
    92   116 8776.00474   14 6987 8442.00000 8779.15476  3.99%  2433 1260s
   115   131 8773.24922   17 6851 8442.00000 8779.15476  3.99%  1997 1270s
   130   142 8775.07118   17 7016 8442.00000 8779.15476  3.99%  1814 1279s
   141   163 8774.95036   19 7028 8442.00000 8779.15476  3.99%  1724 1291s
   162   179 8774.76918   22 7047 8442.00000 8779.15476  3.99%  1553 1322s
   178   195 8774.57726   23 7104 8442.00000 8779.15476  3.99%  1516 1338s
   194   212 8713.70013   23 6174 8442.00000 8779.15476  3.99%  1469 1374s
   211   235 8773.19398   24 7058 8442.00000 8779.15476  3.99%  1429 1438s
   234   252 8773.25558   24 7051 8442.00000 8779.15476  3.99%  1402 1485s
   253   272 8766.94906   26 6791 8442.00000 8779.15476  3.99%  1382 1524s
   273   296 8772.82718   26 7086 8442.00000 8779.15476  3.99%  1347 1628s
   298   316 8770.58423   29 7011 8442.00000 8779.15476  3.99%  1330 1689s
H  300   316                    8445.0000000 8779.15476  3.96%  1321 1689s
   322   324 8768.92108   32 6986 8445.00000 8779.15476  3.96%  1274 1733s
   330   351 8767.92768   33 7061 8445.00000 8779.15476  3.96%  1333 1776s
   359   376 8766.24178   36 7150 8445.00000 8779.15476  3.96%  1301 1804s
   384   412 8747.45782   38 6827 8445.00000 8779.15476  3.96%  1276 1867s
   422   462 8762.20684   39 7242 8445.00000 8779.15476  3.96%  1229 1918s
   476   486 8761.46559   40 7219 8445.00000 8779.15476  3.96%  1146 1955s
   504   494 8760.56342   41 7324 8445.00000 8779.15476  3.96%  1140 2002s
   512   544 8759.76659   42 7306 8445.00000 8779.15476  3.96%  1158 2033s
   562   552 8758.54239   47 7259 8445.00000 8779.15476  3.96%  1096 2820s
   570   567 8758.12057   48 7246 8445.00000 8779.15476  3.96%  1086 2851s
   585   606 8757.69794   49 7286 8445.00000 8779.15476  3.96%  1075 2890s
   624   655 8755.05951   54 7297 8445.00000 8779.15476  3.96%  1050 2934s
   673   700 8753.39735   58 7276 8445.00000 8779.15476  3.96%  1017 2986s
   719   751 8748.80125   61 7300 8445.00000 8779.15476  3.96%  1000 3027s
   770   772 8742.08239   67 7239 8445.00000 8779.15476  3.96%   976 3063s
   791   811 8737.93943   72 7216 8445.00000 8779.15476  3.96%   975 3101s
   830   884 8732.18797   75 7101 8445.00000 8779.15476  3.96%   967 3143s
   903   937 8728.28883   87 6970 8445.00000 8779.15476  3.96%   925 3192s
   956   977 8727.77450   93 7071 8445.00000 8779.15476  3.96%   902 3236s
   996  1015 8725.92589   94 7016 8445.00000 8779.15476  3.96%   901 3327s
  1034  1075 8723.61943   98 7036 8445.00000 8779.15476  3.96%   908 3380s
  1094  1103 8721.44040  105 6924 8445.00000 8779.15476  3.96%   894 3448s
  1126  1181 8718.67436  110 6927 8445.00000 8779.15476  3.96%   890 3514s
  1208  1236 8710.66882  119 6953 8445.00000 8779.15476  3.96%   868 3567s
  1263  1300 8702.81046  121 6738 8445.00000 8779.15476  3.96%   864 3600s

Cutting planes:
  Gomory: 9
  Lift-and-project: 7
  Cover: 964
  Implied bound: 253
  MIR: 4516
  StrongCG: 299
  GUB cover: 2635
  Zero half: 47
  RLT: 3767
  Relax-and-lift: 3

Explored 1327 nodes (1228315 simplex iterations) in 3600.07 seconds (6413.81 work units)
Thread count was 8 (of 8 available processors)

Solution count 10: 8445 8442 8441 ... 8395

Time limit reached
Best objective 8.445000000000e+03, best bound 8.779000000000e+03, gap 3.9550%
