
Gurobi 9.5.1 (linux64) logging started Sun Jun 19 02:28:27 2022

Set parameter LogFile to value "../results/logs/log_ca-citeseer_3_2_2022_06_19_02_07.log"
Gurobi Optimizer version 9.5.1 build v9.5.1rc2 (linux64)
Thread count: 8 physical cores, 8 logical processors, using up to 8 threads
Optimize a model with 16855 rows, 454640 columns and 162471 nonzeros
Model fingerprint: 0x6710e10b
Variable types: 0 continuous, 454640 integer (454640 binary)
Coefficient statistics:
  Matrix range     [1e+00, 3e+00]
  Objective range  [1e+00, 1e+00]
  Bounds range     [1e+00, 1e+00]
  RHS range        [1e+00, 2e+00]
Found heuristic solution: objective 152966.00000
Presolve removed 10055 rows and 444320 columns
Presolve time: 1.18s
Presolved: 6800 rows, 10320 columns, 30604 nonzeros
Variable types: 0 continuous, 10320 integer (9398 binary)
Found heuristic solution: objective 152968.00000

Root relaxation: objective 1.533529e+05, 2862 iterations, 0.02 seconds (0.02 work units)

    Nodes    |    Current Node    |     Objective Bounds      |     Work
 Expl Unexpl |  Obj  Depth IntInf | Incumbent    BestBd   Gap | It/Node Time

     0     0 153352.881    0  462 152968.000 153352.881  0.25%     -    1s
H    0     0                    152970.00000 153352.881  0.25%     -    1s
     0     0 153003.148    0   64 152970.000 153003.148  0.02%     -    1s
H    0     0                    152974.00000 153003.148  0.02%     -    1s
     0     0 152997.406    0   44 152974.000 152997.406  0.02%     -    1s
H    0     0                    152976.00000 152997.406  0.01%     -    1s
     0     0 152993.536    0   50 152976.000 152993.536  0.01%     -    1s
     0     0 152993.536    0   47 152976.000 152993.536  0.01%     -    1s
     0     0 152984.000    0   20 152976.000 152984.000  0.01%     -    1s
     0     0 152984.000    0   20 152976.000 152984.000  0.01%     -    1s
     0     0 152984.000    0  327 152976.000 152984.000  0.01%     -    2s
     0     0 152984.000    0   54 152976.000 152984.000  0.01%     -    2s
     0     0 152984.000    0   45 152976.000 152984.000  0.01%     -    2s
     0     0 152984.000    0   42 152976.000 152984.000  0.01%     -    2s
     0     0 152984.000    0   34 152976.000 152984.000  0.01%     -    2s
     0     0 152984.000    0   32 152976.000 152984.000  0.01%     -    2s
     0     0 152984.000    0   24 152976.000 152984.000  0.01%     -    2s
     0     0 152984.000    0   24 152976.000 152984.000  0.01%     -    2s
     0     0 152984.000    0   24 152976.000 152984.000  0.01%     -    2s
     0     0 152984.000    0   24 152976.000 152984.000  0.01%     -    2s
     0     0 152982.100    0   18 152976.000 152982.100  0.00%     -    2s
     0     0 152982.100    0   18 152976.000 152982.100  0.00%     -    2s
     0     0 152982.000    0   12 152976.000 152982.000  0.00%     -    2s
     0     0 152982.000    0  220 152976.000 152982.000  0.00%     -    2s
     0     0 152982.000    0   51 152976.000 152982.000  0.00%     -    2s
     0     0 152982.000    0   29 152976.000 152982.000  0.00%     -    2s
     0     0 152982.000    0   27 152976.000 152982.000  0.00%     -    2s
     0     0 152982.000    0   14 152976.000 152982.000  0.00%     -    2s
     0     0 152982.000    0   15 152976.000 152982.000  0.00%     -    2s
H    0     0                    152977.00000 152982.000  0.00%     -    2s
     0     0 152982.000    0   14 152977.000 152982.000  0.00%     -    2s
     0     0 152982.000    0  116 152977.000 152982.000  0.00%     -    3s
     0     0 152982.000    0   39 152977.000 152982.000  0.00%     -    3s
     0     0 152982.000    0   20 152977.000 152982.000  0.00%     -    3s
     0     0 152982.000    0   16 152977.000 152982.000  0.00%     -    3s
     0     0 152982.000    0   12 152977.000 152982.000  0.00%     -    3s
     0     0 152982.000    0  105 152977.000 152982.000  0.00%     -    3s
     0     0 152982.000    0   27 152977.000 152982.000  0.00%     -    3s
     0     0 152982.000    0   23 152977.000 152982.000  0.00%     -    3s
     0     0 152982.000    0   14 152977.000 152982.000  0.00%     -    3s
     0     0 152982.000    0   12 152977.000 152982.000  0.00%     -    3s
     0     0 152980.000    0   10 152977.000 152980.000  0.00%     -    3s
H    0     0                    152980.00000 152980.000  0.00%     -    3s
     0     0 152980.000    0   10 152980.000 152980.000  0.00%     -    3s

Cutting planes:
  Gomory: 47
  Cover: 9
  MIR: 50
  GUB cover: 90
  Zero half: 7
  RLT: 20

Explored 1 nodes (7723 simplex iterations) in 3.12 seconds (2.14 work units)
Thread count was 8 (of 8 available processors)

Solution count 10: 152980 152977 152976 ... 152968

Optimal solution found (tolerance 0.00e+00)
Best objective 1.529800000000e+05, best bound 1.529800000000e+05, gap 0.0000%
