
Gurobi 10.0.2 (linux64) logging started Fri Jan 26 13:40:17 2024

Set parameter LogFile to value "../results/logs/log_socfb-Syracuse56_46_250_2024_01_26_13_39.log"
Set parameter LazyConstraints to value 1
Gurobi Optimizer version 10.0.2 build v10.0.2rc0 (linux64)

CPU model: Intel(R) Core(TM) i7-4930K CPU @ 3.40GHz, instruction set [SSE2|AVX]
Thread count: 6 physical cores, 12 logical processors, using up to 12 threads

Optimize a model with 27307 rows, 27306 columns and 2230540 nonzeros
Model fingerprint: 0xcf700bab
Variable types: 0 continuous, 27306 integer (27306 binary)
Coefficient statistics:
  Matrix range     [1e+00, 5e+01]
  Objective range  [1e+00, 1e+00]
  Bounds range     [1e+00, 1e+00]
  RHS range        [1e+00, 2e+02]
Found heuristic solution: objective -0.0000000
Presolve removed 10502 rows and 5251 columns (presolve time = 5s) ...
Presolve removed 10502 rows and 5251 columns (presolve time = 10s) ...
Presolve removed 10502 rows and 5251 columns (presolve time = 15s) ...
Presolve removed 10502 rows and 5251 columns
Presolve time: 19.34s
Presolved: 16805 rows, 22055 columns, 1912527 nonzeros
Variable types: 0 continuous, 22055 integer (22055 binary)
Root relaxation presolved: 16805 rows, 22055 columns, 1912527 nonzeros

Deterministic concurrent LP optimizer: primal simplex, dual simplex, and barrier
Showing barrier log only...

Root barrier log...

Ordering time: 0.09s

Barrier statistics:
 Dense cols : 502
 AA' NZ     : 1.564e+07
 Factor NZ  : 4.012e+07 (roughly 340 MB of memory)
 Factor Ops : 2.310e+11 (roughly 4 seconds per iteration)
 Threads    : 4

                  Objective                Residual
Iter       Primal          Dual         Primal    Dual     Compl     Time
   0   2.41649671e+04  1.42285001e+03  3.13e+05 1.25e-01  3.28e+00    25s
   1   3.83942584e+04  2.48774058e+03  2.11e+05 1.28e-01  1.92e+00    27s
   2   6.02314412e+04  2.67348279e+03  1.56e+05 1.19e-01  1.44e+00    29s
   3   8.88496547e+04  3.31662317e+03  9.67e+04 9.18e-02  1.10e+00    31s
   4   8.71303515e+04  4.27194865e+03  6.78e+04 7.71e-02  8.15e-01    33s
   5   6.00471559e+04  1.00786776e+04  3.71e+04 3.29e-02  5.52e-01    35s
   6   2.24500377e+04  1.17847852e+04  1.14e+04 1.13e-03  1.79e-01    37s

Barrier performed 6 iterations in 37.82 seconds (37.89 work units)
Barrier solve interrupted - model solved by another algorithm

Concurrent spin time: 2.69s (can be avoided by choosing Method=3)

Solved with dual simplex

Root relaxation: objective 8.317437e+03, 14048 iterations, 20.76 seconds (26.43 work units)

    Nodes    |    Current Node    |     Objective Bounds      |     Work
 Expl Unexpl |  Obj  Depth IntInf | Incumbent    BestBd   Gap | It/Node Time

     0     0 8317.43674    0  994   -0.00000 8317.43674      -     -   40s
