
Gurobi 9.5.1 (linux64) logging started Wed Jun  8 02:00:55 2022

Set parameter LogFile to value "../results/logs/log_socfb-Northeastern19_33_32_2022_06_08_00_53.log"
Gurobi Optimizer version 9.5.1 build v9.5.1rc2 (linux64)
Thread count: 8 physical cores, 8 logical processors, using up to 8 threads
Optimize a model with 2493 rows, 27764 columns and 107718 nonzeros
Model fingerprint: 0x6f48f81a
Variable types: 0 continuous, 27764 integer (27764 binary)
Coefficient statistics:
  Matrix range     [1e+00, 3e+01]
  Objective range  [1e+00, 1e+00]
  Bounds range     [1e+00, 1e+00]
  RHS range        [1e+00, 3e+01]

User MIP start produced solution with objective 7042 (0.21s)
User MIP start produced solution with objective 7057 (0.94s)
Processing user MIP start: 103 nodes explored in subMIP, total elapsed time 5s
Processing user MIP start: 237 nodes explored in subMIP, total elapsed time 10s
Processing user MIP start: 350 nodes explored in subMIP, total elapsed time 15s
Processing user MIP start: 491 nodes explored in subMIP, total elapsed time 20s
Loaded user MIP start with objective 7057
Processed MIP start in 20.37 seconds (29.70 work units)

Presolve removed 50 rows and 22259 columns
Presolve time: 0.06s
Presolved: 2443 rows, 5505 columns, 28996 nonzeros
Variable types: 0 continuous, 5505 integer (5094 binary)

Root simplex log...

Iteration    Objective       Primal Inf.    Dual Inf.      Time
       0    8.2540000e+03   4.348750e+02   0.000000e+00     20s
Warning: Markowitz tolerance tightened to 0.03125
    3542    7.6920642e+03   0.000000e+00   0.000000e+00     21s

Root relaxation: objective 7.692064e+03, 3542 iterations, 0.19 seconds (0.31 work units)

    Nodes    |    Current Node    |     Objective Bounds      |     Work
 Expl Unexpl |  Obj  Depth IntInf | Incumbent    BestBd   Gap | It/Node Time

     0     0 7692.06418    0  993 7057.00000 7692.06418  9.00%     -   20s
H    0     0                    7058.0000000 7692.06418  8.98%     -   20s
H    0     0                    7111.0000000 7692.06418  8.17%     -   21s
H    0     0                    7114.0000000 7367.26374  3.56%     -   21s
H    0     0                    7115.0000000 7367.26374  3.55%     -   21s
     0     0 7367.26374    0  859 7115.00000 7367.26374  3.55%     -   21s
H    0     0                    7123.0000000 7367.26374  3.43%     -   21s
H    0     0                    7125.0000000 7308.02826  2.57%     -   22s
     0     0 7308.02826    0  915 7125.00000 7308.02826  2.57%     -   22s
     0     0 7303.75308    0  961 7125.00000 7303.75308  2.51%     -   22s
     0     0 7302.55901    0  982 7125.00000 7302.55901  2.49%     -   22s
     0     0 7302.27666    0 1021 7125.00000 7302.27666  2.49%     -   22s
     0     0 7302.22361    0 1022 7125.00000 7302.22361  2.49%     -   22s
     0     0 7262.70807    0 1116 7125.00000 7262.70807  1.93%     -   23s
H    0     0                    7126.0000000 7254.51833  1.80%     -   24s
H    0     0                    7128.0000000 7254.51833  1.77%     -   24s
H    0     0                    7143.0000000 7254.51833  1.56%     -   24s
     0     0 7254.51833    0 1186 7143.00000 7254.51833  1.56%     -   24s
     0     0 7252.56070    0 1272 7143.00000 7252.56070  1.53%     -   25s
     0     0 7251.92303    0 1281 7143.00000 7251.92303  1.52%     -   25s
     0     0 7251.72660    0 1297 7143.00000 7251.72660  1.52%     -   25s
H    0     0                    7147.0000000 7251.72660  1.47%     -   26s
H    0     0                    7148.0000000 7240.52280  1.29%     -   27s
H    0     0                    7149.0000000 7240.52280  1.28%     -   27s
     0     0 7240.52280    0 1352 7149.00000 7240.52280  1.28%     -   27s
H    0     0                    7150.0000000 7236.36467  1.21%     -   29s
H    0     0                    7151.0000000 7236.36467  1.19%     -   29s
     0     0 7236.36467    0 1436 7151.00000 7236.36467  1.19%     -   29s
H    0     0                    7153.0000000 7234.86626  1.14%     -   29s
     0     0 7234.86626    0 1458 7153.00000 7234.86626  1.14%     -   29s
     0     0 7234.33148    0 1463 7153.00000 7234.33148  1.14%     -   30s
     0     0 7230.39830    0 1509 7153.00000 7230.39830  1.08%     -   32s
     0     0 7228.87768    0 1565 7153.00000 7228.87768  1.06%     -   33s
     0     0 7228.11104    0 1603 7153.00000 7228.11104  1.05%     -   33s
     0     0 7227.63811    0 1630 7153.00000 7227.63811  1.04%     -   34s
H    0     0                    7154.0000000 7224.90578  0.99%     -   35s
     0     0 7224.90578    0 1638 7154.00000 7224.90578  0.99%     -   35s
     0     0 7224.90578    0 1638 7154.00000 7224.90578  0.99%     -   36s
H    0     0                    7155.0000000 7224.90394  0.98%     -   38s
     0     2 7224.90394    0 1638 7155.00000 7224.90394  0.98%     -   39s
     3     8 7224.01103    2 1638 7155.00000 7224.77977  0.98%  1400   41s
    15    24 7222.62175    4 1844 7155.00000 7223.13415  0.95%  3075   45s
H   32    40                    7157.0000000 7222.62058  0.92%  2975   48s
    47    60 7222.57674    7 1882 7157.00000 7222.62058  0.92%  2274   52s
    98   113 7222.17548   14 1876 7157.00000 7222.62058  0.92%  1459   56s
   132   148 7221.62297   18 1818 7157.00000 7222.62058  0.92%  1380   60s
   194   208 7220.36917   28 1804 7157.00000 7222.62058  0.92%  1280   65s
   239   246 7217.92998   35 1735 7157.00000 7222.62058  0.92%  1220   73s
H  243   246                    7158.0000000 7222.62058  0.90%  1210   73s
   247   260 7219.45870   35 1784 7158.00000 7222.62058  0.90%  1212   76s
   274   292 7219.17256   38 1802 7158.00000 7222.62058  0.90%  1245   80s
   371   396 7218.17292   46 1763 7158.00000 7222.62058  0.90%  1119   86s
   421   437 7217.50254   51 1798 7158.00000 7222.62058  0.90%  1077   90s
   469   473 7216.58157   56 1742 7158.00000 7222.62058  0.90%  1071   96s
   519   547 7216.21242   60 1750 7158.00000 7222.62058  0.90%  1036  100s
   590   611 7215.20086   71 1735 7158.00000 7222.62058  0.90%  1009  108s
   624   649 7215.00620   76 1691 7158.00000 7222.62058  0.90%  1010  111s
   664   676 7214.39192   79 1652 7158.00000 7222.62058  0.90%   999  130s
   786   824 7212.74441   89 1688 7158.00000 7222.62058  0.90%   960  137s
   847   891 7212.02518  100 1647 7158.00000 7222.62058  0.90%   936  140s
   983   993 7210.03008  117 1642 7158.00000 7222.62058  0.90%   879  145s
  1051  1094 7208.32003  127 1620 7158.00000 7222.62058  0.90%   891  151s
H 1159  1136                    7159.0000000 7222.62058  0.89%   874  154s
  1165  1218 7206.63965  140 1565 7159.00000 7222.62058  0.89%   879  157s
  1247  1306 7204.95781  152 1558 7159.00000 7222.62058  0.89%   856  160s
  1423  1490 7203.30408  176 1499 7159.00000 7222.62058  0.89%   820  167s
  1521  1572 7202.70870  194 1460 7159.00000 7222.62058  0.89%   802  170s
  1719  1776 7200.33636  225 1408 7159.00000 7222.62058  0.89%   773  177s
  1815  1897 7198.58303  233 1349 7159.00000 7222.62058  0.89%   766  182s
  1942  1974 7196.81145  243 1251 7159.00000 7222.62058  0.89%   751  186s
  2019  2091 7194.74221  254 1233 7159.00000 7222.62058  0.89%   755  192s
  2136  2241 7193.55791  275 1195 7159.00000 7222.62058  0.89%   743  196s
  2288  2402 7190.97960  299  948 7159.00000 7222.62058  0.89%   724  200s
  2459  2544 7184.21583  321  984 7159.00000 7222.62058  0.89%   705  205s
  2610  2723 7181.14018  344  869 7159.00000 7222.62058  0.89%   694  210s
  2791  2888 7176.96574  364  847 7159.00000 7222.62058  0.89%   678  216s
  2992  2929 7164.96286  422  401 7159.00000 7222.57564  0.89%   660  223s
  3049  2991 7216.00121    7 1897 7159.00000 7222.57564  0.89%   665  229s
  3114  2992 7188.17017  257 1638 7159.00000 7222.57564  0.89%   676  238s
  3117  2994 7192.34365  268  846 7159.00000 7222.57564  0.89%   675  240s
  3121  2997 7188.86607   96 1485 7159.00000 7222.57564  0.89%   674  245s
  3128  3001 7186.26146  192 1876 7159.00000 7222.57564  0.89%   673  250s
  3134  3005 7187.53713  309 1696 7159.00000 7217.64096  0.82%   672  255s
  3144  3012 7199.60979  180 1873 7159.00000 7215.79908  0.79%   669  260s
  3147  3014 7207.51972   79 1783 7159.00000 7212.56766  0.75%   669  265s
  3155  3019 7192.78474  257 1796 7159.00000 7210.83957  0.72%   667  270s
  3162  3024 7195.30807  120 1882 7159.00000 7209.52741  0.71%   666  275s
  3169  3029 7187.84184  178 1886 7159.00000 7208.29780  0.69%   664  280s
  3177  3034 7177.63313  248 1845 7159.00000 7207.58844  0.68%   663  285s
  3185  3039 7199.50965  171 1868 7159.00000 7206.90505  0.67%   661  290s
  3194  3045 7204.42145  163 1880 7159.00000 7206.31426  0.66%   659  295s
  3202  3051 7205.58943   17 1929 7159.00000 7205.58943  0.65%   657  301s
  3210  3056 7205.10593  113 1976 7159.00000 7205.10593  0.64%   656  305s
  3218  3061 7193.27488  135 1987 7159.00000 7204.71437  0.64%   654  310s
  3225  3066 7200.73658   89 1945 7159.00000 7204.36422  0.63%   653  315s
  3232  3071 7203.34710   33 1926 7159.00000 7203.95325  0.63%   651  320s
  3240  3076 7161.71130  254 2032 7159.00000 7203.51942  0.62%   650  325s
  3245  3079 7191.49335  290 1924 7159.00000 7203.25785  0.62%   649  330s
  3251  3083 7188.10721   67 1944 7159.00000 7202.83280  0.61%   647  335s
  3260  3089 7181.09228  157 1961 7159.00000 7202.43980  0.61%   646  340s
  3271  3097 7191.93281  109 1976 7159.00000 7202.08289  0.60%   643  345s
  3281  3103 7201.74287   40 1948 7159.00000 7201.74287  0.60%   642  350s
  3290  3109 7200.99986   44 2017 7159.00000 7201.35035  0.59%   640  355s
  3300  3116 7191.69912  119 2000 7159.00000 7201.01689  0.59%   638  360s
  3310  3123 7200.74109  113 2020 7159.00000 7200.74109  0.58%   636  365s
  3320  3129 7194.61870  195 2041 7159.00000 7200.53232  0.58%   634  370s
  3332  3139 7200.43273   33  937 7159.00000 7200.43273  0.58%   706  375s
  3335  3141 7194.01001  268 1348 7159.00000 7200.43273  0.58%   705  380s
  3340  3144 7161.71130  254 1671 7159.00000 7200.43273  0.58%   704  385s
  3347  3149 7200.35741   79 1942 7159.00000 7200.35741  0.58%   703  390s
  3356  3155 7181.40825  154 2009 7159.00000 7200.04613  0.57%   701  395s
  3364  3160 7199.85426   49 2032 7159.00000 7199.85426  0.57%   699  401s
  3372  3165 7167.43927   75 2036 7159.00000 7199.71196  0.57%   698  405s
  3378  3169 7199.64518   58 2074 7159.00000 7199.64518  0.57%   696  428s
  3379  3171 7199.64518   25 2066 7159.00000 7199.64518  0.57%   715  431s
  3381  3172 7199.63389   26 2053 7159.00000 7199.63389  0.57%   717  438s
  3383  3176 7199.63387   27 2004 7159.00000 7199.63387  0.57%   721  443s
  3387  3180 7199.63276   28 2030 7159.00000 7199.63276  0.57%   724  447s
  3395  3184 7199.63274   29 2032 7159.00000 7199.63274  0.57%   731  451s
  3419  3193 7199.36157   31 1803 7159.00000 7199.51746  0.57%   740  456s
  3451  3204 7192.20601   32 1590 7159.00000 7199.24564  0.56%   746  462s
  3475  3212 7197.26819   34 1603 7159.00000 7198.69907  0.55%   752  466s
  3513  3236 7198.64629   37 1727 7159.00000 7198.64629  0.55%   759  478s
  3531  3236 7198.61105   38 1655 7159.00000 7198.61105  0.55%   767  480s
  3558  3252 7198.56924   40 1685 7159.00000 7198.56924  0.55%   775  488s
  3582  3252 7198.32411   41 1664 7159.00000 7198.56921  0.55%   780  490s
  3620  3281 7197.54744   43 1704 7159.00000 7198.31987  0.55%   794  497s
  3638  3292 7198.08775   43 1639 7159.00000 7198.17494  0.55%   797  500s
  3674  3308 7197.75113   45 1643 7159.00000 7198.17494  0.55%   805  508s
  3699  3308 7197.48566   46 1632 7159.00000 7198.17494  0.55%   809  511s
  3742  3325 7197.35796   47 1622 7159.00000 7198.17494  0.55%   818  521s
  3785  3361 7196.95493   49 1610 7159.00000 7198.17494  0.55%   830  528s
  3824  3393 7196.95338   50 1616 7159.00000 7198.17494  0.55%   831  530s
  3914  3436 7196.83001   54 1581 7159.00000 7198.17494  0.55%   829  537s
  3954  3469 7194.91193   55 1564 7159.00000 7198.17494  0.55%   830  540s
  4042  3506 7196.64166   58 1593 7159.00000 7198.17494  0.55%   833  549s
  4081  3520 7192.79526   59 1598 7159.00000 7198.17494  0.55%   835  551s
  4108  3548 7195.47922   60 1664 7159.00000 7198.17494  0.55%   839  556s
  4204  3609 7195.08593   62 1624 7159.00000 7198.17494  0.55%   840  567s
  4254  3637 7194.77185   63 1662 7159.00000 7198.17494  0.55%   841  572s
  4301  3673 7194.71806   64 1692 7159.00000 7198.17494  0.55%   846  576s
  4360  3714 7194.52303   65 1657 7159.00000 7198.17494  0.55%   846  580s
H 4431  3528                    7160.0000000 7198.17494  0.53%   845  580s
  4436  3568 7194.41434   67 1637 7160.00000 7198.17494  0.53%   845  587s
  4503  3560 7193.76548   68 1677 7160.00000 7198.17494  0.53%   845  595s
  4535  3571 7190.91873   69 1674 7160.00000 7198.17494  0.53%   854  601s
  4558  3587 7181.58609   70 1465 7160.00000 7198.17494  0.53%   864  611s
  4582  3627 7183.18271   71 1476 7160.00000 7198.17494  0.53%   870  618s
  4631  3658 7190.48539   72 1577 7160.00000 7198.17494  0.53%   875  623s
  4680  3706 7191.04947   74 1616 7160.00000 7198.17494  0.53%   879  628s
  4751  3757 7190.97027   76 1638 7160.00000 7198.17494  0.53%   880  634s
  4827  3810 7190.34106   78 1630 7160.00000 7198.17494  0.53%   881  640s
  4914  3864 7190.04182   80 1641 7160.00000 7198.17494  0.53%   881  646s
  5003  3904 7187.98066   83 1622 7160.00000 7198.17494  0.53%   882  654s
  5098  3973 7189.28250   87 1567 7160.00000 7198.17494  0.53%   882  661s
  5203  4012 7187.62329   90 1479 7160.00000 7198.17494  0.53%   882  668s
  5304  4065 7186.54180   93 1496 7160.00000 7198.17494  0.53%   884  678s
  5397  4128 7186.37598   97 1457 7160.00000 7198.17494  0.53%   886  685s
  5501  4162 7185.94268  100 1369 7160.00000 7198.17494  0.53%   887  696s
  5603  4165 7184.79284  104 1507 7160.00000 7198.17494  0.53%   891  706s
  5667  4197 7184.42256  108 1495 7160.00000 7198.17494  0.53%   901  717s
  5737  4216 7183.99002  112 1423 7160.00000 7198.17494  0.53%   908  727s
  5799  4268 7183.64336  115 1486 7160.00000 7198.17494  0.53%   918  735s
  5884  4317 7182.11724  119 1380 7160.00000 7198.17494  0.53%   924  744s
  5979  4333 7181.20329  124 1381 7160.00000 7198.17494  0.53%   930  757s
  6037  4421     cutoff  127      7160.00000 7198.17494  0.53%   936  767s
  6148  4498 7178.84975  134 1336 7160.00000 7198.17494  0.53%   939  778s
  6268  4514 7179.24110  141 1322 7160.00000 7198.17494  0.53%   943  791s
  6366  4546 7178.52492  149 1214 7160.00000 7198.17494  0.53%   950  802s
  6435  4606 7177.99221  155 1141 7160.00000 7198.17494  0.53%   961  813s
  6526  4691 7176.87198  164 1121 7160.00000 7198.17494  0.53%   970  824s
  6643  4841 7174.36058  173 1127 7160.00000 7198.17494  0.53%   975  836s
  6845  4914 7173.20635  185 1117 7160.00000 7198.17494  0.53%   971  848s
  7013  5060 7170.67095  198 1007 7160.00000 7198.17494  0.53%   972  861s
  7253  5120 7168.82259  213  999 7160.00000 7198.17494  0.53%   966  877s
  7463  5113 7161.86447  234  741 7160.00000 7196.82404  0.51%   964  893s
H 7516  4930                    7161.0000000 7196.82404  0.50%   966  893s
  7584  4985 7190.99156   35 1793 7161.00000 7196.82404  0.50%   970  912s
  7701  5030 7185.75653   45 1620 7161.00000 7196.82404  0.50%   982  926s
H 7785  4788                    7162.0000000 7196.82404  0.49%   991  926s
  7801  4929 7181.88231   60 1449 7162.00000 7196.82404  0.49%   992  941s
  7963  5000 7176.75864   86 1299 7162.00000 7196.82404  0.49%   999  962s
  8123  5104 7169.84897  106 1222 7162.00000 7196.33238  0.48%  1002  982s
  8303  5193 7193.21404   38 1995 7162.00000 7196.33238  0.48%  1002 1001s
  8511  5206 7180.52404   40 1636 7162.00000 7196.33238  0.48%  1006 1022s
  8660  5301 7177.16465   46 1413 7162.00000 7196.33238  0.48%  1018 1042s
  8856  5341 7174.65256   49 1510 7162.00000 7196.33238  0.48%  1026 1063s
  8994  5404     cutoff   55      7162.00000 7195.91264  0.47%  1038 1085s
  9153  5527 7191.14739   37 1733 7162.00000 7195.91264  0.47%  1050 1107s
  9353  5591 7181.35354   54 1460 7162.00000 7195.91264  0.47%  1058 1128s
  9499  5714 7176.35675   77 1337 7162.00000 7195.66271  0.47%  1063 1153s
  9727  5795 7191.37975   56 1833 7162.00000 7195.66271  0.47%  1073 1178s
  9947  5879 7182.90604   75 1641 7162.00000 7195.66271  0.47%  1084 1203s
 10164  6057 7173.84486  104 1409 7162.00000 7195.66271  0.47%  1090 1230s
 10493  6058 7183.33327   49 1757 7162.00000 7195.58864  0.47%  1092 1259s
 10704  6168 7178.04164   56 1693 7162.00000 7195.58864  0.47%  1106 1288s
 10901  6333 7174.57492   63 1610 7162.00000 7195.58864  0.47%  1119 1322s
 11230  6411 7168.82099   76 1534 7162.00000 7195.58864  0.47%  1126 1353s
 11444  6694 7164.52302  104 1235 7162.00000 7195.19410  0.46%  1139 1382s
 11850  6814 7176.19954   65 1343 7162.00000 7195.15223  0.46%  1138 1414s
 12096  7108     cutoff   66      7162.00000 7194.79604  0.46%  1160 1453s
 12442  7390 7178.51658   55 1556 7162.00000 7194.74081  0.46%  1167 1491s
 12814  7718     cutoff   99      7162.00000 7194.55209  0.45%  1174 1532s
 13216  8024 7182.44097   54 1625 7162.00000 7194.55209  0.45%  1177 1571s
 13578  8257 7168.07529  113 1206 7162.00000 7194.40973  0.45%  1186 1611s
 13973  8518 7170.69979   54 1480 7162.00000 7194.29214  0.45%  1194 1653s
 14402  8809 7184.58806   41 1717 7162.00000 7194.19075  0.45%  1200 1702s
 14749  9033 7169.63259   96 1352 7162.00000 7194.09267  0.45%  1211 1753s
 15010  9605 7178.37879   62 1644 7162.00000 7193.76404  0.44%  1230 1851s
 15680 10075 7186.79776   52 1885 7162.00000 7193.75447  0.44%  1254 1929s
 16389 10470 7178.72502   68 1705 7162.00000 7193.75447  0.44%  1264 2000s
 16939 11063 7174.77807   94 1438 7162.00000 7193.75447  0.44%  1277 2071s
 17752 11362     cutoff  150      7162.00000 7193.31572  0.44%  1270 2141s
 18243 11736 7170.97111   73 1495 7162.00000 7193.05894  0.43%  1285 2219s
 18681 12419 7169.76565   66 1553 7162.00000 7193.04857  0.43%  1308 2303s
 19542 12857 7164.15541  109 1256 7162.00000 7192.85926  0.43%  1307 2388s
 20149 13199 7177.09139   61 1610 7162.00000 7192.66514  0.43%  1320 2476s
 20693 13676 7176.93955   74 1705 7162.00000 7192.51189  0.43%  1338 2573s
 21304 14121 7184.73733   48 1748 7162.00000 7192.20559  0.42%  1353 2674s
 21915 14550 7180.71696   43 1718 7162.00000 7191.99675  0.42%  1372 2778s
 22492 15172 7180.03570   71 1706 7162.00000 7191.93451  0.42%  1384 2886s
 23299 15802 7184.25157   73 1751 7162.00000 7191.66418  0.41%  1394 3000s
 24105 16558 7169.74446   64 1627 7162.00000 7191.47883  0.41%  1405 3119s
 25020 17071 7176.69597   79 1523 7162.00000 7191.37180  0.41%  1412 3241s
 25632 17792 7171.76609   79 1575 7162.00000 7191.12376  0.41%  1432 3361s
 26611 18315 7166.34441   82 1324 7162.00000 7191.09695  0.41%  1439 3486s
 27320 18626 7170.67189   52 1673 7162.00000 7190.95247  0.40%  1456 3600s

Cutting planes:
  Gomory: 6
  Cover: 201
  Implied bound: 16
  MIR: 425
  StrongCG: 12
  Flow cover: 2118
  GUB cover: 488
  Inf proof: 1
  Zero half: 14
  Mod-K: 1
  RLT: 1094
  Relax-and-lift: 9

Explored 27781 nodes (41110607 simplex iterations) in 3600.01 seconds (7857.54 work units)
Thread count was 8 (of 8 available processors)

Solution count 10: 7162 7161 7160 ... 7151

Time limit reached
Best objective 7.162000000000e+03, best bound 7.190000000000e+03, gap 0.3910%
