
Gurobi 9.5.1 (linux64) logging started Mon Mar 21 02:06:09 2022

Set parameter LogFile to value "../results/logs/log_2022_03_21_02_06.csv_4_250.log"
Gurobi Optimizer version 9.5.1 build v9.5.1rc2 (linux64)
Thread count: 8 physical cores, 8 logical processors, using up to 8 threads
Optimize a model with 46267 rows, 46266 columns and 466288 nonzeros
Model fingerprint: 0x65124c21
Variable types: 0 continuous, 46266 integer (46266 binary)
Coefficient statistics:
  Matrix range     [1e+00, 4e+00]
  Objective range  [1e+00, 1e+00]
  Bounds range     [1e+00, 1e+00]
  RHS range        [1e+00, 2e+02]
Found heuristic solution: objective -0.0000000
Presolve removed 17051 rows and 12188 columns
Presolve time: 0.97s
Presolved: 29216 rows, 34078 columns, 387439 nonzeros
Variable types: 0 continuous, 34078 integer (32779 binary)
Found heuristic solution: objective 830.0000000

Deterministic concurrent LP optimizer: primal and dual simplex
Showing first log only...

Concurrent spin time: 0.01s

Solved with dual simplex

Root relaxation: objective 1.434384e+04, 2959 iterations, 0.45 seconds (0.53 work units)

    Nodes    |    Current Node    |     Objective Bounds      |     Work
 Expl Unexpl |  Obj  Depth IntInf | Incumbent    BestBd   Gap | It/Node Time

     0     0 14343.8364    0  862  830.00000 14343.8364  1628%     -    2s
H    0     0                    13845.000000 14343.8364  3.60%     -    2s
H    0     0                    13854.000000 14343.8364  3.54%     -    2s
H    0     0                    13930.000000 14343.8364  2.97%     -    3s
     0     0 14017.5525    0  434 13930.0000 14017.5525  0.63%     -    3s
H    0     0                    13939.000000 14017.5525  0.56%     -    4s
     0     0 14014.4833    0  394 13939.0000 14014.4833  0.54%     -    4s
     0     0 14014.4198    0  389 13939.0000 14014.4198  0.54%     -    4s
     0     0 14014.4198    0  388 13939.0000 14014.4198  0.54%     -    4s
     0     0 13954.0665    0  158 13939.0000 13954.0665  0.11%     -    4s
     0     0 13948.7500    0  155 13939.0000 13948.7500  0.07%     -    4s
     0     0 13948.1528    0  154 13939.0000 13948.1528  0.07%     -    4s
     0     0 13948.1522    0  154 13939.0000 13948.1522  0.07%     -    4s
     0     0 13943.1151    0   94 13939.0000 13943.1151  0.03%     -    5s
     0     0 13942.2755    0   79 13939.0000 13942.2755  0.02%     -    5s
     0     0 13942.2547    0   73 13939.0000 13942.2547  0.02%     -    5s
     0     0 13941.9264    0   54 13939.0000 13941.9264  0.02%     -    6s
     0     0 13941.6153    0   53 13939.0000 13941.6153  0.02%     -    6s
     0     0 13941.1136    0   51 13939.0000 13941.1136  0.02%     -    6s
     0     0 13940.6333    0   20 13939.0000 13940.6333  0.01%     -    6s

Cutting planes:
  Gomory: 242
  Cover: 14
  Implied bound: 39
  MIR: 405
  StrongCG: 17
  GUB cover: 560
  Zero half: 52
  RLT: 58
  Relax-and-lift: 9

Explored 1 nodes (6406 simplex iterations) in 6.79 seconds (5.54 work units)
Thread count was 8 (of 8 available processors)

Solution count 6: 13939 13930 13854 ... -0

Optimal solution found (tolerance 1.00e-04)
Best objective 1.393900000000e+04, best bound 1.394000000000e+04, gap 0.0072%

Gurobi 9.5.1 (linux64) logging started Mon Mar 21 02:06:17 2022

Set parameter LogFile to value "../results/logs/log_2022_03_21_02_06.csv_4_250.log"
Gurobi Optimizer version 9.5.1 build v9.5.1rc2 (linux64)
Thread count: 8 physical cores, 8 logical processors, using up to 8 threads
Optimize a model with 24017 rows, 24016 columns and 521988 nonzeros
Model fingerprint: 0xa4458d92
Variable types: 0 continuous, 24016 integer (24016 binary)
Coefficient statistics:
  Matrix range     [1e+00, 4e+00]
  Objective range  [1e+00, 1e+00]
  Bounds range     [1e+00, 1e+00]
  RHS range        [1e+00, 2e+02]
Found heuristic solution: objective -0.0000000
Presolve removed 9592 rows and 6656 columns
Presolve time: 1.19s
Presolved: 14425 rows, 17360 columns, 478193 nonzeros
Variable types: 0 continuous, 17360 integer (16634 binary)
Found heuristic solution: objective 4428.0000000

Deterministic concurrent LP optimizer: primal and dual simplex
Showing first log only...

Concurrent spin time: 0.00s

Solved with dual simplex

Root relaxation: objective 7.114500e+03, 1268 iterations, 0.30 seconds (0.49 work units)

    Nodes    |    Current Node    |     Objective Bounds      |     Work
 Expl Unexpl |  Obj  Depth IntInf | Incumbent    BestBd   Gap | It/Node Time

     0     0 7114.50000    0  306 4428.00000 7114.50000  60.7%     -    1s
H    0     0                    6917.0000000 7114.50000  2.86%     -    1s
H    0     0                    6929.0000000 7114.50000  2.68%     -    1s
H    0     0                    6962.0000000 7114.50000  2.19%     -    3s
H    0     0                    6963.0000000 7114.50000  2.18%     -    3s
H    0     0                    6967.0000000 7114.50000  2.12%     -    3s
H    0     0                    6969.0000000 7114.50000  2.09%     -    3s
H    0     0                    6975.0000000 7000.45829  0.36%     -    3s
H    0     0                    6978.0000000 7000.45829  0.32%     -    3s
     0     0 7000.45829    0  265 6978.00000 7000.45829  0.32%     -    3s
     0     0 7000.07797    0  198 6978.00000 7000.07797  0.32%     -    3s
     0     0 6999.86831    0  175 6978.00000 6999.86831  0.31%     -    4s
     0     0 6999.66085    0  177 6978.00000 6999.66085  0.31%     -    4s
     0     0 6999.65719    0  175 6978.00000 6999.65719  0.31%     -    4s
     0     0 6982.69105    0   54 6978.00000 6982.69105  0.07%     -    4s
     0     0 6980.27295    0   60 6978.00000 6980.27295  0.03%     -    4s
     0     0 6979.67914    0   41 6978.00000 6979.67914  0.02%     -    4s
     0     0     cutoff    0      6978.00000 6978.00000  0.00%     -    4s

Cutting planes:
  Gomory: 259
  Lift-and-project: 5
  Cover: 38
  Implied bound: 17
  MIR: 164
  StrongCG: 12
  GUB cover: 207
  Zero half: 54
  RLT: 32
  Relax-and-lift: 3

Explored 1 nodes (3625 simplex iterations) in 4.86 seconds (7.28 work units)
Thread count was 8 (of 8 available processors)

Solution count 10: 6978 6975 6969 ... -0

Optimal solution found (tolerance 1.00e-04)
Best objective 6.978000000000e+03, best bound 6.978000000000e+03, gap 0.0000%

Gurobi 9.5.1 (linux64) logging started Mon Mar 21 05:11:46 2022

Set parameter LogFile to value "../results/logs/log_2022_03_21_02_06.csv_4_250.log"
Gurobi Optimizer version 9.5.1 build v9.5.1rc2 (linux64)
Thread count: 8 physical cores, 8 logical processors, using up to 8 threads
Optimize a model with 46267 rows, 46266 columns and 466288 nonzeros
Model fingerprint: 0x65124c21
Variable types: 0 continuous, 46266 integer (46266 binary)
Coefficient statistics:
  Matrix range     [1e+00, 4e+00]
  Objective range  [1e+00, 1e+00]
  Bounds range     [1e+00, 1e+00]
  RHS range        [1e+00, 2e+02]
Found heuristic solution: objective -0.0000000
Presolve removed 17051 rows and 12188 columns
Presolve time: 1.02s
Presolved: 29216 rows, 34078 columns, 387439 nonzeros
Variable types: 0 continuous, 34078 integer (32779 binary)
Found heuristic solution: objective 830.0000000

Deterministic concurrent LP optimizer: primal and dual simplex
Showing first log only...

Concurrent spin time: 0.01s

Solved with dual simplex

Root relaxation: objective 1.434384e+04, 2959 iterations, 0.44 seconds (0.53 work units)

    Nodes    |    Current Node    |     Objective Bounds      |     Work
 Expl Unexpl |  Obj  Depth IntInf | Incumbent    BestBd   Gap | It/Node Time

     0     0 14343.8364    0  862  830.00000 14343.8364  1628%     -    2s
H    0     0                    13845.000000 14343.8364  3.60%     -    2s
H    0     0                    13854.000000 14343.8364  3.54%     -    2s
H    0     0                    13930.000000 14343.8364  2.97%     -    3s
     0     0 14017.5525    0  434 13930.0000 14017.5525  0.63%     -    3s
H    0     0                    13939.000000 14017.5525  0.56%     -    4s
     0     0 14014.4833    0  394 13939.0000 14014.4833  0.54%     -    4s
     0     0 14014.4198    0  389 13939.0000 14014.4198  0.54%     -    4s
     0     0 14014.4198    0  388 13939.0000 14014.4198  0.54%     -    4s
     0     0 13954.0665    0  158 13939.0000 13954.0665  0.11%     -    4s
     0     0 13948.7500    0  155 13939.0000 13948.7500  0.07%     -    4s
     0     0 13948.1528    0  154 13939.0000 13948.1528  0.07%     -    4s
     0     0 13948.1522    0  154 13939.0000 13948.1522  0.07%     -    4s
     0     0 13943.1151    0   94 13939.0000 13943.1151  0.03%     -    5s
     0     0 13942.2755    0   79 13939.0000 13942.2755  0.02%     -    5s
     0     0 13942.2547    0   73 13939.0000 13942.2547  0.02%     -    5s
     0     0 13941.9264    0   54 13939.0000 13941.9264  0.02%     -    6s
     0     0 13941.6153    0   53 13939.0000 13941.6153  0.02%     -    6s
     0     0 13941.1136    0   51 13939.0000 13941.1136  0.02%     -    6s
     0     0 13940.6333    0   20 13939.0000 13940.6333  0.01%     -    6s

Cutting planes:
  Gomory: 242
  Cover: 14
  Implied bound: 39
  MIR: 405
  StrongCG: 17
  GUB cover: 560
  Zero half: 52
  RLT: 58
  Relax-and-lift: 9

Explored 1 nodes (6406 simplex iterations) in 6.73 seconds (5.54 work units)
Thread count was 8 (of 8 available processors)

Solution count 6: 13939 13930 13854 ... -0

Optimal solution found (tolerance 1.00e-04)
Best objective 1.393900000000e+04, best bound 1.394000000000e+04, gap 0.0072%

Gurobi 9.5.1 (linux64) logging started Mon Mar 21 05:11:54 2022

Set parameter LogFile to value "../results/logs/log_2022_03_21_02_06.csv_4_250.log"
Gurobi Optimizer version 9.5.1 build v9.5.1rc2 (linux64)
Thread count: 8 physical cores, 8 logical processors, using up to 8 threads
Optimize a model with 24017 rows, 24016 columns and 521988 nonzeros
Model fingerprint: 0xa4458d92
Variable types: 0 continuous, 24016 integer (24016 binary)
Coefficient statistics:
  Matrix range     [1e+00, 4e+00]
  Objective range  [1e+00, 1e+00]
  Bounds range     [1e+00, 1e+00]
  RHS range        [1e+00, 2e+02]
Found heuristic solution: objective -0.0000000
Presolve removed 9592 rows and 6656 columns
Presolve time: 1.21s
Presolved: 14425 rows, 17360 columns, 478193 nonzeros
Variable types: 0 continuous, 17360 integer (16634 binary)
Found heuristic solution: objective 4428.0000000

Deterministic concurrent LP optimizer: primal and dual simplex
Showing first log only...

Concurrent spin time: 0.01s

Solved with dual simplex

Root relaxation: objective 7.114500e+03, 1268 iterations, 0.30 seconds (0.49 work units)

    Nodes    |    Current Node    |     Objective Bounds      |     Work
 Expl Unexpl |  Obj  Depth IntInf | Incumbent    BestBd   Gap | It/Node Time

     0     0 7114.50000    0  306 4428.00000 7114.50000  60.7%     -    1s
H    0     0                    6917.0000000 7114.50000  2.86%     -    1s
H    0     0                    6929.0000000 7114.50000  2.68%     -    1s
H    0     0                    6962.0000000 7114.50000  2.19%     -    3s
H    0     0                    6963.0000000 7114.50000  2.18%     -    3s
H    0     0                    6967.0000000 7114.50000  2.12%     -    3s
H    0     0                    6969.0000000 7114.50000  2.09%     -    3s
H    0     0                    6975.0000000 7000.45829  0.36%     -    3s
H    0     0                    6978.0000000 7000.45829  0.32%     -    3s
     0     0 7000.45829    0  265 6978.00000 7000.45829  0.32%     -    3s
     0     0 7000.07797    0  198 6978.00000 7000.07797  0.32%     -    3s
     0     0 6999.86831    0  175 6978.00000 6999.86831  0.31%     -    3s
     0     0 6999.66085    0  177 6978.00000 6999.66085  0.31%     -    4s
     0     0 6999.65719    0  175 6978.00000 6999.65719  0.31%     -    4s
     0     0 6982.69105    0   54 6978.00000 6982.69105  0.07%     -    4s
     0     0 6980.27295    0   60 6978.00000 6980.27295  0.03%     -    4s
     0     0 6979.67914    0   41 6978.00000 6979.67914  0.02%     -    4s
     0     0     cutoff    0      6978.00000 6978.00000  0.00%     -    4s

Cutting planes:
  Gomory: 259
  Lift-and-project: 5
  Cover: 38
  Implied bound: 17
  MIR: 164
  StrongCG: 12
  GUB cover: 207
  Zero half: 54
  RLT: 32
  Relax-and-lift: 3

Explored 1 nodes (3625 simplex iterations) in 4.82 seconds (7.28 work units)
Thread count was 8 (of 8 available processors)

Solution count 10: 6978 6975 6969 ... -0

Optimal solution found (tolerance 1.00e-04)
Best objective 6.978000000000e+03, best bound 6.978000000000e+03, gap 0.0000%

Gurobi 9.5.1 (linux64) logging started Mon Mar 21 08:17:17 2022

Set parameter LogFile to value "../results/logs/log_2022_03_21_02_06.csv_4_250.log"
Gurobi Optimizer version 9.5.1 build v9.5.1rc2 (linux64)
Thread count: 8 physical cores, 8 logical processors, using up to 8 threads
Optimize a model with 46267 rows, 46266 columns and 466288 nonzeros
Model fingerprint: 0x65124c21
Variable types: 0 continuous, 46266 integer (46266 binary)
Coefficient statistics:
  Matrix range     [1e+00, 4e+00]
  Objective range  [1e+00, 1e+00]
  Bounds range     [1e+00, 1e+00]
  RHS range        [1e+00, 2e+02]
Found heuristic solution: objective -0.0000000
Presolve removed 17051 rows and 12188 columns
Presolve time: 1.02s
Presolved: 29216 rows, 34078 columns, 387439 nonzeros
Variable types: 0 continuous, 34078 integer (32779 binary)
Found heuristic solution: objective 830.0000000

Deterministic concurrent LP optimizer: primal and dual simplex
Showing first log only...

Concurrent spin time: 0.00s

Solved with dual simplex

Root relaxation: objective 1.434384e+04, 2959 iterations, 0.43 seconds (0.53 work units)

    Nodes    |    Current Node    |     Objective Bounds      |     Work
 Expl Unexpl |  Obj  Depth IntInf | Incumbent    BestBd   Gap | It/Node Time

     0     0 14343.8364    0  862  830.00000 14343.8364  1628%     -    2s
H    0     0                    13845.000000 14343.8364  3.60%     -    2s
H    0     0                    13854.000000 14343.8364  3.54%     -    2s
H    0     0                    13930.000000 14343.8364  2.97%     -    3s
     0     0 14017.5525    0  434 13930.0000 14017.5525  0.63%     -    3s
H    0     0                    13939.000000 14017.5525  0.56%     -    4s
     0     0 14014.4833    0  394 13939.0000 14014.4833  0.54%     -    4s
     0     0 14014.4198    0  389 13939.0000 14014.4198  0.54%     -    4s
     0     0 14014.4198    0  388 13939.0000 14014.4198  0.54%     -    4s
     0     0 13954.0665    0  158 13939.0000 13954.0665  0.11%     -    4s
     0     0 13948.7500    0  155 13939.0000 13948.7500  0.07%     -    4s
     0     0 13948.1528    0  154 13939.0000 13948.1528  0.07%     -    4s
     0     0 13948.1522    0  154 13939.0000 13948.1522  0.07%     -    4s
     0     0 13943.1151    0   94 13939.0000 13943.1151  0.03%     -    5s
     0     0 13942.2755    0   79 13939.0000 13942.2755  0.02%     -    5s
     0     0 13942.2547    0   73 13939.0000 13942.2547  0.02%     -    5s
     0     0 13941.9264    0   54 13939.0000 13941.9264  0.02%     -    6s
     0     0 13941.6153    0   53 13939.0000 13941.6153  0.02%     -    6s
     0     0 13941.1136    0   51 13939.0000 13941.1136  0.02%     -    6s
     0     0 13940.6333    0   20 13939.0000 13940.6333  0.01%     -    6s

Cutting planes:
  Gomory: 242
  Cover: 14
  Implied bound: 39
  MIR: 405
  StrongCG: 17
  GUB cover: 560
  Zero half: 52
  RLT: 58
  Relax-and-lift: 9

Explored 1 nodes (6406 simplex iterations) in 6.68 seconds (5.54 work units)
Thread count was 8 (of 8 available processors)

Solution count 6: 13939 13930 13854 ... -0

Optimal solution found (tolerance 1.00e-04)
Best objective 1.393900000000e+04, best bound 1.394000000000e+04, gap 0.0072%

Gurobi 9.5.1 (linux64) logging started Mon Mar 21 08:17:25 2022

Set parameter LogFile to value "../results/logs/log_2022_03_21_02_06.csv_4_250.log"
Gurobi Optimizer version 9.5.1 build v9.5.1rc2 (linux64)
Thread count: 8 physical cores, 8 logical processors, using up to 8 threads
Optimize a model with 24017 rows, 24016 columns and 521988 nonzeros
Model fingerprint: 0xa4458d92
Variable types: 0 continuous, 24016 integer (24016 binary)
Coefficient statistics:
  Matrix range     [1e+00, 4e+00]
  Objective range  [1e+00, 1e+00]
  Bounds range     [1e+00, 1e+00]
  RHS range        [1e+00, 2e+02]
Found heuristic solution: objective -0.0000000
Presolve removed 9592 rows and 6656 columns
Presolve time: 1.19s
Presolved: 14425 rows, 17360 columns, 478193 nonzeros
Variable types: 0 continuous, 17360 integer (16634 binary)
Found heuristic solution: objective 4428.0000000

Deterministic concurrent LP optimizer: primal and dual simplex
Showing first log only...

Concurrent spin time: 0.01s

Solved with dual simplex

Root relaxation: objective 7.114500e+03, 1268 iterations, 0.30 seconds (0.49 work units)

    Nodes    |    Current Node    |     Objective Bounds      |     Work
 Expl Unexpl |  Obj  Depth IntInf | Incumbent    BestBd   Gap | It/Node Time

     0     0 7114.50000    0  306 4428.00000 7114.50000  60.7%     -    1s
H    0     0                    6917.0000000 7114.50000  2.86%     -    1s
H    0     0                    6929.0000000 7114.50000  2.68%     -    1s
H    0     0                    6962.0000000 7114.50000  2.19%     -    3s
H    0     0                    6963.0000000 7114.50000  2.18%     -    3s
H    0     0                    6967.0000000 7114.50000  2.12%     -    3s
H    0     0                    6969.0000000 7114.50000  2.09%     -    3s
H    0     0                    6975.0000000 7000.45829  0.36%     -    3s
H    0     0                    6978.0000000 7000.45829  0.32%     -    3s
     0     0 7000.45829    0  265 6978.00000 7000.45829  0.32%     -    3s
     0     0 7000.07797    0  198 6978.00000 7000.07797  0.32%     -    3s
     0     0 6999.86831    0  175 6978.00000 6999.86831  0.31%     -    3s
     0     0 6999.66085    0  177 6978.00000 6999.66085  0.31%     -    4s
     0     0 6999.65719    0  175 6978.00000 6999.65719  0.31%     -    4s
     0     0 6982.69105    0   54 6978.00000 6982.69105  0.07%     -    4s
     0     0 6980.27295    0   60 6978.00000 6980.27295  0.03%     -    4s
     0     0 6979.67914    0   41 6978.00000 6979.67914  0.02%     -    4s
     0     0     cutoff    0      6978.00000 6978.00000  0.00%     -    4s

Cutting planes:
  Gomory: 259
  Lift-and-project: 5
  Cover: 38
  Implied bound: 17
  MIR: 164
  StrongCG: 12
  GUB cover: 207
  Zero half: 54
  RLT: 32
  Relax-and-lift: 3

Explored 1 nodes (3625 simplex iterations) in 4.83 seconds (7.28 work units)
Thread count was 8 (of 8 available processors)

Solution count 10: 6978 6975 6969 ... -0

Optimal solution found (tolerance 1.00e-04)
Best objective 6.978000000000e+03, best bound 6.978000000000e+03, gap 0.0000%

Gurobi 9.5.1 (linux64) logging started Mon Mar 21 11:22:51 2022

Set parameter LogFile to value "../results/logs/log_2022_03_21_02_06.csv_4_250.log"
Gurobi Optimizer version 9.5.1 build v9.5.1rc2 (linux64)
Thread count: 8 physical cores, 8 logical processors, using up to 8 threads
Optimize a model with 46267 rows, 46266 columns and 466288 nonzeros
Model fingerprint: 0x65124c21
Variable types: 0 continuous, 46266 integer (46266 binary)
Coefficient statistics:
  Matrix range     [1e+00, 4e+00]
  Objective range  [1e+00, 1e+00]
  Bounds range     [1e+00, 1e+00]
  RHS range        [1e+00, 2e+02]
Found heuristic solution: objective -0.0000000
Presolve removed 17051 rows and 12188 columns
Presolve time: 1.00s
Presolved: 29216 rows, 34078 columns, 387439 nonzeros
Variable types: 0 continuous, 34078 integer (32779 binary)
Found heuristic solution: objective 830.0000000

Deterministic concurrent LP optimizer: primal and dual simplex
Showing first log only...

Concurrent spin time: 0.00s

Solved with dual simplex

Root relaxation: objective 1.434384e+04, 2959 iterations, 0.43 seconds (0.53 work units)

    Nodes    |    Current Node    |     Objective Bounds      |     Work
 Expl Unexpl |  Obj  Depth IntInf | Incumbent    BestBd   Gap | It/Node Time

     0     0 14343.8364    0  862  830.00000 14343.8364  1628%     -    2s
H    0     0                    13845.000000 14343.8364  3.60%     -    2s
H    0     0                    13854.000000 14343.8364  3.54%     -    2s
H    0     0                    13930.000000 14343.8364  2.97%     -    3s
     0     0 14017.5525    0  434 13930.0000 14017.5525  0.63%     -    3s
H    0     0                    13939.000000 14017.5525  0.56%     -    4s
     0     0 14014.4833    0  394 13939.0000 14014.4833  0.54%     -    4s
     0     0 14014.4198    0  389 13939.0000 14014.4198  0.54%     -    4s
     0     0 14014.4198    0  388 13939.0000 14014.4198  0.54%     -    4s
     0     0 13954.0665    0  158 13939.0000 13954.0665  0.11%     -    4s
     0     0 13948.7500    0  155 13939.0000 13948.7500  0.07%     -    4s
     0     0 13948.1528    0  154 13939.0000 13948.1528  0.07%     -    4s
     0     0 13948.1522    0  154 13939.0000 13948.1522  0.07%     -    4s
     0     0 13943.1151    0   94 13939.0000 13943.1151  0.03%     -    5s
     0     0 13942.2755    0   79 13939.0000 13942.2755  0.02%     -    5s
     0     0 13942.2547    0   73 13939.0000 13942.2547  0.02%     -    5s
     0     0 13941.9264    0   54 13939.0000 13941.9264  0.02%     -    6s
     0     0 13941.6153    0   53 13939.0000 13941.6153  0.02%     -    6s
     0     0 13941.1136    0   51 13939.0000 13941.1136  0.02%     -    6s
     0     0 13940.6333    0   20 13939.0000 13940.6333  0.01%     -    6s

Cutting planes:
  Gomory: 242
  Cover: 14
  Implied bound: 39
  MIR: 405
  StrongCG: 17
  GUB cover: 560
  Zero half: 52
  RLT: 58
  Relax-and-lift: 9

Explored 1 nodes (6406 simplex iterations) in 6.68 seconds (5.54 work units)
Thread count was 8 (of 8 available processors)

Solution count 6: 13939 13930 13854 ... -0

Optimal solution found (tolerance 1.00e-04)
Best objective 1.393900000000e+04, best bound 1.394000000000e+04, gap 0.0072%

Gurobi 9.5.1 (linux64) logging started Mon Mar 21 11:23:01 2022

Set parameter LogFile to value "../results/logs/log_2022_03_21_02_06.csv_4_250.log"
Gurobi Optimizer version 9.5.1 build v9.5.1rc2 (linux64)
Thread count: 8 physical cores, 8 logical processors, using up to 8 threads
Optimize a model with 24017 rows, 24016 columns and 521988 nonzeros
Model fingerprint: 0xa4458d92
Variable types: 0 continuous, 24016 integer (24016 binary)
Coefficient statistics:
  Matrix range     [1e+00, 4e+00]
  Objective range  [1e+00, 1e+00]
  Bounds range     [1e+00, 1e+00]
  RHS range        [1e+00, 2e+02]
Found heuristic solution: objective -0.0000000
Presolve removed 9592 rows and 6656 columns
Presolve time: 1.24s
Presolved: 14425 rows, 17360 columns, 478193 nonzeros
Variable types: 0 continuous, 17360 integer (16634 binary)
Found heuristic solution: objective 4428.0000000

Deterministic concurrent LP optimizer: primal and dual simplex
Showing first log only...

Concurrent spin time: 0.00s

Solved with dual simplex

Root relaxation: objective 7.114500e+03, 1268 iterations, 0.29 seconds (0.49 work units)

    Nodes    |    Current Node    |     Objective Bounds      |     Work
 Expl Unexpl |  Obj  Depth IntInf | Incumbent    BestBd   Gap | It/Node Time

     0     0 7114.50000    0  306 4428.00000 7114.50000  60.7%     -    1s
H    0     0                    6917.0000000 7114.50000  2.86%     -    1s
H    0     0                    6929.0000000 7114.50000  2.68%     -    1s
H    0     0                    6962.0000000 7114.50000  2.19%     -    3s
H    0     0                    6963.0000000 7114.50000  2.18%     -    3s
H    0     0                    6967.0000000 7114.50000  2.12%     -    3s
H    0     0                    6969.0000000 7114.50000  2.09%     -    3s
H    0     0                    6975.0000000 7000.45829  0.36%     -    3s
H    0     0                    6978.0000000 7000.45829  0.32%     -    3s
     0     0 7000.45829    0  265 6978.00000 7000.45829  0.32%     -    3s
     0     0 7000.07797    0  198 6978.00000 7000.07797  0.32%     -    3s
     0     0 6999.86831    0  175 6978.00000 6999.86831  0.31%     -    4s
     0     0 6999.66085    0  177 6978.00000 6999.66085  0.31%     -    4s
     0     0 6999.65719    0  175 6978.00000 6999.65719  0.31%     -    4s
     0     0 6982.69105    0   54 6978.00000 6982.69105  0.07%     -    4s
     0     0 6980.27295    0   60 6978.00000 6980.27295  0.03%     -    4s
     0     0 6979.67914    0   41 6978.00000 6979.67914  0.02%     -    4s
     0     0     cutoff    0      6978.00000 6978.00000  0.00%     -    4s

Cutting planes:
  Gomory: 259
  Lift-and-project: 5
  Cover: 38
  Implied bound: 17
  MIR: 164
  StrongCG: 12
  GUB cover: 207
  Zero half: 54
  RLT: 32
  Relax-and-lift: 3

Explored 1 nodes (3625 simplex iterations) in 4.85 seconds (7.28 work units)
Thread count was 8 (of 8 available processors)

Solution count 10: 6978 6975 6969 ... -0

Optimal solution found (tolerance 1.00e-04)
Best objective 6.978000000000e+03, best bound 6.978000000000e+03, gap 0.0000%

Gurobi 9.5.1 (linux64) logging started Mon Mar 21 14:38:31 2022

Set parameter LogFile to value "../results/logs/log_2022_03_21_02_06.csv_4_250.log"
Gurobi Optimizer version 9.5.1 build v9.5.1rc2 (linux64)
Thread count: 8 physical cores, 8 logical processors, using up to 8 threads
Optimize a model with 46267 rows, 46266 columns and 466288 nonzeros
Model fingerprint: 0x6ef7dda9
Variable types: 23133 continuous, 23133 integer (23133 binary)
Coefficient statistics:
  Matrix range     [1e+00, 4e+00]
  Objective range  [1e+00, 1e+00]
  Bounds range     [1e+00, 1e+00]
  RHS range        [1e+00, 2e+02]
Found heuristic solution: objective -0.0000000
Presolve removed 17051 rows and 12188 columns
Presolve time: 0.94s
Presolved: 29216 rows, 34078 columns, 387439 nonzeros
Variable types: 19461 continuous, 14617 integer (14615 binary)
Found heuristic solution: objective 162.0000000

Deterministic concurrent LP optimizer: primal and dual simplex
Showing first log only...

Concurrent spin time: 0.00s

Solved with dual simplex

Root relaxation: objective 1.434384e+04, 2968 iterations, 0.44 seconds (0.54 work units)

    Nodes    |    Current Node    |     Objective Bounds      |     Work
 Expl Unexpl |  Obj  Depth IntInf | Incumbent    BestBd   Gap | It/Node Time

     0     0 14343.8364    0  742  162.00000 14343.8364  8754%     -    2s
H    0     0                    13825.000000 14343.8364  3.75%     -    2s
     0     0 14027.1439    0  399 13825.0000 14027.1439  1.46%     -    4s
     0     0 14022.7178    0  388 13825.0000 14022.7178  1.43%     -    4s
     0     0 14022.5511    0  389 13825.0000 14022.5511  1.43%     -    4s
     0     0 13961.0437    0  389 13825.0000 13961.0437  0.98%     -    4s
     0     0 13960.3128    0  157 13825.0000 13960.3128  0.98%     -    4s
     0     0 13954.3854    0  145 13825.0000 13954.3854  0.94%     -    4s
     0     0 13954.0088    0  147 13825.0000 13954.0088  0.93%     -    4s
     0     0 13953.9910    0  147 13825.0000 13953.9910  0.93%     -    5s
     0     0 13945.8345    0   75 13825.0000 13945.8345  0.87%     -    5s
     0     0 13943.8657    0   63 13825.0000 13943.8657  0.86%     -    5s
     0     0 13943.4537    0   53 13825.0000 13943.4537  0.86%     -    5s
     0     0 13943.4537    0   56 13825.0000 13943.4537  0.86%     -    5s
     0     0 13943.0482    0   34 13825.0000 13943.0482  0.85%     -    5s
     0     0 13942.6535    0   37 13825.0000 13942.6535  0.85%     -    5s
     0     0 13942.5821    0   34 13825.0000 13942.5821  0.85%     -    6s
     0     0 13942.5821    0   36 13825.0000 13942.5821  0.85%     -    6s
     0     0 13942.1250    0   26 13825.0000 13942.1250  0.85%     -    6s
     0     0 13942.0417    0   28 13825.0000 13942.0417  0.85%     -    6s
     0     0 13942.0417    0   27 13825.0000 13942.0417  0.85%     -    6s
     0     0 13941.7680    0   18 13825.0000 13941.7680  0.84%     -    6s
     0     0 13941.6966    0   18 13825.0000 13941.6966  0.84%     -    6s
H    0     0                    13852.000000 13941.6966  0.65%     -    6s
H    0     0                    13932.000000 13941.6966  0.07%     -    6s
     0     0 13941.6341    0   22 13932.0000 13941.6341  0.07%     -    6s
     0     0 13941.2015    0   16 13932.0000 13941.2015  0.07%     -    7s
     0     0 13941.2015    0   16 13932.0000 13941.2015  0.07%     -    7s
     0     0 13940.9793    0   13 13932.0000 13940.9793  0.06%     -    7s
     0     0 13940.9793    0   13 13932.0000 13940.9793  0.06%     -    7s
     0     0 13940.9317    0   13 13932.0000 13940.9317  0.06%     -    7s
     0     0 13940.9231    0   13 13932.0000 13940.9231  0.06%     -    7s
     0     0 13940.9198    0   13 13932.0000 13940.9198  0.06%     -    7s
     0     0 13940.9198    0   12 13932.0000 13940.9198  0.06%     -    8s
H    0     0                    13938.000000 13940.9198  0.02%     -    8s
     0     2 13940.9198    0   11 13938.0000 13940.9198  0.02%     -    8s

Cutting planes:
  Gomory: 179
  Implied bound: 45
  MIR: 1052
  RLT: 96
  Relax-and-lift: 21

Explored 23 nodes (7459 simplex iterations) in 8.80 seconds (7.46 work units)
Thread count was 8 (of 8 available processors)

Solution count 6: 13938 13932 13852 ... -0

Optimal solution found (tolerance 1.00e-04)
Best objective 1.393800000000e+04, best bound 1.393900000000e+04, gap 0.0072%

Gurobi 9.5.1 (linux64) logging started Mon Mar 21 14:38:41 2022

Set parameter LogFile to value "../results/logs/log_2022_03_21_02_06.csv_4_250.log"
Gurobi Optimizer version 9.5.1 build v9.5.1rc2 (linux64)
Thread count: 8 physical cores, 8 logical processors, using up to 8 threads
Optimize a model with 24017 rows, 24016 columns and 521988 nonzeros
Model fingerprint: 0x9da09eb1
Variable types: 12008 continuous, 12008 integer (12008 binary)
Coefficient statistics:
  Matrix range     [1e+00, 4e+00]
  Objective range  [1e+00, 1e+00]
  Bounds range     [1e+00, 1e+00]
  RHS range        [1e+00, 2e+02]
Found heuristic solution: objective -0.0000000
Presolve removed 9592 rows and 6656 columns
Presolve time: 0.98s
Presolved: 14425 rows, 17360 columns, 478193 nonzeros
Variable types: 10141 continuous, 7219 integer (7218 binary)
Found heuristic solution: objective 4205.0000000

Deterministic concurrent LP optimizer: primal and dual simplex
Showing first log only...

Concurrent spin time: 0.00s

Solved with dual simplex

Root relaxation: objective 7.114500e+03, 1268 iterations, 0.29 seconds (0.49 work units)

    Nodes    |    Current Node    |     Objective Bounds      |     Work
 Expl Unexpl |  Obj  Depth IntInf | Incumbent    BestBd   Gap | It/Node Time

     0     0 7114.50000    0  267 4205.00000 7114.50000  69.2%     -    1s
H    0     0                    6925.0000000 7114.50000  2.74%     -    1s
H    0     0                    6932.0000000 7114.50000  2.63%     -    1s
     0     0 7052.16586    0  188 6932.00000 7052.16586  1.73%     -    2s
     0     0 7050.36170    0  185 6932.00000 7050.36170  1.71%     -    2s
     0     0 7004.17345    0  136 6932.00000 7004.17345  1.04%     -    2s
     0     0 6999.98152    0  127 6932.00000 6999.98152  0.98%     -    2s
     0     0 6999.70237    0  124 6932.00000 6999.70237  0.98%     -    2s
     0     0 6999.69232    0  124 6932.00000 6999.69232  0.98%     -    2s
     0     0 6984.44526    0   49 6932.00000 6984.44526  0.76%     -    3s
H    0     0                    6949.0000000 6980.32294  0.45%     -    3s
     0     0 6980.32294    0   20 6949.00000 6980.32294  0.45%     -    3s
     0     0 6980.07429    0   23 6949.00000 6980.07429  0.45%     -    3s
     0     0 6979.93987    0   23 6949.00000 6979.93987  0.45%     -    3s
     0     0 6979.93730    0   23 6949.00000 6979.93730  0.45%     -    3s
H    0     0                    6964.0000000 6979.93730  0.23%     -    3s
     0     0 6979.31364    0   18 6964.00000 6979.31364  0.22%     -    3s
H    0     0                    6965.0000000 6979.31364  0.21%     -    3s
     0     0 6979.02335    0   16 6965.00000 6979.02335  0.20%     -    3s
     0     0 6978.94121    0   15 6965.00000 6978.94121  0.20%     -    3s
     0     0 6978.94121    0   14 6965.00000 6978.94121  0.20%     -    3s
     0     0 6978.82000    0   12 6965.00000 6978.82000  0.20%     -    3s
H    0     0                    6976.0000000 6978.78571  0.04%     -    3s
     0     0 6978.78571    0   10 6976.00000 6978.78571  0.04%     -    3s
     0     0 6978.78571    0    9 6976.00000 6978.78571  0.04%     -    3s
     0     0 6978.75000    0    8 6976.00000 6978.75000  0.04%     -    4s
H    0     0                    6977.0000000 6978.75000  0.03%     -    4s
     0     0 6978.63571    0   16 6977.00000 6978.63571  0.02%     -    4s
     0     0 6978.61667    0   11 6977.00000 6978.61667  0.02%     -    4s
     0     0 6978.35385    0    7 6977.00000 6978.35385  0.02%     -    4s
     0     0 6978.35385    0   85 6977.00000 6978.35385  0.02%     -    4s
     0     0 6978.35385    0   36 6977.00000 6978.35385  0.02%     -    4s
     0     0 6978.35385    0   13 6977.00000 6978.35385  0.02%     -    4s
     0     0 6978.35385    0   15 6977.00000 6978.35385  0.02%     -    4s
     0     0 6978.35385    0    9 6977.00000 6978.35385  0.02%     -    4s
H    0     0                    6978.0000000 6978.35385  0.01%     -    4s
     0     0 6978.35385    0    9 6978.00000 6978.35385  0.01%     -    4s

Cutting planes:
  Gomory: 41
  Lift-and-project: 2
  Cover: 2
  Implied bound: 6
  MIR: 107
  RLT: 12
  Relax-and-lift: 4

Explored 1 nodes (4237 simplex iterations) in 4.44 seconds (7.10 work units)
Thread count was 8 (of 8 available processors)

Solution count 10: 6978 6977 6977 ... 6932

Optimal solution found (tolerance 1.00e-04)
Best objective 6.978000000000e+03, best bound 6.978000000000e+03, gap 0.0000%

Gurobi 9.5.1 (linux64) logging started Mon Mar 21 17:46:59 2022

Set parameter LogFile to value "../results/logs/log_2022_03_21_02_06.csv_4_250.log"
Gurobi Optimizer version 9.5.1 build v9.5.1rc2 (linux64)
Thread count: 8 physical cores, 8 logical processors, using up to 8 threads
Optimize a model with 55659 rows, 46266 columns and 494464 nonzeros
Model fingerprint: 0xa6c0f6f4
Variable types: 0 continuous, 46266 integer (46266 binary)
Coefficient statistics:
  Matrix range     [1e+00, 4e+00]
  Objective range  [1e+00, 1e+00]
  Bounds range     [1e+00, 1e+00]
  RHS range        [1e+00, 2e+02]
Found heuristic solution: objective -0.0000000
Presolve removed 17449 rows and 12259 columns
Presolve time: 1.46s
Presolved: 38210 rows, 34007 columns, 413226 nonzeros
Extracted 9000 lazy constraints
Variable types: 0 continuous, 34007 integer (32849 binary)

Deterministic concurrent LP optimizer: primal and dual simplex
Showing first log only...

Concurrent spin time: 0.00s

Solved with dual simplex

Root relaxation: objective 1.446374e+04, 1524 iterations, 0.30 seconds (0.25 work units)

    Nodes    |    Current Node    |     Objective Bounds      |     Work
 Expl Unexpl |  Obj  Depth IntInf | Incumbent    BestBd   Gap | It/Node Time

     0     0 14463.7383    0  457   -0.00000 14463.7383      -     -    2s
H    0     0                      90.0000000 14463.4883      -     -    2s
     0     0 13986.1366    0  305   90.00000 13986.1366      -     -    2s
H    0     0                    13906.000000 13986.1366  0.58%     -    2s
H    0     0                    13932.000000 13986.1366  0.39%     -    3s
H    0     0                    13938.000000 13986.1366  0.35%     -    3s
     0     0 13984.4450    0  294 13938.0000 13984.4450  0.33%     -    3s
     0     0 13984.3756    0  297 13938.0000 13984.3756  0.33%     -    3s
     0     0 13951.0285    0  119 13938.0000 13951.0285  0.09%     -    3s
     0     0 13947.8146    0   99 13938.0000 13947.8146  0.07%     -    3s
     0     0 13947.4098    0   90 13938.0000 13947.4098  0.07%     -    3s
     0     0 13942.7397    0   60 13938.0000 13942.7397  0.03%     -    4s
H    0     0                    13939.000000 13942.7397  0.03%     -    4s
     0     0 13941.4000    0   31 13939.0000 13941.4000  0.02%     -    4s
     0     0 13940.8000    0   28 13939.0000 13940.8000  0.01%     -    4s

Cutting planes:
  Gomory: 221
  Cover: 9
  Implied bound: 1
  MIR: 226
  StrongCG: 6
  GUB cover: 192
  Zero half: 47
  RLT: 27
  Relax-and-lift: 3
  Lazy constraints: 707

Explored 1 nodes (3965 simplex iterations) in 4.44 seconds (3.96 work units)
Thread count was 8 (of 8 available processors)

Solution count 6: 13939 13938 13932 ... -0

Optimal solution found (tolerance 1.00e-04)
Best objective 1.393900000000e+04, best bound 1.394000000000e+04, gap 0.0072%

Gurobi 9.5.1 (linux64) logging started Mon Mar 21 17:47:05 2022

Set parameter LogFile to value "../results/logs/log_2022_03_21_02_06.csv_4_250.log"
Gurobi Optimizer version 9.5.1 build v9.5.1rc2 (linux64)
Thread count: 8 physical cores, 8 logical processors, using up to 8 threads
Optimize a model with 27717 rows, 24016 columns and 533088 nonzeros
Model fingerprint: 0x5de20373
Variable types: 0 continuous, 24016 integer (24016 binary)
Coefficient statistics:
  Matrix range     [1e+00, 4e+00]
  Objective range  [1e+00, 1e+00]
  Bounds range     [1e+00, 1e+00]
  RHS range        [1e+00, 2e+02]
Found heuristic solution: objective -0.0000000
Presolve removed 9780 rows and 6707 columns
Presolve time: 1.33s
Presolved: 17937 rows, 17309 columns, 488072 nonzeros
Extracted 3532 lazy constraints
Variable types: 0 continuous, 17309 integer (16646 binary)

Deterministic concurrent LP optimizer: primal and dual simplex
Showing first log only...

Concurrent spin time: 0.00s

Solved with dual simplex

Root relaxation: objective 7.180000e+03, 471 iterations, 0.20 seconds (0.19 work units)

    Nodes    |    Current Node    |     Objective Bounds      |     Work
 Expl Unexpl |  Obj  Depth IntInf | Incumbent    BestBd   Gap | It/Node Time

     0     0 7180.00000    0  107   -0.00000 7180.00000      -     -    1s
H    0     0                    6977.0000000 7180.00000  2.91%     -   10s
H    0     0                    6978.0000000 7180.00000  2.89%     -   10s
     0     0 6980.33333    0  186 6978.00000 6980.33333  0.03%     -   10s
     0     0 6980.31446    0   69 6978.00000 6980.31446  0.03%     -   10s
     0     0 6980.31446    0   70 6978.00000 6980.31446  0.03%     -   11s
     0     0 6980.30000    0   72 6978.00000 6980.30000  0.03%     -   11s
     0     0 6980.30000    0   73 6978.00000 6980.30000  0.03%     -   11s
     0     0     cutoff    0      6978.00000 6978.00000  0.00%     -   11s

Cutting planes:
  Gomory: 195
  Lift-and-project: 4
  Cover: 48
  Implied bound: 1
  MIR: 71
  StrongCG: 2
  GUB cover: 8
  Zero half: 25
  RLT: 11
  Relax-and-lift: 6
  Lazy constraints: 327

Explored 1 nodes (1893 simplex iterations) in 11.48 seconds (8.62 work units)
Thread count was 8 (of 8 available processors)

Solution count 3: 6978 6977 -0 

Optimal solution found (tolerance 1.00e-04)
Best objective 6.978000000000e+03, best bound 6.978000000000e+03, gap 0.0000%

Gurobi 9.5.1 (linux64) logging started Mon Mar 21 20:52:24 2022

Set parameter LogFile to value "../results/logs/log_2022_03_21_02_06.csv_4_250.log"
Gurobi Optimizer version 9.5.1 build v9.5.1rc2 (linux64)
Thread count: 8 physical cores, 8 logical processors, using up to 8 threads
Optimize a model with 46267 rows, 46266 columns and 466288 nonzeros
Model fingerprint: 0x07d5b318
Variable types: 0 continuous, 46266 integer (46266 binary)
Coefficient statistics:
  Matrix range     [1e+00, 4e+00]
  Objective range  [1e+00, 1e+00]
  Bounds range     [1e+00, 1e+00]
  RHS range        [1e+00, 2e+02]
Found heuristic solution: objective -0.0000000
Presolve removed 17051 rows and 12188 columns
Presolve time: 0.96s
Presolved: 29216 rows, 34078 columns, 387439 nonzeros
Variable types: 0 continuous, 34078 integer (32779 binary)
Found heuristic solution: objective 830.0000000

Deterministic concurrent LP optimizer: primal and dual simplex
Showing first log only...

Concurrent spin time: 0.00s

Solved with dual simplex

Root relaxation: objective 1.434384e+04, 2958 iterations, 0.44 seconds (0.53 work units)

    Nodes    |    Current Node    |     Objective Bounds      |     Work
 Expl Unexpl |  Obj  Depth IntInf | Incumbent    BestBd   Gap | It/Node Time

     0     0 14343.8364    0  861  830.00000 14343.8364  1628%     -    2s
H    0     0                    13835.000000 14343.8364  3.68%     -    2s
H    0     0                    13838.000000 14343.8364  3.66%     -    2s
H    0     0                    13849.000000 14343.8364  3.57%     -    2s
H    0     0                    13935.000000 14343.8364  2.93%     -    3s
     0     0 14017.3608    0  445 13935.0000 14017.3608  0.59%     -    3s
H    0     0                    13939.000000 14017.3608  0.56%     -    4s
     0     0 14014.0698    0  398 13939.0000 14014.0698  0.54%     -    4s
     0     0 14014.0063    0  398 13939.0000 14014.0063  0.54%     -    4s
     0     0 13953.9487    0  189 13939.0000 13953.9487  0.11%     -    4s
     0     0 13948.0078    0  176 13939.0000 13948.0078  0.06%     -    4s
     0     0 13947.4796    0  167 13939.0000 13947.4796  0.06%     -    4s
     0     0 13942.5944    0   72 13939.0000 13942.5944  0.03%     -    5s
     0     0 13941.5410    0   64 13939.0000 13941.5410  0.02%     -    5s
     0     0 13941.4508    0   59 13939.0000 13941.4508  0.02%     -    5s
     0     0 13941.4508    0   59 13939.0000 13941.4508  0.02%     -    5s
     0     0 13940.6207    0   35 13939.0000 13940.6207  0.01%     -    6s

Cutting planes:
  Gomory: 246
  Cover: 11
  Implied bound: 39
  MIR: 416
  StrongCG: 16
  GUB cover: 560
  Zero half: 55
  RLT: 61
  Relax-and-lift: 9

Explored 1 nodes (6393 simplex iterations) in 6.11 seconds (5.17 work units)
Thread count was 8 (of 8 available processors)

Solution count 7: 13939 13935 13849 ... -0

Optimal solution found (tolerance 1.00e-04)
Best objective 1.393900000000e+04, best bound 1.394000000000e+04, gap 0.0072%

Gurobi 9.5.1 (linux64) logging started Mon Mar 21 20:52:32 2022

Set parameter LogFile to value "../results/logs/log_2022_03_21_02_06.csv_4_250.log"
Gurobi Optimizer version 9.5.1 build v9.5.1rc2 (linux64)
Thread count: 8 physical cores, 8 logical processors, using up to 8 threads
Optimize a model with 24017 rows, 24016 columns and 521988 nonzeros
Model fingerprint: 0x3a37bf35
Variable types: 0 continuous, 24016 integer (24016 binary)
Coefficient statistics:
  Matrix range     [1e+00, 4e+00]
  Objective range  [1e+00, 1e+00]
  Bounds range     [1e+00, 1e+00]
  RHS range        [1e+00, 2e+02]
Found heuristic solution: objective -0.0000000
Presolve removed 9592 rows and 6656 columns
Presolve time: 1.12s
Presolved: 14425 rows, 17360 columns, 478193 nonzeros
Variable types: 0 continuous, 17360 integer (16634 binary)
Found heuristic solution: objective 4425.0000000

Deterministic concurrent LP optimizer: primal and dual simplex
Showing first log only...

Concurrent spin time: 0.00s

Solved with dual simplex

Root relaxation: objective 7.114500e+03, 1254 iterations, 0.30 seconds (0.49 work units)

    Nodes    |    Current Node    |     Objective Bounds      |     Work
 Expl Unexpl |  Obj  Depth IntInf | Incumbent    BestBd   Gap | It/Node Time

     0     0 7114.50000    0  293 4425.00000 7114.50000  60.8%     -    1s
H    0     0                    6924.0000000 7114.50000  2.75%     -    1s
H    0     0                    6931.0000000 7114.50000  2.65%     -    1s
H    0     0                    6961.0000000 7114.50000  2.21%     -    1s
H    0     0                    6963.0000000 7054.55747  1.31%     -    2s
H    0     0                    6964.0000000 7054.55747  1.30%     -    2s
     0     0 7053.03830    0  267 6964.00000 7053.03830  1.28%     -    2s
H    0     0                    6975.0000000 7053.03830  1.12%     -    2s
     0     0 7052.05032    0  250 6975.00000 7052.05032  1.10%     -    2s
H    0     0                    6978.0000000 7001.10175  0.33%     -    2s
     0     0 7001.10175    0  184 6978.00000 7001.10175  0.33%     -    2s
     0     0 6999.10950    0  158 6978.00000 6999.10950  0.30%     -    3s
     0     0 6998.89668    0  160 6978.00000 6998.89668  0.30%     -    3s
     0     0 6981.89630    0   60 6978.00000 6981.89630  0.06%     -    3s
     0     0 6979.75455    0   45 6978.00000 6979.75455  0.03%     -    3s
     0     0 6979.31667    0   38 6978.00000 6979.31667  0.02%     -    3s
     0     0     cutoff    0      6978.00000 6978.00000  0.00%     -    3s

Cutting planes:
  Gomory: 196
  Cover: 10
  Implied bound: 23
  MIR: 168
  StrongCG: 6
  GUB cover: 297
  Zero half: 22
  RLT: 39
  Relax-and-lift: 4

Explored 1 nodes (3315 simplex iterations) in 3.70 seconds (5.70 work units)
Thread count was 8 (of 8 available processors)

Solution count 9: 6978 6975 6964 ... -0

Optimal solution found (tolerance 1.00e-04)
Best objective 6.978000000000e+03, best bound 6.978000000000e+03, gap 0.0000%

Gurobi 9.5.1 (linux64) logging started Mon Mar 21 23:58:57 2022

Set parameter LogFile to value "../results/logs/log_2022_03_21_02_06.csv_4_250.log"
Set parameter LazyConstraints to value 1
Gurobi Optimizer version 9.5.1 build v9.5.1rc2 (linux64)
Thread count: 8 physical cores, 8 logical processors, using up to 8 threads
Optimize a model with 46267 rows, 46266 columns and 466288 nonzeros
Model fingerprint: 0x65124c21
Variable types: 0 continuous, 46266 integer (46266 binary)
Coefficient statistics:
  Matrix range     [1e+00, 4e+00]
  Objective range  [1e+00, 1e+00]
  Bounds range     [1e+00, 1e+00]
  RHS range        [1e+00, 2e+02]
Found heuristic solution: objective -0.0000000
Presolve removed 16980 rows and 8490 columns
Presolve time: 0.54s
Presolved: 29287 rows, 37776 columns, 393881 nonzeros
Variable types: 0 continuous, 37776 integer (37776 binary)

Deterministic concurrent LP optimizer: primal and dual simplex
Showing first log only...

Concurrent spin time: 0.00s

Solved with dual simplex

Root relaxation: objective 1.434384e+04, 3150 iterations, 0.36 seconds (0.37 work units)

    Nodes    |    Current Node    |     Objective Bounds      |     Work
 Expl Unexpl |  Obj  Depth IntInf | Incumbent    BestBd   Gap | It/Node Time

     0     0 14343.8364    0  860   -0.00000 14343.8364      -     -    1s
H    0     0                    13806.000000 14343.8364  3.90%     -    1s
H    0     0                    13840.000000 14343.8364  3.64%     -    1s
     0     0 14018.1101    0  463 13840.0000 14018.1101  1.29%     -    2s
H    0     0                    13857.000000 14018.1101  1.16%     -    2s
H    0     0                    13917.000000 14018.1101  0.73%     -    2s
H    0     0                    13939.000000 14018.1101  0.57%     -    2s
     0     0 14014.9371    0  428 13939.0000 14014.9371  0.54%     -    2s
     0     0 14014.9371    0  433 13939.0000 14014.9371  0.54%     -    3s
     0     0 13952.8472    0  134 13939.0000 13952.8472  0.10%     -    3s
     0     0 13950.7235    0  146 13939.0000 13950.7235  0.08%     -    3s
     0     0 13950.6640    0  149 13939.0000 13950.6640  0.08%     -    4s
     0     0 13944.0848    0   95 13939.0000 13944.0848  0.04%     -    4s
     0     0 13943.6093    0   82 13939.0000 13943.6093  0.03%     -    4s
     0     0 13943.5338    0   82 13939.0000 13943.5338  0.03%     -    5s
     0     0 13942.3254    0   48 13939.0000 13942.3254  0.02%     -    5s
     0     0 13942.0817    0   55 13939.0000 13942.0817  0.02%     -    6s
     0     0 13942.0817    0   56 13939.0000 13942.0817  0.02%     -    6s
     0     0 13941.3889    0   41 13939.0000 13941.3889  0.02%     -    6s
     0     0 13941.2500    0   46 13939.0000 13941.2500  0.02%     -    7s
     0     0 13941.2500    0   48 13939.0000 13941.2500  0.02%     -    7s
     0     0 13941.2222    0   32 13939.0000 13941.2222  0.02%     -    7s
     0     0 13941.2222    0  734 13939.0000 13941.2222  0.02%     -    8s
     0     0 13941.2222    0  223 13939.0000 13941.2222  0.02%     -    9s
     0     0 13941.2222    0   77 13939.0000 13941.2222  0.02%     -    9s
     0     0 13941.2222    0   88 13939.0000 13941.2222  0.02%     -    9s
     0     0 13941.1667    0   57 13939.0000 13941.1667  0.02%     -    9s
     0     0 13941.0455    0   36 13939.0000 13941.0455  0.01%     -    9s
     0     0 13941.0455    0   37 13939.0000 13941.0455  0.01%     -   10s
     0     0 13940.7222    0   39 13939.0000 13940.7222  0.01%     -   10s

Cutting planes:
  Gomory: 163
  Lift-and-project: 3
  Cover: 479
  Clique: 1
  MIR: 338
  StrongCG: 26
  GUB cover: 714
  Zero half: 79
  Mod-K: 3
  RLT: 34
  Lazy constraints: 6

Explored 1 nodes (12537 simplex iterations) in 10.53 seconds (6.97 work units)
Thread count was 8 (of 8 available processors)

Solution count 7: 13939 13917 13868 ... -0

Optimal solution found (tolerance 1.00e-04)
Best objective 1.393900000000e+04, best bound 1.394000000000e+04, gap 0.0072%

User-callback calls 2080, time in user-callback 4.05 sec

Gurobi 9.5.1 (linux64) logging started Mon Mar 21 23:59:09 2022

Set parameter LogFile to value "../results/logs/log_2022_03_21_02_06.csv_4_250.log"
Set parameter LazyConstraints to value 1
Gurobi Optimizer version 9.5.1 build v9.5.1rc2 (linux64)
Thread count: 8 physical cores, 8 logical processors, using up to 8 threads
Optimize a model with 24017 rows, 24016 columns and 521988 nonzeros
Model fingerprint: 0xa4458d92
Variable types: 0 continuous, 24016 integer (24016 binary)
Coefficient statistics:
  Matrix range     [1e+00, 4e+00]
  Objective range  [1e+00, 1e+00]
  Bounds range     [1e+00, 1e+00]
  RHS range        [1e+00, 2e+02]
Found heuristic solution: objective -0.0000000
Presolve removed 9566 rows and 4783 columns
Presolve time: 0.65s
Presolved: 14451 rows, 19233 columns, 481535 nonzeros
Variable types: 0 continuous, 19233 integer (19233 binary)

Deterministic concurrent LP optimizer: primal and dual simplex
Showing first log only...

Concurrent spin time: 0.00s

Solved with dual simplex

Root relaxation: objective 7.114500e+03, 1259 iterations, 0.21 seconds (0.21 work units)

    Nodes    |    Current Node    |     Objective Bounds      |     Work
 Expl Unexpl |  Obj  Depth IntInf | Incumbent    BestBd   Gap | It/Node Time

     0     0 7114.50000    0  307   -0.00000 7114.50000      -     -    1s
H    0     0                    6907.0000000 7114.50000  3.00%     -    1s
H    0     0                    6922.0000000 7114.50000  2.78%     -    1s
H    0     0                    6924.0000000 7114.50000  2.75%     -    1s
     0     0 7052.11785    0  284 6924.00000 7052.11785  1.85%     -    1s
H    0     0                    6958.0000000 7052.11785  1.35%     -    1s
H    0     0                    6978.0000000 7052.11785  1.06%     -    1s
     0     0 7051.50277    0  279 6978.00000 7051.50277  1.05%     -    1s
     0     0 6997.63443    0  178 6978.00000 6997.63443  0.28%     -    1s
     0     0 6997.13060    0  166 6978.00000 6997.13060  0.27%     -    2s
     0     0 6997.08850    0  162 6978.00000 6997.08850  0.27%     -    2s
     0     0 6980.35833    0   57 6978.00000 6980.35833  0.03%     -    2s
     0     0     cutoff    0      6978.00000 6978.00000  0.00%     -    2s

Cutting planes:
  Gomory: 173
  Cover: 341
  MIR: 263
  StrongCG: 14
  GUB cover: 566
  Zero half: 89
  Mod-K: 1
  RLT: 33
  Lazy constraints: 6

Explored 1 nodes (3170 simplex iterations) in 2.79 seconds (3.35 work units)
Thread count was 8 (of 8 available processors)

Solution count 6: 6978 6958 6924 ... -0

Optimal solution found (tolerance 1.00e-04)
Best objective 6.978000000000e+03, best bound 6.978000000000e+03, gap 0.0000%

User-callback calls 836, time in user-callback 0.59 sec
