
Gurobi 9.5.0 (win64) logging started Tue Dec  7 07:11:52 2021

Set parameter LogFile to value "../results/logs/log_2021_12_07_01_36.csv_21_56.log"
Set parameter Method to value 3
Gurobi Optimizer version 9.5.0 build v9.5.0rc5 (win64)
Thread count: 6 physical cores, 12 logical processors, using up to 12 threads
Optimize a model with 5037 rows, 8078 columns and 355769 nonzeros
Model fingerprint: 0x322302e3
Variable types: 4039 continuous, 4039 integer (4039 binary)
Coefficient statistics:
  Matrix range     [1e+00, 2e+01]
  Objective range  [1e+00, 1e+00]
  Bounds range     [1e+00, 1e+00]
  RHS range        [1e+00, 6e+01]
Found heuristic solution: objective 1798.0000000
Presolve removed 4144 rows and 6721 columns
Presolve time: 0.10s
Presolved: 893 rows, 1357 columns, 15349 nonzeros
Variable types: 877 continuous, 480 integer (477 binary)
Found heuristic solution: objective 1811.0000000

Concurrent LP optimizer: primal simplex, dual simplex, and barrier
Showing barrier log only...

Root barrier log...

Ordering time: 0.00s

Barrier statistics:
 AA' NZ     : 1.415e+04
 Factor NZ  : 2.401e+04 (roughly 1 MB of memory)
 Factor Ops : 8.567e+05 (less than 1 second per iteration)
 Threads    : 1

                  Objective                Residual
Iter       Primal          Dual         Primal    Dual     Compl     Time
   0   3.98105457e+03  1.12233388e+04  2.51e+03 1.16e+00  3.56e+01     0s
   1   2.73558818e+03  1.03697412e+04  8.88e+02 1.20e+00  1.21e+01     0s
   2   2.05946628e+03  5.49648021e+03  1.00e+02 9.77e-15  1.77e+00     0s
   3   2.01933566e+03  2.99338529e+03  3.48e+01 7.77e-15  4.68e-01     0s
   4   2.08821071e+03  2.33744163e+03  3.57e+00 9.38e-15  8.45e-02     0s
   5   2.13931622e+03  2.21616407e+03  7.88e-01 6.13e-15  2.34e-02     0s
   6   2.15491249e+03  2.19737188e+03  3.26e-01 7.45e-15  1.25e-02     0s
   7   2.16120977e+03  2.18750715e+03  1.90e-01 2.69e-15  7.69e-03     0s
   8   2.16600233e+03  2.17792850e+03  1.04e-01 1.78e-15  3.52e-03     0s
   9   2.16969506e+03  2.17534636e+03  4.12e-02 2.85e-15  1.65e-03     0s
  10   2.17221981e+03  2.17302295e+03  6.16e-03 3.48e-15  2.35e-04     0s
  11   2.17269464e+03  2.17283391e+03  4.79e-04 2.89e-15  3.95e-05     0s
  12   2.17275096e+03  2.17276073e+03  5.46e-06 2.31e-15  2.72e-06     0s
  13   2.17275358e+03  2.17275364e+03  1.27e-08 2.68e-15  1.72e-08     0s

Barrier performed 13 iterations in 0.16 seconds (0.13 work units)
Barrier solve interrupted - model solved by another algorithm


Solved with dual simplex

Root relaxation: objective 2.172754e+03, 1087 iterations, 0.04 seconds (0.03 work units)

    Nodes    |    Current Node    |     Objective Bounds      |     Work
 Expl Unexpl |  Obj  Depth IntInf | Incumbent    BestBd   Gap | It/Node Time

     0     0 2172.75361    0  265 1811.00000 2172.75361  20.0%     -    0s
H    0     0                    1828.0000000 2172.75361  18.9%     -    0s
H    0     0                    1843.0000000 2086.70018  13.2%     -    0s
     0     0 2086.70018    0  291 1843.00000 2086.70018  13.2%     -    0s
     0     0 2079.71366    0  301 1843.00000 2079.71366  12.8%     -    0s
     0     0 2079.37045    0  297 1843.00000 2079.37045  12.8%     -    0s
     0     0 2079.35014    0  297 1843.00000 2079.35014  12.8%     -    0s
H    0     0                    1859.0000000 2066.96054  11.2%     -    0s
     0     0 2066.96054    0  294 1859.00000 2066.96054  11.2%     -    0s
     0     0 2064.42108    0  298 1859.00000 2064.42108  11.1%     -    0s
     0     0 2063.93536    0  300 1859.00000 2063.93536  11.0%     -    0s
     0     0 2063.70000    0  293 1859.00000 2063.70000  11.0%     -    0s
     0     0 2063.66815    0  296 1859.00000 2063.66815  11.0%     -    0s
H    0     0                    1867.0000000 2063.66815  10.5%     -    0s
H    0     0                    1874.0000000 2063.66815  10.1%     -    0s
     0     0 2058.47935    0  288 1874.00000 2058.47935  9.84%     -    0s
H    0     0                    1879.0000000 2056.47207  9.45%     -    1s
     0     0 2056.47207    0  290 1879.00000 2056.47207  9.45%     -    1s
     0     0 2055.82694    0  296 1879.00000 2055.82694  9.41%     -    1s
     0     0 2055.60590    0  290 1879.00000 2055.60590  9.40%     -    1s
     0     0 2055.53133    0  290 1879.00000 2055.53133  9.39%     -    1s
H    0     0                    1883.0000000 2055.53133  9.16%     -    1s
     0     0 2053.13318    0  269 1883.00000 2053.13318  9.04%     -    1s
     0     0 2052.19302    0  287 1883.00000 2052.19302  8.99%     -    1s
     0     0 2051.57121    0  287 1883.00000 2051.57121  8.95%     -    1s
     0     0 2051.38779    0  285 1883.00000 2051.38779  8.94%     -    1s
     0     0 2051.27389    0  288 1883.00000 2051.27389  8.94%     -    1s
     0     0 2050.00989    0  277 1883.00000 2050.00989  8.87%     -    1s
     0     0 2049.46719    0  281 1883.00000 2049.46719  8.84%     -    1s
     0     0 2049.29973    0  281 1883.00000 2049.29973  8.83%     -    1s
     0     0 2049.22917    0  283 1883.00000 2049.22917  8.83%     -    1s
     0     0 2048.44181    0  256 1883.00000 2048.44181  8.79%     -    1s
     0     0 2048.44181    0  256 1883.00000 2048.44181  8.79%     -    1s
     0     2 2048.44181    0  256 1883.00000 2048.44181  8.79%     -    2s
H   31    38                    1886.0000000 2045.96456  8.48%   273    2s
H   33    38                    1890.0000000 2045.96456  8.25%   262    2s
H   98   105                    1895.0000000 2045.94970  7.97%   159    3s
H   99   105                    1901.0000000 2045.94970  7.62%   160    3s
   791   849 2007.64117   93  112 1901.00000 2045.94970  7.62%   110    5s
H 1084  1116                    1905.0000000 2045.94970  7.40%  97.8    5s
H 1092  1116                    1913.0000000 2045.94970  6.95%  97.7    5s
H 1755  1539                    1915.0000000 2045.72473  6.83%  87.7    8s
H 1756  1462                    1916.0000000 2045.72473  6.77%  87.6    8s
  1784  1481 2017.27981   77  275 1916.00000 2041.85530  6.57%  86.2   10s
  1839  1518 2033.24418   19  269 1916.00000 2038.41341  6.39%  83.7   15s
H 1871  1471                    1921.0000000 2036.87241  6.03%  98.9   18s
  1934  1526 2033.37170   17  251 1921.00000 2036.84417  6.03%   107   20s
H 1956  1458                    1933.0000000 2036.84417  5.37%   108   21s
  2620  1908 2026.21349   38  208 1933.00000 2036.84417  5.37%   127   25s
  2962  2074 2022.84611   52  190 1933.00000 2036.84417  5.37%   131   31s
H 2972  1998                    1939.0000000 2036.84417  5.05%   131   31s
H 2983  1919                    1949.0000000 2036.84417  4.51%   131   31s
H 3048  1872                    1950.0000000 2036.84417  4.45%   132   31s
H 3146  1819                    1984.0000000 2036.84417  2.66%   133   40s
H 3150  1738                    1987.0000000 2036.84417  2.51%   133   40s
H 3162  1685                    1988.0000000 2036.84417  2.46%   134   41s
H 3169  1625                    1989.0000000 2036.84417  2.41%   134   41s
  3888  2085 2007.60905   78  165 1989.00000 2036.84417  2.41%   133   45s
H 4772  2407                    1990.0000000 2036.21825  2.32%   134   55s
H 4773  2095                    1997.0000000 2036.21825  1.96%   134   55s
  5420  2747 2030.11652   23  230 1997.00000 2034.91963  1.90%   139   60s
  6362  3504 2006.46336   56  191 1997.00000 2034.07965  1.86%   143   66s
  7118  4087 2031.81405   18  267 1997.00000 2033.97801  1.85%   147   70s
  7867  4804 2013.70949   49  178 1997.00000 2033.97801  1.85%   152   75s
H 8314  4931                    1998.0000000 2033.44019  1.77%   155   81s
H 8315  4847                    1999.0000000 2033.44019  1.72%   155   81s
H 8340  4549                    2001.0000000 2033.44019  1.62%   155   81s
  8814  5104 2024.68278   21  260 2001.00000 2033.30546  1.61%   157   86s
  9566  5802 2009.48402   39  219 2001.00000 2032.95469  1.60%   162   91s
 10198  6211 2003.20752   59  164 2001.00000 2032.66596  1.58%   163   95s
 11158  6903 2016.52170   33  240 2001.00000 2032.30393  1.56%   167  101s
 11773  7400 2015.82203   40  197 2001.00000 2032.30393  1.56%   169  106s
 12470  8006 2022.80113   32  242 2001.00000 2032.16280  1.56%   171  111s
 13217  8645 2028.55599   23  269 2001.00000 2031.76333  1.54%   174  116s
 14009  9101 2025.68368   21  224 2001.00000 2031.59158  1.53%   176  122s
 14253  9356 2024.23674   23  235 2001.00000 2031.59158  1.53%   179  125s
 15025  9925 2018.85196   37  211 2001.00000 2031.45013  1.52%   182  132s
 15332 10305 2025.33933   23  270 2001.00000 2031.41042  1.52%   182  136s
 16337 11168 2022.62501   33  207 2001.00000 2031.23355  1.51%   184  143s
 16954 11659 2005.78532   55  201 2001.00000 2031.19924  1.51%   184  147s
 17568 12107 2004.64208   51  223 2001.00000 2031.06332  1.50%   185  151s
 18158 12602 2027.68588   19  243 2001.00000 2031.00367  1.50%   185  156s
 18853 13317 2016.36015   44  217 2001.00000 2030.84709  1.49%   186  161s
 19817 13588     cutoff   68      2001.00000 2030.74997  1.49%   185  166s
 20289 14054 2019.51624   25  245 2001.00000 2030.63286  1.48%   188  172s
 20911 14700 2025.04216   25  260 2001.00000 2030.61957  1.48%   190  177s
 21733 14712 2015.64407   42  201 2001.00000 2030.52117  1.48%   190  189s
 21745 15123 2015.63715   41  209 2001.00000 2030.52117  1.48%   190  196s
 22273 15773     cutoff   66      2001.00000 2030.50216  1.47%   191  203s
 23146 16510 2022.11360   32  225 2001.00000 2030.33806  1.47%   191  210s
 24024 17095 2015.29440   31  233 2001.00000 2030.24879  1.46%   192  217s
 24877 17700 2023.10664   35  226 2001.00000 2030.19059  1.46%   192  225s
 25808 18159 2023.84118   25  259 2001.00000 2029.99680  1.45%   193  233s
 26606 19021 2021.37462   27  247 2001.00000 2029.93204  1.45%   195  242s
 27707 19926 2025.16852   23  230 2001.00000 2029.79291  1.44%   195  251s
 28827 20859 2022.05142   29  230 2001.00000 2029.73390  1.44%   196  260s
 29986 21710 2009.03628   46  218 2001.00000 2029.59521  1.43%   196  270s
 31062 22564 2021.46498   22  226 2001.00000 2029.53231  1.43%   197  280s
 32121 23158 2003.85251   45  202 2001.00000 2029.47544  1.42%   199  291s
 32928 24012 2006.28101   54  208 2001.00000 2029.39075  1.42%   202  302s
 34160 24870 2016.32610   37  222 2001.00000 2029.32987  1.42%   203  314s
 35461 25866 2008.95461   45  192 2001.00000 2029.20874  1.41%   203  325s
 36768 25867 2006.18589   59  256 2001.00000 2029.10976  1.40%   203  367s
 36789 25881 2007.29180   51  265 2001.00000 2029.10976  1.40%   203  370s
 36812 25896 2003.81698   53  263 2001.00000 2029.10976  1.40%   203  375s
 36824 25904 2005.36506   43  275 2001.00000 2029.10976  1.40%   203  380s
 36840 25915 2013.37659   51  279 2001.00000 2029.10976  1.40%   203  385s
 36854 25924 2023.83152   26  277 2001.00000 2029.10976  1.40%   203  390s
 36868 25934 2006.18589   59  280 2001.00000 2029.10976  1.40%   203  395s
 36881 25942 2021.39995   32  288 2001.00000 2029.10976  1.40%   202  400s
 36895 25952 2010.35237   42  284 2001.00000 2029.10976  1.40%   202  405s
 36899 25957 2029.10976   25  279 2001.00000 2029.10976  1.40%   203  410s
 36901 25961 2029.10976   26  274 2001.00000 2029.10976  1.40%   203  422s
 36905 25966 2029.10976   27  272 2001.00000 2029.10976  1.40%   203  426s
 36976 26024 2029.10976   31  263 2001.00000 2029.10976  1.40%   203  430s
 37467 26310 2024.08175   45  225 2001.00000 2029.10976  1.40%   203  435s
 37791 26473 2018.42260   55  213 2001.00000 2029.10976  1.40%   203  440s
 38671 26871 2002.41947   89  121 2001.00000 2029.10976  1.40%   202  445s
 39428 27232 2024.92640   34  249 2001.00000 2029.10976  1.40%   202  450s
 40557 27609 2020.94930   47  243 2001.00000 2028.40604  1.37%   201  455s
 41342 27954 2014.19090   55  207 2001.00000 2028.02110  1.35%   201  460s
 42174 28296 2021.65380   36  238 2001.00000 2027.03948  1.30%   202  465s
 42871 28521 2015.74430   54  231 2001.00000 2026.87510  1.29%   203  470s
 43721 28900 2020.59746   35  257 2001.00000 2026.30909  1.26%   204  476s
 44532 29158 2009.23373   47  227 2001.00000 2025.95355  1.25%   204  481s
 45112 29419 2018.23019   45  210 2001.00000 2025.86032  1.24%   204  485s
 45873 29640 2021.40110   44  246 2001.00000 2025.39392  1.22%   205  491s
 46543 29867 2017.15256   49  213 2001.00000 2025.33508  1.22%   206  495s
 47277 30260 2008.94412   59  179 2001.00000 2025.25010  1.21%   206  500s
 48069 30520 2021.28356   43  235 2001.00000 2025.04709  1.20%   207  506s
 48878 30992 2014.04401   47  210 2001.00000 2024.89294  1.19%   207  512s
 49378 31172 2016.82064   52  205 2001.00000 2024.85515  1.19%   207  515s
 50310 31505 2007.83433   60  194 2001.00000 2024.69977  1.18%   208  521s
 50697 31739 2013.37396   53  200 2001.00000 2024.58668  1.18%   208  525s
 51646 32122 2003.97031   63  157 2001.00000 2024.39941  1.17%   209  532s
 52196 31950 2011.51039   60  171 2001.00000 2024.30770  1.16%   210  551s
 52208 32420 2011.18810   61  162 2001.00000 2024.30676  1.16%   210  555s
 53384 32774 2011.65718   57  215 2001.00000 2024.12900  1.16%   210  563s
 53918 32640 2011.39234   60  233 2001.00000 2024.06032  1.15%   211  575s
 53982 33058 2010.67809   61  221 2001.00000 2024.04820  1.15%   211  580s
 54584 33446 2006.64812   70  179 2001.00000 2023.96726  1.15%   212  586s
 55415 33821 2011.99374   62  184 2001.00000 2023.78479  1.14%   212  592s
 56325 33992 2014.55488   35  236 2001.00000 2023.70761  1.13%   213  598s
 57034 34419 2004.18350   51  217 2001.00000 2023.62679  1.13%   214  605s
 57917 34718 2012.93448   41  221 2001.00000 2023.52645  1.13%   214  612s
 58794 35108 2013.36821   57  210 2001.00000 2023.48513  1.12%   215  619s
 59741 35509 2020.34547   36  231 2001.00000 2023.40188  1.12%   215  626s
 60690 35892 2007.56823   56  222 2001.00000 2023.28964  1.11%   216  634s
 61683 36242 2003.61759   75  174 2001.00000 2023.24175  1.11%   216  641s
 62637 36553 2019.64793   31  239 2001.00000 2023.07653  1.10%   217  650s
 63597 37055 2011.21695   31  247 2001.00000 2022.97539  1.10%   218  659s
 64726 37385 2006.22149   43  226 2001.00000 2022.88941  1.09%   218  668s
 66003 37913 2007.31606   42  205 2001.00000 2022.76517  1.09%   219  677s
 67277 38226 2020.43410   43  230 2001.00000 2022.67232  1.08%   219  687s
 68397 38712 2017.72400   46  232 2001.00000 2022.61028  1.08%   220  697s
 69662 39162 2007.52173   58  187 2001.00000 2022.51569  1.08%   221  707s
 70896 39624 2014.34276   44  235 2001.00000 2022.39403  1.07%   221  717s
 72162 39931 2016.35394   40  238 2001.00000 2022.32133  1.07%   222  727s
 73443 40431     cutoff   60      2001.00000 2022.25581  1.06%   223  738s
 74801 40484 2003.80046   50  193 2001.00000 2022.15743  1.06%   223  778s
 75511 41874 2009.33936   45  208 2001.00000 2022.12417  1.06%   224  798s
 77867 42443 2003.90218   68  176 2001.00000 2022.00307  1.05%   225  813s
 79806 42904 2015.61027   43  226 2001.00000 2021.90855  1.04%   225  826s
 81371 43311 2019.08233   38  214 2001.00000 2021.80980  1.04%   226  839s
 82716 43871 2007.09934   60  166 2001.00000 2021.73847  1.04%   227  851s
 84148 44362 2009.04388   64  187 2001.00000 2021.68184  1.03%   228  864s
 85663 44793 2009.10874   44  235 2001.00000 2021.62678  1.03%   228  876s
 87184 45228 2011.51981   48  239 2001.00000 2021.54663  1.03%   228  888s
 88585 45778 2006.54978   43  242 2001.00000 2021.48149  1.02%   229  901s
 90030 46159 2008.96336   65  180 2001.00000 2021.42851  1.02%   230  913s
 91382 46721 2020.07494   43  198 2001.00000 2021.35003  1.02%   230  926s
 92899 46962 2015.11117   41  251 2001.00000 2021.29301  1.01%   231  937s
 94026 47430 2017.75917   47  214 2001.00000 2021.25787  1.01%   231  949s
 95360 47774     cutoff   80      2001.00000 2021.20960  1.01%   232  962s
 96562 48172 2004.16801   62  184 2001.00000 2021.17203  1.01%   233  974s
 97816 48723 2016.59690   40  231 2001.00000 2021.07640  1.00%   233  988s
 99158 48991 2007.73955   62  180 2001.00000 2021.02174  1.00%   234 1001s
 100378 49429 2017.63404   41  242 2001.00000 2020.98084  1.00%   234 1015s
 101716 49820 2008.77783   67  207 2001.00000 2020.93259  1.00%   235 1029s
 102998 50260 2015.59067   46  204 2001.00000 2020.88138  0.99%   235 1043s
 104305 50477 2004.25530   92   76 2001.00000 2020.84107  0.99%   236 1056s
 105413 50846 2009.50359   47  201 2001.00000 2020.78975  0.99%   237 1071s
 106704 51062 2014.50258   45  222 2001.00000 2020.75981  0.99%   238 1085s
 107923 51441 2011.25031   42  225 2001.00000 2020.72170  0.99%   239 1100s
 109129 51838 2003.70436   63  133 2001.00000 2020.68472  0.98%   240 1114s
 110413 52250 2014.18410   46  221 2001.00000 2020.65482  0.98%   240 1130s
 111731 52605 2013.47486   46  226 2001.00000 2020.61427  0.98%   241 1147s
 113072 53001 2012.64484   38  229 2001.00000 2020.58003  0.98%   241 1165s
 114463 53359 2017.23810   32  247 2001.00000 2020.53530  0.98%   242 1182s
 115906 54207 2007.33592   60  200 2001.00000 2020.50094  0.97%   243 1199s
 117399 55056 2015.96703   44  225 2001.00000 2020.46429  0.97%   243 1217s
 118787 56005 2014.29403   47  221 2001.00000 2020.42070  0.97%   244 1233s
 120135 56636 2013.94321   43  210 2001.00000 2020.38765  0.97%   245 1252s
 121361 57426     cutoff   46      2001.00000 2020.36368  0.97%   246 1269s
 122679 58254 2015.43380   48  245 2001.00000 2020.31506  0.97%   247 1287s
 123983 59233     cutoff   60      2001.00000 2020.26701  0.96%   247 1305s
 125465 60053 2017.44176   37  235 2001.00000 2020.21759  0.96%   248 1323s
 126838 60875 2009.36194   59  196 2001.00000 2020.17296  0.96%   249 1339s
 128062 61837 2007.07940   62  223 2001.00000 2020.14220  0.96%   249 1357s
 129622 62630 2015.98785   48  206 2001.00000 2020.10561  0.95%   249 1375s
 130936 63367 2016.86209   35  211 2001.00000 2020.06019  0.95%   250 1394s
 132349 64264 2015.08782   42  217 2001.00000 2020.02815  0.95%   250 1412s
 133740 65173 2008.37034   49  196 2001.00000 2019.98543  0.95%   251 1431s
 135165 65954 2011.10676   45  224 2001.00000 2019.94024  0.95%   252 1451s
 136477 66754 2013.48783   43  224 2001.00000 2019.89861  0.94%   252 1470s
 137945 67610 2002.52924   60  205 2001.00000 2019.86248  0.94%   253 1489s
 139344 68660 2014.30361   49  205 2001.00000 2019.82686  0.94%   253 1508s
 140861 69491 2004.88320   50  198 2001.00000 2019.79620  0.94%   254 1527s
 142259 70201 2015.50207   45  216 2001.00000 2019.75577  0.94%   254 1547s
 143455 71040 2014.97378   35  223 2001.00000 2019.72145  0.94%   255 1566s
 144881 71839 2014.58752   49  202 2001.00000 2019.67154  0.93%   255 1584s
 146006 72654 2002.17054   45  181 2001.00000 2019.63773  0.93%   256 1606s
 147514 73544 2016.83521   43  209 2001.00000 2019.60053  0.93%   256 1628s
 149006 74367 2003.59518   48  185 2001.00000 2019.57742  0.93%   257 1649s
 150389 75214 2013.74276   49  189 2001.00000 2019.54144  0.93%   258 1672s
 152059 76090 2002.98282   65  161 2001.00000 2019.50923  0.92%   258 1693s
 153598 77128 2009.77861   55  229 2001.00000 2019.46328  0.92%   259 1716s
 155267 78118 2004.52267   54  186 2001.00000 2019.43003  0.92%   259 1738s
 156764 79050 2010.61146   47  239 2001.00000 2019.39527  0.92%   259 1761s
 158231 79824 2010.99860   49  223 2001.00000 2019.36762  0.92%   260 1783s
 159818 80690 2010.03536   48  207 2001.00000 2019.33684  0.92%   260 1806s
 161316 81475 2005.58058   63  212 2001.00000 2019.30781  0.91%   261 1829s
 162839 82124 2008.57117   53  182 2001.00000 2019.28217  0.91%   261 1847s
 164010 83098 2015.51635   53  252 2001.00000 2019.25256  0.91%   262 1872s
 165751 83189 2004.39324   63  153 2001.00000 2019.23008  0.91%   262 1912s
 165930 84451 2003.87718   64  163 2001.00000 2019.22951  0.91%   262 1940s
 167935 85472 2015.53488   51  216 2001.00000 2019.19345  0.91%   263 1964s
 169575 86355 2008.27605   51  193 2001.00000 2019.15746  0.91%   263 1990s
 171347 87276 2007.36045   57  196 2001.00000 2019.13461  0.91%   263 2014s
 172226 87276 2012.57035   45  198 2001.00000 2019.12927  0.91%   264 2015s
 172892 88132     cutoff   57      2001.00000 2019.10403  0.90%   264 2039s
 174525 89043 2012.65403   49  195 2001.00000 2019.07613  0.90%   265 2064s
 176095 89797 2014.40118   46  216 2001.00000 2019.04020  0.90%   265 2088s
 177470 90649 2013.19223   50  231 2001.00000 2019.02478  0.90%   265 2113s
 178998 91727 2014.02349   47  208 2001.00000 2018.99088  0.90%   266 2138s
 180694 92479 2008.82067   59  208 2001.00000 2018.96543  0.90%   266 2158s
 181975 93350 2010.21763   53  223 2001.00000 2018.93427  0.90%   267 2183s
 183599 94236 2009.25753   59  200 2001.00000 2018.90393  0.89%   267 2207s
 185118 95280 2002.32450   41  210 2001.00000 2018.87404  0.89%   268 2233s
 186789 96274 2004.35758   64  196 2001.00000 2018.84704  0.89%   268 2257s
 188439 97322 2009.72115   42  239 2001.00000 2018.82064  0.89%   268 2281s
 190057 98223 2015.03205   49  197 2001.00000 2018.79776  0.89%   268 2305s
 191564 99046 2007.63615   68  219 2001.00000 2018.76033  0.89%   269 2330s
 192978 99915 2004.60739   48  232 2001.00000 2018.72932  0.89%   269 2356s
 194481 100840 2002.59366   51  206 2001.00000 2018.70425  0.88%   270 2382s
 196023 101896     cutoff   51      2001.00000 2018.68029  0.88%   270 2408s
 197672 102734 2004.37791   53  198 2001.00000 2018.65250  0.88%   270 2434s
 199308 103411 2007.25256   51  181 2001.00000 2018.64141  0.88%   271 2456s
 200500 104499 2014.37083   42  236 2001.00000 2018.59846  0.88%   271 2486s
 202370 105349 2005.85233   65  177 2001.00000 2018.57667  0.88%   271 2514s
 203891 106441 2006.09597   53  223 2001.00000 2018.54845  0.88%   272 2542s
 205731 107359 2005.23528   51  205 2001.00000 2018.51231  0.88%   272 2568s
 207398 108401 2010.07647   45  221 2001.00000 2018.48847  0.87%   273 2596s
 209093 109329 2008.60326   50  222 2001.00000 2018.46133  0.87%   273 2623s
 210695 110287 2011.04519   43  223 2001.00000 2018.43465  0.87%   273 2651s
 212356 111242 2015.66487   45  202 2001.00000 2018.40714  0.87%   274 2678s
 213957 112243     cutoff   39      2001.00000 2018.38472  0.87%   274 2706s
 215779 113226 2011.04087   54  209 2001.00000 2018.34567  0.87%   274 2734s
 217439 113988 2004.48248   54  195 2001.00000 2018.32164  0.87%   275 2756s
 218902 114862 2003.68957   59  176 2001.00000 2018.30429  0.86%   275 2782s
 220563 115722 2010.62926   52  208 2001.00000 2018.27534  0.86%   275 2807s
 222098 115729 2013.50966   45  231 2001.00000 2018.26425  0.86%   276 2875s
 222115 116788 2012.97261   46  230 2001.00000 2018.26406  0.86%   276 2902s
 223851 117767 2002.55120   40  203 2001.00000 2018.23421  0.86%   276 2928s
 225552 118874 2010.75961   52  216 2001.00000 2018.20759  0.86%   277 2955s
 227362 119790 2014.23488   47  220 2001.00000 2018.18111  0.86%   277 2982s
 228864 120818 2002.76328   56  209 2001.00000 2018.15879  0.86%   277 3009s
 230688 121610     cutoff   65      2001.00000 2018.12113  0.86%   277 3036s
 232574 122634 2014.12966   39  226 2001.00000 2018.09385  0.85%   278 3063s
 234532 123554 2002.66426   65  201 2001.00000 2018.07305  0.85%   278 3090s
 236372 124313 2002.28760   51  171 2001.00000 2018.04904  0.85%   278 3113s
 237786 125521 2010.44247   47  214 2001.00000 2018.01839  0.85%   278 3143s
 239706 126650 2012.11842   49  204 2001.00000 2017.99218  0.85%   278 3171s
 241589 127343 2010.89039   57  197 2001.00000 2017.97257  0.85%   279 3198s
 243064 128313 2005.02335   59  171 2001.00000 2017.94717  0.85%   279 3227s
 244795 129393     cutoff   65      2001.00000 2017.93275  0.85%   279 3257s
 246879 130609 2010.69599   50  216 2001.00000 2017.90572  0.84%   280 3284s
 248826 131601 2010.72161   43  237 2001.00000 2017.87328  0.84%   280 3313s
 250634 132531 2006.55752   53  222 2001.00000 2017.84217  0.84%   280 3341s
 252605 133537 2008.63385   57  183 2001.00000 2017.81833  0.84%   280 3369s
 254398 134336 2003.20330   64  141 2001.00000 2017.79835  0.84%   280 3394s
 255917 135343 2002.33558   48  201 2001.00000 2017.77943  0.84%   280 3422s
 257751 136295 2003.00749   64  192 2001.00000 2017.75510  0.84%   281 3451s
 259652 137274 2012.14178   38  201 2001.00000 2017.72836  0.84%   281 3479s
 261404 138330 2013.26835   52  208 2001.00000 2017.70474  0.83%   281 3508s
 263189 139357 2002.92114   50  219 2001.00000 2017.68240  0.83%   282 3537s
 265031 140348 2002.75921   58  183 2001.00000 2017.65886  0.83%   282 3565s
 266883 141461 2010.25205   54  191 2001.00000 2017.62964  0.83%   282 3592s
 268865 141720 2008.42121   66  172 2001.00000 2017.60741  0.83%   282 3600s

Cutting planes:
  Gomory: 28
  Implied bound: 4
  MIR: 1742
  Flow cover: 1729
  RLT: 82
  Relax-and-lift: 33

Explored 269408 nodes (75972910 simplex iterations) in 3600.12 seconds (4008.38 work units)
Thread count was 12 (of 12 available processors)

Solution count 10: 2001 1999 1998 ... 1950

Time limit reached
Best objective 2.001000000000e+03, best bound 2.017000000000e+03, gap 0.7996%
