
Gurobi 9.5.1 (linux64) logging started Tue Jun  7 14:43:34 2022

Set parameter LogFile to value "../results/logs/log_facebook_combined_17_16_2022_06_07_14_43.log"
Gurobi Optimizer version 9.5.1 build v9.5.1rc2 (linux64)
Thread count: 8 physical cores, 8 logical processors, using up to 8 threads
Optimize a model with 1003 rows, 8078 columns and 27347 nonzeros
Model fingerprint: 0xf33e1461
Variable types: 0 continuous, 8078 integer (8078 binary)
Coefficient statistics:
  Matrix range     [1e+00, 2e+01]
  Objective range  [1e+00, 1e+00]
  Bounds range     [1e+00, 1e+00]
  RHS range        [1e+00, 2e+01]
Found heuristic solution: objective 2061.0000000
Presolve removed 33 rows and 6571 columns
Presolve time: 0.03s
Presolved: 970 rows, 1507 columns, 17213 nonzeros
Found heuristic solution: objective 2069.0000000
Variable types: 0 continuous, 1507 integer (1421 binary)

Root relaxation: objective 2.439433e+03, 741 iterations, 0.01 seconds (0.01 work units)

    Nodes    |    Current Node    |     Objective Bounds      |     Work
 Expl Unexpl |  Obj  Depth IntInf | Incumbent    BestBd   Gap | It/Node Time

     0     0 2439.43297    0  262 2069.00000 2439.43297  17.9%     -    0s
H    0     0                    2071.0000000 2439.43297  17.8%     -    0s
H    0     0                    2095.0000000 2439.43297  16.4%     -    0s
H    0     0                    2097.0000000 2439.43297  16.3%     -    0s
H    0     0                    2098.0000000 2341.86950  11.6%     -    0s
H    0     0                    2105.0000000 2341.86950  11.3%     -    0s
     0     0 2334.56771    0  238 2105.00000 2334.56771  10.9%     -    0s
H    0     0                    2110.0000000 2334.56771  10.6%     -    0s
     0     0 2333.39431    0  231 2110.00000 2333.39431  10.6%     -    0s
     0     0 2331.54067    0  239 2110.00000 2331.54067  10.5%     -    0s
     0     0 2331.12071    0  256 2110.00000 2331.12071  10.5%     -    0s
     0     0 2331.08823    0  259 2110.00000 2331.08823  10.5%     -    0s
H    0     0                    2124.0000000 2331.08823  9.75%     -    0s
H    0     0                    2125.0000000 2312.12320  8.81%     -    0s
     0     0 2312.12320    0  265 2125.00000 2312.12320  8.81%     -    0s
H    0     0                    2134.0000000 2305.84698  8.05%     -    0s
     0     0 2305.84698    0  271 2134.00000 2305.84698  8.05%     -    0s
     0     0 2303.97103    0  271 2134.00000 2303.97103  7.96%     -    0s
H    0     0                    2140.0000000 2303.56182  7.64%     -    0s
     0     0 2303.56182    0  285 2140.00000 2303.56182  7.64%     -    0s
     0     0 2303.45053    0  289 2140.00000 2303.45053  7.64%     -    0s
     0     0 2303.43064    0  305 2140.00000 2303.43064  7.64%     -    0s
H    0     0                    2142.0000000 2303.43064  7.54%     -    0s
H    0     0                    2167.0000000 2303.43064  6.30%     -    0s
H    0     0                    2195.0000000 2303.43064  4.94%     -    0s
     0     0 2296.21166    0  300 2195.00000 2296.21166  4.61%     -    0s
H    0     0                    2207.0000000 2296.21166  4.04%     -    0s
     0     0 2292.48722    0  322 2207.00000 2292.48722  3.87%     -    0s
     0     0 2291.55362    0  316 2207.00000 2291.55362  3.83%     -    0s
     0     0 2290.99151    0  345 2207.00000 2290.99151  3.81%     -    0s
     0     0 2290.78760    0  347 2207.00000 2290.78760  3.80%     -    0s
     0     0 2290.70760    0  352 2207.00000 2290.70760  3.79%     -    0s
     0     0 2287.48871    0  341 2207.00000 2287.48871  3.65%     -    0s
     0     0 2286.51141    0  346 2207.00000 2286.51141  3.60%     -    1s
     0     0 2286.26870    0  359 2207.00000 2286.26870  3.59%     -    1s
     0     0 2286.04403    0  364 2207.00000 2286.04403  3.58%     -    1s
     0     0 2285.97329    0  369 2207.00000 2285.97329  3.58%     -    1s
     0     0 2284.71433    0  347 2207.00000 2284.71433  3.52%     -    1s
     0     0 2284.35857    0  368 2207.00000 2284.35857  3.51%     -    1s
     0     0 2284.20199    0  368 2207.00000 2284.20199  3.50%     -    1s
H    0     0                    2216.0000000 2284.20199  3.08%     -    1s
     0     0 2283.64251    0  374 2216.00000 2283.64251  3.05%     -    1s
     0     0 2283.64251    0  373 2216.00000 2283.64251  3.05%     -    1s
H    0     0                    2224.0000000 2283.48867  2.67%     -    1s
     0     2 2283.48867    0  372 2224.00000 2283.48867  2.67%     -    1s
H   31    39                    2225.0000000 2282.78009  2.60%   122    1s
H 1507  1189                    2226.0000000 2282.06037  2.52%  71.5    3s
H 1510  1131                    2230.0000000 2282.06037  2.33%  71.3    3s
  1555  1161 2271.26734   22  328 2230.00000 2274.19725  1.98%  69.2    5s
  1639  1217 2265.26469   19  365 2230.00000 2270.45101  1.81%  65.7   10s
H 1734  1226                    2232.0000000 2268.18673  1.62%  78.0   14s
H 1870  1245                    2233.0000000 2267.71150  1.55%  79.0   14s
  1909  1272 2260.80292   36  338 2233.00000 2267.71150  1.55%  80.2   15s
H 3882  1895                    2234.0000000 2263.63554  1.33%   105   19s
  4159  2048 2245.84558   41  337 2234.00000 2263.63554  1.33%   108   20s
H 4767  2115                    2235.0000000 2262.43695  1.23%   113   21s
  5858  2822 2243.90347   44  214 2235.00000 2261.37667  1.18%   119   25s
  9007  4605 2245.79912   34  277 2235.00000 2259.67321  1.10%   125   30s
 11852  6372 2249.79084   41  390 2235.00000 2258.61653  1.06%   127   35s
 13650  7437 2250.19772   54  282 2235.00000 2258.30759  1.04%   130   40s
 16404  9012 2256.13964   34  415 2235.00000 2257.64889  1.01%   132   45s
 18847 10365     cutoff   38      2235.00000 2257.20487  0.99%   135   50s
 21028 11552     cutoff   34      2235.00000 2256.87825  0.98%   139   55s
 24593 13343 2250.92136   39  378 2235.00000 2256.43078  0.96%   140   61s
 25981 14058 2242.02451   52  201 2235.00000 2256.20188  0.95%   141   65s
 28552 15305 2247.83068   48  312 2235.00000 2255.94685  0.94%   143   70s
 29397 15306 2236.59686   63  373 2235.00000 2255.89003  0.93%   144   77s
 29429 15327 2245.86679   32  385 2235.00000 2255.89003  0.93%   144   80s
 29461 15349 2244.67093   58  387 2235.00000 2255.89003  0.93%   144   85s
 29488 15367 2251.01860   31  383 2235.00000 2255.89003  0.93%   143   90s
 29509 15381 2242.73022   43  415 2235.00000 2255.89003  0.93%   143   95s
 29539 15408 2255.89003   37  339 2235.00000 2255.89003  0.93%   144  100s
 31096 16112 2248.60371   62  248 2235.00000 2255.89003  0.93%   142  105s
 34066 16981 2244.95678   45  315 2235.00000 2255.89003  0.93%   141  110s
 36472 17531 2244.95002   62  298 2235.00000 2255.89003  0.93%   143  115s
 39378 18113     cutoff   50      2235.00000 2254.91018  0.89%   144  120s
 41888 18681     cutoff   46      2235.00000 2254.08391  0.85%   146  125s
 44330 19002     cutoff   56      2235.00000 2253.40208  0.82%   147  130s
 45819 19092 2246.81197   45  345 2235.00000 2253.02424  0.81%   148  136s
 48127 19324 2239.75991   41  380 2235.00000 2252.45799  0.78%   150  141s
 50531 19404 2247.58300   49  358 2235.00000 2251.88299  0.76%   153  146s
 52247 19496 2246.83616   47  351 2235.00000 2251.60148  0.74%   154  150s
 54707 19608 2241.99960   62  207 2235.00000 2251.15667  0.72%   156  156s
 56518 19658 2246.88185   46  333 2235.00000 2250.85279  0.71%   157  160s
 58977 19654 2243.12357   47  348 2235.00000 2250.47440  0.69%   159  166s
 60718 19774     cutoff   49      2235.00000 2250.22880  0.68%   161  170s
 62507 19902 2243.29108   50  309 2235.00000 2250.06133  0.67%   162  175s
*63736 16784              87    2238.0000000 2249.91355  0.53%   162  177s
H64295 14468                    2239.0000000 2249.82163  0.48%   163  179s
 65200 14317     cutoff   59      2239.00000 2249.69020  0.48%   163  181s
 66931 14062 2240.71708   71  144 2239.00000 2249.40533  0.46%   164  186s
 68625 13775 2245.52867   48  370 2239.00000 2249.14125  0.45%   166  191s
 70490 13466     cutoff   58      2239.00000 2248.84966  0.44%   167  195s
H71620 11859                    2240.0000000 2248.70406  0.39%   167  197s
 72442 11935 2246.82914   58  250 2240.00000 2248.57190  0.38%   168  200s
H73013 10186                    2241.0000000 2248.53486  0.34%   168  200s
 75263 10199 2245.71079   48  315 2241.00000 2248.08783  0.32%   169  207s
 77328 10154 2245.38573   43  368 2241.00000 2247.72482  0.30%   170  211s
 79494 10103 2244.08151   54  312 2241.00000 2247.37203  0.28%   170  216s
 81588  9910 2243.14690   56  276 2241.00000 2247.05008  0.27%   171  222s
 83878  9659 2242.37367   66  221 2241.00000 2246.70614  0.25%   171  227s
 86293  9330 2243.09130   61  301 2241.00000 2246.32506  0.24%   171  232s
 87499  9101 2242.89628   64  249 2241.00000 2246.14832  0.23%   171  235s
 89598  8583     cutoff   62      2241.00000 2245.85548  0.22%   172  242s
 92334  7835     cutoff   65      2241.00000 2245.49454  0.20%   171  247s
 93774  7445 2243.89753   55  241 2241.00000 2245.29776  0.19%   171  250s
 96594  6341     cutoff   45      2241.00000 2244.89072  0.17%   171  255s
 99496  5063     cutoff   55      2241.00000 2244.51339  0.16%   170  261s
 102190  3276     cutoff   46      2241.00000 2243.96841  0.13%   169  265s

Cutting planes:
  Gomory: 56
  Cover: 148
  Implied bound: 8
  MIR: 380
  StrongCG: 10
  Flow cover: 973
  GUB cover: 208
  Inf proof: 5
  Zero half: 20
  RLT: 185
  Relax-and-lift: 2

Explored 107170 nodes (17663872 simplex iterations) in 269.13 seconds (795.81 work units)
Thread count was 8 (of 8 available processors)

Solution count 10: 2241 2240 2239 ... 2226

Optimal solution found (tolerance 0.00e+00)
Best objective 2.241000000000e+03, best bound 2.241000000000e+03, gap 0.0000%
