
Gurobi 9.5.1 (linux64) logging started Sun Jun 19 02:39:00 2022

Set parameter LogFile to value "../results/logs/log_soc-twitter-higgs.e_17_2_2022_06_19_02_07.log"
Gurobi Optimizer version 9.5.1 build v9.5.1rc2 (linux64)
Thread count: 8 physical cores, 8 logical processors, using up to 8 threads
Optimize a model with 14117 rows, 913262 columns and 507840 nonzeros
Model fingerprint: 0xa0f84941
Variable types: 0 continuous, 913262 integer (913262 binary)
Coefficient statistics:
  Matrix range     [1e+00, 2e+01]
  Objective range  [1e+00, 1e+00]
  Bounds range     [1e+00, 1e+00]
  RHS range        [1e+00, 2e+00]
Found heuristic solution: objective 231419.00000
Presolve removed 9977 rows and 906024 columns
Presolve time: 1.34s
Presolved: 4140 rows, 7238 columns, 24799 nonzeros
Variable types: 0 continuous, 7238 integer (6258 binary)
Found heuristic solution: objective 231424.00000

Root relaxation: objective 2.319340e+05, 1589 iterations, 0.01 seconds (0.01 work units)

    Nodes    |    Current Node    |     Objective Bounds      |     Work
 Expl Unexpl |  Obj  Depth IntInf | Incumbent    BestBd   Gap | It/Node Time

     0     0 231933.909    0  662 231424.000 231933.909  0.22%     -    1s
H    0     0                    231425.00000 231933.909  0.22%     -    1s
     0     0 231529.892    0  117 231425.000 231529.892  0.05%     -    1s
H    0     0                    231441.00000 231529.892  0.04%     -    1s
     0     0 231527.503    0  110 231441.000 231527.503  0.04%     -    1s
     0     0 231527.424    0  100 231441.000 231527.424  0.04%     -    1s
H    0     0                    231454.00000 231527.424  0.03%     -    1s
     0     0 231499.935    0   73 231454.000 231499.935  0.02%     -    1s
     0     0 231499.417    0   75 231454.000 231499.417  0.02%     -    1s
     0     0 231499.085    0   81 231454.000 231499.085  0.02%     -    1s
     0     0 231498.595    0   85 231454.000 231498.595  0.02%     -    1s
     0     0 231498.595    0   79 231454.000 231498.595  0.02%     -    1s
     0     0 231490.028    0   91 231454.000 231490.028  0.02%     -    1s
     0     0 231488.583    0  123 231454.000 231488.583  0.01%     -    2s
     0     0 231487.617    0  106 231454.000 231487.617  0.01%     -    2s
     0     0 231487.567    0   99 231454.000 231487.567  0.01%     -    2s
     0     0 231482.486    0   87 231454.000 231482.486  0.01%     -    2s
     0     0 231481.252    0   94 231454.000 231481.252  0.01%     -    2s
     0     0 231481.197    0   93 231454.000 231481.197  0.01%     -    2s
     0     0 231479.842    0  107 231454.000 231479.842  0.01%     -    2s
     0     0 231479.842    0  107 231454.000 231479.842  0.01%     -    2s
     0     2 231479.842    0  107 231454.000 231479.842  0.01%     -    2s

Cutting planes:
  Gomory: 120
  Lift-and-project: 5
  Cover: 45
  Implied bound: 8
  MIR: 348
  StrongCG: 38
  GUB cover: 229
  Zero half: 67
  Mod-K: 1
  RLT: 199
  Relax-and-lift: 2

Explored 442 nodes (11899 simplex iterations) in 3.13 seconds (2.67 work units)
Thread count was 8 (of 8 available processors)

Solution count 5: 231454 231441 231425 ... 231419

Optimal solution found (tolerance 0.00e+00)
Best objective 2.314540000000e+05, best bound 2.314540000000e+05, gap 0.0000%
