
Gurobi 9.5.1 (linux64) logging started Thu Jun  2 04:15:24 2022

Set parameter LogFile to value "../results/logs/log_soc-dogster.e_12_250_2022_06_02_01_06.log"
Gurobi Optimizer version 9.5.1 build v9.5.1rc2 (linux64)
Thread count: 8 physical cores, 8 logical processors, using up to 8 threads
Optimize a model with 853633 rows, 853632 columns and 35881460 nonzeros
Model fingerprint: 0xc0384b7e
Variable types: 0 continuous, 853632 integer (853632 binary)
Coefficient statistics:
  Matrix range     [1e+00, 1e+01]
  Objective range  [1e+00, 1e+00]
  Bounds range     [1e+00, 1e+00]
  RHS range        [1e+00, 2e+02]
Found heuristic solution: objective -0.0000000
Presolve removed 0 rows and 0 columns (presolve time = 7s) ...
Presolve removed 225934 rows and 117457 columns (presolve time = 11s) ...
Presolve removed 227792 rows and 117872 columns (presolve time = 16s) ...
Presolve removed 227858 rows and 117878 columns (presolve time = 21s) ...
Presolve removed 227858 rows and 163298 columns (presolve time = 28s) ...
Presolve removed 227858 rows and 163298 columns (presolve time = 30s) ...
Presolve removed 227858 rows and 163298 columns (presolve time = 35s) ...
Presolve removed 227858 rows and 163298 columns (presolve time = 40s) ...
Presolve removed 227858 rows and 163298 columns (presolve time = 45s) ...
Presolve removed 227858 rows and 163298 columns (presolve time = 50s) ...
Presolve removed 227858 rows and 163298 columns (presolve time = 55s) ...
Presolve removed 227858 rows and 163298 columns (presolve time = 60s) ...
Presolve removed 227858 rows and 163298 columns (presolve time = 67s) ...
Presolve removed 227858 rows and 163298 columns (presolve time = 71s) ...
Presolve removed 227858 rows and 252945 columns (presolve time = 75s) ...
Presolve removed 227858 rows and 252945 columns (presolve time = 80s) ...
Presolve removed 227858 rows and 252945 columns (presolve time = 85s) ...
Presolve removed 227858 rows and 252945 columns (presolve time = 90s) ...
Presolve removed 227858 rows and 252945 columns (presolve time = 95s) ...
Presolve removed 407152 rows and 252945 columns (presolve time = 100s) ...
Presolve removed 407152 rows and 252945 columns (presolve time = 106s) ...
Presolve removed 407152 rows and 274881 columns (presolve time = 112s) ...
Presolve removed 407152 rows and 274881 columns (presolve time = 119s) ...
Presolve removed 407152 rows and 274881 columns (presolve time = 120s) ...
Presolve removed 407152 rows and 274881 columns (presolve time = 125s) ...
Presolve removed 407152 rows and 274881 columns (presolve time = 130s) ...
Presolve removed 407153 rows and 274883 columns (presolve time = 135s) ...
Presolve removed 407153 rows and 274883 columns (presolve time = 143s) ...
Presolve removed 407153 rows and 274883 columns (presolve time = 145s) ...
Presolve removed 407153 rows and 274883 columns (presolve time = 151s) ...
Presolve removed 407153 rows and 274883 columns (presolve time = 155s) ...
Presolve removed 407153 rows and 274883 columns (presolve time = 160s) ...
Presolve removed 407153 rows and 274883 columns (presolve time = 167s) ...
Presolve removed 407153 rows and 274883 columns (presolve time = 170s) ...
Presolve removed 407153 rows and 274883 columns (presolve time = 175s) ...
Presolve removed 407153 rows and 274883 columns (presolve time = 182s) ...
Presolve removed 407153 rows and 274883 columns (presolve time = 186s) ...
Presolve removed 407151 rows and 274881 columns
Presolve time: 189.87s
Presolved: 446482 rows, 578751 columns, 31655384 nonzeros
Variable types: 0 continuous, 578751 integer (560713 binary)
Found heuristic solution: objective 213293.00000

Deterministic concurrent LP optimizer: primal simplex, dual simplex, and barrier
Showing barrier log only...

Root barrier log...

Elapsed ordering time = 5s
Elapsed ordering time = 10s
Elapsed ordering time = 15s
Elapsed ordering time = 20s
Elapsed ordering time = 25s
Elapsed ordering time = 30s
Elapsed ordering time = 35s
Elapsed ordering time = 40s
Elapsed ordering time = 45s
Elapsed ordering time = 50s
Elapsed ordering time = 55s
Elapsed ordering time = 60s
Elapsed ordering time = 65s
Elapsed ordering time = 70s
Elapsed ordering time = 75s
Elapsed ordering time = 80s
Elapsed ordering time = 85s
Elapsed ordering time = 90s
Elapsed ordering time = 95s
Elapsed ordering time = 100s
Elapsed ordering time = 105s
Elapsed ordering time = 110s
Elapsed ordering time = 115s
Elapsed ordering time = 120s
Elapsed ordering time = 125s
Elapsed ordering time = 130s
Elapsed ordering time = 137s
Elapsed ordering time = 140s
Elapsed ordering time = 145s
Elapsed ordering time = 150s
Elapsed ordering time = 155s
Elapsed ordering time = 160s
Elapsed ordering time = 165s
Elapsed ordering time = 170s
Elapsed ordering time = 175s
Elapsed ordering time = 180s
Elapsed ordering time = 185s
Elapsed ordering time = 190s
Elapsed ordering time = 195s
Elapsed ordering time = 200s
Elapsed ordering time = 205s
Elapsed ordering time = 210s
Elapsed ordering time = 215s
Elapsed ordering time = 220s
Elapsed ordering time = 225s
Elapsed ordering time = 230s
Elapsed ordering time = 235s
Elapsed ordering time = 240s
Elapsed ordering time = 245s
Elapsed ordering time = 250s
Elapsed ordering time = 255s
Elapsed ordering time = 260s
Elapsed ordering time = 265s
Elapsed ordering time = 270s
Elapsed ordering time = 275s
Elapsed ordering time = 280s
Elapsed ordering time = 285s
Elapsed ordering time = 290s
Elapsed ordering time = 295s
Elapsed ordering time = 300s
Elapsed ordering time = 305s
Elapsed ordering time = 310s
Elapsed ordering time = 315s
Elapsed ordering time = 320s
Elapsed ordering time = 325s
Elapsed ordering time = 330s
Elapsed ordering time = 335s
Elapsed ordering time = 340s
Elapsed ordering time = 345s
Elapsed ordering time = 350s
Elapsed ordering time = 355s
Elapsed ordering time = 360s
Elapsed ordering time = 365s
Elapsed ordering time = 370s
Elapsed ordering time = 375s
Elapsed ordering time = 380s
Elapsed ordering time = 385s
Elapsed ordering time = 390s
Elapsed ordering time = 395s
Elapsed ordering time = 400s
Elapsed ordering time = 405s
Elapsed ordering time = 410s
Elapsed ordering time = 415s
Elapsed ordering time = 420s
Elapsed ordering time = 425s
Elapsed ordering time = 430s
Elapsed ordering time = 435s
Elapsed ordering time = 440s
Elapsed ordering time = 445s
Elapsed ordering time = 450s
Elapsed ordering time = 455s
Elapsed ordering time = 460s
Elapsed ordering time = 465s
Elapsed ordering time = 470s
Elapsed ordering time = 475s
Elapsed ordering time = 480s
Elapsed ordering time = 485s
Elapsed ordering time = 490s
Elapsed ordering time = 495s
Elapsed ordering time = 500s
Elapsed ordering time = 505s
Elapsed ordering time = 510s
Elapsed ordering time = 515s
Elapsed ordering time = 520s
Elapsed ordering time = 525s
Elapsed ordering time = 530s
Elapsed ordering time = 535s
Elapsed ordering time = 540s
Elapsed ordering time = 545s
Elapsed ordering time = 550s
Elapsed ordering time = 555s
Elapsed ordering time = 560s
Elapsed ordering time = 565s
Elapsed ordering time = 570s
Elapsed ordering time = 575s
Elapsed ordering time = 580s
Elapsed ordering time = 585s
Elapsed ordering time = 590s
Elapsed ordering time = 595s
Elapsed ordering time = 600s
Elapsed ordering time = 616s
Elapsed ordering time = 627s
