
Gurobi 9.5.1 (linux64) logging started Sun Jul  3 20:56:39 2022

Set parameter LogFile to value "../results/logs/log_Brightkite_edges_20_20_2022_07_03_20_56.log"
Gurobi Optimizer version 9.5.1 build v9.5.1rc2 (linux64)
Thread count: 8 physical cores, 8 logical processors, using up to 8 threads
Optimize a model with 11909 rows, 116456 columns and 340380 nonzeros
Model fingerprint: 0xfca94d7e
Variable types: 0 continuous, 116456 integer (116456 binary)
Coefficient statistics:
  Matrix range     [1e+00, 2e+01]
  Objective range  [1e+00, 1e+00]
  Bounds range     [1e+00, 1e+00]
  RHS range        [1e+00, 2e+01]
Found heuristic solution: objective 947.0000000
Presolve removed 51 rows and 93993 columns
Presolve time: 0.51s
Presolved: 11858 rows, 22463 columns, 186918 nonzeros
Found heuristic solution: objective 951.0000000
Variable types: 0 continuous, 22463 integer (19685 binary)

Deterministic concurrent LP optimizer: primal and dual simplex
Showing first log only...

Warning: Markowitz tolerance tightened to 0.0625
Concurrent spin time: 0.00s

Solved with dual simplex

Root relaxation: objective 2.998341e+03, 3057 iterations, 1.79 seconds (2.97 work units)

    Nodes    |    Current Node    |     Objective Bounds      |     Work
 Expl Unexpl |  Obj  Depth IntInf | Incumbent    BestBd   Gap | It/Node Time

     0     0 2998.34146    0 2472  951.00000 2998.34146   215%     -    3s
H    0     0                     953.0000000 2998.34146   215%     -    5s
H    0     0                    1103.0000000 2523.76707   129%     -    9s
     0     0 2523.76707    0 2244 1103.00000 2523.76707   129%     -    9s
H    0     0                    1120.0000000 2523.76707   125%     -   16s
     0     0 1908.44345    0 2151 1120.00000 1908.44345  70.4%     -   18s
     0     0 1893.35453    0 1928 1120.00000 1893.35453  69.0%     -   19s
     0     0 1888.78204    0 1482 1120.00000 1888.78204  68.6%     -   20s
     0     0 1856.62562    0 1679 1120.00000 1856.62562  65.8%     -   22s
H    0     0                    1129.0000000 1849.94249  63.9%     -   22s
     0     0 1849.94249    0 1637 1129.00000 1849.94249  63.9%     -   22s
     0     0 1848.07755    0 1520 1129.00000 1848.07755  63.7%     -   23s
     0     0 1847.57712    0 1766 1129.00000 1847.57712  63.6%     -   24s
     0     0 1847.37107    0 1644 1129.00000 1847.37107  63.6%     -   24s
     0     0 1847.25716    0 1806 1129.00000 1847.25716  63.6%     -   24s
     0     0 1847.18931    0 1643 1129.00000 1847.18931  63.6%     -   24s
     0     0 1685.53698    0 1408 1129.00000 1685.53698  49.3%     -   32s
     0     0 1631.31165    0 1682 1129.00000 1631.31165  44.5%     -   34s
     0     0 1604.24706    0 1993 1129.00000 1604.24706  42.1%     -   38s
     0     0 1586.73992    0 2238 1129.00000 1586.73992  40.5%     -   42s
     0     0 1580.10589    0 2215 1129.00000 1580.10589  40.0%     -   45s
H    0     0                    1136.0000000 1577.21779  38.8%     -   47s
     0     0 1577.21779    0 2355 1136.00000 1577.21779  38.8%     -   48s
     0     0 1575.52743    0 2466 1136.00000 1575.52743  38.7%     -   50s
     0     0 1574.96025    0 2435 1136.00000 1574.96025  38.6%     -   52s
     0     0 1544.03560    0 2200 1136.00000 1544.03560  35.9%     -   62s
     0     0 1530.96635    0 2360 1136.00000 1530.96635  34.8%     -   66s
     0     0 1526.30675    0 2459 1136.00000 1526.30675  34.4%     -   69s
     0     0 1517.09452    0 2498 1136.00000 1517.09452  33.5%     -   73s
     0     0 1510.80432    0 2492 1136.00000 1510.80432  33.0%     -   76s
H    0     0                    1156.0000000 1508.15197  30.5%     -   79s
     0     0 1508.15197    0 2635 1156.00000 1508.15197  30.5%     -   79s
     0     0 1506.04151    0 2795 1156.00000 1506.04151  30.3%     -   81s
H    0     0                    1157.0000000 1505.15506  30.1%     -   83s
     0     0 1505.15506    0 2878 1157.00000 1505.15506  30.1%     -   83s
H    0     0                    1159.0000000 1505.15506  29.9%     -   89s
H    0     0                    1161.0000000 1496.79015  28.9%     -   94s
     0     0 1496.79015    0 2658 1161.00000 1496.79015  28.9%     -   94s
     0     0 1492.19905    0 2759 1161.00000 1492.19905  28.5%     -   99s
     0     0 1489.45310    0 2819 1161.00000 1489.45310  28.3%     -  103s
H    0     0                    1163.0000000 1487.90922  27.9%     -  107s
     0     0 1487.90922    0 3027 1163.00000 1487.90922  27.9%     -  107s
     0     0 1486.55122    0 3030 1163.00000 1486.55122  27.8%     -  111s
H    0     0                    1164.0000000 1484.50069  27.5%     -  116s
     0     0 1484.50069    0 3094 1164.00000 1484.50069  27.5%     -  116s
     0     0 1483.38829    0 3109 1164.00000 1483.38829  27.4%     -  120s
H    0     0                    1166.0000000 1479.93939  26.9%     -  125s
     0     0 1479.93939    0 3106 1166.00000 1479.93939  26.9%     -  125s
H    0     0                    1168.0000000 1479.93939  26.7%     -  126s
     0     0 1477.75052    0 3150 1168.00000 1477.75052  26.5%     -  131s
     0     0 1476.46249    0 3270 1168.00000 1476.46249  26.4%     -  135s
     0     0 1474.18557    0 3299 1168.00000 1474.18557  26.2%     -  141s
     0     0 1474.18557    0 3299 1168.00000 1474.18557  26.2%     -  143s
H    0     0                    1171.0000000 1474.18557  25.9%     -  159s
     0     2 1474.18557    0 3299 1171.00000 1474.18557  25.9%     -  160s
     3     8 1471.69665    2 3375 1171.00000 1473.12495  25.8%  2710  174s
     7    16 1468.19578    3 3644 1171.00000 1471.67102  25.7%  5356  208s
    15    24 1466.04489    4 3958 1171.00000 1468.19438  25.4%  8454  264s
    23    32 1466.03841    5 3945 1171.00000 1468.19438  25.4% 13304  392s
    31    40 1462.10512    6 3922 1171.00000 1468.19438  25.4% 12032  406s
H   37    40                    1175.0000000 1468.19438  25.0% 10278  406s
    39    48 1465.85833    6 3941 1175.00000 1468.19438  25.0%  9861  415s
    47    60 1465.77094    7 3937 1175.00000 1468.19438  25.0%  8453  427s
    59    68 1465.62231    9 3925 1175.00000 1468.19438  25.0%  6978  514s
    67    79 1465.61636   10 3918 1175.00000 1468.19438  25.0%  6375  534s
    78    92 1454.49520   12 3858 1175.00000 1468.19438  25.0%  5909  555s
    91   102 1463.99608   12 3954 1175.00000 1468.19438  25.0%  5417  579s
   101   113 1463.88091   13 3962 1175.00000 1468.19438  25.0%  5212  603s
   112   126 1463.58290   15 3912 1175.00000 1468.19438  25.0%  4968  622s
   125   136 1461.12477   16 3923 1175.00000 1468.19438  25.0%  4731  643s
   135   149 1463.36641   17 3918 1175.00000 1468.19438  25.0%  4575  670s
   148   163 1463.05850   19 3896 1175.00000 1468.19438  25.0%  4394  696s
   162   181 1422.34468   21 3736 1175.00000 1468.19438  25.0%  4308  737s
   180   194 1462.56447   22 3919 1175.00000 1468.19438  25.0%  4254  778s
H  185   194                    1176.0000000 1468.19438  24.8%  4305  778s
   193   215 1461.87468   23 3910 1176.00000 1468.19438  24.8%  4388  812s
   214   233 1452.83194   28 3850 1176.00000 1468.19438  24.8%  4260  835s
   232   257 1460.68407   28 3888 1176.00000 1468.19438  24.8%  4076  866s
   256   293 1460.54410   30 3878 1176.00000 1468.19438  24.8%  3926  891s
   292   309 1460.36107   37 3867 1176.00000 1468.19438  24.8%  3586  923s
   310   337 1458.89224   41 3848 1176.00000 1468.19438  24.8%  3556  951s
   338   368 1458.40299   48 3860 1176.00000 1468.19438  24.8%  3396 1118s
H  354   368                    1179.0000000 1468.19438  24.5%  3327 1118s
   373   402 1458.30628   49 3861 1179.00000 1468.19438  24.5%  3212 1152s
   413   410 1454.34606   52 3806 1179.00000 1468.19438  24.5%  3055 1190s
H  414   410                    1180.0000000 1468.19438  24.4%  3048 1190s
   421   443 1457.89462   53 3870 1180.00000 1468.19438  24.4%  3041 1225s
   454   484 1457.44010   58 3816 1180.00000 1468.19438  24.4%  2946 1265s
   495   516 1456.54933   64 3809 1180.00000 1468.19438  24.4%  2843 1306s
   537   564 1455.89214   68 3785 1180.00000 1468.19438  24.4%  2735 1343s
   597   596 1455.00582   75 3712 1180.00000 1468.19438  24.4%  2564 1382s
   645   631 1453.89626   80 3720 1180.00000 1468.19438  24.4%  2468 1419s
   680   652 1451.85439   86 3677 1180.00000 1468.19438  24.4%  2442 1452s
   701   705 1451.69831   87 3685 1180.00000 1468.19438  24.4%  2466 1484s
   754   752 1450.11634   95 3664 1180.00000 1468.19438  24.4%  2386 1519s
   801   809 1448.76626  101 3644 1180.00000 1468.19438  24.4%  2340 1553s
   858   879 1445.42000  108 3643 1180.00000 1468.19438  24.4%  2272 1587s
   928   935 1444.08503  119 3608 1180.00000 1468.19438  24.4%  2183 1735s
   984  1001 1443.89315  120 3581 1180.00000 1468.19438  24.4%  2130 1773s
  1050  1060 1441.93101  130 3570 1180.00000 1468.19438  24.4%  2078 1814s
  1109  1135 1436.04131  136 3536 1180.00000 1468.19438  24.4%  2051 1854s
  1184  1199 1434.60163  143 3517 1180.00000 1468.19438  24.4%  2001 1896s
  1248  1290 1432.85808  149 3459 1180.00000 1468.19438  24.4%  1979 1940s
  1339  1374 1430.92581  160 3405 1180.00000 1468.19438  24.4%  1926 1987s
  1423  1456 1427.21314  171 3363 1180.00000 1468.19438  24.4%  1892 2033s
  1505  1553 1424.72310  183 3303 1180.00000 1468.19438  24.4%  1866 2084s
  1602  1643 1422.81699  192 3296 1180.00000 1468.19438  24.4%  1831 2140s
  1692  1750 1420.28212  204 3286 1180.00000 1468.19438  24.4%  1813 2192s
  1799  1915 1417.89375  223 3257 1180.00000 1468.19438  24.4%  1780 2244s
  1964  2069 1416.10181  252 3145 1180.00000 1468.19438  24.4%  1702 2298s
  2118  2186 1412.94217  273 3097 1180.00000 1468.19438  24.4%  1650 2349s
  2243  2302 1407.85332  293 2959 1180.00000 1468.19438  24.4%  1617 2408s
  2359  2401 1402.18334  316 2896 1180.00000 1468.19438  24.4%  1602 2484s
  2482  2521 1396.86753  337 2872 1180.00000 1468.19438  24.4%  1593 2567s
  2604  2605 1387.51071  356 2768 1180.00000 1468.19438  24.4%  1586 2636s
  2690  2711 1381.51176  368 2748 1180.00000 1468.19438  24.4%  1602 2704s
  2796  2808 1375.77627  384 2617 1180.00000 1468.19438  24.4%  1609 2781s
  2905  2938 1369.13891  400 2603 1180.00000 1468.19438  24.4%  1621 2855s
  3047  3038 1359.18076  417 2636 1180.00000 1468.19438  24.4%  1610 2950s
  3157  3145 infeasible  438      1180.00000 1468.19438  24.4%  1620 3033s
  3266  3258 1342.69955  461 2439 1180.00000 1468.19438  24.4%  1627 3119s
  3385  3447 1328.80193  477 2205 1180.00000 1468.19438  24.4%  1634 3214s
  3578  3676 1320.42098  517 2143 1180.00000 1468.19438  24.4%  1614 3321s
  3829  3789 1304.41245  559  816 1180.00000 1465.85682  24.2%  1578 3424s
  3968  3868 1458.17641    6 4064 1180.00000 1465.85682  24.2%  1583 3540s

Cutting planes:
  Cover: 834
  Implied bound: 84
  MIR: 1932
  StrongCG: 106
  GUB cover: 1378
  Zero half: 7
  Mod-K: 3
  RLT: 2522
  Relax-and-lift: 2

Explored 4055 nodes (6575738 simplex iterations) in 3600.02 seconds (6323.15 work units)
Thread count was 8 (of 8 available processors)

Solution count 10: 1180 1179 1176 ... 1161

Time limit reached
Best objective 1.180000000000e+03, best bound 1.465000000000e+03, gap 24.1525%
