
Gurobi 9.5.1 (linux64) logging started Tue Jun  7 19:13:19 2022

Set parameter LogFile to value "../results/logs/log_soc-twitter-higgs.e_17_50_2022_06_07_19_12.log"
Gurobi Optimizer version 9.5.1 build v9.5.1rc2 (linux64)
Thread count: 8 physical cores, 8 logical processors, using up to 8 threads
Optimize a model with 18469 rows, 913262 columns and 596114 nonzeros
Model fingerprint: 0xbb1ccf47
Variable types: 0 continuous, 913262 integer (913262 binary)
Coefficient statistics:
  Matrix range     [1e+00, 2e+01]
  Objective range  [1e+00, 1e+00]
  Bounds range     [1e+00, 1e+00]
  RHS range        [1e+00, 5e+01]
Found heuristic solution: objective 231419.00000
Presolve removed 9419 rows and 896349 columns
Presolve time: 0.72s
Presolved: 9050 rows, 16913 columns, 56747 nonzeros
Found heuristic solution: objective 231522.00000
Variable types: 0 continuous, 16913 integer (14174 binary)

Root relaxation: objective 2.326072e+05, 5487 iterations, 0.06 seconds (0.05 work units)

    Nodes    |    Current Node    |     Objective Bounds      |     Work
 Expl Unexpl |  Obj  Depth IntInf | Incumbent    BestBd   Gap | It/Node Time

     0     0 232607.194    0 1927 231522.000 232607.194  0.47%     -    1s
H    0     0                    231574.00000 232607.194  0.45%     -    1s
H    0     0                    231575.00000 231951.779  0.16%     -    1s
H    0     0                    231577.00000 231951.779  0.16%     -    1s
H    0     0                    231608.00000 231951.779  0.15%     -    1s
     0     0 231951.779    0  985 231608.000 231951.779  0.15%     -    1s
H    0     0                    231632.00000 231951.779  0.14%     -    1s
     0     0 231887.394    0  758 231632.000 231887.394  0.11%     -    2s
     0     0 231880.547    0  759 231632.000 231880.547  0.11%     -    2s
     0     0 231844.032    0  782 231632.000 231844.032  0.09%     -    2s
     0     0 231844.032    0  763 231632.000 231844.032  0.09%     -    2s
H    0     0                    231684.00000 231818.070  0.06%     -    2s
     0     0 231818.070    0  870 231684.000 231818.070  0.06%     -    2s
     0     0 231805.251    0  772 231684.000 231805.251  0.05%     -    2s
H    0     0                    231685.00000 231802.783  0.05%     -    2s
     0     0 231802.783    0  779 231685.000 231802.783  0.05%     -    2s
     0     0 231801.638    0  789 231685.000 231801.638  0.05%     -    3s
H    0     0                    231700.00000 231801.428  0.04%     -    3s
     0     0 231801.428    0  771 231700.000 231801.428  0.04%     -    3s
     0     0 231787.849    0  707 231700.000 231787.849  0.04%     -    3s
H    0     0                    231723.00000 231787.849  0.03%     -    3s
     0     0 231784.067    0  837 231723.000 231784.067  0.03%     -    3s
     0     0 231782.926    0  804 231723.000 231782.926  0.03%     -    3s
     0     0 231782.637    0  860 231723.000 231782.637  0.03%     -    3s
     0     0 231775.511    0  841 231723.000 231775.511  0.02%     -    4s
     0     0 231773.708    0  797 231723.000 231773.708  0.02%     -    4s
     0     0 231773.316    0  813 231723.000 231773.316  0.02%     -    4s
     0     0 231770.453    0  722 231723.000 231770.453  0.02%     -    4s
H    0     0                    231724.00000 231770.453  0.02%     -    5s
     0     0 231769.387    0  783 231724.000 231769.387  0.02%     -    5s
     0     0 231769.034    0  727 231724.000 231769.034  0.02%     -    5s
     0     0 231767.397    0  704 231724.000 231767.397  0.02%     -    5s
     0     0 231767.397    0  696 231724.000 231767.397  0.02%     -    5s
     0     2 231767.126    0  688 231724.000 231767.126  0.02%     -    5s
H   61    68                    231726.00000 231765.699  0.02%  90.3    6s
   904  1503 231750.152   32  509 231726.000 231765.107  0.02%  52.9   10s
  2195  1966 231739.189   31  668 231726.000 231764.946  0.02%  44.1   15s
  2226  1987 231734.777   77  671 231726.000 231748.690  0.01%  43.5   20s
  2247  2001 231740.908   31  737 231726.000 231743.272  0.01%  43.1   25s
  2264  2012 231732.953  112  695 231726.000 231741.465  0.01%  42.8   30s
  2280  2024 231740.549   19 1766 231726.000 231740.549  0.01%  58.8   35s
  2305  2041 231740.549   15  654 231726.000 231740.549  0.01%  58.1   40s
  2324  2054 231740.254   30  590 231726.000 231740.254  0.01%  57.7   45s
  2331  2059 231739.797   20  622 231726.000 231739.860  0.01%  66.6   51s
  2444  2201 231736.665   29  571 231726.000 231737.668  0.01%  70.6   55s
H 2903  2480                    231732.00000 231737.668  0.00%  69.7   58s
  3327  2116     cutoff   80      231732.000 231737.396  0.00%  67.8   60s
H 3573  1935                    231733.00000 231736.543  0.00%  68.7   60s

Cutting planes:
  Gomory: 104
  Lift-and-project: 195
  Cover: 100
  Implied bound: 104
  MIR: 604
  StrongCG: 37
  Flow cover: 795
  GUB cover: 552
  Zero half: 160
  RLT: 439
  Relax-and-lift: 12

Explored 4383 nodes (302544 simplex iterations) in 63.11 seconds (59.25 work units)
Thread count was 8 (of 8 available processors)

Solution count 10: 231733 231732 231726 ... 231608

Optimal solution found (tolerance 0.00e+00)
Best objective 2.317330000027e+05, best bound 2.317330000027e+05, gap 0.0000%
