
Gurobi 9.5.1 (linux64) logging started Thu Jun 23 15:17:05 2022

Set parameter LogFile to value "../results/logs/log_CA-HepPh_4_250_2022_06_23_15_17.log"
Gurobi Optimizer version 9.5.1 build v9.5.1rc2 (linux64)
Thread count: 8 physical cores, 8 logical processors, using up to 8 threads
Optimize a model with 1271 rows, 24012 columns and 13547 nonzeros
Model fingerprint: 0x303075b4
Variable types: 0 continuous, 24012 integer (24012 binary)
Coefficient statistics:
  Matrix range     [1e+00, 4e+00]
  Objective range  [1e+00, 1e+00]
  Bounds range     [1e+00, 1e+00]
  RHS range        [1e+00, 2e+02]
Found heuristic solution: objective 6591.0000000
Presolve removed 527 rows and 22893 columns
Presolve time: 0.02s
Presolved: 744 rows, 1119 columns, 3554 nonzeros
Variable types: 0 continuous, 1119 integer (995 binary)
Found heuristic solution: objective 6780.0000000

Root relaxation: objective 7.036857e+03, 585 iterations, 0.00 seconds (0.00 work units)

    Nodes    |    Current Node    |     Objective Bounds      |     Work
 Expl Unexpl |  Obj  Depth IntInf | Incumbent    BestBd   Gap | It/Node Time

     0     0 7036.85679    0  230 6780.00000 7036.85679  3.79%     -    0s
H    0     0                    6958.0000000 7036.85679  1.13%     -    0s
H    0     0                    6959.0000000 7036.85679  1.12%     -    0s
H    0     0                    6964.0000000 7036.85679  1.05%     -    0s
H    0     0                    6966.0000000 7036.85679  1.02%     -    0s
H    0     0                    6968.0000000 6985.41515  0.25%     -    0s
H    0     0                    6971.0000000 6985.41515  0.21%     -    0s
     0     0 6985.41515    0   78 6971.00000 6985.41515  0.21%     -    0s
H    0     0                    6972.0000000 6985.41515  0.19%     -    0s
     0     0 6983.69677    0   83 6972.00000 6983.69677  0.17%     -    0s
     0     0 6980.34918    0   94 6972.00000 6980.34918  0.12%     -    0s
H    0     0                    6975.0000000 6980.34918  0.08%     -    0s
     0     0 6980.34918    0   89 6975.00000 6980.34918  0.08%     -    0s
H    0     0                    6977.0000000 6980.34918  0.05%     -    0s
H    0     0                    6978.0000000 6980.34918  0.03%     -    0s
     0     0 6979.39203    0   28 6978.00000 6979.39203  0.02%     -    0s
     0     0     cutoff    0      6978.00000 6978.00000  0.00%     -    0s

Cutting planes:
  Gomory: 91
  Cover: 8
  Implied bound: 6
  Clique: 1
  MIR: 76
  StrongCG: 6
  GUB cover: 92
  Zero half: 12
  RLT: 10
  Relax-and-lift: 3

Explored 1 nodes (931 simplex iterations) in 0.10 seconds (0.05 work units)
Thread count was 8 (of 8 available processors)

Solution count 10: 6978 6977 6975 ... 6958

Optimal solution found (tolerance 0.00e+00)
Best objective 6.978000000000e+03, best bound 6.978000000000e+03, gap 0.0000%
