
Gurobi 9.5.1 (linux64) logging started Mon Jun 27 06:09:40 2022

Set parameter LogFile to value "../results/logs/log_com-youtube.ungraph_20_20_2022_06_25_16_29.log"
Gurobi Optimizer version 9.5.1 build v9.5.1rc2 (linux64)
Thread count: 8 physical cores, 8 logical processors, using up to 8 threads
Optimize a model with 44667 rows, 2269780 columns and 2762253 nonzeros
Model fingerprint: 0x89531600
Variable types: 0 continuous, 2269780 integer (2269780 binary)
Coefficient statistics:
  Matrix range     [1e+00, 2e+01]
  Objective range  [1e+00, 1e+00]
  Bounds range     [1e+00, 1e+00]
  RHS range        [1e+00, 2e+01]
Found heuristic solution: objective 18890.000000
Presolve removed 44667 rows and 2269780 columns
Presolve time: 0.61s
Presolve: All rows and columns removed

Explored 0 nodes (0 simplex iterations) in 1.05 seconds (0.75 work units)
Thread count was 1 (of 8 available processors)

Solution count 1: 18890 

Optimal solution found (tolerance 0.00e+00)
Best objective 1.889000000000e+04, best bound 1.889000000000e+04, gap 0.0000%
