
Gurobi 9.5.0 (win64) logging started Tue Dec  7 12:39:32 2021

Set parameter LogFile to value "../results/logs/log_2021_12_07_12_26.csv_7_20.log"
Set parameter Method to value 3
Gurobi Optimizer version 9.5.0 build v9.5.0rc5 (win64)
Thread count: 6 physical cores, 12 logical processors, using up to 12 threads
Optimize a model with 628 rows, 9882 columns and 12913 nonzeros
Model fingerprint: 0x742b9238
Variable types: 4941 continuous, 4941 integer (4941 binary)
Coefficient statistics:
  Matrix range     [1e+00, 7e+00]
  Objective range  [1e+00, 1e+00]
  Bounds range     [1e+00, 1e+00]
  RHS range        [1e+00, 2e+01]
Found heuristic solution: objective -0.0000000
Presolve removed 393 rows and 9497 columns
Presolve time: 0.01s
Presolved: 235 rows, 385 columns, 1351 nonzeros
Extracted 86 lazy constraints
Variable types: 211 continuous, 174 integer (173 binary)

Root relaxation: objective 1.124164e+02, 189 iterations, 0.00 seconds (0.00 work units)

    Nodes    |    Current Node    |     Objective Bounds      |     Work
 Expl Unexpl |  Obj  Depth IntInf | Incumbent    BestBd   Gap | It/Node Time

     0     0  112.41636    0   57   -0.00000  112.41636      -     -    0s
H    0     0                       6.0000000  112.41636  1774%     -    0s
     0     0   25.96672    0   47    6.00000   25.96672   333%     -    0s
     0     0   25.78072    0   46    6.00000   25.78072   330%     -    0s
     0     0   23.23876    0   26    6.00000   23.23876   287%     -    0s
     0     0   22.96276    0   28    6.00000   22.96276   283%     -    0s
     0     0   22.93867    0   22    6.00000   22.93867   282%     -    0s
H    0     0                      18.0000000   22.93867  27.4%     -    0s
     0     0   22.50482    0    7   18.00000   22.50482  25.0%     -    0s
H    0     0                      22.0000000   22.50482  2.29%     -    0s
     0     0   22.50482    0    7   22.00000   22.50482  2.29%     -    0s

Cutting planes:
  Gomory: 14
  Lift-and-project: 3
  Implied bound: 17
  MIR: 70
  RLT: 10
  Relax-and-lift: 6
  Lazy constraints: 86

Explored 1 nodes (590 simplex iterations) in 0.07 seconds (0.02 work units)
Thread count was 12 (of 12 available processors)

Solution count 4: 22 18 6 -0 

Optimal solution found (tolerance 1.00e-04)
Best objective 2.200000000000e+01, best bound 2.200000000000e+01, gap 0.0000%
