
Gurobi 9.5.1 (linux64) logging started Wed Mar  9 18:05:27 2022

Set parameter LogFile to value "../results/logs/log_2022_03_09_17_57.csv_8_15.log"
Set parameter Method to value 3
Gurobi Optimizer version 9.5.1 build v9.5.1rc2 (linux64)
Thread count: 8 physical cores, 8 logical processors, using up to 8 threads
Optimize a model with 376 rows, 9882 columns and 10225 nonzeros
Model fingerprint: 0xc647a0c4
Variable types: 4941 continuous, 4941 integer (4941 binary)
Coefficient statistics:
  Matrix range     [1e+00, 8e+00]
  Objective range  [1e+00, 1e+00]
  Bounds range     [1e+00, 1e+00]
  RHS range        [1e+00, 2e+01]
Found heuristic solution: objective -0.0000000
Presolve removed 253 rows and 9678 columns
Presolve time: 0.01s
Presolved: 123 rows, 204 columns, 736 nonzeros
Extracted 47 lazy constraints
Variable types: 113 continuous, 91 integer (91 binary)

Root relaxation: objective 5.870699e+01, 62 iterations, 0.00 seconds (0.00 work units)

    Nodes    |    Current Node    |     Objective Bounds      |     Work
 Expl Unexpl |  Obj  Depth IntInf | Incumbent    BestBd   Gap | It/Node Time

     0     0   58.70699    0   23   -0.00000   58.70699      -     -    0s
H    0     0                       6.0000000   58.70699   878%     -    0s
     0     0   15.71108    0   17    6.00000   15.71108   162%     -    0s
     0     0   15.66166    0   17    6.00000   15.66166   161%     -    0s
     0     0   15.64274    0   19    6.00000   15.64274   161%     -    0s
     0     0   13.33751    0   24    6.00000   13.33751   122%     -    0s
     0     0   12.94013    0   14    6.00000   12.94013   116%     -    0s
     0     0   12.93877    0   13    6.00000   12.93877   116%     -    0s
H    0     0                      10.0000000   12.72780  27.3%     -    0s
     0     0   12.72780    0   15   10.00000   12.72780  27.3%     -    0s
     0     0   12.72351    0   15   10.00000   12.72351  27.2%     -    0s
     0     0   12.55191    0   21   10.00000   12.55191  25.5%     -    0s
     0     0   12.54888    0   24   10.00000   12.54888  25.5%     -    0s
     0     0   12.54144    0   17   10.00000   12.54144  25.4%     -    0s
     0     0   12.54144    0   17   10.00000   12.54144  25.4%     -    0s
     0     0   12.54144    0   15   10.00000   12.54144  25.4%     -    0s
H    0     0                      11.0000000   12.54144  14.0%     -    0s
     0     0   12.54144    0   15   11.00000   12.54144  14.0%     -    0s
     0     0   12.54144    0   10   11.00000   12.54144  14.0%     -    0s
     0     0   12.51688    0   14   11.00000   12.51688  13.8%     -    0s
     0     0   12.50871    0   14   11.00000   12.50871  13.7%     -    0s
     0     0   12.50445    0   14   11.00000   12.50445  13.7%     -    0s
     0     0   12.35507    0   11   11.00000   12.35507  12.3%     -    0s
     0     0   12.32550    0   10   11.00000   12.32550  12.1%     -    0s
     0     0   12.32116    0    9   11.00000   12.32116  12.0%     -    0s
     0     0   12.32116    0    9   11.00000   12.32116  12.0%     -    0s
     0     0   12.30960    0   10   11.00000   12.30960  11.9%     -    0s
     0     0   12.30122    0   11   11.00000   12.30122  11.8%     -    0s
     0     0   12.30089    0   11   11.00000   12.30089  11.8%     -    0s
     0     0   12.29896    0   12   11.00000   12.29896  11.8%     -    0s

Cutting planes:
  Gomory: 6
  MIR: 24
  RLT: 4

Explored 1 nodes (527 simplex iterations) in 0.08 seconds (0.03 work units)
Thread count was 8 (of 8 available processors)

Solution count 5: 11 10 6 ... -0

Optimal solution found (tolerance 1.00e-04)
Best objective 1.100000000000e+01, best bound 1.100000000000e+01, gap 0.0000%
