
Gurobi 9.1.1 (win64) logging started Wed Mar 10 01:17:16 2021

Changed value of parameter LogFile to ../results/logs/log_samuel_kroger_2021_03_10_01_17_16.csv_3_1.log
   Prev:   Default: 
Gurobi Optimizer version 9.1.1 build v9.1.1rc0 (win64)
Thread count: 6 physical cores, 12 logical processors, using up to 12 threads
Optimize a model with 71 rows, 78 columns and 638 nonzeros
Model fingerprint: 0x4dc8abd0
Variable types: 0 continuous, 78 integer (78 binary)
Coefficient statistics:
  Matrix range     [1e+00, 3e+00]
  Objective range  [1e+00, 1e+00]
  Bounds range     [1e+00, 1e+00]
  RHS range        [1e+00, 1e+00]
Found heuristic solution: objective 5.0000000
Found heuristic solution: objective 7.0000000
Found heuristic solution: objective 35.0000000
Presolve removed 71 rows and 78 columns
Presolve time: 0.00s
Presolve: All rows and columns removed

Explored 0 nodes (0 simplex iterations) in 0.00 seconds
Thread count was 1 (of 12 available processors)

Solution count 4: 40 

Optimal solution found (tolerance 1.00e-04)
Best objective 4.000000000000e+01, best bound 4.000000000000e+01, gap 0.0000%

Gurobi 9.1.1 (win64) logging started Wed Mar 10 01:17:16 2021

Changed value of parameter LogFile to ../results/logs/log_samuel_kroger_2021_03_10_01_17_16.csv_3_1.log
   Prev:   Default: 
Gurobi Optimizer version 9.1.1 build v9.1.1rc0 (win64)
Thread count: 6 physical cores, 12 logical processors, using up to 12 threads
Optimize a model with 71 rows, 78 columns and 638 nonzeros
Model fingerprint: 0x7977ab33
Variable types: 0 continuous, 78 integer (78 binary)
Coefficient statistics:
  Matrix range     [1e+00, 3e+00]
  Objective range  [1e+00, 1e+00]
  Bounds range     [1e+00, 1e+00]
  RHS range        [1e+00, 1e+00]

User MIP start produced solution with objective 40 (0.00s)
Loaded user MIP start with objective 40

Presolve removed 71 rows and 78 columns
Presolve time: 0.00s
Presolve: All rows and columns removed

Explored 0 nodes (0 simplex iterations) in 0.00 seconds
Thread count was 1 (of 12 available processors)

Solution count 1: 40 

Optimal solution found (tolerance 1.00e-04)
Best objective 4.000000000000e+01, best bound 4.000000000000e+01, gap 0.0000%

Gurobi 9.1.1 (win64) logging started Wed Mar 10 01:17:16 2021

Changed value of parameter LogFile to ../results/logs/log_samuel_kroger_2021_03_10_01_17_16.csv_3_1.log
   Prev:   Default: 
Gurobi Optimizer version 9.1.1 build v9.1.1rc0 (win64)
Thread count: 6 physical cores, 12 logical processors, using up to 12 threads
Optimize a model with 36 rows, 78 columns and 109 nonzeros
Model fingerprint: 0x9af03578
Variable types: 0 continuous, 78 integer (78 binary)
Coefficient statistics:
  Matrix range     [1e+00, 1e+00]
  Objective range  [1e+00, 1e+00]
  Bounds range     [1e+00, 1e+00]
  RHS range        [1e+00, 1e+00]
Found heuristic solution: objective 40.0000000
Presolve removed 36 rows and 78 columns
Presolve time: 0.00s
Presolve: All rows and columns removed

Explored 0 nodes (0 simplex iterations) in 0.00 seconds
Thread count was 1 (of 12 available processors)

Solution count 1: 40 

Optimal solution found (tolerance 1.00e-04)
Best objective 4.000000000000e+01, best bound 4.000000000000e+01, gap 0.0000%

Gurobi 9.1.1 (win64) logging started Wed Mar 10 01:17:16 2021

Changed value of parameter LogFile to ../results/logs/log_samuel_kroger_2021_03_10_01_17_16.csv_3_1.log
   Prev:   Default: 
Gurobi Optimizer version 9.1.1 build v9.1.1rc0 (win64)
Thread count: 6 physical cores, 12 logical processors, using up to 12 threads
Optimize a model with 36 rows, 78 columns and 109 nonzeros
Model fingerprint: 0x584ca4d4
Variable types: 0 continuous, 78 integer (78 binary)
Coefficient statistics:
  Matrix range     [1e+00, 1e+00]
  Objective range  [1e+00, 1e+00]
  Bounds range     [1e+00, 1e+00]
  RHS range        [1e+00, 1e+00]

User MIP start produced solution with objective 40 (0.00s)
Loaded user MIP start with objective 40


Explored 0 nodes (0 simplex iterations) in 0.00 seconds
Thread count was 1 (of 12 available processors)

Solution count 1: 40 

Optimal solution found (tolerance 1.00e-04)
Best objective 4.000000000000e+01, best bound 4.000000000000e+01, gap 0.0000%

Gurobi 9.1.1 (win64) logging started Wed Mar 10 01:17:17 2021

Changed value of parameter LogFile to ../results/logs/log_samuel_kroger_2021_03_10_01_17_16.csv_3_1.log
   Prev:   Default: 
Gurobi Optimizer version 9.1.1 build v9.1.1rc0 (win64)
Thread count: 6 physical cores, 12 logical processors, using up to 12 threads
Optimize a model with 225 rows, 230 columns and 2967 nonzeros
Model fingerprint: 0x7ebff6a4
Variable types: 0 continuous, 230 integer (230 binary)
Coefficient statistics:
  Matrix range     [1e+00, 3e+00]
  Objective range  [1e+00, 1e+00]
  Bounds range     [1e+00, 1e+00]
  RHS range        [1e+00, 1e+00]
Found heuristic solution: objective 4.0000000
Found heuristic solution: objective 5.0000000
Presolve removed 0 rows and 3 columns
Presolve time: 0.01s
Presolved: 225 rows, 227 columns, 2961 nonzeros
Variable types: 0 continuous, 227 integer (227 binary)

Root relaxation: objective 1.160000e+02, 1 iterations, 0.00 seconds

    Nodes    |    Current Node    |     Objective Bounds      |     Work
 Expl Unexpl |  Obj  Depth IntInf | Incumbent    BestBd   Gap | It/Node Time

*    0     0               0     116.0000000  116.00000  0.00%     -    0s

Explored 0 nodes (1 simplex iterations) in 0.01 seconds
Thread count was 12 (of 12 available processors)

Solution count 3: 116 5 4 

Optimal solution found (tolerance 1.00e-04)
Best objective 1.160000000000e+02, best bound 1.160000000000e+02, gap 0.0000%

Gurobi 9.1.1 (win64) logging started Wed Mar 10 01:17:17 2021

Changed value of parameter LogFile to ../results/logs/log_samuel_kroger_2021_03_10_01_17_16.csv_3_1.log
   Prev:   Default: 
Gurobi Optimizer version 9.1.1 build v9.1.1rc0 (win64)
Thread count: 6 physical cores, 12 logical processors, using up to 12 threads
Optimize a model with 225 rows, 230 columns and 2967 nonzeros
Model fingerprint: 0x0c37877f
Variable types: 0 continuous, 230 integer (230 binary)
Coefficient statistics:
  Matrix range     [1e+00, 3e+00]
  Objective range  [1e+00, 1e+00]
  Bounds range     [1e+00, 1e+00]
  RHS range        [1e+00, 1e+00]

User MIP start produced solution with objective 116 (0.00s)
Loaded user MIP start with objective 116

Presolve removed 225 rows and 230 columns
Presolve time: 0.00s
Presolve: All rows and columns removed

Explored 0 nodes (0 simplex iterations) in 0.01 seconds
Thread count was 1 (of 12 available processors)

Solution count 1: 116 

Optimal solution found (tolerance 1.00e-04)
Best objective 1.160000000000e+02, best bound 1.160000000000e+02, gap 0.0000%

Gurobi 9.1.1 (win64) logging started Wed Mar 10 01:17:17 2021

Changed value of parameter LogFile to ../results/logs/log_samuel_kroger_2021_03_10_01_17_16.csv_3_1.log
   Prev:   Default: 
Gurobi Optimizer version 9.1.1 build v9.1.1rc0 (win64)
Thread count: 6 physical cores, 12 logical processors, using up to 12 threads
Optimize a model with 113 rows, 230 columns and 339 nonzeros
Model fingerprint: 0xe3aa6adf
Variable types: 0 continuous, 230 integer (230 binary)
Coefficient statistics:
  Matrix range     [1e+00, 1e+00]
  Objective range  [1e+00, 1e+00]
  Bounds range     [1e+00, 1e+00]
  RHS range        [1e+00, 1e+00]
Found heuristic solution: objective 116.0000000
Presolve removed 113 rows and 230 columns
Presolve time: 0.00s
Presolve: All rows and columns removed

Explored 0 nodes (0 simplex iterations) in 0.00 seconds
Thread count was 1 (of 12 available processors)

Solution count 1: 116 

Optimal solution found (tolerance 1.00e-04)
Best objective 1.160000000000e+02, best bound 1.160000000000e+02, gap 0.0000%

Gurobi 9.1.1 (win64) logging started Wed Mar 10 01:17:17 2021

Changed value of parameter LogFile to ../results/logs/log_samuel_kroger_2021_03_10_01_17_16.csv_3_1.log
   Prev:   Default: 
Gurobi Optimizer version 9.1.1 build v9.1.1rc0 (win64)
Thread count: 6 physical cores, 12 logical processors, using up to 12 threads
Optimize a model with 113 rows, 230 columns and 339 nonzeros
Model fingerprint: 0x6414ad81
Variable types: 0 continuous, 230 integer (230 binary)
Coefficient statistics:
  Matrix range     [1e+00, 1e+00]
  Objective range  [1e+00, 1e+00]
  Bounds range     [1e+00, 1e+00]
  RHS range        [1e+00, 1e+00]

User MIP start produced solution with objective 116 (0.00s)
Loaded user MIP start with objective 116


Explored 0 nodes (0 simplex iterations) in 0.00 seconds
Thread count was 1 (of 12 available processors)

Solution count 1: 116 

Optimal solution found (tolerance 1.00e-04)
Best objective 1.160000000000e+02, best bound 1.160000000000e+02, gap 0.0000%

Gurobi 9.1.1 (win64) logging started Wed Mar 10 01:17:18 2021

Changed value of parameter LogFile to ../results/logs/log_samuel_kroger_2021_03_10_01_17_16.csv_3_1.log
   Prev:   Default: 
Gurobi Optimizer version 9.1.1 build v9.1.1rc0 (win64)
Thread count: 6 physical cores, 12 logical processors, using up to 12 threads
Optimize a model with 17 rows, 32 columns and 88 nonzeros
Model fingerprint: 0xef2d6cfa
Variable types: 0 continuous, 32 integer (32 binary)
Coefficient statistics:
  Matrix range     [1e+00, 3e+00]
  Objective range  [1e+00, 1e+00]
  Bounds range     [1e+00, 1e+00]
  RHS range        [1e+00, 1e+00]
Found heuristic solution: objective 9.0000000
Found heuristic solution: objective 10.0000000
Presolve removed 0 rows and 12 columns
Presolve time: 0.00s
Presolved: 17 rows, 20 columns, 72 nonzeros
Variable types: 0 continuous, 20 integer (20 binary)

Root relaxation: objective 1.700000e+01, 1 iterations, 0.00 seconds

    Nodes    |    Current Node    |     Objective Bounds      |     Work
 Expl Unexpl |  Obj  Depth IntInf | Incumbent    BestBd   Gap | It/Node Time

*    0     0               0      17.0000000   17.00000  0.00%     -    0s

Explored 0 nodes (1 simplex iterations) in 0.00 seconds
Thread count was 12 (of 12 available processors)

Solution count 3: 17 10 9 

Optimal solution found (tolerance 1.00e-04)
Best objective 1.700000000000e+01, best bound 1.700000000000e+01, gap 0.0000%

Gurobi 9.1.1 (win64) logging started Wed Mar 10 01:17:18 2021

Changed value of parameter LogFile to ../results/logs/log_samuel_kroger_2021_03_10_01_17_16.csv_3_1.log
   Prev:   Default: 
Gurobi Optimizer version 9.1.1 build v9.1.1rc0 (win64)
Thread count: 6 physical cores, 12 logical processors, using up to 12 threads
Optimize a model with 17 rows, 32 columns and 88 nonzeros
Model fingerprint: 0x6b3ee7af
Variable types: 0 continuous, 32 integer (32 binary)
Coefficient statistics:
  Matrix range     [1e+00, 3e+00]
  Objective range  [1e+00, 1e+00]
  Bounds range     [1e+00, 1e+00]
  RHS range        [1e+00, 1e+00]

User MIP start produced solution with objective 17 (0.00s)
Loaded user MIP start with objective 17

Presolve removed 17 rows and 32 columns
Presolve time: 0.00s
Presolve: All rows and columns removed

Explored 0 nodes (0 simplex iterations) in 0.00 seconds
Thread count was 1 (of 12 available processors)

Solution count 1: 17 

Optimal solution found (tolerance 1.00e-04)
Best objective 1.700000000000e+01, best bound 1.700000000000e+01, gap 0.0000%

Gurobi 9.1.1 (win64) logging started Wed Mar 10 01:17:18 2021

Changed value of parameter LogFile to ../results/logs/log_samuel_kroger_2021_03_10_01_17_16.csv_3_1.log
   Prev:   Default: 
Gurobi Optimizer version 9.1.1 build v9.1.1rc0 (win64)
Thread count: 6 physical cores, 12 logical processors, using up to 12 threads
Optimize a model with 9 rows, 32 columns and 32 nonzeros
Model fingerprint: 0x91ef1d1b
Variable types: 0 continuous, 32 integer (32 binary)
Coefficient statistics:
  Matrix range     [1e+00, 1e+00]
  Objective range  [1e+00, 1e+00]
  Bounds range     [1e+00, 1e+00]
  RHS range        [1e+00, 1e+00]
Found heuristic solution: objective 17.0000000
Presolve removed 9 rows and 32 columns
Presolve time: 0.00s
Presolve: All rows and columns removed

Explored 0 nodes (0 simplex iterations) in 0.00 seconds
Thread count was 1 (of 12 available processors)

Solution count 1: 17 

Optimal solution found (tolerance 1.00e-04)
Best objective 1.700000000000e+01, best bound 1.700000000000e+01, gap 0.0000%

Gurobi 9.1.1 (win64) logging started Wed Mar 10 01:17:18 2021

Changed value of parameter LogFile to ../results/logs/log_samuel_kroger_2021_03_10_01_17_16.csv_3_1.log
   Prev:   Default: 
Gurobi Optimizer version 9.1.1 build v9.1.1rc0 (win64)
Thread count: 6 physical cores, 12 logical processors, using up to 12 threads
Optimize a model with 9 rows, 32 columns and 32 nonzeros
Model fingerprint: 0x1bfa5dea
Variable types: 0 continuous, 32 integer (32 binary)
Coefficient statistics:
  Matrix range     [1e+00, 1e+00]
  Objective range  [1e+00, 1e+00]
  Bounds range     [1e+00, 1e+00]
  RHS range        [1e+00, 1e+00]

User MIP start produced solution with objective 17 (0.00s)
Loaded user MIP start with objective 17

Presolve removed 9 rows and 32 columns
Presolve time: 0.00s
Presolve: All rows and columns removed

Explored 0 nodes (0 simplex iterations) in 0.00 seconds
Thread count was 1 (of 12 available processors)

Solution count 1: 17 

Optimal solution found (tolerance 1.00e-04)
Best objective 1.700000000000e+01, best bound 1.700000000000e+01, gap 0.0000%

Gurobi 9.1.1 (win64) logging started Wed Mar 10 01:17:23 2021

Changed value of parameter LogFile to ../results/logs/log_samuel_kroger_2021_03_10_01_17_16.csv_3_1.log
   Prev:   Default: 
Gurobi Optimizer version 9.1.1 build v9.1.1rc0 (win64)
Thread count: 6 physical cores, 12 logical processors, using up to 12 threads
Optimize a model with 513 rows, 512 columns and 127488 nonzeros
Model fingerprint: 0xb7464ed1
Variable types: 0 continuous, 512 integer (512 binary)
Coefficient statistics:
  Matrix range     [1e+00, 3e+00]
  Objective range  [1e+00, 1e+00]
  Bounds range     [1e+00, 1e+00]
  RHS range        [1e+00, 1e+00]
Found heuristic solution: objective 1.0000000
Presolve time: 0.14s
Presolved: 513 rows, 512 columns, 127488 nonzeros
Variable types: 0 continuous, 512 integer (512 binary)

Root relaxation: objective 2.560000e+02, 0 iterations, 0.01 seconds

    Nodes    |    Current Node    |     Objective Bounds      |     Work
 Expl Unexpl |  Obj  Depth IntInf | Incumbent    BestBd   Gap | It/Node Time

*    0     0               0     256.0000000  256.00000  0.00%     -    0s

Explored 0 nodes (0 simplex iterations) in 0.17 seconds
Thread count was 12 (of 12 available processors)

Solution count 2: 256 1 

Optimal solution found (tolerance 1.00e-04)
Best objective 2.560000000000e+02, best bound 2.560000000000e+02, gap 0.0000%

Gurobi 9.1.1 (win64) logging started Wed Mar 10 01:17:23 2021

Changed value of parameter LogFile to ../results/logs/log_samuel_kroger_2021_03_10_01_17_16.csv_3_1.log
   Prev:   Default: 
Gurobi Optimizer version 9.1.1 build v9.1.1rc0 (win64)
Thread count: 6 physical cores, 12 logical processors, using up to 12 threads
Optimize a model with 513 rows, 512 columns and 127488 nonzeros
Model fingerprint: 0xfe21e548
Variable types: 0 continuous, 512 integer (512 binary)
Coefficient statistics:
  Matrix range     [1e+00, 3e+00]
  Objective range  [1e+00, 1e+00]
  Bounds range     [1e+00, 1e+00]
  RHS range        [1e+00, 1e+00]

User MIP start produced solution with objective 256 (0.01s)
Loaded user MIP start with objective 256

Presolve time: 0.13s
Presolved: 513 rows, 512 columns, 127488 nonzeros
Variable types: 0 continuous, 512 integer (512 binary)

Root relaxation: cutoff, 0 iterations, 0.01 seconds

Explored 0 nodes (0 simplex iterations) in 0.16 seconds
Thread count was 12 (of 12 available processors)

Solution count 1: 256 

Optimal solution found (tolerance 1.00e-04)
Best objective 2.560000000000e+02, best bound 2.560000000000e+02, gap 0.0000%

Gurobi 9.1.1 (win64) logging started Wed Mar 10 01:17:24 2021

Changed value of parameter LogFile to ../results/logs/log_samuel_kroger_2021_03_10_01_17_16.csv_3_1.log
   Prev:   Default: 
Gurobi Optimizer version 9.1.1 build v9.1.1rc0 (win64)
Thread count: 6 physical cores, 12 logical processors, using up to 12 threads
Optimize a model with 257 rows, 512 columns and 768 nonzeros
Model fingerprint: 0xfdc96656
Variable types: 0 continuous, 512 integer (512 binary)
Coefficient statistics:
  Matrix range     [1e+00, 1e+00]
  Objective range  [1e+00, 1e+00]
  Bounds range     [0e+00, 0e+00]
  RHS range        [1e+00, 1e+00]
Found heuristic solution: objective 256.0000000

Explored 0 nodes (0 simplex iterations) in 0.00 seconds
Thread count was 1 (of 12 available processors)

Solution count 1: 256 

Optimal solution found (tolerance 1.00e-04)
Best objective 2.560000000000e+02, best bound 2.560000000000e+02, gap 0.0000%

Gurobi 9.1.1 (win64) logging started Wed Mar 10 01:17:24 2021

Changed value of parameter LogFile to ../results/logs/log_samuel_kroger_2021_03_10_01_17_16.csv_3_1.log
   Prev:   Default: 
Gurobi Optimizer version 9.1.1 build v9.1.1rc0 (win64)
Thread count: 6 physical cores, 12 logical processors, using up to 12 threads
Optimize a model with 257 rows, 512 columns and 768 nonzeros
Model fingerprint: 0xb2653b1c
Variable types: 0 continuous, 512 integer (512 binary)
Coefficient statistics:
  Matrix range     [1e+00, 1e+00]
  Objective range  [1e+00, 1e+00]
  Bounds range     [0e+00, 0e+00]
  RHS range        [1e+00, 1e+00]

Loaded user MIP start with objective 256


Explored 0 nodes (0 simplex iterations) in 0.00 seconds
Thread count was 1 (of 12 available processors)

Solution count 1: 256 

Optimal solution found (tolerance 1.00e-04)
Best objective 2.560000000000e+02, best bound 2.560000000000e+02, gap 0.0000%

Gurobi 9.1.1 (win64) logging started Wed Mar 10 01:17:41 2021

Changed value of parameter LogFile to ../results/logs/log_samuel_kroger_2021_03_10_01_17_16.csv_3_1.log
   Prev:   Default: 
Gurobi Optimizer version 9.1.1 build v9.1.1rc0 (win64)
Thread count: 6 physical cores, 12 logical processors, using up to 12 threads
Optimize a model with 513 rows, 512 columns and 84480 nonzeros
Model fingerprint: 0xb14bbc7b
Variable types: 0 continuous, 512 integer (512 binary)
Coefficient statistics:
  Matrix range     [1e+00, 3e+00]
  Objective range  [1e+00, 1e+00]
  Bounds range     [1e+00, 1e+00]
  RHS range        [1e+00, 1e+00]
Found heuristic solution: objective 1.0000000
Presolve time: 0.09s
Presolved: 513 rows, 512 columns, 84480 nonzeros
Variable types: 0 continuous, 512 integer (512 binary)

Root relaxation: objective 2.560000e+02, 0 iterations, 0.00 seconds

    Nodes    |    Current Node    |     Objective Bounds      |     Work
 Expl Unexpl |  Obj  Depth IntInf | Incumbent    BestBd   Gap | It/Node Time

*    0     0               0     256.0000000  256.00000  0.00%     -    0s

Explored 0 nodes (0 simplex iterations) in 0.11 seconds
Thread count was 12 (of 12 available processors)

Solution count 2: 256 1 

Optimal solution found (tolerance 1.00e-04)
Best objective 2.560000000000e+02, best bound 2.560000000000e+02, gap 0.0000%

Gurobi 9.1.1 (win64) logging started Wed Mar 10 01:17:41 2021

Changed value of parameter LogFile to ../results/logs/log_samuel_kroger_2021_03_10_01_17_16.csv_3_1.log
   Prev:   Default: 
Gurobi Optimizer version 9.1.1 build v9.1.1rc0 (win64)
Thread count: 6 physical cores, 12 logical processors, using up to 12 threads
Optimize a model with 513 rows, 512 columns and 84480 nonzeros
Model fingerprint: 0xe6fb067d
Variable types: 0 continuous, 512 integer (512 binary)
Coefficient statistics:
  Matrix range     [1e+00, 3e+00]
  Objective range  [1e+00, 1e+00]
  Bounds range     [1e+00, 1e+00]
  RHS range        [1e+00, 1e+00]

User MIP start produced solution with objective 256 (0.01s)
Loaded user MIP start with objective 256

Presolve time: 0.09s
Presolved: 513 rows, 512 columns, 84480 nonzeros
Variable types: 0 continuous, 512 integer (512 binary)

Root relaxation: cutoff, 0 iterations, 0.00 seconds

Explored 0 nodes (0 simplex iterations) in 0.11 seconds
Thread count was 12 (of 12 available processors)

Solution count 1: 256 

Optimal solution found (tolerance 1.00e-04)
Best objective 2.560000000000e+02, best bound 2.560000000000e+02, gap 0.0000%

Gurobi 9.1.1 (win64) logging started Wed Mar 10 01:17:42 2021

Changed value of parameter LogFile to ../results/logs/log_samuel_kroger_2021_03_10_01_17_16.csv_3_1.log
   Prev:   Default: 
Gurobi Optimizer version 9.1.1 build v9.1.1rc0 (win64)
Thread count: 6 physical cores, 12 logical processors, using up to 12 threads
Optimize a model with 257 rows, 512 columns and 768 nonzeros
Model fingerprint: 0xfdc96656
Variable types: 0 continuous, 512 integer (512 binary)
Coefficient statistics:
  Matrix range     [1e+00, 1e+00]
  Objective range  [1e+00, 1e+00]
  Bounds range     [0e+00, 0e+00]
  RHS range        [1e+00, 1e+00]
Found heuristic solution: objective 256.0000000

Explored 0 nodes (0 simplex iterations) in 0.00 seconds
Thread count was 1 (of 12 available processors)

Solution count 1: 256 

Optimal solution found (tolerance 1.00e-04)
Best objective 2.560000000000e+02, best bound 2.560000000000e+02, gap 0.0000%

Gurobi 9.1.1 (win64) logging started Wed Mar 10 01:17:42 2021

Changed value of parameter LogFile to ../results/logs/log_samuel_kroger_2021_03_10_01_17_16.csv_3_1.log
   Prev:   Default: 
Gurobi Optimizer version 9.1.1 build v9.1.1rc0 (win64)
Thread count: 6 physical cores, 12 logical processors, using up to 12 threads
Optimize a model with 257 rows, 512 columns and 768 nonzeros
Model fingerprint: 0xb2653b1c
Variable types: 0 continuous, 512 integer (512 binary)
Coefficient statistics:
  Matrix range     [1e+00, 1e+00]
  Objective range  [1e+00, 1e+00]
  Bounds range     [0e+00, 0e+00]
  RHS range        [1e+00, 1e+00]

Loaded user MIP start with objective 256


Explored 0 nodes (0 simplex iterations) in 0.00 seconds
Thread count was 1 (of 12 available processors)

Solution count 1: 256 

Optimal solution found (tolerance 1.00e-04)
Best objective 2.560000000000e+02, best bound 2.560000000000e+02, gap 0.0000%

Gurobi 9.1.1 (win64) logging started Wed Mar 10 01:18:05 2021

Changed value of parameter LogFile to ../results/logs/log_samuel_kroger_2021_03_10_01_17_16.csv_3_1.log
   Prev:   Default: 
Gurobi Optimizer version 9.1.1 build v9.1.1rc0 (win64)
Thread count: 6 physical cores, 12 logical processors, using up to 12 threads
Optimize a model with 993 rows, 992 columns and 433504 nonzeros
Model fingerprint: 0x58013f00
Variable types: 0 continuous, 992 integer (992 binary)
Coefficient statistics:
  Matrix range     [1e+00, 3e+00]
  Objective range  [1e+00, 1e+00]
  Bounds range     [1e+00, 1e+00]
  RHS range        [1e+00, 1e+00]
Found heuristic solution: objective 1.0000000
Presolve time: 0.37s
Presolved: 993 rows, 992 columns, 433504 nonzeros
Variable types: 0 continuous, 992 integer (992 binary)

Root relaxation: objective 4.960000e+02, 0 iterations, 0.02 seconds

    Nodes    |    Current Node    |     Objective Bounds      |     Work
 Expl Unexpl |  Obj  Depth IntInf | Incumbent    BestBd   Gap | It/Node Time

*    0     0               0     496.0000000  496.00000  0.00%     -    0s

Explored 0 nodes (0 simplex iterations) in 0.49 seconds
Thread count was 12 (of 12 available processors)

Solution count 2: 496 1 

Optimal solution found (tolerance 1.00e-04)
Best objective 4.960000000000e+02, best bound 4.960000000000e+02, gap 0.0000%

Gurobi 9.1.1 (win64) logging started Wed Mar 10 01:18:06 2021

Changed value of parameter LogFile to ../results/logs/log_samuel_kroger_2021_03_10_01_17_16.csv_3_1.log
   Prev:   Default: 
Gurobi Optimizer version 9.1.1 build v9.1.1rc0 (win64)
Thread count: 6 physical cores, 12 logical processors, using up to 12 threads
Optimize a model with 993 rows, 992 columns and 433504 nonzeros
Model fingerprint: 0x02725f9e
Variable types: 0 continuous, 992 integer (992 binary)
Coefficient statistics:
  Matrix range     [1e+00, 3e+00]
  Objective range  [1e+00, 1e+00]
  Bounds range     [1e+00, 1e+00]
  RHS range        [1e+00, 1e+00]

User MIP start produced solution with objective 496 (0.06s)
Loaded user MIP start with objective 496

Presolve time: 0.36s
Presolved: 993 rows, 992 columns, 433504 nonzeros
Variable types: 0 continuous, 992 integer (992 binary)

Root relaxation: cutoff, 0 iterations, 0.02 seconds

Explored 0 nodes (0 simplex iterations) in 0.47 seconds
Thread count was 12 (of 12 available processors)

Solution count 1: 496 

Optimal solution found (tolerance 1.00e-04)
Best objective 4.960000000000e+02, best bound 4.960000000000e+02, gap 0.0000%

Gurobi 9.1.1 (win64) logging started Wed Mar 10 01:18:08 2021

Changed value of parameter LogFile to ../results/logs/log_samuel_kroger_2021_03_10_01_17_16.csv_3_1.log
   Prev:   Default: 
Gurobi Optimizer version 9.1.1 build v9.1.1rc0 (win64)
Thread count: 6 physical cores, 12 logical processors, using up to 12 threads
Optimize a model with 497 rows, 992 columns and 1488 nonzeros
Model fingerprint: 0x8ec096d2
Variable types: 0 continuous, 992 integer (992 binary)
Coefficient statistics:
  Matrix range     [1e+00, 1e+00]
  Objective range  [1e+00, 1e+00]
  Bounds range     [0e+00, 0e+00]
  RHS range        [1e+00, 1e+00]
Found heuristic solution: objective 496.0000000

Explored 0 nodes (0 simplex iterations) in 0.00 seconds
Thread count was 1 (of 12 available processors)

Solution count 1: 496 

Optimal solution found (tolerance 1.00e-04)
Best objective 4.960000000000e+02, best bound 4.960000000000e+02, gap 0.0000%

Gurobi 9.1.1 (win64) logging started Wed Mar 10 01:18:08 2021

Changed value of parameter LogFile to ../results/logs/log_samuel_kroger_2021_03_10_01_17_16.csv_3_1.log
   Prev:   Default: 
Gurobi Optimizer version 9.1.1 build v9.1.1rc0 (win64)
Thread count: 6 physical cores, 12 logical processors, using up to 12 threads
Optimize a model with 497 rows, 992 columns and 1488 nonzeros
Model fingerprint: 0x19455a9f
Variable types: 0 continuous, 992 integer (992 binary)
Coefficient statistics:
  Matrix range     [1e+00, 1e+00]
  Objective range  [1e+00, 1e+00]
  Bounds range     [0e+00, 0e+00]
  RHS range        [1e+00, 1e+00]

Loaded user MIP start with objective 496


Explored 0 nodes (0 simplex iterations) in 0.00 seconds
Thread count was 1 (of 12 available processors)

Solution count 1: 496 

Optimal solution found (tolerance 1.00e-04)
Best objective 4.960000000000e+02, best bound 4.960000000000e+02, gap 0.0000%

Gurobi 9.1.1 (win64) logging started Wed Mar 10 01:18:57 2021

Changed value of parameter LogFile to ../results/logs/log_samuel_kroger_2021_03_10_01_17_16.csv_3_1.log
   Prev:   Default: 
Gurobi Optimizer version 9.1.1 build v9.1.1rc0 (win64)
Thread count: 6 physical cores, 12 logical processors, using up to 12 threads
Optimize a model with 45 rows, 68 columns and 366 nonzeros
Model fingerprint: 0x4115900e
Variable types: 0 continuous, 68 integer (68 binary)
Coefficient statistics:
  Matrix range     [1e+00, 3e+00]
  Objective range  [1e+00, 1e+00]
  Bounds range     [1e+00, 1e+00]
  RHS range        [1e+00, 1e+00]
Found heuristic solution: objective 13.0000000
Found heuristic solution: objective 22.0000000
Found heuristic solution: objective 29.0000000
Presolve removed 32 rows and 55 columns
Presolve time: 0.00s
Presolved: 13 rows, 13 columns, 47 nonzeros
Found heuristic solution: objective 34.0000000
Found heuristic solution: objective 35.0000000
Variable types: 0 continuous, 13 integer (13 binary)

Explored 0 nodes (0 simplex iterations) in 0.00 seconds
Thread count was 12 (of 12 available processors)

Solution count 5: 35 34 29 ... 13

Optimal solution found (tolerance 1.00e-04)
Best objective 3.500000000000e+01, best bound 3.500000000000e+01, gap 0.0000%

Gurobi 9.1.1 (win64) logging started Wed Mar 10 01:18:57 2021

Changed value of parameter LogFile to ../results/logs/log_samuel_kroger_2021_03_10_01_17_16.csv_3_1.log
   Prev:   Default: 
Gurobi Optimizer version 9.1.1 build v9.1.1rc0 (win64)
Thread count: 6 physical cores, 12 logical processors, using up to 12 threads
Optimize a model with 45 rows, 68 columns and 366 nonzeros
Model fingerprint: 0x1bb637c4
Variable types: 0 continuous, 68 integer (68 binary)
Coefficient statistics:
  Matrix range     [1e+00, 3e+00]
  Objective range  [1e+00, 1e+00]
  Bounds range     [1e+00, 1e+00]
  RHS range        [1e+00, 1e+00]

User MIP start produced solution with objective 35 (0.00s)
Loaded user MIP start with objective 35

Presolve removed 45 rows and 68 columns
Presolve time: 0.00s
Presolve: All rows and columns removed

Explored 0 nodes (0 simplex iterations) in 0.00 seconds
Thread count was 1 (of 12 available processors)

Solution count 1: 35 

Optimal solution found (tolerance 1.00e-04)
Best objective 3.500000000000e+01, best bound 3.500000000000e+01, gap 0.0000%

Gurobi 9.1.1 (win64) logging started Wed Mar 10 01:18:57 2021

Changed value of parameter LogFile to ../results/logs/log_samuel_kroger_2021_03_10_01_17_16.csv_3_1.log
   Prev:   Default: 
Gurobi Optimizer version 9.1.1 build v9.1.1rc0 (win64)
Thread count: 6 physical cores, 12 logical processors, using up to 12 threads
Optimize a model with 23 rows, 68 columns and 78 nonzeros
Model fingerprint: 0x541b18b4
Variable types: 0 continuous, 68 integer (68 binary)
Coefficient statistics:
  Matrix range     [1e+00, 1e+00]
  Objective range  [1e+00, 1e+00]
  Bounds range     [1e+00, 1e+00]
  RHS range        [1e+00, 1e+00]
Found heuristic solution: objective 35.0000000
Presolve removed 23 rows and 68 columns
Presolve time: 0.00s
Presolve: All rows and columns removed

Explored 0 nodes (0 simplex iterations) in 0.00 seconds
Thread count was 1 (of 12 available processors)

Solution count 1: 35 

Optimal solution found (tolerance 1.00e-04)
Best objective 3.500000000000e+01, best bound 3.500000000000e+01, gap 0.0000%

Gurobi 9.1.1 (win64) logging started Wed Mar 10 01:18:57 2021

Changed value of parameter LogFile to ../results/logs/log_samuel_kroger_2021_03_10_01_17_16.csv_3_1.log
   Prev:   Default: 
Gurobi Optimizer version 9.1.1 build v9.1.1rc0 (win64)
Thread count: 6 physical cores, 12 logical processors, using up to 12 threads
Optimize a model with 23 rows, 68 columns and 78 nonzeros
Model fingerprint: 0x7cfa8d24
Variable types: 0 continuous, 68 integer (68 binary)
Coefficient statistics:
  Matrix range     [1e+00, 1e+00]
  Objective range  [1e+00, 1e+00]
  Bounds range     [1e+00, 1e+00]
  RHS range        [1e+00, 1e+00]

User MIP start produced solution with objective 35 (0.00s)
Loaded user MIP start with objective 35


Explored 0 nodes (0 simplex iterations) in 0.00 seconds
Thread count was 1 (of 12 available processors)

Solution count 1: 35 

Optimal solution found (tolerance 1.00e-04)
Best objective 3.500000000000e+01, best bound 3.500000000000e+01, gap 0.0000%

Gurobi 9.1.1 (win64) logging started Wed Mar 10 01:18:59 2021

Changed value of parameter LogFile to ../results/logs/log_samuel_kroger_2021_03_10_01_17_16.csv_3_1.log
   Prev:   Default: 
Gurobi Optimizer version 9.1.1 build v9.1.1rc0 (win64)
Thread count: 6 physical cores, 12 logical processors, using up to 12 threads
Optimize a model with 343 rows, 342 columns and 38424 nonzeros
Model fingerprint: 0xb788625d
Variable types: 0 continuous, 342 integer (342 binary)
Coefficient statistics:
  Matrix range     [1e+00, 3e+00]
  Objective range  [1e+00, 1e+00]
  Bounds range     [1e+00, 1e+00]
  RHS range        [1e+00, 1e+00]
Found heuristic solution: objective 1.0000000
Presolve time: 0.04s
Presolved: 343 rows, 342 columns, 38424 nonzeros
Variable types: 0 continuous, 342 integer (342 binary)

Root relaxation: objective 1.710000e+02, 0 iterations, 0.00 seconds

    Nodes    |    Current Node    |     Objective Bounds      |     Work
 Expl Unexpl |  Obj  Depth IntInf | Incumbent    BestBd   Gap | It/Node Time

*    0     0               0     171.0000000  171.00000  0.00%     -    0s

Explored 0 nodes (0 simplex iterations) in 0.05 seconds
Thread count was 12 (of 12 available processors)

Solution count 2: 171 1 

Optimal solution found (tolerance 1.00e-04)
Best objective 1.710000000000e+02, best bound 1.710000000000e+02, gap 0.0000%

Gurobi 9.1.1 (win64) logging started Wed Mar 10 01:18:59 2021

Changed value of parameter LogFile to ../results/logs/log_samuel_kroger_2021_03_10_01_17_16.csv_3_1.log
   Prev:   Default: 
Gurobi Optimizer version 9.1.1 build v9.1.1rc0 (win64)
Thread count: 6 physical cores, 12 logical processors, using up to 12 threads
Optimize a model with 343 rows, 342 columns and 38424 nonzeros
Model fingerprint: 0x54efe562
Variable types: 0 continuous, 342 integer (342 binary)
Coefficient statistics:
  Matrix range     [1e+00, 3e+00]
  Objective range  [1e+00, 1e+00]
  Bounds range     [1e+00, 1e+00]
  RHS range        [1e+00, 1e+00]

User MIP start produced solution with objective 171 (0.00s)
Loaded user MIP start with objective 171

Presolve time: 0.04s
Presolved: 343 rows, 342 columns, 38424 nonzeros
Variable types: 0 continuous, 342 integer (342 binary)

Root relaxation: cutoff, 0 iterations, 0.00 seconds

Explored 0 nodes (0 simplex iterations) in 0.05 seconds
Thread count was 12 (of 12 available processors)

Solution count 1: 171 

Optimal solution found (tolerance 1.00e-04)
Best objective 1.710000000000e+02, best bound 1.710000000000e+02, gap 0.0000%

Gurobi 9.1.1 (win64) logging started Wed Mar 10 01:18:59 2021

Changed value of parameter LogFile to ../results/logs/log_samuel_kroger_2021_03_10_01_17_16.csv_3_1.log
   Prev:   Default: 
Gurobi Optimizer version 9.1.1 build v9.1.1rc0 (win64)
Thread count: 6 physical cores, 12 logical processors, using up to 12 threads
Optimize a model with 172 rows, 342 columns and 513 nonzeros
Model fingerprint: 0xebd747eb
Variable types: 0 continuous, 342 integer (342 binary)
Coefficient statistics:
  Matrix range     [1e+00, 1e+00]
  Objective range  [1e+00, 1e+00]
  Bounds range     [0e+00, 0e+00]
  RHS range        [1e+00, 1e+00]
Found heuristic solution: objective 171.0000000

Explored 0 nodes (0 simplex iterations) in 0.00 seconds
Thread count was 1 (of 12 available processors)

Solution count 1: 171 

Optimal solution found (tolerance 1.00e-04)
Best objective 1.710000000000e+02, best bound 1.710000000000e+02, gap 0.0000%

Gurobi 9.1.1 (win64) logging started Wed Mar 10 01:18:59 2021

Changed value of parameter LogFile to ../results/logs/log_samuel_kroger_2021_03_10_01_17_16.csv_3_1.log
   Prev:   Default: 
Gurobi Optimizer version 9.1.1 build v9.1.1rc0 (win64)
Thread count: 6 physical cores, 12 logical processors, using up to 12 threads
Optimize a model with 172 rows, 342 columns and 513 nonzeros
Model fingerprint: 0x8fb2b37f
Variable types: 0 continuous, 342 integer (342 binary)
Coefficient statistics:
  Matrix range     [1e+00, 1e+00]
  Objective range  [1e+00, 1e+00]
  Bounds range     [0e+00, 0e+00]
  RHS range        [1e+00, 1e+00]

Loaded user MIP start with objective 171


Explored 0 nodes (0 simplex iterations) in 0.00 seconds
Thread count was 1 (of 12 available processors)

Solution count 1: 171 

Optimal solution found (tolerance 1.00e-04)
Best objective 1.710000000000e+02, best bound 1.710000000000e+02, gap 0.0000%

Gurobi 9.1.1 (win64) logging started Wed Mar 10 01:19:43 2021

Changed value of parameter LogFile to ../results/logs/log_samuel_kroger_2021_03_10_01_17_16.csv_3_1.log
   Prev:   Default: 
Gurobi Optimizer version 9.1.1 build v9.1.1rc0 (win64)
Thread count: 6 physical cores, 12 logical processors, using up to 12 threads
Optimize a model with 25341 rows, 35516 columns and 252304 nonzeros
Model fingerprint: 0x35c4e260
Variable types: 0 continuous, 35516 integer (35516 binary)
Coefficient statistics:
  Matrix range     [1e+00, 3e+00]
  Objective range  [1e+00, 1e+00]
  Bounds range     [1e+00, 1e+00]
  RHS range        [1e+00, 1e+00]
Found heuristic solution: objective 5089.0000000
Found heuristic solution: objective 6673.0000000
Found heuristic solution: objective 16518.000000
Presolve removed 25169 rows and 35299 columns
Presolve time: 0.49s
Presolved: 172 rows, 217 columns, 596 nonzeros
Found heuristic solution: objective 17759.000000
Variable types: 0 continuous, 217 integer (217 binary)

Explored 0 nodes (0 simplex iterations) in 0.51 seconds
Thread count was 12 (of 12 available processors)

Solution count 4: 17759 16518 6673 5089 

Optimal solution found (tolerance 1.00e-04)
Best objective 1.775900000000e+04, best bound 1.775900000000e+04, gap 0.0000%

Gurobi 9.1.1 (win64) logging started Wed Mar 10 01:19:45 2021

Changed value of parameter LogFile to ../results/logs/log_samuel_kroger_2021_03_10_01_17_16.csv_3_1.log
   Prev:   Default: 
Gurobi Optimizer version 9.1.1 build v9.1.1rc0 (win64)
Thread count: 6 physical cores, 12 logical processors, using up to 12 threads
Optimize a model with 25341 rows, 35516 columns and 252304 nonzeros
Model fingerprint: 0xdfc13f71
Variable types: 0 continuous, 35516 integer (35516 binary)
Coefficient statistics:
  Matrix range     [1e+00, 3e+00]
  Objective range  [1e+00, 1e+00]
  Bounds range     [1e+00, 1e+00]
  RHS range        [1e+00, 1e+00]

User MIP start produced solution with objective 17759 (0.04s)
Loaded user MIP start with objective 17759

Presolve removed 25341 rows and 35516 columns
Presolve time: 0.48s
Presolve: All rows and columns removed

Explored 0 nodes (0 simplex iterations) in 0.54 seconds
Thread count was 1 (of 12 available processors)

Solution count 1: 17759 

Optimal solution found (tolerance 1.00e-04)
Best objective 1.775900000000e+04, best bound 1.775900000000e+04, gap 0.0000%

Gurobi 9.1.1 (win64) logging started Wed Mar 10 01:19:49 2021

Changed value of parameter LogFile to ../results/logs/log_samuel_kroger_2021_03_10_01_17_16.csv_3_1.log
   Prev:   Default: 
Gurobi Optimizer version 9.1.1 build v9.1.1rc0 (win64)
Thread count: 6 physical cores, 12 logical processors, using up to 12 threads
Optimize a model with 17565 rows, 35516 columns and 77490 nonzeros
Model fingerprint: 0x07b98374
Variable types: 0 continuous, 35516 integer (35516 binary)
Coefficient statistics:
  Matrix range     [1e+00, 3e+00]
  Objective range  [1e+00, 1e+00]
  Bounds range     [1e+00, 1e+00]
  RHS range        [1e+00, 1e+00]
Found heuristic solution: objective 14162.000000
Found heuristic solution: objective 17688.000000
Found heuristic solution: objective 17690.000000
Presolve removed 17459 rows and 35376 columns
Presolve time: 0.03s
Presolved: 106 rows, 140 columns, 354 nonzeros
Variable types: 0 continuous, 140 integer (140 binary)

Root relaxation: objective 1.775900e+04, 1 iterations, 0.00 seconds

    Nodes    |    Current Node    |     Objective Bounds      |     Work
 Expl Unexpl |  Obj  Depth IntInf | Incumbent    BestBd   Gap | It/Node Time

*    0     0               0    17759.000000 17759.0000  0.00%     -    0s

Explored 0 nodes (1 simplex iterations) in 0.04 seconds
Thread count was 12 (of 12 available processors)

Solution count 4: 17759 17690 17688 14162 

Optimal solution found (tolerance 1.00e-04)
Best objective 1.775900000000e+04, best bound 1.775900000000e+04, gap 0.0000%

Gurobi 9.1.1 (win64) logging started Wed Mar 10 01:19:54 2021

Changed value of parameter LogFile to ../results/logs/log_samuel_kroger_2021_03_10_01_17_16.csv_3_1.log
   Prev:   Default: 
Gurobi Optimizer version 9.1.1 build v9.1.1rc0 (win64)
Thread count: 6 physical cores, 12 logical processors, using up to 12 threads
Optimize a model with 17565 rows, 35516 columns and 77490 nonzeros
Model fingerprint: 0x2e0c7839
Variable types: 0 continuous, 35516 integer (35516 binary)
Coefficient statistics:
  Matrix range     [1e+00, 3e+00]
  Objective range  [1e+00, 1e+00]
  Bounds range     [1e+00, 1e+00]
  RHS range        [1e+00, 1e+00]

User MIP start produced solution with objective 17759 (0.02s)
Loaded user MIP start with objective 17759

Presolve removed 17565 rows and 35516 columns
Presolve time: 0.03s
Presolve: All rows and columns removed

Explored 0 nodes (0 simplex iterations) in 0.05 seconds
Thread count was 1 (of 12 available processors)

Solution count 1: 17759 

Optimal solution found (tolerance 1.00e-04)
Best objective 1.775900000000e+04, best bound 1.775900000000e+04, gap 0.0000%

Gurobi 9.1.1 (win64) logging started Wed Mar 10 01:22:27 2021

Changed value of parameter LogFile to ../results/logs/log_samuel_kroger_2021_03_10_01_17_16.csv_3_1.log
   Prev:   Default: 
Gurobi Optimizer version 9.1.1 build v9.1.1rc0 (win64)
Thread count: 6 physical cores, 12 logical processors, using up to 12 threads
Optimize a model with 33 rows, 32 columns and 256 nonzeros
Model fingerprint: 0x1f0d5049
Variable types: 0 continuous, 32 integer (32 binary)
Coefficient statistics:
  Matrix range     [1e+00, 3e+00]
  Objective range  [1e+00, 1e+00]
  Bounds range     [1e+00, 1e+00]
  RHS range        [1e+00, 1e+00]
Found heuristic solution: objective 1.0000000
Presolve time: 0.00s
Presolved: 33 rows, 32 columns, 256 nonzeros
Variable types: 0 continuous, 32 integer (32 binary)

Root relaxation: objective 1.600000e+01, 0 iterations, 0.00 seconds

    Nodes    |    Current Node    |     Objective Bounds      |     Work
 Expl Unexpl |  Obj  Depth IntInf | Incumbent    BestBd   Gap | It/Node Time

*    0     0               0      16.0000000   16.00000  0.00%     -    0s

Explored 0 nodes (0 simplex iterations) in 0.00 seconds
Thread count was 12 (of 12 available processors)

Solution count 2: 16 1 

Optimal solution found (tolerance 1.00e-04)
Best objective 1.600000000000e+01, best bound 1.600000000000e+01, gap 0.0000%

Gurobi 9.1.1 (win64) logging started Wed Mar 10 01:22:27 2021

Changed value of parameter LogFile to ../results/logs/log_samuel_kroger_2021_03_10_01_17_16.csv_3_1.log
   Prev:   Default: 
Gurobi Optimizer version 9.1.1 build v9.1.1rc0 (win64)
Thread count: 6 physical cores, 12 logical processors, using up to 12 threads
Optimize a model with 33 rows, 32 columns and 256 nonzeros
Model fingerprint: 0xc5f97b44
Variable types: 0 continuous, 32 integer (32 binary)
Coefficient statistics:
  Matrix range     [1e+00, 3e+00]
  Objective range  [1e+00, 1e+00]
  Bounds range     [1e+00, 1e+00]
  RHS range        [1e+00, 1e+00]

User MIP start produced solution with objective 16 (0.00s)
Loaded user MIP start with objective 16

Presolve time: 0.00s
Presolved: 33 rows, 32 columns, 256 nonzeros
Variable types: 0 continuous, 32 integer (32 binary)

Root relaxation: cutoff, 0 iterations, 0.00 seconds

Explored 0 nodes (0 simplex iterations) in 0.00 seconds
Thread count was 12 (of 12 available processors)

Solution count 1: 16 

Optimal solution found (tolerance 1.00e-04)
Best objective 1.600000000000e+01, best bound 1.600000000000e+01, gap 0.0000%

Gurobi 9.1.1 (win64) logging started Wed Mar 10 01:22:27 2021

Changed value of parameter LogFile to ../results/logs/log_samuel_kroger_2021_03_10_01_17_16.csv_3_1.log
   Prev:   Default: 
Gurobi Optimizer version 9.1.1 build v9.1.1rc0 (win64)
Thread count: 6 physical cores, 12 logical processors, using up to 12 threads
Optimize a model with 17 rows, 32 columns and 48 nonzeros
Model fingerprint: 0x59fc7a2b
Variable types: 0 continuous, 32 integer (32 binary)
Coefficient statistics:
  Matrix range     [1e+00, 1e+00]
  Objective range  [1e+00, 1e+00]
  Bounds range     [0e+00, 0e+00]
  RHS range        [1e+00, 1e+00]
Found heuristic solution: objective 16.0000000

Explored 0 nodes (0 simplex iterations) in 0.00 seconds
Thread count was 1 (of 12 available processors)

Solution count 1: 16 

Optimal solution found (tolerance 1.00e-04)
Best objective 1.600000000000e+01, best bound 1.600000000000e+01, gap 0.0000%

Gurobi 9.1.1 (win64) logging started Wed Mar 10 01:22:27 2021

Changed value of parameter LogFile to ../results/logs/log_samuel_kroger_2021_03_10_01_17_16.csv_3_1.log
   Prev:   Default: 
Gurobi Optimizer version 9.1.1 build v9.1.1rc0 (win64)
Thread count: 6 physical cores, 12 logical processors, using up to 12 threads
Optimize a model with 17 rows, 32 columns and 48 nonzeros
Model fingerprint: 0x6899b132
Variable types: 0 continuous, 32 integer (32 binary)
Coefficient statistics:
  Matrix range     [1e+00, 1e+00]
  Objective range  [1e+00, 1e+00]
  Bounds range     [0e+00, 0e+00]
  RHS range        [1e+00, 1e+00]

Loaded user MIP start with objective 16


Explored 0 nodes (0 simplex iterations) in 0.00 seconds
Thread count was 1 (of 12 available processors)

Solution count 1: 16 

Optimal solution found (tolerance 1.00e-04)
Best objective 1.600000000000e+01, best bound 1.600000000000e+01, gap 0.0000%

Gurobi 9.1.1 (win64) logging started Wed Mar 10 01:22:54 2021

Changed value of parameter LogFile to ../results/logs/log_samuel_kroger_2021_03_10_01_17_16.csv_3_1.log
   Prev:   Default: 
Gurobi Optimizer version 9.1.1 build v9.1.1rc0 (win64)
Thread count: 6 physical cores, 12 logical processors, using up to 12 threads
Optimize a model with 8847 rows, 21360 columns and 104643 nonzeros
Model fingerprint: 0x4a477941
Variable types: 0 continuous, 21360 integer (21360 binary)
Coefficient statistics:
  Matrix range     [1e+00, 3e+00]
  Objective range  [1e+00, 1e+00]
  Bounds range     [1e+00, 1e+00]
  RHS range        [1e+00, 1e+00]
Found heuristic solution: objective 6262.0000000
Found heuristic solution: objective 8774.0000000
Found heuristic solution: objective 9472.0000000
Presolve removed 6920 rows and 19081 columns
Presolve time: 0.27s
Presolved: 1927 rows, 2279 columns, 10716 nonzeros
Found heuristic solution: objective 10110.000000
Variable types: 0 continuous, 2279 integer (2279 binary)

Root relaxation: objective 1.068100e+04, 1 iterations, 0.00 seconds

    Nodes    |    Current Node    |     Objective Bounds      |     Work
 Expl Unexpl |  Obj  Depth IntInf | Incumbent    BestBd   Gap | It/Node Time

*    0     0               0    10681.000000 10681.0000  0.00%     -    0s

Explored 0 nodes (1 simplex iterations) in 0.29 seconds
Thread count was 12 (of 12 available processors)

Solution count 5: 10681 10110 9472 ... 6262

Optimal solution found (tolerance 1.00e-04)
Best objective 1.068100000000e+04, best bound 1.068100000000e+04, gap 0.0000%

Gurobi 9.1.1 (win64) logging started Wed Mar 10 01:22:55 2021

Changed value of parameter LogFile to ../results/logs/log_samuel_kroger_2021_03_10_01_17_16.csv_3_1.log
   Prev:   Default: 
Gurobi Optimizer version 9.1.1 build v9.1.1rc0 (win64)
Thread count: 6 physical cores, 12 logical processors, using up to 12 threads
Optimize a model with 8847 rows, 21360 columns and 104643 nonzeros
Model fingerprint: 0xa2648e77
Variable types: 0 continuous, 21360 integer (21360 binary)
Coefficient statistics:
  Matrix range     [1e+00, 3e+00]
  Objective range  [1e+00, 1e+00]
  Bounds range     [1e+00, 1e+00]
  RHS range        [1e+00, 1e+00]

User MIP start produced solution with objective 10681 (0.02s)
Loaded user MIP start with objective 10681

Presolve removed 8847 rows and 21360 columns
Presolve time: 0.34s
Presolve: All rows and columns removed

Explored 0 nodes (0 simplex iterations) in 0.37 seconds
Thread count was 1 (of 12 available processors)

Solution count 1: 10681 

Optimal solution found (tolerance 1.00e-04)
Best objective 1.068100000000e+04, best bound 1.068100000000e+04, gap 0.0000%

Gurobi 9.1.1 (win64) logging started Wed Mar 10 01:22:57 2021

Changed value of parameter LogFile to ../results/logs/log_samuel_kroger_2021_03_10_01_17_16.csv_3_1.log
   Prev:   Default: 
Gurobi Optimizer version 9.1.1 build v9.1.1rc0 (win64)
Thread count: 6 physical cores, 12 logical processors, using up to 12 threads
Optimize a model with 5856 rows, 21360 columns and 32610 nonzeros
Model fingerprint: 0x04dc7bdb
Variable types: 0 continuous, 21360 integer (21360 binary)
Coefficient statistics:
  Matrix range     [1e+00, 3e+00]
  Objective range  [1e+00, 1e+00]
  Bounds range     [1e+00, 1e+00]
  RHS range        [1e+00, 1e+00]
Found heuristic solution: objective 9303.0000000
Found heuristic solution: objective 10250.000000
Found heuristic solution: objective 10335.000000
Presolve removed 5388 rows and 20668 columns
Presolve time: 0.06s
Presolved: 468 rows, 692 columns, 2025 nonzeros
Found heuristic solution: objective 10557.000000
Variable types: 0 continuous, 692 integer (692 binary)

Root relaxation: objective 1.068100e+04, 1 iterations, 0.00 seconds

    Nodes    |    Current Node    |     Objective Bounds      |     Work
 Expl Unexpl |  Obj  Depth IntInf | Incumbent    BestBd   Gap | It/Node Time

*    0     0               0    10681.000000 10681.0000  0.00%     -    0s

Explored 0 nodes (1 simplex iterations) in 0.07 seconds
Thread count was 12 (of 12 available processors)

Solution count 5: 10681 10557 10335 ... 9303

Optimal solution found (tolerance 1.00e-04)
Best objective 1.068100000000e+04, best bound 1.068100000000e+04, gap 0.0000%

Gurobi 9.1.1 (win64) logging started Wed Mar 10 01:22:59 2021

Changed value of parameter LogFile to ../results/logs/log_samuel_kroger_2021_03_10_01_17_16.csv_3_1.log
   Prev:   Default: 
Gurobi Optimizer version 9.1.1 build v9.1.1rc0 (win64)
Thread count: 6 physical cores, 12 logical processors, using up to 12 threads
Optimize a model with 5856 rows, 21360 columns and 32610 nonzeros
Model fingerprint: 0xcdcc8b6c
Variable types: 0 continuous, 21360 integer (21360 binary)
Coefficient statistics:
  Matrix range     [1e+00, 3e+00]
  Objective range  [1e+00, 1e+00]
  Bounds range     [1e+00, 1e+00]
  RHS range        [1e+00, 1e+00]

User MIP start produced solution with objective 10681 (0.02s)
Loaded user MIP start with objective 10681

Presolve removed 5856 rows and 21360 columns
Presolve time: 0.05s
Presolve: All rows and columns removed

Explored 0 nodes (0 simplex iterations) in 0.07 seconds
Thread count was 1 (of 12 available processors)

Solution count 1: 10681 

Optimal solution found (tolerance 1.00e-04)
Best objective 1.068100000000e+04, best bound 1.068100000000e+04, gap 0.0000%

Gurobi 9.1.1 (win64) logging started Wed Mar 10 01:24:27 2021

Changed value of parameter LogFile to ../results/logs/log_samuel_kroger_2021_03_10_01_17_16.csv_3_1.log
   Prev:   Default: 
Gurobi Optimizer version 9.1.1 build v9.1.1rc0 (win64)
Thread count: 6 physical cores, 12 logical processors, using up to 12 threads
Optimize a model with 209 rows, 210 columns and 2177 nonzeros
Model fingerprint: 0xd8bd4d42
Variable types: 0 continuous, 210 integer (210 binary)
Coefficient statistics:
  Matrix range     [1e+00, 3e+00]
  Objective range  [1e+00, 1e+00]
  Bounds range     [1e+00, 1e+00]
  RHS range        [1e+00, 1e+00]
Found heuristic solution: objective 2.0000000
Presolve removed 0 rows and 1 columns
Presolve time: 0.00s
Presolved: 209 rows, 209 columns, 2175 nonzeros
Variable types: 0 continuous, 209 integer (209 binary)

Root relaxation: objective 1.060000e+02, 1 iterations, 0.00 seconds

    Nodes    |    Current Node    |     Objective Bounds      |     Work
 Expl Unexpl |  Obj  Depth IntInf | Incumbent    BestBd   Gap | It/Node Time

*    0     0               0     106.0000000  106.00000  0.00%     -    0s

Explored 0 nodes (1 simplex iterations) in 0.01 seconds
Thread count was 12 (of 12 available processors)

Solution count 2: 106 2 

Optimal solution found (tolerance 1.00e-04)
Best objective 1.060000000000e+02, best bound 1.060000000000e+02, gap 0.0000%

Gurobi 9.1.1 (win64) logging started Wed Mar 10 01:24:27 2021

Changed value of parameter LogFile to ../results/logs/log_samuel_kroger_2021_03_10_01_17_16.csv_3_1.log
   Prev:   Default: 
Gurobi Optimizer version 9.1.1 build v9.1.1rc0 (win64)
Thread count: 6 physical cores, 12 logical processors, using up to 12 threads
Optimize a model with 209 rows, 210 columns and 2177 nonzeros
Model fingerprint: 0x81dd96ef
Variable types: 0 continuous, 210 integer (210 binary)
Coefficient statistics:
  Matrix range     [1e+00, 3e+00]
  Objective range  [1e+00, 1e+00]
  Bounds range     [1e+00, 1e+00]
  RHS range        [1e+00, 1e+00]

User MIP start produced solution with objective 106 (0.00s)
Loaded user MIP start with objective 106

Presolve removed 209 rows and 210 columns
Presolve time: 0.00s
Presolve: All rows and columns removed

Explored 0 nodes (0 simplex iterations) in 0.00 seconds
Thread count was 1 (of 12 available processors)

Solution count 1: 106 

Optimal solution found (tolerance 1.00e-04)
Best objective 1.060000000000e+02, best bound 1.060000000000e+02, gap 0.0000%

Gurobi 9.1.1 (win64) logging started Wed Mar 10 01:24:27 2021

Changed value of parameter LogFile to ../results/logs/log_samuel_kroger_2021_03_10_01_17_16.csv_3_1.log
   Prev:   Default: 
Gurobi Optimizer version 9.1.1 build v9.1.1rc0 (win64)
Thread count: 6 physical cores, 12 logical processors, using up to 12 threads
Optimize a model with 106 rows, 210 columns and 320 nonzeros
Model fingerprint: 0x53d2c49c
Variable types: 0 continuous, 210 integer (210 binary)
Coefficient statistics:
  Matrix range     [1e+00, 1e+00]
  Objective range  [1e+00, 1e+00]
  Bounds range     [1e+00, 1e+00]
  RHS range        [1e+00, 1e+00]
Found heuristic solution: objective 106.0000000
Presolve removed 106 rows and 210 columns
Presolve time: 0.00s
Presolve: All rows and columns removed

Explored 0 nodes (0 simplex iterations) in 0.00 seconds
Thread count was 1 (of 12 available processors)

Solution count 1: 106 

Optimal solution found (tolerance 1.00e-04)
Best objective 1.060000000000e+02, best bound 1.060000000000e+02, gap 0.0000%

Gurobi 9.1.1 (win64) logging started Wed Mar 10 01:24:27 2021

Changed value of parameter LogFile to ../results/logs/log_samuel_kroger_2021_03_10_01_17_16.csv_3_1.log
   Prev:   Default: 
Gurobi Optimizer version 9.1.1 build v9.1.1rc0 (win64)
Thread count: 6 physical cores, 12 logical processors, using up to 12 threads
Optimize a model with 106 rows, 210 columns and 320 nonzeros
Model fingerprint: 0xf3108158
Variable types: 0 continuous, 210 integer (210 binary)
Coefficient statistics:
  Matrix range     [1e+00, 1e+00]
  Objective range  [1e+00, 1e+00]
  Bounds range     [1e+00, 1e+00]
  RHS range        [1e+00, 1e+00]

User MIP start produced solution with objective 106 (0.00s)
Loaded user MIP start with objective 106

Presolve removed 106 rows and 210 columns
Presolve time: 0.00s
Presolve: All rows and columns removed

Explored 0 nodes (0 simplex iterations) in 0.00 seconds
Thread count was 1 (of 12 available processors)

Solution count 1: 106 

Optimal solution found (tolerance 1.00e-04)
Best objective 1.060000000000e+02, best bound 1.060000000000e+02, gap 0.0000%

Gurobi 9.1.1 (win64) logging started Wed Mar 10 01:24:41 2021

Changed value of parameter LogFile to ../results/logs/log_samuel_kroger_2021_03_10_01_17_16.csv_3_1.log
   Prev:   Default: 
Gurobi Optimizer version 9.1.1 build v9.1.1rc0 (win64)
Thread count: 6 physical cores, 12 logical processors, using up to 12 threads
Optimize a model with 4119 rows, 9882 columns and 28418 nonzeros
Model fingerprint: 0x91e2669b
Variable types: 0 continuous, 9882 integer (9882 binary)
Coefficient statistics:
  Matrix range     [1e+00, 3e+00]
  Objective range  [1e+00, 1e+00]
  Bounds range     [1e+00, 1e+00]
  RHS range        [1e+00, 1e+00]
Found heuristic solution: objective 2891.0000000
Found heuristic solution: objective 3398.0000000
Found heuristic solution: objective 3556.0000000
Presolve removed 1737 rows and 6699 columns
Presolve time: 0.12s
Presolved: 2382 rows, 3183 columns, 12023 nonzeros
Found heuristic solution: objective 4128.0000000
Variable types: 0 continuous, 3183 integer (3183 binary)

Root relaxation: objective 4.942000e+03, 1 iterations, 0.00 seconds

    Nodes    |    Current Node    |     Objective Bounds      |     Work
 Expl Unexpl |  Obj  Depth IntInf | Incumbent    BestBd   Gap | It/Node Time

*    0     0               0    4942.0000000 4942.00000  0.00%     -    0s

Explored 0 nodes (1 simplex iterations) in 0.14 seconds
Thread count was 12 (of 12 available processors)

Solution count 5: 4942 4128 3556 ... 2891

Optimal solution found (tolerance 1.00e-04)
Best objective 4.942000000000e+03, best bound 4.942000000000e+03, gap 0.0000%

Gurobi 9.1.1 (win64) logging started Wed Mar 10 01:24:42 2021

Changed value of parameter LogFile to ../results/logs/log_samuel_kroger_2021_03_10_01_17_16.csv_3_1.log
   Prev:   Default: 
Gurobi Optimizer version 9.1.1 build v9.1.1rc0 (win64)
Thread count: 6 physical cores, 12 logical processors, using up to 12 threads
Optimize a model with 4119 rows, 9882 columns and 28418 nonzeros
Model fingerprint: 0x9ef6d224
Variable types: 0 continuous, 9882 integer (9882 binary)
Coefficient statistics:
  Matrix range     [1e+00, 3e+00]
  Objective range  [1e+00, 1e+00]
  Bounds range     [1e+00, 1e+00]
  RHS range        [1e+00, 1e+00]

Warning: Completing partial solution with 9611 unfixed non-continuous variables out of 9882
User MIP start produced solution with objective 4942 (0.02s)
Loaded user MIP start with objective 4942

Presolve removed 4119 rows and 9882 columns
Presolve time: 0.32s
Presolve: All rows and columns removed

Explored 0 nodes (0 simplex iterations) in 0.34 seconds
Thread count was 1 (of 12 available processors)

Solution count 1: 4942 

Optimal solution found (tolerance 1.00e-04)
Best objective 4.942000000000e+03, best bound 4.942000000000e+03, gap 0.0000%

Gurobi 9.1.1 (win64) logging started Wed Mar 10 01:24:43 2021

Changed value of parameter LogFile to ../results/logs/log_samuel_kroger_2021_03_10_01_17_16.csv_3_1.log
   Prev:   Default: 
Gurobi Optimizer version 9.1.1 build v9.1.1rc0 (win64)
Thread count: 6 physical cores, 12 logical processors, using up to 12 threads
Optimize a model with 3888 rows, 9882 columns and 25483 nonzeros
Model fingerprint: 0x235bfc42
Variable types: 0 continuous, 9882 integer (9882 binary)
Coefficient statistics:
  Matrix range     [1e+00, 3e+00]
  Objective range  [1e+00, 1e+00]
  Bounds range     [1e+00, 1e+00]
  RHS range        [1e+00, 1e+00]
Found heuristic solution: objective 3128.0000000
Found heuristic solution: objective 3654.0000000
Found heuristic solution: objective 3753.0000000
Presolve removed 1829 rows and 7090 columns
Presolve time: 0.10s
Presolved: 2059 rows, 2792 columns, 10172 nonzeros
Found heuristic solution: objective 4199.0000000
Variable types: 0 continuous, 2792 integer (2792 binary)

Root relaxation: objective 4.942000e+03, 0 iterations, 0.00 seconds

    Nodes    |    Current Node    |     Objective Bounds      |     Work
 Expl Unexpl |  Obj  Depth IntInf | Incumbent    BestBd   Gap | It/Node Time

*    0     0               0    4942.0000000 4942.00000  0.00%     -    0s

Explored 0 nodes (0 simplex iterations) in 0.11 seconds
Thread count was 12 (of 12 available processors)

Solution count 5: 4942 4199 3753 ... 3128

Optimal solution found (tolerance 1.00e-04)
Best objective 4.942000000000e+03, best bound 4.942000000000e+03, gap 0.0000%

Gurobi 9.1.1 (win64) logging started Wed Mar 10 01:24:44 2021

Changed value of parameter LogFile to ../results/logs/log_samuel_kroger_2021_03_10_01_17_16.csv_3_1.log
   Prev:   Default: 
Gurobi Optimizer version 9.1.1 build v9.1.1rc0 (win64)
Thread count: 6 physical cores, 12 logical processors, using up to 12 threads
Optimize a model with 3888 rows, 9882 columns and 25483 nonzeros
Model fingerprint: 0x6c384150
Variable types: 0 continuous, 9882 integer (9882 binary)
Coefficient statistics:
  Matrix range     [1e+00, 3e+00]
  Objective range  [1e+00, 1e+00]
  Bounds range     [1e+00, 1e+00]
  RHS range        [1e+00, 1e+00]

Warning: Completing partial solution with 9380 unfixed non-continuous variables out of 9882
User MIP start produced solution with objective 4942 (0.02s)
Loaded user MIP start with objective 4942

Presolve removed 3888 rows and 9882 columns
Presolve time: 0.25s
Presolve: All rows and columns removed

Explored 0 nodes (0 simplex iterations) in 0.28 seconds
Thread count was 1 (of 12 available processors)

Solution count 1: 4942 

Optimal solution found (tolerance 1.00e-04)
Best objective 4.942000000000e+03, best bound 4.942000000000e+03, gap 0.0000%

Gurobi 9.1.1 (win64) logging started Wed Mar 10 01:25:53 2021

Changed value of parameter LogFile to ../results/logs/log_samuel_kroger_2021_03_10_01_17_16.csv_3_1.log
   Prev:   Default: 
Gurobi Optimizer version 9.1.1 build v9.1.1rc0 (win64)
Thread count: 6 physical cores, 12 logical processors, using up to 12 threads
Optimize a model with 2001 rows, 2000 columns and 493012 nonzeros
Model fingerprint: 0xa626053e
Variable types: 0 continuous, 2000 integer (2000 binary)
Coefficient statistics:
  Matrix range     [1e+00, 3e+00]
  Objective range  [1e+00, 1e+00]
  Bounds range     [1e+00, 1e+00]
  RHS range        [1e+00, 1e+00]
Found heuristic solution: objective 1.0000000
Presolve time: 3.01s
Presolved: 2001 rows, 2000 columns, 493012 nonzeros
Variable types: 0 continuous, 2000 integer (2000 binary)

Root relaxation: objective 1.000000e+03, 0 iterations, 0.03 seconds

    Nodes    |    Current Node    |     Objective Bounds      |     Work
 Expl Unexpl |  Obj  Depth IntInf | Incumbent    BestBd   Gap | It/Node Time

*    0     0               0    1000.0000000 1000.00000  0.00%     -    3s

Explored 0 nodes (0 simplex iterations) in 3.16 seconds
Thread count was 12 (of 12 available processors)

Solution count 2: 1000 1 

Optimal solution found (tolerance 1.00e-04)
Best objective 1.000000000000e+03, best bound 1.000000000000e+03, gap 0.0000%

Gurobi 9.1.1 (win64) logging started Wed Mar 10 01:25:57 2021

Changed value of parameter LogFile to ../results/logs/log_samuel_kroger_2021_03_10_01_17_16.csv_3_1.log
   Prev:   Default: 
Gurobi Optimizer version 9.1.1 build v9.1.1rc0 (win64)
Thread count: 6 physical cores, 12 logical processors, using up to 12 threads
Optimize a model with 2001 rows, 2000 columns and 493012 nonzeros
Model fingerprint: 0x64e23fdd
Variable types: 0 continuous, 2000 integer (2000 binary)
Coefficient statistics:
  Matrix range     [1e+00, 3e+00]
  Objective range  [1e+00, 1e+00]
  Bounds range     [1e+00, 1e+00]
  RHS range        [1e+00, 1e+00]

User MIP start produced solution with objective 1000 (0.07s)
Loaded user MIP start with objective 1000

Presolve time: 3.04s
Presolved: 2001 rows, 2000 columns, 493012 nonzeros
Variable types: 0 continuous, 2000 integer (2000 binary)

Root relaxation: cutoff, 0 iterations, 0.03 seconds

Explored 0 nodes (0 simplex iterations) in 3.17 seconds
Thread count was 12 (of 12 available processors)

Solution count 1: 1000 

Optimal solution found (tolerance 1.00e-04)
Best objective 1.000000000000e+03, best bound 1.000000000000e+03, gap 0.0000%

Gurobi 9.1.1 (win64) logging started Wed Mar 10 01:26:01 2021

Changed value of parameter LogFile to ../results/logs/log_samuel_kroger_2021_03_10_01_17_16.csv_3_1.log
   Prev:   Default: 
Gurobi Optimizer version 9.1.1 build v9.1.1rc0 (win64)
Thread count: 6 physical cores, 12 logical processors, using up to 12 threads
Optimize a model with 1001 rows, 2000 columns and 3000 nonzeros
Model fingerprint: 0x80a91e3f
Variable types: 0 continuous, 2000 integer (2000 binary)
Coefficient statistics:
  Matrix range     [1e+00, 1e+00]
  Objective range  [1e+00, 1e+00]
  Bounds range     [0e+00, 0e+00]
  RHS range        [1e+00, 1e+00]
Found heuristic solution: objective 1000.0000000

Explored 0 nodes (0 simplex iterations) in 0.00 seconds
Thread count was 1 (of 12 available processors)

Solution count 1: 1000 

Optimal solution found (tolerance 1.00e-04)
Best objective 1.000000000000e+03, best bound 1.000000000000e+03, gap 0.0000%

Gurobi 9.1.1 (win64) logging started Wed Mar 10 01:26:02 2021

Changed value of parameter LogFile to ../results/logs/log_samuel_kroger_2021_03_10_01_17_16.csv_3_1.log
   Prev:   Default: 
Gurobi Optimizer version 9.1.1 build v9.1.1rc0 (win64)
Thread count: 6 physical cores, 12 logical processors, using up to 12 threads
Optimize a model with 1001 rows, 2000 columns and 3000 nonzeros
Model fingerprint: 0xf2a64485
Variable types: 0 continuous, 2000 integer (2000 binary)
Coefficient statistics:
  Matrix range     [1e+00, 1e+00]
  Objective range  [1e+00, 1e+00]
  Bounds range     [0e+00, 0e+00]
  RHS range        [1e+00, 1e+00]

Loaded user MIP start with objective 1000


Explored 0 nodes (0 simplex iterations) in 0.00 seconds
Thread count was 1 (of 12 available processors)

Solution count 1: 1000 

Optimal solution found (tolerance 1.00e-04)
Best objective 1.000000000000e+03, best bound 1.000000000000e+03, gap 0.0000%

Gurobi 9.1.1 (win64) logging started Wed Mar 10 01:28:01 2021

Changed value of parameter LogFile to ../results/logs/log_samuel_kroger_2021_03_10_01_17_16.csv_3_1.log
   Prev:   Default: 
Gurobi Optimizer version 9.1.1 build v9.1.1rc0 (win64)
Thread count: 6 physical cores, 12 logical processors, using up to 12 threads
Optimize a model with 601 rows, 600 columns and 44932 nonzeros
Model fingerprint: 0x3a9d25ec
Variable types: 0 continuous, 600 integer (600 binary)
Coefficient statistics:
  Matrix range     [1e+00, 3e+00]
  Objective range  [1e+00, 1e+00]
  Bounds range     [1e+00, 1e+00]
  RHS range        [1e+00, 1e+00]
Found heuristic solution: objective 1.0000000
Presolve time: 0.13s
Presolved: 601 rows, 600 columns, 44932 nonzeros
Variable types: 0 continuous, 600 integer (600 binary)

Root relaxation: objective 3.000000e+02, 0 iterations, 0.00 seconds

    Nodes    |    Current Node    |     Objective Bounds      |     Work
 Expl Unexpl |  Obj  Depth IntInf | Incumbent    BestBd   Gap | It/Node Time

*    0     0               0     300.0000000  300.00000  0.00%     -    0s

Explored 0 nodes (0 simplex iterations) in 0.14 seconds
Thread count was 12 (of 12 available processors)

Solution count 2: 300 1 

Optimal solution found (tolerance 1.00e-04)
Best objective 3.000000000000e+02, best bound 3.000000000000e+02, gap 0.0000%

Gurobi 9.1.1 (win64) logging started Wed Mar 10 01:28:01 2021

Changed value of parameter LogFile to ../results/logs/log_samuel_kroger_2021_03_10_01_17_16.csv_3_1.log
   Prev:   Default: 
Gurobi Optimizer version 9.1.1 build v9.1.1rc0 (win64)
Thread count: 6 physical cores, 12 logical processors, using up to 12 threads
Optimize a model with 601 rows, 600 columns and 44932 nonzeros
Model fingerprint: 0xff794f61
Variable types: 0 continuous, 600 integer (600 binary)
Coefficient statistics:
  Matrix range     [1e+00, 3e+00]
  Objective range  [1e+00, 1e+00]
  Bounds range     [1e+00, 1e+00]
  RHS range        [1e+00, 1e+00]

User MIP start produced solution with objective 300 (0.00s)
Loaded user MIP start with objective 300

Presolve time: 0.13s
Presolved: 601 rows, 600 columns, 44932 nonzeros
Variable types: 0 continuous, 600 integer (600 binary)

Root relaxation: cutoff, 0 iterations, 0.00 seconds

Explored 0 nodes (0 simplex iterations) in 0.14 seconds
Thread count was 12 (of 12 available processors)

Solution count 1: 300 

Optimal solution found (tolerance 1.00e-04)
Best objective 3.000000000000e+02, best bound 3.000000000000e+02, gap 0.0000%

Gurobi 9.1.1 (win64) logging started Wed Mar 10 01:28:01 2021

Changed value of parameter LogFile to ../results/logs/log_samuel_kroger_2021_03_10_01_17_16.csv_3_1.log
   Prev:   Default: 
Gurobi Optimizer version 9.1.1 build v9.1.1rc0 (win64)
Thread count: 6 physical cores, 12 logical processors, using up to 12 threads
Optimize a model with 301 rows, 600 columns and 900 nonzeros
Model fingerprint: 0xd4995713
Variable types: 0 continuous, 600 integer (600 binary)
Coefficient statistics:
  Matrix range     [1e+00, 1e+00]
  Objective range  [1e+00, 1e+00]
  Bounds range     [0e+00, 0e+00]
  RHS range        [1e+00, 1e+00]
Found heuristic solution: objective 300.0000000

Explored 0 nodes (0 simplex iterations) in 0.00 seconds
Thread count was 1 (of 12 available processors)

Solution count 1: 300 

Optimal solution found (tolerance 1.00e-04)
Best objective 3.000000000000e+02, best bound 3.000000000000e+02, gap 0.0000%

Gurobi 9.1.1 (win64) logging started Wed Mar 10 01:28:02 2021

Changed value of parameter LogFile to ../results/logs/log_samuel_kroger_2021_03_10_01_17_16.csv_3_1.log
   Prev:   Default: 
Gurobi Optimizer version 9.1.1 build v9.1.1rc0 (win64)
Thread count: 6 physical cores, 12 logical processors, using up to 12 threads
Optimize a model with 301 rows, 600 columns and 900 nonzeros
Model fingerprint: 0xb193fe98
Variable types: 0 continuous, 600 integer (600 binary)
Coefficient statistics:
  Matrix range     [1e+00, 1e+00]
  Objective range  [1e+00, 1e+00]
  Bounds range     [0e+00, 0e+00]
  RHS range        [1e+00, 1e+00]

Loaded user MIP start with objective 300


Explored 0 nodes (0 simplex iterations) in 0.00 seconds
Thread count was 1 (of 12 available processors)

Solution count 1: 300 

Optimal solution found (tolerance 1.00e-04)
Best objective 3.000000000000e+02, best bound 3.000000000000e+02, gap 0.0000%

Gurobi 9.1.1 (win64) logging started Wed Mar 10 01:28:09 2021

Changed value of parameter LogFile to ../results/logs/log_samuel_kroger_2021_03_10_01_17_16.csv_3_1.log
   Prev:   Default: 
Gurobi Optimizer version 9.1.1 build v9.1.1rc0 (win64)
Thread count: 6 physical cores, 12 logical processors, using up to 12 threads
Optimize a model with 7 rows, 12 columns and 33 nonzeros
Model fingerprint: 0xa6cff1cc
Variable types: 0 continuous, 12 integer (12 binary)
Coefficient statistics:
  Matrix range     [1e+00, 3e+00]
  Objective range  [1e+00, 1e+00]
  Bounds range     [1e+00, 1e+00]
  RHS range        [1e+00, 1e+00]
Found heuristic solution: objective 4.0000000
Found heuristic solution: objective 5.0000000
Presolve removed 7 rows and 12 columns
Presolve time: 0.00s
Presolve: All rows and columns removed

Explored 0 nodes (0 simplex iterations) in 0.00 seconds
Thread count was 1 (of 12 available processors)

Solution count 3: 7 

Optimal solution found (tolerance 1.00e-04)
Best objective 7.000000000000e+00, best bound 7.000000000000e+00, gap 0.0000%

Gurobi 9.1.1 (win64) logging started Wed Mar 10 01:28:09 2021

Changed value of parameter LogFile to ../results/logs/log_samuel_kroger_2021_03_10_01_17_16.csv_3_1.log
   Prev:   Default: 
Gurobi Optimizer version 9.1.1 build v9.1.1rc0 (win64)
Thread count: 6 physical cores, 12 logical processors, using up to 12 threads
Optimize a model with 7 rows, 12 columns and 33 nonzeros
Model fingerprint: 0x15119c9e
Variable types: 0 continuous, 12 integer (12 binary)
Coefficient statistics:
  Matrix range     [1e+00, 3e+00]
  Objective range  [1e+00, 1e+00]
  Bounds range     [1e+00, 1e+00]
  RHS range        [1e+00, 1e+00]

User MIP start produced solution with objective 7 (0.00s)
Loaded user MIP start with objective 7

Presolve removed 7 rows and 12 columns
Presolve time: 0.00s
Presolve: All rows and columns removed

Explored 0 nodes (0 simplex iterations) in 0.00 seconds
Thread count was 1 (of 12 available processors)

Solution count 1: 7 

Optimal solution found (tolerance 1.00e-04)
Best objective 7.000000000000e+00, best bound 7.000000000000e+00, gap 0.0000%

Gurobi 9.1.1 (win64) logging started Wed Mar 10 01:28:09 2021

Changed value of parameter LogFile to ../results/logs/log_samuel_kroger_2021_03_10_01_17_16.csv_3_1.log
   Prev:   Default: 
Gurobi Optimizer version 9.1.1 build v9.1.1rc0 (win64)
Thread count: 6 physical cores, 12 logical processors, using up to 12 threads
Optimize a model with 4 rows, 12 columns and 12 nonzeros
Model fingerprint: 0x6afd9e9c
Variable types: 0 continuous, 12 integer (12 binary)
Coefficient statistics:
  Matrix range     [1e+00, 1e+00]
  Objective range  [1e+00, 1e+00]
  Bounds range     [1e+00, 1e+00]
  RHS range        [1e+00, 1e+00]
Found heuristic solution: objective 7.0000000
Presolve removed 4 rows and 12 columns
Presolve time: 0.00s
Presolve: All rows and columns removed

Explored 0 nodes (0 simplex iterations) in 0.00 seconds
Thread count was 1 (of 12 available processors)

Solution count 1: 7 

Optimal solution found (tolerance 1.00e-04)
Best objective 7.000000000000e+00, best bound 7.000000000000e+00, gap 0.0000%

Gurobi 9.1.1 (win64) logging started Wed Mar 10 01:28:09 2021

Changed value of parameter LogFile to ../results/logs/log_samuel_kroger_2021_03_10_01_17_16.csv_3_1.log
   Prev:   Default: 
Gurobi Optimizer version 9.1.1 build v9.1.1rc0 (win64)
Thread count: 6 physical cores, 12 logical processors, using up to 12 threads
Optimize a model with 4 rows, 12 columns and 12 nonzeros
Model fingerprint: 0xd7b4dbf4
Variable types: 0 continuous, 12 integer (12 binary)
Coefficient statistics:
  Matrix range     [1e+00, 1e+00]
  Objective range  [1e+00, 1e+00]
  Bounds range     [1e+00, 1e+00]
  RHS range        [1e+00, 1e+00]

User MIP start produced solution with objective 7 (0.00s)
Loaded user MIP start with objective 7

Presolve removed 4 rows and 12 columns
Presolve time: 0.00s
Presolve: All rows and columns removed

Explored 0 nodes (0 simplex iterations) in 0.00 seconds
Thread count was 1 (of 12 available processors)

Solution count 1: 7 

Optimal solution found (tolerance 1.00e-04)
Best objective 7.000000000000e+00, best bound 7.000000000000e+00, gap 0.0000%

Gurobi 9.1.1 (win64) logging started Wed Mar 10 01:28:46 2021

Changed value of parameter LogFile to ../results/logs/log_samuel_kroger_2021_03_10_01_17_16.csv_3_1.log
   Prev:   Default: 
Gurobi Optimizer version 9.1.1 build v9.1.1rc0 (win64)
Thread count: 6 physical cores, 12 logical processors, using up to 12 threads
Optimize a model with 8319 rows, 14230 columns and 415446 nonzeros
Model fingerprint: 0xc8d8bad3
Variable types: 0 continuous, 14230 integer (14230 binary)
Coefficient statistics:
  Matrix range     [1e+00, 3e+00]
  Objective range  [1e+00, 1e+00]
  Bounds range     [1e+00, 1e+00]
  RHS range        [1e+00, 1e+00]
Found heuristic solution: objective 2957.0000000
Found heuristic solution: objective 7023.0000000
Found heuristic solution: objective 7108.0000000
Presolve removed 8304 rows and 14216 columns
Presolve time: 0.50s
Presolved: 15 rows, 14 columns, 44 nonzeros
Found heuristic solution: objective 7115.0000000
Found heuristic solution: objective 7116.0000000
Variable types: 0 continuous, 14 integer (14 binary)

Explored 0 nodes (0 simplex iterations) in 0.53 seconds
Thread count was 12 (of 12 available processors)

Solution count 5: 7116 7115 7108 ... 2957

Optimal solution found (tolerance 1.00e-04)
Best objective 7.116000000000e+03, best bound 7.116000000000e+03, gap 0.0000%

Gurobi 9.1.1 (win64) logging started Wed Mar 10 01:28:48 2021

Changed value of parameter LogFile to ../results/logs/log_samuel_kroger_2021_03_10_01_17_16.csv_3_1.log
   Prev:   Default: 
Gurobi Optimizer version 9.1.1 build v9.1.1rc0 (win64)
Thread count: 6 physical cores, 12 logical processors, using up to 12 threads
Optimize a model with 8319 rows, 14230 columns and 415446 nonzeros
Model fingerprint: 0x23582f90
Variable types: 0 continuous, 14230 integer (14230 binary)
Coefficient statistics:
  Matrix range     [1e+00, 3e+00]
  Objective range  [1e+00, 1e+00]
  Bounds range     [1e+00, 1e+00]
  RHS range        [1e+00, 1e+00]

User MIP start produced solution with objective 7116 (0.07s)
Loaded user MIP start with objective 7116

Presolve removed 8319 rows and 14230 columns
Presolve time: 0.49s
Presolve: All rows and columns removed

Explored 0 nodes (0 simplex iterations) in 0.57 seconds
Thread count was 1 (of 12 available processors)

Solution count 1: 7116 

Optimal solution found (tolerance 1.00e-04)
Best objective 7.116000000000e+03, best bound 7.116000000000e+03, gap 0.0000%

Gurobi 9.1.1 (win64) logging started Wed Mar 10 01:28:53 2021

Changed value of parameter LogFile to ../results/logs/log_samuel_kroger_2021_03_10_01_17_16.csv_3_1.log
   Prev:   Default: 
Gurobi Optimizer version 9.1.1 build v9.1.1rc0 (win64)
Thread count: 6 physical cores, 12 logical processors, using up to 12 threads
Optimize a model with 4167 rows, 14230 columns and 15486 nonzeros
Model fingerprint: 0xd85e740c
Variable types: 0 continuous, 14230 integer (14230 binary)
Coefficient statistics:
  Matrix range     [1e+00, 2e+00]
  Objective range  [1e+00, 1e+00]
  Bounds range     [1e+00, 1e+00]
  RHS range        [1e+00, 1e+00]
Found heuristic solution: objective 7110.0000000
Found heuristic solution: objective 7116.0000000
Presolve removed 4167 rows and 14230 columns
Presolve time: 0.00s
Presolve: All rows and columns removed

Explored 0 nodes (0 simplex iterations) in 0.01 seconds
Thread count was 1 (of 12 available processors)

Solution count 2: 7116 

Optimal solution found (tolerance 1.00e-04)
Best objective 7.116000000000e+03, best bound 7.116000000000e+03, gap 0.0000%

Gurobi 9.1.1 (win64) logging started Wed Mar 10 01:28:54 2021

Changed value of parameter LogFile to ../results/logs/log_samuel_kroger_2021_03_10_01_17_16.csv_3_1.log
   Prev:   Default: 
Gurobi Optimizer version 9.1.1 build v9.1.1rc0 (win64)
Thread count: 6 physical cores, 12 logical processors, using up to 12 threads
Optimize a model with 4167 rows, 14230 columns and 15486 nonzeros
Model fingerprint: 0xa2ad0e4c
Variable types: 0 continuous, 14230 integer (14230 binary)
Coefficient statistics:
  Matrix range     [1e+00, 2e+00]
  Objective range  [1e+00, 1e+00]
  Bounds range     [1e+00, 1e+00]
  RHS range        [1e+00, 1e+00]

User MIP start produced solution with objective 7116 (0.01s)
Loaded user MIP start with objective 7116

Presolve removed 4167 rows and 14230 columns
Presolve time: 0.00s
Presolve: All rows and columns removed

Explored 0 nodes (0 simplex iterations) in 0.01 seconds
Thread count was 1 (of 12 available processors)

Solution count 1: 7116 

Optimal solution found (tolerance 1.00e-04)
Best objective 7.116000000000e+03, best bound 7.116000000000e+03, gap 0.0000%
