
Gurobi 9.1.1 (win64) logging started Sat Mar 13 12:24:44 2021

Changed value of parameter LogFile to ../results/logs/log_samuel_kroger_2021_03_13_12_24_34.csv_2_1.log
   Prev:   Default: 
Gurobi Optimizer version 9.1.1 build v9.1.1rc0 (win64)
Thread count: 6 physical cores, 12 logical processors, using up to 12 threads
Optimize a model with 2778257 rows, 2882590 columns and 11704225 nonzeros
Model fingerprint: 0x7cbe9e3d
Variable types: 0 continuous, 2882590 integer (2882590 binary)
Coefficient statistics:
  Matrix range     [1e+00, 2e+00]
  Objective range  [1e+00, 1e+00]
  Bounds range     [1e+00, 1e+00]
  RHS range        [1e+00, 1e+00]
Found heuristic solution: objective 52168.000000
Found heuristic solution: objective 54542.000000
Found heuristic solution: objective 54843.000000
Presolve removed 2254 rows and 56699 columns (presolve time = 5s) ...
Presolve removed 2254 rows and 62506 columns (presolve time = 10s) ...
Presolve removed 2254 rows and 62506 columns (presolve time = 15s) ...
Presolve removed 6154 rows and 62903 columns (presolve time = 20s) ...
Presolve removed 6550 rows and 63640 columns (presolve time = 25s) ...
Presolve removed 6550 rows and 63706 columns (presolve time = 31s) ...
Presolve removed 6550 rows and 63750 columns (presolve time = 42s) ...
Presolve removed 6635 rows and 63753 columns (presolve time = 52s) ...
Presolve removed 6635 rows and 63753 columns
Presolve time: 51.73s
Presolved: 2771622 rows, 2818837 columns, 11614468 nonzeros
Found heuristic solution: objective 61652.000000
Variable types: 0 continuous, 2818837 integer (2818837 binary)

Deterministic concurrent LP optimizer: primal simplex, dual simplex, and barrier
Showing barrier log only...


Root simplex log...

Iteration    Objective       Primal Inf.    Dual Inf.      Time
       0    1.4412960e+06   0.000000e+00   0.000000e+00     66s
Concurrent spin time: 0.72s

Solved with dual simplex

Root relaxation: objective 1.441296e+06, 0 iterations, 9.38 seconds

    Nodes    |    Current Node    |     Objective Bounds      |     Work
 Expl Unexpl |  Obj  Depth IntInf | Incumbent    BestBd   Gap | It/Node Time

*    0     0               0    1441296.0000 1441296.00  0.00%     -   67s

Explored 0 nodes (0 simplex iterations) in 67.96 seconds
Thread count was 12 (of 12 available processors)

Solution count 5: 1.4413e+06 61652 54843 ... 52168

Optimal solution found (tolerance 1.00e-04)
Best objective 1.441296000000e+06, best bound 1.441296000000e+06, gap 0.0000%

Gurobi 9.1.1 (win64) logging started Sat Mar 13 12:27:44 2021

Changed value of parameter LogFile to ../results/logs/log_samuel_kroger_2021_03_13_12_24_34.csv_2_1.log
   Prev:   Default: 
Gurobi Optimizer version 9.1.1 build v9.1.1rc0 (win64)
Thread count: 6 physical cores, 12 logical processors, using up to 12 threads
Optimize a model with 2778257 rows, 2882590 columns and 11704225 nonzeros
Model fingerprint: 0x30b2f707
Variable types: 0 continuous, 2882590 integer (2882590 binary)
Coefficient statistics:
  Matrix range     [1e+00, 2e+00]
  Objective range  [1e+00, 1e+00]
  Bounds range     [1e+00, 1e+00]
  RHS range        [1e+00, 1e+00]

User MIP start produced solution with objective 1.4413e+06 (24.78s)
Loaded user MIP start with objective 1.4413e+06
Processed MIP start in 25.08 seconds

Presolve removed 2254 rows and 56700 columns (presolve time = 5s) ...
Presolve removed 2254 rows and 62507 columns (presolve time = 10s) ...
Presolve removed 2254 rows and 62507 columns (presolve time = 15s) ...
Presolve removed 6154 rows and 62904 columns (presolve time = 20s) ...
Presolve removed 6550 rows and 63641 columns (presolve time = 28s) ...
Presolve removed 6550 rows and 63707 columns (presolve time = 30s) ...
Presolve removed 6550 rows and 63751 columns (presolve time = 41s) ...
Presolve removed 6635 rows and 63754 columns (presolve time = 51s) ...
Presolve removed 6635 rows and 63754 columns
Presolve time: 50.67s
Presolved: 2771622 rows, 2818836 columns, 11614466 nonzeros
Variable types: 0 continuous, 2818836 integer (2818836 binary)

Explored 0 nodes (0 simplex iterations) in 78.80 seconds
Thread count was 12 (of 12 available processors)

Solution count 1: 1.4413e+06 

Optimal solution found (tolerance 1.00e-04)
Best objective 1.441296000000e+06, best bound 1.441296000000e+06, gap 0.0000%

Gurobi 9.1.1 (win64) logging started Sat Mar 13 12:32:39 2021

Changed value of parameter LogFile to ../results/logs/log_samuel_kroger_2021_03_13_12_24_34.csv_2_1.log
   Prev:   Default: 
Gurobi Optimizer version 9.1.1 build v9.1.1rc0 (win64)
Thread count: 6 physical cores, 12 logical processors, using up to 12 threads
Optimize a model with 2778257 rows, 2882590 columns and 11704225 nonzeros
Model fingerprint: 0x7cbe9e3d
Variable types: 0 continuous, 2882590 integer (2882590 binary)
Coefficient statistics:
  Matrix range     [1e+00, 2e+00]
  Objective range  [1e+00, 1e+00]
  Bounds range     [1e+00, 1e+00]
  RHS range        [1e+00, 1e+00]
Found heuristic solution: objective 52168.000000
Found heuristic solution: objective 54542.000000
Found heuristic solution: objective 54843.000000
Presolve removed 2254 rows and 56769 columns (presolve time = 5s) ...
Presolve removed 2254 rows and 62506 columns (presolve time = 11s) ...
Presolve removed 2254 rows and 62506 columns (presolve time = 15s) ...
Presolve removed 6501 rows and 63250 columns (presolve time = 21s) ...
Presolve removed 6550 rows and 63640 columns (presolve time = 27s) ...
Presolve removed 6550 rows and 63706 columns (presolve time = 30s) ...
Presolve removed 6550 rows and 63750 columns (presolve time = 41s) ...
Presolve removed 6635 rows and 63753 columns (presolve time = 51s) ...
Presolve removed 6635 rows and 63753 columns
Presolve time: 51.11s
Presolved: 2771622 rows, 2818837 columns, 11614468 nonzeros
Found heuristic solution: objective 61652.000000
Variable types: 0 continuous, 2818837 integer (2818837 binary)

Deterministic concurrent LP optimizer: primal simplex, dual simplex, and barrier
Showing barrier log only...


Root simplex log...

Iteration    Objective       Primal Inf.    Dual Inf.      Time
       0    1.4412960e+06   0.000000e+00   0.000000e+00     66s
Concurrent spin time: 0.50s

Solved with dual simplex

Root relaxation: objective 1.441296e+06, 0 iterations, 10.31 seconds

    Nodes    |    Current Node    |     Objective Bounds      |     Work
 Expl Unexpl |  Obj  Depth IntInf | Incumbent    BestBd   Gap | It/Node Time

*    0     0               0    1441296.0000 1441296.00  0.00%     -   67s

Explored 0 nodes (0 simplex iterations) in 67.89 seconds
Thread count was 12 (of 12 available processors)

Solution count 5: 1.4413e+06 61652 54843 ... 52168

Optimal solution found (tolerance 1.00e-04)
Best objective 1.441296000000e+06, best bound 1.441296000000e+06, gap 0.0000%

Gurobi 9.1.1 (win64) logging started Sat Mar 13 12:35:42 2021

Changed value of parameter LogFile to ../results/logs/log_samuel_kroger_2021_03_13_12_24_34.csv_2_1.log
   Prev:   Default: 
Gurobi Optimizer version 9.1.1 build v9.1.1rc0 (win64)
Thread count: 6 physical cores, 12 logical processors, using up to 12 threads
Optimize a model with 2778257 rows, 2882590 columns and 11704225 nonzeros
Model fingerprint: 0x30b2f707
Variable types: 0 continuous, 2882590 integer (2882590 binary)
Coefficient statistics:
  Matrix range     [1e+00, 2e+00]
  Objective range  [1e+00, 1e+00]
  Bounds range     [1e+00, 1e+00]
  RHS range        [1e+00, 1e+00]

User MIP start produced solution with objective 1.4413e+06 (25.71s)
Loaded user MIP start with objective 1.4413e+06
Processed MIP start in 26.02 seconds

Presolve removed 2254 rows and 56700 columns (presolve time = 5s) ...
Presolve removed 2254 rows and 62507 columns (presolve time = 10s) ...
Presolve removed 2254 rows and 62507 columns (presolve time = 15s) ...
Presolve removed 6154 rows and 62904 columns (presolve time = 20s) ...
Presolve removed 6550 rows and 63641 columns (presolve time = 25s) ...
Presolve removed 6550 rows and 63707 columns (presolve time = 30s) ...
Presolve removed 6550 rows and 63751 columns (presolve time = 41s) ...
Presolve removed 6635 rows and 63754 columns (presolve time = 52s) ...
Presolve removed 6635 rows and 63754 columns
Presolve time: 51.90s
Presolved: 2771622 rows, 2818836 columns, 11614466 nonzeros
Variable types: 0 continuous, 2818836 integer (2818836 binary)

Explored 0 nodes (0 simplex iterations) in 81.05 seconds
Thread count was 12 (of 12 available processors)

Solution count 1: 1.4413e+06 

Optimal solution found (tolerance 1.00e-04)
Best objective 1.441296000000e+06, best bound 1.441296000000e+06, gap 0.0000%

Gurobi 9.1.1 (win64) logging started Sat Mar 13 12:39:28 2021

Changed value of parameter LogFile to ../results/logs/log_samuel_kroger_2021_03_13_12_24_34.csv_2_1.log
   Prev:   Default: 
Gurobi Optimizer version 9.1.1 build v9.1.1rc0 (win64)
Thread count: 6 physical cores, 12 logical processors, using up to 12 threads
Optimize a model with 1539363 rows, 2882590 columns and 4987217 nonzeros
Model fingerprint: 0x636db463
Variable types: 0 continuous, 2882590 integer (2882590 binary)
Coefficient statistics:
  Matrix range     [1e+00, 2e+00]
  Objective range  [1e+00, 1e+00]
  Bounds range     [1e+00, 1e+00]
  RHS range        [1e+00, 1e+00]
Found heuristic solution: objective 1291590.0000
Found heuristic solution: objective 1301308.0000
Found heuristic solution: objective 1301772.0000
Presolve removed 1248743 rows and 2582232 columns (presolve time = 5s) ...
Presolve removed 1265815 rows and 2585102 columns (presolve time = 10s) ...
Presolve removed 1265816 rows and 2585117 columns (presolve time = 17s) ...
Presolve removed 1265837 rows and 2585121 columns
Presolve time: 17.32s
Presolved: 273526 rows, 297469 columns, 1061694 nonzeros
Found heuristic solution: objective 1314372.0000
Variable types: 0 continuous, 297469 integer (297469 binary)

Deterministic concurrent LP optimizer: primal and dual simplex
Showing first log only...


Root simplex log...

Iteration    Objective       Primal Inf.    Dual Inf.      Time
       0    1.4412960e+06   0.000000e+00   0.000000e+00     19s
Concurrent spin time: 0.01s

Solved with primal simplex

Root relaxation: objective 1.441296e+06, 0 iterations, 0.59 seconds

    Nodes    |    Current Node    |     Objective Bounds      |     Work
 Expl Unexpl |  Obj  Depth IntInf | Incumbent    BestBd   Gap | It/Node Time

*    0     0               0    1441296.0000 1441296.00  0.00%     -   19s

Explored 0 nodes (0 simplex iterations) in 19.70 seconds
Thread count was 12 (of 12 available processors)

Solution count 5: 1.4413e+06 1.31437e+06 1.30177e+06 ... 1.29159e+06

Optimal solution found (tolerance 1.00e-04)
Best objective 1.441296000000e+06, best bound 1.441296000000e+06, gap 0.0000%
