
Gurobi 9.5.1 (linux64) logging started Sat Jun 18 16:48:10 2022

Set parameter LogFile to value "../results/logs/log_soc-twitter-higgs.e_17_250_2022_06_18_14_18.log"
Gurobi Optimizer version 9.5.1 build v9.5.1rc2 (linux64)
Thread count: 8 physical cores, 8 logical processors, using up to 8 threads
Optimize a model with 151392 rows, 913262 columns and 994883 nonzeros
Model fingerprint: 0x9715b16d
Variable types: 0 continuous, 913262 integer (913262 binary)
Coefficient statistics:
  Matrix range     [1e+00, 2e+01]
  Objective range  [1e+00, 1e+00]
  Bounds range     [1e+00, 1e+00]
  RHS range        [1e+00, 2e+02]
Found heuristic solution: objective 231419.00000
Presolve removed 136110 rows and 892488 columns
Presolve time: 1.32s
Presolved: 15282 rows, 20774 columns, 70802 nonzeros
Extracted 6683 lazy constraints
Found heuristic solution: objective 231722.00000
Variable types: 0 continuous, 20774 integer (18706 binary)

Root relaxation: objective 2.349165e+05, 5980 iterations, 0.18 seconds (0.24 work units)

    Nodes    |    Current Node    |     Objective Bounds      |     Work
 Expl Unexpl |  Obj  Depth IntInf | Incumbent    BestBd   Gap | It/Node Time

     0     0 234916.518    0 2410 231722.000 234916.518  1.38%     -    2s
     0     0 232669.493    0 1482 231722.000 232669.493  0.41%     -    2s
H    0     0                    232120.00000 232669.493  0.24%     -    3s
H    0     0                    232130.00000 232538.828  0.18%     -    3s
     0     0 232538.828    0 1266 232130.000 232538.828  0.18%     -    3s
     0     0 232532.661    0 1266 232130.000 232532.661  0.17%     -    3s
     0     0 232531.089    0 1302 232130.000 232531.089  0.17%     -    3s
     0     0 232423.032    0 1066 232130.000 232423.032  0.13%     -    3s
     0     0 232411.718    0 1011 232130.000 232411.718  0.12%     -    3s
     0     0 232410.595    0 1040 232130.000 232410.595  0.12%     -    4s
H    0     0                    232271.00000 232410.595  0.06%     -    4s
H    0     0                    232274.00000 232381.738  0.05%     -    4s
     0     0 232381.738    0  999 232274.000 232381.738  0.05%     -    4s
H    0     0                    232297.00000 232381.738  0.04%     -    5s
     0     0 232373.779    0  884 232297.000 232373.779  0.03%     -    5s
     0     0 232370.857    0  988 232297.000 232370.857  0.03%     -    5s
     0     0 232362.205    0  938 232297.000 232362.205  0.03%     -    6s
     0     0 232362.205    0  933 232297.000 232362.205  0.03%     -    6s
H    0     0                    232305.00000 232362.008  0.02%     -    7s
     0     2 232362.008    0  932 232305.000 232362.008  0.02%     -    7s
H   31    40                    232313.00000 232357.059  0.02%   393    8s
H   32    40                    232315.00000 232357.059  0.02%   381    8s
H   36    40                    232320.00000 232357.059  0.02%   341    8s
   352   742 232348.329   44  958 232320.000 232357.059  0.02%  59.8   10s
H 1539  1719                    232323.00000 232357.059  0.01%  51.5   14s
  1773  2082 232330.590  168  178 232323.000 232357.059  0.01%  53.9   16s
H 1965  2070                    232324.00000 232357.059  0.01%  53.1   16s
  3083  2821 232340.705   34  933 232324.000 232356.031  0.01%  54.7   21s
H 3085  2680                    232326.00000 232356.031  0.01%  54.6   23s
  3093  2686 232340.807   61  960 232326.000 232355.250  0.01%  54.5   25s
H 3105  2559                    232327.00000 232341.157  0.01%  54.3   28s
  3113  2564 232337.575   49  804 232327.000 232337.575  0.00%  54.1   30s
  3133  2577 232331.479   42  492 232327.000 232332.509  0.00%  53.8   35s
  3146  2586 232327.818  194  411 232327.000 232331.389  0.00%  53.6   40s
  3160  2596 232327.000  217 1725 232327.000 232330.877  0.00%  66.6   46s
  3173  2605 232330.786   16  535 232327.000 232330.786  0.00%  66.3   50s
H 3182  2480                    232328.00000 232330.640  0.00%  66.1   54s
  3185  2482 232330.631   47  503 232328.000 232330.631  0.00%  66.0   55s
  3208  2499 232330.475   99  507 232328.000 232330.475  0.00%  73.8   60s
  3222  2508 232330.315   68  307 232328.000 232330.315  0.00%  73.4   65s
H 3224  2385                    232329.00000 232330.315  0.00%  79.6   67s
  3248  2402 232330.315   89  442 232329.000 232330.315  0.00%  81.0   70s

Cutting planes:
  Gomory: 118
  Lift-and-project: 62
  Cover: 85
  Implied bound: 13
  Clique: 5
  MIR: 155
  StrongCG: 11
  Flow cover: 421
  GUB cover: 188
  Zero half: 97
  RLT: 66
  Relax-and-lift: 4

Explored 3308 nodes (294685 simplex iterations) in 73.65 seconds (65.25 work units)
Thread count was 8 (of 8 available processors)

Solution count 10: 232329 232328 232327 ... 232305

Optimal solution found (tolerance 0.00e+00)
Best objective 2.323290000000e+05, best bound 2.323290000000e+05, gap 0.0000%
