
Gurobi 9.5.1 (linux64) logging started Wed Mar  9 17:57:16 2022

Set parameter LogFile to value "../results/logs/log_2022_03_09_17_57.csv_2_65.log"
Set parameter Method to value 3
Gurobi Optimizer version 9.5.1 build v9.5.1rc2 (linux64)
Thread count: 8 physical cores, 8 logical processors, using up to 8 threads
Optimize a model with 7793 rows, 9882 columns and 42118 nonzeros
Model fingerprint: 0x501436ef
Variable types: 4941 continuous, 4941 integer (4941 binary)
Coefficient statistics:
  Matrix range     [1e+00, 2e+00]
  Objective range  [1e+00, 1e+00]
  Bounds range     [1e+00, 1e+00]
  RHS range        [1e+00, 6e+01]
Found heuristic solution: objective 3353.0000000
Presolve removed 7455 rows and 9420 columns
Presolve time: 0.01s
Presolved: 338 rows, 462 columns, 1285 nonzeros
Variable types: 153 continuous, 309 integer (255 binary)
Found heuristic solution: objective 3418.0000000

Root relaxation: objective 3.544500e+03, 277 iterations, 0.00 seconds (0.00 work units)

    Nodes    |    Current Node    |     Objective Bounds      |     Work
 Expl Unexpl |  Obj  Depth IntInf | Incumbent    BestBd   Gap | It/Node Time

     0     0 3544.50000    0   34 3418.00000 3544.50000  3.70%     -    0s
H    0     0                    3509.0000000 3544.50000  1.01%     -    0s
H    0     0                    3510.0000000 3544.50000  0.98%     -    0s
     0     0 3536.00000    0   44 3510.00000 3536.00000  0.74%     -    0s
H    0     0                    3512.0000000 3536.00000  0.68%     -    0s
H    0     0                    3513.0000000 3536.00000  0.65%     -    0s
     0     0 3536.00000    0   57 3513.00000 3536.00000  0.65%     -    0s
     0     0 3536.00000    0   57 3513.00000 3536.00000  0.65%     -    0s
H    0     0                    3515.0000000 3536.00000  0.60%     -    0s
     0     2 3536.00000    0   57 3515.00000 3536.00000  0.60%     -    0s
H   37     8                    3520.0000000 3525.66667  0.16%  19.6    0s
*   77    16              24    3522.0000000 3525.66667  0.10%  13.4    0s

Cutting planes:
  Gomory: 31
  Implied bound: 43
  MIR: 70
  Inf proof: 3
  RLT: 12
  Relax-and-lift: 2

Explored 1502 nodes (9869 simplex iterations) in 0.25 seconds (0.22 work units)
Thread count was 8 (of 8 available processors)

Solution count 9: 3522 3520 3515 ... 3353

Optimal solution found (tolerance 1.00e-04)
Best objective 3.522000000000e+03, best bound 3.522000000000e+03, gap 0.0000%
