
Gurobi 9.5.1 (linux64) logging started Wed Mar  9 18:04:54 2022

Set parameter LogFile to value "../results/logs/log_2022_03_09_17_57.csv_5_30.log"
Set parameter Method to value 3
Gurobi Optimizer version 9.5.1 build v9.5.1rc2 (linux64)
Thread count: 8 physical cores, 8 logical processors, using up to 8 threads
Optimize a model with 1783 rows, 9882 columns and 22585 nonzeros
Model fingerprint: 0x8dcf4b13
Variable types: 4941 continuous, 4941 integer (4941 binary)
Coefficient statistics:
  Matrix range     [1e+00, 5e+00]
  Objective range  [1e+00, 1e+00]
  Bounds range     [1e+00, 1e+00]
  RHS range        [1e+00, 3e+01]
Found heuristic solution: objective 12.0000000
Presolve removed 944 rows and 8566 columns
Presolve time: 0.03s
Presolved: 839 rows, 1316 columns, 4810 nonzeros
Variable types: 741 continuous, 575 integer (555 binary)
Found heuristic solution: objective 20.0000000

Concurrent LP optimizer: primal simplex, dual simplex, and barrier
Showing barrier log only...

Root barrier log...

Ordering time: 0.00s

Barrier statistics:
 AA' NZ     : 3.463e+03
 Factor NZ  : 9.369e+03 (roughly 1 MB of memory)
 Factor Ops : 1.271e+05 (less than 1 second per iteration)
 Threads    : 1

                  Objective                Residual
Iter       Primal          Dual         Primal    Dual     Compl     Time
   0   1.52539076e+03  1.81456011e+03  1.14e+03 8.41e-01  5.85e+00     0s
   1   3.89337331e+02  1.60657932e+03  1.89e+02 2.44e-15  1.14e+00     0s
   2   1.98308898e+02  4.48583158e+02  3.29e+01 3.77e-15  1.84e-01     0s
   3   1.29537374e+02  1.80197779e+02  6.79e+00 4.88e-15  4.04e-02     0s
   4   1.09849493e+02  1.23674961e+02  4.13e-01 3.44e-15  5.58e-03     0s
   5   1.10855244e+02  1.14961776e+02  1.51e-01 3.11e-15  1.73e-03     0s
   6   1.11130448e+02  1.13158626e+02  1.07e-01 2.84e-15  9.55e-04     0s
   7   1.11420197e+02  1.12091988e+02  4.96e-02 4.35e-15  3.58e-04     0s
   8   1.11691262e+02  1.11785565e+02  5.12e-04 3.33e-15  2.97e-05     0s
   9   1.11760908e+02  1.11764550e+02  1.62e-05 3.62e-15  1.14e-06     0s
  10   1.11763906e+02  1.11763931e+02  2.22e-15 4.00e-15  7.56e-09     0s
  11   1.11763913e+02  1.11763913e+02  1.20e-13 3.55e-15  8.46e-15     0s

Barrier solved model in 11 iterations and 0.04 seconds (0.04 work units)
Optimal objective 1.11763913e+02


Solved with barrier

Root relaxation: objective 1.117639e+02, 247 iterations, 0.01 seconds (0.01 work units)

    Nodes    |    Current Node    |     Objective Bounds      |     Work
 Expl Unexpl |  Obj  Depth IntInf | Incumbent    BestBd   Gap | It/Node Time

     0     0  111.76391    0  286   20.00000  111.76391   459%     -    0s
H    0     0                      46.0000000  111.76391   143%     -    0s
     0     0   74.77811    0   98   46.00000   74.77811  62.6%     -    0s
     0     0   73.82141    0  106   46.00000   73.82141  60.5%     -    0s
     0     0   73.73317    0   81   46.00000   73.73317  60.3%     -    0s
     0     0   73.73031    0   82   46.00000   73.73031  60.3%     -    0s
     0     0   69.65533    0  104   46.00000   69.65533  51.4%     -    0s
H    0     0                      57.0000000   69.65533  22.2%     -    0s
     0     0   68.72084    0   53   57.00000   68.72084  20.6%     -    0s
     0     0   68.64998    0   84   57.00000   68.64998  20.4%     -    0s
     0     0   68.62410    0   76   57.00000   68.62410  20.4%     -    0s
     0     0   67.17806    0   77   57.00000   67.17806  17.9%     -    0s
     0     0   66.98396    0   68   57.00000   66.98396  17.5%     -    0s
     0     0   66.94994    0   63   57.00000   66.94994  17.5%     -    0s
     0     0   66.39771    0   71   57.00000   66.39771  16.5%     -    0s
     0     0   66.32035    0   57   57.00000   66.32035  16.4%     -    0s
     0     0   66.28425    0   78   57.00000   66.28425  16.3%     -    0s
     0     0   66.17496    0   51   57.00000   66.17496  16.1%     -    0s
     0     0   66.05259    0   72   57.00000   66.05259  15.9%     -    0s
     0     0   66.02778    0   71   57.00000   66.02778  15.8%     -    0s
     0     0   65.87932    0   63   57.00000   65.87932  15.6%     -    0s
     0     0   65.87932    0   63   57.00000   65.87932  15.6%     -    0s
H    0     0                      58.0000000   65.87932  13.6%     -    0s
     0     2   65.87932    0   63   58.00000   65.87932  13.6%     -    0s
H   80    95                      63.0000000   65.38397  3.78%  53.3    0s

Cutting planes:
  Gomory: 79
  Lift-and-project: 9
  Implied bound: 11
  MIR: 349
  RLT: 71
  Relax-and-lift: 12

Explored 393 nodes (13531 simplex iterations) in 0.63 seconds (0.78 work units)
Thread count was 8 (of 8 available processors)

Solution count 6: 63 58 57 ... 12

Optimal solution found (tolerance 1.00e-04)
Best objective 6.300000000000e+01, best bound 6.300000000000e+01, gap 0.0000%
