
Gurobi 9.5.1 (linux64) logging started Tue Jun 21 19:15:30 2022

Set parameter LogFile to value "../results/logs/log_com-dblp.ungraph_20_10_2022_06_21_12_08.log"
Gurobi Optimizer version 9.5.1 build v9.5.1rc2 (linux64)
Thread count: 8 physical cores, 8 logical processors, using up to 8 threads
Optimize a model with 31647 rows, 634160 columns and 1449921 nonzeros
Model fingerprint: 0x2b221c70
Variable types: 0 continuous, 634160 integer (634160 binary)
Coefficient statistics:
  Matrix range     [1e+00, 2e+01]
  Objective range  [1e+00, 1e+00]
  Bounds range     [1e+00, 1e+00]
  RHS range        [1e+00, 1e+01]
Found heuristic solution: objective 3066.0000000
Presolve removed 2154 rows and 542045 columns
Presolve time: 4.25s
Presolved: 29493 rows, 92115 columns, 653220 nonzeros
Variable types: 0 continuous, 92115 integer (70902 binary)
Found heuristic solution: objective 3068.0000000

Deterministic concurrent LP optimizer: primal and dual simplex
Showing first log only...


Root simplex log...

Iteration    Objective       Primal Inf.    Dual Inf.      Time
    4095    3.1586766e+03   0.000000e+00   3.180546e+03      5s
    8059    3.7401171e+03   0.000000e+00   3.368189e+07     11s
    8669    4.0021554e+03   0.000000e+00   1.187311e+06     16s
Warning: Markowitz tolerance tightened to 0.03125
    9119    4.1872298e+03   0.000000e+00   3.165404e+04     21s
Warning: Markowitz tolerance tightened to 0.0625
    9579    4.3431521e+03   0.000000e+00   5.239643e+03     26s
    9969    4.4944883e+03   0.000000e+00   1.381283e+06     31s
   10329    4.6281540e+03   0.000000e+00   1.338310e+05     35s
   10669    4.7257121e+03   0.000000e+00   1.695286e+07     40s
   10989    4.8165532e+03   0.000000e+00   1.430994e+06     45s
   11349    4.9156970e+03   0.000000e+00   5.659748e+07     52s
   11539    4.9607298e+03   0.000000e+00   6.316416e+05     56s
   11939    5.0903366e+03   0.000000e+00   7.735549e+06     64s
   12129    5.1397020e+03   0.000000e+00   5.880102e+05     68s
   12319    5.1834266e+03   0.000000e+00   3.032397e+05     73s
   12529    5.2273816e+03   0.000000e+00   2.511638e+07     78s
   12739    5.2712972e+03   0.000000e+00   3.519028e+06     84s
   12949    5.3239804e+03   0.000000e+00   1.779416e+05     89s
   13189    5.4138426e+03   0.000000e+00   5.269154e+05     96s
   13439    5.4697273e+03   0.000000e+00   3.004153e+05    103s
   13738    5.6317347e+03   0.000000e+00   1.391803e+03    111s
   14021    5.7222447e+03   0.000000e+00   1.598223e+07    119s
   14303    5.7918397e+03   0.000000e+00   4.508034e+05    129s
   14580    5.8553054e+03   0.000000e+00   2.328585e+06    138s
   14853    5.9253610e+03   0.000000e+00   3.431840e+07    148s
   15122    5.9800386e+03   0.000000e+00   8.633174e+02    158s
   15386    6.0302250e+03   0.000000e+00   2.011712e+06    169s
   15647    6.0772981e+03   0.000000e+00   3.581545e+06    181s
   15907    6.1399811e+03   0.000000e+00   1.285633e+05    194s
   16161    6.1929246e+03   0.000000e+00   1.527999e+06    208s
   16413    6.2472076e+03   0.000000e+00   4.977473e+02    222s
   16663    6.2936326e+03   0.000000e+00   2.809365e+02    234s
   16910    6.3394174e+03   0.000000e+00   4.877120e+07    248s
   17155    6.3726309e+03   0.000000e+00   1.332817e+02    263s
   17397    6.3974021e+03   0.000000e+00   1.850559e+03    279s
   17466    6.3996049e+03   0.000000e+00   0.000000e+00    284s
   17466    6.3996049e+03   0.000000e+00   0.000000e+00    287s
Concurrent spin time: 50.45s

Solved with primal simplex

Root relaxation: objective 6.399605e+03, 17466 iterations, 332.73 seconds (697.42 work units)

    Nodes    |    Current Node    |     Objective Bounds      |     Work
 Expl Unexpl |  Obj  Depth IntInf | Incumbent    BestBd   Gap | It/Node Time

     0     0 6396.84355    0 13903 3068.00000 6396.84355   109%     -  391s
H    0     0                    3083.0000000 6396.84355   107%     -  652s
     0     0 5400.54813    0 13624 3083.00000 5400.54813  75.2%     -  784s
H    0     0                    3096.0000000 5400.54813  74.4%     -  842s
     0     0 4735.92587    0 13695 3096.00000 4735.92587  53.0%     -  923s
     0     0 4261.72917    0 13581 3096.00000 4261.72917  37.7%     - 1029s
     0     0 3978.90406    0 13504 3096.00000 3978.90406  28.5%     - 1147s
     0     0 3805.40108    0 13206 3096.00000 3805.40108  22.9%     - 1237s
     0     0 3699.48197    0 12965 3096.00000 3699.48197  19.5%     - 1337s
     0     0 3630.23924    0 12659 3096.00000 3630.23924  17.3%     - 1435s
     0     0 3589.49957    0 12322 3096.00000 3589.49957  15.9%     - 1522s
     0     0 3564.41923    0 11989 3096.00000 3564.41923  15.1%     - 1609s
     0     0 3551.57158    0 11550 3096.00000 3551.57158  14.7%     - 1681s
     0     0 3541.76993    0 11123 3096.00000 3541.76993  14.4%     - 1751s
     0     0 3534.82523    0 10228 3096.00000 3534.82523  14.2%     - 1811s
     0     0 3527.26832    0 9493 3096.00000 3527.26832  13.9%     - 1859s
     0     0 3519.22652    0 7921 3096.00000 3519.22652  13.7%     - 1895s
     0     0 3511.12760    0 7729 3096.00000 3511.12760  13.4%     - 1913s
     0     0 3510.09795    0 6965 3096.00000 3510.09795  13.4%     - 1926s
     0     0 3509.59124    0 6140 3096.00000 3509.59124  13.4%     - 1932s
     0     0 3509.42387    0 6069 3096.00000 3509.42387  13.4%     - 1936s
     0     0 3362.53668    0 6574 3096.00000 3362.53668  8.61%     - 2110s
     0     0 3320.51125    0 6715 3096.00000 3320.51125  7.25%     - 2138s
     0     0 3309.25869    0 5665 3096.00000 3309.25869  6.89%     - 2168s
     0     0 3300.66465    0 5544 3096.00000 3300.66465  6.61%     - 2202s
     0     0 3295.33619    0 5026 3096.00000 3295.33619  6.44%     - 2219s
     0     0 3293.89445    0 4578 3096.00000 3293.89445  6.39%     - 2231s
H    0     0                    3106.0000000 3293.89445  6.05%     - 2415s
     0     0 3278.44704    0 5619 3106.00000 3278.44704  5.55%     - 2450s
     0     0 3266.55246    0 5851 3106.00000 3266.55246  5.17%     - 2710s
     0     0 3260.74704    0 6731 3106.00000 3260.74704  4.98%     - 2734s
     0     0 3253.92720    0 6427 3106.00000 3253.92720  4.76%     - 2770s
     0     0 3250.23417    0 7108 3106.00000 3250.23417  4.64%     - 2811s
     0     0 3247.63494    0 6675 3106.00000 3247.63494  4.56%     - 2841s
H    0     0                    3107.0000000 3247.63494  4.53%     - 3086s
     0     0 3242.13702    0 6590 3107.00000 3242.13702  4.35%     - 3128s
     0     0 3237.24561    0 7388 3107.00000 3237.24561  4.19%     - 3190s
     0     0 3233.86577    0 7445 3107.00000 3233.86577  4.08%     - 3233s
     0     0 3230.99809    0 7621 3107.00000 3230.99809  3.99%     - 3284s
     0     0 3228.08951    0 7295 3107.00000 3228.08951  3.90%     - 3324s
     0     0 3228.08696    0 7148 3107.00000 3228.08696  3.90%     - 3359s
     0     0 3228.08696    0 7148 3107.00000 3228.08696  3.90%     - 3362s

Cutting planes:
  Cover: 267
  Implied bound: 516
  MIR: 4264
  StrongCG: 72
  GUB cover: 1708
  Zero half: 2
  RLT: 3967

Explored 1 nodes (59591 simplex iterations) in 3600.03 seconds (5615.94 work units)
Thread count was 8 (of 8 available processors)

Solution count 6: 3107 3106 3096 ... 3066

Time limit reached
Best objective 3.107000000000e+03, best bound 3.228000000000e+03, gap 3.8944%

Gurobi 9.5.1 (linux64) logging started Wed Jun 22 06:25:39 2022

Set parameter LogFile to value "../results/logs/log_com-dblp.ungraph_20_10_2022_06_21_12_08.log"
Gurobi Optimizer version 9.5.1 build v9.5.1rc2 (linux64)
Thread count: 8 physical cores, 8 logical processors, using up to 8 threads
Optimize a model with 5863 rows, 634160 columns and 594251 nonzeros
Model fingerprint: 0x2d935303
Variable types: 0 continuous, 634160 integer (634160 binary)
Coefficient statistics:
  Matrix range     [1e+00, 2e+01]
  Objective range  [1e+00, 1e+00]
  Bounds range     [1e+00, 1e+00]
  RHS range        [1e+00, 1e+01]
Found heuristic solution: objective 3066.0000000
Presolve removed 4 rows and 614572 columns
Presolve time: 0.61s
Presolved: 5859 rows, 19588 columns, 160956 nonzeros
Variable types: 0 continuous, 19588 integer (15521 binary)
Warning: Markowitz tolerance tightened to 0.125

Root relaxation: objective 4.491477e+03, 3290 iterations, 1.45 seconds (3.01 work units)

    Nodes    |    Current Node    |     Objective Bounds      |     Work
 Expl Unexpl |  Obj  Depth IntInf | Incumbent    BestBd   Gap | It/Node Time

     0     0 4491.47677    0 2529 3066.00000 4491.47677  46.5%     -    2s
H    0     0                    3085.0000000 4491.47677  45.6%     -    5s
     0     0 4024.23820    0 2300 3085.00000 4024.23820  30.4%     -    8s
H    0     0                    3088.0000000 4024.23820  30.3%     -    9s
H    0     0                    3100.0000000 3722.53309  20.1%     -   12s
     0     0 3722.53309    0 2341 3100.00000 3722.53309  20.1%     -   12s
     0     0 3468.47746    0 2242 3100.00000 3468.47746  11.9%     -   13s
     0     0 3441.38763    0 2013 3100.00000 3441.38763  11.0%     -   15s
     0     0 3428.63055    0 1861 3100.00000 3428.63055  10.6%     -   16s
     0     0 3419.59681    0 1815 3100.00000 3419.59681  10.3%     -   17s
     0     0 3413.78587    0 1655 3100.00000 3413.78587  10.1%     -   17s
     0     0 3412.37926    0 1627 3100.00000 3412.37926  10.1%     -   18s
     0     0 3411.79038    0 1619 3100.00000 3411.79038  10.1%     -   18s
     0     0 3411.70756    0 1649 3100.00000 3411.70756  10.1%     -   18s
     0     0 3325.50218    0 1283 3100.00000 3325.50218  7.27%     -   20s
     0     0 3296.05989    0 1386 3100.00000 3296.05989  6.32%     -   20s
     0     0 3284.05673    0 1418 3100.00000 3284.05673  5.94%     -   21s
     0     0 3276.77567    0 1318 3100.00000 3276.77567  5.70%     -   21s
     0     0 3272.99730    0 1457 3100.00000 3272.99730  5.58%     -   22s
     0     0 3270.42536    0 1396 3100.00000 3270.42536  5.50%     -   23s
     0     0 3269.52895    0 1532 3100.00000 3269.52895  5.47%     -   23s
     0     0 3257.23282    0 1398 3100.00000 3257.23282  5.07%     -   26s
     0     0 3247.63132    0 1488 3100.00000 3247.63132  4.76%     -   27s
     0     0 3243.10845    0 1581 3100.00000 3243.10845  4.62%     -   28s
     0     0 3239.38228    0 1682 3100.00000 3239.38228  4.50%     -   29s
     0     0 3237.33163    0 1830 3100.00000 3237.33163  4.43%     -   30s
     0     0 3235.54494    0 1843 3100.00000 3235.54494  4.37%     -   31s
     0     0 3234.23732    0 1871 3100.00000 3234.23732  4.33%     -   33s
     0     0 3229.21439    0 1833 3100.00000 3229.21439  4.17%     -   37s
     0     0 3226.73262    0 1969 3100.00000 3226.73262  4.09%     -   38s
     0     0 3224.78686    0 1917 3100.00000 3224.78686  4.03%     -   40s
     0     0 3223.27702    0 1995 3100.00000 3223.27702  3.98%     -   41s
     0     0 3221.91889    0 2037 3100.00000 3221.91889  3.93%     -   42s
     0     0 3220.94396    0 2013 3100.00000 3220.94396  3.90%     -   43s
     0     0 3220.94396    0 2013 3100.00000 3220.94396  3.90%     -   44s
H    0     0                    3104.0000000 3217.98059  3.67%     -   57s
     0     2 3217.98059    0 2013 3104.00000 3217.98059  3.67%     -   57s
     3     8 3217.98059    2 1996 3104.00000 3217.98059  3.67%   289   60s
    15    21 3217.29993    4 2177 3104.00000 3217.98059  3.67%  1080   67s
H   35    37                    3105.0000000 3217.29534  3.62%  1115   69s
    39    45 3217.28086    6 2165 3105.00000 3217.29373  3.62%  1017   70s
    70    71 3217.04536    9 2137 3105.00000 3217.29373  3.62%   693   77s
    80    85 3216.98981   10 2127 3105.00000 3217.29373  3.62%   685   81s
    94    93 3215.98606   11 2270 3105.00000 3217.29373  3.62%   666   87s
   102   101 3212.80136   11 2151 3105.00000 3217.29373  3.62%   782   90s
   114   115 3215.96708   12 2258 3105.00000 3217.29373  3.62%   777   97s
   143   140 3215.80360   17 2214 3105.00000 3217.29373  3.62%   705  101s
H  163   152                    3106.0000000 3217.29373  3.58%   676  102s
   195   174 3213.40870   24 2370 3106.00000 3217.29373  3.58%   651  112s
   203   182 3212.47643   25 2409 3106.00000 3217.29373  3.58%   759  127s
   211   186 3209.87833   25 2346 3106.00000 3217.29373  3.58%   821  137s
   219   212 3212.45363   26 2405 3106.00000 3217.29373  3.58%   825  141s
   245   234 3212.40897   27 2419 3106.00000 3217.29373  3.58%   772  145s
   310   296 3212.15168   33 2401 3106.00000 3217.29373  3.58%   674  151s
   349   333 3211.88001   37 2435 3106.00000 3217.29373  3.58%   640  159s
   368   365 3211.76293   40 2417 3106.00000 3217.29373  3.58%   625  161s
H  400   393                    3107.0000000 3217.29373  3.55%   593  163s
   428   423 3211.52618   45 2438 3107.00000 3217.29373  3.55%   571  169s
   459   432 3211.36638   48 2447 3107.00000 3217.29373  3.55%   559  214s
   470   456     cutoff   48      3107.00000 3217.29373  3.55%   559  219s
   500   489 3211.26794   49 2445 3107.00000 3217.29373  3.55%   551  223s
   533   529 3211.11986   52 2440 3107.00000 3217.29373  3.55%   539  226s
   573   560 3210.86761   54 2430 3107.00000 3217.29373  3.55%   519  230s
   606   585 3210.72485   56 2399 3107.00000 3217.29373  3.55%   512  235s
   633   611 3208.73203   59 2411 3107.00000 3217.29373  3.55%   514  240s
   698   691 3207.02549   66 2404 3107.00000 3217.29373  3.55%   504  247s
   747   735 3206.71721   72 2298 3107.00000 3217.29373  3.55%   490  266s
   797   747 3205.60045   79 2400 3107.00000 3217.29373  3.55%   503  274s
   813   771 3201.97758   79 2290 3107.00000 3217.29373  3.55%   520  279s
   841   812 3200.65250   80 2392 3107.00000 3217.29373  3.55%   526  287s
   884   848 3200.35097   81 2370 3107.00000 3217.29373  3.55%   524  295s
   924   856 3199.89959   83 2372 3107.00000 3217.29373  3.55%   525  316s
   932   901 3199.85583   84 2366 3107.00000 3217.29373  3.55%   527  325s
   985   942 3199.07757   90 2378 3107.00000 3217.29373  3.55%   524  335s
  1030   962 3196.66777   92 2478 3107.00000 3217.29373  3.55%   529  345s
  1050  1022 3196.61681   93 2477 3107.00000 3217.29373  3.55%   549  352s
  1112  1079 3195.85916   99 2418 3107.00000 3217.29373  3.55%   539  361s
  1171  1130 3195.20611  105 2459 3107.00000 3217.29373  3.55%   535  378s
  1222  1183 3194.79268  109 2446 3107.00000 3217.29373  3.55%   541  387s
  1281  1228 3194.06312  119 2434 3107.00000 3217.29373  3.55%   539  401s
  1338  1263 3193.59564  120 2443 3107.00000 3217.29373  3.55%   544  411s
  1373  1324 3193.10761  127 2490 3107.00000 3217.29373  3.55%   551  421s
  1434  1394 3192.36191  140 2399 3107.00000 3217.29373  3.55%   549  430s
  1509  1395 3153.60277  174 2013 3107.00000 3217.29373  3.55%   541  456s
  1511  1396 3153.06108  182 2489 3107.00000 3217.29373  3.55%   540  504s
  1512  1397 3113.29591   13 2261 3107.00000 3217.29373  3.55%   540  540s
  1516  1400 3191.34837  122 2293 3107.00000 3217.29373  3.55%   538  545s
  1520  1402 3165.30320  109 2203 3107.00000 3217.29373  3.55%   537  550s
  1524  1405 3186.27434  153 2115 3107.00000 3217.29373  3.55%   535  555s
  1528  1408 3152.94231  187 2303 3107.00000 3217.29373  3.55%   534  561s
  1530  1409 3162.12549   86 2385 3107.00000 3217.29373  3.55%   533  565s
  1533  1411 3175.62344  106 2413 3107.00000 3217.02188  3.54%   532  571s
  1536  1413 3178.30557   92 2449 3107.00000 3213.85291  3.44%   531  575s
  1542  1417 3197.81338   14 2541 3107.00000 3213.31912  3.42%   529  582s
  1543  1418 3206.71568   73 2328 3107.00000 3210.23469  3.32%   529  586s
  1545  1419 3167.97397   65 2436 3107.00000 3207.19738  3.22%   528  591s
  1547  1420 3175.03083   81 2450 3107.00000 3205.31340  3.16%   527  595s
  1550  1422 3176.20842   18 2566 3107.00000 3203.13923  3.09%   526  601s
  1553  1424 3155.43858  150 2559 3107.00000 3201.64666  3.05%   525  606s
  1555  1426 3179.68685   83 2569 3107.00000 3201.10983  3.03%   525  610s
  1557  1427 3162.31280   79 2630 3107.00000 3200.21941  3.00%   524  617s
  1559  1428 3142.20451   16 2659 3107.00000 3199.45774  2.98%   523  621s
  1561  1430 3167.16177   80 2665 3107.00000 3198.98334  2.96%   523  625s
  1565  1432 3152.04143  212 2750 3107.00000 3198.69464  2.95%   521  631s
  1570  1436 3192.54657  100 2735 3107.00000 3198.53362  2.95%   520  637s
  1571  1436 3196.82091   52 2641 3107.00000 3196.82091  2.89%   519  651s
  1573  1438 3180.25489   80 2797 3107.00000 3195.31588  2.84%   519  656s
  1575  1439 3194.38751   86 2775 3107.00000 3194.38751  2.81%   518  661s
  1577  1440 3193.64856   61 2677 3107.00000 3193.64856  2.79%   517  666s
  1579  1442 3168.50869  146 2780 3107.00000 3193.19994  2.77%   517  672s
  1580  1442 3164.34961   52 2907 3107.00000 3192.94522  2.77%   516  675s
  1582  1444 3165.87493   13 2890 3107.00000 3192.62149  2.76%   516  680s
  1584  1445 3172.61118   40 2903 3107.00000 3192.12517  2.74%   515  686s
  1586  1446 3178.83483    5 2906 3107.00000 3191.98544  2.74%   515  690s
  1590  1449 3188.24707  140 2964 3107.00000 3191.80464  2.73%   513  697s
  1592  1450 3191.77702   66 2984 3107.00000 3191.77702  2.73%   513  701s
  1593  1451 3190.98271  108 2853 3107.00000 3190.98271  2.70%   512  710s
  1595  1452 3190.33182   18 2867 3107.00000 3190.33182  2.68%   512  717s
  1596  1453 3180.38881   22 2884 3107.00000 3189.99656  2.67%   511  720s
  1598  1454 3152.67238  202 2857 3107.00000 3189.50454  2.66%   511  732s
  1600  1456 3180.97885  183 2929 3107.00000 3189.20578  2.65%   510  737s
  1601  1456 3155.94293   21 2962 3107.00000 3189.07193  2.64%   510  740s
  1603  1458 3188.85153   12 3043 3107.00000 3188.85153  2.63%   509  745s
  1604  1458 3188.72751  106 3033 3107.00000 3188.72751  2.63%   509  751s
  1606  1460 3188.57393  127 3005 3107.00000 3188.57393  2.63%   508  756s
  1608  1461 3188.43738  106 3011 3107.00000 3188.43738  2.62%   507  760s
  1611  1463 3153.06108  182 3000 3107.00000 3188.33678  2.62%   507  766s
  1613  1464 3188.30522   42 3077 3107.00000 3188.30522  2.62%   506  772s
  1614  1465 3151.21106  235 2946 3107.00000 3187.69031  2.60%   506  812s
  1615  1466 3154.20558  167 2920 3107.00000 3187.38393  2.59%   505  822s
  1616  1466 3187.18069  122 2967 3107.00000 3187.18069  2.58%   505  826s
  1618  1468 3186.99439   89 3064 3107.00000 3186.99439  2.57%   504  831s
  1620  1469 3165.30320  109 3069 3107.00000 3186.90889  2.57%   504  835s
  1623  1471 3152.98156  195 3105 3107.00000 3186.84703  2.57%   503  884s
  1624  1472 3186.27434  153 3068 3107.00000 3186.30675  2.55%   502  917s
  1625  1472 3185.96323  100 3044 3107.00000 3185.96323  2.54%   502  922s
  1626  1473 3151.35904  228 3017 3107.00000 3185.75871  2.53%   502  927s
  1627  1474 3172.01944  147 2996 3107.00000 3185.57850  2.53%   502  931s
  1628  1474 3152.94231  187 3075 3107.00000 3185.44971  2.52%   501  935s
  1630  1476 3162.12549   86 3126 3107.00000 3185.07600  2.51%   501  943s
  1631  1476 3169.46765   17 3125 3107.00000 3185.01057  2.51%   500  946s
  1633  1478 3175.62344  106 3119 3107.00000 3184.87527  2.51%   500  952s
  1635  1479 3183.81968   46 3175 3107.00000 3184.78584  2.50%   499  956s
  1638  1481 3184.72149   23 3178 3107.00000 3184.72149  2.50%   498  961s
  1639  1482 3156.66340   18 3147 3107.00000 3184.70570  2.50%   498  998s
  1640  1482 3184.41611   40 3111 3107.00000 3184.41611  2.49%   498 1009s
  1641  1483 3179.42000  202 3088 3107.00000 3184.17946  2.48%   497 1014s
  1642  1484 3184.01229   14 3140 3107.00000 3184.01229  2.48%   497 1019s
  1643  1484 3183.86126   73 3218 3107.00000 3183.86126  2.47%   497 1041s
  1644  1485 3183.75780   35 3210 3107.00000 3183.75780  2.47%   496 1045s
  1645  1486 3167.97397   65 3194 3107.00000 3183.59219  2.47%   496 1050s
  1647  1487 3175.03083   81 3204 3107.00000 3183.40610  2.46%   495 1058s
  1648  1488 3183.35203   80 3151 3107.00000 3183.35203  2.46%   495 1061s
  1650  1489 3176.20842   18 3225 3107.00000 3183.29810  2.46%   495 1065s
  1652  1490 3171.79670   12 3218 3107.00000 3183.25425  2.45%   494 1074s
  1653  1491 3155.43858  150 3134 3107.00000 3182.99022  2.45%   494 1090s
  1654  1492 3182.74428   40 3187 3107.00000 3182.74428  2.44%   493 1095s
  1655  1492 3179.68685   83 3189 3107.00000 3182.56083  2.43%   493 1100s
  1656  1493 3182.43096  151 3196 3107.00000 3182.43096  2.43%   493 1106s
  1657  1494 3162.31280   79 3172 3107.00000 3182.28624  2.42%   492 1110s
  1658  1494 3182.16067  151 3233 3107.00000 3182.16067  2.42%   492 1122s
  1659  1495 3142.20451   16 3279 3107.00000 3182.07815  2.42%   492 1140s
  1660  1496 3168.71602   59 3272 3107.00000 3182.00346  2.41%   492 1158s
  1661  1496 3167.16177   80 3250 3107.00000 3181.95849  2.41%   491 1161s
  1663  1498 3172.20889   40 3294 3107.00000 3181.90793  2.41%   491 1166s
  1665  1499 3152.04143  212 3352 3107.00000 3181.84359  2.41%   490 1172s
  1666  1500 3181.82915   40 3393 3107.00000 3181.82915  2.41%   490 1186s
  1667  1500 3181.41707  125 3274 3107.00000 3181.41707  2.40%   490 1213s
  1668  1501 3181.20651   48 3267 3107.00000 3181.20651  2.39%   489 1220s
  1669  1502 3159.16912  121 3293 3107.00000 3181.02492  2.38%   489 1239s
  1670  1502 3180.90818  100 3281 3107.00000 3180.90818  2.38%   489 1259s
  1671  1503 3180.79604   52 3270 3107.00000 3180.79604  2.38%   488 1265s
  1673  1504 3180.25489   80 3311 3107.00000 3180.66766  2.37%   488 1273s
  1674  1505 3159.73240   95 3354 3107.00000 3180.62595  2.37%   487 1276s
  1676  1506 3180.58653   13 3366 3107.00000 3180.58653  2.37%   487 1282s
  1677  1507 3180.57339   61 3386 3107.00000 3180.57339  2.37%   487 1295s
  1678  1508 3180.30073  107 3273 3107.00000 3180.30073  2.36%   486 1309s
  1679  1508 3168.50869  146 3288 3107.00000 3180.19271  2.36%   486 1315s
  1680  1509 3164.34961   52 3399 3107.00000 3180.08705  2.35%   486 1321s
  1681  1510 3180.00581   93 3403 3107.00000 3180.00581  2.35%   485 1326s
  1682  1510 3165.87493   13 3378 3107.00000 3179.95020  2.35%   485 1330s
  1684  1512 3172.61118   40 3359 3107.00000 3179.86200  2.35%   485 1337s
  1685  1512 3156.81753  133 3340 3107.00000 3179.82386  2.34%   484 1341s
  1687  1514 3164.49225  178 3419 3107.00000 3179.77383  2.34%   484 1347s
  1689  1515 3179.73230    7 3413 3107.00000 3179.73230  2.34%   483 1351s
  1690  1516 3179.71904  140 3404 3107.00000 3179.71904  2.34%   483 1361s
  1691  1516 3159.52302  106 3326 3107.00000 3179.50605  2.33%   483 1378s
  1692  1517 3179.37164   66 3351 3107.00000 3179.37164  2.33%   482 1384s
  1693  1518 3179.26996  108 3348 3107.00000 3179.26996  2.33%   482 1389s
  1694  1518 3179.20949   88 3389 3107.00000 3179.20949  2.32%   482 1394s
  1695  1519 3179.16242   18 3413 3107.00000 3179.16242  2.32%   481 1398s
  1696  1520 3179.12267   22 3421 3107.00000 3179.12267  2.32%   481 1402s
  1697  1520 3167.68407   66 3472 3107.00000 3179.08776  2.32%   481 1405s
  1699  1522 3179.02781  172 3452 3107.00000 3179.02781  2.32%   480 1411s
  1700  1522 3179.01007  183 3432 3107.00000 3179.01007  2.32%   480 1421s
  1701  1523 3155.94293   21 3418 3107.00000 3178.80038  2.31%   480 1437s
  1702  1524 3178.62045   19 3397 3107.00000 3178.62045  2.31%   479 1445s
  1703  1524 3178.52963   12 3384 3107.00000 3178.52963  2.30%   479 1454s
  1704  1525 3178.44958  106 3393 3107.00000 3178.44958  2.30%   479 1459s
  1705  1526 3163.50275  142 3437 3107.00000 3178.38078  2.30%   479 1464s
  1706  1526 3178.34147  127 3419 3107.00000 3178.34147  2.30%   478 1467s
  1707  1527 3171.66197   13 3447 3107.00000 3178.30196  2.29%   478 1471s
  1709  1528 3153.60277  174 3424 3107.00000 3178.25874  2.29%   477 1484s
  1710  1529 3162.76121   67 3433 3107.00000 3178.24132  2.29%   477 1496s
  1711  1530 3153.06108  182 3417 3107.00000 3178.04330  2.29%   477 1513s
  1712  1530 3113.29591   13 3419 3107.00000 3177.92934  2.28%   477 1519s
  1713  1531 3177.85369   42 3423 3107.00000 3177.85369  2.28%   476 1531s
  1714  1532 3151.21106  235 3438 3107.00000 3177.79778  2.28%   476 1536s
  1715  1532 3154.20558  167 3454 3107.00000 3177.75461  2.28%   476 1540s
  1717  1534 3172.69748  101 3462 3107.00000 3177.71241  2.28%   475 1546s
  1718  1534 3177.69460   89 3440 3107.00000 3177.69460  2.28%   475 1558s
  1719  1535 3167.68504  160 3407 3107.00000 3177.48810  2.27%   475 1578s
  1720  1536 3165.30320  109 3438 3107.00000 3177.36860  2.26%   474 1585s
  1721  1536 3156.66340   18 3450 3107.00000 3177.28379  2.26%   474 1590s
  1722  1537 3177.23432  107 3420 3107.00000 3177.23432  2.26%   474 1595s
  1723  1538 3152.98156  195 3438 3107.00000 3177.17873  2.26%   474 1600s
  1725  1539 3177.11841  100 3444 3107.00000 3177.11841  2.26%   473 1606s
  1727  1540 3172.01944  147 3501 3107.00000 3177.08479  2.26%   473 1620s
  1728  1541 3152.94231  187 3455 3107.00000 3176.89339  2.25%   472 1676s
  1729  1542 3176.77618   91 3440 3107.00000 3176.77618  2.25%   472 1682s
  1730  1542 3162.12549   86 3477 3107.00000 3176.70026  2.24%   472 1688s
  1731  1543 3169.46765   17 3416 3107.00000 3176.63764  2.24%   471 1693s
  1732  1544 3173.97285  122 3460 3107.00000 3176.58433  2.24%   471 1698s
  1733  1544 3175.62344  106 3497 3107.00000 3176.54991  2.24%   471 1703s
  1734  1545 3176.52401   17 3495 3107.00000 3176.52401  2.24%   471 1706s
  1735  1546 3176.50474   46 3528 3107.00000 3176.50474  2.24%   470 1710s
  1737  1547 3153.60777  175 3521 3107.00000 3176.46360  2.24%   470 1716s
  1738  1548 3176.44745   23 3525 3107.00000 3176.44745  2.24%   470 1754s
  1739  1548 3156.66340   18 3223 3107.00000 3175.46906  2.20%   469 1825s
  1740  1549 3175.07152   40 3231 3107.00000 3175.07152  2.19%   469 1836s
  1741  1550 3174.86043  202 3262 3107.00000 3174.86043  2.18%   469 1844s
  1742  1550 3174.72025   14 3295 3107.00000 3174.72025  2.18%   468 1854s
H 1742  1468                    3108.0000000 3174.72025  2.15%   468 1859s
  1744  1470 3174.57581   35 3296 3108.00000 3174.57581  2.14%   468 1862s
  1745  1470 3167.97397   65 3380 3108.00000 3174.53206  2.14%   468 1867s
  1746  1471 3167.60715   67 3399 3108.00000 3174.50286  2.14%   467 1870s
  1748  1472 3174.47594   80 3436 3108.00000 3174.47594  2.14%   467 1906s
  1749  1473 3155.00019  158 3255 3108.00000 3174.08518  2.13%   467 1932s
  1750  1474 3173.84730   18 3323 3108.00000 3173.84730  2.12%   466 1939s
  1751  1474 3173.64355   16 3353 3108.00000 3173.64355  2.11%   466 1947s
  1752  1475 3171.79670   12 3414 3108.00000 3173.45922  2.11%   466 1954s
  1753  1476 3155.43858  150 3394 3108.00000 3173.33916  2.10%   465 1960s
  1754  1476 3173.23727   40 3416 3108.00000 3173.23727  2.10%   465 1967s
  1755  1477 3173.14916   83 3451 3108.00000 3173.14916  2.10%   465 1973s
  1756  1478 3173.07910  151 3432 3108.00000 3173.07910  2.09%   465 1977s
  1757  1478 3162.31280   79 3445 3108.00000 3173.03224  2.09%   464 1982s
  1758  1479 3172.99451  151 3498 3108.00000 3172.99451  2.09%   464 1988s
  1759  1480 3142.20451   16 3506 3108.00000 3172.97071  2.09%   464 1991s
  1761  1481 3167.16177   80 3506 3108.00000 3172.93008  2.09%   463 2003s
  1762  1482 3172.77897   16 3457 3108.00000 3172.77897  2.08%   463 2013s
  1763  1482 3172.20889   40 3498 3108.00000 3172.69502  2.08%   463 2018s
  1764  1483 3172.63471  152 3527 3108.00000 3172.63471  2.08%   463 2023s
  1765  1484 3152.04143  212 3479 3108.00000 3172.59831  2.08%   462 2027s
  1766  1484 3172.56855   40 3572 3108.00000 3172.56855  2.08%   462 2031s
  1768  1486 3172.52543   48 3512 3108.00000 3172.52543  2.08%   462 2036s
  1770  1487 3172.49014  100 3503 3108.00000 3172.49014  2.07%   461 2043s
  1771  1488 3172.40339   52 3523 3108.00000 3172.40339  2.07%   461 2052s
  1772  1488 3142.97460   53 3530 3108.00000 3172.32547  2.07%   461 2062s
  1773  1489 3172.28009   80 3594 3108.00000 3172.28009  2.07%   460 2066s
  1774  1490 3159.73240   95 3531 3108.00000 3172.23282  2.07%   460 2071s
  1775  1490 3172.19906   86 3506 3108.00000 3172.19906  2.07%   460 2075s
  1777  1492 3172.15572   61 3594 3108.00000 3172.15572  2.06%   459 2081s
  1779  1493 3168.50869  146 3583 3108.00000 3172.11753  2.06%   459 2087s
  1780  1494 3164.34961   52 3553 3108.00000 3171.98030  2.06%   458 2096s
  1781  1494 3171.91702   93 3609 3108.00000 3171.91702  2.06%   458 2101s
  1782  1495 3165.87493   13 3577 3108.00000 3171.87923  2.06%   458 2105s
  1784  1496 3171.81894   40 3556 3108.00000 3171.81894  2.05%   457 2113s
  1785  1497 3156.81753  133 3565 3108.00000 3171.79696  2.05%   457 2116s
  1786  1498 3171.78524    5 3606 3108.00000 3171.78524  2.05%   457 2120s
  1787  1498 3164.49225  178 3527 3108.00000 3171.66825  2.05%   457 2131s
  1788  1499 3171.58174   33 3555 3108.00000 3171.58174  2.05%   456 2143s
  1789  1500 3171.53841    7 3512 3108.00000 3171.53841  2.04%   456 2147s
  1790  1500 3171.50049  140 3538 3108.00000 3171.50049  2.04%   456 2151s
  1791  1501 3159.52302  106 3552 3108.00000 3171.47067  2.04%   456 2155s
  1793  1502 3171.43572  108 3585 3108.00000 3171.43572  2.04%   455 2162s
  1794  1503 3171.34691   88 3582 3108.00000 3171.34691  2.04%   455 2174s
  1795  1504 3171.26647   18 3566 3108.00000 3171.26647  2.04%   455 2180s
  1796  1504 3171.22972   22 3576 3108.00000 3171.22972  2.03%   454 2185s
  1798  1506 3152.67238  202 3557 3108.00000 3171.13323  2.03%   454 2199s
  1799  1506 3171.08882  172 3575 3108.00000 3171.08882  2.03%   454 2203s
  1800  1507 3171.05980  183 3581 3108.00000 3171.05980  2.03%   453 2207s
  1802  1508 3171.02498   19 3585 3108.00000 3171.02498  2.03%   453 2214s
  1803  1509 3170.97129   12 3595 3108.00000 3170.97129  2.03%   453 2221s
  1804  1510 3170.92647  106 3577 3108.00000 3170.92647  2.02%   452 2226s
  1805  1510 3163.50275  142 3602 3108.00000 3170.89201  2.02%   452 2230s
  1807  1512 3170.84328   13 3602 3108.00000 3170.84328  2.02%   452 2237s
  1808  1512 3170.82751  106 3606 3108.00000 3170.82751  2.02%   451 2242s
  1809  1513 3153.60277  174 3621 3108.00000 3170.74676  2.02%   451 2249s
  1810  1514 3162.76121   67 3597 3108.00000 3170.67748  2.02%   451 2256s
  1811  1514 3153.06108  182 3639 3108.00000 3170.63431  2.02%   451 2260s
  1812  1515 3113.29591   13 3632 3108.00000 3170.59945  2.01%   450 2268s
  1813  1516 3170.57958   42 3639 3108.00000 3170.57958  2.01%   450 2271s
  1814  1516 3151.21106  235 3622 3108.00000 3170.56744  2.01%   450 2275s
  1815  1517 3154.20558  167 3621 3108.00000 3170.51369  2.01%   450 2283s
  1816  1518 3170.47820  122 3635 3108.00000 3170.47820  2.01%   449 2287s
  1817  1518 3170.44720  101 3621 3108.00000 3170.44720  2.01%   449 2291s
  1818  1519 3170.42681   89 3646 3108.00000 3170.42681  2.01%   449 2295s
  1820  1520 3165.30320  109 3662 3108.00000 3170.37837  2.01%   448 2307s
  1821  1521 3156.66340   18 3666 3108.00000 3170.33758  2.01%   448 2312s
  1822  1522 3170.31061  107 3693 3108.00000 3170.31061  2.00%   448 2317s
  1823  1522 3152.98156  195 3695 3108.00000 3170.28927  2.00%   448 2321s
  1824  1523 3170.27291  153 3664 3108.00000 3170.27291  2.00%   447 2325s
  1825  1524 3170.21803  100 3612 3108.00000 3170.21803  2.00%   447 2334s
  1826  1524 3151.35904  228 3679 3108.00000 3170.16057  2.00%   447 2340s
  1828  1526 3152.94231  187 3679 3108.00000 3170.10944  2.00%   446 2348s
  1829  1526 3170.09329   91 3678 3108.00000 3170.09329  2.00%   446 2353s
  1830  1527 3162.12549   86 3651 3108.00000 3170.03415  2.00%   446 2361s
  1831  1528 3169.46765   17 3654 3108.00000 3170.00043  1.99%   446 2366s
  1833  1529 3169.95989  106 3660 3108.00000 3169.95989  1.99%   445 2373s
  1834  1530 3169.94687   17 3665 3108.00000 3169.94687  1.99%   445 2377s
  1835  1530 3169.91940   46 3661 3108.00000 3169.91940  1.99%   445 2384s
  1836  1531 3169.90152   92 3666 3108.00000 3169.90152  1.99%   444 2391s
  1837  1532 3153.60777  175 3643 3108.00000 3169.86691  1.99%   444 2398s
  1838  1532 3169.82620   23 3687 3108.00000 3169.82620  1.99%   444 2402s
  1839  1533 3156.66340   18 3658 3108.00000 3169.80546  1.99%   444 2405s
  1840  1534 3169.79314   40 3687 3108.00000 3169.79314  1.99%   443 2411s
  1841  1534 3169.75443  202 3683 3108.00000 3169.75443  1.99%   443 2421s
  1846  1539 3167.60715   67 2478 3108.00000 3169.75443  1.99%   706 2471s
  1847  1540 3169.75443   81 2245 3108.00000 3169.75443  1.99%   705 2508s
  1849  1541 3155.00019  158 2368 3108.00000 3169.75443  1.99%   705 2511s
  1852  1543 3169.75443   12 2269 3108.00000 3169.75443  1.99%   703 2515s
  1856  1546 3169.75443  151 2144 3108.00000 3169.75443  1.99%   702 2521s
  1858  1547 3169.75443  151 2403 3108.00000 3169.75443  1.99%   701 2526s
  1860  1549 3168.71602   59 2387 3108.00000 3169.75443  1.99%   700 2531s
  1862  1550 3169.75443   16 2452 3108.00000 3169.75443  1.99%   700 2536s
  1863  1551 3169.75443   40 2552 3108.00000 3169.75443  1.99%   699 2540s
  1865  1552 3152.04143  212 2666 3108.00000 3169.75443  1.99%   698 2548s
  1866  1553 3169.75443   40 2665 3108.00000 3169.75443  1.99%   698 2552s
  1867  1553 3169.75443  125 2765 3108.00000 3169.75443  1.99%   698 2557s
  1868  1554 3169.75443   48 2729 3108.00000 3169.75443  1.99%   697 2561s
  1869  1555 3159.16912  121 2817 3108.00000 3169.75443  1.99%   697 2566s
  1870  1555 3169.75443  100 2830 3108.00000 3169.75443  1.99%   697 2571s
  1872  1557 3142.97460   53 2976 3108.00000 3169.75443  1.99%   696 2578s
  1873  1557 3169.75443   80 3008 3108.00000 3169.75443  1.99%   695 2581s
  1874  1558 3159.73240   95 2978 3108.00000 3169.75443  1.99%   695 2585s
  1876  1559 3169.75443   13 3150 3108.00000 3169.75443  1.99%   694 2590s
  1878  1561 3169.75443  107 3162 3108.00000 3169.75443  1.99%   694 2595s
  1881  1563 3169.75443   93 3181 3108.00000 3169.75443  1.99%   693 2601s
  1882  1563 3165.87493   13 3197 3108.00000 3169.75443  1.99%   692 2611s
  1883  1564 3169.75443  142 3140 3108.00000 3169.75443  1.99%   692 2619s
  1884  1565 3169.75443   40 3237 3108.00000 3169.75443  1.99%   691 2625s
  1885  1565 3156.81753  133 3277 3108.00000 3169.75443  1.99%   691 2630s
  1886  1566 3169.75443    5 3286 3108.00000 3169.75443  1.99%   691 2638s
  1887  1567 3164.49225  178 3323 3108.00000 3169.75443  1.99%   690 2642s
  1888  1567 3169.75443   33 3322 3108.00000 3169.75443  1.99%   690 2646s
  1890  1569 3169.75443  140 3360 3108.00000 3169.75443  1.99%   689 2651s
  1891  1569 3159.52302  106 3347 3108.00000 3169.75443  1.99%   689 2655s
  1892  1570 3169.75443   66 3400 3108.00000 3169.75443  1.99%   688 2673s
  1893  1571 3169.73919  108 3420 3108.00000 3169.73919  1.99%   688 2679s
  1894  1571 3169.67440   88 3409 3108.00000 3169.67440  1.98%   688 2683s
  1895  1572 3169.63563   18 3458 3108.00000 3169.63563  1.98%   687 2686s
  1896  1573 3169.59791   22 3462 3108.00000 3169.59791  1.98%   687 2690s
  1898  1574 3152.67238  202 3508 3108.00000 3169.56489  1.98%   686 2696s
  1899  1575 3169.46068  172 3520 3108.00000 3169.46068  1.98%   686 2706s
  1900  1575 3169.40466  183 3498 3108.00000 3169.40466  1.98%   686 2714s
  1901  1576 3155.94293   21 3489 3108.00000 3169.37437  1.97%   685 2718s
  1902  1577 3169.35466   19 3514 3108.00000 3169.35466  1.97%   685 2722s
  1903  1577 3169.34165   12 3499 3108.00000 3169.34165  1.97%   685 2727s
  1904  1578 3169.29375  106 3614 3108.00000 3169.29375  1.97%   684 2741s
  1905  1579 3163.50275  142 3569 3108.00000 3169.26282  1.97%   684 2745s
  1907  1580 3169.22552   13 3581 3108.00000 3169.22552  1.97%   683 2753s
  1908  1581 3169.14804  106 3575 3108.00000 3169.14804  1.97%   683 2762s
  1909  1581 3153.60277  174 3556 3108.00000 3169.10358  1.97%   682 2767s
  1910  1582 3162.76121   67 3545 3108.00000 3169.08046  1.97%   682 2784s
  1911  1583 3153.06108  182 3557 3108.00000 3169.05953  1.96%   682 2792s
  1912  1583 3113.29591   13 3573 3108.00000 3169.04280  1.96%   681 2797s
  1913  1584 3169.00998   42 3613 3108.00000 3169.00998  1.96%   681 2806s
  1914  1585 3151.21106  235 3585 3108.00000 3168.97402  1.96%   681 2810s
  1915  1585 3154.20558  167 3587 3108.00000 3168.95587  1.96%   680 2815s
  1916  1586 3168.92064  122 3584 3108.00000 3168.92064  1.96%   680 2836s
  1918  1587 3168.88453   89 3583 3108.00000 3168.88453  1.96%   679 2844s
  1919  1588 3167.68504  160 3571 3108.00000 3168.85603  1.96%   679 2861s
  1920  1589 3165.30320  109 3639 3108.00000 3168.84161  1.96%   678 2883s
  1921  1589 3156.66340   18 3634 3108.00000 3168.80798  1.96%   678 2894s
  1922  1590 3168.80798  107 3633 3108.00000 3168.80798  1.96%   678 2898s
  1923  1591 3152.98156  195 3633 3108.00000 3168.80798  1.96%   677 2929s
  1924  1592 3168.80756   30 3616 3108.00000 3168.80756  1.96%   740 2962s
  1934  1589 3168.80730   35 3603 3108.00000 3168.80730  1.96%   744 2979s
  1936  1588 3168.80716   36 3604 3108.00000 3168.80716  1.96%   747 2984s
  1938  1588 3168.80706   37 3601 3108.00000 3168.80706  1.96%   747 3072s
  1940  1587 3168.80698   38 3593 3108.00000 3168.80698  1.96%   771 3135s
  1954  1584 3168.80647   45 3593 3108.00000 3168.80647  1.96%   773 3175s
  1956  1586 3168.79902   46 3613 3108.00000 3168.79902  1.96%   777 3225s
  1960  1584 3168.76775   47 3621 3108.00000 3168.76775  1.96%   809 3349s
  1966  1587 3168.76757   48 3618 3108.00000 3168.76757  1.96%   855 3372s
  1975  1590     cutoff   49      3108.00000 3168.76755  1.96%   861 3600s

Cutting planes:
  Cover: 6
  Implied bound: 7
  MIR: 301
  StrongCG: 10
  Flow cover: 1302
  GUB cover: 430
  Zero half: 2
  RLT: 1960
  Relax-and-lift: 22

Explored 1985 nodes (1744618 simplex iterations) in 3600.05 seconds (5648.75 work units)
Thread count was 8 (of 8 available processors)

Solution count 9: 3108 3107 3106 ... 3066

Time limit reached
Best objective 3.108000000000e+03, best bound 3.168000000000e+03, gap 1.9305%
