
Gurobi 9.5.1 (linux64) logging started Sun Jul  3 18:58:47 2022

Set parameter LogFile to value "../results/logs/log_soc-twitter-higgs.e_17_250_2022_07_03_18_58.log"
Gurobi Optimizer version 9.5.1 build v9.5.1rc2 (linux64)
Thread count: 8 physical cores, 8 logical processors, using up to 8 threads
Optimize a model with 28133 rows, 913262 columns and 625106 nonzeros
Model fingerprint: 0xb09f9eb0
Variable types: 0 continuous, 913262 integer (913262 binary)
Coefficient statistics:
  Matrix range     [1e+00, 2e+01]
  Objective range  [1e+00, 1e+00]
  Bounds range     [1e+00, 1e+00]
  RHS range        [1e+00, 2e+02]
Found heuristic solution: objective 231419.00000
Presolve removed 14347 rows and 894185 columns
Presolve time: 1.43s
Presolved: 13786 rows, 19077 columns, 67026 nonzeros
Found heuristic solution: objective 231723.00000
Variable types: 0 continuous, 19077 integer (17009 binary)

Root relaxation: objective 2.329797e+05, 8861 iterations, 0.53 seconds (0.75 work units)

    Nodes    |    Current Node    |     Objective Bounds      |     Work
 Expl Unexpl |  Obj  Depth IntInf | Incumbent    BestBd   Gap | It/Node Time

     0     0 232979.700    0 1938 231723.000 232979.700  0.54%     -    2s
H    0     0                    232070.00000 232504.141  0.19%     -    3s
     0     0 232504.141    0 1233 232070.000 232504.141  0.19%     -    3s
H    0     0                    232194.00000 232504.141  0.13%     -    3s
     0     0 232462.175    0 1212 232194.000 232462.175  0.12%     -    3s
     0     0 232459.042    0 1173 232194.000 232459.042  0.11%     -    3s
     0     0 232458.676    0 1214 232194.000 232458.676  0.11%     -    3s
     0     0 232458.653    0 1219 232194.000 232458.653  0.11%     -    3s
H    0     0                    232257.00000 232398.447  0.06%     -    4s
     0     0 232398.447    0 1075 232257.000 232398.447  0.06%     -    4s
H    0     0                    232259.00000 232388.450  0.06%     -    4s
     0     0 232388.450    0 1037 232259.000 232388.450  0.06%     -    4s
     0     0 232386.287    0 1081 232259.000 232386.287  0.05%     -    5s
H    0     0                    232267.00000 232385.768  0.05%     -    5s
     0     0 232385.768    0 1072 232267.000 232385.768  0.05%     -    5s
     0     0 232385.637    0 1103 232267.000 232385.637  0.05%     -    5s
H    0     0                    232268.00000 232385.637  0.05%     -    6s
     0     0 232368.964    0 1010 232268.000 232368.964  0.04%     -    6s
H    0     0                    232320.00000 232368.964  0.02%     -    7s
     0     0 232363.437    0  986 232320.000 232363.437  0.02%     -    7s
     0     0 232361.774    0  903 232320.000 232361.774  0.02%     -    7s
     0     0 232361.247    0 1018 232320.000 232361.247  0.02%     -    7s
     0     0 232361.015    0 1014 232320.000 232361.015  0.02%     -    7s
     0     0 232353.747    0  901 232320.000 232353.747  0.01%     -    8s
     0     0 232350.928    0  936 232320.000 232350.928  0.01%     -    8s
     0     0 232350.364    0  926 232320.000 232350.364  0.01%     -    9s
     0     0 232350.080    0  918 232320.000 232350.080  0.01%     -    9s
     0     0 232348.068    0  874 232320.000 232348.068  0.01%     -    9s
H    0     0                    232322.00000 232348.068  0.01%     -    9s
     0     0 232347.725    0  879 232322.000 232347.725  0.01%     -    9s
     0     0 232346.850    0  965 232322.000 232346.850  0.01%     -   10s
     0     0 232346.850    0  949 232322.000 232346.850  0.01%     -   11s
     0     2 232346.447    0  946 232322.000 232346.447  0.01%     -   12s
H  107   110                    232323.00000 232345.288  0.01%  67.8   14s
   212   355 232341.918   23  701 232323.000 232345.288  0.01%  51.0   15s
   614  1160 232334.042   69  353 232323.000 232345.288  0.01%  59.4   21s
H  693  1157                    232324.00000 232345.288  0.01%  57.8   21s
H 1274  1505                    232325.00000 232345.288  0.01%  55.0   23s
H 1512  1456                    232326.00000 232345.288  0.01%  54.0   24s
  1783  1835     cutoff  195      232326.000 232344.390  0.01%  53.0   26s
  2391  1835 232341.638   11 1904 232326.000 232343.472  0.01%  56.7   31s
  2402  1843 232340.222   13  652 232326.000 232342.735  0.01%  56.5   35s
  2425  1858 232327.736   40  619 232326.000 232333.508  0.00%  55.9   40s
  2440  1868 232331.669   22  709 232326.000 232331.669  0.00%  55.6   45s
  2450  1875 232330.161  114  584 232326.000 232330.863  0.00%  55.4   50s
H 2454  1782                    232328.00000 232330.725  0.00%  55.3   52s
  2459  1787 232329.472   33  920 232328.000 232330.725  0.00%  70.4   55s
  2485  1804 232330.725   19  493 232328.000 232330.725  0.00%  69.6   60s
  2501  1815 232330.674   89  434 232328.000 232330.674  0.00%  69.2   65s
H 2503  1724                    232329.00000 232330.674  0.00%  69.1   66s
  2552  1760 232329.000   57  379 232329.000 232330.497  0.00%  81.1   70s

Cutting planes:
  Gomory: 35
  Lift-and-project: 37
  Cover: 24
  Implied bound: 6
  Clique: 7
  MIR: 63
  StrongCG: 3
  Flow cover: 191
  GUB cover: 72
  Zero half: 40
  RLT: 26
  Relax-and-lift: 2

Explored 2604 nodes (238635 simplex iterations) in 74.26 seconds (67.49 work units)
Thread count was 8 (of 8 available processors)

Solution count 10: 232329 232329 232329 ... 232326

Optimal solution found (tolerance 0.00e+00)
Best objective 2.323290000000e+05, best bound 2.323290000000e+05, gap 0.0000%
