
Gurobi 9.5.0 (win64) logging started Mon Jun  6 19:24:08 2022

Set parameter LogFile to value "../results/logs/log_soc-dolphins_2_1_2022_06_06_19_24.log"
Set parameter LazyConstraints to value 1
Gurobi Optimizer version 9.5.0 build v9.5.0rc5 (win64)
Thread count: 6 physical cores, 12 logical processors, using up to 12 threads
Optimize a model with 5324 rows, 186 columns and 16540 nonzeros
Model fingerprint: 0xf63e7c05
Variable types: 0 continuous, 186 integer (186 binary)
Coefficient statistics:
  Matrix range     [1e+00, 2e+00]
  Objective range  [1e+00, 1e+00]
  Bounds range     [1e+00, 1e+00]
  RHS range        [1e+00, 1e+00]
Found heuristic solution: objective -0.0000000
Presolve removed 5118 rows and 9 columns
Presolve time: 0.06s
Presolved: 206 rows, 177 columns, 4625 nonzeros
Variable types: 0 continuous, 177 integer (177 binary)

Root relaxation: objective 3.550000e+01, 54 iterations, 0.00 seconds (0.00 work units)

    Nodes    |    Current Node    |     Objective Bounds      |     Work
 Expl Unexpl |  Obj  Depth IntInf | Incumbent    BestBd   Gap | It/Node Time

     0     0   35.50000    0    1   -0.00000   35.50000      -     -    0s
H    0     0                      35.0000000   35.50000  1.43%     -    0s
     0     0   35.50000    0    1   35.00000   35.50000  1.43%     -    0s

Explored 1 nodes (54 simplex iterations) in 0.07 seconds (0.05 work units)
Thread count was 12 (of 12 available processors)

Solution count 2: 35 -0 

Optimal solution found (tolerance 0.00e+00)
Best objective 3.500000000000e+01, best bound 3.500000000000e+01, gap 0.0000%

User-callback calls 186, time in user-callback 0.00 sec

Gurobi 9.5.0 (win64) logging started Mon Jun  6 19:24:09 2022

Set parameter LogFile to value "../results/logs/log_soc-dolphins_2_1_2022_06_06_19_24.log"
Gurobi Optimizer version 9.5.0 build v9.5.0rc5 (win64)
Thread count: 6 physical cores, 12 logical processors, using up to 12 threads
Optimize a model with 8966 rows, 19902 columns and 73218 nonzeros
Model fingerprint: 0xe6173e02
Variable types: 19716 continuous, 186 integer (186 binary)
Coefficient statistics:
  Matrix range     [1e+00, 2e+00]
  Objective range  [1e+00, 1e+00]
  Bounds range     [1e+00, 1e+00]
  RHS range        [1e+00, 1e+00]
Presolve removed 4302 rows and 11298 columns
Presolve time: 0.28s
Presolved: 4664 rows, 8604 columns, 48805 nonzeros
Variable types: 8427 continuous, 177 integer (177 binary)
Found heuristic solution: objective 9.0000000
Found heuristic solution: objective 32.0000000

Root relaxation: objective 3.550000e+01, 255 iterations, 0.01 seconds (0.01 work units)

    Nodes    |    Current Node    |     Objective Bounds      |     Work
 Expl Unexpl |  Obj  Depth IntInf | Incumbent    BestBd   Gap | It/Node Time

     0     0   35.50000    0    1   32.00000   35.50000  10.9%     -    0s
H    0     0                      35.0000000   35.50000  1.43%     -    0s
     0     0   35.50000    0    1   35.00000   35.50000  1.43%     -    0s

Explored 1 nodes (255 simplex iterations) in 0.36 seconds (0.24 work units)
Thread count was 12 (of 12 available processors)

Solution count 3: 35 32 9 

Optimal solution found (tolerance 0.00e+00)
Best objective 3.500000000000e+01, best bound 3.500000000000e+01, gap 0.0000%

Gurobi 9.5.0 (win64) logging started Mon Jun  6 19:24:26 2022

Set parameter LogFile to value "../results/logs/log_soc-dolphins_2_1_2022_06_06_19_24.log"
Set parameter LazyConstraints to value 1
Gurobi Optimizer version 9.5.0 build v9.5.0rc5 (win64)
Thread count: 6 physical cores, 12 logical processors, using up to 12 threads
Optimize a model with 5324 rows, 186 columns and 16540 nonzeros
Model fingerprint: 0xe136c54f
Variable types: 0 continuous, 186 integer (186 binary)
Coefficient statistics:
  Matrix range     [1e+00, 2e+00]
  Objective range  [1e+00, 1e+00]
  Bounds range     [1e+00, 1e+00]
  RHS range        [1e+00, 1e+00]
Found heuristic solution: objective -0.0000000
Presolve removed 5120 rows and 9 columns
Presolve time: 0.05s
Presolved: 204 rows, 177 columns, 4570 nonzeros
Variable types: 0 continuous, 177 integer (177 binary)

Root relaxation: objective 3.550000e+01, 74 iterations, 0.00 seconds (0.00 work units)

    Nodes    |    Current Node    |     Objective Bounds      |     Work
 Expl Unexpl |  Obj  Depth IntInf | Incumbent    BestBd   Gap | It/Node Time

     0     0   35.50000    0    1   -0.00000   35.50000      -     -    0s
H    0     0                      35.0000000   35.50000  1.43%     -    0s

Explored 1 nodes (74 simplex iterations) in 0.05 seconds (0.04 work units)
Thread count was 12 (of 12 available processors)

Solution count 2: 35 -0 

Optimal solution found (tolerance 0.00e+00)
Best objective 3.500000000000e+01, best bound 3.500000000000e+01, gap 0.0000%

User-callback calls 184, time in user-callback 0.00 sec

Gurobi 9.5.0 (win64) logging started Mon Jun  6 19:24:26 2022

Set parameter LogFile to value "../results/logs/log_soc-dolphins_2_1_2022_06_06_19_24.log"
Gurobi Optimizer version 9.5.0 build v9.5.0rc5 (win64)
Thread count: 6 physical cores, 12 logical processors, using up to 12 threads
Optimize a model with 8966 rows, 19902 columns and 73218 nonzeros
Model fingerprint: 0xe6173e02
Variable types: 19716 continuous, 186 integer (186 binary)
Coefficient statistics:
  Matrix range     [1e+00, 2e+00]
  Objective range  [1e+00, 1e+00]
  Bounds range     [1e+00, 1e+00]
  RHS range        [1e+00, 1e+00]
Presolve removed 4302 rows and 11298 columns
Presolve time: 0.29s
Presolved: 4664 rows, 8604 columns, 48805 nonzeros
Variable types: 8427 continuous, 177 integer (177 binary)
Found heuristic solution: objective 9.0000000
Found heuristic solution: objective 32.0000000

Root relaxation: objective 3.550000e+01, 255 iterations, 0.01 seconds (0.01 work units)

    Nodes    |    Current Node    |     Objective Bounds      |     Work
 Expl Unexpl |  Obj  Depth IntInf | Incumbent    BestBd   Gap | It/Node Time

     0     0   35.50000    0    1   32.00000   35.50000  10.9%     -    0s
H    0     0                      35.0000000   35.50000  1.43%     -    0s
     0     0   35.50000    0    1   35.00000   35.50000  1.43%     -    0s

Explored 1 nodes (255 simplex iterations) in 0.38 seconds (0.24 work units)
Thread count was 12 (of 12 available processors)

Solution count 3: 35 32 9 

Optimal solution found (tolerance 0.00e+00)
Best objective 3.500000000000e+01, best bound 3.500000000000e+01, gap 0.0000%

Gurobi 9.5.0 (win64) logging started Mon Jun  6 19:24:39 2022

Set parameter LogFile to value "../results/logs/log_soc-dolphins_2_1_2022_06_06_19_24.log"
Set parameter LazyConstraints to value 1
Gurobi Optimizer version 9.5.0 build v9.5.0rc5 (win64)
Thread count: 6 physical cores, 12 logical processors, using up to 12 threads
Optimize a model with 5324 rows, 186 columns and 16540 nonzeros
Model fingerprint: 0xb4f25e74
Variable types: 0 continuous, 186 integer (186 binary)
Coefficient statistics:
  Matrix range     [1e+00, 2e+00]
  Objective range  [1e+00, 1e+00]
  Bounds range     [1e+00, 1e+00]
  RHS range        [1e+00, 1e+00]
Found heuristic solution: objective -0.0000000
Presolve removed 5106 rows and 9 columns
Presolve time: 0.06s
Presolved: 218 rows, 177 columns, 4986 nonzeros
Variable types: 0 continuous, 177 integer (177 binary)

Root relaxation: objective 3.550000e+01, 75 iterations, 0.00 seconds (0.00 work units)

    Nodes    |    Current Node    |     Objective Bounds      |     Work
 Expl Unexpl |  Obj  Depth IntInf | Incumbent    BestBd   Gap | It/Node Time

     0     0   35.50000    0    1   -0.00000   35.50000      -     -    0s
H    0     0                      35.0000000   35.50000  1.43%     -    0s

Explored 1 nodes (75 simplex iterations) in 0.07 seconds (0.05 work units)
Thread count was 12 (of 12 available processors)

Solution count 2: 35 -0 

Optimal solution found (tolerance 0.00e+00)
Best objective 3.500000000000e+01, best bound 3.500000000000e+01, gap 0.0000%

User-callback calls 189, time in user-callback 0.00 sec

Gurobi 9.5.0 (win64) logging started Mon Jun  6 19:24:39 2022

Set parameter LogFile to value "../results/logs/log_soc-dolphins_2_1_2022_06_06_19_24.log"
Gurobi Optimizer version 9.5.0 build v9.5.0rc5 (win64)
Thread count: 6 physical cores, 12 logical processors, using up to 12 threads
Optimize a model with 8966 rows, 19902 columns and 73218 nonzeros
Model fingerprint: 0xe6173e02
Variable types: 19716 continuous, 186 integer (186 binary)
Coefficient statistics:
  Matrix range     [1e+00, 2e+00]
  Objective range  [1e+00, 1e+00]
  Bounds range     [1e+00, 1e+00]
  RHS range        [1e+00, 1e+00]
Presolve removed 4302 rows and 11298 columns
Presolve time: 0.28s
Presolved: 4664 rows, 8604 columns, 48805 nonzeros
Variable types: 8427 continuous, 177 integer (177 binary)
Found heuristic solution: objective 9.0000000
Found heuristic solution: objective 32.0000000

Root relaxation: objective 3.550000e+01, 255 iterations, 0.01 seconds (0.01 work units)

    Nodes    |    Current Node    |     Objective Bounds      |     Work
 Expl Unexpl |  Obj  Depth IntInf | Incumbent    BestBd   Gap | It/Node Time

     0     0   35.50000    0    1   32.00000   35.50000  10.9%     -    0s
H    0     0                      35.0000000   35.50000  1.43%     -    0s
     0     0   35.50000    0    1   35.00000   35.50000  1.43%     -    0s

Explored 1 nodes (255 simplex iterations) in 0.36 seconds (0.24 work units)
Thread count was 12 (of 12 available processors)

Solution count 3: 35 32 9 

Optimal solution found (tolerance 0.00e+00)
Best objective 3.500000000000e+01, best bound 3.500000000000e+01, gap 0.0000%
