
Gurobi 9.1.2 (win64) logging started Mon Sep 27 05:25:33 2021

Changed value of parameter LogFile to ../results/logs/log_samuel_kroger_2021_09_27_01_23_35.csv_46_250.log
   Prev:   Default: 
Changed value of parameter method to 3
   Prev: -1  Min: -1  Max: 5  Default: -1
Changed value of parameter lazyConstraints to 1
   Prev: 0  Min: 0  Max: 1  Default: 0
Gurobi Optimizer version 9.1.2 build v9.1.2rc0 (win64)
Thread count: 6 physical cores, 12 logical processors, using up to 12 threads
Optimize a model with 9820 rows, 27306 columns and 194360 nonzeros
Model fingerprint: 0x7c85254e
Variable types: 13653 continuous, 13653 integer (13653 binary)
Coefficient statistics:
  Matrix range     [1e+00, 5e+01]
  Objective range  [1e+00, 1e+00]
  Bounds range     [1e+00, 1e+00]
  RHS range        [1e+00, 3e+02]
Found heuristic solution: objective 6985.0000000
Presolve removed 6985 rows and 19221 columns
Presolve time: 0.12s
Presolved: 2835 rows, 8085 columns, 60136 nonzeros
Variable types: 6668 continuous, 1417 integer (1417 binary)

Concurrent LP optimizer: primal simplex, dual simplex, and barrier
Showing barrier log only...

Root barrier log...

Ordering time: 0.16s

Barrier statistics:
 AA' NZ     : 1.018e+05
 Factor NZ  : 6.177e+05 (roughly 10 MBytes of memory)
 Factor Ops : 3.371e+08 (less than 1 second per iteration)
 Threads    : 4

                  Objective                Residual
Iter       Primal          Dual         Primal    Dual     Compl     Time
   0   1.35293576e+04  7.32181039e+03  3.07e+04 7.19e-01  3.07e+00     2s
   1   1.08555422e+04  8.39842295e+03  7.00e+03 2.39e-01  6.89e-01     2s
   2   8.60366869e+03  8.63738559e+03  1.03e+03 3.02e-02  1.18e-01     2s
   3   8.36909865e+03  8.35640696e+03  2.48e+02 2.22e-03  2.54e-02     2s
   4   8.29224403e+03  8.23935263e+03  1.22e+02 1.02e-03  1.33e-02     2s
   5   8.24841934e+03  8.18366607e+03  7.42e+01 5.14e-04  8.01e-03     2s
   6   8.20921579e+03  8.16039017e+03  4.21e+01 3.44e-04  4.60e-03     2s
   7   8.19117808e+03  8.14545922e+03  3.12e+01 2.32e-04  3.36e-03     2s
   8   8.17416659e+03  8.14070580e+03  2.19e+01 1.90e-04  2.41e-03     2s
   9   8.16807337e+03  8.13521803e+03  1.90e+01 1.47e-04  2.06e-03     2s
  10   8.16036462e+03  8.13255327e+03  1.55e+01 1.21e-04  1.69e-03     2s
  11   8.15501648e+03  8.13057334e+03  1.32e+01 1.02e-04  1.44e-03     2s
  12   8.14593905e+03  8.12893319e+03  9.46e+00 8.52e-05  1.08e-03     2s
  13   8.13935732e+03  8.12430632e+03  7.14e+00 4.92e-05  7.67e-04     2s
  14   8.13592400e+03  8.12138824e+03  5.97e+00 2.77e-05  5.78e-04     2s
  15   8.13052457e+03  8.12003366e+03  4.16e+00 1.57e-05  4.00e-04     2s
  16   8.12784334e+03  8.11938591e+03  3.26e+00 1.12e-05  3.09e-04     2s
  17   8.12542886e+03  8.11869662e+03  2.49e+00 6.52e-06  2.28e-04     2s
  18   8.12351106e+03  8.11856767e+03  1.88e+00 5.48e-06  1.78e-04     2s
  19   8.12323501e+03  8.11833302e+03  1.79e+00 4.35e-06  1.60e-04     2s
  20   8.12169364e+03  8.11805405e+03  1.30e+00 2.98e-06  1.16e-04     2s
  21   8.12143464e+03  8.11782734e+03  1.22e+00 1.44e-06  9.79e-05     2s
  22   8.11998622e+03  8.11769603e+03  7.75e-01 8.55e-07  6.34e-05     2s
  23   8.11916383e+03  8.11755454e+03  5.22e-01 0.00e+00  3.92e-05     3s
  24   8.11851660e+03  8.11750534e+03  3.13e-01 0.00e+00  2.11e-05     3s
  25   8.11748684e+03  8.11748255e+03  2.85e-03 0.00e+00  4.53e-07     3s
  26   8.11747959e+03  8.11747978e+03  4.34e-05 0.00e+00  2.00e-08     3s
  27   8.11747964e+03  8.11747970e+03  7.96e-06 0.00e+00  5.09e-09     3s
  28   8.11747963e+03  8.11747969e+03  7.91e-06 0.00e+00  5.00e-09     3s
  29   8.11747963e+03  8.11747965e+03  6.80e-06 0.00e+00  2.45e-09     3s
  30   8.11747964e+03  8.11747965e+03  5.78e-09 1.78e-15  3.55e-10     3s

Barrier solved model in 30 iterations and 2.68 seconds
Optimal objective 8.11747964e+03


Solved with barrier

Root relaxation: objective 8.117480e+03, 232 iterations, 0.92 seconds

    Nodes    |    Current Node    |     Objective Bounds      |     Work
 Expl Unexpl |  Obj  Depth IntInf | Incumbent    BestBd   Gap | It/Node Time

     0     0 8117.47965    0  719 6985.00000 8117.47965  16.2%     -    2s
     0     0 8117.47965    0  719 6985.00000 8117.47965  16.2%     -    5s
     0     0 8117.47965    0  719 6985.00000 8117.47965  16.2%     -   10s
     0     0 7953.78290    0  747 6985.00000 7953.78290  13.9%     -   14s
     0     0 7901.14154    0  752 6985.00000 7901.14154  13.1%     -   16s
     0     0 7895.87489    0  754 6985.00000 7895.87489  13.0%     -   17s
     0     0 7895.07029    0  774 6985.00000 7895.07029  13.0%     -   17s
     0     0 7895.03022    0  766 6985.00000 7895.03022  13.0%     -   17s
     0     0 7875.62554    0  759 6985.00000 7875.62554  12.8%     -   19s
     0     0 7865.71786    0  754 6985.00000 7865.71786  12.6%     -   20s
     0     0 7863.03569    0  765 6985.00000 7863.03569  12.6%     -   21s
     0     0 7862.48819    0  777 6985.00000 7862.48819  12.6%     -   21s
     0     0 7862.05808    0  773 6985.00000 7862.05808  12.6%     -   22s
     0     0 7861.96442    0  778 6985.00000 7861.96442  12.6%     -   22s
     0     0 7852.74927    0  789 6985.00000 7852.74927  12.4%     -   25s
     0     0 7848.34294    0  778 6985.00000 7848.34294  12.4%     -   30s
     0     0 7846.74161    0  788 6985.00000 7846.74161  12.3%     -   30s
     0     0 7845.59324    0  797 6985.00000 7845.59324  12.3%     -   31s
     0     0 7845.28010    0  800 6985.00000 7845.28010  12.3%     -   32s
     0     0 7845.17137    0  788 6985.00000 7845.17137  12.3%     -   32s
     0     0 7841.52070    0  746 6985.00000 7841.52070  12.3%     -   35s
     0     0 7838.94651    0  777 6985.00000 7838.94651  12.2%     -   37s
     0     0 7837.60940    0  784 6985.00000 7837.60940  12.2%     -   38s
     0     0 7836.87138    0  810 6985.00000 7836.87138  12.2%     -   39s
     0     0 7836.59577    0  810 6985.00000 7836.59577  12.2%     -   40s
     0     0 7834.40826    0  784 6985.00000 7834.40826  12.2%     -   42s
     0     0 7832.83513    0  783 6985.00000 7832.83513  12.1%     -   49s
     0     0 7831.94913    0  797 6985.00000 7831.94913  12.1%     -   50s
     0     0 7831.52084    0  799 6985.00000 7831.52084  12.1%     -   51s
     0     0 7831.28171    0  823 6985.00000 7831.28171  12.1%     -   51s
     0     0 7829.89410    0  779 6985.00000 7829.89410  12.1%     -   53s
     0     0 7828.79387    0  797 6985.00000 7828.79387  12.1%     -   54s
     0     0 7828.38310    0  799 6985.00000 7828.38310  12.1%     -   55s
     0     0 7828.10119    0  801 6985.00000 7828.10119  12.1%     -   56s
     0     0 7827.10520    0  793 6985.00000 7827.10520  12.1%     -   58s
     0     0 7827.10520    0  793 6985.00000 7827.10520  12.1%     -   58s
     0     2 7827.10520    0  793 6985.00000 7827.10520  12.1%     -   61s
     3     8 7826.23532    2  798 6985.00000 7827.05628  12.1%  1837   68s
     7    14 7824.82753    3  840 6985.00000 7826.23501  12.0%  2899   74s
    13    20 7824.03793    4  849 6985.00000 7824.82586  12.0%  3622   89s
    19    26 7823.38422    4  844 6985.00000 7824.03732  12.0%  5746  106s
    25    32 7823.50052    5  845 6985.00000 7824.03732  12.0%  5294  110s
    31    38 7823.13102    6  852 6985.00000 7824.03732  12.0%  4641  119s
    37    44 7823.27220    6  834 6985.00000 7824.03732  12.0%  4171  122s
    43    51 7823.01925    7  832 6985.00000 7824.03732  12.0%  3785  125s
    57    65 7822.70666    8  838 6985.00000 7824.03732  12.0%  3270  133s
    64    71 7822.59674    8  831 6985.00000 7824.03732  12.0%  3095  149s
    67    71 7808.81259    9  834 6985.00000 7824.03732  12.0%  3017  155s
    70    80 7822.39455    9  843 6985.00000 7824.03732  12.0%  2949  163s
    79    89 7819.93200   10  842 6985.00000 7824.03732  12.0%  2894  171s
    94   106 7821.56793   11  832 6985.00000 7824.03732  12.0%  2830  181s
   101   106 7817.80309    9  806 6985.00000 7824.03732  12.0%  2738  186s
   105   112 7817.60761   12  820 6985.00000 7824.03732  12.0%  2802  201s
   111   122 7820.71474   13  836 6985.00000 7824.03732  12.0%  2869  207s
   121   135 7820.53643   14  834 6985.00000 7824.03732  12.0%  2780  211s
   134   148 7820.00899   15  828 6985.00000 7824.03732  12.0%  2633  219s
   139   148 7807.86003   15  824 6985.00000 7824.03732  12.0%  2595  224s
   147   154 7819.71905   16  813 6985.00000 7824.03732  12.0%  2520  233s
   153   167 7819.48380   16  824 6985.00000 7824.03732  12.0%  2491  238s
   166   181 7819.34970   18  806 6985.00000 7824.03732  12.0%  2393  243s
   180   187 7818.84812   21  800 6985.00000 7824.03732  12.0%  2309  253s
   181   187 7808.48419   21  796 6985.00000 7824.03732  12.0%  2303  255s
   185   187 7805.80361   18  792 6985.00000 7824.03732  12.0%  2294  261s
   186   200 7818.69002   22  801 6985.00000 7824.03732  12.0%  2286  268s
   199   218 7818.39809   23  791 6985.00000 7824.03732  12.0%  2249  274s
   217   231 7817.36444   25  791 6985.00000 7824.03732  12.0%  2165  285s
   230   238 7816.71700   26  786 6985.00000 7824.03732  12.0%  2125  301s
   237   256 7816.62769   27  792 6985.00000 7824.03732  12.0%  2099  309s
   255   267 7815.12664   30  780 6985.00000 7824.03732  12.0%  2057  363s
   256   267 7803.95362   32  765 6985.00000 7824.03732  12.0%  2055  365s
   266   276 7815.11893   31  791 6985.00000 7824.03732  12.0%  2026  381s
   275   293 7812.48460   31  775 6985.00000 7824.03732  12.0%  2012  389s
   292   316 7813.76374   32  776 6985.00000 7824.03732  12.0%  1975  398s
   315   323 7814.23815   34  782 6985.00000 7824.03732  12.0%  1926  409s
   322   343 7813.82081   35  781 6985.00000 7824.03732  12.0%  1940  418s
   342   364 7812.00036   36  767 6985.00000 7824.03732  12.0%  1917  431s
   363   385 7812.64423   38  796 6985.00000 7824.03732  12.0%  1883  441s
   384   415 7812.44933   39  778 6985.00000 7824.03732  12.0%  1861  452s
   414   421 7810.72666   45  769 6985.00000 7824.03732  12.0%  1818  470s
   417   421 7798.59648   38  800 6985.00000 7824.03732  12.0%  1813  475s
   420   447 7811.23317   45  763 6985.00000 7824.03732  12.0%  1806  490s
   446   473 7809.91481   48  753 6985.00000 7824.03732  12.0%  1778  502s
   472   485 7809.17244   50  735 6985.00000 7824.03732  12.0%  1773  527s
   484   517 7807.99935   51  742 6985.00000 7824.03732  12.0%  1761  539s
   516   532 7807.38224   53  735 6985.00000 7824.03732  12.0%  1727  554s
   531   565 7806.77493   55  741 6985.00000 7824.03732  12.0%  1718  567s
   564   602 7805.20464   59  746 6985.00000 7824.03732  12.0%  1690  581s
   601   643 7802.68675   63  744 6985.00000 7824.03732  12.0%  1661  594s
   642   649 7800.45331   66  725 6985.00000 7824.03732  12.0%  1625  617s
   648   690 7800.11130   67  722 6985.00000 7824.03732  12.0%  1617  641s
   689   736 7798.98324   70  713 6985.00000 7824.03732  12.0%  1584  655s
   735   776 7797.69012   75  732 6985.00000 7824.03732  12.0%  1541  671s
   775   818 7796.17475   78  717 6985.00000 7824.03732  12.0%  1523  686s
   817   872 7794.58522   83  704 6985.00000 7824.03732  12.0%  1498  703s
   871   913 7792.55019   88  712 6985.00000 7824.03732  12.0%  1466  739s
   902   913 7797.25003   67  700 6985.00000 7824.03732  12.0%  1451  740s
   912   972 7790.80325   94  704 6985.00000 7824.03732  12.0%  1443  759s
   971  1003 7788.16175  102  685 6985.00000 7824.03732  12.0%  1411  833s
  1002  1072 7786.47780  108  668 6985.00000 7824.03732  12.0%  1391  854s
  1071  1121 7782.60255  116  660 6985.00000 7824.03732  12.0%  1354  873s
  1120  1199 7780.02177  120  646 6985.00000 7824.03732  12.0%  1331  896s
  1198  1289 7776.54755  126  643 6985.00000 7824.03732  12.0%  1299  916s
  1288  1380 7773.59652  133  628 6985.00000 7824.03732  12.0%  1258  938s
  1379  1445 7769.75866  143  616 6985.00000 7824.03732  12.0%  1225  960s
  1444  1551 7766.05092  151  590 6985.00000 7824.03732  12.0%  1203  982s
  1550  1648 7759.32231  167  576 6985.00000 7824.03732  12.0%  1168 1005s
  1647  1654 7756.69538  175  557 6985.00000 7824.03732  12.0%  1134 1065s
  1650  1654 7765.49459  129  644 6985.00000 7824.03732  12.0%  1133 1071s
  1653  1660 7756.55179  176  563 6985.00000 7824.03732  12.0%  1132 1197s
  1659  1765 7750.64412  176  549 6985.00000 7824.03732  12.0%  1131 1222s
  1764  1894 7751.66653  188  546 6985.00000 7824.03732  12.0%  1100 1247s
  1893  2030 7743.80672  206  519 6985.00000 7824.03732  12.0%  1062 1271s
  2029  2125 7737.86753  225  497 6985.00000 7824.03732  12.0%  1025 1299s
  2124  2304 7735.39063  236  475 6985.00000 7824.03732  12.0%  1000 1325s
  2303  2518 7727.29768  268  429 6985.00000 7824.03732  12.0%   957 1351s
  2517  2702 7714.76027  301  384 6985.00000 7824.03732  12.0%   908 1378s
  2701  2986 7706.09556  330  344 6985.00000 7824.03732  12.0%   870 1405s
  2985  3306 7692.13093  372  307 6985.00000 7824.03732  12.0%   816 1431s
  3325  3538     cutoff  427      6985.00000 7823.38313  12.0%   759 1459s
  3575  3767 7819.51697    9  827 6985.00000 7823.38313  12.0%   729 1493s
  3826  3964 7817.41987   17  810 6985.00000 7823.38313  12.0%   702 1524s
  4023  4187 7813.85496   30  799 6985.00000 7823.38313  12.0%   687 1554s
  4246  4380 7809.66159   39  778 6985.00000 7823.38313  12.0%   669 1586s
  4451  4561 7805.34392   49  765 6985.00000 7823.38313  12.0%   656 1623s
  4642  4744 7799.73554   65  732 6985.00000 7823.38313  12.0%   646 1658s
  4841  4817 7791.89234   84  702 6985.00000 7823.38313  12.0%   638 1705s
  4929  4818 7773.59507  134  793 6985.00000 7823.38313  12.0%   640 2011s
  4931  4819 7675.01675  411  719 6985.00000 7823.38313  12.0%   639 2018s
  4932  4820 7795.12084   49  741 6985.00000 7823.38313  12.0%   639 2024s
  4933  4821 7693.43765  340  774 6985.00000 7823.38313  12.0%   639 2028s
  4934  4821 7707.77847  319  785 6985.00000 7823.38313  12.0%   639 2032s
  4935  4822 7818.94409   21  802 6985.00000 7823.38313  12.0%   639 2036s
  4937  4823 7792.66642   86  831 6985.00000 7823.38313  12.0%   639 2041s
  4940  4825 7691.39916  343  844 6985.00000 7823.38313  12.0%   638 2046s
  4945  4829 7701.19282  319  861 6985.00000 7823.38313  12.0%   638 2055s
  4948  4831 7775.05253  105  844 6985.00000 7821.87689  12.0%   637 2060s
  4953  4834 7684.42786  379  834 6985.00000 7820.60802  12.0%   637 2066s
  4956  4836 7742.25885  213  854 6985.00000 7819.58341  11.9%   636 2070s
  4961  4839 7753.28444  183  853 6985.00000 7818.23246  11.9%   636 2076s
  4963  4841 7678.54556  353  874 6985.00000 7817.09610  11.9%   635 2080s
  4969  4845 7785.82664   86  855 6985.00000 7815.93107  11.9%   635 2088s
  4970  4845 7678.85740  416  844 6985.00000 7815.52428  11.9%   634 2090s
  4976  4849 7776.69495  115  872 6985.00000 7815.08941  11.9%   634 2095s
  4978  4851 7737.10355  223  849 6985.00000 7814.19638  11.9%   633 2100s
  4984  4855 7693.82288  370  851 6985.00000 7813.42781  11.9%   633 2112s
  4986  4856 7810.24284   15  849 6985.00000 7812.96383  11.9%   632 2115s
  4990  4859 7750.64050  177  848 6985.00000 7812.55875  11.8%   632 2121s
  4994  4861 7743.79342  216  871 6985.00000 7812.22256  11.8%   631 2125s
  4996  4863 7760.70582   43  847 6985.00000 7811.91121  11.8%   631 2133s
  4998  4864 7681.19990  386  857 6985.00000 7811.71222  11.8%   631 2135s
  5003  4867 7686.06917  368  840 6985.00000 7811.42725  11.8%   630 2140s
  5006  4869 7786.66106   87  852 6985.00000 7811.22559  11.8%   630 2145s
  5011  4873 7786.13500   94  870 6985.00000 7810.88981  11.8%   629 2150s
  5016  4876 7712.48067  297  866 6985.00000 7810.58754  11.8%   629 2156s
  5020  4879 7777.81016  114  867 6985.00000 7810.36584  11.8%   628 2161s
  5024  4881 7762.61115  156  853 6985.00000 7810.15878  11.8%   628 2169s
  5025  4882 7711.23825  312  866 6985.00000 7810.10795  11.8%   628 2170s
  5027  4883 7785.01023   97  868 6985.00000 7809.72955  11.8%   627 2179s
  5028  4884 7797.51626   35  862 6985.00000 7809.58223  11.8%   627 2180s
  5031  4886 7675.01675  411  845 6985.00000 7809.45740  11.8%   627 2185s
  5034  4888 7707.77847  319  891 6985.00000 7809.05233  11.8%   626 2190s
  5039  4891 7697.77330  337  873 6985.00000 7808.86527  11.8%   626 2195s
  5044  4895 7653.04400  360  883 6985.00000 7808.68225  11.8%   625 2200s
  5049  4898 7788.63013  100  850 6985.00000 7808.46056  11.8%   625 2206s
  5054  4902 7789.52979   98  719 6985.00000 7808.46056  11.8%   646 2215s
  5055  4903 7665.01173  414  755 6985.00000 7808.46056  11.8%   645 2223s
  5056  4904 7742.25885  213  776 6985.00000 7808.46056  11.8%   645 2227s
  5057  4904 7634.97894  409  792 6985.00000 7808.46056  11.8%   645 2231s
  5058  4905 7710.00607  303  797 6985.00000 7808.46056  11.8%   645 2235s
  5060  4906 7808.46056   15  827 6985.00000 7808.46056  11.8%   645 2243s
  5061  4907 7753.28444  183  830 6985.00000 7808.46056  11.8%   645 2246s
  5063  4908 7678.54556  353  831 6985.00000 7808.46056  11.8%   644 2250s
  5067  4911 7740.07293  194  848 6985.00000 7808.40917  11.8%   644 2255s
  5072  4914 7685.76488  306  872 6985.00000 7808.13655  11.8%   643 2261s
  5076  4917 7776.69495  115  859 6985.00000 7807.96078  11.8%   643 2265s
  5080  4920 7807.74826   37  869 6985.00000 7807.74826  11.8%   642 2271s
  5083  4922 7794.93068   50  878 6985.00000 7807.61885  11.8%   642 2275s
  5087  4924 7791.73582   80  871 6985.00000 7807.52039  11.8%   641 2280s
  5088  4925 7737.75819  221  871 6985.00000 7807.52039  11.8%   641 2286s
  5089  4929 7807.51448   28  861 6985.00000 7807.51448  11.8%   649 2303s
  5091  4932 7807.28090   29  857 6985.00000 7807.51162  11.8%   650 2317s
  5095  4937 7807.20521   30  870 6985.00000 7807.20521  11.8%   653 2347s
  5101  4941 7807.16337   31  865 6985.00000 7807.17405  11.8%   664 2362s
  5107  4945 7782.76512   31  889 6985.00000 7807.16331  11.8%   670 2389s
  5113  4949 7806.90356   32  874 6985.00000 7807.16331  11.8%   674 2398s
  5119  4953 7806.82408   32  852 6985.00000 7806.90353  11.8%   677 2423s
  5125  4957 7806.64476   33  866 6985.00000 7806.90308  11.8%   678 2445s
  5131  4962 7805.90215   33  837 6985.00000 7806.82407  11.8%   682 2453s
  5138  4967 7806.62529   34  853 6985.00000 7806.82407  11.8%   685 2476s
  5146  4973 7806.57139   35  851 6985.00000 7806.82407  11.8%   695 2487s
  5154  4976 7806.57035   36  838 6985.00000 7806.82407  11.8%   699 2507s
  5160  4986 7804.77163   36  850 6985.00000 7806.82407  11.8%   700 2522s
  5172  4993 7806.56203   37  840 6985.00000 7806.82407  11.8%   703 2534s
  5183  5000 7806.53144   38  822 6985.00000 7806.82407  11.8%   706 2542s
  5194  5011 7806.08493   39  839 6985.00000 7806.82407  11.8%   709 2552s
  5208  5012 7806.39282   40  830 6985.00000 7806.82407  11.8%   711 2574s
  5214  5027 7805.90545   40  818 6985.00000 7806.82407  11.8%   713 2585s
  5231  5040 7806.24150   41  830 6985.00000 7806.82407  11.8%   715 2595s
  5250  5047 7806.10495   43  836 6985.00000 7806.82407  11.8%   717 2605s
  5263  5057 7806.07343   44  841 6985.00000 7806.82407  11.8%   720 2617s
  5277  5071 7806.01882   45  823 6985.00000 7806.82407  11.8%   723 2632s
  5296  5087 7805.18165   47  792 6985.00000 7806.82407  11.8%   727 2654s
  5318  5092 7805.89800   48  828 6985.00000 7806.82407  11.8%   731 2680s
  5331  5109 7805.80926   49  829 6985.00000 7806.82407  11.8%   735 2695s
  5352  5118 7805.76731   51  823 6985.00000 7806.82407  11.8%   738 2710s
  5368  5122 7805.54676   52  807 6985.00000 7806.82407  11.8%   741 2731s
  5377  5142 7805.54227   53  822 6985.00000 7806.82407  11.8%   744 2748s
  5400  5144 7805.51829   56  805 6985.00000 7806.82407  11.8%   749 2807s
  5410  5152 7805.04753   56  804 6985.00000 7806.82407  11.8%   750 2828s
  5421  5170 7805.09659   57  804 6985.00000 7806.82407  11.8%   753 2844s
  5443  5186 7804.96374   59  789 6985.00000 7806.82407  11.8%   757 2866s
  5466  5199 7804.92476   61  792 6985.00000 7806.82407  11.8%   761 2882s
  5487  5224 7804.47420   62  784 6985.00000 7806.82407  11.8%   766 2907s
  5519  5250 7803.17735   64  783 6985.00000 7806.82407  11.8%   771 2926s
  5556  5263 7803.74034   66  803 6985.00000 7806.82407  11.8%   775 2949s
  5581  5292 7803.99620   68  779 6985.00000 7806.82407  11.8%   779 2972s
  5618  5300 7803.73121   71  783 6985.00000 7806.82407  11.8%   784 3002s
  5639  5337 7803.46424   72  783 6985.00000 7806.82407  11.8%   790 3023s
  5683  5354 7802.88078   75  790 6985.00000 7806.82407  11.8%   795 3044s
  5714  5382 7802.81505   77  789 6985.00000 7806.82407  11.8%   798 3066s
  5753  5406 7801.85591   80  755 6985.00000 7806.82407  11.8%   804 3090s
  5790  5423 7801.52336   84  772 6985.00000 7806.82407  11.8%   809 3122s
  5819  5456 7801.48570   86  788 6985.00000 7806.82407  11.8%   813 3153s
  5862  5495 7801.20724   90  777 6985.00000 7806.82407  11.8%   818 3182s
  5915  5518 7800.44601   93  761 6985.00000 7806.82407  11.8%   824 3213s
  5956  5559 7799.97313   96  757 6985.00000 7806.82407  11.8%   832 3247s
  6010  5559 7798.63968  100  740 6985.00000 7806.82407  11.8%   839 3384s
  6028  5580 7786.22545  101  773 6985.00000 7806.82407  11.8%   842 3457s
  6055  5613 7798.30906  102  756 6985.00000 7806.82407  11.8%   844 3504s
  6079  5605 7797.71491   92  755 6985.00000 7806.82407  11.8%   846 3506s
  6097  5636 7797.70467  108  731 6985.00000 7806.82407  11.8%   849 3544s
  6134  5669 7797.30749  111  722 6985.00000 7806.82407  11.8%   856 3600s

Cutting planes:
  Gomory: 23
  MIR: 992
  Flow cover: 975
  RLT: 208
  Relax-and-lift: 36
  Lazy constraints: 1762

Explored 6180 nodes (5363040 simplex iterations) in 3602.08 seconds
Thread count was 12 (of 12 available processors)

Solution count 1: 6985 

Time limit reached
Best objective 6.985000000000e+03, best bound 7.806000000000e+03, gap 11.7538%

User-callback calls 454938, time in user-callback 133.46 sec
