
Gurobi 9.5.1 (linux64) logging started Tue Jun 14 18:01:50 2022

Set parameter LogFile to value "../results/logs/log_ca-citeseer_3_250_2022_06_14_14_44.log"
Set parameter LazyConstraints to value 1
Gurobi Optimizer version 9.5.1 build v9.5.1rc2 (linux64)
Thread count: 8 physical cores, 8 logical processors, using up to 8 threads
Optimize a model with 16987 rows, 454640 columns and 163125 nonzeros
Model fingerprint: 0xa7381634
Variable types: 0 continuous, 454640 integer (454640 binary)
Coefficient statistics:
  Matrix range     [1e+00, 3e+00]
  Objective range  [1e+00, 1e+00]
  Bounds range     [1e+00, 1e+00]
  RHS range        [1e+00, 2e+02]
Found heuristic solution: objective 152966.00000
Presolve removed 0 rows and 371793 columns
Presolve time: 0.20s
Presolved: 16987 rows, 82847 columns, 126410 nonzeros
Variable types: 0 continuous, 82847 integer (82847 binary)
Found heuristic solution: objective 153224.00000

Deterministic concurrent LP optimizer: primal and dual simplex
Showing first log only...


Use crossover to convert LP symmetric solution to basic solution...
Concurrent spin time: 0.01s

Solved with primal simplex

Root relaxation: objective 1.544786e+05, 3172 iterations, 0.11 seconds (0.08 work units)

    Nodes    |    Current Node    |     Objective Bounds      |     Work
 Expl Unexpl |  Obj  Depth IntInf | Incumbent    BestBd   Gap | It/Node Time

     0     0 154478.568    0 1955 153224.000 154478.568  0.82%     -    1s
H    0     0                    153508.00000 154478.568  0.63%     -    1s
     0     0 153834.697    0  603 153508.000 153834.697  0.21%     -   13s
H    0     0                    153651.00000 153834.697  0.12%     -   13s
H    0     0                    153756.00000 153834.697  0.05%     -   13s
     0     0 153829.473    0  600 153756.000 153829.473  0.05%     -   25s
     0     0 153829.373    0  603 153756.000 153829.373  0.05%     -   36s
     0     0 153794.300    0  200 153756.000 153794.300  0.02%     -   48s
     0     0 153794.104    0  201 153756.000 153794.104  0.02%     -   59s
     0     0 153777.654    0  139 153756.000 153777.654  0.01%     -   71s
H    0     0                    153760.00000 153777.654  0.01%     -   71s
     0     0 153773.322    0   84 153760.000 153773.322  0.01%     -   82s
     0     0 153773.155    0   73 153760.000 153773.155  0.01%     -   94s
     0     0 153771.386    0   51 153760.000 153771.386  0.01%     -  105s
H    0     0                    153761.00000 153771.386  0.01%     -  105s
H    0     0                    153762.00000 153771.386  0.01%     -  105s
     0     0 153770.386    0   62 153762.000 153770.386  0.01%     -  117s
     0     0 153770.370    0   65 153762.000 153770.370  0.01%     -  128s
     0     0 153769.711    0   62 153762.000 153769.711  0.01%     -  139s
     0     0 153769.400    0   37 153762.000 153769.400  0.00%     -  151s
H    0     0                    153764.00000 153769.400  0.00%     -  163s
H    0     0                    153765.00000 153769.400  0.00%     -  163s
     0     2 153768.333    0   43 153765.000 153768.333  0.00%     -  176s
     1     4 153768.333    1   44 153765.000 153768.333  0.00%   466  188s
     3     8 153768.333    2   47 153765.000 153768.333  0.00%   164  211s
     5     8 153768.227    2   43 153765.000 153768.333  0.00%   102  234s
     7    14 153768.333    3   42 153765.000 153768.333  0.00%  75.6  256s
    15    21 153768.333    4   42 153765.000 153768.333  0.00%  41.5  337s
    23    28 153768.333    5   44 153765.000 153768.333  0.00%  29.8  429s
    31    32 153768.092    6   39 153765.000 153768.333  0.00%  24.9  522s
    32    32 153767.905    6   29 153765.000 153768.333  0.00%  25.3  533s
    35    32 153767.333    6   37 153765.000 153768.333  0.00%  25.4  567s
    39    38 153767.217    6   50 153765.000 153768.333  0.00%  27.6  614s
    47    43 153767.467    7   37 153765.000 153768.333  0.00%  25.0  706s
    51    43 153767.320    8   38 153765.000 153768.333  0.00%  23.8  752s
    55    68 153767.467    7   37 153765.000 153768.333  0.00%  22.5  798s
    88    88 153767.307   12   39 153765.000 153768.333  0.00%  16.9 1155s
    91    88 153767.798   12   42 153765.000 153768.333  0.00%  16.4 1190s
    98    88 153767.358   14   35 153765.000 153768.333  0.00%  15.7 1270s
   126   126 153767.019   15   46 153765.000 153768.333  0.00%  14.2 1546s
   134   126 153766.043   22   48 153765.000 153768.333  0.00%  14.0 1638s
   136   126 153767.528   16   42 153765.000 153768.333  0.00%  13.9 1661s
   144   126 153767.219   24   45 153765.000 153768.333  0.00%  13.2 1754s
   208   182 infeasible   23      153765.000 153768.333  0.00%  12.0 2433s
   216   182 153766.673   11   28 153765.000 153768.333  0.00%  12.0 2513s
   224   182 153767.167   25   55 153765.000 153768.333  0.00%  11.9 2594s
   231   182 153766.200   31   31 153765.000 153768.333  0.00%  11.8 2675s

Cutting planes:
  Gomory: 238
  Cover: 1308
  MIR: 915
  StrongCG: 29
  GUB cover: 1546
  Zero half: 183
  RLT: 76
  Lazy constraints: 325

Explored 339 nodes (12235 simplex iterations) in 3746.25 seconds (11.18 work units)
Thread count was 8 (of 8 available processors)

Solution count 10: 153765 153764 153762 ... 152966

Time limit reached
Best objective 1.537650000000e+05, best bound 1.537680000000e+05, gap 0.0020%

User-callback calls 3132, time in user-callback 3733.87 sec
