
Gurobi 9.1.1 (win64) logging started Sat Mar 13 18:38:26 2021

Changed value of parameter LogFile to ../results/logs/log_samuel_kroger_2021_03_13_12_24_34.csv_3_1.log
   Prev:   Default: 
Gurobi Optimizer version 9.1.1 build v9.1.1rc0 (win64)
Thread count: 6 physical cores, 12 logical processors, using up to 12 threads
Optimize a model with 480399 rows, 2882590 columns and 3661722 nonzeros
Model fingerprint: 0x0f2ee91d
Variable types: 0 continuous, 2882590 integer (2882590 binary)
Coefficient statistics:
  Matrix range     [1e+00, 3e+00]
  Objective range  [1e+00, 1e+00]
  Bounds range     [1e+00, 1e+00]
  RHS range        [1e+00, 1e+00]
Found heuristic solution: objective 1201631.0000
Found heuristic solution: objective 1295232.0000
Found heuristic solution: objective 1296837.0000
Presolve removed 92025 rows and 2538895 columns (presolve time = 5s) ...
Presolve removed 92025 rows and 2538895 columns (presolve time = 10s) ...
Presolve removed 255532 rows and 2548339 columns (presolve time = 15s) ...
Presolve removed 255592 rows and 2548403 columns (presolve time = 23s) ...
Presolve removed 255592 rows and 2548403 columns
Presolve time: 22.74s
Presolved: 224807 rows, 334187 columns, 1040810 nonzeros
Found heuristic solution: objective 1338243.0000
Variable types: 0 continuous, 334187 integer (334187 binary)

Deterministic concurrent LP optimizer: primal and dual simplex
Showing first log only...


Root simplex log...

Iteration    Objective       Primal Inf.    Dual Inf.      Time
       0    1.4412960e+06   0.000000e+00   0.000000e+00     25s
Concurrent spin time: 0.01s

Solved with primal simplex

Root relaxation: objective 1.441296e+06, 0 iterations, 0.47 seconds

    Nodes    |    Current Node    |     Objective Bounds      |     Work
 Expl Unexpl |  Obj  Depth IntInf | Incumbent    BestBd   Gap | It/Node Time

*    0     0               0    1441296.0000 1441296.00  0.00%     -   25s

Explored 0 nodes (0 simplex iterations) in 25.36 seconds
Thread count was 12 (of 12 available processors)

Solution count 5: 1.4413e+06 1.33824e+06 1.29684e+06 ... 1.20163e+06

Optimal solution found (tolerance 1.00e-04)
Best objective 1.441296000000e+06, best bound 1.441296000000e+06, gap 0.0000%

Gurobi 9.1.1 (win64) logging started Sat Mar 13 18:39:38 2021

Changed value of parameter LogFile to ../results/logs/log_samuel_kroger_2021_03_13_12_24_34.csv_3_1.log
   Prev:   Default: 
