
Gurobi 9.1.2 (win64) logging started Sun Aug 29 22:44:57 2021

Changed value of parameter LogFile to ../results/logs/log_samuel_kroger_2021_08_29_22_43_43.csv_46_250.log
   Prev:   Default: 
Changed value of parameter method to 3
   Prev: -1  Min: -1  Max: 5  Default: -1
Gurobi Optimizer version 9.1.2 build v9.1.2rc0 (win64)
Thread count: 6 physical cores, 12 logical processors, using up to 12 threads
Optimize a model with 9820 rows, 27306 columns and 194360 nonzeros
Model fingerprint: 0xef5af126
Variable types: 0 continuous, 27306 integer (27306 binary)
Coefficient statistics:
  Matrix range     [1e+00, 4e+01]
  Objective range  [1e+00, 1e+00]
  Bounds range     [1e+00, 1e+00]
  RHS range        [1e+00, 3e+02]
Found heuristic solution: objective -0.0000000
Presolve removed 7010 rows and 20770 columns
Presolve time: 0.17s
Presolved: 2810 rows, 6536 columns, 58025 nonzeros
Variable types: 0 continuous, 6536 integer (6289 binary)

Concurrent LP optimizer: primal simplex, dual simplex, and barrier
Showing barrier log only...

Root barrier log...

Ordering time: 0.17s

Barrier statistics:
 AA' NZ     : 1.017e+05
 Factor NZ  : 6.117e+05 (roughly 9 MBytes of memory)
 Factor Ops : 3.288e+08 (less than 1 second per iteration)
 Threads    : 4

                  Objective                Residual
Iter       Primal          Dual         Primal    Dual     Compl     Time
   0   1.03352460e+04  6.57865058e+03  3.20e+04 1.00e+00  3.12e+01     0s
   1   3.13623695e+03  1.01340497e+04  7.32e+03 1.12e+00  7.59e+00     1s
   2   7.88980416e+02  9.61211447e+03  4.30e+02 1.07e-14  9.02e-01     1s
   3   8.23393839e+02  3.13569091e+03  6.81e+01 4.00e-15  1.84e-01     1s
   4   9.81643477e+02  1.50522807e+03  1.85e+00 3.00e-15  3.35e-02     1s
   5   1.05745548e+03  1.35459462e+03  2.30e-01 2.44e-15  1.88e-02     1s
   6   1.07528796e+03  1.24284551e+03  1.35e-01 2.00e-15  1.06e-02     1s
   7   1.08113110e+03  1.21438490e+03  1.13e-01 1.55e-15  8.42e-03     1s
   8   1.10155146e+03  1.18035529e+03  3.63e-02 1.55e-15  4.97e-03     1s
   9   1.10566065e+03  1.15537860e+03  2.73e-02 1.78e-15  3.14e-03     1s
  10   1.11187479e+03  1.14372988e+03  1.51e-02 1.37e-15  2.01e-03     1s
  11   1.11479402e+03  1.13227699e+03  1.02e-02 1.33e-15  1.10e-03     1s
  12   1.11830739e+03  1.12667635e+03  4.73e-03 1.78e-15  5.28e-04     1s
  13   1.12003440e+03  1.12436625e+03  2.19e-03 1.34e-15  2.73e-04     1s
  14   1.12098908e+03  1.12245097e+03  8.35e-04 2.44e-15  9.22e-05     1s
  15   1.12129095e+03  1.12187703e+03  4.57e-04 1.55e-15  3.70e-05     1s
  16   1.12158525e+03  1.12175529e+03  1.01e-04 1.78e-15  1.07e-05     1s
  17   1.12166592e+03  1.12170961e+03  6.88e-06 1.78e-15  2.75e-06     1s
  18   1.12167484e+03  1.12167607e+03  1.07e-08 1.78e-15  7.71e-08     1s
  19   1.12167496e+03  1.12167496e+03  0.00e+00 1.78e-15  1.95e-10     1s

Barrier solved model in 19 iterations and 0.86 seconds
Optimal objective 1.12167496e+03


Solved with barrier

Root relaxation: objective 1.121675e+03, 304 iterations, 0.74 seconds

    Nodes    |    Current Node    |     Objective Bounds      |     Work
 Expl Unexpl |  Obj  Depth IntInf | Incumbent    BestBd   Gap | It/Node Time

     0     0 1121.67496    0 1044   -0.00000 1121.67496      -     -    1s
H    0     0                     104.0000000 1121.67496   979%     -    1s
H    0     0                     156.0000000 1121.67496   619%     -    1s
H    0     0                     194.0000000 1121.67496   478%     -    1s
H    0     0                     323.0000000 1117.43564   246%     -    4s
H    0     0                     367.0000000 1117.43564   204%     -    4s
H    0     0                     373.0000000 1117.43564   200%     -    4s
H    0     0                     389.0000000 1117.43564   187%     -    4s
     0     0  999.76482    0 1303  389.00000  999.76482   157%     -    4s
H    0     0                     440.0000000  999.76482   127%     -    4s
     0     0  922.89384    0 1438  440.00000  922.89384   110%     -    7s
     0     0  911.77020    0 1501  440.00000  911.77020   107%     -    8s
     0     0  909.50174    0 1540  440.00000  909.50174   107%     -    9s
     0     0  909.31972    0 1543  440.00000  909.31972   107%     -    9s
     0     0  909.27693    0 1560  440.00000  909.27693   107%     -   10s
     0     0          -    0       440.00000  909.27693   107%     -   15s

Cutting planes:
  Gomory: 48
  Cover: 196
  Implied bound: 3
  MIR: 456
  StrongCG: 17
  GUB cover: 685
  Zero half: 17
  RLT: 525
  Relax-and-lift: 2

Explored 1 nodes (14411 simplex iterations) in 15.02 seconds
Thread count was 12 (of 12 available processors)

Solution count 9: 440 389 373 ... -0

Time limit reached
Best objective 4.400000000000e+02, best bound 9.090000000000e+02, gap 106.5909%
