
Gurobi 9.5.1 (linux64) logging started Sun Mar 20 12:48:26 2022

Set parameter LogFile to value "../results/logs/log_2022_03_20_10_37.csv_21_250.log"
Set parameter LazyConstraints to value 1
Gurobi Optimizer version 9.5.1 build v9.5.1rc2 (linux64)
Thread count: 8 physical cores, 8 logical processors, using up to 8 threads
Optimize a model with 4007 rows, 299400 columns and 165543 nonzeros
Model fingerprint: 0x5599badb
Variable types: 0 continuous, 299400 integer (299400 binary)
Coefficient statistics:
  Matrix range     [1e+00, 2e+01]
  Objective range  [1e+00, 1e+00]
  Bounds range     [1e+00, 1e+00]
  RHS range        [1e+00, 2e+02]
Found heuristic solution: objective 78945.000000
Presolve added 3 rows and 0 columns
Presolve removed 0 rows and 226639 columns
Presolve time: 0.11s
Presolved: 4010 rows, 72761 columns, 83701 nonzeros
Variable types: 0 continuous, 72761 integer (72758 binary)
Found heuristic solution: objective 79384.000000

Root relaxation: objective 7.978183e+04, 2447 iterations, 0.04 seconds (0.06 work units)

    Nodes    |    Current Node    |     Objective Bounds      |     Work
 Expl Unexpl |  Obj  Depth IntInf | Incumbent    BestBd   Gap | It/Node Time

     0     0 79781.8256    0  683 79384.0000 79781.8256  0.50%     -    0s
H    0     0                    79606.000000 79781.8256  0.22%     -    0s
H    0     0                    79611.000000 79781.8256  0.21%     -    0s
     0     0 79664.5913    0  232 79611.0000 79664.5913  0.07%     -    4s
H    0     0                    79632.000000 79664.5913  0.04%     -    5s
     0     0 79663.6247    0  281 79632.0000 79663.6247  0.04%     -    9s
     0     0 79663.6247    0  276 79632.0000 79663.6247  0.04%     -   13s
     0     0 79652.9052    0  209 79632.0000 79652.9052  0.03%     -   18s
     0     0 79652.1840    0  195 79632.0000 79652.1840  0.03%     -   22s
     0     0 79652.1840    0  195 79632.0000 79652.1840  0.03%     -   26s
     0     0 79646.3032    0  137 79632.0000 79646.3032  0.02%     -   30s
H    0     0                    79633.000000 79646.3032  0.02%     -   30s
     0     0 79646.1809    0  135 79633.0000 79646.1809  0.02%     -   35s
     0     0 79645.7372    0  134 79633.0000 79645.7372  0.02%     -   39s
     0     0 79645.7372    0  134 79633.0000 79645.7372  0.02%     -   43s
     0     0 79643.1455    0  132 79633.0000 79643.1455  0.01%     -   47s
     0     0 79642.7771    0  110 79633.0000 79642.7771  0.01%     -   51s
     0     0 79642.7771    0  100 79633.0000 79642.7771  0.01%     -   56s
     0     0 79641.2542    0  115 79633.0000 79641.2542  0.01%     -   60s
H    0     0                    79636.000000 79641.2542  0.01%     -   60s

Cutting planes:
  Cover: 297
  Clique: 32
  MIR: 247
  StrongCG: 45
  GUB cover: 361
  Zero half: 49
  RLT: 42
  Lazy constraints: 14

Explored 1 nodes (6857 simplex iterations) in 60.49 seconds (1.99 work units)
Thread count was 8 (of 8 available processors)

Solution count 7: 79636 79633 79632 ... 78945

Optimal solution found (tolerance 1.00e-04)
Best objective 7.963600000000e+04, best bound 7.964100000000e+04, gap 0.0063%

User-callback calls 713, time in user-callback 58.58 sec

Gurobi 9.5.1 (linux64) logging started Sun Mar 20 15:29:45 2022

Set parameter LogFile to value "../results/logs/log_2022_03_20_10_37.csv_21_250.log"
Set parameter LazyConstraints to value 1
Gurobi Optimizer version 9.5.1 build v9.5.1rc2 (linux64)
Thread count: 8 physical cores, 8 logical processors, using up to 8 threads
Optimize a model with 89645 rows, 299400 columns and 422457 nonzeros
Model fingerprint: 0x9d60fe1c
Variable types: 149700 continuous, 149700 integer (149700 binary)
Coefficient statistics:
  Matrix range     [1e+00, 2e+01]
  Objective range  [1e+00, 1e+00]
  Bounds range     [1e+00, 1e+00]
  RHS range        [1e+00, 2e+02]
Found heuristic solution: objective 78945.000000
Presolve removed 84204 rows and 229936 columns
Presolve time: 0.62s
Presolved: 5441 rows, 69464 columns, 83518 nonzeros
Extracted 1670 lazy constraints
Variable types: 67461 continuous, 2003 integer (2003 binary)

Root relaxation: objective 7.994724e+04, 2461 iterations, 0.03 seconds (0.02 work units)

    Nodes    |    Current Node    |     Objective Bounds      |     Work
 Expl Unexpl |  Obj  Depth IntInf | Incumbent    BestBd   Gap | It/Node Time

     0     0 79947.2423    0  375 78945.0000 79947.2423  1.27%     -    0s
H    0     0                    79557.000000 79947.2423  0.49%     -    0s
H    0     0                    79582.000000 79947.2423  0.46%     -    1s
     0     0 79659.0916    0  113 79582.0000 79659.0916  0.10%     -    5s
H    0     0                    79617.000000 79659.0916  0.05%     -    5s
     0     0 79658.5603    0  111 79617.0000 79658.5603  0.05%     -   10s
     0     0 79658.5603    0  116 79617.0000 79658.5603  0.05%     -   14s
     0     0 79645.8848    0   80 79617.0000 79645.8848  0.04%     -   18s
H    0     0                    79621.000000 79645.8848  0.03%     -   18s
     0     0 79645.4431    0   69 79621.0000 79645.4431  0.03%     -   22s
     0     0 79645.4431    0   71 79621.0000 79645.4431  0.03%     -   27s
     0     0 79641.3470    0   42 79621.0000 79641.3470  0.03%     -   31s
H    0     0                    79635.000000 79641.3470  0.01%     -   31s

Cutting planes:
  MIR: 591
  RLT: 35
  Relax-and-lift: 6
  Lazy constraints: 638

Explored 1 nodes (4751 simplex iterations) in 31.45 seconds (3.01 work units)
Thread count was 8 (of 8 available processors)

Solution count 6: 79635 79621 79617 ... 78945

Optimal solution found (tolerance 1.00e-04)
Best objective 7.963500000000e+04, best bound 7.964100000000e+04, gap 0.0075%

User-callback calls 794, time in user-callback 29.32 sec
