
Gurobi 9.5.0 (win64) logging started Tue Dec  7 11:49:47 2021

Set parameter LogFile to value "../results/logs/log_2021_12_07_11_49.csv_30_301.log"
Set parameter Method to value 3
Gurobi Optimizer version 9.5.0 build v9.5.0rc5 (win64)
Thread count: 6 physical cores, 12 logical processors, using up to 12 threads
Optimize a model with 25 rows, 230 columns and 1471 nonzeros
Model fingerprint: 0xe50c46a6
Variable types: 115 continuous, 115 integer (115 binary)
Coefficient statistics:
  Matrix range     [1e+00, 3e+01]
  Objective range  [1e+00, 1e+00]
  Bounds range     [1e+00, 1e+00]
  RHS range        [1e+00, 3e+02]
Found heuristic solution: objective -0.0000000
Presolve removed 15 rows and 205 columns
Presolve time: 0.00s
Presolved: 10 rows, 25 columns, 120 nonzeros
Extracted 7 lazy constraints
Variable types: 17 continuous, 8 integer (8 binary)

Root relaxation: objective 8.000000e+00, 1 iterations, 0.00 seconds (0.00 work units)

    Nodes    |    Current Node    |     Objective Bounds      |     Work
 Expl Unexpl |  Obj  Depth IntInf | Incumbent    BestBd   Gap | It/Node Time

*    0     0               0       8.0000000    8.00000  0.00%     -    0s

Cutting planes:
  Lazy constraints: 3

Explored 1 nodes (4 simplex iterations) in 0.00 seconds (0.00 work units)
Thread count was 12 (of 12 available processors)

Solution count 2: 8 -0 

Optimal solution found (tolerance 1.00e-04)
Best objective 8.000000000000e+00, best bound 8.000000000000e+00, gap 0.0000%
