
Gurobi 9.5.1 (linux64) logging started Wed Mar 16 14:58:40 2022

Set parameter LogFile to value "../results/logs/log_2022_03_16_14_57.csv_21_250.log"
Set parameter LazyConstraints to value 1
Gurobi Optimizer version 9.5.1 build v9.5.1rc2 (linux64)
Thread count: 8 physical cores, 8 logical processors, using up to 8 threads
Optimize a model with 80984 rows, 299400 columns and 311666 nonzeros
Model fingerprint: 0xd3972907
Variable types: 0 continuous, 299400 integer (299400 binary)
Coefficient statistics:
  Matrix range     [1e+00, 1e+00]
  Objective range  [1e+00, 1e+00]
  Bounds range     [1e+00, 1e+00]
  RHS range        [1e+00, 2e+02]
Found heuristic solution: objective 149700.00000

Explored 0 nodes (0 simplex iterations) in 0.04 seconds (0.02 work units)
Thread count was 1 (of 8 available processors)

Solution count 1: 149700 

Optimal solution found (tolerance 1.00e-04)
Best objective 1.497000000000e+05, best bound 1.497000000000e+05, gap 0.0000%

User-callback calls 21, time in user-callback 0.00 sec

Gurobi 9.5.1 (linux64) logging started Wed Mar 16 14:59:43 2022

Set parameter LogFile to value "../results/logs/log_2022_03_16_14_57.csv_21_250.log"
Set parameter LazyConstraints to value 1
Gurobi Optimizer version 9.5.1 build v9.5.1rc2 (linux64)
Thread count: 8 physical cores, 8 logical processors, using up to 8 threads
Optimize a model with 80984 rows, 299400 columns and 311666 nonzeros
Model fingerprint: 0xd3972907
Variable types: 0 continuous, 299400 integer (299400 binary)
Coefficient statistics:
  Matrix range     [1e+00, 1e+00]
  Objective range  [1e+00, 1e+00]
  Bounds range     [1e+00, 1e+00]
  RHS range        [1e+00, 2e+02]
Found heuristic solution: objective 149700.00000

Explored 0 nodes (0 simplex iterations) in 0.04 seconds (0.02 work units)
Thread count was 1 (of 8 available processors)

Solution count 1: 149700 

Optimal solution found (tolerance 1.00e-04)
Best objective 1.497000000000e+05, best bound 1.497000000000e+05, gap 0.0000%

User-callback calls 21, time in user-callback 0.00 sec

Gurobi 9.5.1 (linux64) logging started Wed Mar 16 15:00:47 2022

Set parameter LogFile to value "../results/logs/log_2022_03_16_14_57.csv_21_250.log"
Set parameter LazyConstraints to value 1
Gurobi Optimizer version 9.5.1 build v9.5.1rc2 (linux64)
Thread count: 8 physical cores, 8 logical processors, using up to 8 threads
Optimize a model with 80984 rows, 299400 columns and 311666 nonzeros
Model fingerprint: 0xd3972907
Variable types: 0 continuous, 299400 integer (299400 binary)
Coefficient statistics:
  Matrix range     [1e+00, 1e+00]
  Objective range  [1e+00, 1e+00]
  Bounds range     [1e+00, 1e+00]
  RHS range        [1e+00, 2e+02]
Found heuristic solution: objective 149700.00000

Explored 0 nodes (0 simplex iterations) in 0.04 seconds (0.02 work units)
Thread count was 1 (of 8 available processors)

Solution count 1: 149700 

Optimal solution found (tolerance 1.00e-04)
Best objective 1.497000000000e+05, best bound 1.497000000000e+05, gap 0.0000%

User-callback calls 21, time in user-callback 0.00 sec
