
Gurobi 9.5.0 (win64) logging started Tue Dec  7 01:36:55 2021

Set parameter LogFile to value "../results/logs/log_2021_12_07_01_36.csv_11_11.log"
Set parameter Method to value 3
Gurobi Optimizer version 9.5.0 build v9.5.0rc5 (win64)
Thread count: 6 physical cores, 12 logical processors, using up to 12 threads
Optimize a model with 6334 rows, 8078 columns and 360309 nonzeros
Model fingerprint: 0x72fd9ab2
Variable types: 4039 continuous, 4039 integer (4039 binary)
Coefficient statistics:
  Matrix range     [1e+00, 1e+01]
  Objective range  [1e+00, 1e+00]
  Bounds range     [1e+00, 1e+00]
  RHS range        [1e+00, 1e+01]
Found heuristic solution: objective 2904.0000000
Presolve removed 6089 rows and 7750 columns
Presolve time: 0.05s
Presolved: 245 rows, 328 columns, 2183 nonzeros
Found heuristic solution: objective 2916.0000000
Variable types: 171 continuous, 157 integer (156 binary)

Root relaxation: objective 2.977073e+03, 133 iterations, 0.00 seconds (0.00 work units)

    Nodes    |    Current Node    |     Objective Bounds      |     Work
 Expl Unexpl |  Obj  Depth IntInf | Incumbent    BestBd   Gap | It/Node Time

     0     0 2977.07298    0   91 2916.00000 2977.07298  2.09%     -    0s
H    0     0                    2930.0000000 2977.07298  1.61%     -    0s
H    0     0                    2931.0000000 2977.07298  1.57%     -    0s
H    0     0                    2934.0000000 2977.07298  1.47%     -    0s
     0     0 2954.14381    0   35 2934.00000 2954.14381  0.69%     -    0s
H    0     0                    2935.0000000 2954.14381  0.65%     -    0s
     0     0 2953.38710    0   39 2935.00000 2953.38710  0.63%     -    0s
     0     0 2953.30748    0   37 2935.00000 2953.30748  0.62%     -    0s
     0     0 2953.30721    0   38 2935.00000 2953.30721  0.62%     -    0s
     0     0 2950.41814    0   35 2935.00000 2950.41814  0.53%     -    0s
H    0     0                    2936.0000000 2950.41814  0.49%     -    0s
     0     0 2950.00571    0   39 2936.00000 2950.00571  0.48%     -    0s
     0     0 2949.83459    0   38 2936.00000 2949.83459  0.47%     -    0s
     0     0 2949.75569    0   36 2936.00000 2949.75569  0.47%     -    0s
     0     0 2949.75540    0   36 2936.00000 2949.75540  0.47%     -    0s
     0     0 2948.94294    0   42 2936.00000 2948.94294  0.44%     -    0s
     0     0 2948.57668    0   40 2936.00000 2948.57668  0.43%     -    0s
     0     0 2948.49415    0   39 2936.00000 2948.49415  0.43%     -    0s
     0     0 2948.47593    0   40 2936.00000 2948.47593  0.42%     -    0s
     0     0 2948.19334    0   33 2936.00000 2948.19334  0.42%     -    0s
     0     0 2948.15449    0   41 2936.00000 2948.15449  0.41%     -    0s
     0     0 2948.14444    0   40 2936.00000 2948.14444  0.41%     -    0s
     0     0 2948.06851    0   26 2936.00000 2948.06851  0.41%     -    0s
     0     0 2948.05549    0   28 2936.00000 2948.05549  0.41%     -    0s
     0     0 2948.04400    0   28 2936.00000 2948.04400  0.41%     -    0s
     0     0 2948.04400    0   28 2936.00000 2948.04400  0.41%     -    0s
H    0     0                    2937.0000000 2948.04400  0.38%     -    0s
     0     2 2948.04400    0   28 2937.00000 2948.04400  0.38%     -    0s
H   31    38                    2947.0000000 2947.72443  0.02%  28.0    0s

Cutting planes:
  Gomory: 27
  Lift-and-project: 1
  Implied bound: 7
  MIR: 134
  RLT: 22
  Relax-and-lift: 1

Explored 42 nodes (1845 simplex iterations) in 0.34 seconds (0.20 work units)
Thread count was 12 (of 12 available processors)

Solution count 9: 2947 2937 2936 ... 2904

Optimal solution found (tolerance 1.00e-04)
Best objective 2.947000000000e+03, best bound 2.947000000000e+03, gap 0.0000%
