
Gurobi 9.5.1 (linux64) logging started Mon Jun 20 05:02:15 2022

Set parameter LogFile to value "../results/logs/log_com-dblp.ungraph_20_1_2022_06_19_22_46.log"
Gurobi Optimizer version 9.5.1 build v9.5.1rc2 (linux64)
Thread count: 8 physical cores, 8 logical processors, using up to 8 threads
Optimize a model with 61387 rows, 634160 columns and 1539141 nonzeros
Model fingerprint: 0xef75dac1
Variable types: 0 continuous, 634160 integer (634160 binary)
Coefficient statistics:
  Matrix range     [1e+00, 2e+01]
  Objective range  [1e+00, 1e+00]
  Bounds range     [1e+00, 1e+00]
  RHS range        [1e+00, 1e+00]
Found heuristic solution: objective 3066.0000000
Presolve removed 26161 rows and 587007 columns (presolve time = 5s) ...
Presolve removed 26176 rows and 587344 columns (presolve time = 15s) ...
Presolve removed 34103 rows and 593585 columns
Presolve time: 17.46s
Presolved: 27284 rows, 40575 columns, 360371 nonzeros
Extracted 13256 lazy constraints
Variable types: 0 continuous, 40575 integer (40575 binary)

Deterministic concurrent LP optimizer: primal and dual simplex
Showing first log only...


Root simplex log...

Iteration    Objective       Primal Inf.    Dual Inf.      Time
       0    3.1020000e+03   0.000000e+00   2.175750e+03     18s
Concurrent spin time: 0.00s

Solved with dual simplex

Root relaxation: objective 9.892587e+03, 14933 iterations, 0.30 seconds (0.24 work units)

    Nodes    |    Current Node    |     Objective Bounds      |     Work
 Expl Unexpl |  Obj  Depth IntInf | Incumbent    BestBd   Gap | It/Node Time

     0     0 9880.36188    0 3799 3066.00000 9880.36188   222%     -   19s
H    0     0                    3067.0000000 4304.50969  40.3%     -  231s
     0     0 3801.86118    0 3665 3067.00000 3801.86118  24.0%     -  231s
     0     0 3801.86118    0 3651 3067.00000 3801.86118  24.0%     -  233s
     0     0 3801.86118    0 3649 3067.00000 3801.86118  24.0%     -  233s
     0     0 3757.18141    0 3167 3067.00000 3757.18141  22.5%     -  332s
     0     0 3455.87047    0 3253 3067.00000 3455.87047  12.7%     -  337s
     0     0 3316.31755    0 3271 3067.00000 3316.31755  8.13%     -  342s
     0     0 3272.25590    0 3083 3067.00000 3272.25590  6.69%     -  346s
     0     0 3261.24498    0 3029 3067.00000 3261.24498  6.33%     -  350s
     0     0 3256.84406    0 2840 3067.00000 3256.84406  6.19%     -  354s
     0     0 3149.10770    0 2661 3067.00000 3149.10770  2.68%     -  393s
     0     0 3117.47958    0 2559 3067.00000 3117.47958  1.65%     -  401s
     0     0 3111.69361    0 2859 3067.00000 3111.69361  1.46%     -  409s
     0     0 3097.62806    0 3283 3067.00000 3097.62806  1.00%     -  437s
     0     0 3097.44109    0 2500 3067.00000 3097.44109  0.99%     -  444s
     0     0 3097.44109    0 2500 3067.00000 3097.44109  0.99%     -  445s
     0     2 3097.44109    0 2500 3067.00000 3097.44109  0.99%     -  454s
     1     2 3097.34203    1 2504 3067.00000 3097.41451  0.99%  52.0  456s
     3     1 3096.94621    2 2510 3067.00000 3097.31649  0.99%   554  461s
     6     1 3096.65703    4 2506 3067.00000 3096.91826  0.98%   639  468s
     9     2 3096.41240    6 2503 3067.00000 3096.41240  0.96%   838  473s
    13     2 3095.90735    8 2530 3067.00000 3095.90735  0.94%   809  482s
    19     2 3095.64457   11 2518 3067.00000 3095.64457  0.93%   796  485s
    37     1 3095.11390   20 2516 3067.00000 3095.11390  0.92%   445  498s
    48     1     cutoff   26      3067.00000 3094.55679  0.90%   476  503s
    51     1     cutoff   28      3067.00000 3091.07430  0.78%   485  505s
    55     2 3090.94921   31 2596 3067.00000 3090.96706  0.78%   463  512s
    58     2 3088.08468   32 2630 3067.00000 3088.08468  0.69%   566  521s
    68     2 3087.67454   37 2363 3067.00000 3087.73843  0.68%   520  525s
    79     4 3087.03104   42 2191 3067.00000 3087.03104  0.65%   492  531s
    82     6 3086.73008   43 2036 3067.00000 3086.99291  0.65%   495  537s
   100     6 3085.97950   46 2116 3067.00000 3086.43522  0.63%   520  541s
   126     4 3085.59947   50 2011 3067.00000 3085.74124  0.61%   514  545s
   153     2 3085.21236   56 1968 3067.00000 3085.25341  0.60%   475  557s
   161     2     cutoff   60      3067.00000 3085.11974  0.59%   509  562s
   169     2     cutoff   64      3067.00000 3084.23785  0.56%   565  572s
   171     2     cutoff   65      3067.00000 3084.17781  0.56%   601  581s
   173     2     cutoff   66      3067.00000 3084.14041  0.56%   648  590s
   175     3     cutoff   67      3067.00000 3084.05524  0.56%   672  597s
   178     2 3083.96572   69 1948 3067.00000 3084.01378  0.55%   665  607s
   181     2 3083.51454   70 1985 3067.00000 3083.96400  0.55%   709  612s
   183     3 3083.50728   71 1976 3067.00000 3083.51233  0.54%   717  617s
   186     3     cutoff   72      3067.00000 3083.48037  0.54%   774  629s
   190     2 3083.26509   75 1909 3067.00000 3083.38588  0.53%   793  635s
   193     2 3083.05381   76 1979 3067.00000 3083.26175  0.53%   821  641s
   195     3 3083.02716   77 1976 3067.00000 3083.05144  0.52%   837  647s
   198     3     cutoff   78      3067.00000 3083.01366  0.52%   873  656s
   205     2 3082.30784   82 1950 3067.00000 3082.30784  0.50%   893  660s
   225     2     cutoff   92      3067.00000 3082.02181  0.49%   874  673s
   227     3     cutoff   93      3067.00000 3081.97099  0.49%   876  675s
   230     2 3081.90020   95 1979 3067.00000 3081.96036  0.49%   870  686s
   233     2 3081.84290   96 1977 3067.00000 3081.89491  0.49%   924  692s
   235     4 3081.82727   97 1985 3067.00000 3081.82727  0.48%   936  698s
   239     4     cutoff   98      3067.00000 3081.81547  0.48%   987  712s
   245     2     cutoff  102      3067.00000 3081.66071  0.48%  1034  721s
   249     2     cutoff  104      3067.00000 3081.57431  0.48%  1061  727s
   251     3     cutoff  105      3067.00000 3081.51132  0.47%  1100  741s
   254     4 3081.46361  107 1957 3067.00000 3081.49934  0.47%  1090  754s
   259     2     cutoff  108      3067.00000 3081.45955  0.47%  1167  769s
   263     2     cutoff  111      3067.00000 3081.36600  0.47%  1201  770s
   272     1 3080.98692  115 1966 3067.00000 3081.04422  0.46%  1175  779s
   276     2 3080.90959  116 1992 3067.00000 3080.90959  0.45%  1192  780s
   290     2     cutoff  123      3067.00000 3080.66573  0.45%  1148  791s
   293     3     cutoff  125      3067.00000 3080.64706  0.44%  1181  799s
   296     4 3080.50093  127 1940 3067.00000 3080.61511  0.44%  1173  806s
   307     4 3079.63297  133 1712 3067.00000 3080.37503  0.44%  1163  812s
   311     5 3078.92555  134 1517 3067.00000 3080.05400  0.43%  1165  818s
   316     8 3078.88238  135 1480 3067.00000 3079.98592  0.42%  1164  826s
   325     6 infeasible  136      3067.00000 3079.96913  0.42%  1171  834s
   335     4     cutoff  140      3067.00000 3079.76424  0.42%  1180  841s
   341     3     cutoff  141      3067.00000 3079.65028  0.41%  1186  849s
   346     8 infeasible  143      3067.00000 3079.64395  0.41%  1189  852s
   353     9     cutoff  144      3067.00000 3079.63203  0.41%  1201  864s
   366     5 3079.48470  148 1793 3067.00000 3079.53779  0.41%  1199  876s
   376     4     cutoff  149      3067.00000 3079.45381  0.41%  1237  885s
   381     4     cutoff  151      3067.00000 3079.31411  0.40%  1241  891s
   385     7     cutoff  152      3067.00000 3079.16970  0.40%  1249  899s
   394    10     cutoff  154      3067.00000 3079.11863  0.40%  1240  904s
   407    10     cutoff  158      3067.00000 3079.03095  0.39%  1217  915s
   423     4 3078.64215  163 1888 3067.00000 3078.73094  0.38%  1209  921s
   437     3     cutoff  164      3067.00000 3078.73094  0.38%  1204  933s
   442     5 3078.38091  167 1907 3067.00000 3078.57099  0.38%  1220  940s
   448     2     cutoff  168      3067.00000 3078.36990  0.37%  1231  953s
   453     3     cutoff  172      3067.00000 3078.05839  0.36%  1242  956s
   456     5 3077.76115  174 1852 3067.00000 3077.80974  0.35%  1240  964s
   464     5     cutoff  175      3067.00000 3077.75161  0.35%  1266  976s
   472     2     cutoff  181      3067.00000 3077.61943  0.35%  1275  989s
   479     2 3077.34975  185 1844 3067.00000 3077.41802  0.34%  1279  992s
   481     5 3077.30901  186 1873 3067.00000 3077.34746  0.34%  1277  995s
   486     2     cutoff  187      3067.00000 3077.26264  0.33%  1271 1006s
   493     2 3077.14490  192 1844 3067.00000 3077.21717  0.33%  1280 1011s
   497     7     cutoff  193      3067.00000 3077.12637  0.33%  1281 1015s
   504     4     cutoff  196      3067.00000 3077.10901  0.33%  1270 1031s
   513     4     cutoff  202      3067.00000 3076.87356  0.32%  1336 1035s
   519     3     cutoff  205      3067.00000 3076.75103  0.32%  1341 1045s
   526     5     cutoff  208      3067.00000 3076.69075  0.32%  1354 1052s
   532     2 infeasible  211      3067.00000 3076.64000  0.31%  1356 1061s
   539     3 3076.51549  215 1815 3067.00000 3076.52786  0.31%  1367 1069s
   544     4     cutoff  216      3067.00000 3076.41672  0.31%  1378 1074s
   549     7 3076.13356  221 1844 3067.00000 3076.33093  0.30%  1377 1081s
   558     8     cutoff  222      3067.00000 3076.12874  0.30%  1383 1091s
   571     4     cutoff  230      3067.00000 3075.95644  0.29%  1373 1101s
   579     2 3075.74954  236 1857 3067.00000 3075.95644  0.29%  1385 1109s
   583     3 3075.74510  237 1846 3067.00000 3075.95644  0.29%  1389 1113s
   590     2 3075.67013  241 1841 3067.00000 3075.95644  0.29%  1379 1122s
   599     3 3075.50313  245 1829 3067.00000 3075.95644  0.29%  1380 1126s
   606     2 3075.45317  249 1787 3067.00000 3075.95644  0.29%  1369 1136s
   609     2 3075.44575  250 1787 3067.00000 3075.95644  0.29%  1392 1142s
   611     2 3075.43214  251 1789 3067.00000 3075.95644  0.29%  1398 1151s
   615     3 3075.30472  253 1819 3067.00000 3075.95644  0.29%  1415 1158s
   622     2 3075.24580  257 1799 3067.00000 3075.95644  0.29%  1403 1168s
   631     2 3075.17643  261 1797 3067.00000 3075.95644  0.29%  1403 1172s
   635     2 3075.13420  263 1798 3067.00000 3075.95644  0.29%  1398 1180s
   639     2 3075.10891  265 1776 3067.00000 3075.95644  0.29%  1405 1189s
   641     2 3075.10554  266 1778 3067.00000 3075.95644  0.29%  1417 1192s
   649     2 3075.05715  270 1755 3067.00000 3075.95644  0.29%  1406 1201s
   651     2 3075.05222  271 1742 3067.00000 3075.95644  0.29%  1417 1212s
   659     3 3074.93544  275 1747 3067.00000 3075.95644  0.29%  1420 1220s
   665     2 3074.89285  278 1751 3067.00000 3075.95644  0.29%  1417 1233s
   673     2 3074.86303  282 1729 3067.00000 3075.95644  0.29%  1417 1237s
   683     2 3074.70586  287 1694 3067.00000 3075.95644  0.29%  1403 1244s
   685     3 3074.70008  288 1691 3067.00000 3075.95644  0.29%  1409 1248s
   688     3 3074.69047  290 1673 3067.00000 3075.95644  0.29%  1407 1252s
   702     3 3074.49146  297 1661 3067.00000 3075.95644  0.29%  1386 1257s
   716     2 3074.42980  304 1624 3067.00000 3075.95644  0.29%  1364 1265s
   723     2 3074.31956  307 1605 3067.00000 3075.95644  0.29%  1364 1271s
   729     2 3074.28815  310 1551 3067.00000 3075.95644  0.29%  1364 1278s
   737     3 3074.25425  314 1574 3067.00000 3075.95644  0.29%  1360 1282s
   742     3 3074.08610  317 1585 3067.00000 3075.95644  0.29%  1356 1287s
   754     3 3073.88911  323 1601 3067.00000 3075.95644  0.29%  1342 1292s
   770     3 3073.82856  331 1554 3067.00000 3075.95644  0.29%  1319 1296s
   786     3 3073.66737  339 1525 3067.00000 3075.95644  0.29%  1299 1300s
   806     2 3073.60655  349 1465 3067.00000 3075.95644  0.29%  1271 1306s
   811     2 3073.52247  351 1425 3067.00000 3075.95644  0.29%  1273 1310s
   815     2 3073.49632  353 1415 3067.00000 3075.95644  0.29%  1276 1317s
   819     2 3073.48903  355 1394 3067.00000 3075.95644  0.29%  1280 1321s
   825     3 3073.27822  358 1402 3067.00000 3075.95644  0.29%  1276 1325s
   840     2 3073.13409  366 1303 3067.00000 3075.95644  0.29%  1260 1330s
   849     2 3073.04515  370 1312 3067.00000 3075.95644  0.29%  1253 1335s
   861     4 3072.99837  376 1278 3067.00000 3075.95644  0.29%  1239 1340s
   873     2 3072.85472  381 1244 3067.00000 3075.95644  0.29%  1233 1345s
   901     2 3072.69808  391 1211 3067.00000 3075.95644  0.29%  1205 1352s
   911     3 3072.59457  396 1231 3067.00000 3075.95644  0.29%  1201 1355s
   942     3 3072.35361  412 1144 3067.00000 3075.95644  0.29%  1172 1364s
   964     3 3072.06075  423 1092 3067.00000 3075.95644  0.29%  1153 1368s
   990     2 3071.84891  436  999 3067.00000 3075.95644  0.29%  1130 1372s
  1015     3 3071.64806  448  907 3067.00000 3075.95644  0.29%  1109 1377s
  1040     2 3071.43248  461  878 3067.00000 3075.95644  0.29%  1088 1382s
  1057     3 3071.26405  469  782 3067.00000 3075.95644  0.29%  1079 1386s
  1073     3 3070.98698  478  705 3067.00000 3075.95644  0.29%  1072 1391s
  1130     3 3069.97386  507  284 3067.00000 3075.95644  0.29%  1032 1396s

Cutting planes:
  Cover: 494
  Clique: 43
  MIR: 1130
  StrongCG: 30
  GUB cover: 655
  RLT: 2664
  Lazy constraints: 5721

Explored 1179 nodes (1256405 simplex iterations) in 1397.43 seconds (3394.99 work units)
Thread count was 8 (of 8 available processors)

Solution count 2: 3067 3066 

Optimal solution found (tolerance 0.00e+00)
Best objective 3.067000000000e+03, best bound 3.067000000000e+03, gap 0.0000%

Gurobi 9.5.1 (linux64) logging started Mon Jun 20 17:45:27 2022

Set parameter LogFile to value "../results/logs/log_com-dblp.ungraph_20_1_2022_06_19_22_46.log"
Gurobi Optimizer version 9.5.1 build v9.5.1rc2 (linux64)
Thread count: 8 physical cores, 8 logical processors, using up to 8 threads
Optimize a model with 2841 rows, 634160 columns and 323976 nonzeros
Model fingerprint: 0x5b2a86e5
Variable types: 0 continuous, 634160 integer (634160 binary)
Coefficient statistics:
  Matrix range     [1e+00, 2e+01]
  Objective range  [1e+00, 1e+00]
  Bounds range     [1e+00, 1e+00]
  RHS range        [1e+00, 1e+00]
Found heuristic solution: objective 3066.0000000
Presolve removed 2841 rows and 634160 columns
Presolve time: 0.15s
Presolve: All rows and columns removed

Explored 0 nodes (0 simplex iterations) in 0.24 seconds (0.26 work units)
Thread count was 1 (of 8 available processors)

Solution count 2: 3067 3066 

Optimal solution found (tolerance 0.00e+00)
Best objective 3.067000000000e+03, best bound 3.067000000000e+03, gap 0.0000%
