
Gurobi 10.0.0 (linux64) logging started Fri Jan 26 15:49:51 2024

Set parameter LogFile to value "../results/logs/log_flickrEdges_4_250_2024_01_26_13_45.log"
Set parameter LazyConstraints to value 1
Gurobi Optimizer version 10.0.0 build v10.0.0rc2 (linux64)

CPU model: Intel(R) Core(TM) i7-9800X CPU @ 3.80GHz, instruction set [SSE2|AVX|AVX2|AVX512]
Thread count: 8 physical cores, 8 logical processors, using up to 8 threads

Optimize a model with 211877 rows, 211876 columns and 9691544 nonzeros
Model fingerprint: 0x5f9c7a5f
Variable types: 0 continuous, 211876 integer (211876 binary)
Coefficient statistics:
  Matrix range     [1e+00, 4e+00]
  Objective range  [1e+00, 1e+00]
  Bounds range     [1e+00, 1e+00]
  RHS range        [1e+00, 2e+02]
Found heuristic solution: objective -0.0000000
Presolve removed 634 rows and 550 columns (presolve time = 5s) ...
Presolve removed 634 rows and 550 columns (presolve time = 10s) ...
Presolve removed 1100 rows and 550 columns (presolve time = 15s) ...
Presolve removed 1100 rows and 550 columns (presolve time = 20s) ...
Presolve removed 1100 rows and 550 columns (presolve time = 25s) ...
Presolve removed 1100 rows and 550 columns (presolve time = 30s) ...
Presolve removed 1100 rows and 550 columns (presolve time = 35s) ...
Presolve removed 1100 rows and 550 columns (presolve time = 40s) ...
Presolve removed 1100 rows and 550 columns (presolve time = 45s) ...
Presolve removed 1100 rows and 550 columns (presolve time = 50s) ...
Presolve removed 1100 rows and 550 columns (presolve time = 55s) ...
Presolve removed 1100 rows and 550 columns (presolve time = 60s) ...
Presolve removed 1100 rows and 550 columns (presolve time = 65s) ...
Presolve removed 1100 rows and 550 columns (presolve time = 70s) ...
Presolve removed 1100 rows and 550 columns (presolve time = 75s) ...
Presolve removed 1100 rows and 550 columns (presolve time = 80s) ...
Presolve removed 1100 rows and 550 columns (presolve time = 85s) ...
Presolve removed 1100 rows and 550 columns (presolve time = 90s) ...
Presolve removed 1100 rows and 550 columns
Presolve time: 90.91s
Presolved: 210777 rows, 211326 columns, 9687497 nonzeros
Variable types: 0 continuous, 211326 integer (211326 binary)
Root relaxation presolved: 210777 rows, 211326 columns, 9687497 nonzeros

Deterministic concurrent LP optimizer: primal simplex, dual simplex, and barrier
Showing barrier log only...

Root barrier log...


Barrier performed 0 iterations in 95.39 seconds (45.75 work units)
Barrier solve interrupted - model solved by another algorithm

Concurrent spin time: 0.07s

Solved with dual simplex

Root relaxation: objective 1.053880e+05, 3 iterations, 3.49 seconds (2.43 work units)

    Nodes    |    Current Node    |     Objective Bounds      |     Work
 Expl Unexpl |  Obj  Depth IntInf | Incumbent    BestBd   Gap | It/Node Time

*    0     0               0    105388.00000 105388.000  0.00%     -   95s

Explored 1 nodes (3 simplex iterations) in 95.52 seconds (45.56 work units)
Thread count was 8 (of 8 available processors)

Solution count 2: 105388 -0 

Optimal solution found (tolerance 0.00e+00)
Best objective 1.053880000000e+05, best bound 1.053880000000e+05, gap 0.0000%

User-callback calls 2526, time in user-callback 0.01 sec
