
Gurobi 9.5.1 (linux64) logging started Tue Jun 21 21:19:08 2022

Set parameter LogFile to value "../results/logs/log_com-youtube.ungraph_20_5_2022_06_21_12_08.log"
Gurobi Optimizer version 9.5.1 build v9.5.1rc2 (linux64)
Thread count: 8 physical cores, 8 logical processors, using up to 8 threads
Optimize a model with 44667 rows, 2269780 columns and 2762253 nonzeros
Model fingerprint: 0x649ded03
Variable types: 0 continuous, 2269780 integer (2269780 binary)
Coefficient statistics:
  Matrix range     [1e+00, 2e+01]
  Objective range  [1e+00, 1e+00]
  Bounds range     [1e+00, 1e+00]
  RHS range        [1e+00, 5e+00]
Found heuristic solution: objective 18890.000000
Presolve removed 10844 rows and 2162906 columns (presolve time = 5s) ...
Presolve removed 10910 rows and 2163071 columns
Presolve time: 8.71s
Presolved: 33757 rows, 106709 columns, 521845 nonzeros
Variable types: 0 continuous, 106709 integer (88635 binary)
Found heuristic solution: objective 18896.000000

Deterministic concurrent LP optimizer: primal and dual simplex
Showing first log only...


Root simplex log...

Iteration    Objective       Primal Inf.    Dual Inf.      Time
       0    1.8895000e+04   0.000000e+00   1.534088e+04     10s
   12189    1.9579025e+04   0.000000e+00   1.439627e+04     10s
Warning: Markowitz tolerance tightened to 0.0625
   14282    2.0808842e+04   0.000000e+00   2.884063e+06     15s
   15022    2.1396809e+04   0.000000e+00   1.606688e+08     21s
   15502    2.1808401e+04   0.000000e+00   1.537639e+08     25s
   16082    2.2195826e+04   0.000000e+00   2.140367e+06     31s
   16382    2.2375373e+04   0.000000e+00   3.435089e+07     35s
Warning: Markowitz tolerance tightened to 0.125
   16852    2.2643505e+04   0.000000e+00   1.313880e+06     42s
   17132    2.2791776e+04   0.000000e+00   2.288245e+07     47s
   17473    2.3015571e+04   0.000000e+00   1.734746e+06     52s
   17803    2.3222327e+04   0.000000e+00   1.803594e+04     57s
   18118    2.3400987e+04   0.000000e+00   1.542905e+06     63s
   18339    2.3513914e+04   0.000000e+00   1.067831e+05     66s
   18739    2.3715110e+04   0.000000e+00   5.500903e+04     74s
   18959    2.3823593e+04   0.000000e+00   2.917217e+03     78s
   19189    2.3916882e+04   0.000000e+00   1.343259e+04     83s
   19400    2.4005402e+04   0.000000e+00   6.100482e+02     88s
   19651    2.4095034e+04   0.000000e+00   4.923077e+02     93s
   19901    2.4202434e+04   0.000000e+00   2.038782e+02    100s
   20145    2.4299270e+04   9.146783e-04   0.000000e+00    106s
   20147    2.4299265e+04   0.000000e+00   0.000000e+00    107s
   20212    2.4299265e+04   0.000000e+00   0.000000e+00    108s
Extra simplex iterations after uncrush: 65
Concurrent spin time: 1.11s

Solved with primal simplex

Root relaxation: objective 2.429926e+04, 20212 iterations, 99.76 seconds (207.30 work units)

    Nodes    |    Current Node    |     Objective Bounds      |     Work
 Expl Unexpl |  Obj  Depth IntInf | Incumbent    BestBd   Gap | It/Node Time

     0     0 24298.2677    0 15318 18896.0000 24298.2677  28.6%     -  155s
H    0     0                    18897.000000 24298.2677  28.6%     -  155s
H    0     0                    18899.000000 24298.2677  28.6%     -  155s
H    0     0                    18946.000000 24298.2677  28.3%     -  236s
     0     0 23205.7480    0 14909 18946.0000 23205.7480  22.5%     -  281s
     0     0 22215.3628    0 14785 18946.0000 22215.3628  17.3%     -  351s
     0     0 21293.2029    0 14559 18946.0000 21293.2029  12.4%     -  394s
     0     0 20567.7867    0 14350 18946.0000 20567.7867  8.56%     -  433s
     0     0 20131.8551    0 13891 18946.0000 20131.8551  6.26%     -  475s
     0     0 19907.3669    0 13158 18946.0000 19907.3669  5.07%     -  505s
     0     0 19835.0840    0 12030 18946.0000 19835.0840  4.69%     -  526s
     0     0 19808.0283    0 10277 18946.0000 19808.0283  4.55%     -  544s
     0     0 19793.4642    0 7413 18946.0000 19793.4642  4.47%     -  559s
     0     0 19789.9659    0 6275 18946.0000 19789.9659  4.45%     -  564s
     0     0 19788.2577    0 5528 18946.0000 19788.2577  4.45%     -  568s
     0     0 19787.7633    0 4828 18946.0000 19787.7633  4.44%     -  570s
     0     0 19787.5167    0 3675 18946.0000 19787.5167  4.44%     -  572s
     0     0 19787.3658    0 3601 18946.0000 19787.3658  4.44%     -  573s
     0     0 19414.0267    0 7877 18946.0000 19414.0267  2.47%     -  597s
     0     0 19301.9343    0 8023 18946.0000 19301.9343  1.88%     -  607s
H    0     0                    18952.000000 19284.4401  1.75%     -  617s
     0     0 19284.4401    0 7073 18952.0000 19284.4401  1.75%     -  617s
     0     0 19278.0947    0 5604 18952.0000 19278.0947  1.72%     -  624s
     0     0 19274.8904    0 5599 18952.0000 19274.8904  1.70%     -  630s
     0     0 19208.3415    0 5517 18952.0000 19208.3415  1.35%     -  685s
H    0     0                    18957.000000 19208.3415  1.33%     -  725s
     0     0 19180.8949    0 5771 18957.0000 19180.8949  1.18%     -  734s
     0     0 19169.7943    0 5113 18957.0000 19169.7943  1.12%     -  742s
     0     0 19163.6309    0 4162 18957.0000 19163.6309  1.09%     -  750s
     0     0 19160.9141    0 4285 18957.0000 19160.9141  1.08%     -  755s
     0     0 19144.7401    0 4140 18957.0000 19144.7401  0.99%     -  790s
     0     0 19134.0706    0 4432 18957.0000 19134.0706  0.93%     -  801s
     0     0 19128.5694    0 5148 18957.0000 19128.5694  0.91%     -  810s
     0     0 19126.3533    0 4511 18957.0000 19126.3533  0.89%     -  821s
     0     0 19122.0883    0 4952 18957.0000 19122.0883  0.87%     -  832s
     0     0 19122.0859    0 4915 18957.0000 19122.0859  0.87%     -  844s
     0     0 19122.0859    0 4915 18957.0000 19122.0859  0.87%     -  845s
     0     2 19106.6560    0 4915 18957.0000 19106.6560  0.79%     - 1082s
     1     3 19106.6560    1 4923 18957.0000 19106.6560  0.79%  49.0 1085s
     3     3 19106.6560    2 5232 18957.0000 19106.6560  0.79%   539 1100s
     9     9 19106.6560    4 5251 18957.0000 19106.6560  0.79%   567 1106s
    15    10 19106.6560    5 5477 18957.0000 19106.6560  0.79%   819 1179s
    23    15 19106.6560    6 5330 18957.0000 19106.6560  0.79%  2139 1222s
    31    23 19103.7156    6 4551 18957.0000 19106.6560  0.79%  2079 1234s
    39    31 19106.6560    7 5328 18957.0000 19106.6560  0.79%  1706 1237s
    60    54 19106.6560   10 5609 18957.0000 19106.6560  0.79%  1153 1242s
    72    63 19106.6560   11 5552 18957.0000 19106.6560  0.79%   981 1246s
    83    74 19106.6560   12 5522 18957.0000 19106.6560  0.79%   872 1250s
    95    83 19106.6560   13 5607 18957.0000 19106.6560  0.79%   781 1258s
   108    97 19106.6560   14 5606 18957.0000 19106.6560  0.79%   714 1262s
   123   105 19106.6560   16 5606 18957.0000 19106.6560  0.79%   642 1269s
   132   115 19106.6560   17 5618 18957.0000 19106.6560  0.79%   622 1277s
   144   131 19106.6560   18 5555 18957.0000 19106.6560  0.79%   594 1283s
   160   141 19106.6560   19 5732 18957.0000 19106.6560  0.79%   551 1289s
   171   160 19106.6560   20 5419 18957.0000 19106.6560  0.79%   532 1294s
   191   177 19106.6560   20 5724 18957.0000 19106.6560  0.79%   489 1299s
   209   195 19106.6560   21 5349 18957.0000 19106.6560  0.79%   460 1305s
   228   209 19106.6560   22 5426 18957.0000 19106.6560  0.79%   435 1312s
   243   221 19106.6560   23 5425 18957.0000 19106.6560  0.79%   420 1451s
   257   233 19106.6560   25 5519 18957.0000 19106.6560  0.79%   412 1474s
   271   258 19106.6560   27 5458 18957.0000 19106.6560  0.79%   416 1484s
   299   287 19106.6560   29 5256 18957.0000 19106.6560  0.79%   390 1491s
   333   307 19106.6560   32 5481 18957.0000 19106.6560  0.79%   361 1499s
   356   323 19106.6355   34 5545 18957.0000 19106.6560  0.79%   350 1506s
   378   349 19106.2437   37 5470 18957.0000 19106.6560  0.79%   339 1517s
   408   373 19105.7181   41 5458 18957.0000 19106.6560  0.79%   328 1540s
   435   397 19105.7181   42 5457 18957.0000 19106.6560  0.79%   324 1559s
   463   424 19105.5176   44 5573 18957.0000 19106.6560  0.79%   320 1575s
   494   455 19104.7961   48 5238 18957.0000 19106.6560  0.79%   313 1589s
   530   492 19103.8262   51 5434 18957.0000 19106.6560  0.79%   304 1603s
   572   525 19103.6025   53 5612 18957.0000 19106.6560  0.79%   293 1616s
   610   561 19102.1515   58 5068 18957.0000 19106.6560  0.79%   286 1631s
   651   591 19099.9379   61 5156 18957.0000 19106.6560  0.79%   280 1645s
   681   620     cutoff   64      18957.0000 19106.6560  0.79%   279 1661s
   716   672 19095.7019   65 4636 18957.0000 19106.6560  0.79%   276 1680s
   775   710 19091.8889   73 4678 18957.0000 19106.6560  0.79%   266 1703s
   816   736 19088.8685   78 4602 18957.0000 19106.6560  0.79%   265 1731s
   849   750 infeasible   79      18957.0000 19106.6560  0.79%   273 1757s
   872   764 19085.8432   79 4672 18957.0000 19106.6560  0.79%   279 1778s
   896   775 19074.7978   83 3862 18957.0000 19106.6560  0.79%   284 1804s
   911   796 19071.5655   83 3888 18957.0000 19106.6560  0.79%   293 1821s
   939   814 19073.8753   84 4166 18957.0000 19106.6560  0.79%   293 1956s
   958   843 19069.9576   86 3912 18957.0000 19106.6560  0.79%   294 2036s
   989   860 19063.8073   92 4030 18957.0000 19106.6560  0.79%   311 2129s
  1027   899 19056.2127   97 3679 18957.0000 19106.6560  0.79%   329 2157s
  1078   928 19045.4809  102 3315 18957.0000 19106.6560  0.79%   327 2183s
  1119   933 19038.6951  106 3352 18957.0000 19106.6560  0.79%   328 2261s
  1127   970 19037.9635  107 3597 18957.0000 19106.6560  0.79%   336 2302s
  1176   998 19032.3662  111 3104 18957.0000 19106.6560  0.79%   339 2336s
  1211  1032 19032.4130  114 3817 18957.0000 19106.6560  0.79%   345 2368s
  1256  1060 19028.6616  122 3715 18957.0000 19106.6560  0.79%   346 2420s
  1295  1105 19027.0793  126 3812 18957.0000 19106.6560  0.79%   358 2478s
  1345  1136 19020.5861  130 3667 18957.0000 19106.6560  0.79%   363 2584s
  1392  1167 19009.8983  133 3573 18957.0000 19106.6560  0.79%   377 2634s
  1439  1198 19004.5510  141 2684 18957.0000 19106.6560  0.79%   380 2680s
  1503  1199 19087.2060   53 4915 18957.0000 19106.6560  0.79%   379 3437s
  1505  1200 19027.3665   96 5768 18957.0000 19106.6560  0.79%   378 3456s
  1506  1201 19106.2329   39 5340 18957.0000 19106.6560  0.79%   378 3467s
  1508  1202 18995.7748  128 4640 18957.0000 19106.6560  0.79%   377 3471s
  1512  1205 19045.7123  121 2075 18957.0000 19106.6560  0.79%   376 3475s
  1519  1210 19077.0100    8 1934 18957.0000 19106.6560  0.79%   375 3482s
  1522  1212 19073.0832   23 2138 18957.0000 19106.6560  0.79%   374 3485s
  1528  1216 19040.2282  139 1960 18957.0000 19106.6560  0.79%   373 3490s
  1531  1218 19061.8887   79 1720 18957.0000 19098.3281  0.75%   372 3514s
  1532  1218 19064.4307   83 1891 18957.0000 19094.4520  0.73%   372 3515s
  1539  1223 19063.0022   67 1784 18957.0000 19088.7175  0.69%   370 3522s
  1540  1224 19056.7316  102 2360 18957.0000 19083.0955  0.67%   370 3526s
  1543  1226 19033.1931  106 2434 18957.0000 19074.2994  0.62%   369 3530s
  1548  1229 18984.8194  153 2334 18957.0000 19069.6733  0.59%   368 3535s
  1552  1232 19065.5378   50 2247 18957.0000 19069.0625  0.59%   367 3541s
  1553  1232 19066.1000    9 2219 18957.0000 19066.1000  0.58%   367 3545s
  1556  1234 19062.3874   28 2458 18957.0000 19062.3874  0.56%   366 3550s
  1562  1238 18980.3132  175 2499 18957.0000 19060.5481  0.55%   364 3558s
  1563  1239 19057.9762  103 2473 18957.0000 19057.9762  0.53%   364 3564s
  1564  1240 19056.4382    8 2505 18957.0000 19056.4382  0.52%   364 3567s
  1567  1242 19054.9441   64 2331 18957.0000 19054.9441  0.52%   363 3570s
  1572  1245 19054.2962   78 2735 18957.0000 19054.2962  0.51%   362 3577s
  1573  1246 19024.2719   88 2728 18957.0000 19052.4607  0.50%   362 3582s
  1575  1247 19011.3475  102 2407 18957.0000 19050.6296  0.49%   361 3585s
  1577  1248 19049.5478  158 2533 18957.0000 19049.5478  0.49%   361 3594s
  1578  1249 19024.8598   65 2527 18957.0000 19049.0806  0.49%   361 3597s

Cutting planes:
  Gomory: 4
  Lift-and-project: 139
  Cover: 33
  Implied bound: 129
  MIR: 704
  StrongCG: 94
  Flow cover: 2061
  GUB cover: 503
  Zero half: 136
  RLT: 1351
  Relax-and-lift: 72

Explored 1580 nodes (673713 simplex iterations) in 3600.15 seconds (6499.57 work units)
Thread count was 8 (of 8 available processors)

Solution count 7: 18957 18952 18946 ... 18890

Time limit reached
Best objective 1.895700000000e+04, best bound 1.904800000000e+04, gap 0.4800%

Gurobi 9.5.1 (linux64) logging started Wed Jun 22 08:27:28 2022

Set parameter LogFile to value "../results/logs/log_com-youtube.ungraph_20_5_2022_06_21_12_08.log"
Gurobi Optimizer version 9.5.1 build v9.5.1rc2 (linux64)
Thread count: 8 physical cores, 8 logical processors, using up to 8 threads
Optimize a model with 16301 rows, 2269780 columns and 1795620 nonzeros
Model fingerprint: 0x1b7e48a1
Variable types: 0 continuous, 2269780 integer (2269780 binary)
Coefficient statistics:
  Matrix range     [1e+00, 2e+01]
  Objective range  [1e+00, 1e+00]
  Bounds range     [1e+00, 1e+00]
  RHS range        [1e+00, 5e+00]
Found heuristic solution: objective 18890.000000
Presolve removed 2239 rows and 2227834 columns
Presolve time: 2.28s
Presolved: 14062 rows, 41946 columns, 178033 nonzeros
Found heuristic solution: objective 18898.000000
Variable types: 0 continuous, 41946 integer (33855 binary)

Deterministic concurrent LP optimizer: primal and dual simplex
Showing first log only...

Warning: Markowitz tolerance tightened to 0.03125
Concurrent spin time: 0.04s

Solved with dual simplex

Root relaxation: objective 2.169607e+04, 4191 iterations, 1.86 seconds (3.15 work units)

    Nodes    |    Current Node    |     Objective Bounds      |     Work
 Expl Unexpl |  Obj  Depth IntInf | Incumbent    BestBd   Gap | It/Node Time

     0     0 21696.0681    0 5895 18898.0000 21696.0681  14.8%     -    7s
H    0     0                    18900.000000 21696.0681  14.8%     -    7s
H    0     0                    18939.000000 21696.0681  14.6%     -   11s
     0     0 20732.2885    0 5462 18939.0000 20732.2885  9.47%     -   14s
H    0     0                    18944.000000 20732.2885  9.44%     -   15s
     0     0 19964.0472    0 5130 18944.0000 19964.0472  5.38%     -   17s
     0     0 19526.4459    0 4325 18944.0000 19526.4459  3.07%     -   19s
     0     0 19484.8464    0 2869 18944.0000 19484.8464  2.85%     -   21s
     0     0 19479.4940    0 1774 18944.0000 19479.4940  2.83%     -   22s
     0     0 19477.9935    0 1975 18944.0000 19477.9935  2.82%     -   22s
     0     0 19477.5805    0 1320 18944.0000 19477.5805  2.82%     -   23s
     0     0 19477.1934    0 1421 18944.0000 19477.1934  2.81%     -   23s
     0     0 19477.0934    0 1287 18944.0000 19477.0934  2.81%     -   23s
     0     0 19439.1977    0 1616 18944.0000 19439.1977  2.61%     -   26s
     0     0 19265.3822    0 1629 18944.0000 19265.3822  1.70%     -   27s
     0     0 19218.3602    0 1473 18944.0000 19218.3602  1.45%     -   28s
     0     0 19210.5863    0 1581 18944.0000 19210.5863  1.41%     -   28s
     0     0 19208.5534    0 1280 18944.0000 19208.5534  1.40%     -   29s
     0     0 19207.6685    0 1240 18944.0000 19207.6685  1.39%     -   29s
H    0     0                    18958.000000 19158.7773  1.06%     -   34s
     0     0 19158.7773    0 1696 18958.0000 19158.7773  1.06%     -   34s
     0     0 19139.6716    0 1805 18958.0000 19139.6716  0.96%     -   49s
     0     0 19134.0305    0 1192 18958.0000 19134.0305  0.93%     -   50s
     0     0 19131.5344    0 1167 18958.0000 19131.5344  0.92%     -   51s
     0     0 19130.1666    0 1378 18958.0000 19130.1666  0.91%     -   51s
     0     0 19115.1306    0 1515 18958.0000 19115.1306  0.83%     -   56s
     0     0 19107.2158    0 1350 18958.0000 19107.2158  0.79%     -   57s
     0     0 19103.5077    0 1499 18958.0000 19103.5077  0.77%     -   59s
     0     0 19101.9628    0 1463 18958.0000 19101.9628  0.76%     -   59s
     0     0 19096.8684    0 1796 18958.0000 19096.8684  0.73%     -   61s
     0     0 19096.8684    0 1796 18958.0000 19096.8684  0.73%     -   62s
     0     2 19086.5699    0 1796 18958.0000 19086.5699  0.68%     -   70s
     7    12 19086.5699    3 1730 18958.0000 19086.5699  0.68%   575   75s
    30    32 19085.7596    5 1614 18958.0000 19086.5699  0.68%   811   82s
    70    72 19086.5699    9 2044 18958.0000 19086.5699  0.68%   465   85s
   174   158 19086.5699   22 1828 18958.0000 19086.5699  0.68%   255   91s
   194   175 19086.3381   23 1678 18958.0000 19086.5699  0.68%   265   95s
   248   236 19085.2178   25 1710 18958.0000 19086.5699  0.68%   245  101s
   322   303 19080.8782   33 1690 18958.0000 19086.5699  0.68%   222  105s
   384   358 19078.3666   36 1731 18958.0000 19086.5699  0.68%   211  110s
   424   412 19075.9934   39 1697 18958.0000 19086.5699  0.68%   211  115s
   514   474 19064.2402   50 1543 18958.0000 19086.5699  0.68%   199  121s
   562   513 19056.6951   53 1319 18958.0000 19086.5699  0.68%   201  129s
   589   551 19053.5500   56 1245 18958.0000 19086.5699  0.68%   199  132s
   644   575 19047.9366   63 1265 18958.0000 19086.5699  0.68%   194  135s
   769   687 19033.6895   78 1182 18958.0000 19086.5699  0.68%   188  141s
   858   738 19019.2798   91 1101 18958.0000 19086.5699  0.68%   184  158s
   910   767 19001.7210   93  440 18958.0000 19086.5699  0.68%   183  162s
   953   788 19076.4144    8 1766 18958.0000 19086.5699  0.68%   184  165s
   991   801 19072.6497   15 1945 18958.0000 19086.5699  0.68%   187  170s
  1071   864 19054.8480   23 1422 18958.0000 19086.5699  0.68%   187  176s
  1136   943 19050.2662   28 1488 18958.0000 19086.5699  0.68%   191  182s
  1187   991 19046.7036   36 1540 18958.0000 19086.5699  0.68%   190  187s
  1252  1025 19029.6047   45  770 18958.0000 19086.5699  0.68%   189  190s
  1303  1056 19024.1735   53  835 18958.0000 19086.5699  0.68%   189  195s
  1361  1119 19012.5478   66  570 18958.0000 19086.5699  0.68%   191  203s
  1438  1140     cutoff   77      18958.0000 19086.5699  0.68%   193  208s
  1499  1141 19061.3485   11 1796 18958.0000 19086.5699  0.68%   194  226s
  1501  1142 19014.3819   25 5704 18958.0000 19086.5699  0.68%   194  244s
  1502  1143 19055.7565   53 5277 18958.0000 19086.5699  0.68%   193  254s
  1503  1144 18979.3939   98 5096 18958.0000 19086.5699  0.68%   193  255s
  1506  1146 19073.5382    4 4283 18958.0000 19086.5699  0.68%   193  260s
  1511  1149 19009.7828   72 2692 18958.0000 19086.5699  0.68%   192  265s
  1517  1153 19071.1693   43 2395 18958.0000 19086.5699  0.68%   191  270s
  1522  1156 19077.6271   32 2738 18958.0000 19086.4698  0.68%   191  278s
  1524  1158 19045.3844   38 2537 18958.0000 19081.7097  0.65%   191  280s
  1532  1163 19009.0675   61 2365 18958.0000 19079.5521  0.64%   190  286s
  1533  1164 18999.8193   87 2774 18958.0000 19074.7807  0.62%   189  309s
  1534  1164 19046.8457   36 2274 18958.0000 19072.8774  0.61%   189  310s
  1540  1168 19069.2655   15 2219 18958.0000 19069.2655  0.59%   189  315s
  1545  1172 19042.9990   70 2942 18958.0000 19065.8531  0.57%   188  325s
  1549  1174 19016.7538   34 2616 18958.0000 19060.6731  0.54%   188  330s
  1555  1178 19009.3209  104 2833 18958.0000 19059.5164  0.54%   187  335s
  1558  1180 19007.9591   80 2842 18958.0000 19057.1064  0.52%   186  345s
  1562  1183 18996.3154   59 2624 18958.0000 19054.0754  0.51%   186  350s
  1569  1188 19053.3770   39 2551 18958.0000 19053.3770  0.50%   185  357s
  1570  1188 19024.1124   44 2672 18958.0000 19051.6981  0.49%   185  372s
  1572  1190 19049.7514   33 2345 18958.0000 19049.7514  0.48%   185  375s
  1575  1192 19049.1379    6 2416 18958.0000 19049.1379  0.48%   184  380s
  1577  1193 19034.4327   78 2390 18958.0000 19049.0498  0.48%   184  389s
  1578  1194 19047.4420   12 2502 18958.0000 19047.4420  0.47%   184  394s
  1579  1194 19046.2511   15 2631 18958.0000 19046.2511  0.47%   184  396s
  1581  1196 19024.9214   52 2778 18958.0000 19045.1938  0.46%   184  400s
  1585  1198 19044.4996   19 2731 18958.0000 19044.4996  0.46%   183  408s
  1586  1199 19018.1210   91 2730 18958.0000 19043.0563  0.45%   183  415s
  1590  1202 19038.2836   62 2671 18958.0000 19041.3497  0.44%   183  420s
  1594  1204 19041.0101    6 2443 18958.0000 19041.0101  0.44%   182  426s
  1595  1205 19000.2130   97 3065 18958.0000 19039.8596  0.43%   182  432s
  1597  1206 19039.0066   40 2935 18958.0000 19039.0066  0.43%   182  435s
  1601  1209 19014.3819   25 2858 18958.0000 19038.5781  0.43%   181  442s
  1602  1210 19037.3302   53 2877 18958.0000 19037.3302  0.42%   181  448s
  1604  1211 19033.9861   49 2730 18958.0000 19036.1658  0.41%   181  451s
  1609  1214 19035.5461   40 2655 18958.0000 19035.5461  0.41%   181  457s
  1610  1215 19034.6656   44 2926 18958.0000 19034.6656  0.40%   180  468s
  1611  1216 19009.7828   72 2591 18958.0000 19034.1432  0.40%   180  470s
  1616  1219 19033.2685   43 2926 18958.0000 19033.2685  0.40%   180  475s
  1618  1220 19032.5770   50 2702 18958.0000 19032.5770  0.39%   180  486s
  1620  1222 19032.0876   49 2769 18958.0000 19032.0876  0.39%   179  491s
  1621  1222 19024.9938   88 3012 18958.0000 19031.9597  0.39%   179  496s
  1624  1224 19031.8158   38 2881 18958.0000 19031.8158  0.39%   179  501s
  1625  1225 19031.5890   30 2919 18958.0000 19031.5890  0.39%   179  508s
  1627  1226 19031.4145   19 2890 18958.0000 19031.4145  0.39%   179  510s
  1629  1228 18975.8693   16 2742 18958.0000 19031.2088  0.39%   178  516s
  1631  1229 19031.1038   73 2756 18958.0000 19031.1038  0.39%   178  520s
  1632  1230 19009.0675   61 2876 18958.0000 19031.0148  0.39%   178  525s
  1635  1232 19030.8661   63 2951 18958.0000 19030.8661  0.38%   178  533s
  1636  1232 19019.6763   60 2865 18958.0000 19030.4869  0.38%   178  544s
  1637  1233 19005.5247   66 3145 18958.0000 19030.2166  0.38%   177  545s
  1641  1236 19029.8485   52 2948 18958.0000 19029.8485  0.38%   177  554s
  1642  1236 19029.6567    6 3099 18958.0000 19029.6567  0.38%   177  557s
  1645  1238 19029.4282   70 2830 18958.0000 19029.4282  0.38%   177  561s
  1646  1239 19029.2665   13 2898 18958.0000 19029.2665  0.38%   176  565s
  1649  1241 19016.7538   34 2876 18958.0000 19029.1037  0.38%   176  591s
  1651  1242 19029.0270   27 2846 18958.0000 19029.0270  0.37%   176  595s
  1656  1247 19029.0270   30 5573 18958.0000 19029.0270  0.37%   228  613s
  1657  1248 19029.0270   30 5276 18958.0000 19029.0270  0.37%   228  623s
  1658  1249 19007.9591   80 5060 18958.0000 19029.0270  0.37%   228  625s
  1662  1251 18996.3154   59 4409 18958.0000 19029.0270  0.37%   228  630s
  1665  1253 19029.0270   33 3419 18958.0000 19029.0270  0.37%   227  635s
  1668  1255 19029.0270   31 2728 18958.0000 19029.0270  0.37%   227  641s
  1672  1258 19029.0270   33 2505 18958.0000 19029.0270  0.37%   226  645s
  1677  1261 19029.0270   78 2582 18958.0000 19029.0270  0.37%   226  654s
  1678  1262 19029.0270   12 2704 18958.0000 19029.0270  0.37%   225  656s
  1680  1263 19029.0270   12 3108 18958.0000 19029.0270  0.37%   225  660s
  1685  1267 19029.0270   19 2488 18958.0000 19029.0270  0.37%   225  666s
  1686  1267 19018.1210   91 2499 18958.0000 19029.0270  0.37%   224  687s
  1689  1269 19029.0270   26 2550 18958.0000 19029.0270  0.37%   224  690s
  1691  1271 19029.0270   23 2786 18958.0000 19029.0270  0.37%   224  699s
  1692  1271 19029.0270   67 2668 18958.0000 19029.0270  0.37%   224  700s
  1695  1273 19000.2130   97 2642 18958.0000 19029.0270  0.37%   223  709s
  1696  1274 19029.0270   62 2711 18958.0000 19029.0270  0.37%   223  710s
  1700  1277 19029.0270   27 2632 18958.0000 19029.0270  0.37%   223  718s
  1703  1279 18979.3939   98 2648 18958.0000 19029.0270  0.37%   222  722s
  1704  1279 19029.0270   49 3020 18958.0000 19029.0270  0.37%   222  725s
  1707  1281 19029.0270   60 2828 18958.0000 19029.0270  0.37%   222  730s
  1708  1282 19010.0163   54 2906 18958.0000 19028.9771  0.37%   222  735s
  1710  1283 19028.8391   44 2840 18958.0000 19028.8391  0.37%   221  740s
  1712  1285 19028.7242   45 2869 18958.0000 19028.7242  0.37%   221  747s
  1713  1285 19011.6280   76 2855 18958.0000 19028.6636  0.37%   221  750s
  1714  1286 19028.6274   23 2497 18958.0000 19028.6274  0.37%   221  757s
  1715  1287 19028.5765   68 2947 18958.0000 19028.5765  0.37%   221  761s
  1716  1287 19028.5426   43 2901 18958.0000 19028.5426  0.37%   220  765s
  1718  1289 19028.4716   50 2926 18958.0000 19028.4716  0.37%   220  772s
  1719  1289 19028.4329   55 2848 18958.0000 19028.4329  0.37%   220  778s
  1720  1290 19028.4329   49 2848 18958.0000 19028.4329  0.37%   220  781s
  1721  1291 19022.2368   88 2848 18958.0000 19022.2368  0.34%   220  817s
  1722  1292 19022.2368   25 2802 18958.0000 19022.2368  0.34%   244  823s
  1724  1292 19022.2368   26 2773 18958.0000 19022.2368  0.34%   246  829s
  1726  1293 19022.2368   27 2716 18958.0000 19022.2368  0.34%   249  832s
  1728  1293 19022.2368   28 2735 18958.0000 19022.2368  0.34%   249  839s
  1732  1297 19022.2368   29 2695 18958.0000 19022.2368  0.34%   253  847s
  1737  1297 19022.2368   30 2698 18958.0000 19022.2368  0.34%   255  856s
  1745  1301 19022.2368   31 2682 18958.0000 19022.2368  0.34%   264  862s
  1753  1304 19022.2368   32 2687 18958.0000 19022.2368  0.34%   266  867s
  1761  1306 19015.3345   32 1849 18958.0000 19022.2368  0.34%   269  872s
  1772  1309 19022.2368   33 2717 18958.0000 19022.2368  0.34%   270  878s
  1801  1313 19004.6417   35 1347 18958.0000 19022.2368  0.34%   273  883s
  1813  1316 19022.2368   36 2631 18958.0000 19022.2368  0.34%   275  890s
  1827  1314 19022.2368   37 2636 18958.0000 19022.2368  0.34%   279  895s
  1860  1313 19022.2368   39 2558 18958.0000 19022.2368  0.34%   281  902s
  1872  1318 19013.9852   39 2385 18958.0000 19022.2368  0.34%   282  907s
  1886  1324 19022.2368   40 2561 18958.0000 19022.2368  0.34%   284  912s
  1904  1332 19022.2368   41 2838 18958.0000 19022.2368  0.34%   287  916s
  1922  1336 19007.4279   41 1992 18958.0000 19022.2368  0.34%   288  920s
  1945  1339 19022.2368   42 2884 18958.0000 19022.2368  0.34%   288  928s
  1964  1340 19016.9969   43 2666 18958.0000 19022.2368  0.34%   292  932s
  1983  1345 19021.5425   43 2915 18958.0000 19021.9537  0.34%   293  938s
  2005  1344 19021.4261   44 2989 18958.0000 19021.9537  0.34%   294  944s
  2027  1349 19021.4260   45 2988 18958.0000 19021.9537  0.34%   296  953s
  2058  1349 19016.7738   47 2809 18958.0000 19021.9537  0.34%   300  960s
  2073  1355 19020.2953   47 3093 18958.0000 19021.9537  0.34%   302  967s
  2098  1364 19010.4067   48 2557 18958.0000 19021.9537  0.34%   305  975s
  2126  1363 19019.9471   49 3189 18958.0000 19021.9537  0.34%   307 1042s
  2152  1372 19019.3352   50 3172 18958.0000 19021.9537  0.34%   320 1052s
  2178  1377 19018.4988   52 3164 18958.0000 19021.9537  0.34%   326 1062s
  2206  1382 19018.1970   53 3151 18958.0000 19021.9537  0.34%   328 1072s
  2236  1379 19017.9793   54 3247 18958.0000 19021.9537  0.34%   333 1109s
H 2239  1312                    18959.000000 19021.9537  0.33%   332 1109s
  2245  1308     cutoff   54      18959.0000 19021.9537  0.33%   333 1120s
  2290  1297 19016.3147   56 2938 18959.0000 19021.9537  0.33%   337 1154s
  2298  1313 infeasible   56      18959.0000 19021.9537  0.33%   344 1161s
  2343  1322 19016.3146   57 2929 18959.0000 19021.9537  0.33%   345 1173s
  2387  1338 19015.6013   59 3074 18959.0000 19021.9537  0.33%   347 1185s
  2434  1356 19015.2807   60 3049 18959.0000 19021.9537  0.33%   349 1195s
  2483  1341 infeasible   61      18959.0000 19021.9537  0.33%   351 1214s
  2531  1336 19015.0886   62 3063 18959.0000 19021.9537  0.33%   357 1226s
  2580  1357 19014.4173   64 3035 18959.0000 19021.9537  0.33%   360 1237s
  2655  1339 19013.8696   66 2989 18959.0000 19021.9537  0.33%   361 1252s
  2722  1320 19012.6522   67 3162 18959.0000 19021.9537  0.33%   363 1278s
  2748  1334 19012.6522   68 3162 18959.0000 19021.9537  0.33%   376 1292s
  2815  1325 19011.2446   71 3178 18959.0000 19021.9537  0.33%   378 1306s
  2874  1326 19010.4717   74 3137 18959.0000 19021.9537  0.33%   382 1316s
  2927  1334 19009.2999   77 3183 18959.0000 19021.9537  0.33%   384 1332s
  2979  1326 19008.3822   79 3189 18959.0000 19021.9537  0.33%   391 1351s
  3037  1352 19006.2552   81 3164 18959.0000 19021.9537  0.33%   395 1368s
  3119  1348 19006.6018   85 3246 18959.0000 19021.9537  0.33%   397 1389s
  3170  1372 19006.0544   88 3170 18959.0000 19021.9537  0.33%   403 1412s
  3238  1387 19005.3818   95 3203 18959.0000 19021.9537  0.33%   410 1430s
  3346  1362     cutoff  108      18959.0000 19021.9537  0.33%   411 1463s
  3432  1364 19004.1124  110 3182 18959.0000 19021.9537  0.33%   420 1483s
  3516  1364 19003.8899  119 3228 18959.0000 19021.9537  0.33%   423 1503s
  3583  1354 19003.5289  122 3161 18959.0000 19021.9537  0.33%   426 1532s
  3668  1356 19002.9223  136 3031 18959.0000 19021.9537  0.33%   430 1561s
  3772  1362 19000.5563  144 3085 18959.0000 19021.9537  0.33%   432 1587s
  3854  1375 19000.4017  148 3054 18959.0000 19021.9537  0.33%   438 1608s
  3939  1361 infeasible  154      18959.0000 19021.9537  0.33%   443 1636s
  3973  1417     cutoff  161      18959.0000 19021.9537  0.33%   442 1665s
  4094  1397 18996.5110  165 2856 18959.0000 19021.9537  0.33%   444 1700s
  4181  1427 18986.6324  168 2225 18959.0000 19021.9537  0.33%   454 1725s
  4291  1467 18993.8237  172 2742 18959.0000 19021.9537  0.33%   456 1751s
  4460  1440 18981.7831  183 2550 18959.0000 19021.9537  0.33%   455 1781s
  4554  1484 18991.9159  187 2727 18959.0000 19021.9537  0.33%   461 1810s
  4709  1466 18988.4427  199 2626 18959.0000 19021.9537  0.33%   462 1844s
  4844  1497 18987.9836  207 2570 18959.0000 19021.9537  0.33%   466 1881s
  4966  1535 18982.4256  216 2367 18959.0000 19021.9537  0.33%   472 1914s
  5123  1572 18977.2545  228 2281 18959.0000 19021.9537  0.33%   475 1951s
  5286  1560 18976.4219  237 2015 18959.0000 19021.9537  0.33%   478 1987s
  5415  1591 18975.3419  244 1923 18959.0000 19021.9537  0.33%   485 2025s
  5558  1658 18971.4408  254 1394 18959.0000 19004.9245  0.24%   489 2070s
  5723  1681 18971.1438   45  648 18959.0000 19004.5421  0.24%   496 2191s
  5803  1820 18978.8407   82 2170 18959.0000 19004.3776  0.24%   501 2242s
  6022  1876 18971.8806   89 1163 18959.0000 19004.3053  0.24%   506 2309s
  6214  1924     cutoff  100      18959.0000 19003.9052  0.24%   513 2379s
  6397  1962 18973.4495  108 1055 18959.0000 19003.4181  0.23%   519 2458s
  6600  2013 18987.1775   59 1360 18959.0000 19002.5326  0.23%   526 2528s
  6792  2153 18992.8481   50 2161 18959.0000 19002.2159  0.23%   530 2626s
  7145  2237     cutoff   86      18959.0000 19002.0569  0.23%   529 2718s
  7369  2335     cutoff   36      18959.0000 19001.6772  0.23%   538 2798s
  7689  2402 18987.5658  118 1887 18959.0000 19001.6772  0.23%   540 2873s
  7888  2450 18977.3697  141 1226 18959.0000 19001.1774  0.22%   547 2961s
  8117  2542 18994.5433  114 2308 18959.0000 19001.1774  0.22%   554 3061s
  8446  2633     cutoff  140      18959.0000 19001.1774  0.22%   557 3156s
  8736  2739 18971.6308  103 1004 18959.0000 18999.6610  0.21%   558 3242s
  9060  2801 18994.6836  137 2925 18959.0000 18999.4995  0.21%   564 3349s
  9377  2861 18964.3550  193  483 18959.0000 18999.4995  0.21%   570 3454s
  9654  2988 18971.3002  240 1300 18959.0000 18998.4829  0.21%   577 3535s
 10051  3050 18992.8330  130 2369 18959.0000 18997.7005  0.20%   577 3600s

Cutting planes:
  Gomory: 3
  Lift-and-project: 192
  Cover: 44
  Implied bound: 94
  MIR: 1268
  StrongCG: 121
  Flow cover: 1880
  GUB cover: 651
  Zero half: 135
  RLT: 1736
  Relax-and-lift: 93

Explored 10311 nodes (6004262 simplex iterations) in 3600.08 seconds (5349.09 work units)
Thread count was 8 (of 8 available processors)

Solution count 7: 18959 18958 18944 ... 18890

Time limit reached
Best objective 1.895900000000e+04, best bound 1.899700000000e+04, gap 0.2004%
