
Gurobi 9.5.1 (linux64) logging started Wed Mar  9 17:57:18 2022

Set parameter LogFile to value "../results/logs/log_2022_03_09_17_57.csv_2_75.log"
Set parameter Method to value 3
Gurobi Optimizer version 9.5.1 build v9.5.1rc2 (linux64)
Thread count: 8 physical cores, 8 logical processors, using up to 8 threads
Optimize a model with 7793 rows, 9882 columns and 42118 nonzeros
Model fingerprint: 0xd81e31f2
Variable types: 4941 continuous, 4941 integer (4941 binary)
Coefficient statistics:
  Matrix range     [1e+00, 2e+00]
  Objective range  [1e+00, 1e+00]
  Bounds range     [1e+00, 1e+00]
  RHS range        [1e+00, 8e+01]
Found heuristic solution: objective 3353.0000000
Presolve removed 7455 rows and 9420 columns
Presolve time: 0.01s
Presolved: 338 rows, 462 columns, 1285 nonzeros
Variable types: 153 continuous, 309 integer (255 binary)
Found heuristic solution: objective 3428.0000000

Root relaxation: objective 3.554500e+03, 258 iterations, 0.00 seconds (0.00 work units)

    Nodes    |    Current Node    |     Objective Bounds      |     Work
 Expl Unexpl |  Obj  Depth IntInf | Incumbent    BestBd   Gap | It/Node Time

     0     0 3554.50000    0   20 3428.00000 3554.50000  3.69%     -    0s
H    0     0                    3541.0000000 3554.50000  0.38%     -    0s
     0     0 3546.00000    0   13 3541.00000 3546.00000  0.14%     -    0s
     0     0 3546.00000    0   12 3541.00000 3546.00000  0.14%     -    0s
     0     0 3546.00000    0   10 3541.00000 3546.00000  0.14%     -    0s
     0     0 3546.00000    0   12 3541.00000 3546.00000  0.14%     -    0s
     0     0 3546.00000    0   14 3541.00000 3546.00000  0.14%     -    0s
     0     0 3546.00000    0   14 3541.00000 3546.00000  0.14%     -    0s
H    0     0                    3542.0000000 3546.00000  0.11%     -    0s
     0     2 3546.00000    0   14 3542.00000 3546.00000  0.11%     -    0s

Cutting planes:
  Gomory: 15
  Implied bound: 44
  MIR: 54
  RLT: 10

Explored 68 nodes (1304 simplex iterations) in 0.12 seconds (0.06 work units)
Thread count was 8 (of 8 available processors)

Solution count 4: 3542 3541 3428 3353 

Optimal solution found (tolerance 1.00e-04)
Best objective 3.542000000000e+03, best bound 3.542000000000e+03, gap 0.0000%
