
Gurobi 9.5.0 (win64) logging started Tue Dec  7 12:29:47 2021

Set parameter LogFile to value "../results/logs/log_2021_12_07_12_26.csv_3_35.log"
Set parameter Method to value 3
Gurobi Optimizer version 9.5.0 build v9.5.0rc5 (win64)
Thread count: 6 physical cores, 12 logical processors, using up to 12 threads
Optimize a model with 5947 rows, 9882 columns and 44842 nonzeros
Model fingerprint: 0x0029da44
Variable types: 4941 continuous, 4941 integer (4941 binary)
Coefficient statistics:
  Matrix range     [1e+00, 3e+00]
  Objective range  [1e+00, 1e+00]
  Bounds range     [1e+00, 1e+00]
  RHS range        [1e+00, 4e+01]
Found heuristic solution: objective 231.0000000
Presolve removed 2783 rows and 5534 columns
Presolve time: 0.06s
Presolved: 3164 rows, 4348 columns, 16843 nonzeros
Variable types: 2523 continuous, 1825 integer (1795 binary)
Found heuristic solution: objective 258.0000000

Concurrent LP optimizer: primal simplex, dual simplex, and barrier
Showing barrier log only...

Root barrier log...

Ordering time: 0.00s

Barrier statistics:
 AA' NZ     : 1.451e+04
 Factor NZ  : 4.269e+04 (roughly 3 MB of memory)
 Factor Ops : 6.627e+05 (less than 1 second per iteration)
 Threads    : 1

                  Objective                Residual
Iter       Primal          Dual         Primal    Dual     Compl     Time
   0   9.00136736e+03  6.33287216e+03  6.55e+03 1.00e+00  1.35e+01     0s
   1   2.09719505e+03  9.30655793e+03  9.67e+02 4.00e-15  2.39e+00     0s
   2   1.20663535e+03  4.44603804e+03  1.42e+02 3.11e-15  4.72e-01     0s
   3   1.16548129e+03  1.72426299e+03  3.04e+01 3.55e-15  8.58e-02     0s
   4   1.13929362e+03  1.29319876e+03  5.91e+00 4.27e-15  2.06e-02     0s
   5   1.13943410e+03  1.19507480e+03  1.44e+00 5.81e-15  6.49e-03     0s
   6   1.14218806e+03  1.15783936e+03  2.86e-01 3.11e-15  1.67e-03     0s
   7   1.14380166e+03  1.14500999e+03  1.97e-02 5.54e-15  1.25e-04     0s
   8   1.14415666e+03  1.14423543e+03  1.29e-03 5.07e-15  8.18e-06     0s
   9   1.14419828e+03  1.14420044e+03  3.50e-06 7.74e-15  1.88e-07     0s
  10   1.14419963e+03  1.14419963e+03  3.74e-10 5.40e-15  1.32e-11     0s

Barrier solved model in 10 iterations and 0.13 seconds (0.07 work units)
Optimal objective 1.14419963e+03


Solved with primal simplex

Root relaxation: objective 1.144200e+03, 2753 iterations, 0.06 seconds (0.04 work units)

    Nodes    |    Current Node    |     Objective Bounds      |     Work
 Expl Unexpl |  Obj  Depth IntInf | Incumbent    BestBd   Gap | It/Node Time

     0     0 1144.19963    0 1246  258.00000 1144.19963   343%     -    0s
H    0     0                     269.0000010  666.39353   148%     -    0s
     0     0  666.39353    0  697  269.00000  666.39353   148%     -    0s
     0     0  632.65437    0  578  269.00000  632.65437   135%     -    0s
H    0     0                     278.0000000  631.13649   127%     -    0s
     0     0  631.13649    0  587  278.00000  631.13649   127%     -    0s
     0     0  630.95023    0  587  278.00000  630.95023   127%     -    0s
H    0     0                     280.0000000  558.73892   100%     -    0s
     0     0  558.73892    0  478  280.00000  558.73892   100%     -    0s
     0     0  547.90429    0  429  280.00000  547.90429  95.7%     -    0s
     0     0  546.15860    0  434  280.00000  546.15860  95.1%     -    0s
H    0     0                     284.0000000  545.74015  92.2%     -    0s
     0     0  545.74015    0  447  284.00000  545.74015  92.2%     -    0s
H    0     0                     286.0000000  545.74015  90.8%     -    0s
H    0     0                     287.9999970  516.44678  79.3%     -    1s
     0     0  516.44678    0  393  288.00000  516.44678  79.3%     -    1s
H    0     0                     288.9999990  509.23211  76.2%     -    1s
     0     0  509.23211    0  451  289.00000  509.23211  76.2%     -    1s
     0     0  506.86545    0  436  289.00000  506.86545  75.4%     -    1s
     0     0  506.33164    0  391  289.00000  506.33164  75.2%     -    1s
H    0     0                     291.0000000  506.33164  74.0%     -    1s
     0     0  496.23599    0  444  291.00000  496.23599  70.5%     -    1s
     0     0  493.69621    0  410  291.00000  493.69621  69.7%     -    1s
     0     0  492.72194    0  423  291.00000  492.72194  69.3%     -    1s
     0     0  492.52004    0  417  291.00000  492.52004  69.3%     -    1s
     0     0  489.35542    0  364  291.00000  489.35542  68.2%     -    1s
     0     0  488.77222    0  374  291.00000  488.77222  68.0%     -    1s
     0     0  485.70411    0  448  291.00000  485.70411  66.9%     -    2s
     0     0  485.70411    0  445  291.00000  485.70411  66.9%     -    2s
     0     2  485.70411    0  445  291.00000  485.70411  66.9%     -    2s
H   35    38                     292.0000000  483.85723  65.7%   126    3s
H   36    38                     293.0000000  483.85723  65.1%   125    3s
H   99   107                     314.0000000  483.85723  54.1%  85.1    3s
H  133   140                     321.0000000  483.85723  50.7%  77.8    3s
H  137   140                     333.0000000  483.85723  45.3%  77.6    3s
   580   635  461.22068   73  144  333.00000  483.85723  45.3%  48.4    5s
H  931   953                     334.0000000  483.85723  44.9%  45.3    5s
H 1111  1128                     343.0000000  483.85723  41.1%  43.8    6s
H 1717  1562                     346.0000000  483.37411  39.7%  45.1    9s
  1728  1570  419.80628  160  366  346.00000  483.37411  39.7%  44.8   10s
  1768  1596  458.17394    8  258  346.00000  458.17394  32.4%  43.8   15s
H 1791  1530                     435.0000000  455.85913  4.80%  43.2   17s
  1816  1548  443.31831  137  212  435.00000  455.66447  4.75%  51.1   20s
H 1868  1515                     436.0000000  453.92255  4.11%  53.9   24s
  1922  1559  451.04034   35  130  436.00000  453.91130  4.11%  53.4   25s
H 1962  1501                     437.0000000  453.90948  3.87%  53.3   25s
H 1964  1429                     443.0000000  453.90948  2.46%  53.3   25s
H 2090  1408                     453.0000000  453.90915  0.20%  53.1   26s

Cutting planes:
  Gomory: 107
  Lift-and-project: 171
  Implied bound: 16
  MIR: 787
  Flow cover: 765
  RLT: 98
  Relax-and-lift: 31

Explored 2107 nodes (121787 simplex iterations) in 26.11 seconds (16.44 work units)
Thread count was 12 (of 12 available processors)

Solution count 10: 453 443 437 ... 321

Optimal solution found (tolerance 1.00e-04)
Best objective 4.530000000000e+02, best bound 4.530000000000e+02, gap 0.0000%
