
Gurobi 10.0.0 (linux64) logging started Fri Jan 26 16:53:16 2024

Set parameter LogFile to value "../results/logs/log_Gowalla_edges_3_250_2024_01_26_13_45.log"
Set parameter LazyConstraints to value 1
Gurobi Optimizer version 10.0.0 build v10.0.0rc2 (linux64)

CPU model: Intel(R) Core(TM) i7-9800X CPU @ 3.80GHz, instruction set [SSE2|AVX|AVX2|AVX512]
Thread count: 8 physical cores, 8 logical processors, using up to 8 threads

Optimize a model with 393183 rows, 393182 columns and 4587672 nonzeros
Model fingerprint: 0xa76f1379
Variable types: 0 continuous, 393182 integer (393182 binary)
Coefficient statistics:
  Matrix range     [1e+00, 3e+00]
  Objective range  [1e+00, 1e+00]
  Bounds range     [1e+00, 1e+00]
  RHS range        [1e+00, 2e+02]
Found heuristic solution: objective -0.0000000
Presolve removed 98904 rows and 79911 columns (presolve time = 5s) ...
Presolve removed 159822 rows and 79911 columns (presolve time = 10s) ...
Presolve removed 159822 rows and 79911 columns
Presolve time: 10.34s
Presolved: 233361 rows, 313271 columns, 4028597 nonzeros
Variable types: 0 continuous, 313271 integer (313271 binary)
Root relaxation presolved: 233361 rows, 313271 columns, 4028597 nonzeros

Deterministic concurrent LP optimizer: primal simplex, dual simplex, and barrier
Showing barrier log only...

Root barrier log...

Elapsed ordering time = 5s
Elapsed ordering time = 10s
Elapsed ordering time = 27s
Elapsed ordering time = 30s
Elapsed ordering time = 36s
Elapsed ordering time = 38s
Elapsed ordering time = 40s
Ordering time: 39.61s

Barrier performed 0 iterations in 55.51 seconds (40.72 work units)
Barrier solve interrupted - model solved by another algorithm

Concurrent spin time: 27.88s (can be avoided by choosing Method=3)

Solved with dual simplex

Root relaxation: objective 1.130173e+05, 22988 iterations, 44.50 seconds (26.48 work units)

    Nodes    |    Current Node    |     Objective Bounds      |     Work
 Expl Unexpl |  Obj  Depth IntInf | Incumbent    BestBd   Gap | It/Node Time

     0     0 113017.293    0 9619   -0.00000 113017.293      -     -   59s
H    0     0                    105151.00000 113017.293  7.48%     -   59s
H    0     0                    106965.00000 113017.293  5.66%     -   61s
H    0     0                    106973.00000 113017.293  5.65%     -   61s
     0     0 107608.486    0  915 106973.000 107608.486  0.59%     -   85s
H    0     0                    107265.00000 107608.486  0.32%     -   86s
H    0     0                    107273.00000 107608.486  0.31%     -   86s
H    0     0                    107293.00000 107608.486  0.29%     -   87s
     0     0 107604.613    0  907 107293.000 107604.613  0.29%     -   98s
     0     0 107390.554    0  350 107293.000 107390.554  0.09%     -  114s
     0     0 107386.343    0  327 107293.000 107386.343  0.09%     -  126s
     0     0 107307.040    0   72 107293.000 107307.040  0.01%     -  141s
     0     0 107300.333    0   20 107293.000 107300.333  0.01%     -  153s
     0     0 107299.000    0    9 107293.000 107299.000  0.01%     -  165s
H    0     0                    107297.00000 107299.000  0.00%     -  166s
H    0     0                    107299.00000 107299.000  0.00%     -  166s

Cutting planes:
  Gomory: 344
  Cover: 8030
  Clique: 3
  MIR: 2893
  StrongCG: 45
  GUB cover: 9915
  Zero half: 519
  RLT: 194
  Lazy constraints: 7

Explored 1 nodes (39830 simplex iterations) in 166.81 seconds (96.66 work units)
Thread count was 8 (of 8 available processors)

Solution count 9: 107299 107297 107293 ... -0

Optimal solution found (tolerance 0.00e+00)
Best objective 1.072990000000e+05, best bound 1.072990000000e+05, gap 0.0000%

User-callback calls 17924, time in user-callback 69.27 sec
