
Gurobi 9.5.1 (linux64) logging started Thu Jun 30 22:35:14 2022

Set parameter LogFile to value "../results/logs/log_socfb-Syracuse56_46_250_2022_06_30_22_30.log"
Gurobi Optimizer version 9.5.1 build v9.5.1rc2 (linux64)
Thread count: 8 physical cores, 8 logical processors, using up to 8 threads
Optimize a model with 31771 rows, 27306 columns and 260213 nonzeros
Model fingerprint: 0xbcc2096b
Variable types: 0 continuous, 27306 integer (27306 binary)
Coefficient statistics:
  Matrix range     [1e+00, 5e+01]
  Objective range  [1e+00, 1e+00]
  Bounds range     [1e+00, 1e+00]
  RHS range        [1e+00, 2e+02]
Found heuristic solution: objective 6985.0000000
Presolve removed 26993 rows and 20654 columns
Presolve time: 0.14s
Presolved: 4778 rows, 6652 columns, 63216 nonzeros
Variable types: 0 continuous, 6652 integer (6466 binary)
Found heuristic solution: objective 7084.0000000

Root relaxation: objective 8.106675e+03, 3887 iterations, 0.35 seconds (0.53 work units)

    Nodes    |    Current Node    |     Objective Bounds      |     Work
 Expl Unexpl |  Obj  Depth IntInf | Incumbent    BestBd   Gap | It/Node Time

     0     0 8106.67496    0 1044 7084.00000 8106.67496  14.4%     -    0s
H    0     0                    7129.0000000 8106.67496  13.7%     -    0s
H    0     0                    7172.0000000 8106.67496  13.0%     -    0s
H    0     0                    7303.0000000 8106.67496  11.0%     -    3s
H    0     0                    7359.0000000 8106.67496  10.2%     -    3s
H    0     0                    7366.0000000 8106.67496  10.1%     -    3s
H    0     0                    7370.0000000 8106.67496  10.0%     -    3s
H    0     0                    7372.0000000 8106.67496  10.0%     -    3s
H    0     0                    7375.0000000 8106.67496  9.92%     -    3s
H    0     0                    7377.0000000 8106.67496  9.89%     -    3s
H    0     0                    7378.0000000 8106.67496  9.88%     -    3s
H    0     0                    7379.0000000 8106.67496  9.86%     -    3s
H    0     0                    7383.0000000 7987.71103  8.19%     -    4s
H    0     0                    7385.0000000 7987.71103  8.16%     -    4s
H    0     0                    7390.0000000 7987.71103  8.09%     -    4s
     0     0 7911.46347    0 1314 7390.00000 7911.46347  7.06%     -    4s
H    0     0                    7391.0000000 7911.46347  7.04%     -    4s
H    0     0                    7440.0000000 7911.46347  6.34%     -    4s
     0     0 7910.70531    0 1387 7440.00000 7910.70531  6.33%     -    5s
     0     0 7902.25619    0 1430 7440.00000 7902.25619  6.21%     -    7s
     0     0 7882.85671    0 1454 7440.00000 7882.85671  5.95%     -    7s
     0     0 7882.85671    0 1491 7440.00000 7882.85671  5.95%     -    8s
     0     0 7882.85671    0 1495 7440.00000 7882.85671  5.95%     -    8s
     0     0 7882.85671    0 1496 7440.00000 7882.85671  5.95%     -    8s
     0     0 7869.31409    0 1575 7440.00000 7869.31409  5.77%     -   11s
     0     0 7850.44191    0 1660 7440.00000 7850.44191  5.52%     -   14s
H    0     0                    7447.0000000 7843.61079  5.33%     -   18s
H    0     0                    7449.0000000 7843.61079  5.30%     -   18s
H    0     0                    7452.0000000 7843.61079  5.26%     -   18s
H    0     0                    7455.0000000 7843.61079  5.21%     -   18s
H    0     0                    7456.0000000 7843.61079  5.20%     -   18s
     0     0 7843.61079    0 1724 7456.00000 7843.61079  5.20%     -   18s
H    0     0                    7458.0000000 7841.68991  5.14%     -   20s
H    0     0                    7466.0000000 7841.68991  5.03%     -   20s
H    0     0                    7470.0000000 7841.68991  4.98%     -   20s
     0     0 7841.68991    0 1764 7470.00000 7841.68991  4.98%     -   20s
H    0     0                    7475.0000000 7840.96405  4.90%     -   22s
H    0     0                    7477.0000000 7840.96405  4.87%     -   22s
H    0     0                    7480.0000000 7840.96405  4.83%     -   22s
     0     0 7840.96405    0 1783 7480.00000 7840.96405  4.83%     -   22s
H    0     0                    7482.0000000 7840.73023  4.79%     -   23s
H    0     0                    7489.0000000 7840.73023  4.70%     -   23s
H    0     0                    7491.0000000 7840.73023  4.67%     -   23s
     0     0 7840.73023    0 1787 7491.00000 7840.73023  4.67%     -   23s
     0     0 7840.63524    0 1804 7491.00000 7840.63524  4.67%     -   23s
H    0     0                    7493.0000000 7840.63524  4.64%     -   29s
H    0     0                    7494.0000000 7840.63524  4.63%     -   29s
H    0     0                    7498.0000000 7840.63524  4.57%     -   29s
H    0     0                    7500.0000000 7840.63524  4.54%     -   29s
H    0     0                    7501.0000000 7840.63524  4.53%     -   29s
H    0     0                    7502.0000000 7826.23807  4.32%     -   35s
H    0     0                    7506.0000000 7826.23807  4.27%     -   35s
     0     0 7826.23807    0 1822 7506.00000 7826.23807  4.27%     -   35s
H    0     0                    7514.0000000 7826.23807  4.16%     -   35s
H    0     0                    7517.0000000 7818.50777  4.01%     -   40s
H    0     0                    7520.0000000 7818.50777  3.97%     -   40s
H    0     0                    7526.9999996 7818.50777  3.87%     -   40s
H    0     0                    7530.0000000 7818.50777  3.83%     -   40s
H    0     0                    7534.0000000 7818.50777  3.78%     -   40s
     0     0 7818.50777    0 1871 7534.00000 7818.50777  3.78%     -   40s
H    0     0                    7537.0000000 7815.76314  3.70%     -   44s
     0     0 7815.76314    0 1945 7537.00000 7815.76314  3.70%     -   44s
     0     0 7814.62142    0 2018 7537.00000 7814.62142  3.68%     -   47s
     0     0 7813.98323    0 2019 7537.00000 7813.98323  3.67%     -   50s
     0     0 7813.71442    0 2048 7537.00000 7813.71442  3.67%     -   52s
     0     0 7813.38195    0 2064 7537.00000 7813.38195  3.67%     -   53s
     0     0 7813.27998    0 2078 7537.00000 7813.27998  3.67%     -   54s
H    0     0                    7546.0000000 7813.27998  3.54%     -   61s
     0     0 7804.33137    0 2064 7546.00000 7804.33137  3.42%     -   68s
H    0     0                    7550.0000000 7801.64913  3.33%     -   73s
     0     0 7801.64913    0 2152 7550.00000 7801.64913  3.33%     -   73s
     0     0 7800.64059    0 2187 7550.00000 7800.64059  3.32%     -   77s
     0     0 7800.10235    0 2221 7550.00000 7800.10235  3.31%     -   79s
     0     0 7799.77080    0 2257 7550.00000 7799.77080  3.31%     -   82s
     0     0 7799.63462    0 2259 7550.00000 7799.63462  3.31%     -   83s
H    0     0                    7553.0000000 7799.63462  3.27%     -   85s
     0     0 7793.73894    0 2184 7553.00000 7793.73894  3.19%     -   93s
H    0     0                    7569.0000000 7793.73894  2.97%     -   94s
     0     0 7790.59932    0 2254 7569.00000 7790.59932  2.93%     -  100s
     0     0 7789.30739    0 2322 7569.00000 7789.30739  2.91%     -  104s
     0     0 7788.69858    0 2328 7569.00000 7788.69858  2.90%     -  107s
     0     0 7788.35565    0 2350 7569.00000 7788.35565  2.90%     -  109s
     0     0 7784.03258    0 2295 7569.00000 7784.03258  2.84%     -  120s
     0     0 7782.24934    0 2334 7569.00000 7782.24934  2.82%     -  126s
H    0     0                    7571.0000000 7781.18552  2.78%     -  131s
H    0     0                    7573.0000000 7781.18552  2.75%     -  131s
H    0     0                    7574.0000000 7781.18552  2.74%     -  131s
H    0     0                    7576.0000000 7781.18552  2.71%     -  131s
     0     0 7781.18552    0 2393 7576.00000 7781.18552  2.71%     -  131s
H    0     0                    7578.0000000 7780.76046  2.68%     -  134s
     0     0 7780.76046    0 2401 7578.00000 7780.76046  2.68%     -  134s
     0     0 7780.49761    0 2437 7578.00000 7780.49761  2.67%     -  137s
     0     0 7777.66683    0 2389 7578.00000 7777.66683  2.63%     -  147s
H    0     0                    7586.0000000 7777.66683  2.53%     -  147s
     0     0 7776.37442    0 2455 7586.00000 7776.37442  2.51%     -  153s
     0     0 7775.76983    0 2500 7586.00000 7775.76983  2.50%     -  157s
     0     0 7775.40302    0 2549 7586.00000 7775.40302  2.50%     -  160s
     0     0 7773.25203    0 2473 7586.00000 7773.25203  2.47%     -  171s
     0     0 7772.34184    0 2542 7586.00000 7772.34184  2.46%     -  177s
     0     0 7771.89825    0 2593 7586.00000 7771.89825  2.45%     -  182s
     0     0 7771.65907    0 2633 7586.00000 7771.65907  2.45%     -  185s
     0     0 7770.12526    0 2583 7586.00000 7770.12526  2.43%     -  196s
     0     0 7770.12526    0 2579 7586.00000 7770.12526  2.43%     -  197s
H    0     0                    7592.0000000 7770.12397  2.35%     -  208s
H    0     0                    7605.0000000 7770.12397  2.17%     -  241s
     0     2 7770.12397    0 2577 7605.00000 7770.12397  2.17%     -  241s
     3     8 7769.29155    2 2653 7605.00000 7770.11953  2.17%  1984  250s
     7    16 7768.66900    3 2797 7605.00000 7769.29143  2.16%  4296  266s
    15    24 7768.06400    4 2923 7605.00000 7768.66869  2.15%  6041  284s
    23    32 7767.92829    5 2905 7605.00000 7768.66869  2.15%  7351  308s
H   31    40                    7608.0000000 7768.66869  2.11%  6456  314s
H   37    40                    7609.0000000 7768.66869  2.10%  5879  314s
    39    48 7767.24645    6 2901 7609.00000 7768.66869  2.10%  5765  323s
    47    57 7767.59321    7 2865 7609.00000 7768.66869  2.10%  5191  340s
    56    65 7767.09050    8 2871 7609.00000 7768.66869  2.10%  4982  366s
    64    73 7764.02917    8 2831 7609.00000 7768.66869  2.10%  5111  400s
H   72    84                    7612.0000000 7768.66869  2.06%  5111  414s
    83    92 7766.47316    9 2878 7612.00000 7768.66869  2.06%  4931  423s
    91   102 7766.21501   10 2852 7612.00000 7768.66869  2.06%  4814  432s
   101   113 7765.70535   11 2855 7612.00000 7768.66869  2.06%  4644  439s
   112   129 7765.68796   12 2855 7612.00000 7768.66869  2.06%  4391  447s
H  117   129                    7613.0000000 7768.66869  2.04%  4268  447s
H  118   129                    7614.0000000 7768.66869  2.03%  4254  447s
H  125   129                    7618.0000000 7768.66869  1.98%  4124  447s
   128   142 7765.33112   14 2853 7618.00000 7768.66869  1.98%  4075  459s
   141   153 7764.69861   15 2817 7618.00000 7768.66869  1.98%  3980  470s
H  144   153                    7620.0000000 7768.66869  1.95%  3968  470s
H  152   166                    7622.0000000 7768.66869  1.92%  3983  484s
H  155   166                    7623.0000000 7768.66869  1.91%  4031  484s
   165   180 7764.15228   16 2818 7623.00000 7768.66869  1.91%  3976  493s
   179   198 7763.29934   16 2787 7623.00000 7768.66869  1.91%  3851  507s
H  197   222                    7625.0000000 7768.66869  1.88%  3706  522s
H  211   222                    7626.0000000 7768.66869  1.87%  3705  522s
   221   244 7763.44087   18 2810 7626.00000 7768.66869  1.87%  3577  533s
H  227   244                    7627.0000000 7768.66869  1.86%  3540  533s
H  243   271                    7628.0000000 7768.66869  1.84%  3402  546s
   270   304 7762.74459   22 2780 7628.00000 7768.66869  1.84%  3219  560s
H  282   304                    7629.0000004 7768.66869  1.83%  3142  560s
   303   333 7762.40430   25 2740 7629.00000 7768.66869  1.83%  3003  572s
   332   359 7761.79201   27 2737 7629.00000 7768.66869  1.83%  2877  583s
H  335   359                    7630.0000000 7768.66869  1.82%  2862  583s
   358   397 7761.52097   30 2710 7630.00000 7768.66869  1.82%  2794  594s
   396   429 7761.10778   32 2668 7630.00000 7768.66869  1.82%  2641  606s
H  410   429                    7631.0000000 7768.66869  1.80%  2617  606s
   428   465 7760.12345   35 2632 7631.00000 7768.66869  1.80%  2550  617s
   464   503 7759.83736   38 2641 7631.00000 7768.66869  1.80%  2454  628s
   502   548 7759.61753   42 2639 7631.00000 7768.66869  1.80%  2357  640s
   547   600 7759.25036   47 2602 7631.00000 7768.66869  1.80%  2254  651s
   599   654 7758.69709   52 2585 7631.00000 7768.66869  1.80%  2141  666s
   653   700 7758.58195   57 2575 7631.00000 7768.66869  1.80%  2047  679s
   699   749 7757.83613   60 2596 7631.00000 7768.66869  1.80%  1995  692s
   748   801 7757.25821   63 2562 7631.00000 7768.66869  1.80%  1938  706s
   800   856 7755.20259   64 2508 7631.00000 7768.66869  1.80%  1892  726s
   855   893 7756.81339   66 2529 7631.00000 7768.66869  1.80%  1856  746s
   898   924 7756.28342   67 2533 7631.00000 7768.66869  1.80%  1855  766s
   929   962 7755.89341   69 2506 7631.00000 7768.66869  1.80%  1868  784s
   967  1015 7754.88645   73 2448 7631.00000 7768.66869  1.80%  1874  803s
H 1020  1023                    7632.0000000 7768.66869  1.79%  1848  850s
H 1021  1020                    7637.0000000 7768.66869  1.72%  1847  850s
H 1024  1020                    7640.0000000 7768.66869  1.68%  1844  850s
H 1026  1020                    7641.0000000 7768.66869  1.67%  1845  850s
  1028  1093 7753.57456   81 2338 7641.00000 7768.66869  1.67%  1850  869s
  1101  1161 7752.13189   90 2280 7641.00000 7768.66869  1.67%  1804  887s
  1169  1237 7751.25823   96 2214 7641.00000 7768.66869  1.67%  1782  907s
  1245  1345 7750.39096   98 2228 7641.00000 7768.66869  1.67%  1757  929s
  1365  1429 7748.83609  114 2168 7641.00000 7768.66869  1.67%  1678  950s
  1449  1556 7747.81911  118 2171 7641.00000 7768.66869  1.67%  1647  968s
  1576  1688 7746.12862  136 2036 7641.00000 7768.66869  1.67%  1578  987s
  1708  1844 7742.84802  153 1966 7641.00000 7768.66869  1.67%  1520 1007s
  1864  1976 7743.96121  165 2002 7641.00000 7768.66869  1.67%  1454 1026s
  1996  2057 7741.97523  180 1865 7641.00000 7768.66869  1.67%  1414 1048s
  2077  2217 7741.58418  184 1793 7641.00000 7768.66869  1.67%  1379 1070s
H 2120  2217                    7642.0000000 7768.66869  1.66%  1368 1070s
  2237  2474 7739.56996  201 1747 7642.00000 7768.66869  1.66%  1339 1091s
  2494  2754 7737.63316  230 1656 7642.00000 7768.66869  1.66%  1256 1111s
  2774  3090 7736.24716  261 1624 7642.00000 7768.66869  1.66%  1180 1130s
  3110  3434 7734.29723  293 1511 7642.00000 7768.66869  1.66%  1099 1149s
  3454  3702 7732.40715  327 1517 7642.00000 7768.66869  1.66%  1032 1168s
  3732  4097 7728.82264  352 1466 7642.00000 7768.66869  1.66%   994 1186s
  4129  4608 7726.19885  400 1379 7642.00000 7768.66869  1.66%   935 1204s
  4640  5103 7722.76513  452 1342 7642.00000 7768.66869  1.66%   865 1221s
  5135  5623 7718.29468  513 1241 7642.00000 7768.66869  1.66%   812 1244s
  5672  6091 7712.72886  578 1111 7642.00000 7768.66869  1.66%   765 1263s
  6154  6718 7705.36250  650  955 7642.00000 7768.66869  1.66%   734 1281s
  6783  7504 7693.16977  766  838 7642.00000 7768.66869  1.66%   690 1298s
H 7293  7494                    7644.0000000 7768.66869  1.63%   647 1298s
H 7447  7485                    7645.0000000 7768.66869  1.62%   637 1298s
  7572  7486 7738.23609  170 2579 7645.00000 7768.66869  1.62%   637 1346s
  7574  7487 7725.11360  198 1050 7645.00000 7768.66869  1.62%   636 1350s
  7575  7488 7679.16299  579 1329 7645.00000 7768.66869  1.62%   636 1355s
  7577  7489 7738.49166  221 1852 7645.00000 7768.66869  1.62%   636 1362s
  7578  7490 7738.76477   85 1911 7645.00000 7768.66869  1.62%   636 1367s
H 7578  7115                    7646.0000000 7768.66869  1.60%   636 1372s
  7580  7116 7744.57846   13 2272 7646.00000 7768.66869  1.60%   636 1379s
  7581  7117 7698.39297  745 2396 7646.00000 7768.66869  1.60%   636 1385s
  7582  7118 7741.86144  168 2478 7646.00000 7768.66869  1.60%   636 1391s
  7583  7118 7723.72570  300 2573 7646.00000 7768.66869  1.60%   636 1397s
  7584  7119 7734.06051  291 2591 7646.00000 7768.66869  1.60%   636 1401s
  7585  7120 7760.70302   24 2677 7646.00000 7768.66869  1.60%   635 1405s
  7587  7121 7695.11081  723 2741 7646.00000 7768.66869  1.60%   635 1411s
  7589  7122 7745.31878  139 2782 7646.00000 7768.66869  1.60%   635 1415s
  7593  7125 7710.02485  664 2859 7646.00000 7768.66869  1.60%   635 1420s
  7594  7126 7747.51521   91 2545 7646.00000 7766.20455  1.57%   635 1432s
  7595  7126 7687.93629  782 2566 7646.00000 7764.25865  1.55%   635 1441s
  7596  7127 7673.15572 1076 2547 7646.00000 7762.94134  1.53%   635 1448s
  7597  7128 7747.26126  124 2663 7646.00000 7762.24520  1.52%   634 1454s
  7598  7128 7693.52101  728 2687 7646.00000 7761.82836  1.51%   634 1459s
  7599  7129 7740.08487  150 2757 7646.00000 7761.60734  1.51%   634 1462s
  7600  7130 7714.29166  544 2730 7646.00000 7761.46942  1.51%   634 1465s
  7603  7132 7727.94772  359 2782 7646.00000 7761.29486  1.51%   634 1470s
  7607  7134 7739.19976  162 2811 7646.00000 7761.24968  1.51%   634 1475s
  7608  7135 7718.16484  525 2537 7646.00000 7758.97628  1.48%   634 1489s
  7609  7136 7732.40979  332 2610 7646.00000 7757.86185  1.46%   633 1497s
  7610  7136 7717.86811  592 2649 7646.00000 7757.13714  1.45%   633 1503s
  7611  7137 7681.04112  881 2725 7646.00000 7756.74599  1.45%   633 1508s
  7612  7138 7691.67539  771 2744 7646.00000 7756.57310  1.45%   633 1511s
  7614  7139 7734.38635  267 2794 7646.00000 7756.29566  1.44%   633 1517s
  7616  7140 7689.99651  780 2825 7646.00000 7756.15723  1.44%   633 1521s
  7621  7144 7756.08564   56 2874 7646.00000 7756.08564  1.44%   632 1527s
  7622  7144 7738.82444  201 2629 7646.00000 7754.75688  1.42%   632 1539s
  7623  7145 7754.03458   28 2688 7646.00000 7754.03458  1.41%   632 1547s
  7624  7146 7736.84645  116 2773 7646.00000 7753.62719  1.41%   632 1552s
  7625  7146 7746.31830  129 2795 7646.00000 7753.38741  1.40%   632 1556s
  7627  7148 7734.12348  286 2848 7646.00000 7753.11646  1.40%   632 1563s
  7628  7148 7683.28545  918 2883 7646.00000 7753.04776  1.40%   632 1565s
  7632  7151 7734.82659  277 2923 7646.00000 7752.95125  1.40%   632 1570s
  7635  7153 7739.23681   81 2935 7646.00000 7752.92653  1.40%   631 1575s
  7636  7154 7722.13799  453 2683 7646.00000 7751.70102  1.38%   631 1589s
  7637  7154 7715.93351  527 2775 7646.00000 7751.05845  1.37%   631 1596s
  7638  7155 7726.77502  147 2819 7646.00000 7750.75433  1.37%   631 1602s
  7639  7156 7680.97957  174 2832 7646.00000 7750.57632  1.37%   631 1607s
  7640  7156 7691.67430  771 2827 7646.00000 7750.47418  1.37%   631 1610s
  7642  7158 7695.09925  792 2886 7646.00000 7750.30494  1.36%   631 1616s
H 7642  6799                    7647.0000000 7750.30494  1.35%   631 1618s
  7645  6801 7706.43731  644 2880 7647.00000 7750.20107  1.35%   630 1621s
  7648  6803 7728.14699  227 2935 7647.00000 7750.17652  1.35%   630 1626s
  7649  6803 7730.38265  380 2724 7647.00000 7749.36872  1.34%   630 1638s
  7650  6804 7726.36251  427 2886 7647.00000 7748.96794  1.33%   630 1645s
  7651  6805 7681.29589  954 2903 7647.00000 7748.70568  1.33%   630 1650s
  7653  6806 7675.52504 1005 2921 7647.00000 7748.46408  1.33%   630 1657s
  7654  6807 7748.40485   13 2949 7647.00000 7748.40485  1.33%   630 1660s
  7657  6809 7705.64615   71 2979 7647.00000 7748.32288  1.33%   629 1665s
  7661  6811 7733.45872  191 2977 7647.00000 7748.24654  1.32%   629 1670s
  7663  6813 7737.67970  151 2854 7647.00000 7747.64243  1.32%   629 1685s
  7664  6813 7706.41381  693 2887 7647.00000 7747.30173  1.31%   629 1691s
  7665  6814 7669.11358 1112 2957 7647.00000 7747.11194  1.31%   629 1696s
  7667  6815 7732.86673  221 3024 7647.00000 7746.94489  1.31%   629 1702s
  7668  6816 7731.45746  295 3000 7647.00000 7746.89370  1.31%   629 1705s
  7671  6818 7682.76806  821 3046 7647.00000 7746.81932  1.31%   628 1710s
  7675  6821 7679.16299  579 3050 7647.00000 7746.78278  1.30%   628 1716s
  7676  6821 7717.93357   26 2896 7647.00000 7746.25058  1.30%   628 1727s
  7677  6822 7738.49166  221 2889 7647.00000 7745.94106  1.29%   628 1732s
  7678  6823 7738.76477   85 2930 7647.00000 7745.76146  1.29%   628 1737s
  7679  6823 7734.48890  210 2957 7647.00000 7745.63393  1.29%   628 1741s
  7680  6824 7744.57846   13 2995 7647.00000 7745.55460  1.29%   628 1745s
  7683  6826 7723.72570  300 3027 7647.00000 7745.46705  1.29%   627 1750s
  7688  6829 7745.41662   36 3027 7647.00000 7745.41662  1.29%   627 1758s
  7689  6830 7744.96816  139 2833 7647.00000 7744.96816  1.28%   627 1769s
  7690  6831 7686.02363  882 2931 7647.00000 7744.70518  1.28%   627 1775s
  7691  6831 7723.44047  420 2944 7647.00000 7744.57375  1.28%   627 1780s
  7693  6833 7710.02485  664 2996 7647.00000 7744.39553  1.27%   627 1787s
  7694  6833 7744.34839   91 3028 7647.00000 7744.34839  1.27%   626 1790s
  7697  6835 7744.26987  124 3018 7647.00000 7744.26987  1.27%   626 1796s
  7700  6837 7714.29166  544 3017 7647.00000 7744.24318  1.27%   626 1802s
  7701  6838 7739.30086  209 2938 7647.00000 7743.85443  1.27%   626 1814s
  7702  6839 7680.89300  874 3027 7647.00000 7743.68262  1.26%   626 1819s
  7703  6839 7727.94772  359 3032 7647.00000 7743.61154  1.26%   626 1823s
  7704  6840 7733.09586  327 3070 7647.00000 7743.57496  1.26%   626 1825s
  7708  6843 7718.16484  525 3114 7647.00000 7743.50748  1.26%   625 1831s
  7710  6844 7717.86811  592 2958 7647.00000 7743.13523  1.26%   625 1846s
  7711  6845 7681.04112  881 2962 7647.00000 7742.95817  1.25%   625 1851s
  7713  6846 7708.44725  623 2988 7647.00000 7742.76323  1.25%   625 1858s
  7714  6847 7734.38635  267 3038 7647.00000 7742.72145  1.25%   625 1860s
  7717  6849 7734.28109  281 3095 7647.00000 7742.66690  1.25%   625 1865s
  7720  6851 7742.63279   36 3098 7647.00000 7742.63279  1.25%   624 1871s
  7721  6851 7742.30630   56 2883 7647.00000 7742.30630  1.25%   624 1882s
  7722  6852 7738.82444  201 2973 7647.00000 7742.08113  1.24%   624 1889s
  7723  6853 7741.98678   28 2994 7647.00000 7741.98678  1.24%   624 1893s
  7724  6853 7736.84645  116 2992 7647.00000 7741.91820  1.24%   624 1896s
  7726  6855 7705.84346  413 3044 7647.00000 7741.84524  1.24%   624 1901s
  7729  6857 7704.71707  632 3069 7647.00000 7741.79316  1.24%   624 1905s
  7731  6858 7714.60829  529 3124 7647.00000 7741.77792  1.24%   623 1910s
  7732  6859 7734.82659  277 3011 7647.00000 7741.54393  1.24%   623 1921s
  7733  6859 7735.75262  251 3051 7647.00000 7741.39268  1.23%   623 1925s
  7734  6860 7712.47047  630 3080 7647.00000 7741.30984  1.23%   623 1930s
  7736  6861 7722.13799  453 3088 7647.00000 7741.23857  1.23%   623 1935s
  7739  6863 7680.97957  174 3091 7647.00000 7741.19151  1.23%   623 1940s
  7740  6864 7691.67430  771 3118 7647.00000 7741.18581  1.23%   623 1945s
  7741  6865 7673.05804 1077 2925 7647.00000 7740.93985  1.23%   623 1955s
  7742  6865 7695.09925  792 3024 7647.00000 7740.79028  1.23%   623 1961s
  7743  6866 7739.33693  207 3031 7647.00000 7740.70266  1.23%   622 1965s
  7745  6867 7706.43731  644 3031 7647.00000 7740.60864  1.22%   622 1972s
  7747  6869 7740.56606  156 3065 7647.00000 7740.56606  1.22%   622 1976s
  7750  6871 7726.36251  427 3090 7647.00000 7740.53985  1.22%   622 1981s
  7751  6871 7681.29589  954 3100 7647.00000 7740.53435  1.22%   622 1985s
  7752  6872 7740.33283   56 2935 7647.00000 7740.33283  1.22%   622 2015s
  7753  6873 7675.52504 1005 3012 7647.00000 7740.18672  1.22%   622 2021s
  7754  6873 7740.08957   13 3060 7647.00000 7740.08957  1.22%   622 2026s
  7755  6874 7733.83619  200 3060 7647.00000 7740.03663  1.22%   622 2030s
  7757  6875 7705.64615   71 3092 7647.00000 7739.97135  1.22%   621 2035s
  7760  6877 7710.92116  583 3107 7647.00000 7739.93391  1.22%   621 2061s
  7761  6878 7733.45872  191 2941 7647.00000 7739.61412  1.21%   621 2092s
  7762  6879 7720.47734  290 2924 7647.00000 7739.39470  1.21%   621 2098s
  7763  6879 7737.67970  151 2953 7647.00000 7739.26860  1.21%   621 2103s
  7764  6880 7706.41381  693 3045 7647.00000 7739.17105  1.21%   621 2108s
  7765  6881 7669.11358 1112 3047 7647.00000 7739.07275  1.20%   621 2113s
  7766  6881 7718.04626  518 3078 7647.00000 7739.03492  1.20%   621 2116s
  7768  6883 7731.45746  295 3066 7647.00000 7738.98188  1.20%   620 2120s
  7771  6885 7682.76806  821 3105 7647.00000 7738.93253  1.20%   620 2126s
  7773  6886 7706.10327   64 3156 7647.00000 7738.91776  1.20%   620 2148s
  7774  6887 7725.11360  198 2947 7647.00000 7738.67170  1.20%   620 2158s
  7775  6887 7679.16299  579 2949 7647.00000 7738.47785  1.20%   620 2165s
  7776  6888 7717.93357   26 3054 7647.00000 7738.37795  1.19%   620 2170s
  7777  6889 7738.30651  221 3022 7647.00000 7738.30651  1.19%   620 2175s
  7779  6890 7734.48890  210 3106 7647.00000 7738.21176  1.19%   620 2181s
  7780  6891 7738.17463   13 3109 7647.00000 7738.17463  1.19%   620 2187s
  7782  6892 7738.13553  168 3124 7647.00000 7738.13553  1.19%   619 2190s
  7784  6893 7734.06051  291 3165 7647.00000 7738.12216  1.19%   619 2195s
  7785  6894 7737.96937   24 2902 7647.00000 7737.96937  1.19%   619 2203s
  7786  6895 7737.85357  106 3047 7647.00000 7737.85357  1.19%   619 2209s
  7787  6895 7695.11081  723 2989 7647.00000 7737.80326  1.19%   619 2213s
  7788  6896 7737.77615   36 3017 7647.00000 7737.77615  1.19%   619 2216s
  7790  6897 7686.02363  882 3070 7647.00000 7737.72525  1.19%   619 2221s
  7792  6899 7734.03209  302 3159 7647.00000 7737.69692  1.19%   619 2225s
  7794  6900 7737.55450   91 2996 7647.00000 7737.55450  1.18%   618 2239s
  7795  6901 7687.93629  782 3078 7647.00000 7737.47512  1.18%   618 2244s
  7796  6901 7673.15572 1076 3099 7647.00000 7737.43243  1.18%   618 2247s
  7797  6902 7737.39378  124 3097 7647.00000 7737.39378  1.18%   618 2250s
  7799  6903 7737.36473  150 3077 7647.00000 7737.36473  1.18%   618 2255s
  7802  6905 7680.89300  874 3127 7647.00000 7737.34303  1.18%   618 2261s
  7803  6906 7727.94772  359 2984 7647.00000 7737.19220  1.18%   618 2270s
  7805  6907 7722.59617  305 3084 7647.00000 7737.11938  1.18%   618 2276s
  7808  6909 7718.16484  525 3100 7647.00000 7737.08941  1.18%   617 2283s
  7809  6910 7732.40979  332 3050 7647.00000 7736.98655  1.18%   617 2291s
  7810  6911 7717.86811  592 3090 7647.00000 7736.90634  1.18%   617 2295s
  7812  6912 7691.67539  771 3098 7647.00000 7736.84685  1.17%   617 2300s
  7815  6914 7713.96286  546 3108 7647.00000 7736.81776  1.17%   617 2305s
  7817  6915 7734.28109  281 3055 7647.00000 7736.71859  1.17%   617 2316s
  7818  6916 7694.57042  708 3053 7647.00000 7736.64998  1.17%   616 2320s
  7820  6917 7736.59153   36 3115 7647.00000 7736.59153  1.17%   616 2326s
  7823  6919 7736.55660   28 3200 7647.00000 7736.55660  1.17%   616 2330s
  7825  6921 7736.45065  129 3052 7647.00000 7736.45065  1.17%   616 2341s
  7826  6921 7705.84346  413 3098 7647.00000 7736.38077  1.17%   616 2345s
  7828  6923 7683.28545  918 3100 7647.00000 7736.29935  1.17%   616 2352s
  7830  6924 7731.39218  371 3149 7647.00000 7736.26128  1.17%   616 2356s
  7833  6926 7735.75262  251 3153 7647.00000 7736.23395  1.17%   615 2363s
  7834  6927 7712.47047  630 3067 7647.00000 7736.14291  1.17%   615 2371s
  7835  6927 7736.09248   81 3145 7647.00000 7736.09248  1.17%   615 2375s
  7837  6929 7715.93351  527 3142 7647.00000 7736.04200  1.16%   615 2380s
  7840  6931 7691.67430  771 3155 7647.00000 7736.00596  1.16%   615 2386s
  7841  6931 7673.05804 1077 3130 7647.00000 7736.00164  1.16%   615 2390s
  7842  6932 7695.09925  792 3042 7647.00000 7735.93084  1.16%   615 2398s
  7843  6933 7735.88796  207 3129 7647.00000 7735.88796  1.16%   615 2402s
  7844  6933 7684.38948  793 3088 7647.00000 7735.84114  1.16%   614 2406s
  7846  6935 7726.81864  383 3190 7647.00000 7735.80423  1.16%   614 2410s
  7848  6936 7728.14699  227 3235 7647.00000 7735.79155  1.16%   614 2416s
  7849  6937 7730.38265  380 3087 7647.00000 7735.69505  1.16%   614 2425s
  7851  6938 7681.29589  954 3137 7647.00000 7735.61203  1.16%   614 2432s
  7853  6939 7675.52504 1005 3148 7647.00000 7735.58361  1.16%   614 2436s
  7855  6941 7733.83619  200 3195 7647.00000 7735.56972  1.16%   614 2442s
  7856  6941 7693.34131  747 3103 7647.00000 7735.52161  1.16%   614 2449s
  7857  6942 7705.64615   71 3154 7647.00000 7735.46805  1.16%   613 2453s
  7858  6943 7735.44000   49 3155 7647.00000 7735.44000  1.16%   613 2456s
  7860  6944 7710.92116  583 3159 7647.00000 7735.38724  1.16%   613 2462s
  7862  6945 7720.47734  290 3156 7647.00000 7735.36405  1.16%   613 2465s
  7864  6947 7706.41381  693 3049 7647.00000 7735.27227  1.15%   613 2477s
  7865  6947 7669.11358 1112 3007 7647.00000 7735.21912  1.15%   613 2481s
  7866  6948 7718.04626  518 3129 7647.00000 7735.18011  1.15%   613 2485s
  7868  6949 7731.45746  295 3134 7647.00000 7735.14064  1.15%   613 2490s
  7870  6951 7689.07960  459 3141 7647.00000 7735.12291  1.15%   612 2496s
  7871  6951 7682.76806  821 3052 7647.00000 7735.05175  1.15%   612 2503s
  7872  6952 7735.00939  170 3122 7647.00000 7735.00939  1.15%   612 2506s
  7873  6953 7706.10327   64 3127 7647.00000 7734.97821  1.15%   612 2510s
  7876  6955 7717.93357   26 3202 7647.00000 7734.93695  1.15%   612 2516s
  7878  6956 7734.92324   85 3200 7647.00000 7734.92324  1.15%   612 2521s
  7879  6957 7734.48890  210 3066 7647.00000 7734.84908  1.15%   612 2529s
  7880  6957 7734.81164   13 3089 7647.00000 7734.81164  1.15%   612 2532s
  7882  6959 7734.77521  168 3173 7647.00000 7734.77521  1.15%   611 2536s
  7885  6961 7734.74820   24 3218 7647.00000 7734.74820  1.15%   611 2543s
  7886  6961 7734.67945  106 3134 7647.00000 7734.67945  1.15%   611 2551s
  7887  6962 7695.11081  723 3155 7647.00000 7734.63309  1.15%   611 2555s
  7889  6963 7734.58856  139 3138 7647.00000 7734.58856  1.15%   611 2560s
  7893  6966 7710.02485  664 3194 7647.00000 7734.55607  1.14%   611 2568s
  7894  6967 7734.50875   91 3128 7647.00000 7734.50875  1.14%   611 2575s
  7895  6967 7687.93629  782 3129 7647.00000 7734.45788  1.14%   610 2580s
  7897  6969 7734.41400  124 3174 7647.00000 7734.41400  1.14%   610 2585s
  7901  6971 7734.38262  209 3202 7647.00000 7734.38262  1.14%   610 2594s
  7902  6972 7680.89300  874 3129 7647.00000 7734.33389  1.14%   610 2602s
  7903  6973 7727.94772  359 3183 7647.00000 7734.29189  1.14%   610 2606s
  7905  6974 7722.59617  305 3233 7647.00000 7734.25391  1.14%   610 2611s
  7907  6975 7734.23667  162 3247 7647.00000 7734.23667  1.14%   610 2617s
  7908  6976 7718.16484  525 3106 7647.00000 7734.18002  1.14%   609 2624s
  7909  6977 7732.40979  332 3185 7647.00000 7734.14139  1.14%   609 2627s
  7910  6977 7717.86811  592 3173 7647.00000 7734.11696  1.14%   609 2630s
  7912  6979 7691.67539  771 3201 7647.00000 7734.09332  1.14%   609 2635s
  7914  6980 7734.07991  267 3190 7647.00000 7734.07991  1.14%   609 2640s
  7915  6981 7713.96286  546 3186 7647.00000 7734.04510  1.14%   609 2646s
  7917  6982 7734.00371  281 3170 7647.00000 7734.00371  1.14%   609 2651s
  7920  6984 7733.97927   36 3192 7647.00000 7733.97927  1.14%   609 2658s
  7921  6985 7733.94015   56 3162 7647.00000 7733.94015  1.14%   608 2664s
  7922  6985 7733.89839  201 3139 7647.00000 7733.89839  1.14%   608 2668s
  7923  6986 7733.88217   28 3209 7647.00000 7733.88217  1.14%   608 2670s
  7925  6987 7733.86433  129 3153 7647.00000 7733.86433  1.14%   608 2676s
  7926  6988 7705.84346  413 3123 7647.00000 7733.80988  1.14%   608 2683s
  7927  6989 7733.77403  286 3154 7647.00000 7733.77403  1.13%   608 2686s
  7929  6990 7704.71707  632 3159 7647.00000 7733.74895  1.13%   608 2690s
  7931  6991 7714.60829  529 3178 7647.00000 7733.73502  1.13%   608 2695s
  7932  6992 7733.70838  277 3149 7647.00000 7733.70838  1.13%   608 2701s
  7934  6993 7712.47047  630 3157 7647.00000 7733.67735  1.13%   607 2706s
  7936  6995 7722.13799  453 3065 7647.00000 7733.62996  1.13%   607 2714s
  7937  6995 7715.93351  527 3106 7647.00000 7733.61038  1.13%   607 2716s
  7939  6997 7680.97957  174 3184 7647.00000 7733.59490  1.13%   607 2722s
  7940  6997 7691.67430  771 3135 7647.00000 7733.57599  1.13%   607 2727s
  7942  6999 7695.09925  792 3183 7647.00000 7733.54695  1.13%   607 2731s
  7944  7000 7684.38948  793 3177 7647.00000 7733.53450  1.13%   607 2736s
  7945  7001 7706.43731  644 3098 7647.00000 7733.48998  1.13%   607 2743s
  7946  7001 7726.81864  383 3101 7647.00000 7733.46141  1.13%   607 2746s
  7948  7003 7728.14699  227 3141 7647.00000 7733.43299  1.13%   606 2751s
  7949  7003 7730.38265  380 3137 7647.00000 7733.42707  1.13%   606 2755s
  7950  7004 7726.36251  427 3056 7647.00000 7733.38665  1.13%   606 2761s
  7952  7005 7733.33670   56 3172 7647.00000 7733.33670  1.13%   606 2766s
  7954  7007 7733.32027   13 3218 7647.00000 7733.32027  1.13%   606 2772s
  7955  7007 7733.29851  200 3105 7647.00000 7733.29851  1.13%   606 2778s
  7956  7008 7693.34131  747 3171 7647.00000 7733.28279  1.13%   606 2780s
  7959  7010 7733.25682   77 3205 7647.00000 7733.25682  1.13%   606 2788s
  7960  7011 7710.92116  583 3155 7647.00000 7733.22384  1.13%   606 2794s
  7961  7011 7733.19742  191 3163 7647.00000 7733.19742  1.13%   605 2798s
  7962  7012 7720.47734  290 3173 7647.00000 7733.18115  1.13%   605 2800s
  7964  7013 7706.41381  693 3208 7647.00000 7733.16686  1.13%   605 2806s
  7965  7014 7669.11358 1112 3150 7647.00000 7733.14315  1.13%   605 2813s
  7966  7015 7718.04626  518 3056 7647.00000 7733.10093  1.13%   605 2817s
  7968  7016 7731.45746  295 3138 7647.00000 7733.07338  1.13%   605 2821s
  7971  7018 7682.76806  821 3161 7647.00000 7733.04893  1.13%   605 2828s
  7972  7019 7733.02013  170 3145 7647.00000 7733.02013  1.12%   605 2835s
  7974  7020 7725.11360  198 3191 7647.00000 7732.99249  1.12%   604 2840s
  7975  7021 7679.16299  579 3175 7647.00000 7732.98659  1.12%   604 2845s
  7976  7021 7717.93357   26 3154 7647.00000 7732.95559  1.12%   604 2852s
  7977  7022 7732.93124  221 3138 7647.00000 7732.93124  1.12%   604 2855s
  7979  7023 7732.90531  210 3173 7647.00000 7732.90531  1.12%   604 2860s
  7981  7025 7698.39297  745 3128 7647.00000 7732.87302  1.12%   604 2870s
  7983  7026 7723.72570  300 3170 7647.00000 7732.83962  1.12%   604 2875s
  7985  7027 7732.82776   24 3170 7647.00000 7732.82776  1.12%   604 2880s
  7986  7028 7732.75342  106 3095 7647.00000 7732.75342  1.12%   604 2888s
  7987  7029 7695.11081  723 3187 7647.00000 7732.72067  1.12%   603 2892s
  7989  7030 7732.69260  139 3212 7647.00000 7732.69260  1.12%   603 2896s
  7991  7031 7723.44047  420 3210 7647.00000 7732.67811  1.12%   603 2902s
  7992  7032 7732.65550  302 3162 7647.00000 7732.65550  1.12%   603 2908s
  7993  7033 7710.02485  664 3216 7647.00000 7732.63363  1.12%   603 2911s
  7996  7035 7673.15572 1076 3283 7647.00000 7732.60891  1.12%   603 2919s
  7997  7035 7732.58530  124 3155 7647.00000 7732.58530  1.12%   603 2925s
  8000  7037 7714.29166  544 3193 7647.00000 7732.54708  1.12%   602 2931s
  8002  7039 7680.89300  874 3231 7647.00000 7732.53362  1.12%   602 2936s
  8003  7039 7727.94772  359 3181 7647.00000 7732.50743  1.12%   602 2943s
  8004  7040 7732.48687  327 3212 7647.00000 7732.48687  1.12%   602 2946s
  8006  7041 7732.47306  173 3231 7647.00000 7732.47306  1.12%   602 2952s
  8007  7042 7732.44838  162 3209 7647.00000 7732.44838  1.12%   602 2958s
  8008  7043 7718.16484  525 3197 7647.00000 7732.43047  1.12%   602 2960s
  8010  7044 7717.86811  592 3234 7647.00000 7732.41036  1.12%   602 2967s
  8011  7045 7681.04112  881 3188 7647.00000 7732.38923  1.12%   602 2973s
  8012  7045 7691.67539  771 3185 7647.00000 7732.38923  1.12%   602 2975s
  8016  7049 7689.99651  780 1050 7647.00000 7732.38923  1.12%   716 2980s
  8017  7050 7732.38923  281 1218 7647.00000 7732.38923  1.12%   716 2985s
  8019  7051 7688.15748  871 1519 7647.00000 7732.38923  1.12%   716 2991s
  8020  7052 7732.38923   36 1694 7647.00000 7732.38923  1.12%   716 2995s
  8021  7053 7732.38923   56 1812 7647.00000 7732.38923  1.12%   715 3000s
  8022  7053 7732.38923  201 2028 7647.00000 7732.38923  1.12%   715 3007s
  8023  7054 7732.38923   28 2177 7647.00000 7732.38923  1.12%   715 3013s
  8024  7055 7732.38923  116 2308 7647.00000 7732.38923  1.12%   715 3020s
  8025  7055 7732.38923  129 2536 7647.00000 7732.38923  1.12%   715 3027s
  8026  7056 7705.84346  413 2653 7647.00000 7732.38923  1.12%   715 3033s
  8027  7057 7732.38923  286 2745 7647.00000 7732.38923  1.12%   715 3038s
  8028  7057 7683.28545  918 2885 7647.00000 7732.38923  1.12%   715 3044s
  8029  7058 7704.71707  632 3028 7647.00000 7732.38923  1.12%   715 3047s
  8031  7059 7714.60829  529 3074 7647.00000 7732.38923  1.12%   715 3050s
  8033  7061 7732.34225  251 3007 7647.00000 7732.34225  1.12%   714 3062s
  8035  7062 7732.30240   81 3017 7647.00000 7732.30240  1.12%   714 3066s
  8036  7063 7722.13799  453 3053 7647.00000 7732.29636  1.12%   714 3070s
  8037  7063 7715.93351  527 3019 7647.00000 7732.20239  1.11%   714 3080s
  8039  7065 7680.97957  174 3078 7647.00000 7732.14522  1.11%   714 3085s
  8041  7066 7673.05804 1077 3124 7647.00000 7732.12933  1.11%   714 3090s
  8042  7067 7695.09925  792 3119 7647.00000 7732.06376  1.11%   714 3098s
  8043  7067 7732.01561  207 3109 7647.00000 7732.01561  1.11%   713 3102s
  8044  7068 7684.38948  793 3143 7647.00000 7731.99557  1.11%   713 3105s
  8046  7069 7726.81864  383 3168 7647.00000 7731.97895  1.11%   713 3111s
  8047  7070 7731.93087  156 3117 7647.00000 7731.93087  1.11%   713 3119s
  8048  7071 7728.14699  227 3148 7647.00000 7731.90538  1.11%   713 3121s
  8051  7073 7681.29589  954 3134 7647.00000 7731.87963  1.11%   713 3128s
  8052  7073 7731.83382   56 3066 7647.00000 7731.83382  1.11%   713 3136s
  8054  7075 7731.78069   13 3106 7647.00000 7731.78069  1.11%   712 3141s
  8056  7076 7693.34131  747 3146 7647.00000 7731.76185  1.11%   712 3148s
  8057  7077 7705.64615   71 3084 7647.00000 7731.72055  1.11%   712 3155s
  8059  7078 7731.67931   77 3071 7647.00000 7731.67931  1.11%   712 3161s
  8061  7079 7731.66359  191 3142 7647.00000 7731.66359  1.11%   712 3167s
  8062  7080 7720.47734  290 3159 7647.00000 7731.62150  1.11%   712 3174s
  8063  7081 7731.60199  151 3134 7647.00000 7731.60199  1.11%   712 3177s
  8065  7082 7669.11358 1112 3142 7647.00000 7731.56719  1.11%   712 3181s
  8066  7083 7718.04626  518 3157 7647.00000 7731.56082  1.11%   711 3186s
  8067  7083 7731.53210  221 3103 7647.00000 7731.53210  1.11%   711 3192s
  8068  7084 7731.45746  295 3130 7647.00000 7731.51133  1.11%   711 3195s
  8070  7085 7689.07960  459 3166 7647.00000 7731.49189  1.10%   711 3202s
  8071  7086 7682.76806  821 3130 7647.00000 7731.46207  1.10%   711 3209s
  8072  7087 7731.44324  170 3175 7647.00000 7731.44324  1.10%   711 3211s
  8074  7088 7725.11360  198 3146 7647.00000 7731.42858  1.10%   711 3217s
  8075  7089 7679.16299  579 3164 7647.00000 7731.41314  1.10%   711 3223s
  8076  7089 7717.93357   26 3175 7647.00000 7731.40047  1.10%   711 3225s
  8078  7091 7731.38629   85 3187 7647.00000 7731.38629  1.10%   710 3231s
  8079  7091 7731.36600  210 3116 7647.00000 7731.36600  1.10%   710 3237s
  8080  7092 7731.34080   13 3104 7647.00000 7731.34080  1.10%   710 3240s
  8082  7093 7731.31957  168 3218 7647.00000 7731.31957  1.10%   710 3247s
  8083  7094 7723.72570  300 3197 7647.00000 7731.29415  1.10%   710 3254s
  8084  7095 7731.29415  291 3195 7647.00000 7731.29415  1.10%   710 3269s
  8085  7095 7731.29371   24 3195 7647.00000 7731.29371  1.10%   710 3284s
  8086  7099 7731.29371   25 3181 7647.00000 7731.29371  1.10%   730 3294s
  8088  7102 7731.29371   26 3179 7647.00000 7731.29371  1.10%   731 3334s
  8092  7109 7731.26391   27 3061 7647.00000 7731.29213  1.10%   736 3368s
  8100  7114 7731.00064   28 2972 7647.00000 7731.26225  1.10%   740 3393s
  8108  7120 7728.93616   28 2677 7647.00000 7731.00062  1.10%   753 3413s
  8116  7125 7730.99450   29 2913 7647.00000 7731.00056  1.10%   759 3418s
  8124  7130 7725.74806   29 2657 7647.00000 7730.99447  1.10%   760 3433s
  8132  7138 7730.89434   30 2939 7647.00000 7730.99426  1.10%   762 3438s
  8142  7144 7729.25689   30 2759 7647.00000 7730.89428  1.10%   763 3450s
  8152  7153 7730.75721   31 2904 7647.00000 7730.89423  1.10%   765 3462s
  8164  7162 7730.72869   31 2865 7647.00000 7730.75715  1.10%   767 3470s
  8177  7168 7730.75399   32 2920 7647.00000 7730.75399  1.10%   768 3482s
  8187  7180 7730.75257   33 2898 7647.00000 7730.75257  1.10%   772 3494s
  8203  7186 7730.75111   34 2911 7647.00000 7730.75111  1.10%   773 3508s
  8214  7193 7730.51566   35 2852 7647.00000 7730.75107  1.10%   778 3522s
  8225  7202 7730.74793   35 2901 7647.00000 7730.74793  1.10%   781 3536s
  8237  7214 7730.74475   36 2928 7647.00000 7730.74475  1.10%   784 3549s
  8253  7221 7730.30457   38 2861 7647.00000 7730.72868  1.09%   789 3566s
  8266  7236 7730.71275   38 2837 7647.00000 7730.72868  1.09%   793 3579s
  8285  7252 7730.66715   39 2834 7647.00000 7730.72868  1.09%   796 3596s
H 8293  6893                    7648.0000000 7730.72868  1.08%   798 3596s
  8307  6895 7730.66378   41 2827 7648.00000 7730.72868  1.08%   799 3600s

Cutting planes:
  Gomory: 26
  Cover: 50
  Implied bound: 5
  Clique: 2
  MIR: 580
  StrongCG: 38
  Flow cover: 2062
  GUB cover: 564
  Zero half: 28
  RLT: 341
  Relax-and-lift: 7

Explored 8314 nodes (6818253 simplex iterations) in 3600.02 seconds (6590.41 work units)
Thread count was 8 (of 8 available processors)

Solution count 10: 7648 7647 7646 ... 7632

Time limit reached
Best objective 7.648000000000e+03, best bound 7.730000000000e+03, gap 1.0722%
