
Gurobi 9.1.1 (win64) logging started Wed Mar 10 00:09:35 2021

Changed value of parameter LogFile to ../results/logs/log_samuel_kroger_2021_03_10_00_09_35.csv_2_1.log
   Prev:   Default: 
Gurobi Optimizer version 9.1.1 build v9.1.1rc0 (win64)
Thread count: 6 physical cores, 12 logical processors, using up to 12 threads
Optimize a model with 77 rows, 78 columns and 659 nonzeros
Model fingerprint: 0xf384e31a
Variable types: 0 continuous, 78 integer (78 binary)
Coefficient statistics:
  Matrix range     [1e+00, 2e+00]
  Objective range  [1e+00, 1e+00]
  Bounds range     [1e+00, 1e+00]
  RHS range        [1e+00, 1e+00]
Found heuristic solution: objective 2.0000000
Found heuristic solution: objective 37.0000000
Presolve removed 0 rows and 1 columns
Presolve time: 0.00s
Presolved: 77 rows, 77 columns, 658 nonzeros
Variable types: 0 continuous, 77 integer (77 binary)

Root relaxation: objective 4.000000e+01, 1 iterations, 0.00 seconds

    Nodes    |    Current Node    |     Objective Bounds      |     Work
 Expl Unexpl |  Obj  Depth IntInf | Incumbent    BestBd   Gap | It/Node Time

*    0     0               0      40.0000000   40.00000  0.00%     -    0s

Explored 0 nodes (1 simplex iterations) in 0.01 seconds
Thread count was 12 (of 12 available processors)

Solution count 3: 40 37 2 

Optimal solution found (tolerance 1.00e-04)
Best objective 4.000000000000e+01, best bound 4.000000000000e+01, gap 0.0000%

Gurobi 9.1.1 (win64) logging started Wed Mar 10 00:09:35 2021

Changed value of parameter LogFile to ../results/logs/log_samuel_kroger_2021_03_10_00_09_35.csv_2_1.log
   Prev:   Default: 
Gurobi Optimizer version 9.1.1 build v9.1.1rc0 (win64)
Thread count: 6 physical cores, 12 logical processors, using up to 12 threads
Optimize a model with 0 rows, 78 columns and 0 nonzeros
Model fingerprint: 0x0b1c3b15
Variable types: 0 continuous, 78 integer (78 binary)
Coefficient statistics:
  Matrix range     [0e+00, 0e+00]
  Objective range  [0e+00, 0e+00]
  Bounds range     [1e+00, 1e+00]
  RHS range        [0e+00, 0e+00]
Found heuristic solution: objective 0.0000000

Explored 0 nodes (0 simplex iterations) in 0.00 seconds
Thread count was 1 (of 12 available processors)

Solution count 1: 0 

Optimal solution found (tolerance 1.00e-04)
Best objective 0.000000000000e+00, best bound 0.000000000000e+00, gap 0.0000%

Gurobi 9.1.1 (win64) logging started Wed Mar 10 00:09:35 2021

Changed value of parameter LogFile to ../results/logs/log_samuel_kroger_2021_03_10_00_09_35.csv_2_1.log
   Prev:   Default: 
Gurobi Optimizer version 9.1.1 build v9.1.1rc0 (win64)
Thread count: 6 physical cores, 12 logical processors, using up to 12 threads
Optimize a model with 231 rows, 230 columns and 2988 nonzeros
Model fingerprint: 0x08d99d1b
Variable types: 0 continuous, 230 integer (230 binary)
Coefficient statistics:
  Matrix range     [1e+00, 2e+00]
  Objective range  [1e+00, 1e+00]
  Bounds range     [1e+00, 1e+00]
  RHS range        [1e+00, 1e+00]
Found heuristic solution: objective 1.0000000
Presolve time: 0.00s
Presolved: 231 rows, 230 columns, 2988 nonzeros
Variable types: 0 continuous, 230 integer (230 binary)

Root relaxation: objective 1.150000e+02, 0 iterations, 0.00 seconds

    Nodes    |    Current Node    |     Objective Bounds      |     Work
 Expl Unexpl |  Obj  Depth IntInf | Incumbent    BestBd   Gap | It/Node Time

*    0     0               0     115.0000000  115.00000  0.00%     -    0s

Explored 0 nodes (0 simplex iterations) in 0.01 seconds
Thread count was 12 (of 12 available processors)

Solution count 2: 115 1 

Optimal solution found (tolerance 1.00e-04)
Best objective 1.150000000000e+02, best bound 1.150000000000e+02, gap 0.0000%

Gurobi 9.1.1 (win64) logging started Wed Mar 10 00:09:35 2021

Changed value of parameter LogFile to ../results/logs/log_samuel_kroger_2021_03_10_00_09_35.csv_2_1.log
   Prev:   Default: 
Gurobi Optimizer version 9.1.1 build v9.1.1rc0 (win64)
Thread count: 6 physical cores, 12 logical processors, using up to 12 threads
Optimize a model with 0 rows, 230 columns and 0 nonzeros
Model fingerprint: 0xd0597b73
Variable types: 0 continuous, 230 integer (230 binary)
Coefficient statistics:
  Matrix range     [0e+00, 0e+00]
  Objective range  [0e+00, 0e+00]
  Bounds range     [1e+00, 1e+00]
  RHS range        [0e+00, 0e+00]
Found heuristic solution: objective 0.0000000

Explored 0 nodes (0 simplex iterations) in 0.00 seconds
Thread count was 1 (of 12 available processors)

Solution count 1: 0 

Optimal solution found (tolerance 1.00e-04)
Best objective 0.000000000000e+00, best bound 0.000000000000e+00, gap 0.0000%

Gurobi 9.1.1 (win64) logging started Wed Mar 10 00:09:35 2021

Changed value of parameter LogFile to ../results/logs/log_samuel_kroger_2021_03_10_00_09_35.csv_2_1.log
   Prev:   Default: 
Gurobi Optimizer version 9.1.1 build v9.1.1rc0 (win64)
Thread count: 6 physical cores, 12 logical processors, using up to 12 threads
Optimize a model with 17 rows, 32 columns and 88 nonzeros
Model fingerprint: 0x4d4f1128
Variable types: 0 continuous, 32 integer (32 binary)
Coefficient statistics:
  Matrix range     [1e+00, 2e+00]
  Objective range  [1e+00, 1e+00]
  Bounds range     [1e+00, 1e+00]
  RHS range        [1e+00, 1e+00]
Found heuristic solution: objective 9.0000000
Found heuristic solution: objective 13.0000000
Found heuristic solution: objective 16.0000000
Presolve removed 8 rows and 24 columns
Presolve time: 0.00s
Presolved: 9 rows, 8 columns, 32 nonzeros
Found heuristic solution: objective 17.0000000
Variable types: 0 continuous, 8 integer (8 binary)

Explored 0 nodes (0 simplex iterations) in 0.00 seconds
Thread count was 12 (of 12 available processors)

Solution count 4: 17 16 13 9 

Optimal solution found (tolerance 1.00e-04)
Best objective 1.700000000000e+01, best bound 1.700000000000e+01, gap 0.0000%

Gurobi 9.1.1 (win64) logging started Wed Mar 10 00:09:35 2021

Changed value of parameter LogFile to ../results/logs/log_samuel_kroger_2021_03_10_00_09_35.csv_2_1.log
   Prev:   Default: 
Gurobi Optimizer version 9.1.1 build v9.1.1rc0 (win64)
Thread count: 6 physical cores, 12 logical processors, using up to 12 threads
Optimize a model with 0 rows, 32 columns and 0 nonzeros
Model fingerprint: 0x857edb21
Variable types: 0 continuous, 32 integer (32 binary)
Coefficient statistics:
  Matrix range     [0e+00, 0e+00]
  Objective range  [0e+00, 0e+00]
  Bounds range     [1e+00, 1e+00]
  RHS range        [0e+00, 0e+00]
Found heuristic solution: objective 0.0000000

Explored 0 nodes (0 simplex iterations) in 0.00 seconds
Thread count was 1 (of 12 available processors)

Solution count 1: 0 

Optimal solution found (tolerance 1.00e-04)
Best objective 0.000000000000e+00, best bound 0.000000000000e+00, gap 0.0000%

Gurobi 9.1.1 (win64) logging started Wed Mar 10 00:09:36 2021

Changed value of parameter LogFile to ../results/logs/log_samuel_kroger_2021_03_10_00_09_35.csv_2_1.log
   Prev:   Default: 
Gurobi Optimizer version 9.1.1 build v9.1.1rc0 (win64)
Thread count: 6 physical cores, 12 logical processors, using up to 12 threads
Optimize a model with 67 rows, 68 columns and 443 nonzeros
Model fingerprint: 0xf7625fed
Variable types: 0 continuous, 68 integer (68 binary)
Coefficient statistics:
  Matrix range     [1e+00, 2e+00]
  Objective range  [1e+00, 1e+00]
  Bounds range     [1e+00, 1e+00]
  RHS range        [1e+00, 1e+00]
Found heuristic solution: objective 2.0000000
Presolve removed 0 rows and 1 columns
Presolve time: 0.00s
Presolved: 67 rows, 67 columns, 442 nonzeros
Variable types: 0 continuous, 67 integer (67 binary)

Root relaxation: objective 3.500000e+01, 1 iterations, 0.00 seconds

    Nodes    |    Current Node    |     Objective Bounds      |     Work
 Expl Unexpl |  Obj  Depth IntInf | Incumbent    BestBd   Gap | It/Node Time

*    0     0               0      35.0000000   35.00000  0.00%     -    0s

Explored 0 nodes (1 simplex iterations) in 0.00 seconds
Thread count was 12 (of 12 available processors)

Solution count 2: 35 2 

Optimal solution found (tolerance 1.00e-04)
Best objective 3.500000000000e+01, best bound 3.500000000000e+01, gap 0.0000%

Gurobi 9.1.1 (win64) logging started Wed Mar 10 00:09:36 2021

Changed value of parameter LogFile to ../results/logs/log_samuel_kroger_2021_03_10_00_09_35.csv_2_1.log
   Prev:   Default: 
Gurobi Optimizer version 9.1.1 build v9.1.1rc0 (win64)
Thread count: 6 physical cores, 12 logical processors, using up to 12 threads
Optimize a model with 0 rows, 68 columns and 0 nonzeros
Model fingerprint: 0xb3c442cc
Variable types: 0 continuous, 68 integer (68 binary)
Coefficient statistics:
  Matrix range     [0e+00, 0e+00]
  Objective range  [0e+00, 0e+00]
  Bounds range     [1e+00, 1e+00]
  RHS range        [0e+00, 0e+00]
Found heuristic solution: objective 0.0000000

Explored 0 nodes (0 simplex iterations) in 0.00 seconds
Thread count was 1 (of 12 available processors)

Solution count 1: 0 

Optimal solution found (tolerance 1.00e-04)
Best objective 0.000000000000e+00, best bound 0.000000000000e+00, gap 0.0000%

Gurobi 9.1.1 (win64) logging started Wed Mar 10 00:09:36 2021

Changed value of parameter LogFile to ../results/logs/log_samuel_kroger_2021_03_10_00_09_35.csv_2_1.log
   Prev:   Default: 
Gurobi Optimizer version 9.1.1 build v9.1.1rc0 (win64)
Thread count: 6 physical cores, 12 logical processors, using up to 12 threads
Optimize a model with 343 rows, 342 columns and 38424 nonzeros
Model fingerprint: 0xb3facbfd
Variable types: 0 continuous, 342 integer (342 binary)
Coefficient statistics:
  Matrix range     [1e+00, 2e+00]
  Objective range  [1e+00, 1e+00]
  Bounds range     [1e+00, 1e+00]
  RHS range        [1e+00, 1e+00]
Found heuristic solution: objective 1.0000000
Presolve time: 0.05s
Presolved: 343 rows, 342 columns, 38424 nonzeros
Variable types: 0 continuous, 342 integer (342 binary)

Root relaxation: objective 1.710000e+02, 0 iterations, 0.00 seconds

    Nodes    |    Current Node    |     Objective Bounds      |     Work
 Expl Unexpl |  Obj  Depth IntInf | Incumbent    BestBd   Gap | It/Node Time

*    0     0               0     171.0000000  171.00000  0.00%     -    0s

Explored 0 nodes (0 simplex iterations) in 0.06 seconds
Thread count was 12 (of 12 available processors)

Solution count 2: 171 1 

Optimal solution found (tolerance 1.00e-04)
Best objective 1.710000000000e+02, best bound 1.710000000000e+02, gap 0.0000%

Gurobi 9.1.1 (win64) logging started Wed Mar 10 00:09:36 2021

Changed value of parameter LogFile to ../results/logs/log_samuel_kroger_2021_03_10_00_09_35.csv_2_1.log
   Prev:   Default: 
Gurobi Optimizer version 9.1.1 build v9.1.1rc0 (win64)
Thread count: 6 physical cores, 12 logical processors, using up to 12 threads
Optimize a model with 0 rows, 342 columns and 0 nonzeros
Model fingerprint: 0xd9783430
Variable types: 0 continuous, 342 integer (342 binary)
Coefficient statistics:
  Matrix range     [0e+00, 0e+00]
  Objective range  [0e+00, 0e+00]
  Bounds range     [1e+00, 1e+00]
  RHS range        [0e+00, 0e+00]
Found heuristic solution: objective 0.0000000

Explored 0 nodes (0 simplex iterations) in 0.00 seconds
Thread count was 1 (of 12 available processors)

Solution count 1: 0 

Optimal solution found (tolerance 1.00e-04)
Best objective 0.000000000000e+00, best bound 0.000000000000e+00, gap 0.0000%

Gurobi 9.1.1 (win64) logging started Wed Mar 10 00:09:37 2021

Changed value of parameter LogFile to ../results/logs/log_samuel_kroger_2021_03_10_00_09_35.csv_2_1.log
   Prev:   Default: 
Gurobi Optimizer version 9.1.1 build v9.1.1rc0 (win64)
Thread count: 6 physical cores, 12 logical processors, using up to 12 threads
Optimize a model with 33 rows, 32 columns and 256 nonzeros
Model fingerprint: 0x42954b17
Variable types: 0 continuous, 32 integer (32 binary)
Coefficient statistics:
  Matrix range     [1e+00, 2e+00]
  Objective range  [1e+00, 1e+00]
  Bounds range     [1e+00, 1e+00]
  RHS range        [1e+00, 1e+00]
Found heuristic solution: objective 1.0000000
Presolve time: 0.00s
Presolved: 33 rows, 32 columns, 256 nonzeros
Variable types: 0 continuous, 32 integer (32 binary)

Root relaxation: objective 1.600000e+01, 0 iterations, 0.00 seconds

    Nodes    |    Current Node    |     Objective Bounds      |     Work
 Expl Unexpl |  Obj  Depth IntInf | Incumbent    BestBd   Gap | It/Node Time

*    0     0               0      16.0000000   16.00000  0.00%     -    0s

Explored 0 nodes (0 simplex iterations) in 0.07 seconds
Thread count was 12 (of 12 available processors)

Solution count 2: 16 1 

Optimal solution found (tolerance 1.00e-04)
Best objective 1.600000000000e+01, best bound 1.600000000000e+01, gap 0.0000%

Gurobi 9.1.1 (win64) logging started Wed Mar 10 00:09:37 2021

Changed value of parameter LogFile to ../results/logs/log_samuel_kroger_2021_03_10_00_09_35.csv_2_1.log
   Prev:   Default: 
Gurobi Optimizer version 9.1.1 build v9.1.1rc0 (win64)
Thread count: 6 physical cores, 12 logical processors, using up to 12 threads
Optimize a model with 0 rows, 32 columns and 0 nonzeros
Model fingerprint: 0x857edb21
Variable types: 0 continuous, 32 integer (32 binary)
Coefficient statistics:
  Matrix range     [0e+00, 0e+00]
  Objective range  [0e+00, 0e+00]
  Bounds range     [1e+00, 1e+00]
  RHS range        [0e+00, 0e+00]
Found heuristic solution: objective 0.0000000

Explored 0 nodes (0 simplex iterations) in 0.00 seconds
Thread count was 1 (of 12 available processors)

Solution count 1: 0 

Optimal solution found (tolerance 1.00e-04)
Best objective 0.000000000000e+00, best bound 0.000000000000e+00, gap 0.0000%

Gurobi 9.1.1 (win64) logging started Wed Mar 10 00:09:37 2021

Changed value of parameter LogFile to ../results/logs/log_samuel_kroger_2021_03_10_00_09_35.csv_2_1.log
   Prev:   Default: 
Gurobi Optimizer version 9.1.1 build v9.1.1rc0 (win64)
Thread count: 6 physical cores, 12 logical processors, using up to 12 threads
Optimize a model with 211 rows, 210 columns and 2184 nonzeros
Model fingerprint: 0x107196a9
Variable types: 0 continuous, 210 integer (210 binary)
Coefficient statistics:
  Matrix range     [1e+00, 2e+00]
  Objective range  [1e+00, 1e+00]
  Bounds range     [1e+00, 1e+00]
  RHS range        [1e+00, 1e+00]
Found heuristic solution: objective 1.0000000
Presolve time: 0.01s
Presolved: 211 rows, 210 columns, 2184 nonzeros
Variable types: 0 continuous, 210 integer (210 binary)

Root relaxation: objective 1.050000e+02, 0 iterations, 0.00 seconds

    Nodes    |    Current Node    |     Objective Bounds      |     Work
 Expl Unexpl |  Obj  Depth IntInf | Incumbent    BestBd   Gap | It/Node Time

*    0     0               0     105.0000000  105.00000  0.00%     -    0s

Explored 0 nodes (0 simplex iterations) in 0.01 seconds
Thread count was 12 (of 12 available processors)

Solution count 2: 105 1 

Optimal solution found (tolerance 1.00e-04)
Best objective 1.050000000000e+02, best bound 1.050000000000e+02, gap 0.0000%

Gurobi 9.1.1 (win64) logging started Wed Mar 10 00:09:37 2021

Changed value of parameter LogFile to ../results/logs/log_samuel_kroger_2021_03_10_00_09_35.csv_2_1.log
   Prev:   Default: 
Gurobi Optimizer version 9.1.1 build v9.1.1rc0 (win64)
Thread count: 6 physical cores, 12 logical processors, using up to 12 threads
Optimize a model with 0 rows, 210 columns and 0 nonzeros
Model fingerprint: 0x5dde7036
Variable types: 0 continuous, 210 integer (210 binary)
Coefficient statistics:
  Matrix range     [0e+00, 0e+00]
  Objective range  [0e+00, 0e+00]
  Bounds range     [1e+00, 1e+00]
  RHS range        [0e+00, 0e+00]
Found heuristic solution: objective 0.0000000

Explored 0 nodes (0 simplex iterations) in 0.00 seconds
Thread count was 1 (of 12 available processors)

Solution count 1: 0 

Optimal solution found (tolerance 1.00e-04)
Best objective 0.000000000000e+00, best bound 0.000000000000e+00, gap 0.0000%

Gurobi 9.1.1 (win64) logging started Wed Mar 10 00:09:37 2021

Changed value of parameter LogFile to ../results/logs/log_samuel_kroger_2021_03_10_00_09_35.csv_2_1.log
   Prev:   Default: 
Gurobi Optimizer version 9.1.1 build v9.1.1rc0 (win64)
Thread count: 6 physical cores, 12 logical processors, using up to 12 threads
Optimize a model with 601 rows, 600 columns and 44932 nonzeros
Model fingerprint: 0x50268b23
Variable types: 0 continuous, 600 integer (600 binary)
Coefficient statistics:
  Matrix range     [1e+00, 2e+00]
  Objective range  [1e+00, 1e+00]
  Bounds range     [1e+00, 1e+00]
  RHS range        [1e+00, 1e+00]
Found heuristic solution: objective 1.0000000
Presolve time: 0.14s
Presolved: 601 rows, 600 columns, 44932 nonzeros
Variable types: 0 continuous, 600 integer (600 binary)

Root relaxation: objective 3.000000e+02, 0 iterations, 0.00 seconds

    Nodes    |    Current Node    |     Objective Bounds      |     Work
 Expl Unexpl |  Obj  Depth IntInf | Incumbent    BestBd   Gap | It/Node Time

*    0     0               0     300.0000000  300.00000  0.00%     -    0s

Explored 0 nodes (0 simplex iterations) in 0.16 seconds
Thread count was 12 (of 12 available processors)

Solution count 2: 300 1 

Optimal solution found (tolerance 1.00e-04)
Best objective 3.000000000000e+02, best bound 3.000000000000e+02, gap 0.0000%

Gurobi 9.1.1 (win64) logging started Wed Mar 10 00:09:37 2021

Changed value of parameter LogFile to ../results/logs/log_samuel_kroger_2021_03_10_00_09_35.csv_2_1.log
   Prev:   Default: 
Gurobi Optimizer version 9.1.1 build v9.1.1rc0 (win64)
Thread count: 6 physical cores, 12 logical processors, using up to 12 threads
Optimize a model with 0 rows, 600 columns and 0 nonzeros
Model fingerprint: 0x0ccaaccb
Variable types: 0 continuous, 600 integer (600 binary)
Coefficient statistics:
  Matrix range     [0e+00, 0e+00]
  Objective range  [0e+00, 0e+00]
  Bounds range     [1e+00, 1e+00]
  RHS range        [0e+00, 0e+00]
Found heuristic solution: objective 0.0000000

Explored 0 nodes (0 simplex iterations) in 0.00 seconds
Thread count was 1 (of 12 available processors)

Solution count 1: 0 

Optimal solution found (tolerance 1.00e-04)
Best objective 0.000000000000e+00, best bound 0.000000000000e+00, gap 0.0000%

Gurobi 9.1.1 (win64) logging started Wed Mar 10 00:09:39 2021

Changed value of parameter LogFile to ../results/logs/log_samuel_kroger_2021_03_10_00_09_35.csv_2_1.log
   Prev:   Default: 
Gurobi Optimizer version 9.1.1 build v9.1.1rc0 (win64)
Thread count: 6 physical cores, 12 logical processors, using up to 12 threads
Optimize a model with 11 rows, 12 columns and 47 nonzeros
Model fingerprint: 0x10b2eb13
Variable types: 0 continuous, 12 integer (12 binary)
Coefficient statistics:
  Matrix range     [1e+00, 2e+00]
  Objective range  [1e+00, 1e+00]
  Bounds range     [1e+00, 1e+00]
  RHS range        [1e+00, 1e+00]
Found heuristic solution: objective 2.0000000
Presolve removed 0 rows and 1 columns
Presolve time: 0.00s
Presolved: 11 rows, 11 columns, 46 nonzeros
Variable types: 0 continuous, 11 integer (11 binary)

Root relaxation: objective 7.000000e+00, 1 iterations, 0.00 seconds

    Nodes    |    Current Node    |     Objective Bounds      |     Work
 Expl Unexpl |  Obj  Depth IntInf | Incumbent    BestBd   Gap | It/Node Time

*    0     0               0       7.0000000    7.00000  0.00%     -    0s

Explored 0 nodes (1 simplex iterations) in 0.00 seconds
Thread count was 12 (of 12 available processors)

Solution count 2: 7 2 

Optimal solution found (tolerance 1.00e-04)
Best objective 7.000000000000e+00, best bound 7.000000000000e+00, gap 0.0000%

Gurobi 9.1.1 (win64) logging started Wed Mar 10 00:09:39 2021

Changed value of parameter LogFile to ../results/logs/log_samuel_kroger_2021_03_10_00_09_35.csv_2_1.log
   Prev:   Default: 
Gurobi Optimizer version 9.1.1 build v9.1.1rc0 (win64)
Thread count: 6 physical cores, 12 logical processors, using up to 12 threads
Optimize a model with 0 rows, 12 columns and 0 nonzeros
Model fingerprint: 0xabfb43e7
Variable types: 0 continuous, 12 integer (12 binary)
Coefficient statistics:
  Matrix range     [0e+00, 0e+00]
  Objective range  [0e+00, 0e+00]
  Bounds range     [1e+00, 1e+00]
  RHS range        [0e+00, 0e+00]
Found heuristic solution: objective 0.0000000

Explored 0 nodes (0 simplex iterations) in 0.00 seconds
Thread count was 1 (of 12 available processors)

Solution count 1: 0 

Optimal solution found (tolerance 1.00e-04)
Best objective 0.000000000000e+00, best bound 0.000000000000e+00, gap 0.0000%
