
Gurobi 9.1.1 (win64) logging started Wed Mar 10 00:21:38 2021

Changed value of parameter LogFile to ../results/logs/log_samuel_kroger_2021_03_10_00_21_38.csv_6_1.log
   Prev:   Default: 
Gurobi Optimizer version 9.1.1 build v9.1.1rc0 (win64)
Thread count: 6 physical cores, 12 logical processors, using up to 12 threads
Optimize a model with 13 rows, 78 columns and 329 nonzeros
Model fingerprint: 0xc1ee34f6
Variable types: 0 continuous, 78 integer (78 binary)
Coefficient statistics:
  Matrix range     [1e+00, 6e+00]
  Objective range  [1e+00, 1e+00]
  Bounds range     [1e+00, 1e+00]
  RHS range        [1e+00, 1e+00]
Found heuristic solution: objective 35.0000000
Found heuristic solution: objective 40.0000000
Presolve removed 13 rows and 78 columns
Presolve time: 0.00s
Presolve: All rows and columns removed

Explored 0 nodes (0 simplex iterations) in 0.00 seconds
Thread count was 1 (of 12 available processors)

Solution count 2: 40 

Optimal solution found (tolerance 1.00e-04)
Best objective 4.000000000000e+01, best bound 4.000000000000e+01, gap 0.0000%

Gurobi 9.1.1 (win64) logging started Wed Mar 10 00:21:38 2021

Changed value of parameter LogFile to ../results/logs/log_samuel_kroger_2021_03_10_00_21_38.csv_6_1.log
   Prev:   Default: 
