
Gurobi 9.5.0 (win64) logging started Mon Jul 11 13:33:11 2022

Set parameter LogFile to value "../results/logs/log_facebook_combined_17_250_2022_07_11_13_33.log"
Gurobi Optimizer version 9.5.0 build v9.5.0rc5 (win64)
Thread count: 6 physical cores, 12 logical processors, using up to 12 threads
Optimize a model with 4735 rows, 8078 columns and 38543 nonzeros
Model fingerprint: 0x375d7fe5
Variable types: 0 continuous, 8078 integer (8078 binary)
Coefficient statistics:
  Matrix range     [1e+00, 2e+01]
  Objective range  [1e+00, 1e+00]
  Bounds range     [1e+00, 1e+00]
  RHS range        [1e+00, 3e+02]

User MIP start did not produce a new incumbent solution

Found heuristic solution: objective 2061.0000000
Presolve removed 1565 rows and 6366 columns
Presolve time: 0.16s
Presolved: 3170 rows, 1712 columns, 23485 nonzeros
Variable types: 0 continuous, 1712 integer (1692 binary)
Found heuristic solution: objective 2100.0000000

Root relaxation: objective 2.544347e+03, 877 iterations, 0.02 seconds (0.01 work units)

    Nodes    |    Current Node    |     Objective Bounds      |     Work
 Expl Unexpl |  Obj  Depth IntInf | Incumbent    BestBd   Gap | It/Node Time

     0     0 2544.34699    0   98 2100.00000 2544.34699  21.2%     -    0s
H    0     0                    2502.0000000 2544.34699  1.69%     -    0s
H    0     0                    2503.0000000 2544.34699  1.65%     -    0s
H    0     0                    2505.0000000 2544.34699  1.57%     -    0s
H    0     0                    2519.0000000 2544.34699  1.01%     -    0s
H    0     0                    2527.0000000 2544.34699  0.69%     -    0s
     0     0 2537.59994    0  120 2527.00000 2537.59994  0.42%     -    0s
H    0     0                    2531.0000000 2537.59994  0.26%     -    0s
     0     0 2537.23332    0  121 2531.00000 2537.23332  0.25%     -    0s
     0     0 2537.21565    0  113 2531.00000 2537.21565  0.25%     -    0s
     0     0 2535.69486    0  112 2531.00000 2535.69486  0.19%     -    0s
     0     0 2535.30839    0   85 2531.00000 2535.30839  0.17%     -    0s
     0     0 2535.24942    0   73 2531.00000 2535.24942  0.17%     -    0s
     0     0 2535.21654    0   70 2531.00000 2535.21654  0.17%     -    0s
     0     0 2535.19349    0   70 2531.00000 2535.19349  0.17%     -    0s
     0     0 2535.19326    0   72 2531.00000 2535.19326  0.17%     -    0s
H    0     0                    2533.0000000 2535.19326  0.09%     -    0s
     0     0 2535.01572    0   82 2533.00000 2535.01572  0.08%     -    0s
     0     0 2535.01572    0   64 2533.00000 2535.01572  0.08%     -    0s
     0     0 2535.01572    0   58 2533.00000 2535.01572  0.08%     -    0s
     0     0 2534.72326    0   46 2533.00000 2534.72326  0.07%     -    0s
     0     0 2534.66744    0   51 2533.00000 2534.66744  0.07%     -    0s
     0     0 2534.66744    0   51 2533.00000 2534.66744  0.07%     -    0s
     0     0 2534.44652    0   81 2533.00000 2534.44652  0.06%     -    0s
     0     0 2534.44652    0   40 2533.00000 2534.44652  0.06%     -    1s
     0     0 2534.44652    0   35 2533.00000 2534.44652  0.06%     -    1s
     0     0 2534.44652    0   33 2533.00000 2534.44652  0.06%     -    1s
     0     0 2534.44652    0   38 2533.00000 2534.44652  0.06%     -    1s
     0     0 2534.44652    0   38 2533.00000 2534.44652  0.06%     -    1s
     0     0     cutoff    0      2533.00000 2533.00000  0.00%     -    1s

Cutting planes:
  Gomory: 16
  Lift-and-project: 1
  Cover: 7
  Implied bound: 4
  Clique: 6
  MIR: 20
  GUB cover: 11
  Zero half: 6
  RLT: 9

Explored 1 nodes (3464 simplex iterations) in 1.05 seconds (0.45 work units)
Thread count was 12 (of 12 available processors)

Solution count 10: 2533 2533 2533 ... 2505

Optimal solution found (tolerance 0.00e+00)
Best objective 2.533000000000e+03, best bound 2.533000000000e+03, gap 0.0000%
