
Gurobi 9.5.1 (linux64) logging started Tue Jun  7 17:38:37 2022

Set parameter LogFile to value "../results/logs/log_web-Google_4_3_2022_06_07_14_43.log"
Gurobi Optimizer version 9.5.1 build v9.5.1rc2 (linux64)
Thread count: 8 physical cores, 8 logical processors, using up to 8 threads
Optimize a model with 93783 rows, 1751426 columns and 1188633 nonzeros
Model fingerprint: 0x8a75e14d
Variable types: 0 continuous, 1751426 integer (1751426 binary)
Coefficient statistics:
  Matrix range     [1e+00, 4e+00]
  Objective range  [1e+00, 1e+00]
  Bounds range     [1e+00, 1e+00]
  RHS range        [1e+00, 3e+00]
Found heuristic solution: objective 492655.00000
Presolve removed 38408 rows and 1668593 columns (presolve time = 5s) ...
Presolve removed 38820 rows and 1668738 columns (presolve time = 10s) ...
Presolve removed 38859 rows and 1668792 columns
Presolve time: 13.72s
Presolved: 54924 rows, 82634 columns, 279684 nonzeros
Variable types: 0 continuous, 82634 integer (68519 binary)
Found heuristic solution: objective 492657.00000

Deterministic concurrent LP optimizer: primal and dual simplex
Showing first log only...


Root simplex log...

Iteration    Objective       Primal Inf.    Dual Inf.      Time
       0    4.9266400e+05   0.000000e+00   3.059275e+04     15s
   23715    4.9976310e+05   0.000000e+00   0.000000e+00     15s
   23715    4.9976310e+05   0.000000e+00   0.000000e+00     15s

Use crossover to convert LP symmetric solution to basic solution...

Root crossover log...

      43 DPushes remaining with DInf 0.0000000e+00                15s
       0 DPushes remaining with DInf 0.0000000e+00                15s

       3 PPushes remaining with PInf 0.0000000e+00                15s
       0 PPushes remaining with PInf 0.0000000e+00                15s

  Push phase complete: Pinf 0.0000000e+00, Dinf 5.7867738e-12     15s


Root simplex log...

Iteration    Objective       Primal Inf.    Dual Inf.      Time
   23764    4.9976310e+05   0.000000e+00   0.000000e+00     15s
   23835    4.9976310e+05   0.000000e+00   0.000000e+00     15s
Extra simplex iterations after uncrush: 71
Concurrent spin time: 0.00s

Solved with primal simplex

Root relaxation: objective 4.997631e+05, 23835 iterations, 0.92 seconds (0.83 work units)

    Nodes    |    Current Node    |     Objective Bounds      |     Work
 Expl Unexpl |  Obj  Depth IntInf | Incumbent    BestBd   Gap | It/Node Time

     0     0 499763.103    0 8873 492657.000 499763.103  1.44%     -   24s
H    0     0                    492665.00000 499763.103  1.44%     -   31s
     0     0 495100.867    0 3835 492665.000 495100.867  0.49%     -   45s
H    0     0                    492672.00000 495100.867  0.49%     -   47s
     0     0 493422.339    0  886 492672.000 493422.339  0.15%     -   48s
     0     0 493295.228    0  752 492672.000 493295.228  0.13%     -   49s
     0     0 493288.561    0  728 492672.000 493288.561  0.13%     -   49s
     0     0 493288.414    0  728 492672.000 493288.414  0.13%     -   49s
     0     0 492896.243    0  422 492672.000 492896.243  0.05%     -   51s
H    0     0                    492699.00000 492896.243  0.04%     -   51s
     0     0 492872.322    0  360 492699.000 492872.322  0.04%     -   52s
     0     0 492869.825    0  365 492699.000 492869.825  0.03%     -   52s
     0     0 492827.050    0  384 492699.000 492827.050  0.03%     -   53s
     0     0 492814.788    0  343 492699.000 492814.788  0.02%     -   55s
     0     0 492809.667    0  326 492699.000 492809.667  0.02%     -   55s
     0     0 492809.011    0  328 492699.000 492809.011  0.02%     -   55s
     0     0 492796.254    0  310 492699.000 492796.254  0.02%     -   56s
H    0     0                    492701.00000 492796.254  0.02%     -   56s
     0     0 492790.915    0  314 492701.000 492790.915  0.02%     -   57s
     0     0 492790.411    0  300 492701.000 492790.411  0.02%     -   58s
     0     0 492782.652    0  285 492701.000 492782.652  0.02%     -   58s
     0     0 492781.247    0  275 492701.000 492781.247  0.02%     -   60s
     0     0 492773.550    0  251 492701.000 492773.550  0.01%     -   60s
H    0     0                    492702.00000 492773.550  0.01%     -   61s
     0     0 492773.103    0  246 492702.000 492773.103  0.01%     -   61s
     0     0 492767.564    0  283 492702.000 492767.564  0.01%     -   62s
     0     0 492767.290    0  263 492702.000 492767.290  0.01%     -   65s
     0     0 492767.290    0  259 492702.000 492767.290  0.01%     -   66s
H    0     0                    492710.00000 492767.290  0.01%     -   70s
     0     0 492753.654    0 7255 492710.000 492753.654  0.01%     -   93s
     0     0 492753.654    0 3345 492710.000 492753.654  0.01%     -  100s
     0     0 492753.654    0  676 492710.000 492753.654  0.01%     -  102s
     0     0 492753.654    0  420 492710.000 492753.654  0.01%     -  102s
     0     0 492753.654    0  320 492710.000 492753.654  0.01%     -  102s
     0     0 492753.654    0  367 492710.000 492753.654  0.01%     -  103s
     0     0 492753.654    0  283 492710.000 492753.654  0.01%     -  103s
     0     0 492753.654    0  293 492710.000 492753.654  0.01%     -  104s
     0     0 492753.654    0  293 492710.000 492753.654  0.01%     -  104s
     0     0 492753.654    0  288 492710.000 492753.654  0.01%     -  104s
     0     0 492753.654    0  269 492710.000 492753.654  0.01%     -  104s
     0     0 492753.654    0  309 492710.000 492753.654  0.01%     -  105s
     0     0 492753.209    0  260 492710.000 492753.209  0.01%     -  106s
     0     0 492752.004    0  264 492710.000 492752.004  0.01%     -  106s
     0     0 492744.475    0  217 492710.000 492744.475  0.01%     -  108s
     0     0 492741.969    0  190 492710.000 492741.969  0.01%     -  108s
     0     0 492739.070    0  234 492710.000 492739.070  0.01%     -  109s
     0     0 492736.517    0  191 492710.000 492736.517  0.01%     -  110s
     0     0 492734.092    0  206 492710.000 492734.092  0.00%     -  110s
     0     0 492733.228    0  151 492710.000 492733.228  0.00%     -  113s
     0     0 492733.222    0  154 492710.000 492733.222  0.00%     -  113s
     0     0 492733.216    0  160 492710.000 492733.216  0.00%     -  114s
     0     0 492733.216    0  160 492710.000 492733.216  0.00%     -  115s
     0     0 492733.216    0 5541 492710.000 492733.216  0.00%     -  136s
     0     0 492733.216    0 2532 492710.000 492733.216  0.00%     -  139s
     0     0 492733.216    0  526 492710.000 492733.216  0.00%     -  139s
     0     0 492733.216    0  326 492710.000 492733.216  0.00%     -  140s
     0     0 492733.216    0  272 492710.000 492733.216  0.00%     -  140s
     0     0 492733.216    0  264 492710.000 492733.216  0.00%     -  140s
     0     0 492733.216    0  236 492710.000 492733.216  0.00%     -  140s
     0     0 492733.216    0  235 492710.000 492733.216  0.00%     -  140s
     0     0 492733.216    0  245 492710.000 492733.216  0.00%     -  140s
     0     0 492733.216    0  224 492710.000 492733.216  0.00%     -  140s
     0     0 492733.216    0  229 492710.000 492733.216  0.00%     -  141s
     0     0 492733.216    0  221 492710.000 492733.216  0.00%     -  141s
     0     0 492733.216    0  208 492710.000 492733.216  0.00%     -  141s
     0     0 492733.216    0  208 492710.000 492733.216  0.00%     -  142s
     0     0 492733.216    0  191 492710.000 492733.216  0.00%     -  142s
     0     0 492733.216    0  198 492710.000 492733.216  0.00%     -  142s
     0     0 492733.216    0  227 492710.000 492733.216  0.00%     -  143s
     0     0 492733.216    0  189 492710.000 492733.216  0.00%     -  144s
     0     0 492733.216    0  186 492710.000 492733.216  0.00%     -  144s
     0     0 492733.216    0  186 492710.000 492733.216  0.00%     -  145s
     0     2 492733.216    0  186 492710.000 492733.216  0.00%     -  146s
   162    55 492718.395   20   93 492710.000 492730.216  0.00%   9.7  150s
   546    38 infeasible   38      492710.000 492723.393  0.00%  11.3  155s
  1244   161 492715.212   62   57 492710.000 492718.044  0.00%   8.8  160s
* 1423   161             100    492712.00000 492718.044  0.00%   8.5  160s

Cutting planes:
  Gomory: 161
  Lift-and-project: 7
  Cover: 340
  Implied bound: 10
  MIR: 1541
  StrongCG: 84
  GUB cover: 3580
  Inf proof: 4
  Zero half: 272
  RLT: 278
  Relax-and-lift: 45

Explored 1738 nodes (104011 simplex iterations) in 161.69 seconds (94.67 work units)
Thread count was 8 (of 8 available processors)

Solution count 9: 492712 492710 492702 ... 492655

Optimal solution found (tolerance 0.00e+00)
Best objective 4.927120000000e+05, best bound 4.927120000000e+05, gap 0.0000%
