
Gurobi 9.5.1 (linux64) logging started Mon Mar 21 02:06:00 2022

Set parameter LogFile to value "../results/logs/log_2022_03_21_02_06.csv_17_250.log"
Gurobi Optimizer version 9.5.1 build v9.5.1rc2 (linux64)
Thread count: 8 physical cores, 8 logical processors, using up to 8 threads
Optimize a model with 8079 rows, 8078 columns and 369092 nonzeros
Model fingerprint: 0xd2b7d04e
Variable types: 0 continuous, 8078 integer (8078 binary)
Coefficient statistics:
  Matrix range     [1e+00, 2e+01]
  Objective range  [1e+00, 1e+00]
  Bounds range     [1e+00, 1e+00]
  RHS range        [1e+00, 2e+02]
Found heuristic solution: objective -0.0000000
Presolve removed 2955 rows and 1995 columns
Presolve time: 0.70s
Presolved: 5124 rows, 6083 columns, 330531 nonzeros
Variable types: 0 continuous, 6083 integer (6019 binary)
Found heuristic solution: objective 10.0000000

Root relaxation: objective 2.551962e+03, 1075 iterations, 0.03 seconds (0.03 work units)

    Nodes    |    Current Node    |     Objective Bounds      |     Work
 Expl Unexpl |  Obj  Depth IntInf | Incumbent    BestBd   Gap | It/Node Time

     0     0 2551.96196    0  107   10.00000 2551.96196      -     -    0s
H    0     0                      36.0000000 2551.96196  6989%     -    0s
H    0     0                    2355.0000000 2551.96196  8.36%     -    1s
H    0     0                    2375.0000000 2551.96196  7.45%     -    1s
H    0     0                    2468.0000000 2551.52957  3.38%     -    1s
H    0     0                    2505.0000000 2551.52957  1.86%     -    1s
H    0     0                    2525.0000000 2551.52957  1.05%     -    1s
     0     0 2546.65621    0  188 2525.00000 2546.65621  0.86%     -    1s
     0     0 2542.07428    0  187 2525.00000 2542.07428  0.68%     -    1s
H    0     0                    2533.0000000 2542.07428  0.36%     -    2s
     0     0 2541.61926    0  252 2533.00000 2541.61926  0.34%     -    2s
     0     0 2539.71051    0  196 2533.00000 2539.71051  0.26%     -    2s
     0     0 2539.24368    0  205 2533.00000 2539.24368  0.25%     -    2s
     0     0 2539.13552    0  207 2533.00000 2539.13552  0.24%     -    2s
     0     0 2539.13309    0  209 2533.00000 2539.13309  0.24%     -    2s
     0     0 2537.33108    0  241 2533.00000 2537.33108  0.17%     -    4s
     0     0 2536.24788    0  136 2533.00000 2536.24788  0.13%     -    4s
     0     0 2536.14334    0  125 2533.00000 2536.14334  0.12%     -    4s
     0     0 2536.09293    0  139 2533.00000 2536.09293  0.12%     -    4s
     0     0 2536.09247    0  129 2533.00000 2536.09247  0.12%     -    4s
     0     0 2535.81706    0  140 2533.00000 2535.81706  0.11%     -    5s
     0     0 2535.68241    0  160 2533.00000 2535.68241  0.11%     -    5s
     0     0 2535.53454    0  100 2533.00000 2535.53454  0.10%     -    5s
     0     0 2535.43846    0  110 2533.00000 2535.43846  0.10%     -    5s
     0     0 2535.43258    0  108 2533.00000 2535.43258  0.10%     -    5s
     0     0 2535.42822    0  151 2533.00000 2535.42822  0.10%     -    5s
     0     0 2535.42195    0  107 2533.00000 2535.42195  0.10%     -    5s
     0     0 2535.42123    0  106 2533.00000 2535.42123  0.10%     -    5s
     0     0 2535.05992    0  148 2533.00000 2535.05992  0.08%     -    6s
     0     0 2534.99922    0  154 2533.00000 2534.99922  0.08%     -    6s
     0     0 2534.97308    0  144 2533.00000 2534.97308  0.08%     -    6s
     0     0 2534.96851    0  144 2533.00000 2534.96851  0.08%     -    6s
     0     0 2534.95452    0  141 2533.00000 2534.95452  0.08%     -    6s
     0     0 2534.94577    0  137 2533.00000 2534.94577  0.08%     -    6s
     0     0 2534.94497    0  144 2533.00000 2534.94497  0.08%     -    6s
     0     0 2534.81289    0  200 2533.00000 2534.81289  0.07%     -    6s
     0     0 2534.81289    0   65 2533.00000 2534.81289  0.07%     -    7s
     0     0 2534.81289    0   76 2533.00000 2534.81289  0.07%     -    7s
     0     0 2534.81289    0   34 2533.00000 2534.81289  0.07%     -    7s
     0     0 2534.81289    0   39 2533.00000 2534.81289  0.07%     -    7s
     0     0 2534.81289    0   37 2533.00000 2534.81289  0.07%     -    7s
     0     0 2534.81289    0   37 2533.00000 2534.81289  0.07%     -    7s
     0     0 2534.81289    0   59 2533.00000 2534.81289  0.07%     -    7s
     0     0 2534.67648    0   33 2533.00000 2534.67648  0.07%     -    7s
     0     0 2534.61893    0   67 2533.00000 2534.61893  0.06%     -    7s
     0     0 2534.59627    0   64 2533.00000 2534.59627  0.06%     -    7s
     0     0 2534.58271    0   72 2533.00000 2534.58271  0.06%     -    7s
     0     0 2534.57487    0   64 2533.00000 2534.57487  0.06%     -    7s
     0     0 2534.25867    0   39 2533.00000 2534.25867  0.05%     -    7s
     0     0 2534.25867    0   27 2533.00000 2534.25867  0.05%     -    7s
     0     0 2534.25867    0   45 2533.00000 2534.25867  0.05%     -    7s
     0     0 2534.25867    0   39 2533.00000 2534.25867  0.05%     -    7s
     0     0 2534.25867    0   45 2533.00000 2534.25867  0.05%     -    7s
     0     0 2534.25867    0   46 2533.00000 2534.25867  0.05%     -    7s
     0     0 2534.25867    0   32 2533.00000 2534.25867  0.05%     -    7s
     0     0 2534.25867    0   32 2533.00000 2534.25867  0.05%     -    7s
     0     0 2534.18182    0   16 2533.00000 2534.18182  0.05%     -    7s
     0     0     cutoff    0      2533.00000 2533.00000  0.00%     -    7s

Cutting planes:
  Gomory: 9
  Implied bound: 4
  Clique: 1
  MIR: 16
  StrongCG: 4
  GUB cover: 13
  RLT: 5
  Relax-and-lift: 1

Explored 1 nodes (5933 simplex iterations) in 7.11 seconds (7.49 work units)
Thread count was 8 (of 8 available processors)

Solution count 10: 2533 2533 2533 ... 2375

Optimal solution found (tolerance 1.00e-04)
Best objective 2.533000000000e+03, best bound 2.533000000000e+03, gap 0.0000%

Gurobi 9.5.1 (linux64) logging started Mon Mar 21 05:11:36 2022

Set parameter LogFile to value "../results/logs/log_2022_03_21_02_06.csv_17_250.log"
Gurobi Optimizer version 9.5.1 build v9.5.1rc2 (linux64)
Thread count: 8 physical cores, 8 logical processors, using up to 8 threads
Optimize a model with 8079 rows, 8078 columns and 369092 nonzeros
Model fingerprint: 0xd2b7d04e
Variable types: 0 continuous, 8078 integer (8078 binary)
Coefficient statistics:
  Matrix range     [1e+00, 2e+01]
  Objective range  [1e+00, 1e+00]
  Bounds range     [1e+00, 1e+00]
  RHS range        [1e+00, 2e+02]
Found heuristic solution: objective -0.0000000
Presolve removed 2955 rows and 1995 columns
Presolve time: 0.67s
Presolved: 5124 rows, 6083 columns, 330531 nonzeros
Variable types: 0 continuous, 6083 integer (6019 binary)
Found heuristic solution: objective 10.0000000

Root relaxation: objective 2.551962e+03, 1075 iterations, 0.03 seconds (0.03 work units)

    Nodes    |    Current Node    |     Objective Bounds      |     Work
 Expl Unexpl |  Obj  Depth IntInf | Incumbent    BestBd   Gap | It/Node Time

     0     0 2551.96196    0  107   10.00000 2551.96196      -     -    0s
H    0     0                      36.0000000 2551.96196  6989%     -    0s
H    0     0                    2355.0000000 2551.96196  8.36%     -    1s
H    0     0                    2375.0000000 2551.96196  7.45%     -    1s
H    0     0                    2468.0000000 2551.52957  3.38%     -    1s
H    0     0                    2505.0000000 2551.52957  1.86%     -    1s
H    0     0                    2525.0000000 2551.52957  1.05%     -    1s
     0     0 2546.65621    0  188 2525.00000 2546.65621  0.86%     -    1s
     0     0 2542.07428    0  187 2525.00000 2542.07428  0.68%     -    1s
H    0     0                    2533.0000000 2542.07428  0.36%     -    2s
     0     0 2541.61926    0  252 2533.00000 2541.61926  0.34%     -    2s
     0     0 2539.71051    0  196 2533.00000 2539.71051  0.26%     -    2s
     0     0 2539.24368    0  205 2533.00000 2539.24368  0.25%     -    2s
     0     0 2539.13552    0  207 2533.00000 2539.13552  0.24%     -    2s
     0     0 2539.13309    0  209 2533.00000 2539.13309  0.24%     -    2s
     0     0 2537.33108    0  241 2533.00000 2537.33108  0.17%     -    4s
     0     0 2536.24788    0  136 2533.00000 2536.24788  0.13%     -    4s
     0     0 2536.14334    0  125 2533.00000 2536.14334  0.12%     -    4s
     0     0 2536.09293    0  139 2533.00000 2536.09293  0.12%     -    4s
     0     0 2536.09247    0  129 2533.00000 2536.09247  0.12%     -    4s
     0     0 2535.81706    0  140 2533.00000 2535.81706  0.11%     -    5s
     0     0 2535.68241    0  160 2533.00000 2535.68241  0.11%     -    5s
     0     0 2535.53454    0  100 2533.00000 2535.53454  0.10%     -    5s
     0     0 2535.43846    0  110 2533.00000 2535.43846  0.10%     -    5s
     0     0 2535.43258    0  108 2533.00000 2535.43258  0.10%     -    5s
     0     0 2535.42822    0  151 2533.00000 2535.42822  0.10%     -    5s
     0     0 2535.42195    0  107 2533.00000 2535.42195  0.10%     -    5s
     0     0 2535.42123    0  106 2533.00000 2535.42123  0.10%     -    5s
     0     0 2535.05992    0  148 2533.00000 2535.05992  0.08%     -    6s
     0     0 2534.99922    0  154 2533.00000 2534.99922  0.08%     -    6s
     0     0 2534.97308    0  144 2533.00000 2534.97308  0.08%     -    6s
     0     0 2534.96851    0  144 2533.00000 2534.96851  0.08%     -    6s
     0     0 2534.95452    0  141 2533.00000 2534.95452  0.08%     -    6s
     0     0 2534.94577    0  137 2533.00000 2534.94577  0.08%     -    6s
     0     0 2534.94497    0  144 2533.00000 2534.94497  0.08%     -    6s
     0     0 2534.81289    0  200 2533.00000 2534.81289  0.07%     -    6s
     0     0 2534.81289    0   65 2533.00000 2534.81289  0.07%     -    6s
     0     0 2534.81289    0   76 2533.00000 2534.81289  0.07%     -    6s
     0     0 2534.81289    0   34 2533.00000 2534.81289  0.07%     -    6s
     0     0 2534.81289    0   39 2533.00000 2534.81289  0.07%     -    6s
     0     0 2534.81289    0   37 2533.00000 2534.81289  0.07%     -    6s
     0     0 2534.81289    0   37 2533.00000 2534.81289  0.07%     -    6s
     0     0 2534.81289    0   59 2533.00000 2534.81289  0.07%     -    6s
     0     0 2534.67648    0   33 2533.00000 2534.67648  0.07%     -    6s
     0     0 2534.61893    0   67 2533.00000 2534.61893  0.06%     -    6s
     0     0 2534.59627    0   64 2533.00000 2534.59627  0.06%     -    6s
     0     0 2534.58271    0   72 2533.00000 2534.58271  0.06%     -    6s
     0     0 2534.57487    0   64 2533.00000 2534.57487  0.06%     -    6s
     0     0 2534.25867    0   39 2533.00000 2534.25867  0.05%     -    7s
     0     0 2534.25867    0   27 2533.00000 2534.25867  0.05%     -    7s
     0     0 2534.25867    0   45 2533.00000 2534.25867  0.05%     -    7s
     0     0 2534.25867    0   39 2533.00000 2534.25867  0.05%     -    7s
     0     0 2534.25867    0   45 2533.00000 2534.25867  0.05%     -    7s
     0     0 2534.25867    0   46 2533.00000 2534.25867  0.05%     -    7s
     0     0 2534.25867    0   32 2533.00000 2534.25867  0.05%     -    7s
     0     0 2534.25867    0   32 2533.00000 2534.25867  0.05%     -    7s
     0     0 2534.18182    0   16 2533.00000 2534.18182  0.05%     -    7s
     0     0     cutoff    0      2533.00000 2533.00000  0.00%     -    7s

Cutting planes:
  Gomory: 9
  Implied bound: 4
  Clique: 1
  MIR: 16
  StrongCG: 4
  GUB cover: 13
  RLT: 5
  Relax-and-lift: 1

Explored 1 nodes (5933 simplex iterations) in 7.25 seconds (7.49 work units)
Thread count was 8 (of 8 available processors)

Solution count 10: 2533 2533 2533 ... 2375

Optimal solution found (tolerance 1.00e-04)
Best objective 2.533000000000e+03, best bound 2.533000000000e+03, gap 0.0000%

Gurobi 9.5.1 (linux64) logging started Mon Mar 21 08:17:08 2022

Set parameter LogFile to value "../results/logs/log_2022_03_21_02_06.csv_17_250.log"
Gurobi Optimizer version 9.5.1 build v9.5.1rc2 (linux64)
Thread count: 8 physical cores, 8 logical processors, using up to 8 threads
Optimize a model with 8079 rows, 8078 columns and 369092 nonzeros
Model fingerprint: 0xd2b7d04e
Variable types: 0 continuous, 8078 integer (8078 binary)
Coefficient statistics:
  Matrix range     [1e+00, 2e+01]
  Objective range  [1e+00, 1e+00]
  Bounds range     [1e+00, 1e+00]
  RHS range        [1e+00, 2e+02]
Found heuristic solution: objective -0.0000000
Presolve removed 2955 rows and 1995 columns
Presolve time: 0.69s
Presolved: 5124 rows, 6083 columns, 330531 nonzeros
Variable types: 0 continuous, 6083 integer (6019 binary)
Found heuristic solution: objective 10.0000000

Root relaxation: objective 2.551962e+03, 1075 iterations, 0.03 seconds (0.03 work units)

    Nodes    |    Current Node    |     Objective Bounds      |     Work
 Expl Unexpl |  Obj  Depth IntInf | Incumbent    BestBd   Gap | It/Node Time

     0     0 2551.96196    0  107   10.00000 2551.96196      -     -    0s
H    0     0                      36.0000000 2551.96196  6989%     -    0s
H    0     0                    2355.0000000 2551.96196  8.36%     -    1s
H    0     0                    2375.0000000 2551.96196  7.45%     -    1s
H    0     0                    2468.0000000 2551.52957  3.38%     -    1s
H    0     0                    2505.0000000 2551.52957  1.86%     -    1s
H    0     0                    2525.0000000 2551.52957  1.05%     -    1s
     0     0 2546.65621    0  188 2525.00000 2546.65621  0.86%     -    1s
     0     0 2542.07428    0  187 2525.00000 2542.07428  0.68%     -    1s
H    0     0                    2533.0000000 2542.07428  0.36%     -    2s
     0     0 2541.61926    0  252 2533.00000 2541.61926  0.34%     -    2s
     0     0 2539.71051    0  196 2533.00000 2539.71051  0.26%     -    2s
     0     0 2539.24368    0  205 2533.00000 2539.24368  0.25%     -    2s
     0     0 2539.13552    0  207 2533.00000 2539.13552  0.24%     -    2s
     0     0 2539.13309    0  209 2533.00000 2539.13309  0.24%     -    2s
     0     0 2537.33108    0  241 2533.00000 2537.33108  0.17%     -    4s
     0     0 2536.24788    0  136 2533.00000 2536.24788  0.13%     -    4s
     0     0 2536.14334    0  125 2533.00000 2536.14334  0.12%     -    4s
     0     0 2536.09293    0  139 2533.00000 2536.09293  0.12%     -    4s
     0     0 2536.09247    0  129 2533.00000 2536.09247  0.12%     -    4s
     0     0 2535.81706    0  140 2533.00000 2535.81706  0.11%     -    5s
     0     0 2535.68241    0  160 2533.00000 2535.68241  0.11%     -    5s
     0     0 2535.53454    0  100 2533.00000 2535.53454  0.10%     -    5s
     0     0 2535.43846    0  110 2533.00000 2535.43846  0.10%     -    5s
     0     0 2535.43258    0  108 2533.00000 2535.43258  0.10%     -    5s
     0     0 2535.42822    0  151 2533.00000 2535.42822  0.10%     -    5s
     0     0 2535.42195    0  107 2533.00000 2535.42195  0.10%     -    5s
     0     0 2535.42123    0  106 2533.00000 2535.42123  0.10%     -    5s
     0     0 2535.05992    0  148 2533.00000 2535.05992  0.08%     -    6s
     0     0 2534.99922    0  154 2533.00000 2534.99922  0.08%     -    6s
     0     0 2534.97308    0  144 2533.00000 2534.97308  0.08%     -    6s
     0     0 2534.96851    0  144 2533.00000 2534.96851  0.08%     -    6s
     0     0 2534.95452    0  141 2533.00000 2534.95452  0.08%     -    6s
     0     0 2534.94577    0  137 2533.00000 2534.94577  0.08%     -    6s
     0     0 2534.94497    0  144 2533.00000 2534.94497  0.08%     -    6s
     0     0 2534.81289    0  200 2533.00000 2534.81289  0.07%     -    6s
     0     0 2534.81289    0   65 2533.00000 2534.81289  0.07%     -    6s
     0     0 2534.81289    0   76 2533.00000 2534.81289  0.07%     -    6s
     0     0 2534.81289    0   34 2533.00000 2534.81289  0.07%     -    6s
     0     0 2534.81289    0   39 2533.00000 2534.81289  0.07%     -    6s
     0     0 2534.81289    0   37 2533.00000 2534.81289  0.07%     -    6s
     0     0 2534.81289    0   37 2533.00000 2534.81289  0.07%     -    6s
     0     0 2534.81289    0   59 2533.00000 2534.81289  0.07%     -    6s
     0     0 2534.67648    0   33 2533.00000 2534.67648  0.07%     -    6s
     0     0 2534.61893    0   67 2533.00000 2534.61893  0.06%     -    6s
     0     0 2534.59627    0   64 2533.00000 2534.59627  0.06%     -    6s
     0     0 2534.58271    0   72 2533.00000 2534.58271  0.06%     -    6s
     0     0 2534.57487    0   64 2533.00000 2534.57487  0.06%     -    6s
     0     0 2534.25867    0   39 2533.00000 2534.25867  0.05%     -    6s
     0     0 2534.25867    0   27 2533.00000 2534.25867  0.05%     -    6s
     0     0 2534.25867    0   45 2533.00000 2534.25867  0.05%     -    6s
     0     0 2534.25867    0   39 2533.00000 2534.25867  0.05%     -    6s
     0     0 2534.25867    0   45 2533.00000 2534.25867  0.05%     -    6s
     0     0 2534.25867    0   46 2533.00000 2534.25867  0.05%     -    6s
     0     0 2534.25867    0   32 2533.00000 2534.25867  0.05%     -    6s
     0     0 2534.25867    0   32 2533.00000 2534.25867  0.05%     -    6s
     0     0 2534.18182    0   16 2533.00000 2534.18182  0.05%     -    6s
     0     0     cutoff    0      2533.00000 2533.00000  0.00%     -    6s

Cutting planes:
  Gomory: 9
  Implied bound: 4
  Clique: 1
  MIR: 16
  StrongCG: 4
  GUB cover: 13
  RLT: 5
  Relax-and-lift: 1

Explored 1 nodes (5933 simplex iterations) in 7.00 seconds (7.49 work units)
Thread count was 8 (of 8 available processors)

Solution count 10: 2533 2533 2533 ... 2375

Optimal solution found (tolerance 1.00e-04)
Best objective 2.533000000000e+03, best bound 2.533000000000e+03, gap 0.0000%

Gurobi 9.5.1 (linux64) logging started Mon Mar 21 11:22:41 2022

Set parameter LogFile to value "../results/logs/log_2022_03_21_02_06.csv_17_250.log"
Gurobi Optimizer version 9.5.1 build v9.5.1rc2 (linux64)
Thread count: 8 physical cores, 8 logical processors, using up to 8 threads
Optimize a model with 8079 rows, 8078 columns and 369092 nonzeros
Model fingerprint: 0xd2b7d04e
Variable types: 0 continuous, 8078 integer (8078 binary)
Coefficient statistics:
  Matrix range     [1e+00, 2e+01]
  Objective range  [1e+00, 1e+00]
  Bounds range     [1e+00, 1e+00]
  RHS range        [1e+00, 2e+02]
Found heuristic solution: objective -0.0000000
Presolve removed 2955 rows and 1995 columns
Presolve time: 0.67s
Presolved: 5124 rows, 6083 columns, 330531 nonzeros
Variable types: 0 continuous, 6083 integer (6019 binary)
Found heuristic solution: objective 10.0000000

Root relaxation: objective 2.551962e+03, 1075 iterations, 0.03 seconds (0.03 work units)

    Nodes    |    Current Node    |     Objective Bounds      |     Work
 Expl Unexpl |  Obj  Depth IntInf | Incumbent    BestBd   Gap | It/Node Time

     0     0 2551.96196    0  107   10.00000 2551.96196      -     -    0s
H    0     0                      36.0000000 2551.96196  6989%     -    0s
H    0     0                    2355.0000000 2551.96196  8.36%     -    1s
H    0     0                    2375.0000000 2551.96196  7.45%     -    1s
H    0     0                    2468.0000000 2551.52957  3.38%     -    1s
H    0     0                    2505.0000000 2551.52957  1.86%     -    1s
H    0     0                    2525.0000000 2551.52957  1.05%     -    1s
     0     0 2546.65621    0  188 2525.00000 2546.65621  0.86%     -    1s
     0     0 2542.07428    0  187 2525.00000 2542.07428  0.68%     -    1s
H    0     0                    2533.0000000 2542.07428  0.36%     -    2s
     0     0 2541.61926    0  252 2533.00000 2541.61926  0.34%     -    2s
     0     0 2539.71051    0  196 2533.00000 2539.71051  0.26%     -    2s
     0     0 2539.24368    0  205 2533.00000 2539.24368  0.25%     -    2s
     0     0 2539.13552    0  207 2533.00000 2539.13552  0.24%     -    2s
     0     0 2539.13309    0  209 2533.00000 2539.13309  0.24%     -    2s
     0     0 2537.33108    0  241 2533.00000 2537.33108  0.17%     -    4s
     0     0 2536.24788    0  136 2533.00000 2536.24788  0.13%     -    4s
     0     0 2536.14334    0  125 2533.00000 2536.14334  0.12%     -    4s
     0     0 2536.09293    0  139 2533.00000 2536.09293  0.12%     -    4s
     0     0 2536.09247    0  129 2533.00000 2536.09247  0.12%     -    4s
     0     0 2535.81706    0  140 2533.00000 2535.81706  0.11%     -    5s
     0     0 2535.68241    0  160 2533.00000 2535.68241  0.11%     -    5s
     0     0 2535.53454    0  100 2533.00000 2535.53454  0.10%     -    5s
     0     0 2535.43846    0  110 2533.00000 2535.43846  0.10%     -    5s
     0     0 2535.43258    0  108 2533.00000 2535.43258  0.10%     -    5s
     0     0 2535.42822    0  151 2533.00000 2535.42822  0.10%     -    5s
     0     0 2535.42195    0  107 2533.00000 2535.42195  0.10%     -    5s
     0     0 2535.42123    0  106 2533.00000 2535.42123  0.10%     -    5s
     0     0 2535.05992    0  148 2533.00000 2535.05992  0.08%     -    6s
     0     0 2534.99922    0  154 2533.00000 2534.99922  0.08%     -    6s
     0     0 2534.97308    0  144 2533.00000 2534.97308  0.08%     -    6s
     0     0 2534.96851    0  144 2533.00000 2534.96851  0.08%     -    6s
     0     0 2534.95452    0  141 2533.00000 2534.95452  0.08%     -    6s
     0     0 2534.94577    0  137 2533.00000 2534.94577  0.08%     -    6s
     0     0 2534.94497    0  144 2533.00000 2534.94497  0.08%     -    6s
     0     0 2534.81289    0  200 2533.00000 2534.81289  0.07%     -    6s
     0     0 2534.81289    0   65 2533.00000 2534.81289  0.07%     -    6s
     0     0 2534.81289    0   76 2533.00000 2534.81289  0.07%     -    6s
     0     0 2534.81289    0   34 2533.00000 2534.81289  0.07%     -    6s
     0     0 2534.81289    0   39 2533.00000 2534.81289  0.07%     -    6s
     0     0 2534.81289    0   37 2533.00000 2534.81289  0.07%     -    6s
     0     0 2534.81289    0   37 2533.00000 2534.81289  0.07%     -    6s
     0     0 2534.81289    0   59 2533.00000 2534.81289  0.07%     -    6s
     0     0 2534.67648    0   33 2533.00000 2534.67648  0.07%     -    6s
     0     0 2534.61893    0   67 2533.00000 2534.61893  0.06%     -    6s
     0     0 2534.59627    0   64 2533.00000 2534.59627  0.06%     -    6s
     0     0 2534.58271    0   72 2533.00000 2534.58271  0.06%     -    6s
     0     0 2534.57487    0   64 2533.00000 2534.57487  0.06%     -    6s
     0     0 2534.25867    0   39 2533.00000 2534.25867  0.05%     -    7s
     0     0 2534.25867    0   27 2533.00000 2534.25867  0.05%     -    7s
     0     0 2534.25867    0   45 2533.00000 2534.25867  0.05%     -    7s
     0     0 2534.25867    0   39 2533.00000 2534.25867  0.05%     -    7s
     0     0 2534.25867    0   45 2533.00000 2534.25867  0.05%     -    7s
     0     0 2534.25867    0   46 2533.00000 2534.25867  0.05%     -    7s
     0     0 2534.25867    0   32 2533.00000 2534.25867  0.05%     -    7s
     0     0 2534.25867    0   32 2533.00000 2534.25867  0.05%     -    7s
     0     0 2534.18182    0   16 2533.00000 2534.18182  0.05%     -    7s
     0     0     cutoff    0      2533.00000 2533.00000  0.00%     -    7s

Cutting planes:
  Gomory: 9
  Implied bound: 4
  Clique: 1
  MIR: 16
  StrongCG: 4
  GUB cover: 13
  RLT: 5
  Relax-and-lift: 1

Explored 1 nodes (5933 simplex iterations) in 7.06 seconds (7.49 work units)
Thread count was 8 (of 8 available processors)

Solution count 10: 2533 2533 2533 ... 2375

Optimal solution found (tolerance 1.00e-04)
Best objective 2.533000000000e+03, best bound 2.533000000000e+03, gap 0.0000%

Gurobi 9.5.1 (linux64) logging started Mon Mar 21 14:38:24 2022

Set parameter LogFile to value "../results/logs/log_2022_03_21_02_06.csv_17_250.log"
Gurobi Optimizer version 9.5.1 build v9.5.1rc2 (linux64)
Thread count: 8 physical cores, 8 logical processors, using up to 8 threads
Optimize a model with 8079 rows, 8078 columns and 369092 nonzeros
Model fingerprint: 0x3d813e31
Variable types: 4039 continuous, 4039 integer (4039 binary)
Coefficient statistics:
  Matrix range     [1e+00, 2e+01]
  Objective range  [1e+00, 1e+00]
  Bounds range     [1e+00, 1e+00]
  RHS range        [1e+00, 2e+02]
Found heuristic solution: objective -0.0000000
Presolve removed 2955 rows and 1995 columns
Presolve time: 0.56s
Presolved: 5124 rows, 6083 columns, 330531 nonzeros
Variable types: 3521 continuous, 2562 integer (2562 binary)
Found heuristic solution: objective 10.0000000

Root relaxation: objective 2.551962e+03, 1070 iterations, 0.03 seconds (0.04 work units)

    Nodes    |    Current Node    |     Objective Bounds      |     Work
 Expl Unexpl |  Obj  Depth IntInf | Incumbent    BestBd   Gap | It/Node Time

     0     0 2551.96196    0   65   10.00000 2551.96196      -     -    0s
H    0     0                    2468.0000000 2551.96196  3.40%     -    0s
H    0     0                    2480.0000000 2551.96196  2.90%     -    0s
     0     0 2547.28777    0   93 2480.00000 2547.28777  2.71%     -    0s
     0     0 2547.05503    0   91 2480.00000 2547.05503  2.70%     -    1s
     0     0 2540.84661    0  104 2480.00000 2540.84661  2.45%     -    1s
     0     0 2539.68602    0   97 2480.00000 2539.68602  2.41%     -    1s
     0     0 2539.62510    0   99 2480.00000 2539.62510  2.40%     -    1s
     0     0 2539.61019    0   99 2480.00000 2539.61019  2.40%     -    1s
     0     0 2537.22775    0   86 2480.00000 2537.22775  2.31%     -    1s
     0     0 2536.17510    0   71 2480.00000 2536.17510  2.27%     -    1s
     0     0 2535.93970    0   54 2480.00000 2535.93970  2.26%     -    1s
     0     0 2535.87023    0   53 2480.00000 2535.87023  2.25%     -    1s
     0     0 2535.84555    0   43 2480.00000 2535.84555  2.25%     -    1s
     0     0 2535.84555    0   43 2480.00000 2535.84555  2.25%     -    2s
     0     0 2535.38134    0   63 2480.00000 2535.38134  2.23%     -    2s
     0     0 2535.25616    0   47 2480.00000 2535.25616  2.23%     -    2s
     0     0 2535.22951    0   30 2480.00000 2535.22951  2.23%     -    2s
     0     0 2535.16464    0   56 2480.00000 2535.16464  2.22%     -    2s
     0     0 2535.15440    0   52 2480.00000 2535.15440  2.22%     -    2s
     0     0 2535.14408    0   57 2480.00000 2535.14408  2.22%     -    2s
     0     0 2535.13559    0   51 2480.00000 2535.13559  2.22%     -    2s
     0     0 2535.12715    0   45 2480.00000 2535.12715  2.22%     -    2s
H    0     0                    2516.0000000 2535.12259  0.76%     -    2s
H    0     0                    2517.0000000 2535.12259  0.72%     -    2s
     0     0 2535.12259    0   58 2517.00000 2535.12259  0.72%     -    2s
H    0     0                    2518.0000000 2535.11907  0.68%     -    2s
     0     0 2535.11907    0   48 2518.00000 2535.11907  0.68%     -    2s
     0     0 2535.11867    0   46 2518.00000 2535.11867  0.68%     -    2s
H    0     0                    2521.0000000 2535.11867  0.56%     -    2s
     0     0 2535.02366    0   60 2521.00000 2535.02366  0.56%     -    2s
     0     0 2534.98813    0   27 2521.00000 2534.98813  0.55%     -    2s
     0     0 2534.97794    0   51 2521.00000 2534.97794  0.55%     -    3s
     0     0 2534.97069    0   51 2521.00000 2534.97069  0.55%     -    3s
H    0     0                    2530.0000000 2534.97045  0.20%     -    3s
     0     0 2534.97045    0   51 2530.00000 2534.97045  0.20%     -    3s
     0     0 2534.87531    0   43 2530.00000 2534.87531  0.19%     -    3s
H    0     0                    2531.0000000 2534.83879  0.15%     -    3s
     0     0 2534.83879    0   75 2531.00000 2534.83879  0.15%     -    3s
     0     0 2534.82757    0   47 2531.00000 2534.82757  0.15%     -    3s
     0     0 2534.80174    0   39 2531.00000 2534.80174  0.15%     -    3s
     0     0 2534.78505    0   48 2531.00000 2534.78505  0.15%     -    3s
     0     0 2534.77801    0   48 2531.00000 2534.77801  0.15%     -    3s
     0     0 2534.77220    0   49 2531.00000 2534.77220  0.15%     -    3s
     0     0 2534.77214    0   49 2531.00000 2534.77214  0.15%     -    3s
     0     0 2534.72099    0   35 2531.00000 2534.72099  0.15%     -    3s
     0     0 2534.64281    0   68 2531.00000 2534.64281  0.14%     -    3s
     0     0 2534.60145    0   49 2531.00000 2534.60145  0.14%     -    3s
     0     0 2534.59853    0   49 2531.00000 2534.59853  0.14%     -    3s
     0     0 2534.34070    0   34 2531.00000 2534.34070  0.13%     -    3s
H    0     0                    2532.0000000 2534.30462  0.09%     -    3s
     0     0 2534.30462    0   46 2532.00000 2534.30462  0.09%     -    3s
     0     0 2534.25458    0   37 2532.00000 2534.25458  0.09%     -    4s
     0     0 2534.24239    0   66 2532.00000 2534.24239  0.09%     -    4s
     0     0 2534.23259    0   64 2532.00000 2534.23259  0.09%     -    4s
     0     0 2534.23134    0   63 2532.00000 2534.23134  0.09%     -    4s
     0     0 2534.21388    0   34 2532.00000 2534.21388  0.09%     -    4s
     0     0 2534.18994    0   48 2532.00000 2534.18994  0.09%     -    4s
     0     0 2534.18465    0   40 2532.00000 2534.18465  0.09%     -    4s
     0     0 2534.18126    0   41 2532.00000 2534.18126  0.09%     -    4s
H    0     0                    2533.0000000 2534.18126  0.05%     -    4s
     0     0 2534.16552    0   23 2533.00000 2534.16552  0.05%     -    4s
     0     0 2534.16552    0   15 2533.00000 2534.16552  0.05%     -    4s
     0     0 2534.16552    0   18 2533.00000 2534.16552  0.05%     -    4s
     0     0 2534.16552    0   18 2533.00000 2534.16552  0.05%     -    4s
     0     0 2534.16552    0   21 2533.00000 2534.16552  0.05%     -    4s
     0     0 2534.16552    0   19 2533.00000 2534.16552  0.05%     -    4s
     0     0 2534.16552    0   18 2533.00000 2534.16552  0.05%     -    4s
     0     0 2534.16552    0   13 2533.00000 2534.16552  0.05%     -    4s
     0     0 2534.16552    0   17 2533.00000 2534.16552  0.05%     -    4s
     0     0 2534.16552    0   14 2533.00000 2534.16552  0.05%     -    4s
     0     0 2534.16552    0   14 2533.00000 2534.16552  0.05%     -    4s
     0     0 2534.16552    0   14 2533.00000 2534.16552  0.05%     -    4s
     0     0 infeasible    0      2533.00000 2533.00000  0.00%     -    4s

Cutting planes:
  Gomory: 16
  Implied bound: 5
  MIR: 37
  RLT: 14
  Relax-and-lift: 7

Explored 1 nodes (5882 simplex iterations) in 4.82 seconds (5.03 work units)
Thread count was 8 (of 8 available processors)

Solution count 10: 2533 2532 2531 ... 2516

Optimal solution found (tolerance 1.00e-04)
Best objective 2.533000000000e+03, best bound 2.533000000000e+03, gap 0.0000%

Gurobi 9.5.1 (linux64) logging started Mon Mar 21 17:46:50 2022

Set parameter LogFile to value "../results/logs/log_2022_03_21_02_06.csv_17_250.log"
Gurobi Optimizer version 9.5.1 build v9.5.1rc2 (linux64)
Thread count: 8 physical cores, 8 logical processors, using up to 8 threads
Optimize a model with 9371 rows, 8078 columns and 372968 nonzeros
Model fingerprint: 0x62242f5b
Variable types: 0 continuous, 8078 integer (8078 binary)
Coefficient statistics:
  Matrix range     [1e+00, 2e+01]
  Objective range  [1e+00, 1e+00]
  Bounds range     [1e+00, 1e+00]
  RHS range        [1e+00, 2e+02]
Found heuristic solution: objective -0.0000000
Presolve removed 2955 rows and 1939 columns
Presolve time: 0.69s
Presolved: 6416 rows, 6139 columns, 334274 nonzeros
Extracted 1292 lazy constraints
Variable types: 0 continuous, 6139 integer (6091 binary)
Found heuristic solution: objective 10.0000000

Root relaxation: objective 2.556128e+03, 947 iterations, 0.03 seconds (0.03 work units)

    Nodes    |    Current Node    |     Objective Bounds      |     Work
 Expl Unexpl |  Obj  Depth IntInf | Incumbent    BestBd   Gap | It/Node Time

     0     0 2556.12828    0   77   10.00000 2556.12828      -     -    0s
H    0     0                      22.0000000 2556.12828      -     -    0s
H    0     0                    2503.0000000 2556.12828  2.12%     -    1s
H    0     0                    2506.0000000 2541.01906  1.40%     -    1s
     0     0 2541.01906    0  201 2506.00000 2541.01906  1.40%     -    1s
     0     0 2541.01906    0  254 2506.00000 2541.01906  1.40%     -    1s
     0     0 2540.35028    0  220 2506.00000 2540.35028  1.37%     -    1s
     0     0 2539.97172    0  206 2506.00000 2539.97172  1.36%     -    1s
     0     0 2539.97072    0  207 2506.00000 2539.97072  1.36%     -    1s
H    0     0                    2509.0000000 2539.97072  1.23%     -    2s
H    0     0                    2531.0000000 2539.97072  0.35%     -    2s
     0     0 2537.27561    0  150 2531.00000 2537.27561  0.25%     -    2s
     0     0 2536.74510    0  169 2531.00000 2536.74510  0.23%     -    2s
     0     0 2536.64117    0  162 2531.00000 2536.64117  0.22%     -    2s
     0     0 2536.57918    0  165 2531.00000 2536.57918  0.22%     -    2s
H    0     0                    2533.0000000 2536.56506  0.14%     -    2s
     0     0 2536.56506    0  165 2533.00000 2536.56506  0.14%     -    2s
     0     0 2536.55846    0  165 2533.00000 2536.55846  0.14%     -    2s
     0     0 2536.55193    0  141 2533.00000 2536.55193  0.14%     -    2s
     0     0 2535.90407    0   83 2533.00000 2535.90407  0.11%     -    3s
     0     0 2535.64072    0   92 2533.00000 2535.64072  0.10%     -    3s
     0     0 2535.53563    0   90 2533.00000 2535.53563  0.10%     -    3s
     0     0 2535.50001    0  106 2533.00000 2535.50001  0.10%     -    3s
     0     0 2535.46801    0  115 2533.00000 2535.46801  0.10%     -    3s
     0     0 2535.46373    0  111 2533.00000 2535.46373  0.10%     -    3s
     0     0 2535.24989    0  132 2533.00000 2535.24989  0.09%     -    5s
     0     0 2534.99909    0  130 2533.00000 2534.99909  0.08%     -    5s
     0     0 2534.90193    0  102 2533.00000 2534.90193  0.08%     -    5s
     0     0 2534.89823    0  114 2533.00000 2534.89823  0.07%     -    5s
     0     0 2534.83239    0   59 2533.00000 2534.83239  0.07%     -    5s
     0     0 2534.83239    0   64 2533.00000 2534.83239  0.07%     -    5s
     0     0 2534.71601    0   53 2533.00000 2534.71601  0.07%     -    6s
     0     0 2534.57472    0   70 2533.00000 2534.57472  0.06%     -    6s
     0     0 2534.36301    0   70 2533.00000 2534.36301  0.05%     -    6s
     0     0 2534.22890    0   46 2533.00000 2534.22890  0.05%     -    6s
     0     0 2534.19374    0   42 2533.00000 2534.19374  0.05%     -    6s
     0     0 2534.19374    0   43 2533.00000 2534.19374  0.05%     -    6s
     0     0 2534.05016    0   15 2533.00000 2534.05016  0.04%     -    6s
     0     0 2534.05016    0    5 2533.00000 2534.05016  0.04%     -    6s
     0     0     cutoff    0      2533.00000 2533.00000  0.00%     -    6s

Cutting planes:
  Gomory: 1
  Cover: 2
  MIR: 6
  GUB cover: 1
  RLT: 1

Explored 1 nodes (5621 simplex iterations) in 6.10 seconds (6.69 work units)
Thread count was 8 (of 8 available processors)

Solution count 8: 2533 2531 2509 ... -0

Optimal solution found (tolerance 1.00e-04)
Best objective 2.533000000000e+03, best bound 2.533000000000e+03, gap 0.0000%

Gurobi 9.5.1 (linux64) logging started Mon Mar 21 20:52:15 2022

Set parameter LogFile to value "../results/logs/log_2022_03_21_02_06.csv_17_250.log"
Gurobi Optimizer version 9.5.1 build v9.5.1rc2 (linux64)
Thread count: 8 physical cores, 8 logical processors, using up to 8 threads
Optimize a model with 8079 rows, 8078 columns and 369092 nonzeros
Model fingerprint: 0xd2b7d04e
Variable types: 0 continuous, 8078 integer (8078 binary)
Coefficient statistics:
  Matrix range     [1e+00, 2e+01]
  Objective range  [1e+00, 1e+00]
  Bounds range     [1e+00, 1e+00]
  RHS range        [1e+00, 2e+02]
Found heuristic solution: objective -0.0000000
Presolve removed 2955 rows and 1995 columns
Presolve time: 0.66s
Presolved: 5124 rows, 6083 columns, 330531 nonzeros
Variable types: 0 continuous, 6083 integer (6019 binary)
Found heuristic solution: objective 10.0000000

Root relaxation: objective 2.551962e+03, 1075 iterations, 0.03 seconds (0.03 work units)

    Nodes    |    Current Node    |     Objective Bounds      |     Work
 Expl Unexpl |  Obj  Depth IntInf | Incumbent    BestBd   Gap | It/Node Time

     0     0 2551.96196    0  107   10.00000 2551.96196      -     -    0s
H    0     0                      36.0000000 2551.96196  6989%     -    0s
H    0     0                    2355.0000000 2551.96196  8.36%     -    1s
H    0     0                    2375.0000000 2551.96196  7.45%     -    1s
H    0     0                    2468.0000000 2551.52957  3.38%     -    1s
H    0     0                    2505.0000000 2551.52957  1.86%     -    1s
H    0     0                    2525.0000000 2551.52957  1.05%     -    1s
     0     0 2546.65621    0  188 2525.00000 2546.65621  0.86%     -    1s
     0     0 2542.07428    0  187 2525.00000 2542.07428  0.68%     -    1s
H    0     0                    2533.0000000 2542.07428  0.36%     -    2s
     0     0 2541.61926    0  252 2533.00000 2541.61926  0.34%     -    2s
     0     0 2539.71051    0  196 2533.00000 2539.71051  0.26%     -    2s
     0     0 2539.24368    0  205 2533.00000 2539.24368  0.25%     -    2s
     0     0 2539.13552    0  207 2533.00000 2539.13552  0.24%     -    2s
     0     0 2539.13309    0  209 2533.00000 2539.13309  0.24%     -    2s
     0     0 2537.33108    0  241 2533.00000 2537.33108  0.17%     -    4s
     0     0 2536.24788    0  136 2533.00000 2536.24788  0.13%     -    4s
     0     0 2536.14334    0  125 2533.00000 2536.14334  0.12%     -    4s
     0     0 2536.09293    0  139 2533.00000 2536.09293  0.12%     -    4s
     0     0 2536.09247    0  129 2533.00000 2536.09247  0.12%     -    4s
     0     0 2535.81706    0  140 2533.00000 2535.81706  0.11%     -    5s
     0     0 2535.68241    0  160 2533.00000 2535.68241  0.11%     -    5s
     0     0 2535.53454    0  100 2533.00000 2535.53454  0.10%     -    5s
     0     0 2535.43846    0  110 2533.00000 2535.43846  0.10%     -    5s
     0     0 2535.43258    0  108 2533.00000 2535.43258  0.10%     -    5s
     0     0 2535.42822    0  151 2533.00000 2535.42822  0.10%     -    5s
     0     0 2535.42195    0  107 2533.00000 2535.42195  0.10%     -    5s
     0     0 2535.42123    0  106 2533.00000 2535.42123  0.10%     -    5s
     0     0 2535.05992    0  148 2533.00000 2535.05992  0.08%     -    6s
     0     0 2534.99922    0  154 2533.00000 2534.99922  0.08%     -    6s
     0     0 2534.97308    0  144 2533.00000 2534.97308  0.08%     -    6s
     0     0 2534.96851    0  144 2533.00000 2534.96851  0.08%     -    6s
     0     0 2534.95452    0  141 2533.00000 2534.95452  0.08%     -    6s
     0     0 2534.94577    0  137 2533.00000 2534.94577  0.08%     -    6s
     0     0 2534.94497    0  144 2533.00000 2534.94497  0.08%     -    6s
     0     0 2534.81289    0  200 2533.00000 2534.81289  0.07%     -    6s
     0     0 2534.81289    0   65 2533.00000 2534.81289  0.07%     -    6s
     0     0 2534.81289    0   76 2533.00000 2534.81289  0.07%     -    6s
     0     0 2534.81289    0   34 2533.00000 2534.81289  0.07%     -    6s
     0     0 2534.81289    0   39 2533.00000 2534.81289  0.07%     -    6s
     0     0 2534.81289    0   37 2533.00000 2534.81289  0.07%     -    6s
     0     0 2534.81289    0   37 2533.00000 2534.81289  0.07%     -    6s
     0     0 2534.81289    0   59 2533.00000 2534.81289  0.07%     -    6s
     0     0 2534.67648    0   33 2533.00000 2534.67648  0.07%     -    6s
     0     0 2534.61893    0   67 2533.00000 2534.61893  0.06%     -    6s
     0     0 2534.59627    0   64 2533.00000 2534.59627  0.06%     -    6s
     0     0 2534.58271    0   72 2533.00000 2534.58271  0.06%     -    6s
     0     0 2534.57487    0   64 2533.00000 2534.57487  0.06%     -    6s
     0     0 2534.25867    0   39 2533.00000 2534.25867  0.05%     -    6s
     0     0 2534.25867    0   27 2533.00000 2534.25867  0.05%     -    6s
     0     0 2534.25867    0   45 2533.00000 2534.25867  0.05%     -    6s
     0     0 2534.25867    0   39 2533.00000 2534.25867  0.05%     -    6s
     0     0 2534.25867    0   45 2533.00000 2534.25867  0.05%     -    6s
     0     0 2534.25867    0   46 2533.00000 2534.25867  0.05%     -    6s
     0     0 2534.25867    0   32 2533.00000 2534.25867  0.05%     -    6s
     0     0 2534.25867    0   32 2533.00000 2534.25867  0.05%     -    6s
     0     0 2534.18182    0   16 2533.00000 2534.18182  0.05%     -    6s
     0     0     cutoff    0      2533.00000 2533.00000  0.00%     -    6s

Cutting planes:
  Gomory: 9
  Implied bound: 4
  Clique: 1
  MIR: 16
  StrongCG: 4
  GUB cover: 13
  RLT: 5
  Relax-and-lift: 1

Explored 1 nodes (5933 simplex iterations) in 6.97 seconds (7.49 work units)
Thread count was 8 (of 8 available processors)

Solution count 10: 2533 2533 2533 ... 2375

Optimal solution found (tolerance 1.00e-04)
Best objective 2.533000000000e+03, best bound 2.533000000000e+03, gap 0.0000%

Gurobi 9.5.1 (linux64) logging started Mon Mar 21 23:58:50 2022

Set parameter LogFile to value "../results/logs/log_2022_03_21_02_06.csv_17_250.log"
Set parameter LazyConstraints to value 1
Gurobi Optimizer version 9.5.1 build v9.5.1rc2 (linux64)
Thread count: 8 physical cores, 8 logical processors, using up to 8 threads
Optimize a model with 8079 rows, 8078 columns and 369092 nonzeros
Model fingerprint: 0xd2b7d04e
Variable types: 0 continuous, 8078 integer (8078 binary)
Coefficient statistics:
  Matrix range     [1e+00, 2e+01]
  Objective range  [1e+00, 1e+00]
  Bounds range     [1e+00, 1e+00]
  RHS range        [1e+00, 2e+02]
Found heuristic solution: objective -0.0000000
Presolve removed 2954 rows and 1477 columns
Presolve time: 1.05s
Presolved: 5125 rows, 6601 columns, 331940 nonzeros
Variable types: 0 continuous, 6601 integer (6601 binary)

Root relaxation: objective 2.551962e+03, 1243 iterations, 0.04 seconds (0.05 work units)

    Nodes    |    Current Node    |     Objective Bounds      |     Work
 Expl Unexpl |  Obj  Depth IntInf | Incumbent    BestBd   Gap | It/Node Time

     0     0 2551.96196    0  110   -0.00000 2551.96196      -     -    1s
H    0     0                    2429.0000000 2551.96196  5.06%     -    1s
H    0     0                    2494.0000000 2551.96196  2.32%     -    1s
H    0     0                    2497.0000000 2551.96196  2.20%     -    1s
     0     0 2546.98493    0  211 2497.00000 2546.98493  2.00%     -    1s
H    0     0                    2503.0000000 2546.98493  1.76%     -    1s
H    0     0                    2521.0000000 2546.98493  1.03%     -    1s
     0     0 2546.95779    0  213 2521.00000 2546.95779  1.03%     -    1s
     0     0 2540.91136    0  243 2521.00000 2540.91136  0.79%     -    1s
     0     0 2540.49452    0  229 2521.00000 2540.49452  0.77%     -    1s
     0     0 2540.49231    0  230 2521.00000 2540.49231  0.77%     -    1s
     0     0 2536.81925    0  194 2521.00000 2536.81925  0.63%     -    2s
H    0     0                    2525.0000000 2536.81925  0.47%     -    2s
H    0     0                    2533.0000000 2536.81925  0.15%     -    2s
     0     0 2536.07903    0   96 2533.00000 2536.07903  0.12%     -    2s
     0     0 2535.91258    0  125 2533.00000 2535.91258  0.11%     -    2s
     0     0 2535.87588    0  134 2533.00000 2535.87588  0.11%     -    2s
     0     0 2535.87024    0  138 2533.00000 2535.87024  0.11%     -    2s
     0     0 2535.86917    0  139 2533.00000 2535.86917  0.11%     -    2s
     0     0 2535.52019    0   63 2533.00000 2535.52019  0.10%     -    3s
     0     0 2535.34925    0  126 2533.00000 2535.34925  0.09%     -    3s
     0     0 2535.32412    0   72 2533.00000 2535.32412  0.09%     -    3s
     0     0 2535.32369    0  112 2533.00000 2535.32369  0.09%     -    3s
     0     0 2535.18948    0  134 2533.00000 2535.18948  0.09%     -    3s
     0     0 2535.06222    0  129 2533.00000 2535.06222  0.08%     -    3s
     0     0 2535.05772    0  129 2533.00000 2535.05772  0.08%     -    3s
     0     0 2534.91335    0  120 2533.00000 2534.91335  0.08%     -    4s
     0     0 2534.91335    0   67 2533.00000 2534.91335  0.08%     -    4s
     0     0 2534.91335    0   89 2533.00000 2534.91335  0.08%     -    4s
     0     0 2534.91335    0   45 2533.00000 2534.91335  0.08%     -    4s
     0     0 2534.76367    0   67 2533.00000 2534.76367  0.07%     -    4s
     0     0 2534.64597    0   62 2533.00000 2534.64597  0.06%     -    4s
     0     0 2534.57675    0   56 2533.00000 2534.57675  0.06%     -    4s
     0     0 2534.53404    0   52 2533.00000 2534.53404  0.06%     -    4s
     0     0 2534.53404    0   53 2533.00000 2534.53404  0.06%     -    4s
     0     0 2534.10953    0   50 2533.00000 2534.10953  0.04%     -    4s
     0     0 2534.00751    0   32 2533.00000 2534.00751  0.04%     -    4s
     0     0     cutoff    0      2533.00000 2533.00000  0.00%     -    4s

Cutting planes:
  Gomory: 44
  Lift-and-project: 8
  Cover: 30
  Clique: 2
  MIR: 69
  StrongCG: 10
  GUB cover: 87
  Zero half: 11
  RLT: 33
  Lazy constraints: 8

Explored 1 nodes (5854 simplex iterations) in 4.84 seconds (4.62 work units)
Thread count was 8 (of 8 available processors)

Solution count 10: 2533 2526 2525 ... -0

Optimal solution found (tolerance 1.00e-04)
Best objective 2.533000000000e+03, best bound 2.533000000000e+03, gap 0.0000%

User-callback calls 1090, time in user-callback 1.46 sec
