
Gurobi 9.5.1 (linux64) logging started Wed Jun  8 12:49:12 2022

Set parameter LogFile to value "../results/logs/log_ca-citeseer_3_250_2022_06_08_10_07.log"
Gurobi Optimizer version 9.5.1 build v9.5.1rc2 (linux64)
Thread count: 8 physical cores, 8 logical processors, using up to 8 threads
Optimize a model with 16987 rows, 454640 columns and 163125 nonzeros
Model fingerprint: 0x53ad52e1
Variable types: 0 continuous, 454640 integer (454640 binary)
Coefficient statistics:
  Matrix range     [1e+00, 3e+00]
  Objective range  [1e+00, 1e+00]
  Bounds range     [1e+00, 1e+00]
  RHS range        [1e+00, 2e+02]

User MIP start produced solution with objective 153678 (0.12s)
Loaded user MIP start with objective 153678

Presolve removed 9737 rows and 443674 columns
Presolve time: 0.25s
Presolved: 7250 rows, 10966 columns, 32223 nonzeros
Variable types: 0 continuous, 10966 integer (9879 binary)

Root relaxation: objective 1.544716e+05, 5831 iterations, 0.15 seconds (0.22 work units)

    Nodes    |    Current Node    |     Objective Bounds      |     Work
 Expl Unexpl |  Obj  Depth IntInf | Incumbent    BestBd   Gap | It/Node Time

     0     0 154471.568    0 1938 153678.000 154471.568  0.52%     -    0s
H    0     0                    153694.00000 154471.568  0.51%     -    4s
H    0     0                    153695.00000 154471.568  0.51%     -    4s
H    0     0                    153699.00000 154471.568  0.50%     -    4s
H    0     0                    153702.00000 154471.568  0.50%     -    4s
H    0     0                    153703.00000 154471.568  0.50%     -    4s
H    0     0                    153714.00000 154471.568  0.49%     -    4s
H    0     0                    153715.00000 154471.568  0.49%     -    4s
H    0     0                    153716.00000 154471.568  0.49%     -    4s
H    0     0                    153717.00000 154471.568  0.49%     -    4s
H    0     0                    153743.00000 154463.887  0.47%     -    4s
H    0     0                    153750.00000 154463.887  0.46%     -    4s
H    0     0                    153754.00000 154463.887  0.46%     -    4s
     0     0 153805.912    0  577 153754.000 153805.912  0.03%     -    5s
H    0     0                    153756.00000 153805.912  0.03%     -    5s
     0     0 153805.601    0  304 153756.000 153805.601  0.03%     -    5s
     0     0 153799.103    0  265 153756.000 153799.103  0.03%     -    5s
     0     0 153798.198    0  247 153756.000 153798.198  0.03%     -    5s
     0     0 153796.313    0  250 153756.000 153796.313  0.03%     -    5s
     0     0 153796.009    0  252 153756.000 153796.009  0.03%     -    5s
     0     0 153796.009    0  251 153756.000 153796.009  0.03%     -    5s
     0     0 153776.385    0  173 153756.000 153776.385  0.01%     -    5s
     0     0 153773.713    0  126 153756.000 153773.713  0.01%     -    5s
     0     0 153773.713    0  126 153756.000 153773.713  0.01%     -    5s
     0     0 153771.311    0   81 153756.000 153771.311  0.01%     -    5s
H    0     0                    153761.00000 153771.311  0.01%     -    5s
H    0     0                    153762.00000 153771.311  0.01%     -    5s
     0     0 153771.041    0   69 153762.000 153771.041  0.01%     -    5s
     0     0 153770.420    0   71 153762.000 153770.420  0.01%     -    5s
     0     0 153770.372    0   71 153762.000 153770.372  0.01%     -    5s
     0     0 153769.518    0   62 153762.000 153769.518  0.00%     -    5s
     0     0 153769.503    0   60 153762.000 153769.503  0.00%     -    5s
     0     0 153769.417    0   48 153762.000 153769.417  0.00%     -    5s
     0     0 153769.333    0   42 153762.000 153769.333  0.00%     -    5s
     0     0 153769.156    0   55 153762.000 153769.156  0.00%     -    5s
     0     0 153769.156    0   55 153762.000 153769.156  0.00%     -    5s
     0     2 153769.047    0   54 153762.000 153769.047  0.00%     -    6s
*  607  1062              67    153764.00000 153768.227  0.00%   4.3    8s
H  806  1062                    153765.00000 153767.680  0.00%   4.2    8s

Cutting planes:
  Gomory: 210
  Lift-and-project: 7
  Cover: 182
  Implied bound: 56
  MIR: 960
  StrongCG: 49
  GUB cover: 663
  Inf proof: 2
  Zero half: 65
  Mod-K: 1
  RLT: 35
  Relax-and-lift: 14

Explored 2756 nodes (24837 simplex iterations) in 9.59 seconds (9.59 work units)
Thread count was 8 (of 8 available processors)

Solution count 10: 153765 153764 153762 ... 153716

Optimal solution found (tolerance 0.00e+00)
Best objective 1.537650000000e+05, best bound 1.537650000000e+05, gap 0.0000%
