
Gurobi 9.1.1 (win64) logging started Sun Mar 14 13:16:30 2021

Changed value of parameter LogFile to ../results/logs/log_samuel_kroger_2021_03_14_13_16_30.csv_3_2.log
   Prev:   Default: 
Gurobi Optimizer version 9.1.1 build v9.1.1rc0 (win64)
Thread count: 6 physical cores, 12 logical processors, using up to 12 threads
Optimize a model with 35 rows, 68 columns and 136 nonzeros
Model fingerprint: 0x7a6842b6
Coefficient statistics:
  Matrix range     [1e+00, 3e+00]
  Objective range  [1e+00, 1e+00]
  Bounds range     [1e+00, 1e+00]
  RHS range        [1e+00, 2e+00]
Presolve removed 35 rows and 68 columns
Presolve time: 0.00s
Presolve: All rows and columns removed
Iteration    Objective       Primal Inf.    Dual Inf.      Time
       0    2.4000000e+01   0.000000e+00   1.000000e+01      0s
Extra simplex iterations after uncrush: 1
       1    2.4000000e+01   0.000000e+00   0.000000e+00      0s

Solved in 1 iterations and 0.00 seconds
Optimal objective  2.400000000e+01
