
Gurobi 9.5.1 (linux64) logging started Mon Mar 21 04:06:57 2022

Set parameter LogFile to value "../results/logs/log_2022_03_21_02_06.csv_3_250.log"
Gurobi Optimizer version 9.5.1 build v9.5.1rc2 (linux64)
Thread count: 8 physical cores, 8 logical processors, using up to 8 threads
Optimize a model with 393183 rows, 393182 columns and 4587672 nonzeros
Model fingerprint: 0xa76f1379
Variable types: 0 continuous, 393182 integer (393182 binary)
Coefficient statistics:
  Matrix range     [1e+00, 3e+00]
  Objective range  [1e+00, 1e+00]
  Bounds range     [1e+00, 1e+00]
  RHS range        [1e+00, 2e+02]
Found heuristic solution: objective -0.0000000
Presolve removed 98904 rows and 66361 columns (presolve time = 5s) ...
Presolve removed 159869 rows and 96925 columns (presolve time = 10s) ...
Presolve removed 159956 rows and 106378 columns (presolve time = 15s) ...
Presolve removed 159956 rows and 106378 columns
Presolve time: 19.91s
Presolved: 233227 rows, 286804 columns, 3978074 nonzeros
Variable types: 0 continuous, 286804 integer (276216 binary)
Found heuristic solution: objective 1.0000000

Deterministic concurrent LP optimizer: primal simplex, dual simplex, and barrier
Showing barrier log only...

Root barrier log...

Elapsed ordering time = 5s
Elapsed ordering time = 10s
Elapsed ordering time = 17s
Elapsed ordering time = 19s
Elapsed ordering time = 21s
Elapsed ordering time = 22s
Ordering time: 22.29s

Barrier performed 0 iterations in 48.86 seconds (39.56 work units)
Barrier solve interrupted - model solved by another algorithm

Concurrent spin time: 19.70s (can be avoided by choosing Method=3)

Solved with dual simplex

Root relaxation: objective 1.130173e+05, 20278 iterations, 28.14 seconds (16.48 work units)
Total elapsed time = 50.21s

    Nodes    |    Current Node    |     Objective Bounds      |     Work
 Expl Unexpl |  Obj  Depth IntInf | Incumbent    BestBd   Gap | It/Node Time

     0     0 113017.293    0 9621    1.00000 113017.293      -     -   53s
H    0     0                    106951.00000 113017.293  5.67%     -   53s
H    0     0                    106958.00000 113017.293  5.67%     -   54s
     0     0 107768.855    0 1334 106958.000 107768.855  0.76%     -   66s
H    0     0                    107227.00000 107768.855  0.51%     -   67s
H    0     0                    107295.00000 107768.855  0.44%     -   69s
     0     0 107740.474    0 1251 107295.000 107740.474  0.42%     -   70s
     0     0 107739.650    0 1243 107295.000 107739.650  0.41%     -   71s
     0     0 107432.257    0  502 107295.000 107432.257  0.13%     -   76s
     0     0 107424.434    0  435 107295.000 107424.434  0.12%     -   78s
     0     0 107424.355    0  430 107295.000 107424.355  0.12%     -   79s
     0     0 107309.946    0   75 107295.000 107309.946  0.01%     -   83s
     0     0 107302.887    0   55 107295.000 107302.887  0.01%     -   85s

Cutting planes:
  Gomory: 184
  Cover: 57
  Implied bound: 142
  MIR: 3395
  StrongCG: 33
  GUB cover: 7758
  Zero half: 213
  RLT: 149
  Relax-and-lift: 8

Explored 1 nodes (37853 simplex iterations) in 85.99 seconds (92.08 work units)
Thread count was 8 (of 8 available processors)

Solution count 6: 107295 107227 106958 ... -0

Optimal solution found (tolerance 1.00e-04)
Best objective 1.072950000000e+05, best bound 1.073020000000e+05, gap 0.0065%

Gurobi 9.5.1 (linux64) logging started Mon Mar 21 04:08:39 2022

Set parameter LogFile to value "../results/logs/log_2022_03_21_02_06.csv_3_250.log"
Gurobi Optimizer version 9.5.1 build v9.5.1rc2 (linux64)
Thread count: 8 physical cores, 8 logical processors, using up to 8 threads
Optimize a model with 634161 rows, 634160 columns and 5467784 nonzeros
Model fingerprint: 0xfc8d3a3b
Variable types: 0 continuous, 634160 integer (634160 binary)
Coefficient statistics:
  Matrix range     [1e+00, 3e+00]
  Objective range  [1e+00, 1e+00]
  Bounds range     [1e+00, 1e+00]
  RHS range        [1e+00, 2e+02]
Found heuristic solution: objective -0.0000000
Presolve removed 86362 rows and 59840 columns (presolve time = 5s) ...
Presolve removed 204209 rows and 141728 columns (presolve time = 10s) ...
Presolve removed 204988 rows and 143030 columns (presolve time = 15s) ...
Presolve removed 204988 rows and 143030 columns (presolve time = 20s) ...
Presolve removed 204988 rows and 143030 columns
Presolve time: 22.83s
Presolved: 429173 rows, 491130 columns, 4618918 nonzeros
Variable types: 0 continuous, 491130 integer (471839 binary)
Found heuristic solution: objective 133950.00000

Deterministic concurrent LP optimizer: primal simplex, dual simplex, and barrier
Showing barrier log only...

Root barrier log...

Elapsed ordering time = 6s
Elapsed ordering time = 10s
Elapsed ordering time = 17s
Elapsed ordering time = 20s
Elapsed ordering time = 25s
Elapsed ordering time = 28s
Elapsed ordering time = 30s
Elapsed ordering time = 35s
Elapsed ordering time = 36s
Ordering time: 36.46s

Barrier performed 0 iterations in 66.31 seconds (38.66 work units)
Barrier solve interrupted - model solved by another algorithm

Concurrent spin time: 25.32s (can be avoided by choosing Method=3)

Solved with dual simplex

Root relaxation: objective 2.104151e+05, 24601 iterations, 42.44 seconds (18.83 work units)

    Nodes    |    Current Node    |     Objective Bounds      |     Work
 Expl Unexpl |  Obj  Depth IntInf | Incumbent    BestBd   Gap | It/Node Time

     0     0 210415.117    0 10497 133950.000 210415.117  57.1%     -   72s
H    0     0                    204481.00000 210415.117  2.90%     -   72s
     0     0 205022.993    0  873 204481.000 205022.993  0.27%     -   87s
H    0     0                    204808.00000 205022.993  0.10%     -   91s
H    0     0                    204838.00000 205022.993  0.09%     -   93s
     0     0 205016.790    0  682 204838.000 205016.790  0.09%     -   94s
     0     0 205016.766    0  680 204838.000 205016.766  0.09%     -   95s
     0     0 204898.282    0  459 204838.000 204898.282  0.03%     -  100s
     0     0 204889.188    0  346 204838.000 204889.188  0.02%     -  103s
     0     0 204888.579    0  332 204838.000 204888.579  0.02%     -  105s
     0     0 204863.427    0  124 204838.000 204863.427  0.01%     -  110s
H    0     0                    204847.00000 204863.427  0.01%     -  116s

Cutting planes:
  Gomory: 205
  Cover: 92
  Implied bound: 78
  MIR: 5433
  StrongCG: 29
  GUB cover: 6716
  Zero half: 341
  RLT: 213
  Relax-and-lift: 28

Explored 1 nodes (40417 simplex iterations) in 116.58 seconds (93.97 work units)
Thread count was 8 (of 8 available processors)

Solution count 6: 204847 204838 204808 ... -0

Optimal solution found (tolerance 1.00e-04)
Best objective 2.048470000000e+05, best bound 2.048630000000e+05, gap 0.0078%

Gurobi 9.5.1 (linux64) logging started Mon Mar 21 07:12:33 2022

Set parameter LogFile to value "../results/logs/log_2022_03_21_02_06.csv_3_250.log"
Gurobi Optimizer version 9.5.1 build v9.5.1rc2 (linux64)
Thread count: 8 physical cores, 8 logical processors, using up to 8 threads
Optimize a model with 393183 rows, 393182 columns and 4587672 nonzeros
Model fingerprint: 0xa76f1379
Variable types: 0 continuous, 393182 integer (393182 binary)
Coefficient statistics:
  Matrix range     [1e+00, 3e+00]
  Objective range  [1e+00, 1e+00]
  Bounds range     [1e+00, 1e+00]
  RHS range        [1e+00, 2e+02]
Found heuristic solution: objective -0.0000000
Presolve removed 98904 rows and 66358 columns (presolve time = 5s) ...
Presolve removed 159869 rows and 96925 columns (presolve time = 10s) ...
Presolve removed 159956 rows and 106378 columns (presolve time = 15s) ...
Presolve removed 159956 rows and 106378 columns
Presolve time: 19.95s
Presolved: 233227 rows, 286804 columns, 3978074 nonzeros
Variable types: 0 continuous, 286804 integer (276216 binary)
Found heuristic solution: objective 1.0000000

Deterministic concurrent LP optimizer: primal simplex, dual simplex, and barrier
Showing barrier log only...

Root barrier log...

Elapsed ordering time = 5s
Elapsed ordering time = 10s
Elapsed ordering time = 17s
Elapsed ordering time = 18s
Elapsed ordering time = 20s
Elapsed ordering time = 22s
Ordering time: 22.00s

Barrier performed 0 iterations in 48.41 seconds (39.56 work units)
Barrier solve interrupted - model solved by another algorithm

Concurrent spin time: 19.14s (can be avoided by choosing Method=3)

Solved with dual simplex

Root relaxation: objective 1.130173e+05, 20278 iterations, 27.64 seconds (16.48 work units)

    Nodes    |    Current Node    |     Objective Bounds      |     Work
 Expl Unexpl |  Obj  Depth IntInf | Incumbent    BestBd   Gap | It/Node Time

     0     0 113017.293    0 9621    1.00000 113017.293      -     -   52s
H    0     0                    106951.00000 113017.293  5.67%     -   52s
H    0     0                    106958.00000 113017.293  5.67%     -   53s
     0     0 107768.855    0 1334 106958.000 107768.855  0.76%     -   65s
H    0     0                    107227.00000 107768.855  0.51%     -   66s
H    0     0                    107295.00000 107768.855  0.44%     -   68s
     0     0 107740.474    0 1251 107295.000 107740.474  0.42%     -   69s
     0     0 107739.650    0 1243 107295.000 107739.650  0.41%     -   70s
     0     0 107432.257    0  502 107295.000 107432.257  0.13%     -   75s
     0     0 107424.434    0  435 107295.000 107424.434  0.12%     -   77s
     0     0 107424.355    0  430 107295.000 107424.355  0.12%     -   78s
     0     0 107309.946    0   75 107295.000 107309.946  0.01%     -   82s
     0     0 107302.887    0   55 107295.000 107302.887  0.01%     -   84s

Cutting planes:
  Gomory: 184
  Cover: 57
  Implied bound: 142
  MIR: 3395
  StrongCG: 33
  GUB cover: 7758
  Zero half: 213
  RLT: 149
  Relax-and-lift: 8

Explored 1 nodes (37853 simplex iterations) in 84.82 seconds (92.08 work units)
Thread count was 8 (of 8 available processors)

Solution count 6: 107295 107227 106958 ... -0

Optimal solution found (tolerance 1.00e-04)
Best objective 1.072950000000e+05, best bound 1.073020000000e+05, gap 0.0065%

Gurobi 9.5.1 (linux64) logging started Mon Mar 21 07:14:14 2022

Set parameter LogFile to value "../results/logs/log_2022_03_21_02_06.csv_3_250.log"
Gurobi Optimizer version 9.5.1 build v9.5.1rc2 (linux64)
Thread count: 8 physical cores, 8 logical processors, using up to 8 threads
Optimize a model with 634161 rows, 634160 columns and 5467784 nonzeros
Model fingerprint: 0xfc8d3a3b
Variable types: 0 continuous, 634160 integer (634160 binary)
Coefficient statistics:
  Matrix range     [1e+00, 3e+00]
  Objective range  [1e+00, 1e+00]
  Bounds range     [1e+00, 1e+00]
  RHS range        [1e+00, 2e+02]
Found heuristic solution: objective -0.0000000
Presolve removed 86362 rows and 59840 columns (presolve time = 5s) ...
Presolve removed 204209 rows and 141728 columns (presolve time = 10s) ...
Presolve removed 204988 rows and 143030 columns (presolve time = 15s) ...
Presolve removed 204988 rows and 143030 columns (presolve time = 20s) ...
Presolve removed 204988 rows and 143030 columns
Presolve time: 22.24s
Presolved: 429173 rows, 491130 columns, 4618918 nonzeros
Variable types: 0 continuous, 491130 integer (471839 binary)
Found heuristic solution: objective 133950.00000

Deterministic concurrent LP optimizer: primal simplex, dual simplex, and barrier
Showing barrier log only...

Root barrier log...

Elapsed ordering time = 6s
Elapsed ordering time = 10s
Elapsed ordering time = 17s
Elapsed ordering time = 20s
Elapsed ordering time = 25s
Elapsed ordering time = 28s
Elapsed ordering time = 30s
Elapsed ordering time = 35s
Elapsed ordering time = 36s
Ordering time: 36.47s

Barrier performed 0 iterations in 65.71 seconds (38.66 work units)
Barrier solve interrupted - model solved by another algorithm

Concurrent spin time: 25.05s (can be avoided by choosing Method=3)

Solved with dual simplex

Root relaxation: objective 2.104151e+05, 24601 iterations, 42.39 seconds (18.83 work units)

    Nodes    |    Current Node    |     Objective Bounds      |     Work
 Expl Unexpl |  Obj  Depth IntInf | Incumbent    BestBd   Gap | It/Node Time

     0     0 210415.117    0 10497 133950.000 210415.117  57.1%     -   71s
H    0     0                    204481.00000 210415.117  2.90%     -   71s
     0     0 205022.993    0  873 204481.000 205022.993  0.27%     -   85s
H    0     0                    204808.00000 205022.993  0.10%     -   89s
H    0     0                    204838.00000 205022.993  0.09%     -   91s
     0     0 205016.790    0  682 204838.000 205016.790  0.09%     -   92s
     0     0 205016.766    0  680 204838.000 205016.766  0.09%     -   93s
     0     0 204898.282    0  459 204838.000 204898.282  0.03%     -   98s
     0     0 204889.188    0  346 204838.000 204889.188  0.02%     -  101s
     0     0 204888.579    0  332 204838.000 204888.579  0.02%     -  103s
     0     0 204863.427    0  124 204838.000 204863.427  0.01%     -  107s
H    0     0                    204847.00000 204863.427  0.01%     -  113s

Cutting planes:
  Gomory: 205
  Cover: 92
  Implied bound: 78
  MIR: 5433
  StrongCG: 29
  GUB cover: 6716
  Zero half: 341
  RLT: 213
  Relax-and-lift: 28

Explored 1 nodes (40417 simplex iterations) in 113.83 seconds (93.97 work units)
Thread count was 8 (of 8 available processors)

Solution count 6: 204847 204838 204808 ... -0

Optimal solution found (tolerance 1.00e-04)
Best objective 2.048470000000e+05, best bound 2.048630000000e+05, gap 0.0078%

Gurobi 9.5.1 (linux64) logging started Mon Mar 21 10:18:04 2022

Set parameter LogFile to value "../results/logs/log_2022_03_21_02_06.csv_3_250.log"
Gurobi Optimizer version 9.5.1 build v9.5.1rc2 (linux64)
Thread count: 8 physical cores, 8 logical processors, using up to 8 threads
Optimize a model with 393183 rows, 393182 columns and 4587672 nonzeros
Model fingerprint: 0xa76f1379
Variable types: 0 continuous, 393182 integer (393182 binary)
Coefficient statistics:
  Matrix range     [1e+00, 3e+00]
  Objective range  [1e+00, 1e+00]
  Bounds range     [1e+00, 1e+00]
  RHS range        [1e+00, 2e+02]
Found heuristic solution: objective -0.0000000
Presolve removed 98904 rows and 66466 columns (presolve time = 5s) ...
Presolve removed 159869 rows and 106290 columns (presolve time = 10s) ...
Presolve removed 159956 rows and 106378 columns (presolve time = 15s) ...
Presolve removed 159956 rows and 106378 columns
Presolve time: 19.25s
Presolved: 233227 rows, 286804 columns, 3978074 nonzeros
Variable types: 0 continuous, 286804 integer (276216 binary)
Found heuristic solution: objective 1.0000000

Deterministic concurrent LP optimizer: primal simplex, dual simplex, and barrier
Showing barrier log only...

Root barrier log...

Elapsed ordering time = 5s
Elapsed ordering time = 10s
Elapsed ordering time = 17s
Elapsed ordering time = 19s
Elapsed ordering time = 20s
Elapsed ordering time = 22s
Ordering time: 22.02s

Barrier performed 0 iterations in 47.81 seconds (39.56 work units)
Barrier solve interrupted - model solved by another algorithm

Concurrent spin time: 19.40s (can be avoided by choosing Method=3)

Solved with dual simplex

Root relaxation: objective 1.130173e+05, 20278 iterations, 27.73 seconds (16.48 work units)

    Nodes    |    Current Node    |     Objective Bounds      |     Work
 Expl Unexpl |  Obj  Depth IntInf | Incumbent    BestBd   Gap | It/Node Time

     0     0 113017.293    0 9621    1.00000 113017.293      -     -   51s
H    0     0                    106951.00000 113017.293  5.67%     -   52s
H    0     0                    106958.00000 113017.293  5.67%     -   53s
     0     0 107768.855    0 1334 106958.000 107768.855  0.76%     -   65s
H    0     0                    107227.00000 107768.855  0.51%     -   66s
H    0     0                    107295.00000 107768.855  0.44%     -   68s
     0     0 107740.474    0 1251 107295.000 107740.474  0.42%     -   69s
     0     0 107739.650    0 1243 107295.000 107739.650  0.41%     -   70s
     0     0 107432.257    0  502 107295.000 107432.257  0.13%     -   75s
     0     0 107424.434    0  435 107295.000 107424.434  0.12%     -   77s
     0     0 107424.355    0  430 107295.000 107424.355  0.12%     -   78s
     0     0 107309.946    0   75 107295.000 107309.946  0.01%     -   82s
     0     0 107302.887    0   55 107295.000 107302.887  0.01%     -   84s

Cutting planes:
  Gomory: 184
  Cover: 57
  Implied bound: 142
  MIR: 3395
  StrongCG: 33
  GUB cover: 7758
  Zero half: 213
  RLT: 149
  Relax-and-lift: 8

Explored 1 nodes (37853 simplex iterations) in 84.69 seconds (92.08 work units)
Thread count was 8 (of 8 available processors)

Solution count 6: 107295 107227 106958 ... -0

Optimal solution found (tolerance 1.00e-04)
Best objective 1.072950000000e+05, best bound 1.073020000000e+05, gap 0.0065%

Gurobi 9.5.1 (linux64) logging started Mon Mar 21 10:19:45 2022

Set parameter LogFile to value "../results/logs/log_2022_03_21_02_06.csv_3_250.log"
Gurobi Optimizer version 9.5.1 build v9.5.1rc2 (linux64)
Thread count: 8 physical cores, 8 logical processors, using up to 8 threads
Optimize a model with 634161 rows, 634160 columns and 5467784 nonzeros
Model fingerprint: 0xfc8d3a3b
Variable types: 0 continuous, 634160 integer (634160 binary)
Coefficient statistics:
  Matrix range     [1e+00, 3e+00]
  Objective range  [1e+00, 1e+00]
  Bounds range     [1e+00, 1e+00]
  RHS range        [1e+00, 2e+02]
Found heuristic solution: objective -0.0000000
Presolve removed 86362 rows and 59840 columns (presolve time = 5s) ...
Presolve removed 204209 rows and 141728 columns (presolve time = 10s) ...
Presolve removed 204988 rows and 143030 columns (presolve time = 15s) ...
Presolve removed 204988 rows and 143030 columns (presolve time = 20s) ...
Presolve removed 204988 rows and 143030 columns
Presolve time: 22.18s
Presolved: 429173 rows, 491130 columns, 4618918 nonzeros
Variable types: 0 continuous, 491130 integer (471839 binary)
Found heuristic solution: objective 133950.00000

Deterministic concurrent LP optimizer: primal simplex, dual simplex, and barrier
Showing barrier log only...

Root barrier log...

Elapsed ordering time = 6s
Elapsed ordering time = 10s
Elapsed ordering time = 17s
Elapsed ordering time = 20s
Elapsed ordering time = 25s
Elapsed ordering time = 28s
Elapsed ordering time = 30s
Elapsed ordering time = 35s
Elapsed ordering time = 37s
Ordering time: 36.61s

Barrier performed 0 iterations in 65.77 seconds (38.66 work units)
Barrier solve interrupted - model solved by another algorithm

Concurrent spin time: 25.38s (can be avoided by choosing Method=3)

Solved with dual simplex

Root relaxation: objective 2.104151e+05, 24601 iterations, 42.53 seconds (18.83 work units)

    Nodes    |    Current Node    |     Objective Bounds      |     Work
 Expl Unexpl |  Obj  Depth IntInf | Incumbent    BestBd   Gap | It/Node Time

     0     0 210415.117    0 10497 133950.000 210415.117  57.1%     -   71s
H    0     0                    204481.00000 210415.117  2.90%     -   71s
     0     0 205022.993    0  873 204481.000 205022.993  0.27%     -   86s
H    0     0                    204808.00000 205022.993  0.10%     -   90s
H    0     0                    204838.00000 205022.993  0.09%     -   92s
     0     0 205016.790    0  682 204838.000 205016.790  0.09%     -   93s
     0     0 205016.766    0  680 204838.000 205016.766  0.09%     -   94s
     0     0 204898.282    0  459 204838.000 204898.282  0.03%     -   99s
     0     0 204889.188    0  346 204838.000 204889.188  0.02%     -  103s
     0     0 204888.579    0  332 204838.000 204888.579  0.02%     -  104s
     0     0 204863.427    0  124 204838.000 204863.427  0.01%     -  109s
H    0     0                    204847.00000 204863.427  0.01%     -  115s

Cutting planes:
  Gomory: 205
  Cover: 92
  Implied bound: 78
  MIR: 5433
  StrongCG: 29
  GUB cover: 6716
  Zero half: 341
  RLT: 213
  Relax-and-lift: 28

Explored 1 nodes (40417 simplex iterations) in 115.54 seconds (93.97 work units)
Thread count was 8 (of 8 available processors)

Solution count 6: 204847 204838 204808 ... -0

Optimal solution found (tolerance 1.00e-04)
Best objective 2.048470000000e+05, best bound 2.048630000000e+05, gap 0.0078%

Gurobi 9.5.1 (linux64) logging started Mon Mar 21 13:24:13 2022

Set parameter LogFile to value "../results/logs/log_2022_03_21_02_06.csv_3_250.log"
Gurobi Optimizer version 9.5.1 build v9.5.1rc2 (linux64)
Thread count: 8 physical cores, 8 logical processors, using up to 8 threads
Optimize a model with 393183 rows, 393182 columns and 4587672 nonzeros
Model fingerprint: 0xa76f1379
Variable types: 0 continuous, 393182 integer (393182 binary)
Coefficient statistics:
  Matrix range     [1e+00, 3e+00]
  Objective range  [1e+00, 1e+00]
  Bounds range     [1e+00, 1e+00]
  RHS range        [1e+00, 2e+02]
Found heuristic solution: objective -0.0000000
Presolve removed 98904 rows and 66342 columns (presolve time = 5s) ...
Presolve removed 159869 rows and 96925 columns (presolve time = 10s) ...
Presolve removed 159956 rows and 106378 columns (presolve time = 15s) ...
Presolve removed 159956 rows and 106378 columns (presolve time = 20s) ...
Presolve removed 159956 rows and 106378 columns
Presolve time: 20.11s
Presolved: 233227 rows, 286804 columns, 3978074 nonzeros
Variable types: 0 continuous, 286804 integer (276216 binary)
Found heuristic solution: objective 1.0000000

Deterministic concurrent LP optimizer: primal simplex, dual simplex, and barrier
Showing barrier log only...

Root barrier log...

Elapsed ordering time = 5s
Elapsed ordering time = 10s
Elapsed ordering time = 17s
Elapsed ordering time = 19s
Elapsed ordering time = 20s
Elapsed ordering time = 22s
Ordering time: 22.02s

Barrier performed 0 iterations in 48.75 seconds (39.56 work units)
Barrier solve interrupted - model solved by another algorithm

Concurrent spin time: 19.43s (can be avoided by choosing Method=3)

Solved with dual simplex

Root relaxation: objective 1.130173e+05, 20278 iterations, 27.81 seconds (16.48 work units)
Total elapsed time = 50.07s

    Nodes    |    Current Node    |     Objective Bounds      |     Work
 Expl Unexpl |  Obj  Depth IntInf | Incumbent    BestBd   Gap | It/Node Time

     0     0 113017.293    0 9621    1.00000 113017.293      -     -   52s
H    0     0                    106951.00000 113017.293  5.67%     -   53s
H    0     0                    106958.00000 113017.293  5.67%     -   54s
     0     0 107768.855    0 1334 106958.000 107768.855  0.76%     -   66s
H    0     0                    107227.00000 107768.855  0.51%     -   67s
H    0     0                    107295.00000 107768.855  0.44%     -   69s
     0     0 107740.474    0 1251 107295.000 107740.474  0.42%     -   70s
     0     0 107739.650    0 1243 107295.000 107739.650  0.41%     -   71s
     0     0 107432.257    0  502 107295.000 107432.257  0.13%     -   76s
     0     0 107424.434    0  435 107295.000 107424.434  0.12%     -   78s
     0     0 107424.355    0  430 107295.000 107424.355  0.12%     -   78s
     0     0 107309.946    0   75 107295.000 107309.946  0.01%     -   83s
     0     0 107302.887    0   55 107295.000 107302.887  0.01%     -   85s

Cutting planes:
  Gomory: 184
  Cover: 57
  Implied bound: 142
  MIR: 3395
  StrongCG: 33
  GUB cover: 7758
  Zero half: 213
  RLT: 149
  Relax-and-lift: 8

Explored 1 nodes (37853 simplex iterations) in 85.42 seconds (92.08 work units)
Thread count was 8 (of 8 available processors)

Solution count 6: 107295 107227 106958 ... -0

Optimal solution found (tolerance 1.00e-04)
Best objective 1.072950000000e+05, best bound 1.073020000000e+05, gap 0.0065%

Gurobi 9.5.1 (linux64) logging started Mon Mar 21 13:27:46 2022

Set parameter LogFile to value "../results/logs/log_2022_03_21_02_06.csv_3_250.log"
Gurobi Optimizer version 9.5.1 build v9.5.1rc2 (linux64)
Thread count: 8 physical cores, 8 logical processors, using up to 8 threads
Optimize a model with 634161 rows, 634160 columns and 5467784 nonzeros
Model fingerprint: 0xfc8d3a3b
Variable types: 0 continuous, 634160 integer (634160 binary)
Coefficient statistics:
  Matrix range     [1e+00, 3e+00]
  Objective range  [1e+00, 1e+00]
  Bounds range     [1e+00, 1e+00]
  RHS range        [1e+00, 2e+02]
Found heuristic solution: objective -0.0000000
Presolve removed 86362 rows and 59840 columns (presolve time = 5s) ...
Presolve removed 204209 rows and 141728 columns (presolve time = 10s) ...
Presolve removed 204988 rows and 143030 columns (presolve time = 15s) ...
Presolve removed 204988 rows and 143030 columns (presolve time = 20s) ...
Presolve removed 204988 rows and 143030 columns
Presolve time: 22.75s
Presolved: 429173 rows, 491130 columns, 4618918 nonzeros
Variable types: 0 continuous, 491130 integer (471839 binary)
Found heuristic solution: objective 133950.00000

Deterministic concurrent LP optimizer: primal simplex, dual simplex, and barrier
Showing barrier log only...

Root barrier log...

Elapsed ordering time = 6s
Elapsed ordering time = 10s
Elapsed ordering time = 17s
Elapsed ordering time = 20s
Elapsed ordering time = 25s
Elapsed ordering time = 28s
Elapsed ordering time = 30s
Elapsed ordering time = 35s
Elapsed ordering time = 36s
Ordering time: 36.35s

Barrier performed 0 iterations in 66.01 seconds (38.66 work units)
Barrier solve interrupted - model solved by another algorithm

Concurrent spin time: 24.82s (can be avoided by choosing Method=3)

Solved with dual simplex

Root relaxation: objective 2.104151e+05, 24601 iterations, 42.21 seconds (18.83 work units)

    Nodes    |    Current Node    |     Objective Bounds      |     Work
 Expl Unexpl |  Obj  Depth IntInf | Incumbent    BestBd   Gap | It/Node Time

     0     0 210415.117    0 10497 133950.000 210415.117  57.1%     -   71s
H    0     0                    204481.00000 210415.117  2.90%     -   71s
     0     0 205022.993    0  873 204481.000 205022.993  0.27%     -   86s
H    0     0                    204808.00000 205022.993  0.10%     -   90s
H    0     0                    204838.00000 205022.993  0.09%     -   91s
     0     0 205016.790    0  682 204838.000 205016.790  0.09%     -   92s
     0     0 205016.766    0  680 204838.000 205016.766  0.09%     -   93s
     0     0 204898.282    0  459 204838.000 204898.282  0.03%     -   98s
     0     0 204889.188    0  346 204838.000 204889.188  0.02%     -  102s
     0     0 204888.579    0  332 204838.000 204888.579  0.02%     -  103s
     0     0 204863.427    0  124 204838.000 204863.427  0.01%     -  108s
H    0     0                    204847.00000 204863.427  0.01%     -  114s

Cutting planes:
  Gomory: 205
  Cover: 92
  Implied bound: 78
  MIR: 5433
  StrongCG: 29
  GUB cover: 6716
  Zero half: 341
  RLT: 213
  Relax-and-lift: 28

Explored 1 nodes (40417 simplex iterations) in 114.20 seconds (93.97 work units)
Thread count was 8 (of 8 available processors)

Solution count 6: 204847 204838 204808 ... -0

Optimal solution found (tolerance 1.00e-04)
Best objective 2.048470000000e+05, best bound 2.048630000000e+05, gap 0.0078%

Gurobi 9.5.1 (linux64) logging started Mon Mar 21 16:39:19 2022

Set parameter LogFile to value "../results/logs/log_2022_03_21_02_06.csv_3_250.log"
Gurobi Optimizer version 9.5.1 build v9.5.1rc2 (linux64)
Thread count: 8 physical cores, 8 logical processors, using up to 8 threads
Optimize a model with 393183 rows, 393182 columns and 4587672 nonzeros
Model fingerprint: 0x981e1fc4
Variable types: 196591 continuous, 196591 integer (196591 binary)
Coefficient statistics:
  Matrix range     [1e+00, 3e+00]
  Objective range  [1e+00, 1e+00]
  Bounds range     [1e+00, 1e+00]
  RHS range        [1e+00, 2e+02]
Found heuristic solution: objective -0.0000000
Presolve removed 98904 rows and 66327 columns (presolve time = 5s) ...
Presolve removed 159869 rows and 96925 columns (presolve time = 10s) ...
Presolve removed 159956 rows and 106378 columns (presolve time = 15s) ...
Presolve removed 159956 rows and 106378 columns
Presolve time: 18.32s
Presolved: 233227 rows, 286804 columns, 3978074 nonzeros
Variable types: 170124 continuous, 116680 integer (116680 binary)
Found heuristic solution: objective 1.0000000

Deterministic concurrent LP optimizer: primal simplex, dual simplex, and barrier
Showing barrier log only...

Root barrier log...

Elapsed ordering time = 5s
Elapsed ordering time = 10s
Elapsed ordering time = 17s
Elapsed ordering time = 18s
Elapsed ordering time = 20s
Elapsed ordering time = 22s
Ordering time: 21.98s

Barrier performed 0 iterations in 47.03 seconds (37.68 work units)
Barrier solve interrupted - model solved by another algorithm

Concurrent spin time: 19.36s (can be avoided by choosing Method=3)

Solved with dual simplex

Root relaxation: objective 1.130173e+05, 20278 iterations, 27.75 seconds (16.48 work units)

    Nodes    |    Current Node    |     Objective Bounds      |     Work
 Expl Unexpl |  Obj  Depth IntInf | Incumbent    BestBd   Gap | It/Node Time

     0     0 113017.293    0 9130    1.00000 113017.293      -     -   51s
H    0     0                    106913.00000 113017.293  5.71%     -   83s
     0     0 108659.838    0 3560 106913.000 108659.838  1.63%     -   99s
     0     0 108580.143    0 3165 106913.000 108580.143  1.56%     -  101s
     0     0 108579.513    0 3180 106913.000 108579.513  1.56%     -  101s
     0     0 107921.253    0 2048 106913.000 107921.253  0.94%     -  106s
     0     0 107897.279    0 1881 106913.000 107897.279  0.92%     -  107s
     0     0 107896.897    0 1887 106913.000 107896.897  0.92%     -  108s
     0     0 107593.575    0  934 106913.000 107593.575  0.64%     -  113s
     0     0 107577.817    0  879 106913.000 107577.817  0.62%     -  114s
     0     0 107576.911    0  883 106913.000 107576.911  0.62%     -  115s
     0     0 107306.619    0   84 106913.000 107306.619  0.37%     -  118s
     0     0 107304.754    0   61 106913.000 107304.754  0.37%     -  119s
     0     0 107304.512    0   57 106913.000 107304.512  0.37%     -  120s
     0     0 107301.925    0   22 106913.000 107301.925  0.36%     -  122s
     0     0 107301.847    0   28 106913.000 107301.847  0.36%     -  124s
     0     0 107301.032    0   14 106913.000 107301.032  0.36%     -  126s
H    0     0                    106919.00000 107301.032  0.36%     -  126s
     0     0 107300.951    0   15 106919.000 107300.951  0.36%     -  127s
     0     0 107300.893    0   23 106919.000 107300.893  0.36%     -  129s
     0     0 107300.888    0   11 106919.000 107300.888  0.36%     -  130s
     0     0 107300.881    0   12 106919.000 107300.881  0.36%     -  132s
     0     0 107300.850    0   24 106919.000 107300.850  0.36%     -  133s
     0     0 107300.633    0    9 106919.000 107300.633  0.36%     -  135s
H    0     0                    107299.00000 107300.633  0.00%     -  136s

Cutting planes:
  Gomory: 338
  Implied bound: 157
  MIR: 11091
  RLT: 849
  Relax-and-lift: 79

Explored 1 nodes (42793 simplex iterations) in 136.57 seconds (169.32 work units)
Thread count was 8 (of 8 available processors)

Solution count 5: 107299 106919 106913 ... -0

Optimal solution found (tolerance 1.00e-04)
Best objective 1.072990000000e+05, best bound 1.073000000000e+05, gap 0.0009%

Gurobi 9.5.1 (linux64) logging started Mon Mar 21 16:41:51 2022

Set parameter LogFile to value "../results/logs/log_2022_03_21_02_06.csv_3_250.log"
Gurobi Optimizer version 9.5.1 build v9.5.1rc2 (linux64)
Thread count: 8 physical cores, 8 logical processors, using up to 8 threads
Optimize a model with 634161 rows, 634160 columns and 5467784 nonzeros
Model fingerprint: 0x329c11ae
Variable types: 317080 continuous, 317080 integer (317080 binary)
Coefficient statistics:
  Matrix range     [1e+00, 3e+00]
  Objective range  [1e+00, 1e+00]
  Bounds range     [1e+00, 1e+00]
  RHS range        [1e+00, 2e+02]
Found heuristic solution: objective -0.0000000
Presolve removed 86362 rows and 59840 columns (presolve time = 5s) ...
Presolve removed 204209 rows and 120618 columns (presolve time = 10s) ...
Presolve removed 204988 rows and 143030 columns (presolve time = 15s) ...
Presolve removed 204988 rows and 143030 columns (presolve time = 20s) ...
Presolve removed 204988 rows and 143030 columns
Presolve time: 23.31s
Presolved: 429173 rows, 491130 columns, 4618918 nonzeros
Variable types: 276091 continuous, 215039 integer (215038 binary)
Found heuristic solution: objective 131863.00000

Deterministic concurrent LP optimizer: primal simplex, dual simplex, and barrier
Showing barrier log only...

Root barrier log...

Elapsed ordering time = 6s
Elapsed ordering time = 10s
Elapsed ordering time = 17s
Elapsed ordering time = 20s
Elapsed ordering time = 25s
Elapsed ordering time = 28s
Elapsed ordering time = 30s
Elapsed ordering time = 35s
Elapsed ordering time = 36s
Ordering time: 36.40s

Barrier performed 0 iterations in 66.66 seconds (37.94 work units)
Barrier solve interrupted - model solved by another algorithm

Concurrent spin time: 25.05s (can be avoided by choosing Method=3)

Solved with dual simplex

Root relaxation: objective 2.104151e+05, 24601 iterations, 42.20 seconds (18.83 work units)

    Nodes    |    Current Node    |     Objective Bounds      |     Work
 Expl Unexpl |  Obj  Depth IntInf | Incumbent    BestBd   Gap | It/Node Time

     0     0 210415.117    0 10083 131863.000 210415.117  59.6%     -   72s
H    0     0                    204528.00000 210415.117  2.88%     -  136s
H    0     0                    204536.00000 210415.117  2.87%     -  137s
     0     0 205276.926    0 2329 204536.000 205276.926  0.36%     -  162s
     0     0 205196.220    0 1736 204536.000 205196.220  0.32%     -  171s
     0     0 205194.194    0 1733 204536.000 205194.194  0.32%     -  172s
     0     0 205194.180    0 1739 204536.000 205194.180  0.32%     -  173s
     0     0 204942.792    0  743 204536.000 204942.792  0.20%     -  178s
     0     0 204927.919    0  663 204536.000 204927.919  0.19%     -  180s
     0     0 204927.724    0  666 204536.000 204927.724  0.19%     -  181s
     0     0 204873.766    0  160 204536.000 204873.766  0.17%     -  186s
     0     0 204867.980    0   93 204536.000 204867.980  0.16%     -  198s
     0     0 204867.142    0   89 204536.000 204867.142  0.16%     -  199s
     0     0 204867.131    0   90 204536.000 204867.131  0.16%     -  199s
     0     0 204862.797    0   68 204536.000 204862.797  0.16%     -  204s
     0     0 204861.211    0   67 204536.000 204861.211  0.16%     -  206s
     0     0 204861.083    0   50 204536.000 204861.083  0.16%     -  207s
     0     0 204859.791    0   36 204536.000 204859.791  0.16%     -  209s
     0     0 204859.676    0   38 204536.000 204859.676  0.16%     -  211s
     0     0 204858.986    0   29 204536.000 204858.986  0.16%     -  214s
H    0     0                    204566.00000 204858.986  0.14%     -  215s
     0     0 204858.777    0   29 204566.000 204858.777  0.14%     -  216s
     0     0 204858.433    0   18 204566.000 204858.433  0.14%     -  218s
     0     0 204858.333    0   21 204566.000 204858.333  0.14%     -  220s
     0     0 204858.083    0   17 204566.000 204858.083  0.14%     -  222s
H    0     0                    204569.00000 204858.083  0.14%     -  223s
     0     0 204858.077    0   15 204569.000 204858.077  0.14%     -  224s
     0     0 204858.000    0   10 204569.000 204858.000  0.14%     -  226s
     0     0 204858.000    0    4 204569.000 204858.000  0.14%     -  228s
     0     0 204858.000    0    4 204569.000 204858.000  0.14%     -  230s
H    0     0                    204576.00000 204858.000  0.14%     -  231s
     0     0 204858.000    0    4 204576.000 204858.000  0.14%     -  233s
     0     0 204858.000    0    4 204576.000 204858.000  0.14%     -  236s
     0     0 204858.000    0    4 204576.000 204858.000  0.14%     -  238s
H    0     0                    204856.00000 204858.000  0.00%     -  240s

Cutting planes:
  Gomory: 286
  Implied bound: 70
  MIR: 11738
  RLT: 832
  Relax-and-lift: 85

Explored 1 nodes (44646 simplex iterations) in 240.66 seconds (286.98 work units)
Thread count was 8 (of 8 available processors)

Solution count 8: 204856 204576 204569 ... -0

Optimal solution found (tolerance 1.00e-04)
Best objective 2.048560000000e+05, best bound 2.048580000000e+05, gap 0.0010%

Gurobi 9.5.1 (linux64) logging started Mon Mar 21 19:48:27 2022

Set parameter LogFile to value "../results/logs/log_2022_03_21_02_06.csv_3_250.log"
Gurobi Optimizer version 9.5.1 build v9.5.1rc2 (linux64)
Thread count: 8 physical cores, 8 logical processors, using up to 8 threads
Optimize a model with 455019 rows, 393182 columns and 4773180 nonzeros
Model fingerprint: 0xd2aba3f3
Variable types: 0 continuous, 393182 integer (393182 binary)
Coefficient statistics:
  Matrix range     [1e+00, 3e+00]
  Objective range  [1e+00, 1e+00]
  Bounds range     [1e+00, 1e+00]
  RHS range        [1e+00, 2e+02]
Found heuristic solution: objective -0.0000000
Presolve removed 98904 rows and 65902 columns (presolve time = 5s) ...
Presolve removed 159929 rows and 96493 columns (presolve time = 10s) ...
Presolve removed 160016 rows and 105603 columns (presolve time = 15s) ...
Presolve removed 161338 rows and 105603 columns (presolve time = 20s) ...
Presolve removed 161338 rows and 105603 columns
Presolve time: 23.49s
Presolved: 293681 rows, 287579 columns, 4145525 nonzeros
Extracted 61185 lazy constraints
Variable types: 0 continuous, 287579 integer (277762 binary)

Deterministic concurrent LP optimizer: primal simplex, dual simplex, and barrier
Showing barrier log only...

Root barrier log...

Ordering time: 0.15s

Barrier performed 0 iterations in 29.22 seconds (25.91 work units)
Barrier solve interrupted - model solved by another algorithm

Concurrent spin time: 2.30s (can be avoided by choosing Method=3)

Solved with dual simplex

Root relaxation: objective 1.159271e+05, 5438 iterations, 4.84 seconds (1.83 work units)

    Nodes    |    Current Node    |     Objective Bounds      |     Work
 Expl Unexpl |  Obj  Depth IntInf | Incumbent    BestBd   Gap | It/Node Time

     0     0 115927.125    0 2196   -0.00000 115927.125      -     -   33s
     0     0 108278.227    0 2021   -0.00000 108278.227      -     -   49s
H    0     0                    107031.00000 108278.227  1.17%     -   50s
     0     0 108271.760    0 1987 107031.000 108271.760  1.16%     -   51s
     0     0 107449.246    0  635 107031.000 107449.246  0.39%     -   57s
     0     0 107442.407    0  613 107031.000 107442.407  0.38%     -   60s
     0     0 107441.720    0  615 107031.000 107441.720  0.38%     -   61s
     0     0 107311.233    0  116 107031.000 107311.233  0.26%     -   64s
H    0     0                    107252.00000 107311.233  0.06%     -   65s
H    0     0                    107297.00000 107311.233  0.01%     -   66s
     0     0 107304.515    0   80 107297.000 107304.515  0.01%     -   66s

Cutting planes:
  Gomory: 292
  Cover: 33
  Implied bound: 14
  MIR: 1841
  StrongCG: 30
  GUB cover: 2204
  Zero half: 64
  RLT: 68
  Relax-and-lift: 5
  Lazy constraints: 8817

Explored 1 nodes (22456 simplex iterations) in 66.87 seconds (79.60 work units)
Thread count was 8 (of 8 available processors)

Solution count 4: 107297 107252 107031 -0 

Optimal solution found (tolerance 1.00e-04)
Best objective 1.072970000000e+05, best bound 1.073040000000e+05, gap 0.0065%

Gurobi 9.5.1 (linux64) logging started Mon Mar 21 19:49:50 2022

Set parameter LogFile to value "../results/logs/log_2022_03_21_02_06.csv_3_250.log"
Gurobi Optimizer version 9.5.1 build v9.5.1rc2 (linux64)
Thread count: 8 physical cores, 8 logical processors, using up to 8 threads
Optimize a model with 783132 rows, 634160 columns and 5914697 nonzeros
Model fingerprint: 0x51a636cd
Variable types: 0 continuous, 634160 integer (634160 binary)
Coefficient statistics:
  Matrix range     [1e+00, 3e+00]
  Objective range  [1e+00, 1e+00]
  Bounds range     [1e+00, 1e+00]
  RHS range        [1e+00, 2e+02]
Found heuristic solution: objective -0.0000000
Presolve removed 86362 rows and 59574 columns (presolve time = 5s) ...
Presolve removed 204256 rows and 120352 columns (presolve time = 10s) ...
Presolve removed 206556 rows and 144074 columns (presolve time = 15s) ...
Presolve removed 209230 rows and 144900 columns (presolve time = 20s) ...
Presolve removed 210778 rows and 145380 columns (presolve time = 25s) ...
Presolve removed 210778 rows and 145380 columns (presolve time = 30s) ...
Presolve removed 210778 rows and 145380 columns
Presolve time: 33.69s
Presolved: 572354 rows, 488780 columns, 5037393 nonzeros
Extracted 143226 lazy constraints
Variable types: 0 continuous, 488780 integer (470736 binary)

Deterministic concurrent LP optimizer: primal simplex, dual simplex, and barrier
Showing barrier log only...

Root barrier log...

Ordering time: 2.20s

Barrier performed 0 iterations in 43.73 seconds (34.93 work units)
Barrier solve interrupted - model solved by another algorithm

Concurrent spin time: 0.87s (can be avoided by choosing Method=3)

Solved with dual simplex

Root relaxation: objective 2.106218e+05, 5221 iterations, 6.97 seconds (4.14 work units)

    Nodes    |    Current Node    |     Objective Bounds      |     Work
 Expl Unexpl |  Obj  Depth IntInf | Incumbent    BestBd   Gap | It/Node Time

     0     0 210621.816    0 4236   -0.00000 210621.816      -     -   49s
     0     0 205212.670    0  979   -0.00000 205212.670      -     -   64s
     0     0 205212.670    0  979   -0.00000 205212.670      -     -   65s
H    0     0                    204691.00000 205212.670  0.25%     -   66s
     0     0 205205.519    0  942 204691.000 205205.519  0.25%     -   67s
     0     0 205205.391    0  937 204691.000 205205.391  0.25%     -   67s
     0     0 204923.163    0  500 204691.000 204923.163  0.11%     -   73s
H    0     0                    204783.00000 204923.163  0.07%     -   74s
     0     0 204919.268    0  474 204783.000 204919.268  0.07%     -   76s
     0     0 204862.404    0  108 204783.000 204862.404  0.04%     -   80s
H    0     0                    204806.00000 204862.404  0.03%     -   81s
H    0     0                    204838.00000 204862.404  0.01%     -   82s
H    0     0                    204842.00000 204862.404  0.01%     -   83s

Cutting planes:
  Gomory: 326
  Cover: 44
  Implied bound: 6
  MIR: 3241
  StrongCG: 45
  GUB cover: 2087
  Zero half: 113
  RLT: 136
  Relax-and-lift: 12
  Lazy constraints: 4838

Explored 1 nodes (16450 simplex iterations) in 83.17 seconds (78.53 work units)
Thread count was 8 (of 8 available processors)

Solution count 6: 204842 204838 204806 ... -0

Optimal solution found (tolerance 1.00e-04)
Best objective 2.048420000000e+05, best bound 2.048620000000e+05, gap 0.0098%

Gurobi 9.5.1 (linux64) logging started Mon Mar 21 22:53:13 2022

Set parameter LogFile to value "../results/logs/log_2022_03_21_02_06.csv_3_250.log"
Gurobi Optimizer version 9.5.1 build v9.5.1rc2 (linux64)
Thread count: 8 physical cores, 8 logical processors, using up to 8 threads
Optimize a model with 393183 rows, 393182 columns and 4587672 nonzeros
Model fingerprint: 0xf752d987
Variable types: 0 continuous, 393182 integer (393182 binary)
Coefficient statistics:
  Matrix range     [1e+00, 3e+00]
  Objective range  [1e+00, 1e+00]
  Bounds range     [1e+00, 1e+00]
  RHS range        [1e+00, 2e+02]
Found heuristic solution: objective -0.0000000
Presolve removed 106619 rows and 75741 columns (presolve time = 5s) ...
Presolve removed 159891 rows and 102420 columns (presolve time = 10s) ...
Presolve removed 159891 rows and 106313 columns (presolve time = 15s) ...
Presolve removed 159891 rows and 106313 columns
Presolve time: 17.78s
Presolved: 233292 rows, 286869 columns, 3978247 nonzeros
Variable types: 0 continuous, 286869 integer (276281 binary)
Found heuristic solution: objective 1.0000000

Deterministic concurrent LP optimizer: primal simplex, dual simplex, and barrier
Showing barrier log only...

Root barrier log...

Elapsed ordering time = 5s
Ordering time: 10.91s

Barrier performed 0 iterations in 34.71 seconds (31.20 work units)
Barrier solve interrupted - model solved by another algorithm

Concurrent spin time: 9.22s (can be avoided by choosing Method=3)

Solved with dual simplex

Root relaxation: objective 1.130173e+05, 21733 iterations, 16.11 seconds (11.70 work units)
Total elapsed time = 35.21s

    Nodes    |    Current Node    |     Objective Bounds      |     Work
 Expl Unexpl |  Obj  Depth IntInf | Incumbent    BestBd   Gap | It/Node Time

     0     0 113017.293    0 9604    1.00000 113017.293      -     -   39s
H    0     0                    106934.00000 113017.293  5.69%     -   39s
H    0     0                    106940.00000 113017.293  5.68%     -   40s
     0     0 107774.297    0 1356 106940.000 107774.297  0.78%     -   52s
H    0     0                    107222.00000 107774.297  0.52%     -   53s
H    0     0                    107291.00000 107774.297  0.45%     -   54s
     0     0 107746.784    0 1275 107291.000 107746.784  0.42%     -   55s
     0     0 107745.958    0 1259 107291.000 107745.958  0.42%     -   56s
     0     0 107433.691    0  518 107291.000 107433.691  0.13%     -   61s
     0     0 107425.566    0  452 107291.000 107425.566  0.13%     -   63s
     0     0 107425.544    0  460 107291.000 107425.544  0.13%     -   64s
     0     0 107310.629    0  112 107291.000 107310.629  0.02%     -   68s
     0     0 107302.262    0   40 107291.000 107302.262  0.01%     -   71s
     0     0 107302.262    0   36 107291.000 107302.262  0.01%     -   72s
     0     0 107300.312    0   24 107291.000 107300.312  0.01%     -   74s

Cutting planes:
  Gomory: 177
  Cover: 58
  Implied bound: 143
  MIR: 3397
  StrongCG: 40
  GUB cover: 7754
  Zero half: 197
  RLT: 147
  Relax-and-lift: 8

Explored 1 nodes (38707 simplex iterations) in 74.47 seconds (82.24 work units)
Thread count was 8 (of 8 available processors)

Solution count 6: 107291 107222 106940 ... -0

Optimal solution found (tolerance 1.00e-04)
Best objective 1.072910000000e+05, best bound 1.073000000000e+05, gap 0.0084%

Gurobi 9.5.1 (linux64) logging started Mon Mar 21 22:55:05 2022

Set parameter LogFile to value "../results/logs/log_2022_03_21_02_06.csv_3_250.log"
Gurobi Optimizer version 9.5.1 build v9.5.1rc2 (linux64)
Thread count: 8 physical cores, 8 logical processors, using up to 8 threads
Optimize a model with 634161 rows, 634160 columns and 5467784 nonzeros
Model fingerprint: 0x931e81ca
Variable types: 0 continuous, 634160 integer (634160 binary)
Coefficient statistics:
  Matrix range     [1e+00, 3e+00]
  Objective range  [1e+00, 1e+00]
  Bounds range     [1e+00, 1e+00]
  RHS range        [1e+00, 2e+02]
Found heuristic solution: objective -0.0000000
Presolve removed 90045 rows and 64171 columns (presolve time = 5s) ...
Presolve removed 204217 rows and 141736 columns (presolve time = 10s) ...
Presolve removed 204988 rows and 143030 columns (presolve time = 15s) ...
Presolve removed 204988 rows and 143030 columns (presolve time = 20s) ...
Presolve removed 204988 rows and 143030 columns
Presolve time: 22.08s
Presolved: 429173 rows, 491130 columns, 4618918 nonzeros
Variable types: 0 continuous, 491130 integer (471839 binary)
Found heuristic solution: objective 133950.00000

Deterministic concurrent LP optimizer: primal simplex, dual simplex, and barrier
Showing barrier log only...

Root barrier log...

Elapsed ordering time = 5s
Elapsed ordering time = 18s
Elapsed ordering time = 20s
Elapsed ordering time = 25s
Elapsed ordering time = 29s
Elapsed ordering time = 30s
Elapsed ordering time = 35s
Elapsed ordering time = 37s
Ordering time: 36.86s

Barrier performed 0 iterations in 65.66 seconds (38.55 work units)
Barrier solve interrupted - model solved by another algorithm

Concurrent spin time: 25.34s (can be avoided by choosing Method=3)

Solved with dual simplex

Root relaxation: objective 2.104151e+05, 24668 iterations, 42.53 seconds (18.65 work units)

    Nodes    |    Current Node    |     Objective Bounds      |     Work
 Expl Unexpl |  Obj  Depth IntInf | Incumbent    BestBd   Gap | It/Node Time

     0     0 210415.117    0 10506 133950.000 210415.117  57.1%     -   70s
H    0     0                    204488.00000 210415.117  2.90%     -   71s
H    0     0                    204512.00000 210415.117  2.89%     -   72s
     0     0 205021.998    0  864 204512.000 205021.998  0.25%     -   85s
H    0     0                    204807.00000 205021.998  0.10%     -   89s
H    0     0                    204834.00000 205021.998  0.09%     -   91s
     0     0 205016.932    0  682 204834.000 205016.932  0.09%     -   92s
     0     0 205016.908    0  677 204834.000 205016.908  0.09%     -   93s
     0     0 204902.333    0  467 204834.000 204902.333  0.03%     -   98s
H    0     0                    204836.00000 204902.333  0.03%     -  101s
     0     0 204891.705    0  344 204836.000 204891.705  0.03%     -  102s
     0     0 204891.316    0  332 204836.000 204891.316  0.03%     -  103s
     0     0 204864.188    0  136 204836.000 204864.188  0.01%     -  108s
H    0     0                    204850.00000 204864.188  0.01%     -  114s

Cutting planes:
  Gomory: 199
  Cover: 86
  Implied bound: 81
  MIR: 5439
  StrongCG: 28
  GUB cover: 6719
  Zero half: 340
  RLT: 214
  Relax-and-lift: 27

Explored 1 nodes (40290 simplex iterations) in 114.85 seconds (93.65 work units)
Thread count was 8 (of 8 available processors)

Solution count 8: 204850 204836 204834 ... -0

Optimal solution found (tolerance 1.00e-04)
Best objective 2.048500000000e+05, best bound 2.048640000000e+05, gap 0.0068%
