
Gurobi 9.0.1 (win64) logging started 11/10/21 14:22:21

Changed value of parameter LogFile to ../results/logs/log_samuel_kroger_2021_11_10_14_22_18.csv_4_250.log
   Prev:   Default: 
Changed value of parameter method to 3
   Prev: -1  Min: -1  Max: 5  Default: -1
Changed value of parameter lazyConstraints to 1
   Prev: 0  Min: 0  Max: 1  Default: 0
Gurobi Optimizer version 9.0.1 build v9.0.1rc0 (win64)
Optimize a model with 15828 rows, 46266 columns and 65319 nonzeros
Model fingerprint: 0x40ad16a7
Variable types: 23133 continuous, 23133 integer (23133 binary)
Coefficient statistics:
  Matrix range     [1e+00, 4e+00]
  Objective range  [1e+00, 1e+00]
  Bounds range     [1e+00, 1e+00]
  RHS range        [1e+00, 3e+02]
Found heuristic solution: objective 13467.000000
Presolve removed 13467 rows and 35420 columns
Presolve time: 0.10s
Presolved: 2361 rows, 10846 columns, 18127 nonzeros
Variable types: 9666 continuous, 1180 integer (1180 binary)

Concurrent LP optimizer: dual simplex and barrier
Showing barrier log only...

Root barrier log...

Ordering time: 0.00s

Barrier statistics:
 AA' NZ     : 5.521e+03
 Factor NZ  : 1.044e+04 (roughly 5 MBytes of memory)
 Factor Ops : 7.254e+04 (less than 1 second per iteration)
 Threads    : 1

                  Objective                Residual
Iter       Primal          Dual         Primal    Dual     Compl     Time
   0   1.79246019e+04  1.38609096e+04  2.97e+04 7.34e-01  1.76e+00     0s
   1   1.66844102e+04  1.49326095e+04  8.79e+03 4.41e-02  4.98e-01     0s
   2   1.46819042e+04  1.47664654e+04  5.76e+02 6.66e-16  3.95e-02     0s
   3   1.46321941e+04  1.44120330e+04  2.17e+02 5.00e-16  1.07e-02     0s
   4   1.45734820e+04  1.43906929e+04  1.44e+02 5.00e-16  6.40e-03     0s
   5   1.45417515e+04  1.43394177e+04  1.24e+02 5.07e-16  5.90e-03     0s
   6   1.44814948e+04  1.43571228e+04  9.39e+01 8.88e-16  5.92e-03     0s

Barrier performed 6 iterations in 0.16 seconds
Barrier solve interrupted - model solved by another algorithm


Solved with dual simplex

Root relaxation: objective 1.405998e+04, 1634 iterations, 0.04 seconds

    Nodes    |    Current Node    |     Objective Bounds      |     Work
 Expl Unexpl |  Obj  Depth IntInf | Incumbent    BestBd   Gap | It/Node Time

     0     0 14059.9842    0  250 13467.0000 14059.9842  4.40%     -    0s
H    0     0                    13811.000000 14059.9842  1.80%     -    0s
     0     0 13961.6024    0  100 13811.0000 13961.6024  1.09%     -    0s
     0     0 13960.6057    0   99 13811.0000 13960.6057  1.08%     -    1s
     0     0 13952.9792    0   48 13811.0000 13952.9792  1.03%     -    1s
     0     0 13951.6595    0   43 13811.0000 13951.6595  1.02%     -    1s
     0     0 13951.5853    0   43 13811.0000 13951.5853  1.02%     -    2s
     0     0 13948.5149    0   24 13811.0000 13948.5149  1.00%     -    2s
     0     0 13948.0804    0   18 13811.0000 13948.0804  0.99%     -    2s
     0     0 13948.0469    0   18 13811.0000 13948.0469  0.99%     -    3s
     0     0 13947.7333    0   10 13811.0000 13947.7333  0.99%     -    3s
     0     0 13947.6500    0   10 13811.0000 13947.6500  0.99%     -    4s
     0     0 13947.6000    0   11 13811.0000 13947.6000  0.99%     -    4s
     0     0 13947.6000    0    7 13811.0000 13947.6000  0.99%     -    4s
H    0     0                    13947.000000 13947.6000  0.00%     -    5s
     0     0 13947.6000    0    7 13947.0000 13947.6000  0.00%     -    5s

Cutting planes:
  Gomory: 149
  MIR: 479
  RLT: 46
  Relax-and-lift: 25
  Lazy constraints: 10

Explored 1 nodes (2902 simplex iterations) in 5.27 seconds
Thread count was 8 (of 8 available processors)

Solution count 3: 13947 13811 13467 

Optimal solution found (tolerance 1.00e-04)
Best objective 1.394700000000e+04, best bound 1.394700000000e+04, gap 0.0000%

User-callback calls 317, time in user-callback 4.35 sec

Gurobi 9.0.1 (win64) logging started 11/10/21 14:22:30

Changed value of parameter LogFile to ../results/logs/log_samuel_kroger_2021_11_10_14_22_18.csv_4_250.log
   Prev:   Default: 
Changed value of parameter method to 3
   Prev: -1  Min: -1  Max: 5  Default: -1
Changed value of parameter lazyConstraints to 1
   Prev: 0  Min: 0  Max: 1  Default: 0
Gurobi Optimizer version 9.0.1 build v9.0.1rc0 (win64)
Optimize a model with 7862 rows, 24016 columns and 33326 nonzeros
Model fingerprint: 0xa551f3c7
Variable types: 12008 continuous, 12008 integer (12008 binary)
Coefficient statistics:
  Matrix range     [1e+00, 4e+00]
  Objective range  [1e+00, 1e+00]
  Bounds range     [1e+00, 1e+00]
  RHS range        [1e+00, 3e+02]
Found heuristic solution: objective 6591.0000000
Presolve removed 6591 rows and 17964 columns
Presolve time: 0.05s
Presolved: 1271 rows, 6052 columns, 9931 nonzeros
Variable types: 5417 continuous, 635 integer (635 binary)

Concurrent LP optimizer: dual simplex and barrier
Showing barrier log only...

Root barrier log...

Ordering time: 0.00s

Barrier statistics:
 AA' NZ     : 2.991e+03
 Factor NZ  : 5.682e+03 (roughly 3 MBytes of memory)
 Factor Ops : 3.901e+04 (less than 1 second per iteration)
 Threads    : 1

                  Objective                Residual
Iter       Primal          Dual         Primal    Dual     Compl     Time
   0   9.01464952e+03  6.80323780e+03  1.69e+04 7.26e-01  1.75e+00     0s
   1   8.32554953e+03  7.42173295e+03  4.70e+03 4.44e-16  4.58e-01     0s
   2   7.25160627e+03  7.30109173e+03  3.01e+02 6.66e-16  3.59e-02     0s
   3   7.22384709e+03  7.16107272e+03  8.86e+01 5.83e-16  7.35e-03     0s

Barrier performed 3 iterations in 0.07 seconds
Barrier solve interrupted - model solved by another algorithm


Solved with dual simplex

Root relaxation: objective 7.041103e+03, 865 iterations, 0.02 seconds

    Nodes    |    Current Node    |     Objective Bounds      |     Work
 Expl Unexpl |  Obj  Depth IntInf | Incumbent    BestBd   Gap | It/Node Time

     0     0 7041.10303    0  138 6591.00000 7041.10303  6.83%     -    0s
H    0     0                    6917.0000000 7041.10303  1.79%     -    0s
     0     0 6984.29241    0   58 6917.00000 6984.29241  0.97%     -    0s
     0     0 6983.94269    0   56 6917.00000 6983.94269  0.97%     -    0s
     0     0 6983.81110    0   55 6917.00000 6983.81110  0.97%     -    0s
     0     0 6980.28131    0   14 6917.00000 6980.28131  0.91%     -    0s
     0     0 6980.18154    0   12 6917.00000 6980.18154  0.91%     -    1s
     0     0 6979.36970    0   10 6917.00000 6979.36970  0.90%     -    1s
     0     0 6979.33333    0    8 6917.00000 6979.33333  0.90%     -    1s
     0     0 6979.20000    0    3 6917.00000 6979.20000  0.90%     -    1s
     0     0 6979.16667    0    3 6917.00000 6979.16667  0.90%     -    1s
     0     0 6979.10000    0    5 6917.00000 6979.10000  0.90%     -    1s
     0     0 6979.10000    0    5 6917.00000 6979.10000  0.90%     -    2s
     0     2 6979.10000    0    5 6917.00000 6979.10000  0.90%     -    2s
*   10     8               2    6979.0000000 6979.00000  0.00%   9.2    4s

Cutting planes:
  Gomory: 97
  MIR: 288
  RLT: 19
  Relax-and-lift: 10
  Lazy constraints: 19

Explored 11 nodes (1459 simplex iterations) in 4.45 seconds
Thread count was 8 (of 8 available processors)

Solution count 3: 6979 6917 6591 

Optimal solution found (tolerance 1.00e-04)
Best objective 6.979000000000e+03, best bound 6.979000000000e+03, gap 0.0000%

User-callback calls 264, time in user-callback 4.03 sec
