
Gurobi 9.5.0 (win64) logging started Mon Jun  6 19:41:06 2022

Set parameter LogFile to value "../results/logs/log_soc-dolphins_3_1_2022_06_06_19_41.log"
Set parameter LazyConstraints to value 1
Gurobi Optimizer version 9.5.0 build v9.5.0rc5 (win64)
Thread count: 6 physical cores, 12 logical processors, using up to 12 threads
Optimize a model with 210 rows, 48 columns and 688 nonzeros
Model fingerprint: 0x4f379cca
Variable types: 0 continuous, 48 integer (48 binary)
Coefficient statistics:
  Matrix range     [1e+00, 3e+00]
  Objective range  [1e+00, 1e+00]
  Bounds range     [1e+00, 1e+00]
  RHS range        [1e+00, 1e+00]
Found heuristic solution: objective -0.0000000
Presolve removed 209 rows and 32 columns
Presolve time: 0.00s
Presolved: 1 rows, 16 columns, 16 nonzeros
Variable types: 0 continuous, 16 integer (16 binary)

Explored 0 nodes (0 simplex iterations) in 0.00 seconds (0.00 work units)
Thread count was 12 (of 12 available processors)

Solution count 1: -0 
No other solutions better than -0

Optimal solution found (tolerance 0.00e+00)
Best objective -0.000000000000e+00, best bound -0.000000000000e+00, gap 0.0000%

User-callback calls 344, time in user-callback 0.00 sec

Gurobi 9.5.0 (win64) logging started Mon Jun  6 19:41:09 2022

Set parameter LogFile to value "../results/logs/log_soc-dolphins_3_1_2022_06_06_19_41.log"
Gurobi Optimizer version 9.5.0 build v9.5.0rc5 (win64)
Thread count: 6 physical cores, 12 logical processors, using up to 12 threads
Optimize a model with 690 rows, 688 columns and 3956 nonzeros
Model fingerprint: 0xc03a87f0
Variable types: 640 continuous, 48 integer (48 binary)
Coefficient statistics:
  Matrix range     [1e+00, 3e+00]
  Objective range  [1e+00, 1e+00]
  Bounds range     [1e+00, 1e+00]
  RHS range        [1e+00, 1e+00]
Presolve removed 170 rows and 161 columns
Presolve time: 0.01s

Explored 0 nodes (0 simplex iterations) in 0.01 seconds (0.01 work units)
Thread count was 1 (of 12 available processors)

Solution count 0
No other solutions better than -1e+100

Model is infeasible
Best objective -, best bound -, gap -

Gurobi 9.5.0 (win64) logging started Mon Jun  6 19:41:15 2022

Set parameter LogFile to value "../results/logs/log_soc-dolphins_3_1_2022_06_06_19_41.log"
Set parameter LazyConstraints to value 1
Gurobi Optimizer version 9.5.0 build v9.5.0rc5 (win64)
Thread count: 6 physical cores, 12 logical processors, using up to 12 threads
Optimize a model with 198 rows, 48 columns and 656 nonzeros
Model fingerprint: 0xefdba3ff
Variable types: 0 continuous, 48 integer (48 binary)
Coefficient statistics:
  Matrix range     [1e+00, 3e+00]
  Objective range  [1e+00, 1e+00]
  Bounds range     [1e+00, 1e+00]
  RHS range        [1e+00, 1e+00]
Found heuristic solution: objective -0.0000000
Presolve removed 197 rows and 32 columns
Presolve time: 0.00s
Presolved: 1 rows, 16 columns, 16 nonzeros
Variable types: 0 continuous, 16 integer (16 binary)

Explored 0 nodes (0 simplex iterations) in 0.00 seconds (0.00 work units)
Thread count was 12 (of 12 available processors)

Solution count 1: -0 
No other solutions better than -0

Optimal solution found (tolerance 0.00e+00)
Best objective -0.000000000000e+00, best bound -0.000000000000e+00, gap 0.0000%

User-callback calls 344, time in user-callback 0.00 sec

Gurobi 9.5.0 (win64) logging started Mon Jun  6 19:41:19 2022

Set parameter LogFile to value "../results/logs/log_soc-dolphins_3_1_2022_06_06_19_41.log"
Gurobi Optimizer version 9.5.0 build v9.5.0rc5 (win64)
Thread count: 6 physical cores, 12 logical processors, using up to 12 threads
Optimize a model with 696 rows, 720 columns and 4130 nonzeros
Model fingerprint: 0xfd915335
Variable types: 672 continuous, 48 integer (48 binary)
Coefficient statistics:
  Matrix range     [1e+00, 3e+00]
  Objective range  [1e+00, 1e+00]
  Bounds range     [1e+00, 1e+00]
  RHS range        [1e+00, 1e+00]
Presolve removed 154 rows and 158 columns
Presolve time: 0.01s

Explored 0 nodes (0 simplex iterations) in 0.01 seconds (0.01 work units)
Thread count was 1 (of 12 available processors)

Solution count 0
No other solutions better than -1e+100

Model is infeasible
Best objective -, best bound -, gap -

Gurobi 9.5.0 (win64) logging started Mon Jun  6 19:41:28 2022

Set parameter LogFile to value "../results/logs/log_soc-dolphins_3_1_2022_06_06_19_41.log"
Set parameter LazyConstraints to value 1
Gurobi Optimizer version 9.5.0 build v9.5.0rc5 (win64)
Thread count: 6 physical cores, 12 logical processors, using up to 12 threads
Optimize a model with 146 rows, 48 columns and 508 nonzeros
Model fingerprint: 0xb3e48d11
Variable types: 0 continuous, 48 integer (48 binary)
Coefficient statistics:
  Matrix range     [1e+00, 3e+00]
  Objective range  [1e+00, 1e+00]
  Bounds range     [1e+00, 1e+00]
  RHS range        [1e+00, 1e+00]
Found heuristic solution: objective -0.0000000
Presolve removed 145 rows and 32 columns
Presolve time: 0.00s
Presolved: 1 rows, 16 columns, 16 nonzeros
Variable types: 0 continuous, 16 integer (16 binary)

Explored 0 nodes (0 simplex iterations) in 0.00 seconds (0.00 work units)
Thread count was 12 (of 12 available processors)

Solution count 1: -0 
No other solutions better than -0

Optimal solution found (tolerance 0.00e+00)
Best objective -0.000000000000e+00, best bound -0.000000000000e+00, gap 0.0000%

User-callback calls 321, time in user-callback 0.00 sec

Gurobi 9.5.0 (win64) logging started Mon Jun  6 19:41:40 2022

Set parameter LogFile to value "../results/logs/log_soc-dolphins_3_1_2022_06_06_19_41.log"
Gurobi Optimizer version 9.5.0 build v9.5.0rc5 (win64)
Thread count: 6 physical cores, 12 logical processors, using up to 12 threads
Optimize a model with 722 rows, 784 columns and 4678 nonzeros
Model fingerprint: 0xd5cec9fd
Variable types: 736 continuous, 48 integer (48 binary)
Coefficient statistics:
  Matrix range     [1e+00, 3e+00]
  Objective range  [1e+00, 1e+00]
  Bounds range     [1e+00, 1e+00]
  RHS range        [1e+00, 1e+00]
Presolve removed 106 rows and 102 columns
Presolve time: 0.01s

Explored 0 nodes (0 simplex iterations) in 0.01 seconds (0.01 work units)
Thread count was 1 (of 12 available processors)

Solution count 0
No other solutions better than -1e+100

Model is infeasible
Best objective -, best bound -, gap -

Gurobi 9.5.0 (win64) logging started Mon Jun  6 19:41:46 2022

Set parameter LogFile to value "../results/logs/log_soc-dolphins_3_1_2022_06_06_19_41.log"
Set parameter LazyConstraints to value 1
Gurobi Optimizer version 9.5.0 build v9.5.0rc5 (win64)
Thread count: 6 physical cores, 12 logical processors, using up to 12 threads
Optimize a model with 146 rows, 48 columns and 512 nonzeros
Model fingerprint: 0x9f27db63
Variable types: 0 continuous, 48 integer (48 binary)
Coefficient statistics:
  Matrix range     [1e+00, 3e+00]
  Objective range  [1e+00, 1e+00]
  Bounds range     [1e+00, 1e+00]
  RHS range        [1e+00, 1e+00]
Found heuristic solution: objective -0.0000000
Presolve removed 145 rows and 32 columns
Presolve time: 0.00s
Presolved: 1 rows, 16 columns, 16 nonzeros
Variable types: 0 continuous, 16 integer (16 binary)

Explored 0 nodes (0 simplex iterations) in 0.00 seconds (0.00 work units)
Thread count was 12 (of 12 available processors)

Solution count 1: -0 
No other solutions better than -0

Optimal solution found (tolerance 0.00e+00)
Best objective -0.000000000000e+00, best bound -0.000000000000e+00, gap 0.0000%

User-callback calls 287, time in user-callback 0.00 sec

Gurobi 9.5.0 (win64) logging started Mon Jun  6 19:41:52 2022

Set parameter LogFile to value "../results/logs/log_soc-dolphins_3_1_2022_06_06_19_41.log"
Gurobi Optimizer version 9.5.0 build v9.5.0rc5 (win64)
Thread count: 6 physical cores, 12 logical processors, using up to 12 threads
Optimize a model with 722 rows, 816 columns and 4816 nonzeros
Model fingerprint: 0x488b4297
Variable types: 768 continuous, 48 integer (48 binary)
Coefficient statistics:
  Matrix range     [1e+00, 3e+00]
  Objective range  [1e+00, 1e+00]
  Bounds range     [1e+00, 1e+00]
  RHS range        [1e+00, 1e+00]
Presolve removed 99 rows and 95 columns
Presolve time: 0.01s

Explored 0 nodes (0 simplex iterations) in 0.01 seconds (0.01 work units)
Thread count was 1 (of 12 available processors)

Solution count 0
No other solutions better than -1e+100

Model is infeasible
Best objective -, best bound -, gap -
