
Gurobi 9.5.0 (win64) logging started Sat Mar 26 14:34:21 2022

Set parameter LogFile to value "../results/logs/log_2022_03_26_14_34.csv_17_250.log"
Gurobi Optimizer version 9.5.0 build v9.5.0rc5 (win64)
Thread count: 6 physical cores, 12 logical processors, using up to 12 threads
Optimize a model with 1003 rows, 8078 columns and 26846 nonzeros
Model fingerprint: 0x863782f1
Variable types: 0 continuous, 8078 integer (8078 binary)
Coefficient statistics:
  Matrix range     [1e+00, 2e+01]
  Objective range  [1e+00, 1e+00]
  Bounds range     [1e+00, 1e+00]
  RHS range        [1e+00, 3e+02]
Found heuristic solution: objective 2812.0000000
Presolve removed 1003 rows and 8078 columns
Presolve time: 0.01s
Presolve: All rows and columns removed

Explored 0 nodes (0 simplex iterations) in 0.02 seconds (0.01 work units)
Thread count was 1 (of 12 available processors)

Solution count 1: 2812 

Optimal solution found (tolerance 1.00e-04)
Best objective 2.812000000000e+03, best bound 2.812000000000e+03, gap 0.0000%

Gurobi 9.5.0 (win64) logging started Sat Mar 26 14:34:55 2022

Set parameter LogFile to value "../results/logs/log_2022_03_26_14_34.csv_17_250.log"
Gurobi Optimizer version 9.5.0 build v9.5.0rc5 (win64)
Thread count: 6 physical cores, 12 logical processors, using up to 12 threads
Optimize a model with 1003 rows, 8078 columns and 27347 nonzeros
Model fingerprint: 0x3473f2b9
Variable types: 0 continuous, 8078 integer (8078 binary)
Coefficient statistics:
  Matrix range     [1e+00, 2e+01]
  Objective range  [1e+00, 1e+00]
  Bounds range     [1e+00, 1e+00]
  RHS range        [1e+00, 3e+02]
Found heuristic solution: objective 2311.0000000
Found heuristic solution: objective 2319.0000000
Presolve removed 0 rows and 6530 columns
Presolve time: 0.03s
Presolved: 1003 rows, 1548 columns, 17315 nonzeros
Variable types: 0 continuous, 1548 integer (1457 binary)
Found heuristic solution: objective 2338.0000000

Root relaxation: objective 2.797778e+03, 762 iterations, 0.01 seconds (0.01 work units)

    Nodes    |    Current Node    |     Objective Bounds      |     Work
 Expl Unexpl |  Obj  Depth IntInf | Incumbent    BestBd   Gap | It/Node Time

     0     0 2797.77825    0  107 2338.00000 2797.77825  19.7%     -    0s
H    0     0                    2727.0000000 2797.77825  2.60%     -    0s
H    0     0                    2729.0000000 2797.77825  2.52%     -    0s
     0     0 2792.72466    0  160 2729.00000 2792.72466  2.34%     -    0s
     0     0 2791.00868    0  163 2729.00000 2791.00868  2.27%     -    0s
     0     0 2790.96397    0  165 2729.00000 2790.96397  2.27%     -    0s
     0     0 2787.59061    0  159 2729.00000 2787.59061  2.15%     -    0s
H    0     0                    2736.0000000 2787.59061  1.89%     -    0s
     0     0 2787.06849    0  168 2736.00000 2787.06849  1.87%     -    0s
     0     0 2786.89088    0  167 2736.00000 2786.89088  1.86%     -    0s
     0     0 2786.84469    0  137 2736.00000 2786.84469  1.86%     -    0s
     0     0 2786.83791    0  143 2736.00000 2786.83791  1.86%     -    0s
     0     0 2786.83344    0  151 2736.00000 2786.83344  1.86%     -    0s
     0     0 2786.83321    0  154 2736.00000 2786.83321  1.86%     -    0s
H    0     0                    2778.0000000 2786.83321  0.32%     -    0s
     0     0 2785.83098    0  110 2778.00000 2785.83098  0.28%     -    0s
H    0     0                    2780.0000000 2785.83098  0.21%     -    0s
     0     0 2784.91240    0   68 2780.00000 2784.91240  0.18%     -    0s
     0     0 2784.76439    0   92 2780.00000 2784.76439  0.17%     -    0s
H    0     0                    2782.0000000 2784.64201  0.09%     -    0s
     0     0 2784.64201    0  113 2782.00000 2784.64201  0.09%     -    0s
     0     0 2784.59479    0  103 2782.00000 2784.59479  0.09%     -    0s
     0     0 2784.56681    0  111 2782.00000 2784.56681  0.09%     -    0s
     0     0 2784.55906    0   85 2782.00000 2784.55906  0.09%     -    0s
     0     0 2784.55108    0   88 2782.00000 2784.55108  0.09%     -    0s
     0     0 2784.55094    0   88 2782.00000 2784.55094  0.09%     -    0s
H    0     0                    2783.0000000 2784.55094  0.06%     -    0s
     0     0 2784.39318    0   54 2783.00000 2784.39318  0.05%     -    0s
     0     0 2784.39318    0   32 2783.00000 2784.39318  0.05%     -    0s
     0     0 2784.39318    0   42 2783.00000 2784.39318  0.05%     -    0s
     0     0 2784.39318    0   41 2783.00000 2784.39318  0.05%     -    0s
     0     0 2784.39318    0   45 2783.00000 2784.39318  0.05%     -    0s
     0     0 2784.39318    0   47 2783.00000 2784.39318  0.05%     -    0s
     0     0 2784.39318    0   42 2783.00000 2784.39318  0.05%     -    0s
     0     0 2784.39318    0   43 2783.00000 2784.39318  0.05%     -    0s
     0     0 2784.39318    0   26 2783.00000 2784.39318  0.05%     -    0s
     0     0 2784.13783    0   26 2783.00000 2784.13783  0.04%     -    0s
     0     0     cutoff    0      2783.00000 2783.00000  0.00%     -    0s

Cutting planes:
  Gomory: 16
  Cover: 2
  Implied bound: 5
  MIR: 22
  StrongCG: 3
  GUB cover: 13
  Mod-K: 1
  RLT: 2

Explored 1 nodes (2668 simplex iterations) in 0.69 seconds (0.45 work units)
Thread count was 12 (of 12 available processors)

Solution count 10: 2783 2782 2782 ... 2727

Optimal solution found (tolerance 1.00e-04)
Best objective 2.783000000000e+03, best bound 2.783000000000e+03, gap 0.0000%
