
Gurobi 9.5.1 (linux64) logging started Mon Jun 13 06:02:39 2022

Set parameter LogFile to value "../results/logs/log_com-youtube.ungraph_20_20_2022_06_12_23_13.log"
Gurobi Optimizer version 9.5.1 build v9.5.1rc2 (linux64)
Thread count: 8 physical cores, 8 logical processors, using up to 8 threads
Optimize a model with 44667 rows, 2269780 columns and 2762253 nonzeros
Model fingerprint: 0x1c2d54a8
Variable types: 0 continuous, 2269780 integer (2269780 binary)
Coefficient statistics:
  Matrix range     [1e+00, 2e+01]
  Objective range  [1e+00, 1e+00]
  Bounds range     [1e+00, 1e+00]
  RHS range        [1e+00, 2e+01]
Found heuristic solution: objective 18890.000000
Presolve removed 2495 rows and 2139993 columns (presolve time = 5s) ...
Presolve removed 2495 rows and 2139993 columns
Presolve time: 5.55s
Presolved: 42172 rows, 129787 columns, 620305 nonzeros
Found heuristic solution: objective 18911.000000
Variable types: 0 continuous, 129787 integer (106628 binary)

Deterministic concurrent LP optimizer: primal and dual simplex
Showing first log only...


Root simplex log...

Iteration    Objective       Primal Inf.    Dual Inf.      Time
       0    1.8910000e+04   0.000000e+00   1.776750e+04      7s
Warning: Markowitz tolerance tightened to 0.03125
   16160    2.0246838e+04   0.000000e+00   3.153193e+08     10s
   17070    2.0824414e+04   0.000000e+00   7.668801e+06     16s
   17770    2.1193613e+04   0.000000e+00   3.315070e+07     21s
   18200    2.1387793e+04   0.000000e+00   1.633249e+07     25s
   18840    2.1694421e+04   0.000000e+00   4.067620e+06     32s
   19160    2.1873258e+04   0.000000e+00   2.305776e+07     35s
   19620    2.2086077e+04   0.000000e+00   1.674643e+07     41s
   19940    2.2245667e+04   0.000000e+00   1.422465e+05     46s
   20430    2.2637307e+04   0.000000e+00   2.260970e+06     52s
   20801    2.2858248e+04   0.000000e+00   3.002499e+06     57s
   21151    2.3037257e+04   0.000000e+00   1.951715e+06     63s
   21323    2.3128148e+04   0.000000e+00   3.107011e+07     66s
   21688    2.3284267e+04   0.000000e+00   1.096834e+06     72s
   21894    2.3376093e+04   0.000000e+00   1.960476e+07     76s
   22306    2.3571442e+04   0.000000e+00   2.846505e+05     84s
   22511    2.3665603e+04   0.000000e+00   6.805438e+06     87s
   22716    2.3773006e+04   0.000000e+00   8.942154e+07     92s
   22921    2.3848047e+04   0.000000e+00   2.539394e+06     96s
   23126    2.3951580e+04   0.000000e+00   7.768131e+07    101s
   23331    2.4034539e+04   0.000000e+00   9.952000e+02    105s
   23536    2.4109493e+04   0.000000e+00   1.161265e+07    110s
   23741    2.4176585e+04   0.000000e+00   5.182223e+07    116s
   23946    2.4251848e+04   0.000000e+00   1.740530e+07    121s
   24151    2.4323468e+04   0.000000e+00   1.365788e+07    126s
   24356    2.4406599e+04   0.000000e+00   2.116799e+03    132s
   24561    2.4471722e+04   0.000000e+00   1.184706e+03    138s
   24766    2.4521302e+04   0.000000e+00   5.318085e+03    144s
   24972    2.4586469e+04   0.000000e+00   5.744834e+02    150s
   25177    2.4622204e+04   0.000000e+00   9.285632e+03    157s
   25384    2.4674948e+04   0.000000e+00   1.983835e+02    165s
   25591    2.4713858e+04   0.000000e+00   5.282159e+01    171s
   25665    2.4721574e+04   0.000000e+00   0.000000e+00    176s
   25746    2.4721574e+04   0.000000e+00   0.000000e+00    178s
Extra simplex iterations after uncrush: 81
Concurrent spin time: 4.76s

Solved with primal simplex

Root relaxation: objective 2.472157e+04, 25746 iterations, 176.44 seconds (371.78 work units)

    Nodes    |    Current Node    |     Objective Bounds      |     Work
 Expl Unexpl |  Obj  Depth IntInf | Incumbent    BestBd   Gap | It/Node Time

     0     0 24721.5739    0 18903 18911.0000 24721.5739  30.7%     -  188s
     0     0 23560.2135    0 18546 18911.0000 23560.2135  24.6%     -  396s
H    0     0                    19059.000000 23560.2135  23.6%     -  456s
     0     0 22549.7355    0 18492 19059.0000 22549.7355  18.3%     -  525s
     0     0 21678.8388    0 18309 19059.0000 21678.8388  13.7%     -  637s
     0     0 21010.3435    0 18061 19059.0000 21010.3435  10.2%     -  691s
     0     0 20552.0164    0 17551 19059.0000 20552.0164  7.83%     -  742s
     0     0 20277.2401    0 16696 19059.0000 20277.2401  6.39%     -  790s
     0     0 20128.6904    0 15785 19059.0000 20128.6904  5.61%     -  830s
     0     0 20075.1248    0 14574 19059.0000 20075.1248  5.33%     -  867s
     0     0 20050.3303    0 13313 19059.0000 20050.3303  5.20%     -  897s
     0     0 20023.6897    0 11617 19059.0000 20023.6897  5.06%     -  928s
     0     0 20011.3262    0 9584 19059.0000 20011.3262  5.00%     -  959s
     0     0 20001.6671    0 8101 19059.0000 20001.6671  4.95%     -  971s
     0     0 19999.3174    0 7448 19059.0000 19999.3174  4.93%     -  978s
     0     0 19998.6415    0 6442 19059.0000 19998.6415  4.93%     -  982s
     0     0 19997.9521    0 6419 19059.0000 19997.9521  4.93%     -  985s
     0     0 19997.7422    0 6928 19059.0000 19997.7422  4.93%     -  987s
     0     0 19997.5933    0 6293 19059.0000 19997.5933  4.92%     -  988s
     0     0 19658.0360    0 8053 19059.0000 19658.0360  3.14%     - 1068s
     0     0 19549.7887    0 9112 19059.0000 19549.7887  2.58%     - 1084s
     0     0 19524.6759    0 8574 19059.0000 19524.6759  2.44%     - 1100s
     0     0 19511.2910    0 8572 19059.0000 19511.2910  2.37%     - 1129s
     0     0 19497.0317    0 8203 19059.0000 19497.0317  2.30%     - 1149s
     0     0 19485.9041    0 6889 19059.0000 19485.9041  2.24%     - 1190s
     0     0 19483.6378    0 7302 19059.0000 19483.6378  2.23%     - 1200s
     0     0 19445.0618    0 7493 19059.0000 19445.0618  2.03%     - 1300s
H    0     0                    19083.000000 19445.0618  1.90%     - 1474s
     0     0 19416.7734    0 9066 19083.0000 19416.7734  1.75%     - 1507s
     0     0 19403.8490    0 8571 19083.0000 19403.8490  1.68%     - 1544s
     0     0 19396.6492    0 9148 19083.0000 19396.6492  1.64%     - 1572s
     0     0 19391.7192    0 8658 19083.0000 19391.7192  1.62%     - 1601s
     0     0 19387.4476    0 8972 19083.0000 19387.4476  1.60%     - 1629s
     0     0 19377.0942    0 8973 19083.0000 19377.0942  1.54%     - 1783s
     0     0 19368.8890    0 9480 19083.0000 19368.8890  1.50%     - 1826s
     0     0 19363.4063    0 9571 19083.0000 19363.4063  1.47%     - 1859s
     0     0 19359.1962    0 9345 19083.0000 19359.1962  1.45%     - 1960s
     0     0 19354.3474    0 9911 19083.0000 19354.3474  1.42%     - 1996s
     0     0 19354.3474    0 9911 19083.0000 19354.3474  1.42%     - 2028s
H    0     0                    19088.000000 19348.9194  1.37%     - 2690s
     0     2 19348.9194    0 9911 19088.0000 19348.9194  1.37%     - 2691s
     1     4 19348.9194    1 9844 19088.0000 19348.9194  1.37%   440 2708s
     3     7 19348.9194    2 9514 19088.0000 19348.9194  1.37%  2593 2846s
     7    13 19346.3009    3 9720 19088.0000 19348.9194  1.37%  6948 3084s

Cutting planes:
  Lift-and-project: 14
  Cover: 693
  Implied bound: 1921
  MIR: 5840
  StrongCG: 440
  GUB cover: 2553
  Zero half: 49
  RLT: 7565
  Relax-and-lift: 13

Explored 14 nodes (258112 simplex iterations) in 3600.15 seconds (6912.11 work units)
Thread count was 8 (of 8 available processors)

Solution count 5: 19088 19083 19059 ... 18890

Time limit reached
Best objective 1.908800000000e+04, best bound 1.934600000000e+04, gap 1.3516%
