
Gurobi 9.5.1 (linux64) logging started Tue Jul  5 13:17:11 2022

Set parameter LogFile to value "../results/logs/log_com-dblp.ungraph_20_20_2022_07_05_11_53.log"
Gurobi Optimizer version 9.5.1 build v9.5.1rc2 (linux64)
Thread count: 8 physical cores, 8 logical processors, using up to 8 threads
Optimize a model with 57994 rows, 634160 columns and 1528962 nonzeros
Model fingerprint: 0x8943a8bf
Coefficient statistics:
  Matrix range     [1e+00, 2e+01]
  Objective range  [1e+00, 1e+00]
  Bounds range     [1e+00, 1e+00]
  RHS range        [1e+00, 2e+01]

Concurrent LP optimizer: primal simplex, dual simplex, and barrier
Showing barrier log only...

Presolve removed 160 rows and 528117 columns
Presolve time: 0.90s
Presolved: 57834 rows, 106043 columns, 762815 nonzeros

Elapsed ordering time = 5s
Elapsed ordering time = 6s
Ordering time: 7.53s

Barrier statistics:
 AA' NZ     : 1.953e+06
 Factor NZ  : 8.738e+07 (roughly 800 MB of memory)
 Factor Ops : 6.950e+11 (roughly 2 seconds per iteration)
 Threads    : 6

                  Objective                Residual
Iter       Primal          Dual         Primal    Dual     Compl     Time
   0   1.32554893e+04  3.24773429e+04  1.45e+05 3.55e-01  1.72e+00    11s
   1   1.23651481e+04  3.56105532e+04  6.42e+04 3.18e-01  7.85e-01    13s
   2   1.27488601e+04  3.30897933e+04  3.44e+04 1.30e-01  4.19e-01    16s
   3   1.06365071e+04  2.26869202e+04  5.57e+03 1.92e-02  9.60e-02    20s
   4   1.03234104e+04  1.43420120e+04  2.62e+03 6.73e-03  4.25e-02    24s
   5   1.00104165e+04  1.19700551e+04  1.35e+03 3.86e-03  2.34e-02    29s
   6   9.80791004e+03  1.06315841e+04  9.71e+02 2.53e-03  1.59e-02    34s
   7   9.52934370e+03  9.80598060e+03  6.60e+02 1.72e-03  1.10e-02    40s
   8   9.37555373e+03  9.28123705e+03  5.41e+02 1.28e-03  8.80e-03    46s
   9   9.13120780e+03  8.87964222e+03  3.98e+02 9.59e-04  6.55e-03    53s
  10   8.96211730e+03  8.68998993e+03  3.18e+02 8.29e-04  5.38e-03    60s
  11   8.81352539e+03  8.49194308e+03  2.56e+02 7.03e-04  4.41e-03    63s
  12   8.72026133e+03  8.36460832e+03  2.26e+02 6.27e-04  3.89e-03    67s
  13   8.63431036e+03  8.27594481e+03  2.00e+02 5.77e-04  3.49e-03    70s
  14   8.59770403e+03  8.19588977e+03  1.91e+02 5.31e-04  3.26e-03    73s
  15   8.51003654e+03  8.08678533e+03  1.68e+02 4.81e-04  2.90e-03    76s
  16   8.43803919e+03  8.01634815e+03  1.51e+02 4.42e-04  2.62e-03    80s
  17   8.39424431e+03  7.95999664e+03  1.42e+02 4.15e-04  2.46e-03    83s
  18   8.32683271e+03  7.88408015e+03  1.29e+02 3.77e-04  2.23e-03    86s
  19   8.31344177e+03  7.83110248e+03  1.26e+02 3.47e-04  2.12e-03    89s
  20   8.29688513e+03  7.81115201e+03  1.23e+02 3.35e-04  2.06e-03    92s
  21   8.21920285e+03  7.76761329e+03  1.10e+02 3.11e-04  1.85e-03    95s
  22   8.17424485e+03  7.70745686e+03  1.02e+02 2.85e-04  1.71e-03    99s
  23   8.15488881e+03  7.68904945e+03  9.94e+01 2.78e-04  1.67e-03   102s
  24   8.10116018e+03  7.65026734e+03  9.13e+01 2.59e-04  1.53e-03   105s
  25   8.06026709e+03  7.61838236e+03  8.55e+01 3.03e-04  1.45e-03   108s
  26   8.02940385e+03  7.57817363e+03  8.14e+01 2.81e-04  1.36e-03   112s
  27   7.99465059e+03  7.55507047e+03  7.68e+01 2.68e-04  1.29e-03   115s
  28   7.97120500e+03  7.52608679e+03  7.38e+01 2.51e-04  1.23e-03   118s
  29   7.92281228e+03  7.50502380e+03  6.78e+01 2.42e-04  1.15e-03   121s
  30   7.88986354e+03  7.47995975e+03  6.38e+01 2.29e-04  1.09e-03   125s
  31   7.88088204e+03  7.47012287e+03  6.28e+01 2.21e-04  1.06e-03   128s
  32   7.83916771e+03  7.44375600e+03  5.78e+01 2.01e-04  9.56e-04   131s
  33   7.82398305e+03  7.43170309e+03  5.61e+01 1.97e-04  9.34e-04   134s
  34   7.81240810e+03  7.42544678e+03  5.49e+01 1.91e-04  9.09e-04   137s
  35   7.77614311e+03  7.39928212e+03  5.09e+01 1.78e-04  8.46e-04   141s
  36   7.74724957e+03  7.37834149e+03  4.80e+01 1.66e-04  7.94e-04   144s
  37   7.72361281e+03  7.36450155e+03  4.56e+01 1.58e-04  7.53e-04   147s
  38   7.71504696e+03  7.35382256e+03  4.48e+01 1.52e-04  7.38e-04   150s
  39   7.69109988e+03  7.33464899e+03  4.25e+01 1.40e-04  6.89e-04   153s
  40   7.66538873e+03  7.32383888e+03  4.00e+01 1.33e-04  6.51e-04   157s
  41   7.65592963e+03  7.30960214e+03  3.92e+01 1.29e-04  6.31e-04   160s
  42   7.64111391e+03  7.29427391e+03  3.79e+01 1.22e-04  6.01e-04   163s
  43   7.63447412e+03  7.28384667e+03  3.73e+01 1.17e-04  5.85e-04   166s
  44   7.61514242e+03  7.26767052e+03  3.56e+01 1.08e-04  5.41e-04   170s
  45   7.60133750e+03  7.25641196e+03  3.45e+01 1.03e-04  5.18e-04   173s
  46   7.59129042e+03  7.24988609e+03  3.37e+01 1.00e-04  5.07e-04   176s
  47   7.58059028e+03  7.24142332e+03  3.28e+01 9.64e-05  4.90e-04   179s
  48   7.56775937e+03  7.23329997e+03  3.18e+01 9.24e-05  4.71e-04   182s
  49   7.55667749e+03  7.22426769e+03  3.09e+01 8.92e-05  4.56e-04   186s
  50   7.54729571e+03  7.21830771e+03  3.02e+01 8.66e-05  4.43e-04   189s
  51   7.53489560e+03  7.20855027e+03  2.92e+01 8.27e-05  4.25e-04   192s
  52   7.53274164e+03  7.20555068e+03  2.91e+01 7.94e-05  4.14e-04   195s
  53   7.51720270e+03  7.19670576e+03  2.79e+01 7.67e-05  3.98e-04   199s
  54   7.51193529e+03  7.19151132e+03  2.75e+01 7.47e-05  3.89e-04   202s
  55   7.50464189e+03  7.18671077e+03  2.69e+01 7.29e-05  3.80e-04   205s
  56   7.49668954e+03  7.17842098e+03  2.64e+01 6.79e-05  3.62e-04   208s
  57   7.49237923e+03  7.17539463e+03  2.61e+01 6.58e-05  3.55e-04   211s
  58   7.48305607e+03  7.16948010e+03  2.54e+01 6.37e-05  3.45e-04   215s
  59   7.46809955e+03  7.16176054e+03  2.43e+01 6.06e-05  3.31e-04   218s
  60   7.46075675e+03  7.15412734e+03  2.38e+01 5.51e-05  3.11e-04   222s
  61   7.44642034e+03  7.15402034e+03  2.28e+01 5.24e-05  2.98e-04   225s
  62   7.43427845e+03  7.14408177e+03  2.20e+01 4.85e-05  2.82e-04   228s
  63   7.43001423e+03  7.14192619e+03  2.17e+01 4.74e-05  2.77e-04   231s
  64   7.41518911e+03  7.13311718e+03  2.07e+01 4.39e-05  2.60e-04   235s
  65   7.41021935e+03  7.12805759e+03  2.04e+01 4.26e-05  2.54e-04   238s
  66   7.40611953e+03  7.12449278e+03  2.01e+01 4.17e-05  2.50e-04   241s
  67   3.95828379e+06  3.59901390e+07  6.12e+07 4.00e-01  8.42e+05   247s
  68   3.18801355e+06  6.28092863e+07  3.40e+07 2.49e+02  5.30e+05   250s
  69   1.31888277e+05  7.61298361e+07  1.19e+06 3.41e-12  1.97e+04   253s
  70   7.48360572e+03  7.20252816e+07  2.04e+04 6.03e-12  5.90e+02   256s
  71   6.10018302e+03  2.52600140e+07  5.28e+03 3.30e-12  1.55e+02   260s
  72   6.39373763e+03  1.40060935e+07  2.40e+03 2.76e-12  8.27e+01   263s
  73   6.02318835e+03  1.95866098e+06  2.56e+02 2.73e-12  1.16e+01   267s
  74   5.83948018e+03  6.65422099e+05  7.06e+01 3.48e-12  3.65e+00   271s
  75   5.81435795e+03  1.78336081e+05  4.01e+00 3.45e-12  7.04e-01   274s
  76   5.94260008e+03  2.04391530e+04  2.78e-01 2.98e-12  5.57e-02   278s
  77   6.32308392e+03  1.34583868e+04  1.03e-01 1.55e-12  2.68e-02   281s
  78   6.76771057e+03  8.07614631e+03  1.32e-02 1.07e-12  4.86e-03   285s
  79   6.84119301e+03  7.47055576e+03  1.64e-03 4.93e-13  2.33e-03   289s
  80   6.85675832e+03  7.17879760e+03  1.08e-03 2.23e-13  1.19e-03   292s
  81   6.86448878e+03  7.13360070e+03  8.69e-04 1.79e-13  9.97e-04   295s
  82   6.86603697e+03  7.11964811e+03  8.48e-04 1.73e-13  9.40e-04   298s
  83   6.86972256e+03  7.10565313e+03  8.00e-04 1.57e-13  8.74e-04   301s
  84   6.87821800e+03  7.09636848e+03  6.77e-04 1.45e-13  8.08e-04   304s
  85   6.87877278e+03  7.09457417e+03  6.71e-04 1.43e-13  8.00e-04   307s
  86   6.88153859e+03  7.07986027e+03  6.24e-04 1.29e-13  7.35e-04   311s
  87   6.89210415e+03  7.04177283e+03  4.87e-04 7.83e-14  5.55e-04   314s
  88   6.89828026e+03  7.03238489e+03  4.22e-04 7.24e-14  4.97e-04   318s
  89   6.90738499e+03  7.01852514e+03  3.55e-04 5.56e-14  4.12e-04   321s
  90   6.91810830e+03  7.00883720e+03  2.76e-04 4.22e-14  3.36e-04   324s
  91   6.92068437e+03  7.00377386e+03  2.54e-04 3.75e-14  3.08e-04   327s
  92   6.93031183e+03  6.98784104e+03  1.97e-04 3.06e-14  2.13e-04   331s
  93   6.93985685e+03  6.97963317e+03  1.45e-04 2.69e-14  1.47e-04   334s
  94   6.94141111e+03  6.97784885e+03  1.37e-04 2.71e-14  1.35e-04   338s
  95   6.94467260e+03  6.97600625e+03  1.23e-04 2.86e-14  1.16e-04   341s
  96   6.95112585e+03  6.97335752e+03  8.95e-05 2.62e-14  8.24e-05   344s
  97   6.95227981e+03  6.97250955e+03  8.42e-05 2.45e-14  7.50e-05   347s
  98   6.95565664e+03  6.97217221e+03  6.80e-05 3.62e-14  6.12e-05   350s
  99   6.96292583e+03  6.97122120e+03  3.60e-05 3.74e-14  3.07e-05   354s
 100   6.96494387e+03  6.97074399e+03  2.65e-05 3.20e-14  2.15e-05   357s
 101   6.96569326e+03  6.97064692e+03  2.29e-05 3.18e-14  1.84e-05   360s
 102   6.96717535e+03  6.97059864e+03  1.60e-05 2.73e-14  1.27e-05   364s
 103   6.96728404e+03  6.97059753e+03  1.55e-05 3.33e-14  1.23e-05   367s
 104   6.96734598e+03  6.97059353e+03  1.52e-05 2.71e-14  1.20e-05   370s
 105   6.96773594e+03  6.97056997e+03  1.37e-05 3.84e-14  1.05e-05   374s
 106   6.97047310e+03  6.97060506e+03  1.72e-09 3.14e-14  4.89e-07   377s
 107   6.97051897e+03  6.97054096e+03  9.62e-10 3.16e-14  8.15e-08   380s
 108   6.97053751e+03  6.97053851e+03  3.99e-07 2.27e-14  3.75e-09   384s
 109   6.97053822e+03  6.97053824e+03  1.84e-09 3.09e-14  9.52e-11   387s

Barrier solved model in 109 iterations and 387.07 seconds (515.01 work units)
Optimal objective 6.97053822e+03

Crossover log...

   30963 variables added to crossover basis                      390s
   31713 variables added to crossover basis                      395s
   32163 variables added to crossover basis                      400s
   32553 variables added to crossover basis                      405s
   32913 variables added to crossover basis                      410s
   33213 variables added to crossover basis                      415s
   33483 variables added to crossover basis                      420s
   33753 variables added to crossover basis                      426s
   33993 variables added to crossover basis                      430s
   34233 variables added to crossover basis                      435s
   34473 variables added to crossover basis                      440s
   34683 variables added to crossover basis                      445s
   34893 variables added to crossover basis                      450s
   35103 variables added to crossover basis                      455s
   35313 variables added to crossover basis                      460s
   35523 variables added to crossover basis                      465s
   35733 variables added to crossover basis                      470s
   35913 variables added to crossover basis                      475s
   36123 variables added to crossover basis                      481s
   36303 variables added to crossover basis                      486s
   36483 variables added to crossover basis                      490s
   36663 variables added to crossover basis                      495s
   36843 variables added to crossover basis                      500s
   37053 variables added to crossover basis                      506s
   37233 variables added to crossover basis                      510s
   37413 variables added to crossover basis                      515s
   37623 variables added to crossover basis                      521s
   37803 variables added to crossover basis                      525s

   19997 DPushes remaining with DInf 0.0000000e+00               530s
   19995 DPushes remaining with DInf 0.0000000e+00               532s
       0 DPushes remaining with DInf 0.0000000e+00               542s

       6 PPushes remaining with PInf 0.0000000e+00               542s
       0 PPushes remaining with PInf 0.0000000e+00               544s

  Push phase complete: Pinf 0.0000000e+00, Dinf 1.2197866e-07    544s

Iteration    Objective       Primal Inf.    Dual Inf.      Time
    1617    6.9705382e+03   0.000000e+00   0.000000e+00    550s

Solved with barrier
Solved in 1617 iterations and 549.92 seconds (800.60 work units)
Optimal objective  6.970538231e+03
