
Gurobi 9.1.1 (win64) logging started Sun Mar 14 12:33:42 2021

Changed value of parameter LogFile to ../results/logs/log_samuel_kroger_2021_03_14_12_33_42.csv_2_2.log
   Prev:   Default: 
Gurobi Optimizer version 9.1.1 build v9.1.1rc0 (win64)
Thread count: 6 physical cores, 12 logical processors, using up to 12 threads
Optimize a model with 13 rows, 32 columns and 60 nonzeros
Model fingerprint: 0x1c451787
Variable types: 0 continuous, 32 integer (32 binary)
Coefficient statistics:
  Matrix range     [1e+00, 1e+00]
  Objective range  [1e+00, 1e+00]
  Bounds range     [1e+00, 1e+00]
  RHS range        [1e+00, 2e+00]
Found heuristic solution: objective 14.0000000
Found heuristic solution: objective 18.0000000
Presolve removed 13 rows and 32 columns
Presolve time: 0.00s
Presolve: All rows and columns removed

Explored 0 nodes (0 simplex iterations) in 0.01 seconds
Thread count was 1 (of 12 available processors)

Solution count 2: 18 

Optimal solution found (tolerance 1.00e-04)
Best objective 1.800000000000e+01, best bound 1.800000000000e+01, gap 0.0000%
