
Gurobi 9.5.0 (win64) logging started Tue Dec  7 06:11:50 2021

Set parameter LogFile to value "../results/logs/log_2021_12_07_01_36.csv_21_51.log"
Set parameter Method to value 3
Gurobi Optimizer version 9.5.0 build v9.5.0rc5 (win64)
Thread count: 6 physical cores, 12 logical processors, using up to 12 threads
Optimize a model with 5037 rows, 8078 columns and 355769 nonzeros
Model fingerprint: 0x222932d1
Variable types: 4039 continuous, 4039 integer (4039 binary)
Coefficient statistics:
  Matrix range     [1e+00, 2e+01]
  Objective range  [1e+00, 1e+00]
  Bounds range     [1e+00, 1e+00]
  RHS range        [1e+00, 5e+01]
Found heuristic solution: objective 1798.0000000
Presolve removed 4144 rows and 6721 columns
Presolve time: 0.10s
Presolved: 893 rows, 1357 columns, 15349 nonzeros
Variable types: 877 continuous, 480 integer (477 binary)
Found heuristic solution: objective 1810.0000000

Concurrent LP optimizer: primal simplex, dual simplex, and barrier
Showing barrier log only...

Root barrier log...

Ordering time: 0.00s

Barrier statistics:
 AA' NZ     : 1.415e+04
 Factor NZ  : 2.401e+04 (roughly 1 MB of memory)
 Factor Ops : 8.567e+05 (less than 1 second per iteration)
 Threads    : 1

                  Objective                Residual
Iter       Primal          Dual         Primal    Dual     Compl     Time
   0   3.89599131e+03  1.12231889e+04  2.40e+03 1.16e+00  3.43e+01     0s
   1   2.69925954e+03  1.02446519e+04  8.47e+02 1.22e+00  1.16e+01     0s
   2   2.06071251e+03  5.35581599e+03  1.02e+02 1.38e-14  1.75e+00     0s
   3   2.02101727e+03  2.95093759e+03  3.71e+01 6.88e-15  4.70e-01     0s
   4   2.08660472e+03  2.32239693e+03  4.03e+00 4.16e-15  8.34e-02     0s
   5   2.13446227e+03  2.20282422e+03  8.91e-01 6.22e-15  2.14e-02     0s
   6   2.15027666e+03  2.18892102e+03  3.84e-01 4.06e-15  1.17e-02     0s
   7   2.15607074e+03  2.17830724e+03  2.42e-01 4.01e-15  6.70e-03     0s
   8   2.16059633e+03  2.17250944e+03  1.40e-01 4.11e-15  3.59e-03     0s
   9   2.16560711e+03  2.16885359e+03  3.78e-02 3.79e-15  9.77e-04     0s
  10   2.16739405e+03  2.16798916e+03  5.18e-03 2.98e-15  1.75e-04     0s
  11   2.16771778e+03  2.16777809e+03  2.39e-04 2.46e-15  1.72e-05     0s
  12   2.16774369e+03  2.16774427e+03  0.00e+00 3.55e-15  1.60e-07     0s
  13   2.16774390e+03  2.16774390e+03  0.00e+00 3.84e-15  4.60e-11     0s

Barrier solved model in 13 iterations and 0.17 seconds (0.13 work units)
Optimal objective 2.16774390e+03


Solved with dual simplex

Root relaxation: objective 2.167744e+03, 1092 iterations, 0.04 seconds (0.04 work units)

    Nodes    |    Current Node    |     Objective Bounds      |     Work
 Expl Unexpl |  Obj  Depth IntInf | Incumbent    BestBd   Gap | It/Node Time

     0     0 2167.74390    0  270 1810.00000 2167.74390  19.8%     -    0s
H    0     0                    1831.0000000 2167.74390  18.4%     -    0s
     0     0 2079.99580    0  306 1831.00000 2079.99580  13.6%     -    0s
     0     0 2070.59490    0  302 1831.00000 2070.59490  13.1%     -    0s
     0     0 2070.08995    0  304 1831.00000 2070.08995  13.1%     -    0s
     0     0 2070.04550    0  305 1831.00000 2070.04550  13.1%     -    0s
H    0     0                    1845.0000000 2056.42290  11.5%     -    0s
     0     0 2056.42290    0  310 1845.00000 2056.42290  11.5%     -    0s
H    0     0                    1846.0000000 2056.42290  11.4%     -    0s
     0     0 2054.33288    0  297 1846.00000 2054.33288  11.3%     -    0s
     0     0 2053.54686    0  302 1846.00000 2053.54686  11.2%     -    0s
     0     0 2053.23474    0  307 1846.00000 2053.23474  11.2%     -    0s
     0     0 2053.13877    0  313 1846.00000 2053.13877  11.2%     -    0s
H    0     0                    1854.0000000 2053.13877  10.7%     -    0s
H    0     0                    1860.0000000 2048.12319  10.1%     -    0s
     0     0 2048.12319    0  278 1860.00000 2048.12319  10.1%     -    0s
     0     0 2046.51783    0  276 1860.00000 2046.51783  10.0%     -    1s
     0     0 2046.01267    0  273 1860.00000 2046.01267  10.0%     -    1s
     0     0 2045.67822    0  293 1860.00000 2045.67822  10.0%     -    1s
     0     0 2045.50848    0  279 1860.00000 2045.50848  10.0%     -    1s
     0     0 2045.46713    0  291 1860.00000 2045.46713  10.0%     -    1s
H    0     0                    1864.0000000 2045.46713  9.74%     -    1s
     0     0 2042.35328    0  274 1864.00000 2042.35328  9.57%     -    1s
     0     0 2041.40285    0  276 1864.00000 2041.40285  9.52%     -    1s
H    0     0                    1874.0000000 2040.98358  8.91%     -    1s
     0     0 2040.98358    0  288 1874.00000 2040.98358  8.91%     -    1s
     0     0 2040.71800    0  302 1874.00000 2040.71800  8.90%     -    1s
     0     0 2040.62599    0  298 1874.00000 2040.62599  8.89%     -    1s
     0     0 2039.34077    0  285 1874.00000 2039.34077  8.82%     -    1s
     0     0 2038.89713    0  279 1874.00000 2038.89713  8.80%     -    1s
     0     0 2038.74675    0  288 1874.00000 2038.74675  8.79%     -    1s
     0     0 2037.96616    0  289 1874.00000 2037.96616  8.75%     -    1s
     0     0 2037.96616    0  289 1874.00000 2037.96616  8.75%     -    1s
     0     2 2037.96616    0  289 1874.00000 2037.96616  8.75%     -    2s
H   31    38                    1877.0000000 2035.72804  8.46%   385    2s
H   96   106                    1885.0000000 2035.65601  7.99%   225    3s
H   97   106                    1895.0000000 2035.65601  7.42%   224    3s
H  182   198                    1904.0000000 2035.65601  6.91%   180    3s
H  188   198                    1906.0000000 2035.65601  6.80%   178    3s
   780   822 2003.12414   91  120 1906.00000 2035.65601  6.80%   108    5s
H 1267  1184                    1917.0000000 2035.01974  6.16%  97.6    7s
  1317  1213 2004.49208   84  260 1917.00000 2034.28583  6.12%  96.6   10s
H 1327  1158                    1918.0000000 2031.23230  5.90%  95.9   10s
H 1361  1121                    1920.0000000 2028.97967  5.68%  93.5   13s
  1371  1130 2028.61568   11  278 1920.00000 2028.74641  5.66%   102   15s
H 1439  1127                    1921.0000000 2027.46167  5.54%   120   17s
H 1485  1103                    1922.0000000 2027.46167  5.49%   121   18s
H 1493  1049                    1936.0000000 2027.46167  4.72%   122   18s
  1647  1178 2020.48880   23  230 1936.00000 2027.46167  4.72%   124   20s
H 2251  1451                    1941.0000000 2027.46167  4.45%   133   24s
  2281  1477 2010.92752   41  205 1941.00000 2027.46167  4.45%   133   25s
H 2400  1443                    1947.0000000 2027.46167  4.13%   135   26s
H 2664  1537                    1948.0000000 2027.46167  4.08%   138   30s
H 2666  1492                    1950.0000000 2027.46167  3.97%   138   30s
H 2671  1449                    1951.0000000 2027.46167  3.92%   138   30s
H 2672  1404                    1955.0000000 2027.46167  3.71%   138   30s
H 2865  1484                    1956.0000000 2027.46167  3.65%   137   38s
H 2868  1448                    1957.0000000 2027.46167  3.60%   137   38s
H 2871  1301                    1977.0000000 2027.46167  2.55%   137   38s
H 2873  1254                    1979.0000000 2027.46167  2.45%   137   38s
  2963  1375 2002.88911   61  168 1979.00000 2027.46167  2.45%   138   40s
H 3875  1858                    1983.0000000 2026.36521  2.19%   136   50s
H 3883  1786                    1985.0000000 2026.36521  2.08%   136   50s
  4431  2325     cutoff   73      1985.00000 2025.37267  2.03%   135   55s
  5128  2841 2016.63406   30  226 1985.00000 2025.36040  2.03%   138   60s
  5814  3482 2015.79093   28  217 1985.00000 2023.36684  1.93%   139   65s
  6627  4069 2020.72376   18  249 1985.00000 2022.98530  1.91%   139   71s
  7114  4580 2015.02712   28  229 1985.00000 2022.98530  1.91%   143   76s
H 7350  4218                    1988.0000000 2022.98530  1.76%   143   81s
  7524  4562 2011.76146   36  227 1988.00000 2022.98530  1.76%   145   85s
  8373  5202 1997.58379   63  182 1988.00000 2022.98530  1.76%   144   91s
  8978  5619 2014.95400   21  256 1988.00000 2022.09412  1.71%   144   95s
  9455  5997 2012.33307   16  281 1988.00000 2021.64159  1.69%   146  100s
  9932  6431 2002.85610   26  199 1988.00000 2021.59571  1.69%   148  105s
 10538  6902 2010.03077   32  228 1988.00000 2021.59461  1.69%   150  111s
 11269  7325 2017.22892   26  247 1988.00000 2021.21067  1.67%   150  117s
 11456  7523 2014.47842   30  240 1988.00000 2021.21067  1.67%   152  120s
 11704  7566 2011.77923   32  238 1988.00000 2021.21067  1.67%   154  127s
H11705  7362                    1989.0000000 2021.21067  1.62%   154  127s
 11754  7629 2012.54563   33  228 1989.00000 2021.21067  1.62%   155  130s
 12397  8103 2002.01512   47  213 1989.00000 2021.21067  1.62%   157  137s
 12757  8442 1990.51003   60  179 1989.00000 2021.21067  1.62%   158  141s
 13214  8801 1992.49102   80  155 1989.00000 2020.94568  1.61%   158  145s
 13686  9149 2006.74675   38  215 1989.00000 2020.74779  1.60%   158  150s
 14432  9725 2008.79918   28  234 1989.00000 2020.68928  1.59%   160  158s
 14758 10051 2002.35218   37  258 1989.00000 2020.68928  1.59%   162  163s
 15225 10422 2000.07115   46  200 1989.00000 2020.68928  1.59%   163  168s
 15745 10884 1994.02717   66  170 1989.00000 2020.55371  1.59%   163  172s
 16391 11402 2005.95252   34  246 1989.00000 2020.42625  1.58%   162  177s
 17083 11898 2011.49472   33  242 1989.00000 2020.20454  1.57%   161  183s
 17774 12564 2014.02380   26  246 1989.00000 2019.99330  1.56%   160  190s
 18626 13058 2015.08308   25  233 1989.00000 2019.87191  1.55%   160  196s
 19308 13569 2013.95367   32  212 1989.00000 2019.72315  1.54%   159  202s
 19995 13980 1999.19290   46  230 1989.00000 2019.55721  1.54%   159  208s
 20594 14594 2011.32491   25  229 1989.00000 2019.37003  1.53%   159  215s
 21455 15280 2011.86860   24  238 1989.00000 2019.15313  1.52%   158  223s
H22321 14982                    1990.0000000 2019.10012  1.46%   157  231s
 22437 15506 2004.71120   40  202 1990.00000 2019.09710  1.46%   158  239s
 23108 15982 1994.93461   69  161 1990.00000 2019.08895  1.46%   159  248s
 23926 16583 1991.30328   35  174 1990.00000 2018.89739  1.45%   160  257s
 24855 17289 2012.84112   24  268 1990.00000 2018.80626  1.45%   159  267s
 25786 17908 2004.03741   35  234 1990.00000 2018.63415  1.44%   159  277s
 26512 18576 2009.55852   30  251 1990.00000 2018.62476  1.44%   161  288s
 27520 19470 1992.82090   49  229 1990.00000 2018.61168  1.44%   161  299s
 28785 20180 1996.15971   55  182 1990.00000 2018.30248  1.42%   160  310s
 29853 20935 2008.60255   28  247 1990.00000 2018.19337  1.42%   160  322s
 30940 21829 2012.47945   20  265 1990.00000 2018.07580  1.41%   160  335s
 32216 22762 1998.61445   44  193 1990.00000 2017.92192  1.40%   160  348s
 33501 23705 1997.49649   41  189 1990.00000 2017.76400  1.40%   159  360s
 34941 24135 2011.82534   27  240 1990.00000 2017.66335  1.39%   158  372s
 35619 24136 1991.06740   64  289 1990.00000 2017.61741  1.39%   159  412s
 35637 24148 2001.58744   50  278 1990.00000 2017.61741  1.39%   158  415s
 35659 24163 1992.05995   60  263 1990.00000 2017.61741  1.39%   158  420s
 35681 24177 2012.54582   28  276 1990.00000 2017.61741  1.39%   158  425s
 35698 24189 2009.06242   29  276 1990.00000 2017.61741  1.39%   158  430s
 35717 24201 2002.10727   53  271 1990.00000 2017.61741  1.39%   158  435s
 35737 24215 2001.58744   50  284 1990.00000 2017.61741  1.39%   158  440s
 35754 24226 2000.58995   38  283 1990.00000 2017.61741  1.39%   158  445s
 35770 24237 2015.40205   32  277 1990.00000 2017.61741  1.39%   158  450s
 35786 24247 2001.56132   47  281 1990.00000 2017.61741  1.39%   158  455s
 35802 24258 1993.87234   48  281 1990.00000 2017.61741  1.39%   158  460s
 35819 24269 1991.06740   64  275 1990.00000 2017.61741  1.39%   158  465s
 35834 24279 1992.54470   70  282 1990.00000 2017.61741  1.39%   158  470s
 35845 24290 2017.61741   25  278 1990.00000 2017.61741  1.39%   158  476s
 35851 24300 2017.61741   27  276 1990.00000 2017.61741  1.39%   158  483s
 35883 24325 2017.61741   29  250 1990.00000 2017.61741  1.39%   158  486s
 35907 24348 2017.61741   30  262 1990.00000 2017.61741  1.39%   158  491s
 35928 24353 2017.61741   31  254 1990.00000 2017.61741  1.39%   158  500s
 36593 24761 2010.88748   50  232 1990.00000 2017.61741  1.39%   158  505s
 37254 25019 1998.28901   72  179 1990.00000 2017.61741  1.39%   158  510s
 38293 25440 2005.08800   56  219 1990.00000 2017.61741  1.39%   158  515s
 39109 25815 2006.31818   53  228 1990.00000 2017.61741  1.39%   158  520s
 39824 26079 2014.15883   35  246 1990.00000 2017.09526  1.36%   158  525s
 40351 26305 2006.57164   43  224 1990.00000 2016.43743  1.33%   159  530s
 40867 26505 1995.12055   63  177 1990.00000 2016.27945  1.32%   159  535s
 41472 26869 1998.91899   64  147 1990.00000 2016.27945  1.32%   159  540s
 42188 27091 2005.96971   50  246 1990.00000 2015.83899  1.30%   159  545s
 42931 27426 1998.37799   55  198 1990.00000 2015.35941  1.27%   159  551s
 43486 27718     cutoff   60      1990.00000 2014.92832  1.25%   160  556s
 44118 27983 2006.26857   46  243 1990.00000 2014.80154  1.25%   160  560s
 44800 28249     cutoff   68      1990.00000 2014.54487  1.23%   160  565s
 45479 28330 2009.99303   39  209 1990.00000 2014.34320  1.22%   161  571s
 45966 28447 2000.52330   45  214 1990.00000 2014.34320  1.22%   162  577s
 46238 28589 1993.98781   54  206 1990.00000 2014.16662  1.21%   162  581s
 46882 28918 2009.18962   37  229 1990.00000 2014.15740  1.21%   163  587s
 47275 29089 2001.91266   48  220 1990.00000 2013.81065  1.20%   163  591s
 47706 29254 2011.10987   43  208 1990.00000 2013.76230  1.19%   163  595s
 48643 29607 1994.59802   67  138 1990.00000 2013.48284  1.18%   163  603s
 49017 29799 2008.75882   43  238 1990.00000 2013.42384  1.18%   164  607s
 49458 29969 2002.99821   38  238 1990.00000 2013.31939  1.17%   164  612s
 49960 30148 1998.03026   49  184 1990.00000 2013.18840  1.17%   164  616s
 50465 30305 2006.03113   36  240 1990.00000 2013.02147  1.16%   165  621s
 50946 30513 2009.41801   42  231 1990.00000 2012.89374  1.15%   165  627s
 51549 30801 2003.05374   50  231 1990.00000 2012.83399  1.15%   165  632s
 52229 30978 1998.65512   51  201 1990.00000 2012.68355  1.14%   165  638s
 52790 31158 2000.28868   51  202 1990.00000 2012.66029  1.14%   165  643s
 53397 31382 2007.09252   42  219 1990.00000 2012.54166  1.13%   166  651s
 54074 31668 2007.12763   43  211 1990.00000 2012.44561  1.13%   166  659s
 54880 31930     cutoff   43      1990.00000 2012.28399  1.12%   167  667s
 55665 32383 1999.36803   50  206 1990.00000 2012.14428  1.11%   167  675s
 56656 32714 1995.33117   60  205 1990.00000 2012.06228  1.11%   167  684s
 57638 32874 1993.39656   50  198 1990.00000 2011.91116  1.10%   167  692s
 58499 33015 1998.05108   43  204 1990.00000 2011.78051  1.09%   168  701s
 59327 33333 2007.53251   39  233 1990.00000 2011.73109  1.09%   168  711s
 60251 33567     cutoff   55      1990.00000 2011.57102  1.08%   169  721s
 61340 33821 2001.94235   45  230 1990.00000 2011.42260  1.08%   170  732s
 62372 34134 2001.78629   51  199 1990.00000 2011.29279  1.07%   170  743s
 63392 34428 2006.41298   48  240 1990.00000 2011.22943  1.07%   171  754s
 64445 34852 2006.84985   49  243 1990.00000 2011.09531  1.06%   171  766s
 65728 35012 1991.83621   46  221 1990.00000 2010.99100  1.05%   171  779s
 66841 35586 2001.91262   44  233 1990.00000 2010.88165  1.05%   172  791s
 68194 35901 1999.01879   53  223 1990.00000 2010.79673  1.05%   172  805s
 69431 36191 2004.25996   40  228 1990.00000 2010.66733  1.04%   172  817s
 70630 36491 1994.61056   42  219 1990.00000 2010.55782  1.03%   173  830s
 71914 36546 1993.71869   55  190 1990.00000 2010.43906  1.03%   173  844s
 72911 37063     cutoff   53      1990.00000 2010.35476  1.02%   174  858s
 74390 37371 2002.10227   45  212 1990.00000 2010.20668  1.02%   175  873s
 75699 37952 2007.53226   40  224 1990.00000 2010.14246  1.01%   176  888s
 77293 38234 1995.48840   63  163 1990.00000 2010.05908  1.01%   176  902s
 78674 38163 1998.73008   46  225 1990.00000 2009.95017  1.00%   176  918s
 79261 38955 1994.27895   55  198 1990.00000 2009.94468  1.00%   177  933s
 80819 39438 2005.51085   47  227 1990.00000 2009.82152  1.00%   177  948s
 82329 39674 2004.31522   45  225 1990.00000 2009.70540  0.99%   176  962s
 83746 39861 2004.42119   48  226 1990.00000 2009.61900  0.99%   177  976s
 84866 40243 1995.31405   50  234 1990.00000 2009.52811  0.98%   177  990s
 86211 40684 1997.19916   43  227 1990.00000 2009.47265  0.98%   178 1005s
 87756 41033 2001.33945   46  224 1990.00000 2009.38297  0.97%   177 1020s
 89233 41306 1996.06749   57  194 1990.00000 2009.31853  0.97%   177 1034s
 90510 41695 2000.08481   52  207 1990.00000 2009.27996  0.97%   178 1047s
 92109 41961 2005.66317   45  214 1990.00000 2009.20263  0.96%   179 1059s
 93384 42398 1996.07355   55  191 1990.00000 2009.15749  0.96%   180 1070s
 94683 42626 2000.55452   54  213 1990.00000 2009.08777  0.96%   181 1082s
 95939 42954 1998.06488   41  230 1990.00000 2009.03549  0.96%   182 1094s
 97386 42481 2004.44500   51  213 1990.00000 2009.00097  0.95%   183 1130s
H97391 40414                    1991.0000000 2009.00097  0.90%   183 1130s
 97401 41125 2004.16575   52  214 1991.00000 2009.00078  0.90%   183 1143s
 98662 40966 1999.01222   51  226 1991.00000 2008.94881  0.90%   184 1160s
 99098 41483 2002.43169   44  213 1991.00000 2008.94852  0.90%   184 1172s
 100453 41924 2004.35364   47  256 1991.00000 2008.89026  0.90%   185 1185s
 101971 42328 1996.66211   47  206 1991.00000 2008.81540  0.89%   186 1198s
 103485 42691 2004.61945   44  242 1991.00000 2008.75490  0.89%   187 1211s
 104981 42951 1993.91959   67  181 1991.00000 2008.70313  0.89%   188 1224s
 106401 43770 1993.29977   60  202 1991.00000 2008.62950  0.89%   189 1236s
 107842 44583 1993.64200   58  189 1991.00000 2008.56927  0.88%   189 1249s
 109316 45554 2002.48866   42  216 1991.00000 2008.49321  0.88%   190 1263s
 111007 46275 1993.77487   38  206 1991.00000 2008.42802  0.88%   191 1275s
 112109 47146 1999.66028   56  216 1991.00000 2008.39608  0.87%   192 1288s
 113644 47961 2001.80057   45  213 1991.00000 2008.34593  0.87%   192 1300s
 115050 48695 1999.83461   57  217 1991.00000 2008.29715  0.87%   193 1314s
 116436 49608 2004.96630   52  235 1991.00000 2008.23307  0.87%   194 1327s
 117891 50464 1997.43849   50  194 1991.00000 2008.19330  0.86%   195 1339s
 119410 51323 1999.85019   48  220 1991.00000 2008.13354  0.86%   195 1352s
 120828 52029 2005.54516   43  237 1991.00000 2008.09472  0.86%   196 1365s
 122113 52756 2001.43353   46  211 1991.00000 2008.04456  0.86%   197 1378s
 123589 53535 2001.89933   49  219 1991.00000 2007.99990  0.85%   197 1391s
 124953 54336 2005.06765   47  222 1991.00000 2007.94407  0.85%   198 1404s
 126549 54952 1999.37275   41  213 1991.00000 2007.89053  0.85%   198 1417s
 127910 55877 1996.13062   48  199 1991.00000 2007.85724  0.85%   199 1432s
 129558 56684 1996.58015   57  186 1991.00000 2007.80256  0.84%   200 1445s
 130956 57495 1996.61804   45  234 1991.00000 2007.76760  0.84%   200 1459s
 132458 58164     cutoff   43      1991.00000 2007.73137  0.84%   201 1472s
 133858 58963 1993.28789   48  222 1991.00000 2007.69934  0.84%   202 1487s
 135317 59793 1996.29209   55  186 1991.00000 2007.64337  0.84%   201 1501s
 136831 60486 1994.02536   45  218 1991.00000 2007.59469  0.83%   202 1515s
 138292 61158     cutoff   49      1991.00000 2007.54752  0.83%   203 1531s
 139545 61978 1995.22355   50  221 1991.00000 2007.50933  0.83%   203 1547s
 140977 62638 2003.67453   36  222 1991.00000 2007.47504  0.83%   203 1563s
 142226 63473 2005.45169   51  219 1991.00000 2007.44010  0.83%   204 1580s
 143559 64098 1993.00592   55  208 1991.00000 2007.39809  0.82%   204 1598s
 144787 64772 2001.67116   44  229 1991.00000 2007.37808  0.82%   204 1616s
 146169 65349 2002.39329   49  208 1991.00000 2007.33951  0.82%   205 1635s
 147427 66131 2005.38932   40  229 1991.00000 2007.31933  0.82%   205 1656s
 149120 66883 1997.87451   60  188 1991.00000 2007.28192  0.82%   206 1677s
 150714 67771 2001.23540   45  219 1991.00000 2007.23206  0.82%   206 1697s
 152252 68550 2001.37327   48  214 1991.00000 2007.21054  0.81%   207 1719s
 153775 69129 1992.18336   51  223 1991.00000 2007.17504  0.81%   207 1740s
 155248 70046 1997.31383   46  226 1991.00000 2007.13934  0.81%   208 1762s
 156826 70778 1993.63881   59  195 1991.00000 2007.08795  0.81%   207 1784s
 158264 71617 2003.94296   50  218 1991.00000 2007.05631  0.81%   208 1806s
 159839 72425 1993.75846   50  192 1991.00000 2007.02719  0.80%   208 1828s
 161590 73127 1997.32782   44  222 1991.00000 2006.98933  0.80%   209 1851s
 163024 73960 1997.96611   51  190 1991.00000 2006.95718  0.80%   209 1873s
 164648 74658 1998.36583   48  221 1991.00000 2006.92266  0.80%   210 1893s
 165928 75496 2001.11091   48  213 1991.00000 2006.88748  0.80%   210 1915s
 167564 76187 1992.74600   54  239 1991.00000 2006.85117  0.80%   211 1938s
 169089 76989 1993.71570   45  217 1991.00000 2006.81157  0.79%   211 1960s
 170728 77805 1993.72133   52  215 1991.00000 2006.77521  0.79%   211 1984s
 172347 78558     cutoff   52      1991.00000 2006.73435  0.79%   211 2007s
 173836 79189 2000.11427   45  231 1991.00000 2006.70071  0.79%   212 2032s
 175221 79882 1998.75304   38  226 1991.00000 2006.65996  0.79%   212 2056s
 176845 80603 1993.02507   66  175 1991.00000 2006.62958  0.79%   213 2082s
 178458 81259     cutoff   48      1991.00000 2006.60091  0.78%   213 2107s
 179972 81926 1992.22877   49  211 1991.00000 2006.57305  0.78%   214 2136s
 181701 82593 2000.76050   55  227 1991.00000 2006.55007  0.78%   214 2160s
 183191 83293 1994.83950   52  220 1991.00000 2006.51080  0.78%   215 2182s
 184516 84236 2000.10005   44  220 1991.00000 2006.48039  0.78%   215 2208s
 186311 84895 1997.99268   48  218 1991.00000 2006.44289  0.78%   215 2235s
 187742 85811 1998.59718   35  224 1991.00000 2006.41545  0.77%   215 2262s
 189581 86658 2000.12000   49  218 1991.00000 2006.38183  0.77%   216 2290s
 191234 87494 2002.95866   49  205 1991.00000 2006.34440  0.77%   216 2317s
 193141 88218     cutoff   55      1991.00000 2006.32574  0.77%   217 2344s
 194631 88932 1992.00102   51  206 1991.00000 2006.29552  0.77%   217 2371s
 196345 89696 2003.19851   41  225 1991.00000 2006.26669  0.77%   218 2399s
 197805 90394 infeasible   57      1991.00000 2006.23981  0.77%   218 2426s
 199491 91111 1996.55947   45  215 1991.00000 2006.20484  0.76%   219 2455s
 201045 91762 2003.76080   48  210 1991.00000 2006.17506  0.76%   219 2476s
 202406 92539 1999.20394   41  205 1991.00000 2006.15529  0.76%   219 2502s
 204049 93263 2004.61520   45  236 1991.00000 2006.11920  0.76%   220 2530s
 205496 94044 2002.80158   51  229 1991.00000 2006.09022  0.76%   220 2558s
 207318 94800 1996.74624   50  200 1991.00000 2006.04691  0.76%   221 2588s
 208825 94950 1996.24097   62  195 1991.00000 2006.02150  0.75%   221 2625s
 209069 95746 1995.80143   63  174 1991.00000 2006.01621  0.75%   221 2656s
 211090 96267 2000.94693   46  187 1991.00000 2005.97835  0.75%   222 2688s
 212579 97269 2003.07266   41  224 1991.00000 2005.94951  0.75%   222 2718s
 214719 98035     cutoff   55      1991.00000 2005.90496  0.75%   222 2751s
 216485 98980 1999.60123   58  203 1991.00000 2005.86978  0.75%   222 2781s
 218470 99590 1998.32253   57  221 1991.00000 2005.83734  0.75%   223 2812s
 220041 100237 1998.58016   53  207 1991.00000 2005.81967  0.74%   223 2836s
 221635 100934 2000.96955   39  241 1991.00000 2005.78841  0.74%   223 2863s
 223266 101639 1993.57443   57  179 1991.00000 2005.76316  0.74%   224 2892s
 224830 102395 2000.24832   41  211 1991.00000 2005.73910  0.74%   224 2920s
 226606 103150 2001.54175   48  204 1991.00000 2005.70282  0.74%   225 2951s
 228388 103838 2002.52762   40  242 1991.00000 2005.67557  0.74%   225 2979s
 230176 104481     cutoff   64      1991.00000 2005.63441  0.74%   225 3011s
 231798 105247 2002.42738   49  207 1991.00000 2005.60579  0.73%   225 3039s
 233749 106104 1993.79054   47  209 1991.00000 2005.58038  0.73%   226 3069s
 235681 107085 1997.07612   41  223 1991.00000 2005.55189  0.73%   226 3097s
 237623 107735 1995.68316   54  213 1991.00000 2005.52593  0.73%   226 3127s
 239302 108396 1997.32574   38  217 1991.00000 2005.49814  0.73%   226 3151s
 240860 109161 2001.23731   38  211 1991.00000 2005.47712  0.73%   227 3178s
 242702 109909 1993.87139   72  155 1991.00000 2005.44931  0.73%   227 3207s
 244297 110647 1994.92580   63  166 1991.00000 2005.42800  0.72%   227 3234s
 245982 111461 1996.71545   54  187 1991.00000 2005.39637  0.72%   227 3264s
 247741 112043 1993.09859   72  150 1991.00000 2005.36406  0.72%   227 3293s
 249342 112684 1992.91778   55  185 1991.00000 2005.35178  0.72%   228 3324s
 250953 113387 1998.05405   56  209 1991.00000 2005.32938  0.72%   228 3353s
 252617 113395 2000.06255   44  206 1991.00000 2005.30908  0.72%   229 3431s
 252633 114119 1998.38868   45  207 1991.00000 2005.30797  0.72%   229 3464s
 254368 114716 1999.29303   43  219 1991.00000 2005.27743  0.72%   229 3494s
 256022 115443 1994.26514   52  191 1991.00000 2005.25668  0.72%   229 3526s
 257666 116063 1998.51341   41  217 1991.00000 2005.22814  0.71%   229 3551s
 259234 116695 2002.35774   42  240 1991.00000 2005.20460  0.71%   230 3579s
 260910 117144 1997.74947   60  188 1991.00000 2005.18212  0.71%   230 3600s

Cutting planes:
  Gomory: 30
  Implied bound: 3
  MIR: 1726
  Flow cover: 1678
  Inf proof: 1
  RLT: 96
  Relax-and-lift: 23

Explored 262026 nodes (60348656 simplex iterations) in 3600.13 seconds (3715.74 work units)
Thread count was 12 (of 12 available processors)

Solution count 10: 1991 1990 1989 ... 1956

Time limit reached
Best objective 1.991000000000e+03, best bound 2.005000000000e+03, gap 0.7032%
