
Gurobi 9.1.2 (win64) logging started Fri Sep 24 00:48:58 2021

Changed value of parameter LogFile to ../results/logs/log_samuel_kroger_2021_09_24_00_48_57.csv_27_250.log
   Prev:   Default: 
Changed value of parameter method to 3
   Prev: -1  Min: -1  Max: 5  Default: -1
Changed value of parameter lazyConstraints to 1
   Prev: 0  Min: 0  Max: 1  Default: 0
Gurobi Optimizer version 9.1.2 build v9.1.2rc0 (win64)
Thread count: 6 physical cores, 12 logical processors, using up to 12 threads
Optimize a model with 2586 rows, 8078 columns and 61963 nonzeros
Model fingerprint: 0xdf6c0dfd
Variable types: 0 continuous, 8078 integer (8078 binary)
Coefficient statistics:
  Matrix range     [1e+00, 3e+01]
  Objective range  [1e+00, 1e+00]
  Bounds range     [1e+00, 1e+00]
  RHS range        [1e+00, 3e+02]
Found heuristic solution: objective -0.0000000
Presolve removed 1293 rows and 4686 columns
Presolve time: 0.05s
Presolved: 1293 rows, 3392 columns, 41244 nonzeros
Variable types: 0 continuous, 3392 integer (3392 binary)

Concurrent LP optimizer: primal simplex, dual simplex, and barrier
Showing barrier log only...

Root barrier log...

Ordering time: 0.00s

Barrier statistics:
 Dense cols : 2
 AA' NZ     : 3.812e+04
 Factor NZ  : 5.546e+04 (roughly 2 MBytes of memory)
 Factor Ops : 3.427e+06 (less than 1 second per iteration)
 Threads    : 4

                  Objective                Residual
Iter       Primal          Dual         Primal    Dual     Compl     Time
   0   5.53722660e+03  4.72986282e+03  5.37e+04 9.83e-01  3.47e+01     0s
   1   3.32238456e+03  6.13093433e+03  2.18e+04 1.70e-01  1.38e+01     0s
   2   4.87981942e+02  5.31031167e+03  9.39e+02 4.44e-15  1.12e+00     0s
   3   3.96782393e+02  1.63691254e+03  1.14e+01 1.58e-14  1.57e-01     0s
   4   5.12746927e+02  9.04702189e+02  2.08e+00 1.78e-15  4.88e-02     0s
   5   5.49644143e+02  7.63596951e+02  9.11e-01 1.78e-15  2.66e-02     0s
   6   5.73980634e+02  6.95266797e+02  3.97e-01 1.66e-15  1.51e-02     0s
   7   5.85872257e+02  6.54400591e+02  2.21e-01 2.68e-15  8.51e-03     0s
   8   5.95969983e+02  6.31789255e+02  9.64e-02 2.01e-15  4.44e-03     0s
   9   6.02107353e+02  6.18509452e+02  3.49e-02 2.11e-15  2.03e-03     0s
  10   6.04913258e+02  6.12323010e+02  1.41e-02 1.33e-15  9.19e-04     0s

Barrier performed 10 iterations in 0.12 seconds
Barrier solve interrupted - model solved by another algorithm


Solved with dual simplex

Root relaxation: objective 6.074154e+02, 1537 iterations, 0.07 seconds

    Nodes    |    Current Node    |     Objective Bounds      |     Work
 Expl Unexpl |  Obj  Depth IntInf | Incumbent    BestBd   Gap | It/Node Time

     0     0  607.41538    0  352   -0.00000  607.41538      -     -    0s
H    0     0                       7.0000000  607.41538  8577%     -    0s
H    0     0                       8.0000000  607.41538  7493%     -    0s
     0     0  574.82811    0  531    8.00000  574.82811  7085%     -    0s
H    0     0                      13.0000000  574.82811  4322%     -    0s
H    0     0                      78.0000000  574.82811   637%     -    0s
     0     0  574.00965    0  531   78.00000  574.00965   636%     -    0s
     0     0  573.86360    0  538   78.00000  573.86360   636%     -    0s
     0     0  573.85707    0  545   78.00000  573.85707   636%     -    0s
     0     0  556.34957    0  712   78.00000  556.34957   613%     -    1s
H    0     0                      82.0000000  556.34957   578%     -    1s
     0     0  552.85301    0  713   82.00000  552.85301   574%     -    1s
     0     0  552.35355    0  721   82.00000  552.35355   574%     -    1s
     0     0  552.29733    0  739   82.00000  552.29733   574%     -    1s
     0     0  552.29011    0  735   82.00000  552.29011   574%     -    1s
     0     0  546.05020    0  787   82.00000  546.05020   566%     -    2s
H    0     0                      84.0000000  546.05020   550%     -    2s
H    0     0                     107.0000000  546.05020   410%     -    2s
     0     0  544.26725    0  812  107.00000  544.26725   409%     -    2s
     0     0  543.77579    0  815  107.00000  543.77579   408%     -    2s
     0     0  543.64895    0  845  107.00000  543.64895   408%     -    2s
     0     0  543.60682    0  857  107.00000  543.60682   408%     -    2s
     0     0  539.68803    0  861  107.00000  539.68803   404%     -    3s
H    0     0                     113.0000000  539.68803   378%     -    3s
H    0     0                     114.0000000  539.68803   373%     -    3s
     0     0  537.80689    0  879  114.00000  537.80689   372%     -    3s
     0     0  537.60548    0  897  114.00000  537.60548   372%     -    3s
     0     0  537.51115    0  909  114.00000  537.51115   372%     -    4s
     0     0  534.91859    0  928  114.00000  534.91859   369%     -    4s
H    0     0                     115.0000000  534.91859   365%     -    4s
H    0     0                     127.0000000  534.91859   321%     -    4s
     0     0  534.08895    0  931  127.00000  534.08895   321%     -    4s
     0     0  533.85094    0  941  127.00000  533.85094   320%     -    4s
     0     0  533.79619    0  962  127.00000  533.79619   320%     -    5s
     0     0  531.87248    0  929  127.00000  531.87248   319%     -    5s
H    0     0                     128.0000000  531.87248   316%     -    5s
     0     0  531.14602    0  961  128.00000  531.14602   315%     -    5s
     0     0  530.88715    0  959  128.00000  530.88715   315%     -    5s
     0     0  530.75775    0  972  128.00000  530.75775   315%     -    6s
     0     0  529.59778    0  945  128.00000  529.59778   314%     -    6s
H    0     0                     141.0000000  529.59778   276%     -    6s
     0     0  529.21760    0  997  141.00000  529.21760   275%     -    6s
     0     0  529.09759    0 1035  141.00000  529.09759   275%     -    6s
     0     0  527.99921    0  978  141.00000  527.99921   274%     -    7s
     0     0  527.69883    0  999  141.00000  527.69883   274%     -    7s
H    0     0                     450.0000000  527.69883  17.3%     -    8s
     0     2  527.53523    0 1004  450.00000  527.53523  17.2%     -    9s
     4     8  526.90852    2 1033  450.00000  527.30105  17.2%   491   10s
H   31    38                     456.0000000  526.93550  15.6%   365   13s
    43    50  526.56740    6 1027  456.00000  526.61855  15.5%   325   15s
H   67    75                     459.0000000  526.58461  14.7%   296   18s
H   73    75                     460.0000000  526.58461  14.5%   297   19s
    81    94  526.23842    9  989  460.00000  526.58461  14.5%   286   20s
H  100   109                     467.0000000  526.58461  12.8%   281   22s
   115   122  524.28555   13  927  467.00000  526.58461  12.8%   285   25s
H  135   144                     474.0000000  526.58461  11.1%   299   28s
   143   155  524.83304   16  885  474.00000  526.58461  11.1%   295   30s
H  169   186                     475.0000000  526.58461  10.9%   281   33s
   185   206  523.76586   22  888  475.00000  526.58461  10.9%   266   37s
H  187   206                     476.0000000  526.58461  10.6%   264   37s
   208   224  522.23226   25  882  476.00000  526.58461  10.6%   247   40s
H  223   250                     477.0000000  526.58461  10.4%   236   42s
   249   267  522.73708   30  869  477.00000  526.58461  10.4%   218   45s
   280   293  522.03813   33  856  477.00000  526.58461  10.4%   210   50s
H  282   293                     478.0000000  526.58461  10.2%   209   50s
H  284   293                     489.0000000  526.58461  7.69%   209   50s
   314   333  520.30184   33  800  489.00000  526.58461  7.69%   203   55s
   350   363  520.49025   38  836  489.00000  526.58461  7.69%   199   61s
H  357   363                     490.0000000  526.58461  7.47%   198   62s
H  361   363                     491.0000000  526.58461  7.25%   198   62s
   380   392  519.64173   40  791  491.00000  526.58461  7.25%   200   66s
