
Gurobi 9.5.0 (win64) logging started Fri May 13 02:21:02 2022

Set parameter LogFile to value "../results/logs/log_soc-dolphins_3_1_2022_05_13_02_21.log"
Set parameter LazyConstraints to value 1
Gurobi Optimizer version 9.5.0 build v9.5.0rc5 (win64)
Thread count: 6 physical cores, 12 logical processors, using up to 12 threads
Optimize a model with 2756 rows, 186 columns and 8836 nonzeros
Model fingerprint: 0x82500b44
Variable types: 0 continuous, 186 integer (186 binary)
Coefficient statistics:
  Matrix range     [1e+00, 3e+00]
  Objective range  [1e+00, 1e+00]
  Bounds range     [1e+00, 1e+00]
  RHS range        [1e+00, 1e+00]
Found heuristic solution: objective -0.0000000
Presolve removed 2583 rows and 15 columns
Presolve time: 0.03s
Presolved: 173 rows, 171 columns, 3594 nonzeros
Variable types: 0 continuous, 171 integer (171 binary)

Root relaxation: objective 3.400000e+01, 53 iterations, 0.00 seconds (0.00 work units)

    Nodes    |    Current Node    |     Objective Bounds      |     Work
 Expl Unexpl |  Obj  Depth IntInf | Incumbent    BestBd   Gap | It/Node Time

     0     0   34.00000    0    2   -0.00000   34.00000      -     -    0s
H    0     0                       4.0000000   34.00000   750%     -    0s
     0     0   31.83333    0   11    4.00000   31.83333   696%     -    0s
H    0     0                      13.0000000   31.83333   145%     -    0s
H    0     0                      27.0000000   31.83333  17.9%     -    0s
H    0     0                      31.0000000   31.83333  2.69%     -    0s

Cutting planes:
  Gomory: 2
  Cover: 1
  GUB cover: 1
  Lazy constraints: 32

Explored 1 nodes (68 simplex iterations) in 0.08 seconds (0.03 work units)
Thread count was 12 (of 12 available processors)

Solution count 5: 31 27 13 ... -0

Optimal solution found (tolerance 0.00e+00)
Best objective 3.100000000000e+01, best bound 3.100000000000e+01, gap 0.0000%

User-callback calls 212, time in user-callback 0.04 sec
