
Gurobi 9.5.1 (linux64) logging started Mon Jul  4 02:07:19 2022

Set parameter LogFile to value "../results/logs/log_Brightkite_edges_20_20_2022_07_04_02_07.log"
Gurobi Optimizer version 9.5.1 build v9.5.1rc2 (linux64)
Thread count: 8 physical cores, 8 logical processors, using up to 8 threads
Optimize a model with 11909 rows, 116456 columns and 340380 nonzeros
Model fingerprint: 0xfca94d7e
Variable types: 0 continuous, 116456 integer (116456 binary)
Coefficient statistics:
  Matrix range     [1e+00, 2e+01]
  Objective range  [1e+00, 1e+00]
  Bounds range     [1e+00, 1e+00]
  RHS range        [1e+00, 2e+01]
Found heuristic solution: objective 947.0000000
Presolve removed 51 rows and 93993 columns
Presolve time: 0.51s
Presolved: 11858 rows, 22463 columns, 186918 nonzeros
Found heuristic solution: objective 951.0000000
Variable types: 0 continuous, 22463 integer (19685 binary)

Deterministic concurrent LP optimizer: primal and dual simplex
Showing first log only...

Warning: Markowitz tolerance tightened to 0.0625
Concurrent spin time: 0.02s

Solved with dual simplex

Root relaxation: objective 2.998341e+03, 3057 iterations, 1.77 seconds (2.97 work units)

    Nodes    |    Current Node    |     Objective Bounds      |     Work
 Expl Unexpl |  Obj  Depth IntInf | Incumbent    BestBd   Gap | It/Node Time

     0     0 2998.34146    0 2472  951.00000 2998.34146   215%     -    3s
H    0     0                     953.0000000 2998.34146   215%     -    5s
H    0     0                    1103.0000000 2523.76707   129%     -    9s
     0     0 2523.76707    0 2244 1103.00000 2523.76707   129%     -    9s
H    0     0                    1120.0000000 2523.76707   125%     -   16s
     0     0 1908.44345    0 2151 1120.00000 1908.44345  70.4%     -   18s
     0     0 1893.35453    0 1928 1120.00000 1893.35453  69.0%     -   19s
     0     0 1888.78204    0 1482 1120.00000 1888.78204  68.6%     -   20s
     0     0 1856.62562    0 1679 1120.00000 1856.62562  65.8%     -   21s
H    0     0                    1129.0000000 1849.94249  63.9%     -   22s
     0     0 1849.94249    0 1637 1129.00000 1849.94249  63.9%     -   22s
     0     0 1848.07755    0 1520 1129.00000 1848.07755  63.7%     -   23s
     0     0 1847.57712    0 1766 1129.00000 1847.57712  63.6%     -   23s
     0     0 1847.37107    0 1644 1129.00000 1847.37107  63.6%     -   24s
     0     0 1847.25716    0 1806 1129.00000 1847.25716  63.6%     -   24s
     0     0 1847.18931    0 1643 1129.00000 1847.18931  63.6%     -   24s
     0     0 1685.53698    0 1408 1129.00000 1685.53698  49.3%     -   31s
     0     0 1631.31165    0 1682 1129.00000 1631.31165  44.5%     -   35s
     0     0 1604.24706    0 1993 1129.00000 1604.24706  42.1%     -   38s
     0     0 1586.73992    0 2238 1129.00000 1586.73992  40.5%     -   42s
     0     0 1580.10589    0 2215 1129.00000 1580.10589  40.0%     -   45s
H    0     0                    1136.0000000 1577.21779  38.8%     -   47s
     0     0 1577.21779    0 2355 1136.00000 1577.21779  38.8%     -   49s
     0     0 1575.52743    0 2466 1136.00000 1575.52743  38.7%     -   51s
     0     0 1574.96025    0 2435 1136.00000 1574.96025  38.6%     -   52s
     0     0          -    0      1136.00000 1574.96025  38.6%     -   61s

Cutting planes:
  Lift-and-project: 1
  Cover: 234
  Implied bound: 80
  MIR: 1549
  StrongCG: 85
  GUB cover: 1176
  Zero half: 5
  Mod-K: 3
  RLT: 791
  Relax-and-lift: 2

Explored 1 nodes (37807 simplex iterations) in 61.91 seconds (83.25 work units)
Thread count was 8 (of 8 available processors)

Solution count 7: 1136 1129 1120 ... 947

Solve interrupted
Best objective 1.136000000000e+03, best bound 1.574000000000e+03, gap 38.5563%
