
Gurobi 9.5.1 (linux64) logging started Tue Jun 14 14:44:47 2022

Set parameter LogFile to value "../results/logs/log_CA-HepPh_4_250_2022_06_14_14_44.log"
Set parameter LazyConstraints to value 1
Gurobi Optimizer version 9.5.1 build v9.5.1rc2 (linux64)
Thread count: 8 physical cores, 8 logical processors, using up to 8 threads
Optimize a model with 1269 rows, 24012 columns and 13543 nonzeros
Model fingerprint: 0x776a0c3a
Variable types: 0 continuous, 24012 integer (24012 binary)
Coefficient statistics:
  Matrix range     [1e+00, 4e+00]
  Objective range  [1e+00, 1e+00]
  Bounds range     [1e+00, 1e+00]
  RHS range        [1e+00, 2e+02]
Found heuristic solution: objective 6591.0000000
Presolve removed 0 rows and 17963 columns
Presolve time: 0.01s
Presolved: 1269 rows, 6049 columns, 9921 nonzeros
Variable types: 0 continuous, 6049 integer (6049 binary)
Found heuristic solution: objective 6832.0000000

Root relaxation: objective 7.039237e+03, 955 iterations, 0.01 seconds (0.01 work units)

    Nodes    |    Current Node    |     Objective Bounds      |     Work
 Expl Unexpl |  Obj  Depth IntInf | Incumbent    BestBd   Gap | It/Node Time

     0     0 7039.23666    0  242 6832.00000 7039.23666  3.03%     -    0s
H    0     0                    6949.0000000 7039.23666  1.30%     -    0s
     0     0 6984.57037    0  118 6949.00000 6984.57037  0.51%     -    0s
H    0     0                    6969.0000000 6984.57037  0.22%     -    0s
H    0     0                    6976.0000000 6984.57037  0.12%     -    0s
     0     0 6984.11768    0  118 6976.00000 6984.11768  0.12%     -    1s
     0     0 6980.20621    0   29 6976.00000 6980.20621  0.06%     -    1s
     0     0 6979.65454    0   29 6976.00000 6979.65454  0.05%     -    2s
     0     0 6979.64019    0   30 6976.00000 6979.64019  0.05%     -    2s
     0     0 6978.71213    0   16 6976.00000 6978.71213  0.04%     -    3s
H    0     0                    6978.0000000 6978.71213  0.01%     -    3s

Cutting planes:
  Gomory: 117
  Cover: 129
  Clique: 3
  MIR: 117
  StrongCG: 5
  GUB cover: 177
  Zero half: 20
  Mod-K: 1
  RLT: 7
  Lazy constraints: 6

Explored 1 nodes (1567 simplex iterations) in 3.24 seconds (0.12 work units)
Thread count was 8 (of 8 available processors)

Solution count 6: 6978 6976 6969 ... 6591

Optimal solution found (tolerance 0.00e+00)
Best objective 6.978000000000e+03, best bound 6.978000000000e+03, gap 0.0000%

User-callback calls 222, time in user-callback 3.09 sec
