
Gurobi 9.5.1 (linux64) logging started Sat Jul  2 17:22:54 2022

Set parameter LogFile to value "../results/logs/log_com-youtube.ungraph_20_20_2022_07_02_15_52.log"
Gurobi Optimizer version 9.5.1 build v9.5.1rc2 (linux64)
Thread count: 8 physical cores, 8 logical processors, using up to 8 threads
Optimize a model with 44667 rows, 2269780 columns and 2762253 nonzeros
Model fingerprint: 0xfe10ea80
Coefficient statistics:
  Matrix range     [1e+00, 2e+01]
  Objective range  [1e+00, 1e+00]
  Bounds range     [1e+00, 1e+00]
  RHS range        [1e+00, 2e+01]

Concurrent LP optimizer: primal simplex, dual simplex, and barrier
Showing barrier log only...

Presolve removed 1859 rows and 2139588 columns
Presolve time: 1.70s
Presolved: 42808 rows, 130192 columns, 623023 nonzeros

Elapsed ordering time = 5s
Ordering time: 5.80s

Barrier statistics:
 AA' NZ     : 7.465e+05
 Factor NZ  : 8.362e+07 (roughly 700 MB of memory)
 Factor Ops : 5.995e+11 (roughly 2 seconds per iteration)
 Threads    : 6

                  Objective                Residual
Iter       Primal          Dual         Primal    Dual     Compl     Time
   0   3.63132028e+04  5.67692933e+04  2.39e+05 3.30e-01  2.75e+00    10s
   1   3.24104005e+04  6.77273719e+04  6.80e+04 2.50e-01  8.37e-01    12s
   2   2.98013372e+04  5.84859545e+04  1.71e+04 9.00e-02  2.64e-01    14s
   3   3.15712812e+04  4.60428442e+04  4.15e+03 3.29e-02  8.69e-02    16s
   4   3.31165914e+04  3.74677929e+04  9.83e+02 8.22e-03  2.45e-02    20s
   5   3.32487574e+04  3.56222764e+04  4.54e+02 4.74e-03  1.32e-02    25s
   6   3.32061832e+04  3.46846011e+04  2.31e+02 3.05e-03  8.01e-03    32s
   7   3.31529800e+04  3.41505920e+04  1.39e+02 2.14e-03  5.40e-03    40s
   8   3.31128583e+04  3.39031313e+04  9.45e+01 1.71e-03  4.17e-03    50s

Barrier performed 8 iterations in 51.88 seconds (41.04 work units)
Barrier solve interrupted - model solved by another algorithm


Solved with dual simplex
Solved in 17190 iterations and 51.88 seconds (81.43 work units)
Optimal objective  3.286245795e+04
