
Gurobi 9.5.0 (win64) logging started Tue Dec  7 01:37:03 2021

Set parameter LogFile to value "../results/logs/log_2021_12_07_01_36.csv_11_31.log"
Set parameter Method to value 3
Gurobi Optimizer version 9.5.0 build v9.5.0rc5 (win64)
Thread count: 6 physical cores, 12 logical processors, using up to 12 threads
Optimize a model with 6334 rows, 8078 columns and 360309 nonzeros
Model fingerprint: 0xc7ecb760
Variable types: 4039 continuous, 4039 integer (4039 binary)
Coefficient statistics:
  Matrix range     [1e+00, 1e+01]
  Objective range  [1e+00, 1e+00]
  Bounds range     [1e+00, 1e+00]
  RHS range        [1e+00, 3e+01]
Found heuristic solution: objective 2904.0000000
Presolve removed 6089 rows and 7747 columns
Presolve time: 0.05s
Presolved: 245 rows, 331 columns, 2186 nonzeros
Variable types: 160 continuous, 171 integer (158 binary)
Found heuristic solution: objective 2930.0000000

Root relaxation: objective 3.007517e+03, 138 iterations, 0.00 seconds (0.00 work units)

    Nodes    |    Current Node    |     Objective Bounds      |     Work
 Expl Unexpl |  Obj  Depth IntInf | Incumbent    BestBd   Gap | It/Node Time

     0     0 3007.51681    0   81 2930.00000 3007.51681  2.65%     -    0s
H    0     0                    2956.0000000 3007.51681  1.74%     -    0s
H    0     0                    2957.0000000 3007.51681  1.71%     -    0s
H    0     0                    2960.0000000 3007.51681  1.61%     -    0s
     0     0 2987.61341    0   56 2960.00000 2987.61341  0.93%     -    0s
H    0     0                    2961.0000000 2987.61341  0.90%     -    0s
H    0     0                    2967.0000000 2985.66468  0.63%     -    0s
     0     0 2985.66468    0   58 2967.00000 2985.66468  0.63%     -    0s
     0     0 2985.58247    0   58 2967.00000 2985.58247  0.63%     -    0s
     0     0 2985.55510    0   59 2967.00000 2985.55510  0.63%     -    0s
     0     0 2985.55047    0   59 2967.00000 2985.55047  0.63%     -    0s
     0     0 2982.24077    0   49 2967.00000 2982.24077  0.51%     -    0s
H    0     0                    2968.0000000 2982.24077  0.48%     -    0s
     0     0 2981.63698    0   52 2968.00000 2981.63698  0.46%     -    0s
     0     0 2981.60518    0   51 2968.00000 2981.60518  0.46%     -    0s
     0     0 2981.60346    0   51 2968.00000 2981.60346  0.46%     -    0s
     0     0 2980.87447    0   39 2968.00000 2980.87447  0.43%     -    0s
     0     0 2980.69796    0   45 2968.00000 2980.69796  0.43%     -    0s
     0     0 2980.66846    0   34 2968.00000 2980.66846  0.43%     -    0s
     0     0 2980.65675    0   34 2968.00000 2980.65675  0.43%     -    0s
H    0     0                    2973.0000000 2980.65675  0.26%     -    0s
     0     0 2980.51849    0   47 2973.00000 2980.51849  0.25%     -    0s
     0     0 2980.43760    0   37 2973.00000 2980.43760  0.25%     -    0s
     0     0 2980.42596    0   38 2973.00000 2980.42596  0.25%     -    0s
     0     0 2980.39234    0   50 2973.00000 2980.39234  0.25%     -    0s
     0     0 2980.39234    0   50 2973.00000 2980.39234  0.25%     -    0s
     0     2 2980.39234    0   50 2973.00000 2980.39234  0.25%     -    0s
H   33    44                    2978.0000000 2979.73795  0.06%  23.5    0s
*   59    31              10    2979.0000000 2979.64246  0.02%  15.9    0s

Cutting planes:
  Gomory: 34
  Implied bound: 7
  MIR: 120
  RLT: 30
  Relax-and-lift: 1

Explored 67 nodes (1799 simplex iterations) in 0.30 seconds (0.15 work units)
Thread count was 12 (of 12 available processors)

Solution count 10: 2979 2978 2973 ... 2930

Optimal solution found (tolerance 1.00e-04)
Best objective 2.979000000000e+03, best bound 2.979000000000e+03, gap 0.0000%
