
Gurobi 9.5.0 (win64) logging started Mon Mar 21 01:18:53 2022

Set parameter LogFile to value "../results/logs/log_2022_03_21_01_18.csv_17_250.log"
Gurobi Optimizer version 9.5.0 build v9.5.0rc5 (win64)
Thread count: 6 physical cores, 12 logical processors, using up to 12 threads
Optimize a model with 8079 rows, 8078 columns and 369092 nonzeros
Model fingerprint: 0xd2b7d04e
Variable types: 0 continuous, 8078 integer (8078 binary)
Coefficient statistics:
  Matrix range     [1e+00, 2e+01]
  Objective range  [1e+00, 1e+00]
  Bounds range     [1e+00, 1e+00]
  RHS range        [1e+00, 3e+02]
Found heuristic solution: objective -0.0000000
Presolve removed 2955 rows and 1995 columns
Presolve time: 1.11s
Presolved: 5124 rows, 6083 columns, 330531 nonzeros
Variable types: 0 continuous, 6083 integer (6019 binary)
Found heuristic solution: objective 10.0000000

Root relaxation: objective 2.551962e+03, 1091 iterations, 0.06 seconds (0.04 work units)

    Nodes    |    Current Node    |     Objective Bounds      |     Work
 Expl Unexpl |  Obj  Depth IntInf | Incumbent    BestBd   Gap | It/Node Time

     0     0 2551.96196    0  109   10.00000 2551.96196      -     -    1s
H    0     0                    2491.0000000 2551.96196  2.45%     -    1s
H    0     0                    2495.0000000 2551.96196  2.28%     -    1s
H    0     0                    2502.0000000 2551.96196  2.00%     -    1s
H    0     0                    2531.0000000 2551.96196  0.83%     -    2s
H    0     0                    2532.0000000 2551.96196  0.79%     -    2s
H    0     0                    2533.0000000 2551.96196  0.75%     -    2s
     0     0 2546.52359    0  193 2533.00000 2546.52359  0.53%     -    2s
     0     0 2541.63616    0  196 2533.00000 2541.63616  0.34%     -    2s
     0     0 2541.50822    0  244 2533.00000 2541.50822  0.34%     -    3s
     0     0 2539.86791    0  173 2533.00000 2539.86791  0.27%     -    3s
     0     0 2539.67307    0  172 2533.00000 2539.67307  0.26%     -    3s
     0     0 2539.60098    0  175 2533.00000 2539.60098  0.26%     -    3s
     0     0 2539.59892    0  176 2533.00000 2539.59892  0.26%     -    3s
     0     0 2537.42686    0  237 2533.00000 2537.42686  0.17%     -    6s
     0     0 2536.43196    0  162 2533.00000 2536.43196  0.14%     -    6s
     0     0 2536.25686    0  154 2533.00000 2536.25686  0.13%     -    6s
     0     0 2536.17218    0  133 2533.00000 2536.17218  0.13%     -    6s
     0     0 2536.10578    0  137 2533.00000 2536.10578  0.12%     -    6s
     0     0 2536.08343    0  143 2533.00000 2536.08343  0.12%     -    6s
     0     0 2536.08117    0  139 2533.00000 2536.08117  0.12%     -    6s
     0     0 2535.37488    0  103 2533.00000 2535.37488  0.09%     -    9s
     0     0 2535.22654    0  105 2533.00000 2535.22654  0.09%     -    9s
     0     0 2535.08583    0  101 2533.00000 2535.08583  0.08%     -    9s
     0     0 2535.01726    0  103 2533.00000 2535.01726  0.08%     -    9s
     0     0 2534.94368    0  112 2533.00000 2534.94368  0.08%     -    9s
     0     0 2534.93475    0  123 2533.00000 2534.93475  0.08%     -    9s
     0     0 2534.93433    0  143 2533.00000 2534.93433  0.08%     -    9s
     0     0 2534.85241    0   79 2533.00000 2534.85241  0.07%     -   10s
     0     0 2534.85241    0   67 2533.00000 2534.85241  0.07%     -   10s
     0     0 2534.85241    0   79 2533.00000 2534.85241  0.07%     -   10s
     0     0 2534.85241    0   51 2533.00000 2534.85241  0.07%     -   10s
     0     0 2534.85241    0   52 2533.00000 2534.85241  0.07%     -   10s
     0     0 2534.85241    0   54 2533.00000 2534.85241  0.07%     -   10s
     0     0 2534.85241    0   46 2533.00000 2534.85241  0.07%     -   10s
     0     0 2534.68042    0   39 2533.00000 2534.68042  0.07%     -   10s
     0     0 2534.67408    0   33 2533.00000 2534.67408  0.07%     -   10s
     0     0 2534.66272    0   35 2533.00000 2534.66272  0.07%     -   10s
     0     0 2534.65741    0   35 2533.00000 2534.65741  0.07%     -   10s
     0     0 2534.33166    0   57 2533.00000 2534.33166  0.05%     -   10s
     0     0 2534.33166    0   29 2533.00000 2534.33166  0.05%     -   10s
     0     0 2534.33166    0   31 2533.00000 2534.33166  0.05%     -   10s
     0     0 2534.33166    0   35 2533.00000 2534.33166  0.05%     -   10s
     0     0 2534.33166    0   31 2533.00000 2534.33166  0.05%     -   10s
     0     0 2534.33166    0   35 2533.00000 2534.33166  0.05%     -   10s
     0     0 2534.33166    0   35 2533.00000 2534.33166  0.05%     -   10s
     0     0 2534.33166    0   36 2533.00000 2534.33166  0.05%     -   10s
     0     0 2534.33166    0   27 2533.00000 2534.33166  0.05%     -   10s
     0     0 2534.32416    0   26 2533.00000 2534.32416  0.05%     -   10s
     0     0     cutoff    0      2533.00000 2533.00000  0.00%     -   10s

Cutting planes:
  Gomory: 20
  Implied bound: 7
  Clique: 1
  MIR: 20
  StrongCG: 1
  GUB cover: 13
  RLT: 10
  Relax-and-lift: 2

Explored 1 nodes (5843 simplex iterations) in 10.77 seconds (7.04 work units)
Thread count was 12 (of 12 available processors)

Solution count 10: 2533 2533 2533 ... 2502

Optimal solution found (tolerance 1.00e-04)
Best objective 2.533000000000e+03, best bound 2.533000000000e+03, gap 0.0000%

Gurobi 9.5.0 (win64) logging started Mon Mar 21 01:19:06 2022

Set parameter LogFile to value "../results/logs/log_2022_03_21_01_18.csv_17_250.log"
Gurobi Optimizer version 9.5.0 build v9.5.0rc5 (win64)
Thread count: 6 physical cores, 12 logical processors, using up to 12 threads
Optimize a model with 8079 rows, 8078 columns and 369092 nonzeros
Model fingerprint: 0xd2b7d04e
Variable types: 0 continuous, 8078 integer (8078 binary)
Coefficient statistics:
  Matrix range     [1e+00, 2e+01]
  Objective range  [1e+00, 1e+00]
  Bounds range     [1e+00, 1e+00]
  RHS range        [1e+00, 3e+02]
Found heuristic solution: objective -0.0000000
Presolve removed 2955 rows and 1995 columns
Presolve time: 1.07s
Presolved: 5124 rows, 6083 columns, 330531 nonzeros
Variable types: 0 continuous, 6083 integer (6019 binary)
Found heuristic solution: objective 10.0000000

Root relaxation: objective 2.551962e+03, 1091 iterations, 0.05 seconds (0.04 work units)

    Nodes    |    Current Node    |     Objective Bounds      |     Work
 Expl Unexpl |  Obj  Depth IntInf | Incumbent    BestBd   Gap | It/Node Time

     0     0 2551.96196    0  109   10.00000 2551.96196      -     -    1s
H    0     0                    2491.0000000 2551.96196  2.45%     -    1s
H    0     0                    2495.0000000 2551.96196  2.28%     -    1s
H    0     0                    2502.0000000 2551.96196  2.00%     -    1s
H    0     0                    2531.0000000 2551.96196  0.83%     -    2s
H    0     0                    2532.0000000 2551.96196  0.79%     -    2s
H    0     0                    2533.0000000 2551.96196  0.75%     -    2s
     0     0 2546.52359    0  193 2533.00000 2546.52359  0.53%     -    2s
     0     0 2541.63616    0  196 2533.00000 2541.63616  0.34%     -    2s
     0     0 2541.50822    0  244 2533.00000 2541.50822  0.34%     -    3s
     0     0 2539.86791    0  173 2533.00000 2539.86791  0.27%     -    3s
     0     0 2539.67307    0  172 2533.00000 2539.67307  0.26%     -    3s
     0     0 2539.60098    0  175 2533.00000 2539.60098  0.26%     -    3s
     0     0 2539.59892    0  176 2533.00000 2539.59892  0.26%     -    3s
     0     0 2537.42686    0  237 2533.00000 2537.42686  0.17%     -    6s
     0     0 2536.43196    0  162 2533.00000 2536.43196  0.14%     -    6s
     0     0 2536.25686    0  154 2533.00000 2536.25686  0.13%     -    6s
     0     0 2536.17218    0  133 2533.00000 2536.17218  0.13%     -    6s
     0     0 2536.10578    0  137 2533.00000 2536.10578  0.12%     -    6s
     0     0 2536.08343    0  143 2533.00000 2536.08343  0.12%     -    6s
     0     0 2536.08117    0  139 2533.00000 2536.08117  0.12%     -    6s
     0     0 2535.37488    0  103 2533.00000 2535.37488  0.09%     -    9s
     0     0 2535.22654    0  105 2533.00000 2535.22654  0.09%     -    9s
     0     0 2535.08583    0  101 2533.00000 2535.08583  0.08%     -    9s
     0     0 2535.01726    0  103 2533.00000 2535.01726  0.08%     -    9s
     0     0 2534.94368    0  112 2533.00000 2534.94368  0.08%     -    9s
     0     0 2534.93475    0  123 2533.00000 2534.93475  0.08%     -    9s
     0     0 2534.93433    0  143 2533.00000 2534.93433  0.08%     -    9s
     0     0 2534.85241    0   79 2533.00000 2534.85241  0.07%     -   10s
     0     0 2534.85241    0   67 2533.00000 2534.85241  0.07%     -   10s
     0     0 2534.85241    0   79 2533.00000 2534.85241  0.07%     -   10s
     0     0 2534.85241    0   51 2533.00000 2534.85241  0.07%     -   10s
     0     0 2534.85241    0   52 2533.00000 2534.85241  0.07%     -   10s
     0     0 2534.85241    0   54 2533.00000 2534.85241  0.07%     -   10s
     0     0 2534.85241    0   46 2533.00000 2534.85241  0.07%     -   10s
     0     0 2534.68042    0   39 2533.00000 2534.68042  0.07%     -   10s
     0     0 2534.67408    0   33 2533.00000 2534.67408  0.07%     -   10s
     0     0 2534.66272    0   35 2533.00000 2534.66272  0.07%     -   10s
     0     0 2534.65741    0   35 2533.00000 2534.65741  0.07%     -   10s
     0     0 2534.33166    0   57 2533.00000 2534.33166  0.05%     -   10s
     0     0 2534.33166    0   29 2533.00000 2534.33166  0.05%     -   10s
     0     0 2534.33166    0   31 2533.00000 2534.33166  0.05%     -   10s
     0     0 2534.33166    0   35 2533.00000 2534.33166  0.05%     -   10s
     0     0 2534.33166    0   31 2533.00000 2534.33166  0.05%     -   10s
     0     0 2534.33166    0   35 2533.00000 2534.33166  0.05%     -   10s
     0     0 2534.33166    0   35 2533.00000 2534.33166  0.05%     -   10s
     0     0 2534.33166    0   36 2533.00000 2534.33166  0.05%     -   10s
     0     0 2534.33166    0   27 2533.00000 2534.33166  0.05%     -   10s
     0     0 2534.32416    0   26 2533.00000 2534.32416  0.05%     -   10s
     0     0     cutoff    0      2533.00000 2533.00000  0.00%     -   10s

Cutting planes:
  Gomory: 20
  Implied bound: 7
  Clique: 1
  MIR: 20
  StrongCG: 1
  GUB cover: 13
  RLT: 10
  Relax-and-lift: 2

Explored 1 nodes (5843 simplex iterations) in 10.66 seconds (7.04 work units)
Thread count was 12 (of 12 available processors)

Solution count 10: 2533 2533 2533 ... 2502

Optimal solution found (tolerance 1.00e-04)
Best objective 2.533000000000e+03, best bound 2.533000000000e+03, gap 0.0000%
