
Gurobi 9.1.2 (win64) logging started Fri Sep 24 13:03:38 2021

Changed value of parameter LogFile to ../results/logs/log_samuel_kroger_2021_09_24_13_02_49.csv_33_250.log
   Prev:   Default: 
Changed value of parameter method to 3
   Prev: -1  Min: -1  Max: 5  Default: -1
Gurobi Optimizer version 9.1.2 build v9.1.2rc0 (win64)
Thread count: 6 physical cores, 12 logical processors, using up to 12 threads
Optimize a model with 9501 rows, 27764 columns and 128742 nonzeros
Model fingerprint: 0x7a46f80e
Variable types: 0 continuous, 27764 integer (27764 binary)
Coefficient statistics:
  Matrix range     [1e+00, 3e+01]
  Objective range  [1e+00, 1e+00]
  Bounds range     [1e+00, 1e+00]
  RHS range        [1e+00, 3e+02]
Found heuristic solution: objective 7008.0000000
Presolve removed 7058 rows and 22259 columns
Presolve time: 0.09s
Presolved: 2443 rows, 5505 columns, 28996 nonzeros
Extracted 1242 lazy constraints
Variable types: 0 continuous, 5505 integer (5094 binary)

Concurrent LP optimizer: primal simplex, dual simplex, and barrier
Showing barrier log only...

Root barrier log...

Ordering time: 0.00s

Barrier performed 0 iterations in 0.13 seconds
Barrier solve interrupted - model solved by another algorithm


Solved with dual simplex

Root relaxation: objective 8.254000e+03, 0 iterations, 0.00 seconds

    Nodes    |    Current Node    |     Objective Bounds      |     Work
 Expl Unexpl |  Obj  Depth IntInf | Incumbent    BestBd   Gap | It/Node Time

     0     0 7956.26928    0  810 7008.00000 7956.26928  13.5%     -    0s
     0     0 7823.67653    0 1120 7008.00000 7823.67653  11.6%     -    1s
     0     0 7820.55507    0 1122 7008.00000 7820.55507  11.6%     -    1s
     0     0 7820.54046    0 1127 7008.00000 7820.54046  11.6%     -    1s
     0     0 7768.48253    0 1366 7008.00000 7768.48253  10.9%     -    3s
     0     0 7761.08809    0 1351 7008.00000 7761.08809  10.7%     -    4s
     0     0 7760.33873    0 1349 7008.00000 7760.33873  10.7%     -    4s
     0     0 7758.93597    0 1382 7008.00000 7758.93597  10.7%     -    5s
     0     0 7758.93597    0 1382 7008.00000 7758.93597  10.7%     -    5s
     0     2 7758.76801    0 1380 7008.00000 7758.76801  10.7%     -    8s
    25    32 7756.81824    5 1414 7008.00000 7758.08492  10.7%   592   10s
   131   171 7755.13914   17 1367 7008.00000 7757.89027  10.7%   397   15s
   255   303 7752.34041   27 1324 7008.00000 7757.89027  10.7%   413   20s
   432   518 7746.96372   45 1232 7008.00000 7757.89027  10.7%   374   25s
   686   793 7734.49900   81 1130 7008.00000 7757.89027  10.7%   326   31s
   913  1062 7726.92131  115 1037 7008.00000 7757.89027  10.7%   296   35s
  1241  1332 7712.36874  160  937 7008.00000 7757.89027  10.7%   258   47s
  1331  1556 7709.93139  168  910 7008.00000 7757.89027  10.7%   251   55s
  1924  2382 7688.40301  229  752 7008.00000 7757.89027  10.7%   203   60s
  3902  4369 7753.98196   13 1355 7008.00000 7757.79744  10.7%   124   65s
  5136  5126 7741.64058   37 1258 7008.00000 7757.79744  10.7%   104   70s
H 5195  4871                    7020.0000000 7757.79744  10.5%   105   73s
H 5195  4628                    7197.0000000 7757.79744  7.79%   105   73s
H 5195  4396                    7216.0000000 7757.79744  7.51%   105   73s
H 5195  4176                    7383.0000000 7757.79744  5.08%   105   75s
H 5195  3967                    7405.0000000 7757.79744  4.76%   105   75s
H 5195  3769                    7407.0000000 7757.79744  4.74%   105   75s
H 5195  3581                    7408.0000000 7757.79744  4.72%   105   75s
H 5195  3402                    7465.0000000 7757.79744  3.92%   105   75s
H 5196  3231                    7486.0000000 7757.79744  3.63%   105   77s
  5199  3233 7641.53561  358 1441 7486.00000 7722.83940  3.16%   105   80s
H 5205  3075                    7487.0000000 7692.63976  2.75%   105   88s
H 5205  2921                    7488.0000000 7692.63976  2.73%   105   88s
H 5206  2776                    7510.0000000 7692.63976  2.43%   105   92s
  5209  2778 7671.35838  140 1739 7510.00000 7671.35838  2.15%   105   96s
  5216  2783 7668.75741   50 1896 7510.00000 7668.75741  2.11%   105  100s
H 5219  2645                    7531.0000000 7658.81839  1.70%   105  108s
  5221  2646 7654.91293  186 1844 7531.00000 7654.91293  1.65%   105  111s
  5224  2648 7635.14581  451 2023 7531.00000 7651.32038  1.60%   105  115s
  5233  2654 7650.62895   19 2147 7531.00000 7650.62895  1.59%   104  121s
H 5233  2521                    7532.0000000 7645.93431  1.51%   104  126s
  5236  2523 7640.57216  348 2117 7532.00000 7642.66256  1.47%   104  131s
  5240  2526 7641.27355  192 2164 7532.00000 7641.27355  1.45%   104  135s
H 5246  2403                    7549.0000000 7638.54503  1.19%   104  144s
  5248  2404 7637.48498   95 2167 7549.00000 7637.48498  1.17%   104  147s
  5250  2405 7636.71589  132 2201 7549.00000 7636.71589  1.16%   104  150s
  5259  2411 7636.29251  225 2366 7549.00000 7636.29251  1.16%   104  156s
  5260  2412 7634.81342   95 2186 7549.00000 7634.81342  1.14%   104  161s
  5262  2413 7633.71370  104 2250 7549.00000 7633.71370  1.12%   104  165s
  5272  2420 7633.16418  443 2437 7549.00000 7633.16418  1.11%   104  170s
H 5272  2297                    7558.0000000 7632.06205  0.98%   104  174s
  5274  2298 7631.69507  436 2270 7558.00000 7631.69507  0.98%   104  175s
  5281  2303 7631.10086  200 2413 7558.00000 7631.10086  0.97%   103  180s
H 5284  2188                    7559.0000000 7630.52594  0.95%   103  185s
H 5284  2077                    7560.0000000 7630.52594  0.93%   103  185s
  5292  2082 7630.13305  165 2450 7560.00000 7630.13305  0.93%   103  191s
H 5292  1977                    7564.0000000 7629.81944  0.87%   103  195s
  5301  1983 7629.37873   24 2425 7564.00000 7629.37873  0.86%   103  200s
  5303  1985 7628.87862   73 2358 7564.00000 7628.87862  0.86%   103  205s
  5310  1989 7628.63729  106 2416 7564.00000 7628.63729  0.85%   103  210s
H 5310  1887                    7568.0000000 7628.44684  0.80%   103  213s
  5312  1889 7620.85611  531 2345 7568.00000 7628.32222  0.80%   103  215s
  5321  1895 7627.87001  186 2236 7568.00000 7627.87001  0.79%   103  223s
  5323  1896 7627.64011  354 2350 7568.00000 7627.64011  0.79%   103  225s
  5329  1900 7627.40413  293 2388 7568.00000 7627.40413  0.78%   103  232s
  5334  1903 7627.22084  344 2462 7568.00000 7627.22084  0.78%   102  235s
  5338  1906 7627.11302  181 2386 7568.00000 7627.11302  0.78%   102  240s
  5344  1910 7626.94484   50 2472 7568.00000 7626.94484  0.78%   102  245s
  5351  1915 7626.65303   29 2488 7568.00000 7626.65303  0.78%   102  250s
  5355  1917 7626.41168  405 2393 7568.00000 7626.41168  0.77%   102  255s
H 5360  1822                    7569.0000000 7626.20631  0.76%   102  261s
  5366  1826 7626.00896   90 2490 7569.00000 7626.00896  0.75%   102  265s
  5371  1829 7625.76120   50 2461 7569.00000 7625.76120  0.75%   102  270s
H 5377  1739                    7571.0000000 7625.55864  0.72%   102  276s
  5384  1744 7625.45135  322 2497 7571.00000 7625.45135  0.72%   101  280s
  5387  1746 7625.12703   18 2456 7571.00000 7625.12703  0.71%   101  285s
  5393  1750 7624.99917   11 2468 7571.00000 7624.99917  0.71%   101  290s
  5399  1754 7624.84464  358 2412 7571.00000 7624.84464  0.71%   101  296s
  5404  1757 7624.73386  205 2436 7571.00000 7624.73386  0.71%   101  301s
  5410  1761 7624.57885  106 2437 7571.00000 7624.57885  0.71%   101  306s
  5416  1765 7624.47777   50 2526 7571.00000 7624.47777  0.71%   101  310s
  5422  1769 7624.31318  258 2548 7571.00000 7624.31318  0.70%   101  315s
  5429  1774 7624.13046  293 2541 7571.00000 7624.13046  0.70%   101  320s
  5435  1778 7623.91663  375 2448 7571.00000 7623.91663  0.70%   101  326s
  5441  1782 7623.80708  137 2472 7571.00000 7623.80708  0.70%   100  330s
  5449  1787 7623.67318  240 2475 7571.00000 7623.67318  0.70%   100  335s
  5456  1792 7623.56656   47 2464 7571.00000 7623.56656  0.69%   100  340s
  5463  1796 7623.43920  168 2494 7571.00000 7623.43920  0.69%   100  345s
  5471  1802 7623.31880   50 2527 7571.00000 7623.31880  0.69%   100  350s
  5477  1806 7623.18670   19 2445 7571.00000 7623.18670  0.69%   100  355s
  5485  1811 7623.09072   20 2528 7571.00000 7623.09072  0.69%   100  360s
  5493  1816 7623.02040   11 2392 7571.00000 7623.02040  0.69%  99.5  365s
  5498  1821 7623.02040  134 1178 7571.00000 7623.02040  0.69%   145  371s
  5499  1822 7623.02040  358 1430 7571.00000 7623.02040  0.69%   145  375s
  5501  1823 7623.02040   24 1665 7571.00000 7623.02040  0.69%   145  382s
  5502  1824 7623.02040  460 1820 7571.00000 7623.02040  0.69%   145  385s
  5505  1826 7623.02040  453 2094 7571.00000 7623.02040  0.69%   145  391s
  5511  1830 7623.01849  113 2296 7571.00000 7623.01849  0.69%   145  395s
  5516  1833 7622.84192   50 2424 7571.00000 7622.84192  0.68%   145  401s
  5518  1834 7622.66272  247 2402 7571.00000 7622.66272  0.68%   145  405s
  5523  1838 7622.51793  354 2343 7571.00000 7622.51793  0.68%   145  411s
  5528  1841 7622.37388  342 2372 7571.00000 7622.37388  0.68%   144  417s
  5533  1844 7622.29724   19 2457 7571.00000 7622.29724  0.68%   144  421s
  5536  1846 7622.21525  348 2480 7571.00000 7622.21525  0.68%   144  425s
  5540  1849 7622.15016  192 2451 7571.00000 7622.15016  0.68%   144  430s
  5545  1852 7622.09931   29 2446 7571.00000 7622.09931  0.67%   144  436s
  5548  1854 7622.05104   95 2456 7571.00000 7622.05104  0.67%   144  440s
  5553  1858 7621.99347  264 2416 7571.00000 7621.99347  0.67%   144  445s
  5557  1860 7621.95063  247 2379 7571.00000 7621.95063  0.67%   144  451s
  5561  1863 7621.91709   24 2443 7571.00000 7621.91709  0.67%   144  455s
  5565  1866 7621.89589   74 2462 7571.00000 7621.89589  0.67%   143  461s
  5566  1866 7621.89565   90 2462 7571.00000 7621.89565  0.67%   143  467s
  5567  1870 7621.87425   31 2327 7571.00000 7621.89418  0.67%   157  475s
  5569  1873 7621.60576   32 2236 7571.00000 7621.87284  0.67%   158  486s
  5573  1878 7621.54026   33 2313 7571.00000 7621.55050  0.67%   161  499s
  5579  1882 7621.42359   34 2344 7571.00000 7621.53904  0.67%   166  513s
  5585  1886 7621.47827   34 2361 7571.00000 7621.47827  0.67%   179  517s
  5591  1890 7621.47277   35 2383 7571.00000 7621.47642  0.67%   182  521s
H 5597  1800                    7572.0000000 7621.47642  0.65%   185  528s
  5604  1805 7621.46206   36 2309 7572.00000 7621.47136  0.65%   189  533s
  5611  1809 7618.60503   36 2154 7572.00000 7621.46206  0.65%   193  539s
  5618  1814 7621.45794   37 2325 7572.00000 7621.45794  0.65%   195  546s
  5625  1822 7621.45342   38 2321 7572.00000 7621.45342  0.65%   200  552s
  5635  1829 7621.10863   39 2254 7572.00000 7621.45249  0.65%   204  558s
H 5642  1737                    7573.0000000 7621.45249  0.64%   205  558s
  5646  1745 7620.93586   39 2227 7573.00000 7621.42359  0.64%   208  562s
  5655  1753 7621.10030   40 2234 7573.00000 7621.42359  0.64%   211  573s
  5666  1762 7621.06393   41 2223 7573.00000 7621.42359  0.64%   219  581s
  5679  1770 7621.06296   42 2207 7573.00000 7621.42359  0.64%   223  588s
  5691  1782 7620.98689   43 2194 7573.00000 7621.42359  0.64%   226  592s
  5707  1792 7620.93297   44 2223 7573.00000 7621.42359  0.64%   229  598s
  5723  1804 7620.75974   45 2197 7573.00000 7621.42359  0.64%   232  603s
  5740  1816 7621.02818   46 2239 7573.00000 7621.42359  0.64%   235  610s
  5758  1839 7620.97488   47 2202 7573.00000 7621.42359  0.64%   238  616s
  5787  1857 7620.93691   49 2181 7573.00000 7621.42359  0.64%   243  626s
  5814  1878 7620.79247   51 2179 7573.00000 7621.42359  0.64%   249  637s
H 5844  1831                    7574.0000000 7621.42359  0.63%   256  650s
  5892  1880 7620.81259   58 2202 7574.00000 7621.42359  0.63%   264  665s
  5957  1912 7620.71531   63 2177 7574.00000 7621.42359  0.63%   275  681s
  6011  1933 7620.45841   68 2156 7574.00000 7621.42359  0.63%   286  697s
  6050  1990 7620.42438   71 2151 7574.00000 7621.42359  0.63%   293  714s
  6120  2049 7620.28218   77 2114 7574.00000 7621.42359  0.63%   304  732s
H 6170  1951                    7575.0000000 7621.42359  0.61%   312  732s
  6202  2021 7620.11934   82 2048 7575.00000 7621.42359  0.61%   316  753s
  6283  2063 7619.86547   88 2038 7575.00000 7621.42359  0.61%   328  774s
  6352  2128 7619.52869   94 2025 7575.00000 7621.42359  0.61%   341  793s
  6440  2201 7618.14697  102 1955 7575.00000 7621.42359  0.61%   353  813s
  6542  2259 7619.07015  111 1897 7575.00000 7621.42359  0.61%   365  833s
  6634  2318 7618.64372  119 1950 7575.00000 7621.42359  0.61%   377  855s
  6724  2432 7618.91815  126 1926 7575.00000 7621.42359  0.61%   389  877s
  6868  2525 7618.70508  138 1933 7575.00000 7621.42359  0.61%   400  903s
  7011  2571 7618.64725  147 1795 7575.00000 7621.42359  0.61%   412  924s
  7106  2674 7618.25541  154 1836 7575.00000 7621.42359  0.61%   421  949s
  7243  2767 7617.81743  166 1768 7575.00000 7621.42359  0.61%   433  976s
  7382  2865 7617.57879  177 1815 7575.00000 7621.42359  0.61%   445 1001s
  7528  2965 7617.15327  189 1622 7575.00000 7621.42359  0.61%   457 1028s
  7679  3112 7616.07549  202 1564 7575.00000 7621.42359  0.61%   470 1058s
  7876  3249 7614.95569  217 1608 7575.00000 7621.42359  0.61%   481 1087s
  8079  3400 7613.80660  233 1469 7575.00000 7621.42359  0.61%   492 1117s
H 8165  3294                    7576.0000000 7621.42359  0.60%   495 1117s
  8297  3467 7612.73918  252 1473 7576.00000 7621.42359  0.60%   503 1146s
  8514  3631 7611.82535  272 1407 7576.00000 7621.42359  0.60%   514 1178s
  8752  3812 7609.70031  296 1321 7576.00000 7621.42359  0.60%   525 1210s
  9019  4000 7607.64455  319 1366 7576.00000 7621.42359  0.60%   535 1243s
H 9132  3890                    7577.0000000 7621.42359  0.59%   537 1243s
  9302  4195 7605.31306  343 1271 7577.00000 7621.42359  0.59%   544 1278s
H 9363  4105                    7578.0000000 7621.42359  0.57%   545 1278s
  9682  4477 7601.89674  373 1153 7578.00000 7621.42359  0.57%   549 1310s
 10120  4738 7596.43170  413 1027 7578.00000 7621.42359  0.57%   551 1348s
H10197  4738                    7579.0000000 7621.42359  0.56%   552 1348s
 10464  4983 7588.73217  451  858 7579.00000 7621.42359  0.56%   556 1384s
 10743  5170     cutoff  531      7579.00000 7621.40034  0.56%   564 1423s
 10949  5374 7615.11792   41 2019 7579.00000 7621.40034  0.56%   575 1462s
 11153  5937 7601.15756   55 1540 7579.00000 7621.33647  0.56%   583 1504s
 11728  6730 7619.87991   43 2296 7579.00000 7621.33647  0.56%   581 1538s
 12523  7259 7616.71310   59 1929 7579.00000 7621.33647  0.56%   565 1589s
 13101  7492 7611.27309   95 1441 7579.00000 7621.33647  0.56%   565 1621s
H13212  7420                    7580.0000000 7621.33647  0.55%   569 1621s
 13379  7810 7606.20880  131 1330 7580.00000 7621.33647  0.55%   568 1659s
 13793  8071 7590.32090  255  676 7580.00000 7620.98669  0.54%   568 1702s
H13915  7954                    7581.0000000 7620.98669  0.53%   570 1702s
 14217  7949 7619.47548   41 2239 7581.00000 7620.98669  0.53%   567 1742s
 14284  8055 7617.32530   52 2137 7581.00000 7620.98669  0.53%   577 1785s
 14390  8226 7613.60687   70 1808 7581.00000 7620.98669  0.53%   588 1834s
 14561  8792 7608.82824  103 1559 7581.00000 7620.98669  0.53%   598 1881s
 15140  9222 7595.76143  245  495 7581.00000 7620.98515  0.53%   597 1929s
 15624  9394 7619.16244   50 2296 7581.00000 7620.98515  0.53%   596 1981s
 15796  9716 7615.01433   66 1943 7581.00000 7620.98515  0.53%   607 2034s
 16134 10371 7609.65205  103 1571 7581.00000 7620.98515  0.53%   615 2099s
