
Gurobi 9.5.0 (win64) logging started Sun Apr 10 10:50:06 2022

Set parameter LogFile to value "../results/logs/log_flickrEdges_20_250.log"
Gurobi Optimizer version 9.5.0 build v9.5.0rc5 (win64)
Thread count: 6 physical cores, 12 logical processors, using up to 12 threads
Optimize a model with 11077 rows, 211876 columns and 719250 nonzeros
Model fingerprint: 0xb182bac6
Variable types: 0 continuous, 211876 integer (211876 binary)
Coefficient statistics:
  Matrix range     [1e+00, 2e+01]
  Objective range  [1e+00, 1e+00]
  Bounds range     [1e+00, 1e+00]
  RHS range        [1e+00, 3e+02]
Found heuristic solution: objective 15808.000000
Presolve removed 176 rows and 143865 columns
Presolve time: 1.49s
Presolved: 10901 rows, 68011 columns, 358331 nonzeros
Found heuristic solution: objective 15824.000000
Variable types: 0 continuous, 68011 integer (63922 binary)

Deterministic concurrent LP optimizer: primal and dual simplex
Showing first log only...


Root simplex log...

Iteration    Objective       Primal Inf.    Dual Inf.      Time
    5514    1.6302945e+04   0.000000e+00   2.621962e+06      5s
    6484    1.6594305e+04   0.000000e+00   7.678822e+06     10s
    6731    1.6648938e+04   0.000000e+00   0.000000e+00     13s
    6731    1.6648938e+04   0.000000e+00   0.000000e+00     13s
Concurrent spin time: 0.00s

Solved with primal simplex

Root relaxation: objective 1.664894e+04, 6731 iterations, 11.18 seconds (10.46 work units)

    Nodes    |    Current Node    |     Objective Bounds      |     Work
 Expl Unexpl |  Obj  Depth IntInf | Incumbent    BestBd   Gap | It/Node Time

     0     0 16648.9378    0 5808 15824.0000 16648.9378  5.21%     -   15s
H    0     0                    15851.000000 16648.9378  5.03%     -   15s
H    0     0                    15852.000000 16648.9378  5.03%     -   16s
H    0     0                    15854.000000 16648.9378  5.01%     -   16s
H    0     0                    15900.000000 16496.3178  3.75%     -   38s
     0     0 16496.3178    0 5669 15900.0000 16496.3178  3.75%     -   39s
H    0     0                    15902.000000 16496.3178  3.74%     -   63s
     0     0 16393.5111    0 5553 15902.0000 16393.5111  3.09%     -   92s
     0     0 16320.5360    0 5635 15902.0000 16320.5360  2.63%     -  130s
     0     0 16271.1412    0 5784 15902.0000 16271.1412  2.32%     -  193s
     0     0 16246.6078    0 6081 15902.0000 16246.6078  2.17%     -  249s

Gurobi 9.5.0 (win64) logging started Sun Apr 10 10:58:20 2022

Set parameter LogFile to value "../results/logs/log_flickrEdges_20_250.log"
