
Gurobi 9.5.0 (win64) logging started Tue Dec  7 12:39:25 2021

Set parameter LogFile to value "../results/logs/log_2021_12_07_12_26.csv_6_70.log"
Set parameter Method to value 3
Gurobi Optimizer version 9.5.0 build v9.5.0rc5 (win64)
Thread count: 6 physical cores, 12 logical processors, using up to 12 threads
Optimize a model with 1039 rows, 9882 columns and 16749 nonzeros
Model fingerprint: 0xfeb4d367
Variable types: 4941 continuous, 4941 integer (4941 binary)
Coefficient statistics:
  Matrix range     [1e+00, 6e+00]
  Objective range  [1e+00, 1e+00]
  Bounds range     [1e+00, 1e+00]
  RHS range        [1e+00, 7e+01]
Found heuristic solution: objective -0.0000000
Presolve removed 585 rows and 9150 columns
Presolve time: 0.03s
Presolved: 454 rows, 732 columns, 2692 nonzeros
Extracted 154 lazy constraints
Variable types: 413 continuous, 319 integer (317 binary)

Concurrent LP optimizer: primal simplex, dual simplex, and barrier
Showing barrier log only...

Root barrier log...

Ordering time: 0.00s

Barrier statistics:
 AA' NZ     : 5.250e+02
 Factor NZ  : 1.997e+03
 Factor Ops : 2.133e+04 (less than 1 second per iteration)
 Threads    : 1

Barrier performed 0 iterations in 0.03 seconds (0.02 work units)
Barrier solve interrupted - model solved by another algorithm


Solved with dual simplex

Root relaxation: objective 3.360000e+02, 137 iterations, 0.00 seconds (0.00 work units)

    Nodes    |    Current Node    |     Objective Bounds      |     Work
 Expl Unexpl |  Obj  Depth IntInf | Incumbent    BestBd   Gap | It/Node Time

     0     0  129.41654    0  150   -0.00000  129.41654      -     -    0s
     0     0   79.29634    0   68   -0.00000   79.29634      -     -    0s
     0     0   78.89788    0   63   -0.00000   78.89788      -     -    0s
     0     0   78.84040    0   67   -0.00000   78.84040      -     -    0s
     0     0   75.15989    0   31   -0.00000   75.15989      -     -    0s
     0     0   74.75318    0   31   -0.00000   74.75318      -     -    0s
     0     0   74.74227    0   24   -0.00000   74.74227      -     -    0s
     0     0   74.25862    0   47   -0.00000   74.25862      -     -    0s
     0     0   74.25862    0   47   -0.00000   74.25862      -     -    0s
H    0     0                      69.0000000   74.25862  7.62%     -    0s
     0     2   74.25862    0   47   69.00000   74.25862  7.62%     -    0s
H   39    44                      71.0000000   73.72857  3.84%  17.4    0s
H  147    92                      72.0000000   73.72857  2.40%  12.6    0s

Cutting planes:
  Gomory: 62
  Lift-and-project: 10
  Implied bound: 22
  MIR: 123
  RLT: 21
  Relax-and-lift: 17
  Lazy constraints: 146

Explored 235 nodes (3505 simplex iterations) in 0.31 seconds (0.19 work units)
Thread count was 12 (of 12 available processors)

Solution count 4: 72 71 69 -0 

Optimal solution found (tolerance 1.00e-04)
Best objective 7.200000000000e+01, best bound 7.200000000000e+01, gap 0.0000%
