
Gurobi 9.5.1 (linux64) logging started Tue Jun 21 13:10:30 2022

Set parameter LogFile to value "../results/logs/log_Brightkite_edges_20_10_2022_06_21_12_08.log"
Gurobi Optimizer version 9.5.1 build v9.5.1rc2 (linux64)
Thread count: 8 physical cores, 8 logical processors, using up to 8 threads
Optimize a model with 7279 rows, 116456 columns and 326490 nonzeros
Model fingerprint: 0x5657a390
Variable types: 0 continuous, 116456 integer (116456 binary)
Coefficient statistics:
  Matrix range     [1e+00, 2e+01]
  Objective range  [1e+00, 1e+00]
  Bounds range     [1e+00, 1e+00]
  RHS range        [1e+00, 1e+01]
Found heuristic solution: objective 947.0000000
Presolve removed 68 rows and 94690 columns
Presolve time: 0.42s
Presolved: 7211 rows, 21766 columns, 174841 nonzeros
Found heuristic solution: objective 948.0000000
Variable types: 0 continuous, 21766 integer (18776 binary)
Warning: Markowitz tolerance tightened to 0.25

Root relaxation: objective 3.103008e+03, 5318 iterations, 1.75 seconds (3.41 work units)

    Nodes    |    Current Node    |     Objective Bounds      |     Work
 Expl Unexpl |  Obj  Depth IntInf | Incumbent    BestBd   Gap | It/Node Time

     0     0 3102.94162    0 2697  948.00000 3102.94162   227%     -    2s
H    0     0                     960.0000000 3102.94162   223%     -    2s
H    0     0                    1018.0000000 2576.86669   153%     -    7s
     0     0 2576.86669    0 2332 1018.00000 2576.86669   153%     -    7s
H    0     0                    1047.0000000 2576.86669   146%     -   12s
     0     0 2221.36516    0 2324 1047.00000 2221.36516   112%     -   13s
     0     0 1966.52265    0 2141 1047.00000 1966.52265  87.8%     -   14s
     0     0 1840.43501    0 1584 1047.00000 1840.43501  75.8%     -   15s
     0     0 1801.92542    0 1323 1047.00000 1801.92542  72.1%     -   15s
     0     0 1795.41403    0 1327 1047.00000 1795.41403  71.5%     -   16s
     0     0 1794.25162    0 1145 1047.00000 1794.25162  71.4%     -   16s
     0     0 1793.36187    0 1120 1047.00000 1793.36187  71.3%     -   16s
     0     0 1792.81689    0 1362 1047.00000 1792.81689  71.2%     -   17s
     0     0 1792.59523    0 1201 1047.00000 1792.59523  71.2%     -   17s
     0     0 1792.56413    0 1101 1047.00000 1792.56413  71.2%     -   17s
     0     0 1610.39614    0 1189 1047.00000 1610.39614  53.8%     -   20s
     0     0 1523.12647    0 1515 1047.00000 1523.12647  45.5%     -   22s
     0     0 1488.78539    0 1569 1047.00000 1488.78539  42.2%     -   25s
     0     0 1479.52636    0 1696 1047.00000 1479.52636  41.3%     -   27s
     0     0 1477.42642    0 1701 1047.00000 1477.42642  41.1%     -   29s
     0     0 1476.21853    0 1942 1047.00000 1476.21853  41.0%     -   30s
     0     0 1433.75700    0 1668 1047.00000 1433.75700  36.9%     -   37s
     0     0 1421.87638    0 1722 1047.00000 1421.87638  35.8%     -   39s
     0     0 1416.47709    0 1956 1047.00000 1416.47709  35.3%     -   41s
     0     0 1408.51870    0 2019 1047.00000 1408.51870  34.5%     -   43s
     0     0 1405.72769    0 2152 1047.00000 1405.72769  34.3%     -   45s
     0     0 1402.17491    0 2133 1047.00000 1402.17491  33.9%     -   47s
     0     0 1400.46007    0 2265 1047.00000 1400.46007  33.8%     -   49s
     0     0 1392.53040    0 2109 1047.00000 1392.53040  33.0%     -   55s
     0     0 1387.83337    0 2221 1047.00000 1387.83337  32.6%     -   58s
     0     0 1384.98952    0 2227 1047.00000 1384.98952  32.3%     -   59s
     0     0 1382.28136    0 2342 1047.00000 1382.28136  32.0%     -   61s
     0     0 1380.23835    0 2409 1047.00000 1380.23835  31.8%     -   63s
     0     0 1378.99746    0 2516 1047.00000 1378.99746  31.7%     -   65s
     0     0 1375.79124    0 2443 1047.00000 1375.79124  31.4%     -   68s
     0     0 1375.79124    0 2443 1047.00000 1375.79124  31.4%     -   69s
     0     2 1374.60445    0 2443 1047.00000 1374.60445  31.3%     -   77s
     3     8 1373.63534    2 2540 1047.00000 1374.60445  31.3%  1169   81s
     7    16 1370.47072    3 2898 1047.00000 1373.58869  31.2%  2706   95s
    15    24 1366.52281    4 3090 1047.00000 1370.37372  30.9%  4906  123s
    23    32 1360.14331    4 3018 1047.00000 1366.52278  30.5%  7799  168s
H   31    40                    1050.0000000 1366.52278  30.1%  7696  183s
    39    48 1356.60428    5 3028 1050.00000 1366.33575  30.1%  6378  195s
    47    63 1366.29655    6 3144 1050.00000 1366.31250  30.1%  5666  218s
    62    78 1365.86346    8 3125 1050.00000 1366.31250  30.1%  4623  226s
    77    93 1365.08225   10 3117 1050.00000 1366.31250  30.1%  3901  237s
    92   112 1364.64093   12 3124 1050.00000 1366.31250  30.1%  3513  245s
   111   129 1363.19248   14 3109 1050.00000 1366.31250  30.1%  3077  274s
   128   138 1357.15648   15 3065 1050.00000 1366.31250  30.1%  3009  289s
   137   163 1361.48472   15 3095 1050.00000 1366.31250  30.1%  3050  304s
   162   184 1359.43317   18 3087 1050.00000 1366.31250  30.1%  2794  322s
   183   206 1357.16988   21 3116 1050.00000 1366.31250  30.1%  2648  345s
   205   221 1356.33661   22 3093 1050.00000 1366.31250  30.1%  2489  379s
H  206   221                    1051.0000000 1366.31250  30.0%  2477  379s
   222   240 1356.10807   23 3060 1051.00000 1366.31250  30.0%  2429  389s
   241   261 1355.48932   25 3087 1051.00000 1366.31250  30.0%  2341  404s
   264   283 1355.00851   28 3081 1051.00000 1366.31250  30.0%  2258  438s
   288   304 1354.56797   31 3081 1051.00000 1366.31250  30.0%  2199  451s
   315   312 1352.91670   34 3155 1051.00000 1366.31250  30.0%  2117  471s
   323   328 1352.12145   35 3091 1051.00000 1366.31250  30.0%  2209  488s
   339   349 1351.99995   37 3094 1051.00000 1366.31250  30.0%  2209  499s
   362   371 1350.87187   42 3087 1051.00000 1366.31250  30.0%  2153  512s
H  390   379                    1055.0000000 1366.31250  29.5%  2083  525s
   400   409 1349.62430   47 3088 1055.00000 1366.31250  29.5%  2059  540s
   440   433 1348.20291   52 3085 1055.00000 1366.31250  29.5%  1942  604s
H  455   433                    1059.0000000 1366.31250  29.0%  1915  604s
   466   454 1347.48709   53 3102 1059.00000 1366.31250  29.0%  1914  619s
   487   482 1347.06820   55 3116 1059.00000 1366.31250  29.0%  1907  634s
   515   516 1345.15246   60 3081 1059.00000 1366.31250  29.0%  1879  649s
   549   548 1343.24118   64 3081 1059.00000 1366.31250  29.0%  1835  665s
   581   584 1342.11653   71 3082 1059.00000 1366.31250  29.0%  1808  680s
   617   635 1340.35390   77 3075 1059.00000 1366.31250  29.0%  1772  695s
   668   681 1339.77417   84 3049 1059.00000 1366.31250  29.0%  1702  711s
H  714   699                    1060.0000000 1366.31250  28.9%  1657  725s
   732   762 1337.46076   92 3017 1060.00000 1366.31250  28.9%  1645  743s
   797   810 1320.87842  101 2983 1060.00000 1366.31250  28.9%  1578  762s
   847   834 1334.66693  106 3030 1060.00000 1366.31250  28.9%  1543  815s
   871   898 1334.03015  109 2993 1060.00000 1366.31250  28.9%  1542  835s
   935   958 1331.08147  117 3010 1060.00000 1366.31250  28.9%  1497  855s
   995   996 1328.29708  127 2979 1060.00000 1366.31250  28.9%  1467  875s
  1033  1080 1327.68106  134 2976 1060.00000 1366.31250  28.9%  1450  900s
  1117  1167 1325.95550  146 2951 1060.00000 1366.31250  28.9%  1402  922s
  1204  1240 1324.69275  162 2911 1060.00000 1366.31250  28.9%  1356  970s
H 1238  1240                    1064.0000000 1366.31250  28.4%  1335  970s
  1277  1326 1323.04674  173 2889 1064.00000 1366.31250  28.4%  1312  993s
  1363  1444 1321.97336  179 2879 1064.00000 1366.31250  28.4%  1283 1020s
  1481  1564 1319.79414  200 2857 1064.00000 1366.31250  28.4%  1235 1048s
  1601  1655 1316.16222  212 2837 1064.00000 1366.31250  28.4%  1193 1082s
  1694  1792 1312.12188  222 2797 1064.00000 1366.31250  28.4%  1168 1109s
  1831  1895 1307.39502  237 2801 1064.00000 1366.31250  28.4%  1128 1144s
  1934  2010 1305.00404  244 2732 1064.00000 1366.31250  28.4%  1120 1173s
  2049  2109 1302.88934  260 2773 1064.00000 1366.31250  28.4%  1102 1200s
  2148  2248 1300.25160  275 2718 1064.00000 1366.31250  28.4%  1091 1232s
  2291  2404 1298.14285  290 2815 1064.00000 1366.31250  28.4%  1069 1264s
  2457  2507 1294.75171  314 2719 1064.00000 1366.31250  28.4%  1040 1303s
  2564  2661 1288.26622  340 2674 1064.00000 1366.31250  28.4%  1042 1342s
  2720  2838 1284.70425  353 2680 1064.00000 1366.31250  28.4%  1025 1379s
  2897  3036 1282.71909  375 2610 1064.00000 1366.31250  28.4%  1003 1422s
  3095  3163 1252.36427  408 2490 1064.00000 1366.31250  28.4%   985 1464s
  3224  3271 1267.48320  421 2523 1064.00000 1366.31250  28.4%   988 1501s
H 3276  3271                    1065.0000000 1366.31250  28.3%   991 1501s
  3348  3315 1255.00441  435 2378 1065.00000 1366.31250  28.3%   986 1585s
  3394  3483 1248.93214  436 2337 1065.00000 1366.31250  28.3%   989 1639s
  3594  3582 1227.06266  452 1943 1065.00000 1366.08136  28.3%   983 1694s
  3721  3693     cutoff    7      1065.00000 1366.08136  28.3%   994 1753s
  3857  3694 1274.10551  242 2443 1065.00000 1366.08136  28.3%  1003 1819s
  3859  3695 1260.29938  288 2020 1065.00000 1366.08136  28.3%  1002 1841s
  3860  3696 1283.59910  142 1615 1065.00000 1366.08136  28.3%  1002 1855s
  3867  3701 1291.33211  319 1493 1065.00000 1366.08136  28.3%  1000 1860s
  3875  3706 1345.85091   59 1690 1065.00000 1366.08136  28.3%   998 1865s
  3878  3708 1271.04994  263 1612 1065.00000 1366.08136  28.3%   998 1870s
  3882  3711 1272.94312  252 1980 1065.00000 1366.08136  28.3%   997 1875s
  3885  3713 1286.72949  234 2145 1065.00000 1366.08136  28.3%   996 1880s
  3888  3715 1339.32566   38 2375 1065.00000 1366.08136  28.3%   995 1886s
  3890  3716 1291.37662  254 2410 1065.00000 1366.08136  28.3%   994 1890s
  3892  3717 1278.15439  322 2501 1065.00000 1366.08136  28.3%   994 1895s
  3895  3719 1244.83459  406 2604 1065.00000 1366.08136  28.3%   993 1900s
  3900  3723 1309.77662   96 2686 1065.00000 1365.96725  28.3%   992 1907s
  3901  3723 1346.43256    9 2439 1065.00000 1360.05981  27.7%   992 1913s
  3902  3724 1325.52570  152 2478 1065.00000 1358.00172  27.5%   991 1916s
  3904  3725 1286.34007  283 2522 1065.00000 1354.80716  27.2%   991 1920s
  3906  3727 1226.58237  585 2568 1065.00000 1352.87560  27.0%   990 1925s
  3908  3728 1351.63738   12 2723 1065.00000 1351.63738  26.9%   990 1930s
  3910  3729 1275.99843  328 2863 1065.00000 1350.24442  26.8%   989 1937s
  3911  3730 1323.58990   70 2847 1065.00000 1349.75098  26.7%   989 1940s
  3914  3732 1311.45636  164 2931 1065.00000 1349.05354  26.7%   988 1946s
  3918  3735 1339.99349   82 2964 1065.00000 1348.71592  26.6%   987 1950s
  3920  3736 1281.82370  233 2818 1065.00000 1345.76873  26.4%   987 1963s
  3921  3737 1238.28912  541 2833 1065.00000 1344.51846  26.2%   987 1967s
  3922  3737 1323.89155   68 2822 1065.00000 1343.68773  26.2%   986 1971s
  3924  3739 1284.55987  203 2929 1065.00000 1342.77532  26.1%   986 1977s
  3925  3739 1335.18150   12 3035 1065.00000 1342.46182  26.1%   986 1980s
  3927  3741 1312.49649  157 3020 1065.00000 1341.98884  26.0%   985 1985s
  3930  3743 1328.49313   43 3073 1065.00000 1341.65221  26.0%   984 1990s
  3933  3745 1280.16365  245 3170 1065.00000 1341.49583  26.0%   984 1998s
  3934  3745 1307.24672  115 3046 1065.00000 1339.77476  25.8%   983 2007s
  3935  3746 1225.68774  594 3045 1065.00000 1339.05911  25.7%   983 2012s
  3936  3747 1254.14498  392 3050 1065.00000 1338.49900  25.7%   983 2017s
  3937  3747 1226.37641  591 3062 1065.00000 1338.04546  25.6%   983 2021s
  3938  3748 1306.46844  151 3133 1065.00000 1337.67633  25.6%   982 2025s
  3940  3749 1337.30026   81 3162 1065.00000 1337.30026  25.6%   982 2031s
  3943  3751 1329.13391   71 3200 1065.00000 1337.08117  25.5%   981 2036s
  3945  3753 1317.71336   40 3236 1065.00000 1336.98116  25.5%   981 2040s
  3946  3753 1282.82494  174 3114 1065.00000 1335.81416  25.4%   980 2049s
  3947  3754 1305.04612  201 3107 1065.00000 1335.22026  25.4%   980 2054s
  3948  3755 1249.11984  421 3173 1065.00000 1334.85039  25.3%   980 2059s
  3949  3755 1334.49813   26 3209 1065.00000 1334.49813  25.3%   980 2063s
  3950  3756 1248.84319  400 3229 1065.00000 1334.28329  25.3%   979 2067s
  3951  3757 1294.64961  290 3264 1065.00000 1334.10493  25.3%   979 2071s
  3953  3758 1304.85016  238 3271 1065.00000 1333.92279  25.3%   979 2076s
  3955  3759 1274.48215  297 3357 1065.00000 1333.82025  25.2%   978 2081s
  3956  3760 1253.51018  370 3185 1065.00000 1332.86699  25.2%   978 2090s
  3957  3761 1274.10551  242 3230 1065.00000 1332.43912  25.1%   978 2095s
  3959  3762 1260.29938  288 3253 1065.00000 1331.90585  25.1%   977 2103s
  3960  3763 1283.59910  142 3266 1065.00000 1331.64771  25.0%   977 2108s
  3961  3763 1271.63673  188 3338 1065.00000 1331.50720  25.0%   977 2111s
  3962  3764 1266.44780  298 3313 1065.00000 1331.38739  25.0%   976 2115s
  3965  3766 1291.19925  322 3413 1065.00000 1331.18977  25.0%   976 2123s
  3966  3767 1271.83125  368 3337 1065.00000 1330.36073  24.9%   975 2131s
  3967  3767 1291.33211  319 3336 1065.00000 1329.99601  24.9%   975 2135s
  3968  3768 1286.06232   76 3375 1065.00000 1329.67310  24.9%   975 2140s
  3970  3769 1250.05786  433 3415 1065.00000 1329.40211  24.8%   974 2147s
  3971  3770 1304.84470  132 3416 1065.00000 1329.32490  24.8%   974 2150s
  3973  3771 1316.31361  127 3425 1065.00000 1329.21664  24.8%   974 2157s
  3974  3772 1328.89448   22 3428 1065.00000 1328.89448  24.8%   973 2169s
  3975  3773 1328.67088   59 3395 1065.00000 1328.67088  24.8%   973 2174s
  3976  3773 1285.83434  194 3411 1065.00000 1328.48223  24.7%   973 2179s
  3977  3774 1304.45764  133 3414 1065.00000 1328.36095  24.7%   973 2183s
  3978  3775 1271.04994  263 3438 1065.00000 1328.26239  24.7%   972 2186s
  3980  3776 1328.12342   46 3479 1065.00000 1328.12342  24.7%   972 2192s
  3981  3777 1268.76826  265 3473 1065.00000 1328.08201  24.7%   972 2196s
  3982  3777 1272.94312  252 3441 1065.00000 1327.70066  24.7%   972 2204s
  3983  3778 1239.86248  528 3457 1065.00000 1327.44233  24.6%   971 2209s
  3984  3779 1268.09639  276 3434 1065.00000 1327.31258  24.6%   971 2213s
  3985  3779 1286.72949  234 3465 1065.00000 1327.18614  24.6%   971 2216s
  3987  3781 1227.04498  453 3525 1065.00000 1327.08780  24.6%   970 2223s
  3988  3781 1326.64741   38 3459 1065.00000 1326.64741  24.6%   970 2232s
  3989  3782 1308.83732   87 3465 1065.00000 1326.43458  24.5%   970 2237s
  3990  3783 1291.37662  254 3471 1065.00000 1326.29260  24.5%   970 2241s
  3991  3783 1321.33991  110 3501 1065.00000 1326.21165  24.5%   969 2245s
  3992  3784 1278.15439  322 3477 1065.00000 1326.14996  24.5%   969 2251s
  3994  3785 1326.04295   12 3492 1065.00000 1326.04295  24.5%   969 2258s
  3995  3786 1244.83459  406 3441 1065.00000 1325.77203  24.5%   968 2266s
  3996  3787 1276.33047  223 3472 1065.00000 1325.48813  24.5%   968 2271s
  3997  3787 1271.00669  264 3445 1065.00000 1325.37428  24.4%   968 2275s
  3999  3789 1317.61422  123 3511 1065.00000 1325.23151  24.4%   967 2281s
  4001  3790 1324.94072    9 3504 1065.00000 1324.94072  24.4%   967 2293s
  4002  3791 1324.81275  152 3534 1065.00000 1324.81275  24.4%   967 2297s
  4003  3791 1269.91727  269 3571 1065.00000 1324.72488  24.4%   966 2300s
  4005  3793 1273.78145  355 3593 1065.00000 1324.61979  24.4%   966 2308s
  4006  3793 1226.58237  585 3557 1065.00000 1324.32426  24.3%   966 2317s
  4007  3794 1266.69748  294 3601 1065.00000 1324.09657  24.3%   965 2322s
  4008  3795 1323.98224   12 3572 1065.00000 1323.98224  24.3%   965 2326s
  4009  3795 1307.41620   27 3632 1065.00000 1323.89437  24.3%   965 2330s
  4011  3797 1323.56378   70 3535 1065.00000 1323.56378  24.3%   964 2356s
  4012  3797 1239.84940  529 3578 1065.00000 1323.42988  24.3%   964 2360s
  4014  3799 1311.45636  164 3526 1065.00000 1323.29876  24.3%   964 2380s
  4015  3799 1322.54797   99 3451 1065.00000 1322.54797  24.2%   964 2403s
  4016  3800 1315.26828  137 3420 1065.00000 1322.09396  24.1%   963 2415s
  4017  3801 1247.36788  437 3521 1065.00000 1321.78202  24.1%   963 2422s
  4018  3801 1321.57687   82 3506 1065.00000 1321.57687  24.1%   963 2426s
  4019  3802 1321.36254   24 3499 1065.00000 1321.36254  24.1%   963 2432s
  4020  3803 1281.82370  233 3572 1065.00000 1321.20725  24.1%   962 2437s
  4021  3803 1238.28912  541 3559 1065.00000 1321.11202  24.0%   962 2441s
  4023  3805 1294.01945  209 3591 1065.00000 1320.99836  24.0%   962 2448s
H 4023  3612                    1068.0000000 1320.96117  23.7%   962 2462s
H 4024  3428                    1069.0000000 1320.48230  23.5%   961 2475s
  4026  3430 1320.32203   10 3589 1069.00000 1320.32203  23.5%   961 2480s
  4028  3431 1295.89618  136 3570 1069.00000 1320.20553  23.5%   960 2488s
  4029  3432 1266.59194  286 3599 1069.00000 1320.06651  23.5%   960 2494s
  4030  3432 1319.98574   43 3608 1069.00000 1319.98574  23.5%   960 2497s
  4031  3433 1317.43018  121 3611 1069.00000 1319.93589  23.5%   960 2500s
  4033  3434 1280.16365  245 3634 1069.00000 1319.84805  23.5%   959 2505s
  4034  3435 1307.24672  115 3631 1069.00000 1319.68942  23.5%   959 2511s
  4035  3436 1225.68774  594 3636 1069.00000 1319.60187  23.4%   959 2515s
  4037  3437 1226.37641  591 3651 1069.00000 1319.47061  23.4%   958 2521s
  4039  3438 1271.32914  262 3691 1069.00000 1319.39530  23.4%   958 2527s
  4040  3439 1319.23929   81 3647 1069.00000 1319.23929  23.4%   958 2533s
  4043  3442 1319.23929   71 2443 1069.00000 1319.23929  23.4%  1048 2535s
H 4044  3270                    1074.0000000 1319.23929  22.8%  1048 2557s
H 4044  3107                    1076.0000000 1319.23929  22.6%  1048 2557s
H 4045  2951                    1080.0000000 1319.23929  22.2%  1048 2569s
  4047  2953 1305.04612  201 1626 1080.00000 1319.23929  22.2%  1047 2570s
  4053  2957 1304.85016  238 1518 1080.00000 1319.23929  22.2%  1045 2575s
  4056  2959 1253.51018  370 1964 1080.00000 1319.23929  22.2%  1045 2582s
  4058  2960 1282.78690  150 2136 1080.00000 1319.23929  22.2%  1044 2587s
  4059  2961 1260.29938  288 2144 1080.00000 1319.23929  22.2%  1044 2590s
  4061  2962 1271.63673  188 2350 1080.00000 1319.23929  22.2%  1043 2597s
  4062  2963 1266.44780  298 2433 1080.00000 1319.23929  22.2%  1043 2601s
  4064  2964 1294.12023  235 2804 1080.00000 1319.23929  22.2%  1043 2609s
  4065  2965 1291.19925  322 2953 1080.00000 1319.23929  22.2%  1042 2613s
  4066  2965 1271.83125  368 2934 1080.00000 1319.23929  22.2%  1042 2617s
  4067  2966 1291.33211  319 2983 1080.00000 1319.23929  22.2%  1042 2621s
  4069  2967 1247.37396  239 3097 1080.00000 1319.23929  22.2%  1041 2626s
  4071  2969 1304.84470  132 3209 1080.00000 1319.23929  22.2%  1041 2632s
H 4072  2820                    1085.0000000 1319.23929  21.6%  1041 2636s
  4074  2822 1319.23929   22 3294 1085.00000 1319.23929  21.6%  1040 2640s
  4075  2822 1319.23929   59 3362 1085.00000 1319.23929  21.6%  1040 2646s
  4076  2823 1285.83434  194 3348 1085.00000 1319.23929  21.6%  1040 2651s
  4077  2824 1304.45764  133 3409 1085.00000 1319.10983  21.6%  1039 2656s
  4079  2825 1318.93457   78 3474 1085.00000 1318.93457  21.6%  1039 2661s
  4081  2826 1268.76826  265 3533 1085.00000 1318.84542  21.6%  1038 2667s
  4082  2827 1272.94312  252 3578 1085.00000 1318.60743  21.5%  1038 2675s
  4084  2828 1268.09639  276 3519 1085.00000 1318.40112  21.5%  1038 2681s
  4085  2829 1286.72949  234 3581 1085.00000 1318.35521  21.5%  1037 2685s
  4086  2830 1265.46122  388 3574 1085.00000 1318.15798  21.5%  1037 2693s
  4087  2830 1227.04498  453 3607 1085.00000 1318.06407  21.5%  1037 2696s
  4088  2831 1318.02325   38 3622 1085.00000 1318.02325  21.5%  1037 2701s
  4089  2832 1308.83732   87 3667 1085.00000 1317.88144  21.5%  1036 2707s
  4090  2832 1291.37662  254 3637 1085.00000 1317.81077  21.5%  1036 2711s
  4091  2833 1317.76942  110 3682 1085.00000 1317.76942  21.5%  1036 2715s
  4092  2834 1278.15439  322 3611 1085.00000 1317.65301  21.4%  1035 2722s
H 4092  2692                    1088.0000000 1317.65301  21.1%  1035 2725s
  4095  2694 1244.83459  406 3681 1088.00000 1317.45899  21.1%  1035 2733s
  4096  2694 1276.33047  223 3692 1088.00000 1317.26908  21.1%  1034 2741s
  4097  2695 1271.00669  264 3640 1088.00000 1317.16036  21.1%  1034 2745s
  4099  2696 1317.02867  123 3704 1088.00000 1317.02867  21.1%  1034 2752s
  4100  2697 1309.77662   96 3659 1088.00000 1316.88671  21.0%  1033 2759s
  4101  2698 1316.80858    9 3691 1088.00000 1316.80858  21.0%  1033 2763s
  4102  2698 1316.76486  152 3699 1088.00000 1316.76486  21.0%  1033 2768s
  4103  2699 1269.91727  269 3659 1088.00000 1316.59004  21.0%  1033 2777s
  4105  2700 1273.78145  355 3659 1088.00000 1316.59004  21.0%  1032 2839s
  4106  2704 1316.39935   27 3625 1088.00000 1316.53174  21.0%  1064 2854s
  4108  2705 1316.39932   28 3613 1088.00000 1316.39932  21.0%  1066 2868s
  4112  2708 1316.39904   29 3601 1088.00000 1316.39904  21.0%  1069 2940s
  4118  2714 1316.32316   30 3589 1088.00000 1316.32316  21.0%  1083 2975s
  4126  2717 1315.15133   31 3569 1088.00000 1316.28306  21.0%  1113 2997s
  4134  2719 1314.59827   31 3596 1088.00000 1315.15129  20.9%  1124 3005s
  4142  2722 1314.53919   32 3569 1088.00000 1315.15129  20.9%  1126 3059s
  4150  2729 1254.70516   32 2013 1088.00000 1315.15129  20.9%  1138 3085s
  4162  2734 1314.46629   33 3557 1088.00000 1315.15129  20.9%  1139 3100s
  4177  2739 1313.47846   34 3519 1088.00000 1315.15129  20.9%  1141 3110s
  4191  2754 1285.10534   34 2766 1088.00000 1315.15129  20.9%  1144 3131s
  4210  2762 1298.60074   35 3149 1088.00000 1315.15129  20.9%  1145 3145s
  4231  2770 1312.84952   35 3543 1088.00000 1315.15129  20.9%  1145 3164s
  4256  2769 1296.96155   36 2897 1088.00000 1315.15129  20.9%  1145 3182s
  4273  2770 1311.73338   36 3521 1088.00000 1315.15129  20.9%  1147 3189s
  4296  2774 1311.65408   37 3532 1088.00000 1315.15129  20.9%  1146 3205s
  4319  2772 1310.83175   38 3506 1088.00000 1315.15129  20.9%  1146 3212s
  4343  2774 1306.51105   38 3342 1088.00000 1315.15129  20.9%  1146 3238s
  4368  2777 1310.43533   39 3516 1088.00000 1315.15129  20.9%  1148 3261s
  4400  2781 1266.90713   39 2755 1088.00000 1315.15129  20.9%  1150 3287s
  4419  2781 1309.36448   40 3535 1088.00000 1315.15129  20.9%  1156 3300s
  4444  2779 1295.40047   40 3357 1088.00000 1315.15129  20.9%  1158 3333s
H 4453  2640                    1091.0000000 1315.15129  20.5%  1162 3333s
  4465  2647 1307.04538   41 3515 1091.00000 1315.15129  20.5%  1164 3364s
  4484  2651 1306.23468   42 3535 1091.00000 1315.15129  20.5%  1169 3382s
  4504  2652 1239.52073   42 2300 1091.00000 1315.15129  20.5%  1176 3413s
  4526  2663 1305.98349   43 3490 1091.00000 1315.15129  20.5%  1181 3454s
  4554  2675 1304.14943   44 3569 1091.00000 1315.15129  20.5%  1189 3475s
  4577  2692 1304.67612   44 3564 1091.00000 1315.15129  20.5%  1195 3491s
H 4582  2561                    1092.0000000 1315.15129  20.4%  1197 3491s
  4606  2562 1303.95764   45 3558 1092.00000 1315.15129  20.4%  1198 3536s
  4635  2557 1302.18522   46 3552 1092.00000 1315.15129  20.4%  1207 3575s
H 4638  2433                    1116.0000000 1315.15129  17.8%  1208 3575s
  4651  2445     cutoff   44      1116.00000 1315.15129  17.8%  1215 3600s

Cutting planes:
  Cover: 38
  Implied bound: 15
  MIR: 421
  StrongCG: 11
  Flow cover: 1453
  GUB cover: 1034
  Zero half: 21
  Mod-K: 3
  RLT: 1779
  Relax-and-lift: 40

Explored 4670 nodes (5752826 simplex iterations) in 3600.01 seconds (6662.55 work units)
Thread count was 8 (of 8 available processors)

Solution count 10: 1116 1092 1091 ... 1068

Time limit reached
Best objective 1.116000000000e+03, best bound 1.315000000000e+03, gap 17.8315%

Gurobi 9.5.1 (linux64) logging started Wed Jun 22 01:23:47 2022

Set parameter LogFile to value "../results/logs/log_Brightkite_edges_20_10_2022_06_21_12_08.log"
Gurobi Optimizer version 9.5.1 build v9.5.1rc2 (linux64)
Thread count: 8 physical cores, 8 logical processors, using up to 8 threads
Optimize a model with 5817 rows, 116456 columns and 286779 nonzeros
Model fingerprint: 0x09655616
Variable types: 0 continuous, 116456 integer (116456 binary)
Coefficient statistics:
  Matrix range     [1e+00, 2e+01]
  Objective range  [1e+00, 1e+00]
  Bounds range     [1e+00, 1e+00]
  RHS range        [1e+00, 1e+01]
Found heuristic solution: objective 947.0000000
Presolve removed 33 rows and 98586 columns
Presolve time: 0.27s
Presolved: 5784 rows, 17870 columns, 146886 nonzeros
Found heuristic solution: objective 950.0000000
Variable types: 0 continuous, 17870 integer (15510 binary)
Warning: Markowitz tolerance tightened to 0.03125

Root relaxation: objective 2.926524e+03, 4847 iterations, 1.01 seconds (1.90 work units)

    Nodes    |    Current Node    |     Objective Bounds      |     Work
 Expl Unexpl |  Obj  Depth IntInf | Incumbent    BestBd   Gap | It/Node Time

     0     0 2926.52374    0 2037  950.00000 2926.52374   208%     -    1s
H    0     0                     955.0000000 2926.52374   206%     -    3s
H    0     0                     992.0000000 2436.20779   146%     -    4s
     0     0 2436.20779    0 1656  992.00000 2436.20779   146%     -    4s
H    0     0                    1027.0000000 2436.20779   137%     -    7s
     0     0 2087.90060    0 1639 1027.00000 2087.90060   103%     -    8s
     0     0 1865.57338    0 1407 1027.00000 1865.57338  81.7%     -    8s
     0     0 1802.64142    0 1092 1027.00000 1802.64142  75.5%     -    9s
     0     0 1773.58777    0 1049 1027.00000 1773.58777  72.7%     -    9s
     0     0 1771.28217    0  980 1027.00000 1771.28217  72.5%     -    9s
     0     0 1770.75175    0  993 1027.00000 1770.75175  72.4%     -    9s
     0     0 1770.55330    0 1021 1027.00000 1770.55330  72.4%     -    9s
     0     0 1770.43247    0 1043 1027.00000 1770.43247  72.4%     -    9s
     0     0 1576.97350    0 1239 1027.00000 1576.97350  53.6%     -   12s
     0     0 1512.00490    0 1291 1027.00000 1512.00490  47.2%     -   13s
H    0     0                    1036.0000000 1480.50804  42.9%     -   14s
     0     0 1480.50804    0 1417 1036.00000 1480.50804  42.9%     -   14s
     0     0 1474.29947    0 1506 1036.00000 1474.29947  42.3%     -   15s
     0     0 1472.71633    0 1609 1036.00000 1472.71633  42.2%     -   16s
     0     0 1471.73308    0 1675 1036.00000 1471.73308  42.1%     -   17s
H    0     0                    1037.0000000 1471.73308  41.9%     -   18s
     0     0 1438.34449    0 1441 1037.00000 1438.34449  38.7%     -   20s
     0     0 1425.16682    0 1516 1037.00000 1425.16682  37.4%     -   22s
     0     0 1420.50489    0 1691 1037.00000 1420.50489  37.0%     -   23s
     0     0 1413.98812    0 1764 1037.00000 1413.98812  36.4%     -   24s
H    0     0                    1040.0000000 1411.04239  35.7%     -   26s
     0     0 1411.04239    0 1919 1040.00000 1411.04239  35.7%     -   26s
     0     0 1407.04978    0 1977 1040.00000 1407.04978  35.3%     -   27s
     0     0 1404.93451    0 1998 1040.00000 1404.93451  35.1%     -   29s
     0     0 1403.65632    0 2026 1040.00000 1403.65632  35.0%     -   30s
H    0     0                    1041.0000000 1403.65632  34.8%     -   32s
     0     0 1394.08457    0 1852 1041.00000 1394.08457  33.9%     -   34s
     0     0 1388.60583    0 1976 1041.00000 1388.60583  33.4%     -   36s
     0     0 1385.46681    0 2078 1041.00000 1385.46681  33.1%     -   38s
     0     0 1383.04519    0 2119 1041.00000 1383.04519  32.9%     -   40s
     0     0 1380.51665    0 2200 1041.00000 1380.51665  32.6%     -   42s
     0     0 1379.10101    0 2322 1041.00000 1379.10101  32.5%     -   44s
     0     0 1374.51270    0 2169 1041.00000 1374.51270  32.0%     -   46s
H    0     0                    1049.0000000 1374.51270  31.0%     -   52s
     0     0 1371.82379    0 2290 1049.00000 1371.82379  30.8%     -   54s
     0     0 1370.29675    0 2370 1049.00000 1370.29675  30.6%     -   56s
     0     0 1368.24403    0 2288 1049.00000 1368.24403  30.4%     -   58s
     0     0 1368.24403    0 2288 1049.00000 1368.24403  30.4%     -   58s
     0     2 1368.24403    0 2288 1049.00000 1368.24403  30.4%     -   63s
     3     8 1367.09985    2 2364 1049.00000 1368.13531  30.4%   706   68s
     7    14 1365.32068    3 2649 1049.00000 1367.07201  30.3%  2258   74s
    15    22 1361.76250    4 2859 1049.00000 1365.31790  30.2%  3256   94s
    23    28 1361.65166    5 2840 1049.00000 1361.76042  29.8%  5827  125s
    31    36 1361.36093    6 2870 1049.00000 1361.76042  29.8%  5951  164s
H   34    36                    1074.0000000 1361.76042  26.8%  5629  164s
    39    44 1352.43737    7 2725 1074.00000 1361.76042  26.8%  5832  171s
    47    57 1360.38010    7 2837 1074.00000 1361.76042  26.8%  5162  189s
    60    70 1360.03708    9 2833 1074.00000 1361.76042  26.8%  4319  193s
    75    85 1359.63375   11 2799 1074.00000 1361.76042  26.8%  3635  198s
    90    99 1359.08330   13 2799 1074.00000 1361.76042  26.8%  3181  208s
   104   114 1356.04269   15 2773 1074.00000 1361.76042  26.8%  2940  212s
   121   125 1341.32480   16 2691 1074.00000 1361.76042  26.8%  2648  218s
   136   136 1354.50844   16 2804 1074.00000 1361.76042  26.8%  2488  228s
   155   145 1330.12407   17 2662 1074.00000 1361.76042  26.8%  2349  239s
   172   161 1330.11162   18 2664 1074.00000 1361.76042  26.8%  2282  245s
   196   180 1315.60218   22 2498 1074.00000 1361.76042  26.8%  2114  251s
   219   196 1328.50732   22 2649 1074.00000 1361.76042  26.8%  1973  258s
H  230   196                    1075.0000000 1361.76042  26.7%  1938  258s
   241   224 1326.53962   24 2650 1075.00000 1361.76042  26.7%  1874  266s
   275   246 1325.03473   27 2639 1075.00000 1361.76042  26.7%  1731  272s
   303   255 1322.03815   30 2597 1075.00000 1361.76042  26.7%  1633  286s
   328   271 1319.95186   31 2613 1075.00000 1361.76042  26.7%  1618  295s
   344   279 1309.71866   33 2490 1075.00000 1361.76042  26.7%  1641  305s
   354   307 1308.72751   34 2457 1075.00000 1361.76042  26.7%  1681  313s
   382   327 1307.33196   36 2432 1075.00000 1361.76042  26.7%  1630  322s
H  390   327                    1078.0000000 1361.76042  26.3%  1647  322s
   402   352 1301.55702   38 2364 1078.00000 1361.76042  26.3%  1628  331s
H  427   361                    1079.0000003 1361.76042  26.2%  1589  390s
   436   376 1299.93766   39 2361 1079.00000 1361.76042  26.2%  1589  400s
   461   379 1293.17099   40 2305 1079.00000 1361.76042  26.2%  1579  413s
   480   385     cutoff   42      1079.00000 1361.76042  26.2%  1594  423s
   490   405 1296.06954   42 2390 1079.00000 1361.76042  26.2%  1637  439s
H  510   412                    1084.0000000 1361.76042  25.6%  1627  448s
   519   437 1294.16864   44 2396 1084.00000 1361.76042  25.6%  1632  457s
   546   449 1292.78889   47 2338 1084.00000 1361.76042  25.6%  1610  471s
   564   455 1289.19175   48 2279 1084.00000 1361.76042  25.6%  1639  493s
   574   475 1288.31748   49 2293 1084.00000 1361.76042  25.6%  1642  505s
   596   498 1278.70167   50  856 1084.00000 1361.76042  25.6%  1646  517s
   621   515 1282.14191   53 1871 1084.00000 1361.76042  25.6%  1643  530s
   642   540 1275.09757   55  847 1084.00000 1361.76042  25.6%  1657  542s
   675   566 infeasible   56      1084.00000 1361.63631  25.6%  1644  578s
   707   574 1357.83454    6 2998 1084.00000 1361.63631  25.6%  1698  596s
   717   604 1357.61365    7 2990 1084.00000 1361.63631  25.6%  1717  616s
   753   633 1353.25841   11 2947 1084.00000 1361.63631  25.6%  1715  630s
   792   660 1348.66290   16 2912 1084.00000 1361.63631  25.6%  1706  649s
   831   683 1345.04277   21 2903 1084.00000 1361.63631  25.6%  1703  668s
   862   714 1341.16560   26 2934 1084.00000 1361.63631  25.6%  1726  687s
   895   753 1338.44600   31 2919 1084.00000 1361.63631  25.6%  1734  707s
   934   792 1327.71985   37 2873 1084.00000 1361.63631  25.6%  1732  729s
   977   816 1321.21504   43 2810 1084.00000 1361.63631  25.6%  1719  749s
  1007   834 1319.44170   46 2823 1084.00000 1361.63631  25.6%  1709  769s
  1037   897 1313.89713   49 2854 1084.00000 1361.63631  25.6%  1717  790s
  1106   936 1311.78636   53 2880 1084.00000 1361.63631  25.6%  1677  820s
  1171   980 1308.87791   60 2855 1084.00000 1361.63631  25.6%  1659  843s
  1229  1041 1303.78498   66 2814 1084.00000 1361.63631  25.6%  1645  867s
  1294  1091 1302.08738   73 2838 1084.00000 1361.63631  25.6%  1626  894s
  1360  1147 1299.71298   79 2815 1084.00000 1361.63631  25.6%  1613  926s
H 1424  1176                    1089.0000000 1361.63631  25.0%  1604  991s
  1454  1177 1306.98477   38 2288 1089.00000 1361.63631  25.0%  1596 1035s
  1456  1178 1246.51015   11 2011 1089.00000 1361.63631  25.0%  1594 1062s
  1457  1179 1235.23334   30 1628 1089.00000 1361.63631  25.0%  1593 1072s
  1463  1183 1291.00150   24 1563 1089.00000 1361.63631  25.0%  1586 1075s
  1467  1186 1264.13721    7 1962 1089.00000 1361.63631  25.0%  1582 1081s
H 1468  1126                    1104.0000000 1361.63631  23.3%  1581 1085s
  1471  1128 1263.30791  225 2233 1104.00000 1361.63631  23.3%  1578 1090s
  1473  1130 1302.91261   67 2476 1104.00000 1361.63631  23.3%  1576 1095s
  1476  1132 1287.75952  103 2609 1104.00000 1361.63631  23.3%  1572 1102s
  1479  1134 1280.09043   52 2771 1104.00000 1361.63631  23.3%  1569 1106s
  1483  1136 1293.18302   80 2856 1104.00000 1361.63631  23.3%  1565 1110s
  1485  1138 1260.42502   33 2721 1104.00000 1359.12064  23.1%  1563 1119s
  1486  1138 1211.92725   30 2713 1104.00000 1356.82804  22.9%  1562 1123s
  1487  1139 1236.88158   22 2641 1104.00000 1355.67188  22.8%  1561 1125s
  1489  1140 1330.50623   20 2772 1104.00000 1353.66128  22.6%  1559 1130s
  1491  1142 1304.32876   59 2867 1104.00000 1352.36534  22.5%  1557 1136s
  1492  1142 1235.85915   17 2880 1104.00000 1351.91275  22.5%  1555 1140s
H 1493  1085                    1107.0000000 1351.44491  22.1%  1554 1147s
  1495  1086 1287.29793  104 2953 1107.00000 1350.13119  22.0%  1552 1150s
  1497  1088 1285.06778   75 3015 1107.00000 1349.52031  21.9%  1550 1156s
  1499  1089 1249.31748   11 3046 1107.00000 1349.26416  21.9%  1548 1160s
  1503  1092 1268.39734   60 3141 1107.00000 1349.05609  21.9%  1544 1166s
  1504  1092 1321.43630   29 2937 1107.00000 1346.92785  21.7%  1543 1174s
  1505  1093 1241.72347   84 2924 1107.00000 1345.72014  21.6%  1542 1178s
  1506  1094 1220.78200   16 2891 1107.00000 1345.02047  21.5%  1541 1182s
  1507  1094 1222.39942   37 2987 1107.00000 1344.55209  21.5%  1540 1185s
  1509  1096 1267.89749    5 3105 1107.00000 1343.72641  21.4%  1538 1192s
  1510  1096 1261.81618  245 3089 1107.00000 1343.16659  21.3%  1537 1197s
  1511  1097 1309.79781   30 3112 1107.00000 1342.78263  21.3%  1536 1201s
  1513  1098 1259.73113   35 3174 1107.00000 1342.42773  21.3%  1534 1206s
  1515  1100 1312.61044   39 3180 1107.00000 1342.26256  21.3%  1532 1210s
  1519  1102 1274.20234   81 3193 1107.00000 1342.08822  21.2%  1528 1215s
  1521  1104 1290.02727   91 3074 1107.00000 1340.64919  21.1%  1526 1226s
  1522  1104 1272.00626  161 3152 1107.00000 1340.01405  21.0%  1525 1231s
  1523  1105 1299.71182   80 3118 1107.00000 1339.63025  21.0%  1524 1235s
  1525  1106 1242.97516  100 3186 1107.00000 1339.06513  21.0%  1522 1243s
  1526  1107 1306.98477   38 3211 1107.00000 1338.81756  20.9%  1521 1247s
  1528  1108 1270.57414  170 3186 1107.00000 1338.57676  20.9%  1519 1251s
  1530  1110 1267.82343  195 3256 1107.00000 1338.41851  20.9%  1517 1255s
  1533  1112 1334.58846    8 3255 1107.00000 1338.30370  20.9%  1514 1261s
  1534  1112 1337.23121    7 3114 1107.00000 1337.23121  20.8%  1513 1270s
  1536  1114 1270.51204   30 3215 1107.00000 1336.47761  20.7%  1511 1278s
  1537  1114 1301.11270   43 3244 1107.00000 1336.17723  20.7%  1510 1282s
  1538  1115 1321.25597   36 3199 1107.00000 1335.96958  20.7%  1509 1286s
  1539  1116 1333.39331   28 3200 1107.00000 1335.78886  20.7%  1508 1290s
  1541  1117 1301.19674   37 3319 1107.00000 1335.57930  20.6%  1506 1295s
  1543  1118 1227.28303   25 3285 1107.00000 1335.45057  20.6%  1504 1300s
  1545  1120 1282.05865   40 3346 1107.00000 1335.39095  20.6%  1502 1305s
  1546  1120 1332.34424   16 3288 1107.00000 1334.54252  20.6%  1501 1314s
  1547  1121 1270.42392  171 3304 1107.00000 1334.14477  20.5%  1500 1319s
  1548  1122 1301.01430   11 3257 1107.00000 1333.79540  20.5%  1499 1324s
  1549  1122 1309.72586   31 3302 1107.00000 1333.55333  20.5%  1498 1327s
  1550  1123 1294.18877   64 3348 1107.00000 1333.39998  20.5%  1497 1331s
  1552  1124 1321.23534   17 3324 1107.00000 1333.20546  20.4%  1495 1336s
  1554  1126 1306.98477   38 3389 1107.00000 1333.10405  20.4%  1493 1340s
  1557  1128 1235.23334   30 3446 1107.00000 1333.00233  20.4%  1491 1346s
  1559  1129 1331.74516    5 3347 1107.00000 1331.74516  20.3%  1489 1360s
  1560  1130 1243.53460  102 3326 1107.00000 1331.32685  20.3%  1488 1365s
  1561  1130 1331.05873   12 3344 1107.00000 1331.05873  20.2%  1487 1370s
  1563  1132 1291.00150   24 3389 1107.00000 1330.65026  20.2%  1485 1378s
  1564  1132 1242.57076   14 3431 1107.00000 1330.56640  20.2%  1484 1381s
  1566  1134 1267.32592   33 3387 1107.00000 1330.42651  20.2%  1482 1386s
  1568  1135 1268.35615  192 3430 1107.00000 1330.35821  20.2%  1480 1392s
  1569  1136 1262.07631  238 3449 1107.00000 1329.75546  20.1%  1479 1407s
  1570  1136 1255.46077    6 3460 1107.00000 1329.55033  20.1%  1478 1412s
  1571  1137 1263.30791  225 3459 1107.00000 1329.46854  20.1%  1477 1415s
  1573  1138 1302.91261   67 3552 1107.00000 1329.36240  20.1%  1475 1420s
  1574  1139 1316.53612   25 3578 1107.00000 1329.33288  20.1%  1474 1428s
  1575  1140 1263.29215   63 3416 1107.00000 1328.83325  20.0%  1473 1440s
  1576  1140 1287.75952  103 3474 1107.00000 1328.55353  20.0%  1473 1445s
  1578  1142 1263.44288  222 3465 1107.00000 1328.27700  20.0%  1471 1452s
  1579  1142 1280.09043   52 3520 1107.00000 1328.19938  20.0%  1470 1455s
  1581  1144 1262.94511   13 3542 1107.00000 1328.11957  20.0%  1468 1462s
  1582  1144 1245.18152   21 3513 1107.00000 1327.73516  19.9%  1467 1470s
  1583  1145 1293.18302   80 3507 1107.00000 1327.56515  19.9%  1466 1475s
  1585  1146 1260.42502   33 3540 1107.00000 1327.40207  19.9%  1464 1481s
  1587  1148 1236.88158   22 3569 1107.00000 1327.31458  19.9%  1462 1486s
  1589  1149 1327.03082   20 3579 1107.00000 1327.03082  19.9%  1461 1497s
  1590  1150 1289.79466   70 3570 1107.00000 1326.86427  19.9%  1460 1501s
  1591  1150 1304.32876   59 3574 1107.00000 1326.74529  19.9%  1459 1505s
  1593  1152 1321.35734   34 3582 1107.00000 1326.65365  19.8%  1457 1510s
  1595  1153 1287.29793  104 3582 1107.00000 1326.28156  19.8%  1455 1523s
  1596  1154 1269.83349  180 3617 1107.00000 1326.07412  19.8%  1454 1528s
  1597  1154 1285.06778   75 3551 1107.00000 1325.95550  19.8%  1453 1531s
  1598  1155 1262.77173  232 3647 1107.00000 1325.87005  19.8%  1452 1535s
  1600  1156 1260.07350   34 3604 1107.00000 1325.77996  19.8%  1450 1540s
  1602  1158 1262.72412  233 3533 1107.00000 1325.38193  19.7%  1449 1552s
  1603  1158 1268.39734   60 3546 1107.00000 1325.18183  19.7%  1448 1557s
  1604  1159 1321.43630   29 3624 1107.00000 1325.08203  19.7%  1447 1561s
  1606  1160 1220.78200   16 3581 1107.00000 1324.97463  19.7%  1445 1567s
  1608  1162 1324.90270    5 3641 1107.00000 1324.90270  19.7%  1443 1574s
  1609  1162 1267.89749    5 3576 1107.00000 1324.53868  19.7%  1442 1582s
  1610  1163 1261.81618  245 3569 1107.00000 1324.38199  19.6%  1441 1586s
  1611  1164 1309.79781   30 3560 1107.00000 1324.26927  19.6%  1441 1591s
  1613  1165 1259.73113   35 3592 1107.00000 1324.14048  19.6%  1439 1597s
  1614  1166 1324.09007   21 3598 1107.00000 1324.09007  19.6%  1438 1600s
  1616  1167 1323.74690   33 3623 1107.00000 1323.74690  19.6%  1436 1633s
  1617  1168 1303.74219   68 3607 1107.00000 1323.59687  19.6%  1435 1637s
  1618  1168 1281.51793  142 3620 1107.00000 1323.50344  19.6%  1434 1641s
  1619  1169 1274.20234   81 3553 1107.00000 1323.41198  19.5%  1433 1645s
  1621  1170 1290.02727   91 3627 1107.00000 1323.31934  19.5%  1432 1652s
  1622  1171 1272.00626  161 3626 1107.00000 1323.29423  19.5%  1431 1673s
  1623  1172 1299.71182   80 3436 1107.00000 1322.24956  19.4%  1430 1700s
  1624  1172 1316.65326   46 3482 1107.00000 1321.68832  19.4%  1429 1714s
  1625  1173 1242.97516  100 3494 1107.00000 1321.30975  19.4%  1428 1722s
  1626  1174 1306.98477   38 3531 1107.00000 1321.07251  19.3%  1427 1729s
  1627  1174 1270.38712   57 3578 1107.00000 1320.91322  19.3%  1426 1735s
  1628  1175 1270.57414  170 3585 1107.00000 1320.81813  19.3%  1426 1740s
  1630  1176 1267.82343  195 3628 1107.00000 1320.64083  19.3%  1424 1748s
  1631  1177 1262.95285  230 3675 1107.00000 1320.60433  19.3%  1423 1751s
  1633  1178 1320.54504    8 3671 1107.00000 1320.54504  19.3%  1421 1767s
  1634  1179 1319.95438    7 3606 1107.00000 1319.95438  19.2%  1420 1778s
  1635  1180 1270.64268  169 3607 1107.00000 1319.68852  19.2%  1419 1787s
  1636  1180 1270.51204   30 3637 1107.00000 1319.54314  19.2%  1419 1792s
  1637  1181 1301.11270   43 3652 1107.00000 1319.42248  19.2%  1418 1798s
  1638  1182 1319.33109   36 3687 1107.00000 1319.33109  19.2%  1417 1802s
  1639  1182 1319.28272   28 3703 1107.00000 1319.28272  19.2%  1416 1805s
  1641  1184 1301.19674   37 3712 1107.00000 1319.20775  19.2%  1414 1811s
  1642  1184 1319.07779   15 3706 1107.00000 1319.07779  19.2%  1413 1817s
  1643  1185 1227.28303   25 3654 1107.00000 1318.97649  19.1%  1413 1821s
  1644  1186 1318.89856   21 3691 1107.00000 1318.89856  19.1%  1412 1825s
  1646  1187 1318.83185   16 3734 1107.00000 1318.83185  19.1%  1410 1830s
  1647  1188 1270.42392  171 3691 1107.00000 1318.65588  19.1%  1409 1836s
  1648  1188 1301.01430   11 3700 1107.00000 1318.53639  19.1%  1408 1842s
  1649  1189 1309.72586   31 3727 1107.00000 1318.45278  19.1%  1407 1846s
  1650  1190 1294.18877   64 3733 1107.00000 1318.38850  19.1%  1407 1850s
  1652  1191 1318.33234   17 3790 1107.00000 1318.33234  19.1%  1405 1856s
  1653  1192 1318.15737   32 3687 1107.00000 1318.15737  19.1%  1404 1862s
  1654  1192 1306.98477   38 3739 1107.00000 1318.06419  19.1%  1403 1866s
  1655  1193 1317.99777   29 3721 1107.00000 1317.99777  19.1%  1402 1870s
  1657  1194 1235.23334   30 3765 1107.00000 1317.94345  19.1%  1401 1876s
  1658  1195 1230.69143   23 3787 1107.00000 1317.78875  19.0%  1400 1882s
  1659  1196 1317.72056    5 3775 1107.00000 1317.72056  19.0%  1399 1886s
  1661  1197 1317.65408   12 3768 1107.00000 1317.65408  19.0%  1397 1893s
  1662  1198 1267.10066   57 3756 1107.00000 1317.55461  19.0%  1396 1898s
  1663  1198 1291.00150   24 3767 1107.00000 1317.46631  19.0%  1396 1902s
  1664  1199 1242.57076   14 3750 1107.00000 1317.40134  19.0%  1395 1906s
  1666  1200 1267.32592   33 3767 1107.00000 1317.33568  19.0%  1393 1913s
  1667  1201 1264.13721    7 3794 1107.00000 1317.15553  19.0%  1392 1919s
  1668  1202 1268.35615  192 3813 1107.00000 1317.06518  19.0%  1391 1923s
  1669  1202 1262.07631  238 3763 1107.00000 1317.00530  19.0%  1391 1927s
  1670  1203 1255.46077    6 3778 1107.00000 1316.97539  19.0%  1390 1930s
  1671  1204 1263.30791  225 3735 1107.00000 1316.81056  19.0%  1389 1937s
  1672  1204 1273.16368  152 3743 1107.00000 1316.71739  18.9%  1388 1941s
  1673  1205 1302.91261   67 3758 1107.00000 1316.66448  18.9%  1387 1945s
  1675  1206 1263.29215   63 3729 1107.00000 1316.60047  18.9%  1386 1951s
  1676  1207 1287.75952  103 3704 1107.00000 1316.46465  18.9%  1385 1957s
  1677  1208 1261.92577  242 3746 1107.00000 1316.37862  18.9%  1384 1961s
  1678  1208 1263.44288  222 3751 1107.00000 1316.31029  18.9%  1383 1966s
  1680  1210 1312.34375   52 3769 1107.00000 1316.24553  18.9%  1381 1972s
  1681  1210 1262.94511   13 3718 1107.00000 1316.14152  18.9%  1381 1978s
  1682  1211 1245.18152   21 3712 1107.00000 1316.06772  18.9%  1380 1982s
  1683  1212 1293.18302   80 3765 1107.00000 1316.01288  18.9%  1379 1986s
  1685  1213 1260.42502   33 3805 1107.00000 1315.95651  18.9%  1377 1991s
  1686  1214 1211.92725   30 3747 1107.00000 1315.89173  18.9%  1376 1996s
  1687  1214 1236.88158   22 3755 1107.00000 1315.85446  18.9%  1376 2000s
  1689  1216 1315.77308   20 3785 1107.00000 1315.77308  18.9%  1374 2008s
  1690  1216 1289.79466   70 3814 1107.00000 1315.71754  18.9%  1373 2014s
  1691  1217 1304.32876   59 3814 1107.00000 1315.71754  18.9%  1372 2015s
  1695  1221 1287.29793  104 2011 1107.00000 1315.71754  18.9%  1640 2038s
  1696  1222 1269.83349  180 1658 1107.00000 1315.71754  18.9%  1639 2050s
  1703  1227 1268.39734   60 1613 1107.00000 1315.71754  18.9%  1632 2055s
  1706  1229 1220.78200   16 1825 1107.00000 1315.71754  18.9%  1629 2060s
  1708  1230 1315.71754    5 2060 1107.00000 1315.71754  18.9%  1627 2065s
  1710  1231 1261.81618  245 2298 1107.00000 1315.71754  18.9%  1625 2072s
  1711  1232 1309.79781   30 2238 1107.00000 1315.71754  18.9%  1624 2075s
  1712  1233 1270.65441  168 2370 1107.00000 1315.71754  18.9%  1623 2080s
  1714  1234 1315.71754   21 2704 1107.00000 1315.71754  18.9%  1621 2089s
  1715  1235 1312.61044   39 2784 1107.00000 1315.71754  18.9%  1621 2094s
  1716  1235 1315.71754   33 2969 1107.00000 1315.71754  18.9%  1620 2100s
  1718  1237 1281.51793  142 3072 1107.00000 1315.71754  18.9%  1618 2109s
  1719  1237 1274.20234   81 3128 1107.00000 1315.71754  18.9%  1617 2113s
  1720  1238 1315.71754   18 3229 1107.00000 1315.71754  18.9%  1616 2117s
  1721  1239 1290.02727   91 3261 1107.00000 1315.71754  18.9%  1615 2121s
  1722  1239 1272.00626  161 3337 1107.00000 1315.71754  18.9%  1614 2125s
  1724  1241 1315.71754   46 3469 1107.00000 1315.71754  18.9%  1612 2131s
  1726  1242 1306.98477   38 3482 1107.00000 1315.71754  18.9%  1610 2135s
  1728  1243 1270.57414  170 3550 1107.00000 1315.71754  18.9%  1608 2146s
  1729  1244 1268.39734   60 3631 1107.00000 1315.62586  18.8%  1607 2150s
  1731  1245 1262.95285  230 3647 1107.00000 1315.53321  18.8%  1606 2157s
  1732  1246 1315.36571   36 3648 1107.00000 1315.36571  18.8%  1605 2164s
  1733  1247 1315.25448    8 3643 1107.00000 1315.25448  18.8%  1604 2169s
  1734  1247 1315.19947    7 3652 1107.00000 1315.19947  18.8%  1603 2171s
  1735  1248 1270.64268  169 3688 1107.00000 1315.17527  18.8%  1602 2175s
  1736  1249 1270.51204   30 3667 1107.00000 1315.09482  18.8%  1601 2184s
  1737  1249 1301.11270   43 3661 1107.00000 1315.04643  18.8%  1600 2187s
  1738  1250 1315.02079   36 3700 1107.00000 1315.02079  18.8%  1599 2191s
  1739  1251 1314.94254   28 3738 1107.00000 1314.94254  18.8%  1598 2198s
  1740  1251 1300.40214   73 3724 1107.00000 1314.89659  18.8%  1597 2200s
  1742  1253 1314.74286   15 3760 1107.00000 1314.74286  18.8%  1595 2211s
  1744  1254 1314.65517   21 3716 1107.00000 1314.65517  18.8%  1594 2216s
  1745  1255 1282.05865   40 3711 1107.00000 1314.63102  18.8%  1593 2220s
  1746  1255 1314.55172   16 3751 1107.00000 1314.55172  18.7%  1592 2226s
  1748  1257 1301.01430   11 3793 1107.00000 1314.48897  18.7%  1590 2233s
  1749  1257 1309.72586   31 3776 1107.00000 1314.45993  18.7%  1589 2237s
  1750  1258 1294.18877   64 3775 1107.00000 1314.42486  18.7%  1588 2240s
  1752  1259 1314.37167   17 3786 1107.00000 1314.37167  18.7%  1586 2254s
  1753  1260 1314.35222   32 3756 1107.00000 1314.35222  18.7%  1585 2258s
  1754  1261 1306.98477   38 3778 1107.00000 1314.30169  18.7%  1584 2265s
  1756  1262 1246.51015   11 3778 1107.00000 1314.30169  18.7%  1583 2289s
  1757  1264 1314.30094   29 3771 1107.00000 1314.30094  18.7%  1652 2364s
  1759  1263 1314.30088   30 3768 1107.00000 1314.30088  18.7%  1677 2378s
  1761  1262 1314.30053   31 3762 1107.00000 1314.30053  18.7%  1680 2477s
  1763  1262 1314.30038   32 3756 1107.00000 1314.30038  18.7%  1717 2607s
  1765  1261 1314.30031   33 3756 1107.00000 1314.30031  18.7%  1761 2721s
  1767  1262 1314.30027   34 3755 1107.00000 1314.30027  18.7%  1798 2742s
  1769  1264 1314.29967   35 3746 1107.00000 1314.29967  18.7%  1806 2778s
  1773  1262 1314.29958   36 3737 1107.00000 1314.29958  18.7%  1843 2794s
  1779  1260 1314.29946   37 3728 1107.00000 1314.29946  18.7%  1847 2805s
  1785  1259 1314.29862   38 3734 1107.00000 1314.29862  18.7%  1846 2833s
  1791  1260 1314.29845   39 3731 1107.00000 1314.29845  18.7%  1855 2860s
  1798  1261 1314.28435   40 3747 1107.00000 1314.28435  18.7%  1859 2879s
  1807  1263 1314.28424   41 3745 1107.00000 1314.28424  18.7%  1875 2911s
  1819  1262 1314.28417   42 3740 1107.00000 1314.28417  18.7%  1899 2964s
  1829  1268 1314.28347   43 3731 1107.00000 1314.28347  18.7%  1950 3021s
  1842  1274 1314.22390   44 3655 1107.00000 1314.28215  18.7%  1977 3040s
  1859  1282 1286.50307   44 2179 1107.00000 1314.22389  18.7%  1983 3091s
  1876  1289 1314.21843   45 3657 1107.00000 1314.21843  18.7%  1982 3116s
  1902  1293 1290.12589   46 1828 1107.00000 1314.08867  18.7%  1984 3143s
  1916  1318 1313.58743   47 3573 1107.00000 1314.08371  18.7%  1995 3162s
  1946  1332 1306.47412   47 3348 1107.00000 1313.58701  18.7%  1986 3177s
  1979  1347 1313.25621   48 3513 1107.00000 1313.58695  18.7%  1967 3188s
  2016  1365 1301.02785   48 2871 1107.00000 1313.25406  18.6%  1953 3210s
  2055  1387 1311.56174   49 3396 1107.00000 1313.25171  18.6%  1929 3234s
  2096  1406 1312.07100   49 3516 1107.00000 1312.07100  18.5%  1913 3264s
H 2098  1340                    1109.0000000 1312.07066  18.3%  1913 3264s
  2138  1353 1310.27561   50 3236 1109.00000 1312.07066  18.3%  1899 3280s
  2168  1386 1310.35325   51 3384 1109.00000 1312.07066  18.3%  1900 3295s
  2221  1399 1282.67553   51 2034 1109.00000 1312.07066  18.3%  1880 3332s
  2279  1384 1309.48081   52 3463 1109.00000 1312.07066  18.3%  1856 3376s
H 2281  1322                    1110.0000000 1312.07066  18.2%  1858 3376s
  2304  1324 1305.10399   52 3275 1110.00000 1312.07066  18.2%  1881 3407s
  2314  1334 1306.46311   53 3191 1110.00000 1312.07066  18.2%  1913 3432s
  2327  1367 1308.37361   53 3367 1110.00000 1312.07066  18.2%  1938 3453s
  2366  1405 1307.28125   54 3342 1110.00000 1312.07066  18.2%  1929 3483s
  2420  1405 1303.91518   55 3302 1110.00000 1312.07066  18.2%  1920 3513s
H 2421  1347                    1112.0000000 1312.07066  18.0%  1920 3513s
H 2427  1290                    1113.0000000 1312.07066  17.9%  1917 3513s
H 2440  1233                    1115.0000000 1312.07066  17.7%  1916 3513s
  2448  1265 1302.18498   55 3275 1115.00000 1312.07066  17.7%  1924 3530s
  2491  1297 1303.73092   56 3294 1115.00000 1312.07066  17.7%  1913 3552s
H 2493  1246                    1118.0000000 1312.07066  17.4%  1915 3552s
  2541  1269 1303.07730   57 3309 1118.00000 1312.07066  17.4%  1897 3593s
  2606  1254 1189.76704  155 2075 1118.00000 1312.07066  17.4%  1888 3600s

Cutting planes:
  Gomory: 1
  Cover: 36
  Implied bound: 16
  MIR: 416
  StrongCG: 12
  Flow cover: 1389
  GUB cover: 951
  Zero half: 22
  RLT: 1788
  Relax-and-lift: 28

Explored 2614 nodes (4978929 simplex iterations) in 3600.04 seconds (6645.65 work units)
Thread count was 8 (of 8 available processors)

Solution count 10: 1118 1115 1113 ... 1084

Time limit reached
Best objective 1.118000000000e+03, best bound 1.312000000000e+03, gap 17.3524%
