
Gurobi 9.1.2 (win64) logging started Fri Sep 24 03:01:01 2021

Changed value of parameter LogFile to ../results/logs/log_samuel_kroger_2021_09_24_02_00_25.csv_46_250.log
   Prev:   Default: 
Changed value of parameter method to 3
   Prev: -1  Min: -1  Max: 5  Default: -1
Gurobi Optimizer version 9.1.2 build v9.1.2rc0 (win64)
Thread count: 6 physical cores, 12 logical processors, using up to 12 threads
Optimize a model with 9820 rows, 27306 columns and 194360 nonzeros
Model fingerprint: 0x36361720
Variable types: 0 continuous, 27306 integer (27306 binary)
Coefficient statistics:
  Matrix range     [1e+00, 5e+01]
  Objective range  [1e+00, 1e+00]
  Bounds range     [1e+00, 1e+00]
  RHS range        [1e+00, 3e+02]
Found heuristic solution: objective 6985.0000000
Presolve removed 7010 rows and 20770 columns
Presolve time: 0.12s
Presolved: 2810 rows, 6536 columns, 58025 nonzeros
Variable types: 0 continuous, 6536 integer (6289 binary)

Concurrent LP optimizer: primal simplex, dual simplex, and barrier
Showing barrier log only...

Root barrier log...

Ordering time: 0.14s

Barrier statistics:
 AA' NZ     : 1.017e+05
 Factor NZ  : 6.117e+05 (roughly 9 MBytes of memory)
 Factor Ops : 3.288e+08 (less than 1 second per iteration)
 Threads    : 4

                  Objective                Residual
Iter       Primal          Dual         Primal    Dual     Compl     Time
   0   1.73202460e+04  1.35636506e+04  3.20e+04 1.00e+00  3.12e+01     0s
   1   1.01212370e+04  1.71190497e+04  7.32e+03 1.12e+00  7.59e+00     0s
   2   7.77398042e+03  1.65971145e+04  4.30e+02 1.07e-14  9.02e-01     0s
   3   7.80839384e+03  1.01206909e+04  6.81e+01 4.00e-15  1.84e-01     0s
   4   7.96664348e+03  8.49022807e+03  1.85e+00 3.00e-15  3.35e-02     0s
   5   8.04245548e+03  8.33959462e+03  2.30e-01 2.44e-15  1.88e-02     0s
   6   8.06028796e+03  8.22784551e+03  1.35e-01 2.00e-15  1.06e-02     0s
   7   8.06613110e+03  8.19938490e+03  1.13e-01 1.55e-15  8.42e-03     0s
   8   8.08655146e+03  8.16535529e+03  3.63e-02 1.55e-15  4.97e-03     1s
   9   8.09066065e+03  8.14037860e+03  2.73e-02 1.78e-15  3.14e-03     1s
  10   8.09687479e+03  8.12872988e+03  1.51e-02 1.37e-15  2.01e-03     1s
  11   8.09979402e+03  8.11727699e+03  1.02e-02 1.33e-15  1.10e-03     1s
  12   8.10330739e+03  8.11167635e+03  4.73e-03 1.78e-15  5.28e-04     1s
  13   8.10503440e+03  8.10936625e+03  2.19e-03 1.34e-15  2.73e-04     1s
  14   8.10598908e+03  8.10745097e+03  8.35e-04 2.44e-15  9.22e-05     1s
  15   8.10629095e+03  8.10687703e+03  4.57e-04 1.55e-15  3.70e-05     1s
  16   8.10658525e+03  8.10675529e+03  1.01e-04 1.78e-15  1.07e-05     1s
  17   8.10666592e+03  8.10670961e+03  6.88e-06 1.78e-15  2.75e-06     1s
  18   8.10667484e+03  8.10667607e+03  1.07e-08 1.78e-15  7.71e-08     1s
  19   8.10667496e+03  8.10667496e+03  0.00e+00 1.78e-15  1.95e-10     1s

Barrier solved model in 19 iterations and 0.65 seconds
Optimal objective 8.10667496e+03


Solved with barrier

Root relaxation: objective 8.106675e+03, 304 iterations, 0.55 seconds

    Nodes    |    Current Node    |     Objective Bounds      |     Work
 Expl Unexpl |  Obj  Depth IntInf | Incumbent    BestBd   Gap | It/Node Time

     0     0 8106.67496    0 1044 6985.00000 8106.67496  16.1%     -    0s
H    0     0                    7089.0000000 8106.67496  14.4%     -    0s
H    0     0                    7141.0000000 8106.67496  13.5%     -    0s
H    0     0                    7179.0000000 8106.67496  12.9%     -    1s
H    0     0                    7308.0000000 8102.43564  10.9%     -    3s
H    0     0                    7352.0000000 8102.43564  10.2%     -    3s
H    0     0                    7358.0000000 8102.43564  10.1%     -    3s
H    0     0                    7376.0000000 8102.43564  9.85%     -    3s
     0     0 7984.76482    0 1303 7376.00000 7984.76482  8.25%     -    3s
H    0     0                    7420.0000000 7984.76482  7.61%     -    3s
     0     0 7907.92837    0 1436 7420.00000 7907.92837  6.58%     -    5s
     0     0 7896.33750    0 1510 7420.00000 7896.33750  6.42%     -    6s
     0     0 7894.53297    0 1550 7420.00000 7894.53297  6.40%     -    7s
     0     0 7894.32877    0 1549 7420.00000 7894.32877  6.39%     -    7s
     0     0 7894.27681    0 1553 7420.00000 7894.27681  6.39%     -    7s
     0     0 7894.26636    0 1558 7420.00000 7894.26636  6.39%     -    7s
H    0     0                    7429.0000000 7894.26636  6.26%     -   12s
H    0     0                    7433.0000000 7894.26636  6.21%     -   12s
     0     0 7859.36730    0 1655 7433.00000 7859.36730  5.74%     -   12s
H    0     0                    7436.0000000 7859.36730  5.69%     -   17s
     0     0 7839.78759    0 1706 7436.00000 7839.78759  5.43%     -   17s
H    0     0                    7440.0000000 7839.78759  5.37%     -   21s
H    0     0                    7445.0000000 7839.78759  5.30%     -   21s
H    0     0                    7451.0000000 7839.78759  5.22%     -   21s
H    0     0                    7454.0000000 7839.78759  5.18%     -   21s
     0     0 7832.38008    0 1805 7454.00000 7832.38008  5.08%     -   21s
H    0     0                    7461.0000000 7832.38008  4.98%     -   24s
H    0     0                    7473.0000000 7832.38008  4.81%     -   24s
     0     0 7830.16650    0 1841 7473.00000 7830.16650  4.78%     -   24s
H    0     0                    7475.0000000 7830.16650  4.75%     -   25s
     0     0 7829.23183    0 1859 7475.00000 7829.23183  4.74%     -   25s
H    0     0                    7476.0000000 7829.23183  4.72%     -   26s
     0     0 7828.91395    0 1873 7476.00000 7828.91395  4.72%     -   26s
     0     0 7828.82910    0 1882 7476.00000 7828.82910  4.72%     -   27s
H    0     0                    7479.0000000 7828.82910  4.68%     -   35s
H    0     0                    7482.0000000 7828.82910  4.64%     -   35s
H    0     0                    7486.0000000 7828.82910  4.58%     -   35s
H    0     0                    7487.0000000 7828.82910  4.57%     -   35s
H    0     0                    7489.0000000 7828.82910  4.54%     -   35s
H    0     0                    7491.0000000 7828.82910  4.51%     -   35s
H    0     0                    7493.0000000 7828.82910  4.48%     -   35s
     0     0 7816.29866    0 1952 7493.00000 7816.29866  4.31%     -   35s
H    0     0                    7509.0000000 7816.29866  4.09%     -   35s
     0     0 7809.54616    0 2036 7509.00000 7809.54616  4.00%     -   41s
     0     0 7806.62517    0 2078 7509.00000 7806.62517  3.96%     -   46s
     0     0 7805.47754    0 2139 7509.00000 7805.47754  3.95%     -   49s
     0     0 7804.77016    0 2158 7509.00000 7804.77016  3.94%     -   52s
     0     0 7804.46322    0 2186 7509.00000 7804.46322  3.93%     -   54s
     0     0 7798.27219    0 2149 7509.00000 7798.27219  3.85%     -   62s
H    0     0                    7516.0000000 7798.27219  3.76%     -   67s
H    0     0                    7522.0000000 7798.27219  3.67%     -   67s
H    0     0                    7528.0000000 7798.27219  3.59%     -   67s
H    0     0                    7532.0000000 7798.27219  3.54%     -   67s
     0     0 7795.92656    0 2197 7532.00000 7795.92656  3.50%     -   67s
     0     0 7795.07015    0 2232 7532.00000 7795.07015  3.49%     -   70s
     0     0 7794.75242    0 2298 7532.00000 7794.75242  3.49%     -   72s
H    0     0                    7539.0000000 7794.75242  3.39%     -   80s
     0     0 7789.74555    0 2166 7539.00000 7789.74555  3.33%     -   80s
H    0     0                    7545.0000000 7789.74555  3.24%     -   80s
     0     0 7787.14648    0 2285 7545.00000 7787.14648  3.21%     -   86s
     0     0 7786.19427    0 2413 7545.00000 7786.19427  3.20%     -   90s
     0     0 7785.65404    0 2427 7545.00000 7785.65404  3.19%     -   93s
     0     0 7785.37816    0 2393 7545.00000 7785.37816  3.19%     -   95s
     0     0 7781.55280    0 2355 7545.00000 7781.55280  3.14%     -  104s
     0     0 7779.79352    0 2459 7545.00000 7779.79352  3.11%     -  110s
     0     0 7779.03293    0 2513 7545.00000 7779.03293  3.10%     -  114s
     0     0 7778.74023    0 2572 7545.00000 7778.74023  3.10%     -  116s
     0     0 7776.09467    0 2474 7545.00000 7776.09467  3.06%     -  125s
     0     0 7776.09467    0 2474 7545.00000 7776.09467  3.06%     -  126s
H    0     0                    7549.0000000 7776.09296  3.01%     -  134s
H    0     0                    7559.0000000 7776.09296  2.87%     -  135s
     0     2 7776.09296    0 2474 7559.00000 7776.09296  2.87%     -  136s
     3     8 7774.66016    2 2561 7559.00000 7776.06522  2.87%  1957  146s
     7    14 7773.39244    3 2696 7559.00000 7774.65982  2.85%  4369  165s
    13    20 7772.24735    4 2802 7559.00000 7773.39222  2.84%  6865  214s
    19    26 7772.55456    4 2794 7559.00000 7773.21032  2.83% 12545  250s
    25    32 7772.23810    5 2805 7559.00000 7772.55455  2.83% 11305  278s
    31    38 7771.61529    5 2818 7559.00000 7772.55455  2.83% 10309  286s
H   33    38                    7561.0000000 7772.55455  2.80%  9745  286s
H   36    38                    7562.0000000 7772.55455  2.78%  9142  286s
    37    46 7772.09117    6 2812 7562.00000 7772.55455  2.78%  9005  291s
    45    56 7772.02826    7 2808 7562.00000 7772.55455  2.78%  7663  296s
    55    65 7771.55515    9 2799 7562.00000 7772.55455  2.78%  6487  302s
    64    75 7771.98627    9 2807 7562.00000 7772.55455  2.78%  5774  320s
H   68    75                    7563.0000000 7772.55455  2.77%  5659  320s
    74    81 7771.79056   10 2779 7563.00000 7772.55455  2.77%  5590  330s
    80    89 7771.66088   11 2794 7563.00000 7772.55455  2.77%  5402  339s
    88   100 7771.77708   11 2767 7563.00000 7772.55455  2.77%  5115  345s
    99   110 7771.68361   13 2761 7563.00000 7772.55455  2.77%  4691  354s
   109   119 7771.38097   14 2719 7563.00000 7772.55455  2.77%  4479  362s
   118   127 7771.17448   15 2744 7563.00000 7772.55455  2.77%  4300  377s
   126   138 7771.16636   16 2724 7563.00000 7772.55455  2.77%  4200  385s
   137   151 7770.95506   18 2708 7563.00000 7772.55455  2.77%  4004  395s
   150   170 7770.90624   19 2711 7563.00000 7772.55455  2.77%  3815  404s
   169   191 7770.77625   22 2678 7563.00000 7772.55455  2.77%  3518  412s
   190   209 7770.64683   27 2686 7563.00000 7772.55455  2.77%  3246  420s
H  193   209                    7564.0000000 7772.55455  2.76%  3204  420s
H  201   209                    7565.0000000 7772.55455  2.74%  3116  420s
   208   229 7770.49224   30 2700 7565.00000 7772.55455  2.74%  3062  429s
   228   247 7770.40554   34 2703 7565.00000 7772.55455  2.74%  2895  439s
   246   261 7770.20542   35 2686 7565.00000 7772.55455  2.74%  2787  451s
   260   277 7769.95842   36 2664 7565.00000 7772.55455  2.74%  2747  461s
   276   289 7768.74342   37 2654 7565.00000 7772.55455  2.74%  2691  475s
   288   301 7769.02389   38 2651 7565.00000 7772.55455  2.74%  2677  491s
   300   314 7768.71591   39 2635 7565.00000 7772.55455  2.74%  2708  503s
   313   335 7768.16989   41 2623 7565.00000 7772.55455  2.74%  2686  514s
   334   361 7767.89454   43 2644 7565.00000 7772.55455  2.74%  2607  526s
   360   378 7767.79425   45 2609 7565.00000 7772.55455  2.74%  2510  544s
H  376   378                    7567.0000000 7772.55455  2.72%  2500  544s
   377   395 7767.24438   46 2604 7567.00000 7772.55455  2.72%  2517  558s
   394   414 7766.81190   49 2588 7567.00000 7772.55455  2.72%  2497  576s
H  408   414                    7568.0000000 7772.55455  2.70%  2483  576s
H  413   436                    7571.0000000 7772.55455  2.66%  2484  594s
   435   455 7765.83640   55 2536 7571.00000 7772.55455  2.66%  2476  609s
H  442   455                    7572.0000000 7772.55455  2.65%  2474  609s
   454   476 7764.91305   57 2537 7572.00000 7772.55455  2.65%  2466  625s
H  475   488                    7575.0000000 7772.55455  2.61%  2447  654s
   487   510 7763.43009   60 2501 7575.00000 7772.55455  2.61%  2459  671s
H  504   510                    7576.0000000 7772.55455  2.59%  2435  671s
   509   537 7760.88229   63 2406 7576.00000 7772.55455  2.59%  2452  690s
H  521   537                    7577.0000000 7772.55455  2.58%  2427  690s
   536   564 7762.45192   65 2456 7577.00000 7772.55455  2.58%  2419  708s
   563   596 7761.71727   68 2432 7577.00000 7772.55455  2.58%  2398  727s
H  585   596                    7578.0000000 7772.55455  2.57%  2373  727s
   595   638 7760.48024   72 2459 7578.00000 7772.55455  2.57%  2368  749s
H  605   638                    7579.0000000 7772.55455  2.55%  2344  749s
   637   681 7759.53711   78 2439 7579.00000 7772.55455  2.55%  2312  770s
   680   743 7757.75421   85 2383 7579.00000 7772.55455  2.55%  2263  792s
H  742   790                    7583.0000000 7772.55455  2.50%  2164  813s
H  770   790                    7599.0000000 7772.55455  2.28%  2109  813s
   791   848 7756.91665  103 2322 7599.00000 7772.55455  2.28%  2101  845s
H  849   922                    7600.0000000 7772.55455  2.27%  2045  880s
H  864   922                    7603.0000000 7772.55455  2.23%  2023  880s
   923  1022 7755.04703  119 2252 7603.00000 7772.55455  2.23%  1961  916s
H  940  1022                    7606.0000000 7772.55455  2.19%  1935  916s
H 1023  1083                    7607.0000000 7772.55455  2.18%  1845  969s
H 1030  1083                    7608.0000000 7772.55455  2.16%  1844  969s
H 1063  1083                    7609.0000000 7772.55455  2.15%  1821  969s
  1084  1176 7753.61624  139 2220 7609.00000 7772.55455  2.15%  1818 1004s
  1177  1260 7752.99090  156 2203 7609.00000 7772.55455  2.15%  1745 1041s
H 1195  1260                    7610.0000000 7772.55455  2.14%  1729 1041s
  1261  1371 7751.84854  170 2156 7610.00000 7772.55455  2.14%  1697 1081s
H 1320  1371                    7612.0000000 7772.55455  2.11%  1657 1081s
H 1372  1497                    7613.0000000 7772.55455  2.10%  1627 1119s
H 1397  1497                    7618.0000000 7772.55455  2.03%  1608 1119s
  1498  1644 7749.69613  199 2128 7618.00000 7772.55455  2.03%  1552 1158s
H 1505  1644                    7622.0000000 7772.55455  1.98%  1547 1158s
  1647  1799 7749.36061  219 2092 7622.00000 7772.55455  1.98%  1470 1197s
H 1659  1799                    7623.0000000 7772.55455  1.96%  1465 1197s
  1802  1953 7748.07431  233 2096 7623.00000 7772.55455  1.96%  1399 1238s
H 1822  1953                    7627.0000000 7772.55455  1.91%  1389 1238s
  1956  2084 7747.16780  255 2038 7627.00000 7772.55455  1.91%  1341 1284s
H 1975  2084                    7629.0000000 7772.55455  1.88%  1336 1284s
H 2027  2084                    7631.0000000 7772.55455  1.85%  1320 1284s
H 2089  2198                    7632.0000000 7772.55455  1.84%  1309 1328s
H 2104  2198                    7633.0000000 7772.55455  1.83%  1308 1328s
H 2162  2198                    7634.0000000 7772.55455  1.81%  1299 1328s
  2203  2353 7744.45928  280 1991 7634.00000 7772.55455  1.81%  1291 1373s
H 2280  2353                    7635.0000000 7772.55455  1.80%  1269 1373s
  2358  2527 7742.79338  306 1926 7635.00000 7772.55455  1.80%  1259 1420s
  2532  2751 7740.48114  327 1862 7635.00000 7772.55455  1.80%  1224 1468s
  2756  2985 7738.56622  346 1823 7635.00000 7772.55455  1.80%  1175 1516s
  2992  3078 7733.97994  388 1779 7635.00000 7772.55455  1.80%  1131 1554s
  3085  3409 7732.25370  395 1706 7635.00000 7772.55455  1.80%  1115 1605s
H 3313  3409                    7636.0000000 7772.55455  1.79%  1062 1605s
  3416  3782 7729.90918  450 1625 7636.00000 7772.55455  1.79%  1052 1656s
  3791  4240 7727.01265  496 1582 7636.00000 7772.55455  1.79%   993 1707s
  4255  4796 7720.92776  606 1433 7636.00000 7772.55455  1.79%   926 1753s
  4815  5503 7712.78186  713 1161 7636.00000 7772.55455  1.79%   854 1792s
H 4924  5503                    7638.0000000 7772.55455  1.76%   840 1792s
  5524  6206 7704.51107  848  965 7638.00000 7772.55455  1.76%   776 1823s
  6239  6813 7695.26267 1000  754 7638.00000 7772.55455  1.76%   713 1850s
H 6787  6813                    7639.0000000 7772.55455  1.75%   673 1850s
H 6856  6813                    7640.0000000 7772.55455  1.74%   671 1870s
  6857  6814 7710.02481  367 2474 7640.00000 7772.55455  1.74%   671 1907s
  6859  6815 7751.53281   70 1050 7640.00000 7772.55455  1.74%   670 1911s
  6860  6816 7758.52713   53 1422 7640.00000 7772.55455  1.74%   670 1917s
  6861  6817 7732.79959  240 1663 7640.00000 7772.55455  1.74%   670 1921s
  6862  6817 7762.16823   66 1774 7640.00000 7772.55455  1.74%   670 1926s
  6863  6818 7714.75357  645 1967 7640.00000 7772.55455  1.74%   670 1932s
H 6863  6477                    7641.0000000 7772.55455  1.72%   670 1939s
  6865  6478 7683.21359 1064 2266 7641.00000 7772.55455  1.72%   670 1946s
  6866  6479 7757.80343   56 2387 7641.00000 7772.55455  1.72%   670 1952s
  6867  6480 7741.80161  214 2486 7641.00000 7772.55455  1.72%   670 1957s
  6868  6480 7721.35291  459 2557 7641.00000 7772.55455  1.72%   669 1962s
  6869  6481 7704.99095  829 2672 7641.00000 7772.55455  1.72%   669 1966s
  6871  6482 7734.28141  390 2727 7641.00000 7772.55455  1.72%   669 1971s
  6875  6485 7743.30664  170 2793 7641.00000 7772.54743  1.72%   669 1976s
  6876  6486 7731.84800  225 2394 7641.00000 7768.56977  1.67%   669 1988s
  6877  6486 7714.58785  639 2448 7641.00000 7766.77085  1.65%   669 1994s
  6878  6487 7682.88511  956 2571 7641.00000 7765.56201  1.63%   668 2000s
  6880  6488 7730.03988  435 2636 7641.00000 7764.67175  1.62%   668 2007s
  6882  6490 7693.73117  930 2653 7641.00000 7764.37420  1.61%   668 2010s
  6886  6492 7721.64859  284 2727 7641.00000 7764.15669  1.61%   668 2015s
  6888  6494 7742.12156  187 2622 7641.00000 7761.76360  1.58%   667 2028s
  6889  6494 7741.04629  310 2662 7641.00000 7760.52588  1.56%   667 2034s
  6890  6495 7753.53047  151 2724 7641.00000 7759.94389  1.56%   667 2039s
  6891  6496 7746.84629  238 2756 7641.00000 7759.61376  1.55%   667 2042s
  6892  6496 7729.93827  233 2788 7641.00000 7759.39416  1.55%   667 2046s
  6894  6498 7687.40878  906 2844 7641.00000 7759.14771  1.55%   667 2050s
  6897  6500 7735.34482  310 2886 7641.00000 7758.97752  1.54%   667 2055s
  6899  6501 7748.16254  205 2584 7641.00000 7757.18222  1.52%   666 2067s
  6900  6502 7756.31033   59 2649 7641.00000 7756.31033  1.51%   666 2073s
  6901  6502 7721.60569  575 2714 7641.00000 7755.90016  1.50%   666 2077s
  6902  6503 7743.45554  174 2709 7641.00000 7755.63723  1.50%   666 2081s
  6904  6504 7708.63765  689 2803 7641.00000 7755.36861  1.50%   666 2086s
  6907  6506 7686.93967 1055 2801 7641.00000 7755.19082  1.49%   666 2090s
  6911  6509 7714.65590  604 2644 7641.00000 7753.92703  1.48%   665 2105s
  6912  6510 7713.78670  700 2707 7641.00000 7753.37015  1.47%   665 2110s
  6914  6511 7683.30748  940 2810 7641.00000 7752.97929  1.47%   665 2115s
  6917  6513 7746.58754   83 2872 7641.00000 7752.77541  1.46%   665 2120s
  6921  6516 7739.09762  210 2891 7641.00000 7752.68022  1.46%   664 2125s
  6922  6516 7721.70960  371 2658 7641.00000 7751.46645  1.45%   664 2135s
  6923  6517 7698.00804  710 2790 7641.00000 7750.85622  1.44%   664 2140s
  6925  6518 7750.46364   93 2833 7641.00000 7750.46364  1.43%   664 2147s
  6926  6519 7658.58027 1111 2848 7641.00000 7750.32186  1.43%   664 2150s
  6930  6522 7724.49460  285 2928 7641.00000 7750.14054  1.43%   663 2155s
  6932  6523 7732.09724  335 2783 7641.00000 7749.35292  1.42%   663 2166s
  6933  6524 7723.21620  295 2803 7641.00000 7748.96504  1.41%   663 2171s
  6935  6525 7710.97904  655 2889 7641.00000 7748.58669  1.41%   663 2177s
  6937  6526 7729.99305  352 2931 7641.00000 7748.45646  1.41%   663 2181s
  6940  6528 7748.36163  126 2944 7641.00000 7748.36163  1.41%   662 2186s
  6941  6529 7747.67072   70 2780 7641.00000 7747.67072  1.40%   662 2195s
  6942  6530 7712.59375  619 2854 7641.00000 7747.31166  1.39%   662 2200s
  6944  6531 7703.11512  744 2899 7641.00000 7746.91248  1.39%   662 2208s
  6945  6532 7715.69353  602 2953 7641.00000 7746.81673  1.38%   662 2210s
  6948  6534 7745.30932  261 2988 7641.00000 7746.66609  1.38%   662 2216s
H 6949  6205                    7642.0000000 7746.22285  1.36%   662 2226s
  6951  6207 7713.20633  387 2871 7642.00000 7745.93023  1.36%   661 2232s
  6952  6207 7723.03763  303 2918 7642.00000 7745.75985  1.36%   661 2236s
  6954  6209 7693.48035 1000 2991 7642.00000 7745.57474  1.36%   661 2241s
  6956  6210 7683.10096  949 2992 7642.00000 7745.49369  1.35%   661 2245s
  6959  6212 7744.97394   70 2877 7642.00000 7744.97394  1.35%   661 2257s
  6960  6213 7744.74967   53 2934 7642.00000 7744.74967  1.34%   661 2261s
  6961  6213 7732.79959  240 2980 7642.00000 7744.60155  1.34%   660 2265s
  6963  6215 7714.75357  645 3058 7642.00000 7744.46971  1.34%   660 2270s
  6966  6217 7744.36757   56 3008 7642.00000 7744.36757  1.34%   660 2275s
  6968  6218 7721.35291  459 2884 7642.00000 7743.97679  1.33%   660 2285s
  6969  6219 7704.99095  829 2915 7642.00000 7743.77324  1.33%   660 2290s
  6971  6220 7734.28141  390 2977 7642.00000 7743.60946  1.33%   660 2295s
  6974  6222 7743.49906   86 2994 7642.00000 7743.49906  1.33%   659 2301s
  6976  6223 7731.84800  225 3059 7642.00000 7743.46431  1.33%   659 2305s
  6977  6224 7714.58785  639 2900 7642.00000 7743.12799  1.32%   659 2312s
  6978  6225 7682.88511  956 2943 7642.00000 7743.00050  1.32%   659 2316s
  6980  6226 7730.03988  435 3033 7642.00000 7742.91019  1.32%   659 2320s
  6983  6228 7717.89557  414 2852 7642.00000 7742.48231  1.31%   658 2333s
  6984  6229 7717.81608  602 2890 7642.00000 7742.31722  1.31%   658 2337s
  6985  6229 7714.95859  625 2904 7642.00000 7742.22300  1.31%   658 2340s
  6988  6231 7742.10258  187 3005 7642.00000 7742.10258  1.31%   658 2346s
  6990  6233 7742.07166  151 3025 7642.00000 7742.07166  1.31%   658 2350s
  6991  6233 7741.83498  238 2937 7642.00000 7741.83498  1.31%   658 2357s
  6992  6234 7729.93827  233 2945 7642.00000 7741.68327  1.30%   658 2360s
  6994  6235 7687.40878  906 3002 7642.00000 7741.54241  1.30%   657 2365s
  6997  6237 7735.34482  310 3021 7642.00000 7741.45824  1.30%   657 2371s
  6998  6238 7741.23911  211 2971 7642.00000 7741.23911  1.30%   657 2377s
  6999  6239 7741.09374  205 2922 7642.00000 7741.09374  1.30%   657 2381s
  7001  6240 7721.60569  575 2987 7642.00000 7740.97328  1.30%   657 2386s
  7003  6241 7726.57287  468 2981 7642.00000 7740.90725  1.29%   657 2390s
  7005  6243 7740.68972  192 2939 7642.00000 7740.68972  1.29%   656 2397s
  7006  6243 7707.90104  761 3043 7642.00000 7740.55886  1.29%   656 2400s
  7008  6245 7711.21598  394 3031 7642.00000 7740.45353  1.29%   656 2405s
  7011  6247 7714.65590  604 3060 7642.00000 7740.39493  1.29%   656 2410s
  7012  6247 7713.78670  700 2926 7642.00000 7740.15461  1.28%   656 2417s
  7013  6248 7684.15874 1045 2946 7642.00000 7740.01059  1.28%   656 2421s
  7015  6249 7739.88715  152 3024 7642.00000 7739.88715  1.28%   655 2426s
  7017  6251 7739.81658   83 3021 7642.00000 7739.81658  1.28%   655 2430s
  7020  6253 7673.93245 1023 2891 7642.00000 7739.55979  1.28%   655 2440s
  7022  6254 7721.70960  371 2915 7642.00000 7739.37900  1.27%   655 2447s
  7024  6255 7739.30310  237 3018 7642.00000 7739.30310  1.27%   655 2451s
  7026  6257 7658.58027 1111 3067 7642.00000 7739.26042  1.27%   654 2455s
  7027  6257 7716.36597  612 2920 7642.00000 7739.13431  1.27%   654 2460s
  7029  6259 7738.95371  181 3015 7642.00000 7738.95371  1.27%   654 2468s
  7030  6259 7724.49460  285 3032 7642.00000 7738.90001  1.27%   654 2470s
  7032  6261 7732.09724  335 3012 7642.00000 7738.82835  1.27%   654 2475s
  7034  6262 7735.26535  217 2997 7642.00000 7738.67359  1.27%   654 2483s
  7035  6263 7710.97904  655 3022 7642.00000 7738.57727  1.26%   654 2488s
  7036  6263 7705.93131  807 2959 7642.00000 7738.51210  1.26%   653 2491s
  7038  6265 7676.52006 1136 3081 7642.00000 7738.42958  1.26%   653 2496s
  7040  6266 7738.38654  126 3096 7642.00000 7738.38654  1.26%   653 2500s
  7041  6267 7738.26565   70 2959 7642.00000 7738.26565  1.26%   653 2507s
  7043  6268 7738.17364  177 3089 7642.00000 7738.17364  1.26%   653 2512s
  7045  6269 7715.69353  602 3155 7642.00000 7738.12183  1.26%   653 2516s
  7047  6271 7714.21088  613 3022 7642.00000 7737.96064  1.26%   652 2525s
  7049  6272 7686.05225 1069 3084 7642.00000 7737.87689  1.25%   652 2530s
  7051  6273 7713.20633  387 2979 7642.00000 7737.72690  1.25%   652 2538s
  7052  6274 7723.03763  303 3035 7642.00000 7737.62661  1.25%   652 2542s
  7054  6275 7693.48035 1000 3078 7642.00000 7737.53590  1.25%   652 2546s
  7056  6277 7683.10096  949 3035 7642.00000 7737.49408  1.25%   652 2550s
  7057  6277 7710.02481  367 3003 7642.00000 7737.37807  1.25%   652 2556s
  7059  6279 7737.25843   70 3083 7642.00000 7737.25843  1.25%   651 2562s
  7061  6280 7732.79959  240 3134 7642.00000 7737.21269  1.25%   651 2566s
  7062  6281 7737.07946   66 3030 7642.00000 7737.07946  1.24%   651 2573s
  7063  6281 7714.75357  645 3042 7642.00000 7736.99113  1.24%   651 2577s
  7065  6283 7683.21359 1064 3103 7642.00000 7736.90292  1.24%   651 2582s
  7067  6284 7736.86486  214 3094 7642.00000 7736.86486  1.24%   651 2586s
  7068  6285 7721.35291  459 2963 7642.00000 7736.76429  1.24%   650 2592s
  7070  6286 7732.83643  391 3100 7642.00000 7736.68612  1.24%   650 2597s
  7072  6287 7650.19161 1105 3019 7642.00000 7736.59536  1.24%   650 2604s
  7073  6288 7679.40134  980 3064 7642.00000 7736.54488  1.24%   650 2607s
  7074  6289 7736.50294   86 3102 7642.00000 7736.50294  1.24%   650 2611s
  7076  6290 7731.84800  225 3141 7642.00000 7736.46074  1.24%   650 2616s
  7078  6291 7682.88511  956 3031 7642.00000 7736.33620  1.23%   650 2625s
  7080  6293 7730.03988  435 3057 7642.00000 7736.26908  1.23%   649 2630s
  7083  6295 7717.89557  414 3065 7642.00000 7736.17535  1.23%   649 2639s
  7084  6295 7717.81608  602 3112 7642.00000 7736.13605  1.23%   649 2641s
  7086  6297 7721.64859  284 3154 7642.00000 7736.09596  1.23%   649 2645s
  7088  6298 7736.02958  187 3079 7642.00000 7736.02958  1.23%   649 2650s
  7092  6302 7729.93827  233 1050 7642.00000 7736.02958  1.23%   701 2655s
  7094  6304 7687.40878  906 1462 7642.00000 7736.02958  1.23%   701 2663s
  7095  6304 7685.68504 1034 1564 7642.00000 7736.02958  1.23%   701 2667s
  7096  6305 7699.71250  901 1699 7642.00000 7736.02958  1.23%   701 2673s
  7097  6306 7735.34482  310 1779 7642.00000 7736.02958  1.23%   701 2679s
  7098  6306 7736.02958  211 1984 7642.00000 7736.02958  1.23%   701 2685s
  7099  6307 7736.02958  205 2096 7642.00000 7736.02958  1.23%   700 2693s
  7100  6308 7736.02958   59 2321 7642.00000 7736.02958  1.23%   700 2700s
  7101  6308 7721.60569  575 2451 7642.00000 7736.02958  1.23%   700 2706s
  7102  6309 7736.02958  174 2552 7642.00000 7736.02958  1.23%   700 2712s
  7103  6310 7726.57287  468 2674 7642.00000 7736.02958  1.23%   700 2717s
  7104  6310 7708.63765  689 2679 7642.00000 7736.02958  1.23%   700 2721s
  7106  6312 7707.90104  761 2925 7642.00000 7736.02958  1.23%   700 2726s
  7108  6313 7711.21598  394 2964 7642.00000 7735.97011  1.23%   700 2734s
  7109  6314 7722.10619  547 2905 7642.00000 7735.93840  1.23%   699 2736s
  7111  6315 7714.65590  604 2957 7642.00000 7735.82627  1.23%   699 2745s
  7113  6316 7684.15874 1045 2995 7642.00000 7735.74635  1.23%   699 2750s
  7116  6318 7697.82335  972 2954 7642.00000 7735.61934  1.23%   699 2760s
  7118  6320 7732.83820  246 3010 7642.00000 7735.52333  1.22%   699 2765s
  7120  6321 7673.93245 1023 3045 7642.00000 7735.44723  1.22%   698 2774s
  7121  6322 7735.41537  210 3066 7642.00000 7735.41537  1.22%   698 2776s
  7123  6323 7698.00804  710 3095 7642.00000 7735.38563  1.22%   698 2780s
  7124  6324 7735.32333  237 3049 7642.00000 7735.32333  1.22%   698 2786s
  7126  6325 7658.58027 1111 3124 7642.00000 7735.27937  1.22%   698 2792s
  7127  6326 7716.36597  612 3049 7642.00000 7735.23221  1.22%   698 2799s
  7128  6326 7735.23221  176 3049 7642.00000 7735.23221  1.22%   698 2800s
  7129  6327 7735.23210  181 3049 7642.00000 7735.23210  1.22%   697 2813s
  7130  6331 7735.23210   21 3036 7642.00000 7735.23210  1.22%   709 2857s
  7132  6334 7735.23210   22 3011 7642.00000 7735.23210  1.22%   713 2882s
  7136  6339 7735.23210   23 3010 7642.00000 7735.23210  1.22%   716 2931s
  7142  6343 7735.23210   24 3010 7642.00000 7735.23210  1.22%   722 2946s
  7148  6347 7734.70580   24 2965 7642.00000 7735.23210  1.22%   724 2952s
  7154  6351 7735.23210   25 3005 7642.00000 7735.23210  1.22%   725 2958s
  7160  6356 7709.03363   25 2503 7642.00000 7735.23208  1.22%   727 2969s
  7167  6361 7735.23189   26 2980 7642.00000 7735.23189  1.22%   729 2987s
  7175  6366 7735.23035   27 2971 7642.00000 7735.23035  1.22%   734 2997s
  7182  6372 7735.23032   28 2969 7642.00000 7735.23032  1.22%   736 3023s
  7191  6379 7735.18368   29 2931 7642.00000 7735.23026  1.22%   743 3033s
  7201  6383 7735.18628   29 2935 7642.00000 7735.18628  1.22%   746 3043s
  7208  6393 7735.18626   30 2934 7642.00000 7735.18626  1.22%   748 3098s
  7220  6398 7735.18624   31 2930 7642.00000 7735.18624  1.22%   756 3110s
  7229  6409 7735.09478   32 2863 7642.00000 7735.18364  1.22%   759 3121s
  7243  6414 7735.10615   33 2820 7642.00000 7735.18364  1.22%   762 3133s
  7253  6420 7734.04219   34 2773 7642.00000 7735.18364  1.22%   766 3143s
  7262  6430 7735.10346   34 2833 7642.00000 7735.18364  1.22%   769 3171s
  7275  6439 7735.10213   36 2824 7642.00000 7735.18364  1.22%   774 3190s
  7289  6448 7735.08426   37 2800 7642.00000 7735.18364  1.22%   782 3203s
  7302  6455 7735.07801   38 2813 7642.00000 7735.18364  1.22%   785 3215s
  7314  6466 7735.05811   39 2789 7642.00000 7735.18364  1.22%   789 3230s
  7329  6483 7735.05808   40 2783 7642.00000 7735.18364  1.22%   793 3282s
  7351  6504 7735.05627   41 2820 7642.00000 7735.18364  1.22%   802 3304s
  7379  6530 7735.04622   43 2793 7642.00000 7735.18364  1.22%   808 3335s
  7414  6562 7735.04481   47 2800 7642.00000 7735.18364  1.22%   817 3374s
  7458  6588 7735.01454   48 2784 7642.00000 7735.18364  1.22%   827 3441s
  7499  6627 7735.01326   52 2786 7642.00000 7735.18364  1.22%   838 3510s
  7551  6692 7734.95157   54 2762 7642.00000 7735.18364  1.22%   855 3585s
  7634  6685 7734.87656   61 2700 7642.00000 7735.18364  1.22%   866 3600s

Cutting planes:
  Gomory: 26
  Cover: 52
  Implied bound: 3
  MIR: 461
  StrongCG: 27
  Flow cover: 1743
  GUB cover: 546
  Zero half: 23
  Mod-K: 1
  RLT: 317
  Relax-and-lift: 8

Explored 7654 nodes (6738060 simplex iterations) in 3600.09 seconds
Thread count was 12 (of 12 available processors)

Solution count 10: 7642 7641 7640 ... 7632

Time limit reached
Best objective 7.642000000000e+03, best bound 7.735000000000e+03, gap 1.2170%
