
Gurobi 10.0.0 (linux64) logging started Sat Jan 27 10:26:31 2024

Set parameter LogFile to value "../results/logs/log_Brightkite_edges_20_20_2024_01_27_09_25.log"
Set parameter LazyConstraints to value 1
Gurobi Optimizer version 10.0.0 build v10.0.0rc2 (linux64)

CPU model: Intel(R) Core(TM) i7-9800X CPU @ 3.80GHz, instruction set [SSE2|AVX|AVX2|AVX512]
Thread count: 8 physical cores, 8 logical processors, using up to 8 threads

Optimize a model with 116457 rows, 116456 columns and 1089224 nonzeros
Model fingerprint: 0x6e8eabd6
Variable types: 0 continuous, 116456 integer (116456 binary)
Coefficient statistics:
  Matrix range     [1e+00, 2e+01]
  Objective range  [1e+00, 1e+00]
  Bounds range     [1e+00, 1e+00]
  RHS range        [1e+00, 2e+01]
Found heuristic solution: objective -0.0000000
Presolve removed 107284 rows and 53642 columns
Presolve time: 1.16s
Presolved: 9173 rows, 62814 columns, 441670 nonzeros
Variable types: 0 continuous, 62814 integer (62814 binary)
Root relaxation presolved: 9173 rows, 62814 columns, 441670 nonzeros

Deterministic concurrent LP optimizer: primal and dual simplex
Showing first log only...

Warning: Markowitz tolerance tightened to 0.0625
Concurrent spin time: 0.29s

Solved with dual simplex

Root relaxation: objective 3.524913e+03, 5208 iterations, 2.63 seconds (4.08 work units)

    Nodes    |    Current Node    |     Objective Bounds      |     Work
 Expl Unexpl |  Obj  Depth IntInf | Incumbent    BestBd   Gap | It/Node Time

     0     0 3524.91316    0 2669   -0.00000 3524.91316      -     -    5s
     0     0 2850.06574    0 2290   -0.00000 2850.06574      -     -   15s
H    0     0                    1026.0000000 2850.06574   178%     -   27s
     0     0 2283.05308    0 1849 1026.00000 2283.05308   123%     -   31s
     0     0 2053.18139    0  957 1026.00000 2053.18139   100%     -   35s
     0     0 1986.36864    0 1111 1026.00000 1986.36864  93.6%     -   38s
     0     0 1982.93550    0 1165 1026.00000 1982.93550  93.3%     -   40s
     0     0 1982.20543    0 1190 1026.00000 1982.20543  93.2%     -   43s
     0     0 1981.92191    0 1170 1026.00000 1981.92191  93.2%     -   45s
     0     0 1981.81174    0 1168 1026.00000 1981.81174  93.2%     -   47s
     0     0 1767.95860    0 1286 1026.00000 1767.95860  72.3%     -   58s
H    0     0                    1040.0000000 1767.95860  70.0%     -   58s
     0     0 1671.36617    0 1647 1040.00000 1671.36617  60.7%     -   75s
     0     0 1646.91346    0 1987 1040.00000 1646.91346  58.4%     -   80s
     0     0 1639.01134    0 2250 1040.00000 1639.01134  57.6%     -   85s
     0     0 1634.79641    0 2293 1040.00000 1634.79641  57.2%     -   90s
     0     0 1632.87806    0 2359 1040.00000 1632.87806  57.0%     -   94s
     0     0 1631.81414    0 2405 1040.00000 1631.81414  56.9%     -   98s
     0     0 1583.53480    0 1856 1040.00000 1583.53480  52.3%     -  112s
     0     0 1563.97688    0 2283 1040.00000 1563.97688  50.4%     -  131s
     0     0 1556.90584    0 2332 1040.00000 1556.90584  49.7%     -  137s
     0     0 1547.23036    0 2470 1040.00000 1547.23036  48.8%     -  145s
     0     0 1541.57557    0 2658 1040.00000 1541.57557  48.2%     -  151s
     0     0 1535.17304    0 2670 1040.00000 1535.17304  47.6%     -  157s
     0     0 1531.69257    0 2741 1040.00000 1531.69257  47.3%     -  163s
     0     0 1530.27890    0 2848 1040.00000 1530.27890  47.1%     -  167s
     0     0 1516.85039    0 2580 1040.00000 1516.85039  45.9%     -  184s
     0     0 1510.13444    0 2738 1040.00000 1510.13444  45.2%     -  191s
     0     0 1506.15956    0 2871 1040.00000 1506.15956  44.8%     -  198s
     0     0 1503.45904    0 3034 1040.00000 1503.45904  44.6%     -  204s
     0     0 1501.04329    0 3121 1040.00000 1501.04329  44.3%     -  211s
     0     0 1497.35887    0 3148 1040.00000 1497.35887  44.0%     -  219s
     0     0 1495.56811    0 3281 1040.00000 1495.56811  43.8%     -  225s
     0     0 1494.62322    0 3426 1040.00000 1494.62322  43.7%     -  231s
     0     0 1489.73275    0 3130 1040.00000 1489.73275  43.2%     -  241s
H    0     0                    1115.0000000 1489.73275  33.6%     -  430s
     0     0 1486.15181    0 3264 1115.00000 1486.15181  33.3%     -  438s
     0     0 1484.22756    0 3316 1115.00000 1484.22756  33.1%     -  445s
     0     0 1482.75412    0 3468 1115.00000 1482.75412  33.0%     -  452s
     0     0 1480.51700    0 3378 1115.00000 1480.51700  32.8%     -  461s
     0     0 1480.51700    0 3378 1115.00000 1480.51700  32.8%     -  463s
     0     2 1480.51700    0 3378 1115.00000 1480.51700  32.8%     -  509s
     1     4 1479.16696    1 3490 1115.00000 1480.51622  32.8%  4543  527s
     2     4 1475.08542    1 3348 1115.00000 1479.16695  32.7%  6610  530s
     3     8 1477.28479    2 3715 1115.00000 1479.16669  32.7%  6657  556s
     5     8 1473.29312    2 3652 1115.00000 1477.28465  32.5%  6935  561s
     7    16 1474.18916    3 3959 1115.00000 1477.28465  32.5%  8063  643s
    11    16 1469.90452    3 3985 1115.00000 1474.18913  32.2%  9174  653s
    12    16 1462.86088    3 3908 1115.00000 1474.18913  32.2%  9691  655s
    15    24 1471.63841    4 4290 1115.00000 1474.18774  32.2% 11739  744s
    23    32 1467.94773    4 4240 1115.00000 1471.63837  32.0% 14104  890s
    31    40 1471.47663    5 4281 1115.00000 1471.63785  32.0% 12573  921s
    33    40 1465.63275    5 4065 1115.00000 1471.63785  32.0% 11907  926s
    39    48 1471.41638    6 4262 1115.00000 1471.63785  32.0% 10266  953s
    40    48 1459.85260    5 4063 1115.00000 1471.63785  32.0% 10124  956s
    47    61 1471.28198    7 4267 1115.00000 1471.63785  32.0%  8736  981s
    60    74 1471.25412    8 4279 1115.00000 1471.63785  32.0%  7003 1027s
    61    74 1464.70735    7 4060 1115.00000 1471.63785  32.0%  6901 1030s
    63    74 1465.25200    8 4071 1115.00000 1471.63785  32.0%  6727 1035s
    66    74 1466.57257    9 3890 1115.00000 1471.63785  32.0%  6451 1042s
    73    88 1471.25304    9 4293 1115.00000 1471.63785  32.0%  5919 1076s
    87   101 1470.91963   11 4255 1115.00000 1471.63785  32.0%  5151 1125s
    91   101 1457.00538   13 4038 1115.00000 1471.63785  32.0%  4972 1135s
   100   109 1470.85554   12 4265 1115.00000 1471.63785  32.0%  4617 1326s
   102   109 1464.84096   12 4060 1115.00000 1471.63785  32.0%  4557 1331s
   108   127 1470.61611   13 4304 1115.00000 1471.63785  32.0%  4358 1359s
   109   127 1464.19746   12 4065 1115.00000 1471.63785  32.0%  4327 1361s
   126   145 1470.48153   14 4278 1115.00000 1471.63785  32.0%  3837 1418s
   139   145 1457.43453   20 3865 1115.00000 1471.63785  32.0%  3551 1451s
   144   165 1470.27719   16 4259 1115.00000 1471.63785  32.0%  3470 1479s
   146   165 1463.69278   16 4047 1115.00000 1471.63785  32.0%  3433 1484s
   148   165 1464.47695   17 4040 1115.00000 1471.63785  32.0%  3399 1489s
   164   184 1470.14317   18 4274 1115.00000 1471.63785  32.0%  3154 1563s
   171   184 1465.44808   24 3915 1115.00000 1471.63785  32.0%  3084 1580s
   183   203 1469.63627   20 4251 1115.00000 1471.63785  32.0%  2952 1624s
   202   224 1464.74161   20 4197 1115.00000 1471.63785  32.0%  2764 1689s
   223   254 1469.58884   21 4256 1115.00000 1471.63785  32.0%  2569 1757s
   225   254 1463.20347   22 4067 1115.00000 1471.63785  32.0%  2554 1762s
   253   282 1469.36331   23 4236 1115.00000 1471.63785  32.0%  2335 1846s
   255   282 1462.97595   25 4048 1115.00000 1471.63785  32.0%  2324 1851s
   281   300 1469.24533   25 4227 1115.00000 1471.63785  32.0%  2158 1935s
H  285   300                    1118.0000000 1471.63785  31.6%  2148 1945s
   292   300 1458.02620   43 3896 1118.00000 1471.63785  31.6%  2122 1962s
   299   323 1468.87372   27 4221 1118.00000 1471.63785  31.6%  2097 1997s
   303   323 1463.19768   33 4009 1118.00000 1471.63785  31.6%  2083 2007s
   305   323 1451.42832   35 3969 1118.00000 1471.63785  31.6%  2090 2012s
   322   349 1468.75260   29 4233 1118.00000 1471.63785  31.6%  2008 2084s
   325   349 1462.46302   32 4032 1118.00000 1471.63785  31.6%  1997 2092s
H  328   349                    1119.0000000 1471.63785  31.5%  1984 2099s
   348   374 1468.57069   32 4217 1119.00000 1471.63785  31.5%  1910 2166s
   373   400 1468.23793   34 4217 1119.00000 1471.63785  31.5%  1834 2254s
   377   400 1461.94625   38 4017 1119.00000 1471.63785  31.5%  1822 2264s
   383   400 1455.06503   43 3963 1119.00000 1471.63785  31.5%  1814 2279s
   399   423 1468.20094   38 4218 1119.00000 1471.63785  31.5%  1768 2343s
   402   423 1461.87621   40 4040 1119.00000 1471.63785  31.5%  1762 2350s
   413   423 1455.20285   56 3866 1119.00000 1471.63785  31.5%  1751 2378s
   422   448 1467.93412   41 4202 1119.00000 1471.63785  31.5%  1729 2430s
   424   448 1461.21885   43 4011 1119.00000 1471.63785  31.5%  1728 2435s
   426   448 1459.24970   45 3949 1119.00000 1471.63785  31.5%  1743 2440s
H  447   456                    1122.0000000 1471.63785  31.2%  1702 2517s
H  448   456                    1123.0000000 1471.63785  31.0%  1700 2519s
H  449   456                    1126.0000000 1471.63785  30.7%  1698 2522s
   455   478 1463.64552   43 4167 1126.00000 1471.63785  30.7%  1698 2571s
   477   504 1467.19029   44 4183 1126.00000 1471.63785  30.7%  1705 2652s
   503   528 1466.64620   44 4140 1126.00000 1471.63785  30.7%  1674 2782s
   512   528 1462.80417   64 3881 1126.00000 1471.63785  30.7%  1670 2804s
   527   560 1466.71701   45 4198 1126.00000 1471.63785  30.7%  1678 2891s
H  532   560                    1127.0000000 1471.63785  30.6%  1694 2904s
H  551   560                    1128.0000000 1471.63785  30.5%  1661 2951s
   554   560 1445.22048   90 3753 1128.00000 1471.63785  30.5%  1660 2958s
   559   588 1466.68503   46 4191 1128.00000 1471.63785  30.5%  1657 3029s
   562   588 1459.71210   56 3957 1128.00000 1471.63785  30.5%  1655 3037s
   587   609 1465.73395   49 4196 1128.00000 1471.63785  30.5%  1682 3150s
H  589   609                    1129.0000000 1471.63785  30.3%  1678 3155s
   592   609 1460.24568   54 3969 1129.00000 1471.63785  30.3%  1679 3163s
H  595   609                    1130.0000000 1471.63785  30.2%  1673 3170s
   597   609 1461.06905   77 3857 1130.00000 1471.63785  30.2%  1676 3175s
   608   632 1465.45798   51 4180 1130.00000 1471.63785  30.2%  1687 3241s
   612   632 1459.88734   57 3970 1130.00000 1471.63785  30.2%  1699 3251s
   631   657 1464.43716   52 4176 1130.00000 1471.63785  30.2%  1700 3334s
H  633   657                    1131.0000000 1471.63785  30.1%  1697 3339s
   635   657 1458.87478   58 3950 1131.00000 1471.63785  30.1%  1700 3344s
   656   693 1464.27444   54 4180 1131.00000 1471.63785  30.1%  1684 3430s
   670   693 1451.43989   62 3914 1131.00000 1471.63785  30.1%  1670 3465s
H  692   705                    1133.0000000 1471.63785  29.9%  1654 3539s
H  693   705                    1134.0000000 1471.63785  29.8%  1654 3541s
   703   705 1421.79559  118 3626 1134.00000 1471.63785  29.8%  1643 3566s
   704   750 1463.51246   58 4185 1134.00000 1471.63785  29.8%  1642 3602s
   709   750 1456.76007   68 3930 1134.00000 1471.63785  29.8%  1638 3614s
   714   750 1457.81874   70 3935 1134.00000 1471.63785  29.8%  1634 3627s

Cutting planes:
  Gomory: 8
  Lift-and-project: 3
  Cover: 1273
  MIR: 1098
  StrongCG: 55
  GUB cover: 2531
  Mod-K: 1
  RLT: 3113
  Lazy constraints: 13

Explored 749 nodes (1297778 simplex iterations) in 3711.54 seconds (2975.89 work units)
Thread count was 8 (of 8 available processors)

Solution count 10: 1134 1133 1131 ... 1122

Time limit reached
Best objective 1.134000000000e+03, best bound 1.471000000000e+03, gap 29.7178%

User-callback calls 442631, time in user-callback 1950.31 sec

Gurobi 10.0.0 (linux64) logging started Sun Jan 28 02:26:41 2024

Set parameter LogFile to value "../results/logs/log_Brightkite_edges_20_20_2024_01_27_09_25.log"
Set parameter LazyConstraints to value 1
Gurobi Optimizer version 10.0.0 build v10.0.0rc2 (linux64)

CPU model: Intel(R) Core(TM) i7-9800X CPU @ 3.80GHz, instruction set [SSE2|AVX|AVX2|AVX512]
Thread count: 8 physical cores, 8 logical processors, using up to 8 threads

Optimize a model with 7279 rows, 116456 columns and 326490 nonzeros
Model fingerprint: 0x031afd77
Variable types: 0 continuous, 116456 integer (116456 binary)
Coefficient statistics:
  Matrix range     [1e+00, 2e+01]
  Objective range  [1e+00, 1e+00]
  Bounds range     [1e+00, 1e+00]
  RHS range        [1e+00, 2e+01]
Found heuristic solution: objective 947.0000000
Presolve removed 0 rows and 55536 columns
Presolve time: 0.21s
Presolved: 7279 rows, 60920 columns, 228032 nonzeros
Variable types: 0 continuous, 60920 integer (60920 binary)
Found heuristic solution: objective 971.0000000
Root relaxation presolved: 7279 rows, 60920 columns, 228032 nonzeros

Deterministic concurrent LP optimizer: primal and dual simplex
Showing first log only...

Warning: Markowitz tolerance tightened to 0.03125
Warning: Markowitz tolerance tightened to 0.0625
Concurrent spin time: 0.24s

Solved with dual simplex

Root relaxation: objective 3.125794e+03, 6732 iterations, 4.74 seconds (7.81 work units)
Total elapsed time = 5.14s

    Nodes    |    Current Node    |     Objective Bounds      |     Work
 Expl Unexpl |  Obj  Depth IntInf | Incumbent    BestBd   Gap | It/Node Time

     0     0 3125.79363    0 2735  971.00000 3125.79363   222%     -    5s
H    0     0                     973.0000000 3125.79363   221%     -    6s
     0     0 2525.13198    0 2359  973.00000 2525.13198   160%     -   15s
H    0     0                    1089.0000000 2525.13198   132%     -   27s
     0     0 2110.50637    0 2282 1089.00000 2110.50637  93.8%     -   32s
     0     0 1899.74085    0 1923 1089.00000 1899.74085  74.4%     -   36s
     0     0 1860.46401    0 1610 1089.00000 1860.46401  70.8%     -   39s
     0     0 1836.57659    0 1711 1089.00000 1836.57659  68.6%     -   43s
     0     0 1834.00783    0 1750 1089.00000 1834.00783  68.4%     -   47s
     0     0 1832.78056    0 1737 1089.00000 1832.78056  68.3%     -   50s
     0     0 1832.05461    0 1962 1089.00000 1832.05461  68.2%     -   53s
     0     0 1831.84822    0 1925 1089.00000 1831.84822  68.2%     -   56s
     0     0 1831.71380    0 1892 1089.00000 1831.71380  68.2%     -   59s
     0     0 1626.86662    0 1598 1089.00000 1626.86662  49.4%     -   76s
     0     0 1560.63673    0 2005 1089.00000 1560.63673  43.3%     -   84s
     0     0 1537.41015    0 2406 1089.00000 1537.41015  41.2%     -   90s
     0     0 1531.28158    0 2391 1089.00000 1531.28158  40.6%     -   96s
     0     0 1528.56425    0 2649 1089.00000 1528.56425  40.4%     -  101s
     0     0 1527.15140    0 2715 1089.00000 1527.15140  40.2%     -  106s
     0     0 1496.03337    0 2389 1089.00000 1496.03337  37.4%     -  120s
     0     0 1487.30826    0 2546 1089.00000 1487.30826  36.6%     -  150s
     0     0 1482.84138    0 2698 1089.00000 1482.84138  36.2%     -  156s
     0     0 1479.39522    0 2893 1089.00000 1479.39522  35.8%     -  163s
     0     0 1477.00473    0 3004 1089.00000 1477.00473  35.6%     -  169s
     0     0 1473.57018    0 3095 1089.00000 1473.57018  35.3%     -  176s
     0     0 1470.37413    0 3064 1089.00000 1470.37413  35.0%     -  183s
     0     0 1469.14211    0 3183 1089.00000 1469.14211  34.9%     -  189s
     0     0 1461.98857    0 3078 1089.00000 1461.98857  34.3%     -  206s
     0     0 1457.88047    0 3186 1089.00000 1457.88047  33.9%     -  225s
     0     0 1455.59767    0 3248 1089.00000 1455.59767  33.7%     -  232s
     0     0 1454.11727    0 3346 1089.00000 1454.11727  33.5%     -  239s
     0     0 1451.39016    0 3396 1089.00000 1451.39016  33.3%     -  247s
     0     0 1451.39016    0 3396 1089.00000 1451.39016  33.3%     -  250s
H    0     0                    1117.0000000 1451.39016  29.9%     -  259s
H    0     0                    1119.0000000 1451.39016  29.7%     -  259s
H    0     2                    1121.0000000 1451.39016  29.5%     -  266s
     0     2 1451.39016    0 3396 1121.00000 1451.39016  29.5%     -  266s
     1     4 1448.99135    1 3377 1121.00000 1451.38998  29.5%  5288  280s
     3     8 1447.02724    2 3648 1121.00000 1448.99045  29.3%  6139  303s
     5     8 1445.15895    2 3633 1121.00000 1447.02720  29.1%  6088  309s
     6     8 1441.13585    2 3583 1121.00000 1447.02720  29.1%  6368  311s
     7    16 1444.90517    3 4009 1121.00000 1447.02718  29.1%  6982  370s
    11    16 1441.69778    3 4009 1121.00000 1445.15893  28.9%  7894  381s
    14    16 1417.38916    3 3839 1121.00000 1444.90517  28.9%  9112  389s
    15    24 1443.13481    4 4251 1121.00000 1444.90517  28.9%  9811  464s
    23    32 1438.50311    4 4186 1121.00000 1443.13479  28.7% 12297  609s
    27    32 1435.58602    4 3951 1121.00000 1443.13479  28.7% 12789  620s
H   31    40                    1130.0000000 1443.13479  27.7% 11892  643s
H   33    40                    1131.0000000 1443.13349  27.6% 11288  649s
    35    40 1436.89387    5 4010 1131.00000 1443.13349  27.6% 10747  654s
    39    48 1442.66542    6 4261 1131.00000 1443.13349  27.6%  9745  671s
    47    62 1442.37861    7 4262 1131.00000 1443.13349  27.6%  8211  807s
    61    78 1442.28359    8 4249 1131.00000 1443.13349  27.6%  6546  859s
    71    78 1432.23297    9 3905 1131.00000 1443.13349  27.6%  5822  885s
H   77    86                    1133.0000000 1443.13349  27.4%  5470  956s
    79    86 1436.03977   11 4022 1133.00000 1443.13349  27.4%  5414  962s
H   82    86                    1134.0000000 1443.13349  27.3%  5551  969s
    85    94 1436.55665   10 4240 1134.00000 1443.13349  27.3%  5438 1015s
    89    94 1429.15362    9 4030 1134.00000 1443.13349  27.3%  5419 1025s
    92    94 1408.69862   13 3708 1134.00000 1443.13349  27.3%  5450 1033s
    93   112 1440.64634   11 4202 1134.00000 1443.13349  27.3%  5419 1050s
H  111   126                    1135.0000000 1443.13349  27.1%  4701 1119s
   113   126 1427.73535   15 3950 1135.00000 1443.13349  27.1%  4683 1125s
   125   141 1440.45317   14 4207 1135.00000 1443.13349  27.1%  4349 1186s
   129   141 1421.53383   16 4015 1135.00000 1443.13349  27.1%  4318 1197s
   140   155 1439.73004   16 4203 1135.00000 1443.13349  27.1%  4174 1248s
   141   155 1431.07437   17 4012 1135.00000 1443.13349  27.1%  4159 1250s
H  154   163                    1157.0000000 1443.13349  24.7%  3972 1465s
H  155   163                    1163.0000000 1443.13349  24.1%  3954 1468s
H  157   163                    1164.0000000 1443.13349  24.0%  3915 1473s
   158   163 1434.55217   13 4022 1164.00000 1443.13349  24.0%  3905 1476s
   162   189 1439.54448   18 4220 1164.00000 1443.13349  24.0%  3843 1514s
   165   189 1430.29358   19 4003 1164.00000 1443.13349  24.0%  3788 1522s
   187   189 1346.62380   26 2961 1164.00000 1443.13349  24.0%  3516 1580s
   188   216 1439.45243   21 4212 1164.00000 1443.13349  24.0%  3500 1619s
   193   216 1404.89967   21 3818 1164.00000 1443.13349  24.0%  3479 1632s
   215   250 1439.37626   26 4226 1164.00000 1443.13349  24.0%  3246 1711s
   218   250 1426.64246   22 3963 1164.00000 1443.13349  24.0%  3216 1719s
   249   277 1439.09008   29 4215 1164.00000 1443.13349  24.0%  2923 1836s
   251   277 1424.43895   24 3981 1164.00000 1443.13349  24.0%  2914 1841s
   260   277 1432.91040   27 3970 1164.00000 1443.13349  24.0%  2861 1865s
   264   277 1429.39385   34 3963 1164.00000 1443.13349  24.0%  2849 1876s
   276   294 1438.91756   31 4179 1164.00000 1443.13349  24.0%  2802 1961s
   293   314 1435.21430   31 4191 1164.00000 1443.13349  24.0%  2845 2031s
   313   335 1438.67594   32 4171 1164.00000 1443.13349  24.0%  2771 2109s
   315   335 1415.39528   28 3923 1164.00000 1443.13349  24.0%  2775 2114s
   321   335 1429.25328   36 3952 1164.00000 1443.13349  24.0%  2767 2130s
   334   357 1438.46023   34 4140 1164.00000 1443.13349  24.0%  2707 2206s
   341   357 1417.55421   22 3974 1164.00000 1443.13349  24.0%  2690 2225s
   356   387 1438.21424   36 4191 1164.00000 1443.13349  24.0%  2669 2324s
   359   387 1419.57389   29 3972 1164.00000 1443.13349  24.0%  2661 2332s
   386   426 1437.87186   39 4176 1164.00000 1443.13349  24.0%  2611 2431s
   425   463 1437.58207   42 4178 1164.00000 1443.13349  24.0%  2465 2559s
   438   463 1431.11536   50 3932 1164.00000 1443.13349  24.0%  2435 2593s
   462   503 1437.35324   46 4176 1164.00000 1443.13349  24.0%  2356 2684s
   474   503 1414.00598   30 3959 1164.00000 1443.13349  24.0%  2327 2716s
   502   545 1437.07115   49 4184 1164.00000 1443.13349  24.0%  2254 2818s
   506   545 1418.50455   40 3928 1164.00000 1443.13349  24.0%  2246 2829s
   524   545 1427.27781   75 3899 1164.00000 1443.13349  24.0%  2205 2877s
   540   545 1327.68145   67 3210 1164.00000 1443.13349  24.0%  2162 2919s
   542   545 1327.35825   69 3194 1164.00000 1443.13349  24.0%  2162 2923s
   544   589 1436.92282   53 4150 1164.00000 1443.13349  24.0%  2161 2956s
   548   589 1417.85000   44 3930 1164.00000 1443.13349  24.0%  2157 2967s
   551   589 1433.22839   69 4003 1164.00000 1443.13349  24.0%  2152 2975s
H  588   634                    1165.0000000 1443.13349  23.9%  2072 3106s
   607   634 1430.10177   75 3955 1165.00000 1443.13349  23.9%  2046 3157s
H  611   634                    1167.0000000 1443.13349  23.7%  2044 3167s
   621   634 1421.21210  103 3864 1167.00000 1443.13349  23.7%  2023 3194s
   633   687 1436.50186   61 4152 1167.00000 1443.13349  23.7%  2002 3256s
   646   687 1412.97211   43 3931 1167.00000 1443.13349  23.7%  1986 3291s
H  686   742                    1169.0000000 1443.13349  23.5%  1915 3432s
   690   742 1417.08617   57 3976 1169.00000 1443.13349  23.5%  1913 3442s
H  700   742                    1170.0000000 1443.13349  23.3%  1898 3469s
   732   742 1326.66933   89 3194 1170.00000 1443.13349  23.3%  1849 3554s
   734   742 1326.63316   91 3229 1170.00000 1443.13349  23.3%  1847 3558s
   736   742 1326.62658   93 3222 1170.00000 1443.13349  23.3%  1843 3562s
   738   742 1326.61778   95 3208 1170.00000 1443.13349  23.3%  1840 3566s
   740   742 1325.36968   97 3165 1170.00000 1443.13349  23.3%  1843 3571s
   741   785 1436.15909   69 4144 1170.00000 1443.13349  23.3%  1842 3602s
   745   785 1416.90902   62 3949 1170.00000 1443.13349  23.3%  1838 3613s
   752   785 1412.39945   49 3910 1170.00000 1443.13349  23.3%  1835 3632s

Cutting planes:
  Cover: 1420
  MIR: 1236
  StrongCG: 83
  GUB cover: 2061
  Zero half: 3
  RLT: 3401
  Lazy constraints: 82

Explored 784 nodes (1493786 simplex iterations) in 3712.02 seconds (2797.30 work units)
Thread count was 8 (of 8 available processors)

Solution count 10: 1170 1169 1167 ... 1133

Time limit reached
Best objective 1.170000000000e+03, best bound 1.443000000000e+03, gap 23.3333%

User-callback calls 423286, time in user-callback 2125.94 sec
