
Gurobi 9.5.1 (linux64) logging started Tue Jun 21 17:11:54 2022

Set parameter LogFile to value "../results/logs/log_Gowalla_edges_20_15_2022_06_21_12_08.log"
Gurobi Optimizer version 9.5.1 build v9.5.1rc2 (linux64)
Thread count: 8 physical cores, 8 logical processors, using up to 8 threads
Optimize a model with 24219 rows, 393182 columns and 945407 nonzeros
Model fingerprint: 0x2f315182
Variable types: 0 continuous, 393182 integer (393182 binary)
Coefficient statistics:
  Matrix range     [1e+00, 2e+01]
  Objective range  [1e+00, 1e+00]
  Bounds range     [1e+00, 1e+00]
  RHS range        [1e+00, 2e+01]
Found heuristic solution: objective 8161.0000000
Presolve removed 395 rows and 329056 columns
Presolve time: 1.61s
Presolved: 23824 rows, 64126 columns, 417283 nonzeros
Found heuristic solution: objective 8162.0000000
Variable types: 0 continuous, 64126 integer (54248 binary)

Deterministic concurrent LP optimizer: primal and dual simplex
Showing first log only...

Warning: Markowitz tolerance tightened to 0.03125
Warning: Markowitz tolerance tightened to 0.125

Root simplex log...

Iteration    Objective       Primal Inf.    Dual Inf.      Time
    9376    9.7765286e+03   0.000000e+00   2.011813e+07      5s
   10682    1.0885508e+04   0.000000e+00   3.159513e+06     10s
   11770    1.1572536e+04   0.000000e+00   8.619057e+05     16s
   12439    1.1960572e+04   0.000000e+00   1.933902e+04     20s
   13192    1.2366881e+04   0.000000e+00   5.963260e+03     26s
   13852    1.2692513e+04   0.000000e+00   3.836686e+04     31s
   14596    1.3017373e+04   0.000000e+00   1.628879e+02     37s
   14872    1.3129546e+04   0.000000e+00   0.000000e+00     39s
   14872    1.3129546e+04   0.000000e+00   0.000000e+00     39s
Concurrent spin time: 1.28s

Solved with primal simplex

Root relaxation: objective 1.312955e+04, 14872 iterations, 37.64 seconds (68.14 work units)

    Nodes    |    Current Node    |     Objective Bounds      |     Work
 Expl Unexpl |  Obj  Depth IntInf | Incumbent    BestBd   Gap | It/Node Time

     0     0 13129.5459    0 9812 8162.00000 13129.5459  60.9%     -   44s
H    0     0                    8265.0000000 13129.5459  58.9%     -   69s
H    0     0                    8287.0000000 12239.7815  47.7%     -   85s
     0     0 12239.7815    0 9480 8287.00000 12239.7815  47.7%     -   86s
H    0     0                    8288.0000000 12239.7815  47.7%     -   88s
H    0     0                    8299.0000000 11434.4069  37.8%     -  106s
     0     0 11434.4069    0 9515 8299.00000 11434.4069  37.8%     -  106s
     0     0 10719.4113    0 9418 8299.00000 10719.4113  29.2%     -  125s
     0     0 10173.8375    0 9135 8299.00000 10173.8375  22.6%     -  149s
     0     0 9885.13756    0 8646 8299.00000 9885.13756  19.1%     -  163s
     0     0 9740.80770    0 7806 8299.00000 9740.80770  17.4%     -  173s
     0     0 9681.57636    0 6723 8299.00000 9681.57636  16.7%     -  200s
     0     0 9654.84801    0 5596 8299.00000 9654.84801  16.3%     -  217s
     0     0 9635.93969    0 4484 8299.00000 9635.93969  16.1%     -  232s
     0     0 9633.73732    0 3867 8299.00000 9633.73732  16.1%     -  239s
     0     0 9632.81648    0 4087 8299.00000 9632.81648  16.1%     -  244s
     0     0 9632.39932    0 3645 8299.00000 9632.39932  16.1%     -  248s
     0     0 9632.16105    0 3402 8299.00000 9632.16105  16.1%     -  249s
     0     0 9632.08333    0 3405 8299.00000 9632.08333  16.1%     -  249s
H    0     0                    8327.0000000 9269.60097  11.3%     -  406s
     0     0 9269.60097    0 4685 8327.00000 9269.60097  11.3%     -  406s
     0     0 9037.72491    0 4541 8327.00000 9037.72491  8.54%     -  438s
H    0     0                    8333.0000000 8982.90865  7.80%     -  451s
     0     0 8982.90865    0 4564 8333.00000 8982.90865  7.80%     -  452s
     0     0 8961.13375    0 4639 8333.00000 8961.13375  7.54%     -  458s
     0     0 8948.33615    0 4177 8333.00000 8948.33615  7.38%     -  463s
     0     0 8945.75294    0 4374 8333.00000 8945.75294  7.35%     -  467s
H    0     0                    8339.0000000 8945.75294  7.28%     -  510s
     0     0 8865.00757    0 3797 8339.00000 8865.00757  6.31%     -  573s
H    0     0                    8360.0000000 8865.00757  6.04%     -  595s
     0     0 8827.14049    0 4870 8360.00000 8827.14049  5.59%     -  661s
     0     0 8808.30349    0 4874 8360.00000 8808.30349  5.36%     -  691s
     0     0 8796.60833    0 4640 8360.00000 8796.60833  5.22%     -  714s
     0     0 8787.65806    0 5013 8360.00000 8787.65806  5.12%     -  761s
     0     0 8783.37755    0 4528 8360.00000 8783.37755  5.06%     -  797s
     0     0 8777.71561    0 4609 8360.00000 8777.71561  5.00%     -  829s
     0     0 8776.47309    0 4382 8360.00000 8776.47309  4.98%     -  843s
     0     0 8759.15246    0 4641 8360.00000 8759.15246  4.77%     -  921s
     0     0 8748.82621    0 5123 8360.00000 8748.82621  4.65%     -  933s
     0     0 8743.87623    0 5304 8360.00000 8743.87623  4.59%     -  940s
     0     0 8739.77787    0 5636 8360.00000 8739.77787  4.54%     -  946s
     0     0 8733.68883    0 5469 8360.00000 8733.68883  4.47%     -  953s
     0     0 8733.68883    0 5469 8360.00000 8733.68883  4.47%     -  962s
H    0     0                    8397.0000000 8729.51275  3.96%     - 1061s
     0     2 8729.51275    0 5469 8397.00000 8729.51275  3.96%     - 1089s
     1     3 8729.51275    1 5365 8397.00000 8729.51275  3.96%   346 1096s
     6    12 8727.95120    3 5283 8397.00000 8729.51275  3.96%   950 1120s
    12    18 8720.48209    4 6126 8397.00000 8727.58837  3.94%  2487 1194s
    20    24 8716.96223    5 6407 8397.00000 8723.46273  3.89%  5109 1246s
    28    32 8716.73871    6 6462 8397.00000 8720.40075  3.85%  5085 1297s
H   31    32                    8399.0000000 8720.40075  3.83%  4610 1297s
    36    40 8716.66235    7 6461 8399.00000 8720.40075  3.83%  4306 1312s
    44    54 8716.66193    8 6449 8399.00000 8720.40075  3.83%  3663 1315s
    59    66 8700.49625   10 6023 8399.00000 8720.40075  3.83%  2796 1322s
    72    78 8715.83827   10 6466 8399.00000 8720.40075  3.83%  2340 1333s
    85    94 8714.21865   12 6487 8399.00000 8720.40075  3.83%  2053 1338s
   102   112 8713.75927   15 6429 8399.00000 8720.40075  3.83%  1749 1349s
   120   131 8711.73857   17 6429 8399.00000 8720.40075  3.83%  1540 1355s
   139   152 8691.68538   20 6289 8399.00000 8720.40075  3.83%  1375 1363s
   161   169 8691.63724   21 6414 8399.00000 8720.40075  3.83%  1237 1374s
   178   182 8703.58733   21 6437 8399.00000 8720.40075  3.83%  1145 1398s
   193   202 8699.80749   23 6422 8399.00000 8720.40075  3.83%  1145 1414s
   213   221 8696.36682   27 6452 8399.00000 8720.40075  3.83%  1087 1466s
H  228   221                    8401.0000000 8720.40075  3.80%  1123 1466s
   237   244 8695.40930   28 6483 8401.00000 8720.40075  3.80%  1087 1487s
   261   265 8695.16531   29 6459 8401.00000 8720.40075  3.80%  1036 1503s
   288   273 8694.24623   30 6466 8401.00000 8720.40075  3.80%   988 1601s
   296   292 8659.72164   31 5367 8401.00000 8720.40075  3.80%  1012 1645s
   315   321 8694.12658   31 6473 8401.00000 8720.40075  3.80%  1013 1665s
   344   339 8691.78281   37 6424 8401.00000 8720.40075  3.80%   974 1683s
   364   370 8687.81757   40 6345 8401.00000 8720.40075  3.80%   960 1705s
   395   401 8687.33733   41 6346 8401.00000 8720.40075  3.80%   923 1720s
H  430   428                    8404.0000000 8720.40075  3.76%   878 1739s
   457   460 8680.83796   45 6539 8404.00000 8720.40075  3.76%   857 1755s
   497   486 8679.29058   53 6402 8404.00000 8720.40075  3.76%   818 1922s
   523   493 8663.36593   55 5938 8404.00000 8720.40075  3.76%   808 1950s
   531   523 8673.04291   56 6357 8404.00000 8720.40075  3.76%   839 1975s
   563   562 8672.52368   57 6388 8404.00000 8720.40075  3.76%   826 1996s
   602   588 8670.89813   61 6295 8404.00000 8720.40075  3.76%   802 2026s
   628   617 8669.41859   62 6275 8404.00000 8720.40075  3.76%   812 2050s
   657   662 8664.43878   68 6257 8404.00000 8720.40075  3.76%   812 2070s
   702   714 8662.51885   71 6427 8404.00000 8720.40075  3.76%   787 2092s
   755   754 8658.99276   82 6214 8404.00000 8720.40075  3.76%   760 2113s
   796   822 8657.07715   88 6122 8404.00000 8720.40075  3.76%   740 2139s
   866   885 8655.43786   97 6058 8404.00000 8720.40075  3.76%   707 2170s
   929   933 8654.05415  105 5884 8404.00000 8720.40075  3.76%   686 2201s
   979   978 8652.87859  110 5954 8404.00000 8720.40075  3.76%   679 2264s
  1026  1040 8647.38282  120 5816 8404.00000 8720.40075  3.76%   686 2289s
  1090  1111 8648.82246  126 5877 8404.00000 8720.40075  3.76%   666 2318s
  1170  1178 8645.88583  141 5839 8404.00000 8720.40075  3.76%   645 2345s
  1241  1207 8643.13016  146 6169 8404.00000 8720.40075  3.76%   632 2380s
  1271  1278 8643.46259  147 6093 8404.00000 8720.40075  3.76%   641 2421s
  1343  1339 8642.75854  150 6227 8404.00000 8720.40075  3.76%   630 2473s
  1406  1410 8640.32290  159 6237 8404.00000 8720.40075  3.76%   628 2525s
  1477  1464 8637.51212  165 6060 8404.00000 8720.40075  3.76%   622 2585s
  1533  1482 8633.86617  170 6069 8404.00000 8720.40075  3.76%   626 2677s
  1552  1532 8632.61122  172 6115 8404.00000 8720.40075  3.76%   640 2735s
  1602  1597 8620.29080  179 5362 8404.00000 8720.40075  3.76%   646 2818s
  1667  1668 8605.62430  191 5187 8404.00000 8720.40075  3.76%   651 2888s
  1738  1748 8608.05028  200 5265 8404.00000 8720.40075  3.76%   654 2961s
  1820  1867 8604.92833  208 5151 8404.00000 8720.40075  3.76%   651 3026s
  1943  1970 8598.88544  227 5255 8404.00000 8720.40075  3.76%   636 3099s
  2052  2055 8593.64742  242 4912 8404.00000 8720.40075  3.76%   630 3150s
  2143  2164 8589.01733  252 4769 8404.00000 8720.40075  3.76%   626 3199s
  2267  2255 8583.05033  266 4224 8404.00000 8720.40075  3.76%   614 3290s
  2360  2322 8574.47184  281 4235 8404.00000 8720.40075  3.76%   619 3357s
  2433  2429 8564.20421  289 3227 8404.00000 8720.40075  3.76%   627 3423s
  2549  2574 8566.29594  296 4203 8404.00000 8720.40075  3.76%   623 3491s
  2703  2731 8563.22601  307 3988 8404.00000 8720.40075  3.76%   611 3556s
  2875  2732 8559.53695  317 3702 8404.00000 8720.40075  3.76%   597 3600s

Cutting planes:
  Gomory: 8
  Lift-and-project: 5
  Cover: 810
  Implied bound: 383
  MIR: 3988
  StrongCG: 206
  GUB cover: 2937
  Zero half: 27
  RLT: 5081
  Relax-and-lift: 5

Explored 2886 nodes (1801965 simplex iterations) in 3600.05 seconds (5398.20 work units)
Thread count was 8 (of 8 available processors)

Solution count 10: 8404 8401 8399 ... 8288

Time limit reached
Best objective 8.404000000000e+03, best bound 8.720000000000e+03, gap 3.7601%

Gurobi 9.5.1 (linux64) logging started Wed Jun 22 05:24:53 2022

Set parameter LogFile to value "../results/logs/log_Gowalla_edges_20_15_2022_06_21_12_08.log"
Gurobi Optimizer version 9.5.1 build v9.5.1rc2 (linux64)
Thread count: 8 physical cores, 8 logical processors, using up to 8 threads
Optimize a model with 23417 rows, 393182 columns and 925674 nonzeros
Model fingerprint: 0x77573bb3
Variable types: 0 continuous, 393182 integer (393182 binary)
Coefficient statistics:
  Matrix range     [1e+00, 2e+01]
  Objective range  [1e+00, 1e+00]
  Bounds range     [1e+00, 1e+00]
  RHS range        [1e+00, 2e+01]
Found heuristic solution: objective 8161.0000000
Presolve removed 299 rows and 331154 columns
Presolve time: 1.27s
Presolved: 23118 rows, 62028 columns, 407009 nonzeros
Found heuristic solution: objective 8166.0000000
Variable types: 0 continuous, 62028 integer (52534 binary)

Deterministic concurrent LP optimizer: primal and dual simplex
Showing first log only...

Warning: Markowitz tolerance tightened to 0.125

Root simplex log...

Iteration    Objective       Primal Inf.    Dual Inf.      Time
    9572    1.0305277e+04   0.000000e+00   7.686927e+05      5s
   10732    1.1083774e+04   0.000000e+00   5.183315e+07     10s
   11636    1.1632383e+04   0.000000e+00   2.439626e+04     16s
   12330    1.2013971e+04   0.000000e+00   1.307205e+04     20s
   13165    1.2499569e+04   0.000000e+00   4.293108e+08     26s
   13818    1.2800399e+04   0.000000e+00   8.793283e+05     30s
   14519    1.3115559e+04   0.000000e+00   0.000000e+00     36s
   14519    1.3115559e+04   0.000000e+00   0.000000e+00     36s
Concurrent spin time: 1.93s

Solved with primal simplex

Root relaxation: objective 1.311556e+04, 14519 iterations, 34.39 seconds (60.99 work units)

    Nodes    |    Current Node    |     Objective Bounds      |     Work
 Expl Unexpl |  Obj  Depth IntInf | Incumbent    BestBd   Gap | It/Node Time

     0     0 13115.5587    0 9477 8166.00000 13115.5587  60.6%     -   41s
H    0     0                    8265.0000000 13115.5587  58.7%     -   62s
     0     0 12235.1404    0 9131 8265.00000 12235.1404  48.0%     -   80s
H    0     0                    8267.0000000 12235.1404  48.0%     -   82s
H    0     0                    8279.0000000 11444.4345  38.2%     -   97s
H    0     0                    8304.0000000 11444.4345  37.8%     -   98s
     0     0 11444.4345    0 9168 8304.00000 11444.4345  37.8%     -   98s
     0     0 10729.4933    0 9068 8304.00000 10729.4933  29.2%     -  119s
     0     0 10175.5170    0 8803 8304.00000 10175.5170  22.5%     -  141s
     0     0 9877.01481    0 8342 8304.00000 9877.01481  18.9%     -  155s
     0     0 9732.19480    0 7590 8304.00000 9732.19480  17.2%     -  166s
     0     0 9674.87079    0 6273 8304.00000 9674.87079  16.5%     -  174s
     0     0 9648.78250    0 5231 8304.00000 9648.78250  16.2%     -  180s
     0     0 9633.11063    0 4403 8304.00000 9633.11063  16.0%     -  184s
     0     0 9630.93962    0 4326 8304.00000 9630.93962  16.0%     -  186s
     0     0 9630.17737    0 4215 8304.00000 9630.17737  16.0%     -  187s
     0     0 9629.91969    0 3932 8304.00000 9629.91969  16.0%     -  188s
     0     0 9629.82140    0 3496 8304.00000 9629.82140  16.0%     -  189s
     0     0 9328.99928    0 4211 8304.00000 9328.99928  12.3%     -  197s
H    0     0                    8321.0000000 9130.38281  9.73%     -  220s
H    0     0                    8327.0000000 9130.38281  9.65%     -  220s
     0     0 9130.38281    0 4629 8327.00000 9130.38281  9.65%     -  220s
     0     0 9013.17234    0 4814 8327.00000 9013.17234  8.24%     -  226s
H    0     0                    8329.0000000 8980.71641  7.82%     -  231s
     0     0 8980.71641    0 4440 8329.00000 8980.71641  7.82%     -  231s
     0     0 8954.25498    0 4500 8329.00000 8954.25498  7.51%     -  239s
H    0     0                    8331.0000000 8942.52288  7.34%     -  243s
     0     0 8942.52288    0 4407 8331.00000 8942.52288  7.34%     -  243s
     0     0 8938.74321    0 3914 8331.00000 8938.74321  7.29%     -  248s
     0     0 8937.09350    0 4321 8331.00000 8937.09350  7.28%     -  250s
     0     0 8854.68838    0 4333 8331.00000 8854.68838  6.29%     -  283s
H    0     0                    8367.0000000 8854.68838  5.83%     -  303s
     0     0 8820.61259    0 4359 8367.00000 8820.61259  5.42%     -  309s
     0     0 8802.83935    0 4702 8367.00000 8802.83935  5.21%     -  317s
     0     0 8791.50529    0 4732 8367.00000 8791.50529  5.07%     -  325s
     0     0 8784.86584    0 4790 8367.00000 8784.86584  4.99%     -  332s
     0     0 8778.15954    0 5108 8367.00000 8778.15954  4.91%     -  343s
     0     0 8775.63315    0 4832 8367.00000 8775.63315  4.88%     -  347s
     0     0 8757.58794    0 5297 8367.00000 8757.58794  4.67%     -  373s
     0     0 8747.15103    0 5195 8367.00000 8747.15103  4.54%     -  381s
     0     0 8741.93629    0 5722 8367.00000 8741.93629  4.48%     -  389s
     0     0 8738.54110    0 5491 8367.00000 8738.54110  4.44%     -  397s
     0     0 8732.12060    0 5773 8367.00000 8732.12060  4.36%     -  405s
     0     0 8732.12060    0 5773 8367.00000 8732.12060  4.36%     -  413s
H    0     0                    8384.0000000 8728.38610  4.11%     -  507s
H    0     2                    8386.0000000 8728.38610  4.08%     -  530s
     0     2 8728.38610    0 5773 8386.00000 8728.38610  4.08%     -  530s
     3     8 8728.01632    2 5618 8386.00000 8728.38610  4.08%   810  543s
     7    16 8719.37024    3 6232 8386.00000 8726.87082  4.06%  2109  587s
    15    24 8715.54589    4 6423 8386.00000 8719.20315  3.97%  4111  654s
    23    32 8706.40487    4 6171 8386.00000 8715.54589  3.93%  5810 1135s
    31    40 8715.54005    5 6386 8386.00000 8715.54522  3.93%  8591 1178s
H   33    40                    8389.0000000 8715.54522  3.89%  8070 1178s
    39    48 8715.18210    6 6472 8389.00000 8715.54522  3.89%  6882 1182s
    47    64 8714.86987    7 6475 8389.00000 8715.54522  3.89%  5765 1188s
    63    72 8712.99293    9 6322 8389.00000 8715.54522  3.89%  4392 1233s
    71    85 8712.72277   10 6320 8389.00000 8715.54522  3.89%  4069 1261s
    84   107 8711.59824   12 6328 8389.00000 8715.54522  3.89%  3614 1267s
   106   131 8710.37832   14 6262 8389.00000 8715.54522  3.89%  2909 1271s
   130   147 8710.25010   17 6294 8389.00000 8715.54522  3.89%  2391 1301s
   146   174 8708.85478   20 6260 8389.00000 8715.54522  3.89%  2259 1328s
   173   195 8707.51270   24 6282 8389.00000 8715.54522  3.89%  1975 1401s
H  176   195                    8392.0000000 8715.54522  3.86%  1945 1401s
   194   218 8706.88595   27 6286 8392.00000 8715.54522  3.86%  1812 1451s
   218   232 8700.92082   28 6259 8392.00000 8715.54522  3.86%  1716 1468s
   232   259 8706.42367   29 6298 8392.00000 8715.54522  3.86%  1662 1509s
   260   307 8706.01148   30 6276 8392.00000 8715.54522  3.86%  1566 1525s
   308   346 8704.69688   37 6201 8392.00000 8715.54522  3.86%  1358 1537s
   348   378 8704.01541   42 6233 8392.00000 8715.54522  3.86%  1233 1572s
   380   400 8701.52005   49 6243 8392.00000 8715.54522  3.86%  1186 1604s
   406   427 8701.12383   50 6254 8392.00000 8715.54522  3.86%  1159 1634s
   435   465 8700.86683   53 6353 8392.00000 8715.54522  3.86%  1118 1654s
   475   476 8697.05748   59 6128 8392.00000 8715.54522  3.86%  1057 1718s
   486   509 8696.80314   60 6179 8392.00000 8715.54522  3.86%  1045 1754s
   521   545 8694.62380   62 6108 8392.00000 8715.54522  3.86%  1013 1784s
   561   587 8690.42474   68 6192 8392.00000 8715.54522  3.86%   974 1813s
   603   614 8687.47678   75 6338 8392.00000 8715.54522  3.86%   939 1858s
   630   641 8684.98780   78 6252 8392.00000 8715.54522  3.86%   947 1885s
   661   675 8680.95861   80 6209 8392.00000 8715.54522  3.86%   929 1932s
   707   705 8673.72544   84 6163 8392.00000 8715.54522  3.86%   904 1988s
   740   756 8670.28828   89 6228 8392.00000 8715.54522  3.86%   911 2026s
   791   815 8668.66219   93 6154 8392.00000 8715.54522  3.86%   884 2062s
   850   823 8666.25843  103 6271 8392.00000 8715.54522  3.86%   849 2361s
H  854   823                    8394.0000000 8715.54522  3.83%   850 2361s
   858   886 8666.15321  104 6241 8394.00000 8715.54522  3.83%   848 2395s
   921   919 8661.89137  111 6241 8394.00000 8715.54522  3.83%   815 2433s
   954   971 8654.21930  114 5971 8394.00000 8715.54522  3.83%   813 2478s
  1006  1027 8651.09491  122 6075 8394.00000 8715.54522  3.83%   797 2512s
  1062  1082 8644.35735  127 5993 8394.00000 8715.54522  3.83%   779 2562s
  1117  1123 8639.79340  132 5986 8394.00000 8715.54522  3.83%   771 2632s
  1159  1209 8638.59549  134 6030 8394.00000 8715.54522  3.83%   769 2673s
  1245  1285 8635.31065  146 6030 8394.00000 8715.54522  3.83%   740 2717s
  1321  1365 8632.09554  156 6033 8394.00000 8715.54522  3.83%   722 2761s
  1401  1439 8629.55860  164 5969 8394.00000 8715.54522  3.83%   704 2814s
  1475  1529 8617.90690  171 5841 8394.00000 8715.54522  3.83%   696 2861s
  1567  1562 8567.39939  177 4844 8394.00000 8715.54522  3.83%   680 2920s
  1607  1598 8603.82616  177 5730 8394.00000 8715.54522  3.83%   695 3044s
  1658  1644 8596.34950  179 5496 8394.00000 8715.54522  3.83%   708 3114s
  1706  1714 8594.83301  180 5445 8394.00000 8715.54522  3.83%   718 3210s
  1784  1763 8580.56775  183 5082 8394.00000 8715.54522  3.83%   723 3277s
  1843  1863 8577.52788  186 5091 8394.00000 8715.54522  3.83%   723 3359s
  1950  1918 8520.07143  198 2292 8394.00000 8715.54522  3.83%   713 3442s
  2022  2032 8555.96953  199 4423 8394.00000 8715.54522  3.83%   715 3515s
  2145  2119 8538.71240  215 3418 8394.00000 8715.54522  3.83%   701 3600s

Cutting planes:
  Gomory: 7
  Lift-and-project: 3
  Cover: 819
  Implied bound: 334
  MIR: 4049
  StrongCG: 197
  GUB cover: 2893
  Zero half: 27
  RLT: 4843
  Relax-and-lift: 5

Explored 2232 nodes (1626831 simplex iterations) in 3600.06 seconds (5604.06 work units)
Thread count was 8 (of 8 available processors)

Solution count 10: 8394 8392 8389 ... 8321

Time limit reached
Best objective 8.394000000000e+03, best bound 8.715000000000e+03, gap 3.8242%
