
Gurobi 9.5.1 (linux64) logging started Tue Jun  7 15:48:12 2022

Set parameter LogFile to value "../results/logs/log_socfb-Northeastern19_33_32_2022_06_07_14_43.log"
Gurobi Optimizer version 9.5.1 build v9.5.1rc2 (linux64)
Thread count: 8 physical cores, 8 logical processors, using up to 8 threads
Optimize a model with 2493 rows, 27764 columns and 107718 nonzeros
Model fingerprint: 0xd33798af
Variable types: 0 continuous, 27764 integer (27764 binary)
Coefficient statistics:
  Matrix range     [1e+00, 3e+01]
  Objective range  [1e+00, 1e+00]
  Bounds range     [1e+00, 1e+00]
  RHS range        [1e+00, 3e+01]
Found heuristic solution: objective 7008.0000000
Presolve removed 50 rows and 22259 columns
Presolve time: 0.06s
Presolved: 2443 rows, 5505 columns, 28996 nonzeros
Variable types: 0 continuous, 5505 integer (5094 binary)
Found heuristic solution: objective 7037.0000000

Root relaxation: objective 7.692064e+03, 3446 iterations, 0.20 seconds (0.31 work units)

    Nodes    |    Current Node    |     Objective Bounds      |     Work
 Expl Unexpl |  Obj  Depth IntInf | Incumbent    BestBd   Gap | It/Node Time

     0     0 7692.06418    0  993 7037.00000 7692.06418  9.31%     -    0s
H    0     0                    7065.0000000 7692.06418  8.88%     -    0s
H    0     0                    7100.0000000 7692.06418  8.34%     -    0s
H    0     0                    7101.0000000 7363.58078  3.70%     -    1s
     0     0 7363.58078    0  875 7101.00000 7363.58078  3.70%     -    1s
H    0     0                    7130.0000000 7363.58078  3.28%     -    1s
     0     0 7308.31529    0  917 7130.00000 7308.31529  2.50%     -    1s
     0     0 7304.21317    0  955 7130.00000 7304.21317  2.44%     -    1s
     0     0 7302.82486    0  986 7130.00000 7302.82486  2.42%     -    2s
     0     0 7302.46608    0  963 7130.00000 7302.46608  2.42%     -    2s
     0     0 7302.36179    0 1016 7130.00000 7302.36179  2.42%     -    2s
H    0     0                    7144.0000000 7262.50198  1.66%     -    3s
     0     0 7262.50198    0 1227 7144.00000 7262.50198  1.66%     -    3s
     0     0 7255.34403    0 1224 7144.00000 7255.34403  1.56%     -    4s
     0     0 7253.40297    0 1222 7144.00000 7253.40297  1.53%     -    4s
     0     0 7252.81945    0 1273 7144.00000 7252.81945  1.52%     -    5s
H    0     0                    7148.0000000 7252.49033  1.46%     -    5s
     0     0 7252.49033    0 1327 7148.00000 7252.49033  1.46%     -    5s
H    0     0                    7150.0000000 7240.08963  1.26%     -    7s
     0     0 7240.08963    0 1390 7150.00000 7240.08963  1.26%     -    7s
H    0     0                    7151.0000000 7240.08963  1.25%     -    7s
     0     0 7236.01620    0 1416 7151.00000 7236.01620  1.19%     -    8s
     0     0 7234.59714    0 1448 7151.00000 7234.59714  1.17%     -    8s
     0     0 7233.52445    0 1524 7151.00000 7233.52445  1.15%     -    9s
     0     0 7233.08063    0 1517 7151.00000 7233.08063  1.15%     -    9s
     0     0 7229.09578    0 1496 7151.00000 7229.09578  1.09%     -   11s
     0     0 7227.57061    0 1538 7151.00000 7227.57061  1.07%     -   12s
H    0     0                    7152.0000000 7227.02088  1.05%     -   13s
     0     0 7227.02088    0 1626 7152.00000 7227.02088  1.05%     -   13s
     0     0 7225.11994    0 1594 7152.00000 7225.11994  1.02%     -   14s
     0     0 7225.11994    0 1592 7152.00000 7225.11994  1.02%     -   14s
H    0     0                    7153.0000000 7225.11493  1.01%     -   17s
     0     2 7225.11493    0 1592 7153.00000 7225.11493  1.01%     -   17s
     3     8 7223.94280    2 1607 7153.00000 7224.78802  1.00%  1513   20s
    23    32 7215.95103    5 1871 7153.00000 7222.46105  0.97%  3812   26s
H   31    40                    7154.0000000 7222.46105  0.96%  3407   28s
H   35    40                    7156.0000000 7222.46105  0.93%  3149   28s
    39    48 7221.31883    6 1906 7156.00000 7222.46105  0.93%  2973   31s
    55    69 7221.49095    7 1887 7156.00000 7222.46105  0.93%  2821   37s
    68    80 7221.32210    9 1889 7156.00000 7222.46105  0.93%  2394   40s
   100   113 7220.52057   11 1889 7156.00000 7222.46105  0.93%  2254   45s
   138   156 7220.12563   17 1814 7156.00000 7222.46105  0.93%  1990   50s
H  166   177                    7157.0000000 7222.46105  0.91%  1821   52s
   202   218 7218.08888   23 1787 7157.00000 7222.46105  0.91%  1612   55s
   267   287 7218.22672   26 1789 7157.00000 7222.46105  0.91%  1397   60s
   354   351 7217.28285   31 1809 7157.00000 7222.46105  0.91%  1244   65s
   390   404 7216.79165   33 1849 7157.00000 7222.46105  0.91%  1228   70s
H  445   417                    7158.0000000 7222.46105  0.90%  1168   72s
   446   435 7216.44464   41 1796 7158.00000 7222.46105  0.90%  1172   75s
   493   496 7216.12574   48 1777 7158.00000 7222.46105  0.90%  1154   82s
   561   542 7215.62455   54 1696 7158.00000 7222.46105  0.90%  1116   88s
   584   571 7215.06722   56 1732 7158.00000 7222.46105  0.90%  1120   90s
   656   648 7214.69920   63 1677 7158.00000 7222.46105  0.90%  1081   95s
   729   734 7213.49535   72 1630 7158.00000 7222.46105  0.90%  1059  100s
   816   820 7212.45463   79 1637 7158.00000 7222.46105  0.90%  1031  106s
   862   869 7211.79423   82 1572 7158.00000 7222.46105  0.90%  1020  110s
   965   976 7210.32747   92 1560 7158.00000 7222.46105  0.90%   993  116s
  1086  1135 7209.19276  111 1502 7158.00000 7222.46105  0.90%   954  122s
  1177  1206 7208.56312  128 1467 7158.00000 7222.46105  0.90%   918  125s
  1346  1366 7206.70321  156 1271 7158.00000 7222.46105  0.90%   873  131s
  1510  1588 7203.81233  165 1086 7158.00000 7222.46105  0.90%   845  137s
  1632  1688 7202.41795  174 1056 7158.00000 7222.46105  0.90%   815  141s
  1853  1931 7198.42382  195  927 7158.00000 7222.46105  0.90%   779  148s
  2003  2066 7196.63421  211  843 7158.00000 7222.46105  0.90%   752  152s
  2156  2247 7190.57155  240  583 7158.00000 7222.46105  0.90%   727  157s
  2341  2447 7184.81014  285  471 7158.00000 7222.46105  0.90%   698  161s
  2554  2556     cutoff  330      7158.00000 7221.50168  0.89%   670  168s
  2679  2647 7215.22906    6 1978 7158.00000 7221.50168  0.89%   669  172s
  2772  2817 7213.32392   10 1898 7158.00000 7221.50168  0.89%   669  178s
H 2889  2816                    7159.0000000 7221.50168  0.87%   659  178s
H 2958  2882                    7160.0000000 7221.50168  0.86%   653  185s
  3047  2883 7196.14556  198 1592 7160.00000 7221.50168  0.86%   656  195s
  3052  2886 7203.12020  207 1278 7160.00000 7221.50168  0.86%   655  200s
  3057  2890 7199.21392   73 1685 7160.00000 7221.50168  0.86%   654  205s
  3064  2894 7190.17601  214 1590 7160.00000 7219.43151  0.83%   652  210s
  3071  2899 7199.24383   72 1832 7160.00000 7216.51909  0.79%   651  215s
  3076  2902 7175.56161  119 1763 7160.00000 7213.51126  0.75%   650  220s
  3083  2907 7202.37718  220 1821 7160.00000 7212.20970  0.73%   648  225s
  3091  2912 7211.22651   10 1956 7160.00000 7211.22651  0.72%   646  230s
  3096  2916 7210.07011   11 1912 7160.00000 7210.09883  0.70%   645  235s
  3103  2920 7167.69481  164 1899 7160.00000 7209.17721  0.69%   644  240s
  3111  2926 7173.68174  135 1904 7160.00000 7208.43413  0.68%   642  245s
  3117  2930 7194.36845  158 1902 7160.00000 7207.63360  0.67%   641  250s
  3124  2934 7181.48514  295 2020 7160.00000 7207.04218  0.66%   640  255s
  3130  2938 7206.18290   52 2031 7160.00000 7206.18290  0.65%   638  260s
  3137  2943 7172.75896  361 2030 7160.00000 7205.69564  0.64%   637  265s
  3143  2947 7178.07877  209 2020 7160.00000 7205.21665  0.63%   636  270s
  3149  2951 7184.63049  259 2030 7160.00000 7204.83195  0.63%   634  275s
  3155  2955 7171.67538   35 1976 7160.00000 7204.32658  0.62%   633  280s
  3162  2960 7203.93035   28 1987 7160.00000 7203.93035  0.61%   632  287s
  3167  2963 7203.75815   71 2045 7160.00000 7203.75815  0.61%   631  290s
  3170  2965 7177.84728  303 1975 7160.00000 7203.01248  0.60%   630  295s
  3176  2969 7175.56161  119 1887 7160.00000 7202.48604  0.59%   629  300s
  3184  2974 7184.63049  259 1959 7160.00000 7201.91693  0.59%   628  305s
  3191  2979 7201.55095   10 2025 7160.00000 7201.55095  0.58%   626  310s
  3199  2984 7201.24733   87 2030 7160.00000 7201.24733  0.58%   625  315s
  3211  2993 7173.68174  135  989 7160.00000 7201.01346  0.57%   694  320s
  3215  2996 7191.14756  242 1368 7160.00000 7201.01346  0.57%   693  325s
  3218  2998 7192.18396  173 1492 7160.00000 7201.01346  0.57%   693  330s
  3226  3003 7175.82024   19 1906 7160.00000 7201.01346  0.57%   691  335s
  3231  3007 7200.66892  159 1841 7160.00000 7200.66892  0.57%   690  340s
  3239  3012 7200.34588  138 2003 7160.00000 7200.34588  0.56%   688  345s
  3244  3015 7200.07286  213 1935 7160.00000 7200.07286  0.56%   687  350s
  3251  3020 7199.80188  113 1992 7160.00000 7199.80188  0.56%   686  355s
  3258  3025 7199.58783   67 2007 7160.00000 7199.58783  0.55%   684  360s
  3264  3029 7190.17601  214 1929 7160.00000 7199.35581  0.55%   683  365s
  3267  3034 7199.35535   25 1900 7160.00000 7199.35535  0.55%   708  375s
  3269  3037 7199.35535   26 1909 7160.00000 7199.35535  0.55%   711  383s
  3273  3038 7199.32447   27 1857 7160.00000 7199.34687  0.55%   717  387s
  3281  3040 7199.30033   28 1877 7160.00000 7199.30033  0.55%   719  390s
  3305  3048 7199.13611   30 1773 7160.00000 7199.16031  0.55%   738  395s
  3323  3062 7199.13602   31 1773 7160.00000 7199.13602  0.55%   746  401s
  3348  3080 7199.09676   33 1756 7160.00000 7199.09676  0.55%   752  405s
  3393  3108 7199.05222   35 1780 7160.00000 7199.05222  0.55%   759  410s
  3429  3123 7199.00192   37 1726 7160.00000 7199.01526  0.54%   761  417s
  3461  3143 7198.98839   38 1701 7160.00000 7198.98839  0.54%   762  420s
  3531  3177 7198.95380   41 1706 7160.00000 7198.96904  0.54%   762  428s
  3551  3179 7198.61912   42 1740 7160.00000 7198.96904  0.54%   763  431s
  3582  3210 7198.45983   43 1648 7160.00000 7198.96904  0.54%   770  439s
  3611  3209 7198.11046   44 1653 7160.00000 7198.96904  0.54%   773  445s
  3645  3246 7198.09258   45 1638 7160.00000 7198.96904  0.54%   786  451s
  3690  3278 7197.95892   47 1653 7160.00000 7198.96904  0.54%   792  456s
  3760  3328 7197.81296   49 1606 7160.00000 7198.96904  0.54%   794  460s
  3795  3345 7197.75270   50 1554 7160.00000 7198.96904  0.54%   794  466s
  3831  3350 7197.40819   51 1599 7160.00000 7198.96904  0.54%   796  470s
  3883  3403 7197.20258   53 1646 7160.00000 7198.96904  0.54%   808  476s
  3928  3411 7197.09042   54 1617 7160.00000 7198.96904  0.54%   808  482s
  3961  3429 7196.67442   55 1603 7160.00000 7198.96904  0.54%   812  485s
  4020  3479 7194.78495   57 1553 7160.00000 7198.96904  0.54%   819  493s
  4067  3495 7179.74870   58 1197 7160.00000 7198.96904  0.54%   821  501s
  4122  3493 7195.73679   59 1613 7160.00000 7198.96904  0.54%   821  507s
  4140  3506 7188.31413   60 1277 7160.00000 7198.96904  0.54%   833  511s
  4173  3536 7195.47256   60 1638 7160.00000 7198.96904  0.54%   837  517s
  4214  3546 7194.56951   62 1575 7160.00000 7198.96904  0.54%   843  523s
  4249  3567 7194.14504   63 1569 7160.00000 7198.96904  0.54%   852  527s
  4284  3600 7192.60112   64 1545 7160.00000 7198.96904  0.54%   858  532s
  4328  3619 7193.37313   66 1543 7160.00000 7198.96904  0.54%   863  542s
  4373  3620 7193.03150   67 1552 7160.00000 7198.96904  0.54%   872  549s
  4402  3632 7192.55901   68 1536 7160.00000 7198.96904  0.54%   880  555s
  4426  3662 7187.55342   69 1502 7160.00000 7198.96904  0.54%   893  561s
  4474  3683 7192.27332   71 1453 7160.00000 7198.96904  0.54%   898  567s
  4517  3715 7192.05236   73 1488 7160.00000 7198.96904  0.54%   905  573s
  4575  3758 7179.23533   74 1277 7160.00000 7198.96904  0.54%   911  579s
  4644  3777 7191.77052   76 1502 7160.00000 7198.96904  0.54%   912  585s
  4697  3812 7189.79037   78 1475 7160.00000 7198.96904  0.54%   918  591s
  4758  3847 7190.86943   81 1475 7160.00000 7198.96904  0.54%   923  601s
  4829  3865 7189.12267   84 1425 7160.00000 7198.96904  0.54%   929  609s
  4889  3920 7188.77819   87 1401 7160.00000 7198.96904  0.54%   937  616s
  4976  3920 7188.58497   89 1348 7160.00000 7198.96904  0.54%   941  626s
  5043  3948 7186.62759   93 1326 7160.00000 7198.96904  0.54%   948  637s
  5130  3959 7184.87762   96 1343 7160.00000 7198.96904  0.54%   953  650s
  5203  3976 7185.57715   99 1365 7160.00000 7198.96904  0.54%   961  660s
  5273  4005 7185.30518  102 1339 7160.00000 7198.96904  0.54%   970  673s
  5340  4057 7184.58339  106 1274 7160.00000 7198.96904  0.54%   980  681s
  5414  4141 7184.32927  111 1205 7160.00000 7198.96904  0.54%   987  691s
  5525  4230 7183.68013  118 1146 7160.00000 7198.96904  0.54%   989  699s
  5657  4324 7181.22437  124 1099 7160.00000 7198.96904  0.54%   990  711s
  5809  4425 7181.99234  130 1267 7160.00000 7198.96904  0.54%   990  720s
  5977  4500 7179.14742  134 1156 7160.00000 7198.96904  0.54%   990  729s
  6123  4518 7180.60905  137 1202 7160.00000 7198.96904  0.54%   988  743s
  6254  4555 7179.74818  143 1098 7160.00000 7198.96904  0.54%   998  753s
  6335  4639 7178.81326  147 1047 7160.00000 7198.96904  0.54%  1011  764s
  6448  4751 7177.75802  154 1035 7160.00000 7198.96904  0.54%  1020  779s
  6612  4805 7175.72989  161 1107 7160.00000 7198.96904  0.54%  1023  792s
  6732  4890 7176.02247  169 1023 7160.00000 7198.96904  0.54%  1036  804s
  6861  5069 7175.43294  178  978 7160.00000 7198.96904  0.54%  1047  817s
  7098  5184 7174.34880  187  983 7160.00000 7198.96904  0.54%  1045  830s
  7312  5246 7172.61399  200  807 7160.00000 7198.96904  0.54%  1048  849s
  7497  5286 7171.39180  216  641 7160.00000 7198.96904  0.54%  1059  865s
  7646  5380 7168.44869  234  602 7160.00000 7198.96904  0.54%  1074  880s
  7822  5469     cutoff  255      7160.00000 7198.92492  0.54%  1083  897s
  8048  5468 7184.81633   33 1560 7160.00000 7196.68717  0.51%  1089  918s
  8234  5480 7195.18211   37 2020 7160.00000 7196.67971  0.51%  1103  938s
  8332  5581 7192.42529   45 1843 7160.00000 7196.67971  0.51%  1120  957s
  8466  5728 7188.97083   59 1706 7160.00000 7196.67971  0.51%  1129  976s
  8657  5892 7183.48445   79 1456 7160.00000 7196.67971  0.51%  1134  997s
  8906  6045 7177.96673  110 1254 7160.00000 7196.67971  0.51%  1138 1021s
  9186  6082 7170.47706  160  871 7160.00000 7196.66280  0.51%  1143 1044s
  9369  6121 7192.57997   39 1884 7160.00000 7196.34053  0.51%  1158 1067s
  9487  6188 7187.39825   52 1692 7160.00000 7196.34053  0.51%  1180 1098s
  9625  6238 7170.76076   70 1540 7160.00000 7196.34053  0.51%  1199 1121s
  9751  6286 7161.52595  101 1165 7160.00000 7196.17324  0.51%  1222 1146s
  9897  6358 7179.00891   56 1507 7160.00000 7196.05136  0.50%  1241 1173s
 10057  6452 7168.16240   79 1269 7160.00000 7195.68324  0.50%  1262 1201s
 10256  6494 7175.62141   43 1380 7160.00000 7195.68324  0.50%  1273 1228s
 10414  6661 7177.28171   46 1448 7160.00000 7195.68324  0.50%  1296 1258s
 10694  6891 7170.90169   54 1332 7160.00000 7195.56677  0.50%  1298 1290s
 11125  6951 7182.86973   43 1742 7160.00000 7195.56677  0.50%  1285 1324s
 11383  7173 7171.92284   68 1470 7160.00000 7195.31657  0.49%  1292 1357s
 11754  7245 7182.71213   40 1573 7160.00000 7195.31657  0.49%  1289 1395s
 12005  7343 7165.16625   79 1239 7160.00000 7195.25470  0.49%  1301 1435s
 12227  7529 7170.71064   53 1354 7160.00000 7194.94304  0.49%  1315 1471s
 12529  7785 7169.46876   50 1378 7160.00000 7194.88095  0.49%  1322 1510s
 12917  8056 7182.37306   50 1800 7160.00000 7194.85705  0.49%  1323 1553s
 13269  8319 7170.17258   90 1467 7160.00000 7194.83204  0.49%  1327 1600s
 13619  8577 7187.32546   52 1618 7160.00000 7194.83204  0.49%  1334 1648s
 13917  8770 7183.43397   61 1586 7160.00000 7194.83204  0.49%  1344 1697s
H13937  8713                    7161.0000000 7194.83204  0.47%  1347 1697s
 14144  8904 7180.36979   71 1607 7161.00000 7194.83204  0.47%  1364 1742s
 14379  9177 7176.30514   83 1439 7161.00000 7194.83204  0.47%  1394 1791s
H14387  9023                    7162.0000000 7194.83204  0.46%  1394 1791s
 14711  9358 7172.15448   98 1320 7162.00000 7194.83204  0.46%  1403 1843s
 15210  9646 7167.17746  131 1039 7162.00000 7194.24517  0.45%  1405 1898s
 15657  9921 7177.13433   48 1568 7162.00000 7194.23181  0.45%  1407 1959s
 16044 10317 7187.00625   45 1814 7162.00000 7194.07742  0.45%  1419 2024s
 16485 10762 7171.61772  105 1290 7162.00000 7193.98777  0.45%  1429 2093s
 17021 11180 7167.92204   74 1230 7162.00000 7193.65595  0.44%  1435 2171s
 17569 11578 7183.72535   45 1745 7162.00000 7193.39481  0.44%  1445 2253s
 18076 11923     cutoff   54      7162.00000 7193.19748  0.44%  1460 2340s
 18534 12412 7175.12636   98 1383 7162.00000 7193.12755  0.43%  1480 2425s
H18700 12007                    7163.0000000 7193.12755  0.42%  1475 2425s
 19169 12302 7181.01011   59 1762 7163.00000 7193.05745  0.42%  1501 2526s
 19688 12596     cutoff   71      7163.00000 7192.69370  0.41%  1520 2624s
 20168 13009 7181.93897   34 1462 7163.00000 7192.59350  0.41%  1558 2740s
 20754 13454 7179.33609   64 1685 7163.00000 7192.41585  0.41%  1577 2853s
 21248 14020 7169.58706  119  977 7163.00000 7192.39302  0.41%  1591 2978s
 22019 14667 7166.08110   81 1313 7163.00000 7192.33014  0.41%  1603 3103s
 22851 15231 7172.10188   61 1549 7163.00000 7192.15573  0.41%  1617 3237s
 23709 15934 7184.92333   65 1600 7163.00000 7191.96713  0.40%  1623 3380s
 24554 16350 7164.32519   63 1291 7163.00000 7191.90173  0.40%  1633 3519s
 25272 16617 7167.43072   98 1411 7163.00000 7191.70217  0.40%  1649 3600s

Cutting planes:
  Gomory: 9
  Cover: 208
  Implied bound: 14
  MIR: 457
  StrongCG: 13
  Flow cover: 2265
  GUB cover: 468
  Zero half: 18
  RLT: 1209
  Relax-and-lift: 11

Explored 25623 nodes (42655716 simplex iterations) in 3600.01 seconds (7742.04 work units)
Thread count was 8 (of 8 available processors)

Solution count 10: 7163 7162 7161 ... 7153

Time limit reached
Best objective 7.163000000000e+03, best bound 7.191000000000e+03, gap 0.3909%
