
Gurobi 9.5.0 (win64) logging started Tue Dec  7 12:37:12 2021

Set parameter LogFile to value "../results/logs/log_2021_12_07_12_26.csv_4_55.log"
Set parameter Method to value 3
Gurobi Optimizer version 9.5.0 build v9.5.0rc5 (win64)
Thread count: 6 physical cores, 12 logical processors, using up to 12 threads
Optimize a model with 2962 rows, 9882 columns and 30211 nonzeros
Model fingerprint: 0xc1d5db16
Variable types: 4941 continuous, 4941 integer (4941 binary)
Coefficient statistics:
  Matrix range     [1e+00, 4e+00]
  Objective range  [1e+00, 1e+00]
  Bounds range     [1e+00, 1e+00]
  RHS range        [1e+00, 6e+01]
Found heuristic solution: objective 36.0000000
Presolve removed 1475 rows and 7622 columns
Presolve time: 0.03s
Presolved: 1487 rows, 2260 columns, 8333 nonzeros
Variable types: 1293 continuous, 967 integer (941 binary)
Found heuristic solution: objective 53.0000000

Concurrent LP optimizer: primal simplex, dual simplex, and barrier
Showing barrier log only...

Root barrier log...

Ordering time: 0.00s

Barrier statistics:
 AA' NZ     : 6.354e+03
 Factor NZ  : 1.841e+04 (roughly 2 MB of memory)
 Factor Ops : 2.649e+05 (less than 1 second per iteration)
 Threads    : 1

                  Objective                Residual
Iter       Primal          Dual         Primal    Dual     Compl     Time
   0   6.32729535e+03  9.43352782e+03  2.82e+03 7.75e-01  3.91e+01     0s
   1   2.39598028e+03  1.04947794e+04  1.03e+03 7.99e-15  1.42e+01     0s
   2   4.20802847e+02  5.86007644e+03  5.87e+01 4.44e-15  1.52e+00     0s
   3   2.66325180e+02  1.11584853e+03  6.53e+00 6.22e-15  1.97e-01     0s
   4   2.66786051e+02  4.83143901e+02  7.88e-01 5.75e-15  4.05e-02     0s
   5   2.83118930e+02  3.79686782e+02  3.84e-01 4.43e-15  1.77e-02     0s
   6   2.97796217e+02  3.59758078e+02  1.59e-01 5.20e-15  1.11e-02     0s
   7   3.03328350e+02  3.41091737e+02  1.01e-01 3.67e-15  6.73e-03     0s
   8   3.09595759e+02  3.32046534e+02  4.74e-02 1.71e-15  3.96e-03     0s
   9   3.12831373e+02  3.24233110e+02  2.50e-02 1.58e-15  2.01e-03     0s
  10   3.15165331e+02  3.22515852e+02  1.11e-02 1.54e-15  1.28e-03     0s
  11   3.15802428e+02  3.19798922e+02  7.97e-03 1.46e-15  7.02e-04     0s

Barrier performed 11 iterations in 0.08 seconds (0.04 work units)
Barrier solve interrupted - model solved by another algorithm


Solved with primal simplex

Root relaxation: objective 3.174975e+02, 1439 iterations, 0.03 seconds (0.02 work units)

    Nodes    |    Current Node    |     Objective Bounds      |     Work
 Expl Unexpl |  Obj  Depth IntInf | Incumbent    BestBd   Gap | It/Node Time

     0     0  317.49752    0  605   53.00000  317.49752   499%     -    0s
H    0     0                     101.0000000  317.49752   214%     -    0s
     0     0  188.81728    0  270  101.00000  188.81728  86.9%     -    0s
     0     0  182.69398    0  266  101.00000  182.69398  80.9%     -    0s
     0     0  182.25288    0  267  101.00000  182.25288  80.4%     -    0s
     0     0  181.96040    0  264  101.00000  181.96040  80.2%     -    0s
     0     0  181.95232    0  264  101.00000  181.95232  80.2%     -    0s
     0     0  166.80640    0  242  101.00000  166.80640  65.2%     -    0s
     0     0  164.84395    0  237  101.00000  164.84395  63.2%     -    0s
     0     0  164.51416    0  238  101.00000  164.51416  62.9%     -    0s
     0     0  164.38887    0  233  101.00000  164.38887  62.8%     -    0s
     0     0  159.54430    0  175  101.00000  159.54430  58.0%     -    0s
     0     0  158.74072    0  201  101.00000  158.74072  57.2%     -    0s
     0     0  158.46587    0  236  101.00000  158.46587  56.9%     -    0s
     0     0  158.38493    0  229  101.00000  158.38493  56.8%     -    0s
     0     0  156.85329    0  182  101.00000  156.85329  55.3%     -    0s
     0     0  156.52081    0  213  101.00000  156.52081  55.0%     -    0s
     0     0  156.45120    0  149  101.00000  156.45120  54.9%     -    0s
H    0     0                     108.0000000  155.50740  44.0%     -    0s
     0     0  155.50740    0  139  108.00000  155.50740  44.0%     -    0s
     0     0  155.42880    0  153  108.00000  155.42880  43.9%     -    0s
     0     0  155.01374    0  154  108.00000  155.01374  43.5%     -    0s
     0     0  155.01374    0  154  108.00000  155.01374  43.5%     -    1s
H    0     0                     111.0000000  155.01374  39.7%     -    1s
     0     2  155.01374    0  154  111.00000  155.01374  39.7%     -    1s
H   33    40                     113.0000000  153.81017  36.1%  75.4    1s
H  113   121                     115.0000000  153.81017  33.7%  71.0    1s
H  156   163                     116.0000000  153.81017  32.6%  66.7    1s
H  379   403                     142.0000000  153.81017  8.32%  60.3    2s
H  384   387                     144.0000000  153.81017  6.81%  59.9    2s
H  452   360                     145.0000000  153.70945  6.01%  58.3    2s
H  755   424                     146.0000000  153.61451  5.22%  50.5    2s
*  848   437              44     147.0000000  153.31057  4.29%  49.6    2s
H 1281   385                     149.0000000  152.87638  2.60%  47.5    3s
  1300   379  150.54054   12  160  149.00000  152.37803  2.27%  46.8    5s
H 1363   403                     150.0000000  150.17846  0.12%  51.2    7s

Cutting planes:
  Gomory: 23
  Lift-and-project: 14
  Cover: 5
  Implied bound: 9
  MIR: 81
  Flow cover: 191
  RLT: 8
  Relax-and-lift: 9

Explored 1363 nodes (76666 simplex iterations) in 7.02 seconds (5.25 work units)
Thread count was 12 (of 12 available processors)

Solution count 10: 150 149 147 ... 113

Optimal solution found (tolerance 1.00e-04)
Best objective 1.500000000000e+02, best bound 1.500000000000e+02, gap 0.0000%
