
Gurobi 9.5.1 (linux64) logging started Wed Mar  9 18:03:52 2022

Set parameter LogFile to value "../results/logs/log_2022_03_09_17_57.csv_4_50.log"
Set parameter Method to value 3
Gurobi Optimizer version 9.5.1 build v9.5.1rc2 (linux64)
Thread count: 8 physical cores, 8 logical processors, using up to 8 threads
Optimize a model with 2962 rows, 9882 columns and 30211 nonzeros
Model fingerprint: 0x8688b160
Variable types: 4941 continuous, 4941 integer (4941 binary)
Coefficient statistics:
  Matrix range     [1e+00, 4e+00]
  Objective range  [1e+00, 1e+00]
  Bounds range     [1e+00, 1e+00]
  RHS range        [1e+00, 5e+01]
Found heuristic solution: objective 36.0000000
Presolve removed 1475 rows and 7622 columns
Presolve time: 0.02s
Presolved: 1487 rows, 2260 columns, 8333 nonzeros
Variable types: 1293 continuous, 967 integer (941 binary)
Found heuristic solution: objective 51.0000000

Concurrent LP optimizer: primal simplex, dual simplex, and barrier
Showing barrier log only...

Root barrier log...

Ordering time: 0.00s

Barrier statistics:
 AA' NZ     : 6.354e+03
 Factor NZ  : 1.841e+04 (roughly 2 MB of memory)
 Factor Ops : 2.649e+05 (less than 1 second per iteration)
 Threads    : 1

                  Objective                Residual
Iter       Primal          Dual         Primal    Dual     Compl     Time
   0   6.05950441e+03  9.42869223e+03  2.70e+03 7.75e-01  3.75e+01     0s
   1   2.23241142e+03  1.03778703e+04  9.49e+02 7.11e-15  1.32e+01     0s
   2   4.18131401e+02  5.54585404e+03  5.92e+01 6.22e-15  1.47e+00     0s
   3   2.65063333e+02  1.07453110e+03  7.22e+00 7.77e-15  1.97e-01     0s
   4   2.55791426e+02  4.63812792e+02  7.88e-01 7.55e-15  3.94e-02     0s
   5   2.75060677e+02  3.72704329e+02  3.52e-01 3.74e-15  1.80e-02     0s
   6   2.89045298e+02  3.48704596e+02  1.31e-01 2.82e-15  1.06e-02     0s
   7   2.92351825e+02  3.35795280e+02  1.01e-01 2.75e-15  7.73e-03     0s
   8   2.99999282e+02  3.23766528e+02  3.80e-02 1.11e-15  4.17e-03     0s
   9   3.03528147e+02  3.14758910e+02  1.84e-02 1.44e-15  1.97e-03     0s
  10   3.05676532e+02  3.12150966e+02  8.73e-03 1.11e-15  1.13e-03     0s
  11   3.06124523e+02  3.11215662e+02  6.78e-03 1.33e-15  8.87e-04     0s
  12   3.06941741e+02  3.09526478e+02  3.45e-03 8.88e-16  4.50e-04     0s
  13   3.07640296e+02  3.08379083e+02  7.98e-04 3.55e-15  1.28e-04     0s
  14   3.07856094e+02  3.07908230e+02  9.04e-05 3.13e-15  9.13e-06     0s
  15   3.07892162e+02  3.07892640e+02  2.69e-08 2.26e-15  8.15e-08     0s
  16   3.07892419e+02  3.07892419e+02  2.68e-12 1.55e-15  4.75e-12     0s

Barrier solved model in 16 iterations and 0.05 seconds (0.04 work units)
Optimal objective 3.07892419e+02


Solved with barrier

Root relaxation: objective 3.078924e+02, 300 iterations, 0.03 seconds (0.02 work units)

    Nodes    |    Current Node    |     Objective Bounds      |     Work
 Expl Unexpl |  Obj  Depth IntInf | Incumbent    BestBd   Gap | It/Node Time

     0     0  307.89242    0  603   51.00000  307.89242   504%     -    0s
H    0     0                      84.0000000  307.89242   267%     -    0s
     0     0  177.94481    0  290   84.00000  177.94481   112%     -    0s
     0     0  172.50803    0  278   84.00000  172.50803   105%     -    0s
     0     0  172.06804    0  279   84.00000  172.06804   105%     -    0s
     0     0  172.01888    0  279   84.00000  172.01888   105%     -    0s
     0     0  158.20168    0  212   84.00000  158.20168  88.3%     -    0s
     0     0  156.49396    0  202   84.00000  156.49396  86.3%     -    0s
     0     0  156.14979    0  211   84.00000  156.14979  85.9%     -    0s
     0     0  156.11375    0  220   84.00000  156.11375  85.8%     -    0s
     0     0  151.20437    0  125   84.00000  151.20437  80.0%     -    0s
     0     0  150.01992    0  144   84.00000  150.01992  78.6%     -    0s
H    0     0                      95.0000000  149.64757  57.5%     -    0s
     0     0  149.64757    0  210   95.00000  149.64757  57.5%     -    0s
     0     0  149.59249    0  157   95.00000  149.59249  57.5%     -    0s
     0     0  148.36924    0  156   95.00000  148.36924  56.2%     -    0s
     0     0  148.13413    0  146   95.00000  148.13413  55.9%     -    0s
     0     0  148.01916    0  143   95.00000  148.01916  55.8%     -    0s
     0     0  147.03616    0  178   95.00000  147.03616  54.8%     -    0s
     0     0  147.03616    0  178   95.00000  147.03616  54.8%     -    0s
     0     2  147.03616    0  178   95.00000  147.03616  54.8%     -    0s
H   33    40                      98.0000000  146.24583  49.2%   115    0s
H  109   130                     101.0000000  146.20554  44.8%  65.6    0s
H  125   130                     106.0000000  146.20554  37.9%  65.3    0s
H  546   540                     119.0000000  146.20554  22.9%  40.3    1s
H  558   536                     122.0000000  146.20554  19.8%  40.2    1s
H  765   588                     135.0000000  146.20554  8.30%  39.7    1s
H 1051   518                     139.0000000  145.81660  4.90%  39.4    1s
H 1484   453                     141.0000000  145.41773  3.13%  40.4    2s

Cutting planes:
  Gomory: 22
  Lift-and-project: 7
  Cover: 4
  Implied bound: 7
  Clique: 1
  MIR: 42
  Flow cover: 81
  RLT: 7
  Relax-and-lift: 4

Explored 1607 nodes (76712 simplex iterations) in 4.96 seconds (5.15 work units)
Thread count was 8 (of 8 available processors)

Solution count 10: 141 139 135 ... 84

Optimal solution found (tolerance 1.00e-04)
Best objective 1.410000000000e+02, best bound 1.410000000000e+02, gap 0.0000%
