
Gurobi 9.5.1 (linux64) logging started Mon May 30 14:52:06 2022

Set parameter LogFile to value "../results/logs/log_facebook_combined_17_250_2022_05_30_14_52.log"
Gurobi Optimizer version 9.5.1 build v9.5.1rc2 (linux64)
Thread count: 8 physical cores, 8 logical processors, using up to 8 threads
Optimize a model with 1003 rows, 8078 columns and 27347 nonzeros
Model fingerprint: 0xfeab5514
Variable types: 0 continuous, 8078 integer (8078 binary)
Coefficient statistics:
  Matrix range     [1e+00, 2e+01]
  Objective range  [1e+00, 1e+00]
  Bounds range     [1e+00, 1e+00]
  RHS range        [1e+00, 2e+02]
Found heuristic solution: objective 2061.0000000
Presolve removed 33 rows and 6571 columns
Presolve time: 0.03s
Presolved: 970 rows, 1507 columns, 17213 nonzeros
Variable types: 0 continuous, 1507 integer (1423 binary)
Found heuristic solution: objective 2111.0000000

Root relaxation: objective 2.547778e+03, 852 iterations, 0.01 seconds (0.02 work units)

    Nodes    |    Current Node    |     Objective Bounds      |     Work
 Expl Unexpl |  Obj  Depth IntInf | Incumbent    BestBd   Gap | It/Node Time

     0     0 2547.77825    0  106 2111.00000 2547.77825  20.7%     -    0s
H    0     0                    2493.0000000 2547.77825  2.20%     -    0s
H    0     0                    2498.0000000 2547.77825  1.99%     -    0s
H    0     0                    2501.0000000 2547.77825  1.87%     -    0s
H    0     0                    2514.0000000 2547.77825  1.34%     -    0s
H    0     0                    2521.0000000 2547.77825  1.06%     -    0s
     0     0 2541.62783    0  171 2521.00000 2541.62783  0.82%     -    0s
H    0     0                    2529.0000000 2541.62783  0.50%     -    0s
     0     0 2540.93640    0  175 2529.00000 2540.93640  0.47%     -    0s
     0     0 2540.85908    0  172 2529.00000 2540.85908  0.47%     -    0s
     0     0 2540.84281    0  172 2529.00000 2540.84281  0.47%     -    0s
H    0     0                    2532.0000000 2537.60735  0.22%     -    0s
     0     0 2537.60735    0  149 2532.00000 2537.60735  0.22%     -    0s
     0     0 2536.83334    0  140 2532.00000 2536.83334  0.19%     -    0s
     0     0 2536.74565    0  141 2532.00000 2536.74565  0.19%     -    0s
     0     0 2536.70163    0  125 2532.00000 2536.70163  0.19%     -    0s
H    0     0                    2533.0000000 2536.70163  0.15%     -    0s
     0     0 2535.50648    0   92 2533.00000 2535.50648  0.10%     -    0s
     0     0 2535.08378    0   69 2533.00000 2535.08378  0.08%     -    0s
     0     0 2534.94059    0   55 2533.00000 2534.94059  0.08%     -    0s
     0     0 2534.93405    0   57 2533.00000 2534.93405  0.08%     -    0s
     0     0 2534.91142    0  101 2533.00000 2534.91142  0.08%     -    0s
     0     0 2534.90222    0   78 2533.00000 2534.90222  0.08%     -    0s
     0     0 2534.90049    0   81 2533.00000 2534.90049  0.08%     -    0s
     0     0 2534.79725    0   89 2533.00000 2534.79725  0.07%     -    0s
     0     0 2534.79725    0   40 2533.00000 2534.79725  0.07%     -    0s
     0     0 2534.79725    0   63 2533.00000 2534.79725  0.07%     -    0s
     0     0 2534.79725    0   64 2533.00000 2534.79725  0.07%     -    0s
     0     0 2534.79725    0   54 2533.00000 2534.79725  0.07%     -    0s
     0     0 2534.79725    0   49 2533.00000 2534.79725  0.07%     -    0s
     0     0 2534.79725    0   50 2533.00000 2534.79725  0.07%     -    0s
     0     0 2534.79725    0   51 2533.00000 2534.79725  0.07%     -    0s
     0     0 2534.71224    0   45 2533.00000 2534.71224  0.07%     -    0s
     0     0 2534.52728    0   52 2533.00000 2534.52728  0.06%     -    0s
     0     0 2534.46683    0   48 2533.00000 2534.46683  0.06%     -    0s
     0     0 2534.43858    0   54 2533.00000 2534.43858  0.06%     -    0s
     0     0 2534.43063    0   52 2533.00000 2534.43063  0.06%     -    0s
     0     0 2534.42641    0   60 2533.00000 2534.42641  0.06%     -    0s
     0     0 2534.42641    0   61 2533.00000 2534.42641  0.06%     -    0s
     0     0 2534.05480    0   51 2533.00000 2534.05480  0.04%     -    0s

Cutting planes:
  Gomory: 29
  Lift-and-project: 2
  Cover: 2
  Implied bound: 10
  Clique: 3
  MIR: 46
  StrongCG: 8
  GUB cover: 30
  RLT: 20
  Relax-and-lift: 5

Explored 1 nodes (3334 simplex iterations) in 0.47 seconds (0.40 work units)
Thread count was 8 (of 8 available processors)

Solution count 10: 2533 2532 2532 ... 2498

Optimal solution found (tolerance 0.00e+00)
Best objective 2.533000000000e+03, best bound 2.533000000000e+03, gap 0.0000%
