
Gurobi 9.5.0 (win64) logging started Tue Dec  7 12:26:58 2021

Set parameter LogFile to value "../results/logs/log_2021_12_07_12_26.csv_2_0.log"
Set parameter Method to value 3
Gurobi Optimizer version 9.5.0 build v9.5.0rc5 (win64)
Thread count: 6 physical cores, 12 logical processors, using up to 12 threads
Optimize a model with 7793 rows, 9882 columns and 42118 nonzeros
Model fingerprint: 0x0609aa1b
Variable types: 4941 continuous, 4941 integer (4941 binary)
Coefficient statistics:
  Matrix range     [1e+00, 2e+00]
  Objective range  [1e+00, 1e+00]
  Bounds range     [1e+00, 1e+00]
  RHS range        [1e+00, 1e+00]
Found heuristic solution: objective 3353.0000000
Presolve removed 7793 rows and 9882 columns
Presolve time: 0.01s
Presolve: All rows and columns removed

Explored 0 nodes (0 simplex iterations) in 0.02 seconds (0.01 work units)
Thread count was 1 (of 12 available processors)

Solution count 1: 3353 

Optimal solution found (tolerance 1.00e-04)
Best objective 3.353000000000e+03, best bound 3.353000000000e+03, gap 0.0000%
