
Gurobi 9.5.1 (linux64) logging started Tue Jun 14 14:33:20 2022

Set parameter LogFile to value "../results/logs/log_CA-HepPh_4_10_2022_06_14_14_33.log"
Set parameter LazyConstraints to value 1
Gurobi Optimizer version 9.5.1 build v9.5.1rc2 (linux64)
Thread count: 8 physical cores, 8 logical processors, using up to 8 threads
Optimize a model with 1269 rows, 24012 columns and 13543 nonzeros
Model fingerprint: 0x36338614
Variable types: 0 continuous, 24012 integer (24012 binary)
Coefficient statistics:
  Matrix range     [1e+00, 4e+00]
  Objective range  [1e+00, 1e+00]
  Bounds range     [1e+00, 1e+00]
  RHS range        [1e+00, 1e+01]
Found heuristic solution: objective 6591.0000000
Presolve removed 0 rows and 17963 columns
Presolve time: 0.01s
Presolved: 1269 rows, 6049 columns, 9921 nonzeros
Variable types: 0 continuous, 6049 integer (6049 binary)
Found heuristic solution: objective 6602.0000000

Root relaxation: objective 6.722676e+03, 655 iterations, 0.00 seconds (0.00 work units)

    Nodes    |    Current Node    |     Objective Bounds      |     Work
 Expl Unexpl |  Obj  Depth IntInf | Incumbent    BestBd   Gap | It/Node Time

     0     0 6722.67599    0  161 6602.00000 6722.67599  1.83%     -    0s
H    0     0                    6619.0000000 6722.67599  1.57%     -    0s
H    0     0                    6622.0000000 6722.67599  1.52%     -    0s
     0     0 6643.52092    0   51 6622.00000 6643.52092  0.32%     -    0s
H    0     0                    6636.0000000 6643.52092  0.11%     -    0s
     0     0 6642.11995    0   58 6636.00000 6642.11995  0.09%     -    0s
     0     0     cutoff    0      6636.00000 6636.00000  0.00%     -    0s

Cutting planes:
  Gomory: 54
  Cover: 7
  MIR: 56
  StrongCG: 2
  GUB cover: 107
  Zero half: 4
  RLT: 10

Explored 1 nodes (958 simplex iterations) in 0.14 seconds (0.06 work units)
Thread count was 8 (of 8 available processors)

Solution count 5: 6636 6622 6619 ... 6591

Optimal solution found (tolerance 0.00e+00)
Best objective 6.636000000000e+03, best bound 6.636000000000e+03, gap 0.0000%

User-callback calls 179, time in user-callback 0.06 sec
