
Gurobi 9.5.1 (linux64) logging started Sun Jul  3 12:44:29 2022

Set parameter LogFile to value "../results/logs/log_flickrEdges_20_20_2022_07_03_11_15.log"
Gurobi Optimizer version 9.5.1 build v9.5.1rc2 (linux64)
Thread count: 8 physical cores, 8 logical processors, using up to 8 threads
Optimize a model with 424370 rows, 211876 columns and 1959129 nonzeros
Model fingerprint: 0x08b71270
Coefficient statistics:
  Matrix range     [1e+00, 2e+01]
  Objective range  [1e+00, 1e+00]
  Bounds range     [1e+00, 1e+00]
  RHS range        [1e+00, 2e+01]

Concurrent LP optimizer: primal simplex, dual simplex, and barrier
Showing barrier log only...

Presolve removed 478 rows and 131766 columns
Presolve time: 1.15s
Presolved: 423892 rows, 80110 columns, 1291730 nonzeros

Ordering time: 0.57s

Barrier statistics:
 Dense cols : 22
 AA' NZ     : 4.801e+05
 Factor NZ  : 1.148e+07 (roughly 130 MB of memory)
 Factor Ops : 3.539e+10 (less than 1 second per iteration)
 Threads    : 6

                  Objective                Residual
Iter       Primal          Dual         Primal    Dual     Compl     Time
   0   1.92916205e+04  4.56591301e+04  2.63e+04 7.47e-01  5.55e+00     2s
   1   1.92073432e+04  4.43381263e+04  1.48e+04 6.36e-01  3.06e+00     2s
   2   1.91653625e+04  4.24102763e+04  1.27e+04 3.17e-01  2.61e+00     3s
   3   1.83402337e+04  3.86364527e+04  3.78e+03 1.13e-01  8.47e-01     3s
   4   1.74548427e+04  2.94309729e+04  1.17e+03 1.78e-02  2.71e-01     3s
   5   1.68343597e+04  2.10979940e+04  1.46e+02 1.53e-03  4.96e-02     3s
   6   1.67421018e+04  1.85181946e+04  5.95e+01 5.91e-04  2.05e-02     3s
   7   1.66829640e+04  1.73132855e+04  2.86e+01 1.39e-04  8.87e-03     3s
   8   1.66467393e+04  1.69663235e+04  1.77e+01 8.09e-05  5.34e-03     4s
   9   1.66212454e+04  1.68249116e+04  1.27e+01 5.55e-05  3.94e-03     4s
  10   1.65976126e+04  1.67315327e+04  1.01e+01 4.07e-05  3.15e-03     4s
  11   1.65734809e+04  1.66692636e+04  7.68e+00 3.21e-05  2.47e-03     4s
  12   1.65599096e+04  1.66294014e+04  6.70e+00 2.71e-05  2.15e-03     5s
  13   1.65458283e+04  1.65999353e+04  5.79e+00 2.17e-05  1.89e-03     5s
  14   1.65413375e+04  1.65853579e+04  5.56e+00 2.07e-05  1.79e-03     5s
  15   1.65345710e+04  1.65706283e+04  5.14e+00 1.90e-05  1.63e-03     5s
  16   1.65264207e+04  1.65343318e+04  4.75e+00 1.59e-05  1.41e-03     5s
  17   1.65217655e+04  1.65154388e+04  4.56e+00 1.44e-05  1.30e-03     6s
  18   1.65169078e+04  1.65074135e+04  4.37e+00 1.37e-05  1.25e-03     6s
  19   1.65129075e+04  1.64966330e+04  4.23e+00 1.12e-05  1.18e-03     6s
  20   1.65087554e+04  1.64913001e+04  4.07e+00 1.05e-05  1.13e-03     6s
  21   1.65046758e+04  1.64821184e+04  3.92e+00 9.19e-06  1.07e-03     6s
  22   1.64996475e+04  1.64755416e+04  3.75e+00 8.22e-06  1.02e-03     7s
  23   1.64959994e+04  1.64703125e+04  3.62e+00 8.04e-06  9.86e-04     7s
  24   1.64920840e+04  1.64586819e+04  3.49e+00 6.54e-06  9.18e-04     7s
  25   1.64864806e+04  1.64503714e+04  3.29e+00 5.94e-06  8.33e-04     7s
  26   1.64818941e+04  1.64417705e+04  3.12e+00 5.77e-06  7.81e-04     7s
  27   1.64779678e+04  1.64358794e+04  2.99e+00 5.55e-06  7.41e-04     8s
  28   1.64744847e+04  1.64315990e+04  2.87e+00 5.31e-06  7.08e-04     8s
  29   1.64730473e+04  1.64276752e+04  2.82e+00 5.14e-06  6.92e-04     8s
  30   1.64700608e+04  1.64232177e+04  2.71e+00 4.93e-06  6.61e-04     8s
  31   1.64670216e+04  1.64113625e+04  2.61e+00 2.69e-06  5.93e-04     8s
  32   1.64633088e+04  1.64063026e+04  2.50e+00 2.53e-06  5.58e-04     9s
  33   1.64611679e+04  1.64011783e+04  2.44e+00 2.30e-06  5.28e-04     9s
  34   1.64566621e+04  1.63906173e+04  2.31e+00 1.92e-06  4.53e-04     9s
  35   1.64540210e+04  1.63884131e+04  2.25e+00 1.83e-06  4.33e-04     9s
  36   1.64504055e+04  1.63853982e+04  2.15e+00 1.74e-06  4.03e-04     9s
  37   1.64492971e+04  1.63825423e+04  2.12e+00 1.66e-06  3.89e-04    10s
  38   1.64437685e+04  1.63783331e+04  1.95e+00 1.56e-06  3.48e-04    10s
  39   1.64420040e+04  1.63736835e+04  1.91e+00 1.43e-06  3.33e-04    10s
  40   1.64402884e+04  1.63721519e+04  1.87e+00 1.39e-06  3.26e-04    10s
  41   1.64391834e+04  1.63709276e+04  1.85e+00 1.35e-06  3.19e-04    10s
  42   1.00216498e+06  1.77647299e+07  7.56e+06 8.00e-01  9.15e+05    11s
  43   9.74745462e+05  2.41421690e+07  4.62e+06 3.37e+02  6.86e+05    11s
  44   3.55012706e+05  2.76241102e+07  6.51e+05 1.42e-11  1.05e+05    11s
  45   2.01642790e+04  2.73603350e+07  7.19e+03 2.34e-09  1.34e+03    11s
  46   1.73086122e+04  1.87910729e+07  1.66e+03 3.31e-09  3.63e+02    12s
  47   1.64783791e+04  7.80349005e+06  1.76e+02 2.44e-10  7.19e+01    12s
  48   1.64058407e+04  3.62081463e+06  9.87e+01 2.29e-10  3.43e+01    12s
  49   1.63458570e+04  2.06762315e+06  6.01e+01 1.45e-10  1.98e+01    12s
  50   1.62734472e+04  7.52047454e+05  3.05e+01 1.36e-10  7.96e+00    12s
  51   1.62315297e+04  4.01390744e+05  2.23e+01 4.32e-11  4.73e+00    13s
  52   1.61891621e+04  2.68108169e+05  1.33e+01 2.40e-11  2.95e+00    13s
  53   1.61612367e+04  1.65281134e+05  9.00e+00 1.90e-11  1.83e+00    13s
  54   1.61403862e+04  1.24826846e+05  7.12e+00 1.23e-11  1.36e+00    13s
  55   1.61240858e+04  9.06948695e+04  6.08e+00 6.59e-12  1.01e+00    13s
  56   1.60984559e+04  5.94798429e+04  3.89e+00 6.82e-12  5.93e-01    14s
  57   1.60837752e+04  4.97438552e+04  2.63e+00 4.43e-12  4.19e-01    14s
  58   1.60710413e+04  3.95072861e+04  2.11e+00 2.50e-12  2.96e-01    14s
  59   1.60652984e+04  2.85095509e+04  8.95e-01 1.76e-12  1.28e-01    14s
  60   1.60693097e+04  1.89228019e+04  4.06e-02 1.25e-12  2.00e-02    15s
  61   1.61110675e+04  1.68672529e+04  4.16e-03 1.09e-12  5.04e-03    15s
  62   1.61198157e+04  1.68490453e+04  1.78e-03 1.08e-12  4.84e-03    15s
  63   1.61266861e+04  1.66450132e+04  8.10e-04 7.03e-13  3.44e-03    15s
  64   1.61294883e+04  1.66262056e+04  7.68e-04 7.03e-13  3.29e-03    15s
  65   1.61340102e+04  1.66178484e+04  5.83e-04 7.53e-13  3.21e-03    16s
  66   1.61457188e+04  1.65769875e+04  3.13e-04 7.05e-13  2.86e-03    16s
  67   1.61521416e+04  1.65157381e+04  2.92e-04 7.06e-12  2.41e-03    16s
  68   1.61630565e+04  1.64957400e+04  1.34e-04 6.22e-12  2.20e-03    16s
  69   1.61646099e+04  1.64560323e+04  1.33e-04 9.20e-12  1.93e-03    16s
  70   1.61667795e+04  1.64908056e+04  1.32e-04 5.48e-12  2.15e-03    17s
  71   1.61691376e+04  1.64158326e+04  7.06e-05 3.06e-13  1.63e-03    17s
  72   1.61743938e+04  1.64100295e+04  6.88e-05 8.30e-13  1.56e-03    17s
  73   1.61791412e+04  1.64018559e+04  6.66e-05 1.16e-11  1.47e-03    17s
  74   1.61854013e+04  1.63939902e+04  6.17e-05 4.73e-12  1.38e-03    17s
  75   1.61902159e+04  1.63899330e+04  5.88e-05 2.06e-13  1.32e-03    18s
  76   1.61951215e+04  1.63800080e+04  5.65e-05 1.71e-13  1.22e-03    18s
  77   1.62005821e+04  1.63753148e+04  5.32e-05 1.53e-13  1.16e-03    18s
  78   1.62070005e+04  1.63717048e+04  4.66e-05 1.46e-13  1.09e-03    18s
  79   1.62100945e+04  1.63598433e+04  4.54e-05 9.59e-14  9.92e-04    18s
  80   1.62146518e+04  1.63556980e+04  4.38e-05 1.21e-13  9.34e-04    19s
  81   1.62203186e+04  1.63471941e+04  3.97e-05 1.39e-13  8.40e-04    19s
  82   1.62290615e+04  1.63452791e+04  3.57e-05 5.68e-14  7.70e-04    19s
  83   1.62324985e+04  1.63410315e+04  3.41e-05 1.09e-13  7.19e-04    19s
  84   1.62331968e+04  1.63368084e+04  3.12e-05 7.49e-14  6.86e-04    20s
  85   1.62366171e+04  1.63348522e+04  2.97e-05 5.44e-13  6.50e-04    20s
  86   1.62386106e+04  1.63334445e+04  2.85e-05 8.14e-13  6.28e-04    20s
  87   1.62474403e+04  1.63299752e+04  2.14e-05 8.03e-13  5.47e-04    20s
  88   1.62507309e+04  1.63265329e+04  1.93e-05 4.87e-14  5.02e-04    20s
  89   1.62521966e+04  1.63235266e+04  1.88e-05 1.31e-13  4.72e-04    21s
  90   1.62536401e+04  1.63232631e+04  1.84e-05 7.84e-14  4.61e-04    21s
  91   1.62544323e+04  1.63227665e+04  1.81e-05 6.44e-14  4.52e-04    21s
  92   1.62549843e+04  1.63205714e+04  1.79e-05 6.39e-14  4.34e-04    21s
  93   1.62577648e+04  1.63179553e+04  1.69e-05 1.76e-11  3.99e-04    21s
  94   1.62649901e+04  1.63159507e+04  1.17e-05 2.99e-11  3.37e-04    22s
  95   1.62662110e+04  1.63209727e+04  1.12e-05 9.71e-12  3.63e-04    22s
  96   1.62667303e+04  1.63173447e+04  1.05e-05 2.13e-11  3.35e-04    22s
  97   1.62730039e+04  1.63150049e+04  8.43e-06 2.98e-11  2.78e-04    22s
  98   1.62733936e+04  1.63137602e+04  8.32e-06 2.14e-11  2.67e-04    22s
  99   1.62740208e+04  1.63124135e+04  8.12e-06 1.55e-11  2.54e-04    23s
 100   1.62745716e+04  1.63122633e+04  7.99e-06 1.47e-11  2.50e-04    23s
 101   1.62765180e+04  1.63115414e+04  7.22e-06 1.42e-11  2.32e-04    23s
 102   1.62792004e+04  1.63101510e+04  6.44e-06 1.16e-11  2.05e-04    23s
 103   1.62809509e+04  1.63090080e+04  6.09e-06 5.42e-13  1.86e-04    24s
 104   1.62817115e+04  1.63087938e+04  5.82e-06 2.53e-12  1.79e-04    24s
 105   1.62829421e+04  1.63090773e+04  5.45e-06 2.94e-12  1.73e-04    24s
 106   1.62859782e+04  1.63082922e+04  4.76e-06 1.96e-11  1.48e-04    24s
 107   1.62865118e+04  1.63074891e+04  4.46e-06 2.05e-11  1.39e-04    24s
 108   1.62878502e+04  1.63074371e+04  4.15e-06 1.00e-10  1.30e-04    25s
 109   1.62888580e+04  1.63072422e+04  3.95e-06 5.36e-11  1.22e-04    25s
 110   1.62903982e+04  1.63069724e+04  3.61e-06 8.72e-11  1.10e-04    25s
 111   1.62912786e+04  1.63064270e+04  3.31e-06 8.40e-11  1.00e-04    25s
 112   1.62939120e+04  1.63062803e+04  2.65e-06 7.54e-11  8.19e-05    25s
 113   1.62951027e+04  1.63064208e+04  2.37e-06 5.47e-11  7.49e-05    26s
 114   1.62964624e+04  1.63061118e+04  2.09e-06 7.30e-11  6.39e-05    26s
 115   1.62973199e+04  1.63056366e+04  1.88e-06 4.13e-11  5.51e-05    26s
 116   1.62995642e+04  1.63059779e+04  1.35e-06 3.24e-11  4.25e-05    26s
 117   1.62997297e+04  1.63055755e+04  1.31e-06 4.97e-11  3.87e-05    26s
 118   1.62999342e+04  1.63055669e+04  1.17e-06 5.39e-11  3.73e-05    27s
 119   1.63017599e+04  1.63055789e+04  7.85e-07 2.99e-11  2.53e-05    27s
 120   1.63018355e+04  1.63055418e+04  7.58e-07 3.34e-12  2.45e-05    27s
 121   1.63024942e+04  1.63054784e+04  6.32e-07 1.00e-10  1.98e-05    27s
 122   1.63035143e+04  1.63054438e+04  4.00e-07 7.16e-11  1.28e-05    28s
 123   1.63049313e+04  1.63054035e+04  8.15e-08 6.23e-11  3.13e-06    28s
 124   1.63050674e+04  1.63053355e+04  5.30e-08 1.37e-11  1.77e-06    28s
 125   1.63050796e+04  1.63053298e+04  4.94e-08 1.00e-12  1.66e-06    28s
 126   1.63053124e+04  1.63053217e+04  3.33e-11 4.26e-14  6.12e-08    28s
 127   1.63053173e+04  1.63053175e+04  4.39e-09 4.26e-14  1.73e-09    29s
 128   1.63053175e+04  1.63053175e+04  1.11e-09 2.15e-11  2.04e-11    29s
 129   1.63053175e+04  1.63053175e+04  8.13e-12 4.26e-14  2.04e-14    29s

Barrier solved model in 129 iterations and 29.01 seconds (41.79 work units)
Optimal objective 1.63053175e+04

Crossover log...


Solved with primal simplex
Solved in 5734 iterations and 29.86 seconds (61.75 work units)
Optimal objective  1.630531749e+04
