
Gurobi 9.5.0 (win64) logging started Mon Jul  4 11:15:15 2022

Set parameter LogFile to value "../results/logs/log_socfb-Syracuse56_46_250_2022_07_04_11_15.log"
Gurobi Optimizer version 9.5.0 build v9.5.0rc5 (win64)
Thread count: 6 physical cores, 12 logical processors, using up to 12 threads
Optimize a model with 4231 rows, 27306 columns and 177593 nonzeros
Model fingerprint: 0x07fa514b
Coefficient statistics:
  Matrix range     [1e+00, 5e+01]
  Objective range  [1e+00, 1e+00]
  Bounds range     [1e+00, 1e+00]
  RHS range        [1e+00, 3e+02]

Concurrent LP optimizer: primal simplex, dual simplex, and barrier
Showing barrier log only...

Presolve removed 18 rows and 20728 columns
Presolve time: 0.07s
Presolved: 4213 rows, 6578 columns, 61565 nonzeros

Ordering time: 0.19s

Barrier statistics:
 AA' NZ     : 1.432e+05
 Factor NZ  : 8.745e+05 (roughly 11 MB of memory)
 Factor Ops : 4.872e+08 (less than 1 second per iteration)
 Threads    : 4

                  Objective                Residual
Iter       Primal          Dual         Primal    Dual     Compl     Time
   0   1.07762702e+04  7.46273732e+03  7.25e+04 1.25e-01  4.18e+00     0s
   1   1.09533232e+04  8.20974035e+03  3.82e+04 1.37e-01  2.25e+00     0s
   2   1.07886540e+04  9.09825692e+03  1.96e+04 2.45e-02  1.18e+00     0s
   3   8.35927653e+03  8.97147761e+03  1.28e+03 1.33e-15  1.12e-01     0s
   4   8.30548179e+03  8.55575376e+03  4.76e+02 1.11e-15  3.98e-02     0s
   5   8.28316389e+03  8.39042358e+03  1.80e+02 6.66e-16  1.66e-02     1s
   6   8.26629325e+03  8.30067659e+03  3.80e+01 1.11e-15  4.28e-03     1s
   7   8.26332014e+03  8.27748295e+03  1.03e+01 1.33e-15  1.45e-03     1s
   8   8.26346958e+03  8.27207893e+03  2.67e+00 8.88e-16  6.62e-04     1s
   9   8.26357951e+03  8.26887512e+03  1.39e+00 8.88e-16  3.91e-04     1s
  10   8.26369763e+03  8.26725778e+03  7.68e-01 8.88e-16  2.53e-04     1s
  11   8.26386255e+03  8.26563957e+03  2.77e-01 1.11e-15  1.20e-04     1s
  12   8.26392708e+03  8.26474188e+03  1.12e-01 6.66e-16  5.39e-05     1s
  13   8.26398707e+03  8.26423874e+03  1.67e-02 1.33e-15  1.55e-05     1s
  14   8.26400629e+03  8.26403464e+03  3.77e-03 1.11e-15  1.87e-06     1s
  15   8.26401671e+03  8.26402428e+03  6.84e-05 1.11e-15  4.40e-07     1s
  16   8.26401715e+03  8.26401821e+03  1.62e-05 1.11e-15  6.21e-08     1s
  17   8.26401727e+03  8.26401766e+03  0.00e+00 8.88e-16  2.24e-08     1s
  18   8.26401728e+03  8.26401730e+03  0.00e+00 1.33e-15  1.08e-09     1s
  19   8.26401729e+03  8.26401729e+03  1.90e-10 1.55e-15  1.08e-12     1s

Barrier solved model in 19 iterations and 0.91 seconds (0.43 work units)
Optimal objective 8.26401729e+03


Solved with dual simplex
Solved in 4427 iterations and 0.92 seconds (0.64 work units)
Optimal objective  8.264017288e+03
