
Gurobi 10.0.0 (linux64) logging started Sun Jan 28 22:15:06 2024

Set parameter LogFile to value "../results/logs/log_flickrEdges_20_20_2024_01_28_10_47.log"
Set parameter LazyConstraints to value 1
Gurobi Optimizer version 10.0.0 build v10.0.0rc2 (linux64)

CPU model: Intel(R) Core(TM) i7-9800X CPU @ 3.80GHz, instruction set [SSE2|AVX|AVX2|AVX512]
Thread count: 8 physical cores, 8 logical processors, using up to 8 threads

Optimize a model with 11077 rows, 211876 columns and 719250 nonzeros
Model fingerprint: 0xf3cbcdeb
Variable types: 0 continuous, 211876 integer (211876 binary)
Coefficient statistics:
  Matrix range     [1e+00, 2e+01]
  Objective range  [1e+00, 1e+00]
  Bounds range     [1e+00, 1e+00]
  RHS range        [1e+00, 2e+01]
Found heuristic solution: objective 15808.000000
Presolve removed 0 rows and 116208 columns
Presolve time: 0.58s
Presolved: 11077 rows, 95668 columns, 453460 nonzeros
Variable types: 0 continuous, 95668 integer (95668 binary)
Found heuristic solution: objective 15825.000000
Root relaxation presolved: 11077 rows, 95668 columns, 453460 nonzeros

Deterministic concurrent LP optimizer: primal and dual simplex
Showing first log only...


Root simplex log...

Iteration    Objective       Primal Inf.    Dual Inf.      Time
    5486    1.6187696e+04   0.000000e+00   1.218317e+02      6s
    5709    1.6214162e+04   0.000000e+00   0.000000e+00      8s
Concurrent spin time: 0.01s

Solved with primal simplex

Root relaxation: objective 1.621416e+04, 5709 iterations, 7.28 seconds (10.24 work units)

    Nodes    |    Current Node    |     Objective Bounds      |     Work
 Expl Unexpl |  Obj  Depth IntInf | Incumbent    BestBd   Gap | It/Node Time

     0     0 16214.1618    0 5467 15825.0000 16214.1618  2.46%     -    9s
H    0     0                    15826.000000 16214.1618  2.45%     -   10s
H    0     0                    15827.000000 16214.1618  2.45%     -   10s
     0     0 16056.2542    0 5320 15827.0000 16056.2542  1.45%     -   46s
H    0     0                    15833.000000 16056.2542  1.41%     -   47s
     0     0 15996.0926    0 5057 15833.0000 15996.0926  1.03%     -   75s
     0     0 15930.9819    0 4658 15833.0000 15930.9819  0.62%     -  104s
     0     0 15906.0291    0 4550 15833.0000 15906.0291  0.46%     -  132s
     0     0 15882.3133    0 4725 15833.0000 15882.3133  0.31%     -  168s
     0     0 15880.2371    0 4732 15833.0000 15880.2371  0.30%     -  214s
     0     0 15873.7218    0 4798 15833.0000 15873.7218  0.26%     -  268s
     0     0 15872.2982    0 4822 15833.0000 15872.2982  0.25%     -  316s
     0     0 15868.6927    0 4833 15833.0000 15868.6927  0.23%     -  370s
     0     0 15867.9268    0 4825 15833.0000 15867.9268  0.22%     -  419s
     0     0 15866.0654    0 4669 15833.0000 15866.0654  0.21%     -  470s
     0     0 15865.1418    0 4640 15833.0000 15865.1418  0.20%     -  519s
     0     0 15863.8141    0 4417 15833.0000 15863.8141  0.19%     -  570s
     0     0 15863.3129    0 4222 15833.0000 15863.3129  0.19%     -  618s
     0     0 15862.8543    0 4102 15833.0000 15862.8543  0.19%     -  666s
     0     0 15862.4413    0 4115 15833.0000 15862.4413  0.19%     -  712s
     0     0 15862.3543    0 4017 15833.0000 15862.3543  0.19%     -  758s
     0     0 15862.3281    0 4024 15833.0000 15862.3281  0.19%     -  802s
     0     0 15853.5719    0 4857 15833.0000 15853.5719  0.13%     -  869s
     0     0 15851.7782    0 5034 15833.0000 15851.7782  0.12%     -  927s
     0     0 15849.8686    0 5031 15833.0000 15849.8686  0.11%     -  988s
     0     0 15848.2489    0 5144 15833.0000 15848.2489  0.10%     - 1051s
     0     0 15847.4410    0 5186 15833.0000 15847.4410  0.09%     - 1108s
     0     0 15846.5693    0 5368 15833.0000 15846.5693  0.09%     - 1172s
     0     0 15846.0094    0 5521 15833.0000 15846.0094  0.08%     - 1234s
     0     0 15845.5224    0 5699 15833.0000 15845.5224  0.08%     - 1298s
     0     0 15844.8905    0 5828 15833.0000 15844.8905  0.08%     - 1361s
     0     0 15844.5132    0 5893 15833.0000 15844.5132  0.07%     - 1425s
     0     0 15843.0239    0 6041 15833.0000 15843.0239  0.06%     - 1534s
     0     0 15842.0252    0 6199 15833.0000 15842.0252  0.06%     - 1624s
     0     0 15841.2496    0 6225 15833.0000 15841.2496  0.05%     - 1702s
     0     0 15840.5787    0 6322 15833.0000 15840.5787  0.05%     - 1831s
     0     0 15840.1972    0 6390 15833.0000 15840.1972  0.05%     - 1901s
     0     0 15839.5329    0 6446 15833.0000 15839.5329  0.04%     - 2033s
     0     0 15839.5329    0 6446 15833.0000 15839.5329  0.04%     - 2078s
     0     2 15839.5329    0 6446 15833.0000 15839.5329  0.04%     - 2276s
     1     4 15838.7106    1 6448 15833.0000 15838.7952  0.04%  8639 2379s
     2     4 15836.9039    1 6424 15833.0000 15838.4636  0.03%  8153 2424s
     3     8 15838.4636    2 6456 15833.0000 15838.4636  0.03%  5446 2488s
     4     8 15836.9000    2 6377 15833.0000 15838.4636  0.03%  4198 2533s
     6     8 15836.4989    2 6427 15833.0000 15838.4636  0.03%  3349 2622s
     7    16 15838.4568    3 6433 15833.0000 15838.4636  0.03%  2979 2716s
    11    16 15838.0850    3 6460 15833.0000 15838.4568  0.03%  2431 2894s
    12    16 15836.4366    3 6359 15833.0000 15838.4568  0.03%  2847 2939s
    15    22 15838.0166    4 6543 15833.0000 15838.4567  0.03%  3148 3262s
    16    22 15836.6403    4 6485 15833.0000 15838.4567  0.03%  3528 3307s
    17    22 15836.0059    4 6499 15833.0000 15838.4567  0.03%  3956 3351s
    18    22 15835.2994    4 6422 15833.0000 15838.4567  0.03%  4302 3396s
    21    22     cutoff    4      15833.0000 15838.4567  0.03%  5432 3485s
    23    21     cutoff    4      15833.0000 15838.4567  0.03%  5375 3600s

Cutting planes:
  Gomory: 9
  Cover: 1538
  MIR: 1341
  StrongCG: 35
  GUB cover: 790
  Zero half: 3
  RLT: 2956
  Lazy constraints: 5

Explored 24 nodes (225909 simplex iterations) in 3600.10 seconds (2334.58 work units)
Thread count was 8 (of 8 available processors)

Solution count 5: 15833 15827 15826 ... 15808

Time limit reached
Best objective 1.583300000000e+04, best bound 1.583800000000e+04, gap 0.0316%

User-callback calls 147152, time in user-callback 2432.65 sec
