
Gurobi 9.5.1 (linux64) logging started Fri Jul  1 14:47:03 2022

Set parameter LogFile to value "../results/logs/log_CA-CondMat_4_250_2022_07_01_12_37.log"
Gurobi Optimizer version 9.5.1 build v9.5.1rc2 (linux64)
Thread count: 8 physical cores, 8 logical processors, using up to 8 threads
Optimize a model with 42700 rows, 46266 columns and 145937 nonzeros
Model fingerprint: 0x23e44076
Variable types: 0 continuous, 46266 integer (46266 binary)
Coefficient statistics:
  Matrix range     [1e+00, 4e+00]
  Objective range  [1e+00, 1e+00]
  Bounds range     [1e+00, 1e+00]
  RHS range        [1e+00, 2e+02]
Found heuristic solution: objective 13464.000000
Presolve removed 38839 rows and 43373 columns
Presolve time: 0.10s
Presolved: 3861 rows, 2893 columns, 14875 nonzeros
Variable types: 0 continuous, 2893 integer (2884 binary)
Found heuristic solution: objective 13569.000000

Root relaxation: objective 1.404456e+04, 1211 iterations, 0.01 seconds (0.01 work units)

    Nodes    |    Current Node    |     Objective Bounds      |     Work
 Expl Unexpl |  Obj  Depth IntInf | Incumbent    BestBd   Gap | It/Node Time

     0     0 14044.5580    0  416 13569.0000 14044.5580  3.50%     -    0s
H    0     0                    13891.000000 14044.5580  1.11%     -    0s
H    0     0                    13894.000000 14044.5580  1.08%     -    0s
H    0     0                    13921.000000 14044.5580  0.89%     -    0s
     0     0 13955.1137    0  212 13921.0000 13955.1137  0.25%     -    0s
H    0     0                    13936.000000 13955.1137  0.14%     -    0s
     0     0 13953.2345    0  174 13936.0000 13953.2345  0.12%     -    0s
H    0     0                    13937.000000 13953.2345  0.12%     -    0s
     0     0 13943.2139    0   72 13937.0000 13943.2139  0.04%     -    0s
     0     0 13941.5965    0   54 13937.0000 13941.5965  0.03%     -    0s
     0     0 13941.2294    0   50 13937.0000 13941.2294  0.03%     -    0s
H    0     0                    13939.000000 13941.2294  0.02%     -    0s
     0     0 13940.5333    0   31 13939.0000 13940.5333  0.01%     -    0s
     0     0 13940.5000    0   40 13939.0000 13940.5000  0.01%     -    0s
     0     0 13940.1485    0   20 13939.0000 13940.1485  0.01%     -    0s
     0     0 13940.1485    0   68 13939.0000 13940.1485  0.01%     -    0s
     0     0 13940.1485    0   22 13939.0000 13940.1485  0.01%     -    0s
     0     0     cutoff    0      13939.0000 13939.0000  0.00%     -    0s

Cutting planes:
  Gomory: 24
  Cover: 2
  Implied bound: 2
  MIR: 18
  GUB cover: 29
  Zero half: 4
  RLT: 11

Explored 1 nodes (2906 simplex iterations) in 0.77 seconds (0.56 work units)
Thread count was 8 (of 8 available processors)

Solution count 10: 13939 13939 13939 ... 13569

Optimal solution found (tolerance 0.00e+00)
Best objective 1.393900000000e+04, best bound 1.393900000000e+04, gap 0.0000%
