
Gurobi 9.5.1 (linux64) logging started Wed Mar  9 18:05:27 2022

Set parameter LogFile to value "../results/logs/log_2022_03_09_17_57.csv_8_25.log"
Set parameter Method to value 3
Gurobi Optimizer version 9.5.1 build v9.5.1rc2 (linux64)
Thread count: 8 physical cores, 8 logical processors, using up to 8 threads
Optimize a model with 376 rows, 9882 columns and 10225 nonzeros
Model fingerprint: 0x6270aa7f
Variable types: 4941 continuous, 4941 integer (4941 binary)
Coefficient statistics:
  Matrix range     [1e+00, 8e+00]
  Objective range  [1e+00, 1e+00]
  Bounds range     [1e+00, 1e+00]
  RHS range        [1e+00, 2e+01]
Found heuristic solution: objective -0.0000000
Presolve removed 253 rows and 9678 columns
Presolve time: 0.01s
Presolved: 123 rows, 204 columns, 736 nonzeros
Extracted 47 lazy constraints
Variable types: 113 continuous, 91 integer (90 binary)

Root relaxation: objective 6.173884e+01, 70 iterations, 0.00 seconds (0.00 work units)

    Nodes    |    Current Node    |     Objective Bounds      |     Work
 Expl Unexpl |  Obj  Depth IntInf | Incumbent    BestBd   Gap | It/Node Time

     0     0   61.73884    0   24   -0.00000   61.73884      -     -    0s
H    0     0                       6.0000000   61.73884   929%     -    0s
H    0     0                       7.0000000   61.59152   780%     -    0s
     0     0   21.23269    0   31    7.00000   21.23269   203%     -    0s
     0     0   21.23269    0   31    7.00000   21.23269   203%     -    0s
     0     0   19.07691    0   12    7.00000   19.07691   173%     -    0s
     0     0   18.75751    0   20    7.00000   18.75751   168%     -    0s
H    0     0                      10.0000000   18.75751  87.6%     -    0s
     0     0   18.46940    0   15   10.00000   18.46940  84.7%     -    0s
H    0     0                      17.0000000   18.40552  8.27%     -    0s
     0     0   18.40552    0   14   17.00000   18.40552  8.27%     -    0s
     0     0   18.40526    0   14   17.00000   18.40526  8.27%     -    0s
     0     0   18.13211    0   14   17.00000   18.13211  6.66%     -    0s
     0     0   18.13211    0   14   17.00000   18.13211  6.66%     -    0s
     0     0   18.13211    0    9   17.00000   18.13211  6.66%     -    0s
     0     0   18.13211    0    8   17.00000   18.13211  6.66%     -    0s
     0     0   18.11141    0   13   17.00000   18.11141  6.54%     -    0s
     0     0   18.10252    0   14   17.00000   18.10252  6.49%     -    0s
     0     0   18.09880    0   14   17.00000   18.09880  6.46%     -    0s
     0     0     cutoff    0        17.00000   17.00000  0.00%     -    0s

Cutting planes:
  Gomory: 4
  MIR: 19
  RLT: 3

Explored 1 nodes (455 simplex iterations) in 0.06 seconds (0.02 work units)
Thread count was 8 (of 8 available processors)

Solution count 7: 17 15 14 ... -0

Optimal solution found (tolerance 1.00e-04)
Best objective 1.700000000000e+01, best bound 1.700000000000e+01, gap 0.0000%
