
Gurobi 9.5.0 (win64) logging started Tue Dec  7 01:38:12 2021

Set parameter LogFile to value "../results/logs/log_2021_12_07_01_36.csv_21_16.log"
Set parameter Method to value 3
Gurobi Optimizer version 9.5.0 build v9.5.0rc5 (win64)
Thread count: 6 physical cores, 12 logical processors, using up to 12 threads
Optimize a model with 5013 rows, 8078 columns and 354825 nonzeros
Model fingerprint: 0x1c12664f
Variable types: 4039 continuous, 4039 integer (4039 binary)
Coefficient statistics:
  Matrix range     [1e+00, 2e+01]
  Objective range  [1e+00, 1e+00]
  Bounds range     [1e+00, 1e+00]
  RHS range        [1e+00, 2e+01]
Found heuristic solution: objective 1798.0000000
Presolve removed 4129 rows and 6738 columns
Presolve time: 0.10s
Presolved: 884 rows, 1340 columns, 15274 nonzeros
Found heuristic solution: objective 1803.0000000
Variable types: 870 continuous, 470 integer (469 binary)

Concurrent LP optimizer: primal simplex, dual simplex, and barrier
Showing barrier log only...

Root barrier log...

Ordering time: 0.00s

Barrier statistics:
 AA' NZ     : 1.403e+04
 Factor NZ  : 2.358e+04 (roughly 1 MB of memory)
 Factor Ops : 8.316e+05 (less than 1 second per iteration)
 Threads    : 1

                  Objective                Residual
Iter       Primal          Dual         Primal    Dual     Compl     Time
   0   2.65958471e+03  5.96895852e+03  8.93e+02 1.18e+00  1.16e+01     0s
   1   2.23669061e+03  5.19967604e+03  3.36e+02 1.51e+00  3.93e+00     0s
   2   2.03572321e+03  3.28788837e+03  8.08e+01 1.15e-01  8.90e-01     0s
   3   2.02077474e+03  2.84868853e+03  3.94e+01 6.28e-02  4.76e-01     0s
   4   2.06219025e+03  2.26659974e+03  9.32e+00 7.75e-03  1.10e-01     0s
   5   2.10278798e+03  2.14142983e+03  6.06e-01 2.55e-04  1.41e-02     0s

Barrier performed 5 iterations in 0.15 seconds (0.12 work units)
Barrier solve interrupted - model solved by another algorithm


Solved with dual simplex

Root relaxation: objective 2.116929e+03, 410 iterations, 0.02 seconds (0.02 work units)

    Nodes    |    Current Node    |     Objective Bounds      |     Work
 Expl Unexpl |  Obj  Depth IntInf | Incumbent    BestBd   Gap | It/Node Time

     0     0 2116.92913    0  309 1803.00000 2116.92913  17.4%     -    0s
H    0     0                    1809.0000000 2114.47043  16.9%     -    0s
     0     0 1987.51458    0  290 1809.00000 1987.51458  9.87%     -    0s
H    0     0                    1810.0000000 1987.51458  9.81%     -    0s
     0     0 1981.95206    0  302 1810.00000 1981.95206  9.50%     -    0s
     0     0 1980.47278    0  299 1810.00000 1980.47278  9.42%     -    0s
     0     0 1980.18121    0  303 1810.00000 1980.18121  9.40%     -    0s
     0     0 1980.11776    0  304 1810.00000 1980.11776  9.40%     -    0s
H    0     0                    1814.0000000 1961.38488  8.12%     -    0s
     0     0 1961.38488    0  294 1814.00000 1961.38488  8.12%     -    0s
     0     0 1956.95079    0  292 1814.00000 1956.95079  7.88%     -    0s
     0     0 1955.97753    0  301 1814.00000 1955.97753  7.83%     -    0s
     0     0 1955.69196    0  304 1814.00000 1955.69196  7.81%     -    0s
     0     0 1955.56972    0  306 1814.00000 1955.56972  7.80%     -    0s
H    0     0                    1823.0000000 1955.56972  7.27%     -    0s
H    0     0                    1831.0000000 1946.09810  6.29%     -    0s
     0     0 1946.09810    0  298 1831.00000 1946.09810  6.29%     -    0s
     0     0 1942.86802    0  311 1831.00000 1942.86802  6.11%     -    0s
     0     0 1941.70138    0  312 1831.00000 1941.70138  6.05%     -    0s
     0     0 1941.39619    0  315 1831.00000 1941.39619  6.03%     -    0s
     0     0 1941.21112    0  321 1831.00000 1941.21112  6.02%     -    0s
H    0     0                    1835.0000000 1941.21112  5.79%     -    1s
     0     0 1938.41257    0  302 1835.00000 1938.41257  5.64%     -    1s
     0     0 1936.99763    0  306 1835.00000 1936.99763  5.56%     -    1s
     0     0 1936.30967    0  305 1835.00000 1936.30967  5.52%     -    1s
     0     0 1936.06824    0  313 1835.00000 1936.06824  5.51%     -    1s
     0     0 1934.47547    0  302 1835.00000 1934.47547  5.42%     -    1s
     0     0 1934.21401    0  300 1835.00000 1934.21401  5.41%     -    1s
     0     0 1932.63433    0  300 1835.00000 1932.63433  5.32%     -    1s
     0     0 1932.63433    0  299 1835.00000 1932.63433  5.32%     -    1s
     0     2 1932.63433    0  299 1835.00000 1932.63433  5.32%     -    1s
H   31    38                    1836.0000000 1929.96954  5.12%   239    2s
H   98   105                    1840.0000000 1929.76746  4.88%   157    2s
H  134   144                    1841.0000000 1929.76746  4.82%   139    3s
H  138   144                    1842.0000000 1929.76746  4.76%   137    3s
H  143   144                    1845.0000000 1929.76746  4.59%   134    3s
H  408   373                    1851.0000000 1929.76746  4.26%   127    4s
   492   468 1888.63196   63  188 1851.00000 1929.76746  4.26%   117    5s
H 1111   755                    1866.0000000 1924.20741  3.12%  94.4    7s
  1291   855 1895.64562   23  292 1866.00000 1922.00674  3.00%  92.1   10s
H 1439   892                    1866.9999991 1919.73699  2.82%   109   14s
H 1440   848                    1868.0000000 1919.73699  2.77%   109   14s
H 1441   808                    1874.9999981 1919.73699  2.39%   109   14s
H 1526   781                    1875.0000000 1918.70330  2.33%   109   15s
H 1527   743                    1880.0000000 1918.70330  2.06%   109   15s
  2043   798 1884.73231   32  199 1880.00000 1917.15893  1.98%   114   22s
H 2047   763                    1881.0000000 1917.15893  1.92%   115   22s
H 2048   730                    1886.0000000 1917.15893  1.65%   115   22s
  2524   755 1896.72087   28  271 1886.00000 1914.00790  1.49%   122   25s
H 2597   739                    1887.0000000 1914.00790  1.43%   123   25s
H 2915   662                    1891.0000000 1912.75593  1.15%   128   28s
  3168   678 1895.72350   42  229 1891.00000 1907.86404  0.89%   131   30s
  4016   648 1892.91880   30  175 1891.00000 1902.53857  0.61%   137   36s
  4778   739     cutoff   47      1891.00000 1900.27788  0.49%   141   40s
  5964   666 1892.97037   53  117 1891.00000 1897.99251  0.37%   141   45s
  7625   233     cutoff   27      1891.00000 1895.28431  0.23%   137   51s

Cutting planes:
  Gomory: 36
  Implied bound: 3
  MIR: 534
  Flow cover: 675
  Inf proof: 1
  RLT: 355
  Relax-and-lift: 67

Explored 8432 nodes (1115811 simplex iterations) in 52.04 seconds (61.92 work units)
Thread count was 12 (of 12 available processors)

Solution count 10: 1891 1887 1886 ... 1851

Optimal solution found (tolerance 1.00e-04)
Best objective 1.891000000000e+03, best bound 1.891000000000e+03, gap 0.0000%
