
Gurobi 9.5.1 (linux64) logging started Thu Jun  2 01:06:17 2022

Set parameter LogFile to value "../results/logs/log_socfb-Syracuse56_46_250_2022_06_02_01_06.log"
Gurobi Optimizer version 9.5.1 build v9.5.1rc2 (linux64)
Thread count: 8 physical cores, 8 logical processors, using up to 8 threads
Optimize a model with 27307 rows, 27306 columns and 2230540 nonzeros
Model fingerprint: 0xcf700bab
Variable types: 0 continuous, 27306 integer (27306 binary)
Coefficient statistics:
  Matrix range     [1e+00, 5e+01]
  Objective range  [1e+00, 1e+00]
  Bounds range     [1e+00, 1e+00]
  RHS range        [1e+00, 2e+02]
Found heuristic solution: objective -0.0000000
Presolve removed 10502 rows and 5490 columns (presolve time = 5s) ...
Presolve removed 10502 rows and 5490 columns
Presolve time: 7.33s
Presolved: 16805 rows, 21816 columns, 1912249 nonzeros
Variable types: 0 continuous, 21816 integer (21789 binary)

Deterministic concurrent LP optimizer: primal and dual simplex
Showing first log only...


Root simplex log...

Iteration    Objective       Primal Inf.    Dual Inf.      Time
       0   -0.0000000e+00   0.000000e+00   1.050250e+03      8s
Warning: Markowitz tolerance tightened to 0.125
    3314    7.4383070e+02   0.000000e+00   2.070573e+03     10s
    5265    1.6076742e+03   0.000000e+00   1.473520e+04     15s
    6761    2.2707569e+03   0.000000e+00   5.534677e+04     21s
    8167    2.9642261e+03   0.000000e+00   3.805707e+05     25s
Concurrent spin time: 8.40s

Solved with dual simplex

Root relaxation: objective 8.317437e+03, 19844 iterations, 22.32 seconds (41.07 work units)

    Nodes    |    Current Node    |     Objective Bounds      |     Work
 Expl Unexpl |  Obj  Depth IntInf | Incumbent    BestBd   Gap | It/Node Time

     0     0 8317.43674    0  994   -0.00000 8317.43674      -     -   30s
     0     0 8027.72925    0 1473   -0.00000 8027.72925      -     -   66s
H    0     0                    7149.0000000 8027.72925  12.3%     -   66s
     0     0 7997.11131    0 1496 7149.00000 7997.11131  11.9%     -   91s
     0     0 7995.11763    0 1534 7149.00000 7995.11763  11.8%     -   92s
     0     0 7994.81190    0 1538 7149.00000 7994.81190  11.8%     -   93s
     0     0 7994.74877    0 1540 7149.00000 7994.74877  11.8%     -   93s
     0     0 7994.74158    0 1548 7149.00000 7994.74158  11.8%     -   93s
     0     0 7924.52566    0 1740 7149.00000 7924.52566  10.8%     -  108s
H    0     0                    7161.0000000 7924.52566  10.7%     -  108s
H    0     0                    7179.0000000 7924.52566  10.4%     -  109s
     0     0 7896.70699    0 1769 7179.00000 7896.70699  10.0%     -  119s
     0     0 7890.96709    0 1788 7179.00000 7890.96709  9.92%     -  124s
     0     0 7889.68994    0 1851 7179.00000 7889.68994  9.90%     -  126s
     0     0 7889.27513    0 1897 7179.00000 7889.27513  9.89%     -  128s
     0     0 7889.12352    0 1912 7179.00000 7889.12352  9.89%     -  129s
     0     0 7889.08129    0 1916 7179.00000 7889.08129  9.89%     -  129s
     0     0 7861.06975    0 1995 7179.00000 7861.06975  9.50%     -  164s
H    0     0                    7442.0000000 7861.06975  5.63%     -  165s
     0     0 7850.95226    0 2053 7442.00000 7850.95226  5.50%     -  176s
     0     0 7847.81229    0 2121 7442.00000 7847.81229  5.45%     -  182s
     0     0 7846.77384    0 2210 7442.00000 7846.77384  5.44%     -  186s
     0     0 7846.28691    0 2225 7442.00000 7846.28691  5.43%     -  188s
     0     0 7846.05872    0 2224 7442.00000 7846.05872  5.43%     -  190s
     0     0 7845.95190    0 2253 7442.00000 7845.95190  5.43%     -  191s
     0     0 7829.52140    0 2227 7442.00000 7829.52140  5.21%     -  233s
     0     0 7823.99749    0 2302 7442.00000 7823.99749  5.13%     -  243s
     0     0 7821.80588    0 2367 7442.00000 7821.80588  5.10%     -  249s
     0     0 7820.87369    0 2393 7442.00000 7820.87369  5.09%     -  253s
     0     0 7820.35387    0 2433 7442.00000 7820.35387  5.08%     -  257s
     0     0 7820.19474    0 2433 7442.00000 7820.19474  5.08%     -  259s
     0     0 7820.09941    0 2456 7442.00000 7820.09941  5.08%     -  260s
     0     0 7811.22882    0 2407 7442.00000 7811.22882  4.96%     -  278s
H    0     0                    7466.0000000 7811.22882  4.62%     -  280s
     0     0 7808.24922    0 2480 7466.00000 7808.24922  4.58%     -  289s
     0     0 7806.83910    0 2507 7466.00000 7806.83910  4.57%     -  294s
     0     0 7806.32594    0 2568 7466.00000 7806.32594  4.56%     -  298s
     0     0 7806.09918    0 2610 7466.00000 7806.09918  4.56%     -  300s
     0     0 7805.97896    0 2617 7466.00000 7805.97896  4.55%     -  302s
     0     0 7800.34410    0 2566 7466.00000 7800.34410  4.48%     -  318s
     0     0 7798.44592    0 2627 7466.00000 7798.44592  4.45%     -  326s
     0     0 7797.72746    0 2657 7466.00000 7797.72746  4.44%     -  331s
     0     0 7797.33839    0 2681 7466.00000 7797.33839  4.44%     -  335s
     0     0 7797.17378    0 2731 7466.00000 7797.17378  4.44%     -  337s
     0     0 7797.09798    0 2747 7466.00000 7797.09798  4.43%     -  339s
     0     0 7792.29581    0 2657 7466.00000 7792.29581  4.37%     -  355s
H    0     0                    7502.0000000 7792.29581  3.87%     -  356s
     0     0 7790.60134    0 2812 7502.00000 7790.60134  3.85%     -  365s
     0     0 7789.94730    0 2849 7502.00000 7789.94730  3.84%     -  370s
     0     0 7789.65721    0 2829 7502.00000 7789.65721  3.83%     -  373s
     0     0 7789.55284    0 2871 7502.00000 7789.55284  3.83%     -  375s
     0     0 7786.56671    0 2780 7502.00000 7786.56671  3.79%     -  389s
H    0     0                    7503.0000000 7786.56671  3.78%     -  389s
     0     0 7785.35027    0 2941 7503.00000 7785.35027  3.76%     -  397s
     0     0 7784.85410    0 2969 7503.00000 7784.85410  3.76%     -  402s
     0     0 7784.65001    0 3009 7503.00000 7784.65001  3.75%     -  405s
     0     0 7784.52668    0 3044 7503.00000 7784.52668  3.75%     -  407s
     0     0 7782.32116    0 2961 7503.00000 7782.32116  3.72%     -  421s
H    0     0                    7551.0000000 7782.32116  3.06%     -  479s
     0     0 7781.62329    0 3038 7551.00000 7781.62329  3.05%     -  484s
     0     0 7781.27455    0 3031 7551.00000 7781.27455  3.05%     -  489s
     0     0 7781.08898    0 3090 7551.00000 7781.08898  3.05%     -  492s
     0     0 7780.99695    0 3113 7551.00000 7780.99695  3.05%     -  494s
     0     0 7779.41272    0 2913 7551.00000 7779.41272  3.02%     -  506s
     0     0 7778.84575    0 3048 7551.00000 7778.84575  3.02%     -  513s
     0     0 7778.52288    0 3102 7551.00000 7778.52288  3.01%     -  517s
     0     0 7778.35934    0 3115 7551.00000 7778.35934  3.01%     -  520s
     0     0 7777.45566    0 3070 7551.00000 7777.45566  3.00%     -  531s
     0     0 7777.02583    0 3134 7551.00000 7777.02583  2.99%     -  537s
     0     0 7776.82675    0 3197 7551.00000 7776.82675  2.99%     -  540s
     0     0 7776.72427    0 3218 7551.00000 7776.72427  2.99%     -  542s
     0     0 7775.90100    0 3070 7551.00000 7775.90100  2.98%     -  553s
H    0     0                    7553.0000000 7775.90100  2.95%     -  553s
     0     0 7775.53215    0 3178 7553.00000 7775.53215  2.95%     -  558s
     0     0 7775.35810    0 3204 7553.00000 7775.35810  2.94%     -  562s
     0     0 7774.73682    0 3125 7553.00000 7774.73682  2.94%     -  570s
     0     0 7774.73682    0 3121 7553.00000 7774.73682  2.94%     -  573s
H    0     0                    7573.0000000 7774.73648  2.66%     -  621s
H    0     2                    7574.0000000 7774.73648  2.65%     -  624s
     0     2 7774.73648    0 3121 7574.00000 7774.73648  2.65%     -  624s
     1     4 7774.72438    1 3057 7574.00000 7774.73648  2.65%   474  626s
     3     8 7774.32911    2 3180 7574.00000 7774.72419  2.65%  2053  661s
     7    16 7773.87871    3 3356 7574.00000 7774.33744  2.65%  8028  725s
    15    24 7773.49310    4 3428 7574.00000 7773.87834  2.64%  8491  774s
    23    32 7772.94844    4 3402 7574.00000 7773.55748  2.63%  9570  884s
H   31    40                    7595.0000000 7773.49294  2.35%  9029 1047s
H   34    40                    7618.0000000 7773.49282  2.04%  8524 1047s
    39    48 7773.31356    5 3395 7618.00000 7773.31356  2.04%  7764 1081s
    47    60 7773.14746    6 3397 7618.00000 7773.31327  2.04%  7169 1123s
    59    68 7773.01156    7 3388 7618.00000 7773.31327  2.04%  6659 1173s
H   67    82                    7619.0000000 7773.31327  2.03%  6176 1201s
H   69    82                    7621.0000000 7773.31327  2.00%  6049 1201s
H   77    82                    7622.0000000 7773.31327  1.99%  5669 1201s
    81    98 7772.83638   10 3385 7622.00000 7773.31327  1.99%  5508 1240s
    97   133 7772.71908   11 3385 7622.00000 7773.31327  1.99%  5202 1308s
H  132   161                    7623.0000000 7773.31327  1.97%  4395 1370s
H  139   161                    7624.0000000 7773.31327  1.96%  4287 1370s
H  158   161                    7625.0000000 7773.31327  1.95%  4042 1370s
   160   203 7772.60402   18 3376 7625.00000 7773.31327  1.95%  4070 1459s
H  202   244                    7629.0000000 7773.31327  1.89%  3941 1542s
   243   289 7771.96078   24 3333 7629.00000 7773.31327  1.89%  3719 1623s
H  288   313                    7631.0000000 7773.31327  1.86%  3457 1704s
H  300   313                    7632.0000000 7773.31327  1.85%  3495 1704s
   312   356 7771.36166   28 3300 7632.00000 7773.31327  1.85%  3486 1791s
H  355   401                    7633.0000000 7773.31327  1.84%  3351 1885s
H  360   401                    7635.0000000 7773.31327  1.81%  3353 1885s
   400   449 7770.65429   35 3237 7635.00000 7773.31327  1.81%  3331 1973s
   448   496 7770.22528   38 3191 7635.00000 7773.31327  1.81%  3215 2068s
H  450   496                    7636.0000000 7773.31327  1.80%  3217 2068s
H  467   496                    7637.0000000 7773.31327  1.78%  3182 2068s
   495   548 7770.19554   39 3186 7637.00000 7773.31327  1.78%  3115 2166s
H  547   602                    7638.0000000 7773.31327  1.77%  3045 2269s
   601   652 7769.71925   46 3166 7638.00000 7773.31327  1.77%  3027 2382s
H  651   660                    7640.0000000 7773.31327  1.74%  3079 2653s
H  652   660                    7641.0000000 7773.31327  1.73%  3079 2653s
H  654   660                    7642.0000000 7773.31327  1.72%  3085 2653s
   659   697 7768.82400   51 3119 7642.00000 7773.31327  1.72%  3084 2761s
   696   769 7768.20358   55 3098 7642.00000 7773.31327  1.72%  3062 2885s
   768   836 7767.62006   70 3026 7642.00000 7773.31327  1.72%  2971 3013s
   835   913 7766.63197   80 2946 7642.00000 7773.31327  1.72%  2916 3131s
   912  1000 7764.37781   83 2918 7642.00000 7773.31327  1.72%  2850 3255s
   999  1092 7762.72622   87 2833 7642.00000 7773.31327  1.72%  2762 3369s
  1091  1202 7761.87608   94 2795 7642.00000 7773.31327  1.72%  2651 3489s
  1201  1334 7761.29840  102 2798 7642.00000 7773.31327  1.72%  2536 3600s

Cutting planes:
  Gomory: 18
  Lift-and-project: 5
  Cover: 152
  Implied bound: 1
  Clique: 6
  MIR: 1277
  StrongCG: 61
  GUB cover: 2383
  Zero half: 1
  RLT: 1438

Explored 1333 nodes (3493822 simplex iterations) in 3600.03 seconds (7804.68 work units)
Thread count was 8 (of 8 available processors)

Solution count 10: 7642 7641 7640 ... 7631

Time limit reached
Best objective 7.642000000000e+03, best bound 7.773000000000e+03, gap 1.7142%
