
Gurobi 9.5.1 (linux64) logging started Wed Mar 16 14:57:53 2022

Set parameter LogFile to value "../results/logs/log_2022_03_16_14_57.csv_46_250.log"
Set parameter LazyConstraints to value 1
Gurobi Optimizer version 9.5.1 build v9.5.1rc2 (linux64)
Thread count: 8 physical cores, 8 logical processors, using up to 8 threads
Optimize a model with 8403 rows, 27306 columns and 30457 nonzeros
Model fingerprint: 0x3025a2ba
Variable types: 0 continuous, 27306 integer (27306 binary)
Coefficient statistics:
  Matrix range     [1e+00, 1e+00]
  Objective range  [1e+00, 1e+00]
  Bounds range     [1e+00, 1e+00]
  RHS range        [1e+00, 2e+02]
Found heuristic solution: objective 13653.000000

Explored 0 nodes (0 simplex iterations) in 0.00 seconds (0.00 work units)
Thread count was 1 (of 8 available processors)

Solution count 1: 13653 

Optimal solution found (tolerance 1.00e-04)
Best objective 1.365300000000e+04, best bound 1.365300000000e+04, gap 0.0000%

User-callback calls 21, time in user-callback 0.00 sec

Gurobi 9.5.1 (linux64) logging started Wed Mar 16 14:58:54 2022

Set parameter LogFile to value "../results/logs/log_2022_03_16_14_57.csv_46_250.log"
Set parameter LazyConstraints to value 1
Gurobi Optimizer version 9.5.1 build v9.5.1rc2 (linux64)
Thread count: 8 physical cores, 8 logical processors, using up to 8 threads
Optimize a model with 8403 rows, 27306 columns and 30457 nonzeros
Model fingerprint: 0x3025a2ba
Variable types: 0 continuous, 27306 integer (27306 binary)
Coefficient statistics:
  Matrix range     [1e+00, 1e+00]
  Objective range  [1e+00, 1e+00]
  Bounds range     [1e+00, 1e+00]
  RHS range        [1e+00, 2e+02]
Found heuristic solution: objective 13653.000000

Explored 0 nodes (0 simplex iterations) in 0.00 seconds (0.00 work units)
Thread count was 1 (of 8 available processors)

Solution count 1: 13653 

Optimal solution found (tolerance 1.00e-04)
Best objective 1.365300000000e+04, best bound 1.365300000000e+04, gap 0.0000%

User-callback calls 21, time in user-callback 0.00 sec

Gurobi 9.5.1 (linux64) logging started Wed Mar 16 14:59:59 2022

Set parameter LogFile to value "../results/logs/log_2022_03_16_14_57.csv_46_250.log"
Set parameter LazyConstraints to value 1
Gurobi Optimizer version 9.5.1 build v9.5.1rc2 (linux64)
Thread count: 8 physical cores, 8 logical processors, using up to 8 threads
Optimize a model with 8403 rows, 27306 columns and 30457 nonzeros
Model fingerprint: 0x3025a2ba
Variable types: 0 continuous, 27306 integer (27306 binary)
Coefficient statistics:
  Matrix range     [1e+00, 1e+00]
  Objective range  [1e+00, 1e+00]
  Bounds range     [1e+00, 1e+00]
  RHS range        [1e+00, 2e+02]
Found heuristic solution: objective 13653.000000

Explored 0 nodes (0 simplex iterations) in 0.00 seconds (0.00 work units)
Thread count was 1 (of 8 available processors)

Solution count 1: 13653 

Optimal solution found (tolerance 1.00e-04)
Best objective 1.365300000000e+04, best bound 1.365300000000e+04, gap 0.0000%

User-callback calls 21, time in user-callback 0.00 sec
