
Gurobi 9.5.1 (linux64) logging started Sun Jul  3 19:19:06 2022

Set parameter LogFile to value "../results/logs/log_web-Google_4_250_2022_07_03_18_58.log"
Gurobi Optimizer version 9.5.1 build v9.5.1rc2 (linux64)
Thread count: 8 physical cores, 8 logical processors, using up to 8 threads
Optimize a model with 139778 rows, 1751426 columns and 1326618 nonzeros
Model fingerprint: 0x3c1b00c0
Variable types: 0 continuous, 1751426 integer (1751426 binary)
Coefficient statistics:
  Matrix range     [1e+00, 4e+00]
  Objective range  [1e+00, 1e+00]
  Bounds range     [1e+00, 1e+00]
  RHS range        [1e+00, 2e+02]
Found heuristic solution: objective 492655.00000
Presolve removed 50355 rows and 1652872 columns (presolve time = 5s) ...
Presolve removed 50355 rows and 1652872 columns
Presolve time: 5.06s
Presolved: 89423 rows, 98554 columns, 367176 nonzeros
Found heuristic solution: objective 493037.00000
Variable types: 0 continuous, 98554 integer (86032 binary)

Deterministic concurrent LP optimizer: primal and dual simplex
Showing first log only...


Root simplex log...

Iteration    Objective       Primal Inf.    Dual Inf.      Time
       0    4.9315500e+05   0.000000e+00   2.680675e+04      7s
   28648    4.9845863e+05   0.000000e+00   0.000000e+00      7s
   28680    4.9845863e+05   0.000000e+00   0.000000e+00      7s
Extra simplex iterations after uncrush: 32

Use crossover to convert LP symmetric solution to basic solution...

Root crossover log...

       0 DPushes remaining with DInf 0.0000000e+00                 7s

      94 PPushes remaining with PInf 0.0000000e+00                 7s
       0 PPushes remaining with PInf 0.0000000e+00                 7s

  Push phase complete: Pinf 0.0000000e+00, Dinf 2.1341540e-12      7s


Root simplex log...

Iteration    Objective       Primal Inf.    Dual Inf.      Time
   30671    4.9845863e+05   0.000000e+00   0.000000e+00      7s
   33433    4.9845863e+05   0.000000e+00   0.000000e+00      8s
Extra simplex iterations after uncrush: 2762
Concurrent spin time: 0.03s

Solved with primal simplex

Root relaxation: objective 4.984586e+05, 33433 iterations, 1.61 seconds (1.73 work units)

    Nodes    |    Current Node    |     Objective Bounds      |     Work
 Expl Unexpl |  Obj  Depth IntInf | Incumbent    BestBd   Gap | It/Node Time

     0     0 498458.634    0 7187 493037.000 498458.634  1.10%     -    9s
     0     0 495849.212    0 4802 493037.000 495849.212  0.57%     -   15s
H    0     0                    494278.00000 495849.212  0.32%     -   16s
     0     0 495203.318    0 3288 494278.000 495203.318  0.19%     -   18s
     0     0 495175.179    0 3211 494278.000 495175.179  0.18%     -   18s
     0     0 495172.974    0 3233 494278.000 495172.974  0.18%     -   19s
     0     0 495172.781    0 3227 494278.000 495172.781  0.18%     -   19s
     0     0 494857.227    0 2416 494278.000 494857.227  0.12%     -   21s
H    0     0                    494448.00000 494857.227  0.08%     -   21s
     0     0 494832.180    0 2236 494448.000 494832.180  0.08%     -   22s
     0     0 494831.200    0 2195 494448.000 494831.200  0.08%     -   22s
     0     0 494706.193    0 1491 494448.000 494706.193  0.05%     -   25s
H    0     0                    494506.00000 494706.193  0.04%     -   26s
H    0     0                    494509.00000 494706.193  0.04%     -   27s
     0     0 494687.599    0 1341 494509.000 494687.599  0.04%     -   27s
     0     0 494685.298    0 1275 494509.000 494685.298  0.04%     -   28s
     0     0 494685.179    0 1299 494509.000 494685.179  0.04%     -   28s
     0     0 494646.764    0  913 494509.000 494646.764  0.03%     -   30s
H    0     0                    494552.00000 494646.764  0.02%     -   30s
     0     0 494641.315    0  901 494552.000 494641.315  0.02%     -   31s
     0     0 494640.683    0  917 494552.000 494640.683  0.02%     -   31s
     0     0 494632.348    0  693 494552.000 494632.348  0.02%     -   32s
H    0     0                    494571.00000 494632.348  0.01%     -   32s
H    0     0                    494573.00000 494632.348  0.01%     -   34s
     0     0 494631.009    0  687 494573.000 494631.009  0.01%     -   34s
     0     0 494630.807    0  684 494573.000 494630.807  0.01%     -   34s
     0     0 494628.556    0  677 494573.000 494628.556  0.01%     -   35s
     0     0 494628.277    0  683 494573.000 494628.277  0.01%     -   36s
     0     0 494627.569    0  691 494573.000 494627.569  0.01%     -   36s
     0     0 494627.569    0  668 494573.000 494627.569  0.01%     -   54s
     0     2 494626.569    0  666 494573.000 494626.569  0.01%     -   60s
    15    24 494621.545    4  669 494573.000 494621.713  0.01%  64.1   67s
    39    48 494618.994    7  626 494573.000 494620.846  0.01%  48.4   70s
    91   150 494615.407   11  597 494573.000 494620.846  0.01%  37.1   79s
   149   354 494610.038   16  582 494573.000 494620.846  0.01%  34.9   90s
H  315   354                    494574.00000 494620.846  0.01%  27.8   90s
   357   669 494594.800   45  368 494574.000 494620.846  0.01%  26.5  113s
   777   984 494585.578   73  285 494574.000 494620.846  0.01%  29.3  137s
H  813   982                    494575.00000 494620.846  0.01%  30.1  137s
  1213  1465 494576.045  106  173 494575.000 494619.869  0.01%  29.9  158s
  1953  1466 494587.019   52  668 494575.000 494614.121  0.01%  26.5  183s
  1955  1467 494601.918   17 6959 494575.000 494614.121  0.01%  26.5  193s
  1956  1468 494598.555   23 4324 494575.000 494614.121  0.01%  26.5  203s
  1957  1469 494587.209   44 2375 494575.000 494614.121  0.01%  26.5  208s
  1959  1470 494584.776   75  906 494575.000 494614.121  0.01%  26.5  210s
  1964  1473 494588.778   43  433 494575.000 494603.910  0.01%  26.4  215s
  1969  1477 494588.347   22  242 494575.000 494588.347  0.00%  26.3  220s
H 1974  1405                    494576.00000 494582.649  0.00%  26.3  224s
  1975  1406 494582.649   36  154 494576.000 494582.649  0.00%  26.3  225s
  1984  1413 494580.255   17 3966 494576.000 494580.255  0.00%  57.8  232s
  1995  1421 494580.255   66  157 494576.000 494580.255  0.00%  57.4  235s
  2016  1436 494579.720   11   90 494576.000 494579.720  0.00%  65.3  240s
* 2020  1365              38    494579.00000 494579.000  0.00%  65.2  240s

Cutting planes:
  Gomory: 242
  Lift-and-project: 20
  Cover: 52
  Implied bound: 29
  Projected implied bound: 1
  Clique: 13
  MIR: 739
  StrongCG: 46
  Flow cover: 509
  GUB cover: 897
  Inf proof: 4
  Zero half: 334
  RLT: 198
  Relax-and-lift: 32

Explored 2020 nodes (192783 simplex iterations) in 240.83 seconds (250.04 work units)
Thread count was 8 (of 8 available processors)

Solution count 10: 494579 494576 494576 ... 494574

Optimal solution found (tolerance 0.00e+00)
Best objective 4.945790000044e+05, best bound 4.945790000044e+05, gap 0.0000%
