
Gurobi 9.5.0 (win64) logging started Tue Dec  7 12:39:55 2021

Set parameter LogFile to value "../results/logs/log_2021_12_07_12_26.csv_11_10.log"
Set parameter Method to value 3
Gurobi Optimizer version 9.5.0 build v9.5.0rc5 (win64)
Thread count: 6 physical cores, 12 logical processors, using up to 12 threads
Optimize a model with 79 rows, 9882 columns and 6345 nonzeros
Model fingerprint: 0x2f72012e
Variable types: 4941 continuous, 4941 integer (4941 binary)
Coefficient statistics:
  Matrix range     [1e+00, 1e+01]
  Objective range  [1e+00, 1e+00]
  Bounds range     [1e+00, 1e+00]
  RHS range        [1e+00, 1e+01]
Found heuristic solution: objective -0.0000000
Presolve removed 70 rows and 9868 columns
Presolve time: 0.01s
Presolved: 9 rows, 14 columns, 51 nonzeros
Extracted 7 lazy constraints
Variable types: 6 continuous, 8 integer (8 binary)

Root relaxation: objective 8.000000e+00, 1 iterations, 0.00 seconds (0.00 work units)

    Nodes    |    Current Node    |     Objective Bounds      |     Work
 Expl Unexpl |  Obj  Depth IntInf | Incumbent    BestBd   Gap | It/Node Time

     0     0    6.27273    0    1   -0.00000    6.27273      -     -    0s
H    0     0                       2.0000000    6.27273   214%     -    0s
H    0     0                       5.0000000    6.27273  25.5%     -    0s

Cutting planes:
  Lazy constraints: 5

Explored 1 nodes (4 simplex iterations) in 0.01 seconds (0.01 work units)
Thread count was 12 (of 12 available processors)

Solution count 3: 5 2 -0 

Optimal solution found (tolerance 1.00e-04)
Best objective 5.000000000000e+00, best bound 5.000000000000e+00, gap 0.0000%
