
Gurobi 9.5.0 (win64) logging started Tue Dec  7 12:37:19 2021

Set parameter LogFile to value "../results/logs/log_2021_12_07_12_26.csv_4_60.log"
Set parameter Method to value 3
Gurobi Optimizer version 9.5.0 build v9.5.0rc5 (win64)
Thread count: 6 physical cores, 12 logical processors, using up to 12 threads
Optimize a model with 2962 rows, 9882 columns and 30211 nonzeros
Model fingerprint: 0xdeea0163
Variable types: 4941 continuous, 4941 integer (4941 binary)
Coefficient statistics:
  Matrix range     [1e+00, 4e+00]
  Objective range  [1e+00, 1e+00]
  Bounds range     [1e+00, 1e+00]
  RHS range        [1e+00, 6e+01]
Found heuristic solution: objective 36.0000000
Presolve removed 1475 rows and 7622 columns
Presolve time: 0.04s
Presolved: 1487 rows, 2260 columns, 8333 nonzeros
Variable types: 1293 continuous, 967 integer (941 binary)
Found heuristic solution: objective 55.0000000

Concurrent LP optimizer: primal simplex, dual simplex, and barrier
Showing barrier log only...

Root barrier log...

Ordering time: 0.00s

Barrier statistics:
 AA' NZ     : 6.354e+03
 Factor NZ  : 1.841e+04 (roughly 2 MB of memory)
 Factor Ops : 2.649e+05 (less than 1 second per iteration)
 Threads    : 1

                  Objective                Residual
Iter       Primal          Dual         Primal    Dual     Compl     Time
   0   6.51184876e+03  9.34266621e+03  2.91e+03 1.08e+00  4.02e+01     0s
   1   2.52005603e+03  1.04755005e+04  1.08e+03 7.11e-15  1.49e+01     0s
   2   4.21637303e+02  6.03058233e+03  5.86e+01 7.11e-15  1.56e+00     0s
   3   2.67747553e+02  1.15292155e+03  6.10e+00 4.88e-15  1.99e-01     0s
   4   2.73944683e+02  4.73921130e+02  7.95e-01 6.94e-15  3.75e-02     0s
   5   2.92871424e+02  3.89085239e+02  4.06e-01 3.39e-15  1.77e-02     0s
   6   3.02322739e+02  3.63412381e+02  2.50e-01 3.69e-15  1.11e-02     0s
   7   3.08441040e+02  3.52534403e+02  1.74e-01 3.55e-15  8.00e-03     0s
   8   3.16091631e+02  3.45128219e+02  8.65e-02 3.55e-15  5.18e-03     0s
   9   3.18934143e+02  3.35713678e+02  6.04e-02 3.55e-15  3.01e-03     0s
  10   3.23395443e+02  3.31240449e+02  2.14e-02 2.15e-15  1.39e-03     0s
  11   3.24828608e+02  3.29166780e+02  1.16e-02 3.82e-15  7.67e-04     0s

Barrier performed 11 iterations in 0.08 seconds (0.04 work units)
Barrier solve interrupted - model solved by another algorithm


Solved with primal simplex

Root relaxation: objective 3.266472e+02, 1412 iterations, 0.03 seconds (0.02 work units)

    Nodes    |    Current Node    |     Objective Bounds      |     Work
 Expl Unexpl |  Obj  Depth IntInf | Incumbent    BestBd   Gap | It/Node Time

     0     0  326.64719    0  604   55.00000  326.64719   494%     -    0s
H    0     0                      78.0000000  326.64719   319%     -    0s
H    0     0                      79.0000000  326.64719   313%     -    0s
H    0     0                      87.0000000  326.64719   275%     -    0s
     0     0  197.01983    0  289   87.00000  197.01983   126%     -    0s
     0     0  191.15675    0  282   87.00000  191.15675   120%     -    0s
     0     0  190.65285    0  298   87.00000  190.65285   119%     -    0s
     0     0  190.58886    0  300   87.00000  190.58886   119%     -    0s
     0     0  174.97740    0  244   87.00000  174.97740   101%     -    0s
     0     0  172.51085    0  254   87.00000  172.51085  98.3%     -    0s
H    0     0                      95.0000000  172.14973  81.2%     -    0s
     0     0  172.14973    0  240   95.00000  172.14973  81.2%     -    0s
     0     0  172.05354    0  243   95.00000  172.05354  81.1%     -    0s
     0     0  168.08032    0  154   95.00000  168.08032  76.9%     -    0s
     0     0  167.17835    0  161   95.00000  167.17835  76.0%     -    0s
     0     0  167.00292    0  165   95.00000  167.00292  75.8%     -    0s
H    0     0                     103.0000000  167.00292  62.1%     -    0s
     0     0  164.53844    0  221  103.00000  164.53844  59.7%     -    0s
H    0     0                     106.0000000  164.53844  55.2%     -    0s
     0     0  163.97711    0  157  106.00000  163.97711  54.7%     -    0s
     0     0  163.74274    0  241  106.00000  163.74274  54.5%     -    0s
     0     0  163.58671    0  211  106.00000  163.58671  54.3%     -    0s
     0     0  162.88740    0  146  106.00000  162.88740  53.7%     -    0s
     0     0  162.64325    0  153  106.00000  162.64325  53.4%     -    0s
     0     0  162.60270    0  185  106.00000  162.60270  53.4%     -    0s
     0     0  162.26885    0  171  106.00000  162.26885  53.1%     -    0s
H    0     0                     126.0000000  162.26885  28.8%     -    0s
     0     0  162.26885    0  171  126.00000  162.26885  28.8%     -    1s
     0     2  162.26885    0  171  126.00000  162.26885  28.8%     -    1s
H  111   123                     128.0000000  161.22728  26.0%  61.7    1s
H  204   211                     129.0000000  161.22728  25.0%  57.9    2s
H  206   211                     130.0000000  161.22728  24.0%  57.7    2s
H  209   211                     131.0000000  161.22728  23.1%  57.1    2s
H  348   361                     154.0000000  161.22728  4.69%  56.5    2s
H 1268   524                     156.0000000  160.29712  2.75%  53.0    4s
  1279   516  157.41365   23  192  156.00000  160.29712  2.75%  52.5    5s
H 1330   523                     157.0000000  157.90847  0.58%  55.2    7s

Cutting planes:
  Gomory: 84
  Lift-and-project: 58
  Cover: 3
  Implied bound: 10
  MIR: 309
  Flow cover: 360
  RLT: 51
  Relax-and-lift: 7

Explored 1330 nodes (81719 simplex iterations) in 7.66 seconds (5.52 work units)
Thread count was 12 (of 12 available processors)

Solution count 10: 157 156 154 ... 103

Optimal solution found (tolerance 1.00e-04)
Best objective 1.570000000000e+02, best bound 1.570000000000e+02, gap 0.0000%
