
Gurobi 9.5.1 (linux64) logging started Wed Mar  9 17:57:16 2022

Set parameter LogFile to value "../results/logs/log_2022_03_09_17_57.csv_2_60.log"
Set parameter Method to value 3
Gurobi Optimizer version 9.5.1 build v9.5.1rc2 (linux64)
Thread count: 8 physical cores, 8 logical processors, using up to 8 threads
Optimize a model with 7793 rows, 9882 columns and 42118 nonzeros
Model fingerprint: 0xaa15ad95
Variable types: 4941 continuous, 4941 integer (4941 binary)
Coefficient statistics:
  Matrix range     [1e+00, 2e+00]
  Objective range  [1e+00, 1e+00]
  Bounds range     [1e+00, 1e+00]
  RHS range        [1e+00, 6e+01]
Found heuristic solution: objective 3353.0000000
Presolve removed 7455 rows and 9420 columns
Presolve time: 0.01s
Presolved: 338 rows, 462 columns, 1285 nonzeros
Variable types: 153 continuous, 309 integer (255 binary)
Found heuristic solution: objective 3413.0000000

Root relaxation: objective 3.539500e+03, 303 iterations, 0.00 seconds (0.00 work units)

    Nodes    |    Current Node    |     Objective Bounds      |     Work
 Expl Unexpl |  Obj  Depth IntInf | Incumbent    BestBd   Gap | It/Node Time

     0     0 3539.50000    0   48 3413.00000 3539.50000  3.71%     -    0s
H    0     0                    3499.0000000 3539.50000  1.16%     -    0s
     0     0 3531.00000    0   73 3499.00000 3531.00000  0.91%     -    0s
     0     0 3524.33333    0   60 3499.00000 3524.33333  0.72%     -    0s
     0     0 3520.66667    0   44 3499.00000 3520.66667  0.62%     -    0s
H    0     0                    3501.0000000 3520.66667  0.56%     -    0s
*    0     0               0    3512.0000000 3512.00000  0.00%     -    0s

Cutting planes:
  Gomory: 36
  Implied bound: 44
  MIR: 101
  RLT: 13
  Relax-and-lift: 2

Explored 1 nodes (784 simplex iterations) in 0.06 seconds (0.03 work units)
Thread count was 8 (of 8 available processors)

Solution count 5: 3512 3501 3499 ... 3353

Optimal solution found (tolerance 1.00e-04)
Best objective 3.512000000000e+03, best bound 3.512000000000e+03, gap 0.0000%
