
Gurobi 9.1.1 (win64) logging started Wed Mar 10 01:17:17 2021

Changed value of parameter LogFile to ../results/logs/log_samuel_kroger_2021_03_10_01_17_16.csv_6_1.log
   Prev:   Default: 
Gurobi Optimizer version 9.1.1 build v9.1.1rc0 (win64)
Thread count: 6 physical cores, 12 logical processors, using up to 12 threads
Optimize a model with 13 rows, 78 columns and 329 nonzeros
Model fingerprint: 0xc1ee34f6
Variable types: 0 continuous, 78 integer (78 binary)
Coefficient statistics:
  Matrix range     [1e+00, 6e+00]
  Objective range  [1e+00, 1e+00]
  Bounds range     [1e+00, 1e+00]
  RHS range        [1e+00, 1e+00]
Found heuristic solution: objective 35.0000000
Found heuristic solution: objective 40.0000000
Presolve removed 13 rows and 78 columns
Presolve time: 0.00s
Presolve: All rows and columns removed

Explored 0 nodes (0 simplex iterations) in 0.00 seconds
Thread count was 1 (of 12 available processors)

Solution count 2: 40 

Optimal solution found (tolerance 1.00e-04)
Best objective 4.000000000000e+01, best bound 4.000000000000e+01, gap 0.0000%

Gurobi 9.1.1 (win64) logging started Wed Mar 10 01:17:17 2021

Changed value of parameter LogFile to ../results/logs/log_samuel_kroger_2021_03_10_01_17_16.csv_6_1.log
   Prev:   Default: 
Gurobi Optimizer version 9.1.1 build v9.1.1rc0 (win64)
Thread count: 6 physical cores, 12 logical processors, using up to 12 threads
Optimize a model with 13 rows, 78 columns and 329 nonzeros
Model fingerprint: 0x9dfaaada
Variable types: 0 continuous, 78 integer (78 binary)
Coefficient statistics:
  Matrix range     [1e+00, 6e+00]
  Objective range  [1e+00, 1e+00]
  Bounds range     [1e+00, 1e+00]
  RHS range        [1e+00, 1e+00]

User MIP start produced solution with objective 40 (0.00s)
Loaded user MIP start with objective 40

Presolve removed 13 rows and 78 columns
Presolve time: 0.00s
Presolve: All rows and columns removed

Explored 0 nodes (0 simplex iterations) in 0.00 seconds
Thread count was 1 (of 12 available processors)

Solution count 1: 40 

Optimal solution found (tolerance 1.00e-04)
Best objective 4.000000000000e+01, best bound 4.000000000000e+01, gap 0.0000%

Gurobi 9.1.1 (win64) logging started Wed Mar 10 01:17:17 2021

Changed value of parameter LogFile to ../results/logs/log_samuel_kroger_2021_03_10_01_17_16.csv_6_1.log
   Prev:   Default: 
Gurobi Optimizer version 9.1.1 build v9.1.1rc0 (win64)
Thread count: 6 physical cores, 12 logical processors, using up to 12 threads
Optimize a model with 7 rows, 78 columns and 51 nonzeros
Model fingerprint: 0xdb97c676
Variable types: 0 continuous, 78 integer (78 binary)
Coefficient statistics:
  Matrix range     [1e+00, 1e+00]
  Objective range  [1e+00, 1e+00]
  Bounds range     [1e+00, 1e+00]
  RHS range        [1e+00, 1e+00]
Found heuristic solution: objective 40.0000000
Presolve removed 7 rows and 78 columns
Presolve time: 0.00s
Presolve: All rows and columns removed

Explored 0 nodes (0 simplex iterations) in 0.00 seconds
Thread count was 1 (of 12 available processors)

Solution count 1: 40 

Optimal solution found (tolerance 1.00e-04)
Best objective 4.000000000000e+01, best bound 4.000000000000e+01, gap 0.0000%

Gurobi 9.1.1 (win64) logging started Wed Mar 10 01:17:17 2021

Changed value of parameter LogFile to ../results/logs/log_samuel_kroger_2021_03_10_01_17_16.csv_6_1.log
   Prev:   Default: 
Gurobi Optimizer version 9.1.1 build v9.1.1rc0 (win64)
Thread count: 6 physical cores, 12 logical processors, using up to 12 threads
Optimize a model with 7 rows, 78 columns and 51 nonzeros
Model fingerprint: 0xcfa2afd9
Variable types: 0 continuous, 78 integer (78 binary)
Coefficient statistics:
  Matrix range     [1e+00, 1e+00]
  Objective range  [1e+00, 1e+00]
  Bounds range     [1e+00, 1e+00]
  RHS range        [1e+00, 1e+00]

User MIP start produced solution with objective 40 (0.00s)
Loaded user MIP start with objective 40

Presolve removed 7 rows and 78 columns
Presolve time: 0.00s
Presolve: All rows and columns removed

Explored 0 nodes (0 simplex iterations) in 0.00 seconds
Thread count was 1 (of 12 available processors)

Solution count 1: 40 

Optimal solution found (tolerance 1.00e-04)
Best objective 4.000000000000e+01, best bound 4.000000000000e+01, gap 0.0000%

Gurobi 9.1.1 (win64) logging started Wed Mar 10 01:17:18 2021

Changed value of parameter LogFile to ../results/logs/log_samuel_kroger_2021_03_10_01_17_16.csv_6_1.log
   Prev:   Default: 
Gurobi Optimizer version 9.1.1 build v9.1.1rc0 (win64)
Thread count: 6 physical cores, 12 logical processors, using up to 12 threads
Optimize a model with 155 rows, 230 columns and 2550 nonzeros
Model fingerprint: 0x557ad163
Variable types: 0 continuous, 230 integer (230 binary)
Coefficient statistics:
  Matrix range     [1e+00, 6e+00]
  Objective range  [1e+00, 1e+00]
  Bounds range     [1e+00, 1e+00]
  RHS range        [1e+00, 1e+00]
Found heuristic solution: objective 40.0000000
Found heuristic solution: objective 67.0000000
Found heuristic solution: objective 102.0000000
Presolve removed 155 rows and 230 columns
Presolve time: 0.00s
Presolve: All rows and columns removed

Explored 0 nodes (0 simplex iterations) in 0.00 seconds
Thread count was 1 (of 12 available processors)

Solution count 4: 116 

Optimal solution found (tolerance 1.00e-04)
Best objective 1.160000000000e+02, best bound 1.160000000000e+02, gap 0.0000%

Gurobi 9.1.1 (win64) logging started Wed Mar 10 01:17:18 2021

Changed value of parameter LogFile to ../results/logs/log_samuel_kroger_2021_03_10_01_17_16.csv_6_1.log
   Prev:   Default: 
Gurobi Optimizer version 9.1.1 build v9.1.1rc0 (win64)
Thread count: 6 physical cores, 12 logical processors, using up to 12 threads
Optimize a model with 155 rows, 230 columns and 2550 nonzeros
Model fingerprint: 0xf8835392
Variable types: 0 continuous, 230 integer (230 binary)
Coefficient statistics:
  Matrix range     [1e+00, 6e+00]
  Objective range  [1e+00, 1e+00]
  Bounds range     [1e+00, 1e+00]
  RHS range        [1e+00, 1e+00]

User MIP start produced solution with objective 116 (0.00s)
Loaded user MIP start with objective 116

Presolve removed 155 rows and 230 columns
Presolve time: 0.00s
Presolve: All rows and columns removed

Explored 0 nodes (0 simplex iterations) in 0.00 seconds
Thread count was 1 (of 12 available processors)

Solution count 1: 116 

Optimal solution found (tolerance 1.00e-04)
Best objective 1.160000000000e+02, best bound 1.160000000000e+02, gap 0.0000%

Gurobi 9.1.1 (win64) logging started Wed Mar 10 01:17:18 2021

Changed value of parameter LogFile to ../results/logs/log_samuel_kroger_2021_03_10_01_17_16.csv_6_1.log
   Prev:   Default: 
Gurobi Optimizer version 9.1.1 build v9.1.1rc0 (win64)
Thread count: 6 physical cores, 12 logical processors, using up to 12 threads
Optimize a model with 78 rows, 230 columns and 269 nonzeros
Model fingerprint: 0x90fa3297
Variable types: 0 continuous, 230 integer (230 binary)
Coefficient statistics:
  Matrix range     [1e+00, 1e+00]
  Objective range  [1e+00, 1e+00]
  Bounds range     [1e+00, 1e+00]
  RHS range        [1e+00, 1e+00]
Found heuristic solution: objective 116.0000000
Presolve removed 78 rows and 230 columns
Presolve time: 0.00s
Presolve: All rows and columns removed

Explored 0 nodes (0 simplex iterations) in 0.00 seconds
Thread count was 1 (of 12 available processors)

Solution count 1: 116 

Optimal solution found (tolerance 1.00e-04)
Best objective 1.160000000000e+02, best bound 1.160000000000e+02, gap 0.0000%

Gurobi 9.1.1 (win64) logging started Wed Mar 10 01:17:18 2021

Changed value of parameter LogFile to ../results/logs/log_samuel_kroger_2021_03_10_01_17_16.csv_6_1.log
   Prev:   Default: 
Gurobi Optimizer version 9.1.1 build v9.1.1rc0 (win64)
Thread count: 6 physical cores, 12 logical processors, using up to 12 threads
Optimize a model with 78 rows, 230 columns and 269 nonzeros
Model fingerprint: 0x797d133f
Variable types: 0 continuous, 230 integer (230 binary)
Coefficient statistics:
  Matrix range     [1e+00, 1e+00]
  Objective range  [1e+00, 1e+00]
  Bounds range     [1e+00, 1e+00]
  RHS range        [1e+00, 1e+00]

User MIP start produced solution with objective 116 (0.00s)
Loaded user MIP start with objective 116


Explored 0 nodes (0 simplex iterations) in 0.00 seconds
Thread count was 1 (of 12 available processors)

Solution count 1: 116 

Optimal solution found (tolerance 1.00e-04)
Best objective 1.160000000000e+02, best bound 1.160000000000e+02, gap 0.0000%

Gurobi 9.1.1 (win64) logging started Wed Mar 10 01:17:19 2021

Changed value of parameter LogFile to ../results/logs/log_samuel_kroger_2021_03_10_01_17_16.csv_6_1.log
   Prev:   Default: 
Gurobi Optimizer version 9.1.1 build v9.1.1rc0 (win64)
Thread count: 6 physical cores, 12 logical processors, using up to 12 threads
Optimize a model with 1 rows, 32 columns and 16 nonzeros
Model fingerprint: 0xb1062a6e
Variable types: 0 continuous, 32 integer (32 binary)
Coefficient statistics:
  Matrix range     [1e+00, 1e+00]
  Objective range  [1e+00, 1e+00]
  Bounds range     [1e+00, 1e+00]
  RHS range        [1e+00, 1e+00]
Found heuristic solution: objective 17.0000000
Presolve removed 1 rows and 32 columns
Presolve time: 0.00s
Presolve: All rows and columns removed

Explored 0 nodes (0 simplex iterations) in 0.00 seconds
Thread count was 1 (of 12 available processors)

Solution count 1: 17 

Optimal solution found (tolerance 1.00e-04)
Best objective 1.700000000000e+01, best bound 1.700000000000e+01, gap 0.0000%

Gurobi 9.1.1 (win64) logging started Wed Mar 10 01:17:19 2021

Changed value of parameter LogFile to ../results/logs/log_samuel_kroger_2021_03_10_01_17_16.csv_6_1.log
   Prev:   Default: 
Gurobi Optimizer version 9.1.1 build v9.1.1rc0 (win64)
Thread count: 6 physical cores, 12 logical processors, using up to 12 threads
Optimize a model with 1 rows, 32 columns and 16 nonzeros
Model fingerprint: 0x163c1f6c
Variable types: 0 continuous, 32 integer (32 binary)
Coefficient statistics:
  Matrix range     [1e+00, 1e+00]
  Objective range  [1e+00, 1e+00]
  Bounds range     [1e+00, 1e+00]
  RHS range        [1e+00, 1e+00]

User MIP start produced solution with objective 17 (0.00s)
Loaded user MIP start with objective 17


Explored 0 nodes (0 simplex iterations) in 0.00 seconds
Thread count was 1 (of 12 available processors)

Solution count 1: 17 

Optimal solution found (tolerance 1.00e-04)
Best objective 1.700000000000e+01, best bound 1.700000000000e+01, gap 0.0000%

Gurobi 9.1.1 (win64) logging started Wed Mar 10 01:17:19 2021

Changed value of parameter LogFile to ../results/logs/log_samuel_kroger_2021_03_10_01_17_16.csv_6_1.log
   Prev:   Default: 
Gurobi Optimizer version 9.1.1 build v9.1.1rc0 (win64)
Thread count: 6 physical cores, 12 logical processors, using up to 12 threads
Optimize a model with 1 rows, 32 columns and 16 nonzeros
Model fingerprint: 0xb1062a6e
Variable types: 0 continuous, 32 integer (32 binary)
Coefficient statistics:
  Matrix range     [1e+00, 1e+00]
  Objective range  [1e+00, 1e+00]
  Bounds range     [1e+00, 1e+00]
  RHS range        [1e+00, 1e+00]
Found heuristic solution: objective 17.0000000
Presolve removed 1 rows and 32 columns
Presolve time: 0.00s
Presolve: All rows and columns removed

Explored 0 nodes (0 simplex iterations) in 0.00 seconds
Thread count was 1 (of 12 available processors)

Solution count 1: 17 

Optimal solution found (tolerance 1.00e-04)
Best objective 1.700000000000e+01, best bound 1.700000000000e+01, gap 0.0000%

Gurobi 9.1.1 (win64) logging started Wed Mar 10 01:17:19 2021

Changed value of parameter LogFile to ../results/logs/log_samuel_kroger_2021_03_10_01_17_16.csv_6_1.log
   Prev:   Default: 
Gurobi Optimizer version 9.1.1 build v9.1.1rc0 (win64)
Thread count: 6 physical cores, 12 logical processors, using up to 12 threads
Optimize a model with 1 rows, 32 columns and 16 nonzeros
Model fingerprint: 0x163c1f6c
Variable types: 0 continuous, 32 integer (32 binary)
Coefficient statistics:
  Matrix range     [1e+00, 1e+00]
  Objective range  [1e+00, 1e+00]
  Bounds range     [1e+00, 1e+00]
  RHS range        [1e+00, 1e+00]

User MIP start produced solution with objective 17 (0.00s)
Loaded user MIP start with objective 17


Explored 0 nodes (0 simplex iterations) in 0.00 seconds
Thread count was 1 (of 12 available processors)

Solution count 1: 17 

Optimal solution found (tolerance 1.00e-04)
Best objective 1.700000000000e+01, best bound 1.700000000000e+01, gap 0.0000%

Gurobi 9.1.1 (win64) logging started Wed Mar 10 01:17:35 2021

Changed value of parameter LogFile to ../results/logs/log_samuel_kroger_2021_03_10_01_17_16.csv_6_1.log
   Prev:   Default: 
Gurobi Optimizer version 9.1.1 build v9.1.1rc0 (win64)
Thread count: 6 physical cores, 12 logical processors, using up to 12 threads
Optimize a model with 513 rows, 512 columns and 127488 nonzeros
Model fingerprint: 0x90c64b32
Variable types: 0 continuous, 512 integer (512 binary)
Coefficient statistics:
  Matrix range     [1e+00, 6e+00]
  Objective range  [1e+00, 1e+00]
  Bounds range     [1e+00, 1e+00]
  RHS range        [1e+00, 1e+00]
Found heuristic solution: objective 1.0000000
Presolve time: 0.13s
Presolved: 513 rows, 512 columns, 127488 nonzeros
Variable types: 0 continuous, 512 integer (512 binary)

Root relaxation: objective 2.560000e+02, 0 iterations, 0.01 seconds

    Nodes    |    Current Node    |     Objective Bounds      |     Work
 Expl Unexpl |  Obj  Depth IntInf | Incumbent    BestBd   Gap | It/Node Time

*    0     0               0     256.0000000  256.00000  0.00%     -    0s

Explored 0 nodes (0 simplex iterations) in 0.17 seconds
Thread count was 12 (of 12 available processors)

Solution count 2: 256 1 

Optimal solution found (tolerance 1.00e-04)
Best objective 2.560000000000e+02, best bound 2.560000000000e+02, gap 0.0000%

Gurobi 9.1.1 (win64) logging started Wed Mar 10 01:17:35 2021

Changed value of parameter LogFile to ../results/logs/log_samuel_kroger_2021_03_10_01_17_16.csv_6_1.log
   Prev:   Default: 
Gurobi Optimizer version 9.1.1 build v9.1.1rc0 (win64)
Thread count: 6 physical cores, 12 logical processors, using up to 12 threads
Optimize a model with 513 rows, 512 columns and 127488 nonzeros
Model fingerprint: 0x8de255f7
Variable types: 0 continuous, 512 integer (512 binary)
Coefficient statistics:
  Matrix range     [1e+00, 6e+00]
  Objective range  [1e+00, 1e+00]
  Bounds range     [1e+00, 1e+00]
  RHS range        [1e+00, 1e+00]

User MIP start produced solution with objective 256 (0.01s)
Loaded user MIP start with objective 256

Presolve time: 0.13s
Presolved: 513 rows, 512 columns, 127488 nonzeros
Variable types: 0 continuous, 512 integer (512 binary)

Root relaxation: cutoff, 0 iterations, 0.01 seconds

Explored 0 nodes (0 simplex iterations) in 0.16 seconds
Thread count was 12 (of 12 available processors)

Solution count 1: 256 

Optimal solution found (tolerance 1.00e-04)
Best objective 2.560000000000e+02, best bound 2.560000000000e+02, gap 0.0000%

Gurobi 9.1.1 (win64) logging started Wed Mar 10 01:17:35 2021

Changed value of parameter LogFile to ../results/logs/log_samuel_kroger_2021_03_10_01_17_16.csv_6_1.log
   Prev:   Default: 
Gurobi Optimizer version 9.1.1 build v9.1.1rc0 (win64)
Thread count: 6 physical cores, 12 logical processors, using up to 12 threads
Optimize a model with 257 rows, 512 columns and 768 nonzeros
Model fingerprint: 0xfdc96656
Variable types: 0 continuous, 512 integer (512 binary)
Coefficient statistics:
  Matrix range     [1e+00, 1e+00]
  Objective range  [1e+00, 1e+00]
  Bounds range     [0e+00, 0e+00]
  RHS range        [1e+00, 1e+00]
Found heuristic solution: objective 256.0000000

Explored 0 nodes (0 simplex iterations) in 0.00 seconds
Thread count was 1 (of 12 available processors)

Solution count 1: 256 

Optimal solution found (tolerance 1.00e-04)
Best objective 2.560000000000e+02, best bound 2.560000000000e+02, gap 0.0000%

Gurobi 9.1.1 (win64) logging started Wed Mar 10 01:17:36 2021

Changed value of parameter LogFile to ../results/logs/log_samuel_kroger_2021_03_10_01_17_16.csv_6_1.log
   Prev:   Default: 
Gurobi Optimizer version 9.1.1 build v9.1.1rc0 (win64)
Thread count: 6 physical cores, 12 logical processors, using up to 12 threads
Optimize a model with 257 rows, 512 columns and 768 nonzeros
Model fingerprint: 0xb2653b1c
Variable types: 0 continuous, 512 integer (512 binary)
Coefficient statistics:
  Matrix range     [1e+00, 1e+00]
  Objective range  [1e+00, 1e+00]
  Bounds range     [0e+00, 0e+00]
  RHS range        [1e+00, 1e+00]

Loaded user MIP start with objective 256


Explored 0 nodes (0 simplex iterations) in 0.00 seconds
Thread count was 1 (of 12 available processors)

Solution count 1: 256 

Optimal solution found (tolerance 1.00e-04)
Best objective 2.560000000000e+02, best bound 2.560000000000e+02, gap 0.0000%

Gurobi 9.1.1 (win64) logging started Wed Mar 10 01:17:49 2021

Changed value of parameter LogFile to ../results/logs/log_samuel_kroger_2021_03_10_01_17_16.csv_6_1.log
   Prev:   Default: 
Gurobi Optimizer version 9.1.1 build v9.1.1rc0 (win64)
Thread count: 6 physical cores, 12 logical processors, using up to 12 threads
Optimize a model with 513 rows, 512 columns and 84480 nonzeros
Model fingerprint: 0xb3a41973
Variable types: 0 continuous, 512 integer (512 binary)
Coefficient statistics:
  Matrix range     [1e+00, 6e+00]
  Objective range  [1e+00, 1e+00]
  Bounds range     [1e+00, 1e+00]
  RHS range        [1e+00, 1e+00]
Found heuristic solution: objective 1.0000000
Presolve time: 0.09s
Presolved: 513 rows, 512 columns, 84480 nonzeros
Variable types: 0 continuous, 512 integer (512 binary)

Root relaxation: objective 2.560000e+02, 0 iterations, 0.00 seconds

    Nodes    |    Current Node    |     Objective Bounds      |     Work
 Expl Unexpl |  Obj  Depth IntInf | Incumbent    BestBd   Gap | It/Node Time

*    0     0               0     256.0000000  256.00000  0.00%     -    0s

Explored 0 nodes (0 simplex iterations) in 0.11 seconds
Thread count was 12 (of 12 available processors)

Solution count 2: 256 1 

Optimal solution found (tolerance 1.00e-04)
Best objective 2.560000000000e+02, best bound 2.560000000000e+02, gap 0.0000%

Gurobi 9.1.1 (win64) logging started Wed Mar 10 01:17:49 2021

Changed value of parameter LogFile to ../results/logs/log_samuel_kroger_2021_03_10_01_17_16.csv_6_1.log
   Prev:   Default: 
Gurobi Optimizer version 9.1.1 build v9.1.1rc0 (win64)
Thread count: 6 physical cores, 12 logical processors, using up to 12 threads
Optimize a model with 513 rows, 512 columns and 84480 nonzeros
Model fingerprint: 0x795df116
Variable types: 0 continuous, 512 integer (512 binary)
Coefficient statistics:
  Matrix range     [1e+00, 6e+00]
  Objective range  [1e+00, 1e+00]
  Bounds range     [1e+00, 1e+00]
  RHS range        [1e+00, 1e+00]

User MIP start produced solution with objective 256 (0.01s)
Loaded user MIP start with objective 256

Presolve time: 0.09s
Presolved: 513 rows, 512 columns, 84480 nonzeros
Variable types: 0 continuous, 512 integer (512 binary)

Root relaxation: cutoff, 0 iterations, 0.00 seconds

Explored 0 nodes (0 simplex iterations) in 0.11 seconds
Thread count was 12 (of 12 available processors)

Solution count 1: 256 

Optimal solution found (tolerance 1.00e-04)
Best objective 2.560000000000e+02, best bound 2.560000000000e+02, gap 0.0000%

Gurobi 9.1.1 (win64) logging started Wed Mar 10 01:17:50 2021

Changed value of parameter LogFile to ../results/logs/log_samuel_kroger_2021_03_10_01_17_16.csv_6_1.log
   Prev:   Default: 
Gurobi Optimizer version 9.1.1 build v9.1.1rc0 (win64)
Thread count: 6 physical cores, 12 logical processors, using up to 12 threads
Optimize a model with 257 rows, 512 columns and 768 nonzeros
Model fingerprint: 0xfdc96656
Variable types: 0 continuous, 512 integer (512 binary)
Coefficient statistics:
  Matrix range     [1e+00, 1e+00]
  Objective range  [1e+00, 1e+00]
  Bounds range     [0e+00, 0e+00]
  RHS range        [1e+00, 1e+00]
Found heuristic solution: objective 256.0000000

Explored 0 nodes (0 simplex iterations) in 0.00 seconds
Thread count was 1 (of 12 available processors)

Solution count 1: 256 

Optimal solution found (tolerance 1.00e-04)
Best objective 2.560000000000e+02, best bound 2.560000000000e+02, gap 0.0000%

Gurobi 9.1.1 (win64) logging started Wed Mar 10 01:17:50 2021

Changed value of parameter LogFile to ../results/logs/log_samuel_kroger_2021_03_10_01_17_16.csv_6_1.log
   Prev:   Default: 
Gurobi Optimizer version 9.1.1 build v9.1.1rc0 (win64)
Thread count: 6 physical cores, 12 logical processors, using up to 12 threads
Optimize a model with 257 rows, 512 columns and 768 nonzeros
Model fingerprint: 0xb2653b1c
Variable types: 0 continuous, 512 integer (512 binary)
Coefficient statistics:
  Matrix range     [1e+00, 1e+00]
  Objective range  [1e+00, 1e+00]
  Bounds range     [0e+00, 0e+00]
  RHS range        [1e+00, 1e+00]

Loaded user MIP start with objective 256


Explored 0 nodes (0 simplex iterations) in 0.00 seconds
Thread count was 1 (of 12 available processors)

Solution count 1: 256 

Optimal solution found (tolerance 1.00e-04)
Best objective 2.560000000000e+02, best bound 2.560000000000e+02, gap 0.0000%

Gurobi 9.1.1 (win64) logging started Wed Mar 10 01:18:44 2021

Changed value of parameter LogFile to ../results/logs/log_samuel_kroger_2021_03_10_01_17_16.csv_6_1.log
   Prev:   Default: 
Gurobi Optimizer version 9.1.1 build v9.1.1rc0 (win64)
Thread count: 6 physical cores, 12 logical processors, using up to 12 threads
Optimize a model with 993 rows, 992 columns and 433504 nonzeros
Model fingerprint: 0xed5b721d
Variable types: 0 continuous, 992 integer (992 binary)
Coefficient statistics:
  Matrix range     [1e+00, 6e+00]
  Objective range  [1e+00, 1e+00]
  Bounds range     [1e+00, 1e+00]
  RHS range        [1e+00, 1e+00]
Found heuristic solution: objective 1.0000000
Presolve time: 0.36s
Presolved: 993 rows, 992 columns, 433504 nonzeros
Variable types: 0 continuous, 992 integer (992 binary)

Root relaxation: objective 4.960000e+02, 0 iterations, 0.03 seconds

    Nodes    |    Current Node    |     Objective Bounds      |     Work
 Expl Unexpl |  Obj  Depth IntInf | Incumbent    BestBd   Gap | It/Node Time

*    0     0               0     496.0000000  496.00000  0.00%     -    0s

Explored 0 nodes (0 simplex iterations) in 0.48 seconds
Thread count was 12 (of 12 available processors)

Solution count 2: 496 1 

Optimal solution found (tolerance 1.00e-04)
Best objective 4.960000000000e+02, best bound 4.960000000000e+02, gap 0.0000%

Gurobi 9.1.1 (win64) logging started Wed Mar 10 01:18:45 2021

Changed value of parameter LogFile to ../results/logs/log_samuel_kroger_2021_03_10_01_17_16.csv_6_1.log
   Prev:   Default: 
Gurobi Optimizer version 9.1.1 build v9.1.1rc0 (win64)
Thread count: 6 physical cores, 12 logical processors, using up to 12 threads
Optimize a model with 993 rows, 992 columns and 433504 nonzeros
Model fingerprint: 0x6a82e859
Variable types: 0 continuous, 992 integer (992 binary)
Coefficient statistics:
  Matrix range     [1e+00, 6e+00]
  Objective range  [1e+00, 1e+00]
  Bounds range     [1e+00, 1e+00]
  RHS range        [1e+00, 1e+00]

User MIP start produced solution with objective 496 (0.05s)
Loaded user MIP start with objective 496

Presolve time: 0.36s
Presolved: 993 rows, 992 columns, 433504 nonzeros
Variable types: 0 continuous, 992 integer (992 binary)

Root relaxation: cutoff, 0 iterations, 0.02 seconds

Explored 0 nodes (0 simplex iterations) in 0.47 seconds
Thread count was 12 (of 12 available processors)

Solution count 1: 496 

Optimal solution found (tolerance 1.00e-04)
Best objective 4.960000000000e+02, best bound 4.960000000000e+02, gap 0.0000%

Gurobi 9.1.1 (win64) logging started Wed Mar 10 01:18:47 2021

Changed value of parameter LogFile to ../results/logs/log_samuel_kroger_2021_03_10_01_17_16.csv_6_1.log
   Prev:   Default: 
Gurobi Optimizer version 9.1.1 build v9.1.1rc0 (win64)
Thread count: 6 physical cores, 12 logical processors, using up to 12 threads
Optimize a model with 497 rows, 992 columns and 1488 nonzeros
Model fingerprint: 0x8ec096d2
Variable types: 0 continuous, 992 integer (992 binary)
Coefficient statistics:
  Matrix range     [1e+00, 1e+00]
  Objective range  [1e+00, 1e+00]
  Bounds range     [0e+00, 0e+00]
  RHS range        [1e+00, 1e+00]
Found heuristic solution: objective 496.0000000

Explored 0 nodes (0 simplex iterations) in 0.00 seconds
Thread count was 1 (of 12 available processors)

Solution count 1: 496 

Optimal solution found (tolerance 1.00e-04)
Best objective 4.960000000000e+02, best bound 4.960000000000e+02, gap 0.0000%

Gurobi 9.1.1 (win64) logging started Wed Mar 10 01:18:47 2021

Changed value of parameter LogFile to ../results/logs/log_samuel_kroger_2021_03_10_01_17_16.csv_6_1.log
   Prev:   Default: 
Gurobi Optimizer version 9.1.1 build v9.1.1rc0 (win64)
Thread count: 6 physical cores, 12 logical processors, using up to 12 threads
Optimize a model with 497 rows, 992 columns and 1488 nonzeros
Model fingerprint: 0x19455a9f
Variable types: 0 continuous, 992 integer (992 binary)
Coefficient statistics:
  Matrix range     [1e+00, 1e+00]
  Objective range  [1e+00, 1e+00]
  Bounds range     [0e+00, 0e+00]
  RHS range        [1e+00, 1e+00]

Loaded user MIP start with objective 496


Explored 0 nodes (0 simplex iterations) in 0.00 seconds
Thread count was 1 (of 12 available processors)

Solution count 1: 496 

Optimal solution found (tolerance 1.00e-04)
Best objective 4.960000000000e+02, best bound 4.960000000000e+02, gap 0.0000%

Gurobi 9.1.1 (win64) logging started Wed Mar 10 01:18:57 2021

Changed value of parameter LogFile to ../results/logs/log_samuel_kroger_2021_03_10_01_17_16.csv_6_1.log
   Prev:   Default: 
Gurobi Optimizer version 9.1.1 build v9.1.1rc0 (win64)
Thread count: 6 physical cores, 12 logical processors, using up to 12 threads
Optimize a model with 15 rows, 68 columns and 207 nonzeros
Model fingerprint: 0x9d355a51
Variable types: 0 continuous, 68 integer (68 binary)
Coefficient statistics:
  Matrix range     [1e+00, 6e+00]
  Objective range  [1e+00, 1e+00]
  Bounds range     [1e+00, 1e+00]
  RHS range        [1e+00, 1e+00]
Found heuristic solution: objective 29.0000000
Found heuristic solution: objective 34.0000000
Found heuristic solution: objective 35.0000000
Presolve removed 15 rows and 68 columns
Presolve time: 0.00s
Presolve: All rows and columns removed

Explored 0 nodes (0 simplex iterations) in 0.00 seconds
Thread count was 1 (of 12 available processors)

Solution count 3: 35 

Optimal solution found (tolerance 1.00e-04)
Best objective 3.500000000000e+01, best bound 3.500000000000e+01, gap 0.0000%

Gurobi 9.1.1 (win64) logging started Wed Mar 10 01:18:57 2021

Changed value of parameter LogFile to ../results/logs/log_samuel_kroger_2021_03_10_01_17_16.csv_6_1.log
   Prev:   Default: 
Gurobi Optimizer version 9.1.1 build v9.1.1rc0 (win64)
Thread count: 6 physical cores, 12 logical processors, using up to 12 threads
Optimize a model with 15 rows, 68 columns and 207 nonzeros
Model fingerprint: 0x1296aad0
Variable types: 0 continuous, 68 integer (68 binary)
Coefficient statistics:
  Matrix range     [1e+00, 6e+00]
  Objective range  [1e+00, 1e+00]
  Bounds range     [1e+00, 1e+00]
  RHS range        [1e+00, 1e+00]

User MIP start produced solution with objective 35 (0.00s)
Loaded user MIP start with objective 35

Presolve removed 15 rows and 68 columns
Presolve time: 0.00s
Presolve: All rows and columns removed

Explored 0 nodes (0 simplex iterations) in 0.00 seconds
Thread count was 1 (of 12 available processors)

Solution count 1: 35 

Optimal solution found (tolerance 1.00e-04)
Best objective 3.500000000000e+01, best bound 3.500000000000e+01, gap 0.0000%

Gurobi 9.1.1 (win64) logging started Wed Mar 10 01:18:57 2021

Changed value of parameter LogFile to ../results/logs/log_samuel_kroger_2021_03_10_01_17_16.csv_6_1.log
   Prev:   Default: 
Gurobi Optimizer version 9.1.1 build v9.1.1rc0 (win64)
Thread count: 6 physical cores, 12 logical processors, using up to 12 threads
Optimize a model with 8 rows, 68 columns and 48 nonzeros
Model fingerprint: 0x17ef158a
Variable types: 0 continuous, 68 integer (68 binary)
Coefficient statistics:
  Matrix range     [1e+00, 1e+00]
  Objective range  [1e+00, 1e+00]
  Bounds range     [1e+00, 1e+00]
  RHS range        [1e+00, 1e+00]
Found heuristic solution: objective 35.0000000
Presolve removed 8 rows and 68 columns
Presolve time: 0.00s
Presolve: All rows and columns removed

Explored 0 nodes (0 simplex iterations) in 0.00 seconds
Thread count was 1 (of 12 available processors)

Solution count 1: 35 

Optimal solution found (tolerance 1.00e-04)
Best objective 3.500000000000e+01, best bound 3.500000000000e+01, gap 0.0000%

Gurobi 9.1.1 (win64) logging started Wed Mar 10 01:18:57 2021

Changed value of parameter LogFile to ../results/logs/log_samuel_kroger_2021_03_10_01_17_16.csv_6_1.log
   Prev:   Default: 
Gurobi Optimizer version 9.1.1 build v9.1.1rc0 (win64)
Thread count: 6 physical cores, 12 logical processors, using up to 12 threads
Optimize a model with 8 rows, 68 columns and 48 nonzeros
Model fingerprint: 0xd8f983ba
Variable types: 0 continuous, 68 integer (68 binary)
Coefficient statistics:
  Matrix range     [1e+00, 1e+00]
  Objective range  [1e+00, 1e+00]
  Bounds range     [1e+00, 1e+00]
  RHS range        [1e+00, 1e+00]

User MIP start produced solution with objective 35 (0.00s)
Loaded user MIP start with objective 35

Presolve removed 8 rows and 68 columns
Presolve time: 0.00s
Presolve: All rows and columns removed

Explored 0 nodes (0 simplex iterations) in 0.00 seconds
Thread count was 1 (of 12 available processors)

Solution count 1: 35 

Optimal solution found (tolerance 1.00e-04)
Best objective 3.500000000000e+01, best bound 3.500000000000e+01, gap 0.0000%

Gurobi 9.1.1 (win64) logging started Wed Mar 10 01:19:03 2021

Changed value of parameter LogFile to ../results/logs/log_samuel_kroger_2021_03_10_01_17_16.csv_6_1.log
   Prev:   Default: 
Gurobi Optimizer version 9.1.1 build v9.1.1rc0 (win64)
Thread count: 6 physical cores, 12 logical processors, using up to 12 threads
Optimize a model with 343 rows, 342 columns and 38424 nonzeros
Model fingerprint: 0x6fc36d5e
Variable types: 0 continuous, 342 integer (342 binary)
Coefficient statistics:
  Matrix range     [1e+00, 6e+00]
  Objective range  [1e+00, 1e+00]
  Bounds range     [1e+00, 1e+00]
  RHS range        [1e+00, 1e+00]
Found heuristic solution: objective 1.0000000
Presolve time: 0.04s
Presolved: 343 rows, 342 columns, 38424 nonzeros
Variable types: 0 continuous, 342 integer (342 binary)

Root relaxation: objective 1.710000e+02, 0 iterations, 0.00 seconds

    Nodes    |    Current Node    |     Objective Bounds      |     Work
 Expl Unexpl |  Obj  Depth IntInf | Incumbent    BestBd   Gap | It/Node Time

*    0     0               0     171.0000000  171.00000  0.00%     -    0s

Explored 0 nodes (0 simplex iterations) in 0.06 seconds
Thread count was 12 (of 12 available processors)

Solution count 2: 171 1 

Optimal solution found (tolerance 1.00e-04)
Best objective 1.710000000000e+02, best bound 1.710000000000e+02, gap 0.0000%

Gurobi 9.1.1 (win64) logging started Wed Mar 10 01:19:03 2021

Changed value of parameter LogFile to ../results/logs/log_samuel_kroger_2021_03_10_01_17_16.csv_6_1.log
   Prev:   Default: 
Gurobi Optimizer version 9.1.1 build v9.1.1rc0 (win64)
Thread count: 6 physical cores, 12 logical processors, using up to 12 threads
Optimize a model with 343 rows, 342 columns and 38424 nonzeros
Model fingerprint: 0xb4839cbf
Variable types: 0 continuous, 342 integer (342 binary)
Coefficient statistics:
  Matrix range     [1e+00, 6e+00]
  Objective range  [1e+00, 1e+00]
  Bounds range     [1e+00, 1e+00]
  RHS range        [1e+00, 1e+00]

User MIP start produced solution with objective 171 (0.00s)
Loaded user MIP start with objective 171

Presolve time: 0.04s
Presolved: 343 rows, 342 columns, 38424 nonzeros
Variable types: 0 continuous, 342 integer (342 binary)

Root relaxation: cutoff, 0 iterations, 0.00 seconds

Explored 0 nodes (0 simplex iterations) in 0.05 seconds
Thread count was 12 (of 12 available processors)

Solution count 1: 171 

Optimal solution found (tolerance 1.00e-04)
Best objective 1.710000000000e+02, best bound 1.710000000000e+02, gap 0.0000%

Gurobi 9.1.1 (win64) logging started Wed Mar 10 01:19:03 2021

Changed value of parameter LogFile to ../results/logs/log_samuel_kroger_2021_03_10_01_17_16.csv_6_1.log
   Prev:   Default: 
Gurobi Optimizer version 9.1.1 build v9.1.1rc0 (win64)
Thread count: 6 physical cores, 12 logical processors, using up to 12 threads
Optimize a model with 172 rows, 342 columns and 513 nonzeros
Model fingerprint: 0xebd747eb
Variable types: 0 continuous, 342 integer (342 binary)
Coefficient statistics:
  Matrix range     [1e+00, 1e+00]
  Objective range  [1e+00, 1e+00]
  Bounds range     [0e+00, 0e+00]
  RHS range        [1e+00, 1e+00]
Found heuristic solution: objective 171.0000000

Explored 0 nodes (0 simplex iterations) in 0.00 seconds
Thread count was 1 (of 12 available processors)

Solution count 1: 171 

Optimal solution found (tolerance 1.00e-04)
Best objective 1.710000000000e+02, best bound 1.710000000000e+02, gap 0.0000%

Gurobi 9.1.1 (win64) logging started Wed Mar 10 01:19:03 2021

Changed value of parameter LogFile to ../results/logs/log_samuel_kroger_2021_03_10_01_17_16.csv_6_1.log
   Prev:   Default: 
Gurobi Optimizer version 9.1.1 build v9.1.1rc0 (win64)
Thread count: 6 physical cores, 12 logical processors, using up to 12 threads
Optimize a model with 172 rows, 342 columns and 513 nonzeros
Model fingerprint: 0x8fb2b37f
Variable types: 0 continuous, 342 integer (342 binary)
Coefficient statistics:
  Matrix range     [1e+00, 1e+00]
  Objective range  [1e+00, 1e+00]
  Bounds range     [0e+00, 0e+00]
  RHS range        [1e+00, 1e+00]

Loaded user MIP start with objective 171


Explored 0 nodes (0 simplex iterations) in 0.00 seconds
Thread count was 1 (of 12 available processors)

Solution count 1: 171 

Optimal solution found (tolerance 1.00e-04)
Best objective 1.710000000000e+02, best bound 1.710000000000e+02, gap 0.0000%

Gurobi 9.1.1 (win64) logging started Wed Mar 10 01:21:53 2021

Changed value of parameter LogFile to ../results/logs/log_samuel_kroger_2021_03_10_01_17_16.csv_6_1.log
   Prev:   Default: 
Gurobi Optimizer version 9.1.1 build v9.1.1rc0 (win64)
Thread count: 6 physical cores, 12 logical processors, using up to 12 threads
Optimize a model with 5501 rows, 35516 columns and 157552 nonzeros
Model fingerprint: 0xc137efc3
Variable types: 0 continuous, 35516 integer (35516 binary)
Coefficient statistics:
  Matrix range     [1e+00, 6e+00]
  Objective range  [1e+00, 1e+00]
  Bounds range     [1e+00, 1e+00]
  RHS range        [1e+00, 1e+00]
Found heuristic solution: objective 15009.000000
Found heuristic solution: objective 17720.000000
Found heuristic solution: objective 17745.000000
Presolve removed 5488 rows and 35492 columns
Presolve time: 0.04s
Presolved: 13 rows, 24 columns, 48 nonzeros
Found heuristic solution: objective 17759.000000
Variable types: 0 continuous, 24 integer (24 binary)

Explored 0 nodes (0 simplex iterations) in 0.05 seconds
Thread count was 12 (of 12 available processors)

Solution count 4: 17759 17745 17720 15009 

Optimal solution found (tolerance 1.00e-04)
Best objective 1.775900000000e+04, best bound 1.775900000000e+04, gap 0.0000%

Gurobi 9.1.1 (win64) logging started Wed Mar 10 01:21:54 2021

Changed value of parameter LogFile to ../results/logs/log_samuel_kroger_2021_03_10_01_17_16.csv_6_1.log
   Prev:   Default: 
Gurobi Optimizer version 9.1.1 build v9.1.1rc0 (win64)
Thread count: 6 physical cores, 12 logical processors, using up to 12 threads
Optimize a model with 5501 rows, 35516 columns and 157552 nonzeros
Model fingerprint: 0x50a8d5ac
Variable types: 0 continuous, 35516 integer (35516 binary)
Coefficient statistics:
  Matrix range     [1e+00, 6e+00]
  Objective range  [1e+00, 1e+00]
  Bounds range     [1e+00, 1e+00]
  RHS range        [1e+00, 1e+00]

Warning: Completing partial solution with 35160 unfixed non-continuous variables out of 35516
User MIP start produced solution with objective 17759 (0.03s)
Loaded user MIP start with objective 17759

Presolve removed 5501 rows and 35516 columns
Presolve time: 0.04s
Presolve: All rows and columns removed

Explored 0 nodes (0 simplex iterations) in 0.07 seconds
Thread count was 1 (of 12 available processors)

Solution count 1: 17759 

Optimal solution found (tolerance 1.00e-04)
Best objective 1.775900000000e+04, best bound 1.775900000000e+04, gap 0.0000%

Gurobi 9.1.1 (win64) logging started Wed Mar 10 01:21:57 2021

Changed value of parameter LogFile to ../results/logs/log_samuel_kroger_2021_03_10_01_17_16.csv_6_1.log
   Prev:   Default: 
Gurobi Optimizer version 9.1.1 build v9.1.1rc0 (win64)
Thread count: 6 physical cores, 12 logical processors, using up to 12 threads
Optimize a model with 5162 rows, 35516 columns and 78249 nonzeros
Model fingerprint: 0x3217f813
Variable types: 0 continuous, 35516 integer (35516 binary)
Coefficient statistics:
  Matrix range     [1e+00, 6e+00]
  Objective range  [1e+00, 1e+00]
  Bounds range     [1e+00, 1e+00]
  RHS range        [1e+00, 1e+00]
Found heuristic solution: objective 15362.000000
Found heuristic solution: objective 17728.000000
Found heuristic solution: objective 17745.000000
Presolve removed 5149 rows and 35492 columns
Presolve time: 0.02s
Presolved: 13 rows, 24 columns, 48 nonzeros
Found heuristic solution: objective 17759.000000
Variable types: 0 continuous, 24 integer (24 binary)

Explored 0 nodes (0 simplex iterations) in 0.03 seconds
Thread count was 12 (of 12 available processors)

Solution count 4: 17759 17745 17728 15362 

Optimal solution found (tolerance 1.00e-04)
Best objective 1.775900000000e+04, best bound 1.775900000000e+04, gap 0.0000%

Gurobi 9.1.1 (win64) logging started Wed Mar 10 01:22:00 2021

Changed value of parameter LogFile to ../results/logs/log_samuel_kroger_2021_03_10_01_17_16.csv_6_1.log
   Prev:   Default: 
Gurobi Optimizer version 9.1.1 build v9.1.1rc0 (win64)
Thread count: 6 physical cores, 12 logical processors, using up to 12 threads
Optimize a model with 5162 rows, 35516 columns and 78249 nonzeros
Model fingerprint: 0x22807e98
Variable types: 0 continuous, 35516 integer (35516 binary)
Coefficient statistics:
  Matrix range     [1e+00, 6e+00]
  Objective range  [1e+00, 1e+00]
  Bounds range     [1e+00, 1e+00]
  RHS range        [1e+00, 1e+00]

Warning: Completing partial solution with 34822 unfixed non-continuous variables out of 35516
User MIP start produced solution with objective 17759 (0.02s)
Loaded user MIP start with objective 17759

Presolve removed 5162 rows and 35516 columns
Presolve time: 0.02s
Presolve: All rows and columns removed

Explored 0 nodes (0 simplex iterations) in 0.04 seconds
Thread count was 1 (of 12 available processors)

Solution count 1: 17759 

Optimal solution found (tolerance 1.00e-04)
Best objective 1.775900000000e+04, best bound 1.775900000000e+04, gap 0.0000%

Gurobi 9.1.1 (win64) logging started Wed Mar 10 01:22:28 2021

Changed value of parameter LogFile to ../results/logs/log_samuel_kroger_2021_03_10_01_17_16.csv_6_1.log
   Prev:   Default: 
Gurobi Optimizer version 9.1.1 build v9.1.1rc0 (win64)
Thread count: 6 physical cores, 12 logical processors, using up to 12 threads
Optimize a model with 31 rows, 32 columns and 243 nonzeros
Model fingerprint: 0x027b9b6f
Variable types: 0 continuous, 32 integer (32 binary)
Coefficient statistics:
  Matrix range     [1e+00, 6e+00]
  Objective range  [1e+00, 1e+00]
  Bounds range     [1e+00, 1e+00]
  RHS range        [1e+00, 1e+00]
Found heuristic solution: objective 2.0000000
Presolve removed 0 rows and 1 columns
Presolve time: 0.00s
Presolved: 31 rows, 31 columns, 238 nonzeros
Variable types: 0 continuous, 31 integer (31 binary)

Root relaxation: objective 1.700000e+01, 1 iterations, 0.00 seconds

    Nodes    |    Current Node    |     Objective Bounds      |     Work
 Expl Unexpl |  Obj  Depth IntInf | Incumbent    BestBd   Gap | It/Node Time

*    0     0               0      17.0000000   17.00000  0.00%     -    0s

Explored 0 nodes (1 simplex iterations) in 0.00 seconds
Thread count was 12 (of 12 available processors)

Solution count 2: 17 2 

Optimal solution found (tolerance 1.00e-04)
Best objective 1.700000000000e+01, best bound 1.700000000000e+01, gap 0.0000%

Gurobi 9.1.1 (win64) logging started Wed Mar 10 01:22:28 2021

Changed value of parameter LogFile to ../results/logs/log_samuel_kroger_2021_03_10_01_17_16.csv_6_1.log
   Prev:   Default: 
Gurobi Optimizer version 9.1.1 build v9.1.1rc0 (win64)
Thread count: 6 physical cores, 12 logical processors, using up to 12 threads
Optimize a model with 31 rows, 32 columns and 243 nonzeros
Model fingerprint: 0x94e78a4d
Variable types: 0 continuous, 32 integer (32 binary)
Coefficient statistics:
  Matrix range     [1e+00, 6e+00]
  Objective range  [1e+00, 1e+00]
  Bounds range     [1e+00, 1e+00]
  RHS range        [1e+00, 1e+00]

User MIP start produced solution with objective 17 (0.00s)
Loaded user MIP start with objective 17

Presolve removed 31 rows and 32 columns
Presolve time: 0.00s
Presolve: All rows and columns removed

Explored 0 nodes (0 simplex iterations) in 0.00 seconds
Thread count was 1 (of 12 available processors)

Solution count 1: 17 

Optimal solution found (tolerance 1.00e-04)
Best objective 1.700000000000e+01, best bound 1.700000000000e+01, gap 0.0000%

Gurobi 9.1.1 (win64) logging started Wed Mar 10 01:22:28 2021

Changed value of parameter LogFile to ../results/logs/log_samuel_kroger_2021_03_10_01_17_16.csv_6_1.log
   Prev:   Default: 
Gurobi Optimizer version 9.1.1 build v9.1.1rc0 (win64)
Thread count: 6 physical cores, 12 logical processors, using up to 12 threads
Optimize a model with 16 rows, 32 columns and 46 nonzeros
Model fingerprint: 0x4e609489
Variable types: 0 continuous, 32 integer (32 binary)
Coefficient statistics:
  Matrix range     [1e+00, 1e+00]
  Objective range  [1e+00, 1e+00]
  Bounds range     [1e+00, 1e+00]
  RHS range        [1e+00, 1e+00]
Found heuristic solution: objective 17.0000000
Presolve removed 16 rows and 32 columns
Presolve time: 0.00s
Presolve: All rows and columns removed

Explored 0 nodes (0 simplex iterations) in 0.00 seconds
Thread count was 1 (of 12 available processors)

Solution count 1: 17 

Optimal solution found (tolerance 1.00e-04)
Best objective 1.700000000000e+01, best bound 1.700000000000e+01, gap 0.0000%

Gurobi 9.1.1 (win64) logging started Wed Mar 10 01:22:28 2021

Changed value of parameter LogFile to ../results/logs/log_samuel_kroger_2021_03_10_01_17_16.csv_6_1.log
   Prev:   Default: 
Gurobi Optimizer version 9.1.1 build v9.1.1rc0 (win64)
Thread count: 6 physical cores, 12 logical processors, using up to 12 threads
Optimize a model with 16 rows, 32 columns and 46 nonzeros
Model fingerprint: 0x2ea68165
Variable types: 0 continuous, 32 integer (32 binary)
Coefficient statistics:
  Matrix range     [1e+00, 1e+00]
  Objective range  [1e+00, 1e+00]
  Bounds range     [1e+00, 1e+00]
  RHS range        [1e+00, 1e+00]

User MIP start produced solution with objective 17 (0.00s)
Loaded user MIP start with objective 17

Presolve removed 16 rows and 32 columns
Presolve time: 0.00s
Presolve: All rows and columns removed

Explored 0 nodes (0 simplex iterations) in 0.00 seconds
Thread count was 1 (of 12 available processors)

Solution count 1: 17 

Optimal solution found (tolerance 1.00e-04)
Best objective 1.700000000000e+01, best bound 1.700000000000e+01, gap 0.0000%

Gurobi 9.1.1 (win64) logging started Wed Mar 10 01:24:05 2021

Changed value of parameter LogFile to ../results/logs/log_samuel_kroger_2021_03_10_01_17_16.csv_6_1.log
   Prev:   Default: 
Gurobi Optimizer version 9.1.1 build v9.1.1rc0 (win64)
Thread count: 6 physical cores, 12 logical processors, using up to 12 threads
Optimize a model with 4289 rows, 21360 columns and 80920 nonzeros
Model fingerprint: 0xd997e6dd
Variable types: 0 continuous, 21360 integer (21360 binary)
Coefficient statistics:
  Matrix range     [1e+00, 6e+00]
  Objective range  [1e+00, 1e+00]
  Bounds range     [1e+00, 1e+00]
  RHS range        [1e+00, 1e+00]
Found heuristic solution: objective 8538.0000000
Found heuristic solution: objective 9637.0000000
Found heuristic solution: objective 10026.000000
Presolve removed 3301 rows and 20182 columns
Presolve time: 0.23s
Presolved: 988 rows, 1178 columns, 9864 nonzeros
Found heuristic solution: objective 10250.000000
Variable types: 0 continuous, 1178 integer (1178 binary)

Root relaxation: objective 1.068100e+04, 1 iterations, 0.00 seconds

    Nodes    |    Current Node    |     Objective Bounds      |     Work
 Expl Unexpl |  Obj  Depth IntInf | Incumbent    BestBd   Gap | It/Node Time

*    0     0               0    10681.000000 10681.0000  0.00%     -    0s

Explored 0 nodes (1 simplex iterations) in 0.25 seconds
Thread count was 12 (of 12 available processors)

Solution count 5: 10681 10250 10026 ... 8538

Optimal solution found (tolerance 1.00e-04)
Best objective 1.068100000000e+04, best bound 1.068100000000e+04, gap 0.0000%

Gurobi 9.1.1 (win64) logging started Wed Mar 10 01:24:05 2021

Changed value of parameter LogFile to ../results/logs/log_samuel_kroger_2021_03_10_01_17_16.csv_6_1.log
   Prev:   Default: 
Gurobi Optimizer version 9.1.1 build v9.1.1rc0 (win64)
Thread count: 6 physical cores, 12 logical processors, using up to 12 threads
Optimize a model with 4289 rows, 21360 columns and 80920 nonzeros
Model fingerprint: 0xfc56c4f3
Variable types: 0 continuous, 21360 integer (21360 binary)
Coefficient statistics:
  Matrix range     [1e+00, 6e+00]
  Objective range  [1e+00, 1e+00]
  Bounds range     [1e+00, 1e+00]
  RHS range        [1e+00, 1e+00]

Warning: Completing partial solution with 20193 unfixed non-continuous variables out of 21360
User MIP start produced solution with objective 10681 (0.02s)
Loaded user MIP start with objective 10681

Presolve removed 4289 rows and 21360 columns
Presolve time: 0.24s
Presolve: All rows and columns removed

Explored 0 nodes (0 simplex iterations) in 0.27 seconds
Thread count was 1 (of 12 available processors)

Solution count 1: 10681 

Optimal solution found (tolerance 1.00e-04)
Best objective 1.068100000000e+04, best bound 1.068100000000e+04, gap 0.0000%

Gurobi 9.1.1 (win64) logging started Wed Mar 10 01:24:08 2021

Changed value of parameter LogFile to ../results/logs/log_samuel_kroger_2021_03_10_01_17_16.csv_6_1.log
   Prev:   Default: 
Gurobi Optimizer version 9.1.1 build v9.1.1rc0 (win64)
Thread count: 6 physical cores, 12 logical processors, using up to 12 threads
Optimize a model with 3145 rows, 21360 columns and 33764 nonzeros
Model fingerprint: 0x620511bc
Variable types: 0 continuous, 21360 integer (21360 binary)
Coefficient statistics:
  Matrix range     [1e+00, 6e+00]
  Objective range  [1e+00, 1e+00]
  Bounds range     [1e+00, 1e+00]
  RHS range        [1e+00, 1e+00]
Found heuristic solution: objective 9695.0000000
Found heuristic solution: objective 10337.000000
Found heuristic solution: objective 10435.000000
Presolve removed 3142 rows and 21356 columns
Presolve time: 0.07s
Presolved: 3 rows, 4 columns, 12 nonzeros
Found heuristic solution: objective 10681.000000
Variable types: 0 continuous, 4 integer (4 binary)

Explored 0 nodes (0 simplex iterations) in 0.07 seconds
Thread count was 12 (of 12 available processors)

Solution count 4: 10681 10435 10337 9695 

Optimal solution found (tolerance 1.00e-04)
Best objective 1.068100000000e+04, best bound 1.068100000000e+04, gap 0.0000%

Gurobi 9.1.1 (win64) logging started Wed Mar 10 01:24:09 2021

Changed value of parameter LogFile to ../results/logs/log_samuel_kroger_2021_03_10_01_17_16.csv_6_1.log
   Prev:   Default: 
Gurobi Optimizer version 9.1.1 build v9.1.1rc0 (win64)
Thread count: 6 physical cores, 12 logical processors, using up to 12 threads
Optimize a model with 3145 rows, 21360 columns and 33764 nonzeros
Model fingerprint: 0x38ef7b10
Variable types: 0 continuous, 21360 integer (21360 binary)
Coefficient statistics:
  Matrix range     [1e+00, 6e+00]
  Objective range  [1e+00, 1e+00]
  Bounds range     [1e+00, 1e+00]
  RHS range        [1e+00, 1e+00]

User MIP start produced solution with objective 10681 (0.02s)
Loaded user MIP start with objective 10681

Presolve removed 3145 rows and 21360 columns
Presolve time: 0.04s
Presolve: All rows and columns removed

Explored 0 nodes (0 simplex iterations) in 0.06 seconds
Thread count was 1 (of 12 available processors)

Solution count 1: 10681 

Optimal solution found (tolerance 1.00e-04)
Best objective 1.068100000000e+04, best bound 1.068100000000e+04, gap 0.0000%

Gurobi 9.1.1 (win64) logging started Wed Mar 10 01:24:28 2021

Changed value of parameter LogFile to ../results/logs/log_samuel_kroger_2021_03_10_01_17_16.csv_6_1.log
   Prev:   Default: 
Gurobi Optimizer version 9.1.1 build v9.1.1rc0 (win64)
Thread count: 6 physical cores, 12 logical processors, using up to 12 threads
Optimize a model with 125 rows, 210 columns and 1683 nonzeros
Model fingerprint: 0xb41dfbd6
Variable types: 0 continuous, 210 integer (210 binary)
Coefficient statistics:
  Matrix range     [1e+00, 6e+00]
  Objective range  [1e+00, 1e+00]
  Bounds range     [1e+00, 1e+00]
  RHS range        [1e+00, 1e+00]
Found heuristic solution: objective 44.0000000
Found heuristic solution: objective 55.0000000
Found heuristic solution: objective 78.0000000
Presolve removed 117 rows and 199 columns
Presolve time: 0.00s
Presolved: 8 rows, 11 columns, 28 nonzeros
Found heuristic solution: objective 105.0000000
Found heuristic solution: objective 106.0000000
Variable types: 0 continuous, 11 integer (11 binary)

Explored 0 nodes (0 simplex iterations) in 0.00 seconds
Thread count was 12 (of 12 available processors)

Solution count 5: 106 105 78 ... 44

Optimal solution found (tolerance 1.00e-04)
Best objective 1.060000000000e+02, best bound 1.060000000000e+02, gap 0.0000%

Gurobi 9.1.1 (win64) logging started Wed Mar 10 01:24:28 2021

Changed value of parameter LogFile to ../results/logs/log_samuel_kroger_2021_03_10_01_17_16.csv_6_1.log
   Prev:   Default: 
Gurobi Optimizer version 9.1.1 build v9.1.1rc0 (win64)
Thread count: 6 physical cores, 12 logical processors, using up to 12 threads
Optimize a model with 125 rows, 210 columns and 1683 nonzeros
Model fingerprint: 0xd5aa62ad
Variable types: 0 continuous, 210 integer (210 binary)
Coefficient statistics:
  Matrix range     [1e+00, 6e+00]
  Objective range  [1e+00, 1e+00]
  Bounds range     [1e+00, 1e+00]
  RHS range        [1e+00, 1e+00]

User MIP start produced solution with objective 106 (0.00s)
Loaded user MIP start with objective 106

Presolve removed 125 rows and 210 columns
Presolve time: 0.00s
Presolve: All rows and columns removed

Explored 0 nodes (0 simplex iterations) in 0.00 seconds
Thread count was 1 (of 12 available processors)

Solution count 1: 106 

Optimal solution found (tolerance 1.00e-04)
Best objective 1.060000000000e+02, best bound 1.060000000000e+02, gap 0.0000%

Gurobi 9.1.1 (win64) logging started Wed Mar 10 01:24:28 2021

Changed value of parameter LogFile to ../results/logs/log_samuel_kroger_2021_03_10_01_17_16.csv_6_1.log
   Prev:   Default: 
Gurobi Optimizer version 9.1.1 build v9.1.1rc0 (win64)
Thread count: 6 physical cores, 12 logical processors, using up to 12 threads
Optimize a model with 85 rows, 210 columns and 571 nonzeros
Model fingerprint: 0x69d46a4d
Variable types: 0 continuous, 210 integer (210 binary)
Coefficient statistics:
  Matrix range     [1e+00, 6e+00]
  Objective range  [1e+00, 1e+00]
  Bounds range     [1e+00, 1e+00]
  RHS range        [1e+00, 1e+00]
Found heuristic solution: objective 87.0000000
Found heuristic solution: objective 96.0000000
Found heuristic solution: objective 98.0000000
Presolve removed 77 rows and 199 columns
Presolve time: 0.00s
Presolved: 8 rows, 11 columns, 28 nonzeros
Found heuristic solution: objective 105.0000000
Found heuristic solution: objective 106.0000000
Variable types: 0 continuous, 11 integer (11 binary)

Explored 0 nodes (0 simplex iterations) in 0.00 seconds
Thread count was 12 (of 12 available processors)

Solution count 5: 106 105 98 ... 87

Optimal solution found (tolerance 1.00e-04)
Best objective 1.060000000000e+02, best bound 1.060000000000e+02, gap 0.0000%

Gurobi 9.1.1 (win64) logging started Wed Mar 10 01:24:28 2021

Changed value of parameter LogFile to ../results/logs/log_samuel_kroger_2021_03_10_01_17_16.csv_6_1.log
   Prev:   Default: 
Gurobi Optimizer version 9.1.1 build v9.1.1rc0 (win64)
Thread count: 6 physical cores, 12 logical processors, using up to 12 threads
Optimize a model with 85 rows, 210 columns and 571 nonzeros
Model fingerprint: 0x24e740fa
Variable types: 0 continuous, 210 integer (210 binary)
Coefficient statistics:
  Matrix range     [1e+00, 6e+00]
  Objective range  [1e+00, 1e+00]
  Bounds range     [1e+00, 1e+00]
  RHS range        [1e+00, 1e+00]

User MIP start produced solution with objective 106 (0.00s)
Loaded user MIP start with objective 106

Presolve removed 85 rows and 210 columns
Presolve time: 0.00s
Presolve: All rows and columns removed

Explored 0 nodes (0 simplex iterations) in 0.00 seconds
Thread count was 1 (of 12 available processors)

Solution count 1: 106 

Optimal solution found (tolerance 1.00e-04)
Best objective 1.060000000000e+02, best bound 1.060000000000e+02, gap 0.0000%

Gurobi 9.1.1 (win64) logging started Wed Mar 10 01:25:12 2021

Changed value of parameter LogFile to ../results/logs/log_samuel_kroger_2021_03_10_01_17_16.csv_6_1.log
   Prev:   Default: 
Gurobi Optimizer version 9.1.1 build v9.1.1rc0 (win64)
Thread count: 6 physical cores, 12 logical processors, using up to 12 threads
Optimize a model with 693 rows, 9882 columns and 11191 nonzeros
Model fingerprint: 0x6f528c44
Variable types: 0 continuous, 9882 integer (9882 binary)
Coefficient statistics:
  Matrix range     [1e+00, 6e+00]
  Objective range  [1e+00, 1e+00]
  Bounds range     [1e+00, 1e+00]
  RHS range        [1e+00, 1e+00]
Found heuristic solution: objective 4597.0000000
Found heuristic solution: objective 4806.0000000
Found heuristic solution: objective 4828.0000000
Presolve removed 534 rows and 9653 columns
Presolve time: 0.02s
Presolved: 159 rows, 229 columns, 1079 nonzeros
Found heuristic solution: objective 4877.0000000
Variable types: 0 continuous, 229 integer (229 binary)

Root relaxation: objective 4.942000e+03, 1 iterations, 0.00 seconds

    Nodes    |    Current Node    |     Objective Bounds      |     Work
 Expl Unexpl |  Obj  Depth IntInf | Incumbent    BestBd   Gap | It/Node Time

*    0     0               0    4942.0000000 4942.00000  0.00%     -    0s

Explored 0 nodes (1 simplex iterations) in 0.02 seconds
Thread count was 12 (of 12 available processors)

Solution count 5: 4942 4877 4828 ... 4597

Optimal solution found (tolerance 1.00e-04)
Best objective 4.942000000000e+03, best bound 4.942000000000e+03, gap 0.0000%

Gurobi 9.1.1 (win64) logging started Wed Mar 10 01:25:13 2021

Changed value of parameter LogFile to ../results/logs/log_samuel_kroger_2021_03_10_01_17_16.csv_6_1.log
   Prev:   Default: 
Gurobi Optimizer version 9.1.1 build v9.1.1rc0 (win64)
Thread count: 6 physical cores, 12 logical processors, using up to 12 threads
Optimize a model with 693 rows, 9882 columns and 11191 nonzeros
Model fingerprint: 0x935b7bfa
Variable types: 0 continuous, 9882 integer (9882 binary)
Coefficient statistics:
  Matrix range     [1e+00, 6e+00]
  Objective range  [1e+00, 1e+00]
  Bounds range     [1e+00, 1e+00]
  RHS range        [1e+00, 1e+00]

Warning: Completing partial solution with 9844 unfixed non-continuous variables out of 9882
User MIP start produced solution with objective 4942 (0.01s)
Loaded user MIP start with objective 4942

Presolve removed 693 rows and 9882 columns
Presolve time: 0.01s
Presolve: All rows and columns removed

Explored 0 nodes (0 simplex iterations) in 0.02 seconds
Thread count was 1 (of 12 available processors)

Solution count 1: 4942 

Optimal solution found (tolerance 1.00e-04)
Best objective 4.942000000000e+03, best bound 4.942000000000e+03, gap 0.0000%

Gurobi 9.1.1 (win64) logging started Wed Mar 10 01:25:14 2021

Changed value of parameter LogFile to ../results/logs/log_samuel_kroger_2021_03_10_01_17_16.csv_6_1.log
   Prev:   Default: 
Gurobi Optimizer version 9.1.1 build v9.1.1rc0 (win64)
Thread count: 6 physical cores, 12 logical processors, using up to 12 threads
Optimize a model with 347 rows, 9882 columns and 5633 nonzeros
Model fingerprint: 0x5cc2c6c9
Variable types: 0 continuous, 9882 integer (9882 binary)
Coefficient statistics:
  Matrix range     [1e+00, 1e+00]
  Objective range  [1e+00, 1e+00]
  Bounds range     [1e+00, 1e+00]
  RHS range        [1e+00, 1e+00]
Found heuristic solution: objective 4942.0000000
Presolve removed 347 rows and 9882 columns
Presolve time: 0.00s
Presolve: All rows and columns removed

Explored 0 nodes (0 simplex iterations) in 0.00 seconds
Thread count was 1 (of 12 available processors)

Solution count 1: 4942 

Optimal solution found (tolerance 1.00e-04)
Best objective 4.942000000000e+03, best bound 4.942000000000e+03, gap 0.0000%

Gurobi 9.1.1 (win64) logging started Wed Mar 10 01:25:14 2021

Changed value of parameter LogFile to ../results/logs/log_samuel_kroger_2021_03_10_01_17_16.csv_6_1.log
   Prev:   Default: 
Gurobi Optimizer version 9.1.1 build v9.1.1rc0 (win64)
Thread count: 6 physical cores, 12 logical processors, using up to 12 threads
Optimize a model with 347 rows, 9882 columns and 5633 nonzeros
Model fingerprint: 0xb961058f
Variable types: 0 continuous, 9882 integer (9882 binary)
Coefficient statistics:
  Matrix range     [1e+00, 1e+00]
  Objective range  [1e+00, 1e+00]
  Bounds range     [1e+00, 1e+00]
  RHS range        [1e+00, 1e+00]

Warning: Completing partial solution with 9841 unfixed non-continuous variables out of 9882
User MIP start produced solution with objective 4942 (0.00s)
Loaded user MIP start with objective 4942

Presolve removed 347 rows and 9882 columns
Presolve time: 0.00s
Presolve: All rows and columns removed

Explored 0 nodes (0 simplex iterations) in 0.01 seconds
Thread count was 1 (of 12 available processors)

Solution count 1: 4942 

Optimal solution found (tolerance 1.00e-04)
Best objective 4.942000000000e+03, best bound 4.942000000000e+03, gap 0.0000%

Gurobi 9.1.1 (win64) logging started Wed Mar 10 01:27:28 2021

Changed value of parameter LogFile to ../results/logs/log_samuel_kroger_2021_03_10_01_17_16.csv_6_1.log
   Prev:   Default: 
Gurobi Optimizer version 9.1.1 build v9.1.1rc0 (win64)
Thread count: 6 physical cores, 12 logical processors, using up to 12 threads
Optimize a model with 2001 rows, 2000 columns and 493012 nonzeros
Model fingerprint: 0x3d6c3c1a
Variable types: 0 continuous, 2000 integer (2000 binary)
Coefficient statistics:
  Matrix range     [1e+00, 6e+00]
  Objective range  [1e+00, 1e+00]
  Bounds range     [1e+00, 1e+00]
  RHS range        [1e+00, 1e+00]
Found heuristic solution: objective 1.0000000
Presolve time: 2.95s
Presolved: 2001 rows, 2000 columns, 493012 nonzeros
Variable types: 0 continuous, 2000 integer (2000 binary)

Root relaxation: objective 1.000000e+03, 0 iterations, 0.03 seconds

    Nodes    |    Current Node    |     Objective Bounds      |     Work
 Expl Unexpl |  Obj  Depth IntInf | Incumbent    BestBd   Gap | It/Node Time

*    0     0               0    1000.0000000 1000.00000  0.00%     -    3s

Explored 0 nodes (0 simplex iterations) in 3.09 seconds
Thread count was 12 (of 12 available processors)

Solution count 2: 1000 1 

Optimal solution found (tolerance 1.00e-04)
Best objective 1.000000000000e+03, best bound 1.000000000000e+03, gap 0.0000%

Gurobi 9.1.1 (win64) logging started Wed Mar 10 01:27:32 2021

Changed value of parameter LogFile to ../results/logs/log_samuel_kroger_2021_03_10_01_17_16.csv_6_1.log
   Prev:   Default: 
Gurobi Optimizer version 9.1.1 build v9.1.1rc0 (win64)
Thread count: 6 physical cores, 12 logical processors, using up to 12 threads
Optimize a model with 2001 rows, 2000 columns and 493012 nonzeros
Model fingerprint: 0x7bca458f
Variable types: 0 continuous, 2000 integer (2000 binary)
Coefficient statistics:
  Matrix range     [1e+00, 6e+00]
  Objective range  [1e+00, 1e+00]
  Bounds range     [1e+00, 1e+00]
  RHS range        [1e+00, 1e+00]

User MIP start produced solution with objective 1000 (0.07s)
Loaded user MIP start with objective 1000

Presolve time: 2.98s
Presolved: 2001 rows, 2000 columns, 493012 nonzeros
Variable types: 0 continuous, 2000 integer (2000 binary)

Root relaxation: cutoff, 0 iterations, 0.03 seconds

Explored 0 nodes (0 simplex iterations) in 3.11 seconds
Thread count was 12 (of 12 available processors)

Solution count 1: 1000 

Optimal solution found (tolerance 1.00e-04)
Best objective 1.000000000000e+03, best bound 1.000000000000e+03, gap 0.0000%

Gurobi 9.1.1 (win64) logging started Wed Mar 10 01:27:36 2021

Changed value of parameter LogFile to ../results/logs/log_samuel_kroger_2021_03_10_01_17_16.csv_6_1.log
   Prev:   Default: 
Gurobi Optimizer version 9.1.1 build v9.1.1rc0 (win64)
Thread count: 6 physical cores, 12 logical processors, using up to 12 threads
Optimize a model with 1001 rows, 2000 columns and 3000 nonzeros
Model fingerprint: 0x80a91e3f
Variable types: 0 continuous, 2000 integer (2000 binary)
Coefficient statistics:
  Matrix range     [1e+00, 1e+00]
  Objective range  [1e+00, 1e+00]
  Bounds range     [0e+00, 0e+00]
  RHS range        [1e+00, 1e+00]
Found heuristic solution: objective 1000.0000000

Explored 0 nodes (0 simplex iterations) in 0.00 seconds
Thread count was 1 (of 12 available processors)

Solution count 1: 1000 

Optimal solution found (tolerance 1.00e-04)
Best objective 1.000000000000e+03, best bound 1.000000000000e+03, gap 0.0000%

Gurobi 9.1.1 (win64) logging started Wed Mar 10 01:27:37 2021

Changed value of parameter LogFile to ../results/logs/log_samuel_kroger_2021_03_10_01_17_16.csv_6_1.log
   Prev:   Default: 
Gurobi Optimizer version 9.1.1 build v9.1.1rc0 (win64)
Thread count: 6 physical cores, 12 logical processors, using up to 12 threads
Optimize a model with 1001 rows, 2000 columns and 3000 nonzeros
Model fingerprint: 0xf2a64485
Variable types: 0 continuous, 2000 integer (2000 binary)
Coefficient statistics:
  Matrix range     [1e+00, 1e+00]
  Objective range  [1e+00, 1e+00]
  Bounds range     [0e+00, 0e+00]
  RHS range        [1e+00, 1e+00]

Loaded user MIP start with objective 1000


Explored 0 nodes (0 simplex iterations) in 0.00 seconds
Thread count was 1 (of 12 available processors)

Solution count 1: 1000 

Optimal solution found (tolerance 1.00e-04)
Best objective 1.000000000000e+03, best bound 1.000000000000e+03, gap 0.0000%

Gurobi 9.1.1 (win64) logging started Wed Mar 10 01:28:07 2021

Changed value of parameter LogFile to ../results/logs/log_samuel_kroger_2021_03_10_01_17_16.csv_6_1.log
   Prev:   Default: 
Gurobi Optimizer version 9.1.1 build v9.1.1rc0 (win64)
Thread count: 6 physical cores, 12 logical processors, using up to 12 threads
Optimize a model with 601 rows, 600 columns and 44932 nonzeros
Model fingerprint: 0x5eec2ed6
Variable types: 0 continuous, 600 integer (600 binary)
Coefficient statistics:
  Matrix range     [1e+00, 6e+00]
  Objective range  [1e+00, 1e+00]
  Bounds range     [1e+00, 1e+00]
  RHS range        [1e+00, 1e+00]
Found heuristic solution: objective 1.0000000
Presolve time: 0.13s
Presolved: 601 rows, 600 columns, 44932 nonzeros
Variable types: 0 continuous, 600 integer (600 binary)

Root relaxation: objective 3.000000e+02, 0 iterations, 0.00 seconds

    Nodes    |    Current Node    |     Objective Bounds      |     Work
 Expl Unexpl |  Obj  Depth IntInf | Incumbent    BestBd   Gap | It/Node Time

*    0     0               0     300.0000000  300.00000  0.00%     -    0s

Explored 0 nodes (0 simplex iterations) in 0.14 seconds
Thread count was 12 (of 12 available processors)

Solution count 2: 300 1 

Optimal solution found (tolerance 1.00e-04)
Best objective 3.000000000000e+02, best bound 3.000000000000e+02, gap 0.0000%

Gurobi 9.1.1 (win64) logging started Wed Mar 10 01:28:07 2021

Changed value of parameter LogFile to ../results/logs/log_samuel_kroger_2021_03_10_01_17_16.csv_6_1.log
   Prev:   Default: 
Gurobi Optimizer version 9.1.1 build v9.1.1rc0 (win64)
Thread count: 6 physical cores, 12 logical processors, using up to 12 threads
Optimize a model with 601 rows, 600 columns and 44932 nonzeros
Model fingerprint: 0xcebd6ebc
Variable types: 0 continuous, 600 integer (600 binary)
Coefficient statistics:
  Matrix range     [1e+00, 6e+00]
  Objective range  [1e+00, 1e+00]
  Bounds range     [1e+00, 1e+00]
  RHS range        [1e+00, 1e+00]

User MIP start produced solution with objective 300 (0.00s)
Loaded user MIP start with objective 300

Presolve time: 0.13s
Presolved: 601 rows, 600 columns, 44932 nonzeros
Variable types: 0 continuous, 600 integer (600 binary)

Root relaxation: cutoff, 0 iterations, 0.00 seconds

Explored 0 nodes (0 simplex iterations) in 0.14 seconds
Thread count was 12 (of 12 available processors)

Solution count 1: 300 

Optimal solution found (tolerance 1.00e-04)
Best objective 3.000000000000e+02, best bound 3.000000000000e+02, gap 0.0000%

Gurobi 9.1.1 (win64) logging started Wed Mar 10 01:28:08 2021

Changed value of parameter LogFile to ../results/logs/log_samuel_kroger_2021_03_10_01_17_16.csv_6_1.log
   Prev:   Default: 
Gurobi Optimizer version 9.1.1 build v9.1.1rc0 (win64)
Thread count: 6 physical cores, 12 logical processors, using up to 12 threads
Optimize a model with 301 rows, 600 columns and 900 nonzeros
Model fingerprint: 0xd4995713
Variable types: 0 continuous, 600 integer (600 binary)
Coefficient statistics:
  Matrix range     [1e+00, 1e+00]
  Objective range  [1e+00, 1e+00]
  Bounds range     [0e+00, 0e+00]
  RHS range        [1e+00, 1e+00]
Found heuristic solution: objective 300.0000000

Explored 0 nodes (0 simplex iterations) in 0.00 seconds
Thread count was 1 (of 12 available processors)

Solution count 1: 300 

Optimal solution found (tolerance 1.00e-04)
Best objective 3.000000000000e+02, best bound 3.000000000000e+02, gap 0.0000%

Gurobi 9.1.1 (win64) logging started Wed Mar 10 01:28:08 2021

Changed value of parameter LogFile to ../results/logs/log_samuel_kroger_2021_03_10_01_17_16.csv_6_1.log
   Prev:   Default: 
Gurobi Optimizer version 9.1.1 build v9.1.1rc0 (win64)
Thread count: 6 physical cores, 12 logical processors, using up to 12 threads
Optimize a model with 301 rows, 600 columns and 900 nonzeros
Model fingerprint: 0xb193fe98
Variable types: 0 continuous, 600 integer (600 binary)
Coefficient statistics:
  Matrix range     [1e+00, 1e+00]
  Objective range  [1e+00, 1e+00]
  Bounds range     [0e+00, 0e+00]
  RHS range        [1e+00, 1e+00]

Loaded user MIP start with objective 300


Explored 0 nodes (0 simplex iterations) in 0.00 seconds
Thread count was 1 (of 12 available processors)

Solution count 1: 300 

Optimal solution found (tolerance 1.00e-04)
Best objective 3.000000000000e+02, best bound 3.000000000000e+02, gap 0.0000%

Gurobi 9.1.1 (win64) logging started Wed Mar 10 01:28:09 2021

Changed value of parameter LogFile to ../results/logs/log_samuel_kroger_2021_03_10_01_17_16.csv_6_1.log
   Prev:   Default: 
Gurobi Optimizer version 9.1.1 build v9.1.1rc0 (win64)
Thread count: 6 physical cores, 12 logical processors, using up to 12 threads
Optimize a model with 1 rows, 12 columns and 6 nonzeros
Model fingerprint: 0xac340916
Variable types: 0 continuous, 12 integer (12 binary)
Coefficient statistics:
  Matrix range     [1e+00, 1e+00]
  Objective range  [1e+00, 1e+00]
  Bounds range     [1e+00, 1e+00]
  RHS range        [1e+00, 1e+00]
Found heuristic solution: objective 7.0000000
Presolve removed 1 rows and 12 columns
Presolve time: 0.00s
Presolve: All rows and columns removed

Explored 0 nodes (0 simplex iterations) in 0.00 seconds
Thread count was 1 (of 12 available processors)

Solution count 1: 7 

Optimal solution found (tolerance 1.00e-04)
Best objective 7.000000000000e+00, best bound 7.000000000000e+00, gap 0.0000%

Gurobi 9.1.1 (win64) logging started Wed Mar 10 01:28:09 2021

Changed value of parameter LogFile to ../results/logs/log_samuel_kroger_2021_03_10_01_17_16.csv_6_1.log
   Prev:   Default: 
Gurobi Optimizer version 9.1.1 build v9.1.1rc0 (win64)
Thread count: 6 physical cores, 12 logical processors, using up to 12 threads
Optimize a model with 1 rows, 12 columns and 6 nonzeros
Model fingerprint: 0x90af80ad
Variable types: 0 continuous, 12 integer (12 binary)
Coefficient statistics:
  Matrix range     [1e+00, 1e+00]
  Objective range  [1e+00, 1e+00]
  Bounds range     [1e+00, 1e+00]
  RHS range        [1e+00, 1e+00]

User MIP start produced solution with objective 7 (0.00s)
Loaded user MIP start with objective 7


Explored 0 nodes (0 simplex iterations) in 0.00 seconds
Thread count was 1 (of 12 available processors)

Solution count 1: 7 

Optimal solution found (tolerance 1.00e-04)
Best objective 7.000000000000e+00, best bound 7.000000000000e+00, gap 0.0000%

Gurobi 9.1.1 (win64) logging started Wed Mar 10 01:28:09 2021

Changed value of parameter LogFile to ../results/logs/log_samuel_kroger_2021_03_10_01_17_16.csv_6_1.log
   Prev:   Default: 
Gurobi Optimizer version 9.1.1 build v9.1.1rc0 (win64)
Thread count: 6 physical cores, 12 logical processors, using up to 12 threads
Optimize a model with 1 rows, 12 columns and 6 nonzeros
Model fingerprint: 0xac340916
Variable types: 0 continuous, 12 integer (12 binary)
Coefficient statistics:
  Matrix range     [1e+00, 1e+00]
  Objective range  [1e+00, 1e+00]
  Bounds range     [1e+00, 1e+00]
  RHS range        [1e+00, 1e+00]
Found heuristic solution: objective 7.0000000
Presolve removed 1 rows and 12 columns
Presolve time: 0.00s
Presolve: All rows and columns removed

Explored 0 nodes (0 simplex iterations) in 0.00 seconds
Thread count was 1 (of 12 available processors)

Solution count 1: 7 

Optimal solution found (tolerance 1.00e-04)
Best objective 7.000000000000e+00, best bound 7.000000000000e+00, gap 0.0000%

Gurobi 9.1.1 (win64) logging started Wed Mar 10 01:28:09 2021

Changed value of parameter LogFile to ../results/logs/log_samuel_kroger_2021_03_10_01_17_16.csv_6_1.log
   Prev:   Default: 
Gurobi Optimizer version 9.1.1 build v9.1.1rc0 (win64)
Thread count: 6 physical cores, 12 logical processors, using up to 12 threads
Optimize a model with 1 rows, 12 columns and 6 nonzeros
Model fingerprint: 0x90af80ad
Variable types: 0 continuous, 12 integer (12 binary)
Coefficient statistics:
  Matrix range     [1e+00, 1e+00]
  Objective range  [1e+00, 1e+00]
  Bounds range     [1e+00, 1e+00]
  RHS range        [1e+00, 1e+00]

User MIP start produced solution with objective 7 (0.00s)
Loaded user MIP start with objective 7


Explored 0 nodes (0 simplex iterations) in 0.00 seconds
Thread count was 1 (of 12 available processors)

Solution count 1: 7 

Optimal solution found (tolerance 1.00e-04)
Best objective 7.000000000000e+00, best bound 7.000000000000e+00, gap 0.0000%

Gurobi 9.1.1 (win64) logging started Wed Mar 10 01:30:31 2021

Changed value of parameter LogFile to ../results/logs/log_samuel_kroger_2021_03_10_01_17_16.csv_6_1.log
   Prev:   Default: 
Gurobi Optimizer version 9.1.1 build v9.1.1rc0 (win64)
Thread count: 6 physical cores, 12 logical processors, using up to 12 threads
Optimize a model with 6725 rows, 14230 columns and 407123 nonzeros
Model fingerprint: 0xb5b341da
Variable types: 0 continuous, 14230 integer (14230 binary)
Coefficient statistics:
  Matrix range     [1e+00, 6e+00]
  Objective range  [1e+00, 1e+00]
  Bounds range     [1e+00, 1e+00]
  RHS range        [1e+00, 1e+00]
Found heuristic solution: objective 3754.0000000
Found heuristic solution: objective 6960.0000000
Found heuristic solution: objective 7111.0000000
Presolve removed 6717 rows and 14222 columns
Presolve time: 0.47s
Presolved: 8 rows, 8 columns, 22 nonzeros
Found heuristic solution: objective 7116.0000000
Variable types: 0 continuous, 8 integer (8 binary)

Explored 0 nodes (0 simplex iterations) in 0.49 seconds
Thread count was 12 (of 12 available processors)

Solution count 4: 7116 7111 6960 3754 

Optimal solution found (tolerance 1.00e-04)
Best objective 7.116000000000e+03, best bound 7.116000000000e+03, gap 0.0000%

Gurobi 9.1.1 (win64) logging started Wed Mar 10 01:30:33 2021

Changed value of parameter LogFile to ../results/logs/log_samuel_kroger_2021_03_10_01_17_16.csv_6_1.log
   Prev:   Default: 
Gurobi Optimizer version 9.1.1 build v9.1.1rc0 (win64)
Thread count: 6 physical cores, 12 logical processors, using up to 12 threads
Optimize a model with 6725 rows, 14230 columns and 407123 nonzeros
Model fingerprint: 0x6073b042
Variable types: 0 continuous, 14230 integer (14230 binary)
Coefficient statistics:
  Matrix range     [1e+00, 6e+00]
  Objective range  [1e+00, 1e+00]
  Bounds range     [1e+00, 1e+00]
  RHS range        [1e+00, 1e+00]

User MIP start produced solution with objective 7116 (0.06s)
Loaded user MIP start with objective 7116

Presolve removed 6725 rows and 14230 columns
Presolve time: 0.47s
Presolve: All rows and columns removed

Explored 0 nodes (0 simplex iterations) in 0.54 seconds
Thread count was 1 (of 12 available processors)

Solution count 1: 7116 

Optimal solution found (tolerance 1.00e-04)
Best objective 7.116000000000e+03, best bound 7.116000000000e+03, gap 0.0000%

Gurobi 9.1.1 (win64) logging started Wed Mar 10 01:30:38 2021

Changed value of parameter LogFile to ../results/logs/log_samuel_kroger_2021_03_10_01_17_16.csv_6_1.log
   Prev:   Default: 
Gurobi Optimizer version 9.1.1 build v9.1.1rc0 (win64)
Thread count: 6 physical cores, 12 logical processors, using up to 12 threads
Optimize a model with 3382 rows, 14230 columns and 14096 nonzeros
Model fingerprint: 0x2169a34f
Variable types: 0 continuous, 14230 integer (14230 binary)
Coefficient statistics:
  Matrix range     [1e+00, 3e+00]
  Objective range  [1e+00, 1e+00]
  Bounds range     [1e+00, 1e+00]
  RHS range        [1e+00, 1e+00]
Found heuristic solution: objective 7098.0000000
Found heuristic solution: objective 7114.0000000
Presolve removed 3382 rows and 14230 columns
Presolve time: 0.00s
Presolve: All rows and columns removed

Explored 0 nodes (0 simplex iterations) in 0.01 seconds
Thread count was 1 (of 12 available processors)

Solution count 3: 7116 

Optimal solution found (tolerance 1.00e-04)
Best objective 7.116000000000e+03, best bound 7.116000000000e+03, gap 0.0000%

Gurobi 9.1.1 (win64) logging started Wed Mar 10 01:30:39 2021

Changed value of parameter LogFile to ../results/logs/log_samuel_kroger_2021_03_10_01_17_16.csv_6_1.log
   Prev:   Default: 
Gurobi Optimizer version 9.1.1 build v9.1.1rc0 (win64)
Thread count: 6 physical cores, 12 logical processors, using up to 12 threads
Optimize a model with 3382 rows, 14230 columns and 14096 nonzeros
Model fingerprint: 0xd6715a29
Variable types: 0 continuous, 14230 integer (14230 binary)
Coefficient statistics:
  Matrix range     [1e+00, 3e+00]
  Objective range  [1e+00, 1e+00]
  Bounds range     [1e+00, 1e+00]
  RHS range        [1e+00, 1e+00]

User MIP start produced solution with objective 7116 (0.01s)
Loaded user MIP start with objective 7116

Presolve removed 3382 rows and 14230 columns
Presolve time: 0.00s
Presolve: All rows and columns removed

Explored 0 nodes (0 simplex iterations) in 0.01 seconds
Thread count was 1 (of 12 available processors)

Solution count 1: 7116 

Optimal solution found (tolerance 1.00e-04)
Best objective 7.116000000000e+03, best bound 7.116000000000e+03, gap 0.0000%
