
Gurobi 9.5.0 (win64) logging started Mon Jun  6 11:13:28 2022

Set parameter LogFile to value "../results/logs/log_socfb-Syracuse56_46_250_2022_06_06_11_13.log"
Gurobi Optimizer version 9.5.0 build v9.5.0rc5 (win64)
Thread count: 6 physical cores, 12 logical processors, using up to 12 threads
Optimize a model with 2835 rows, 27306 columns and 173405 nonzeros
Model fingerprint: 0x7f91ed85
Variable types: 0 continuous, 27306 integer (27306 binary)
Coefficient statistics:
  Matrix range     [1e+00, 5e+01]
  Objective range  [1e+00, 1e+00]
  Bounds range     [1e+00, 1e+00]
  RHS range        [1e+00, 3e+02]
Found heuristic solution: objective 6985.0000000
Presolve removed 25 rows and 20770 columns
Presolve time: 0.13s
Presolved: 2810 rows, 6536 columns, 58025 nonzeros
Variable types: 0 continuous, 6536 integer (6289 binary)
Found heuristic solution: objective 7089.0000000

Root relaxation: objective 8.106675e+03, 3454 iterations, 0.49 seconds (0.51 work units)

    Nodes    |    Current Node    |     Objective Bounds      |     Work
 Expl Unexpl |  Obj  Depth IntInf | Incumbent    BestBd   Gap | It/Node Time

     0     0 8106.67496    0 1044 7089.00000 8106.67496  14.4%     -    0s
H    0     0                    7135.0000000 8106.67496  13.6%     -    0s
H    0     0                    7172.0000000 8106.67496  13.0%     -    0s
H    0     0                    7302.0000000 8106.67496  11.0%     -    1s
H    0     0                    7357.0000000 7974.12640  8.39%     -    3s
H    0     0                    7358.0000000 7974.12640  8.37%     -    3s
H    0     0                    7366.0000000 7974.12640  8.26%     -    3s
H    0     0                    7368.0000000 7974.12640  8.23%     -    3s
     0     0 7974.12640    0 1296 7368.00000 7974.12640  8.23%     -    3s
H    0     0                    7408.0000000 7974.12640  7.64%     -    3s
     0     0 7905.96410    0 1422 7408.00000 7905.96410  6.72%     -    5s
     0     0 7896.03147    0 1484 7408.00000 7896.03147  6.59%     -    6s
     0     0 7894.50245    0 1518 7408.00000 7894.50245  6.57%     -    7s
     0     0 7894.29294    0 1536 7408.00000 7894.29294  6.56%     -    7s
     0     0 7894.25714    0 1547 7408.00000 7894.25714  6.56%     -    7s
H    0     0                    7413.0000000 7894.25714  6.49%     -    8s
H    0     0                    7416.0000000 7855.77943  5.93%     -   12s
H    0     0                    7418.0000000 7855.77943  5.90%     -   12s
H    0     0                    7421.0000000 7855.77943  5.86%     -   12s
H    0     0                    7429.0000000 7855.77943  5.74%     -   12s
H    0     0                    7430.0000000 7855.77943  5.73%     -   12s
H    0     0                    7435.0000000 7855.77943  5.66%     -   12s
H    0     0                    7436.0000000 7855.77943  5.65%     -   12s
H    0     0                    7437.0000000 7855.77943  5.63%     -   12s
H    0     0                    7440.0000000 7855.77943  5.59%     -   12s
     0     0 7855.77943    0 1651 7440.00000 7855.77943  5.59%     -   12s
