
Gurobi 9.0.1 (win64) logging started 11/11/21 13:40:44

Changed value of parameter LogFile to ../results/logs/log_samuel_kroger_2021_11_11_13_40_42.csv_20_5.log
   Prev:   Default: 
Changed value of parameter method to 3
   Prev: -1  Min: -1  Max: 5  Default: -1
Gurobi Optimizer version 9.0.1 build v9.0.1rc0 (win64)
Optimize a model with 3855 rows, 46266 columns and 160957 nonzeros
Model fingerprint: 0xe286f908
Variable types: 23133 continuous, 23133 integer (23133 binary)
Coefficient statistics:
  Matrix range     [1e+00, 2e+01]
  Objective range  [1e+00, 1e+00]
  Bounds range     [1e+00, 1e+00]
  RHS range        [1e+00, 5e+00]
Found heuristic solution: objective -0.0000000
Presolve removed 2525 rows and 43337 columns
Presolve time: 0.26s
Presolved: 1330 rows, 2929 columns, 40533 nonzeros
Variable types: 2262 continuous, 667 integer (667 binary)

Concurrent LP optimizer: dual simplex and barrier
Showing barrier log only...

Root barrier log...

Ordering time: 0.01s

Barrier statistics:
 AA' NZ     : 8.664e+04
 Factor NZ  : 2.045e+05 (roughly 3 MBytes of memory)
 Factor Ops : 7.072e+07 (less than 1 second per iteration)
 Threads    : 3

                  Objective                Residual
Iter       Primal          Dual         Primal    Dual     Compl     Time
   0   4.03827251e+02  1.81877871e+02  4.35e+03 2.50e-01  6.50e-01     0s
   1   5.13823634e+02  2.43338077e+02  2.31e+03 3.19e-01  3.56e-01     0s
   2   8.60449126e+02  3.28963739e+02  1.47e+03 2.32e-01  2.37e-01     0s
   3   5.65222512e+02  6.21891577e+02  3.78e+02 1.63e-02  8.24e-02     0s
   4   5.29959267e+02  5.30838379e+02  1.50e+02 2.79e-03  2.99e-02     0s
   5   5.18690099e+02  5.04302395e+02  9.61e+01 1.36e-03  1.84e-02     0s
   6   5.05551237e+02  4.89176123e+02  5.54e+01 6.77e-04  1.05e-02     0s
   7   5.00859169e+02  4.79467065e+02  4.31e+01 3.20e-04  7.85e-03     0s
   8   4.97630351e+02  4.76878634e+02  3.74e+01 2.51e-04  6.86e-03     0s
   9   4.93713352e+02  4.75437252e+02  3.14e+01 2.03e-04  5.83e-03     0s
  10   4.92408868e+02  4.74201609e+02  2.95e+01 1.76e-04  5.53e-03     0s
  11   4.89498708e+02  4.72944866e+02  2.54e+01 1.35e-04  4.84e-03     0s
  12   4.86946109e+02  4.71827293e+02  2.20e+01 1.12e-04  4.22e-03     0s
  13   4.82948924e+02  4.68961465e+02  1.65e+01 4.16e-05  2.97e-03     0s
  14   4.77177466e+02  4.67592235e+02  9.20e+00 2.43e-05  1.48e-03     0s
  15   4.76124942e+02  4.66501697e+02  8.18e+00 2.01e-05  1.29e-03     0s
  16   4.75473944e+02  4.66012863e+02  7.73e+00 1.47e-05  1.20e-03     0s
  17   4.74307068e+02  4.65473189e+02  6.82e+00 1.15e-05  1.04e-03     0s
  18   4.73304473e+02  4.65335444e+02  6.06e+00 1.04e-05  9.23e-04     0s
  19   4.72610920e+02  4.65104562e+02  5.53e+00 9.63e-06  8.38e-04     0s
  20   4.72201193e+02  4.64824291e+02  5.25e+00 6.51e-06  7.82e-04     0s
  21   4.71887064e+02  4.64877393e+02  5.04e+00 5.42e-06  7.36e-04     0s
  22   4.71231479e+02  4.64609430e+02  4.62e+00 4.55e-06  6.74e-04     0s
  23   4.70555683e+02  4.64142521e+02  4.15e+00 1.85e-06  6.13e-04     0s
  24   4.70165815e+02  4.63891960e+02  3.92e+00 1.31e-15  5.60e-04     0s
  25   4.69915254e+02  4.63881056e+02  3.76e+00 9.59e-16  5.36e-04     0s
  26   4.69376295e+02  4.63482624e+02  3.39e+00 1.08e-15  4.80e-04     0s
  27   4.69003919e+02  4.63447684e+02  3.18e+00 1.06e-15  4.46e-04     0s
  28   4.68906634e+02  4.63398464e+02  3.13e+00 1.07e-15  4.36e-04     0s
  29   4.68421666e+02  4.63327080e+02  2.81e+00 9.11e-16  3.79e-04     0s
  30   4.67808832e+02  4.63212408e+02  2.49e+00 9.82e-16  3.36e-04     0s
  31   4.67660746e+02  4.63174579e+02  2.41e+00 8.80e-16  3.24e-04     1s
  32   4.67431965e+02  4.63077765e+02  2.29e+00 7.15e-16  3.05e-04     1s
  33   4.67007690e+02  4.62986837e+02  2.07e+00 1.01e-15  2.74e-04     1s

Barrier performed 33 iterations in 0.51 seconds
Barrier solve interrupted - model solved by another algorithm


Solved with dual simplex

Root relaxation: objective 4.625873e+02, 1900 iterations, 0.22 seconds

    Nodes    |    Current Node    |     Objective Bounds      |     Work
 Expl Unexpl |  Obj  Depth IntInf | Incumbent    BestBd   Gap | It/Node Time

     0     0  462.58725    0  449   -0.00000  462.58725      -     -    0s
     0     0  251.83550    0  382   -0.00000  251.83550      -     -    1s
     0     0  231.52643    0  400   -0.00000  231.52643      -     -    1s
     0     0  230.88754    0  392   -0.00000  230.88754      -     -    1s
     0     0  230.82146    0  394   -0.00000  230.82146      -     -    1s
     0     0  199.97234    0  413   -0.00000  199.97234      -     -    1s
     0     0  191.26329    0  426   -0.00000  191.26329      -     -    1s
     0     0  189.48972    0  421   -0.00000  189.48972      -     -    1s
     0     0  189.02698    0  402   -0.00000  189.02698      -     -    1s
     0     0  188.92994    0  418   -0.00000  188.92994      -     -    1s
H    0     0                      65.0000000  188.92994   191%     -    2s
     0     0  178.74823    0  407   65.00000  178.74823   175%     -    2s
     0     0  166.07989    0  430   65.00000  166.07989   156%     -    2s
     0     0  163.51430    0  411   65.00000  163.51430   152%     -    2s
     0     0  161.02014    0  432   65.00000  161.02014   148%     -    2s
     0     0  160.02276    0  433   65.00000  160.02276   146%     -    2s
     0     0  159.29321    0  439   65.00000  159.29321   145%     -    2s
     0     0  158.84852    0  432   65.00000  158.84852   144%     -    2s
     0     0  158.30367    0  436   65.00000  158.30367   144%     -    2s
     0     0  158.17383    0  434   65.00000  158.17383   143%     -    2s
     0     0  151.96634    0  400   65.00000  151.96634   134%     -    3s
     0     0  147.54988    0  426   65.00000  147.54988   127%     -    3s
     0     0  145.78191    0  418   65.00000  145.78191   124%     -    3s
     0     0  144.88555    0  412   65.00000  144.88555   123%     -    4s
     0     0  144.02055    0  410   65.00000  144.02055   122%     -    4s
     0     0  143.68107    0  406   65.00000  143.68107   121%     -    4s
     0     0  143.22371    0  418   65.00000  143.22371   120%     -    4s
     0     0  142.81890    0  419   65.00000  142.81890   120%     -    4s
     0     0  142.54079    0  427   65.00000  142.54079   119%     -    4s
     0     0  139.71100    0  409   65.00000  139.71100   115%     -    4s
     0     0  138.04062    0  411   65.00000  138.04062   112%     -    4s
     0     0  137.04691    0  439   65.00000  137.04691   111%     -    4s
     0     0  136.59611    0  450   65.00000  136.59611   110%     -    5s
     0     0  136.33484    0  455   65.00000  136.33484   110%     -    5s
     0     0  134.75938    0  424   65.00000  134.75938   107%     -    5s
     0     0  134.14727    0  415   65.00000  134.14727   106%     -    5s
     0     0  133.72694    0  421   65.00000  133.72694   106%     -    5s
     0     0  133.62600    0  421   65.00000  133.62600   106%     -    5s
     0     0  132.63332    0  418   65.00000  132.63332   104%     -    5s
     0     0  132.61348    0  385   65.00000  132.61348   104%     -    6s
     0     2  132.61348    0  385   65.00000  132.61348   104%     -    6s
   270   183  111.05520   68  270   65.00000  130.51967   101%   117   10s
   515   233  101.94600   25  280   65.00000  129.56634  99.3%   164   15s
   664   277  116.15788   18  400   65.00000  126.63080  94.8%   208   20s
   847   352   86.45920   72  255   65.00000  123.79332  90.5%   219   25s
  1061   498  114.26301   63  385   65.00000  122.31941  88.2%   220   35s
