
Gurobi 9.5.1 (linux64) logging started Mon Jun 20 05:25:46 2022

Set parameter LogFile to value "../results/logs/log_com-dblp.ungraph_20_5_2022_06_19_22_46.log"
Gurobi Optimizer version 9.5.1 build v9.5.1rc2 (linux64)
Thread count: 8 physical cores, 8 logical processors, using up to 8 threads
Optimize a model with 61387 rows, 634160 columns and 1539141 nonzeros
Model fingerprint: 0x9c125263
Variable types: 0 continuous, 634160 integer (634160 binary)
Coefficient statistics:
  Matrix range     [1e+00, 2e+01]
  Objective range  [1e+00, 1e+00]
  Bounds range     [1e+00, 1e+00]
  RHS range        [1e+00, 5e+00]
Found heuristic solution: objective 3066.0000000
Presolve removed 9772 rows and 545451 columns (presolve time = 5s) ...
Presolve removed 11052 rows and 546178 columns
Presolve time: 9.08s
Presolved: 50335 rows, 87982 columns, 654544 nonzeros
Extracted 25247 lazy constraints
Variable types: 0 continuous, 87982 integer (73603 binary)

Deterministic concurrent LP optimizer: primal and dual simplex
Showing first log only...


Root simplex log...

Iteration    Objective       Primal Inf.    Dual Inf.      Time
       0    3.1180000e+03   0.000000e+00   4.539000e+03     10s
    5989    3.2681324e+03   0.000000e+00   2.005038e+04     10s
Warning: Markowitz tolerance tightened to 0.03125
    7923    4.0526958e+03   0.000000e+00   6.938507e+05     16s
    8483    4.2751283e+03   0.000000e+00   1.097740e+06     21s
    8923    4.4287649e+03   0.000000e+00   8.481697e+04     26s
    9223    4.5510619e+03   0.000000e+00   7.592680e+05     30s
Warning: Markowitz tolerance tightened to 0.125
    9683    4.7957588e+03   0.000000e+00   3.326385e+05     37s
   10013    4.9429512e+03   0.000000e+00   1.004799e+06     42s
   10233    5.0435509e+03   0.000000e+00   4.845111e+05     46s
   10673    5.2140569e+03   0.000000e+00   6.223348e+05     54s
   10923    5.3282203e+03   0.000000e+00   5.693362e+05     59s
   11173    5.4383241e+03   0.000000e+00   1.546891e+05     64s
   11439    5.5299608e+03   0.000000e+00   1.012233e+06     71s
   11699    5.6290481e+03   0.000000e+00   6.371696e+05     77s
   11961    5.7236363e+03   0.000000e+00   1.624318e+06     85s
   12214    5.8012382e+03   0.000000e+00   2.468471e+06     93s
   12465    5.8880183e+03   0.000000e+00   2.923224e+07    101s
   12714    5.9588626e+03   0.000000e+00   1.584661e+05    110s
   12957    6.0379685e+03   0.000000e+00   8.018221e+02    119s
   13197    6.1107239e+03   0.000000e+00   1.211281e+05    130s
   13433    6.1762447e+03   0.000000e+00   3.087767e+06    140s
   13667    6.2286102e+03   0.000000e+00   1.046998e+04    151s
   13898    6.2924779e+03   0.000000e+00   3.403077e+02    163s
   14130    6.3509271e+03   0.000000e+00   2.337660e+02    175s
   14354    6.3892970e+03   0.000000e+00   1.075466e+02    187s
   14573    6.4179815e+03   0.000000e+00   0.000000e+00    199s
Concurrent spin time: 8.12s

Solved with primal simplex

Root relaxation: objective 6.417982e+03, 14573 iterations, 197.70 seconds (426.77 work units)

    Nodes    |    Current Node    |     Objective Bounds      |     Work
 Expl Unexpl |  Obj  Depth IntInf | Incumbent    BestBd   Gap | It/Node Time

     0     0 6417.40876    0 11884 3066.00000 6417.40876   109%     -  231s
H    0     0                    3078.0000000 5033.73692  63.5%     -  603s
     0     0 5033.73692    0 10381 3078.00000 5033.73692  63.5%     -  603s
     0     0 4442.94573    0 10423 3078.00000 4442.94573  44.3%     -  694s
     0     0 3794.69440    0 10343 3078.00000 3794.69440  23.3%     -  741s
     0     0 3669.13872    0 10145 3078.00000 3669.13872  19.2%     -  778s
     0     0 3593.73500    0 9956 3078.00000 3593.73500  16.8%     -  812s
     0     0 3548.31889    0 9648 3078.00000 3548.31889  15.3%     -  844s
     0     0 3523.99037    0 9386 3078.00000 3523.99037  14.5%     -  877s
     0     0 3508.15680    0 9037 3078.00000 3508.15680  14.0%     -  904s
     0     0 3495.17302    0 8615 3078.00000 3495.17302  13.6%     -  932s
     0     0 3489.18803    0 7930 3078.00000 3489.18803  13.4%     -  970s
     0     0 3480.79005    0 7343 3078.00000 3480.79005  13.1%     - 1001s
     0     0 3475.20190    0 6481 3078.00000 3475.20190  12.9%     - 1023s
     0     0 3468.76593    0 6356 3078.00000 3468.76593  12.7%     - 1041s
     0     0 3467.74843    0 5600 3078.00000 3467.74843  12.7%     - 1055s
     0     0 3296.85116    0 5751 3078.00000 3296.85116  7.11%     - 1193s
H    0     0                    3084.0000000 3296.85116  6.90%     - 1195s
     0     0 3246.27546    0 5343 3084.00000 3246.27546  5.26%     - 1204s
     0     0 3235.58645    0 4606 3084.00000 3235.58645  4.92%     - 1215s
     0     0 3231.61267    0 3910 3084.00000 3231.61267  4.79%     - 1225s
H    0     0                    3086.0000000 3231.61267  4.72%     - 1295s
     0     0 3209.94817    0 4640 3086.00000 3209.94817  4.02%     - 1306s
     0     0 3195.44614    0 4291 3086.00000 3195.44614  3.55%     - 1381s
     0     0 3191.16707    0 4457 3086.00000 3191.16707  3.41%     - 1390s
     0     0 3187.00462    0 4937 3086.00000 3187.00462  3.27%     - 1480s
     0     0 3186.90982    0 3550 3086.00000 3186.90982  3.27%     - 1513s
     0     0 3186.90982    0 3550 3086.00000 3186.90982  3.27%     - 1514s
     0     2 3173.86203    0 3550 3086.00000 3173.86203  2.85%     - 1660s
     3     2 3173.86203    2 4100 3086.00000 3173.86203  2.85%   331 1670s
    13     5 3173.86203    6 4034 3086.00000 3173.86203  2.85%   216 1677s
    17     4 3173.86203    7 4335 3086.00000 3173.86203  2.85%   443 1719s
    22     8 3173.86203    8 4309 3086.00000 3173.86203  2.85%   922 1720s
    41     7 3173.86203   11 4291 3086.00000 3173.86203  2.85%   523 1754s
    49    10 3173.86203   12 4279 3086.00000 3173.86203  2.85%   523 1766s
    58     7 infeasible   13      3086.00000 3173.86203  2.85%   500 1816s
    66     6 3152.49281   16 4153 3086.00000 3171.87137  2.78%   770 2045s
    73     6 3148.24421   17 4125 3086.00000 3166.56865  2.61%  1127 2144s
    79    11 3148.20527   18 4143 3086.00000 3162.54471  2.48%  1399 2151s
    88    17 3148.20458   19 4148 3086.00000 3162.50946  2.48%  1275 2210s
   102    22 3148.17852   20 4202 3086.00000 3162.49293  2.48%  1253 2245s
   111    27 3148.15296   21 4189 3086.00000 3162.49293  2.48%  1211 2265s
   124    33 3148.13501   22 4189 3086.00000 3162.49293  2.48%  1126 2283s
   134    40 3148.08425   24 4196 3086.00000 3162.49293  2.48%  1079 2309s
   149    52 3147.97716   25 4167 3086.00000 3162.49293  2.48%  1022 2319s
   165    62     cutoff   26      3086.00000 3162.49293  2.48%   945 2344s
   185    72 3147.95780   27 4115 3086.00000 3162.49293  2.48%   884 2373s
   201    82     cutoff   27      3086.00000 3162.49293  2.48%   851 2406s
   219    98     cutoff   28      3086.00000 3162.49293  2.48%   813 2429s
   245   105 infeasible   29      3086.00000 3162.49293  2.48%   756 2456s
   264   119 3147.82240   29 4097 3086.00000 3162.49293  2.48%   727 2480s
   286   130     cutoff   31      3086.00000 3162.49293  2.48%   694 2505s
   312   136     cutoff   33      3086.00000 3162.49293  2.48%   663 2612s
   328   148 infeasible   32      3086.00000 3162.49293  2.48%   711 2658s
   352   167 3147.22957   35 4051 3086.00000 3162.49293  2.48%   690 2696s
   375   175 infeasible   36      3086.00000 3162.49293  2.48%   686 2823s
   392   181 infeasible   37      3086.00000 3162.49293  2.48%   735 2915s
   408   196 3146.65712   37 4066 3086.00000 3162.49293  2.48%   768 3017s
   430   200 3145.72583   38 4151 3086.00000 3162.49293  2.48%   790 3167s
   439   219 3093.91123   39 1051 3086.00000 3162.49293  2.48%   907 3370s
   469   239 3145.70014   39 4166 3086.00000 3162.49293  2.48%   931 3490s
   499   247 3145.66539   40 4177 3086.00000 3162.49293  2.48%   954 3593s
   519   249 3156.95272   80 4490 3086.00000 3162.49293  2.48%   984 3600s

Cutting planes:
  Gomory: 1
  Cover: 360
  Implied bound: 45
  MIR: 4160
  StrongCG: 101
  GUB cover: 1752
  Zero half: 1
  RLT: 4233
  Lazy constraints: 20697

Explored 524 nodes (548835 simplex iterations) in 3600.03 seconds (7945.00 work units)
Thread count was 8 (of 8 available processors)

Solution count 4: 3086 3084 3078 3066 

Time limit reached
Best objective 3.086000000000e+03, best bound 3.162000000000e+03, gap 2.4627%

Gurobi 9.5.1 (linux64) logging started Mon Jun 20 17:45:40 2022

Set parameter LogFile to value "../results/logs/log_com-dblp.ungraph_20_5_2022_06_19_22_46.log"
Gurobi Optimizer version 9.5.1 build v9.5.1rc2 (linux64)
Thread count: 8 physical cores, 8 logical processors, using up to 8 threads
Optimize a model with 3501 rows, 634160 columns and 349448 nonzeros
Model fingerprint: 0xa3407b75
Variable types: 0 continuous, 634160 integer (634160 binary)
Coefficient statistics:
  Matrix range     [1e+00, 2e+01]
  Objective range  [1e+00, 1e+00]
  Bounds range     [1e+00, 1e+00]
  RHS range        [1e+00, 5e+00]
Found heuristic solution: objective 3066.0000000
Presolve removed 2940 rows and 633001 columns
Presolve time: 0.32s
Presolved: 561 rows, 1159 columns, 10075 nonzeros
Extracted 64 lazy constraints
Found heuristic solution: objective 3067.0000000
Variable types: 0 continuous, 1159 integer (881 binary)

Root relaxation: objective 3.194249e+03, 564 iterations, 0.01 seconds (0.01 work units)

    Nodes    |    Current Node    |     Objective Bounds      |     Work
 Expl Unexpl |  Obj  Depth IntInf | Incumbent    BestBd   Gap | It/Node Time

     0     0 3194.24909    0  222 3067.00000 3194.24909  4.15%     -    0s
H    0     0                    3068.0000000 3194.24909  4.12%     -    0s
H    0     0                    3081.0000000 3180.87593  3.24%     -    0s
H    0     0                    3085.0000000 3180.87593  3.11%     -    0s
H    0     0                    3086.0000000 3180.87593  3.07%     -    0s
     0     0 3121.20901    0  164 3086.00000 3121.20901  1.14%     -    0s
     0     0 3121.20901    0  106 3086.00000 3121.20901  1.14%     -    0s
     0     0 3120.51921    0  121 3086.00000 3120.51921  1.12%     -    0s
     0     0 3120.14504    0  117 3086.00000 3120.14504  1.11%     -    0s
     0     0 3119.91882    0  118 3086.00000 3119.91882  1.10%     -    0s
     0     0 3119.74957    0  118 3086.00000 3119.74957  1.09%     -    0s
     0     0 3116.46026    0  119 3086.00000 3116.46026  0.99%     -    0s
     0     0 3116.46026    0  119 3086.00000 3116.46026  0.99%     -    0s
     0     0 3115.64052    0  106 3086.00000 3115.64052  0.96%     -    0s
     0     0 3114.69370    0  153 3086.00000 3114.69370  0.93%     -    0s
     0     0 3114.15836    0  114 3086.00000 3114.15836  0.91%     -    0s
     0     0 3113.83711    0  111 3086.00000 3113.83711  0.90%     -    0s
     0     0 3113.77884    0  139 3086.00000 3113.77884  0.90%     -    0s
     0     0 3111.01626    0  117 3086.00000 3111.01626  0.81%     -    0s
     0     0 3110.00479    0  181 3086.00000 3110.00479  0.78%     -    0s
     0     0 3109.35120    0  159 3086.00000 3109.35120  0.76%     -    0s
     0     0 3109.28259    0  164 3086.00000 3109.28259  0.75%     -    0s
H    0     0                    3088.0000000 3109.28259  0.69%     -    1s
     0     0 3107.76736    0  128 3088.00000 3107.76736  0.64%     -    1s
     0     0 3107.01774    0  141 3088.00000 3107.01774  0.62%     -    1s
     0     0 3106.89964    0  136 3088.00000 3106.89964  0.61%     -    1s
     0     0 3106.89214    0  140 3088.00000 3106.89214  0.61%     -    1s
     0     0 3105.82152    0  164 3088.00000 3105.82152  0.58%     -    1s
     0     0 3105.65862    0  206 3088.00000 3105.65862  0.57%     -    1s
     0     0 3105.52816    0  174 3088.00000 3105.52816  0.57%     -    1s
     0     0 3105.45038    0  163 3088.00000 3105.45038  0.57%     -    1s
     0     0 3104.94250    0  175 3088.00000 3104.94250  0.55%     -    1s
     0     0 3104.94250    0  173 3088.00000 3104.94250  0.55%     -    1s
     0     2 3104.83084    0  172 3088.00000 3104.83084  0.55%     -    1s
H  128   112                    3089.0000000 3101.20711  0.40%  29.2    1s

Cutting planes:
  Gomory: 48
  Cover: 8
  Implied bound: 1
  MIR: 189
  StrongCG: 39
  GUB cover: 10
  Inf proof: 6
  Zero half: 8
  Mod-K: 3
  RLT: 163
  Lazy constraints: 46

Explored 2051 nodes (63245 simplex iterations) in 2.20 seconds (3.62 work units)
Thread count was 8 (of 8 available processors)

Solution count 8: 3089 3088 3086 ... 3066

Optimal solution found (tolerance 0.00e+00)
Best objective 3.089000000000e+03, best bound 3.089000000000e+03, gap 0.0000%
