
Gurobi 10.0.0 (linux64) logging started Sat Jan 27 19:11:46 2024

Set parameter LogFile to value "../results/logs/log_com-dblp.ungraph_3_250_2024_01_27_09_25.log"
Set parameter LazyConstraints to value 1
Gurobi Optimizer version 10.0.0 build v10.0.0rc2 (linux64)

CPU model: Intel(R) Core(TM) i7-9800X CPU @ 3.80GHz, instruction set [SSE2|AVX|AVX2|AVX512]
Thread count: 8 physical cores, 8 logical processors, using up to 8 threads

Optimize a model with 22021 rows, 634160 columns and 227191 nonzeros
Model fingerprint: 0x936ce81a
Variable types: 0 continuous, 634160 integer (634160 binary)
Coefficient statistics:
  Matrix range     [1e+00, 3e+00]
  Objective range  [1e+00, 1e+00]
  Bounds range     [1e+00, 1e+00]
  RHS range        [1e+00, 2e+02]
Found heuristic solution: objective 204031.00000
Presolve removed 0 rows and 510101 columns
Presolve time: 0.31s
Presolved: 22021 rows, 124059 columns, 177911 nonzeros
Variable types: 0 continuous, 124059 integer (124059 binary)
Found heuristic solution: objective 204290.00000
Root relaxation presolved: 22021 rows, 124059 columns, 177911 nonzeros

Deterministic concurrent LP optimizer: primal and dual simplex
Showing first log only...

Concurrent spin time: 0.02s

Solved with primal simplex

Use crossover to convert LP symmetric solution to basic solution...

Root relaxation: objective 2.056656e+05, 2996 iterations, 0.14 seconds (0.11 work units)

    Nodes    |    Current Node    |     Objective Bounds      |     Work
 Expl Unexpl |  Obj  Depth IntInf | Incumbent    BestBd   Gap | It/Node Time

     0     0 205665.602    0 2004 204290.000 205665.602  0.67%     -    1s
H    0     0                    204568.00000 205665.602  0.54%     -    1s
H    0     0                    204578.00000 205665.602  0.53%     -    1s
H    0     0                    204589.00000 205665.602  0.53%     -    1s
H    0     0                    204593.00000 205665.602  0.52%     -    1s
     0     0 204921.131    0  796 204593.000 204921.131  0.16%     -   16s
H    0     0                    204749.00000 204921.131  0.08%     -   16s
H    0     0                    204842.00000 204921.131  0.04%     -   16s
     0     0 204917.198    0  802 204842.000 204917.198  0.04%     -   30s
     0     0 204871.010    0  220 204842.000 204871.010  0.01%     -   43s
     0     0 204871.010    0  221 204842.000 204871.010  0.01%     -   56s
     0     0 204863.167    0  124 204842.000 204863.167  0.01%     -   70s
H    0     0                    204843.00000 204863.167  0.01%     -   71s
     0     0 204862.000    0   94 204843.000 204862.000  0.01%     -   83s
     0     0 204862.000    0   94 204843.000 204862.000  0.01%     -   97s
     0     0 204861.500    0   89 204843.000 204861.500  0.01%     -  111s
     0     0 204861.500    0   89 204843.000 204861.500  0.01%     -  123s
     0     0 204860.720    0   47 204843.000 204860.720  0.01%     -  137s
H    0     0                    204852.00000 204860.720  0.00%     -  137s
     0     0 204860.429    0   42 204852.000 204860.429  0.00%     -  151s
     0     0 204859.182    0   37 204852.000 204859.182  0.00%     -  164s
H    0     0                    204854.00000 204859.182  0.00%     -  164s
     0     0 204859.015    0   37 204854.000 204859.015  0.00%     -  176s
     0     0 204858.825    0   41 204854.000 204858.825  0.00%     -  190s
     0     0 204858.807    0   38 204854.000 204858.807  0.00%     -  203s
     0     0 204858.286    0   48 204854.000 204858.286  0.00%     -  216s
     0     0 204858.191    0   45 204854.000 204858.191  0.00%     -  229s
H    0     0                    204855.00000 204858.191  0.00%     -  243s
     0     0 204858.191    0 1953 204855.000 204858.191  0.00%     -  244s
     0     0 204858.191    0  284 204855.000 204858.191  0.00%     -  258s
     0     0 204858.191    0   60 204855.000 204858.191  0.00%     -  271s
     0     0 204858.191    0   36 204855.000 204858.191  0.00%     -  284s
     0     0 204858.191    0   51 204855.000 204858.191  0.00%     -  298s
     0     0 204858.177    0   54 204855.000 204858.177  0.00%     -  311s
     0     0 204857.115    0   50 204855.000 204857.115  0.00%     -  324s
     0     0 204857.021    0   33 204855.000 204857.021  0.00%     -  324s
     0     0 204857.000    0   23 204855.000 204857.000  0.00%     -  338s
     0     0 204857.000    0   10 204855.000 204857.000  0.00%     -  351s
     0     0 204857.000    0 1020 204855.000 204857.000  0.00%     -  365s
     0     0 204857.000    0  122 204855.000 204857.000  0.00%     -  377s
     0     0 204857.000    0   23 204855.000 204857.000  0.00%     -  391s
     0     0 204857.000    0   27 204855.000 204857.000  0.00%     -  404s
     0     0 204857.000    0   26 204855.000 204857.000  0.00%     -  417s
     0     0 204857.000    0   10 204855.000 204857.000  0.00%     -  431s
     0     0 204857.000    0  787 204855.000 204857.000  0.00%     -  444s
     0     0 204857.000    0  115 204855.000 204857.000  0.00%     -  458s
H    0     0                    204856.00000 204857.000  0.00%     -  458s
     0     0 204857.000    0   12 204856.000 204857.000  0.00%     -  471s
     0     0 204857.000    0    - 204856.000 204857.000  0.00%     -  484s
*    0     0               0    204857.00000 204857.000  0.00%     -  484s

Cutting planes:
  Gomory: 164
  Lift-and-project: 4
  Cover: 311
  Clique: 16
  MIR: 454
  StrongCG: 18
  GUB cover: 504
  Zero half: 124
  RLT: 34
  Lazy constraints: 2

Explored 1 nodes (24863 simplex iterations) in 484.92 seconds (12.57 work units)
Thread count was 8 (of 8 available processors)

Solution count 10: 204857 204856 204855 ... 204589

Optimal solution found (tolerance 0.00e+00)
Best objective 2.048570000004e+05, best bound 2.048570000004e+05, gap 0.0000%

User-callback calls 3667, time in user-callback 472.92 sec
