
Gurobi 9.5.0 (win64) logging started Tue Dec  7 01:37:09 2021

Set parameter LogFile to value "../results/logs/log_2021_12_07_01_36.csv_11_46.log"
Set parameter Method to value 3
Gurobi Optimizer version 9.5.0 build v9.5.0rc5 (win64)
Thread count: 6 physical cores, 12 logical processors, using up to 12 threads
Optimize a model with 6334 rows, 8078 columns and 360309 nonzeros
Model fingerprint: 0x93638868
Variable types: 4039 continuous, 4039 integer (4039 binary)
Coefficient statistics:
  Matrix range     [1e+00, 1e+01]
  Objective range  [1e+00, 1e+00]
  Bounds range     [1e+00, 1e+00]
  RHS range        [1e+00, 5e+01]
Found heuristic solution: objective 2904.0000000
Presolve removed 6089 rows and 7747 columns
Presolve time: 0.05s
Presolved: 245 rows, 331 columns, 2186 nonzeros
Variable types: 160 continuous, 171 integer (158 binary)
Found heuristic solution: objective 2934.0000000

Root relaxation: objective 3.022773e+03, 237 iterations, 0.00 seconds (0.00 work units)

    Nodes    |    Current Node    |     Objective Bounds      |     Work
 Expl Unexpl |  Obj  Depth IntInf | Incumbent    BestBd   Gap | It/Node Time

     0     0 3022.77315    0   77 2934.00000 3022.77315  3.03%     -    0s
H    0     0                    2969.0000000 3022.77315  1.81%     -    0s
H    0     0                    2971.0000000 3022.77315  1.74%     -    0s
H    0     0                    2974.0000000 3022.77315  1.64%     -    0s
     0     0 3004.11434    0   50 2974.00000 3004.11434  1.01%     -    0s
H    0     0                    2975.0000000 3004.11434  0.98%     -    0s
H    0     0                    2982.0000000 3003.11647  0.71%     -    0s
     0     0 3002.91972    0   52 2982.00000 3002.91972  0.70%     -    0s
     0     0 3002.77267    0   52 2982.00000 3002.77267  0.70%     -    0s
     0     0 3002.74832    0   52 2982.00000 3002.74832  0.70%     -    0s
     0     0 2999.31051    0   37 2982.00000 2999.31051  0.58%     -    0s
     0     0 2999.00211    0   33 2982.00000 2999.00211  0.57%     -    0s
     0     0 2998.96186    0   35 2982.00000 2998.96186  0.57%     -    0s
     0     0 2998.95538    0   35 2982.00000 2998.95538  0.57%     -    0s
     0     0 2998.03448    0   40 2982.00000 2998.03448  0.54%     -    0s
H    0     0                    2992.0000000 2997.95955  0.20%     -    0s
     0     0 2997.95955    0   35 2992.00000 2997.95955  0.20%     -    0s
     0     0 2997.92085    0   40 2992.00000 2997.92085  0.20%     -    0s
     0     0 2997.84418    0   41 2992.00000 2997.84418  0.20%     -    0s
     0     0 2997.80003    0   41 2992.00000 2997.80003  0.19%     -    0s
     0     0 2997.79300    0   41 2992.00000 2997.79300  0.19%     -    0s
H    0     0                    2993.0000000 2997.79300  0.16%     -    0s
     0     0 2997.57479    0   42 2993.00000 2997.57479  0.15%     -    0s
     0     0 2997.48461    0   37 2993.00000 2997.48461  0.15%     -    0s
     0     0 2997.47712    0   37 2993.00000 2997.47712  0.15%     -    0s
H    0     0                    2996.0000000 2997.47712  0.05%     -    0s
     0     0 2997.40816    0   35 2996.00000 2997.40816  0.05%     -    0s
     0     0 2997.40816    0   42 2996.00000 2997.40816  0.05%     -    0s
     0     0 2997.40816    0   37 2996.00000 2997.40816  0.05%     -    0s
     0     0 2997.40816    0   40 2996.00000 2997.40816  0.05%     -    0s
     0     0 2997.29646    0   41 2996.00000 2997.29646  0.04%     -    0s
     0     0 2997.27072    0   36 2996.00000 2997.27072  0.04%     -    0s
     0     0 2997.27015    0   36 2996.00000 2997.27015  0.04%     -    0s
     0     0 2997.21431    0   29 2996.00000 2997.21431  0.04%     -    0s
     0     0 2997.19622    0   28 2996.00000 2997.19622  0.04%     -    0s
     0     0 2997.19554    0   29 2996.00000 2997.19554  0.04%     -    0s
     0     0 2997.16957    0   29 2996.00000 2997.16957  0.04%     -    0s
     0     0 2997.00686    0    7 2996.00000 2997.00686  0.03%     -    0s
*    0     0               0    2997.0000000 2997.00000  0.00%     -    0s

Cutting planes:
  Gomory: 13
  Cover: 1
  Implied bound: 2
  MIR: 55
  RLT: 12
  Relax-and-lift: 2

Explored 1 nodes (1195 simplex iterations) in 0.34 seconds (0.13 work units)
Thread count was 12 (of 12 available processors)

Solution count 10: 2997 2996 2993 ... 2971

Optimal solution found (tolerance 1.00e-04)
Best objective 2.997000000000e+03, best bound 2.997000000000e+03, gap 0.0000%
