
Gurobi 9.5.1 (linux64) logging started Sun Mar 20 00:01:20 2022

Set parameter LogFile to value "../results/logs/log_2022_03_20_00_00.csv_33_250.log"
Gurobi Optimizer version 9.5.1 build v9.5.1rc2 (linux64)
Thread count: 8 physical cores, 8 logical processors, using up to 8 threads
Optimize a model with 2493 rows, 27764 columns and 106472 nonzeros
Model fingerprint: 0x03a3c1e9
Variable types: 0 continuous, 27764 integer (27764 binary)
Coefficient statistics:
  Matrix range     [1e+00, 3e+01]
  Objective range  [1e+00, 1e+00]
  Bounds range     [1e+00, 1e+00]
  RHS range        [1e+00, 2e+02]
Found heuristic solution: objective 7008.0000000
Presolve removed 1735 rows and 25034 columns
Presolve time: 0.04s
Presolved: 758 rows, 2730 columns, 7343 nonzeros
Found heuristic solution: objective 7637.0000000
Variable types: 0 continuous, 2730 integer (2341 binary)

Root relaxation: objective 7.832325e+03, 1242 iterations, 0.01 seconds (0.01 work units)

    Nodes    |    Current Node    |     Objective Bounds      |     Work
 Expl Unexpl |  Obj  Depth IntInf | Incumbent    BestBd   Gap | It/Node Time

     0     0 7832.32512    0  328 7637.00000 7832.32512  2.56%     -    0s
H    0     0                    7721.0000000 7832.32512  1.44%     -    0s
H    0     0                    7726.0000000 7832.32512  1.38%     -    0s
H    0     0                    7727.0000000 7832.32512  1.36%     -    0s
H    0     0                    7733.0000000 7832.32512  1.28%     -    0s
H    0     0                    7735.0000000 7832.32512  1.26%     -    0s
H    0     0                    7740.0000000 7832.32512  1.19%     -    0s
H    0     0                    7741.0000000 7832.32512  1.18%     -    0s
H    0     0                    7744.0000000 7832.32512  1.14%     -    0s
H    0     0                    7753.0000000 7832.32512  1.02%     -    0s
H    0     0                    7755.0000000 7832.32512  1.00%     -    0s
H    0     0                    7759.0000000 7829.57452  0.91%     -    0s
     0     0 7787.48705    0  420 7759.00000 7787.48705  0.37%     -    0s
H    0     0                    7762.0000000 7787.48705  0.33%     -    0s
     0     0 7786.20220    0  525 7762.00000 7786.20220  0.31%     -    0s
     0     0 7784.47327    0  497 7762.00000 7784.47327  0.29%     -    0s
     0     0 7784.19292    0  479 7762.00000 7784.19292  0.29%     -    0s
H    0     0                    7764.0000000 7784.10782  0.26%     -    0s
     0     0 7784.10782    0  484 7764.00000 7784.10782  0.26%     -    0s
     0     0 7784.05591    0  525 7764.00000 7784.05591  0.26%     -    0s
     0     0 7784.04179    0  513 7764.00000 7784.04179  0.26%     -    0s
H    0     0                    7765.0000000 7784.04179  0.25%     -    0s
H    0     0                    7766.0000000 7780.74409  0.19%     -    0s
     0     0 7780.74409    0  524 7766.00000 7780.74409  0.19%     -    0s
     0     0 7779.86266    0  500 7766.00000 7779.86266  0.18%     -    0s
     0     0 7779.41272    0  537 7766.00000 7779.41272  0.17%     -    0s
     0     0 7779.23862    0  561 7766.00000 7779.23862  0.17%     -    0s
     0     0 7779.12899    0  475 7766.00000 7779.12899  0.17%     -    0s
     0     0 7779.10592    0  536 7766.00000 7779.10592  0.17%     -    0s
     0     0 7777.79753    0  566 7766.00000 7777.79753  0.15%     -    0s
H    0     0                    7768.0000000 7777.79753  0.13%     -    0s
     0     0 7777.30614    0  531 7768.00000 7777.30614  0.12%     -    0s
     0     0 7777.00912    0  569 7768.00000 7777.00912  0.12%     -    1s
     0     0 7776.88140    0  639 7768.00000 7776.88140  0.11%     -    1s
     0     0 7776.84878    0  669 7768.00000 7776.84878  0.11%     -    1s
     0     0 7776.08085    0  512 7768.00000 7776.08085  0.10%     -    1s
     0     0 7775.82821    0  594 7768.00000 7775.82821  0.10%     -    1s
     0     0 7775.74055    0  583 7768.00000 7775.74055  0.10%     -    1s
H    0     0                    7770.0000000 7775.74055  0.07%     -    1s
     0     0 7775.37656    0  688 7770.00000 7775.37656  0.07%     -    1s
     0     0 7775.37656    0  673 7770.00000 7775.37656  0.07%     -    1s
     0     2 7775.37656    0  668 7770.00000 7775.37656  0.07%     -    1s
H   31    40                    7771.0000000 7774.93269  0.05%   509    2s
   757  1143 7773.40741   92  215 7771.00000 7774.88637  0.05%   151    5s
H 1254  1154                    7772.0000000 7774.85812  0.04%   127    6s
  1559  1060 7773.62785   34  469 7772.00000 7773.76281  0.02%   125   10s
  1586  1078 7773.51600   15  438 7772.00000 7773.62776  0.02%   133   15s

Cutting planes:
  Gomory: 35
  Cover: 263
  Implied bound: 91
  Clique: 1
  MIR: 279
  StrongCG: 32
  Flow cover: 241
  Zero half: 12
  RLT: 226
  Relax-and-lift: 12

Explored 3494 nodes (419354 simplex iterations) in 19.70 seconds (29.87 work units)
Thread count was 8 (of 8 available processors)

Solution count 10: 7772 7771 7771 ... 7764

Optimal solution found (tolerance 1.00e-04)
Best objective 7.772000000000e+03, best bound 7.772000000000e+03, gap 0.0000%

Gurobi 9.5.1 (linux64) logging started Sun Mar 20 01:04:18 2022

Set parameter LogFile to value "../results/logs/log_2022_03_20_00_00.csv_33_250.log"
Gurobi Optimizer version 9.5.1 build v9.5.1rc2 (linux64)
Thread count: 8 physical cores, 8 logical processors, using up to 8 threads
Optimize a model with 2493 rows, 27764 columns and 106472 nonzeros
Model fingerprint: 0x03a3c1e9
Variable types: 0 continuous, 27764 integer (27764 binary)
Coefficient statistics:
  Matrix range     [1e+00, 3e+01]
  Objective range  [1e+00, 1e+00]
  Bounds range     [1e+00, 1e+00]
  RHS range        [1e+00, 2e+02]
Found heuristic solution: objective 7008.0000000
Presolve removed 1735 rows and 25034 columns
Presolve time: 0.04s
Presolved: 758 rows, 2730 columns, 7343 nonzeros
Found heuristic solution: objective 7637.0000000
Variable types: 0 continuous, 2730 integer (2341 binary)

Root relaxation: objective 7.832325e+03, 1242 iterations, 0.01 seconds (0.01 work units)

    Nodes    |    Current Node    |     Objective Bounds      |     Work
 Expl Unexpl |  Obj  Depth IntInf | Incumbent    BestBd   Gap | It/Node Time

     0     0 7832.32512    0  328 7637.00000 7832.32512  2.56%     -    0s
H    0     0                    7721.0000000 7832.32512  1.44%     -    0s
H    0     0                    7726.0000000 7832.32512  1.38%     -    0s
H    0     0                    7727.0000000 7832.32512  1.36%     -    0s
H    0     0                    7733.0000000 7832.32512  1.28%     -    0s
H    0     0                    7735.0000000 7832.32512  1.26%     -    0s
H    0     0                    7740.0000000 7832.32512  1.19%     -    0s
H    0     0                    7741.0000000 7832.32512  1.18%     -    0s
H    0     0                    7744.0000000 7832.32512  1.14%     -    0s
H    0     0                    7753.0000000 7832.32512  1.02%     -    0s
H    0     0                    7755.0000000 7832.32512  1.00%     -    0s
H    0     0                    7759.0000000 7829.57452  0.91%     -    0s
     0     0 7787.48705    0  420 7759.00000 7787.48705  0.37%     -    0s
H    0     0                    7762.0000000 7787.48705  0.33%     -    0s
     0     0 7786.20220    0  525 7762.00000 7786.20220  0.31%     -    0s
     0     0 7784.47327    0  497 7762.00000 7784.47327  0.29%     -    0s
     0     0 7784.19292    0  479 7762.00000 7784.19292  0.29%     -    0s
H    0     0                    7764.0000000 7784.10782  0.26%     -    0s
     0     0 7784.10782    0  484 7764.00000 7784.10782  0.26%     -    0s
     0     0 7784.05591    0  525 7764.00000 7784.05591  0.26%     -    0s
     0     0 7784.04179    0  513 7764.00000 7784.04179  0.26%     -    0s
H    0     0                    7765.0000000 7784.04179  0.25%     -    0s
H    0     0                    7766.0000000 7780.74409  0.19%     -    0s
     0     0 7780.74409    0  524 7766.00000 7780.74409  0.19%     -    0s
     0     0 7779.86266    0  500 7766.00000 7779.86266  0.18%     -    0s
     0     0 7779.41272    0  537 7766.00000 7779.41272  0.17%     -    0s
     0     0 7779.23862    0  561 7766.00000 7779.23862  0.17%     -    0s
     0     0 7779.12899    0  475 7766.00000 7779.12899  0.17%     -    0s
     0     0 7779.10592    0  536 7766.00000 7779.10592  0.17%     -    0s
     0     0 7777.79753    0  566 7766.00000 7777.79753  0.15%     -    0s
H    0     0                    7768.0000000 7777.79753  0.13%     -    0s
     0     0 7777.30614    0  531 7768.00000 7777.30614  0.12%     -    0s
     0     0 7777.00912    0  569 7768.00000 7777.00912  0.12%     -    0s
     0     0 7776.88140    0  639 7768.00000 7776.88140  0.11%     -    1s
     0     0 7776.84878    0  669 7768.00000 7776.84878  0.11%     -    1s
     0     0 7776.08085    0  512 7768.00000 7776.08085  0.10%     -    1s
     0     0 7775.82821    0  594 7768.00000 7775.82821  0.10%     -    1s
     0     0 7775.74055    0  583 7768.00000 7775.74055  0.10%     -    1s
H    0     0                    7770.0000000 7775.74055  0.07%     -    1s
     0     0 7775.37656    0  688 7770.00000 7775.37656  0.07%     -    1s
     0     0 7775.37656    0  673 7770.00000 7775.37656  0.07%     -    1s
     0     2 7775.37656    0  668 7770.00000 7775.37656  0.07%     -    1s
H   31    40                    7771.0000000 7774.93269  0.05%   509    2s
   757  1143 7773.40741   92  215 7771.00000 7774.88637  0.05%   151    5s
H 1254  1154                    7772.0000000 7774.85812  0.04%   127    6s
  1560  1061 7773.75457   56  526 7772.00000 7773.75457  0.02%   125   10s
  1594  1084 7773.51051   16  421 7772.00000 7773.61657  0.02%   134   15s

Cutting planes:
  Gomory: 35
  Cover: 263
  Implied bound: 91
  Clique: 1
  MIR: 279
  StrongCG: 32
  Flow cover: 241
  Zero half: 12
  RLT: 226
  Relax-and-lift: 12

Explored 3494 nodes (419354 simplex iterations) in 19.57 seconds (29.87 work units)
Thread count was 8 (of 8 available processors)

Solution count 10: 7772 7771 7771 ... 7764

Optimal solution found (tolerance 1.00e-04)
Best objective 7.772000000000e+03, best bound 7.772000000000e+03, gap 0.0000%

Gurobi 9.5.1 (linux64) logging started Sun Mar 20 02:07:09 2022

Set parameter LogFile to value "../results/logs/log_2022_03_20_00_00.csv_33_250.log"
Gurobi Optimizer version 9.5.1 build v9.5.1rc2 (linux64)
Thread count: 8 physical cores, 8 logical processors, using up to 8 threads
Optimize a model with 2493 rows, 27764 columns and 106472 nonzeros
Model fingerprint: 0x03a3c1e9
Variable types: 0 continuous, 27764 integer (27764 binary)
Coefficient statistics:
  Matrix range     [1e+00, 3e+01]
  Objective range  [1e+00, 1e+00]
  Bounds range     [1e+00, 1e+00]
  RHS range        [1e+00, 2e+02]
Found heuristic solution: objective 7008.0000000
Presolve removed 1735 rows and 25034 columns
Presolve time: 0.04s
Presolved: 758 rows, 2730 columns, 7343 nonzeros
Found heuristic solution: objective 7637.0000000
Variable types: 0 continuous, 2730 integer (2341 binary)

Root relaxation: objective 7.832325e+03, 1242 iterations, 0.01 seconds (0.01 work units)

    Nodes    |    Current Node    |     Objective Bounds      |     Work
 Expl Unexpl |  Obj  Depth IntInf | Incumbent    BestBd   Gap | It/Node Time

     0     0 7832.32512    0  328 7637.00000 7832.32512  2.56%     -    0s
H    0     0                    7721.0000000 7832.32512  1.44%     -    0s
H    0     0                    7726.0000000 7832.32512  1.38%     -    0s
H    0     0                    7727.0000000 7832.32512  1.36%     -    0s
H    0     0                    7733.0000000 7832.32512  1.28%     -    0s
H    0     0                    7735.0000000 7832.32512  1.26%     -    0s
H    0     0                    7740.0000000 7832.32512  1.19%     -    0s
H    0     0                    7741.0000000 7832.32512  1.18%     -    0s
H    0     0                    7744.0000000 7832.32512  1.14%     -    0s
H    0     0                    7753.0000000 7832.32512  1.02%     -    0s
H    0     0                    7755.0000000 7832.32512  1.00%     -    0s
H    0     0                    7759.0000000 7829.57452  0.91%     -    0s
     0     0 7787.48705    0  420 7759.00000 7787.48705  0.37%     -    0s
H    0     0                    7762.0000000 7787.48705  0.33%     -    0s
     0     0 7786.20220    0  525 7762.00000 7786.20220  0.31%     -    0s
     0     0 7784.47327    0  497 7762.00000 7784.47327  0.29%     -    0s
     0     0 7784.19292    0  479 7762.00000 7784.19292  0.29%     -    0s
H    0     0                    7764.0000000 7784.10782  0.26%     -    0s
     0     0 7784.10782    0  484 7764.00000 7784.10782  0.26%     -    0s
     0     0 7784.05591    0  525 7764.00000 7784.05591  0.26%     -    0s
     0     0 7784.04179    0  513 7764.00000 7784.04179  0.26%     -    0s
H    0     0                    7765.0000000 7784.04179  0.25%     -    0s
H    0     0                    7766.0000000 7780.74409  0.19%     -    0s
     0     0 7780.74409    0  524 7766.00000 7780.74409  0.19%     -    0s
     0     0 7779.86266    0  500 7766.00000 7779.86266  0.18%     -    0s
     0     0 7779.41272    0  537 7766.00000 7779.41272  0.17%     -    0s
     0     0 7779.23862    0  561 7766.00000 7779.23862  0.17%     -    0s
     0     0 7779.12899    0  475 7766.00000 7779.12899  0.17%     -    0s
     0     0 7779.10592    0  536 7766.00000 7779.10592  0.17%     -    0s
     0     0 7777.79753    0  566 7766.00000 7777.79753  0.15%     -    0s
H    0     0                    7768.0000000 7777.79753  0.13%     -    0s
     0     0 7777.30614    0  531 7768.00000 7777.30614  0.12%     -    0s
     0     0 7777.00912    0  569 7768.00000 7777.00912  0.12%     -    0s
     0     0 7776.88140    0  639 7768.00000 7776.88140  0.11%     -    1s
     0     0 7776.84878    0  669 7768.00000 7776.84878  0.11%     -    1s
     0     0 7776.08085    0  512 7768.00000 7776.08085  0.10%     -    1s
     0     0 7775.82821    0  594 7768.00000 7775.82821  0.10%     -    1s
     0     0 7775.74055    0  583 7768.00000 7775.74055  0.10%     -    1s
H    0     0                    7770.0000000 7775.74055  0.07%     -    1s
     0     0 7775.37656    0  688 7770.00000 7775.37656  0.07%     -    1s
     0     0 7775.37656    0  673 7770.00000 7775.37656  0.07%     -    1s
     0     2 7775.37656    0  668 7770.00000 7775.37656  0.07%     -    1s
H   31    40                    7771.0000000 7774.93269  0.05%   509    2s
   757  1143 7773.40741   92  215 7771.00000 7774.88637  0.05%   151    5s
H 1254  1154                    7772.0000000 7774.85812  0.04%   127    6s
  1560  1061 7773.75457   56  526 7772.00000 7773.75457  0.02%   125   10s
  1594  1084 7773.51051   16  421 7772.00000 7773.61657  0.02%   134   15s

Cutting planes:
  Gomory: 35
  Cover: 263
  Implied bound: 91
  Clique: 1
  MIR: 279
  StrongCG: 32
  Flow cover: 241
  Zero half: 12
  RLT: 226
  Relax-and-lift: 12

Explored 3494 nodes (419354 simplex iterations) in 19.50 seconds (29.87 work units)
Thread count was 8 (of 8 available processors)

Solution count 10: 7772 7771 7771 ... 7764

Optimal solution found (tolerance 1.00e-04)
Best objective 7.772000000000e+03, best bound 7.772000000000e+03, gap 0.0000%

Gurobi 9.5.1 (linux64) logging started Sun Mar 20 03:10:03 2022

Set parameter LogFile to value "../results/logs/log_2022_03_20_00_00.csv_33_250.log"
Gurobi Optimizer version 9.5.1 build v9.5.1rc2 (linux64)
Thread count: 8 physical cores, 8 logical processors, using up to 8 threads
Optimize a model with 2493 rows, 27764 columns and 106472 nonzeros
Model fingerprint: 0x03a3c1e9
Variable types: 0 continuous, 27764 integer (27764 binary)
Coefficient statistics:
  Matrix range     [1e+00, 3e+01]
  Objective range  [1e+00, 1e+00]
  Bounds range     [1e+00, 1e+00]
  RHS range        [1e+00, 2e+02]
Found heuristic solution: objective 7008.0000000
Presolve removed 1735 rows and 25034 columns
Presolve time: 0.04s
Presolved: 758 rows, 2730 columns, 7343 nonzeros
Found heuristic solution: objective 7637.0000000
Variable types: 0 continuous, 2730 integer (2341 binary)

Root relaxation: objective 7.832325e+03, 1242 iterations, 0.01 seconds (0.01 work units)

    Nodes    |    Current Node    |     Objective Bounds      |     Work
 Expl Unexpl |  Obj  Depth IntInf | Incumbent    BestBd   Gap | It/Node Time

     0     0 7832.32512    0  328 7637.00000 7832.32512  2.56%     -    0s
H    0     0                    7721.0000000 7832.32512  1.44%     -    0s
H    0     0                    7726.0000000 7832.32512  1.38%     -    0s
H    0     0                    7727.0000000 7832.32512  1.36%     -    0s
H    0     0                    7733.0000000 7832.32512  1.28%     -    0s
H    0     0                    7735.0000000 7832.32512  1.26%     -    0s
H    0     0                    7740.0000000 7832.32512  1.19%     -    0s
H    0     0                    7741.0000000 7832.32512  1.18%     -    0s
H    0     0                    7744.0000000 7832.32512  1.14%     -    0s
H    0     0                    7753.0000000 7832.32512  1.02%     -    0s
H    0     0                    7755.0000000 7832.32512  1.00%     -    0s
H    0     0                    7759.0000000 7829.57452  0.91%     -    0s
     0     0 7787.48705    0  420 7759.00000 7787.48705  0.37%     -    0s
H    0     0                    7762.0000000 7787.48705  0.33%     -    0s
     0     0 7786.20220    0  525 7762.00000 7786.20220  0.31%     -    0s
     0     0 7784.47327    0  497 7762.00000 7784.47327  0.29%     -    0s
     0     0 7784.19292    0  479 7762.00000 7784.19292  0.29%     -    0s
H    0     0                    7764.0000000 7784.10782  0.26%     -    0s
     0     0 7784.10782    0  484 7764.00000 7784.10782  0.26%     -    0s
     0     0 7784.05591    0  525 7764.00000 7784.05591  0.26%     -    0s
     0     0 7784.04179    0  513 7764.00000 7784.04179  0.26%     -    0s
H    0     0                    7765.0000000 7784.04179  0.25%     -    0s
H    0     0                    7766.0000000 7780.74409  0.19%     -    0s
     0     0 7780.74409    0  524 7766.00000 7780.74409  0.19%     -    0s
     0     0 7779.86266    0  500 7766.00000 7779.86266  0.18%     -    0s
     0     0 7779.41272    0  537 7766.00000 7779.41272  0.17%     -    0s
     0     0 7779.23862    0  561 7766.00000 7779.23862  0.17%     -    0s
     0     0 7779.12899    0  475 7766.00000 7779.12899  0.17%     -    0s
     0     0 7779.10592    0  536 7766.00000 7779.10592  0.17%     -    0s
     0     0 7777.79753    0  566 7766.00000 7777.79753  0.15%     -    0s
H    0     0                    7768.0000000 7777.79753  0.13%     -    0s
     0     0 7777.30614    0  531 7768.00000 7777.30614  0.12%     -    0s
     0     0 7777.00912    0  569 7768.00000 7777.00912  0.12%     -    1s
     0     0 7776.88140    0  639 7768.00000 7776.88140  0.11%     -    1s
     0     0 7776.84878    0  669 7768.00000 7776.84878  0.11%     -    1s
     0     0 7776.08085    0  512 7768.00000 7776.08085  0.10%     -    1s
     0     0 7775.82821    0  594 7768.00000 7775.82821  0.10%     -    1s
     0     0 7775.74055    0  583 7768.00000 7775.74055  0.10%     -    1s
H    0     0                    7770.0000000 7775.74055  0.07%     -    1s
     0     0 7775.37656    0  688 7770.00000 7775.37656  0.07%     -    1s
     0     0 7775.37656    0  673 7770.00000 7775.37656  0.07%     -    1s
     0     2 7775.37656    0  668 7770.00000 7775.37656  0.07%     -    1s
H   31    40                    7771.0000000 7774.93269  0.05%   509    2s
   757  1143 7773.40741   92  215 7771.00000 7774.88637  0.05%   151    5s
H 1254  1154                    7772.0000000 7774.85812  0.04%   127    6s
  1560  1061 7773.75457   56  526 7772.00000 7773.75457  0.02%   125   10s
  1574  1075 7773.64589   13  434 7772.00000 7773.66523  0.02%   132   15s
  2914   741     cutoff   20      7772.00000 7773.32591  0.02%   121   20s

Cutting planes:
  Gomory: 35
  Cover: 263
  Implied bound: 91
  Clique: 1
  MIR: 279
  StrongCG: 32
  Flow cover: 241
  Zero half: 12
  RLT: 226
  Relax-and-lift: 12

Explored 3494 nodes (419354 simplex iterations) in 20.38 seconds (29.87 work units)
Thread count was 8 (of 8 available processors)

Solution count 10: 7772 7771 7771 ... 7764

Optimal solution found (tolerance 1.00e-04)
Best objective 7.772000000000e+03, best bound 7.772000000000e+03, gap 0.0000%

Gurobi 9.5.1 (linux64) logging started Sun Mar 20 04:22:46 2022

Set parameter LogFile to value "../results/logs/log_2022_03_20_00_00.csv_33_250.log"
Gurobi Optimizer version 9.5.1 build v9.5.1rc2 (linux64)
Thread count: 8 physical cores, 8 logical processors, using up to 8 threads
Optimize a model with 2493 rows, 27764 columns and 106472 nonzeros
Model fingerprint: 0x52e27a07
Variable types: 13882 continuous, 13882 integer (13882 binary)
Coefficient statistics:
  Matrix range     [1e+00, 3e+01]
  Objective range  [1e+00, 1e+00]
  Bounds range     [1e+00, 1e+00]
  RHS range        [1e+00, 2e+02]
Found heuristic solution: objective 7008.0000000
Presolve removed 1734 rows and 25759 columns
Presolve time: 0.03s
Presolved: 759 rows, 2005 columns, 5575 nonzeros
Found heuristic solution: objective 7607.0000000
Variable types: 1244 continuous, 761 integer (758 binary)

Root relaxation: objective 7.852912e+03, 1397 iterations, 0.01 seconds (0.01 work units)

    Nodes    |    Current Node    |     Objective Bounds      |     Work
 Expl Unexpl |  Obj  Depth IntInf | Incumbent    BestBd   Gap | It/Node Time

     0     0 7852.91168    0  243 7607.00000 7852.91168  3.23%     -    0s
H    0     0                    7754.0000000 7852.91168  1.28%     -    0s
H    0     0                    7755.0000000 7852.41168  1.26%     -    0s
     0     0 7828.87311    0  258 7755.00000 7828.87311  0.95%     -    0s
H    0     0                    7756.0000000 7828.49941  0.93%     -    0s
H    0     0                    7757.0000000 7828.49941  0.92%     -    0s
     0     0 7828.47815    0  252 7757.00000 7828.47815  0.92%     -    0s
     0     0 7828.47814    0  255 7757.00000 7828.47814  0.92%     -    0s
     0     0 7821.64149    0  252 7757.00000 7821.64149  0.83%     -    0s
H    0     0                    7758.0000000 7820.54859  0.81%     -    0s
     0     0 7820.54859    0  253 7758.00000 7820.54859  0.81%     -    0s
     0     0 7820.41335    0  274 7758.00000 7820.41335  0.80%     -    0s
H    0     0                    7760.0000000 7820.33468  0.78%     -    0s
     0     0 7820.33468    0  289 7760.00000 7820.33468  0.78%     -    0s
     0     0 7820.33267    0  292 7760.00000 7820.33267  0.78%     -    0s
H    0     0                    7763.0000000 7817.81863  0.71%     -    0s
     0     0 7817.81863    0  275 7763.00000 7817.81863  0.71%     -    0s
H    0     0                    7766.0000000 7817.06142  0.66%     -    0s
H    0     0                    7768.0000000 7817.06142  0.63%     -    0s
H    0     0                    7770.0000000 7817.06142  0.61%     -    0s
H    0     0                    7773.0000000 7817.06142  0.57%     -    0s
H    0     0                    7774.0000000 7817.06142  0.55%     -    0s
H    0     0                    7775.0000000 7817.06142  0.54%     -    0s
H    0     0                    7778.0000000 7817.06142  0.50%     -    0s
H    0     0                    7784.0000000 7817.06142  0.42%     -    0s
     0     0 7817.06142    0  300 7784.00000 7817.06142  0.42%     -    0s
H    0     0                    7787.0000000 7816.78914  0.38%     -    0s
H    0     0                    7788.0000000 7816.78914  0.37%     -    0s
     0     0 7816.78914    0  309 7788.00000 7816.78914  0.37%     -    0s
     0     0 7816.71573    0  314 7788.00000 7816.71573  0.37%     -    0s
     0     0 7816.71096    0  298 7788.00000 7816.71096  0.37%     -    0s
     0     0 7815.79948    0  317 7788.00000 7815.79948  0.36%     -    0s
     0     0 7815.40116    0  312 7788.00000 7815.40116  0.35%     -    0s
     0     0 7815.26310    0  320 7788.00000 7815.26310  0.35%     -    0s
     0     0 7815.23744    0  319 7788.00000 7815.23744  0.35%     -    0s
     0     0 7814.82169    0  339 7788.00000 7814.82169  0.34%     -    0s
     0     0 7814.65451    0  332 7788.00000 7814.65451  0.34%     -    1s
     0     0 7814.63284    0  338 7788.00000 7814.63284  0.34%     -    1s
     0     0 7814.42903    0  347 7788.00000 7814.42903  0.34%     -    1s
     0     0 7814.42903    0  345 7788.00000 7814.42903  0.34%     -    1s
     0     2 7814.42903    0  345 7788.00000 7814.42903  0.34%     -    1s
H  120   147                    7789.0000000 7814.00784  0.32%   191    3s
H  394   408                    7790.0000000 7814.00784  0.31%   175    3s
H  517   519                    7791.0000000 7814.00784  0.30%   170    4s
   939   987 7809.82381   71  183 7791.00000 7814.00784  0.30%   146    5s
H  975   967                    7794.0000000 7814.00784  0.26%   148    5s
H 1031  1082                    7796.0000000 7814.00784  0.23%   146    5s
H 1149  1161                    7797.0000000 7814.00784  0.22%   146    5s
H 2017  2188                    7798.0000000 7814.00784  0.21%   132    6s
H 2081  2149                    7799.0000000 7814.00784  0.19%   129    6s
H 2593  2108                    7801.0000000 7813.81426  0.16%   125    7s
  2964  2350 7805.14267  121  345 7801.00000 7813.81426  0.16%   127   10s
  3026  2391 7802.15803  146  342 7801.00000 7809.71033  0.11%   125   15s
  3059  2424 7809.33167   25  328 7801.00000 7809.45632  0.11%   135   20s
  3389  2728 7808.29007   43  244 7801.00000 7809.17546  0.10%   162   25s
H 3600  2630                    7804.0000000 7809.17546  0.07%   168   26s
  4127  3003 7807.01219   76  143 7804.00000 7809.17546  0.07%   185   30s
  5095  3236 7808.80545   32  313 7804.00000 7809.04632  0.06%   198   35s
  5715  3631 7808.25092   35  333 7804.00000 7808.99613  0.06%   210   40s
  6647  3898 7806.10384   75  204 7804.00000 7808.90878  0.06%   219   47s
  6739  4058 7806.88247   38  281 7804.00000 7808.85694  0.06%   220   50s
  7514  4748 7807.29644   60  190 7804.00000 7808.79025  0.06%   229   55s
  8756  5364 7806.91413   40  295 7804.00000 7808.70627  0.06%   231   61s
  9379  5645 7806.84690   51  274 7804.00000 7808.64689  0.06%   234   65s
 10494  6557 7805.66619   95   77 7804.00000 7808.56593  0.06%   242   72s
 11270  6899 7805.06285  131   46 7804.00000 7808.55915  0.06%   243   77s
 11709  7291 7806.80512   53  272 7804.00000 7808.53863  0.06%   251   81s
 12214  7730 7807.16036   40  294 7804.00000 7808.53049  0.06%   258   85s
 12996  8361     cutoff   54      7804.00000 7808.51142  0.06%   260   90s
 14433  9541 7806.49555   46  286 7804.00000 7808.45615  0.06%   266   99s
 15208 10426     cutoff   87      7804.00000 7808.44151  0.06%   270  105s
 16346 11196 7805.14188   81   47 7804.00000 7808.41870  0.06%   271  110s
 17292 11539 7807.45386   39  256 7804.00000 7808.40064  0.06%   272  116s
 17714 12260 7806.05601   57  195 7804.00000 7808.37682  0.06%   275  122s
 18750 12819 7807.38458   44  284 7804.00000 7808.34716  0.06%   276  128s
 19648 13542     cutoff   47      7804.00000 7808.31713  0.06%   280  135s
 20568 14196 7805.71321   52  277 7804.00000 7808.28892  0.05%   284  142s
 21566 14917 7805.65526   60  251 7804.00000 7808.24522  0.05%   287  149s
 22583 15677 7805.56104   61  222 7804.00000 7808.21655  0.05%   291  157s
 23598 16393 7806.73948   49  256 7804.00000 7808.18577  0.05%   295  165s
 24645 17081 7806.53222   46  208 7804.00000 7808.17307  0.05%   299  173s
 25546 17931 7806.91592   41  283 7804.00000 7808.15484  0.05%   304  182s
 26784 18616 7806.71628   43  326 7804.00000 7808.13841  0.05%   306  190s
 27822 19291 7805.02757   71  187 7804.00000 7808.10708  0.05%   309  198s
 28876 19292 7806.21872  111  345 7804.00000 7808.07778  0.05%   311  207s
 28896 19305 7806.12113   55  352 7804.00000 7808.07778  0.05%   310  210s
 28936 19332 7806.22541   59  371 7804.00000 7808.07778  0.05%   310  215s
 28976 19362 7808.07778   34  349 7804.00000 7808.07778  0.05%   310  223s
 28978 19365 7808.07778   35  341 7804.00000 7808.07778  0.05%   310  228s
 28982 19372 7808.07778   36  338 7804.00000 7808.07778  0.05%   310  232s
 29014 19392 7807.06474   38  336 7804.00000 7808.07778  0.05%   312  235s
 29209 19566 7806.48554   49  285 7804.00000 7808.07778  0.05%   313  240s
 29384 19696 7807.48909   57  285 7804.00000 7808.07778  0.05%   314  245s
 29859 19932 7805.94499   77  249 7804.00000 7808.07778  0.05%   317  250s
 30453 20142 7807.82741   43  320 7804.00000 7808.07778  0.05%   318  256s
 30821 20361 7805.12158   97  130 7804.00000 7808.01359  0.05%   320  260s
 31296 20686 7806.22191   45  305 7804.00000 7807.93748  0.05%   322  267s
 31731 20860 7805.09359   63  263 7804.00000 7807.85789  0.05%   323  271s
 32185 21231 7806.22374   63  289 7804.00000 7807.81604  0.05%   325  276s
 32822 21560     cutoff   80      7804.00000 7807.77402  0.05%   326  281s
 33485 21861 7806.12787   97  124 7804.00000 7807.74042  0.05%   327  287s
 34167 21641 7806.79647   52  315 7804.00000 7807.71863  0.05%   328  296s
 34175 22039 7806.71569   53  288 7804.00000 7807.68951  0.05%   328  302s
 34658 22290 7806.20458   52  278 7804.00000 7807.66160  0.05%   330  308s
 35295 22563 7805.39056   74  227 7804.00000 7807.65248  0.05%   332  314s
 35944 22953 7807.07418   48  311 7804.00000 7807.60354  0.05%   334  320s
 36770 23123 7805.55733   69  226 7804.00000 7807.56952  0.05%   335  326s
 37417 23362 7806.70554   48  304 7804.00000 7807.54519  0.05%   337  333s
 38079 23652 7805.87684   74  275 7804.00000 7807.51751  0.05%   339  340s
 38766 23902 7806.18606   65  267 7804.00000 7807.47220  0.04%   341  347s
 39473 24008 7805.65961   57  275 7804.00000 7807.45193  0.04%   344  355s
 40029 24409 7805.52882   63  272 7804.00000 7807.43048  0.04%   347  363s
 40895 24716 7806.28803   52  301 7804.00000 7807.40527  0.04%   348  371s
 41754 24963 7805.18754   93   70 7804.00000 7807.37248  0.04%   350  380s
 42558 25269 7806.23727   54  305 7804.00000 7807.34167  0.04%   352  389s
 43424 25722 7805.07390   51  286 7804.00000 7807.32604  0.04%   355  399s
 44458 25978 7805.65939   61  277 7804.00000 7807.29910  0.04%   357  409s
 45285 26446 7805.36030   80  184 7804.00000 7807.28992  0.04%   361  420s
 46375 26802 7805.19728  102   78 7804.00000 7807.27034  0.04%   363  432s
 47460 27103     cutoff   58      7804.00000 7807.23956  0.04%   365  444s
 48502 27691 7806.83756   55  292 7804.00000 7807.21702  0.04%   369  457s
 49768 28339 7805.56207   79  250 7804.00000 7807.19644  0.04%   371  470s
 51206 28470 7805.66966   52  289 7804.00000 7807.18412  0.04%   372  482s
 52184 28972 7806.59560   63  288 7804.00000 7807.15757  0.04%   375  494s
 53400 29354 7805.36735   70  226 7804.00000 7807.14055  0.04%   377  507s
 54555 29595 7805.01164   79   20 7804.00000 7807.12859  0.04%   380  520s
 55668 29947 7805.37634   78   18 7804.00000 7807.11104  0.04%   382  533s
 56706 30453 7805.75665   56  280 7804.00000 7807.09182  0.04%   384  545s
 57896 30544 7806.21934   42  343 7804.00000 7807.07852  0.04%   386  558s
 58806 31279 7806.22706   41  320 7804.00000 7807.06391  0.04%   389  574s
 60376 31582 7805.04464   85  117 7804.00000 7807.04777  0.04%   391  588s
 61609 31950 7806.20591   60  291 7804.00000 7807.02453  0.04%   393  601s
 62754 32371 7806.28154   52  312 7804.00000 7807.00647  0.04%   395  615s
 63990 32505 7805.49276  106  121 7804.00000 7806.99759  0.04%   397  629s
 65103 32914 7806.36813   72  279 7804.00000 7806.98269  0.04%   399  643s
 66306 33291 7806.52525   53  335 7804.00000 7806.97486  0.04%   400  657s
 67494 33452 7805.03021   81  216 7804.00000 7806.96507  0.04%   402  671s
 68523 33872 7805.15216   54  255 7804.00000 7806.95471  0.04%   404  684s
 69727 33995 7805.50433   59  290 7804.00000 7806.94115  0.04%   406  698s
 70760 34254 7806.49849   61  275 7804.00000 7806.92823  0.04%   408  712s
 71775 34589 7805.63686   64  263 7804.00000 7806.92043  0.04%   410  726s
 73026 34948 7806.46477   45  294 7804.00000 7806.91041  0.04%   412  740s
 74193 35364 7805.97798   58  306 7804.00000 7806.90105  0.04%   413  753s
 75457 35598 7805.18862  109   20 7804.00000 7806.88905  0.04%   413  766s
 76539 35864 7806.17747   62  293 7804.00000 7806.88207  0.04%   414  780s
 77586 36251 7805.38260   72  206 7804.00000 7806.87573  0.04%   416  793s
 78819 36677     cutoff   68      7804.00000 7806.86337  0.04%   417  807s
 80102 36948 7805.57610   63  284 7804.00000 7806.85654  0.04%   418  820s
 81269 37021 7806.34478   57  277 7804.00000 7806.84542  0.04%   418  834s
 82210 37395     cutoff   62      7804.00000 7806.83860  0.04%   420  848s
 83336 37715 7805.75455   59  295 7804.00000 7806.83217  0.04%   422  862s
 84505 37819 7806.03622   54  288 7804.00000 7806.82251  0.04%   422  876s
 85524 38248 7805.30265   64  245 7804.00000 7806.81821  0.04%   424  891s
 86732 38712 7805.23680   61  209 7804.00000 7806.81081  0.04%   425  905s
 88056 39175     cutoff   53      7804.00000 7806.80263  0.04%   425  918s
 89007 39996 7805.20953   62  258 7804.00000 7806.79877  0.04%   427  935s
 90296 40720 7806.12794   53  311 7804.00000 7806.78800  0.04%   428  951s
 91616 41298 7805.96027   71  267 7804.00000 7806.78237  0.04%   430  967s
 92790 41939 7805.51554   83  194 7804.00000 7806.77842  0.04%   431  983s
 93965 42704 7805.56002   57  291 7804.00000 7806.77035  0.04%   432  998s
 95249 43285 7805.05653   73  155 7804.00000 7806.76096  0.04%   433 1014s
 96368 43970 7805.63185   69  204 7804.00000 7806.75234  0.04%   434 1029s
 97577 44454 7805.26956   57  300 7804.00000 7806.74454  0.04%   436 1045s
H97663 12205                    7805.0000000 7806.74454  0.02%   436 1045s
 98367 11827     cutoff   62      7805.00000 7806.73834  0.02%   436 1060s
 99584 11930 7806.38305   63  255 7805.00000 7806.71638  0.02%   437 1076s
 100743 12023 7806.44900   56  274 7805.00000 7806.69726  0.02%   438 1092s
 101984 12116 7806.30779   67  247 7805.00000 7806.67031  0.02%   439 1108s
 103181 12175 7806.40549   49  335 7805.00000 7806.64760  0.02%   440 1121s
 104189 12280 7806.24693   61  272 7805.00000 7806.62862  0.02%   441 1137s
 105448 12314     cutoff   71      7805.00000 7806.60605  0.02%   441 1153s
 106703 12356 7806.07479   62  312 7805.00000 7806.58654  0.02%   442 1168s
 107966 12347 7806.13357   49  318 7805.00000 7806.56204  0.02%   442 1183s
 109180 12315 7805.99370   57  270 7805.00000 7806.54324  0.02%   443 1198s
 110372 12216 7806.03768   62  273 7805.00000 7806.52022  0.02%   444 1213s
 111601 12155 7806.19805   64  292 7805.00000 7806.50248  0.02%   444 1233s
 112491 12005     cutoff   63      7805.00000 7806.49116  0.02%   444 1248s
 113714 11847     cutoff   53      7805.00000 7806.46878  0.02%   445 1263s
 114979 11707 7806.17312   81  154 7805.00000 7806.45007  0.02%   445 1278s
 116241 11451     cutoff   55      7805.00000 7806.43208  0.02%   446 1293s
 117560 11196     cutoff   66      7805.00000 7806.41248  0.02%   445 1309s
 118882 10951     cutoff   77      7805.00000 7806.39548  0.02%   446 1324s
 119914 10539     cutoff   61      7805.00000 7806.38461  0.02%   446 1340s
 121175 10114 7806.04172   71  253 7805.00000 7806.35949  0.02%   446 1356s
 122573  9606     cutoff   67      7805.00000 7806.33941  0.02%   445 1372s
 123981  9072     cutoff   63      7805.00000 7806.31789  0.02%   445 1388s
 125503  8463     cutoff   77      7805.00000 7806.30010  0.02%   444 1405s
 126962  7779     cutoff   72      7805.00000 7806.27677  0.02%   444 1422s
 128469  6993     cutoff   49      7805.00000 7806.25668  0.02%   443 1439s
 130035  6131     cutoff   62      7805.00000 7806.22922  0.02%   442 1456s
 131469  5184     cutoff   57      7805.00000 7806.20265  0.02%   441 1468s
 132856  4143 7806.02108   53  289 7805.00000 7806.17478  0.02%   440 1481s
 134339  2998     cutoff   58      7805.00000 7806.14243  0.01%   438 1491s
 135732  1740     cutoff   52      7805.00000 7806.10661  0.01%   436 1504s
 137104   357     cutoff   64      7805.00000 7806.06112  0.01%   433 1507s

Cutting planes:
  Gomory: 55
  MIR: 404
  Flow cover: 1658
  RLT: 3

Explored 138874 nodes (59468826 simplex iterations) in 1508.32 seconds (3937.60 work units)
Thread count was 8 (of 8 available processors)

Solution count 10: 7805 7804 7801 ... 7790

Optimal solution found (tolerance 1.00e-04)
Best objective 7.805000000000e+03, best bound 7.805000000000e+03, gap 0.0000%

Gurobi 9.5.1 (linux64) logging started Sun Mar 20 05:59:41 2022

Set parameter LogFile to value "../results/logs/log_2022_03_20_00_00.csv_33_250.log"
Gurobi Optimizer version 9.5.1 build v9.5.1rc2 (linux64)
Thread count: 8 physical cores, 8 logical processors, using up to 8 threads
Optimize a model with 6948 rows, 27764 columns and 119837 nonzeros
Model fingerprint: 0x00607fb3
Variable types: 0 continuous, 27764 integer (27764 binary)
Coefficient statistics:
  Matrix range     [1e+00, 3e+01]
  Objective range  [1e+00, 1e+00]
  Bounds range     [1e+00, 1e+00]
  RHS range        [1e+00, 2e+02]
Found heuristic solution: objective 7008.0000000
Presolve removed 5819 rows and 25030 columns
Presolve time: 0.05s
Presolved: 1129 rows, 2734 columns, 7758 nonzeros
Extracted 488 lazy constraints
Found heuristic solution: objective 7482.0000000
Variable types: 0 continuous, 2734 integer (2363 binary)

Root relaxation: objective 7.860224e+03, 1116 iterations, 0.01 seconds (0.01 work units)

    Nodes    |    Current Node    |     Objective Bounds      |     Work
 Expl Unexpl |  Obj  Depth IntInf | Incumbent    BestBd   Gap | It/Node Time

     0     0 7860.22382    0  269 7482.00000 7860.22382  5.06%     -    0s
     0     0 7799.10113    0  352 7482.00000 7799.10113  4.24%     -    0s
     0     0 7797.25933    0  312 7482.00000 7797.25933  4.21%     -    0s
H    0     0                    7729.0000000 7796.92963  0.88%     -    0s
     0     0 7796.92963    0  314 7729.00000 7796.92963  0.88%     -    0s
     0     0 7796.92960    0  309 7729.00000 7796.92960  0.88%     -    0s
H    0     0                    7730.0000000 7787.08506  0.74%     -    0s
H    0     0                    7741.0000000 7787.08506  0.60%     -    0s
H    0     0                    7743.0000000 7787.08506  0.57%     -    0s
H    0     0                    7744.0000000 7787.08506  0.56%     -    0s
     0     0 7787.08506    0  452 7744.00000 7787.08506  0.56%     -    0s
H    0     0                    7745.0000000 7785.25438  0.52%     -    0s
     0     0 7785.25438    0  476 7745.00000 7785.25438  0.52%     -    0s
     0     0 7784.73674    0  450 7745.00000 7784.73674  0.51%     -    0s
     0     0 7784.69598    0  444 7745.00000 7784.69598  0.51%     -    0s
H    0     0                    7746.0000000 7784.69598  0.50%     -    0s
H    0     0                    7747.0000000 7781.14217  0.44%     -    0s
H    0     0                    7748.0000000 7781.14217  0.43%     -    0s
H    0     0                    7749.0000000 7781.14217  0.41%     -    0s
H    0     0                    7750.0000000 7781.14217  0.40%     -    0s
H    0     0                    7752.0000000 7781.14217  0.38%     -    0s
     0     0 7781.14217    0  595 7752.00000 7781.14217  0.38%     -    0s
H    0     0                    7754.0000000 7779.99494  0.34%     -    0s
     0     0 7779.99494    0  644 7754.00000 7779.99494  0.34%     -    0s
     0     0 7779.67587    0  629 7754.00000 7779.67587  0.33%     -    0s
H    0     0                    7755.0000000 7779.50983  0.32%     -    0s
     0     0 7779.50983    0  624 7755.00000 7779.50983  0.32%     -    0s
     0     0 7779.47016    0  626 7755.00000 7779.47016  0.32%     -    0s
H    0     0                    7757.0000000 7777.91314  0.27%     -    0s
H    0     0                    7758.0000000 7777.91314  0.26%     -    0s
H    0     0                    7759.0000000 7777.91314  0.24%     -    0s
     0     0 7777.91314    0  621 7759.00000 7777.91314  0.24%     -    0s
H    0     0                    7760.0000000 7777.36933  0.22%     -    0s
     0     0 7777.36933    0  614 7760.00000 7777.36933  0.22%     -    0s
     0     0 7777.15778    0  710 7760.00000 7777.15778  0.22%     -    0s
H    0     0                    7761.0000000 7777.09136  0.21%     -    1s
     0     0 7777.09136    0  673 7761.00000 7777.09136  0.21%     -    1s
     0     0 7776.61833    0  571 7761.00000 7776.61833  0.20%     -    1s
     0     0 7776.61833    0  565 7761.00000 7776.61833  0.20%     -    1s
     0     2 7776.61833    0  559 7761.00000 7776.61833  0.20%     -    1s
H  709  1185                    7770.0000000 7775.89386  0.08%   138    3s
H 1056  1185                    7770.9999987 7775.89386  0.06%   122    3s
H 1469  1236                    7771.0000000 7775.75858  0.06%   115    4s
H 1470  1099                    7772.0000000 7775.75858  0.05%   115    4s
  1741  1026 7773.69295   17  643 7772.00000 7775.75858  0.05%   115    5s
  1921  1064 7773.64258   11  453 7772.00000 7773.64258  0.02%   123   10s
  1959  1095 7773.40451   24  502 7772.00000 7773.56882  0.02%   134   15s

Cutting planes:
  Gomory: 32
  Cover: 238
  Implied bound: 33
  MIR: 216
  StrongCG: 18
  Flow cover: 264
  GUB cover: 2
  Zero half: 16
  Mod-K: 1
  RLT: 170
  Relax-and-lift: 12

Explored 3223 nodes (427426 simplex iterations) in 19.25 seconds (26.01 work units)
Thread count was 8 (of 8 available processors)

Solution count 10: 7772 7771 7771 ... 7757

Optimal solution found (tolerance 1.00e-04)
Best objective 7.772000000000e+03, best bound 7.772000000000e+03, gap 0.0000%

Gurobi 9.5.1 (linux64) logging started Sun Mar 20 07:11:45 2022

Set parameter LogFile to value "../results/logs/log_2022_03_20_00_00.csv_33_250.log"
Gurobi Optimizer version 9.5.1 build v9.5.1rc2 (linux64)
Thread count: 8 physical cores, 8 logical processors, using up to 8 threads
Optimize a model with 2493 rows, 27764 columns and 106472 nonzeros
Model fingerprint: 0x7eb2591f
Variable types: 0 continuous, 27764 integer (27764 binary)
Coefficient statistics:
  Matrix range     [1e+00, 3e+01]
  Objective range  [1e+00, 1e+00]
  Bounds range     [1e+00, 1e+00]
  RHS range        [1e+00, 2e+02]
Found heuristic solution: objective 7008.0000000
Presolve removed 1735 rows and 25034 columns
Presolve time: 0.04s
Presolved: 758 rows, 2730 columns, 7343 nonzeros
Found heuristic solution: objective 7637.0000000
Variable types: 0 continuous, 2730 integer (2341 binary)

Root relaxation: objective 7.832325e+03, 1242 iterations, 0.01 seconds (0.01 work units)

    Nodes    |    Current Node    |     Objective Bounds      |     Work
 Expl Unexpl |  Obj  Depth IntInf | Incumbent    BestBd   Gap | It/Node Time

     0     0 7832.32512    0  328 7637.00000 7832.32512  2.56%     -    0s
H    0     0                    7721.0000000 7832.32512  1.44%     -    0s
H    0     0                    7726.0000000 7832.32512  1.38%     -    0s
H    0     0                    7727.0000000 7832.32512  1.36%     -    0s
H    0     0                    7733.0000000 7832.32512  1.28%     -    0s
H    0     0                    7735.0000000 7832.32512  1.26%     -    0s
H    0     0                    7740.0000000 7832.32512  1.19%     -    0s
H    0     0                    7741.0000000 7832.32512  1.18%     -    0s
H    0     0                    7744.0000000 7832.32512  1.14%     -    0s
H    0     0                    7753.0000000 7832.32512  1.02%     -    0s
H    0     0                    7755.0000000 7832.32512  1.00%     -    0s
H    0     0                    7759.0000000 7829.57452  0.91%     -    0s
     0     0 7787.48705    0  420 7759.00000 7787.48705  0.37%     -    0s
H    0     0                    7762.0000000 7787.48705  0.33%     -    0s
     0     0 7786.20220    0  525 7762.00000 7786.20220  0.31%     -    0s
     0     0 7784.47327    0  497 7762.00000 7784.47327  0.29%     -    0s
     0     0 7784.19292    0  479 7762.00000 7784.19292  0.29%     -    0s
H    0     0                    7764.0000000 7784.10782  0.26%     -    0s
     0     0 7784.10782    0  484 7764.00000 7784.10782  0.26%     -    0s
     0     0 7784.05591    0  525 7764.00000 7784.05591  0.26%     -    0s
     0     0 7784.04179    0  513 7764.00000 7784.04179  0.26%     -    0s
H    0     0                    7765.0000000 7784.04179  0.25%     -    0s
H    0     0                    7766.0000000 7780.74409  0.19%     -    0s
     0     0 7780.74409    0  524 7766.00000 7780.74409  0.19%     -    0s
     0     0 7779.86266    0  500 7766.00000 7779.86266  0.18%     -    0s
     0     0 7779.41272    0  537 7766.00000 7779.41272  0.17%     -    0s
     0     0 7779.23862    0  561 7766.00000 7779.23862  0.17%     -    0s
     0     0 7779.12899    0  475 7766.00000 7779.12899  0.17%     -    0s
     0     0 7779.10592    0  536 7766.00000 7779.10592  0.17%     -    0s
     0     0 7777.79753    0  566 7766.00000 7777.79753  0.15%     -    0s
H    0     0                    7768.0000000 7777.79753  0.13%     -    0s
     0     0 7777.30614    0  531 7768.00000 7777.30614  0.12%     -    0s
     0     0 7777.00912    0  569 7768.00000 7777.00912  0.12%     -    1s
     0     0 7776.88140    0  639 7768.00000 7776.88140  0.11%     -    1s
     0     0 7776.84878    0  669 7768.00000 7776.84878  0.11%     -    1s
     0     0 7776.08085    0  512 7768.00000 7776.08085  0.10%     -    1s
     0     0 7775.82821    0  594 7768.00000 7775.82821  0.10%     -    1s
     0     0 7775.74055    0  583 7768.00000 7775.74055  0.10%     -    1s
H    0     0                    7770.0000000 7775.74055  0.07%     -    1s
     0     0 7775.37656    0  688 7770.00000 7775.37656  0.07%     -    1s
     0     0 7775.37656    0  673 7770.00000 7775.37656  0.07%     -    1s
     0     2 7775.37656    0  668 7770.00000 7775.37656  0.07%     -    1s
H   31    40                    7771.0000000 7774.93269  0.05%   509    2s
   757  1143 7773.40741   92  215 7771.00000 7774.88637  0.05%   151    5s
H 1254  1154                    7772.0000000 7774.85812  0.04%   127    6s
  1560  1061 7773.75457   56  526 7772.00000 7773.75457  0.02%   125   10s
  1594  1084 7773.51051   16  421 7772.00000 7773.61657  0.02%   134   15s

Cutting planes:
  Gomory: 35
  Cover: 263
  Implied bound: 91
  Clique: 1
  MIR: 279
  StrongCG: 32
  Flow cover: 241
  Zero half: 12
  RLT: 226
  Relax-and-lift: 12

Explored 3494 nodes (419354 simplex iterations) in 19.58 seconds (29.87 work units)
Thread count was 8 (of 8 available processors)

Solution count 10: 7772 7771 7771 ... 7764

Optimal solution found (tolerance 1.00e-04)
Best objective 7.772000000000e+03, best bound 7.772000000000e+03, gap 0.0000%

Gurobi 9.5.1 (linux64) logging started Sun Mar 20 08:15:42 2022

Set parameter LogFile to value "../results/logs/log_2022_03_20_00_00.csv_33_250.log"
Set parameter LazyConstraints to value 1
Gurobi Optimizer version 9.5.1 build v9.5.1rc2 (linux64)
Thread count: 8 physical cores, 8 logical processors, using up to 8 threads
Optimize a model with 2493 rows, 27764 columns and 106472 nonzeros
Model fingerprint: 0x03a3c1e9
Variable types: 0 continuous, 27764 integer (27764 binary)
Coefficient statistics:
  Matrix range     [1e+00, 3e+01]
  Objective range  [1e+00, 1e+00]
  Bounds range     [1e+00, 1e+00]
  RHS range        [1e+00, 2e+02]
Found heuristic solution: objective 7008.0000000
Presolve removed 0 rows and 19644 columns
Presolve time: 0.03s
Presolved: 2493 rows, 8120 columns, 31285 nonzeros
Variable types: 0 continuous, 8120 integer (8120 binary)
Found heuristic solution: objective 7128.0000000

Root relaxation: objective 8.021462e+03, 2569 iterations, 0.02 seconds (0.02 work units)

    Nodes    |    Current Node    |     Objective Bounds      |     Work
 Expl Unexpl |  Obj  Depth IntInf | Incumbent    BestBd   Gap | It/Node Time

     0     0 8021.46204    0 1116 7128.00000 8021.46204  12.5%     -    0s
H    0     0                    7527.0000000 8021.46204  6.57%     -    0s
H    0     0                    7646.0000000 8021.46204  4.91%     -    0s
H    0     0                    7648.0000000 8021.46204  4.88%     -    0s
     0     0 7895.81214    0 1537 7648.00000 7895.81214  3.24%     -    0s
     0     0 7888.71486    0 1515 7648.00000 7888.71486  3.15%     -    1s
     0     0 7888.38297    0 1532 7648.00000 7888.38297  3.14%     -    1s
     0     0 7888.37097    0 1544 7648.00000 7888.37097  3.14%     -    1s
     0     0 7824.28079    0 1413 7648.00000 7824.28079  2.30%     -    3s
     0     0 7816.38974    0 1455 7648.00000 7816.38974  2.20%     -    4s
     0     0 7815.34751    0 1477 7648.00000 7815.34751  2.19%     -    4s
     0     0 7815.16901    0 1516 7648.00000 7815.16901  2.19%     -    5s
     0     0 7795.34272    0 1693 7648.00000 7795.34272  1.93%     -    7s
     0     0 7790.50663    0 1748 7648.00000 7790.50663  1.86%     -    9s
     0     0 7789.09103    0 1831 7648.00000 7789.09103  1.84%     -   10s
     0     0 7788.76118    0 1821 7648.00000 7788.76118  1.84%     -   11s
     0     0 7776.59736    0 1811 7648.00000 7776.59736  1.68%     -   14s
     0     0 7772.86174    0 1824 7648.00000 7772.86174  1.63%     -   16s
     0     0 7771.79564    0 1982 7648.00000 7771.79564  1.62%     -   18s
     0     0 7771.56910    0 1939 7648.00000 7771.56910  1.62%     -   19s
     0     0 7762.01184    0 1900 7648.00000 7762.01184  1.49%     -   22s
     0     0 7759.11442    0 2042 7648.00000 7759.11442  1.45%     -   25s
     0     0 7758.53864    0 2147 7648.00000 7758.53864  1.45%     -   26s
     0     0 7750.23681    0 1979 7648.00000 7750.23681  1.34%     -   30s
     0     0 7747.56972    0 2068 7648.00000 7747.56972  1.30%     -   33s
     0     0 7746.69724    0 2145 7648.00000 7746.69724  1.29%     -   35s
     0     0 7746.43432    0 2204 7648.00000 7746.43432  1.29%     -   37s
     0     0 7741.26858    0 2039 7648.00000 7741.26858  1.22%     -   40s
     0     0 7739.20044    0 2169 7648.00000 7739.20044  1.19%     -   44s
     0     0 7738.53868    0 2307 7648.00000 7738.53868  1.18%     -   46s
     0     0 7734.89513    0 2235 7648.00000 7734.89513  1.14%     -   49s
     0     0 7733.61320    0 2381 7648.00000 7733.61320  1.12%     -   53s
     0     2 7733.22061    0 2462 7648.00000 7733.22061  1.11%     -   63s
     1     4 7729.50875    1 2326 7648.00000 7733.22044  1.11%  9433   69s
     3     8 7726.56294    2 2522 7648.00000 7729.50709  1.07% 10204   87s
     7    16 7722.86030    3 2630 7648.00000 7726.56246  1.03% 12141  104s
    10    16 7720.43117    3 2509 7648.00000 7726.56246  1.03% 11660  105s
    15    24 7719.17113    4 2633 7648.00000 7722.86028  0.98% 11321  119s
    23    32 7715.88308    4 2587 7648.00000 7722.55327  0.97% 11704  149s
    26    32 7713.46328    4 2457 7648.00000 7722.55327  0.97% 12691  150s
    31    40 7712.80227    5 2569 7648.00000 7720.24201  0.94% 13278  170s
    39    48 7710.64071    5 2703 7648.00000 7720.24201  0.94% 12840  192s
    47    56 7708.50049    6 2613 7648.00000 7720.24201  0.94% 13249  224s
    55    64 7706.26862    6 2708 7648.00000 7720.24201  0.94% 13122  252s
    63    72 7704.92029    7 2668 7648.00000 7720.24201  0.94% 13929  297s
    71    80 7703.27272    8 2649 7648.00000 7720.24201  0.94% 13636  365s
    79    88 7702.47782    8 2726 7648.00000 7720.24201  0.94% 13489  396s
    87    96 7701.46595    9 2696 7648.00000 7720.24201  0.94% 13248  423s
    90    96 7699.55553    6 2541 7648.00000 7720.24201  0.94% 13252  425s
    95   104 7700.66246    9 2735 7648.00000 7720.24201  0.94% 13196  469s
    97   104 7698.98851    9 2628 7648.00000 7720.24201  0.94% 13196  470s
   103   112 7699.95756   10 2674 7648.00000 7720.24201  0.94% 13223  525s
   111   120 7699.36192   10 2675 7648.00000 7720.24201  0.94% 13437  555s
   119   128 7698.62551   11 2715 7648.00000 7720.24201  0.94% 13331  608s
   124   128 7699.35458    8 2634 7648.00000 7720.24201  0.94% 13406  610s
   127   136 7698.10832   11 2636 7648.00000 7720.24201  0.94% 13284  642s
   135   144 7697.05620   12 2692 7648.00000 7720.24201  0.94% 13051  672s
   143   152 7697.24144   12 2762 7648.00000 7720.24201  0.94% 12923  714s
   145   152 7695.42654   12 2801 7648.00000 7720.24201  0.94% 12930  715s
   151   163 7696.31710   13 2739 7648.00000 7720.24201  0.94% 12752  745s
   162   171 7695.85583   13 2607 7648.00000 7720.24201  0.94% 12412  824s
   164   171 7694.30625   13 2533 7648.00000 7720.24201  0.94% 12529  825s
   170   182 7695.69006   14 2834 7648.00000 7720.24201  0.94% 12645  857s
   181   194 7695.43169   14 2799 7648.00000 7720.24201  0.94% 12376  897s
   193   202 7695.15821   15 2747 7648.00000 7720.24201  0.94% 12083 1001s
   201   214 7694.80237   15 2675 7648.00000 7720.24201  0.94% 12401 1059s
   203   214 7693.20084   16 2620 7648.00000 7720.24201  0.94% 12374 1060s
   213   229 7694.04176   16 2680 7648.00000 7720.24201  0.94% 12116 1118s
   217   229 7692.10981   10 2710 7648.00000 7720.24201  0.94% 12070 1120s
   228   248 7694.27764   16 2800 7648.00000 7720.24201  0.94% 11711 1176s
   247   262 7693.93213   18 2757 7648.00000 7720.24201  0.94% 11278 1266s
   261   278 7693.64232   19 2723 7648.00000 7720.24201  0.94% 11131 1331s
   271   278 7694.68617   14 2722 7648.00000 7720.24201  0.94% 11040 1335s
   277   306 7692.74484   20 2577 7648.00000 7720.24201  0.94% 10957 1387s
   292   306 7689.50126   14 2672 7648.00000 7720.24201  0.94% 10524 1394s
   305   327 7692.22591   24 2654 7648.00000 7720.24201  0.94% 10290 1463s
   317   327 7693.03681   15 2639 7648.00000 7720.24201  0.94% 10109 1468s
   326   345 7691.82880   25 2799 7648.00000 7720.24201  0.94% 10028 1533s
   344   363 7691.46444   26 2728 7648.00000 7720.24201  0.94%  9857 1616s
   362   390 7691.02830   27 2588 7648.00000 7720.24201  0.94%  9641 1694s
   364   390 7688.60755   26 2706 7648.00000 7720.24201  0.94%  9642 1695s
   389   407 7690.70542   28 2585 7648.00000 7720.24201  0.94%  9317 1784s
   392   407 7688.35809   27 2639 7648.00000 7720.24201  0.94%  9284 1785s
   406   424 7690.37082   30 2674 7648.00000 7720.24201  0.94%  9265 1875s
   423   456 7690.12323   31 2670 7648.00000 7720.24201  0.94%  9110 1963s
   427   456 7688.42630   35 2706 7648.00000 7720.24201  0.94%  9103 1965s
   455   499 7689.86766   32 2760 7648.00000 7720.24201  0.94%  8766 2069s
   457   499 7689.75578   34 2668 7648.00000 7720.24201  0.94%  8735 2070s
   469   499 7688.42941   36 2652 7648.00000 7720.24201  0.94%  8564 2075s
   498   537 7689.41094   38 2568 7648.00000 7720.24201  0.94%  8300 2179s
   500   537 7687.12657   38 2540 7648.00000 7720.24201  0.94%  8301 2180s
   536   571 7687.16779   39 2387 7648.00000 7720.24201  0.94%  7975 2285s
   545   571 7691.60185   23 2699 7648.00000 7720.24201  0.94%  8003 2290s
   570   579 7688.71775   40 2514 7648.00000 7720.24201  0.94%  7734 2439s
   572   579 7687.33363   44 2671 7648.00000 7720.24201  0.94%  7737 2440s
   578   605 7688.53557   40 2743 7648.00000 7720.24201  0.94%  7758 2554s
   580   605 7686.22226   40 2703 7648.00000 7720.24201  0.94%  7765 2555s
   604   629 7687.92432   41 2589 7648.00000 7720.24201  0.94%  7683 2667s
   611   629 7691.12760   24 2671 7648.00000 7720.24201  0.94%  7698 2670s
   628   664 7687.73925   42 2597 7648.00000 7720.24201  0.94%  7539 2789s
   630   664 7685.85825   42 2742 7648.00000 7720.24201  0.94%  7544 2790s
   663   696 7686.77289   43 2528 7648.00000 7720.24201  0.94%  7370 2913s
   672   696 7683.92868   28 2586 7648.00000 7720.24201  0.94%  7349 2917s
   695   748 7686.73412   44 2543 7648.00000 7720.24201  0.94%  7237 3044s
   711   748 7690.14732   26 2681 7648.00000 7720.24201  0.94%  7193 3051s
   747   782 7686.63461   45 2706 7648.00000 7720.24201  0.94%  6918 3174s
   781   790 7686.48006   46 2637 7648.00000 7720.24201  0.94%  6788 3333s
   789   833 7686.04739   47 2710 7648.00000 7720.24201  0.94%  6813 3468s
   832   879 7685.95285   48 2650 7648.00000 7720.24201  0.94%  6651 3600s
   842   879 7682.92582   36 2613 7648.00000 7720.24201  0.94%  6617 3605s

Cutting planes:
  Gomory: 247
  Cover: 387
  Clique: 28
  MIR: 1421
  StrongCG: 169
  GUB cover: 1708
  Zero half: 24
  Mod-K: 1
  RLT: 990
  Lazy constraints: 907

Explored 878 nodes (5710799 simplex iterations) in 3620.99 seconds (6080.40 work units)
Thread count was 8 (of 8 available processors)

Solution count 5: 7648 7646 7527 ... 7008

Time limit reached
Best objective 7.648000000000e+03, best bound 7.720000000000e+03, gap 0.9414%

User-callback calls 452126, time in user-callback 406.89 sec
