
Gurobi 9.0.1 (win64) logging started 11/11/21 13:33:13

Changed value of parameter LogFile to ../results/logs/log_samuel_kroger_2021_11_11_13_33_13.csv_50_5.log
   Prev:   Default: 
Changed value of parameter method to 3
   Prev: -1  Min: -1  Max: 5  Default: -1
Gurobi Optimizer version 9.0.1 build v9.0.1rc0 (win64)
Optimize a model with 2339 rows, 8078 columns and 252700 nonzeros
Model fingerprint: 0x37dd4006
Variable types: 4039 continuous, 4039 integer (4039 binary)
Coefficient statistics:
  Matrix range     [1e+00, 5e+01]
  Objective range  [1e+00, 1e+00]
  Bounds range     [1e+00, 1e+00]
  RHS range        [1e+00, 5e+00]
Found heuristic solution: objective -0.0000000
Presolve removed 536 rows and 5593 columns
Presolve time: 0.55s
Presolved: 1803 rows, 2485 columns, 197425 nonzeros
Variable types: 1584 continuous, 901 integer (901 binary)

Concurrent LP optimizer: dual simplex and barrier
Showing barrier log only...

Root barrier log...

Ordering time: 0.01s

Barrier statistics:
 AA' NZ     : 2.402e+05
 Factor NZ  : 3.483e+05 (roughly 5 MBytes of memory)
 Factor Ops : 9.972e+07 (less than 1 second per iteration)
 Threads    : 3

Barrier performed 0 iterations in 0.73 seconds
Barrier solve interrupted - model solved by another algorithm


Solved with dual simplex

Root relaxation: objective 8.412949e+02, 848 iterations, 0.14 seconds

    Nodes    |    Current Node    |     Objective Bounds      |     Work
 Expl Unexpl |  Obj  Depth IntInf | Incumbent    BestBd   Gap | It/Node Time

     0     0  841.29494    0  175   -0.00000  841.29494      -     -    0s
     0     0  756.71023    0  126   -0.00000  756.71023      -     -    1s
     0     0  746.06420    0  145   -0.00000  746.06420      -     -    1s
     0     0  744.09176    0  143   -0.00000  744.09176      -     -    1s
     0     0  742.33990    0  141   -0.00000  742.33990      -     -    1s
     0     0  739.35933    0  137   -0.00000  739.35933      -     -    1s
     0     0  711.14635    0  117   -0.00000  711.14635      -     -    1s
     0     0  708.51953    0  113   -0.00000  708.51953      -     -    1s
     0     0  707.25039    0   96   -0.00000  707.25039      -     -    1s
     0     0  705.57976    0  102   -0.00000  705.57976      -     -    1s
     0     0  704.64147    0  106   -0.00000  704.64147      -     -    1s
     0     0  701.98109    0  111   -0.00000  701.98109      -     -    1s
     0     0  700.24782    0   97   -0.00000  700.24782      -     -    1s
     0     0  696.81897    0  108   -0.00000  696.81897      -     -    1s
     0     0  693.19321    0   95   -0.00000  693.19321      -     -    2s
     0     0  689.21531    0  102   -0.00000  689.21531      -     -    2s
     0     0  687.06403    0  101   -0.00000  687.06403      -     -    2s
     0     0  684.23376    0  103   -0.00000  684.23376      -     -    2s
     0     0  681.63724    0  106   -0.00000  681.63724      -     -    2s
     0     0  678.10836    0   91   -0.00000  678.10836      -     -    2s
     0     0  675.26340    0   85   -0.00000  675.26340      -     -    2s
     0     0  672.07039    0   84   -0.00000  672.07039      -     -    2s
     0     0  668.92910    0   88   -0.00000  668.92910      -     -    2s
     0     0  655.52212    0   89   -0.00000  655.52212      -     -    2s
     0     0  643.26255    0   77   -0.00000  643.26255      -     -    2s
     0     0  643.25490    0   77   -0.00000  643.25490      -     -    2s
     0     0  632.02208    0   64   -0.00000  632.02208      -     -    2s
H    0     0                     624.0000000  632.02208  1.29%     -    2s
     0     0  631.12320    0   64  624.00000  631.12320  1.14%     -    2s
     0     0  631.04315    0   65  624.00000  631.04315  1.13%     -    2s
     0     0  629.72183    0   77  624.00000  629.72183  0.92%     -    2s
     0     0  629.41083    0   77  624.00000  629.41083  0.87%     -    2s
     0     0  629.12169    0   74  624.00000  629.12169  0.82%     -    3s
     0     0  629.11487    0   74  624.00000  629.11487  0.82%     -    3s
H    0     0                     626.0000000  629.11487  0.50%     -    3s
     0     0  628.43294    0   20  626.00000  628.43294  0.39%     -    3s
     0     0  627.91469    0   21  626.00000  627.91469  0.31%     -    3s
     0     0  627.58002    0   16  626.00000  627.58002  0.25%     -    3s
     0     0  627.38238    0   13  626.00000  627.38238  0.22%     -    3s
     0     0  627.37762    0   14  626.00000  627.37762  0.22%     -    3s
     0     0  627.26812    0   19  626.00000  627.26812  0.20%     -    3s
     0     0  627.26812    0   32  626.00000  627.26812  0.20%     -    3s
     0     0  627.26812    0    6  626.00000  627.26812  0.20%     -    3s
     0     0     cutoff    0       626.00000  626.00000  0.00%     -    3s

Cutting planes:
  Gomory: 7
  Implied bound: 1
  MIR: 7
  RLT: 2

Explored 1 nodes (3466 simplex iterations) in 3.76 seconds
Thread count was 8 (of 8 available processors)

Solution count 3: 626 624 -0 

Optimal solution found (tolerance 1.00e-04)
Best objective 6.260000000000e+02, best bound 6.260000000000e+02, gap 0.0000%
