
Gurobi 9.5.1 (linux64) logging started Mon Jun 20 08:26:31 2022

Set parameter LogFile to value "../results/logs/log_com-youtube.ungraph_20_1_2022_06_19_22_46.log"
Gurobi Optimizer version 9.5.1 build v9.5.1rc2 (linux64)
Thread count: 8 physical cores, 8 logical processors, using up to 8 threads
Optimize a model with 90367 rows, 2269780 columns and 2899353 nonzeros
Model fingerprint: 0x9abf44cc
Variable types: 0 continuous, 2269780 integer (2269780 binary)
Coefficient statistics:
  Matrix range     [1e+00, 2e+01]
  Objective range  [1e+00, 1e+00]
  Bounds range     [1e+00, 1e+00]
  RHS range        [1e+00, 1e+00]
Found heuristic solution: objective 18890.000000
Presolve removed 47924 rows and 2196382 columns (presolve time = 5s) ...
Presolve removed 48661 rows and 2200894 columns (presolve time = 43s) ...
Presolve removed 69545 rows and 2217862 columns (presolve time = 45s) ...
Presolve removed 69621 rows and 2217884 columns
Presolve time: 45.68s
Presolved: 20746 rows, 51896 columns, 291884 nonzeros
Extracted 1252 lazy constraints
Variable types: 0 continuous, 51896 integer (51896 binary)

Deterministic concurrent LP optimizer: primal and dual simplex
Showing first log only...


Root simplex log...

Iteration    Objective       Primal Inf.    Dual Inf.      Time
       0    1.8988000e+04   0.000000e+00   9.134250e+03     46s
Concurrent spin time: 0.00s

Solved with dual simplex

Root relaxation: objective 2.889734e+04, 16308 iterations, 0.30 seconds (0.17 work units)

    Nodes    |    Current Node    |     Objective Bounds      |     Work
 Expl Unexpl |  Obj  Depth IntInf | Incumbent    BestBd   Gap | It/Node Time

     0     0 28818.3568    0 2856 18890.0000 28818.3568  52.6%     -   48s
     0     0 21826.2029    0 5999 18890.0000 21826.2029  15.5%     -   83s
     0     0 21826.0353    0 5999 18890.0000 21826.0353  15.5%     -   84s
     0     0 20965.1000    0 5638 18890.0000 20965.1000  11.0%     -  107s
     0     0 20194.2167    0 5423 18890.0000 20194.2167  6.90%     -  112s
     0     0 19647.0675    0 5116 18890.0000 19647.0675  4.01%     -  116s
H    0     0                    18892.000000 19497.1758  3.20%     -  119s
     0     0 19497.1758    0 4439 18892.0000 19497.1758  3.20%     -  120s
H    0     0                    18905.000000 19482.2111  3.05%     -  121s
     0     0 19482.2111    0 2787 18905.0000 19482.2111  3.05%     -  122s
     0     0 19478.2929    0 2773 18905.0000 19478.2929  3.03%     -  124s
     0     0 19477.1036    0 2518 18905.0000 19477.1036  3.03%     -  126s
     0     0 19169.2195    0 2516 18905.0000 19169.2195  1.40%     -  138s
     0     0 19112.9791    0 1664 18905.0000 19112.9791  1.10%     -  144s
     0     0 19107.8429    0 2484 18905.0000 19107.8429  1.07%     -  147s
     0     0 19022.7938    0 1190 18905.0000 19022.7938  0.62%     -  156s
     0     0 19004.3838    0 1581 18905.0000 19004.3838  0.53%     -  161s
     0     0 18999.3579    0 1792 18905.0000 18999.3579  0.50%     -  164s
     0     0 18982.0890    0 1396 18905.0000 18982.0890  0.41%     -  169s
     0     0 18982.0736    0 1242 18905.0000 18982.0736  0.41%     -  170s
     0     0 18982.0735    0 1240 18905.0000 18982.0735  0.41%     -  170s
     0     0 18982.0735    0 1240 18905.0000 18982.0735  0.41%     -  171s
H    0     0                    18907.000000 18982.0735  0.40%     -  173s
     0     1 18982.0656    0 1181 18907.0000 18982.0656  0.40%     -  176s
    13     4 18979.0649    8 1196 18907.0000 18979.0649  0.38%  38.7  180s
    34     5 18976.7722   13 1211 18907.0000 18976.7722  0.37%   148  186s
    53     3 18970.1996   18 1283 18907.0000 18975.4108  0.36%   185  191s
    58     2 18966.1642   19 2088 18907.0000 18966.1642  0.31%   236  196s
    69     4 18943.5656   23   52 18907.0000 18965.1031  0.31%   230  200s
    85     2 18962.7452   29 1853 18907.0000 18962.7452  0.29%   226  205s
    93     1     cutoff   34      18907.0000 18960.8163  0.28%   236  210s
   105     3     cutoff   40      18907.0000 18959.2789  0.28%   237  215s
   116     4 18955.7418   47 1934 18907.0000 18958.3856  0.27%   252  221s
   121     4 18955.5315   48 1668 18907.0000 18956.8511  0.26%   261  226s
   125     7 18955.4554   49 1742 18907.0000 18955.6848  0.26%   281  235s
   137    14     cutoff   51      18907.0000 18954.8776  0.25%   348  242s
   145    13     cutoff   52      18907.0000 18954.4077  0.25%   359  246s
   166    15 18945.2220   55  710 18907.0000 18954.1044  0.25%   365  250s
   188    21 18944.1392   58  622 18907.0000 18954.1044  0.25%   361  256s
   221    33 18941.0948   62  571 18907.0000 18954.1044  0.25%   349  262s
   235    35 18937.5414   65  433 18907.0000 18954.1044  0.25%   351  269s
   246    33 18935.1769   66  418 18907.0000 18954.1044  0.25%   358  272s
   264    43     cutoff   67      18907.0000 18953.5584  0.25%   355  275s
   305    44     cutoff   65      18907.0000 18953.5197  0.25%   347  286s
   352    61 18939.3291   67  618 18907.0000 18953.5197  0.25%   351  292s
   377    73 18935.6134   70  618 18907.0000 18953.5197  0.25%   349  300s
   418   124 18933.4780   76  488 18907.0000 18953.5197  0.25%   357  309s
   450   135 18931.3826   80  436 18907.0000 18953.5197  0.25%   350  319s
   471   150     cutoff   78      18907.0000 18953.5197  0.25%   353  323s
   492   162     cutoff   82      18907.0000 18953.5197  0.25%   353  328s
   522   169     cutoff   88      18907.0000 18951.3666  0.23%   355  337s
   543   165 18948.9996   57  926 18907.0000 18951.3666  0.23%   371  347s
   569   173 18947.9542   58  916 18907.0000 18951.3666  0.23%   382  354s
   581   189 18947.1484   59  983 18907.0000 18951.3666  0.23%   394  363s
   609   190 infeasible   61      18907.0000 18951.3666  0.23%   403  369s
   640   189 18944.1684   62 1572 18907.0000 18951.3666  0.23%   400  374s
   678   197     cutoff   64      18907.0000 18951.3666  0.23%   396  383s
   714   198     cutoff  103      18907.0000 18950.2730  0.23%   393  395s
   744   213 18948.1770   60 1443 18907.0000 18950.2643  0.23%   407  406s
   789   223 18942.3687   62  489 18907.0000 18950.2643  0.23%   410  450s
   813   223 18940.5123   64  471 18907.0000 18950.2643  0.23%   442  461s
   828   259 18939.0586   65  456 18907.0000 18950.2643  0.23%   443  473s
   886   299 18932.0664   71  420 18907.0000 18950.2643  0.23%   438  481s
   964   372 18920.8871   81  359 18907.0000 18950.2643  0.23%   425  490s
  1059   416 18913.5377   97  208 18907.0000 18948.1698  0.22%   409  501s
  1155   433 18931.5728  106  134 18907.0000 18947.9468  0.22%   397  510s
  1235   433 18942.5221   62  773 18907.0000 18944.8725  0.20%   391  525s
  1278   420 18937.9428   65  597 18907.0000 18944.8725  0.20%   400  548s
  1322   403 18932.6276   71  581 18907.0000 18944.8725  0.20%   415  561s
  1357   426 18931.4021   73  454 18907.0000 18942.1612  0.19%   421  574s
  1430   448     cutoff   66      18907.0000 18940.9298  0.18%   422  584s
  1518   433     cutoff   71      18907.0000 18939.6834  0.17%   417  597s
  1583   402     cutoff   75      18907.0000 18938.4183  0.17%   422  608s
  1649   411 18910.5323  194  130 18907.0000 18937.3417  0.16%   424  619s
  1710   389 18931.7215   86 1364 18907.0000 18936.9811  0.16%   429  631s
  1750   422 18930.1363   87 1282 18907.0000 18936.9811  0.16%   427  642s
  1899   481 18927.9599   97 1081 18907.0000 18936.9811  0.16%   415  653s
  2060   565 18924.8650  115 1064 18907.0000 18936.9811  0.16%   401  665s
  2264   628 18922.2337  138  880 18907.0000 18936.9811  0.16%   385  678s
  2489   635 18919.6545  179  849 18907.0000 18935.6414  0.15%   370  690s
  2722   515     cutoff  170      18907.0000 18931.3624  0.13%   356  702s
  2960   331 18918.0892  104  599 18907.0000 18923.6249  0.09%   345  717s
  3383    47     cutoff  190      18907.0000 18922.7016  0.08%   322  727s
  3711    31     cutoff  140      18907.0000 18919.9418  0.07%   304  734s
  3819     0     cutoff  148      18907.0000 18916.8833  0.05%   300  735s

Cutting planes:
  Cover: 890
  Clique: 92
  MIR: 1800
  StrongCG: 136
  GUB cover: 1897
  Zero half: 13
  Mod-K: 1
  RLT: 2752
  Lazy constraints: 741

Explored 3852 nodes (1210297 simplex iterations) in 735.34 seconds (1207.64 work units)
Thread count was 8 (of 8 available processors)

Solution count 4: 18907 18905 18892 18890 

Optimal solution found (tolerance 0.00e+00)
Best objective 1.890700000000e+04, best bound 1.890700000000e+04, gap 0.0000%

Gurobi 9.5.1 (linux64) logging started Mon Jun 20 19:46:36 2022

Set parameter LogFile to value "../results/logs/log_com-youtube.ungraph_20_1_2022_06_19_22_46.log"
Gurobi Optimizer version 9.5.1 build v9.5.1rc2 (linux64)
Thread count: 8 physical cores, 8 logical processors, using up to 8 threads
Optimize a model with 6841 rows, 2269780 columns and 1277676 nonzeros
Model fingerprint: 0x77c3330a
Variable types: 0 continuous, 2269780 integer (2269780 binary)
Coefficient statistics:
  Matrix range     [1e+00, 2e+01]
  Objective range  [1e+00, 1e+00]
  Bounds range     [1e+00, 1e+00]
  RHS range        [1e+00, 1e+00]
Found heuristic solution: objective 18890.000000
Presolve removed 6141 rows and 2268279 columns
Presolve time: 4.10s
Presolved: 700 rows, 1501 columns, 4398 nonzeros
Extracted 6 lazy constraints
Found heuristic solution: objective 18892.000000
Variable types: 0 continuous, 1501 integer (1501 binary)

Root relaxation: objective 1.906081e+04, 588 iterations, 0.00 seconds (0.00 work units)

    Nodes    |    Current Node    |     Objective Bounds      |     Work
 Expl Unexpl |  Obj  Depth IntInf | Incumbent    BestBd   Gap | It/Node Time

     0     0 19060.8132    0  175 18892.0000 19060.8132  0.89%     -    4s
H    0     0                    18893.000000 19060.8132  0.89%     -    4s
H    0     0                    18894.000000 18924.1911  0.16%     -    4s
H    0     0                    18898.000000 18924.1911  0.14%     -    4s
     0     0 18924.1911    0   50 18898.0000 18924.1911  0.14%     -    4s
H    0     0                    18907.000000 18924.1911  0.09%     -    4s
     0     0 18923.7246    0   53 18907.0000 18923.7246  0.09%     -    4s
     0     0 18907.0000    0   15 18907.0000 18907.0000  0.00%     -    4s

Cutting planes:
  Gomory: 60
  Lift-and-project: 1
  Cover: 68
  Clique: 39
  MIR: 59
  StrongCG: 4
  GUB cover: 35
  Zero half: 16
  RLT: 5
  Lazy constraints: 3

Explored 1 nodes (888 simplex iterations) in 4.61 seconds (3.70 work units)
Thread count was 8 (of 8 available processors)

Solution count 6: 18907 18898 18894 ... 18890

Optimal solution found (tolerance 0.00e+00)
Best objective 1.890700000000e+04, best bound 1.890700000000e+04, gap 0.0000%
