
Gurobi 9.5.1 (linux64) logging started Wed Jun  8 14:07:14 2022

Set parameter LogFile to value "../results/logs/log_web-Google_4_250_2022_06_08_10_07.log"
Gurobi Optimizer version 9.5.1 build v9.5.1rc2 (linux64)
Thread count: 8 physical cores, 8 logical processors, using up to 8 threads
Optimize a model with 93783 rows, 1751426 columns and 1188633 nonzeros
Model fingerprint: 0x11d26416
Variable types: 0 continuous, 1751426 integer (1751426 binary)
Coefficient statistics:
  Matrix range     [1e+00, 4e+00]
  Objective range  [1e+00, 1e+00]
  Bounds range     [1e+00, 1e+00]
  RHS range        [1e+00, 2e+02]

User MIP start produced solution with objective 494047 (0.86s)
Loaded user MIP start with objective 494047

Presolve removed 37166 rows and 1665280 columns
Presolve time: 2.80s
Presolved: 56617 rows, 86146 columns, 288778 nonzeros
Variable types: 0 continuous, 86146 integer (70726 binary)

Deterministic concurrent LP optimizer: primal and dual simplex
Showing first log only...

Extra simplex iterations after uncrush: 3

Use crossover to convert LP symmetric solution to basic solution...
Extra simplex iterations after uncrush: 55
Concurrent spin time: 0.03s

Solved with primal simplex

Root relaxation: objective 5.027922e+05, 27694 iterations, 1.09 seconds (1.19 work units)

    Nodes    |    Current Node    |     Objective Bounds      |     Work
 Expl Unexpl |  Obj  Depth IntInf | Incumbent    BestBd   Gap | It/Node Time

     0     0 502792.192    0 13430 494047.000 502792.192  1.77%     -    8s
H    0     0                    494117.00000 502792.192  1.76%     -   10s
     0     0 498813.157    0 10317 494117.000 498813.157  0.95%     -   14s
H    0     0                    494202.00000 498813.157  0.93%     -   15s
     0     0 496432.051    0 6708 494202.000 496432.051  0.45%     -   20s
     0     0 495648.681    0 4673 494202.000 495648.681  0.29%     -   24s
     0     0 495540.677    0 4452 494202.000 495540.677  0.27%     -   26s
     0     0 495520.779    0 4427 494202.000 495520.779  0.27%     -   26s
     0     0 495519.756    0 4436 494202.000 495519.756  0.27%     -   27s
     0     0 495519.662    0 4421 494202.000 495519.662  0.27%     -   27s
     0     0 495043.019    0 2865 494202.000 495043.019  0.17%     -   29s
     0     0 494955.790    0 2428 494202.000 494955.790  0.15%     -   30s
     0     0 494942.998    0 2391 494202.000 494942.998  0.15%     -   30s
     0     0 494941.490    0 2389 494202.000 494941.490  0.15%     -   30s
     0     0 494822.301    0 2047 494202.000 494822.301  0.13%     -   31s
H    0     0                    494456.00000 494822.301  0.07%     -   32s
H    0     0                    494500.00000 494822.301  0.07%     -   33s
     0     0 494799.937    0 1924 494500.000 494799.937  0.06%     -   33s
     0     0 494797.124    0 1934 494500.000 494797.124  0.06%     -   34s
     0     0 494701.837    0 1289 494500.000 494701.837  0.04%     -   37s
H    0     0                    494536.00000 494701.837  0.03%     -   37s
     0     0 494680.643    0 1206 494536.000 494680.643  0.03%     -   38s
     0     0 494677.572    0 1197 494536.000 494677.572  0.03%     -   38s
     0     0 494659.188    0 1059 494536.000 494659.188  0.02%     -   39s
H    0     0                    494556.00000 494659.188  0.02%     -   40s
H    0     0                    494558.00000 494659.188  0.02%     -   40s
     0     0 494656.852    0 1066 494558.000 494656.852  0.02%     -   41s
     0     0 494647.660    0  925 494558.000 494647.660  0.02%     -   41s
H    0     0                    494567.00000 494647.660  0.02%     -   42s
     0     0 494646.566    0  878 494567.000 494646.566  0.02%     -   42s
     0     0 494642.773    0  835 494567.000 494642.773  0.02%     -   43s
     0     0 494642.773    0  781 494567.000 494642.773  0.02%     -   65s
H    0     0                    494568.00000 494641.254  0.01%     -   71s
     0     2 494641.254    0  781 494568.000 494641.254  0.01%     -   72s
     3     8 494640.782    2  820 494568.000 494640.782  0.01%   253   76s
    31    40 494637.268    6  822 494568.000 494637.460  0.01%  72.9   85s
H   38    40                    494569.00000 494637.460  0.01%  71.1   85s
    56   112 494635.520    9  816 494569.000 494637.460  0.01%  62.6   90s
   111   186 494633.137   13  790 494569.000 494637.460  0.01%  39.0   97s
   185   320 494628.536   21  749 494569.000 494637.460  0.01%  37.7  111s
   319   831 494622.520   34  758 494569.000 494637.460  0.01%  35.4  141s
   870  1457 494597.625   93  483 494569.000 494637.306  0.01%  27.1  167s
H 1255  1457                    494570.00000 494635.999  0.01%  30.8  168s
  1589  2183 494603.897   18  724 494570.000 494634.246  0.01%  29.2  190s
* 1974  2178             176    494571.00000 494633.231  0.01%  27.9  191s
H 2197  2165                    494572.00000 494632.845  0.01%  27.9  191s
  2453  2145 494598.123   66  781 494572.000 494632.618  0.01%  27.6  206s
  2455  2146 494602.693   56 13019 494572.000 494632.618  0.01%  27.5  214s
  2456  2147 494583.674   61 9688 494572.000 494632.618  0.01%  27.5  221s
  2457  2148 494574.277  124 6011 494572.000 494632.618  0.01%  27.5  227s
  2458  2148 494590.396   85 3599 494572.000 494632.618  0.01%  27.5  231s
  2462  2151 494595.937   20  961 494572.000 494632.618  0.01%  27.5  235s
  2469  2156 494584.600  117  520 494572.000 494609.349  0.01%  27.4  240s
H 2476  2051                    494574.00000 494588.328  0.00%  27.3  246s
  2483  2056 494585.278   44  173 494574.000 494585.278  0.00%  27.2  250s
H 2488  1956                    494575.00000 494580.778  0.00%  27.2  253s
H 2488  1857                    494576.00000 494580.778  0.00%  27.2  253s
  2491  1859 494580.676   17   80 494576.000 494580.676  0.00%  27.1  255s
  2496  1864 494580.536   14 8135 494576.000 494580.536  0.00%  54.8  262s
  2497  1865 494576.000  169 6067 494576.000 494580.536  0.00%  54.8  265s
  2510  1874 494580.536   67  261 494576.000 494580.536  0.00%  54.5  270s
  2527  1885 494580.500  105  106 494576.000 494580.500  0.00%  54.2  275s
  2532  1889 494580.062  100 5861 494576.000 494580.062  0.00%  70.6  280s
H 2548  1804                    494578.00000 494580.062  0.00%  70.2  284s
  2553  1809 494580.062   66  781 494578.000 494580.062  0.00%  81.5  285s
H 2564  1725                    494579.00000 494580.062  0.00%  81.2  286s

Cutting planes:
  Gomory: 175
  Lift-and-project: 18
  Cover: 78
  Implied bound: 12
  Clique: 34
  MIR: 421
  StrongCG: 17
  Flow cover: 348
  GUB cover: 725
  Zero half: 145
  RLT: 92
  Relax-and-lift: 13
  BQP: 3
  PSD: 1

Explored 2567 nodes (268828 simplex iterations) in 286.83 seconds (252.16 work units)
Thread count was 8 (of 8 available processors)

Solution count 10: 494579 494578 494578 ... 494574

Optimal solution found (tolerance 0.00e+00)
Best objective 4.945790000000e+05, best bound 4.945790000000e+05, gap 0.0000%
