
Gurobi 9.5.1 (linux64) logging started Fri Apr  1 11:29:43 2022

Set parameter LogFile to value "../results/logs/log_2022_04_01_10_28.csv_12_250.log"
Gurobi Optimizer version 9.5.1 build v9.5.1rc2 (linux64)
Thread count: 8 physical cores, 8 logical processors, using up to 8 threads
Optimize a model with 853633 rows, 853632 columns and 35881460 nonzeros
Model fingerprint: 0xc0384b7e
Variable types: 0 continuous, 853632 integer (853632 binary)
Coefficient statistics:
  Matrix range     [1e+00, 1e+01]
  Objective range  [1e+00, 1e+00]
  Bounds range     [1e+00, 1e+00]
  RHS range        [1e+00, 2e+02]
Found heuristic solution: objective -0.0000000
Presolve removed 0 rows and 0 columns (presolve time = 6s) ...
Presolve removed 225934 rows and 117457 columns (presolve time = 11s) ...
Presolve removed 227792 rows and 117872 columns (presolve time = 15s) ...
Presolve removed 227858 rows and 117878 columns (presolve time = 22s) ...
Presolve removed 227858 rows and 163298 columns (presolve time = 27s) ...
Presolve removed 227858 rows and 163298 columns (presolve time = 32s) ...
Presolve removed 227858 rows and 163298 columns (presolve time = 35s) ...
Presolve removed 227858 rows and 163298 columns (presolve time = 40s) ...
Presolve removed 227858 rows and 163298 columns (presolve time = 45s) ...
Presolve removed 227858 rows and 163298 columns (presolve time = 50s) ...
Presolve removed 227858 rows and 163298 columns (presolve time = 55s) ...
