
Gurobi 9.5.1 (linux64) logging started Thu Jun 30 12:03:34 2022

Set parameter LogFile to value "../results/logs/log_flickrEdges_20_20_2022_06_30_10_26.log"
Gurobi Optimizer version 9.5.1 build v9.5.1rc2 (linux64)
Thread count: 8 physical cores, 8 logical processors, using up to 8 threads
Optimize a model with 11077 rows, 211876 columns and 719250 nonzeros
Model fingerprint: 0x2a3873c6
Variable types: 0 continuous, 211876 integer (211876 binary)
Coefficient statistics:
  Matrix range     [1e+00, 2e+01]
  Objective range  [1e+00, 1e+00]
  Bounds range     [1e+00, 1e+00]
  RHS range        [1e+00, 2e+01]
Found heuristic solution: objective 15808.000000
Presolve removed 176 rows and 143865 columns
Presolve time: 1.02s
Presolved: 10901 rows, 68011 columns, 358331 nonzeros
Found heuristic solution: objective 15819.000000
Variable types: 0 continuous, 68011 integer (63922 binary)

Deterministic concurrent LP optimizer: primal and dual simplex
Showing first log only...


Root simplex log...

Iteration    Objective       Primal Inf.    Dual Inf.      Time
    5434    1.6193403e+04   0.000000e+00   6.648988e+07      6s
    5626    1.6214162e+04   0.000000e+00   0.000000e+00      7s
    5626    1.6214162e+04   0.000000e+00   0.000000e+00      8s
Concurrent spin time: 0.00s

Solved with primal simplex

Root relaxation: objective 1.621416e+04, 5626 iterations, 6.42 seconds (9.71 work units)

    Nodes    |    Current Node    |     Objective Bounds      |     Work
 Expl Unexpl |  Obj  Depth IntInf | Incumbent    BestBd   Gap | It/Node Time

     0     0 16214.1618    0 5467 15819.0000 16214.1618  2.50%     -    9s
H    0     0                    15833.000000 16214.1618  2.41%     -   19s
     0     0 16069.6611    0 5349 15833.0000 16069.6611  1.49%     -   26s
     0     0 16012.5557    0 5157 15833.0000 16012.5557  1.13%     -   35s
     0     0 15967.3773    0 4870 15833.0000 15967.3773  0.85%     -   46s
     0     0 15947.4936    0 4763 15833.0000 15947.4936  0.72%     -   55s
     0     0 15944.1579    0 4779 15833.0000 15944.1579  0.70%     -   57s
     0     0 15908.9919    0 4606 15833.0000 15908.9919  0.48%     -   74s
     0     0 15897.7697    0 4632 15833.0000 15897.7697  0.41%     -   87s
     0     0 15885.6368    0 4749 15833.0000 15885.6368  0.33%     -  104s
     0     0 15884.0054    0 4709 15833.0000 15884.0054  0.32%     -  110s
     0     0 15878.7111    0 4799 15833.0000 15878.7111  0.29%     -  126s
     0     0 15877.4067    0 4827 15833.0000 15877.4067  0.28%     -  136s
     0     0 15873.6840    0 4850 15833.0000 15873.6840  0.26%     -  155s
     0     0 15872.7887    0 4825 15833.0000 15872.7887  0.25%     -  163s
     0     0 15870.6314    0 4774 15833.0000 15870.6314  0.24%     -  178s
     0     0 15870.0509    0 4733 15833.0000 15870.0509  0.23%     -  184s
     0     0 15868.5799    0 4442 15833.0000 15868.5799  0.22%     -  198s
     0     0 15868.1877    0 4390 15833.0000 15868.1877  0.22%     -  204s
     0     0 15867.4145    0 4128 15833.0000 15867.4145  0.22%     -  213s
     0     0 15867.1070    0 4047 15833.0000 15867.1070  0.22%     -  218s
     0     0 15867.0268    0 3993 15833.0000 15867.0268  0.21%     -  221s
     0     0 15867.0064    0 3965 15833.0000 15867.0064  0.21%     -  222s
     0     0 15856.3802    0 4766 15833.0000 15856.3802  0.15%     -  269s
     0     0 15853.8134    0 4925 15833.0000 15853.8134  0.13%     -  299s
     0     0 15852.0193    0 4919 15833.0000 15852.0193  0.12%     -  320s
     0     0 15850.1556    0 5024 15833.0000 15850.1556  0.11%     -  349s
     0     0 15849.1968    0 5031 15833.0000 15849.1968  0.10%     -  376s
     0     0 15848.1702    0 5272 15833.0000 15848.1702  0.10%     -  406s
     0     0 15847.4912    0 5422 15833.0000 15847.4912  0.09%     -  438s
     0     0 15846.9005    0 5594 15833.0000 15846.9005  0.09%     -  476s
     0     0 15846.4627    0 5668 15833.0000 15846.4627  0.09%     -  508s
     0     0 15845.5979    0 5834 15833.0000 15845.5979  0.08%     -  540s
     0     0 15845.2984    0 5804 15833.0000 15845.2984  0.08%     -  570s
     0     0 15843.3582    0 6038 15833.0000 15843.3582  0.07%     -  696s
     0     0 15842.3807    0 6143 15833.0000 15842.3807  0.06%     -  780s
     0     0 15841.7908    0 6156 15833.0000 15841.7908  0.06%     -  846s
     0     0 15840.5089    0 6310 15833.0000 15840.5089  0.05%     -  921s
     0     0 15840.1462    0 6267 15833.0000 15840.1462  0.05%     -  973s
     0     0 15839.4350    0 6341 15833.0000 15839.4350  0.04%     - 1156s
     0     0 15839.4333    0 6288 15833.0000 15839.4333  0.04%     - 1171s
     0     0 15839.4333    0 6288 15833.0000 15839.4333  0.04%     - 1172s
     0     2 15839.4333    0 6288 15833.0000 15839.4333  0.04%     - 1292s
     6     7 15839.1136    3 6239 15833.0000 15839.1849  0.04%   530 1385s
    11     5 15838.5905    4 6268 15833.0000 15838.5905  0.04%  3434 1577s
    18    10 15838.5903    5 6255 15833.0000 15838.5903  0.04%  8343 1675s
    23    14 15838.5872    6 6252 15833.0000 15838.5902  0.04%  7337 1739s
    31    12 15838.1739    7 6361 15833.0000 15838.5750  0.04%  6662 2038s
    39    16     cutoff    7      15833.0000 15838.1739  0.03%  9676 2185s
    47    13 15835.0557    9 6125 15833.0000 15838.1738  0.03%  9777 3298s
    55    17 15834.8403   10 5734 15833.0000 15838.1738  0.03% 20179 3570s
    68    16     cutoff   12      15833.0000 15838.1738  0.03% 17368 3600s

Cutting planes:
  Gomory: 10
  Cover: 1721
  Implied bound: 86
  MIR: 1584
  StrongCG: 57
  GUB cover: 756
  Zero half: 2
  RLT: 3673
  Relax-and-lift: 1

Explored 69 nodes (1299449 simplex iterations) in 3600.04 seconds (6327.76 work units)
Thread count was 8 (of 8 available processors)

Solution count 3: 15833 15819 15808 

Time limit reached
Best objective 1.583300000000e+04, best bound 1.583800000000e+04, gap 0.0316%
