
Gurobi 9.1.2 (win64) logging started Mon Sep 27 04:25:26 2021

Changed value of parameter LogFile to ../results/logs/log_samuel_kroger_2021_09_27_01_23_35.csv_33_250.log
   Prev:   Default: 
Changed value of parameter method to 3
   Prev: -1  Min: -1  Max: 5  Default: -1
Changed value of parameter lazyConstraints to 1
   Prev: 0  Min: 0  Max: 1  Default: 0
Gurobi Optimizer version 9.1.2 build v9.1.2rc0 (win64)
Thread count: 6 physical cores, 12 logical processors, using up to 12 threads
Optimize a model with 9501 rows, 27764 columns and 128742 nonzeros
Model fingerprint: 0x6fdb6744
Variable types: 13882 continuous, 13882 integer (13882 binary)
Coefficient statistics:
  Matrix range     [1e+00, 3e+01]
  Objective range  [1e+00, 1e+00]
  Bounds range     [1e+00, 1e+00]
  RHS range        [1e+00, 3e+02]
Found heuristic solution: objective 7008.0000000
Presolve removed 7008 rows and 19644 columns
Presolve time: 0.10s
Presolved: 2493 rows, 8120 columns, 32531 nonzeros
Variable types: 6874 continuous, 1246 integer (1246 binary)

Concurrent LP optimizer: primal simplex, dual simplex, and barrier
Showing barrier log only...

Root barrier log...

Ordering time: 0.09s

Barrier statistics:
 AA' NZ     : 3.289e+04
 Factor NZ  : 2.997e+05 (roughly 7 MBytes of memory)
 Factor Ops : 9.516e+07 (less than 1 second per iteration)
 Threads    : 4

                  Objective                Residual
Iter       Primal          Dual         Primal    Dual     Compl     Time
   0   1.23057058e+04  7.40251093e+03  2.35e+04 7.62e-01  2.29e+00     2s
   1   1.00132686e+04  8.43737477e+03  5.28e+03 2.08e-01  5.12e-01     2s
   2   8.32848821e+03  8.42802102e+03  5.24e+02 8.88e-16  5.94e-02     2s
   3   8.22676825e+03  8.18807331e+03  1.97e+02 8.88e-16  2.04e-02     2s
   4   8.17422608e+03  8.11908214e+03  1.09e+02 8.88e-16  1.15e-02     2s
   5   8.13374892e+03  8.05797739e+03  7.45e+01 8.88e-16  7.81e-03     2s
   6   8.09876037e+03  8.03096006e+03  5.01e+01 8.88e-16  5.24e-03     2s
   7   8.08729622e+03  8.01484481e+03  4.44e+01 8.88e-16  4.61e-03     2s
   8   8.06794500e+03  8.01002550e+03  3.57e+01 8.88e-16  3.80e-03     2s
   9   8.03977562e+03  8.00334739e+03  2.38e+01 9.16e-16  2.81e-03     2s
  10   8.02697575e+03  7.98745914e+03  1.96e+01 1.78e-15  2.16e-03     2s
  11   8.01371967e+03  7.98287898e+03  1.51e+01 1.78e-15  1.74e-03     2s
  12   8.00798561e+03  7.97855133e+03  1.35e+01 1.78e-15  1.54e-03     2s
  13   8.00170622e+03  7.97177395e+03  1.17e+01 1.78e-15  1.23e-03     2s
  14   7.98965456e+03  7.96804197e+03  8.21e+00 1.78e-15  8.68e-04     2s
  15   7.98134139e+03  7.96599885e+03  5.86e+00 1.78e-15  6.39e-04     2s
  16   7.97823724e+03  7.96495667e+03  5.03e+00 1.11e-15  5.42e-04     2s
  17   7.97410251e+03  7.96328738e+03  3.97e+00 1.78e-15  4.21e-04     2s
  18   7.97084546e+03  7.96077352e+03  3.10e+00 2.66e-15  2.57e-04     2s
  19   7.96779499e+03  7.95983130e+03  2.33e+00 1.78e-15  1.75e-04     2s
  20   7.96608362e+03  7.95958011e+03  1.89e+00 9.11e-16  1.41e-04     2s
  21   7.96381998e+03  7.95918129e+03  1.31e+00 1.13e-15  9.28e-05     2s
  22   7.96284299e+03  7.95897873e+03  1.06e+00 8.88e-16  7.16e-05     2s
  23   7.96203555e+03  7.95894136e+03  8.57e-01 1.33e-15  5.81e-05     2s
  24   7.96194634e+03  7.95886333e+03  8.35e-01 8.88e-16  5.42e-05     2s
  25   7.96131647e+03  7.95882488e+03  6.75e-01 8.88e-16  4.37e-05     2s
  26   7.96110275e+03  7.95875706e+03  6.21e-01 8.88e-16  3.93e-05     2s
  27   7.96077650e+03  7.95876219e+03  5.40e-01 1.11e-15  3.49e-05     2s
  28   7.96072495e+03  7.95868196e+03  5.27e-01 9.58e-16  3.13e-05     2s
  29   7.95988899e+03  7.95866959e+03  3.22e-01 1.78e-15  2.06e-05     2s
  30   7.95906149e+03  7.95858513e+03  1.24e-01 1.78e-15  7.77e-06     2s

Barrier performed 30 iterations in 1.97 seconds
Barrier solve interrupted - model solved by another algorithm


Solved with primal simplex

Root relaxation: objective 7.958549e+03, 4122 iterations, 0.44 seconds

    Nodes    |    Current Node    |     Objective Bounds      |     Work
 Expl Unexpl |  Obj  Depth IntInf | Incumbent    BestBd   Gap | It/Node Time

     0     0 7958.54861    0  633 7008.00000 7958.54861  13.6%     -    2s
     0     0 7786.82990    0  642 7008.00000 7786.82990  11.1%     -    3s
     0     0 7772.75444    0  674 7008.00000 7772.75444  10.9%     -    5s
     0     0 7771.52016    0  673 7008.00000 7771.52016  10.9%     -    5s
     0     0 7771.37452    0  672 7008.00000 7771.37452  10.9%     -    5s
     0     0 7771.32386    0  677 7008.00000 7771.32386  10.9%     -    5s
     0     0 7742.56895    0  677 7008.00000 7742.56895  10.5%     -    6s
     0     0 7737.19834    0  681 7008.00000 7737.19834  10.4%     -    7s
     0     0 7735.85323    0  697 7008.00000 7735.85323  10.4%     -    7s
     0     0 7735.27836    0  697 7008.00000 7735.27836  10.4%     -    8s
     0     0 7735.11310    0  712 7008.00000 7735.11310  10.4%     -    8s
     0     0 7725.06320    0  720 7008.00000 7725.06320  10.2%     -   10s
     0     0 7721.78470    0  727 7008.00000 7721.78470  10.2%     -   12s
     0     0 7720.93439    0  743 7008.00000 7720.93439  10.2%     -   12s
     0     0 7720.51689    0  759 7008.00000 7720.51689  10.2%     -   13s
     0     0 7720.28514    0  773 7008.00000 7720.28514  10.2%     -   13s
     0     0 7714.68364    0  703 7008.00000 7714.68364  10.1%     -   15s
     0     0 7712.75894    0  734 7008.00000 7712.75894  10.1%     -   16s
     0     0 7712.26849    0  730 7008.00000 7712.26849  10.0%     -   17s
     0     0 7711.97773    0  731 7008.00000 7711.97773  10.0%     -   17s
     0     0 7709.48725    0  738 7008.00000 7709.48725  10.0%     -   18s
     0     0 7708.59799    0  757 7008.00000 7708.59799  10.0%     -   19s
     0     0 7708.21934    0  755 7008.00000 7708.21934  10.0%     -   20s
     0     0 7708.06760    0  768 7008.00000 7708.06760  10.0%     -   20s
     0     0 7706.49641    0  725 7008.00000 7706.49641  10.0%     -   21s
     0     0 7706.49641    0  725 7008.00000 7706.49641  10.0%     -   22s
     0     0 7706.49641    0  725 7008.00000 7706.49641  10.0%     -   25s
     0     0 7706.49641    0  725 7008.00000 7706.49641  10.0%     -   31s
     0     2 7706.49641    0  725 7008.00000 7706.49641  10.0%     -   31s
     7    14 7704.57648    3  756 7008.00000 7705.45676  10.0%  1686   36s
    13    20 7703.93286    4  756 7008.00000 7705.45579  10.0%  2151   40s
    19    26 7702.92889    4  758 7008.00000 7704.69578  9.94%  3211   48s
    25    32 7703.29194    5  748 7008.00000 7704.45981  9.94%  2819   50s
    31    38 7703.30710    5  761 7008.00000 7704.27522  9.94%  2583   56s
    37    44 7702.80610    6  751 7008.00000 7704.27522  9.94%  2398   65s
    49    58 7702.62287    7  755 7008.00000 7704.27522  9.94%  2369   70s
    65    72 7701.05770    9  723 7008.00000 7704.27522  9.94%  2128   76s
    68    72 7702.47344    6  757 7008.00000 7704.27522  9.94%  2089   81s
    71    80 7702.10466    9  755 7008.00000 7704.27522  9.94%  2065   86s
    87    96 7701.72198   11  741 7008.00000 7704.27522  9.94%  2045   91s
   102   109 7701.29552   12  741 7008.00000 7704.27522  9.94%  1929   97s
   108   121 7700.38583   13  741 7008.00000 7704.27522  9.94%  1914  100s
   133   145 7700.44901   15  750 7008.00000 7704.27522  9.94%  1740  108s
   141   145 7700.82842   11  723 7008.00000 7704.27522  9.94%  1718  114s
   144   157 7700.12039   16  734 7008.00000 7704.27522  9.94%  1731  118s
   156   173 7699.83128   17  720 7008.00000 7704.27522  9.94%  1687  121s
   172   180 7699.10602   19  734 7008.00000 7704.27522  9.94%  1620  130s
   179   191 7698.94236   19  707 7008.00000 7704.27522  9.94%  1595  139s
   190   202 7698.67371   20  727 7008.00000 7704.27522  9.94%  1588  142s
   201   216 7696.25916   22  709 7008.00000 7704.27522  9.94%  1629  145s
   215   232 7698.05579   22  724 7008.00000 7704.27522  9.94%  1592  150s
   231   239 7697.45273   24  713 7008.00000 7704.27522  9.94%  1558  162s
   238   258 7697.16798   25  716 7008.00000 7704.27522  9.94%  1545  166s
   257   276 7696.29639   28  715 7008.00000 7704.27522  9.94%  1502  170s
   275   296 7695.83655   30  715 7008.00000 7704.27522  9.94%  1471  181s
   295   320 7695.18013   31  710 7008.00000 7704.27522  9.94%  1435  186s
   342   352 7694.31971   35  713 7008.00000 7704.27522  9.94%  1356  200s
   350   352 7696.54444   29  685 7008.00000 7704.27522  9.94%  1352  208s
   351   371 7694.84002   35  695 7008.00000 7704.27522  9.94%  1350  212s
   370   394 7694.51648   37  681 7008.00000 7704.27522  9.94%  1331  217s
   393   400 7693.94338   40  677 7008.00000 7704.27522  9.94%  1316  238s
   394   400 7691.79850   43  649 7008.00000 7704.27522  9.94%  1316  240s
   399   406 7693.77786   41  677 7008.00000 7704.27522  9.94%  1311  252s
   405   426 7693.68391   41  677 7008.00000 7704.27522  9.94%  1303  258s
   425   445 7692.70576   43  670 7008.00000 7704.27522  9.94%  1292  262s
   444   451 7692.45919   45  669 7008.00000 7704.27522  9.94%  1285  271s
   450   476 7692.32912   46  668 7008.00000 7704.27522  9.94%  1277  276s
   475   504 7691.77008   48  672 7008.00000 7704.27522  9.94%  1256  281s
   503   534 7690.74493   52  647 7008.00000 7704.27522  9.94%  1230  287s
   533   542 7689.89799   57  647 7008.00000 7704.27522  9.94%  1201  294s
   541   565 7689.21749   59  645 7008.00000 7704.27522  9.94%  1196  310s
   561   565 7692.43311   44  652 7008.00000 7704.27522  9.94%  1185  317s
   564   592 7688.26590   61  614 7008.00000 7704.27522  9.94%  1185  325s
   591   624 7687.68377   63  627 7008.00000 7704.27522  9.94%  1180  332s
   623   632 7686.84762   68  612 7008.00000 7704.27522  9.94%  1157  343s
   631   666 7683.75486   68  607 7008.00000 7704.27522  9.94%  1151  351s
   665   697 7686.16752   71  600 7008.00000 7704.27522  9.94%  1132  359s
   696   735 7685.60528   74  609 7008.00000 7704.27522  9.94%  1119  367s
   734   771 7684.91974   78  594 7008.00000 7704.27522  9.94%  1106  374s
   770   815 7684.33796   82  586 7008.00000 7704.27522  9.94%  1090  382s
   814   848 7682.91260   87  598 7008.00000 7704.27522  9.94%  1066  394s
   847   894 7682.30211   90  586 7008.00000 7704.27522  9.94%  1051  408s
   893   941 7679.44124   94  577 7008.00000 7704.27522  9.94%  1033  418s
   940   996 7680.34882   98  555 7008.00000 7704.27522  9.94%  1017  427s
   995  1024 7678.67425  105  561 7008.00000 7704.27522  9.94%  1010  436s
  1023  1096 7678.26140  107  554 7008.00000 7704.27522  9.94%  1004  446s
  1095  1178 7676.03806  115  532 7008.00000 7704.27522  9.94%   974  457s
  1177  1272 7673.09380  126  501 7008.00000 7704.27522  9.94%   942  467s
  1271  1337 7670.63493  136  458 7008.00000 7704.27522  9.94%   905  477s
  1336  1451 7668.58414  143  457 7008.00000 7704.27522  9.94%   884  489s
  1450  1457 7664.74092  159  438 7008.00000 7704.27522  9.94%   846  513s
  1452  1457 7661.03805  181  417 7008.00000 7704.27522  9.94%   846  516s
  1455  1457 7677.98354   91  554 7008.00000 7704.27522  9.94%   845  520s
  1456  1495 7662.65332  159  429 7008.00000 7704.27522  9.94%   845  534s
  1494  1560 7664.09744  165  418 7008.00000 7704.27522  9.94%   835  549s
  1559  1631 7660.75339  175  407 7008.00000 7704.27522  9.94%   820  578s
  1630  1747 7658.90772  184  403 7008.00000 7704.27522  9.94%   804  589s
  1746  1893 7656.18615  194  372 7008.00000 7704.27522  9.94%   773  602s
  1892  1972 7652.57756  215  352 7008.00000 7704.27522  9.94%   736  616s
  1971  2115 7648.50586  236  299 7008.00000 7704.27522  9.94%   719  631s
  2114  2221 7644.25933  261  250 7008.00000 7704.27522  9.94%   689  644s
  2220  2392 7642.35208  279  244 7008.00000 7704.27522  9.94%   668  660s
  2391  2627 7636.16992  308  205 7008.00000 7704.27522  9.94%   638  676s
  2626  2696 7626.90416  348  162 7008.00000 7704.27522  9.94%   597  704s
  2671  2696 7624.17376  346  156 7008.00000 7704.27522  9.94%   589  707s
  2695  2817 7624.68420  363  149 7008.00000 7704.27522  9.94%   587  726s
  2818  2986 7623.11443  388  120 7008.00000 7704.27522  9.94%   571  740s
  2997  3116 7616.23063  427   84 7008.00000 7704.27522  9.94%   546  755s
  3143  3261 7611.32670  455   61 7008.00000 7704.27522  9.94%   530  771s
  3290  3349 7606.54990  493   42 7008.00000 7704.04879  9.93%   515  789s
  3365  3350 7701.49627   12  723 7008.00000 7704.04879  9.93%   505  790s
  3418  3415 infeasible  547      7008.00000 7704.04878  9.93%   502  810s
  3503  3480 7700.76626    7  738 7008.00000 7704.04878  9.93%   498  832s
  3569  3545 7696.15959   10  728 7008.00000 7704.04878  9.93%   497  852s
  3634  3598 7691.39818   12  709 7008.00000 7704.04878  9.93%   496  886s
  3687  3612 7687.10033   16  690 7008.00000 7704.04878  9.93%   495  972s
  3699  3612 7644.06601  224  377 7008.00000 7704.04878  9.93%   496  976s
  3701  3690 7680.83600   19  688 7008.00000 7704.04878  9.93%   496  996s
  3779  3739 7678.86101   23  690 7008.00000 7704.04878  9.93%   493 1024s
  3828  3830 7672.75037   28  654 7008.00000 7704.04878  9.93%   492 1045s
  3919  3934 7666.16949   35  642 7008.00000 7704.04878  9.93%   488 1066s
  4023  4050 7655.15816   40  608 7008.00000 7704.04878  9.93%   483 1090s
  4139  4171 7647.21383   47  598 7008.00000 7704.04878  9.93%   477 1113s
  4260  4286 7629.18564   57  517 7008.00000 7704.04878  9.93%   471 1137s
  4375  4437 7576.79458   72  427 7008.00000 7703.73700  9.93%   466 1161s
  4546  4491 7703.14438    6  746 7008.00000 7703.73700  9.93%   456 1193s
  4554  4491 7609.28740  376  160 7008.00000 7703.73700  9.93%   457 1198s
  4600  4671 7700.29544    8  747 7008.00000 7703.73700  9.93%   454 1228s
  4780  4680 7698.68791   14  733 7008.00000 7703.73700  9.93%   444 1361s
  4788  4680 7596.27615  386  110 7008.00000 7703.73700  9.93%   445 1370s
  4789  4826 7697.37765   18  730 7008.00000 7703.73700  9.93%   445 1400s
  4935  4938 7696.02290   24  712 7008.00000 7703.73700  9.93%   438 1459s
  5055  5103 7695.36148   27  716 7008.00000 7703.73700  9.93%   434 1492s
  5231  5104 7601.82373  351  725 7008.00000 7703.73700  9.93%   427 1789s
  5233  5105 7645.26755  253  633 7008.00000 7703.73700  9.93%   427 1793s
  5234  5106 7689.89089   57  683 7008.00000 7703.73700  9.93%   427 1801s
  5235  5107 7610.12654  372  668 7008.00000 7703.73700  9.93%   427 1806s
  5236  5107 7696.35798   33  714 7008.00000 7703.73700  9.93%   427 1810s
  5239  5109 7624.66942  365  746 7008.00000 7703.73700  9.93%   426 1815s
  5244  5113 7702.75662    5  744 7008.00000 7702.75662  9.91%   426 1821s
  5247  5115 7684.12298   79  761 7008.00000 7701.46274  9.90%   426 1825s
  5251  5117 7674.56863  116  763 7008.00000 7699.52651  9.87%   425 1836s
  5255  5120 7602.34645  353  768 7008.00000 7698.57186  9.85%   425 1840s
  5258  5122 7667.36101  149  742 7008.00000 7697.31121  9.84%   425 1849s
  5259  5123 7592.05419  425  775 7008.00000 7696.87780  9.83%   425 1851s
  5264  5126 7691.31879   47  769 7008.00000 7695.86348  9.82%   424 1856s
  5269  5129 7628.54439  349  773 7008.00000 7695.25764  9.81%   424 1860s
  5271  5131 7680.76338   86  759 7008.00000 7694.52864  9.80%   424 1865s
  5277  5135 7675.48351  119  763 7008.00000 7693.84560  9.79%   423 1870s
  5282  5138 7672.87949  122  772 7008.00000 7693.49737  9.78%   423 1875s
  5288  5142 7692.96034   26  784 7008.00000 7692.96034  9.77%   422 1881s
  5293  5145 7623.11136  375  790 7008.00000 7692.55577  9.77%   422 1885s
  5298  5149 7625.41677  352  773 7008.00000 7692.14415  9.76%   422 1890s
  5303  5152 7650.50246  195  769 7008.00000 7691.80324  9.76%   421 1895s
  5309  5156 7650.63239  235  760 7008.00000 7691.40522  9.75%   421 1900s
  5315  5160 7673.39469  124  775 7008.00000 7691.11885  9.75%   420 1905s
  5319  5163 7679.46902  100  775 7008.00000 7690.92512  9.74%   420 1910s
  5323  5165 7674.62297  120  780 7008.00000 7690.51435  9.74%   420 1917s
  5327  5168 7665.27197  142  771 7008.00000 7690.27215  9.74%   419 1921s
  5328  5169 7652.99344  209  767 7008.00000 7689.99734  9.73%   419 1927s
  5333  5172 7645.26755  253  776 7008.00000 7689.72412  9.73%   419 1931s
  5338  5175 7597.17565  379  778 7008.00000 7689.49892  9.72%   418 1935s
  5346  5181 7689.27694    7  777 7008.00000 7689.27694  9.72%   418 1943s
  5349  5183 7623.06566  297  774 7008.00000 7689.21377  9.72%   418 1946s
  5354  5187 7659.95105  175  633 7008.00000 7689.21377  9.72%   433 1959s
  5355  5188 7602.34645  353  684 7008.00000 7689.21377  9.72%   433 1968s
  5356  5189 7638.24906  299  665 7008.00000 7689.21377  9.72%   433 1973s
  5357  5189 7645.63484  254  685 7008.00000 7689.21377  9.72%   433 1978s
  5358  5190 7667.36101  149  680 7008.00000 7689.21377  9.72%   433 1982s
  5359  5191 7592.05419  425  710 7008.00000 7689.21377  9.72%   433 1985s
  5363  5193 7616.42996  343  766 7008.00000 7689.21377  9.72%   432 1990s
  5369  5197 7628.54439  349  770 7008.00000 7688.97969  9.72%   432 1996s
  5374  5201 7670.13711  131  768 7008.00000 7688.73364  9.71%   431 2000s
  5377  5203 7675.48351  119  766 7008.00000 7688.65079  9.71%   431 2006s
  5380  5205 7612.95577  410  752 7008.00000 7688.51723  9.71%   431 2016s
  5384  5207 7591.45817  473  775 7008.00000 7688.45085  9.71%   431 2020s
  5390  5211 7591.33216  437  778 7008.00000 7688.33014  9.71%   430 2025s
  5393  5213 7623.11136  375  780 7008.00000 7688.31043  9.71%   430 2036s
  5394  5217 7688.28672   26  764 7008.00000 7688.30814  9.71%   436 2041s
  5396  5220 7688.27284   27  762 7008.00000 7688.27284  9.71%   437 2051s
  5400  5225 7688.25882   28  762 7008.00000 7688.26317  9.71%   438 2060s
  5406  5229 7688.00762   29  775 7008.00000 7688.25646  9.71%   441 2077s
  5412  5233 7687.68945   29  757 7008.00000 7688.00751  9.70%   451 2084s
  5418  5237 7687.81844   30  766 7008.00000 7688.00715  9.70%   453 2087s
  5424  5241 7686.81910   30  765 7008.00000 7687.81840  9.70%   454 2101s
  5430  5247 7687.78542   31  757 7008.00000 7687.78542  9.70%   456 2107s
  5438  5252 7687.49815   32  752 7008.00000 7687.78542  9.70%   459 2113s
  5446  5257 7687.00349   32  747 7008.00000 7687.68945  9.70%   461 2119s
  5453  5262 7685.98403   33  734 7008.00000 7687.68945  9.70%   463 2125s
  5461  5266 7687.45915   33  753 7008.00000 7687.68945  9.70%   465 2136s
  5467  5275 7687.45797   34  752 7008.00000 7687.68945  9.70%   465 2143s
  5478  5280 7687.42431   35  745 7008.00000 7687.68945  9.70%   467 2149s
  5487  5289 7687.41335   36  749 7008.00000 7687.68945  9.70%   469 2162s
  5499  5298 7687.35018   37  743 7008.00000 7687.68945  9.70%   476 2166s
  5512  5307 7687.24662   38  743 7008.00000 7687.68945  9.70%   477 2178s
  5525  5317 7687.22953   39  741 7008.00000 7687.68945  9.70%   479 2186s
  5540  5329 7687.12170   40  742 7008.00000 7687.68945  9.70%   481 2191s
  5557  5340 7687.11090   41  735 7008.00000 7687.68945  9.70%   482 2198s
  5573  5348 7687.03952   42  738 7008.00000 7687.68945  9.70%   484 2207s
  5587  5372 7687.00783   43  732 7008.00000 7687.68945  9.70%   487 2221s
  5615  5378 7686.96415   45  722 7008.00000 7687.68945  9.70%   491 2231s
  5631  5391 7686.81509   46  740 7008.00000 7687.68945  9.70%   493 2245s
  5649  5416 7686.57807   47  734 7008.00000 7687.68945  9.70%   496 2259s
  5680  5420 7686.43417   50  731 7008.00000 7687.68945  9.70%   499 2274s
  5694  5444 7686.25939   51  732 7008.00000 7687.68945  9.70%   502 2291s
  5723  5454 7686.21580   53  721 7008.00000 7687.68945  9.70%   507 2309s
  5736  5450 7685.17578   54  702 7008.00000 7687.68945  9.70%   510 2310s
  5743  5464 7685.98653   54  727 7008.00000 7687.68945  9.70%   512 2322s
  5759  5492 7685.93540   56  713 7008.00000 7687.68945  9.70%   513 2335s
  5793  5525 7685.95811   59  709 7008.00000 7687.68945  9.70%   517 2349s
  5799  5523 7685.30465   58  702 7008.00000 7687.68945  9.70%   518 2350s
  5837  5556 7685.77369   62  692 7008.00000 7687.68945  9.70%   521 2366s
  5883  5563 7685.54139   66  682 7008.00000 7687.68945  9.70%   524 2380s
  5905  5597 7685.45172   67  679 7008.00000 7687.68945  9.70%   525 2398s
  5946  5620 7684.21953   69  689 7008.00000 7687.68945  9.70%   530 2418s
  5983  5626 7684.78039   73  677 7008.00000 7687.68945  9.70%   535 2438s
  6001  5658 7683.32821   74  685 7008.00000 7687.68945  9.70%   536 2455s
  6039  5692 7684.70069   76  674 7008.00000 7687.68945  9.70%   539 2476s
  6086  5705 7684.06583   80  683 7008.00000 7687.68945  9.70%   545 2497s
  6115  5751 7684.46545   80  675 7008.00000 7687.68945  9.70%   547 2519s
  6170  5791 7684.12246   85  670 7008.00000 7687.68945  9.70%   552 2539s
  6178  5789 7683.54175   85  653 7008.00000 7687.68945  9.70%   552 2540s
  6229  5835 7683.68808   89  657 7008.00000 7687.68945  9.70%   556 2564s
  6292  5820 7683.52484   94  650 7008.00000 7687.68945  9.70%   560 2593s
  6293  5819 7682.93645   96  635 7008.00000 7687.68945  9.70%   560 2595s
  6298  5879 7683.35783   94  630 7008.00000 7687.68945  9.70%   560 2619s
  6359  5900 7682.87798   99  634 7008.00000 7687.68945  9.70%   564 2639s
  6401  5937 7682.91039  104  627 7008.00000 7687.68945  9.70%   566 2660s
  6452  5936 7682.65165  107  613 7008.00000 7687.68945  9.70%   569 2693s
  6454  5936 7675.42370  115  618 7008.00000 7687.68945  9.70%   569 2696s
  6468  5987 7682.49690  107  610 7008.00000 7687.68945  9.70%   570 2722s
  6524  6031 7682.46188  112  609 7008.00000 7687.68945  9.70%   575 2745s
  6587  6079 7682.03973  117  587 7008.00000 7687.68945  9.70%   580 2774s
  6656  6121 7681.32169  124  576 7008.00000 7687.68945  9.70%   585 2800s
  6721  6174 7681.16357  128  568 7008.00000 7687.68945  9.70%   590 2825s
  6795  6177 7680.83796  134  566 7008.00000 7687.68945  9.70%   595 2849s
  6823  6245 7679.14038  137  575 7008.00000 7687.68945  9.70%   597 2878s
  6900  6311 7679.73225  143  549 7008.00000 7687.68945  9.70%   602 2906s
  6992  6350 7678.23216  151  534 7008.00000 7687.68945  9.70%   606 2965s
  7062  6356 7677.87616  157  529 7008.00000 7687.68945  9.70%   610 3010s
  7091  6400 7677.61482  160  538 7008.00000 7687.68945  9.70%   612 3046s
  7145  6444 7676.63294  165  545 7008.00000 7687.68945  9.70%   615 3079s
  7207  6437 7675.14127  172  535 7008.00000 7687.68945  9.70%   618 3179s
  7210  6436 7675.21381  138  563 7008.00000 7687.68945  9.70%   618 3184s
  7220  6471 7675.94093  173  528 7008.00000 7687.68945  9.70%   619 3221s
  7259  6505 7672.81614  176  539 7008.00000 7687.68945  9.70%   621 3253s
  7306  6538 7672.88440  179  492 7008.00000 7687.68945  9.70%   623 3287s
  7354  6566 7674.75406  184  497 7008.00000 7687.68945  9.70%   625 3323s
  7398  6600 7672.90796  187  497 7008.00000 7687.68945  9.70%   628 3359s
  7447  6593 7672.13124  191  504 7008.00000 7687.68945  9.70%   630 3455s
  7456  6636 7670.98736  192  482 7008.00000 7687.68945  9.70%   631 3493s
  7502  6667 7671.21253  195  501 7008.00000 7687.68945  9.70%   634 3536s
  7549  6689 7671.40586  199  503 7008.00000 7687.68945  9.70%   637 3581s
  7586  6702 7671.81456  203  497 7008.00000 7687.68945  9.70%   639 3600s

Cutting planes:
  Gomory: 29
  MIR: 772
  Flow cover: 1097
  RLT: 143
  Relax-and-lift: 36
  Lazy constraints: 7972

Explored 7612 nodes (4904104 simplex iterations) in 3600.17 seconds
Thread count was 12 (of 12 available processors)

Solution count 1: 7008 

Time limit reached
Best objective 7.008000000000e+03, best bound 7.687000000000e+03, gap 9.6889%

User-callback calls 445824, time in user-callback 231.90 sec
