
Gurobi 9.5.1 (linux64) logging started Mon May 30 17:19:39 2022

Set parameter LogFile to value "../results/logs/log_ca-citeseer_3_250_2022_05_30_14_52.log"
Gurobi Optimizer version 9.5.1 build v9.5.1rc2 (linux64)
Thread count: 8 physical cores, 8 logical processors, using up to 8 threads
Optimize a model with 16987 rows, 454640 columns and 163125 nonzeros
Model fingerprint: 0xbebb400b
Variable types: 0 continuous, 454640 integer (454640 binary)
Coefficient statistics:
  Matrix range     [1e+00, 3e+00]
  Objective range  [1e+00, 1e+00]
  Bounds range     [1e+00, 1e+00]
  RHS range        [1e+00, 2e+02]
Found heuristic solution: objective 152966.00000
Presolve removed 9737 rows and 443674 columns
Presolve time: 0.25s
Presolved: 7250 rows, 10966 columns, 32223 nonzeros
Found heuristic solution: objective 153220.00000
Variable types: 0 continuous, 10966 integer (9879 binary)

Root relaxation: objective 1.544716e+05, 5844 iterations, 0.14 seconds (0.22 work units)

    Nodes    |    Current Node    |     Objective Bounds      |     Work
 Expl Unexpl |  Obj  Depth IntInf | Incumbent    BestBd   Gap | It/Node Time

     0     0 154471.568    0 1947 153220.000 154471.568  0.82%     -    0s
H    0     0                    153519.00000 154471.568  0.62%     -    0s
H    0     0                    153520.00000 154471.568  0.62%     -    0s
H    0     0                    153524.00000 154471.568  0.62%     -    4s
H    0     0                    153529.00000 154471.568  0.61%     -    4s
H    0     0                    153531.00000 154471.568  0.61%     -    4s
H    0     0                    153533.00000 154471.568  0.61%     -    4s
H    0     0                    153534.00000 154471.568  0.61%     -    4s
H    0     0                    153538.00000 154471.568  0.61%     -    4s
H    0     0                    153541.00000 154471.568  0.61%     -    4s
H    0     0                    153543.00000 154471.568  0.60%     -    4s
H    0     0                    153544.00000 154471.568  0.60%     -    4s
H    0     0                    153548.00000 154471.568  0.60%     -    4s
H    0     0                    153549.00000 154471.568  0.60%     -    4s
H    0     0                    153550.00000 154471.568  0.60%     -    4s
H    0     0                    153552.00000 154471.568  0.60%     -    4s
H    0     0                    153554.00000 154471.568  0.60%     -    4s
H    0     0                    153556.00000 154471.568  0.60%     -    4s
H    0     0                    153560.00000 154471.568  0.59%     -    4s
H    0     0                    153562.00000 154471.568  0.59%     -    4s
H    0     0                    153563.00000 154471.568  0.59%     -    4s
H    0     0                    153567.00000 154471.568  0.59%     -    4s
H    0     0                    153568.00000 154471.568  0.59%     -    4s
H    0     0                    153569.00000 154471.568  0.59%     -    4s
H    0     0                    153584.00000 154471.568  0.58%     -    4s
H    0     0                    153598.00000 154471.568  0.57%     -    4s
H    0     0                    153613.00000 154471.568  0.56%     -    4s
H    0     0                    153644.00000 154464.211  0.53%     -    5s
H    0     0                    153742.00000 154464.211  0.47%     -    5s
H    0     0                    153744.00000 154464.211  0.47%     -    5s
     0     0 153807.355    0  549 153744.000 153807.355  0.04%     -    5s
H    0     0                    153747.00000 153807.355  0.04%     -    5s
     0     0 153806.343    0  287 153747.000 153806.343  0.04%     -    5s
     0     0 153799.986    0  256 153747.000 153799.986  0.03%     -    5s
     0     0 153799.863    0  250 153747.000 153799.863  0.03%     -    5s
     0     0 153788.351    0  186 153747.000 153788.351  0.03%     -    5s
     0     0 153783.389    0  174 153747.000 153783.389  0.02%     -    5s
     0     0 153782.966    0  183 153747.000 153782.966  0.02%     -    5s
     0     0 153782.749    0  185 153747.000 153782.749  0.02%     -    5s
     0     0 153772.724    0  130 153747.000 153772.724  0.02%     -    5s
H    0     0                    153751.00000 153772.724  0.01%     -    5s
     0     0 153771.834    0  115 153751.000 153771.834  0.01%     -    5s
     0     0 153771.834    0  116 153751.000 153771.834  0.01%     -    5s
     0     0 153771.025    0   95 153751.000 153771.025  0.01%     -    5s
H    0     0                    153761.00000 153771.025  0.01%     -    5s
     0     0 153770.896    0   99 153761.000 153770.896  0.01%     -    5s
     0     0 153770.180    0   69 153761.000 153770.180  0.01%     -    5s
     0     0 153769.867    0   58 153761.000 153769.867  0.01%     -    5s
     0     0 153769.333    0   31 153761.000 153769.333  0.01%     -    5s
     0     0 153769.333    0   35 153761.000 153769.333  0.01%     -    5s
     0     0 153769.299    0   46 153761.000 153769.299  0.01%     -    5s
     0     0 153769.299    0   41 153761.000 153769.299  0.01%     -    6s
H    0     0                    153763.00000 153769.299  0.00%     -    6s
     0     2 153769.299    0   41 153763.000 153769.299  0.00%     -    6s
H  722   603                    153764.00000 153767.918  0.00%   4.9    8s
* 1101   808              45    153765.00000 153767.598  0.00%   5.3    8s
  1789   359 153766.640   16  467 153765.000 153767.079  0.00%   5.7   10s

Cutting planes:
  Gomory: 238
  Lift-and-project: 9
  Cover: 90
  Implied bound: 54
  MIR: 834
  StrongCG: 28
  Flow cover: 59
  GUB cover: 700
  Inf proof: 2
  Zero half: 91
  RLT: 24
  Relax-and-lift: 7

Explored 1799 nodes (30918 simplex iterations) in 11.23 seconds (10.64 work units)
Thread count was 8 (of 8 available processors)

Solution count 10: 153765 153764 153763 ... 153613

Optimal solution found (tolerance 0.00e+00)
Warning: max constraint violation (1.4118e-06) exceeds tolerance
Best objective 1.537650000007e+05, best bound 1.537650000007e+05, gap 0.0000%
