
Gurobi 9.5.0 (win64) logging started Tue Dec  7 12:39:32 2021

Set parameter LogFile to value "../results/logs/log_2021_12_07_12_26.csv_7_15.log"
Set parameter Method to value 3
Gurobi Optimizer version 9.5.0 build v9.5.0rc5 (win64)
Thread count: 6 physical cores, 12 logical processors, using up to 12 threads
Optimize a model with 628 rows, 9882 columns and 12913 nonzeros
Model fingerprint: 0xbc09b76e
Variable types: 4941 continuous, 4941 integer (4941 binary)
Coefficient statistics:
  Matrix range     [1e+00, 7e+00]
  Objective range  [1e+00, 1e+00]
  Bounds range     [1e+00, 1e+00]
  RHS range        [1e+00, 2e+01]
Found heuristic solution: objective -0.0000000
Presolve removed 393 rows and 9497 columns
Presolve time: 0.02s
Presolved: 235 rows, 385 columns, 1351 nonzeros
Extracted 86 lazy constraints
Variable types: 211 continuous, 174 integer (173 binary)

Root relaxation: objective 1.098985e+02, 188 iterations, 0.00 seconds (0.00 work units)

    Nodes    |    Current Node    |     Objective Bounds      |     Work
 Expl Unexpl |  Obj  Depth IntInf | Incumbent    BestBd   Gap | It/Node Time

     0     0  109.89846    0   55   -0.00000  109.89846      -     -    0s
H    0     0                       5.0000000  109.89846  2098%     -    0s
     0     0   22.21592    0   43    5.00000   22.21592   344%     -    0s
     0     0   22.16416    0   44    5.00000   22.16416   343%     -    0s
     0     0   20.11684    0   26    5.00000   20.11684   302%     -    0s
     0     0   19.67191    0   24    5.00000   19.67191   293%     -    0s
     0     0   19.63417    0   22    5.00000   19.63417   293%     -    0s
     0     0   19.07171    0    9    5.00000   19.07171   281%     -    0s
H    0     0                      18.0000000   19.07171  5.95%     -    0s
     0     0   19.03811    0    9   18.00000   19.03811  5.77%     -    0s
     0     0   19.00566    0    5   18.00000   19.00566  5.59%     -    0s

Cutting planes:
  Gomory: 17
  Lift-and-project: 4
  Implied bound: 16
  MIR: 69
  RLT: 12
  Relax-and-lift: 4
  Lazy constraints: 86

Explored 1 nodes (556 simplex iterations) in 0.08 seconds (0.03 work units)
Thread count was 12 (of 12 available processors)

Solution count 3: 18 5 -0 

Optimal solution found (tolerance 1.00e-04)
Best objective 1.800000000000e+01, best bound 1.800000000000e+01, gap 0.0000%
