
Gurobi 9.5.1 (linux64) logging started Mon Apr  4 13:17:45 2022

Set parameter LogFile to value "../results/logs/log_2022_04_04_12_17.csv_46_250.log"
Gurobi Optimizer version 9.5.1 build v9.5.1rc2 (linux64)
Thread count: 8 physical cores, 8 logical processors, using up to 8 threads
Optimize a model with 2835 rows, 27306 columns and 173405 nonzeros
Model fingerprint: 0x106a7d0d
Variable types: 0 continuous, 27306 integer (27306 binary)
Coefficient statistics:
  Matrix range     [1e+00, 5e+01]
  Objective range  [1e+00, 1e+00]
  Bounds range     [1e+00, 1e+00]
  RHS range        [1e+00, 2e+02]
Found heuristic solution: objective 6985.0000000
Presolve removed 25 rows and 20770 columns
Presolve time: 0.09s
Presolved: 2810 rows, 6536 columns, 58025 nonzeros
Variable types: 0 continuous, 6536 integer (6289 binary)
Found heuristic solution: objective 7088.0000000

Root relaxation: objective 8.106675e+03, 3522 iterations, 0.34 seconds (0.49 work units)

    Nodes    |    Current Node    |     Objective Bounds      |     Work
 Expl Unexpl |  Obj  Depth IntInf | Incumbent    BestBd   Gap | It/Node Time

     0     0 8106.67496    0 1044 7088.00000 8106.67496  14.4%     -    0s
H    0     0                    7133.0000000 8106.67496  13.7%     -    0s
H    0     0                    7166.0000000 8106.67496  13.1%     -    0s
H    0     0                    7305.0000000 8106.67496  11.0%     -    0s
H    0     0                    7357.0000000 7971.96815  8.36%     -    2s
     0     0 7971.96815    0 1313 7357.00000 7971.96815  8.36%     -    2s
H    0     0                    7410.0000000 7971.96815  7.58%     -    2s
     0     0 7904.25706    0 1436 7410.00000 7904.25706  6.67%     -    3s
     0     0 7895.56013    0 1490 7410.00000 7895.56013  6.55%     -    4s
     0     0 7894.40550    0 1514 7410.00000 7894.40550  6.54%     -    4s
     0     0 7894.29359    0 1533 7410.00000 7894.29359  6.54%     -    5s
     0     0 7894.27543    0 1549 7410.00000 7894.27543  6.54%     -    5s
H    0     0                    7415.0000000 7858.34655  5.98%     -    8s
H    0     0                    7421.0000000 7858.34655  5.89%     -    8s
H    0     0                    7429.0000000 7858.34655  5.78%     -    8s
H    0     0                    7431.0000000 7858.34655  5.75%     -    8s
H    0     0                    7432.0000000 7858.34655  5.74%     -    8s
H    0     0                    7434.0000000 7858.34655  5.71%     -    8s
H    0     0                    7435.0000000 7858.34655  5.69%     -    8s
H    0     0                    7437.0000000 7858.34655  5.67%     -    8s
H    0     0                    7444.0000000 7858.34655  5.57%     -    8s
     0     0 7858.34655    0 1697 7444.00000 7858.34655  5.57%     -    8s
H    0     0                    7447.0000000 7839.35957  5.27%     -   12s
H    0     0                    7448.0000000 7839.35957  5.25%     -   12s
H    0     0                    7449.0000000 7839.35957  5.24%     -   12s
H    0     0                    7452.0000000 7839.35957  5.20%     -   12s
H    0     0                    7459.0000000 7839.35957  5.10%     -   12s
H    0     0                    7460.0000000 7839.35957  5.09%     -   12s
H    0     0                    7461.0000000 7839.35957  5.07%     -   12s
H    0     0                    7462.0000000 7839.35957  5.06%     -   12s
H    0     0                    7463.0000000 7839.35957  5.04%     -   12s
H    0     0                    7464.0000000 7839.35957  5.03%     -   12s
H    0     0                    7467.0000000 7839.35957  4.99%     -   12s
     0     0 7839.35957    0 1728 7467.00000 7839.35957  4.99%     -   12s
H    0     0                    7468.0000000 7834.72644  4.91%     -   15s
H    0     0                    7469.0000000 7834.72644  4.90%     -   15s
H    0     0                    7472.0000000 7834.72644  4.85%     -   15s
     0     0 7834.72644    0 1798 7472.00000 7834.72644  4.85%     -   15s
H    0     0                    7476.0000000 7833.65474  4.78%     -   16s
     0     0 7833.65474    0 1824 7476.00000 7833.65474  4.78%     -   16s
     0     0 7833.19920    0 1824 7476.00000 7833.19920  4.78%     -   17s
     0     0 7833.03539    0 1849 7476.00000 7833.03539  4.78%     -   18s
H    0     0                    7478.0000000 7819.20093  4.56%     -   23s
     0     0 7819.20093    0 1941 7478.00000 7819.20093  4.56%     -   23s
H    0     0                    7511.0000000 7819.20093  4.10%     -   24s
     0     0 7811.27739    0 1969 7511.00000 7811.27739  4.00%     -   28s
     0     0 7807.62565    0 2023 7511.00000 7807.62565  3.95%     -   33s
H    0     0                    7519.0000000 7806.11925  3.82%     -   36s
H    0     0                    7528.0000000 7806.11925  3.69%     -   36s
     0     0 7806.11925    0 2076 7528.00000 7806.11925  3.69%     -   36s
H    0     0                    7532.0000000 7805.53646  3.63%     -   39s
     0     0 7805.53646    0 2108 7532.00000 7805.53646  3.63%     -   39s
     0     0 7805.24552    0 2137 7532.00000 7805.24552  3.63%     -   40s
     0     0 7798.56482    0 2112 7532.00000 7798.56482  3.54%     -   47s
H    0     0                    7533.0000000 7798.56482  3.53%     -   47s
     0     0 7795.78095    0 2131 7533.00000 7795.78095  3.49%     -   52s
     0     0 7794.69942    0 2235 7533.00000 7794.69942  3.47%     -   55s
H    0     0                    7538.0000000 7794.13709  3.40%     -   57s
     0     0 7794.13709    0 2274 7538.00000 7794.13709  3.40%     -   57s
     0     0 7793.84352    0 2250 7538.00000 7793.84352  3.39%     -   59s
     0     0 7789.30746    0 2288 7538.00000 7789.30746  3.33%     -   67s
H    0     0                    7546.0000000 7789.30746  3.22%     -   67s
     0     0 7786.93486    0 2336 7546.00000 7786.93486  3.19%     -   72s
H    0     0                    7547.0000000 7785.59380  3.16%     -   77s
     0     0 7785.59380    0 2414 7547.00000 7785.59380  3.16%     -   77s
H    0     0                    7548.0000000 7784.89102  3.14%     -   80s
     0     0 7784.89102    0 2423 7548.00000 7784.89102  3.14%     -   80s
     0     0 7784.55731    0 2465 7548.00000 7784.55731  3.13%     -   82s
H    0     0                    7551.0000000 7780.89945  3.04%     -   90s
     0     0 7780.89945    0 2403 7551.00000 7780.89945  3.04%     -   90s
H    0     0                    7554.0000000 7779.40606  2.98%     -   95s
     0     0 7779.40606    0 2421 7554.00000 7779.40606  2.98%     -   95s
     0     0 7778.79347    0 2469 7554.00000 7778.79347  2.98%     -   99s
     0     0 7778.38046    0 2504 7554.00000 7778.38046  2.97%     -  102s
     0     0 7775.65488    0 2469 7554.00000 7775.65488  2.93%     -  109s
     0     0 7775.65488    0 2469 7554.00000 7775.65488  2.93%     -  110s
H    0     0                    7557.0000000 7775.65427  2.89%     -  116s
     0     2 7775.65427    0 2467 7557.00000 7775.65427  2.89%     -  118s
     1     4 7775.43234    1 2388 7557.00000 7775.65427  2.89%  1234  120s
     3     8 7773.95835    2 2494 7557.00000 7775.43233  2.89%  3185  130s
     7    16 7772.58977    3 2683 7557.00000 7773.95831  2.87%  4775  145s
    15    24 7771.55231    4 2781 7557.00000 7772.58975  2.85%  6626  161s
    23    32 7771.76604    4 2777 7557.00000 7771.76604  2.84%  7787  192s
    31    40 7771.49673    5 2752 7557.00000 7771.76567  2.84%  7511  198s
H   32    40                    7561.0000000 7771.76567  2.79%  7277  198s
H   36    40                    7563.0000000 7771.76567  2.76%  6696  198s
    39    48 7770.96475    5 2777 7563.00000 7771.55217  2.76%  6507  205s
    47    56 7771.01440    6 2718 7563.00000 7771.55217  2.76%  5872  210s
    55    64 7770.55049    7 2709 7563.00000 7771.55217  2.76%  5454  218s
    63    72 7770.01718    8 2737 7563.00000 7771.55217  2.76%  5392  257s
    71    83 7770.53612    8 2709 7563.00000 7771.55217  2.76%  5070  264s
H   73    83                    7564.0000000 7771.55217  2.74%  4976  264s
    82    98 7769.99118   10 2681 7564.00000 7771.55217  2.74%  4726  273s
    97   110 7769.90664   12 2645 7564.00000 7771.55217  2.74%  4300  283s
   109   121 7769.10131   13 2649 7564.00000 7771.55217  2.74%  4187  294s
H  111   121                    7565.0000000 7771.55217  2.73%  4197  294s
H  116   121                    7566.0000000 7771.55217  2.72%  4255  294s
   120   131 7768.35672   13 2622 7566.00000 7771.55217  2.72%  4213  302s
   130   144 7766.71587   14 2558 7566.00000 7771.55217  2.72%  4118  311s
H  143   158                    7567.0000000 7771.55217  2.70%  3920  320s
H  144   158                    7568.0000000 7771.55217  2.69%  3910  320s
   157   174 7768.53985   16 2636 7568.00000 7771.55217  2.69%  3802  333s
   173   188 7768.24022   17 2628 7568.00000 7771.55217  2.69%  3678  343s
   187   202 7767.96869   18 2576 7568.00000 7771.55217  2.69%  3675  351s
H  189   202                    7570.0000000 7771.55217  2.66%  3657  351s
H  191   202                    7571.0000000 7771.55217  2.65%  3648  351s
   201   220 7767.49425   19 2573 7571.00000 7771.55217  2.65%  3602  364s
   219   239 7767.05600   20 2570 7571.00000 7771.55217  2.65%  3519  376s
H  238   256                    7580.0000000 7771.55217  2.53%  3399  385s
H  240   256                    7586.0000000 7771.55217  2.45%  3398  385s
   255   277 7765.91593   23 2553 7586.00000 7771.55217  2.45%  3383  397s
   276   298 7765.34886   24 2520 7586.00000 7771.55217  2.45%  3294  408s
H  280   298                    7587.0000000 7771.55217  2.43%  3268  408s
H  283   298                    7588.0000000 7771.55217  2.42%  3254  408s
   297   326 7765.32899   25 2542 7588.00000 7771.55217  2.42%  3203  421s
   325   348 7764.74658   28 2554 7588.00000 7771.55217  2.42%  3100  434s
H  337   348                    7590.0000000 7771.55217  2.39%  3086  434s
   347   373 7763.92892   30 2535 7590.00000 7771.55217  2.39%  3058  447s
   372   396 7762.93423   33 2510 7590.00000 7771.55217  2.39%  3005  463s
H  378   396                    7592.0000000 7771.55217  2.37%  3023  463s
H  386   396                    7593.0000000 7771.55217  2.35%  3048  463s
   395   423 7762.14136   36 2480 7593.00000 7771.55217  2.35%  3036  475s
H  422   444                    7603.0000000 7771.55217  2.22%  2977  487s
H  424   444                    7605.0000000 7771.55217  2.19%  2973  487s
H  438   444                    7607.0000000 7771.55217  2.16%  2949  487s
   443   477 7760.47177   40 2390 7607.00000 7771.55217  2.16%  2933  499s
H  476   521                    7614.0000000 7771.55217  2.07%  2851  510s
H  486   521                    7615.0000000 7771.55217  2.06%  2824  510s
   520   570 7759.11920   46 2374 7615.00000 7771.55217  2.06%  2721  524s
H  569   619                    7616.0000000 7771.55217  2.04%  2607  536s
H  591   619                    7617.0000000 7771.55217  2.03%  2590  536s
   618   682 7757.65657   52 2341 7617.00000 7771.55217  2.03%  2504  549s
H  660   682                    7619.0000000 7771.55217  2.00%  2429  549s
   681   753 7756.56788   57 2335 7619.00000 7771.55217  2.00%  2371  563s
H  752   819                    7621.0000000 7771.55217  1.98%  2243  577s
H  763   819                    7622.0000000 7771.55217  1.96%  2234  577s
   818   893 7753.79107   66 2297 7622.00000 7771.55217  1.96%  2153  591s
H  826   893                    7623.0000000 7771.55217  1.95%  2140  591s
H  858   893                    7624.0000000 7771.55217  1.94%  2123  591s
H  879   893                    7625.0000000 7771.55217  1.92%  2082  591s
   892   978 7753.30892   73 2280 7625.00000 7771.55217  1.92%  2056  603s
H  943   978                    7626.0000000 7771.55217  1.91%  2012  603s
H  945   978                    7631.0000000 7771.55217  1.84%  2008  603s
   977  1076 7751.89785   80 2266 7631.00000 7771.55217  1.84%  1948  645s
H 1048  1076                    7632.0000000 7771.55217  1.83%  1875  645s
H 1049  1076                    7636.0000000 7771.55217  1.78%  1874  645s
  1075  1160 7751.49078   88 2238 7636.00000 7771.55217  1.78%  1835  662s
  1165  1218 7748.07292   94 2213 7636.00000 7771.55217  1.78%  1767  681s
  1223  1298 7748.58133   97 2178 7636.00000 7771.55217  1.78%  1757  700s
  1303  1390 7746.91015  104 2149 7636.00000 7771.55217  1.78%  1721  716s
H 1336  1389                    7637.0000000 7771.55217  1.76%  1703  716s
  1395  1479 7746.17505  112 2088 7637.00000 7771.55217  1.76%  1674  734s
  1485  1583 7744.94884  122 2002 7637.00000 7771.55217  1.76%  1644  750s
  1589  1689 7741.56924  128 1974 7637.00000 7771.55217  1.76%  1606  769s
  1711  1782 7742.08944  141 1927 7637.00000 7771.55217  1.76%  1558  788s
  1804  1911 7740.93329  147 1907 7637.00000 7771.55217  1.76%  1539  807s
  1933  2067 7738.87369  161 1835 7637.00000 7771.55217  1.76%  1493  826s
H 2077  2067                    7638.0000000 7771.55217  1.75%  1440  826s
H 2089  2233                    7639.0000000 7771.55217  1.74%  1438  844s
H 2161  2230                    7640.0000000 7771.55217  1.72%  1414  844s
  2255  2447 7735.31689  200 1727 7640.00000 7771.55217  1.72%  1383  862s
  2472  2682 7733.58880  221 1668 7640.00000 7771.55217  1.72%  1313  881s
H 2658  2680                    7641.0000000 7771.55217  1.71%  1265  881s
  2707  2926 7731.79006  254 1590 7641.00000 7771.55217  1.71%  1248  900s
H 2791  2924                    7642.0000000 7771.55217  1.70%  1226  900s
  2953  3148 7728.19622  283 1499 7642.00000 7771.55217  1.70%  1190  918s
H 3051  3143                    7643.0000000 7771.55217  1.68%  1173  918s
  3177  3463 7725.87647  309 1437 7643.00000 7771.55217  1.68%  1149  937s
  3497  3668 7722.36962  344 1385 7643.00000 7771.55217  1.68%  1088  964s
H 3551  3658                    7644.0000000 7771.55217  1.67%  1080  964s
  3702  3911 7720.77383  354 1255 7644.00000 7771.55217  1.67%  1054  984s
  3961  4149 7718.82669  379 1148 7644.00000 7771.55217  1.67%  1021 1007s
  4199  4624 7716.56919  412 1125 7644.00000 7771.55217  1.67%   994 1027s
  4674  5213 7713.80222  497  990 7644.00000 7771.55217  1.67%   930 1047s
  5263  5873 7708.02984  585  965 7644.00000 7771.55217  1.67%   861 1069s
  5925  6626 7700.65698  685  860 7644.00000 7771.55217  1.67%   796 1088s
  6678  7630 7686.37158  796  636 7644.00000 7771.55217  1.67%   730 1105s
H 6845  7625                    7645.0000000 7771.55217  1.66%   714 1105s
  7697  7626 7675.74755  864 2469 7645.00000 7771.55217  1.66%   654 1146s
  7700  7628 7691.86210  672 1389 7645.00000 7771.55217  1.66%   654 1151s
  7702  7629 7764.52524   19 1828 7645.00000 7771.55217  1.66%   654 1158s
  7703  7630 7684.89738  796 1985 7645.00000 7771.55217  1.66%   654 1162s
  7704  7631 7670.05867  846 2106 7645.00000 7771.55217  1.66%   653 1168s
  7705  7631 7712.09640  364 2280 7645.00000 7771.55217  1.66%   653 1174s
  7706  7632 7710.53016  317 2430 7645.00000 7771.55217  1.66%   653 1180s
  7707  7633 7669.52376  920 2528 7645.00000 7771.55217  1.66%   653 1186s
  7708  7633 7715.11060  475 2582 7645.00000 7771.55217  1.66%   653 1191s
  7710  7635 7712.28921  399 2666 7645.00000 7771.55217  1.66%   653 1197s
  7712  7636 7719.36263  244 2702 7645.00000 7771.55217  1.66%   653 1201s
  7715  7638 7719.69524  325 2783 7645.00000 7771.55217  1.66%   653 1205s
  7716  7639 7710.83880  325 2504 7645.00000 7769.00924  1.62%   652 1216s
  7717  7639 7674.80623  801 2452 7645.00000 7767.21075  1.60%   652 1222s
  7718  7640 7704.26151  606 2506 7645.00000 7766.04181  1.58%   652 1228s
  7719  7641 7717.82089  201 2521 7645.00000 7765.39493  1.57%   652 1232s
  7720  7641 7696.59174  426 2599 7645.00000 7765.04070  1.57%   652 1236s
  7722  7643 7732.99266  194 2639 7645.00000 7764.65602  1.57%   652 1241s
  7725  7645 7716.93561  373 2704 7645.00000 7764.44033  1.56%   652 1245s
  7728  7647 7675.75558  783 2564 7645.00000 7761.71338  1.53%   651 1259s
  7729  7647 7691.81551  137 2682 7645.00000 7760.70511  1.51%   651 1266s
  7730  7648 7715.02784  485 2639 7645.00000 7759.97482  1.50%   651 1271s
  7731  7649 7713.45519  230 2705 7645.00000 7759.57533  1.50%   651 1276s
  7732  7649 7685.42213  659 2717 7645.00000 7759.32549  1.50%   651 1280s
  7734  7651 7684.36145  515 2773 7645.00000 7759.08328  1.49%   651 1285s
  7738  7653 7716.73200  241 2798 7645.00000 7758.93178  1.49%   651 1291s
  7739  7654 7670.12869  913 2615 7645.00000 7757.27507  1.47%   651 1301s
  7740  7655 7731.34264  211 2727 7645.00000 7756.40282  1.46%   650 1308s
  7741  7655 7755.90255   11 2799 7645.00000 7755.90255  1.45%   650 1313s
  7742  7656 7721.66196  197 2810 7645.00000 7755.65552  1.45%   650 1317s
  7743  7657 7673.11240  195 2827 7645.00000 7755.46827  1.44%   650 1320s
  7745  7658 7701.68457  583 2903 7645.00000 7755.25719  1.44%   650 1325s
  7749  7661 7751.01699   56 2893 7645.00000 7755.15593  1.44%   650 1330s
  7750  7661 7727.70256  156 2639 7645.00000 7753.86406  1.42%   650 1340s
  7751  7662 7753.24363   10 2733 7645.00000 7753.24363  1.42%   650 1346s
  7752  7663 7720.01499  272 2767 7645.00000 7752.86413  1.41%   649 1351s
  7753  7663 7675.27477  820 2802 7645.00000 7752.62320  1.41%   649 1355s
  7755  7665 7709.59953  566 2853 7645.00000 7752.40530  1.40%   649 1360s
  7759  7667 7739.82958   97 2883 7645.00000 7752.26550  1.40%   649 1366s
  7760  7668 7715.35117  432 2795 7645.00000 7751.42453  1.39%   649 1375s
  7761  7669 7706.12958  277 2809 7645.00000 7750.98906  1.39%   649 1381s
  7762  7669 7704.02772  620 2803 7645.00000 7750.78494  1.38%   649 1385s
  7764  7671 7724.16749  202 2918 7645.00000 7750.50902  1.38%   648 1391s
  7766  7672 7733.67477  142 2971 7645.00000 7750.35736  1.38%   648 1396s
  7769  7674 7690.15541  583 2972 7645.00000 7750.26965  1.38%   648 1400s
  7772  7676 7687.85444  677 2799 7645.00000 7749.57723  1.37%   648 1414s
  7773  7677 7717.65225  312 2891 7645.00000 7749.17117  1.36%   648 1420s
  7774  7677 7659.76567  967 2880 7645.00000 7748.96586  1.36%   648 1425s
  7776  7679 7735.67373  133 2960 7645.00000 7748.68297  1.36%   647 1432s
  7777  7679 7692.40798  752 2930 7645.00000 7748.61171  1.36%   647 1435s
  7780  7681 7748.50633   40 3015 7645.00000 7748.50633  1.35%   647 1440s
  7782  7683 7720.89908  263 2933 7645.00000 7747.98618  1.35%   647 1451s
  7783  7683 7692.31978  668 2973 7645.00000 7747.68343  1.34%   647 1458s
  7784  7684 7704.39365  600 2967 7645.00000 7747.52646  1.34%   647 1462s
  7785  7685 7742.73868   63 2999 7645.00000 7747.39880  1.34%   647 1467s
  7787  7686 7720.77360  355 3044 7645.00000 7747.29418  1.34%   647 1471s
  7789  7687 7684.46338  721 3057 7645.00000 7747.23022  1.34%   646 1475s
  7791  7689 7739.70941   67 2837 7645.00000 7746.78147  1.33%   646 1487s
  7792  7689 7722.48070  194 2918 7645.00000 7746.55352  1.33%   646 1492s
  7793  7690 7704.22998  530 2907 7645.00000 7746.42894  1.33%   646 1496s
  7795  7691 7694.17881  541 2946 7645.00000 7746.28746  1.32%   646 1501s
  7797  7693 7675.74755  864 2987 7645.00000 7746.21975  1.32%   646 1505s
  7800  7695 7691.86210  672 2876 7645.00000 7745.71798  1.32%   645 1517s
  7801  7695 7718.54227  257 2918 7645.00000 7745.43183  1.31%   645 1522s
  7802  7696 7745.25245   19 2928 7645.00000 7745.25245  1.31%   645 1527s
  7803  7697 7684.89738  796 2992 7645.00000 7745.14612  1.31%   645 1531s
  7805  7698 7712.09640  364 3078 7645.00000 7745.05802  1.31%   645 1535s
  7808  7700 7715.11060  475 3127 7645.00000 7744.99397  1.31%   645 1540s
  7809  7701 7715.69651  448 2879 7645.00000 7744.56274  1.30%   645 1548s
  7810  7701 7712.28921  399 2976 7645.00000 7744.39785  1.30%   645 1553s
  7811  7702 7720.66003  289 2989 7645.00000 7744.29138  1.30%   645 1556s
  7813  7703 7739.70941   67 3024 7645.00000 7744.20155  1.30%   644 1561s
  7815  7705 7719.69524  325 2917 7645.00000 7743.81290  1.29%   644 1572s
  7816  7705 7710.83880  325 2939 7645.00000 7743.61073  1.29%   644 1577s
  7817  7706 7674.80623  801 2934 7645.00000 7743.51322  1.29%   644 1581s
  7819  7707 7717.82089  201 3068 7645.00000 7743.41410  1.29%   644 1586s
  7821  7709 7743.35056   17 3080 7645.00000 7743.35056  1.29%   644 1590s
  7823  7710 7665.09084  908 2879 7645.00000 7743.04458  1.28%   644 1601s
  7824  7711 7678.44108  855 2946 7645.00000 7742.84618  1.28%   643 1606s
  7825  7711 7716.93561  373 3008 7645.00000 7742.74385  1.28%   643 1610s
  7827  7713 7711.42448  318 3050 7645.00000 7742.67437  1.28%   643 1615s
  7829  7714 7691.81551  137 2964 7645.00000 7742.39553  1.27%   643 1625s
  7830  7715 7715.02784  485 3016 7645.00000 7742.26989  1.27%   643 1630s
  7832  7716 7685.42213  659 3059 7645.00000 7742.14986  1.27%   643 1636s
  7834  7717 7684.36145  515 3065 7645.00000 7742.10021  1.27%   643 1641s
  7835  7718 7716.42993  248 2949 7645.00000 7741.81639  1.27%   643 1648s
  7836  7719 7705.67743  582 2996 7645.00000 7741.65265  1.26%   642 1653s
  7837  7719 7741.57257   43 2983 7645.00000 7741.57257  1.26%   642 1657s
  7838  7720 7716.73200  241 3050 7645.00000 7741.51462  1.26%   642 1660s
  7841  7722 7741.43896   11 3102 7645.00000 7741.43896  1.26%   642 1666s
  7842  7723 7721.66196  197 2933 7645.00000 7741.15546  1.26%   642 1674s
  7843  7723 7673.11240  195 2980 7645.00000 7741.02817  1.26%   642 1679s
  7844  7724 7698.69045  386 3012 7645.00000 7740.96247  1.26%   642 1683s
  7845  7725 7701.68457  583 3034 7645.00000 7740.92291  1.25%   642 1686s
  7848  7727 7704.15523  600 3003 7645.00000 7740.69896  1.25%   641 1695s
  7849  7727 7740.56185   56 3032 7645.00000 7740.56185  1.25%   641 1700s
  7851  7729 7740.45819   10 3068 7645.00000 7740.45819  1.25%   641 1706s
  7853  7730 7675.27477  820 3047 7645.00000 7740.40732  1.25%   641 1710s
  7854  7731 7729.24387  124 3034 7645.00000 7740.24566  1.25%   641 1716s
  7855  7731 7709.59953  566 3058 7645.00000 7740.14827  1.24%   641 1721s
  7857  7733 7713.59667  274 3034 7645.00000 7740.06265  1.24%   641 1726s
  7859  7734 7739.82958   97 3052 7645.00000 7740.01671  1.24%   641 1730s
  7861  7735 7706.12958  277 3010 7645.00000 7739.86897  1.24%   640 1738s
  7862  7736 7704.02772  620 3040 7645.00000 7739.75822  1.24%   640 1743s
  7863  7737 7696.01517  522 3009 7645.00000 7739.70874  1.24%   640 1746s
  7865  7738 7706.25935  339 3075 7645.00000 7739.65734  1.24%   640 1750s
  7868  7740 7739.47989   53 3000 7645.00000 7739.47989  1.24%   640 1760s
  7870  7741 7698.83244  388 3078 7645.00000 7739.36465  1.23%   640 1767s
  7872  7743 7687.85444  677 3089 7645.00000 7739.31863  1.23%   640 1771s
  7874  7744 7659.76567  967 2904 7645.00000 7739.13452  1.23%   639 1780s
  7875  7745 7705.13297  354 3038 7645.00000 7739.01288  1.23%   639 1786s
  7876  7745 7735.67373  133 3007 7645.00000 7738.94905  1.23%   639 1790s
  7878  7747 7726.62394  162 3076 7645.00000 7738.87982  1.23%   639 1795s
  7880  7748 7738.69535   40 2979 7645.00000 7738.69535  1.23%   639 1803s
  7881  7749 7694.12479  450 3037 7645.00000 7738.62902  1.22%   639 1806s
  7883  7750 7692.31978  668 3096 7645.00000 7738.56512  1.22%   639 1811s
  7885  7751 7738.42061   63 3002 7645.00000 7738.42061  1.22%   638 1819s
  7886  7752 7711.82398  506 2970 7645.00000 7738.35011  1.22%   638 1822s
  7887  7753 7720.77360  355 3015 7645.00000 7738.30221  1.22%   638 1825s
  7889  7754 7684.46338  721 3018 7645.00000 7738.24926  1.22%   638 1830s
  7891  7755 7738.11478   67 2964 7645.00000 7738.11478  1.22%   638 1837s
  7892  7756 7722.48070  194 3000 7645.00000 7738.04810  1.22%   638 1840s
  7894  7757 7721.33939  280 3014 7645.00000 7737.96640  1.22%   638 1846s
  7896  7759 7719.69490  239 2989 7645.00000 7737.83823  1.21%   638 1854s
  7897  7759 7675.74755  864 3028 7645.00000 7737.75647  1.21%   637 1859s
  7898  7760 7719.99471  152 3024 7645.00000 7737.71428  1.21%   637 1862s
  7899  7761 7726.76746  298 3051 7645.00000 7737.68910  1.21%   637 1865s
  7901  7762 7718.54227  257 2979 7645.00000 7737.56994  1.21%   637 1873s
  7902  7763 7737.51220   19 3058 7645.00000 7737.51220  1.21%   637 1877s
  7903  7763 7684.89738  796 2976 7645.00000 7737.47820  1.21%   637 1880s
  7906  7765 7710.53016  317 3019 7645.00000 7737.35171  1.21%   637 1890s
  7908  7767 7715.11060  475 3046 7645.00000 7737.22341  1.21%   637 1897s
  7909  7767 7715.69651  448 3102 7645.00000 7737.19682  1.21%   637 1900s
  7911  7769 7720.66003  289 2980 7645.00000 7737.06909  1.20%   636 1908s
  7912  7769 7719.36263  244 3052 7645.00000 7737.00267  1.20%   636 1912s
  7913  7770 7736.95565   67 3036 7645.00000 7736.95565  1.20%   636 1916s
  7915  7771 7719.69524  325 3089 7645.00000 7736.91257  1.20%   636 1920s
  7916  7772 7710.83880  325 3018 7645.00000 7736.84420  1.20%   636 1925s
  7918  7773 7704.26151  606 2955 7645.00000 7736.76226  1.20%   636 1932s
  7919  7774 7717.82089  201 3096 7645.00000 7736.74001  1.20%   636 1935s
  7921  7775 7736.66813   17 3003 7645.00000 7736.66813  1.20%   636 1942s
  7922  7776 7732.99266  194 3040 7645.00000 7736.61762  1.20%   635 1945s
  7924  7777 7678.44108  855 3110 7645.00000 7736.56690  1.20%   635 1950s
  7926  7779 7736.50445   74 3080 7645.00000 7736.50445  1.20%   635 1957s
  7931  7783 7713.45519  230 1050 7645.00000 7736.50445  1.20%   719 1961s
  7933  7785 7708.52224  458 1454 7645.00000 7736.50445  1.20%   718 1967s
  7934  7785 7684.36145  515 1585 7645.00000 7736.50445  1.20%   718 1970s
  7935  7786 7716.42993  248 1702 7645.00000 7736.50445  1.20%   718 1975s
  7936  7787 7705.67743  582 1850 7645.00000 7736.50445  1.20%   718 1980s
  7937  7787 7736.50445   43 2043 7645.00000 7736.50445  1.20%   718 1985s
  7938  7788 7716.73200  241 2149 7645.00000 7736.50445  1.20%   718 1992s
  7939  7789 7670.12869  913 2425 7645.00000 7736.50445  1.20%   718 1998s
  7940  7789 7731.34264  211 2492 7645.00000 7736.50445  1.20%   718 2005s
  7941  7790 7736.50445   11 2585 7645.00000 7736.50445  1.20%   718 2010s
  7942  7791 7721.66196  197 2704 7645.00000 7736.50445  1.20%   718 2015s
  7944  7792 7698.69045  386 2873 7645.00000 7736.50445  1.20%   717 2021s
  7946  7793 7665.10750  894 2971 7645.00000 7736.50445  1.20%   717 2025s
  7947  7794 7736.43309   27 3020 7645.00000 7736.43309  1.20%   717 2030s
  7949  7795 7736.39391   56 2998 7645.00000 7736.39391  1.20%   717 2035s
  7950  7796 7727.70256  156 2903 7645.00000 7736.27237  1.19%   717 2041s
  7951  7797 7736.21141   10 3022 7645.00000 7736.21141  1.19%   717 2045s
  7953  7798 7675.27477  820 3048 7645.00000 7736.16323  1.19%   717 2051s
  7954  7799 7729.24387  124 2930 7645.00000 7736.08528  1.19%   717 2056s
  7955  7799 7709.59953  566 2941 7645.00000 7736.02646  1.19%   716 2060s
  7957  7801 7713.59667  274 3007 7645.00000 7735.98794  1.19%   716 2065s
  7958  7801 7711.24525  470 2948 7645.00000 7735.90889  1.19%   716 2073s
  7960  7803 7715.35117  432 2947 7645.00000 7735.90882  1.19%   716 2084s
  7961  7806 7735.87687   25 2888 7645.00000 7735.90622  1.19%   730 2109s
  7963  7810 7735.86414   26 2888 7645.00000 7735.86414  1.19%   731 2136s
  7967  7816 7735.71577   27 2866 7645.00000 7735.71577  1.19%   736 2181s
  7975  7822 7735.18949   28 2831 7645.00000 7735.48171  1.18%   746 2208s
  7983  7827 7718.50154   28 2600 7645.00000 7735.18944  1.18%   761 2231s
  7991  7832 7735.14970   29 2795 7645.00000 7735.18899  1.18%   769 2242s
  7999  7838 7731.48117   29 2700 7645.00000 7735.14962  1.18%   773 2257s
  8007  7845 7734.97009   30 2765 7645.00000 7735.14951  1.18%   776 2270s
  8017  7853 7734.75401   30 2753 7645.00000 7734.97007  1.18%   781 2280s
  8028  7862 7734.89689   31 2722 7645.00000 7734.97004  1.18%   782 2289s
  8041  7869 7734.29409   31 2752 7645.00000 7734.89688  1.18%   786 2300s
  8052  7879 7734.83013   32 2710 7645.00000 7734.83013  1.18%   789 2316s
  8066  7888 7734.74212   33 2716 7645.00000 7734.75389  1.17%   794 2342s
  8080  7898 7734.63908   34 2708 7645.00000 7734.75389  1.17%   799 2368s
  8094  7914 7734.68210   34 2636 7645.00000 7734.75389  1.17%   803 2384s
  8115  7922 7734.67834   36 2610 7645.00000 7734.75389  1.17%   806 2398s
  8130  7939 7734.67396   37 2676 7645.00000 7734.75389  1.17%   811 2409s
  8152  7949 7734.60659   38 2678 7645.00000 7734.75389  1.17%   814 2425s
  8169  7968 7734.55638   39 2652 7645.00000 7734.75389  1.17%   818 2437s
  8194  7977 7734.52178   40 2640 7645.00000 7734.75389  1.17%   821 2453s
  8211  7995 7734.17694   41 2668 7645.00000 7734.75389  1.17%   826 2470s
  8235  8013 7734.42094   41 2645 7645.00000 7734.75389  1.17%   830 2487s
  8261  8034 7734.37938   43 2606 7645.00000 7734.75389  1.17%   834 2498s
  8291  8054 7734.36893   44 2584 7645.00000 7734.75389  1.17%   836 2514s
  8321  8077 7734.20430   45 2557 7645.00000 7734.75389  1.17%   840 2532s
  8354  8101 7734.13267   47 2546 7645.00000 7734.75389  1.17%   844 2546s
  8389  8137 7734.11328   49 2526 7645.00000 7734.75389  1.17%   847 2572s
  8436  8155 7734.10361   51 2493 7645.00000 7734.75389  1.17%   852 2594s
  8470  8191 7732.88059   52 2543 7645.00000 7734.75389  1.17%   860 2613s
  8517  8240 7733.86454   54 2498 7645.00000 7734.75389  1.17%   864 2638s
  8582  8279 7733.78621   56 2489 7645.00000 7734.75389  1.17%   869 2662s
  8647  8313 7733.76030   57 2462 7645.00000 7734.75389  1.17%   873 2687s
  8719  8311 7733.46302   59 2455 7645.00000 7734.75389  1.17%   877 2730s
  8768  8308 7732.56993   61 2523 7645.00000 7734.75389  1.17%   884 2793s
  8782  8322 7732.55897   62 2517 7645.00000 7734.75389  1.17%   900 2827s
  8800  8344 7732.53067   64 2473 7645.00000 7734.75389  1.17%   912 2857s
  8828  8368 7732.51741   66 2460 7645.00000 7734.75389  1.17%   922 2889s
  8862  8425 7732.48666   68 2458 7645.00000 7734.75389  1.17%   932 2921s
  8930  8478 7732.34012   73 2470 7645.00000 7734.75389  1.17%   939 2964s
  9006  8539 7732.25424   77 2463 7645.00000 7734.75389  1.17%   947 2995s
  9110  8539 7731.99033   82 2467 7645.00000 7734.75389  1.17%   951 3042s
  9173  8540 7731.56651   84 2524 7645.00000 7734.75389  1.17%   959 3087s
  9195  8580 7731.33068   85 2455 7645.00000 7734.75389  1.17%   973 3133s
  9242  8649 7731.40737   88 2484 7645.00000 7734.75389  1.17%   983 3172s
  9327  8680 7731.39781   91 2384 7645.00000 7734.75389  1.17%   990 3213s
  9386  8762 7731.14601   93 2406 7645.00000 7734.75389  1.17%  1000 3252s
  9488  8815 7731.07129   97 2360 7645.00000 7734.75389  1.17%  1005 3295s
  9575  8871 7731.03936  102 2354 7645.00000 7734.75389  1.17%  1013 3338s
  9660  8925 7730.98920  106 2344 7645.00000 7734.75389  1.17%  1022 3383s
  9742  8982 7730.57690  109 2329 7645.00000 7734.75389  1.17%  1032 3429s
  9826  9044 7730.44354  113 2293 7645.00000 7734.75389  1.17%  1042 3476s
  9916  9130 7729.85379  117 2277 7645.00000 7734.75389  1.17%  1052 3526s
 10032  9201 7728.97431  122 2219 7645.00000 7734.75389  1.17%  1062 3578s
 10144  9210 7728.72141  127 2232 7645.00000 7734.75389  1.17%  1071 3600s

Cutting planes:
  Gomory: 23
  Cover: 67
  Implied bound: 3
  MIR: 939
  StrongCG: 51
  Flow cover: 2276
  GUB cover: 744
  Zero half: 21
  Mod-K: 1
  RLT: 448
  Relax-and-lift: 8

Explored 10190 nodes (11068811 simplex iterations) in 3600.01 seconds (7262.31 work units)
Thread count was 8 (of 8 available processors)

Solution count 10: 7645 7644 7643 ... 7636

Time limit reached
Best objective 7.645000000000e+03, best bound 7.734000000000e+03, gap 1.1642%
