
Gurobi 9.5.0 (win64) logging started Thu May 12 18:26:25 2022

Set parameter LogFile to value "../results/logs/log_soc-dolphins_3_1_2022_05_12_18_26.log"
Set parameter LazyConstraints to value 1
Gurobi Optimizer version 9.5.0 build v9.5.0rc5 (win64)
Thread count: 6 physical cores, 12 logical processors, using up to 12 threads
Optimize a model with 2631 rows, 186 columns and 7952 nonzeros
Model fingerprint: 0x67ed0cd2
Variable types: 0 continuous, 186 integer (186 binary)
Coefficient statistics:
  Matrix range     [1e+00, 1e+00]
  Objective range  [1e+00, 1e+00]
  Bounds range     [1e+00, 1e+00]
  RHS range        [1e+00, 1e+00]
Found heuristic solution: objective 9.0000000
Presolve removed 2506 rows and 0 columns
Presolve time: 0.02s
Presolved: 125 rows, 186 columns, 2940 nonzeros
Variable types: 0 continuous, 186 integer (186 binary)
Found heuristic solution: objective 10.0000000

Root relaxation: objective 3.600000e+01, 78 iterations, 0.00 seconds (0.00 work units)

    Nodes    |    Current Node    |     Objective Bounds      |     Work
 Expl Unexpl |  Obj  Depth IntInf | Incumbent    BestBd   Gap | It/Node Time

*    0     0               0      36.0000000   36.00000  0.00%     -    0s

Explored 1 nodes (78 simplex iterations) in 0.03 seconds (0.02 work units)
Thread count was 12 (of 12 available processors)

Solution count 3: 36 10 9 

Optimal solution found (tolerance 0.00e+00)
Best objective 3.600000000000e+01, best bound 3.600000000000e+01, gap 0.0000%

User-callback calls 136, time in user-callback 0.00 sec
