
Gurobi 9.5.1 (linux64) logging started Sun Jul  3 14:55:30 2022

Set parameter LogFile to value "../results/logs/log_soc-twitter-higgs.e_17_250_2022_07_03_14_54.log"
Gurobi Optimizer version 9.5.1 build v9.5.1rc2 (linux64)
Thread count: 8 physical cores, 8 logical processors, using up to 8 threads
Optimize a model with 18469 rows, 913262 columns and 596114 nonzeros
Model fingerprint: 0xe778fb86
Variable types: 0 continuous, 913262 integer (913262 binary)
Coefficient statistics:
  Matrix range     [1e+00, 2e+01]
  Objective range  [1e+00, 1e+00]
  Bounds range     [1e+00, 1e+00]
  RHS range        [1e+00, 2e+02]
Found heuristic solution: objective 231419.00000
Presolve removed 9419 rows and 896349 columns
Presolve time: 0.71s
Presolved: 9050 rows, 16913 columns, 56747 nonzeros
Found heuristic solution: objective 231723.00000
Variable types: 0 continuous, 16913 integer (14174 binary)

Root relaxation: objective 2.332914e+05, 5956 iterations, 0.11 seconds (0.14 work units)

    Nodes    |    Current Node    |     Objective Bounds      |     Work
 Expl Unexpl |  Obj  Depth IntInf | Incumbent    BestBd   Gap | It/Node Time

     0     0 233291.353    0 2718 231723.000 233291.353  0.68%     -    1s
H    0     0                    231736.00000 233291.353  0.67%     -    1s
H    0     0                    231979.00000 233291.353  0.57%     -    1s
H    0     0                    232000.00000 232691.660  0.30%     -    1s
     0     0 232682.039    0 1943 232000.000 232682.039  0.29%     -    1s
H    0     0                    232136.00000 232682.039  0.24%     -    2s
     0     0 232508.665    0 1388 232136.000 232508.665  0.16%     -    2s
     0     0 232494.403    0 1371 232136.000 232494.403  0.15%     -    2s
     0     0 232493.109    0 1371 232136.000 232493.109  0.15%     -    2s
     0     0 232492.885    0 1373 232136.000 232492.885  0.15%     -    2s
     0     0 232492.855    0 1405 232136.000 232492.855  0.15%     -    2s
     0     0 232416.566    0 1199 232136.000 232416.566  0.12%     -    2s
H    0     0                    232223.00000 232405.008  0.08%     -    3s
     0     0 232405.008    0 1176 232223.000 232405.008  0.08%     -    3s
     0     0 232401.071    0 1178 232223.000 232401.071  0.08%     -    3s
     0     0 232400.406    0 1232 232223.000 232400.406  0.08%     -    3s
     0     0 232382.834    0 1214 232223.000 232382.834  0.07%     -    3s
H    0     0                    232305.00000 232382.834  0.03%     -    4s
     0     0 232378.443    0 1118 232305.000 232378.443  0.03%     -    4s
     0     0 232377.391    0 1219 232305.000 232377.391  0.03%     -    4s
     0     0 232376.909    0 1199 232305.000 232376.909  0.03%     -    5s
     0     0 232368.774    0  985 232305.000 232368.774  0.03%     -    5s
     0     0 232366.694    0 1092 232305.000 232366.694  0.03%     -    5s
     0     0 232366.026    0 1132 232305.000 232366.026  0.03%     -    5s
     0     0 232361.279    0 1001 232305.000 232361.279  0.02%     -    6s
     0     0 232361.279    0  989 232305.000 232361.279  0.02%     -    6s
     0     2 232360.847    0  982 232305.000 232360.847  0.02%     -    6s
H  491   826                    232307.00000 232357.965  0.02%  59.0    9s
H  509   826                    232309.00000 232357.965  0.02%  58.8    9s
H  578   826                    232310.00000 232357.965  0.02%  54.9   10s
H 1719  1756                    232317.00000 232357.965  0.02%  50.1   13s
H 1814  2235                    232319.00000 232357.965  0.02%  49.4   14s
H 1911  2012                    232324.00000 232357.965  0.01%  48.4   14s
  2457  2297     cutoff  250      232324.000 232357.923  0.01%  46.9   16s
  3609  2996 232334.646   76 2653 232324.000 232357.923  0.01%  46.7   20s
H 3609  2846                    232325.00000 232357.923  0.01%  46.7   21s
  3628  2859 232344.994   48  996 232325.000 232344.994  0.01%  46.5   25s
H 3641  2724                    232328.00000 232337.317  0.00%  46.3   29s
  3649  2729 232332.984  142  631 232328.000 232336.348  0.00%  46.2   30s
  3660  2736 232328.826  133  727 232328.000 232333.797  0.00%  46.1   35s
  3673  2745 232328.090  106  682 232328.000 232332.344  0.00%  45.9   40s
  3681  2750 232331.642   12  713 232328.000 232331.642  0.00%  45.8   45s
  3692  2759 232331.498   74  945 232328.000 232331.498  0.00%  57.2   50s
  3710  2771 232331.498    8  687 232328.000 232331.498  0.00%  56.9   55s
  3717  2775 232331.498   33  724 232328.000 232331.498  0.00%  56.8   61s
  3729  2783 232328.000  144  346 232328.000 232331.227  0.00%  56.6   65s
  3743  2793 232328.000  238  461 232328.000 232330.658  0.00%  56.4   70s
  3759  2804 232330.655   37  626 232328.000 232330.655  0.00%  64.1   75s
  3780  2818 232330.655  117  431 232328.000 232330.655  0.00%  63.7   80s
  3792  2826 232330.655   74  456 232328.000 232330.655  0.00%  63.5   85s
  3797  2830 infeasible   34      232328.000 232330.357  0.00%  69.4   90s
H 3828  2690                    232329.00000 232330.243  0.00%  69.2   91s

Cutting planes:
  Gomory: 158
  Lift-and-project: 156
  Cover: 124
  Implied bound: 35
  MIR: 431
  StrongCG: 27
  Flow cover: 709
  GUB cover: 661
  Zero half: 195
  Mod-K: 1
  RLT: 198
  Relax-and-lift: 17

Explored 3879 nodes (286084 simplex iterations) in 91.40 seconds (86.61 work units)
Thread count was 8 (of 8 available processors)

Solution count 10: 232329 232328 232328 ... 232310

Optimal solution found (tolerance 0.00e+00)
Best objective 2.323290000000e+05, best bound 2.323290000000e+05, gap 0.0000%
