
Gurobi 9.5.1 (linux64) logging started Wed Mar  9 17:57:16 2022

Set parameter LogFile to value "../results/logs/log_2022_03_09_17_57.csv_2_55.log"
Set parameter Method to value 3
Gurobi Optimizer version 9.5.1 build v9.5.1rc2 (linux64)
Thread count: 8 physical cores, 8 logical processors, using up to 8 threads
Optimize a model with 7793 rows, 9882 columns and 42118 nonzeros
Model fingerprint: 0x3624fb89
Variable types: 4941 continuous, 4941 integer (4941 binary)
Coefficient statistics:
  Matrix range     [1e+00, 2e+00]
  Objective range  [1e+00, 1e+00]
  Bounds range     [1e+00, 1e+00]
  RHS range        [1e+00, 6e+01]
Found heuristic solution: objective 3353.0000000
Presolve removed 7455 rows and 9420 columns
Presolve time: 0.01s
Presolved: 338 rows, 462 columns, 1285 nonzeros
Variable types: 153 continuous, 309 integer (255 binary)
Found heuristic solution: objective 3408.0000000

Root relaxation: objective 3.534500e+03, 324 iterations, 0.00 seconds (0.00 work units)

    Nodes    |    Current Node    |     Objective Bounds      |     Work
 Expl Unexpl |  Obj  Depth IntInf | Incumbent    BestBd   Gap | It/Node Time

     0     0 3534.50000    0   61 3408.00000 3534.50000  3.71%     -    0s
H    0     0                    3482.0000000 3534.50000  1.51%     -    0s
H    0     0                    3484.0000000 3534.50000  1.45%     -    0s
     0     0 3526.00000    0   96 3484.00000 3526.00000  1.21%     -    0s
H    0     0                    3485.0000000 3526.00000  1.18%     -    0s
     0     0 3506.16667    0   23 3485.00000 3506.16667  0.61%     -    0s
H    0     0                    3495.0000000 3506.16667  0.32%     -    0s
     0     0 3504.33333    0   15 3495.00000 3504.33333  0.27%     -    0s
*    0     0               0    3502.0000000 3502.00000  0.00%     -    0s

Cutting planes:
  Gomory: 32
  Implied bound: 45
  MIR: 102
  RLT: 17
  Relax-and-lift: 2

Explored 1 nodes (685 simplex iterations) in 0.07 seconds (0.03 work units)
Thread count was 8 (of 8 available processors)

Solution count 7: 3502 3495 3485 ... 3353

Optimal solution found (tolerance 1.00e-04)
Best objective 3.502000000000e+03, best bound 3.502000000000e+03, gap 0.0000%
