
Gurobi 9.5.1 (linux64) logging started Tue Jun 21 03:46:02 2022

Set parameter LogFile to value "../results/logs/log_Gowalla_edges_3_250_2022_06_21_01_26.log"
Gurobi Optimizer version 9.5.1 build v9.5.1rc2 (linux64)
Thread count: 8 physical cores, 8 logical processors, using up to 8 threads
Optimize a model with 82363 rows, 393182 columns and 376935 nonzeros
Model fingerprint: 0x510f7766
Variable types: 0 continuous, 393182 integer (393182 binary)
Coefficient statistics:
  Matrix range     [1e+00, 3e+00]
  Objective range  [1e+00, 1e+00]
  Bounds range     [1e+00, 1e+00]
  RHS range        [1e+00, 2e+02]
Found heuristic solution: objective 106417.00000
Presolve removed 69598 rows and 378497 columns
Presolve time: 0.56s
Presolved: 12765 rows, 14685 columns, 43208 nonzeros
Found heuristic solution: objective 106701.00000
Variable types: 0 continuous, 14685 integer (14121 binary)

Root relaxation: objective 1.075618e+05, 6760 iterations, 0.13 seconds (0.19 work units)

    Nodes    |    Current Node    |     Objective Bounds      |     Work
 Expl Unexpl |  Obj  Depth IntInf | Incumbent    BestBd   Gap | It/Node Time

     0     0 107561.768    0  718 106701.000 107561.768  0.81%     -    1s
H    0     0                    107112.00000 107561.768  0.42%     -    1s
H    0     0                    107118.00000 107561.768  0.41%     -    1s
H    0     0                    107233.00000 107561.768  0.31%     -    1s
     0     0 107323.070    0  178 107233.000 107323.070  0.08%     -    1s
H    0     0                    107286.00000 107323.070  0.03%     -    1s
H    0     0                    107295.00000 107320.257  0.02%     -    1s
     0     0 107301.109    0  162 107295.000 107301.109  0.01%     -    1s
H    0     0                    107296.00000 107301.109  0.00%     -    4s
H    0     0                    107297.00000 107301.109  0.00%     -    4s
H    0     0                    107298.00000 107301.109  0.00%     -    4s
H    0     0                    107299.00000 107301.109  0.00%     -    4s

Cutting planes:
  Gomory: 105
  Cover: 2
  Implied bound: 28
  MIR: 319
  StrongCG: 9
  GUB cover: 148
  Zero half: 53
  RLT: 41
  Relax-and-lift: 3

Explored 1 nodes (7777 simplex iterations) in 4.57 seconds (3.30 work units)
Thread count was 8 (of 8 available processors)

Solution count 10: 107299 107298 107297 ... 106701

Optimal solution found (tolerance 0.00e+00)
Best objective 1.072990000000e+05, best bound 1.072990000000e+05, gap 0.0000%
