
Gurobi 9.5.1 (linux64) logging started Wed Mar  9 18:00:02 2022

Set parameter LogFile to value "../results/logs/log_2022_03_09_17_57.csv_3_50.log"
Set parameter Method to value 3
Gurobi Optimizer version 9.5.1 build v9.5.1rc2 (linux64)
Thread count: 8 physical cores, 8 logical processors, using up to 8 threads
Optimize a model with 5947 rows, 9882 columns and 44842 nonzeros
Model fingerprint: 0xd00a5829
Variable types: 4941 continuous, 4941 integer (4941 binary)
Coefficient statistics:
  Matrix range     [1e+00, 3e+00]
  Objective range  [1e+00, 1e+00]
  Bounds range     [1e+00, 1e+00]
  RHS range        [1e+00, 5e+01]
Found heuristic solution: objective 231.0000000
Presolve removed 2783 rows and 5534 columns
Presolve time: 0.04s
Presolved: 3164 rows, 4348 columns, 16843 nonzeros
Variable types: 2523 continuous, 1825 integer (1795 binary)
Found heuristic solution: objective 263.0000000

Concurrent LP optimizer: primal simplex, dual simplex, and barrier
Showing barrier log only...

Root barrier log...

Ordering time: 0.00s

Barrier statistics:
 AA' NZ     : 1.450e+04
 Factor NZ  : 4.269e+04 (roughly 3 MB of memory)
 Factor Ops : 6.627e+05 (less than 1 second per iteration)
 Threads    : 1

                  Objective                Residual
Iter       Primal          Dual         Primal    Dual     Compl     Time
   0   1.03508534e+04  1.26870778e+04  3.82e+03 9.44e-01  3.16e+01     0s
   1   5.02802517e+03  1.86467421e+04  1.72e+03 9.77e-15  1.38e+01     0s
   2   1.21084772e+03  1.17810256e+04  1.19e+02 6.66e-15  1.62e+00     0s
   3   1.01376547e+03  2.79844812e+03  1.81e+01 9.33e-15  2.35e-01     0s
   4   1.05853411e+03  1.62299274e+03  2.34e+00 7.05e-15  5.64e-02     0s
   5   1.11982432e+03  1.36799770e+03  7.71e-01 7.77e-15  2.32e-02     0s
   6   1.15287943e+03  1.27046678e+03  2.66e-01 4.65e-15  1.06e-02     0s
   7   1.16898866e+03  1.21920186e+03  1.22e-01 4.41e-15  4.53e-03     0s
   8   1.17729256e+03  1.20622937e+03  6.28e-02 3.52e-15  2.59e-03     0s
   9   1.17993602e+03  1.19991943e+03  4.55e-02 3.63e-15  1.79e-03     0s
  10   1.18277907e+03  1.19392901e+03  2.72e-02 2.61e-15  1.00e-03     0s
  11   1.18516912e+03  1.19131101e+03  1.15e-02 3.05e-15  5.45e-04     0s
  12   1.18574676e+03  1.18930398e+03  8.43e-03 3.47e-15  3.19e-04     0s
  13   1.18641252e+03  1.18756824e+03  5.00e-03 5.25e-15  1.08e-04     0s
  14   1.18704133e+03  1.18747916e+03  1.86e-03 4.14e-15  4.08e-05     0s
  15   1.18718447e+03  1.18745254e+03  1.20e-03 5.34e-15  2.51e-05     0s
  16   1.18722884e+03  1.18743471e+03  9.09e-04 3.55e-15  1.92e-05     0s
  17   1.18743113e+03  1.18743274e+03  3.77e-06 4.56e-15  1.44e-07     0s
  18   1.18743222e+03  1.18743222e+03  0.00e+00 4.31e-15  4.93e-10     0s

Barrier solved model in 18 iterations and 0.10 seconds (0.09 work units)
Optimal objective 1.18743222e+03


Solved with primal simplex

Root relaxation: objective 1.187432e+03, 3018 iterations, 0.06 seconds (0.05 work units)

    Nodes    |    Current Node    |     Objective Bounds      |     Work
 Expl Unexpl |  Obj  Depth IntInf | Incumbent    BestBd   Gap | It/Node Time

     0     0 1187.43222    0 1243  263.00000 1187.43222   351%     -    0s
H    0     0                     278.0000000 1187.43222   327%     -    0s
H    0     0                     294.0000000  723.53834   146%     -    0s
     0     0  723.53834    0  721  294.00000  723.53834   146%     -    0s
H    0     0                     295.0000000  723.53834   145%     -    0s
     0     0  689.69127    0  646  295.00000  689.69127   134%     -    0s
     0     0  687.96606    0  615  295.00000  687.96606   133%     -    0s
     0     0  687.75460    0  614  295.00000  687.75460   133%     -    0s
     0     0  609.82555    0  551  295.00000  609.82555   107%     -    0s
     0     0  599.19224    0  567  295.00000  599.19224   103%     -    0s
     0     0  597.25966    0  596  295.00000  597.25966   102%     -    0s
H    0     0                     308.0000000  596.92641  93.8%     -    0s
     0     0  596.92641    0  565  308.00000  596.92641  93.8%     -    0s
H    0     0                     321.0000000  596.92641  86.0%     -    0s
     0     0  572.83501    0  462  321.00000  572.83501  78.5%     -    0s
H    0     0                     322.0000000  572.83501  77.9%     -    0s
     0     0  565.70897    0  478  322.00000  565.70897  75.7%     -    0s
     0     0  563.60242    0  455  322.00000  563.60242  75.0%     -    0s
H    0     0                     342.0000000  563.22645  64.7%     -    0s
     0     0  563.22645    0  469  342.00000  563.22645  64.7%     -    0s
H    0     0                     352.0000000  563.22645  60.0%     -    1s
     0     0  553.88404    0  440  352.00000  553.88404  57.4%     -    1s
     0     0  551.44813    0  477  352.00000  551.44813  56.7%     -    1s
     0     0  550.99372    0  465  352.00000  550.99372  56.5%     -    1s
     0     0  547.56946    0  390  352.00000  547.56946  55.6%     -    1s
H    0     0                     354.0000000  547.56946  54.7%     -    1s
     0     0  546.74505    0  335  354.00000  546.74505  54.4%     -    1s
     0     0  544.27664    0  430  354.00000  544.27664  53.8%     -    1s
     0     0  544.27664    0  430  354.00000  544.27664  53.8%     -    1s
     0     2  544.27664    0  430  354.00000  544.27664  53.8%     -    1s
H   34    40                     355.0000000  542.02739  52.7%   136    2s
H   35    40                     357.0000000  542.02739  51.8%   138    2s
H  116   125                     358.0000000  542.02739  51.4%  80.7    2s
H  121   125                     362.0000000  542.02739  49.7%  80.0    2s
H  169   176                     363.0000000  542.02739  49.3%  69.7    2s
H  172   176                     365.0000000  542.02739  48.5%  70.1    2s
H  174   176                     395.0000000  542.02739  37.2%  69.9    2s
H 1274  1274                     399.0000000  542.02739  35.8%  39.6    4s
H 1799  1782                     417.0000000  541.42177  29.8%  39.2    4s
H 1945  1916                     421.0000000  541.42177  28.6%  39.8    5s
H 1946  1892                     428.0000000  541.42177  26.5%  39.8    5s
H 1947  1891                     429.0000000  541.42177  26.2%  39.8    5s
H 1948  1886                     431.0000000  541.42177  25.6%  39.8    5s
H 2638  2502                     436.0000000  541.42177  24.2%  39.5    6s
  2673  2526  489.94703  146  201  436.00000  523.36622  20.0%  39.0   10s
H 2696  2413                     495.0000000  520.44523  5.14%  38.7   11s
H 2696  2291                     496.0000000  520.44523  4.93%  38.7   11s
H 2705  2181                     498.0000000  520.03012  4.42%  38.6   12s
H 2733  2090                     499.0000000  519.32795  4.07%  44.8   14s
H 2744  1993                     505.0000000  519.28309  2.83%  44.6   15s
H 2761  1904                     507.0000000  519.21579  2.41%  44.3   16s
H 2799  1836                     508.0000000  518.21201  2.01%  47.8   19s
H 2885  1801                     509.0000000  517.96398  1.76%  47.4   19s
H 2895  1728                     516.0000000  517.96398  0.38%  47.3   19s

Cutting planes:
  Gomory: 135
  Lift-and-project: 134
  Implied bound: 17
  MIR: 880
  Flow cover: 705
  RLT: 102
  Relax-and-lift: 37

Explored 2978 nodes (148809 simplex iterations) in 19.98 seconds (21.54 work units)
Thread count was 8 (of 8 available processors)

Solution count 10: 516 509 508 ... 436

Optimal solution found (tolerance 1.00e-04)
Best objective 5.160000000000e+02, best bound 5.160000000000e+02, gap 0.0000%
