
Gurobi 9.5.1 (linux64) logging started Fri Jul  1 12:37:23 2022

Set parameter LogFile to value "../results/logs/log_facebook_combined_17_250_2022_07_01_12_37.log"
Gurobi Optimizer version 9.5.1 build v9.5.1rc2 (linux64)
Thread count: 8 physical cores, 8 logical processors, using up to 8 threads
Optimize a model with 41978 rows, 8078 columns and 150272 nonzeros
Model fingerprint: 0xebef2327
Variable types: 0 continuous, 8078 integer (8078 binary)
Coefficient statistics:
  Matrix range     [1e+00, 2e+01]
  Objective range  [1e+00, 1e+00]
  Bounds range     [1e+00, 1e+00]
  RHS range        [1e+00, 2e+02]
Found heuristic solution: objective 2061.0000000
Presolve removed 39756 rows and 6380 columns
Presolve time: 0.05s
Presolved: 2222 rows, 1698 columns, 21090 nonzeros
Variable types: 0 continuous, 1698 integer (1661 binary)
Found heuristic solution: objective 2105.0000000

Root relaxation: objective 2.547763e+03, 1080 iterations, 0.01 seconds (0.02 work units)

    Nodes    |    Current Node    |     Objective Bounds      |     Work
 Expl Unexpl |  Obj  Depth IntInf | Incumbent    BestBd   Gap | It/Node Time

     0     0 2547.76316    0  121 2105.00000 2547.76316  21.0%     -    0s
H    0     0                    2497.0000000 2547.76316  2.03%     -    0s
H    0     0                    2499.0000000 2547.76316  1.95%     -    0s
H    0     0                    2501.0000000 2547.76316  1.87%     -    0s
H    0     0                    2507.0000000 2547.76316  1.63%     -    0s
     0     0 2541.55555    0  177 2507.00000 2541.55555  1.38%     -    0s
H    0     0                    2521.0000000 2541.55555  0.82%     -    0s
H    0     0                    2524.0000000 2540.98655  0.67%     -    0s
     0     0 2540.98655    0  174 2524.00000 2540.98655  0.67%     -    0s
     0     0 2540.98188    0  176 2524.00000 2540.98188  0.67%     -    0s
H    0     0                    2532.0000000 2537.53645  0.22%     -    0s
     0     0 2537.53645    0  204 2532.00000 2537.53645  0.22%     -    0s
     0     0 2536.73106    0  184 2532.00000 2536.73106  0.19%     -    0s
     0     0 2536.43230    0  149 2532.00000 2536.43230  0.18%     -    0s
     0     0 2536.42138    0  155 2532.00000 2536.42138  0.17%     -    0s
     0     0 2536.36547    0  153 2532.00000 2536.36547  0.17%     -    0s
     0     0 2536.35861    0  153 2532.00000 2536.35861  0.17%     -    0s
H    0     0                    2533.0000000 2536.35861  0.13%     -    0s
     0     0 2535.54242    0  101 2533.00000 2535.54242  0.10%     -    0s
     0     0 2535.20828    0   96 2533.00000 2535.20828  0.09%     -    0s
     0     0 2535.03185    0   55 2533.00000 2535.03185  0.08%     -    0s
     0     0 2534.97020    0   65 2533.00000 2534.97020  0.08%     -    0s
     0     0 2534.96576    0   75 2533.00000 2534.96576  0.08%     -    0s
     0     0 2534.91021    0   79 2533.00000 2534.91021  0.08%     -    0s
     0     0 2534.91021    0   69 2533.00000 2534.91021  0.08%     -    0s
     0     0 2534.91021    0   66 2533.00000 2534.91021  0.08%     -    0s
     0     0 2534.91021    0   63 2533.00000 2534.91021  0.08%     -    0s
     0     0 2534.91021    0   67 2533.00000 2534.91021  0.08%     -    0s
     0     0 2534.91021    0   49 2533.00000 2534.91021  0.08%     -    0s
     0     0 2534.91021    0   44 2533.00000 2534.91021  0.08%     -    0s
     0     0 2534.58096    0   61 2533.00000 2534.58096  0.06%     -    0s
     0     0 2534.47092    0   59 2533.00000 2534.47092  0.06%     -    0s
     0     0 2534.42914    0   72 2533.00000 2534.42914  0.06%     -    0s
     0     0 2534.40360    0   57 2533.00000 2534.40360  0.06%     -    0s
     0     0 2534.36892    0   54 2533.00000 2534.36892  0.05%     -    0s
     0     0 2534.35773    0   53 2533.00000 2534.35773  0.05%     -    0s
     0     0 2534.35344    0   54 2533.00000 2534.35344  0.05%     -    0s
     0     0 2534.35344    0   53 2533.00000 2534.35344  0.05%     -    0s
     0     0 2534.26640    0   52 2533.00000 2534.26640  0.05%     -    0s
     0     0 2534.26640    0   38 2533.00000 2534.26640  0.05%     -    0s
     0     0 2534.26640    0   51 2533.00000 2534.26640  0.05%     -    0s
     0     0 2534.26640    0   45 2533.00000 2534.26640  0.05%     -    0s
     0     0 2534.26640    0   26 2533.00000 2534.26640  0.05%     -    0s
     0     0 2534.26640    0   28 2533.00000 2534.26640  0.05%     -    0s
     0     0 2534.26640    0   32 2533.00000 2534.26640  0.05%     -    0s
     0     0 2534.26640    0   59 2533.00000 2534.26640  0.05%     -    0s
     0     0 2534.22387    0   68 2533.00000 2534.22387  0.05%     -    0s
     0     0     cutoff    0      2533.00000 2533.00000  0.00%     -    0s

Cutting planes:
  Gomory: 19
  Lift-and-project: 1
  Cover: 4
  Implied bound: 2
  Clique: 2
  MIR: 15
  StrongCG: 5
  GUB cover: 24
  RLT: 5
  Relax-and-lift: 1

Explored 1 nodes (4469 simplex iterations) in 0.61 seconds (0.52 work units)
Thread count was 8 (of 8 available processors)

Solution count 10: 2533 2533 2532 ... 2521

Optimal solution found (tolerance 0.00e+00)
Best objective 2.533000000000e+03, best bound 2.533000000000e+03, gap 0.0000%
