
Gurobi 9.5.1 (linux64) logging started Sun Mar 20 10:37:44 2022

Set parameter LogFile to value "../results/logs/log_2022_03_20_10_37.csv_17_250.log"
Set parameter LazyConstraints to value 1
Gurobi Optimizer version 9.5.1 build v9.5.1rc2 (linux64)
Thread count: 8 physical cores, 8 logical processors, using up to 8 threads
Optimize a model with 1003 rows, 8078 columns and 26846 nonzeros
Model fingerprint: 0xfcdc7dbb
Variable types: 0 continuous, 8078 integer (8078 binary)
Coefficient statistics:
  Matrix range     [1e+00, 2e+01]
  Objective range  [1e+00, 1e+00]
  Bounds range     [1e+00, 1e+00]
  RHS range        [1e+00, 2e+02]
Found heuristic solution: objective 2061.0000000
Presolve removed 0 rows and 5599 columns
Presolve time: 0.01s
Presolved: 1003 rows, 2479 columns, 18246 nonzeros
Variable types: 0 continuous, 2479 integer (2479 binary)
Found heuristic solution: objective 2089.0000000

Root relaxation: objective 2.548912e+03, 939 iterations, 0.01 seconds (0.02 work units)

    Nodes    |    Current Node    |     Objective Bounds      |     Work
 Expl Unexpl |  Obj  Depth IntInf | Incumbent    BestBd   Gap | It/Node Time

     0     0 2548.91198    0  111 2089.00000 2548.91198  22.0%     -    0s
H    0     0                    2459.0000000 2548.91198  3.66%     -    0s
H    0     0                    2517.0000000 2548.91198  1.27%     -    0s
     0     0 2543.40615    0  191 2517.00000 2543.40615  1.05%     -    0s
H    0     0                    2529.0000000 2543.40615  0.57%     -    0s
     0     0 2543.35282    0  192 2529.00000 2543.35282  0.57%     -    0s
     0     0 2539.15811    0  171 2529.00000 2539.15811  0.40%     -    0s
     0     0 2539.02043    0  145 2529.00000 2539.02043  0.40%     -    0s
     0     0 2539.00323    0  150 2529.00000 2539.00323  0.40%     -    0s
     0     0 2538.05493    0  130 2529.00000 2538.05493  0.36%     -    0s
H    0     0                    2535.0000000 2538.05493  0.12%     -    0s
     0     0 2537.53695    0   86 2535.00000 2537.53695  0.10%     -    0s
     0     0 2537.49493    0  121 2535.00000 2537.49493  0.10%     -    0s
     0     0 2537.48945    0  107 2535.00000 2537.48945  0.10%     -    0s
     0     0 2537.26550    0  112 2535.00000 2537.26550  0.09%     -    0s
     0     0 2537.08195    0  102 2535.00000 2537.08195  0.08%     -    0s
     0     0 2537.06275    0   76 2535.00000 2537.06275  0.08%     -    0s
     0     0 2537.05969    0   91 2535.00000 2537.05969  0.08%     -    0s
     0     0 2536.88704    0  140 2535.00000 2536.88704  0.07%     -    0s
H    0     0                    2536.0000000 2536.88704  0.03%     -    0s
     0     0 2536.88704    0  140 2536.00000 2536.88704  0.03%     -    0s

Cutting planes:
  Gomory: 68
  Cover: 56
  Clique: 21
  MIR: 100
  StrongCG: 21
  GUB cover: 137
  Zero half: 26
  RLT: 36
  Lazy constraints: 14

Explored 1 nodes (2258 simplex iterations) in 0.97 seconds (0.35 work units)
Thread count was 8 (of 8 available processors)

Solution count 7: 2536 2535 2529 ... 2061

Optimal solution found (tolerance 1.00e-04)
Best objective 2.536000000000e+03, best bound 2.536000000000e+03, gap 0.0000%

User-callback calls 314, time in user-callback 0.68 sec

Gurobi 9.5.1 (linux64) logging started Sun Mar 20 12:51:04 2022

Set parameter LogFile to value "../results/logs/log_2022_03_20_10_37.csv_17_250.log"
Set parameter LazyConstraints to value 1
Gurobi Optimizer version 9.5.1 build v9.5.1rc2 (linux64)
Thread count: 8 physical cores, 8 logical processors, using up to 8 threads
Optimize a model with 2295 rows, 8078 columns and 30722 nonzeros
Model fingerprint: 0x053952e0
Variable types: 4039 continuous, 4039 integer (4039 binary)
Coefficient statistics:
  Matrix range     [1e+00, 2e+01]
  Objective range  [1e+00, 1e+00]
  Bounds range     [1e+00, 1e+00]
  RHS range        [1e+00, 2e+02]
Found heuristic solution: objective 2061.0000000
Presolve removed 615 rows and 5599 columns
Presolve time: 0.04s
Presolved: 1680 rows, 2479 columns, 19964 nonzeros
Extracted 679 lazy constraints
Variable types: 1978 continuous, 501 integer (501 binary)

Root relaxation: objective 2.552950e+03, 885 iterations, 0.01 seconds (0.02 work units)

    Nodes    |    Current Node    |     Objective Bounds      |     Work
 Expl Unexpl |  Obj  Depth IntInf | Incumbent    BestBd   Gap | It/Node Time

     0     0 2552.95033    0   39 2061.00000 2552.95033  23.9%     -    0s
H    0     0                    2418.0000000 2552.95033  5.58%     -    0s
H    0     0                    2428.0000000 2552.95033  5.15%     -    0s
     0     0 2544.37268    0   46 2428.00000 2544.37268  4.79%     -    0s
     0     0 2541.38133    0   17 2428.00000 2541.38133  4.67%     -    0s
     0     0 2540.52546    0   10 2428.00000 2540.52546  4.63%     -    0s
     0     0 2540.31111    0    9 2428.00000 2540.31111  4.63%     -    0s
     0     0 2540.10340    0    7 2428.00000 2540.10340  4.62%     -    0s
     0     0 2540.10340    0    5 2428.00000 2540.10340  4.62%     -    0s
     0     0 2540.10340    0    4 2428.00000 2540.10340  4.62%     -    0s
     0     0 2540.10340    0    4 2428.00000 2540.10340  4.62%     -    0s
     0     0 2540.10340    0    4 2428.00000 2540.10340  4.62%     -    0s
     0     2 2540.10340    0    4 2428.00000 2540.10340  4.62%     -    0s
H   31    40                    2429.0000000 2540.10340  4.57%  15.2    2s
H   32    40                    2434.0000000 2540.10340  4.36%  15.4    2s
H   35    40                    2436.0000000 2540.10340  4.27%  15.6    2s
    94   112 2539.90275    7   11 2436.00000 2540.10340  4.27%  25.9    5s
   190   252 2539.58952   24    2 2436.00000 2540.10340  4.27%  26.9   10s
   278   286 2539.40160   31   10 2436.00000 2540.10340  4.27%  23.9   15s
   350   423 2539.77417   45    3 2436.00000 2540.10340  4.27%  25.3   20s
   443   490 2534.48554   54   33 2436.00000 2540.10340  4.27%  25.6   25s
   540   563 2537.92391   48    7 2436.00000 2540.10340  4.27%  26.7   30s
   636   694 2537.92690   70    6 2436.00000 2540.10340  4.27%  29.2   36s
   713   780 2537.70864   78    5 2436.00000 2540.10340  4.27%  28.8   40s
   802   844 2537.30081   92    3 2436.00000 2540.10340  4.27%  28.0   46s
   869   895 2537.01173  101    2 2436.00000 2540.10340  4.27%  28.2   50s
   951   934 2536.89434  116    4 2436.00000 2540.10340  4.27%  30.7   55s
  1058  1003 2536.56916  121    1 2436.00000 2540.10340  4.27%  31.7   62s
  1081  1017 2535.31250  123    2 2436.00000 2540.10340  4.27%  33.6   65s
  1160  1098 infeasible  123      2436.00000 2540.10340  4.27%  34.5   70s
  1256  1174 2533.57285  124    3 2436.00000 2540.10340  4.27%  36.1   76s
  1306  1230 2532.36930  124    3 2436.00000 2540.10340  4.27%  36.0   80s
  1382  1272 infeasible  125      2436.00000 2540.10340  4.27%  36.7   85s
  1457  1329 2538.77484   13   15 2436.00000 2540.10340  4.27%  37.5   90s
  1518  1339 2539.61389   18    4 2436.00000 2540.10340  4.27%  38.7  116s
H 1534  1282                    2532.0000000 2539.75926  0.31%  38.3  119s
H 1536  1218                    2539.0000000 2539.72966  0.03%  38.2  119s

Cutting planes:
  Gomory: 33
  MIR: 90
  Flow cover: 59
  RLT: 7
  Lazy constraints: 31

Explored 1536 nodes (62699 simplex iterations) in 119.81 seconds (104.92 work units)
Thread count was 8 (of 8 available processors)

Solution count 9: 2539 2532 2436 ... 2061

Optimal solution found (tolerance 1.00e-04)
Best objective 2.539000000000e+03, best bound 2.539000000000e+03, gap 0.0000%

User-callback calls 6170, time in user-callback 71.99 sec
