
Gurobi 9.5.1 (linux64) logging started Mon Jun 13 00:18:06 2022

Set parameter LogFile to value "../results/logs/log_socfb-Northeastern19_33_10_2022_06_12_23_13.log"
Gurobi Optimizer version 9.5.1 build v9.5.1rc2 (linux64)
Thread count: 8 physical cores, 8 logical processors, using up to 8 threads
Optimize a model with 2493 rows, 27764 columns and 107718 nonzeros
Model fingerprint: 0xd2e58c83
Variable types: 0 continuous, 27764 integer (27764 binary)
Coefficient statistics:
  Matrix range     [1e+00, 3e+01]
  Objective range  [1e+00, 1e+00]
  Bounds range     [1e+00, 1e+00]
  RHS range        [1e+00, 1e+01]
Found heuristic solution: objective 7008.0000000
Presolve removed 50 rows and 22259 columns
Presolve time: 0.06s
Presolved: 2443 rows, 5505 columns, 28996 nonzeros
Variable types: 0 continuous, 5505 integer (5094 binary)
Found heuristic solution: objective 7016.0000000

Root relaxation: objective 7.627304e+03, 2466 iterations, 0.14 seconds (0.22 work units)

    Nodes    |    Current Node    |     Objective Bounds      |     Work
 Expl Unexpl |  Obj  Depth IntInf | Incumbent    BestBd   Gap | It/Node Time

     0     0 7627.30412    0  983 7016.00000 7627.30412  8.71%     -    0s
H    0     0                    7017.0000000 7627.30412  8.70%     -    0s
H    0     0                    7046.0000000 7627.30412  8.25%     -    0s
H    0     0                    7050.0000000 7243.62244  2.75%     -    1s
H    0     0                    7052.0000000 7243.62244  2.72%     -    1s
H    0     0                    7063.0000000 7243.62244  2.56%     -    1s
     0     0 7243.62244    0  693 7063.00000 7243.62244  2.56%     -    1s
     0     0 7192.38524    0  747 7063.00000 7192.38524  1.83%     -    1s
     0     0 7189.68065    0  694 7063.00000 7189.68065  1.79%     -    1s
     0     0 7188.77405    0  741 7063.00000 7188.77405  1.78%     -    1s
     0     0 7188.50475    0  763 7063.00000 7188.50475  1.78%     -    1s
H    0     0                    7064.0000000 7139.43158  1.07%     -    2s
     0     0 7139.43158    0  819 7064.00000 7139.43158  1.07%     -    2s
H    0     0                    7065.0000000 7133.51180  0.97%     -    2s
H    0     0                    7066.0000000 7133.51180  0.96%     -    2s
     0     0 7133.51180    0  878 7066.00000 7133.51180  0.96%     -    2s
     0     0 7131.62034    0  953 7066.00000 7131.62034  0.93%     -    3s
     0     0 7131.10749    0  977 7066.00000 7131.10749  0.92%     -    3s
H    0     0                    7067.0000000 7121.64959  0.77%     -    3s
H    0     0                    7068.0000000 7121.64959  0.76%     -    3s
     0     0 7121.64959    0  985 7068.00000 7121.64959  0.76%     -    3s
H    0     0                    7073.0000000 7121.64959  0.69%     -    4s
     0     0 7118.54451    0 1132 7073.00000 7118.54451  0.64%     -    4s
     0     0 7117.32850    0 1067 7073.00000 7117.32850  0.63%     -    4s
     0     0 7116.92328    0 1141 7073.00000 7116.92328  0.62%     -    5s
     0     0 7112.67308    0 1174 7073.00000 7112.67308  0.56%     -    6s
     0     0 7110.90766    0 1225 7073.00000 7110.90766  0.54%     -    7s
     0     0 7110.12683    0 1217 7073.00000 7110.12683  0.52%     -    7s
     0     0 7109.71342    0 1307 7073.00000 7109.71342  0.52%     -    7s
     0     0 7107.91558    0 1168 7073.00000 7107.91558  0.49%     -    8s
     0     0 7107.91558    0 1167 7073.00000 7107.91558  0.49%     -    8s
H    0     0                    7076.0000000 7107.90884  0.45%     -   10s
     0     2 7107.90884    0 1166 7076.00000 7107.90884  0.45%     -   10s
    47    57 7106.52876    7 1367 7076.00000 7106.84888  0.44%  1073   15s
    71    78 7106.36212    9 1358 7076.00000 7106.84888  0.44%   787   21s
H   75    78                    7077.0000000 7106.84888  0.42%   756   21s
   181   186 7100.17944   23 1261 7077.00000 7106.84888  0.42%   609   25s
   362   344 7094.22224   40 1270 7077.00000 7106.84888  0.42%   537   31s
   523   482 7093.59398   65 1124 7077.00000 7106.84888  0.42%   463   36s
   628   614 7089.02649   76 1093 7077.00000 7106.84888  0.42%   440   40s
  1029  1033 7090.33305  124 1122 7077.00000 7106.84888  0.42%   358   45s
  1510  1534 7088.01265  201  971 7077.00000 7106.84888  0.42%   317   50s
  1998  1932 7082.36408  264  794 7077.00000 7106.84888  0.42%   301   56s
  2146  2014 7086.38262  101 1167 7077.00000 7106.51635  0.42%   320   68s
  2150  2017 7090.81102  105  829 7077.00000 7106.51635  0.42%   320   70s
  2164  2026 7087.87694  107 1164 7077.00000 7103.26959  0.37%   317   75s
  2181  2037 7091.04433   98 1383 7077.00000 7098.53747  0.30%   315   80s
  2199  2049 7082.01271  232 1474 7077.00000 7096.53388  0.28%   312   85s
  2212  2058 7086.42657  226 1422 7077.00000 7094.18639  0.24%   311   90s
  2232  2071 7089.78405   69 1468 7077.00000 7093.01941  0.23%   308   95s
  2246  2081 7086.38262  101 1474 7077.00000 7092.04745  0.21%   306  100s
  2264  2093 7087.87694  107 1549 7077.00000 7091.54163  0.21%   303  105s
  2278  2102 7091.04965   80 1564 7077.00000 7091.04965  0.20%   302  110s
  2288  2109 7081.44002  249 1556 7077.00000 7090.69831  0.19%   300  115s
  2300  2117 7083.66969  285 1618 7077.00000 7090.27291  0.19%   299  120s
  2318  2130 7083.74867   15  932 7077.00000 7090.12384  0.19%   343  125s
  2329  2138 7085.09812  236 1273 7077.00000 7090.12384  0.19%   341  130s
  2347  2150 7090.12384    5 1540 7077.00000 7090.12384  0.19%   338  135s
  2362  2160 7089.90913   11 1512 7077.00000 7089.90913  0.18%   336  140s
  2376  2169 7087.40640  180 1527 7077.00000 7089.34693  0.17%   334  145s
  2390  2178 7087.40887  176 1587 7077.00000 7089.01588  0.17%   332  150s
  2406  2189 7085.31211  112 1611 7077.00000 7088.64332  0.16%   330  155s
  2419  2198 7088.43396   57 1567 7077.00000 7088.43396  0.16%   328  160s
  2429  2204 7085.09812  236 1545 7077.00000 7088.16529  0.16%   327  165s
  2445  2215 7087.98177    8 1654 7077.00000 7087.98177  0.16%   325  170s
  2448  2219 7087.98175   28 1646 7077.00000 7087.98175  0.16%   357  177s
  2469  2216 7087.82296   34 1392 7077.00000 7087.97044  0.16%   362  181s
  2510  2218 7087.82033   39 1345 7077.00000 7087.82033  0.15%   366  185s
  2551  2212 7080.74649   42  923 7077.00000 7087.79011  0.15%   377  190s
  2656  2242     cutoff   47      7077.00000 7087.56282  0.15%   384  196s
  2746  2261 7087.20857   51 1250 7077.00000 7087.20857  0.14%   392  200s
  2803  2249 7083.38638   53 1181 7077.00000 7087.06667  0.14%   403  205s
  2887  2250 7086.44081   57 1276 7077.00000 7087.06667  0.14%   417  212s
  2934  2250     cutoff   59      7077.00000 7087.06667  0.14%   424  216s
  2998  2271 7085.86242   63 1278 7077.00000 7087.06667  0.14%   435  221s
  3044  2288 7085.36748   65 1387 7077.00000 7087.06667  0.14%   442  225s
  3118  2320 7085.25276   68 1344 7077.00000 7087.06667  0.14%   457  230s
  3226  2374 7084.89026   73 1300 7077.00000 7087.06667  0.14%   466  235s
  3374  2428 7084.72585   78 1301 7077.00000 7087.06667  0.14%   474  241s
  3483  2467 7084.68832   81 1293 7077.00000 7087.06667  0.14%   478  245s
  3578  2509 7084.35922   85 1299 7077.00000 7087.06667  0.14%   488  250s
  3708  2557 7084.13632   90 1263 7077.00000 7087.06667  0.14%   494  256s
  3854  2611 7083.87296   95 1291 7077.00000 7087.06667  0.14%   497  261s
  4000  2653     cutoff  102      7077.00000 7087.06667  0.14%   504  265s
  4142  2694 7083.01424  107 1222 7077.00000 7087.06667  0.14%   511  271s
  4227  2669 7081.42845  109  825 7077.00000 7087.06667  0.14%   515  275s
  4266  2700 7081.96854  111 1209 7077.00000 7087.06667  0.14%   525  280s
  4417  2700 7081.54244  118 1199 7077.00000 7087.06667  0.14%   539  288s
  4472  2708     cutoff  120      7077.00000 7087.06667  0.14%   546  292s
  4534  2717 7080.80792  123 1099 7077.00000 7087.06667  0.14%   554  296s
  4627  2723 7079.44446  131  762 7077.00000 7084.35064  0.10%   558  301s
  4716  2733 7083.35075   51 1324 7077.00000 7084.10641  0.10%   565  306s
  4810  2782 7081.36667   58 1240 7077.00000 7084.10641  0.10%   575  311s
  4926  2793     cutoff   66      7077.00000 7084.08622  0.10%   581  315s
  5042  2787 7079.85364   67 1223 7077.00000 7084.08622  0.10%   589  321s
  5166  2804 7078.83395   72  896 7077.00000 7084.04813  0.10%   596  327s
  5300  2796 7080.03974   79 1163 7077.00000 7083.89414  0.10%   602  334s
  5398  2815 7079.53456   84 1025 7077.00000 7083.67032  0.09%   615  340s
  5518  2812 7080.16198   63 1246 7077.00000 7083.49739  0.09%   629  349s
  5675  2835 7079.70984   84 1069 7077.00000 7083.34602  0.09%   642  359s
  5839  2841     cutoff   80      7077.00000 7083.26059  0.09%   656  368s
  6045  2837 7082.12782   85 1378 7077.00000 7083.26059  0.09%   673  378s
  6230  2795 7080.09666   92 1137 7077.00000 7083.08122  0.09%   688  390s
  6419  2753     cutoff   79      7077.00000 7082.84398  0.08%   702  405s
  6611  2734     cutoff   93      7077.00000 7082.73385  0.08%   728  423s
  6877  2664 7079.55441   55 1182 7077.00000 7082.59772  0.08%   750  441s
  7180  2572     cutoff   60      7077.00000 7082.44312  0.08%   771  461s
  7483  2472 7078.94814  103 1102 7077.00000 7082.24426  0.07%   798  484s
  7831  2308     cutoff   77      7077.00000 7082.03712  0.07%   824  507s
  8195  2102 7079.72207  102  953 7077.00000 7081.78431  0.07%   850  534s
  8664  1801     cutoff  160      7077.00000 7081.51797  0.06%   871  562s
  9130  1441 7078.50289  110  784 7077.00000 7081.13853  0.06%   895  594s
  9674  1140     cutoff   97      7077.00000 7080.80055  0.05%   916  628s
 10315   670 7078.83304   73 1037 7077.00000 7080.50315  0.05%   934  665s
 11070   129     cutoff   63      7077.00000 7079.89524  0.04%   935  687s

Cutting planes:
  Gomory: 7
  Cover: 123
  Implied bound: 4
  MIR: 192
  StrongCG: 11
  Flow cover: 1068
  GUB cover: 420
  Inf proof: 1
  Zero half: 15
  RLT: 997
  Relax-and-lift: 11

Explored 11918 nodes (10786630 simplex iterations) in 689.78 seconds (1573.25 work units)
Thread count was 8 (of 8 available processors)

Solution count 10: 7077 7076 7073 ... 7052

Optimal solution found (tolerance 0.00e+00)
Best objective 7.077000000000e+03, best bound 7.077000000000e+03, gap 0.0000%
