
Gurobi 9.5.1 (linux64) logging started Tue Jun 14 17:29:52 2022

Set parameter LogFile to value "../results/logs/log_soc-catster.e_21_250_2022_06_14_14_44.log"
Set parameter LazyConstraints to value 1
Gurobi Optimizer version 9.5.1 build v9.5.1rc2 (linux64)
Thread count: 8 physical cores, 8 logical processors, using up to 8 threads
Optimize a model with 4007 rows, 299368 columns and 167530 nonzeros
Model fingerprint: 0xfa2c49fd
Variable types: 0 continuous, 299368 integer (299368 binary)
Coefficient statistics:
  Matrix range     [1e+00, 2e+01]
  Objective range  [1e+00, 1e+00]
  Bounds range     [1e+00, 1e+00]
  RHS range        [1e+00, 2e+02]
Found heuristic solution: objective 78945.000000
Presolve added 3 rows and 0 columns
Presolve removed 0 rows and 226623 columns
Presolve time: 0.12s
Presolved: 4010 rows, 72745 columns, 85688 nonzeros
Variable types: 0 continuous, 72745 integer (72742 binary)
Found heuristic solution: objective 79259.000000

Root relaxation: objective 7.966885e+04, 2163 iterations, 0.04 seconds (0.08 work units)

    Nodes    |    Current Node    |     Objective Bounds      |     Work
 Expl Unexpl |  Obj  Depth IntInf | Incumbent    BestBd   Gap | It/Node Time

     0     0 79668.8536    0  446 79259.0000 79668.8536  0.52%     -    0s
H    0     0                    79439.000000 79668.8536  0.29%     -    0s
     0     0 79583.9215    0  216 79439.0000 79583.9215  0.18%     -   36s
H    0     0                    79542.000000 79583.9215  0.05%     -   36s
H    0     0                    79558.000000 79583.9215  0.03%     -   36s
     0     0 79580.5312    0  206 79558.0000 79580.5312  0.03%     -   72s
     0     0 79568.7688    0  110 79558.0000 79568.7688  0.01%     -  108s
     0     0 79568.2791    0  107 79558.0000 79568.2791  0.01%     -  144s
     0     0 79568.2334    0  110 79558.0000 79568.2334  0.01%     -  181s
     0     0 79565.8588    0   85 79558.0000 79565.8588  0.01%     -  216s
     0     0 79565.7154    0   89 79558.0000 79565.7154  0.01%     -  253s
     0     0 79565.4854    0   90 79558.0000 79565.4854  0.01%     -  288s
     0     0 79565.4745    0   90 79558.0000 79565.4745  0.01%     -  325s
     0     0 79564.1921    0   95 79558.0000 79564.1921  0.01%     -  360s
     0     0 79564.1275    0   89 79558.0000 79564.1275  0.01%     -  397s
     0     0 79564.1134    0   95 79558.0000 79564.1134  0.01%     -  432s
     0     0 79563.3497    0   63 79558.0000 79563.3497  0.01%     -  467s
H    0     0                    79559.000000 79563.3497  0.01%     -  468s
     0     0 79563.2440    0   64 79559.0000 79563.2440  0.01%     -  504s
     0     0 79563.2231    0   65 79559.0000 79563.2231  0.01%     -  541s
     0     0 79563.0803    0   79 79559.0000 79563.0803  0.01%     -  575s
     0     0 79562.9750    0   79 79559.0000 79562.9750  0.00%     -  612s
     0     0 79562.9464    0   58 79559.0000 79562.9464  0.00%     -  647s
     0     0 79562.9203    0   58 79559.0000 79562.9203  0.00%     -  685s
     0     0 79562.9084    0   58 79559.0000 79562.9084  0.00%     -  721s
H    0     0                    79561.000000 79562.9084  0.00%     -  760s

Cutting planes:
  Cover: 274
  Clique: 28
  MIR: 269
  StrongCG: 48
  GUB cover: 267
  Zero half: 40
  RLT: 55
  Lazy constraints: 17

Explored 1 nodes (4891 simplex iterations) in 760.28 seconds (1.98 work units)
Thread count was 8 (of 8 available processors)

Solution count 7: 79561 79559 79558 ... 78945

Optimal solution found (tolerance 0.00e+00)
Best objective 7.956100000000e+04, best bound 7.956100000000e+04, gap 0.0000%

User-callback calls 1022, time in user-callback 757.78 sec
