
Gurobi 9.5.1 (linux64) logging started Tue Apr 19 04:25:33 2022

Set parameter LogFile to value "../results/logs/log_soc-twitter-higgs.e_17_250_2022_04_18_23_56.log"
Gurobi Optimizer version 9.5.1 build v9.5.1rc2 (linux64)
Thread count: 8 physical cores, 8 logical processors, using up to 8 threads
Optimize a model with 18469 rows, 913262 columns and 596114 nonzeros
Model fingerprint: 0x966306d8
Variable types: 0 continuous, 913262 integer (913262 binary)
Coefficient statistics:
  Matrix range     [1e+00, 2e+01]
  Objective range  [1e+00, 1e+00]
  Bounds range     [1e+00, 1e+00]
  RHS range        [1e+00, 2e+02]
Found heuristic solution: objective 231419.00000
Presolve removed 9419 rows and 896349 columns
Presolve time: 0.62s
Presolved: 9050 rows, 16913 columns, 56747 nonzeros
Found heuristic solution: objective 231723.00000
Variable types: 0 continuous, 16913 integer (14174 binary)

Root relaxation: objective 2.332914e+05, 6336 iterations, 0.16 seconds (0.22 work units)

    Nodes    |    Current Node    |     Objective Bounds      |     Work
 Expl Unexpl |  Obj  Depth IntInf | Incumbent    BestBd   Gap | It/Node Time

     0     0 233291.353    0 2717 231723.000 233291.353  0.68%     -    1s
H    0     0                    231760.00000 233291.353  0.66%     -    1s
H    0     0                    231980.00000 233291.353  0.57%     -    1s
H    0     0                    232002.00000 232691.119  0.30%     -    1s
     0     0 232691.119    0 1926 232002.000 232691.119  0.30%     -    1s
H    0     0                    232144.00000 232691.119  0.24%     -    1s
     0     0 232507.277    0 1396 232144.000 232507.277  0.16%     -    2s
     0     0 232493.377    0 1382 232144.000 232493.377  0.15%     -    2s
     0     0 232491.801    0 1382 232144.000 232491.801  0.15%     -    2s
     0     0 232491.635    0 1385 232144.000 232491.635  0.15%     -    2s
     0     0 232416.578    0 1223 232144.000 232416.578  0.12%     -    2s
H    0     0                    232219.00000 232404.154  0.08%     -    3s
     0     0 232404.154    0 1194 232219.000 232404.154  0.08%     -    3s
H    0     0                    232234.00000 232400.500  0.07%     -    3s
     0     0 232400.500    0 1192 232234.000 232400.500  0.07%     -    3s
H    0     0                    232239.00000 232399.818  0.07%     -    3s
     0     0 232399.818    0 1227 232239.000 232399.818  0.07%     -    3s
H    0     0                    232258.00000 232381.420  0.05%     -    3s
     0     0 232381.420    0 1215 232258.000 232381.420  0.05%     -    3s
H    0     0                    232306.00000 232381.420  0.03%     -    4s
     0     0 232376.533    0 1189 232306.000 232376.533  0.03%     -    4s
     0     0 232375.570    0 1168 232306.000 232375.570  0.03%     -    4s
     0     0 232375.242    0 1162 232306.000 232375.242  0.03%     -    4s
     0     0 232368.840    0 1077 232306.000 232368.840  0.03%     -    5s
     0     0 232367.269    0 1147 232306.000 232367.269  0.03%     -    5s
     0     0 232366.666    0 1165 232306.000 232366.666  0.03%     -    5s
     0     0 232362.363    0  985 232306.000 232362.363  0.02%     -    5s
     0     0 232362.363    0  985 232306.000 232362.363  0.02%     -    5s
     0     2 232362.022    0  991 232306.000 232362.022  0.02%     -    6s
H  442   759                    232319.00000 232358.968  0.02%  51.2    9s
H  762  1058                    232320.00000 232358.968  0.02%  46.9   10s
H 1618  2056                    232321.00000 232358.968  0.02%  53.0   13s
  2521  2648 232339.166   12 1077 232321.000 232358.370  0.02%  53.6   16s
  2853  2651 232339.930   96 1784 232321.000 232358.370  0.02%  56.1   20s
  2876  2666 232330.716   94  886 232321.000 232342.437  0.01%  55.6   25s
  2891  2676 232335.523   24  726 232321.000 232335.523  0.01%  55.4   30s
  2909  2688 232333.209  100  690 232321.000 232333.209  0.01%  55.0   35s
H 2911  2554                    232323.00000 232332.979  0.00%  55.0   36s
  2923  2562 232327.586  149  792 232323.000 232332.163  0.00%  54.8   40s
H 2930  2439                    232324.00000 232332.014  0.00%  69.3   44s
H 2931  2317                    232326.00000 232332.014  0.00%  69.3   45s
  2953  2332 232332.014   96  769 232326.000 232332.014  0.00%  68.7   50s
  2958  2335 232331.907   90  685 232326.000 232331.907  0.00%  68.6   56s
  2963  2339 232326.000  189  870 232326.000 232331.589  0.00%  68.5   60s
  2969  2343 232331.388  109  606 232326.000 232331.388  0.00%  68.4   65s
H 2975  2229                    232328.00000 232331.322  0.00%  68.2   70s
H 2975  2117                    232329.00000 232331.322  0.00%  68.2   70s
  2989  2127 232331.322   20  647 232329.000 232331.322  0.00%  78.8   75s
  3003  2136 232331.322   71  703 232329.000 232331.322  0.00%  78.5   80s
  3023  2150 232329.000  149  523 232329.000 232331.213  0.00%  78.0   85s
  3042  2163 232329.254  120  599 232329.000 232330.962  0.00%  86.2   90s
  3071  2183 232329.000  106  397 232329.000 232330.748  0.00%  85.3   95s
  3127  2223 232330.438   99  238 232329.000 232330.438  0.00%  93.0  100s

Cutting planes:
  Gomory: 36
  Lift-and-project: 74
  Cover: 15
  Implied bound: 3
  Clique: 5
  MIR: 66
  StrongCG: 6
  Flow cover: 242
  GUB cover: 133
  Zero half: 38
  RLT: 38
  Relax-and-lift: 1

Explored 3169 nodes (321126 simplex iterations) in 102.84 seconds (95.91 work units)
Thread count was 8 (of 8 available processors)

Solution count 10: 232329 232329 232329 ... 232328

Optimal solution found (tolerance 0.00e+00)
Best objective 2.323290000000e+05, best bound 2.323290000000e+05, gap 0.0000%
