
Gurobi 9.5.1 (linux64) logging started Sun Jun 19 03:23:25 2022

Set parameter LogFile to value "../results/logs/log_web-baidu-baike.e_3_2_2022_06_19_02_07.log"
Gurobi Optimizer version 9.5.1 build v9.5.1rc2 (linux64)
Thread count: 8 physical cores, 8 logical processors, using up to 8 threads
Optimize a model with 63241 rows, 4280396 columns and 1166330 nonzeros
Model fingerprint: 0x3773ac19
Variable types: 0 continuous, 4280396 integer (4280396 binary)
Coefficient statistics:
  Matrix range     [1e+00, 3e+00]
  Objective range  [1e+00, 1e+00]
  Bounds range     [1e+00, 1e+00]
  RHS range        [1e+00, 2e+00]
Found heuristic solution: objective 1277646.0000
Presolve removed 49979 rows and 4263247 columns (presolve time = 5s) ...
Presolve removed 50960 rows and 4263964 columns
Presolve time: 7.54s
Presolved: 12281 rows, 16432 columns, 46849 nonzeros
Variable types: 0 continuous, 16432 integer (15462 binary)
Found heuristic solution: objective 1277650.0000

Root simplex log...

Iteration    Objective       Primal Inf.    Dual Inf.      Time
       0    1.2830675e+06   1.503250e+03   0.000000e+00      8s
    4139    1.2780172e+06   0.000000e+00   0.000000e+00      8s

Root relaxation: objective 1.278017e+06, 4139 iterations, 0.02 seconds (0.02 work units)

    Nodes    |    Current Node    |     Objective Bounds      |     Work
 Expl Unexpl |  Obj  Depth IntInf | Incumbent    BestBd   Gap | It/Node Time

     0     0 1278017.19    0  369 1277650.00 1278017.19  0.03%     -    8s
H    0     0                    1277652.0000 1278017.19  0.03%     -    8s
H    0     0                    1277655.0000 1278017.19  0.03%     -    8s
     0     0 1277685.15    0   57 1277655.00 1277685.15  0.00%     -    8s
     0     0 1277678.03    0   57 1277655.00 1277678.03  0.00%     -    9s
     0     0 1277678.03    0   48 1277655.00 1277678.03  0.00%     -    9s
     0     0 1277677.45    0   47 1277655.00 1277677.45  0.00%     -    9s
H    0     0                    1277656.0000 1277677.45  0.00%     -    9s
     0     0 1277676.76    0   49 1277656.00 1277676.76  0.00%     -    9s
     0     0 1277668.63    0   37 1277656.00 1277668.63  0.00%     -    9s
H    0     0                    1277658.0000 1277668.63  0.00%     -    9s
     0     0 1277668.34    0   37 1277658.00 1277668.34  0.00%     -    9s
     0     0 1277668.00    0   33 1277658.00 1277668.00  0.00%     -    9s
     0     0 1277666.20    0   36 1277658.00 1277666.20  0.00%     -   10s
     0     0 1277664.00    0   16 1277658.00 1277664.00  0.00%     -   10s
H    0     0                    1277662.0000 1277664.00  0.00%     -   10s
     0     0 1277664.00    0   16 1277662.00 1277664.00  0.00%     -   10s
     0     0 1277664.00    0   12 1277662.00 1277664.00  0.00%     -   10s
     0     0 1277664.00    0   13 1277662.00 1277664.00  0.00%     -   10s
H    0     0                    1277663.0000 1277664.00  0.00%     -   10s
     0     0     cutoff    0      1277663.00 1277663.00  0.00%     -   10s

Cutting planes:
  Gomory: 2
  Cover: 2
  Clique: 2
  MIR: 5
  GUB cover: 4
  Zero half: 2
  RLT: 1

Explored 1 nodes (4780 simplex iterations) in 10.60 seconds (6.24 work units)
Thread count was 8 (of 8 available processors)

Solution count 9: 1.27766e+06 1.27766e+06 1.27766e+06 ... 1.27765e+06

Optimal solution found (tolerance 0.00e+00)
Best objective 1.277663000000e+06, best bound 1.277663000000e+06, gap 0.0000%
