
Gurobi 9.5.1 (linux64) logging started Mon Jun 20 04:02:02 2022

Set parameter LogFile to value "../results/logs/log_Gowalla_edges_20_15_2022_06_19_22_46.log"
Gurobi Optimizer version 9.5.1 build v9.5.1rc2 (linux64)
Thread count: 8 physical cores, 8 logical processors, using up to 8 threads
Optimize a model with 48899 rows, 393182 columns and 1019447 nonzeros
Model fingerprint: 0x7e958adc
Variable types: 0 continuous, 393182 integer (393182 binary)
Coefficient statistics:
  Matrix range     [1e+00, 2e+01]
  Objective range  [1e+00, 1e+00]
  Bounds range     [1e+00, 1e+00]
  RHS range        [1e+00, 2e+01]
Found heuristic solution: objective 8161.0000000
Presolve removed 10179 rows and 327568 columns
Presolve time: 4.34s
Presolved: 38720 rows, 65614 columns, 451624 nonzeros
Extracted 15019 lazy constraints
Variable types: 0 continuous, 65614 integer (56804 binary)

Deterministic concurrent LP optimizer: primal and dual simplex
Showing first log only...


Root simplex log...

Iteration    Objective       Primal Inf.    Dual Inf.      Time
    5854    8.8809843e+03   0.000000e+00   2.500463e+04      5s
Warning: Markowitz tolerance tightened to 0.125
    9970    1.0481034e+04   0.000000e+00   2.917157e+07     10s
   11212    1.1431079e+04   0.000000e+00   6.533509e+05     16s
   12051    1.1957741e+04   0.000000e+00   3.259239e+07     21s
Concurrent spin time: 2.01s

Solved with dual simplex

Root relaxation: objective 1.309202e+04, 10115 iterations, 16.52 seconds (25.55 work units)

    Nodes    |    Current Node    |     Objective Bounds      |     Work
 Expl Unexpl |  Obj  Depth IntInf | Incumbent    BestBd   Gap | It/Node Time

     0     0 13092.0216    0 9163 8161.00000 13092.0216  60.4%     -   27s
H    0     0                    8177.0000000 13092.0216  60.1%     -   28s
     0     0 11923.4313    0 8475 8177.00000 11923.4313  45.8%     -   63s
H    0     0                    8304.0000000 11923.4313  43.6%     -   70s
     0     0 11175.6175    0 8476 8304.00000 11175.6175  34.6%     -   89s
     0     0 10491.1354    0 8389 8304.00000 10491.1354  26.3%     -  110s
     0     0 10029.0517    0 8135 8304.00000 10029.0517  20.8%     -  130s
     0     0 9757.32603    0 7647 8304.00000 9757.32603  17.5%     -  144s
     0     0 9650.73553    0 6602 8304.00000 9650.73553  16.2%     -  163s
     0     0 9301.46939    0 5264 8304.00000 9301.46939  12.0%     -  181s
     0     0 9301.46939    0 4344 8304.00000 9301.46939  12.0%     -  186s
     0     0 9301.46939    0 3915 8304.00000 9301.46939  12.0%     -  190s
     0     0 9301.46939    0 3532 8304.00000 9301.46939  12.0%     -  193s
     0     0 9301.46939    0 3428 8304.00000 9301.46939  12.0%     -  194s
H    0     0                    8325.0000000 9301.46939  11.7%     -  208s
     0     0 9301.09491    0 4299 8325.00000 9301.09491  11.7%     -  209s
     0     0 9057.24108    0 4816 8325.00000 9057.24108  8.80%     -  220s
     0     0 8990.43381    0 5195 8325.00000 8990.43381  7.99%     -  230s
H    0     0                    8328.0000000 8966.93444  7.67%     -  244s
     0     0 8966.93444    0 4951 8328.00000 8966.93444  7.67%     -  244s
     0     0 8949.95593    0 4799 8328.00000 8949.95593  7.47%     -  254s
     0     0 8933.96474    0 4847 8328.00000 8933.96474  7.28%     -  262s
     0     0 8930.35921    0 4669 8328.00000 8930.35921  7.23%     -  268s
H    0     0                    8329.0000000 8847.41982  6.22%     -  305s
H    0     0                    8331.0000000 8847.41982  6.20%     -  305s
     0     0 8847.41982    0 4147 8331.00000 8847.41982  6.20%     -  306s
H    0     0                    8359.0000000 8847.41982  5.84%     -  340s
     0     0 8812.91398    0 4535 8359.00000 8812.91398  5.43%     -  356s
     0     0 8797.12588    0 4733 8359.00000 8797.12588  5.24%     -  368s
     0     0 8788.05872    0 5016 8359.00000 8788.05872  5.13%     -  381s
     0     0 8780.16803    0 4700 8359.00000 8780.16803  5.04%     -  395s
     0     0 8774.88051    0 4927 8359.00000 8774.88051  4.98%     -  407s
     0     0 8772.32862    0 5025 8359.00000 8772.32862  4.94%     -  417s
     0     0 8754.46016    0 4949 8359.00000 8754.46016  4.73%     -  456s
     0     0 8745.55312    0 4956 8359.00000 8745.55312  4.62%     -  469s
     0     0 8739.55456    0 5129 8359.00000 8739.55456  4.55%     -  483s
     0     0 8735.53062    0 5308 8359.00000 8735.53062  4.50%     -  507s
     0     0 8728.12036    0 5624 8359.00000 8728.12036  4.42%     -  524s
     0     0 8728.12036    0 5624 8359.00000 8728.12036  4.42%     -  533s
H    0     0                    8382.0000000 8724.15650  4.08%     -  634s
     0     2 8724.15650    0 5624 8382.00000 8724.15650  4.08%     -  635s
     3     8 8722.52418    2 5759 8382.00000 8724.15650  4.08%  1317  661s
     7    16 8715.34330    3 6089 8382.00000 8722.46227  4.06%  3216  736s
    15    24 8712.50949    4 6265 8382.00000 8715.33003  3.98%  5613  810s
    23    32 8702.98189    4 6114 8382.00000 8712.50943  3.94%  6976  974s
    31    40 8712.42999    5 6272 8382.00000 8712.48677  3.94%  6333 1032s
H   32    40                    8384.0000000 8712.48677  3.92%  6135 1032s
H   38    40                    8386.0000000 8712.48677  3.89%  5216 1032s
    39    48 8712.31265    6 6234 8386.00000 8712.48677  3.89%  5123 1038s
    47    64 8705.57466    7 6195 8386.00000 8712.48677  3.89%  4343 1047s
    63    72 8712.02520    8 6319 8386.00000 8712.48677  3.89%  3312 1067s
    71    88 8711.84098    9 6300 8386.00000 8712.48677  3.89%  2960 1071s
    87   109 8711.43699   11 6336 8386.00000 8712.48677  3.89%  2445 1081s
   108   127 8709.90517   14 6276 8386.00000 8712.48677  3.89%  2023 1110s
   126   153 8709.77491   17 6251 8386.00000 8712.48677  3.89%  1845 1125s
   152   163 8707.56980   19 6268 8386.00000 8712.48677  3.89%  1602 1140s
   162   180 8707.44511   20 6254 8386.00000 8712.48677  3.89%  1554 1152s
   179   197 8704.54074   22 6297 8386.00000 8712.48677  3.89%  1454 1191s
   196   218 8703.68382   23 6278 8386.00000 8712.48677  3.89%  1446 1216s
   217   245 8701.45993   25 6250 8386.00000 8712.48677  3.89%  1378 1233s
   244   269 8696.42366   28 6147 8386.00000 8712.48677  3.89%  1266 1246s
   268   295 8697.30527   30 6008 8386.00000 8712.48677  3.89%  1191 1263s
   294   319 8695.80099   32 6027 8386.00000 8712.48677  3.89%  1120 1282s
   318   342 8693.77949   34 6043 8386.00000 8712.48677  3.89%  1072 1535s
   342   372 8690.97321   39 6081 8386.00000 8712.48677  3.89%  1032 1561s
   372   399 8681.71543   41 6001 8386.00000 8712.48677  3.89%   993 1580s
   399   430 8678.25405   44 5995 8386.00000 8712.48677  3.89%   961 1604s
   430   455 8675.13381   48 5934 8386.00000 8712.48677  3.89%   933 1646s
   455   492 8674.78935   50 5823 8386.00000 8712.48677  3.89%   937 1667s
   494   519 8672.29297   57 5885 8386.00000 8712.48677  3.89%   897 1723s
   526   561 8671.78288   60 5884 8386.00000 8712.48677  3.89%   910 1766s
   570   569 8669.85225   74 5884 8386.00000 8712.48677  3.89%   891 1858s
   578   610 8669.24485   75 5922 8386.00000 8712.48677  3.89%   886 1899s
   619   647 8668.11786   81 6041 8386.00000 8712.48677  3.89%   879 2096s
   658   689 8665.70767   85 6123 8386.00000 8712.48677  3.89%   889 2171s
   711   732 8663.68266   92 6115 8386.00000 8712.48677  3.89%   881 2213s
   760   761 8661.26620   98 6110 8386.00000 8712.48677  3.89%   866 2315s
   797   782 8659.72602  100 6060 8386.00000 8712.48677  3.89%   896 2356s
   818   862 8659.20248  102 6050 8386.00000 8712.48677  3.89%   912 2386s
   898   935 8655.84402  116 6338 8386.00000 8712.48677  3.89%   862 2492s
   971  1038 8654.22387  125 6356 8386.00000 8712.48677  3.89%   852 2530s
  1074  1090 8651.87628  132 6312 8386.00000 8712.48677  3.89%   800 2562s
  1126  1229 8651.01693  140 6295 8386.00000 8712.48677  3.89%   785 2597s
  1265  1316 8648.31979  149 6303 8386.00000 8712.48677  3.89%   725 2631s
H 1352  1324                    8387.0000000 8712.48677  3.88%   701 2676s
H 1359  1324                    8391.0000000 8712.48677  3.83%   699 2676s
  1360  1415 8646.92827  156 6223 8391.00000 8712.48677  3.83%   699 2713s
  1451  1501 8643.70518  170 6172 8391.00000 8712.48677  3.83%   678 2750s
  1537  1598 8641.75173  178 6148 8391.00000 8712.48677  3.83%   663 2789s
  1634  1683 8639.81918  188 6164 8391.00000 8712.48677  3.83%   645 2831s
  1719  1814 8638.34950  202 6256 8391.00000 8712.48677  3.83%   636 2877s
  1850  1975 8635.41146  217 6161 8391.00000 8712.48677  3.83%   614 2919s
  2011  2101 8633.54848  230 6315 8391.00000 8712.48677  3.83%   584 2991s
  2137  2274 8631.16080  249 6413 8391.00000 8712.48677  3.83%   575 3042s
  2310  2387 8628.04294  276 6504 8391.00000 8712.48677  3.83%   551 3101s
  2425  2474 8626.79162  282 6404 8391.00000 8712.48677  3.83%   546 3155s
  2513  2617 8623.84184  291 6232 8391.00000 8712.48677  3.83%   547 3215s
  2656  2747 8620.49107  309 6132 8391.00000 8712.48677  3.83%   537 3267s
  2786  2925 8615.69823  335 6080 8391.00000 8712.48677  3.83%   530 3338s
  2964  3001 8611.27065  359 5928 8391.00000 8712.48677  3.83%   517 3401s
  3040  3154 8607.92371  372 5658 8391.00000 8712.48677  3.83%   520 3479s
  3206  3216 8603.08614  393 5893 8391.00000 8712.48677  3.83%   511 3559s
  3272  3280 8597.95199  396 5912 8391.00000 8712.48677  3.83%   521 3600s

Cutting planes:
  Gomory: 3
  Lift-and-project: 2
  Cover: 750
  Implied bound: 236
  MIR: 3610
  StrongCG: 214
  GUB cover: 2490
  Zero half: 44
  RLT: 4890
  Relax-and-lift: 5
  Lazy constraints: 6406

Explored 3336 nodes (1809014 simplex iterations) in 3600.05 seconds (5752.30 work units)
Thread count was 8 (of 8 available processors)

Solution count 10: 8391 8387 8386 ... 8325

Time limit reached
Best objective 8.391000000000e+03, best bound 8.712000000000e+03, gap 3.8255%

Gurobi 9.5.1 (linux64) logging started Mon Jun 20 16:45:11 2022

Set parameter LogFile to value "../results/logs/log_Gowalla_edges_20_15_2022_06_19_22_46.log"
Gurobi Optimizer version 9.5.1 build v9.5.1rc2 (linux64)
Thread count: 8 physical cores, 8 logical processors, using up to 8 threads
Optimize a model with 45917 rows, 393182 columns and 993174 nonzeros
Model fingerprint: 0xef1dfa0b
Variable types: 0 continuous, 393182 integer (393182 binary)
Coefficient statistics:
  Matrix range     [1e+00, 2e+01]
  Objective range  [1e+00, 1e+00]
  Bounds range     [1e+00, 1e+00]
  RHS range        [1e+00, 2e+01]
Found heuristic solution: objective 8161.0000000
Presolve removed 8323 rows and 328976 columns
Presolve time: 2.26s
Presolved: 37594 rows, 64206 columns, 442421 nonzeros
Extracted 14553 lazy constraints
Found heuristic solution: objective 8162.0000000
Variable types: 0 continuous, 64206 integer (55597 binary)

Deterministic concurrent LP optimizer: primal and dual simplex
Showing first log only...

Warning: Markowitz tolerance tightened to 0.03125

Root simplex log...

Iteration    Objective       Primal Inf.    Dual Inf.      Time
    9021    9.8206750e+03   0.000000e+00   3.751580e+10      5s
Warning: Markowitz tolerance tightened to 0.25
   10544    1.1154017e+04   0.000000e+00   1.037784e+05     11s
   11464    1.1801721e+04   0.000000e+00   1.480673e+03     15s
   12437    1.2381844e+04   0.000000e+00   6.471154e+06     21s
Concurrent spin time: 2.52s

Solved with dual simplex

Root relaxation: objective 1.338579e+04, 7566 iterations, 19.86 seconds (32.41 work units)

    Nodes    |    Current Node    |     Objective Bounds      |     Work
 Expl Unexpl |  Obj  Depth IntInf | Incumbent    BestBd   Gap | It/Node Time

     0     0 13385.7861    0 9392 8162.00000 13385.7861  64.0%     -   28s
H    0     0                    8164.0000000 13385.7861  64.0%     -   28s
     0     0 11948.2428    0 8206 8164.00000 11948.2428  46.4%     -   70s
H    0     0                    8295.0000000 11948.2428  44.0%     -   78s
H    0     0                    8303.0000000 11199.6812  34.9%     -   94s
     0     0 11199.6812    0 8246 8303.00000 11199.6812  34.9%     -   94s
     0     0 10545.1173    0 8140 8303.00000 10545.1173  27.0%     -  107s
     0     0 10068.7324    0 7894 8303.00000 10068.7324  21.3%     -  118s
     0     0 9830.17950    0 7352 8303.00000 9830.17950  18.4%     -  126s
     0     0 9717.51245    0 6525 8303.00000 9717.51245  17.0%     -  133s
     0     0 9684.59858    0 4985 8303.00000 9684.59858  16.6%     -  138s
     0     0 9662.39265    0 4117 8303.00000 9662.39265  16.4%     -  142s
     0     0 9659.42678    0 4143 8303.00000 9659.42678  16.3%     -  145s
     0     0 9658.71254    0 3896 8303.00000 9658.71254  16.3%     -  149s
H    0     0                    8328.0000000 9301.80551  11.7%     -  193s
H    0     0                    8329.0000000 9301.80551  11.7%     -  193s
     0     0 9301.80551    0 4423 8329.00000 9301.80551  11.7%     -  193s
     0     0 9046.58108    0 5048 8329.00000 9046.58108  8.62%     -  201s
     0     0 8993.58147    0 4953 8329.00000 8993.58147  7.98%     -  208s
     0     0 8971.88880    0 4661 8329.00000 8971.88880  7.72%     -  217s
     0     0 8959.56467    0 4886 8329.00000 8959.56467  7.57%     -  241s
     0     0 8944.59716    0 4130 8329.00000 8944.59716  7.39%     -  252s
     0     0 8942.14332    0 4024 8329.00000 8942.14332  7.36%     -  256s
H    0     0                    8343.0000000 8942.14332  7.18%     -  273s
H    0     0                    8348.0000000 8856.16866  6.09%     -  289s
H    0     0                    8353.0000000 8856.16866  6.02%     -  289s
     0     0 8856.16866    0 4137 8353.00000 8856.16866  6.02%     -  289s
H    0     0                    8380.0000000 8856.16866  5.68%     -  311s
     0     0 8822.90138    0 4131 8380.00000 8822.90138  5.29%     -  321s
     0     0 8806.38093    0 4328 8380.00000 8806.38093  5.09%     -  328s
     0     0 8793.58941    0 4456 8380.00000 8793.58941  4.94%     -  335s
     0     0 8785.55488    0 4476 8380.00000 8785.55488  4.84%     -  355s
     0     0 8779.13707    0 4527 8380.00000 8779.13707  4.76%     -  364s
     0     0 8761.96237    0 4487 8380.00000 8761.96237  4.56%     -  395s
     0     0 8751.74119    0 4885 8380.00000 8751.74119  4.44%     -  403s
     0     0 8746.31872    0 5418 8380.00000 8746.31872  4.37%     -  413s
     0     0 8738.02904    0 5209 8380.00000 8738.02904  4.27%     -  422s
     0     0 8738.02904    0 5209 8380.00000 8738.02904  4.27%     -  431s
H    0     0                    8385.0000000 8733.61483  4.16%     -  517s
     0     2 8733.61483    0 5209 8385.00000 8733.61483  4.16%     -  517s
     3     8 8732.30587    2 5497 8385.00000 8733.61483  4.16%   899  532s
     7    16 8724.87314    3 5781 8385.00000 8732.24335  4.14%  2163  593s
    15    24 8716.79004    4 6154 8385.00000 8723.35709  4.04%  4520  694s
    23    32 8708.25252    4 5964 8385.00000 8716.72796  3.96%  7140  798s
    31    40 8710.25286    5 6017 8385.00000 8716.72796  3.96%  6691  805s
    39    48 8716.45750    5 6099 8385.00000 8716.45750  3.95%  5397  846s
H   43    48                    8386.0000000 8716.41426  3.94%  4908  846s
H   45    48                    8387.0000000 8716.41426  3.93%  4739  846s
    47    62 8716.23856    6 6186 8387.00000 8716.40700  3.93%  4563  951s
    61    77 8707.73446    8 6009 8387.00000 8716.40700  3.93%  3606  960s
    92   113 8714.91207   11 6150 8387.00000 8716.40700  3.93%  2506  976s
   112   134 8714.36271   12 6174 8387.00000 8716.40700  3.93%  2142  988s
   133   153 8710.09016   14 5950 8387.00000 8716.40700  3.93%  1874 1053s
   152   176 8712.42842   15 6164 8387.00000 8716.40700  3.93%  1776 1088s
   175   201 8710.63380   17 6111 8387.00000 8716.40700  3.93%  1686 1110s
   200   217 8709.33490   21 6112 8387.00000 8716.40700  3.93%  1547 1131s
   216   241 8703.54215   22 5992 8387.00000 8716.40700  3.93%  1506 1145s
   240   268 8707.83669   22 6138 8387.00000 8716.40700  3.93%  1397 1159s
   267   301 8705.68826   27 6156 8387.00000 8716.40700  3.93%  1300 1175s
   300   342 8703.65899   32 6270 8387.00000 8716.40700  3.93%  1199 1190s
   341   389 8701.38736   40 6216 8387.00000 8716.40700  3.93%  1087 1204s
   388   434 8700.55534   49 6255 8387.00000 8716.40700  3.93%   988 1255s
   433   486 8699.86531   56 6226 8387.00000 8716.40700  3.93%   940 1276s
   485   528 8699.26633   61 6200 8387.00000 8716.40700  3.93%   874 1293s
   527   589 8697.69357   67 6176 8387.00000 8716.40700  3.93%   829 1312s
   588   619 8695.39279   72 6263 8387.00000 8716.40700  3.93%   770 1666s
   618   683 8694.33706   74 6315 8387.00000 8716.40700  3.93%   749 1688s
   682   712 8691.89055   81 6267 8387.00000 8716.40700  3.93%   706 1717s
   717   720 8687.95684   82 6534 8387.00000 8716.40700  3.93%   707 1762s
   725   736 8688.09243   82 6441 8387.00000 8716.40700  3.93%   747 1796s
   741   762 8688.02837   83 6437 8387.00000 8716.40700  3.93%   764 1832s
   767   799 8683.83710   87 6205 8387.00000 8716.40700  3.93%   776 1859s
   805   826 8677.70603   89 6157 8387.00000 8716.40700  3.93%   766 1884s
   846   859 8677.44545   92 6118 8387.00000 8716.40700  3.93%   753 1908s
   887   905 8675.99630   97 6307 8387.00000 8716.40700  3.93%   743 2005s
H  900   905                    8389.0000000 8716.40700  3.90%   737 2005s
   933   913 8670.94010  101 6492 8389.00000 8716.40700  3.90%   747 2061s
   941   941 8670.20414  102 6497 8389.00000 8716.40700  3.90%   776 2096s
   969   987 8668.62041  103 6471 8389.00000 8716.40700  3.90%   780 2125s
H 1015  1034                    8390.0000000 8716.40700  3.89%   768 2162s
  1062  1085 8660.74039  112 6365 8390.00000 8716.40700  3.89%   756 2195s
  1113  1142 8654.84884  114 6345 8390.00000 8716.40700  3.89%   747 2229s
  1170  1209 8654.61659  120 6306 8390.00000 8716.40700  3.89%   735 2265s
  1237  1281 8652.89667  129 6458 8390.00000 8716.40700  3.89%   721 2302s
  1309  1365 8651.47979  135 6484 8390.00000 8716.40700  3.89%   705 2338s
  1393  1428 8648.10223  145 6548 8390.00000 8716.40700  3.89%   686 2383s
  1456  1477 8647.16522  150 6570 8390.00000 8716.40700  3.89%   683 2433s
  1505  1545 8638.90274  154 6508 8390.00000 8716.40700  3.89%   687 2473s
  1573  1555 8634.92215  158 6476 8390.00000 8716.40700  3.89%   680 2514s
H 1582  1555                    8392.0000000 8716.40700  3.87%   677 2514s
  1583  1630 8609.95632  158 5112 8392.00000 8716.40700  3.87%   681 2567s
  1658  1698 8633.78238  159 6473 8392.00000 8716.40700  3.87%   672 2617s
  1726  1784 8629.38142  167 6420 8392.00000 8716.40700  3.87%   672 2665s
  1812  1883 8623.55547  175 6296 8392.00000 8716.40700  3.87%   664 2717s
  1913  2019 8619.21357  186 6191 8392.00000 8716.40700  3.87%   653 2773s
  2053  2102 8616.68004  202 6191 8392.00000 8716.40700  3.87%   633 2946s
  2138  2186 8604.94968  211 5930 8392.00000 8716.40700  3.87%   641 3072s
  2246  2272 8595.63386  214 5771 8392.00000 8716.40700  3.87%   641 3143s
  2332  2381 8586.23182  224 5502 8392.00000 8716.40700  3.87%   640 3226s
  2442  2519 8575.72768  232 5562 8392.00000 8716.40700  3.87%   636 3310s
  2581  2622 8571.88658  240 5547 8392.00000 8716.40700  3.87%   629 3410s
  2690  2696 8565.30525  255 4772 8392.00000 8716.40700  3.87%   627 3495s
  2764  2833 8559.70189  259 4746 8392.00000 8716.40700  3.87%   636 3600s

Cutting planes:
  Gomory: 6
  Lift-and-project: 7
  Cover: 733
  Implied bound: 204
  MIR: 3760
  StrongCG: 238
  GUB cover: 2537
  Zero half: 35
  RLT: 5011
  Relax-and-lift: 9
  Lazy constraints: 10563

Explored 2904 nodes (1899370 simplex iterations) in 3600.03 seconds (6059.06 work units)
Thread count was 8 (of 8 available processors)

Solution count 10: 8392 8390 8389 ... 8343

Time limit reached
Best objective 8.392000000000e+03, best bound 8.716000000000e+03, gap 3.8608%
