
Gurobi 9.5.1 (linux64) logging started Thu Jun  2 03:06:23 2022

Set parameter LogFile to value "../results/logs/log_CA-CondMat_4_250_2022_06_02_01_06.log"
Gurobi Optimizer version 9.5.1 build v9.5.1rc2 (linux64)
Thread count: 8 physical cores, 8 logical processors, using up to 8 threads
Optimize a model with 46267 rows, 46266 columns and 466288 nonzeros
Model fingerprint: 0x65124c21
Variable types: 0 continuous, 46266 integer (46266 binary)
Coefficient statistics:
  Matrix range     [1e+00, 4e+00]
  Objective range  [1e+00, 1e+00]
  Bounds range     [1e+00, 1e+00]
  RHS range        [1e+00, 2e+02]
Found heuristic solution: objective -0.0000000
Presolve removed 17051 rows and 12188 columns
Presolve time: 0.96s
Presolved: 29216 rows, 34078 columns, 387439 nonzeros
Variable types: 0 continuous, 34078 integer (32779 binary)
Found heuristic solution: objective 830.0000000

Deterministic concurrent LP optimizer: primal and dual simplex
Showing first log only...

Concurrent spin time: 0.00s

Solved with dual simplex

Root relaxation: objective 1.434384e+04, 2959 iterations, 0.43 seconds (0.53 work units)

    Nodes    |    Current Node    |     Objective Bounds      |     Work
 Expl Unexpl |  Obj  Depth IntInf | Incumbent    BestBd   Gap | It/Node Time

     0     0 14343.8364    0  862  830.00000 14343.8364  1628%     -    2s
H    0     0                    13845.000000 14343.8364  3.60%     -    2s
H    0     0                    13854.000000 14343.8364  3.54%     -    2s
H    0     0                    13930.000000 14343.8364  2.97%     -    2s
     0     0 14017.5525    0  434 13930.0000 14017.5525  0.63%     -    3s
H    0     0                    13939.000000 14017.5525  0.56%     -    3s
     0     0 14014.4833    0  394 13939.0000 14014.4833  0.54%     -    4s
     0     0 14014.4198    0  389 13939.0000 14014.4198  0.54%     -    4s
     0     0 14014.4198    0  388 13939.0000 14014.4198  0.54%     -    4s
     0     0 13954.0665    0  158 13939.0000 13954.0665  0.11%     -    4s
     0     0 13948.7500    0  155 13939.0000 13948.7500  0.07%     -    4s
     0     0 13948.1528    0  154 13939.0000 13948.1528  0.07%     -    4s
     0     0 13948.1522    0  154 13939.0000 13948.1522  0.07%     -    4s
     0     0 13943.1151    0   94 13939.0000 13943.1151  0.03%     -    5s
     0     0 13942.2755    0   79 13939.0000 13942.2755  0.02%     -    5s
     0     0 13942.2547    0   73 13939.0000 13942.2547  0.02%     -    5s
     0     0 13941.9264    0   54 13939.0000 13941.9264  0.02%     -    6s
     0     0 13941.6153    0   53 13939.0000 13941.6153  0.02%     -    6s
     0     0 13941.1136    0   51 13939.0000 13941.1136  0.02%     -    6s
     0     0 13940.6333    0   20 13939.0000 13940.6333  0.01%     -    6s
     0     0 13940.6333    0  185 13939.0000 13940.6333  0.01%     -    6s
     0     0 13940.6333    0   73 13939.0000 13940.6333  0.01%     -    6s
     0     0 13940.6333    0   58 13939.0000 13940.6333  0.01%     -    6s
     0     0 13940.6333    0   65 13939.0000 13940.6333  0.01%     -    6s
     0     0 13940.6333    0   65 13939.0000 13940.6333  0.01%     -    6s
     0     0 13940.6333    0   33 13939.0000 13940.6333  0.01%     -    6s
     0     0 13940.6131    0   26 13939.0000 13940.6131  0.01%     -    6s
     0     0 13940.6081    0   31 13939.0000 13940.6081  0.01%     -    6s
     0     0 13940.0476    0   17 13939.0000 13940.0476  0.01%     -    6s
     0     0 13940.0476    0   56 13939.0000 13940.0476  0.01%     -    7s
     0     0 13940.0476    0   27 13939.0000 13940.0476  0.01%     -    7s
     0     0     cutoff    0      13939.0000 13939.0000  0.00%     -    7s

Cutting planes:
  Gomory: 26
  Implied bound: 2
  MIR: 23
  GUB cover: 5
  Zero half: 1
  Mod-K: 2
  RLT: 3

Explored 1 nodes (7706 simplex iterations) in 7.03 seconds (5.79 work units)
Thread count was 8 (of 8 available processors)

Solution count 10: 13939 13939 13939 ... 13845

Optimal solution found (tolerance 0.00e+00)
Best objective 1.393900000000e+04, best bound 1.393900000000e+04, gap 0.0000%
