
Gurobi 9.0.1 (win64) logging started 11/11/21 13:16:20

Changed value of parameter LogFile to ../results/logs/log_samuel_kroger_2021_11_11_13_16_20.csv_17_250.log
   Prev:   Default: 
Changed value of parameter method to 3
   Prev: -1  Min: -1  Max: 5  Default: -1
Changed value of parameter lazyConstraints to 1
   Prev: 0  Min: 0  Max: 1  Default: 0
Gurobi Optimizer version 9.0.1 build v9.0.1rc0 (win64)
Optimize a model with 3064 rows, 8078 columns and 33530 nonzeros
Model fingerprint: 0x1c625483
Variable types: 4039 continuous, 4039 integer (4039 binary)
Coefficient statistics:
  Matrix range     [1e+00, 2e+01]
  Objective range  [1e+00, 1e+00]
  Bounds range     [1e+00, 1e+00]
  RHS range        [1e+00, 3e+02]
Found heuristic solution: objective 2061.0000000
Presolve removed 2061 rows and 5599 columns
Presolve time: 0.04s
Presolved: 1003 rows, 2479 columns, 18747 nonzeros
Variable types: 1978 continuous, 501 integer (501 binary)

Concurrent LP optimizer: dual simplex and barrier
Showing barrier log only...

Root barrier log...

Ordering time: 0.00s

Barrier statistics:
 AA' NZ     : 1.719e+04
 Factor NZ  : 2.718e+04 (roughly 2 MBytes of memory)
 Factor Ops : 1.066e+06 (less than 1 second per iteration)
 Threads    : 3

Barrier performed 0 iterations in 0.11 seconds
Barrier solve interrupted - model solved by another algorithm


Solved with dual simplex

Root relaxation: objective 2.552302e+03, 686 iterations, 0.04 seconds

    Nodes    |    Current Node    |     Objective Bounds      |     Work
 Expl Unexpl |  Obj  Depth IntInf | Incumbent    BestBd   Gap | It/Node Time

     0     0 2552.30225    0   44 2061.00000 2552.30225  23.8%     -    0s
     0     0 2547.99683    0   33 2061.00000 2547.99683  23.6%     -    0s
     0     0 2547.99037    0   29 2061.00000 2547.99037  23.6%     -    0s
     0     0 2546.98311    0    8 2061.00000 2546.98311  23.6%     -    0s
H    0     0                    2546.0000000 2546.98311  0.04%     -    0s
     0     0 2546.98311    0    8 2546.00000 2546.98311  0.04%     -    0s

Cutting planes:
  Gomory: 30
  MIR: 146
  RLT: 9
  Lazy constraints: 2

Explored 1 nodes (1016 simplex iterations) in 0.56 seconds
Thread count was 8 (of 8 available processors)

Solution count 2: 2546 2061 

Optimal solution found (tolerance 1.00e-04)
Best objective 2.546000000000e+03, best bound 2.546000000000e+03, gap 0.0000%

User-callback calls 141, time in user-callback 0.33 sec
