
Gurobi 9.5.1 (linux64) logging started Wed Mar  9 18:03:12 2022

Set parameter LogFile to value "../results/logs/log_2022_03_09_17_57.csv_4_15.log"
Set parameter Method to value 3
Gurobi Optimizer version 9.5.1 build v9.5.1rc2 (linux64)
Thread count: 8 physical cores, 8 logical processors, using up to 8 threads
Optimize a model with 2962 rows, 9882 columns and 30211 nonzeros
Model fingerprint: 0xc86eae4b
Variable types: 4941 continuous, 4941 integer (4941 binary)
Coefficient statistics:
  Matrix range     [1e+00, 4e+00]
  Objective range  [1e+00, 1e+00]
  Bounds range     [1e+00, 1e+00]
  RHS range        [1e+00, 2e+01]
Found heuristic solution: objective 36.0000000
Presolve removed 1475 rows and 7622 columns
Presolve time: 0.02s
Presolved: 1487 rows, 2260 columns, 8333 nonzeros
Variable types: 1293 continuous, 967 integer (941 binary)
Found heuristic solution: objective 43.0000000

Concurrent LP optimizer: primal simplex, dual simplex, and barrier
Showing barrier log only...

Root barrier log...

Ordering time: 0.00s

Barrier statistics:
 AA' NZ     : 6.354e+03
 Factor NZ  : 1.841e+04 (roughly 2 MB of memory)
 Factor Ops : 2.649e+05 (less than 1 second per iteration)
 Threads    : 1

                  Objective                Residual
Iter       Primal          Dual         Primal    Dual     Compl     Time
   0   3.61514369e+03  4.97747269e+03  3.08e+03 7.77e-01  1.15e+01     0s
   1   9.85351045e+02  4.54544283e+03  6.74e+02 3.11e-15  2.68e+00     0s
   2   3.80738428e+02  1.57606382e+03  9.13e+01 2.44e-15  4.24e-01     0s
   3   2.66323825e+02  4.63720204e+02  1.69e+01 2.44e-15  7.55e-02     0s
   4   2.28014537e+02  3.06539305e+02  4.44e+00 3.68e-15  2.59e-02     0s
   5   2.13025777e+02  2.36369005e+02  1.50e+00 5.55e-15  8.23e-03     0s
   6   2.07336629e+02  2.12526212e+02  2.45e-01 6.93e-15  1.55e-03     0s
   7   2.07119843e+02  2.09250619e+02  1.12e-01 3.36e-15  6.62e-04     0s
   8   2.06999423e+02  2.07804615e+02  2.11e-02 3.25e-15  1.94e-04     0s
   9   2.07048209e+02  2.07129218e+02  7.00e-03 5.04e-15  3.24e-05     0s
  10   2.07067785e+02  2.07081769e+02  5.13e-04 3.74e-15  3.73e-06     0s
  11   2.07075574e+02  2.07078561e+02  1.28e-04 4.97e-15  8.46e-07     0s
  12   2.07078167e+02  2.07078285e+02  0.00e+00 6.67e-15  2.01e-08     0s
  13   2.07078240e+02  2.07078240e+02  0.00e+00 3.20e-15  2.01e-11     0s

Barrier solved model in 13 iterations and 0.05 seconds (0.04 work units)
Optimal objective 2.07078240e+02


Solved with barrier

Root relaxation: objective 2.070782e+02, 315 iterations, 0.02 seconds (0.02 work units)

    Nodes    |    Current Node    |     Objective Bounds      |     Work
 Expl Unexpl |  Obj  Depth IntInf | Incumbent    BestBd   Gap | It/Node Time

     0     0  207.07824    0  571   43.00000  207.07824   382%     -    0s
H    0     0                      54.0000000  207.07824   283%     -    0s
H    0     0                      59.0000000  207.07824   251%     -    0s
     0     0   97.74301    0  144   59.00000   97.74301  65.7%     -    0s
     0     0   94.17703    0  136   59.00000   94.17703  59.6%     -    0s
     0     0   93.92080    0  144   59.00000   93.92080  59.2%     -    0s
     0     0   93.90191    0  142   59.00000   93.90191  59.2%     -    0s
     0     0   83.89832    0  116   59.00000   83.89832  42.2%     -    0s
     0     0   82.83067    0  109   59.00000   82.83067  40.4%     -    0s
     0     0   82.73720    0  106   59.00000   82.73720  40.2%     -    0s
     0     0   80.55320    0  102   59.00000   80.55320  36.5%     -    0s
     0     0   80.28110    0  100   59.00000   80.28110  36.1%     -    0s
     0     0   80.12744    0   92   59.00000   80.12744  35.8%     -    0s
     0     0   79.41057    0   64   59.00000   79.41057  34.6%     -    0s
     0     0   79.12671    0  122   59.00000   79.12671  34.1%     -    0s
     0     0   78.94918    0  121   59.00000   78.94918  33.8%     -    0s
     0     0   78.89859    0   83   59.00000   78.89859  33.7%     -    0s
     0     0   78.64353    0   92   59.00000   78.64353  33.3%     -    0s
     0     0   78.64353    0   92   59.00000   78.64353  33.3%     -    0s
     0     2   78.64353    0   92   59.00000   78.64353  33.3%     -    0s
H   31    40                      68.0000000   77.81536  14.4%  80.5    1s
H  110   110                      71.0000000   77.81536  9.60%  58.9    1s
H  223   172                      72.0000000   77.81536  8.08%  44.0    1s
H 2160   398                      73.0000000   74.18282  1.62%  30.9    2s

Cutting planes:
  Gomory: 127
  Lift-and-project: 32
  Implied bound: 12
  MIR: 599
  Inf proof: 1
  RLT: 177
  Relax-and-lift: 6

Explored 2669 nodes (71600 simplex iterations) in 2.71 seconds (4.63 work units)
Thread count was 8 (of 8 available processors)

Solution count 8: 73 72 71 ... 36

Optimal solution found (tolerance 1.00e-04)
Best objective 7.300000000000e+01, best bound 7.300000000000e+01, gap 0.0000%
