
Gurobi 9.5.1 (linux64) logging started Tue Mar 22 02:27:55 2022

Set parameter LogFile to value "../results/logs/log_2022_03_22_02_27.csv_4_250.log"
Gurobi Optimizer version 9.5.1 build v9.5.1rc2 (linux64)
Thread count: 8 physical cores, 8 logical processors, using up to 8 threads
Optimize a model with 46267 rows, 46266 columns and 466288 nonzeros
Model fingerprint: 0x65124c21
Variable types: 0 continuous, 46266 integer (46266 binary)
Coefficient statistics:
  Matrix range     [1e+00, 4e+00]
  Objective range  [1e+00, 1e+00]
  Bounds range     [1e+00, 1e+00]
  RHS range        [1e+00, 2e+02]
Found heuristic solution: objective -0.0000000
Presolve removed 17051 rows and 12188 columns
Presolve time: 1.00s
Presolved: 29216 rows, 34078 columns, 387439 nonzeros
Variable types: 0 continuous, 34078 integer (32779 binary)
Found heuristic solution: objective 830.0000000

Deterministic concurrent LP optimizer: primal and dual simplex
Showing first log only...

Concurrent spin time: 0.01s

Solved with dual simplex

Root relaxation: objective 1.434384e+04, 2959 iterations, 0.46 seconds (0.53 work units)

    Nodes    |    Current Node    |     Objective Bounds      |     Work
 Expl Unexpl |  Obj  Depth IntInf | Incumbent    BestBd   Gap | It/Node Time

     0     0 14343.8364    0  862  830.00000 14343.8364  1628%     -    2s
H    0     0                    13845.000000 14343.8364  3.60%     -    2s
H    0     0                    13854.000000 14343.8364  3.54%     -    2s
H    0     0                    13930.000000 14343.8364  2.97%     -    3s
     0     0 14017.5525    0  434 13930.0000 14017.5525  0.63%     -    3s
H    0     0                    13939.000000 14017.5525  0.56%     -    4s
     0     0 14014.4833    0  394 13939.0000 14014.4833  0.54%     -    4s
     0     0 14014.4198    0  389 13939.0000 14014.4198  0.54%     -    4s
     0     0 14014.4198    0  388 13939.0000 14014.4198  0.54%     -    4s
     0     0 13954.0665    0  158 13939.0000 13954.0665  0.11%     -    4s
     0     0 13948.7500    0  155 13939.0000 13948.7500  0.07%     -    4s
     0     0 13948.1528    0  154 13939.0000 13948.1528  0.07%     -    4s
     0     0 13948.1522    0  154 13939.0000 13948.1522  0.07%     -    4s
     0     0 13943.1151    0   94 13939.0000 13943.1151  0.03%     -    5s
     0     0 13942.2755    0   79 13939.0000 13942.2755  0.02%     -    5s
     0     0 13942.2547    0   73 13939.0000 13942.2547  0.02%     -    5s
     0     0 13941.9264    0   54 13939.0000 13941.9264  0.02%     -    6s
     0     0 13941.6153    0   53 13939.0000 13941.6153  0.02%     -    6s
     0     0 13941.1136    0   51 13939.0000 13941.1136  0.02%     -    6s
     0     0 13940.6333    0   20 13939.0000 13940.6333  0.01%     -    6s

Cutting planes:
  Gomory: 242
  Cover: 14
  Implied bound: 39
  MIR: 405
  StrongCG: 17
  GUB cover: 560
  Zero half: 52
  RLT: 58
  Relax-and-lift: 9

Explored 1 nodes (6406 simplex iterations) in 6.75 seconds (5.54 work units)
Thread count was 8 (of 8 available processors)

Solution count 6: 13939 13930 13854 ... -0

Optimal solution found (tolerance 1.00e-04)
Best objective 1.393900000000e+04, best bound 1.394000000000e+04, gap 0.0072%

Gurobi 9.5.1 (linux64) logging started Tue Mar 22 02:28:04 2022

Set parameter LogFile to value "../results/logs/log_2022_03_22_02_27.csv_4_250.log"
Gurobi Optimizer version 9.5.1 build v9.5.1rc2 (linux64)
Thread count: 8 physical cores, 8 logical processors, using up to 8 threads
Optimize a model with 24017 rows, 24016 columns and 521988 nonzeros
Model fingerprint: 0xa4458d92
Variable types: 0 continuous, 24016 integer (24016 binary)
Coefficient statistics:
  Matrix range     [1e+00, 4e+00]
  Objective range  [1e+00, 1e+00]
  Bounds range     [1e+00, 1e+00]
  RHS range        [1e+00, 2e+02]
Found heuristic solution: objective -0.0000000
Presolve removed 9592 rows and 6656 columns
Presolve time: 1.28s
Presolved: 14425 rows, 17360 columns, 478193 nonzeros
Variable types: 0 continuous, 17360 integer (16634 binary)
Found heuristic solution: objective 4428.0000000

Deterministic concurrent LP optimizer: primal and dual simplex
Showing first log only...

Concurrent spin time: 0.01s

Solved with dual simplex

Root relaxation: objective 7.114500e+03, 1268 iterations, 0.30 seconds (0.49 work units)

    Nodes    |    Current Node    |     Objective Bounds      |     Work
 Expl Unexpl |  Obj  Depth IntInf | Incumbent    BestBd   Gap | It/Node Time

     0     0 7114.50000    0  306 4428.00000 7114.50000  60.7%     -    1s
H    0     0                    6917.0000000 7114.50000  2.86%     -    1s
H    0     0                    6929.0000000 7114.50000  2.68%     -    1s
H    0     0                    6962.0000000 7114.50000  2.19%     -    3s
H    0     0                    6963.0000000 7114.50000  2.18%     -    3s
H    0     0                    6967.0000000 7114.50000  2.12%     -    3s
H    0     0                    6969.0000000 7114.50000  2.09%     -    3s
H    0     0                    6975.0000000 7000.45829  0.36%     -    3s
H    0     0                    6978.0000000 7000.45829  0.32%     -    3s
     0     0 7000.45829    0  265 6978.00000 7000.45829  0.32%     -    3s
     0     0 7000.07797    0  198 6978.00000 7000.07797  0.32%     -    3s
     0     0 6999.86831    0  175 6978.00000 6999.86831  0.31%     -    4s
     0     0 6999.66085    0  177 6978.00000 6999.66085  0.31%     -    4s
     0     0 6999.65719    0  175 6978.00000 6999.65719  0.31%     -    4s
     0     0 6982.69105    0   54 6978.00000 6982.69105  0.07%     -    4s
     0     0 6980.27295    0   60 6978.00000 6980.27295  0.03%     -    4s
     0     0 6979.67914    0   41 6978.00000 6979.67914  0.02%     -    4s
     0     0     cutoff    0      6978.00000 6978.00000  0.00%     -    4s

Cutting planes:
  Gomory: 259
  Lift-and-project: 5
  Cover: 38
  Implied bound: 17
  MIR: 164
  StrongCG: 12
  GUB cover: 207
  Zero half: 54
  RLT: 32
  Relax-and-lift: 3

Explored 1 nodes (3625 simplex iterations) in 4.92 seconds (7.28 work units)
Thread count was 8 (of 8 available processors)

Solution count 10: 6978 6975 6969 ... -0

Optimal solution found (tolerance 1.00e-04)
Best objective 6.978000000000e+03, best bound 6.978000000000e+03, gap 0.0000%

Gurobi 9.5.1 (linux64) logging started Tue Mar 22 05:33:33 2022

Set parameter LogFile to value "../results/logs/log_2022_03_22_02_27.csv_4_250.log"
Gurobi Optimizer version 9.5.1 build v9.5.1rc2 (linux64)
Thread count: 8 physical cores, 8 logical processors, using up to 8 threads
Optimize a model with 46267 rows, 46266 columns and 466288 nonzeros
Model fingerprint: 0x65124c21
Variable types: 0 continuous, 46266 integer (46266 binary)
Coefficient statistics:
  Matrix range     [1e+00, 4e+00]
  Objective range  [1e+00, 1e+00]
  Bounds range     [1e+00, 1e+00]
  RHS range        [1e+00, 2e+02]
Found heuristic solution: objective -0.0000000
Presolve removed 17051 rows and 12188 columns
Presolve time: 1.03s
Presolved: 29216 rows, 34078 columns, 387439 nonzeros
Variable types: 0 continuous, 34078 integer (32779 binary)
Found heuristic solution: objective 830.0000000

Deterministic concurrent LP optimizer: primal and dual simplex
Showing first log only...

Concurrent spin time: 0.00s

Solved with dual simplex

Root relaxation: objective 1.434384e+04, 2959 iterations, 0.43 seconds (0.53 work units)

    Nodes    |    Current Node    |     Objective Bounds      |     Work
 Expl Unexpl |  Obj  Depth IntInf | Incumbent    BestBd   Gap | It/Node Time

     0     0 14343.8364    0  862  830.00000 14343.8364  1628%     -    2s
H    0     0                    13845.000000 14343.8364  3.60%     -    2s
H    0     0                    13854.000000 14343.8364  3.54%     -    2s
H    0     0                    13930.000000 14343.8364  2.97%     -    3s
     0     0 14017.5525    0  434 13930.0000 14017.5525  0.63%     -    3s
H    0     0                    13939.000000 14017.5525  0.56%     -    4s
     0     0 14014.4833    0  394 13939.0000 14014.4833  0.54%     -    4s
     0     0 14014.4198    0  389 13939.0000 14014.4198  0.54%     -    4s
     0     0 14014.4198    0  388 13939.0000 14014.4198  0.54%     -    4s
     0     0 13954.0665    0  158 13939.0000 13954.0665  0.11%     -    4s
     0     0 13948.7500    0  155 13939.0000 13948.7500  0.07%     -    4s
     0     0 13948.1528    0  154 13939.0000 13948.1528  0.07%     -    4s
     0     0 13948.1522    0  154 13939.0000 13948.1522  0.07%     -    4s
     0     0 13943.1151    0   94 13939.0000 13943.1151  0.03%     -    5s
     0     0 13942.2755    0   79 13939.0000 13942.2755  0.02%     -    5s
     0     0 13942.2547    0   73 13939.0000 13942.2547  0.02%     -    5s
     0     0 13941.9264    0   54 13939.0000 13941.9264  0.02%     -    6s
     0     0 13941.6153    0   53 13939.0000 13941.6153  0.02%     -    6s
     0     0 13941.1136    0   51 13939.0000 13941.1136  0.02%     -    6s
     0     0 13940.6333    0   20 13939.0000 13940.6333  0.01%     -    6s

Cutting planes:
  Gomory: 242
  Cover: 14
  Implied bound: 39
  MIR: 405
  StrongCG: 17
  GUB cover: 560
  Zero half: 52
  RLT: 58
  Relax-and-lift: 9

Explored 1 nodes (6406 simplex iterations) in 6.84 seconds (5.54 work units)
Thread count was 8 (of 8 available processors)

Solution count 6: 13939 13930 13854 ... -0

Optimal solution found (tolerance 1.00e-04)
Best objective 1.393900000000e+04, best bound 1.394000000000e+04, gap 0.0072%

Gurobi 9.5.1 (linux64) logging started Tue Mar 22 05:33:41 2022

Set parameter LogFile to value "../results/logs/log_2022_03_22_02_27.csv_4_250.log"
Gurobi Optimizer version 9.5.1 build v9.5.1rc2 (linux64)
Thread count: 8 physical cores, 8 logical processors, using up to 8 threads
Optimize a model with 24017 rows, 24016 columns and 521988 nonzeros
Model fingerprint: 0xa4458d92
Variable types: 0 continuous, 24016 integer (24016 binary)
Coefficient statistics:
  Matrix range     [1e+00, 4e+00]
  Objective range  [1e+00, 1e+00]
  Bounds range     [1e+00, 1e+00]
  RHS range        [1e+00, 2e+02]
Found heuristic solution: objective -0.0000000
Presolve removed 9592 rows and 6656 columns
Presolve time: 1.21s
Presolved: 14425 rows, 17360 columns, 478193 nonzeros
Variable types: 0 continuous, 17360 integer (16634 binary)
Found heuristic solution: objective 4428.0000000

Deterministic concurrent LP optimizer: primal and dual simplex
Showing first log only...

Concurrent spin time: 0.00s

Solved with dual simplex

Root relaxation: objective 7.114500e+03, 1268 iterations, 0.30 seconds (0.49 work units)

    Nodes    |    Current Node    |     Objective Bounds      |     Work
 Expl Unexpl |  Obj  Depth IntInf | Incumbent    BestBd   Gap | It/Node Time

     0     0 7114.50000    0  306 4428.00000 7114.50000  60.7%     -    1s
H    0     0                    6917.0000000 7114.50000  2.86%     -    1s
H    0     0                    6929.0000000 7114.50000  2.68%     -    1s
H    0     0                    6962.0000000 7114.50000  2.19%     -    3s
H    0     0                    6963.0000000 7114.50000  2.18%     -    3s
H    0     0                    6967.0000000 7114.50000  2.12%     -    3s
H    0     0                    6969.0000000 7114.50000  2.09%     -    3s
H    0     0                    6975.0000000 7000.45829  0.36%     -    3s
H    0     0                    6978.0000000 7000.45829  0.32%     -    3s
     0     0 7000.45829    0  265 6978.00000 7000.45829  0.32%     -    3s
     0     0 7000.07797    0  198 6978.00000 7000.07797  0.32%     -    3s
     0     0 6999.86831    0  175 6978.00000 6999.86831  0.31%     -    3s
     0     0 6999.66085    0  177 6978.00000 6999.66085  0.31%     -    4s
     0     0 6999.65719    0  175 6978.00000 6999.65719  0.31%     -    4s
     0     0 6982.69105    0   54 6978.00000 6982.69105  0.07%     -    4s
     0     0 6980.27295    0   60 6978.00000 6980.27295  0.03%     -    4s
     0     0 6979.67914    0   41 6978.00000 6979.67914  0.02%     -    4s
     0     0     cutoff    0      6978.00000 6978.00000  0.00%     -    4s

Cutting planes:
  Gomory: 259
  Lift-and-project: 5
  Cover: 38
  Implied bound: 17
  MIR: 164
  StrongCG: 12
  GUB cover: 207
  Zero half: 54
  RLT: 32
  Relax-and-lift: 3

Explored 1 nodes (3625 simplex iterations) in 4.84 seconds (7.28 work units)
Thread count was 8 (of 8 available processors)

Solution count 10: 6978 6975 6969 ... -0

Optimal solution found (tolerance 1.00e-04)
Best objective 6.978000000000e+03, best bound 6.978000000000e+03, gap 0.0000%

Gurobi 9.5.1 (linux64) logging started Tue Mar 22 08:39:08 2022

Set parameter LogFile to value "../results/logs/log_2022_03_22_02_27.csv_4_250.log"
Gurobi Optimizer version 9.5.1 build v9.5.1rc2 (linux64)
Thread count: 8 physical cores, 8 logical processors, using up to 8 threads
Optimize a model with 46267 rows, 46266 columns and 466288 nonzeros
Model fingerprint: 0x65124c21
Variable types: 0 continuous, 46266 integer (46266 binary)
Coefficient statistics:
  Matrix range     [1e+00, 4e+00]
  Objective range  [1e+00, 1e+00]
  Bounds range     [1e+00, 1e+00]
  RHS range        [1e+00, 2e+02]
Found heuristic solution: objective -0.0000000
Presolve removed 17051 rows and 12188 columns
Presolve time: 1.01s
Presolved: 29216 rows, 34078 columns, 387439 nonzeros
Variable types: 0 continuous, 34078 integer (32779 binary)
Found heuristic solution: objective 830.0000000

Deterministic concurrent LP optimizer: primal and dual simplex
Showing first log only...

Concurrent spin time: 0.00s

Solved with dual simplex

Root relaxation: objective 1.434384e+04, 2959 iterations, 0.44 seconds (0.53 work units)

    Nodes    |    Current Node    |     Objective Bounds      |     Work
 Expl Unexpl |  Obj  Depth IntInf | Incumbent    BestBd   Gap | It/Node Time

     0     0 14343.8364    0  862  830.00000 14343.8364  1628%     -    2s
H    0     0                    13845.000000 14343.8364  3.60%     -    2s
H    0     0                    13854.000000 14343.8364  3.54%     -    2s
H    0     0                    13930.000000 14343.8364  2.97%     -    3s
     0     0 14017.5525    0  434 13930.0000 14017.5525  0.63%     -    3s
H    0     0                    13939.000000 14017.5525  0.56%     -    4s
     0     0 14014.4833    0  394 13939.0000 14014.4833  0.54%     -    4s
     0     0 14014.4198    0  389 13939.0000 14014.4198  0.54%     -    4s
     0     0 14014.4198    0  388 13939.0000 14014.4198  0.54%     -    4s
     0     0 13954.0665    0  158 13939.0000 13954.0665  0.11%     -    4s
     0     0 13948.7500    0  155 13939.0000 13948.7500  0.07%     -    4s
     0     0 13948.1528    0  154 13939.0000 13948.1528  0.07%     -    4s
     0     0 13948.1522    0  154 13939.0000 13948.1522  0.07%     -    4s
     0     0 13943.1151    0   94 13939.0000 13943.1151  0.03%     -    5s
     0     0 13942.2755    0   79 13939.0000 13942.2755  0.02%     -    5s
     0     0 13942.2547    0   73 13939.0000 13942.2547  0.02%     -    5s
     0     0 13941.9264    0   54 13939.0000 13941.9264  0.02%     -    6s
     0     0 13941.6153    0   53 13939.0000 13941.6153  0.02%     -    6s
     0     0 13941.1136    0   51 13939.0000 13941.1136  0.02%     -    6s
     0     0 13940.6333    0   20 13939.0000 13940.6333  0.01%     -    6s

Cutting planes:
  Gomory: 242
  Cover: 14
  Implied bound: 39
  MIR: 405
  StrongCG: 17
  GUB cover: 560
  Zero half: 52
  RLT: 58
  Relax-and-lift: 9

Explored 1 nodes (6406 simplex iterations) in 6.71 seconds (5.54 work units)
Thread count was 8 (of 8 available processors)

Solution count 6: 13939 13930 13854 ... -0

Optimal solution found (tolerance 1.00e-04)
Best objective 1.393900000000e+04, best bound 1.394000000000e+04, gap 0.0072%

Gurobi 9.5.1 (linux64) logging started Tue Mar 22 08:39:17 2022

Set parameter LogFile to value "../results/logs/log_2022_03_22_02_27.csv_4_250.log"
Gurobi Optimizer version 9.5.1 build v9.5.1rc2 (linux64)
Thread count: 8 physical cores, 8 logical processors, using up to 8 threads
Optimize a model with 24017 rows, 24016 columns and 521988 nonzeros
Model fingerprint: 0xa4458d92
Variable types: 0 continuous, 24016 integer (24016 binary)
Coefficient statistics:
  Matrix range     [1e+00, 4e+00]
  Objective range  [1e+00, 1e+00]
  Bounds range     [1e+00, 1e+00]
  RHS range        [1e+00, 2e+02]
Found heuristic solution: objective -0.0000000
Presolve removed 9592 rows and 6656 columns
Presolve time: 1.16s
Presolved: 14425 rows, 17360 columns, 478193 nonzeros
Variable types: 0 continuous, 17360 integer (16634 binary)
Found heuristic solution: objective 4428.0000000

Deterministic concurrent LP optimizer: primal and dual simplex
Showing first log only...

Concurrent spin time: 0.00s

Solved with dual simplex

Root relaxation: objective 7.114500e+03, 1268 iterations, 0.30 seconds (0.49 work units)

    Nodes    |    Current Node    |     Objective Bounds      |     Work
 Expl Unexpl |  Obj  Depth IntInf | Incumbent    BestBd   Gap | It/Node Time

     0     0 7114.50000    0  306 4428.00000 7114.50000  60.7%     -    1s
H    0     0                    6917.0000000 7114.50000  2.86%     -    1s
H    0     0                    6929.0000000 7114.50000  2.68%     -    1s
H    0     0                    6962.0000000 7114.50000  2.19%     -    3s
H    0     0                    6963.0000000 7114.50000  2.18%     -    3s
H    0     0                    6967.0000000 7114.50000  2.12%     -    3s
H    0     0                    6969.0000000 7114.50000  2.09%     -    3s
H    0     0                    6975.0000000 7000.45829  0.36%     -    3s
H    0     0                    6978.0000000 7000.45829  0.32%     -    3s
     0     0 7000.45829    0  265 6978.00000 7000.45829  0.32%     -    3s
     0     0 7000.07797    0  198 6978.00000 7000.07797  0.32%     -    3s
     0     0 6999.86831    0  175 6978.00000 6999.86831  0.31%     -    3s
     0     0 6999.66085    0  177 6978.00000 6999.66085  0.31%     -    3s
     0     0 6999.65719    0  175 6978.00000 6999.65719  0.31%     -    4s
     0     0 6982.69105    0   54 6978.00000 6982.69105  0.07%     -    4s
     0     0 6980.27295    0   60 6978.00000 6980.27295  0.03%     -    4s
     0     0 6979.67914    0   41 6978.00000 6979.67914  0.02%     -    4s
     0     0     cutoff    0      6978.00000 6978.00000  0.00%     -    4s

Cutting planes:
  Gomory: 259
  Lift-and-project: 5
  Cover: 38
  Implied bound: 17
  MIR: 164
  StrongCG: 12
  GUB cover: 207
  Zero half: 54
  RLT: 32
  Relax-and-lift: 3

Explored 1 nodes (3625 simplex iterations) in 4.77 seconds (7.28 work units)
Thread count was 8 (of 8 available processors)

Solution count 10: 6978 6975 6969 ... -0

Optimal solution found (tolerance 1.00e-04)
Best objective 6.978000000000e+03, best bound 6.978000000000e+03, gap 0.0000%

Gurobi 9.5.1 (linux64) logging started Tue Mar 22 11:44:44 2022

Set parameter LogFile to value "../results/logs/log_2022_03_22_02_27.csv_4_250.log"
Gurobi Optimizer version 9.5.1 build v9.5.1rc2 (linux64)
Thread count: 8 physical cores, 8 logical processors, using up to 8 threads
Optimize a model with 46267 rows, 46266 columns and 466288 nonzeros
Model fingerprint: 0x9d5db30e
Variable types: 0 continuous, 46266 integer (46266 binary)
Coefficient statistics:
  Matrix range     [1e+00, 4e+00]
  Objective range  [1e+00, 1e+00]
  Bounds range     [1e+00, 1e+00]
  RHS range        [1e+00, 2e+02]

User MIP start produced solution with objective 13911 (0.07s)
Loaded user MIP start with objective 13911

Presolve removed 17051 rows and 12188 columns
Presolve time: 0.97s
Presolved: 29216 rows, 34078 columns, 387439 nonzeros
Variable types: 0 continuous, 34078 integer (32779 binary)

Deterministic concurrent LP optimizer: primal and dual simplex
Showing first log only...

Concurrent spin time: 0.01s

Solved with dual simplex

Root relaxation: objective 1.434384e+04, 2959 iterations, 0.43 seconds (0.53 work units)

    Nodes    |    Current Node    |     Objective Bounds      |     Work
 Expl Unexpl |  Obj  Depth IntInf | Incumbent    BestBd   Gap | It/Node Time

     0     0 14343.8364    0  862 13911.0000 14343.8364  3.11%     -    2s
H    0     0                    13937.000000 14343.8364  2.92%     -    3s
     0     0 14017.4725    0  430 13937.0000 14017.4725  0.58%     -    3s
H    0     0                    13938.000000 14017.4725  0.57%     -    4s
H    0     0                    13939.000000 14014.4833  0.54%     -    4s
     0     0 14014.4833    0  395 13939.0000 14014.4833  0.54%     -    4s
     0     0 14014.4198    0  386 13939.0000 14014.4198  0.54%     -    4s
     0     0 14014.4198    0  385 13939.0000 14014.4198  0.54%     -    4s
     0     0 13955.0688    0  182 13939.0000 13955.0688  0.12%     -    4s
     0     0 13949.0728    0  171 13939.0000 13949.0728  0.07%     -    4s
     0     0 13948.4855    0  170 13939.0000 13948.4855  0.07%     -    4s
     0     0 13943.3317    0  106 13939.0000 13943.3317  0.03%     -    5s
     0     0 13942.2618    0   79 13939.0000 13942.2618  0.02%     -    5s
     0     0 13942.2357    0   75 13939.0000 13942.2357  0.02%     -    5s
     0     0 13941.3490    0   38 13939.0000 13941.3490  0.02%     -    6s
     0     0 13941.2824    0   41 13939.0000 13941.2824  0.02%     -    6s
     0     0 13941.2824    0   39 13939.0000 13941.2824  0.02%     -    6s
     0     0 13940.6324    0   17 13939.0000 13940.6324  0.01%     -    7s

Cutting planes:
  Gomory: 246
  Cover: 11
  Implied bound: 38
  MIR: 412
  StrongCG: 19
  GUB cover: 557
  Zero half: 56
  Mod-K: 1
  RLT: 57
  Relax-and-lift: 9

Explored 1 nodes (6465 simplex iterations) in 7.82 seconds (6.46 work units)
Thread count was 8 (of 8 available processors)

Solution count 4: 13939 13938 13937 13911 

Optimal solution found (tolerance 1.00e-04)
Best objective 1.393900000000e+04, best bound 1.394000000000e+04, gap 0.0072%

Gurobi 9.5.1 (linux64) logging started Tue Mar 22 11:44:57 2022

Set parameter LogFile to value "../results/logs/log_2022_03_22_02_27.csv_4_250.log"
Gurobi Optimizer version 9.5.1 build v9.5.1rc2 (linux64)
Thread count: 8 physical cores, 8 logical processors, using up to 8 threads
Optimize a model with 24017 rows, 24016 columns and 521988 nonzeros
Model fingerprint: 0x4ebe35f2
Variable types: 0 continuous, 24016 integer (24016 binary)
Coefficient statistics:
  Matrix range     [1e+00, 4e+00]
  Objective range  [1e+00, 1e+00]
  Bounds range     [1e+00, 1e+00]
  RHS range        [1e+00, 2e+02]

User MIP start produced solution with objective 6966 (0.06s)
Loaded user MIP start with objective 6966

Presolve removed 9592 rows and 6656 columns
Presolve time: 1.14s
Presolved: 14425 rows, 17360 columns, 478193 nonzeros
Variable types: 0 continuous, 17360 integer (16634 binary)

Deterministic concurrent LP optimizer: primal and dual simplex
Showing first log only...

Concurrent spin time: 0.00s

Solved with dual simplex

Root relaxation: objective 7.114500e+03, 1268 iterations, 0.30 seconds (0.49 work units)

    Nodes    |    Current Node    |     Objective Bounds      |     Work
 Expl Unexpl |  Obj  Depth IntInf | Incumbent    BestBd   Gap | It/Node Time

     0     0 7114.50000    0  306 6966.00000 7114.50000  2.13%     -    1s
H    0     0                    6978.0000000 7114.50000  1.96%     -    3s
     0     0 7000.63901    0  265 6978.00000 7000.63901  0.32%     -    3s
     0     0 7000.63901    0  193 6978.00000 7000.63901  0.32%     -    3s
     0     0 6999.80112    0  162 6978.00000 6999.80112  0.31%     -    3s
     0     0 6999.77315    0  163 6978.00000 6999.77315  0.31%     -    3s
     0     0 6999.76949    0  164 6978.00000 6999.76949  0.31%     -    4s
     0     0 6981.91333    0   53 6978.00000 6981.91333  0.06%     -    4s
     0     0 6979.76334    0   48 6978.00000 6979.76334  0.03%     -    4s
     0     0 6979.67914    0   37 6978.00000 6979.67914  0.02%     -    4s
     0     0     cutoff    0      6978.00000 6978.00000  0.00%     -    4s

Cutting planes:
  Gomory: 258
  Lift-and-project: 3
  Cover: 37
  Implied bound: 16
  MIR: 171
  StrongCG: 13
  Flow cover: 1
  GUB cover: 206
  Zero half: 55
  RLT: 34
  Relax-and-lift: 4

Explored 1 nodes (3638 simplex iterations) in 4.74 seconds (7.34 work units)
Thread count was 8 (of 8 available processors)

Solution count 2: 6978 6966 

Optimal solution found (tolerance 1.00e-04)
Best objective 6.978000000000e+03, best bound 6.978000000000e+03, gap 0.0000%

Gurobi 9.5.1 (linux64) logging started Tue Mar 22 15:05:13 2022

Set parameter LogFile to value "../results/logs/log_2022_03_22_02_27.csv_4_250.log"
Gurobi Optimizer version 9.5.1 build v9.5.1rc2 (linux64)
Thread count: 8 physical cores, 8 logical processors, using up to 8 threads
Optimize a model with 55659 rows, 46266 columns and 494464 nonzeros
Model fingerprint: 0xa6c0f6f4
Variable types: 0 continuous, 46266 integer (46266 binary)
Coefficient statistics:
  Matrix range     [1e+00, 4e+00]
  Objective range  [1e+00, 1e+00]
  Bounds range     [1e+00, 1e+00]
  RHS range        [1e+00, 2e+02]
Found heuristic solution: objective -0.0000000
Presolve removed 17449 rows and 12259 columns
Presolve time: 1.54s
Presolved: 38210 rows, 34007 columns, 413226 nonzeros
Extracted 9000 lazy constraints
Variable types: 0 continuous, 34007 integer (32849 binary)

Deterministic concurrent LP optimizer: primal and dual simplex
Showing first log only...

Concurrent spin time: 0.00s

Solved with dual simplex

Root relaxation: objective 1.446374e+04, 1524 iterations, 0.29 seconds (0.25 work units)

    Nodes    |    Current Node    |     Objective Bounds      |     Work
 Expl Unexpl |  Obj  Depth IntInf | Incumbent    BestBd   Gap | It/Node Time

     0     0 14463.7383    0  457   -0.00000 14463.7383      -     -    2s
H    0     0                      90.0000000 14463.4883      -     -    2s
     0     0 13986.1366    0  305   90.00000 13986.1366      -     -    2s
H    0     0                    13906.000000 13986.1366  0.58%     -    3s
H    0     0                    13932.000000 13986.1366  0.39%     -    3s
H    0     0                    13938.000000 13986.1366  0.35%     -    3s
     0     0 13984.4450    0  294 13938.0000 13984.4450  0.33%     -    3s
     0     0 13984.3756    0  297 13938.0000 13984.3756  0.33%     -    3s
     0     0 13951.0285    0  119 13938.0000 13951.0285  0.09%     -    3s
     0     0 13947.8146    0   99 13938.0000 13947.8146  0.07%     -    3s
     0     0 13947.4098    0   90 13938.0000 13947.4098  0.07%     -    3s
     0     0 13942.7397    0   60 13938.0000 13942.7397  0.03%     -    4s
H    0     0                    13939.000000 13942.7397  0.03%     -    4s
     0     0 13941.4000    0   31 13939.0000 13941.4000  0.02%     -    4s
     0     0 13940.8000    0   28 13939.0000 13940.8000  0.01%     -    4s

Cutting planes:
  Gomory: 221
  Cover: 9
  Implied bound: 1
  MIR: 226
  StrongCG: 6
  GUB cover: 192
  Zero half: 47
  RLT: 27
  Relax-and-lift: 3
  Lazy constraints: 707

Explored 1 nodes (3965 simplex iterations) in 4.51 seconds (3.96 work units)
Thread count was 8 (of 8 available processors)

Solution count 6: 13939 13938 13932 ... -0

Optimal solution found (tolerance 1.00e-04)
Best objective 1.393900000000e+04, best bound 1.394000000000e+04, gap 0.0072%

Gurobi 9.5.1 (linux64) logging started Tue Mar 22 15:05:20 2022

Set parameter LogFile to value "../results/logs/log_2022_03_22_02_27.csv_4_250.log"
Gurobi Optimizer version 9.5.1 build v9.5.1rc2 (linux64)
Thread count: 8 physical cores, 8 logical processors, using up to 8 threads
Optimize a model with 27717 rows, 24016 columns and 533088 nonzeros
Model fingerprint: 0x5de20373
Variable types: 0 continuous, 24016 integer (24016 binary)
Coefficient statistics:
  Matrix range     [1e+00, 4e+00]
  Objective range  [1e+00, 1e+00]
  Bounds range     [1e+00, 1e+00]
  RHS range        [1e+00, 2e+02]
Found heuristic solution: objective -0.0000000
Presolve removed 9780 rows and 6707 columns
Presolve time: 1.39s
Presolved: 17937 rows, 17309 columns, 488072 nonzeros
Extracted 3532 lazy constraints
Variable types: 0 continuous, 17309 integer (16646 binary)

Deterministic concurrent LP optimizer: primal and dual simplex
Showing first log only...

Concurrent spin time: 0.00s

Solved with dual simplex

Root relaxation: objective 7.180000e+03, 471 iterations, 0.20 seconds (0.19 work units)

    Nodes    |    Current Node    |     Objective Bounds      |     Work
 Expl Unexpl |  Obj  Depth IntInf | Incumbent    BestBd   Gap | It/Node Time

     0     0 7180.00000    0  107   -0.00000 7180.00000      -     -    1s
H    0     0                    6977.0000000 7180.00000  2.91%     -   10s
H    0     0                    6978.0000000 7180.00000  2.89%     -   10s
     0     0 6980.33333    0  186 6978.00000 6980.33333  0.03%     -   10s
     0     0 6980.31446    0   69 6978.00000 6980.31446  0.03%     -   10s
     0     0 6980.31446    0   70 6978.00000 6980.31446  0.03%     -   10s
     0     0 6980.30000    0   72 6978.00000 6980.30000  0.03%     -   11s
     0     0 6980.30000    0   73 6978.00000 6980.30000  0.03%     -   11s
     0     0     cutoff    0      6978.00000 6978.00000  0.00%     -   11s

Cutting planes:
  Gomory: 195
  Lift-and-project: 4
  Cover: 48
  Implied bound: 1
  MIR: 71
  StrongCG: 2
  GUB cover: 8
  Zero half: 25
  RLT: 11
  Relax-and-lift: 6
  Lazy constraints: 327

Explored 1 nodes (1893 simplex iterations) in 11.43 seconds (8.62 work units)
Thread count was 8 (of 8 available processors)

Solution count 3: 6978 6977 -0 

Optimal solution found (tolerance 1.00e-04)
Best objective 6.978000000000e+03, best bound 6.978000000000e+03, gap 0.0000%

Gurobi 9.5.1 (linux64) logging started Tue Mar 22 18:10:39 2022

Set parameter LogFile to value "../results/logs/log_2022_03_22_02_27.csv_4_250.log"
Gurobi Optimizer version 9.5.1 build v9.5.1rc2 (linux64)
Thread count: 8 physical cores, 8 logical processors, using up to 8 threads
Optimize a model with 46267 rows, 46266 columns and 466288 nonzeros
Model fingerprint: 0x07d5b318
Variable types: 0 continuous, 46266 integer (46266 binary)
Coefficient statistics:
  Matrix range     [1e+00, 4e+00]
  Objective range  [1e+00, 1e+00]
  Bounds range     [1e+00, 1e+00]
  RHS range        [1e+00, 2e+02]
Found heuristic solution: objective -0.0000000
Presolve removed 17051 rows and 12188 columns
Presolve time: 1.03s
Presolved: 29216 rows, 34078 columns, 387439 nonzeros
Variable types: 0 continuous, 34078 integer (32779 binary)
Found heuristic solution: objective 830.0000000

Deterministic concurrent LP optimizer: primal and dual simplex
Showing first log only...

Concurrent spin time: 0.00s

Solved with dual simplex

Root relaxation: objective 1.434384e+04, 2958 iterations, 0.43 seconds (0.53 work units)

    Nodes    |    Current Node    |     Objective Bounds      |     Work
 Expl Unexpl |  Obj  Depth IntInf | Incumbent    BestBd   Gap | It/Node Time

     0     0 14343.8364    0  861  830.00000 14343.8364  1628%     -    2s
H    0     0                    13835.000000 14343.8364  3.68%     -    2s
H    0     0                    13838.000000 14343.8364  3.66%     -    2s
H    0     0                    13849.000000 14343.8364  3.57%     -    2s
H    0     0                    13935.000000 14343.8364  2.93%     -    3s
     0     0 14017.3608    0  445 13935.0000 14017.3608  0.59%     -    3s
H    0     0                    13939.000000 14017.3608  0.56%     -    4s
     0     0 14014.0698    0  398 13939.0000 14014.0698  0.54%     -    4s
     0     0 14014.0063    0  398 13939.0000 14014.0063  0.54%     -    4s
     0     0 13953.9487    0  189 13939.0000 13953.9487  0.11%     -    4s
     0     0 13948.0078    0  176 13939.0000 13948.0078  0.06%     -    4s
     0     0 13947.4796    0  167 13939.0000 13947.4796  0.06%     -    4s
     0     0 13942.5944    0   72 13939.0000 13942.5944  0.03%     -    5s
     0     0 13941.5410    0   64 13939.0000 13941.5410  0.02%     -    5s
     0     0 13941.4508    0   59 13939.0000 13941.4508  0.02%     -    5s
     0     0 13941.4508    0   59 13939.0000 13941.4508  0.02%     -    5s
     0     0 13940.6207    0   35 13939.0000 13940.6207  0.01%     -    6s

Cutting planes:
  Gomory: 246
  Cover: 11
  Implied bound: 39
  MIR: 416
  StrongCG: 16
  GUB cover: 560
  Zero half: 55
  RLT: 61
  Relax-and-lift: 9

Explored 1 nodes (6393 simplex iterations) in 6.18 seconds (5.17 work units)
Thread count was 8 (of 8 available processors)

Solution count 7: 13939 13935 13849 ... -0

Optimal solution found (tolerance 1.00e-04)
Best objective 1.393900000000e+04, best bound 1.394000000000e+04, gap 0.0072%

Gurobi 9.5.1 (linux64) logging started Tue Mar 22 18:10:47 2022

Set parameter LogFile to value "../results/logs/log_2022_03_22_02_27.csv_4_250.log"
Gurobi Optimizer version 9.5.1 build v9.5.1rc2 (linux64)
Thread count: 8 physical cores, 8 logical processors, using up to 8 threads
Optimize a model with 24017 rows, 24016 columns and 521988 nonzeros
Model fingerprint: 0x3a37bf35
Variable types: 0 continuous, 24016 integer (24016 binary)
Coefficient statistics:
  Matrix range     [1e+00, 4e+00]
  Objective range  [1e+00, 1e+00]
  Bounds range     [1e+00, 1e+00]
  RHS range        [1e+00, 2e+02]
Found heuristic solution: objective -0.0000000
Presolve removed 9592 rows and 6656 columns
Presolve time: 1.11s
Presolved: 14425 rows, 17360 columns, 478193 nonzeros
Variable types: 0 continuous, 17360 integer (16634 binary)
Found heuristic solution: objective 4425.0000000

Deterministic concurrent LP optimizer: primal and dual simplex
Showing first log only...

Concurrent spin time: 0.00s

Solved with dual simplex

Root relaxation: objective 7.114500e+03, 1254 iterations, 0.29 seconds (0.49 work units)

    Nodes    |    Current Node    |     Objective Bounds      |     Work
 Expl Unexpl |  Obj  Depth IntInf | Incumbent    BestBd   Gap | It/Node Time

     0     0 7114.50000    0  293 4425.00000 7114.50000  60.8%     -    1s
H    0     0                    6924.0000000 7114.50000  2.75%     -    1s
H    0     0                    6931.0000000 7114.50000  2.65%     -    1s
H    0     0                    6961.0000000 7114.50000  2.21%     -    1s
H    0     0                    6963.0000000 7054.55747  1.31%     -    2s
H    0     0                    6964.0000000 7054.55747  1.30%     -    2s
     0     0 7053.03830    0  267 6964.00000 7053.03830  1.28%     -    2s
H    0     0                    6975.0000000 7053.03830  1.12%     -    2s
     0     0 7052.05032    0  250 6975.00000 7052.05032  1.10%     -    2s
H    0     0                    6978.0000000 7001.10175  0.33%     -    2s
     0     0 7001.10175    0  184 6978.00000 7001.10175  0.33%     -    2s
     0     0 6999.10950    0  158 6978.00000 6999.10950  0.30%     -    3s
     0     0 6998.89668    0  160 6978.00000 6998.89668  0.30%     -    3s
     0     0 6981.89630    0   60 6978.00000 6981.89630  0.06%     -    3s
     0     0 6979.75455    0   45 6978.00000 6979.75455  0.03%     -    3s
     0     0 6979.31667    0   38 6978.00000 6979.31667  0.02%     -    3s
     0     0     cutoff    0      6978.00000 6978.00000  0.00%     -    3s

Cutting planes:
  Gomory: 196
  Cover: 10
  Implied bound: 23
  MIR: 168
  StrongCG: 6
  GUB cover: 297
  Zero half: 22
  RLT: 39
  Relax-and-lift: 4

Explored 1 nodes (3315 simplex iterations) in 3.67 seconds (5.70 work units)
Thread count was 8 (of 8 available processors)

Solution count 9: 6978 6975 6964 ... -0

Optimal solution found (tolerance 1.00e-04)
Best objective 6.978000000000e+03, best bound 6.978000000000e+03, gap 0.0000%

Gurobi 9.5.1 (linux64) logging started Tue Mar 22 21:17:15 2022

Set parameter LogFile to value "../results/logs/log_2022_03_22_02_27.csv_4_250.log"
Set parameter LazyConstraints to value 1
Gurobi Optimizer version 9.5.1 build v9.5.1rc2 (linux64)
Thread count: 8 physical cores, 8 logical processors, using up to 8 threads
Optimize a model with 46267 rows, 46266 columns and 466288 nonzeros
Model fingerprint: 0x65124c21
Variable types: 0 continuous, 46266 integer (46266 binary)
Coefficient statistics:
  Matrix range     [1e+00, 4e+00]
  Objective range  [1e+00, 1e+00]
  Bounds range     [1e+00, 1e+00]
  RHS range        [1e+00, 2e+02]
Found heuristic solution: objective -0.0000000
Presolve removed 16980 rows and 8490 columns
Presolve time: 0.54s
Presolved: 29287 rows, 37776 columns, 393881 nonzeros
Variable types: 0 continuous, 37776 integer (37776 binary)

Deterministic concurrent LP optimizer: primal and dual simplex
Showing first log only...

Concurrent spin time: 0.00s

Solved with dual simplex

Root relaxation: objective 1.434384e+04, 3150 iterations, 0.36 seconds (0.37 work units)

    Nodes    |    Current Node    |     Objective Bounds      |     Work
 Expl Unexpl |  Obj  Depth IntInf | Incumbent    BestBd   Gap | It/Node Time

     0     0 14343.8364    0  860   -0.00000 14343.8364      -     -    1s
H    0     0                    13806.000000 14343.8364  3.90%     -    1s
H    0     0                    13840.000000 14343.8364  3.64%     -    1s
     0     0 14018.1101    0  463 13840.0000 14018.1101  1.29%     -    2s
H    0     0                    13857.000000 14018.1101  1.16%     -    2s
H    0     0                    13917.000000 14018.1101  0.73%     -    2s
H    0     0                    13939.000000 14018.1101  0.57%     -    2s
     0     0 14014.9371    0  428 13939.0000 14014.9371  0.54%     -    2s
     0     0 14014.9371    0  433 13939.0000 14014.9371  0.54%     -    3s
     0     0 13952.8472    0  134 13939.0000 13952.8472  0.10%     -    3s
     0     0 13950.7235    0  146 13939.0000 13950.7235  0.08%     -    3s
     0     0 13950.6640    0  149 13939.0000 13950.6640  0.08%     -    4s
     0     0 13944.0848    0   95 13939.0000 13944.0848  0.04%     -    4s
     0     0 13943.6093    0   82 13939.0000 13943.6093  0.03%     -    4s
     0     0 13943.5338    0   82 13939.0000 13943.5338  0.03%     -    5s
     0     0 13942.3254    0   48 13939.0000 13942.3254  0.02%     -    5s
     0     0 13942.0817    0   55 13939.0000 13942.0817  0.02%     -    6s
     0     0 13942.0817    0   56 13939.0000 13942.0817  0.02%     -    6s
     0     0 13941.3889    0   41 13939.0000 13941.3889  0.02%     -    6s
     0     0 13941.2500    0   46 13939.0000 13941.2500  0.02%     -    7s
     0     0 13941.2500    0   48 13939.0000 13941.2500  0.02%     -    7s
     0     0 13941.2222    0   32 13939.0000 13941.2222  0.02%     -    7s
     0     0 13941.2222    0  734 13939.0000 13941.2222  0.02%     -    8s
     0     0 13941.2222    0  223 13939.0000 13941.2222  0.02%     -    9s
     0     0 13941.2222    0   77 13939.0000 13941.2222  0.02%     -    9s
     0     0 13941.2222    0   88 13939.0000 13941.2222  0.02%     -    9s
     0     0 13941.1667    0   57 13939.0000 13941.1667  0.02%     -    9s
     0     0 13941.0455    0   36 13939.0000 13941.0455  0.01%     -    9s
     0     0 13941.0455    0   37 13939.0000 13941.0455  0.01%     -   10s
     0     0 13940.7222    0   39 13939.0000 13940.7222  0.01%     -   10s

Cutting planes:
  Gomory: 163
  Lift-and-project: 3
  Cover: 479
  Clique: 1
  MIR: 338
  StrongCG: 26
  GUB cover: 714
  Zero half: 79
  Mod-K: 3
  RLT: 34
  Lazy constraints: 6

Explored 1 nodes (12537 simplex iterations) in 10.47 seconds (6.97 work units)
Thread count was 8 (of 8 available processors)

Solution count 7: 13939 13917 13868 ... -0

Optimal solution found (tolerance 1.00e-04)
Best objective 1.393900000000e+04, best bound 1.394000000000e+04, gap 0.0072%

User-callback calls 2075, time in user-callback 4.02 sec

Gurobi 9.5.1 (linux64) logging started Tue Mar 22 21:17:27 2022

Set parameter LogFile to value "../results/logs/log_2022_03_22_02_27.csv_4_250.log"
Set parameter LazyConstraints to value 1
Gurobi Optimizer version 9.5.1 build v9.5.1rc2 (linux64)
Thread count: 8 physical cores, 8 logical processors, using up to 8 threads
Optimize a model with 24017 rows, 24016 columns and 521988 nonzeros
Model fingerprint: 0xa4458d92
Variable types: 0 continuous, 24016 integer (24016 binary)
Coefficient statistics:
  Matrix range     [1e+00, 4e+00]
  Objective range  [1e+00, 1e+00]
  Bounds range     [1e+00, 1e+00]
  RHS range        [1e+00, 2e+02]
Found heuristic solution: objective -0.0000000
Presolve removed 9566 rows and 4783 columns
Presolve time: 0.63s
Presolved: 14451 rows, 19233 columns, 481535 nonzeros
Variable types: 0 continuous, 19233 integer (19233 binary)

Deterministic concurrent LP optimizer: primal and dual simplex
Showing first log only...

Concurrent spin time: 0.00s

Solved with dual simplex

Root relaxation: objective 7.114500e+03, 1259 iterations, 0.21 seconds (0.21 work units)

    Nodes    |    Current Node    |     Objective Bounds      |     Work
 Expl Unexpl |  Obj  Depth IntInf | Incumbent    BestBd   Gap | It/Node Time

     0     0 7114.50000    0  307   -0.00000 7114.50000      -     -    1s
H    0     0                    6907.0000000 7114.50000  3.00%     -    1s
H    0     0                    6922.0000000 7114.50000  2.78%     -    1s
H    0     0                    6924.0000000 7114.50000  2.75%     -    1s
     0     0 7052.11785    0  284 6924.00000 7052.11785  1.85%     -    1s
H    0     0                    6958.0000000 7052.11785  1.35%     -    1s
H    0     0                    6978.0000000 7052.11785  1.06%     -    1s
     0     0 7051.50277    0  279 6978.00000 7051.50277  1.05%     -    1s
     0     0 6997.63443    0  178 6978.00000 6997.63443  0.28%     -    1s
     0     0 6997.13060    0  166 6978.00000 6997.13060  0.27%     -    2s
     0     0 6997.08850    0  162 6978.00000 6997.08850  0.27%     -    2s
     0     0 6980.35833    0   57 6978.00000 6980.35833  0.03%     -    2s
     0     0     cutoff    0      6978.00000 6978.00000  0.00%     -    2s

Cutting planes:
  Gomory: 173
  Cover: 341
  MIR: 263
  StrongCG: 14
  GUB cover: 566
  Zero half: 89
  Mod-K: 1
  RLT: 33
  Lazy constraints: 6

Explored 1 nodes (3170 simplex iterations) in 2.75 seconds (3.35 work units)
Thread count was 8 (of 8 available processors)

Solution count 6: 6978 6958 6924 ... -0

Optimal solution found (tolerance 1.00e-04)
Best objective 6.978000000000e+03, best bound 6.978000000000e+03, gap 0.0000%

User-callback calls 835, time in user-callback 0.60 sec

Gurobi 9.5.1 (linux64) logging started Tue Mar 22 23:37:24 2022

Set parameter LogFile to value "../results/logs/log_2022_03_22_02_27.csv_4_250.log"
Set parameter LazyConstraints to value 1
Gurobi Optimizer version 9.5.1 build v9.5.1rc2 (linux64)
Thread count: 8 physical cores, 8 logical processors, using up to 8 threads
Optimize a model with 55659 rows, 46266 columns and 494464 nonzeros
Model fingerprint: 0xc1ad3aff
Variable types: 0 continuous, 46266 integer (46266 binary)
Coefficient statistics:
  Matrix range     [1e+00, 4e+00]
  Objective range  [1e+00, 1e+00]
  Bounds range     [1e+00, 1e+00]
  RHS range        [1e+00, 2e+02]

User MIP start produced solution with objective 13911 (0.09s)
Loaded user MIP start with objective 13911

Presolve removed 17030 rows and 10060 columns
Presolve time: 0.72s
Presolved: 38629 rows, 36206 columns, 418491 nonzeros
Extracted 9365 lazy constraints
Variable types: 0 continuous, 36206 integer (36206 binary)

Deterministic concurrent LP optimizer: primal and dual simplex
Showing first log only...

Concurrent spin time: 0.00s

Solved with dual simplex

Root relaxation: objective 1.455500e+04, 1404 iterations, 0.28 seconds (0.25 work units)

    Nodes    |    Current Node    |     Objective Bounds      |     Work
 Expl Unexpl |  Obj  Depth IntInf | Incumbent    BestBd   Gap | It/Node Time

     0     0 14555.0000    0  227 13911.0000 14555.0000  4.63%     -    1s
     0     0 14034.9520    0  350 13911.0000 14034.9520  0.89%     -    2s
     0     0 14034.4717    0  352 13911.0000 14034.4717  0.89%     -    2s
     0     0 13952.7328    0  139 13911.0000 13952.7328  0.30%     -    2s
H    0     0                    13937.000000 13952.7328  0.11%     -    2s
     0     0 13950.4511    0  137 13937.0000 13950.4511  0.10%     -    3s
     0     0 13950.3895    0  137 13937.0000 13950.3895  0.10%     -    3s
     0     0 13943.2526    0   56 13937.0000 13943.2526  0.04%     -    3s
H    0     0                    13939.000000 13943.2526  0.03%     -    3s
     0     0 13942.7862    0   62 13939.0000 13942.7862  0.03%     -    4s
     0     0 13942.6195    0   66 13939.0000 13942.6195  0.03%     -    4s
     0     0 13942.6195    0   66 13939.0000 13942.6195  0.03%     -    4s
     0     0 13941.6250    0   46 13939.0000 13941.6250  0.02%     -    5s
     0     0 13941.1833    0   29 13939.0000 13941.1833  0.02%     -    5s
     0     0 13941.1833    0  406 13939.0000 13941.1833  0.02%     -    6s
     0     0 13941.1833    0   53 13939.0000 13941.1833  0.02%     -    6s
     0     0 13941.1833    0   45 13939.0000 13941.1833  0.02%     -    6s
     0     0 13941.1548    0   36 13939.0000 13941.1548  0.02%     -    7s
     0     0 13941.0379    0   41 13939.0000 13941.0379  0.01%     -    7s
     0     0 13941.0379    0   43 13939.0000 13941.0379  0.01%     -    7s
     0     0 13940.5833    0   34 13939.0000 13940.5833  0.01%     -    7s

Cutting planes:
  Gomory: 182
  Lift-and-project: 3
  Cover: 189
  MIR: 168
  StrongCG: 10
  GUB cover: 294
  Zero half: 28
  RLT: 30
  Lazy constraints: 5

Explored 1 nodes (7754 simplex iterations) in 7.97 seconds (5.29 work units)
Thread count was 8 (of 8 available processors)

Solution count 3: 13939 13937 13911 

Optimal solution found (tolerance 1.00e-04)
Best objective 1.393900000000e+04, best bound 1.394000000000e+04, gap 0.0072%

User-callback calls 1562, time in user-callback 3.01 sec

Gurobi 9.5.1 (linux64) logging started Tue Mar 22 23:37:37 2022

Set parameter LogFile to value "../results/logs/log_2022_03_22_02_27.csv_4_250.log"
Set parameter LazyConstraints to value 1
Gurobi Optimizer version 9.5.1 build v9.5.1rc2 (linux64)
Thread count: 8 physical cores, 8 logical processors, using up to 8 threads
Optimize a model with 27717 rows, 24016 columns and 533088 nonzeros
Model fingerprint: 0xe74fc3f3
Variable types: 0 continuous, 24016 integer (24016 binary)
Coefficient statistics:
  Matrix range     [1e+00, 4e+00]
  Objective range  [1e+00, 1e+00]
  Bounds range     [1e+00, 1e+00]
  RHS range        [1e+00, 2e+02]

User MIP start produced solution with objective 6966 (0.08s)
Loaded user MIP start with objective 6966

Presolve removed 9584 rows and 5522 columns
Presolve time: 0.73s
Presolved: 18133 rows, 18494 columns, 490864 nonzeros
Extracted 3696 lazy constraints
Variable types: 0 continuous, 18494 integer (18494 binary)

Deterministic concurrent LP optimizer: primal and dual simplex
Showing first log only...

Concurrent spin time: 0.00s

Solved with dual simplex

Root relaxation: objective 7.219000e+03, 535 iterations, 0.19 seconds (0.18 work units)

    Nodes    |    Current Node    |     Objective Bounds      |     Work
 Expl Unexpl |  Obj  Depth IntInf | Incumbent    BestBd   Gap | It/Node Time

     0     0 7219.00000    0    7 6966.00000 7219.00000  3.63%     -    1s
     0     0 7072.96822    0  271 6966.00000 7072.96822  1.54%     -    1s
     0     0 6992.13227    0   93 6966.00000 6992.13227  0.38%     -    1s
     0     0 6991.86756    0   85 6966.00000 6991.86756  0.37%     -    1s
     0     0 6979.44167    0   37 6966.00000 6979.44167  0.19%     -    2s
     0     0 6979.08333    0   30 6966.00000 6979.08333  0.19%     -    2s
     0     0 6978.80000    0   18 6966.00000 6978.80000  0.18%     -    2s
H    0     0                    6978.0000000 6978.80000  0.01%     -    2s

Cutting planes:
  Gomory: 108
  Cover: 152
  MIR: 144
  StrongCG: 5
  GUB cover: 222
  Zero half: 25
  RLT: 22
  Lazy constraints: 535

Explored 1 nodes (2026 simplex iterations) in 2.85 seconds (3.33 work units)
Thread count was 8 (of 8 available processors)

Solution count 2: 6978 6966 

Optimal solution found (tolerance 1.00e-04)
Best objective 6.978000000000e+03, best bound 6.978000000000e+03, gap 0.0000%

User-callback calls 905, time in user-callback 0.49 sec

Gurobi 9.5.1 (linux64) logging started Wed Mar 23 02:41:20 2022

Set parameter LogFile to value "../results/logs/log_2022_03_22_02_27.csv_4_250.log"
Gurobi Optimizer version 9.5.1 build v9.5.1rc2 (linux64)
Thread count: 8 physical cores, 8 logical processors, using up to 8 threads
Optimize a model with 2359 rows, 46266 columns and 23735 nonzeros
Model fingerprint: 0xaa7d8787
Variable types: 0 continuous, 46266 integer (46266 binary)
Coefficient statistics:
  Matrix range     [1e+00, 4e+00]
  Objective range  [1e+00, 1e+00]
  Bounds range     [1e+00, 1e+00]
  RHS range        [1e+00, 2e+02]
Found heuristic solution: objective 13464.000000
Presolve removed 2194 rows and 45925 columns
Presolve time: 0.02s
Presolved: 165 rows, 341 columns, 561 nonzeros
Found heuristic solution: objective 13989.000000
Variable types: 0 continuous, 341 integer (211 binary)

Root relaxation: objective 1.401233e+04, 174 iterations, 0.00 seconds (0.00 work units)

    Nodes    |    Current Node    |     Objective Bounds      |     Work
 Expl Unexpl |  Obj  Depth IntInf | Incumbent    BestBd   Gap | It/Node Time

     0     0 14012.3333    0   38 13989.0000 14012.3333  0.17%     -    0s
H    0     0                    13996.000000 14012.3333  0.12%     -    0s
     0     0 13998.0000    0    4 13996.0000 13998.0000  0.01%     -    0s
H    0     0                    13997.000000 13998.0000  0.01%     -    0s

Cutting planes:
  Cover: 5
  Implied bound: 17
  MIR: 16

Explored 1 nodes (218 simplex iterations) in 0.07 seconds (0.02 work units)
Thread count was 8 (of 8 available processors)

Solution count 4: 13997 13996 13989 13464 

Optimal solution found (tolerance 1.00e-04)
Best objective 1.399700000000e+04, best bound 1.399800000000e+04, gap 0.0071%

Gurobi 9.5.1 (linux64) logging started Wed Mar 23 02:41:23 2022

Set parameter LogFile to value "../results/logs/log_2022_03_22_02_27.csv_4_250.log"
Gurobi Optimizer version 9.5.1 build v9.5.1rc2 (linux64)
Thread count: 8 physical cores, 8 logical processors, using up to 8 threads
Optimize a model with 1269 rows, 24016 columns and 12911 nonzeros
Model fingerprint: 0x390a5be8
Variable types: 0 continuous, 24016 integer (24016 binary)
Coefficient statistics:
  Matrix range     [1e+00, 4e+00]
  Objective range  [1e+00, 1e+00]
  Bounds range     [1e+00, 1e+00]
  RHS range        [1e+00, 2e+02]
Found heuristic solution: objective 6591.0000000
Presolve removed 1200 rows and 23876 columns
Presolve time: 0.01s
Presolved: 69 rows, 140 columns, 258 nonzeros
Found heuristic solution: objective 6881.0000000
Variable types: 0 continuous, 140 integer (103 binary)
Found heuristic solution: objective 6883.0000000

Root relaxation: objective 7.011667e+03, 64 iterations, 0.00 seconds (0.00 work units)

    Nodes    |    Current Node    |     Objective Bounds      |     Work
 Expl Unexpl |  Obj  Depth IntInf | Incumbent    BestBd   Gap | It/Node Time

     0     0 7011.66667    0   11 6883.00000 7011.66667  1.87%     -    0s
H    0     0                    7007.0000000 7011.66667  0.07%     -    0s
     0     0     cutoff    0      7007.00000 7007.00000  0.00%     -    0s

Cutting planes:
  Cover: 1
  Implied bound: 3
  MIR: 8

Explored 1 nodes (92 simplex iterations) in 0.02 seconds (0.01 work units)
Thread count was 8 (of 8 available processors)

Solution count 4: 7007 6883 6881 6591 

Optimal solution found (tolerance 1.00e-04)
Best objective 7.007000000000e+03, best bound 7.007000000000e+03, gap 0.0000%

Gurobi 9.5.1 (linux64) logging started Wed Mar 23 03:44:15 2022

Set parameter LogFile to value "../results/logs/log_2022_03_22_02_27.csv_4_250.log"
Gurobi Optimizer version 9.5.1 build v9.5.1rc2 (linux64)
Thread count: 8 physical cores, 8 logical processors, using up to 8 threads
Optimize a model with 2359 rows, 46266 columns and 23735 nonzeros
Model fingerprint: 0xaa7d8787
Variable types: 0 continuous, 46266 integer (46266 binary)
Coefficient statistics:
  Matrix range     [1e+00, 4e+00]
  Objective range  [1e+00, 1e+00]
  Bounds range     [1e+00, 1e+00]
  RHS range        [1e+00, 2e+02]
Found heuristic solution: objective 13464.000000
Presolve removed 2194 rows and 45925 columns
Presolve time: 0.02s
Presolved: 165 rows, 341 columns, 561 nonzeros
Found heuristic solution: objective 13989.000000
Variable types: 0 continuous, 341 integer (211 binary)

Root relaxation: objective 1.401233e+04, 174 iterations, 0.00 seconds (0.00 work units)

    Nodes    |    Current Node    |     Objective Bounds      |     Work
 Expl Unexpl |  Obj  Depth IntInf | Incumbent    BestBd   Gap | It/Node Time

     0     0 14012.3333    0   38 13989.0000 14012.3333  0.17%     -    0s
H    0     0                    13996.000000 14012.3333  0.12%     -    0s
     0     0 13998.0000    0    4 13996.0000 13998.0000  0.01%     -    0s
H    0     0                    13997.000000 13998.0000  0.01%     -    0s

Cutting planes:
  Cover: 5
  Implied bound: 17
  MIR: 16

Explored 1 nodes (218 simplex iterations) in 0.04 seconds (0.02 work units)
Thread count was 8 (of 8 available processors)

Solution count 4: 13997 13996 13989 13464 

Optimal solution found (tolerance 1.00e-04)
Best objective 1.399700000000e+04, best bound 1.399800000000e+04, gap 0.0071%

Gurobi 9.5.1 (linux64) logging started Wed Mar 23 03:44:18 2022

Set parameter LogFile to value "../results/logs/log_2022_03_22_02_27.csv_4_250.log"
Gurobi Optimizer version 9.5.1 build v9.5.1rc2 (linux64)
Thread count: 8 physical cores, 8 logical processors, using up to 8 threads
Optimize a model with 1269 rows, 24016 columns and 12911 nonzeros
Model fingerprint: 0x390a5be8
Variable types: 0 continuous, 24016 integer (24016 binary)
Coefficient statistics:
  Matrix range     [1e+00, 4e+00]
  Objective range  [1e+00, 1e+00]
  Bounds range     [1e+00, 1e+00]
  RHS range        [1e+00, 2e+02]
Found heuristic solution: objective 6591.0000000
Presolve removed 1200 rows and 23876 columns
Presolve time: 0.01s
Presolved: 69 rows, 140 columns, 258 nonzeros
Found heuristic solution: objective 6881.0000000
Variable types: 0 continuous, 140 integer (103 binary)
Found heuristic solution: objective 6883.0000000

Root relaxation: objective 7.011667e+03, 64 iterations, 0.00 seconds (0.00 work units)

    Nodes    |    Current Node    |     Objective Bounds      |     Work
 Expl Unexpl |  Obj  Depth IntInf | Incumbent    BestBd   Gap | It/Node Time

     0     0 7011.66667    0   11 6883.00000 7011.66667  1.87%     -    0s
H    0     0                    7007.0000000 7011.66667  0.07%     -    0s
     0     0     cutoff    0      7007.00000 7007.00000  0.00%     -    0s

Cutting planes:
  Cover: 1
  Implied bound: 3
  MIR: 8

Explored 1 nodes (92 simplex iterations) in 0.02 seconds (0.01 work units)
Thread count was 8 (of 8 available processors)

Solution count 4: 7007 6883 6881 6591 

Optimal solution found (tolerance 1.00e-04)
Best objective 7.007000000000e+03, best bound 7.007000000000e+03, gap 0.0000%

Gurobi 9.5.1 (linux64) logging started Wed Mar 23 04:46:44 2022

Set parameter LogFile to value "../results/logs/log_2022_03_22_02_27.csv_4_250.log"
Gurobi Optimizer version 9.5.1 build v9.5.1rc2 (linux64)
Thread count: 8 physical cores, 8 logical processors, using up to 8 threads
Optimize a model with 2359 rows, 46266 columns and 23735 nonzeros
Model fingerprint: 0xaa7d8787
Variable types: 0 continuous, 46266 integer (46266 binary)
Coefficient statistics:
  Matrix range     [1e+00, 4e+00]
  Objective range  [1e+00, 1e+00]
  Bounds range     [1e+00, 1e+00]
  RHS range        [1e+00, 2e+02]
Found heuristic solution: objective 13464.000000
Presolve removed 2194 rows and 45925 columns
Presolve time: 0.02s
Presolved: 165 rows, 341 columns, 561 nonzeros
Found heuristic solution: objective 13989.000000
Variable types: 0 continuous, 341 integer (211 binary)

Root relaxation: objective 1.401233e+04, 174 iterations, 0.00 seconds (0.00 work units)

    Nodes    |    Current Node    |     Objective Bounds      |     Work
 Expl Unexpl |  Obj  Depth IntInf | Incumbent    BestBd   Gap | It/Node Time

     0     0 14012.3333    0   38 13989.0000 14012.3333  0.17%     -    0s
H    0     0                    13996.000000 14012.3333  0.12%     -    0s
     0     0 13998.0000    0    4 13996.0000 13998.0000  0.01%     -    0s
H    0     0                    13997.000000 13998.0000  0.01%     -    0s

Cutting planes:
  Cover: 5
  Implied bound: 17
  MIR: 16

Explored 1 nodes (218 simplex iterations) in 0.04 seconds (0.02 work units)
Thread count was 8 (of 8 available processors)

Solution count 4: 13997 13996 13989 13464 

Optimal solution found (tolerance 1.00e-04)
Best objective 1.399700000000e+04, best bound 1.399800000000e+04, gap 0.0071%

Gurobi 9.5.1 (linux64) logging started Wed Mar 23 04:46:48 2022

Set parameter LogFile to value "../results/logs/log_2022_03_22_02_27.csv_4_250.log"
Gurobi Optimizer version 9.5.1 build v9.5.1rc2 (linux64)
Thread count: 8 physical cores, 8 logical processors, using up to 8 threads
Optimize a model with 1269 rows, 24016 columns and 12911 nonzeros
Model fingerprint: 0x390a5be8
Variable types: 0 continuous, 24016 integer (24016 binary)
Coefficient statistics:
  Matrix range     [1e+00, 4e+00]
  Objective range  [1e+00, 1e+00]
  Bounds range     [1e+00, 1e+00]
  RHS range        [1e+00, 2e+02]
Found heuristic solution: objective 6591.0000000
Presolve removed 1200 rows and 23876 columns
Presolve time: 0.01s
Presolved: 69 rows, 140 columns, 258 nonzeros
Found heuristic solution: objective 6881.0000000
Variable types: 0 continuous, 140 integer (103 binary)
Found heuristic solution: objective 6883.0000000

Root relaxation: objective 7.011667e+03, 64 iterations, 0.00 seconds (0.00 work units)

    Nodes    |    Current Node    |     Objective Bounds      |     Work
 Expl Unexpl |  Obj  Depth IntInf | Incumbent    BestBd   Gap | It/Node Time

     0     0 7011.66667    0   11 6883.00000 7011.66667  1.87%     -    0s
H    0     0                    7007.0000000 7011.66667  0.07%     -    0s
     0     0     cutoff    0      7007.00000 7007.00000  0.00%     -    0s

Cutting planes:
  Cover: 1
  Implied bound: 3
  MIR: 8

Explored 1 nodes (92 simplex iterations) in 0.02 seconds (0.01 work units)
Thread count was 8 (of 8 available processors)

Solution count 4: 7007 6883 6881 6591 

Optimal solution found (tolerance 1.00e-04)
Best objective 7.007000000000e+03, best bound 7.007000000000e+03, gap 0.0000%

Gurobi 9.5.1 (linux64) logging started Wed Mar 23 05:49:22 2022

Set parameter LogFile to value "../results/logs/log_2022_03_22_02_27.csv_4_250.log"
Gurobi Optimizer version 9.5.1 build v9.5.1rc2 (linux64)
Thread count: 8 physical cores, 8 logical processors, using up to 8 threads
Optimize a model with 2359 rows, 46266 columns and 23735 nonzeros
Model fingerprint: 0xea478bad
Variable types: 0 continuous, 46266 integer (46266 binary)
Coefficient statistics:
  Matrix range     [1e+00, 4e+00]
  Objective range  [1e+00, 1e+00]
  Bounds range     [1e+00, 1e+00]
  RHS range        [1e+00, 2e+02]

User MIP start produced solution with objective 13954 (0.01s)
Loaded user MIP start with objective 13954

Presolve removed 2194 rows and 45925 columns
Presolve time: 0.02s
Presolved: 165 rows, 341 columns, 561 nonzeros
Found heuristic solution: objective 13976.000000
Variable types: 0 continuous, 341 integer (211 binary)

Root relaxation: objective 1.401233e+04, 174 iterations, 0.00 seconds (0.00 work units)

    Nodes    |    Current Node    |     Objective Bounds      |     Work
 Expl Unexpl |  Obj  Depth IntInf | Incumbent    BestBd   Gap | It/Node Time

     0     0 14012.3333    0   38 13976.0000 14012.3333  0.26%     -    0s
H    0     0                    13996.000000 14012.3333  0.12%     -    0s
     0     0 13998.0000    0    4 13996.0000 13998.0000  0.01%     -    0s
H    0     0                    13997.000000 13998.0000  0.01%     -    0s

Cutting planes:
  Cover: 5
  Implied bound: 17
  MIR: 16

Explored 1 nodes (218 simplex iterations) in 0.05 seconds (0.03 work units)
Thread count was 8 (of 8 available processors)

Solution count 4: 13997 13996 13976 13954 

Optimal solution found (tolerance 1.00e-04)
Best objective 1.399700000000e+04, best bound 1.399800000000e+04, gap 0.0071%

Gurobi 9.5.1 (linux64) logging started Wed Mar 23 05:49:28 2022

Set parameter LogFile to value "../results/logs/log_2022_03_22_02_27.csv_4_250.log"
Gurobi Optimizer version 9.5.1 build v9.5.1rc2 (linux64)
Thread count: 8 physical cores, 8 logical processors, using up to 8 threads
Optimize a model with 1269 rows, 24016 columns and 12911 nonzeros
Model fingerprint: 0xc21348f4
Variable types: 0 continuous, 24016 integer (24016 binary)
Coefficient statistics:
  Matrix range     [1e+00, 4e+00]
  Objective range  [1e+00, 1e+00]
  Bounds range     [1e+00, 1e+00]
  RHS range        [1e+00, 2e+02]

User MIP start produced solution with objective 6975 (0.01s)
Loaded user MIP start with objective 6975

Presolve removed 1200 rows and 23876 columns
Presolve time: 0.01s
Presolved: 69 rows, 140 columns, 258 nonzeros
Variable types: 0 continuous, 140 integer (103 binary)
Found heuristic solution: objective 6979.0000000

Root relaxation: objective 7.011667e+03, 64 iterations, 0.00 seconds (0.00 work units)

    Nodes    |    Current Node    |     Objective Bounds      |     Work
 Expl Unexpl |  Obj  Depth IntInf | Incumbent    BestBd   Gap | It/Node Time

     0     0 7011.66667    0   11 6979.00000 7011.66667  0.47%     -    0s
H    0     0                    7007.0000000 7011.66667  0.07%     -    0s

Cutting planes:
  Cover: 1
  Implied bound: 3
  MIR: 8

Explored 1 nodes (83 simplex iterations) in 0.03 seconds (0.02 work units)
Thread count was 8 (of 8 available processors)

Solution count 3: 7007 6979 6975 

Optimal solution found (tolerance 1.00e-04)
Best objective 7.007000000000e+03, best bound 7.007000000000e+03, gap 0.0000%

Gurobi 9.5.1 (linux64) logging started Wed Mar 23 07:16:11 2022

Set parameter LogFile to value "../results/logs/log_2022_03_22_02_27.csv_4_250.log"
Gurobi Optimizer version 9.5.1 build v9.5.1rc2 (linux64)
Thread count: 8 physical cores, 8 logical processors, using up to 8 threads
Optimize a model with 11751 rows, 46266 columns and 51911 nonzeros
Model fingerprint: 0x81f698c6
Variable types: 0 continuous, 46266 integer (46266 binary)
Coefficient statistics:
  Matrix range     [1e+00, 4e+00]
  Objective range  [1e+00, 1e+00]
  Bounds range     [1e+00, 1e+00]
  RHS range        [1e+00, 2e+02]
Found heuristic solution: objective 13464.000000
Presolve removed 11532 rows and 45937 columns
Presolve time: 0.04s
Presolved: 219 rows, 329 columns, 708 nonzeros
Extracted 135 lazy constraints
Found heuristic solution: objective 13987.000000
Variable types: 0 continuous, 329 integer (279 binary)

Root relaxation: objective 1.406033e+04, 87 iterations, 0.00 seconds (0.00 work units)

    Nodes    |    Current Node    |     Objective Bounds      |     Work
 Expl Unexpl |  Obj  Depth IntInf | Incumbent    BestBd   Gap | It/Node Time

     0     0 14060.3333    0   23 13987.0000 14060.3333  0.52%     -    0s
     0     0 14003.0000    0   36 13987.0000 14003.0000  0.11%     -    0s
H    0     0                    13995.000000 14003.0000  0.06%     -    0s
H    0     0                    13997.000000 13997.5000  0.00%     -    0s
     0     0 13997.5000    0    8 13997.0000 13997.5000  0.00%     -    0s

Cutting planes:
  Gomory: 3
  Implied bound: 17
  MIR: 14
  Lazy constraints: 135

Explored 1 nodes (246 simplex iterations) in 0.07 seconds (0.04 work units)
Thread count was 8 (of 8 available processors)

Solution count 4: 13997 13995 13987 13464 

Optimal solution found (tolerance 1.00e-04)
Best objective 1.399700000000e+04, best bound 1.399700000000e+04, gap 0.0000%

Gurobi 9.5.1 (linux64) logging started Wed Mar 23 07:16:14 2022

Set parameter LogFile to value "../results/logs/log_2022_03_22_02_27.csv_4_250.log"
Gurobi Optimizer version 9.5.1 build v9.5.1rc2 (linux64)
Thread count: 8 physical cores, 8 logical processors, using up to 8 threads
Optimize a model with 4969 rows, 24016 columns and 24011 nonzeros
Model fingerprint: 0x5ef76441
Variable types: 0 continuous, 24016 integer (24016 binary)
Coefficient statistics:
  Matrix range     [1e+00, 4e+00]
  Objective range  [1e+00, 1e+00]
  Bounds range     [1e+00, 1e+00]
  RHS range        [1e+00, 2e+02]
Found heuristic solution: objective 6591.0000000
Presolve removed 4834 rows and 23817 columns
Presolve time: 0.02s
Presolved: 135 rows, 199 columns, 437 nonzeros
Extracted 92 lazy constraints
Found heuristic solution: objective 6729.0000000
Variable types: 0 continuous, 199 integer (171 binary)

Root relaxation: objective 7.035083e+03, 47 iterations, 0.00 seconds (0.00 work units)

    Nodes    |    Current Node    |     Objective Bounds      |     Work
 Expl Unexpl |  Obj  Depth IntInf | Incumbent    BestBd   Gap | It/Node Time

     0     0 7035.08333    0   10 6729.00000 7035.08333  4.55%     -    0s
     0     0 7007.58333    0    9 6729.00000 7007.58333  4.14%     -    0s
H    0     0                    7005.0000000 7007.58333  0.04%     -    0s
H    0     0                    7006.0000000 7007.58333  0.02%     -    0s
H    0     0                    7007.0000000 7007.58333  0.01%     -    0s

Cutting planes:
  Gomory: 1
  Implied bound: 3
  MIR: 10
  Lazy constraints: 78

Explored 1 nodes (123 simplex iterations) in 0.04 seconds (0.02 work units)
Thread count was 8 (of 8 available processors)

Solution count 5: 7007 7006 7005 ... 6591

Optimal solution found (tolerance 1.00e-04)
Best objective 7.007000000000e+03, best bound 7.007000000000e+03, gap 0.0000%

Gurobi 9.5.1 (linux64) logging started Wed Mar 23 08:28:03 2022

Set parameter LogFile to value "../results/logs/log_2022_03_22_02_27.csv_4_250.log"
Gurobi Optimizer version 9.5.1 build v9.5.1rc2 (linux64)
Thread count: 8 physical cores, 8 logical processors, using up to 8 threads
Optimize a model with 2359 rows, 46266 columns and 23735 nonzeros
Model fingerprint: 0x2b380daf
Variable types: 0 continuous, 46266 integer (46266 binary)
Coefficient statistics:
  Matrix range     [1e+00, 4e+00]
  Objective range  [1e+00, 1e+00]
  Bounds range     [1e+00, 1e+00]
  RHS range        [1e+00, 2e+02]
Found heuristic solution: objective 13464.000000
Presolve removed 2194 rows and 45925 columns
Presolve time: 0.02s
Presolved: 165 rows, 341 columns, 561 nonzeros
Found heuristic solution: objective 13989.000000
Variable types: 0 continuous, 341 integer (211 binary)

Root relaxation: objective 1.401233e+04, 174 iterations, 0.00 seconds (0.00 work units)

    Nodes    |    Current Node    |     Objective Bounds      |     Work
 Expl Unexpl |  Obj  Depth IntInf | Incumbent    BestBd   Gap | It/Node Time

     0     0 14012.3333    0   38 13989.0000 14012.3333  0.17%     -    0s
H    0     0                    13996.000000 14012.3333  0.12%     -    0s
     0     0 13998.0000    0    4 13996.0000 13998.0000  0.01%     -    0s
H    0     0                    13997.000000 13998.0000  0.01%     -    0s

Cutting planes:
  Cover: 5
  Implied bound: 17
  MIR: 16

Explored 1 nodes (218 simplex iterations) in 0.04 seconds (0.02 work units)
Thread count was 8 (of 8 available processors)

Solution count 4: 13997 13996 13989 13464 

Optimal solution found (tolerance 1.00e-04)
Best objective 1.399700000000e+04, best bound 1.399800000000e+04, gap 0.0071%

Gurobi 9.5.1 (linux64) logging started Wed Mar 23 08:28:06 2022

Set parameter LogFile to value "../results/logs/log_2022_03_22_02_27.csv_4_250.log"
Gurobi Optimizer version 9.5.1 build v9.5.1rc2 (linux64)
Thread count: 8 physical cores, 8 logical processors, using up to 8 threads
Optimize a model with 1269 rows, 24016 columns and 12911 nonzeros
Model fingerprint: 0x71fbb42b
Variable types: 0 continuous, 24016 integer (24016 binary)
Coefficient statistics:
  Matrix range     [1e+00, 4e+00]
  Objective range  [1e+00, 1e+00]
  Bounds range     [1e+00, 1e+00]
  RHS range        [1e+00, 2e+02]
Found heuristic solution: objective 6591.0000000
Presolve removed 1200 rows and 23876 columns
Presolve time: 0.01s
Presolved: 69 rows, 140 columns, 258 nonzeros
Found heuristic solution: objective 6881.0000000
Variable types: 0 continuous, 140 integer (103 binary)
Found heuristic solution: objective 6883.0000000

Root relaxation: objective 7.011667e+03, 64 iterations, 0.00 seconds (0.00 work units)

    Nodes    |    Current Node    |     Objective Bounds      |     Work
 Expl Unexpl |  Obj  Depth IntInf | Incumbent    BestBd   Gap | It/Node Time

     0     0 7011.66667    0   11 6883.00000 7011.66667  1.87%     -    0s
H    0     0                    7007.0000000 7011.66667  0.07%     -    0s
     0     0     cutoff    0      7007.00000 7007.00000  0.00%     -    0s

Cutting planes:
  Cover: 1
  Implied bound: 3
  MIR: 8

Explored 1 nodes (92 simplex iterations) in 0.02 seconds (0.01 work units)
Thread count was 8 (of 8 available processors)

Solution count 4: 7007 6883 6881 6591 

Optimal solution found (tolerance 1.00e-04)
Best objective 7.007000000000e+03, best bound 7.007000000000e+03, gap 0.0000%

Gurobi 9.5.1 (linux64) logging started Wed Mar 23 09:31:58 2022

Set parameter LogFile to value "../results/logs/log_2022_03_22_02_27.csv_4_250.log"
Set parameter LazyConstraints to value 1
Gurobi Optimizer version 9.5.1 build v9.5.1rc2 (linux64)
Thread count: 8 physical cores, 8 logical processors, using up to 8 threads
Optimize a model with 2359 rows, 46266 columns and 23735 nonzeros
Model fingerprint: 0xaa7d8787
Variable types: 0 continuous, 46266 integer (46266 binary)
Coefficient statistics:
  Matrix range     [1e+00, 4e+00]
  Objective range  [1e+00, 1e+00]
  Bounds range     [1e+00, 1e+00]
  RHS range        [1e+00, 2e+02]
Found heuristic solution: objective 13464.000000
Presolve removed 0 rows and 35418 columns
Presolve time: 0.02s
Presolved: 2359 rows, 10848 columns, 16939 nonzeros
Variable types: 0 continuous, 10848 integer (10848 binary)
Found heuristic solution: objective 13832.000000

Root relaxation: objective 1.417308e+04, 1727 iterations, 0.01 seconds (0.01 work units)

    Nodes    |    Current Node    |     Objective Bounds      |     Work
 Expl Unexpl |  Obj  Depth IntInf | Incumbent    BestBd   Gap | It/Node Time

     0     0 14173.0833    0  859 13832.0000 14173.0833  2.47%     -    0s
H    0     0                    13939.000000 14173.0833  1.68%     -    0s
H    0     0                    13967.000000 14173.0833  1.48%     -    0s
H    0     0                    13974.000000 14173.0833  1.42%     -    0s
     0     0 14021.7500    0  283 13974.0000 14021.7500  0.34%     -    0s
H    0     0                    13983.000000 14021.7500  0.28%     -    0s
     0     0 14020.0333    0  290 13983.0000 14020.0333  0.26%     -    0s
     0     0 14020.0333    0  275 13983.0000 14020.0333  0.26%     -    0s
     0     0 13999.0833    0   75 13983.0000 13999.0833  0.12%     -    0s
H    0     0                    13993.000000 13999.0833  0.04%     -    0s
     0     0 13998.7833    0   65 13993.0000 13998.7833  0.04%     -    1s
     0     0 13997.0000    0   42 13993.0000 13997.0000  0.03%     -    1s
H    0     0                    13997.000000 13997.0000  0.00%     -    1s

Cutting planes:
  Gomory: 187
  Cover: 173
  Clique: 2
  MIR: 163
  GUB cover: 499
  Zero half: 71
  RLT: 4
  Lazy constraints: 6

Explored 1 nodes (3478 simplex iterations) in 1.27 seconds (0.33 work units)
Thread count was 8 (of 8 available processors)

Solution count 8: 13997 13993 13983 ... 13464

Optimal solution found (tolerance 1.00e-04)
Best objective 1.399700000000e+04, best bound 1.399700000000e+04, gap 0.0000%

User-callback calls 262, time in user-callback 0.97 sec

Gurobi 9.5.1 (linux64) logging started Wed Mar 23 09:32:03 2022

Set parameter LogFile to value "../results/logs/log_2022_03_22_02_27.csv_4_250.log"
Set parameter LazyConstraints to value 1
Gurobi Optimizer version 9.5.1 build v9.5.1rc2 (linux64)
Thread count: 8 physical cores, 8 logical processors, using up to 8 threads
Optimize a model with 1269 rows, 24016 columns and 12911 nonzeros
Model fingerprint: 0x390a5be8
Variable types: 0 continuous, 24016 integer (24016 binary)
Coefficient statistics:
  Matrix range     [1e+00, 4e+00]
  Objective range  [1e+00, 1e+00]
  Bounds range     [1e+00, 1e+00]
  RHS range        [1e+00, 2e+02]
Found heuristic solution: objective 6591.0000000
Presolve removed 0 rows and 17965 columns
Presolve time: 0.01s
Presolved: 1269 rows, 6051 columns, 9289 nonzeros
Variable types: 0 continuous, 6051 integer (6051 binary)
Found heuristic solution: objective 6832.0000000

Root relaxation: objective 7.060667e+03, 1081 iterations, 0.00 seconds (0.00 work units)

    Nodes    |    Current Node    |     Objective Bounds      |     Work
 Expl Unexpl |  Obj  Depth IntInf | Incumbent    BestBd   Gap | It/Node Time

     0     0 7060.66667    0  293 6832.00000 7060.66667  3.35%     -    0s
H    0     0                    6979.0000000 7060.66667  1.17%     -    0s
H    0     0                    6989.0000000 7060.66667  1.03%     -    0s
H    0     0                    6990.0000000 7060.66667  1.01%     -    0s
     0     0 7030.75000    0  196 6990.00000 7030.75000  0.58%     -    0s
H    0     0                    7000.0000000 7030.75000  0.44%     -    0s
H    0     0                    7002.0000000 7030.75000  0.41%     -    0s
H    0     0                    7004.0000000 7030.75000  0.38%     -    0s
     0     0 7029.69444    0  192 7004.00000 7029.69444  0.37%     -    0s
     0     0 7017.95833    0  152 7004.00000 7017.95833  0.20%     -    0s
     0     0 7017.61111    0  146 7004.00000 7017.61111  0.19%     -    0s
     0     0 7007.58333    0   30 7004.00000 7007.58333  0.05%     -    0s
H    0     0                    7007.0000000 7007.58333  0.01%     -    0s

Cutting planes:
  Gomory: 87
  Cover: 102
  MIR: 73
  GUB cover: 282
  Zero half: 36
  RLT: 1
  Lazy constraints: 5

Explored 1 nodes (2369 simplex iterations) in 0.57 seconds (0.16 work units)
Thread count was 8 (of 8 available processors)

Solution count 9: 7007 7004 7002 ... 6591

Optimal solution found (tolerance 1.00e-04)
Best objective 7.007000000000e+03, best bound 7.007000000000e+03, gap 0.0000%

User-callback calls 217, time in user-callback 0.41 sec

Gurobi 9.5.1 (linux64) logging started Wed Mar 23 11:45:48 2022

Set parameter LogFile to value "../results/logs/log_2022_03_22_02_27.csv_4_250.log"
Set parameter LazyConstraints to value 1
Gurobi Optimizer version 9.5.1 build v9.5.1rc2 (linux64)
Thread count: 8 physical cores, 8 logical processors, using up to 8 threads
Optimize a model with 11751 rows, 46266 columns and 51911 nonzeros
Model fingerprint: 0xff9f0b30
Variable types: 0 continuous, 46266 integer (46266 binary)
Coefficient statistics:
  Matrix range     [1e+00, 4e+00]
  Objective range  [1e+00, 1e+00]
  Bounds range     [1e+00, 1e+00]
  RHS range        [1e+00, 2e+02]

User MIP start produced solution with objective 13954 (0.02s)
Loaded user MIP start with objective 13954

Presolve removed 8509 rows and 36988 columns
Presolve time: 0.04s
Presolved: 3242 rows, 9278 columns, 16632 nonzeros
Extracted 1312 lazy constraints
Variable types: 0 continuous, 9278 integer (9278 binary)

Root relaxation: objective 1.449017e+04, 1067 iterations, 0.00 seconds (0.00 work units)

    Nodes    |    Current Node    |     Objective Bounds      |     Work
 Expl Unexpl |  Obj  Depth IntInf | Incumbent    BestBd   Gap | It/Node Time

     0     0 14490.1667    0  244 13954.0000 14490.1667  3.84%     -    0s
     0     0 14023.8750    0  147 13954.0000 14023.8750  0.50%     -    0s
H    0     0                    13995.000000 14023.8750  0.21%     -    0s
     0     0 14022.2083    0  150 13995.0000 14022.2083  0.19%     -    0s
     0     0 13998.5000    0   92 13995.0000 13998.5000  0.03%     -    0s
     0     0 13997.5000    0   74 13995.0000 13997.5000  0.02%     -    0s
     0     0 13997.0000    0   59 13995.0000 13997.0000  0.01%     -    1s
H    0     0                    13997.000000 13997.0000  0.00%     -    1s

Cutting planes:
  Gomory: 100
  Cover: 98
  MIR: 74
  StrongCG: 1
  GUB cover: 200
  Zero half: 13
  RLT: 1
  Lazy constraints: 949

Explored 1 nodes (3518 simplex iterations) in 1.11 seconds (0.26 work units)
Thread count was 8 (of 8 available processors)

Solution count 3: 13997 13995 13954 

Optimal solution found (tolerance 1.00e-04)
Best objective 1.399700000000e+04, best bound 1.399700000000e+04, gap 0.0000%

User-callback calls 362, time in user-callback 0.82 sec

Gurobi 9.5.1 (linux64) logging started Wed Mar 23 11:45:56 2022

Set parameter LogFile to value "../results/logs/log_2022_03_22_02_27.csv_4_250.log"
Set parameter LazyConstraints to value 1
Gurobi Optimizer version 9.5.1 build v9.5.1rc2 (linux64)
Thread count: 8 physical cores, 8 logical processors, using up to 8 threads
Optimize a model with 4969 rows, 24016 columns and 24011 nonzeros
Model fingerprint: 0xf214f8c7
Variable types: 0 continuous, 24016 integer (24016 binary)
Coefficient statistics:
  Matrix range     [1e+00, 4e+00]
  Objective range  [1e+00, 1e+00]
  Bounds range     [1e+00, 1e+00]
  RHS range        [1e+00, 2e+02]

User MIP start produced solution with objective 6975 (0.01s)
Loaded user MIP start with objective 6975

Presolve removed 3216 rows and 18704 columns
Presolve time: 0.02s
Presolved: 1753 rows, 5312 columns, 9294 nonzeros
Extracted 696 lazy constraints
Variable types: 0 continuous, 5312 integer (5312 binary)

Root relaxation: objective 7.200417e+03, 562 iterations, 0.00 seconds (0.00 work units)

    Nodes    |    Current Node    |     Objective Bounds      |     Work
 Expl Unexpl |  Obj  Depth IntInf | Incumbent    BestBd   Gap | It/Node Time

     0     0 7200.41667    0   43 6975.00000 7200.41667  3.23%     -    0s
     0     0 7036.22778    0  142 6975.00000 7036.22778  0.88%     -    0s
     0     0 7035.41667    0  134 6975.00000 7035.41667  0.87%     -    0s
     0     0 7011.91667    0   56 6975.00000 7011.91667  0.53%     -    0s
H    0     0                    6999.0000000 7011.91667  0.18%     -    0s
     0     0 7010.75000    0   39 6999.00000 7010.75000  0.17%     -    0s
     0     0 7007.33333    0   18 6999.00000 7007.33333  0.12%     -    0s
H    0     0                    7001.0000000 7007.33333  0.09%     -    0s
H    0     0                    7006.0000000 7007.33333  0.02%     -    0s
     0     0 7007.33333    0   23 7006.00000 7007.33333  0.02%     -    0s
     0     0 7007.00000    0    6 7006.00000 7007.00000  0.01%     -    0s
H    0     0                    7007.0000000 7007.00000  0.00%     -    0s

Cutting planes:
  Gomory: 44
  Cover: 60
  MIR: 35
  GUB cover: 101
  Zero half: 5
  RLT: 1
  Lazy constraints: 478

Explored 1 nodes (2030 simplex iterations) in 0.82 seconds (0.14 work units)
Thread count was 8 (of 8 available processors)

Solution count 5: 7007 7006 7001 ... 6975

Optimal solution found (tolerance 1.00e-04)
Best objective 7.007000000000e+03, best bound 7.007000000000e+03, gap 0.0000%

User-callback calls 328, time in user-callback 0.66 sec
