
Gurobi 9.5.1 (linux64) logging started Wed Jun  8 12:08:31 2022

Set parameter LogFile to value "../results/logs/log_Brightkite_edges_2_250_2022_06_08_10_07.log"
Gurobi Optimizer version 9.5.1 build v9.5.1rc2 (linux64)
Thread count: 8 physical cores, 8 logical processors, using up to 8 threads
Optimize a model with 4731 rows, 116456 columns and 41097 nonzeros
Model fingerprint: 0x397cf61e
Variable types: 0 continuous, 116456 integer (116456 binary)
Coefficient statistics:
  Matrix range     [1e+00, 2e+00]
  Objective range  [1e+00, 1e+00]
  Bounds range     [1e+00, 1e+00]
  RHS range        [1e+00, 2e+02]

User MIP start produced solution with objective 35266 (0.03s)
Loaded user MIP start with objective 35266

Presolve removed 3544 rows and 114873 columns
Presolve time: 0.04s
Presolved: 1187 rows, 1583 columns, 4401 nonzeros
Variable types: 0 continuous, 1583 integer (1520 binary)

Root relaxation: objective 3.529150e+04, 865 iterations, 0.01 seconds (0.01 work units)

    Nodes    |    Current Node    |     Objective Bounds      |     Work
 Expl Unexpl |  Obj  Depth IntInf | Incumbent    BestBd   Gap | It/Node Time

     0     0 35291.5000    0   65 35266.0000 35291.5000  0.07%     -    0s
     0     0 35281.0000    0   70 35266.0000 35281.0000  0.04%     -    0s
     0     0 35281.0000    0   71 35266.0000 35281.0000  0.04%     -    0s
     0     0 35281.0000    0   71 35266.0000 35281.0000  0.04%     -    0s
     0     0 35281.0000    0   68 35266.0000 35281.0000  0.04%     -    0s
     0     2 35281.0000    0   68 35266.0000 35281.0000  0.04%     -    0s
*   38     0              20    35267.000000 35267.0000  0.00%  50.8    0s

Cutting planes:
  Gomory: 31
  Cover: 176
  Implied bound: 30
  MIR: 79
  GUB cover: 93
  Zero half: 6
  Mod-K: 4
  RLT: 2

Explored 39 nodes (3977 simplex iterations) in 0.30 seconds (0.28 work units)
Thread count was 8 (of 8 available processors)

Solution count 2: 35267 35266 

Optimal solution found (tolerance 0.00e+00)
Best objective 3.526700000000e+04, best bound 3.526700000000e+04, gap 0.0000%
