
Gurobi 9.5.1 (linux64) logging started Wed Mar  9 18:05:14 2022

Set parameter LogFile to value "../results/logs/log_2022_03_09_17_57.csv_6_5.log"
Set parameter Method to value 3
Gurobi Optimizer version 9.5.1 build v9.5.1rc2 (linux64)
Thread count: 8 physical cores, 8 logical processors, using up to 8 threads
Optimize a model with 1039 rows, 9882 columns and 16749 nonzeros
Model fingerprint: 0x173122d7
Variable types: 4941 continuous, 4941 integer (4941 binary)
Coefficient statistics:
  Matrix range     [1e+00, 6e+00]
  Objective range  [1e+00, 1e+00]
  Bounds range     [1e+00, 1e+00]
  RHS range        [1e+00, 5e+00]
Found heuristic solution: objective -0.0000000
Presolve removed 754 rows and 9454 columns
Presolve time: 0.03s
Presolved: 285 rows, 428 columns, 2019 nonzeros
Extracted 84 lazy constraints
Variable types: 255 continuous, 173 integer (173 binary)

Root relaxation: objective 1.720000e+02, 69 iterations, 0.00 seconds (0.00 work units)

    Nodes    |    Current Node    |     Objective Bounds      |     Work
 Expl Unexpl |  Obj  Depth IntInf | Incumbent    BestBd   Gap | It/Node Time

     0     0   68.52637    0  122   -0.00000   68.52637      -     -    0s
     0     0   24.91464    0   46   -0.00000   24.91464      -     -    0s
     0     0   24.74648    0   45   -0.00000   24.74648      -     -    0s
     0     0   24.70912    0   46   -0.00000   24.70912      -     -    0s
     0     0   21.90226    0   21   -0.00000   21.90226      -     -    0s
     0     0   21.74913    0   20   -0.00000   21.74913      -     -    0s
     0     0   21.26449    0   23   -0.00000   21.26449      -     -    0s
     0     0   21.26449    0   19   -0.00000   21.26449      -     -    0s
     0     0   21.06590    0   19   -0.00000   21.06590      -     -    0s
     0     0   20.86185    0   20   -0.00000   20.86185      -     -    0s
     0     0   20.81670    0   18   -0.00000   20.81670      -     -    0s
     0     0   20.55006    0   16   -0.00000   20.55006      -     -    0s
     0     0   20.45932    0   21   -0.00000   20.45932      -     -    0s
     0     0   20.29786    0   18   -0.00000   20.29786      -     -    0s
     0     0   20.29786    0   18   -0.00000   20.29786      -     -    0s
     0     2   20.29786    0   18   -0.00000   20.29786      -     -    0s
H   33    16                       2.0000000   18.66666   833%  31.6    0s
*  143    51              17      13.0000000   18.54704  42.7%  21.2    0s
*  144    51              18      15.0000000   18.54704  23.6%  21.1    0s
*  216     1               8      16.0000000   18.30833  14.4%  16.5    0s
*  222     1              12      17.0000000   18.30213  7.66%  16.2    0s

Cutting planes:
  Gomory: 62
  Lift-and-project: 9
  Implied bound: 18
  MIR: 143
  RLT: 17
  Relax-and-lift: 10
  Lazy constraints: 83

Explored 236 nodes (4550 simplex iterations) in 0.20 seconds (0.19 work units)
Thread count was 8 (of 8 available processors)

Solution count 6: 17 16 15 ... -0

Optimal solution found (tolerance 1.00e-04)
Best objective 1.700000000000e+01, best bound 1.700000000000e+01, gap 0.0000%
