
Gurobi 9.5.1 (linux64) logging started Thu Apr 21 14:11:07 2022

Set parameter LogFile to value "../results/logs/log_Gowalla_edges_20_20_2022_04_18_23_56.log"
Gurobi Optimizer version 9.5.1 build v9.5.1rc2 (linux64)
Thread count: 8 physical cores, 8 logical processors, using up to 8 threads
Optimize a model with 24219 rows, 393182 columns and 945407 nonzeros
Model fingerprint: 0x3e8b6417
Variable types: 0 continuous, 393182 integer (393182 binary)
Coefficient statistics:
  Matrix range     [1e+00, 2e+01]
  Objective range  [1e+00, 1e+00]
  Bounds range     [1e+00, 1e+00]
  RHS range        [1e+00, 2e+01]
Found heuristic solution: objective 8161.0000000
Presolve removed 334 rows and 328834 columns
Presolve time: 1.26s
Presolved: 23885 rows, 64348 columns, 417934 nonzeros
Found heuristic solution: objective 8163.0000000
Variable types: 0 continuous, 64348 integer (54419 binary)

Deterministic concurrent LP optimizer: primal and dual simplex
Showing first log only...

Warning: Markowitz tolerance tightened to 0.03125
Warning: Markowitz tolerance tightened to 0.0625

Root simplex log...

Iteration    Objective       Primal Inf.    Dual Inf.      Time
    7806    9.8398135e+03   0.000000e+00   4.390851e+10      5s
   10465    1.0970657e+04   0.000000e+00   1.359248e+05     11s
   11517    1.1609694e+04   0.000000e+00   3.066883e+05     16s
   12341    1.2036444e+04   0.000000e+00   7.559792e+06     21s
   13122    1.2360085e+04   0.000000e+00   3.140808e+04     26s
   13747    1.2598050e+04   0.000000e+00   5.552146e+06     31s
   14372    1.2860596e+04   0.000000e+00   2.270622e+02     36s
Concurrent spin time: 1.82s

Solved with dual simplex

Root relaxation: objective 1.315550e+04, 12766 iterations, 38.14 seconds (68.43 work units)

    Nodes    |    Current Node    |     Objective Bounds      |     Work
 Expl Unexpl |  Obj  Depth IntInf | Incumbent    BestBd   Gap | It/Node Time

     0     0 13155.5023    0 9823 8163.00000 13155.5023  61.2%     -   45s
H    0     0                    8271.0000000 13155.5023  59.1%     -   69s
     0     0 12264.2167    0 9511 8271.00000 12264.2167  48.3%     -   83s
H    0     0                    8294.0000000 12264.2167  47.9%     -   86s
H    0     0                    8303.0000000 11465.6802  38.1%     -  105s
H    0     0                    8312.0000000 11465.6802  37.9%     -  105s
     0     0 11465.6802    0 9543 8312.00000 11465.6802  37.9%     -  105s
     0     0 10771.1491    0 9457 8312.00000 10771.1491  29.6%     -  129s
H    0     0                    8318.0000000 10237.5062  23.1%     -  151s
     0     0 10237.5062    0 9170 8318.00000 10237.5062  23.1%     -  151s
     0     0 9940.07730    0 8725 8318.00000 9940.07730  19.5%     -  167s
     0     0 9786.90097    0 7966 8318.00000 9786.90097  17.7%     -  180s
     0     0 9718.67136    0 6991 8318.00000 9718.67136  16.8%     -  191s
     0     0 9700.91260    0 6199 8318.00000 9700.91260  16.6%     -  204s
     0     0 9682.71441    0 5202 8318.00000 9682.71441  16.4%     -  209s
     0     0 9674.69478    0 4937 8318.00000 9674.69478  16.3%     -  216s
     0     0 9673.45671    0 4658 8318.00000 9673.45671  16.3%     -  218s
     0     0 9672.83693    0 4296 8318.00000 9672.83693  16.3%     -  219s
     0     0 9672.57971    0 4137 8318.00000 9672.57971  16.3%     -  220s
     0     0 9672.45876    0 4031 8318.00000 9672.45876  16.3%     -  221s
H    0     0                    8347.0000000 9483.55797  13.6%     -  236s
     0     0 9401.32758    0 4288 8347.00000 9401.32758  12.6%     -  236s
H    0     0                    8356.0000000 9174.99187  9.80%     -  252s
     0     0 9174.99187    0 5150 8356.00000 9174.99187  9.80%     -  252s
     0     0 9063.26327    0 4645 8356.00000 9063.26327  8.46%     -  260s
     0     0 9029.98212    0 5209 8356.00000 9029.98212  8.07%     -  269s
     0     0 9013.96122    0 4659 8356.00000 9013.96122  7.87%     -  276s
     0     0 9001.55680    0 4574 8356.00000 9001.55680  7.73%     -  284s
H    0     0                    8367.0000000 8996.75856  7.53%     -  290s
     0     0 8996.75856    0 4865 8367.00000 8996.75856  7.53%     -  290s
     0     0 8995.02648    0 4543 8367.00000 8995.02648  7.51%     -  296s
H    0     0                    8375.0000000 8995.02648  7.40%     -  318s
H    0     0                    8377.0000000 8919.11712  6.47%     -  418s
H    0     0                    8379.0000000 8919.11712  6.45%     -  418s
     0     0 8919.11712    0 3825 8379.00000 8919.11712  6.45%     -  418s
H    0     0                    8405.0000000 8919.11712  6.12%     -  434s
     0     0 8890.60964    0 4775 8405.00000 8890.60964  5.78%     -  449s
     0     0 8875.07434    0 5094 8405.00000 8875.07434  5.59%     -  461s
     0     0 8865.66380    0 5621 8405.00000 8865.66380  5.48%     -  474s
     0     0 8858.53606    0 4929 8405.00000 8858.53606  5.40%     -  487s
     0     0 8852.41635    0 5210 8405.00000 8852.41635  5.32%     -  497s
     0     0 8849.06994    0 5314 8405.00000 8849.06994  5.28%     -  526s
     0     0 8828.13422    0 5264 8405.00000 8828.13422  5.03%     -  698s
     0     0 8817.95218    0 5580 8405.00000 8817.95218  4.91%     -  755s
     0     0 8811.61360    0 6076 8405.00000 8811.61360  4.84%     -  812s
     0     0 8808.04098    0 5843 8405.00000 8808.04098  4.80%     -  853s
     0     0 8802.01372    0 5826 8405.00000 8802.01372  4.72%     -  893s
     0     0 8802.01372    0 5826 8405.00000 8802.01372  4.72%     -  902s
H    0     0                    8433.0000000 8799.06867  4.34%     - 1017s
     0     2 8799.06867    0 5826 8433.00000 8799.06867  4.34%     - 1038s
     1     4 8799.06867    1 5821 8433.00000 8799.06867  4.34%   113 1041s
     3     7 8796.37561    2 6102 8433.00000 8799.06867  4.34%  1365 1061s
     7    14 8791.69857    3 6418 8433.00000 8796.32930  4.31%  3002 1104s
    14    22 8784.33925    4 6762 8433.00000 8791.27637  4.25%  4775 1211s
    22    29 8781.11540    5 7046 8433.00000 8786.63732  4.19%  8841 3098s
H   30    37                    8435.0000000 8784.20980  4.14% 29995 3303s
H   34    37                    8438.0000000 8784.20980  4.10% 27019 3303s
    38    45 8780.33522    6 6933 8438.00000 8784.20980  4.10% 24363 3330s
    46    60 8777.62321    7 6884 8438.00000 8784.20980  4.10% 20445 3347s
    62    76 8773.37631    8 6850 8438.00000 8784.20980  4.10% 15327 3353s
    78    84 8778.94488    9 7076 8438.00000 8784.20980  4.10% 12227 3387s
    86   105 8770.28562   10 6802 8438.00000 8784.20980  4.10% 11138 3400s
   107   123 8777.90612   10 7062 8438.00000 8784.20980  4.10%  9034 3410s
   125   150 8777.34383   13 7067 8438.00000 8784.20980  4.10%  7803 3421s
   152   176 8777.03893   17 7034 8438.00000 8784.20980  4.10%  6475 3442s
   179   184 8776.53853   21 7031 8438.00000 8784.20980  4.10%  5570 3484s
   187   207 8776.53229   22 7022 8438.00000 8784.20980  4.10%  5368 3508s
   210   241 8775.69758   26 6985 8438.00000 8784.20980  4.10%  4859 3525s
   244   276 8775.54930   32 6927 8438.00000 8784.20980  4.10%  4236 3554s
   279   313 8774.67715   36 6969 8438.00000 8784.20980  4.10%  3775 3581s
   316   335 8773.11318   40 7011 8438.00000 8784.20980  4.10%  3387 3600s

Cutting planes:
  Gomory: 8
  Lift-and-project: 2
  Cover: 795
  Implied bound: 409
  MIR: 3930
  StrongCG: 198
  GUB cover: 3080
  Zero half: 15
  RLT: 5051
  Relax-and-lift: 4

Explored 338 nodes (1184419 simplex iterations) in 3600.03 seconds (5464.41 work units)
Thread count was 8 (of 8 available processors)

Solution count 10: 8438 8435 8433 ... 8347

Time limit reached
Best objective 8.438000000000e+03, best bound 8.784000000000e+03, gap 4.1005%
