
Gurobi 9.5.0 (win64) logging started Tue Dec  7 11:49:44 2021

Set parameter LogFile to value "../results/logs/log_2021_12_07_11_49.csv_15_31.log"
Set parameter Method to value 3
Gurobi Optimizer version 9.5.0 build v9.5.0rc5 (win64)
Thread count: 6 physical cores, 12 logical processors, using up to 12 threads
Optimize a model with 73 rows, 230 columns and 2919 nonzeros
Model fingerprint: 0x56f4a096
Variable types: 115 continuous, 115 integer (115 binary)
Coefficient statistics:
  Matrix range     [1e+00, 2e+01]
  Objective range  [1e+00, 1e+00]
  Bounds range     [1e+00, 1e+00]
  RHS range        [1e+00, 3e+01]
Found heuristic solution: objective -0.0000000
Presolve removed 27 rows and 120 columns
Presolve time: 0.00s
Presolved: 46 rows, 110 columns, 863 nonzeros
Extracted 11 lazy constraints
Variable types: 86 continuous, 24 integer (24 binary)

Root relaxation: objective 2.400000e+01, 20 iterations, 0.00 seconds (0.00 work units)

    Nodes    |    Current Node    |     Objective Bounds      |     Work
 Expl Unexpl |  Obj  Depth IntInf | Incumbent    BestBd   Gap | It/Node Time

     0     0   23.65455    0    2   -0.00000   23.65455      -     -    0s
H    0     0                       1.0000000   23.65455  2265%     -    0s
H    0     0                      23.0000000   23.65455  2.85%     -    0s

Cutting planes:
  Gomory: 1
  MIR: 6
  Lazy constraints: 8

Explored 1 nodes (52 simplex iterations) in 0.01 seconds (0.00 work units)
Thread count was 12 (of 12 available processors)

Solution count 3: 23 1 -0 

Optimal solution found (tolerance 1.00e-04)
Best objective 2.300000000000e+01, best bound 2.300000000000e+01, gap 0.0000%
