
Gurobi 9.5.1 (linux64) logging started Sun Mar 20 10:38:09 2022

Set parameter LogFile to value "../results/logs/log_2022_03_20_10_37.csv_33_250.log"
Set parameter LazyConstraints to value 1
Gurobi Optimizer version 9.5.1 build v9.5.1rc2 (linux64)
Thread count: 8 physical cores, 8 logical processors, using up to 8 threads
Optimize a model with 2493 rows, 27764 columns and 106472 nonzeros
Model fingerprint: 0x03a3c1e9
Variable types: 0 continuous, 27764 integer (27764 binary)
Coefficient statistics:
  Matrix range     [1e+00, 3e+01]
  Objective range  [1e+00, 1e+00]
  Bounds range     [1e+00, 1e+00]
  RHS range        [1e+00, 2e+02]
Found heuristic solution: objective 7008.0000000
Presolve removed 0 rows and 19644 columns
Presolve time: 0.03s
Presolved: 2493 rows, 8120 columns, 31285 nonzeros
Variable types: 0 continuous, 8120 integer (8120 binary)
Found heuristic solution: objective 7128.0000000

Root relaxation: objective 8.021462e+03, 2569 iterations, 0.02 seconds (0.02 work units)

    Nodes    |    Current Node    |     Objective Bounds      |     Work
 Expl Unexpl |  Obj  Depth IntInf | Incumbent    BestBd   Gap | It/Node Time

     0     0 8021.46204    0 1116 7128.00000 8021.46204  12.5%     -    0s
H    0     0                    7527.0000000 8021.46204  6.57%     -    0s
H    0     0                    7646.0000000 8021.46204  4.91%     -    0s
H    0     0                    7648.0000000 8021.46204  4.88%     -    0s
     0     0 7895.81214    0 1537 7648.00000 7895.81214  3.24%     -    0s
     0     0 7888.71486    0 1515 7648.00000 7888.71486  3.15%     -    1s
     0     0 7888.38297    0 1532 7648.00000 7888.38297  3.14%     -    1s
     0     0 7888.37097    0 1544 7648.00000 7888.37097  3.14%     -    1s
     0     0 7824.28079    0 1413 7648.00000 7824.28079  2.30%     -    3s
     0     0 7816.38974    0 1455 7648.00000 7816.38974  2.20%     -    4s
     0     0 7815.34751    0 1477 7648.00000 7815.34751  2.19%     -    4s
     0     0 7815.16901    0 1516 7648.00000 7815.16901  2.19%     -    5s
     0     0 7795.34272    0 1693 7648.00000 7795.34272  1.93%     -    7s
     0     0 7790.50663    0 1748 7648.00000 7790.50663  1.86%     -    9s
     0     0 7789.09103    0 1831 7648.00000 7789.09103  1.84%     -   10s
     0     0 7788.76118    0 1821 7648.00000 7788.76118  1.84%     -   11s
     0     0 7776.59736    0 1811 7648.00000 7776.59736  1.68%     -   14s
     0     0 7772.86174    0 1824 7648.00000 7772.86174  1.63%     -   16s
     0     0 7771.79564    0 1982 7648.00000 7771.79564  1.62%     -   18s
     0     0 7771.56910    0 1939 7648.00000 7771.56910  1.62%     -   19s
     0     0 7762.01184    0 1900 7648.00000 7762.01184  1.49%     -   22s
     0     0 7759.11442    0 2042 7648.00000 7759.11442  1.45%     -   25s
     0     0 7758.53864    0 2147 7648.00000 7758.53864  1.45%     -   27s
     0     0 7750.23681    0 1979 7648.00000 7750.23681  1.34%     -   30s
     0     0 7747.56972    0 2068 7648.00000 7747.56972  1.30%     -   33s
     0     0 7746.69724    0 2145 7648.00000 7746.69724  1.29%     -   35s
     0     0 7746.43432    0 2204 7648.00000 7746.43432  1.29%     -   37s
     0     0 7741.26858    0 2039 7648.00000 7741.26858  1.22%     -   40s
     0     0 7739.20044    0 2169 7648.00000 7739.20044  1.19%     -   44s
     0     0 7738.53868    0 2307 7648.00000 7738.53868  1.18%     -   46s
     0     0 7734.89513    0 2235 7648.00000 7734.89513  1.14%     -   50s
     0     0 7733.61320    0 2381 7648.00000 7733.61320  1.12%     -   53s
     0     2 7733.22061    0 2462 7648.00000 7733.22061  1.11%     -   63s
     1     4 7729.50875    1 2326 7648.00000 7733.22044  1.11%  9433   69s
     3     8 7726.56294    2 2522 7648.00000 7729.50709  1.07% 10204   87s
     7    16 7722.86030    3 2630 7648.00000 7726.56246  1.03% 12141  104s
    10    16 7720.43117    3 2509 7648.00000 7726.56246  1.03% 11660  106s
    15    24 7719.17113    4 2633 7648.00000 7722.86028  0.98% 11321  119s
    23    32 7715.88308    4 2587 7648.00000 7722.55327  0.97% 11704  150s
    31    40 7712.80227    5 2569 7648.00000 7720.24201  0.94% 13278  172s
    39    48 7710.64071    5 2703 7648.00000 7720.24201  0.94% 12840  195s
    47    56 7708.50049    6 2613 7648.00000 7720.24201  0.94% 13249  228s
    55    64 7706.26862    6 2708 7648.00000 7720.24201  0.94% 13122  256s
    63    72 7704.92029    7 2668 7648.00000 7720.24201  0.94% 13929  303s
    68    72 7705.19251    6 2750 7648.00000 7720.24201  0.94% 13847  305s
    71    80 7703.27272    8 2649 7648.00000 7720.24201  0.94% 13636  371s
    79    88 7702.47782    8 2726 7648.00000 7720.24201  0.94% 13489  403s
    83    88 7703.48106    6 2801 7648.00000 7720.24201  0.94% 13400  405s
    87    96 7701.46595    9 2696 7648.00000 7720.24201  0.94% 13248  430s
    95   104 7700.66246    9 2735 7648.00000 7720.24201  0.94% 13196  477s
   103   112 7699.95756   10 2674 7648.00000 7720.24201  0.94% 13223  535s
   111   120 7699.36192   10 2675 7648.00000 7720.24201  0.94% 13437  565s
   119   128 7698.62551   11 2715 7648.00000 7720.24201  0.94% 13331  620s
   127   136 7698.10832   11 2636 7648.00000 7720.24201  0.94% 13284  655s
   135   144 7697.05620   12 2692 7648.00000 7720.24201  0.94% 13051  685s
   143   152 7697.24144   12 2762 7648.00000 7720.24201  0.94% 12923  729s
   145   152 7695.42654   12 2801 7648.00000 7720.24201  0.94% 12930  730s
   151   163 7696.31710   13 2739 7648.00000 7720.24201  0.94% 12752  761s
   162   171 7695.85583   13 2607 7648.00000 7720.24201  0.94% 12412  842s
   170   182 7695.69006   14 2834 7648.00000 7720.24201  0.94% 12645  876s
   181   194 7695.43169   14 2799 7648.00000 7720.24201  0.94% 12376  916s
   193   202 7695.15821   15 2747 7648.00000 7720.24201  0.94% 12083 1023s
   201   214 7694.80237   15 2675 7648.00000 7720.24201  0.94% 12401 1082s
   213   229 7694.04176   16 2680 7648.00000 7720.24201  0.94% 12116 1143s
   228   248 7694.27764   16 2800 7648.00000 7720.24201  0.94% 11711 1202s
   247   262 7693.93213   18 2757 7648.00000 7720.24201  0.94% 11278 1293s
   252   262 7690.45105   13 2678 7648.00000 7720.24201  0.94% 11287 1296s
   261   278 7693.64232   19 2723 7648.00000 7720.24201  0.94% 11131 1360s
   277   306 7692.74484   20 2577 7648.00000 7720.24201  0.94% 10957 1418s
   292   306 7689.50126   14 2672 7648.00000 7720.24201  0.94% 10524 1425s
   305   327 7692.22591   24 2654 7648.00000 7720.24201  0.94% 10290 1496s
   317   327 7693.03681   15 2639 7648.00000 7720.24201  0.94% 10109 1501s
   326   345 7691.82880   25 2799 7648.00000 7720.24201  0.94% 10028 1567s
   344   363 7691.46444   26 2728 7648.00000 7720.24201  0.94%  9857 1652s
   362   390 7691.02830   27 2588 7648.00000 7720.24201  0.94%  9641 1731s
   389   407 7690.70542   28 2585 7648.00000 7720.24201  0.94%  9317 1822s
   396   407 7687.43980   24 2607 7648.00000 7720.24201  0.94%  9275 1825s
   406   424 7690.37082   30 2674 7648.00000 7720.24201  0.94%  9265 1915s
   423   456 7690.12323   31 2670 7648.00000 7720.24201  0.94%  9110 2004s
   425   456 7687.79153   29 2642 7648.00000 7720.24201  0.94%  9100 2005s
   455   499 7689.86766   32 2760 7648.00000 7720.24201  0.94%  8766 2111s
   469   499 7688.42941   36 2652 7648.00000 7720.24201  0.94%  8564 2118s
   475   499 7686.51784   25 2692 7648.00000 7720.24201  0.94%  8492 2120s
   498   537 7689.41094   38 2568 7648.00000 7720.24201  0.94%  8300 2221s
   536   571 7687.16779   39 2387 7648.00000 7720.24201  0.94%  7975 2328s
   543   571 7690.40692   19 2633 7648.00000 7720.24201  0.94%  7996 2331s
   570   579 7688.71775   40 2514 7648.00000 7720.24201  0.94%  7734 2484s
   572   579 7687.33363   44 2671 7648.00000 7720.24201  0.94%  7737 2485s
   578   605 7688.53557   40 2743 7648.00000 7720.24201  0.94%  7758 2599s
   580   605 7686.22226   40 2703 7648.00000 7720.24201  0.94%  7765 2600s
   604   629 7687.92432   41 2589 7648.00000 7720.24201  0.94%  7683 2713s
   611   629 7691.12760   24 2671 7648.00000 7720.24201  0.94%  7698 2717s
   628   664 7687.73925   42 2597 7648.00000 7720.24201  0.94%  7539 2837s
   634   664 7684.92890   28 2649 7648.00000 7720.24201  0.94%  7554 2840s
   663   696 7686.77289   43 2528 7648.00000 7720.24201  0.94%  7370 2962s
   672   696 7683.92868   28 2586 7648.00000 7720.24201  0.94%  7349 2966s
   695   748 7686.73412   44 2543 7648.00000 7720.24201  0.94%  7237 3096s
   711   748 7690.14732   26 2681 7648.00000 7720.24201  0.94%  7193 3103s
   747   782 7686.63461   45 2706 7648.00000 7720.24201  0.94%  6918 3227s
   781   790 7686.48006   46 2637 7648.00000 7720.24201  0.94%  6788 3387s
   789   833 7686.04739   47 2710 7648.00000 7720.24201  0.94%  6813 3523s
   832   842 7685.95285   48 2650 7648.00000 7720.24201  0.94%  6651 3600s

Cutting planes:
  Gomory: 247
  Cover: 387
  Clique: 28
  MIR: 1421
  StrongCG: 169
  GUB cover: 1708
  Zero half: 24
  Mod-K: 1
  RLT: 990
  Lazy constraints: 870

Explored 841 nodes (5659178 simplex iterations) in 3604.08 seconds (5986.72 work units)
Thread count was 8 (of 8 available processors)

Solution count 5: 7648 7646 7527 ... 7008

Time limit reached
Best objective 7.648000000000e+03, best bound 7.720000000000e+03, gap 0.9414%

User-callback calls 452941, time in user-callback 389.80 sec

Gurobi 9.5.1 (linux64) logging started Sun Mar 20 13:12:28 2022

Set parameter LogFile to value "../results/logs/log_2022_03_20_10_37.csv_33_250.log"
Set parameter LazyConstraints to value 1
Gurobi Optimizer version 9.5.1 build v9.5.1rc2 (linux64)
Thread count: 8 physical cores, 8 logical processors, using up to 8 threads
Optimize a model with 6948 rows, 27764 columns and 119837 nonzeros
Model fingerprint: 0x0a295898
Variable types: 13882 continuous, 13882 integer (13882 binary)
Coefficient statistics:
  Matrix range     [1e+00, 3e+01]
  Objective range  [1e+00, 1e+00]
  Bounds range     [1e+00, 1e+00]
  RHS range        [1e+00, 2e+02]
Found heuristic solution: objective 7008.0000000
Presolve removed 3321 rows and 19883 columns
Presolve time: 0.10s
Presolved: 3627 rows, 7881 columns, 33763 nonzeros
Extracted 1134 lazy constraints
Variable types: 6635 continuous, 1246 integer (1246 binary)

Root relaxation: objective 8.031685e+03, 5251 iterations, 0.16 seconds (0.19 work units)

    Nodes    |    Current Node    |     Objective Bounds      |     Work
 Expl Unexpl |  Obj  Depth IntInf | Incumbent    BestBd   Gap | It/Node Time

     0     0 8031.68460    0  533 7008.00000 8031.68460  14.6%     -    0s
H    0     0                    7417.0000000 8031.68460  8.29%     -    0s
H    0     0                    7472.0000000 8031.68460  7.49%     -    0s
     0     0 7874.47308    0  420 7472.00000 7874.47308  5.39%     -    1s
     0     0 7872.15610    0  440 7472.00000 7872.15610  5.36%     -    1s
     0     0 7871.49435    0  444 7472.00000 7871.49435  5.35%     -    2s
     0     0 7871.44506    0  444 7472.00000 7871.44506  5.35%     -    2s
     0     0 7827.68771    0  484 7472.00000 7827.68771  4.76%     -    4s
     0     0 7825.38618    0  499 7472.00000 7825.38618  4.73%     -    4s
     0     0 7825.14214    0  506 7472.00000 7825.14214  4.73%     -    5s
     0     0 7808.73132    0  513 7472.00000 7808.73132  4.51%     -    7s
     0     0 7806.13334    0  529 7472.00000 7806.13334  4.47%     -    9s
     0     0 7805.85699    0  535 7472.00000 7805.85699  4.47%     -    9s
     0     0 7795.42933    0  559 7472.00000 7795.42933  4.33%     -   12s
     0     0 7793.37893    0  562 7472.00000 7793.37893  4.30%     -   16s
     0     0 7792.95166    0  569 7472.00000 7792.95166  4.30%     -   16s
     0     0 7792.88686    0  596 7472.00000 7792.88686  4.29%     -   17s
     0     0 7785.15505    0  564 7472.00000 7785.15505  4.19%     -   20s
     0     0 7783.41274    0  568 7472.00000 7783.41274  4.17%     -   21s
     0     0 7782.95067    0  579 7472.00000 7782.95067  4.16%     -   22s
     0     0 7776.55054    0  548 7472.00000 7776.55054  4.08%     -   25s
     0     0 7774.86546    0  593 7472.00000 7774.86546  4.05%     -   27s
     0     0 7774.53523    0  575 7472.00000 7774.53523  4.05%     -   28s
     0     0 7769.84609    0  565 7472.00000 7769.84609  3.99%     -   31s
     0     0 7768.65762    0  572 7472.00000 7768.65762  3.97%     -   32s
     0     0 7768.36581    0  576 7472.00000 7768.36581  3.97%     -   33s
     0     0 7765.13177    0  594 7472.00000 7765.13177  3.92%     -   36s
     0     0 7764.50143    0  604 7472.00000 7764.50143  3.91%     -   38s
     0     2 7764.20496    0  600 7472.00000 7764.20496  3.91%     -   43s
     1     4 7761.72638    1  632 7472.00000 7764.20358  3.91%  4907   46s
     3     8 7759.54594    2  612 7472.00000 7761.72606  3.88%  4992   51s
     7    16 7757.82201    3  635 7472.00000 7759.54565  3.85%  5276   58s
    11    16 7757.06564    3  635 7472.00000 7759.50025  3.85%  5465   60s
    15    24 7755.73978    4  645 7472.00000 7757.82193  3.83%  5676   72s
    23    32 7753.66255    4  656 7472.00000 7757.80137  3.82%  6680   96s
    31    40 7752.04609    5  638 7472.00000 7756.81380  3.81%  7125  115s
    39    48 7750.57132    5  651 7472.00000 7756.81380  3.81%  7416  131s
    47    56 7748.88385    6  671 7472.00000 7756.81380  3.81%  8090  149s
    50    56 7746.97305    5  652 7472.00000 7756.81380  3.81%  8156  150s
    55    64 7747.87922    6  672 7472.00000 7756.81380  3.81%  8217  171s
    63    72 7746.77856    7  689 7472.00000 7756.81380  3.81%  8398  266s
    71    80 7745.58388    7  692 7472.00000 7756.81380  3.81%  8657  295s
    79    88 7744.98235    8  676 7472.00000 7756.81380  3.81%  8733  316s
    87    96 7744.05140    8  669 7472.00000 7756.81380  3.81%  9140  337s
    95   104 7743.51765    9  684 7472.00000 7756.81380  3.81%  9127  357s
   103   112 7743.25680    9  664 7472.00000 7756.81380  3.81%  9223  378s
   107   112 7741.33423    7  667 7472.00000 7756.81380  3.81%  9205  380s
   111   120 7742.45316   10  645 7472.00000 7756.81380  3.81%  9125  420s
H  115   120                    7482.0000000 7756.81380  3.67%  9026  421s
   119   129 7741.97176   10  671 7482.00000 7756.81380  3.67%  9090  441s
   128   137 7741.15328   11  666 7482.00000 7756.81380  3.67%  9098  462s
   136   145 7740.57558   12  678 7482.00000 7756.81380  3.67%  9036  487s
   144   155 7739.22187   12  675 7482.00000 7756.81380  3.67%  9245  511s
   154   166 7739.80652   13  674 7482.00000 7756.81380  3.67%  9139  540s
   165   177 7739.33767   14  655 7482.00000 7756.81380  3.67%  8958  577s
   171   177 7738.70731    9  686 7482.00000 7756.81380  3.67%  8948  580s
   176   191 7738.56588   15  663 7482.00000 7756.81380  3.67%  8879  622s
   184   191 7735.43294   27  643 7482.00000 7756.81380  3.67%  8886  626s
   190   199 7737.98528   16  645 7482.00000 7756.81380  3.67%  8697  661s
   198   216 7737.73026   16  673 7482.00000 7756.81380  3.67%  8642  691s
H  215   224                    7550.0000000 7756.81380  2.74%  8405  732s
   223   236 7736.68099   18  656 7550.00000 7756.81380  2.74%  8566  772s
   235   255 7736.61611   18  654 7550.00000 7756.81380  2.74%  8437  810s
   254   268 7736.01954   20  652 7550.00000 7756.81380  2.74%  8264  858s
H  256   268                    7575.0000007 7756.81380  2.40%  8209  859s
H  259   268                    7610.0000000 7756.81380  1.93%  8138  860s
   267   294 7735.57618   22  654 7610.00000 7756.81380  1.93%  8069  900s
   293   302 7735.11898   26  616 7610.00000 7756.81380  1.93%  7636  946s
   301   325 7734.79472   27  639 7610.00000 7756.81380  1.93%  7577  983s
   324   353 7734.39168   28  638 7610.00000 7756.81380  1.93%  7286 1026s
   333   353 7732.89666   24  633 7610.00000 7756.81380  1.93%  7173 1030s
   352   380 7734.04295   29  636 7610.00000 7756.81380  1.93%  7038 1075s
   379   406 7733.73746   30  639 7610.00000 7756.81380  1.93%  6853 1124s
   381   406 7729.60461   33  634 7610.00000 7756.81380  1.93%  6858 1125s
   405   441 7733.32814   31  650 7610.00000 7756.81380  1.93%  6723 1170s
   417   441 7732.85216   18  661 7610.00000 7756.81380  1.93%  6670 1175s
H  440   460                    7627.9999999 7756.81380  1.69%  6449 1230s
H  443   460                    7632.0000000 7756.81380  1.64%  6447 1231s
   459   501 7732.73902   33  638 7632.00000 7756.81380  1.64%  6394 1279s
   462   501 7732.30252   36  601 7632.00000 7756.81380  1.64%  6374 1280s
   500   540 7731.22271   37  601 7632.00000 7756.81380  1.64%  6137 1337s
   515   540 7733.16832   26  640 7632.00000 7756.81380  1.64%  6109 1343s
   539   572 7730.83705   38  613 7632.00000 7756.81380  1.64%  5934 1397s
   549   572 7732.40425   27  655 7632.00000 7756.81380  1.64%  5961 1401s
   571   611 7730.69554   39  605 7632.00000 7756.81380  1.64%  5826 1456s
   581   611 7732.28557   27  635 7632.00000 7756.81380  1.64%  5866 1460s
   610   655 7730.33010   40  618 7632.00000 7756.81380  1.64%  5664 1519s
   612   655 7727.52588   41  644 7632.00000 7756.81380  1.64%  5668 1520s
   624   655 7731.35806   22  646 7632.00000 7756.81380  1.64%  5643 1525s
   654   697 7729.80711   41  609 7632.00000 7756.81380  1.64%  5488 1583s
   659   697 7724.54199   40  572 7632.00000 7756.81380  1.64%  5495 1585s
   696   747 7729.49226   43  621 7632.00000 7756.81380  1.64%  5338 1647s
   704   747 7728.75662   33  624 7632.00000 7756.81380  1.64%  5348 1651s
   746   797 7728.91770   45  604 7632.00000 7756.81380  1.64%  5151 1714s
   748   797 7725.57771   51  629 7632.00000 7756.81380  1.64%  5158 1715s
   796   853 7728.39463   46  644 7632.00000 7756.81380  1.64%  4981 1784s
   800   853 7725.11795   53  616 7632.00000 7756.81380  1.64%  4981 1785s
   852   913 7727.98591   47  624 7632.00000 7756.81380  1.64%  4798 1862s
   860   913 7722.01477   47  605 7632.00000 7756.81380  1.64%  4805 1865s
   912   974 7727.50742   48  629 7632.00000 7756.81380  1.64%  4632 1935s
   923   974 7730.13552   26  633 7632.00000 7756.81380  1.64%  4644 1940s
   973  1011 7727.02257   49  621 7632.00000 7756.81380  1.64%  4467 2035s
   985  1011 7730.11019   32  649 7632.00000 7756.81380  1.64%  4493 2040s
  1012  1011     cutoff  262      7632.00000 7756.81380  1.64%  4404 2050s
  1016  1053 7726.46832   50  608 7632.00000 7756.81380  1.64%  4419 2114s
  1021  1053 7719.64403   52  580 7632.00000 7756.81380  1.64%  4427 2116s
  1058  1103 7725.98353   51  617 7632.00000 7756.81380  1.64%  4369 2195s
  1072  1103 7726.34338   39  634 7632.00000 7756.81380  1.64%  4364 2201s
  1108  1150 7724.85035   57  593 7632.00000 7756.81380  1.64%  4295 2280s
  1120  1150 7728.82110   28  646 7632.00000 7756.81380  1.64%  4312 2285s
  1155  1206 7723.99084   58  608 7632.00000 7756.81380  1.64%  4238 2366s
  1211  1261 7723.18309   59  596 7632.00000 7756.81380  1.64%  4154 2455s
  1224  1261 7714.08540   64  585 7632.00000 7756.81380  1.64%  4151 2460s
  1266  1306 7722.43315   63  594 7632.00000 7756.81380  1.64%  4082 2556s
  1276  1306 7728.17903   38  638 7632.00000 7756.81380  1.64%  4102 2560s
  1311  1378 7721.82957   64  595 7632.00000 7756.81380  1.64%  4019 2646s
  1338  1378 7727.35546   36  635 7632.00000 7756.81380  1.64%  3994 2657s
  1383  1440 7720.40556   72  563 7632.00000 7756.81380  1.64%  3912 2759s
  1385  1440 7720.61882   73  563 7632.00000 7756.81380  1.64%  3917 2760s
  1398  1440 7723.54397   46  567 7632.00000 7756.81380  1.64%  3928 2765s
  1445  1488 7719.87080   74  580 7632.00000 7756.81380  1.64%  3855 2864s
  1447  1488 7719.81192   75  586 7632.00000 7756.81380  1.64%  3855 2865s
H 1456  1380                    7652.0000000 7756.81380  1.37%  3847 2869s
  1459  1380 7725.57198   37  645 7652.00000 7756.81380  1.37%  3863 2870s
  1493  1382 7718.61690   78  564 7652.00000 7756.81380  1.37%  3811 2987s
  1508  1382 7726.04277   41  625 7652.00000 7756.81380  1.37%  3841 2993s
  1525  1443 7718.03007   80  590 7652.00000 7756.81380  1.37%  3838 3084s
  1527  1443 7717.21885   81  570 7652.00000 7756.81380  1.37%  3842 3085s
  1548  1443 7722.04091   48  627 7652.00000 7756.81380  1.37%  3820 3093s
  1553  1443 7725.33556   41  622 7652.00000 7756.81380  1.37%  3835 3096s
  1587  1465 7716.33632   82  562 7652.00000 7756.81380  1.37%  3793 3226s
  1601  1465 7720.80612   49  598 7652.00000 7756.81380  1.37%  3800 3231s
  1613  1465     cutoff   83      7652.00000 7756.81380  1.37%  3820 3236s
  1620  1507 7715.11513   85  565 7652.00000 7756.81380  1.37%  3829 3336s
  1633  1507 7704.03095   99  509 7652.00000 7756.81380  1.37%  3823 3341s
  1641  1507 7703.85620  105  517 7652.00000 7756.81380  1.37%  3812 3345s
  1662  1537 7712.41602   89  532 7652.00000 7756.81380  1.37%  3830 3462s
  1679  1537 7719.60015   50  583 7652.00000 7756.81380  1.37%  3831 3469s
  1681  1537 7719.44154   51  576 7652.00000 7756.81380  1.37%  3834 3470s
  1692  1590 7710.73850   92  556 7652.00000 7756.81380  1.37%  3859 3572s

Cutting planes:
  Gomory: 212
  MIR: 2422
  RLT: 503
  Relax-and-lift: 15
  Lazy constraints: 2422

Explored 1745 nodes (6758434 simplex iterations) in 3600.01 seconds (5690.20 work units)
Thread count was 8 (of 8 available processors)

Solution count 10: 7652 7632 7628 ... 7008

Time limit reached
Best objective 7.652000000000e+03, best bound 7.756000000000e+03, gap 1.3591%

User-callback calls 312155, time in user-callback 675.64 sec
