
Gurobi 9.5.1 (linux64) logging started Mon Jun 20 06:25:59 2022

Set parameter LogFile to value "../results/logs/log_com-dblp.ungraph_20_10_2022_06_19_22_46.log"
Gurobi Optimizer version 9.5.1 build v9.5.1rc2 (linux64)
Thread count: 8 physical cores, 8 logical processors, using up to 8 threads
Optimize a model with 61387 rows, 634160 columns and 1539141 nonzeros
Model fingerprint: 0x2b961ed2
Variable types: 0 continuous, 634160 integer (634160 binary)
Coefficient statistics:
  Matrix range     [1e+00, 2e+01]
  Objective range  [1e+00, 1e+00]
  Bounds range     [1e+00, 1e+00]
  RHS range        [1e+00, 1e+01]
Found heuristic solution: objective 3066.0000000
Presolve removed 5019 rows and 531964 columns (presolve time = 5s) ...
Presolve removed 5396 rows and 532169 columns
Presolve time: 6.38s
Presolved: 55991 rows, 101991 columns, 737795 nonzeros
Extracted 26028 lazy constraints
Variable types: 0 continuous, 101991 integer (82813 binary)

Deterministic concurrent LP optimizer: primal and dual simplex
Showing first log only...


Root simplex log...

Iteration    Objective       Primal Inf.    Dual Inf.      Time
       0    3.0950000e+03   0.000000e+00   5.216750e+03      7s
    9243    3.7101849e+03   0.000000e+00   1.742235e+07     11s
Warning: Markowitz tolerance tightened to 0.0625
    9863    4.0698190e+03   0.000000e+00   7.785712e+06     15s
   10453    4.3127017e+03   0.000000e+00   8.879936e+05     21s
   10983    4.5014480e+03   0.000000e+00   3.284885e+05     27s
   11333    4.6304340e+03   0.000000e+00   2.715699e+07     32s
   11683    4.7870399e+03   0.000000e+00   1.665878e+05     37s
   11853    4.8688471e+03   0.000000e+00   8.035185e+05     40s
   12173    4.9895169e+03   0.000000e+00   3.855158e+05     46s
   12563    5.1177469e+03   0.000000e+00   1.662847e+06     53s
   12763    5.1942619e+03   0.000000e+00   2.887252e+05     58s
   12983    5.2611239e+03   0.000000e+00   3.558170e+05     63s
   13183    5.3336037e+03   0.000000e+00   1.515488e+06     68s
   13413    5.4225189e+03   0.000000e+00   7.821626e+05     74s
   13633    5.5119178e+03   0.000000e+00   9.647786e+07     80s
   13903    5.6125546e+03   0.000000e+00   4.073632e+05     88s
   14183    5.7136102e+03   0.000000e+00   9.462412e+06     96s
   14463    5.7775237e+03   0.000000e+00   7.056082e+06    106s
   14723    5.8456820e+03   0.000000e+00   1.293709e+06    116s
   14993    5.9355142e+03   0.000000e+00   1.067050e+06    126s
   15266    6.0055107e+03   0.000000e+00   1.695054e+05    137s
   15538    6.0960333e+03   0.000000e+00   1.723170e+06    148s
   15804    6.1665586e+03   0.000000e+00   9.557096e+06    161s
   16072    6.2609603e+03   0.000000e+00   6.340609e+02    173s
   16333    6.3273941e+03   0.000000e+00   5.662378e+02    186s
   16588    6.3826818e+03   0.000000e+00   4.309167e+02    200s
   16840    6.4247531e+03   0.000000e+00   1.825379e+04    215s
   17091    6.4747324e+03   0.000000e+00   2.416516e+02    230s
   17338    6.5052971e+03   0.000000e+00   1.333846e+02    245s
   17582    6.5321121e+03   0.000000e+00   4.387451e+02    261s
   17623    6.5314499e+03   0.000000e+00   0.000000e+00    268s
Concurrent spin time: 18.34s

Solved with primal simplex

Root relaxation: objective 6.531450e+03, 17623 iterations, 279.34 seconds (617.89 work units)

    Nodes    |    Current Node    |     Objective Bounds      |     Work
 Expl Unexpl |  Obj  Depth IntInf | Incumbent    BestBd   Gap | It/Node Time

     0     0 6529.54684    0 14201 3066.00000 6529.54684   113%     -  338s
     0     0 5215.10043    0 12686 3066.00000 5215.10043  70.1%     -  830s
H    0     0                    3081.0000000 5215.10043  69.3%     -  888s
H    0     0                    3084.0000000 4596.09475  49.0%     -  950s
     0     0 4596.09475    0 12735 3084.00000 4596.09475  49.0%     -  950s
     0     0 4171.52669    0 12642 3084.00000 4171.52669  35.3%     - 1015s
     0     0 3922.62816    0 12514 3084.00000 3922.62816  27.2%     - 1074s
     0     0 3770.60820    0 12282 3084.00000 3770.60820  22.3%     - 1131s
H    0     0                    3090.0000000 3680.35967  19.1%     - 1181s
     0     0 3680.35967    0 12022 3090.00000 3680.35967  19.1%     - 1181s
     0     0 3600.80721    0 11758 3090.00000 3600.80721  16.5%     - 1230s
     0     0 3568.32168    0 11462 3090.00000 3568.32168  15.5%     - 1275s
     0     0 3548.69094    0 11058 3090.00000 3548.69094  14.8%     - 1319s
     0     0 3537.22624    0 10566 3090.00000 3537.22624  14.5%     - 1356s
     0     0 3530.73208    0 9816 3090.00000 3530.73208  14.3%     - 1387s
     0     0 3524.59936    0 9350 3090.00000 3524.59936  14.1%     - 1416s
     0     0 3520.88139    0 8180 3090.00000 3520.88139  13.9%     - 1441s
     0     0 3516.26032    0 7150 3090.00000 3516.26032  13.8%     - 1461s
     0     0 3515.49678    0 6547 3090.00000 3515.49678  13.8%     - 1470s
     0     0 3367.11941    0 6778 3090.00000 3367.11941  8.97%     - 1673s
H    0     0                    3094.0000000 3367.11941  8.83%     - 1675s
     0     0 3318.63569    0 7295 3094.00000 3318.63569  7.26%     - 1694s
     0     0 3302.80893    0 5767 3094.00000 3302.80893  6.75%     - 1715s
     0     0 3298.10390    0 4919 3094.00000 3298.10390  6.60%     - 1731s
     0     0 3280.86930    0 6348 3094.00000 3280.86930  6.04%     - 1865s
H    0     0                    3105.0000000 3280.86930  5.66%     - 2083s
     0     0 3267.28362    0 6180 3105.00000 3267.28362  5.23%     - 2103s
     0     0 3260.93011    0 6743 3105.00000 3260.93011  5.02%     - 2122s
     0     0 3256.48178    0 6396 3105.00000 3256.48178  4.88%     - 2141s
     0     0 3250.56650    0 7119 3105.00000 3250.56650  4.69%     - 2332s
     0     0 3250.55010    0 6694 3105.00000 3250.55010  4.69%     - 2371s
     0     0 3250.55010    0 6694 3105.00000 3250.55010  4.69%     - 2374s
     0     2 3242.31411    0 6694 3105.00000 3242.31411  4.42%     - 2808s
     1     2 3242.31411    1 6693 3105.00000 3242.31411  4.42%   9.0 2811s
     3     2 3242.31411    2 6433 3105.00000 3242.31411  4.42%   753 2853s
     7     7 3242.31411    4 6423 3105.00000 3242.31411  4.42%   711 2874s
    11     7 3237.87702    5 7359 3105.00000 3242.31411  4.42%  1308 3075s
    18     8 3231.48169    6 8008 3105.00000 3233.60532  4.14%  3654 3600s

Cutting planes:
  Cover: 303
  Implied bound: 348
  MIR: 4455
  StrongCG: 125
  GUB cover: 1649
  Zero half: 1
  RLT: 4722
  Lazy constraints: 20759

Explored 23 nodes (167853 simplex iterations) in 3600.05 seconds (7313.95 work units)
Thread count was 8 (of 8 available processors)

Solution count 6: 3105 3094 3090 ... 3066

Time limit reached
Best objective 3.105000000000e+03, best bound 3.233000000000e+03, gap 4.1224%

Gurobi 9.5.1 (linux64) logging started Mon Jun 20 17:45:57 2022

Set parameter LogFile to value "../results/logs/log_com-dblp.ungraph_20_10_2022_06_19_22_46.log"
Gurobi Optimizer version 9.5.1 build v9.5.1rc2 (linux64)
Thread count: 8 physical cores, 8 logical processors, using up to 8 threads
Optimize a model with 10563 rows, 634160 columns and 608351 nonzeros
Model fingerprint: 0x868ae849
Variable types: 0 continuous, 634160 integer (634160 binary)
Coefficient statistics:
  Matrix range     [1e+00, 2e+01]
  Objective range  [1e+00, 1e+00]
  Bounds range     [1e+00, 1e+00]
  RHS range        [1e+00, 1e+01]
Found heuristic solution: objective 3066.0000000
Presolve removed 3070 rows and 614376 columns
Presolve time: 1.09s
Presolved: 7493 rows, 19784 columns, 166166 nonzeros
Extracted 1644 lazy constraints
Variable types: 0 continuous, 19784 integer (15816 binary)

Root relaxation: objective 4.507544e+03, 4526 iterations, 1.73 seconds (3.57 work units)

    Nodes    |    Current Node    |     Objective Bounds      |     Work
 Expl Unexpl |  Obj  Depth IntInf | Incumbent    BestBd   Gap | It/Node Time

     0     0 4507.54447    0 2526 3066.00000 4507.54447  47.0%     -    3s
H    0     0                    3088.0000000 4507.54447  46.0%     -    6s
     0     0 3993.92572    0 2246 3088.00000 3993.92572  29.3%     -    9s
H    0     0                    3093.0000000 3993.92572  29.1%     -   12s
     0     0 3706.53695    0 2276 3093.00000 3706.53695  19.8%     -   13s
     0     0 3544.52975    0 2161 3093.00000 3544.52975  14.6%     -   15s
     0     0 3474.16041    0 1997 3093.00000 3474.16041  12.3%     -   16s
     0     0 3451.43897    0 1772 3093.00000 3451.43897  11.6%     -   17s
     0     0 3433.32415    0 1613 3093.00000 3433.32415  11.0%     -   18s
     0     0 3413.56544    0 1609 3093.00000 3413.56544  10.4%     -   19s
     0     0 3412.62803    0 1593 3093.00000 3412.62803  10.3%     -   19s
     0     0 3412.54585    0 1580 3093.00000 3412.54585  10.3%     -   19s
     0     0 3329.34093    0 1281 3093.00000 3329.34093  7.64%     -   21s
     0     0 3304.31372    0 1378 3093.00000 3304.31372  6.83%     -   22s
     0     0 3296.03905    0 1360 3093.00000 3296.03905  6.56%     -   22s
     0     0 3283.35447    0 1323 3093.00000 3283.35447  6.15%     -   23s
     0     0 3281.41798    0 1481 3093.00000 3281.41798  6.09%     -   24s
     0     0 3280.75134    0 1393 3093.00000 3280.75134  6.07%     -   24s
     0     0 3266.58172    0 1433 3093.00000 3266.58172  5.61%     -   27s
     0     0 3254.57229    0 1484 3093.00000 3254.57229  5.22%     -   28s
     0     0 3246.88690    0 1652 3093.00000 3246.88690  4.98%     -   30s
     0     0 3243.11292    0 1753 3093.00000 3243.11292  4.85%     -   31s
     0     0 3240.93621    0 1765 3093.00000 3240.93621  4.78%     -   32s
     0     0 3239.47952    0 1778 3093.00000 3239.47952  4.74%     -   33s
     0     0 3235.75420    0 1802 3093.00000 3235.75420  4.62%     -   37s
     0     0 3232.66340    0 1749 3093.00000 3232.66340  4.52%     -   38s
     0     0 3230.75889    0 1826 3093.00000 3230.75889  4.45%     -   39s
     0     0 3228.90741    0 1918 3093.00000 3228.90741  4.39%     -   41s
     0     0 3227.49351    0 1950 3093.00000 3227.49351  4.35%     -   43s
     0     0 3225.58250    0 1983 3093.00000 3225.58250  4.29%     -   45s
     0     0 3225.58250    0 1982 3093.00000 3225.58250  4.29%     -   45s
H    0     0                    3105.0000000 3225.58250  3.88%     -   52s
     0     2 3222.97927    0 1981 3105.00000 3222.97927  3.80%     -   59s
     3     8 3222.89392    2 1986 3105.00000 3222.97927  3.80%   520   63s
     7    16 3220.08671    3 2184 3105.00000 3222.89327  3.80%  1458   69s
    15    24 3216.72451    4 2268 3105.00000 3220.07526  3.71%  2117   79s
    23    32 3214.99996    4 2289 3105.00000 3216.71750  3.60%  3176   84s
    31    40 3216.70225    5 2319 3105.00000 3216.71433  3.60%  2693   87s
    39    48 3203.10868    5 2183 3105.00000 3216.70216  3.60%  2308   90s
    58    72 3216.20743    8 2306 3105.00000 3216.70123  3.60%  1706  108s
    73    86 3216.15437    9 2307 3105.00000 3216.70123  3.60%  1407  111s
    87   105 3215.65713   11 2274 3105.00000 3216.70123  3.60%  1259  117s
   106   123 3215.06290   12 2271 3105.00000 3216.70123  3.60%  1133  122s
   124   140 3214.13124   15 2304 3105.00000 3216.70123  3.60%  1050  128s
   141   157 3214.06849   16 2324 3105.00000 3216.70123  3.60%  1012  131s
   181   182 3213.35246   21 2305 3105.00000 3216.70123  3.60%   886  142s
   191   197 3213.30338   22 2332 3105.00000 3216.70123  3.60%   854  145s
   208   205 3211.01504   27 2375 3105.00000 3216.70123  3.60%   835  153s
   216   222 3211.01042   28 2381 3105.00000 3216.70123  3.60%   898  160s
   233   253 3210.61923   31 2372 3105.00000 3216.70123  3.60%   903  166s
   266   280 3210.58207   35 2355 3105.00000 3216.70123  3.60%   842  170s
H  274   280                    3106.0000000 3216.70123  3.56%   828  170s
   297   305 3210.38593   37 2340 3106.00000 3216.70123  3.56%   792  192s
   324   336 3208.86420   39 2318 3106.00000 3216.70123  3.56%   816  195s
H  356   336                    3107.0000000 3216.70123  3.53%   768  195s
   361   363 3207.88358   44 2292 3107.00000 3216.70123  3.53%   761  206s
   397   412 3207.60004   50 2299 3107.00000 3216.70123  3.53%   743  252s
   446   458 3207.27919   60 2294 3107.00000 3216.70123  3.53%   701  260s
   507   512 3207.15339   65 2273 3107.00000 3216.70123  3.53%   650  270s
   563   553 3206.95457   73 2258 3107.00000 3216.70123  3.53%   622  323s
   606   589 3206.15308   75 2234 3107.00000 3216.70123  3.53%   719  332s
   649   643 3205.55935   76 2218 3107.00000 3216.70123  3.53%   709  338s
   710   697 3203.86141   78 2212 3107.00000 3216.70123  3.53%   677  347s
   770   739 3200.97245   81 2199 3107.00000 3216.70123  3.53%   658  353s
   824   776 3199.51195   86 2142 3107.00000 3216.70123  3.53%   641  360s
   869   839 3198.74059   87 2124 3107.00000 3216.70123  3.53%   636  366s
   934   882 3198.32782   99 2117 3107.00000 3216.70123  3.53%   620  376s
   997   891 3196.19979  110 2093 3107.00000 3216.70123  3.53%   614  408s
  1008   906     cutoff  111      3107.00000 3216.70123  3.53%   657  418s
  1037   962 3195.16377  112 2034 3107.00000 3216.70123  3.53%   664  428s
  1095  1036 3194.78089  117 2047 3107.00000 3216.70123  3.53%   653  439s
  1169  1091 3193.84398  130 2029 3107.00000 3216.70123  3.53%   635  447s
  1226  1157 3192.06232  142 1974 3107.00000 3216.70123  3.53%   628  457s
  1292  1217 3191.15788  154 1920 3107.00000 3216.70123  3.53%   618  470s
  1354  1265 3189.84779  165 1955 3107.00000 3216.70123  3.53%   615  481s
  1402  1338 3187.81241  169 1874 3107.00000 3216.70123  3.53%   618  491s
  1481  1397 3186.54254  184 1893 3107.00000 3216.70123  3.53%   606  501s
  1542  1480 3184.99229  193 1864 3107.00000 3216.70123  3.53%   604  513s
  1625  1575 3182.32019  204 1616 3107.00000 3216.70123  3.53%   597  525s
  1724  1653 3180.66435  221 1476 3107.00000 3216.70123  3.53%   586  540s
  1814  1747 3176.94816  240 1345 3107.00000 3216.70123  3.53%   585  576s
  1908  1914 3175.34419  259 1123 3107.00000 3216.63613  3.53%   577  595s
  2096  2008 3205.32269    7 2523 3107.00000 3216.63613  3.53%   552  615s
  2219  2009 3191.60364   63 1982 3107.00000 3216.63613  3.53%   545  653s
  2221  2010 3197.91247   47 2435 3107.00000 3216.63613  3.53%   544  708s
  2222  2011 3184.50649  153 2214 3107.00000 3216.63613  3.53%   544  744s
  2223  2012 3182.46268  136 2277 3107.00000 3216.63613  3.53%   544  745s
  2227  2014 3180.77700  146 2192 3107.00000 3216.63613  3.53%   543  750s
  2231  2017 3131.39693  124 2179 3107.00000 3216.63613  3.53%   542  755s
  2235  2020 3175.67705  254 2236 3107.00000 3216.63613  3.53%   541  760s
  2238  2022 3186.24556  106 2371 3107.00000 3216.63613  3.53%   540  765s
  2240  2023 3169.38662  246 2322 3107.00000 3216.63613  3.53%   540  770s
  2243  2025 3200.78883    5 2322 3107.00000 3214.15797  3.45%   539  775s
  2246  2027 3161.33012  216 2384 3107.00000 3212.23602  3.39%   538  780s
  2251  2030 3176.34774  105 2483 3107.00000 3211.82369  3.37%   537  785s
  2252  2031 3185.85816  113 2361 3107.00000 3208.83679  3.28%   537  792s
  2254  2032 3192.46980   30 2357 3107.00000 3206.40781  3.20%   536  795s
  2257  2034 3179.61096   86 2528 3107.00000 3203.65514  3.11%   536  800s
  2260  2036 3168.94100  198 2569 3107.00000 3201.74144  3.05%   535  806s
  2262  2038 3134.67405  117 2629 3107.00000 3200.99443  3.03%   534  810s
  2264  2039 3168.96235  197 2620 3107.00000 3200.33380  3.00%   534  816s
  2266  2040 3190.33017   77 2609 3107.00000 3199.53434  2.98%   533  820s
  2268  2042 3180.64589  221 2676 3107.00000 3199.05237  2.96%   533  826s
  2270  2043 3161.75219  232 2688 3107.00000 3198.78706  2.95%   533  830s
  2273  2045 3185.21716   97 2759 3107.00000 3198.64391  2.95%   532  835s
  2274  2046 3136.31317   19 2620 3107.00000 3197.40131  2.91%   532  852s
  2275  2046 3196.28416   20 2540 3107.00000 3196.28416  2.87%   531  856s
  2276  2047 3184.07255  200 2659 3107.00000 3195.57273  2.85%   531  863s
  2277  2048 3121.39836  150 2678 3107.00000 3194.89599  2.83%   531  865s
  2279  2049 3172.70008  221 2708 3107.00000 3193.99777  2.80%   530  871s
  2281  2050 3184.74337  103 2743 3107.00000 3193.41387  2.78%   530  876s
  2283  2052 3152.68584   48 2707 3107.00000 3192.99427  2.77%   530  883s
  2284  2052 3191.11970   72 2813 3107.00000 3192.86108  2.76%   529  886s
  2286  2054 3192.38640   11 2887 3107.00000 3192.38640  2.75%   529  891s
  2288  2055 3179.61096   86 2892 3107.00000 3192.21266  2.74%   528  895s
  2291  2057 3192.00707  143 2882 3107.00000 3192.00707  2.74%   528  910s
  2292  2058 3185.84827  114 2806 3107.00000 3191.47517  2.72%   527  925s
  2294  2059 3169.01145  195 2810 3107.00000 3190.59605  2.69%   527  932s
  2295  2060 3148.65709   69 2846 3107.00000 3190.32651  2.68%   527  935s
  2297  2061 3186.19909   84 2841 3107.00000 3189.73369  2.66%   526  942s
  2298  2062 3189.53635   34 2932 3107.00000 3189.53635  2.66%   526  945s
  2300  2063 3176.92571  207 2972 3107.00000 3189.11324  2.64%   526  952s
  2301  2064 3180.68054  151 3013 3107.00000 3188.99649  2.64%   525  957s
  2302  2064 3188.92338   74 2999 3107.00000 3188.92338  2.64%   525  968s
  2303  2065 3161.43230   33 3033 3107.00000 3188.85822  2.63%   525  971s
  2305  2066 3188.77999   65 3041 3107.00000 3188.77999  2.63%   524 1009s
  2306  2067 3188.40855   60 2983 3107.00000 3188.40855  2.62%   524 1040s
  2308  2068 3187.84877   14 3027 3107.00000 3187.84877  2.60%   524 1048s
  2309  2069 3183.64262  104 3054 3107.00000 3187.63388  2.60%   524 1052s
  2310  2070 3187.45850   65 3032 3107.00000 3187.45850  2.59%   523 1056s
  2311  2070 3183.06182  129 3057 3107.00000 3187.32735  2.59%   523 1060s
  2313  2072 3141.83783   99 3040 3107.00000 3187.01101  2.58%   523 1067s
  2314  2072 3186.80427   16 3055 3107.00000 3186.80427  2.57%   522 1071s
  2316  2074 3186.64186   60 3108 3107.00000 3186.64186  2.56%   522 1076s
  2317  2074 3172.12956  135 3093 3107.00000 3186.60882  2.56%   522 1135s
  2318  2075 3186.22560   94 2993 3107.00000 3186.22560  2.55%   522 1144s
  2319  2076 3185.85262   63 3025 3107.00000 3185.85262  2.54%   521 1151s
  2320  2076 3176.08647  245 3070 3107.00000 3185.62121  2.53%   521 1157s
  2321  2077 3185.47399   47 3020 3107.00000 3185.47399  2.53%   521 1160s
  2323  2078 3182.46268  136 3081 3107.00000 3185.17343  2.52%   520 1168s
  2324  2079 3185.02941   74 3095 3107.00000 3185.02941  2.51%   520 1173s
  2325  2080 3164.33381  172 3107 3107.00000 3184.93435  2.51%   520 1177s
  2326  2080 3164.43454  217 3124 3107.00000 3184.85734  2.51%   520 1181s
  2327  2081 3180.77700  146 3159 3107.00000 3184.79686  2.50%   520 1186s
  2328  2082 3184.76160   66 3146 3107.00000 3184.76160  2.50%   519 1194s
  2329  2082 3177.84278  167 3132 3107.00000 3184.31909  2.49%   519 1219s
  2330  2083 3180.57188  150 3103 3107.00000 3184.03204  2.48%   519 1239s
  2331  2084 3131.39693  124 3132 3107.00000 3183.85131  2.47%   519 1266s
  2332  2084 3183.72673   72 3134 3107.00000 3183.72673  2.47%   518 1292s
  2333  2085 3183.61473  142 3151 3107.00000 3183.61473  2.47%   518 1308s
  2334  2086 3183.50621    5 3123 3107.00000 3183.50621  2.46%   518 1317s
  2335  2086 3175.67705  254 3149 3107.00000 3183.42613  2.46%   518 1322s
  2336  2087 3140.73304   98 3096 3107.00000 3183.34420  2.46%   518 1329s
  2337  2088 3183.28531   10 3139 3107.00000 3183.28531  2.46%   517 1335s
  2339  2089 3183.19746   63 3134 3107.00000 3183.19746  2.45%   517 1347s
  2340  2090 3169.38662  246 3156 3107.00000 3182.94793  2.44%   517 1366s
  2341  2090 3182.78393   74 3205 3107.00000 3182.78393  2.44%   516 1410s
  2342  2091 3169.10544  193 3157 3107.00000 3182.63566  2.43%   516 1441s
  2343  2092 3182.53935    5 3187 3107.00000 3182.53935  2.43%   516 1459s
  2344  2092 3131.00023   71 3174 3107.00000 3182.42025  2.43%   516 1465s
  2345  2093 3166.66567  199 3251 3107.00000 3182.31924  2.42%   516 1470s
  2346  2094 3161.33012  216 3164 3107.00000 3182.23371  2.42%   515 1475s
  2348  2095 3182.13791  116 3176 3107.00000 3182.13791  2.42%   515 1492s
  2349  2096 3179.42024  147 3173 3107.00000 3181.89207  2.41%   515 1525s
  2350  2096 3181.72293   92 3132 3107.00000 3181.72293  2.40%   514 1591s
  2351  2097 3176.34774  105 3170 3107.00000 3181.59177  2.40%   514 1598s
  2352  2098 3181.46363  113 3157 3107.00000 3181.46363  2.40%   514 1604s
  2353  2098 3133.73153  121 3196 3107.00000 3181.31699  2.39%   514 1610s
  2354  2099 3181.24855   30 3207 3107.00000 3181.24855  2.39%   514 1615s
  2356  2100 3181.13329    4 3227 3107.00000 3181.13329  2.39%   513 1623s
  2357  2101 3179.61096   86 3221 3107.00000 3181.09559  2.38%   513 1634s
  2358  2102 3169.79542  190 3157 3107.00000 3180.90530  2.38%   513 1650s
  2359  2102 3180.76453  146 3184 3107.00000 3180.76453  2.37%   512 1665s
  2360  2103 3168.94100  198 3230 3107.00000 3180.65546  2.37%   512 1690s
  2361  2104 3174.13198  152 3223 3107.00000 3180.58772  2.37%   512 1714s
  2362  2104 3134.67405  117 3214 3107.00000 3180.52918  2.37%   512 1733s
  2363  2105 3171.89846  190 3273 3107.00000 3180.47463  2.36%   512 1738s
  2364  2106 3168.96235  197 3236 3107.00000 3180.42200  2.36%   511 1745s
  2365  2106 3180.38029   79 3283 3107.00000 3180.38029  2.36%   511 1756s
  2366  2107 3180.00127   77 3208 3107.00000 3180.00127  2.35%   511 1775s
  2367  2108 3179.75245   10 3208 3107.00000 3179.75245  2.34%   511 1781s
  2368  2108 3179.63454  221 3245 3107.00000 3179.63454  2.34%   511 1786s
  2369  2109 3179.51882   57 3244 3107.00000 3179.51882  2.33%   510 1799s
  2370  2110 3161.75219  232 3232 3107.00000 3179.43975  2.33%   510 1827s
  2371  2110 3134.71466   79 3263 3107.00000 3179.39521  2.33%   510 1867s
  2372  2111 3179.19025   33 3236 3107.00000 3179.19025  2.32%   510 1943s
  2373  2112 3179.09565   97 3275 3107.00000 3179.09565  2.32%   509 1949s
  2374  2112 3136.31317   19 3286 3107.00000 3179.03614  2.32%   509 1953s
  2375  2113 3179.01014   20 3265 3107.00000 3179.01014  2.32%   509 2033s
  2376  2114 3178.73759  200 3241 3107.00000 3178.73759  2.31%   509 2101s
  2377  2114 3121.39836  150 3245 3107.00000 3178.53726  2.30%   509 2108s
  2378  2115 3178.42118   70 3246 3107.00000 3178.42118  2.30%   508 2114s
  2379  2116 3172.70008  221 3313 3107.00000 3178.34480  2.30%   508 2118s
  2380  2116 3175.27959  258 3306 3107.00000 3178.27159  2.29%   508 2122s
  2381  2117 3178.19708  103 3262 3107.00000 3178.19708  2.29%   508 2126s
  2382  2118 3178.17060  122 3258 3107.00000 3178.17060  2.29%   508 2168s
  2383  2118 3152.68584   48 3281 3107.00000 3177.91303  2.28%   507 2217s
  2384  2119 3177.79644   72 3268 3107.00000 3177.79644  2.28%   507 2222s
  2385  2120 3177.67969   72 3267 3107.00000 3177.67969  2.27%   507 2228s
  2386  2120 3177.60168   11 3293 3107.00000 3177.60168  2.27%   507 2232s
  2387  2121 3158.46301   19 3282 3107.00000 3177.55401  2.27%   506 2236s
  2388  2122 3177.52582   86 3300 3107.00000 3177.52582  2.27%   506 2296s
  2389  2122 3177.32186   43 3221 3107.00000 3177.32186  2.26%   506 2394s
  2390  2123 3177.22982   91 3303 3107.00000 3177.22982  2.26%   506 2399s
  2391  2124 3177.15139  143 3219 3107.00000 3177.15139  2.26%   506 2403s
  2392  2124 3177.09710  114 3317 3107.00000 3177.09710  2.26%   505 2407s
  2393  2125 3177.03768  112 3359 3107.00000 3177.03768  2.25%   505 2412s
  2394  2126 3169.01145  195 3352 3107.00000 3177.00584  2.25%   505 2487s
  2395  2126 3148.65709   69 3154 3107.00000 3176.03658  2.22%   505 2534s
  2396  2127 3175.50691   33 3155 3107.00000 3175.50691  2.20%   505 2541s
  2397  2128 3175.10642   84 3182 3107.00000 3175.10642  2.19%   504 2549s
  2398  2128 3174.90842   34 3220 3107.00000 3174.90842  2.19%   504 2554s
  2399  2129 3115.74024  164 3302 3107.00000 3174.71131  2.18%   504 2559s
  2400  2130 3174.54179  207 3303 3107.00000 3174.54179  2.17%   504 2566s
  2401  2130 3174.39684  151 3322 3107.00000 3174.39684  2.17%   503 2572s
  2402  2131 3174.24918   74 3343 3107.00000 3174.24918  2.16%   503 2579s
  2403  2132 3161.43230   33 3393 3107.00000 3174.13279  2.16%   503 2585s
  2404  2132 3163.95757  230 3374 3107.00000 3174.03931  2.16%   503 2590s
  2405  2133 3173.96715   65 3385 3107.00000 3173.96715  2.16%   503 2595s
  2406  2134 3173.89462   60 3440 3107.00000 3173.89462  2.15%   502 2601s
  2407  2134 3171.56718  189 3469 3107.00000 3173.85490  2.15%   502 2629s
  2408  2135 3173.42103   14 3281 3107.00000 3173.42103  2.14%   502 2643s
  2409  2136 3173.12921  104 3309 3107.00000 3173.12921  2.13%   502 2666s
  2410  2136 3172.94886   65 3325 3107.00000 3172.94886  2.12%   502 2678s
  2411  2137 3172.82566  129 3351 3107.00000 3172.82566  2.12%   501 2684s
  2412  2138 3172.67341  100 3387 3107.00000 3172.67341  2.11%   501 2691s
  2413  2138 3141.83783   99 3434 3107.00000 3172.56827  2.11%   501 2697s
  2414  2139 3172.47815   16 3468 3107.00000 3172.47815  2.11%   501 2704s
  2415  2140 3152.44849   54 3487 3107.00000 3172.40566  2.11%   501 2713s
  2416  2140 3172.34783   60 3476 3107.00000 3172.34783  2.10%   500 2718s
  2417  2141 3172.12956  135 3516 3107.00000 3172.31651  2.10%   500 2723s
  2418  2142 3172.09172   94 3470 3107.00000 3172.09172  2.10%   500 2739s
  2419  2142 3171.98111   63 3549 3107.00000 3171.98111  2.09%   500 2746s
  2420  2143 3171.91192  245 3515 3107.00000 3171.91192  2.09%   500 2751s
  2421  2144 3171.83822   47 3498 3107.00000 3171.83822  2.09%   499 2757s
  2422  2144 3171.79065  153 3555 3107.00000 3171.79065  2.09%   499 2761s
  2423  2145 3171.73717  136 3527 3107.00000 3171.73717  2.08%   499 2766s
  2424  2146 3171.70913   74 3544 3107.00000 3171.70913  2.08%   499 2771s
  2425  2146 3164.33381  172 3498 3107.00000 3171.58415  2.08%   499 2781s
  2426  2147 3164.43454  217 3466 3107.00000 3171.50886  2.08%   498 2786s
  2427  2148 3171.45180  146 3522 3107.00000 3171.45180  2.07%   498 2790s
  2428  2148 3171.40515   66 3542 3107.00000 3171.40515  2.07%   498 2795s
  2430  2150 3171.28079  150 3513 3107.00000 3171.28079  2.07%   497 2809s
  2431  2150 3131.39693  124 3561 3107.00000 3171.23436  2.07%   497 2814s
  2432  2151 3171.19649   72 3562 3107.00000 3171.19649  2.07%   497 2820s
  2433  2152 3171.12416  142 3536 3107.00000 3171.12416  2.06%   497 2829s
  2434  2152 3171.07008    5 3579 3107.00000 3171.07008  2.06%   497 2834s
  2435  2153 3171.03579  254 3566 3107.00000 3171.03579  2.06%   496 2841s
  2436  2154 3140.73304   98 3585 3107.00000 3170.95836  2.06%   496 2851s
  2441  2158 3170.95836   74 2429 3107.00000 3170.95836  2.06%   651 2910s
  2442  2159 3169.10544  193 2223 3107.00000 3170.95836  2.06%   651 2945s
  2445  2161 3166.66567  199 2236 3107.00000 3170.95836  2.06%   650 2950s
  2449  2164 3170.95836  147 2109 3107.00000 3170.95836  2.06%   649 2955s
  2452  2166 3170.95836  113 2170 3107.00000 3170.95836  2.06%   648 2960s
  2455  2168 3170.95836   29 2442 3107.00000 3170.95836  2.06%   647 2968s
  2456  2168 3170.95836    4 2402 3107.00000 3170.95836  2.06%   647 2971s
  2457  2169 3170.95836   86 2519 3107.00000 3170.95836  2.06%   647 2975s
  2459  2170 3170.95836  146 2522 3107.00000 3170.95836  2.06%   646 2984s
  2460  2171 3168.94100  198 2564 3107.00000 3170.95836  2.06%   646 2989s
  2461  2172 3170.95836  152 2702 3107.00000 3170.95836  2.06%   646 2994s
  2462  2172 3134.67405  117 2886 3107.00000 3170.95836  2.06%   645 3001s
  2463  2173 3170.95836  190 2935 3107.00000 3170.95836  2.06%   645 3007s
  2464  2174 3168.96235  197 2979 3107.00000 3170.95836  2.06%   645 3012s
  2465  2174 3170.95836   79 3080 3107.00000 3170.95836  2.06%   645 3017s
  2466  2175 3170.95836   77 3142 3107.00000 3170.95836  2.06%   644 3022s
  2467  2176 3170.95836   10 3151 3107.00000 3170.95836  2.06%   644 3027s
  2468  2176 3170.95836  221 3268 3107.00000 3170.95836  2.06%   644 3033s
  2469  2177 3170.95836   57 3258 3107.00000 3170.95836  2.06%   643 3037s
  2470  2178 3161.75219  232 3266 3107.00000 3170.95836  2.06%   643 3040s
  2472  2179 3170.95836   33 3331 3107.00000 3170.95836  2.06%   643 3048s
  2473  2180 3170.92700   97 3403 3107.00000 3170.92700  2.06%   642 3056s
  2474  2180 3136.31317   19 3406 3107.00000 3170.77922  2.05%   642 3062s
  2475  2181 3170.72431   20 3403 3107.00000 3170.72431  2.05%   642 3067s
  2476  2182 3170.69432  200 3396 3107.00000 3170.69432  2.05%   642 3072s
  2477  2182 3121.39836  150 3450 3107.00000 3170.62860  2.05%   641 3084s
  2478  2183 3170.57172   70 3417 3107.00000 3170.57172  2.05%   641 3089s
  2479  2184 3170.52779  221 3442 3107.00000 3170.52779  2.04%   641 3095s
  2480  2184 3170.40750  258 3474 3107.00000 3170.40750  2.04%   641 3106s
  2481  2185 3170.34608  103 3522 3107.00000 3170.34608  2.04%   640 3111s
  2482  2186 3170.31212  122 3537 3107.00000 3170.31212  2.04%   640 3117s
  2483  2186 3152.68584   48 3462 3107.00000 3170.21782  2.03%   640 3128s
  2484  2187 3170.14767   72 3518 3107.00000 3170.14767  2.03%   640 3134s
  2485  2188 3170.10739   72 3554 3107.00000 3170.10739  2.03%   639 3140s
  2486  2188 3170.02341   11 3556 3107.00000 3170.02341  2.03%   639 3150s
  2487  2189 3158.46301   19 3577 3107.00000 3169.97881  2.03%   639 3157s
  2488  2190 3169.86874   86 3537 3107.00000 3169.86874  2.02%   639 3169s
  2489  2190 3169.80656   43 3544 3107.00000 3169.80656  2.02%   638 3177s
  2490  2191 3169.77442   91 3527 3107.00000 3169.77442  2.02%   638 3184s
  2491  2192 3169.65721  143 3533 3107.00000 3169.65721  2.02%   638 3198s
  2492  2192 3169.65721  114 3533 3107.00000 3169.65721  2.02%   638 3202s
  2493  2193 3169.65721  112 3533 3107.00000 3169.65721  2.02%   637 3230s
  2494  2195 3169.65702   23 3529 3107.00000 3169.65702  2.02%   677 3412s
  2496  2195 3169.65697   24 3528 3107.00000 3169.65697  2.02%   709 3600s

Cutting planes:
  Gomory: 3
  Cover: 10
  Implied bound: 4
  MIR: 273
  StrongCG: 7
  Flow cover: 1023
  GUB cover: 442
  RLT: 1884
  Relax-and-lift: 28

Explored 2497 nodes (1795341 simplex iterations) in 3600.02 seconds (4693.91 work units)
Thread count was 8 (of 8 available processors)

Solution count 6: 3107 3106 3105 ... 3066

Time limit reached
Best objective 3.107000000000e+03, best bound 3.169000000000e+03, gap 1.9955%
