
Gurobi 9.5.1 (linux64) logging started Tue May 31 21:00:58 2022

Set parameter LogFile to value "../results/logs/log_Brightkite_edges_2_250_2022_05_31_19_00.log"
Gurobi Optimizer version 9.5.1 build v9.5.1rc2 (linux64)
Thread count: 8 physical cores, 8 logical processors, using up to 8 threads
Optimize a model with 116457 rows, 116456 columns and 1089224 nonzeros
Model fingerprint: 0x726a877d
Variable types: 0 continuous, 116456 integer (116456 binary)
Coefficient statistics:
  Matrix range     [1e+00, 2e+00]
  Objective range  [1e+00, 1e+00]
  Bounds range     [1e+00, 1e+00]
  RHS range        [1e+00, 2e+02]
Found heuristic solution: objective -0.0000000
Presolve removed 43163 rows and 31542 columns
Presolve time: 4.16s
Presolved: 73294 rows, 84914 columns, 941685 nonzeros
Variable types: 0 continuous, 84914 integer (81076 binary)
Found heuristic solution: objective 33827.000000

Deterministic concurrent LP optimizer: primal and dual simplex
Showing first log only...

Concurrent spin time: 0.03s

Solved with dual simplex

Root relaxation: objective 3.609950e+04, 4418 iterations, 0.54 seconds (0.52 work units)
Total elapsed time = 5.05s

    Nodes    |    Current Node    |     Objective Bounds      |     Work
 Expl Unexpl |  Obj  Depth IntInf | Incumbent    BestBd   Gap | It/Node Time

     0     0 36099.5000    0 1720 33827.0000 36099.5000  6.72%     -    5s
H    0     0                    35071.000000 36099.5000  2.93%     -    5s
H    0     0                    35265.000000 36099.5000  2.37%     -    5s
     0     0 35281.0000    0  122 35265.0000 35281.0000  0.05%     -    6s
H    0     0                    35266.000000 35281.0000  0.04%     -    7s
     0     0 35281.0000    0  107 35266.0000 35281.0000  0.04%     -    7s
     0     0 35281.0000    0   64 35266.0000 35281.0000  0.04%     -    9s
     0     0 35281.0000    0   62 35266.0000 35281.0000  0.04%     -    9s
     0     0 35281.0000    0   42 35266.0000 35281.0000  0.04%     -   10s
     0     0 35281.0000    0   42 35266.0000 35281.0000  0.04%     -   10s
     0     0 35281.0000    0   36 35266.0000 35281.0000  0.04%     -   11s
     0     0 35281.0000    0   46 35266.0000 35281.0000  0.04%     -   11s
     0     0 35278.8750    0   59 35266.0000 35278.8750  0.04%     -   12s
H    0     0                    35267.000000 35278.8750  0.03%     -   12s
     0     0 35276.6250    0   44 35267.0000 35276.6250  0.03%     -   12s
     0     0 35276.6250    0   44 35267.0000 35276.6250  0.03%     -   12s
     0     0 35272.5000    0   20 35267.0000 35272.5000  0.02%     -   13s
     0     0 35272.5000    0   21 35267.0000 35272.5000  0.02%     -   13s
     0     0     cutoff    0      35267.0000 35267.0000  0.00%     -   14s

Cutting planes:
  Gomory: 69
  Cover: 69
  Implied bound: 1
  MIR: 316
  GUB cover: 1788
  Zero half: 33
  Mod-K: 28

Explored 1 nodes (11009 simplex iterations) in 14.10 seconds (15.48 work units)
Thread count was 8 (of 8 available processors)

Solution count 6: 35267 35266 35265 ... -0

Optimal solution found (tolerance 0.00e+00)
Best objective 3.526700000000e+04, best bound 3.526700000000e+04, gap 0.0000%
