
Gurobi 9.5.1 (linux64) logging started Sun Apr 17 09:35:01 2022

Set parameter LogFile to value "../results/logs/log_Brightkite_edges_20_20_2022_04_17_09_25.log"
Gurobi Optimizer version 9.5.1 build v9.5.1rc2 (linux64)
Thread count: 8 physical cores, 8 logical processors, using up to 8 threads
Optimize a model with 7279 rows, 116456 columns and 326490 nonzeros
Model fingerprint: 0xa0f4a29f
Variable types: 0 continuous, 116456 integer (116456 binary)
Coefficient statistics:
  Matrix range     [1e+00, 2e+01]
  Objective range  [1e+00, 1e+00]
  Bounds range     [1e+00, 1e+00]
  RHS range        [1e+00, 2e+01]
Found heuristic solution: objective 947.0000000
Presolve removed 37 rows and 94616 columns
Presolve time: 0.33s
Presolved: 7242 rows, 21840 columns, 175166 nonzeros
Found heuristic solution: objective 951.0000000
Variable types: 0 continuous, 21840 integer (18831 binary)
Warning: Markowitz tolerance tightened to 0.0625

Root relaxation: objective 3.125794e+03, 5129 iterations, 1.76 seconds (3.41 work units)

    Nodes    |    Current Node    |     Objective Bounds      |     Work
 Expl Unexpl |  Obj  Depth IntInf | Incumbent    BestBd   Gap | It/Node Time

     0     0 3125.79363    0 2735  951.00000 3125.79363   229%     -    2s
H    0     0                    1136.0000000 2610.52658   130%     -    8s
     0     0 2610.52658    0 2441 1136.00000 2610.52658   130%     -    8s
H    0     0                    1141.0000000 2610.52658   129%     -   15s
     0     0 1991.08090    0 2433 1141.00000 1991.08090  74.5%     -   17s
     0     0 1962.45173    0 2238 1141.00000 1962.45173  72.0%     -   18s
     0     0 1896.74075    0 1858 1141.00000 1896.74075  66.2%     -   19s
     0     0 1878.79478    0 1579 1141.00000 1878.79478  64.7%     -   20s
     0     0 1846.51811    0 1641 1141.00000 1846.51811  61.8%     -   21s
     0     0 1843.63370    0 1907 1141.00000 1843.63370  61.6%     -   22s
     0     0 1842.66493    0 1908 1141.00000 1842.66493  61.5%     -   23s
     0     0 1842.26299    0 1996 1141.00000 1842.26299  61.5%     -   23s
     0     0 1842.12636    0 1958 1141.00000 1842.12636  61.4%     -   24s
     0     0 1673.04501    0 1625 1141.00000 1673.04501  46.6%     -   30s
     0     0 1618.45152    0 1731 1141.00000 1618.45152  41.8%     -   32s
     0     0 1600.37881    0 1906 1141.00000 1600.37881  40.3%     -   34s
     0     0 1585.50531    0 1995 1141.00000 1585.50531  39.0%     -   36s
     0     0 1570.71900    0 2143 1141.00000 1570.71900  37.7%     -   40s
     0     0 1561.99676    0 2153 1141.00000 1561.99676  36.9%     -   43s
     0     0 1557.63588    0 2348 1141.00000 1557.63588  36.5%     -   46s
     0     0 1556.06093    0 2385 1141.00000 1556.06093  36.4%     -   48s
     0     0 1555.31894    0 2510 1141.00000 1555.31894  36.3%     -   50s
     0     0 1528.53267    0 2208 1141.00000 1528.53267  34.0%     -   57s
     0     0 1518.84737    0 2340 1141.00000 1518.84737  33.1%     -   60s
     0     0 1514.30974    0 2497 1141.00000 1514.30974  32.7%     -   63s
     0     0 1510.43037    0 2583 1141.00000 1510.43037  32.4%     -   66s
     0     0 1507.39572    0 2764 1141.00000 1507.39572  32.1%     -   70s
     0     0 1503.67196    0 2787 1141.00000 1503.67196  31.8%     -   73s
     0     0 1500.17060    0 2872 1141.00000 1500.17060  31.5%     -   77s
     0     0 1497.87039    0 3012 1141.00000 1497.87039  31.3%     -   82s
     0     0 1496.38747    0 2906 1141.00000 1496.38747  31.1%     -   85s
     0     0 1489.50094    0 2850 1141.00000 1489.50094  30.5%     -   96s
     0     0 1486.09601    0 2986 1141.00000 1486.09601  30.2%     -  101s
     0     0 1483.45090    0 2977 1141.00000 1483.45090  30.0%     -  106s
H    0     0                    1142.0000000 1481.70393  29.7%     -  110s
     0     0 1481.70393    0 3131 1142.00000 1481.70393  29.7%     -  110s
H    0     0                    1143.0000000 1478.52728  29.4%     -  115s
     0     0 1478.52728    0 3009 1143.00000 1478.52728  29.4%     -  115s
     0     0 1478.52728    0 3009 1143.00000 1478.52728  29.4%     -  116s
     0     2 1478.13649    0 3009 1143.00000 1478.13649  29.3%     -  139s
     1     4 1478.13649    1 2968 1143.00000 1478.13649  29.3%   154  140s
     3     8 1476.53375    2 3101 1143.00000 1478.13649  29.3%  1433  146s
     7    16 1473.24727    3 3466 1143.00000 1476.51775  29.2%  3535  174s
    15    24 1471.50096    4 3666 1143.00000 1473.24724  28.9%  6910  201s
    23    32 1468.48727    4 3649 1143.00000 1471.50070  28.7%  8363  236s
H   31    40                    1144.0000000 1471.50070  28.6%  7491  255s
H   36    40                    1145.0000000 1471.48720  28.5%  6576  255s
    39    46 1471.42268    6 3652 1145.00000 1471.48720  28.5%  6106  268s
    47    59 1471.34102    7 3633 1145.00000 1471.48720  28.5%  5513  301s
    60    71 1471.24035    9 3648 1145.00000 1471.48720  28.5%  4658  312s
    72    86 1471.04382   11 3630 1145.00000 1471.48720  28.5%  4204  318s
    87   108 1470.84603   13 3622 1145.00000 1471.48720  28.5%  3662  324s
   109   124 1470.64065   16 3615 1145.00000 1471.48720  28.5%  3058  333s
   125   141 1470.52870   18 3625 1145.00000 1471.48720  28.5%  2797  345s
   142   157 1469.85522   20 3621 1145.00000 1471.48720  28.5%  2630  357s
   160   179 1469.57237   22 3609 1145.00000 1471.48720  28.5%  2481  364s
H  167   179                    1146.0000000 1471.48720  28.4%  2402  364s
   182   201 1468.88557   24 3615 1146.00000 1471.48720  28.4%  2277  374s
   204   219 1468.84751   26 3594 1146.00000 1471.48720  28.4%  2133  418s
   224   238 1468.56324   29 3581 1146.00000 1471.48720  28.4%  2076  433s
   243   253 1468.12335   31 3597 1146.00000 1471.48720  28.4%  2047  453s
   262   272 1467.88408   34 3545 1146.00000 1471.48720  28.4%  2077  464s
   285   305 1467.56672   36 3578 1146.00000 1471.48720  28.4%  1996  472s
   318   324 1467.00679   39 3547 1146.00000 1471.48720  28.4%  1867  518s
   343   347 1451.41888   40 3466 1146.00000 1471.48720  28.4%  1914  539s
   374   365 1465.07990   41 3539 1146.00000 1471.48720  28.4%  1861  560s
   394   372 1459.79502   45 3608 1146.00000 1471.48720  28.4%  1901  591s
   403   392 1427.59608   45 3342 1146.00000 1471.48720  28.4%  2072  627s
   423   414 1459.39209   46 3629 1146.00000 1471.48720  28.4%  2149  639s
H  436   414                    1160.0000000 1471.48720  26.9%  2126  639s
   445   438 1458.72159   48 3651 1160.00000 1471.48720  26.9%  2110  657s
   471   460 1457.80572   51 3650 1160.00000 1471.48720  26.9%  2091  674s
H  479   460                    1161.0000000 1471.48720  26.7%  2072  674s
   497   492 1457.44800   55 3630 1161.00000 1471.48720  26.7%  2052  691s
   529   515 1456.24344   58 3582 1161.00000 1471.48720  26.7%  2016  712s
   554   540 1455.57553   61 3605 1161.00000 1471.48720  26.7%  2005  734s
   587   548 1454.65402   65 3557 1161.00000 1471.48720  26.7%  1981  765s
H  588   548                    1162.0000000 1471.48720  26.6%  1978  765s
H  592   548                    1163.0000000 1471.48720  26.5%  1978  765s
   595   571 1451.84321   65 3498 1163.00000 1471.48720  26.5%  1979  783s
   626   606 1453.78113   66 3570 1163.00000 1471.48720  26.5%  1954  812s
   663   615 1451.49706   69 3668 1163.00000 1471.48720  26.5%  1940  840s
   672   648 1451.45185   70 3691 1163.00000 1471.48720  26.5%  1994  863s
H  705   656                    1171.0000000 1471.48720  25.7%  1975 1103s
H  712   656                    1174.0000000 1471.48720  25.3%  1992 1103s
   713   695 1450.37866   74 3646 1174.00000 1471.48720  25.3%  1994 1125s
H  737   695                    1175.0000000 1471.48720  25.2%  1972 1125s
H  755   695                    1176.0000000 1471.48720  25.1%  1947 1125s
   758   705 1448.41313   79 3617 1176.00000 1471.48720  25.1%  1947 1195s
   776   733 1444.37454   79 3573 1176.00000 1471.48720  25.1%  1937 1238s
H  797   733                    1177.0000000 1471.48720  25.0%  1930 1238s
   814   773 1444.82231   82 3637 1177.00000 1471.48720  25.0%  1932 1265s
   854   802 1442.55699   88 3554 1177.00000 1471.48720  25.0%  1918 1289s
H  873   802                    1178.0000000 1471.48720  24.9%  1916 1289s
   883   836 1442.40141   89 3577 1178.00000 1471.48720  24.9%  1908 1324s
   917   881 1441.15838   94 3545 1178.00000 1471.48720  24.9%  1924 1352s
   962   922 1439.86041  101 3511 1178.00000 1471.48720  24.9%  1907 1384s
  1003   930 1409.74547  103 3465 1178.00000 1471.48720  24.9%  1915 1419s
  1011   985 1437.63304  104 3519 1178.00000 1471.48720  24.9%  1910 1451s
  1066  1032 1436.29107  112 3482 1178.00000 1471.48720  24.9%  1888 1487s
  1113  1095 1434.55049  119 3501 1178.00000 1471.48720  24.9%  1887 1522s
  1176  1158 1432.48144  126 3527 1178.00000 1471.48720  24.9%  1863 1556s
  1239  1204 1382.89324  136 3359 1178.00000 1471.48720  24.9%  1850 1595s
  1287  1262 1428.39788  137 3468 1178.00000 1471.48720  24.9%  1854 1631s
  1347  1347 1428.74864  143 3426 1178.00000 1471.48720  24.9%  1843 1675s
  1432  1427 1425.16364  154 3451 1178.00000 1471.48720  24.9%  1813 1718s
  1512  1487 1424.43587  161 3482 1178.00000 1471.48720  24.9%  1794 1762s
  1574  1560 1422.53382  170 3498 1178.00000 1471.48720  24.9%  1799 1812s
  1651  1641 1420.96003  177 3457 1178.00000 1471.48720  24.9%  1795 1866s
  1744  1722 1418.51614  190 3391 1178.00000 1471.48720  24.9%  1778 1923s
  1827  1810 1413.32622  194 3425 1178.00000 1471.48720  24.9%  1777 1972s
  1917  1902 1411.94666  205 3370 1178.00000 1471.48720  24.9%  1763 2026s
  2013  2000 1410.20169  219 3315 1178.00000 1471.48720  24.9%  1741 2071s
  2113  2180 1408.61860  230 3247 1178.00000 1471.48720  24.9%  1715 2126s
  2297  2361 1406.79674  251 3189 1178.00000 1471.48720  24.9%  1649 2180s
  2491  2504 1404.23854  273 3028 1178.00000 1471.48720  24.9%  1589 2240s
  2646  2694 1400.06825  282 3093 1178.00000 1471.48720  24.9%  1563 2310s
  2836  2857 1397.90021  307 2936 1178.00000 1471.48720  24.9%  1522 2363s
  3001  3137 1395.89209  332 2875 1178.00000 1471.48720  24.9%  1485 2425s
  3281  3380 1386.56893  379 2464 1178.00000 1471.48720  24.9%  1419 2493s
  3540  3580 1389.87215  415 2614 1178.00000 1471.48720  24.9%  1373 2560s
  3740  3791 1384.16636  436 2563 1178.00000 1471.48720  24.9%  1358 2628s
H 3762  3791                    1179.0000000 1471.48720  24.8%  1354 2628s
  3951  4080 1376.70036  468 2502 1179.00000 1471.48720  24.8%  1331 2708s
  4240  4450 1374.11840  508 2395 1179.00000 1471.48720  24.8%  1284 2806s
  4642  4689 1364.79597  574 2192 1179.00000 1471.48720  24.8%  1234 2877s
H 4780  4689                    1180.0000000 1471.48720  24.7%  1228 2877s
  4884  4690 1389.01717  380 3009 1180.00000 1471.48720  24.7%  1212 3005s
H 4885  4456                    1181.0000000 1471.48720  24.6%  1212 3063s
  4887  4457 1443.55173   57 2432 1181.00000 1471.48720  24.6%  1211 3099s
  4888  4458 1420.79949   14 2425 1181.00000 1471.48720  24.6%  1211 3101s
  4891  4460 1314.66794  723 2253 1181.00000 1471.48720  24.6%  1210 3105s
  4894  4462 1300.62232   70 2296 1181.00000 1471.48720  24.6%  1210 3110s
  4896  4463 1403.85102  215 2338 1181.00000 1471.48720  24.6%  1209 3115s
  4898  4464 1379.85610  295 2555 1181.00000 1471.48720  24.6%  1209 3121s
  4900  4466 1330.13954  663 2670 1181.00000 1471.48720  24.6%  1208 3130s
  4902  4467 1455.72657   25 2701 1181.00000 1471.48720  24.6%  1208 3140s
  4903  4468 1404.52605  212 2962 1181.00000 1471.48720  24.6%  1207 3145s
  4904  4468 1398.49073  188 2992 1181.00000 1471.48720  24.6%  1207 3150s
  4905  4469 1417.99783  122 3075 1181.00000 1471.48720  24.6%  1207 3157s
  4906  4470 1333.51745  625 3067 1181.00000 1471.48720  24.6%  1207 3163s
  4907  4470 1371.05070  522 3227 1181.00000 1471.48720  24.6%  1206 3169s
  4908  4471 1355.03373  592 3246 1181.00000 1471.48720  24.6%  1206 3178s
  4909  4472 1370.90714  355 3435 1181.00000 1471.48720  24.6%  1206 3184s
  4910  4472 1381.73514  214 3398 1181.00000 1471.10629  24.6%  1206 3191s
  4911  4473 1390.76591  407 3493 1181.00000 1469.73659  24.4%  1205 3198s
  4912  4474 1431.74333  134 3559 1181.00000 1468.72896  24.4%  1205 3205s
  4913  4474 1391.83769  323 3658 1181.00000 1468.08842  24.3%  1205 3210s
  4914  4475 1255.56524  839 3708 1181.00000 1467.79175  24.3%  1205 3215s
  4916  4476 1368.23002  384 3803 1181.00000 1467.44643  24.3%  1204 3222s
  4918  4478 1362.42756  462 3839 1181.00000 1467.34714  24.2%  1204 3225s
  4920  4479 1394.07849  369 3855 1181.00000 1467.27558  24.2%  1203 3230s
  4921  4480 1334.69812  179 3486 1181.00000 1463.27014  23.9%  1203 3246s
  4922  4480 1370.82076  526 3459 1181.00000 1460.62133  23.7%  1203 3255s
  4923  4481 1390.66129  345 3499 1181.00000 1459.08921  23.5%  1202 3261s
  4924  4482 1403.92174  179 3488 1181.00000 1457.78518  23.4%  1202 3268s
  4925  4482 1370.38165  370 3539 1181.00000 1456.97400  23.4%  1202 3274s
  4926  4483 1430.12683  107 3596 1181.00000 1456.21443  23.3%  1202 3280s
  4927  4484 1336.96533  176 3676 1181.00000 1455.54312  23.2%  1201 3287s
  4928  4484 1364.24207   59 3742 1181.00000 1454.88886  23.2%  1201 3294s
  4929  4485 1368.02601  394 3754 1181.00000 1454.35420  23.1%  1201 3303s
  4930  4486 1412.32513  184 3861 1181.00000 1453.87525  23.1%  1201 3312s
  4931  4486 1453.50959   30 3899 1181.00000 1453.50959  23.1%  1200 3319s
  4932  4487 1367.31100  396 3844 1181.00000 1452.80230  23.0%  1200 3329s
  4933  4488 1348.95899    9 3940 1181.00000 1452.37454  23.0%  1200 3337s
  4934  4488 1396.12528  206 3952 1181.00000 1451.91125  22.9%  1200 3345s
  4935  4489 1399.92481  284 3997 1181.00000 1451.51139  22.9%  1200 3353s
  4936  4490 1356.80905  580 3986 1181.00000 1451.36112  22.9%  1199 3358s
  4937  4490 1253.15450  864 4119 1181.00000 1451.21747  22.9%  1199 3364s
  4938  4491 1359.91984   76 4068 1181.00000 1451.15469  22.9%  1199 3366s
  4940  4492 1378.66067   56 4119 1181.00000 1451.03823  22.9%  1198 3371s
  4941  4493 1413.82673  176 4122 1181.00000 1451.00627  22.9%  1198 3376s
  4942  4494 1242.56291  939 3889 1181.00000 1448.69475  22.7%  1198 3396s
  4943  4494 1387.70909  336 3884 1181.00000 1447.45600  22.6%  1198 3407s
  4944  4495 1409.34914  224 3861 1181.00000 1446.58898  22.5%  1197 3417s
  4945  4496 1347.44030   92 3912 1181.00000 1445.96660  22.4%  1197 3427s
  4946  4496 1400.16447  251 3898 1181.00000 1445.51899  22.4%  1197 3436s
  4947  4497 1376.27636  136 3967 1181.00000 1445.16867  22.4%  1197 3445s
  4948  4498 1384.71684  435 4041 1181.00000 1444.84200  22.3%  1196 3454s
  4949  4498 1378.80255  299 3984 1181.00000 1444.31534  22.3%  1196 3464s
  4950  4499 1443.94534   56 4100 1181.00000 1443.94534  22.3%  1196 3473s
  4951  4500 1382.26270  368 4203 1181.00000 1443.67755  22.2%  1196 3482s
  4952  4500 1341.49778  107 4170 1181.00000 1443.47525  22.2%  1195 3488s
  4953  4501 1334.47551  622 4148 1181.00000 1443.35901  22.2%  1195 3494s
  4954  4502 1386.74790  263 4210 1181.00000 1443.28064  22.2%  1195 3498s
  4955  4502 1371.01452  523 4180 1181.00000 1443.21427  22.2%  1195 3502s
  4956  4503 1398.78422  292 4169 1181.00000 1443.15641  22.2%  1194 3506s
  4958  4504 1382.79693   24 4229 1181.00000 1443.08759  22.2%  1194 3515s
  4959  4505 1375.40811  269 4089 1181.00000 1441.48753  22.1%  1194 3536s
  4960  4506 1363.74574  451 4092 1181.00000 1440.70244  22.0%  1193 3547s
  4961  4506 1379.87452  294 4108 1181.00000 1440.21835  21.9%  1193 3558s
  4962  4507 1370.88856  414 4142 1181.00000 1439.82198  21.9%  1193 3567s
  4963  4508 1359.11734  583 4180 1181.00000 1439.52669  21.9%  1193 3577s
  4964  4508 1385.44418  430 4210 1181.00000 1439.28910  21.9%  1193 3586s
  4965  4509 1376.24437  323 4262 1181.00000 1438.89350  21.8%  1192 3598s

Cutting planes:
  Gomory: 1
  Cover: 193
  Implied bound: 117
  MIR: 611
  StrongCG: 14
  Flow cover: 1097
  GUB cover: 1336
  Zero half: 16
  Mod-K: 1
  RLT: 1912
  Relax-and-lift: 25

Explored 4965 nodes (6291722 simplex iterations) in 3600.03 seconds (6318.46 work units)
Thread count was 8 (of 8 available processors)

Solution count 10: 1181 1180 1179 ... 1163

Time limit reached
Best objective 1.181000000000e+03, best bound 1.438000000000e+03, gap 21.7612%
