
Gurobi 9.5.1 (linux64) logging started Mon Jul  4 23:43:50 2022

Set parameter LogFile to value "../results/logs/log_com-dblp.ungraph_20_20_2022_07_04_17_11.log"
Gurobi Optimizer version 9.5.1 build v9.5.1rc2 (linux64)
Thread count: 8 physical cores, 8 logical processors, using up to 8 threads
Optimize a model with 57994 rows, 634160 columns and 1528962 nonzeros
Model fingerprint: 0x87fc07cf
Variable types: 0 continuous, 634160 integer (634160 binary)
Coefficient statistics:
  Matrix range     [1e+00, 2e+01]
  Objective range  [1e+00, 1e+00]
  Bounds range     [1e+00, 1e+00]
  RHS range        [1e+00, 2e+01]
Found heuristic solution: objective 3066.0000000
Presolve removed 217 rows and 528161 columns
Presolve time: 3.58s
Presolved: 57777 rows, 105999 columns, 758160 nonzeros
Variable types: 0 continuous, 105999 integer (85640 binary)
Found heuristic solution: objective 3067.0000000

Deterministic concurrent LP optimizer: primal and dual simplex
Showing first log only...


Root simplex log...

Iteration    Objective       Primal Inf.    Dual Inf.      Time
    8206    3.1578126e+03   0.000000e+00   6.390933e+03      5s
   11539    3.3879734e+03   0.000000e+00   2.428738e+10     10s
   12748    3.4613496e+03   0.000000e+00   2.112709e+09     15s
   13852    3.7769752e+03   0.000000e+00   2.870284e+03     21s
   14330    3.9608446e+03   0.000000e+00   2.634027e+05     26s
   14808    4.1920970e+03   0.000000e+00   3.723103e+04     30s
   15377    4.4620913e+03   0.000000e+00   4.281855e+06     38s
   15616    4.5609308e+03   0.000000e+00   4.208862e+07     41s
   16094    4.7583096e+03   0.000000e+00   9.129970e+07     48s
   16333    4.8679412e+03   0.000000e+00   2.020353e+04     53s
   16572    4.9666206e+03   0.000000e+00   5.587275e+07     57s
   16811    5.0522271e+03   0.000000e+00   1.729968e+03     62s
   17050    5.1566244e+03   0.000000e+00   2.743561e+06     68s
   17289    5.2431310e+03   0.000000e+00   5.509567e+06     74s
   17528    5.3159634e+03   0.000000e+00   1.284552e+03     80s
   17767    5.4075539e+03   0.000000e+00   6.377738e+06     87s
   18006    5.4941195e+03   0.000000e+00   5.627479e+06     95s
   18245    5.5738404e+03   0.000000e+00   1.330108e+06    102s
   18484    5.6445227e+03   0.000000e+00   8.540866e+02    110s
   18723    5.7202681e+03   0.000000e+00   8.921377e+07    120s
   18962    5.7873966e+03   0.000000e+00   8.015204e+07    130s
   19201    5.8586192e+03   0.000000e+00   7.891324e+04    140s
   19440    5.9303770e+03   0.000000e+00   2.021361e+06    151s
   19679    6.0186690e+03   0.000000e+00   3.252935e+02    162s
   19918    6.0855373e+03   0.000000e+00   1.592725e+05    174s
   20157    6.1587422e+03   0.000000e+00   6.921286e+04    186s
   20397    6.2097374e+03   0.000000e+00   1.038796e+02    199s
   20504    6.2231884e+03   2.251760e-01   0.000000e+00    205s
   20519    6.2231783e+03   0.000000e+00   0.000000e+00    208s
   20519    6.2231783e+03   0.000000e+00   0.000000e+00    210s
Concurrent spin time: 0.01s

Solved with primal simplex

Root relaxation: objective 6.223178e+03, 20519 iterations, 205.93 seconds (523.60 work units)
Total elapsed time = 212.35s

    Nodes    |    Current Node    |     Objective Bounds      |     Work
 Expl Unexpl |  Obj  Depth IntInf | Incumbent    BestBd   Gap | It/Node Time

     0     0 6223.17829    0 13724 3067.00000 6223.17829   103%     -  218s
     0     0 5253.82906    0 13499 3067.00000 5253.82906  71.3%     -  494s
H    0     0                    3116.0000000 5253.82906  68.6%     -  630s
     0     0 4648.86966    0 13503 3116.00000 4648.86966  49.2%     -  696s
     0     0 4267.16025    0 13447 3116.00000 4267.16025  36.9%     -  759s
     0     0 4037.20357    0 13252 3116.00000 4037.20357  29.6%     -  816s
     0     0 3893.59322    0 12997 3116.00000 3893.59322  25.0%     -  866s
     0     0 3797.78655    0 12652 3116.00000 3797.78655  21.9%     -  925s
     0     0 3727.04069    0 12295 3116.00000 3727.04069  19.6%     -  979s
     0     0 3685.25421    0 11950 3116.00000 3685.25421  18.3%     - 1024s
     0     0 3659.87889    0 11523 3116.00000 3659.87889  17.5%     - 1062s
     0     0 3641.83538    0 11090 3116.00000 3641.83538  16.9%     - 1099s
     0     0 3630.65713    0 10482 3116.00000 3630.65713  16.5%     - 1130s
     0     0 3621.53896    0 9819 3116.00000 3621.53896  16.2%     - 1159s
     0     0 3605.69842    0 8978 3116.00000 3605.69842  15.7%     - 1186s
     0     0 3588.88660    0 8591 3116.00000 3588.88660  15.2%     - 1207s
     0     0 3586.86384    0 8320 3116.00000 3586.86384  15.1%     - 1218s
     0     0 3586.14788    0 7853 3116.00000 3586.14788  15.1%     - 1225s
     0     0 3585.89024    0 7884 3116.00000 3585.89024  15.1%     - 1228s
     0     0 3585.82139    0 7939 3116.00000 3585.82139  15.1%     - 1230s
     0     0 3469.47039    0 6500 3116.00000 3469.47039  11.3%     - 1461s
     0     0 3434.11319    0 6952 3116.00000 3434.11319  10.2%     - 1493s
     0     0 3419.90979    0 6827 3116.00000 3419.90979  9.75%     - 1517s
     0     0 3404.68962    0 6842 3116.00000 3404.68962  9.26%     - 1550s
     0     0 3393.60898    0 6227 3116.00000 3393.60898  8.91%     - 1579s
     0     0 3390.92703    0 6218 3116.00000 3390.92703  8.82%     - 1593s
     0     0 3390.26386    0 5951 3116.00000 3390.26386  8.80%     - 1600s
     0     0 3371.53400    0 7219 3116.00000 3371.53400  8.20%     - 1789s
H    0     0                    3121.0000000 3371.53400  8.03%     - 1990s
     0     0 3356.21015    0 7574 3121.00000 3356.21015  7.54%     - 2047s
     0     0 3350.39633    0 8117 3121.00000 3350.39633  7.35%     - 2082s
     0     0 3345.46212    0 8322 3121.00000 3345.46212  7.19%     - 2124s
     0     0 3342.29185    0 8585 3121.00000 3342.29185  7.09%     - 2164s
     0     0 3339.02863    0 7927 3121.00000 3339.02863  6.99%     - 2209s
     0     0 3337.33460    0 8209 3121.00000 3337.33460  6.93%     - 2243s
     0     0 3329.50767    0 8285 3121.00000 3329.50767  6.68%     - 2480s
     0     0 3324.16350    0 8525 3121.00000 3324.16350  6.51%     - 2590s
     0     0 3321.20001    0 8756 3121.00000 3321.20001  6.41%     - 2644s
     0     0 3319.10086    0 9148 3121.00000 3319.10086  6.35%     - 2696s
     0     0 3317.42949    0 8948 3121.00000 3317.42949  6.29%     - 2745s
     0     0 3314.61541    0 8844 3121.00000 3314.61541  6.20%     - 2807s
     0     0 3314.61541    0 8844 3121.00000 3314.61541  6.20%     - 2846s
     0     2 3310.50562    0 8844 3121.00000 3310.50562  6.07%     - 3600s

Cutting planes:
  Lift-and-project: 3
  Cover: 398
  Implied bound: 603
  MIR: 4735
  StrongCG: 150
  GUB cover: 1892
  Zero half: 2
  RLT: 3268

Explored 1 nodes (112713 simplex iterations) in 3600.14 seconds (8701.07 work units)
Thread count was 8 (of 8 available processors)

Solution count 4: 3121 3116 3067 3066 

Time limit reached
Best objective 3.121000000000e+03, best bound 3.310000000000e+03, gap 6.0558%
