
Gurobi 9.5.0 (win64) logging started Fri May 13 18:37:25 2022

Set parameter LogFile to value "../results/logs/log_ca-sandi_auths_3_1_2022_05_13_18_37.log"
Set parameter LazyConstraints to value 1
Gurobi Optimizer version 9.5.0 build v9.5.0rc5 (win64)
Thread count: 6 physical cores, 12 logical processors, using up to 12 threads
Optimize a model with 2 rows, 0 columns and 0 nonzeros
Model fingerprint: 0xbc2425c5
Coefficient statistics:
  Matrix range     [0e+00, 0e+00]
  Objective range  [0e+00, 0e+00]
  Bounds range     [0e+00, 0e+00]
  RHS range        [1e+00, 1e+00]
Presolve removed 1 rows and 0 columns
Presolve time: 0.00s

Solved in 0 iterations and 0.00 seconds (0.00 work units)
Infeasible model

User-callback calls 15, time in user-callback 0.00 sec

Gurobi 9.5.0 (win64) logging started Fri May 13 18:37:32 2022

Set parameter LogFile to value "../results/logs/log_ca-sandi_auths_3_1_2022_05_13_18_37.log"
Set parameter LazyConstraints to value 1
Gurobi Optimizer version 9.5.0 build v9.5.0rc5 (win64)
Thread count: 6 physical cores, 12 logical processors, using up to 12 threads
Optimize a model with 2 rows, 0 columns and 0 nonzeros
Model fingerprint: 0xbc2425c5
Coefficient statistics:
  Matrix range     [0e+00, 0e+00]
  Objective range  [0e+00, 0e+00]
  Bounds range     [0e+00, 0e+00]
  RHS range        [1e+00, 1e+00]
Presolve removed 1 rows and 0 columns
Presolve time: 0.00s

Solved in 0 iterations and 0.00 seconds (0.00 work units)
Infeasible model

User-callback calls 15, time in user-callback 0.00 sec
