
Gurobi 9.5.1 (linux64) logging started Sun Mar 20 11:38:17 2022

Set parameter LogFile to value "../results/logs/log_2022_03_20_10_37.csv_46_250.log"
Set parameter LazyConstraints to value 1
Gurobi Optimizer version 9.5.1 build v9.5.1rc2 (linux64)
Thread count: 8 physical cores, 8 logical processors, using up to 8 threads
Optimize a model with 2835 rows, 27306 columns and 171988 nonzeros
Model fingerprint: 0x01ad070c
Variable types: 0 continuous, 27306 integer (27306 binary)
Coefficient statistics:
  Matrix range     [1e+00, 5e+01]
  Objective range  [1e+00, 1e+00]
  Bounds range     [1e+00, 1e+00]
  RHS range        [1e+00, 2e+02]
Found heuristic solution: objective 6985.0000000
Presolve removed 0 rows and 19221 columns
Presolve time: 0.05s
Presolved: 2835 rows, 8085 columns, 58719 nonzeros
Variable types: 0 continuous, 8085 integer (8085 binary)
Found heuristic solution: objective 7064.0000000

Root relaxation: objective 8.180756e+03, 2767 iterations, 0.04 seconds (0.08 work units)

    Nodes    |    Current Node    |     Objective Bounds      |     Work
 Expl Unexpl |  Obj  Depth IntInf | Incumbent    BestBd   Gap | It/Node Time

     0     0 8180.75586    0 1216 7064.00000 8180.75586  15.8%     -    0s
H    0     0                    7526.0000000 8180.75586  8.70%     -    0s
H    0     0                    7737.0000000 8180.75586  5.74%     -    0s
     0     0 8048.78079    0 1680 7737.00000 8048.78079  4.03%     -    0s
     0     0 8038.84924    0 1658 7737.00000 8038.84924  3.90%     -    1s
     0     0 8038.10188    0 1680 7737.00000 8038.10188  3.89%     -    2s
     0     0 8038.05400    0 1692 7737.00000 8038.05400  3.89%     -    2s
     0     0 7973.26703    0 1730 7737.00000 7973.26703  3.05%     -    5s
     0     0 7963.62562    0 1794 7737.00000 7963.62562  2.93%     -    6s
     0     0 7962.39403    0 1874 7737.00000 7962.39403  2.91%     -    8s
     0     0 7962.12195    0 1878 7737.00000 7962.12195  2.91%     -    9s
     0     0 7962.09177    0 1901 7737.00000 7962.09177  2.91%     -    9s
     0     0 7940.77351    0 1965 7737.00000 7940.77351  2.63%     -   14s
     0     0 7934.25218    0 2051 7737.00000 7934.25218  2.55%     -   18s
     0     0 7933.18874    0 2123 7737.00000 7933.18874  2.54%     -   20s
     0     0 7932.93908    0 2152 7737.00000 7932.93908  2.53%     -   21s
     0     0 7918.54918    0 2071 7737.00000 7918.54918  2.35%     -   27s
     0     0 7913.50551    0 2233 7737.00000 7913.50551  2.28%     -   32s
     0     0 7912.13506    0 2297 7737.00000 7912.13506  2.26%     -   35s
     0     0 7911.75389    0 2301 7737.00000 7911.75389  2.26%     -   38s
     0     0 7901.98839    0 2182 7737.00000 7901.98839  2.13%     -   44s
     0     0 7898.44867    0 2394 7737.00000 7898.44867  2.09%     -   50s
     0     0 7897.34423    0 2373 7737.00000 7897.34423  2.07%     -   54s
     0     0 7897.01440    0 2486 7737.00000 7897.01440  2.07%     -   57s
     0     0 7889.29404    0 2368 7737.00000 7889.29404  1.97%     -   65s
     0     0 7885.94724    0 2413 7737.00000 7885.94724  1.93%     -   72s
     0     0 7885.01118    0 2563 7737.00000 7885.01118  1.91%     -   76s
     0     0 7884.63238    0 2619 7737.00000 7884.63238  1.91%     -   79s
     0     0 7877.81411    0 2519 7737.00000 7877.81411  1.82%     -   88s
     0     0 7875.87090    0 2519 7737.00000 7875.87090  1.79%     -   93s
     0     0 7875.30276    0 2642 7737.00000 7875.30276  1.79%     -   98s
     0     0 7870.78805    0 2506 7737.00000 7870.78805  1.73%     -  106s
     0     0 7869.51838    0 2663 7737.00000 7869.51838  1.71%     -  113s
     0     2 7868.98571    0 2740 7737.00000 7868.98571  1.71%     -  129s
     1     4 7864.82408    1 2628 7737.00000 7868.98351  1.71%  9566  140s
     3     8 7861.46554    2 2764 7737.00000 7864.82305  1.65% 10081  164s
     5     8 7860.20044    2 2733 7737.00000 7864.37093  1.65% 12232  165s
     7    16 7858.35081    3 2866 7737.00000 7861.46498  1.61% 12637  202s
    15    24 7854.97641    4 3008 7737.00000 7858.35052  1.57% 13665  247s
    23    32 7850.57210    4 2889 7737.00000 7857.35318  1.56% 15927  306s
    31    40 7848.45399    5 3132 7737.00000 7854.97585  1.52% 18231  370s
    39    48 7844.71635    5 2999 7737.00000 7852.80786  1.50% 18272  430s
    47    56 7843.04879    6 3005 7737.00000 7850.57204  1.47% 18975  499s
    55    64 7840.52932    6 2932 7737.00000 7850.57204  1.47% 18913  689s
    57    64 7835.75119    6 2890 7737.00000 7850.57204  1.47% 19282  690s
    63    72 7839.53210    7 2902 7737.00000 7850.57204  1.47% 19680  805s
    71    80 7837.80288    8 2979 7737.00000 7850.57204  1.47% 19565  908s
    79    88 7836.52811    9 3047 7737.00000 7850.57204  1.47% 19614 1011s
    87    96 7835.52232   10 3005 7737.00000 7850.57204  1.47% 19588 1076s
    95   104 7834.53062   11 3050 7737.00000 7850.57204  1.47% 19528 1174s
    96   104 7830.10292   11 2946 7737.00000 7850.57204  1.47% 19482 1175s
   103   112 7832.28843   11 2958 7737.00000 7850.57204  1.47% 19445 1279s
   105   112 7827.71359   11 2973 7737.00000 7850.57204  1.47% 19594 1281s
   111   120 7833.26974   12 3078 7737.00000 7850.57204  1.47% 19870 1674s
   114   120 7827.63535    9 3101 7737.00000 7850.57204  1.47% 19679 1676s
   119   128 7832.62528   13 3075 7737.00000 7850.57204  1.47% 19988 1734s
   120   128 7827.74705   13 2970 7737.00000 7850.57204  1.47% 19937 1735s
   127   137 7832.00672   14 3070 7737.00000 7850.57204  1.47% 19767 1794s
   128   137 7827.04761   14 3043 7737.00000 7850.57204  1.47% 19719 1795s
   136   147 7831.33958   15 3057 7737.00000 7850.57204  1.47% 19340 1852s
   141   147 7813.21381    9 2856 7737.00000 7850.57204  1.47% 19042 1855s
   146   158 7830.12753   16 2927 7737.00000 7850.57204  1.47% 18804 1957s
   157   169 7830.18208   16 2960 7737.00000 7850.57204  1.47% 18083 2026s
   168   179 7828.11235   17 2942 7737.00000 7850.57204  1.47% 17720 2102s
   178   190 7828.61955   17 2915 7737.00000 7850.57204  1.47% 17267 2204s
   181   190 7819.94906   13 2989 7737.00000 7850.57204  1.47% 17291 2205s
   189   203 7828.10281   18 2978 7737.00000 7850.57204  1.47% 16944 2297s
   196   203 7802.14643   29 2806 7737.00000 7850.57204  1.47% 16916 2301s
   202   211 7827.48673   19 2980 7737.00000 7850.57204  1.47% 16582 2428s
   207   211 7804.94469   15 2800 7737.00000 7850.57204  1.47% 16755 2431s
   210   225 7826.89887   20 3038 7737.00000 7850.57204  1.47% 16798 2530s
   224   239 7826.40330   21 2996 7737.00000 7850.57204  1.47% 16446 2674s
   226   239 7821.72480   21 2869 7737.00000 7850.57204  1.47% 16353 2675s
   238   259 7824.41969   22 2946 7737.00000 7850.57204  1.47% 16181 2789s
   244   259 7818.13469   17 2992 7737.00000 7850.57204  1.47% 16108 2793s
   258   276 7825.14818   23 2972 7737.00000 7850.57204  1.47% 15663 2908s
   263   276 7817.53165   18 3015 7737.00000 7850.57204  1.47% 15542 2911s
   275   300 7824.89833   24 2951 7737.00000 7850.57204  1.47% 15198 3038s
   281   300 7816.41630   18 2795 7737.00000 7850.57204  1.47% 15194 3041s
   299   326 7824.33873   25 2936 7737.00000 7850.57204  1.47% 14684 3222s
   325   347 7823.92443   26 3039 7737.00000 7850.57204  1.47% 14133 3382s
   329   347 7813.62832   26 2852 7737.00000 7850.57204  1.47% 14124 3385s
   346   372 7823.55765   27 2966 7737.00000 7850.57204  1.47% 13856 3542s
   351   372 7812.98818   27 2910 7737.00000 7850.57204  1.47% 13760 3545s

Cutting planes:
  Gomory: 223
  Cover: 743
  Clique: 19
  MIR: 1887
  StrongCG: 343
  GUB cover: 1904
  Zero half: 29
  RLT: 1387
  Lazy constraints: 402

Explored 371 nodes (5089968 simplex iterations) in 3600.01 seconds (6796.39 work units)
Thread count was 8 (of 8 available processors)

Solution count 4: 7737 7526 7064 6985 

Time limit reached
Best objective 7.737000000000e+03, best bound 7.850000000000e+03, gap 1.4605%

User-callback calls 585957, time in user-callback 241.44 sec

Gurobi 9.5.1 (linux64) logging started Sun Mar 20 14:12:41 2022

Set parameter LogFile to value "../results/logs/log_2022_03_20_10_37.csv_46_250.log"
Set parameter LazyConstraints to value 1
Gurobi Optimizer version 9.5.1 build v9.5.1rc2 (linux64)
Thread count: 8 physical cores, 8 logical processors, using up to 8 threads
Optimize a model with 7113 rows, 27306 columns and 184822 nonzeros
Model fingerprint: 0x32f49412
Variable types: 13653 continuous, 13653 integer (13653 binary)
Coefficient statistics:
  Matrix range     [1e+00, 5e+01]
  Objective range  [1e+00, 1e+00]
  Bounds range     [1e+00, 1e+00]
  RHS range        [1e+00, 2e+02]
Found heuristic solution: objective 6985.0000000
Presolve removed 2884 rows and 19426 columns
Presolve time: 0.13s
Presolved: 4229 rows, 7880 columns, 61900 nonzeros
Extracted 1396 lazy constraints
Variable types: 6463 continuous, 1417 integer (1417 binary)

Root relaxation: objective 8.190284e+03, 7077 iterations, 0.54 seconds (0.87 work units)

    Nodes    |    Current Node    |     Objective Bounds      |     Work
 Expl Unexpl |  Obj  Depth IntInf | Incumbent    BestBd   Gap | It/Node Time

     0     0 8190.28426    0  585 6985.00000 8190.28426  17.3%     -    0s
H    0     0                    7011.0000000 8190.28426  16.8%     -    0s
     0     0 8038.36243    0  486 7011.00000 8038.36243  14.7%     -    1s
     0     0 8014.44398    0  571 7011.00000 8014.44398  14.3%     -    2s
     0     0 8013.24192    0  580 7011.00000 8013.24192  14.3%     -    3s
     0     0 8013.19366    0  578 7011.00000 8013.19366  14.3%     -    3s
     0     0 7976.18097    0  611 7011.00000 7976.18097  13.8%     -    6s
     0     0 7970.52616    0  629 7011.00000 7970.52616  13.7%     -    7s
     0     0 7969.62641    0  628 7011.00000 7969.62641  13.7%     -    8s
     0     0 7969.40163    0  626 7011.00000 7969.40163  13.7%     -    9s
     0     0 7953.57764    0  644 7011.00000 7953.57764  13.4%     -   12s
     0     0 7949.49099    0  659 7011.00000 7949.49099  13.4%     -   17s
     0     0 7948.59331    0  672 7011.00000 7948.59331  13.4%     -   19s
     0     0 7948.41179    0  666 7011.00000 7948.41179  13.4%     -   20s
     0     0 7937.35523    0  664 7011.00000 7937.35523  13.2%     -   24s
     0     0 7934.57101    0  690 7011.00000 7934.57101  13.2%     -   26s
     0     0 7933.80340    0  697 7011.00000 7933.80340  13.2%     -   28s
     0     0 7933.61866    0  695 7011.00000 7933.61866  13.2%     -   29s
     0     0 7925.11025    0  668 7011.00000 7925.11025  13.0%     -   34s
     0     0 7922.86771    0  686 7011.00000 7922.86771  13.0%     -   40s
     0     0 7922.10934    0  717 7011.00000 7922.10934  13.0%     -   42s
     0     0 7921.87006    0  707 7011.00000 7921.87006  13.0%     -   43s
     0     0 7916.00109    0  651 7011.00000 7916.00109  12.9%     -   48s
     0     0 7914.14503    0  701 7011.00000 7914.14503  12.9%     -   52s
     0     0 7913.67315    0  702 7011.00000 7913.67315  12.9%     -   54s
     0     0 7908.93391    0  707 7011.00000 7908.93391  12.8%     -   60s
     0     0 7907.53146    0  733 7011.00000 7907.53146  12.8%     -   63s
     0     0 7907.04142    0  744 7011.00000 7907.04142  12.8%     -   65s
     0     0 7903.37781    0  700 7011.00000 7903.37781  12.7%     -   71s
     0     0 7902.42720    0  716 7011.00000 7902.42720  12.7%     -   76s
H    0     2                    7033.0000000 7902.42720  12.4%     -   88s
     0     2 7902.06268    0  726 7033.00000 7902.06268  12.4%     -   88s
     1     4 7899.42675    1  726 7033.00000 7902.06243  12.4%  7495   96s
     3     8 7897.17220    2  763 7033.00000 7899.42671  12.3%  7593  107s
     7    16 7894.56963    3  773 7033.00000 7897.17103  12.3%  7875  138s
    12    16 7893.61584    3  762 7033.00000 7896.24012  12.3%  9405  140s
    15    24 7892.19374    4  787 7033.00000 7894.56930  12.3%  9728  166s
    23    32 7889.87278    4  760 7033.00000 7894.26908  12.2% 11206  254s
    24    32 7888.72665    4  766 7033.00000 7894.26908  12.2% 11509  255s
    31    40 7887.21788    5  775 7033.00000 7892.78046  12.2% 12573  304s
H   32    40                    7058.0000000 7892.78046  11.8% 12180  305s
H   35    40                    7227.0000000 7892.78046  9.21% 12406  306s
    39    48 7884.76664    5  784 7227.00000 7892.78046  9.21% 13034  352s
    47    56 7882.84021    6  792 7227.00000 7892.78046  9.21% 14083  395s
    55    64 7881.01135    6  783 7227.00000 7892.78046  9.21% 13948  441s
    63    72 7879.85456    7  772 7227.00000 7892.78046  9.21% 14377  771s
    71    80 7879.11199    7  765 7227.00000 7892.78046  9.21% 14177  826s
    79    88 7876.90902    8  786 7227.00000 7892.78046  9.21% 14389  870s
    87    96 7876.41684    8  787 7227.00000 7892.78046  9.21% 14142  919s
    90    96 7872.44559    6  795 7227.00000 7892.78046  9.21% 14130  920s
    95   104 7875.16475    9  779 7227.00000 7892.78046  9.21% 14040  972s
   103   112 7874.10418   10  792 7227.00000 7892.78046  9.21% 14297 1018s
   107   112 7874.42145    7  792 7227.00000 7892.78046  9.21% 14355 1020s
   111   120 7873.17459   11  762 7227.00000 7892.78046  9.21% 14277 1072s
H  113   120                    7248.0000000 7892.78046  8.90% 14094 1073s
H  114   120                    7270.0000000 7892.78046  8.57% 14034 1074s
   116   120 7873.70453    7  801 7270.00000 7892.78046  8.57% 14097 1075s
   119   130 7871.64601   11  765 7270.00000 7892.78046  8.57% 13954 1113s
   129   140 7870.70823   12  757 7270.00000 7892.78046  8.57% 13463 1159s
   132   140 7868.77191    8  801 7270.00000 7892.78046  8.57% 13503 1160s
   139   151 7869.90107   13  799 7270.00000 7892.78046  8.57% 13282 1207s
   144   151 7869.12013    7  808 7270.00000 7892.78046  8.57% 13056 1210s
   150   159 7868.94127   15  793 7270.00000 7892.78046  8.57% 12864 1260s
   158   172 7867.69596   16  807 7270.00000 7892.78046  8.57% 12642 1307s
   171   180 7867.52877   16  782 7270.00000 7892.78046  8.57% 12181 1386s
   179   198 7866.63746   17  771 7270.00000 7892.78046  8.57% 12331 1441s
   186   198 7864.53382   11  800 7270.00000 7892.78046  8.57% 12103 1445s
   197   206 7865.37567   20  794 7270.00000 7892.78046  8.57% 11831 1505s
   205   225 7864.89832   20  790 7270.00000 7892.78046  8.57% 11696 1572s
   224   242 7863.80813   22  767 7270.00000 7892.78046  8.57% 11380 1644s
   226   242 7862.05016   21  761 7270.00000 7892.78046  8.57% 11355 1645s
H  241   250                    7470.0000000 7892.78046  5.66% 11006 1766s
   249   269 7862.46314   23  770 7470.00000 7892.78046  5.66% 11044 1834s
   256   269 7860.27208   14  792 7470.00000 7892.78046  5.66% 10902 1838s
   268   292 7861.70762   25  760 7470.00000 7892.78046  5.66% 10657 1920s
   277   292 7859.97428   15  793 7470.00000 7892.78046  5.66% 10463 1925s
H  291   300                    7541.0000000 7892.78046  4.66% 10198 2057s
H  293   300                    7544.0000000 7892.78046  4.62% 10192 2058s
   299   322 7860.30041   29  783 7544.00000 7892.78046  4.62% 10251 2136s
   309   322 7865.45749   18  783 7544.00000 7892.78046  4.62% 10163 2142s
   321   345 7859.72306   30  766 7544.00000 7892.78046  4.62%  9931 2229s
   332   345 7864.93893   21  778 7544.00000 7892.78046  4.62%  9784 2235s
   344   372 7859.12513   31  761 7544.00000 7892.78046  4.62%  9645 2319s
   355   372 7864.80054   21  780 7544.00000 7892.78046  4.62%  9594 2325s
   371   391 7858.01149   32  759 7544.00000 7892.78046  4.62%  9421 2419s
   375   391 7863.37156   34  752 7544.00000 7892.78046  4.62%  9422 2421s
   390   415 7857.58564   33  770 7544.00000 7892.78046  4.62%  9365 2541s
   398   415 7863.25854   22  775 7544.00000 7892.78046  4.62%  9347 2545s
   414   444 7857.02794   34  763 7544.00000 7892.78046  4.62%  9188 2644s
   424   444 7862.68075   22  772 7544.00000 7892.78046  4.62%  9263 2650s
   443   460 7856.60793   35  781 7544.00000 7892.78046  4.62%  9050 2814s
   445   460 7861.34424   37  762 7544.00000 7892.78046  4.62%  9123 2815s
   459   491 7855.78826   36  752 7544.00000 7892.78046  4.62%  9149 2920s
   469   491 7860.85662   23  747 7544.00000 7892.78046  4.62%  9142 2925s
   490   524 7854.59165   37  740 7544.00000 7892.78046  4.62%  8866 3035s
   500   524 7861.38360   23  760 7544.00000 7892.78046  4.62%  8874 3040s
   523   560 7854.42198   38  735 7544.00000 7892.78046  4.62%  8595 3162s
   529   560 7859.29314   39  754 7544.00000 7892.78046  4.62%  8564 3166s
   559   597 7853.63875   40  760 7544.00000 7892.78046  4.62%  8302 3282s
   570   597 7859.28298   27  790 7544.00000 7892.78046  4.62%  8273 3288s
   596   635 7852.11945   42  746 7544.00000 7892.78046  4.62%  8026 3416s
   605   635 7858.59718   27  735 7544.00000 7892.78046  4.62%  8031 3420s
   634   674 7851.25426   44  762 7544.00000 7892.78046  4.62%  7778 3540s
   673   689 7848.42625   41  717 7544.00000 7892.78046  4.62%  7530 3600s
   682   689 7774.74906  186  488 7544.00000 7892.78046  4.62%  7446 3605s

Cutting planes:
  Gomory: 199
  MIR: 3125
  RLT: 944
  Relax-and-lift: 9
  Lazy constraints: 1483

Explored 688 nodes (5183810 simplex iterations) in 3607.68 seconds (6345.95 work units)
Thread count was 8 (of 8 available processors)

Solution count 10: 7544 7541 7470 ... 6985

Time limit reached
Best objective 7.544000000000e+03, best bound 7.892000000000e+03, gap 4.6129%

User-callback calls 385208, time in user-callback 375.59 sec
