
Gurobi 9.1.1 (win64) logging started Sun Mar 14 12:31:35 2021

Changed value of parameter LogFile to ../results/logs/log_samuel_kroger_2021_03_14_12_31_35.csv_3_2.log
   Prev:   Default: 
Gurobi Optimizer version 9.1.1 build v9.1.1rc0 (win64)
Thread count: 6 physical cores, 12 logical processors, using up to 12 threads
Optimize a model with 57 rows, 68 columns and 424 nonzeros
Model fingerprint: 0xb9e25f6b
Variable types: 0 continuous, 68 integer (68 binary)
Coefficient statistics:
  Matrix range     [1e+00, 3e+00]
  Objective range  [1e+00, 1e+00]
  Bounds range     [1e+00, 1e+00]
  RHS range        [1e+00, 2e+00]
Found heuristic solution: objective 2.0000000
Presolve removed 12 rows and 18 columns
Presolve time: 0.00s
Presolved: 45 rows, 50 columns, 326 nonzeros
Variable types: 0 continuous, 50 integer (48 binary)

Root relaxation: objective 2.400000e+01, 0 iterations, 0.00 seconds

    Nodes    |    Current Node    |     Objective Bounds      |     Work
 Expl Unexpl |  Obj  Depth IntInf | Incumbent    BestBd   Gap | It/Node Time

*    0     0               0      24.0000000   24.00000  0.00%     -    0s

Explored 0 nodes (0 simplex iterations) in 0.01 seconds
Thread count was 12 (of 12 available processors)

Solution count 2: 24 2 

Optimal solution found (tolerance 1.00e-04)
Best objective 2.400000000000e+01, best bound 2.400000000000e+01, gap 0.0000%
