
Gurobi 9.5.0 (win64) logging started Mon Jul 11 11:55:25 2022

Set parameter LogFile to value "../results/logs/log_soc-dolphins_2_2_2022_07_11_11_55.log"
Set parameter LazyConstraints to value 1
Gurobi Optimizer version 9.5.0 build v9.5.0rc5 (win64)
Thread count: 6 physical cores, 12 logical processors, using up to 12 threads
Optimize a model with 1 rows, 124 columns and 9 nonzeros
Model fingerprint: 0x93582130
Coefficient statistics:
  Matrix range     [1e+00, 1e+00]
  Objective range  [1e+00, 1e+00]
  Bounds range     [1e+00, 1e+00]
  RHS range        [2e+00, 2e+00]
Presolve removed 0 rows and 115 columns
Presolve time: 0.00s
Presolved: 1 rows, 9 columns, 9 nonzeros

Iteration    Objective       Primal Inf.    Dual Inf.      Time
       0    5.3000000e+01   0.000000e+00   0.000000e+00      0s
       0    5.3000000e+01   0.000000e+00   0.000000e+00      0s

Solved in 0 iterations and 0.00 seconds (0.00 work units)
Optimal objective  5.300000000e+01

User-callback calls 29, time in user-callback 0.00 sec
