
Gurobi 9.5.1 (linux64) logging started Sat Jun 18 16:38:34 2022

Set parameter LogFile to value "../results/logs/log_ca-citeseer_3_250_2022_06_18_14_18.log"
Gurobi Optimizer version 9.5.1 build v9.5.1rc2 (linux64)
Thread count: 8 physical cores, 8 logical processors, using up to 8 threads
Optimize a model with 118933 rows, 454640 columns and 468963 nonzeros
Model fingerprint: 0xf541ee2a
Variable types: 0 continuous, 454640 integer (454640 binary)
Coefficient statistics:
  Matrix range     [1e+00, 3e+00]
  Objective range  [1e+00, 1e+00]
  Bounds range     [1e+00, 1e+00]
  RHS range        [1e+00, 2e+02]
Found heuristic solution: objective 152966.00000
Presolve removed 106403 rows and 439651 columns
Presolve time: 0.58s
Presolved: 12530 rows, 14989 columns, 44002 nonzeros
Extracted 5144 lazy constraints
Found heuristic solution: objective 153220.00000
Variable types: 0 continuous, 14989 integer (14113 binary)

Root relaxation: objective 1.561907e+05, 3928 iterations, 0.05 seconds (0.06 work units)

    Nodes    |    Current Node    |     Objective Bounds      |     Work
 Expl Unexpl |  Obj  Depth IntInf | Incumbent    BestBd   Gap | It/Node Time

     0     0 156190.680    0 1383 153220.000 156190.680  1.94%     -    0s
     0     0 153938.031    0  618 153220.000 153938.031  0.47%     -    1s
H    0     0                    153691.00000 153938.031  0.16%     -    1s
     0     0 153858.100    0  612 153691.000 153858.100  0.11%     -    1s
H    0     0                    153700.00000 153858.044  0.10%     -    1s
     0     0 153858.044    0  609 153700.000 153858.044  0.10%     -    1s
     0     0 153787.921    0  197 153700.000 153787.921  0.06%     -    1s
     0     0 153786.413    0  188 153700.000 153786.413  0.06%     -    1s
     0     0 153774.638    0  100 153700.000 153774.638  0.05%     -    1s
H    0     0                    153755.00000 153774.638  0.01%     -    1s
     0     0 153774.039    0   95 153755.000 153774.039  0.01%     -    1s
     0     0 153772.350    0   66 153755.000 153772.350  0.01%     -    1s
H    0     0                    153761.00000 153772.350  0.01%     -    1s
     0     0 153772.300    0   60 153761.000 153772.300  0.01%     -    1s
     0     0 153771.611    0   66 153761.000 153771.611  0.01%     -    1s
     0     0 153771.611    0   58 153761.000 153771.611  0.01%     -    2s
H    0     0                    153762.00000 153771.611  0.01%     -    2s
     0     2 153771.611    0   58 153762.000 153771.611  0.01%     -    2s
H   70    90                    153763.00000 153769.362  0.00%  10.5    2s
*  183   239              29    153765.00000 153769.253  0.00%   7.1    3s

Cutting planes:
  Gomory: 174
  Cover: 13
  Implied bound: 182
  MIR: 773
  StrongCG: 35
  GUB cover: 458
  Zero half: 72
  Mod-K: 2
  RLT: 22
  Relax-and-lift: 12
  Lazy constraints: 2552

Explored 730 nodes (13114 simplex iterations) in 3.47 seconds (2.82 work units)
Thread count was 8 (of 8 available processors)

Solution count 9: 153765 153763 153762 ... 152966

Optimal solution found (tolerance 0.00e+00)
Best objective 1.537650000005e+05, best bound 1.537650000005e+05, gap 0.0000%
