
Gurobi 9.5.1 (linux64) logging started Sat Jun 25 14:52:15 2022

Set parameter LogFile to value "../results/logs/log_CA-CondMat_4_250_2022_06_25_12_51.log"
Gurobi Optimizer version 9.5.1 build v9.5.1rc2 (linux64)
Thread count: 8 physical cores, 8 logical processors, using up to 8 threads
Optimize a model with 2359 rows, 46266 columns and 24914 nonzeros
Model fingerprint: 0xbd906ed5
Variable types: 0 continuous, 46266 integer (46266 binary)
Coefficient statistics:
  Matrix range     [1e+00, 4e+00]
  Objective range  [1e+00, 1e+00]
  Bounds range     [1e+00, 1e+00]
  RHS range        [1e+00, 2e+02]
Found heuristic solution: objective 13464.000000
Presolve removed 1019 rows and 44240 columns
Presolve time: 0.03s
Presolved: 1340 rows, 2026 columns, 6445 nonzeros
Variable types: 0 continuous, 2026 integer (1759 binary)
Found heuristic solution: objective 13704.000000

Root relaxation: objective 1.405239e+04, 824 iterations, 0.00 seconds (0.00 work units)

    Nodes    |    Current Node    |     Objective Bounds      |     Work
 Expl Unexpl |  Obj  Depth IntInf | Incumbent    BestBd   Gap | It/Node Time

     0     0 14052.3883    0  393 13704.0000 14052.3883  2.54%     -    0s
H    0     0                    13898.000000 14052.3883  1.11%     -    0s
H    0     0                    13899.000000 14052.3883  1.10%     -    0s
H    0     0                    13907.000000 13957.6249  0.36%     -    0s
     0     0 13957.6249    0  181 13907.0000 13957.6249  0.36%     -    0s
H    0     0                    13926.000000 13957.6249  0.23%     -    0s
H    0     0                    13927.000000 13953.9759  0.19%     -    0s
     0     0 13953.9759    0  181 13927.0000 13953.9759  0.19%     -    0s
     0     0 13953.9015    0  178 13927.0000 13953.9015  0.19%     -    0s
H    0     0                    13933.000000 13953.9015  0.15%     -    0s
     0     0 13943.5733    0   73 13933.0000 13943.5733  0.08%     -    0s
H    0     0                    13938.000000 13943.5733  0.04%     -    0s
     0     0 13942.0732    0   44 13938.0000 13942.0732  0.03%     -    0s
     0     0 13941.9637    0   52 13938.0000 13941.9637  0.03%     -    0s
H    0     0                    13939.000000 13941.9637  0.02%     -    0s
     0     0     cutoff    0      13939.0000 13939.0000  0.00%     -    0s

Cutting planes:
  Gomory: 134
  Cover: 11
  Implied bound: 20
  MIR: 188
  StrongCG: 9
  GUB cover: 141
  Zero half: 12
  RLT: 28
  Relax-and-lift: 5

Explored 1 nodes (1761 simplex iterations) in 0.21 seconds (0.12 work units)
Thread count was 8 (of 8 available processors)

Solution count 10: 13939 13938 13933 ... 13464

Optimal solution found (tolerance 0.00e+00)
Best objective 1.393900000000e+04, best bound 1.393900000000e+04, gap 0.0000%
