
Gurobi 9.5.0 (win64) logging started Tue Dec  7 12:39:57 2021

Set parameter LogFile to value "../results/logs/log_2021_12_07_12_26.csv_11_40.log"
Set parameter Method to value 3
Gurobi Optimizer version 9.5.0 build v9.5.0rc5 (win64)
Thread count: 6 physical cores, 12 logical processors, using up to 12 threads
Optimize a model with 79 rows, 9882 columns and 6345 nonzeros
Model fingerprint: 0xfcbd8459
Variable types: 4941 continuous, 4941 integer (4941 binary)
Coefficient statistics:
  Matrix range     [1e+00, 1e+01]
  Objective range  [1e+00, 1e+00]
  Bounds range     [1e+00, 1e+00]
  RHS range        [1e+00, 4e+01]
Found heuristic solution: objective -0.0000000
Presolve removed 66 rows and 9861 columns
Presolve time: 0.00s
Presolved: 13 rows, 21 columns, 65 nonzeros
Extracted 10 lazy constraints
Variable types: 8 continuous, 13 integer (12 binary)

Root relaxation: objective 1.600000e+01, 2 iterations, 0.00 seconds (0.00 work units)

    Nodes    |    Current Node    |     Objective Bounds      |     Work
 Expl Unexpl |  Obj  Depth IntInf | Incumbent    BestBd   Gap | It/Node Time

     0     0   12.09091    0    3   -0.00000   12.09091      -     -    0s
H    0     0                      10.0000000   12.09091  20.9%     -    0s
     0     0   11.10000    0    1   10.00000   11.10000  11.0%     -    0s
H    0     0                      11.0000000   11.10000  0.91%     -    0s
     0     0   11.10000    0    1   11.00000   11.10000  0.91%     -    0s

Cutting planes:
  Implied bound: 1
  MIR: 1
  Relax-and-lift: 1
  Lazy constraints: 9

Explored 1 nodes (19 simplex iterations) in 0.01 seconds (0.00 work units)
Thread count was 12 (of 12 available processors)

Solution count 3: 11 10 -0 

Optimal solution found (tolerance 1.00e-04)
Best objective 1.100000000000e+01, best bound 1.100000000000e+01, gap 0.0000%
