
Gurobi 9.5.1 (linux64) logging started Tue Jun 21 15:10:38 2022

Set parameter LogFile to value "../results/logs/log_Gowalla_edges_20_1_2022_06_21_12_08.log"
Gurobi Optimizer version 9.5.1 build v9.5.1rc2 (linux64)
Thread count: 8 physical cores, 8 logical processors, using up to 8 threads
Optimize a model with 24219 rows, 393182 columns and 945407 nonzeros
Model fingerprint: 0xd8730e01
Variable types: 0 continuous, 393182 integer (393182 binary)
Coefficient statistics:
  Matrix range     [1e+00, 2e+01]
  Objective range  [1e+00, 1e+00]
  Bounds range     [1e+00, 1e+00]
  RHS range        [1e+00, 1e+00]
Found heuristic solution: objective 8161.0000000
Presolve removed 10982 rows and 365672 columns
Presolve time: 4.78s
Presolved: 13237 rows, 27510 columns, 228205 nonzeros
Found heuristic solution: objective 8162.0000000
Variable types: 0 continuous, 27510 integer (27510 binary)

Deterministic concurrent LP optimizer: primal and dual simplex
Showing first log only...


Root simplex log...

Iteration    Objective       Primal Inf.    Dual Inf.      Time
       0    8.1620000e+03   0.000000e+00   5.368950e+03      5s
Warning: Markowitz tolerance tightened to 0.03125
Concurrent spin time: 0.00s

Solved with dual simplex

Root relaxation: objective 1.175952e+04, 3909 iterations, 2.19 seconds (3.48 work units)

    Nodes    |    Current Node    |     Objective Bounds      |     Work
 Expl Unexpl |  Obj  Depth IntInf | Incumbent    BestBd   Gap | It/Node Time

     0     0 11745.7764    0 5156 8162.00000 11745.7764  43.9%     -   10s
H    0     0                    8163.0000000 11745.7764  43.9%     -   10s
H    0     0                    8168.0000000 11745.7764  43.8%     -   15s
H    0     0                    8169.0000000 9566.17367  17.1%     -   22s
     0     0 9554.64670    0 2155 8169.00000 9554.64670  17.0%     -   23s
     0     0 9210.06583    0  934 8169.00000 9210.06583  12.7%     -   25s
     0     0 9190.04814    0  837 8169.00000 9190.04814  12.5%     -   26s
     0     0 9187.36174    0  819 8169.00000 9187.36174  12.5%     -   27s
     0     0 9185.61330    0  921 8169.00000 9185.61330  12.4%     -   28s
     0     0 9184.43825    0  819 8169.00000 9184.43825  12.4%     -   29s
     0     0 9183.72401    0  875 8169.00000 9183.72401  12.4%     -   30s
     0     0 9183.26266    0  862 8169.00000 9183.26266  12.4%     -   31s
     0     0 8867.02065    0  839 8169.00000 8867.02065  8.54%     -   32s
     0     0 8224.42724    0   36 8169.00000 8224.42724  0.68%     -   34s
H    0     0                    8175.0000000 8224.42724  0.60%     -   34s
H    0     0                    8180.0000000 8224.42724  0.54%     -   34s
H    0     0                    8192.0000000 8224.42724  0.40%     -   34s
H    0     0                    8195.0000000 8220.02168  0.31%     -   34s
     0     0 8195.00000    0   24 8195.00000 8195.00000  0.00%     -   34s

Cutting planes:
  Gomory: 1
  Cover: 8
  Clique: 108
  MIR: 9
  GUB cover: 1
  Zero half: 2
  RLT: 5

Explored 1 nodes (11500 simplex iterations) in 34.99 seconds (34.94 work units)
Thread count was 8 (of 8 available processors)

Solution count 10: 8195 8192 8180 ... 8161

Optimal solution found (tolerance 0.00e+00)
Best objective 8.195000000000e+03, best bound 8.195000000000e+03, gap 0.0000%

Gurobi 9.5.1 (linux64) logging started Wed Jun 22 03:23:56 2022

Set parameter LogFile to value "../results/logs/log_Gowalla_edges_20_1_2022_06_21_12_08.log"
Gurobi Optimizer version 9.5.1 build v9.5.1rc2 (linux64)
Thread count: 8 physical cores, 8 logical processors, using up to 8 threads
Optimize a model with 1679 rows, 393182 columns and 251117 nonzeros
Model fingerprint: 0xf17fbb9a
Variable types: 0 continuous, 393182 integer (393182 binary)
Coefficient statistics:
  Matrix range     [1e+00, 2e+01]
  Objective range  [1e+00, 1e+00]
  Bounds range     [1e+00, 1e+00]
  RHS range        [1e+00, 1e+00]
Found heuristic solution: objective 8161.0000000
Presolve removed 649 rows and 391227 columns
Presolve time: 0.58s
Presolved: 1030 rows, 1955 columns, 12185 nonzeros
Found heuristic solution: objective 8164.0000000
Variable types: 0 continuous, 1955 integer (1955 binary)

Root relaxation: objective 8.516585e+03, 536 iterations, 0.00 seconds (0.00 work units)

    Nodes    |    Current Node    |     Objective Bounds      |     Work
 Expl Unexpl |  Obj  Depth IntInf | Incumbent    BestBd   Gap | It/Node Time

     0     0 8508.79982    0  288 8164.00000 8508.79982  4.22%     -    0s
H    0     0                    8165.0000000 8508.79982  4.21%     -    0s
     0     0 8298.78636    0   89 8165.00000 8298.78636  1.64%     -    0s
H    0     0                    8170.0000000 8298.78636  1.58%     -    0s
     0     0 8291.61464    0   78 8170.00000 8291.61464  1.49%     -    0s
     0     0 8269.93442    0   65 8170.00000 8269.93442  1.22%     -    0s
H    0     0                    8173.0000000 8269.93442  1.19%     -    0s
     0     0 8261.57304    0   91 8173.00000 8261.57304  1.08%     -    1s
H    0     0                    8185.0000000 8261.57304  0.94%     -    1s
     0     0 8222.08543    0    5 8185.00000 8222.08543  0.45%     -    1s
H    0     0                    8193.0000000 8222.08543  0.36%     -    1s
H    0     0                    8195.0000000 8222.08543  0.33%     -    1s

Cutting planes:
  Gomory: 1
  Cover: 5
  MIR: 4

Explored 1 nodes (1844 simplex iterations) in 1.79 seconds (1.50 work units)
Thread count was 8 (of 8 available processors)

Solution count 9: 8195 8193 8185 ... 8161

Optimal solution found (tolerance 0.00e+00)
Best objective 8.195000000000e+03, best bound 8.195000000000e+03, gap 0.0000%
