
Gurobi 9.5.1 (linux64) logging started Fri Jun  3 01:58:53 2022

Set parameter LogFile to value "../results/logs/log_facebook_combined_17_250_2022_06_03_01_58.log"
Set parameter LazyConstraints to value 1
Gurobi Optimizer version 9.5.1 build v9.5.1rc2 (linux64)
Thread count: 8 physical cores, 8 logical processors, using up to 8 threads
Optimize a model with 3585587 rows, 12117 columns and 11105652 nonzeros
Model fingerprint: 0x3e2cd608
Variable types: 0 continuous, 12117 integer (12117 binary)
Coefficient statistics:
  Matrix range     [1e+00, 2e+01]
  Objective range  [1e+00, 1e+00]
  Bounds range     [1e+00, 1e+00]
  RHS range        [1e+00, 2e+02]
Found heuristic solution: objective -0.0000000
Presolve removed 6607 rows and 1477 columns (presolve time = 5s) ...
Presolve removed 29807 rows and 1477 columns (presolve time = 10s) ...
Presolve removed 63631 rows and 1477 columns (presolve time = 15s) ...
Presolve removed 86031 rows and 1477 columns (presolve time = 20s) ...
Presolve removed 109231 rows and 1477 columns (presolve time = 25s) ...
Presolve removed 132431 rows and 1477 columns (presolve time = 30s) ...
Presolve removed 154831 rows and 1477 columns (presolve time = 35s) ...
Presolve removed 178031 rows and 1477 columns (presolve time = 40s) ...
Presolve removed 201231 rows and 1477 columns (presolve time = 45s) ...
Presolve removed 223631 rows and 1477 columns (presolve time = 50s) ...
Presolve removed 246831 rows and 1477 columns (presolve time = 55s) ...
Presolve removed 269231 rows and 1477 columns (presolve time = 60s) ...
Presolve removed 292431 rows and 1477 columns (presolve time = 65s) ...
Presolve removed 315631 rows and 1477 columns (presolve time = 70s) ...
Presolve removed 338031 rows and 1477 columns (presolve time = 75s) ...
Presolve removed 361231 rows and 1477 columns (presolve time = 80s) ...
Presolve removed 383631 rows and 1477 columns (presolve time = 85s) ...
Presolve removed 406831 rows and 1477 columns (presolve time = 90s) ...
Presolve removed 407631 rows and 1477 columns (presolve time = 95s) ...
Presolve removed 407631 rows and 1477 columns (presolve time = 100s) ...
Presolve removed 407631 rows and 1477 columns (presolve time = 105s) ...
Presolve removed 407631 rows and 1477 columns (presolve time = 110s) ...
Presolve removed 407631 rows and 1477 columns (presolve time = 115s) ...
Presolve removed 407631 rows and 1477 columns (presolve time = 120s) ...
Presolve removed 407631 rows and 1477 columns (presolve time = 125s) ...
Presolve removed 407631 rows and 1477 columns (presolve time = 130s) ...
Presolve removed 407631 rows and 1477 columns (presolve time = 135s) ...
Presolve removed 407631 rows and 1477 columns (presolve time = 140s) ...
Presolve removed 407631 rows and 1477 columns (presolve time = 145s) ...
Presolve removed 407631 rows and 1477 columns (presolve time = 150s) ...
Presolve removed 407631 rows and 1477 columns (presolve time = 155s) ...
Presolve removed 407631 rows and 1477 columns (presolve time = 160s) ...
Presolve removed 407631 rows and 1477 columns (presolve time = 165s) ...
Presolve removed 407631 rows and 1477 columns (presolve time = 170s) ...
Presolve removed 407631 rows and 1477 columns (presolve time = 175s) ...
Presolve removed 407631 rows and 1477 columns (presolve time = 180s) ...
Presolve removed 407631 rows and 1477 columns (presolve time = 185s) ...
Presolve removed 407631 rows and 1477 columns (presolve time = 190s) ...
Presolve removed 407631 rows and 1477 columns (presolve time = 195s) ...
Presolve removed 407631 rows and 1477 columns (presolve time = 200s) ...
Presolve removed 407631 rows and 1477 columns (presolve time = 205s) ...
Presolve removed 407631 rows and 1477 columns (presolve time = 210s) ...
Presolve removed 407631 rows and 1477 columns (presolve time = 215s) ...
Presolve removed 407631 rows and 1477 columns (presolve time = 220s) ...
Presolve removed 407631 rows and 1477 columns (presolve time = 225s) ...
Presolve removed 407631 rows and 1477 columns (presolve time = 230s) ...
Presolve removed 407631 rows and 1477 columns (presolve time = 235s) ...
Presolve removed 407631 rows and 1477 columns (presolve time = 240s) ...
Presolve removed 407631 rows and 1477 columns (presolve time = 245s) ...
Presolve removed 407631 rows and 1477 columns (presolve time = 250s) ...
Presolve removed 407631 rows and 1477 columns (presolve time = 255s) ...
Presolve removed 407631 rows and 1477 columns (presolve time = 260s) ...
Presolve removed 407631 rows and 1477 columns (presolve time = 265s) ...
Presolve removed 407631 rows and 1477 columns (presolve time = 270s) ...
Presolve removed 407631 rows and 1477 columns (presolve time = 275s) ...
Presolve removed 407631 rows and 1477 columns (presolve time = 280s) ...
Presolve removed 407631 rows and 1477 columns (presolve time = 285s) ...
Presolve removed 407631 rows and 1477 columns (presolve time = 290s) ...
Presolve removed 407631 rows and 1477 columns (presolve time = 295s) ...
Presolve removed 408939 rows and 1477 columns (presolve time = 300s) ...
Presolve removed 408939 rows and 1477 columns (presolve time = 308s) ...
Presolve removed 408938 rows and 1476 columns
Presolve time: 308.87s
Presolved: 3176649 rows, 10641 columns, 8263751 nonzeros
Variable types: 0 continuous, 10641 integer (10641 binary)

Deterministic concurrent LP optimizer: primal and dual simplex
Showing first log only...


Root simplex log...

Iteration    Objective       Primal Inf.    Dual Inf.      Time
       0   -0.0000000e+00   1.000000e+00   3.239251e+09    317s
Concurrent spin time: 0.00s

Solved with dual simplex

Root relaxation: objective 2.551962e+03, 1524 iterations, 6.73 seconds (9.38 work units)
Total elapsed time = 322.40s
Total elapsed time = 326.39s

    Nodes    |    Current Node    |     Objective Bounds      |     Work
 Expl Unexpl |  Obj  Depth IntInf | Incumbent    BestBd   Gap | It/Node Time

     0     0 2551.96196    0  125   -0.00000 2551.96196      -     -  344s
H    0     0                    2476.0000000 2551.96196  3.07%     -  344s
H    0     0                    2480.0000000 2551.96196  2.90%     -  346s
H    0     0                    2486.0000000 2551.96196  2.65%     -  347s
H    0     0                    2490.0000000 2551.96196  2.49%     -  347s
     0     0 2547.42233    0  195 2490.00000 2547.42233  2.31%     -  421s
H    0     0                    2493.0000000 2547.42233  2.18%     -  421s
H    0     0                    2533.0000000 2547.42233  0.57%     -  425s
     0     0 2546.95965    0  193 2533.00000 2546.95965  0.55%     -  428s
     0     0 2546.94335    0  202 2533.00000 2546.94335  0.55%     -  432s
     0     0 2546.94320    0  204 2533.00000 2546.94320  0.55%     -  434s
     0     0 2541.94642    0  202 2533.00000 2541.94642  0.35%     -  484s
     0     0 2540.67038    0  216 2533.00000 2540.67038  0.30%     -  492s
     0     0 2540.16869    0  205 2533.00000 2540.16869  0.28%     -  494s
     0     0 2540.09528    0  208 2533.00000 2540.09528  0.28%     -  496s
     0     0 2540.09371    0  208 2533.00000 2540.09371  0.28%     -  498s
     0     0 2540.09371    0  211 2533.00000 2540.09371  0.28%     -  500s
     0     0 2537.40129    0  199 2533.00000 2537.40129  0.17%     -  519s
     0     0 2536.49559    0  170 2533.00000 2536.49559  0.14%     -  524s
     0     0 2536.17861    0  172 2533.00000 2536.17861  0.13%     -  527s
     0     0 2536.06225    0  155 2533.00000 2536.06225  0.12%     -  529s
     0     0 2536.05338    0  139 2533.00000 2536.05338  0.12%     -  531s
     0     0 2536.05061    0  141 2533.00000 2536.05061  0.12%     -  533s
     0     0 2536.05061    0  141 2533.00000 2536.05061  0.12%     -  534s
     0     0 2535.65143    0  125 2533.00000 2535.65143  0.10%     -  542s
     0     0 2535.44601    0  130 2533.00000 2535.44601  0.10%     -  547s
     0     0 2535.39794    0  130 2533.00000 2535.39794  0.09%     -  550s
     0     0 2535.36524    0  122 2533.00000 2535.36524  0.09%     -  552s
     0     0 2535.35686    0  150 2533.00000 2535.35686  0.09%     -  555s
     0     0 2535.35048    0  122 2533.00000 2535.35048  0.09%     -  557s
     0     0 2535.34840    0  126 2533.00000 2535.34840  0.09%     -  559s
     0     0 2535.34805    0  128 2533.00000 2535.34805  0.09%     -  560s
     0     0 2535.18103    0  132 2533.00000 2535.18103  0.09%     -  567s
     0     0 2535.16063    0  109 2533.00000 2535.16063  0.09%     -  571s
     0     0 2535.15328    0  139 2533.00000 2535.15328  0.09%     -  573s
     0     0 2535.15010    0  141 2533.00000 2535.15010  0.08%     -  576s
     0     0 2535.14929    0  144 2533.00000 2535.14929  0.08%     -  578s
     0     0 2535.09465    0  136 2533.00000 2535.09465  0.08%     -  592s
     0     0 2535.09465    0   91 2533.00000 2535.09465  0.08%     -  598s
     0     0 2535.09465    0  152 2533.00000 2535.09465  0.08%     -  598s
     0     0 2535.09465    0  145 2533.00000 2535.09465  0.08%     -  598s
     0     0 2535.09465    0   78 2533.00000 2535.09465  0.08%     -  598s
     0     0 2535.09465    0   88 2533.00000 2535.09465  0.08%     -  598s
     0     0 2535.02263    0   93 2533.00000 2535.02263  0.08%     -  598s
     0     0 2534.93296    0   94 2533.00000 2534.93296  0.08%     -  598s
     0     0 2534.90321    0   96 2533.00000 2534.90321  0.08%     -  598s
     0     0 2534.90279    0   91 2533.00000 2534.90279  0.08%     -  598s
     0     0 2534.16738    0   67 2533.00000 2534.16738  0.05%     -  598s
     0     0 2534.16738    0   25 2533.00000 2534.16738  0.05%     -  598s
     0     0 2534.16738    0   40 2533.00000 2534.16738  0.05%     -  598s
     0     0 2534.16738    0   52 2533.00000 2534.16738  0.05%     -  598s
     0     0     cutoff    0      2533.00000 2533.00000  0.00%     -  598s

Cutting planes:
  Gomory: 17
  Lift-and-project: 1
  Cover: 4
  MIR: 10
  StrongCG: 2
  GUB cover: 27
  Zero half: 1
  RLT: 4

Explored 1 nodes (7853 simplex iterations) in 599.03 seconds (380.74 work units)
Thread count was 8 (of 8 available processors)

Solution count 8: 2533 2533 2493 ... -0

Optimal solution found (tolerance 0.00e+00)
Best objective 2.533000000000e+03, best bound 2.533000000000e+03, gap 0.0000%

User-callback calls 14345, time in user-callback 0.42 sec
