
Gurobi 9.5.1 (linux64) logging started Sun Jun 19 03:42:02 2022

Set parameter LogFile to value "../results/logs/log_Brightkite_edges_20_2_2022_06_19_02_07.log"
Gurobi Optimizer version 9.5.1 build v9.5.1rc2 (linux64)
Thread count: 8 physical cores, 8 logical processors, using up to 8 threads
Optimize a model with 975 rows, 116456 columns and 113134 nonzeros
Model fingerprint: 0xcc67690f
Variable types: 0 continuous, 116456 integer (116456 binary)
Coefficient statistics:
  Matrix range     [1e+00, 2e+01]
  Objective range  [1e+00, 1e+00]
  Bounds range     [1e+00, 1e+00]
  RHS range        [1e+00, 2e+00]
Found heuristic solution: objective 947.0000000
Presolve removed 51 rows and 112598 columns
Presolve time: 0.08s
Presolved: 924 rows, 3858 columns, 25127 nonzeros
Found heuristic solution: objective 948.0000000
Variable types: 0 continuous, 3858 integer (3488 binary)

Root relaxation: objective 1.364562e+03, 409 iterations, 0.01 seconds (0.01 work units)

    Nodes    |    Current Node    |     Objective Bounds      |     Work
 Expl Unexpl |  Obj  Depth IntInf | Incumbent    BestBd   Gap | It/Node Time

     0     0 1364.56249    0  205  948.00000 1364.56249  43.9%     -    0s
H    0     0                     950.0000000 1364.56249  43.6%     -    0s
H    0     0                     978.0000000 1364.56249  39.5%     -    0s
     0     0 1205.09008    0  166  978.00000 1205.09008  23.2%     -    0s
     0     0 1199.77232    0  182  978.00000 1199.77232  22.7%     -    0s
     0     0 1198.42437    0  197  978.00000 1198.42437  22.5%     -    0s
     0     0 1198.07550    0  190  978.00000 1198.07550  22.5%     -    0s
     0     0 1197.97250    0  188  978.00000 1197.97250  22.5%     -    0s
     0     0 1197.92200    0  202  978.00000 1197.92200  22.5%     -    0s
     0     0 1132.50745    0  205  978.00000 1132.50745  15.8%     -    0s
     0     0 1126.78126    0  229  978.00000 1126.78126  15.2%     -    0s
     0     0 1124.69021    0  234  978.00000 1124.69021  15.0%     -    0s
     0     0 1124.42027    0  251  978.00000 1124.42027  15.0%     -    0s
     0     0 1124.23317    0  235  978.00000 1124.23317  15.0%     -    0s
     0     0 1110.37339    0  266  978.00000 1110.37339  13.5%     -    0s
     0     0 1107.21908    0  297  978.00000 1107.21908  13.2%     -    0s
     0     0 1106.43175    0  305  978.00000 1106.43175  13.1%     -    0s
     0     0 1105.76684    0  300  978.00000 1105.76684  13.1%     -    0s
     0     0 1105.63926    0  317  978.00000 1105.63926  13.1%     -    0s
     0     0 1103.58199    0  295  978.00000 1103.58199  12.8%     -    1s
     0     0 1103.02583    0  318  978.00000 1103.02583  12.8%     -    1s
     0     0 1102.79156    0  324  978.00000 1102.79156  12.8%     -    1s
     0     0 1101.93079    0  328  978.00000 1101.93079  12.7%     -    1s
     0     0 1101.93079    0  328  978.00000 1101.93079  12.7%     -    1s
     0     2 1101.93079    0  328  978.00000 1101.93079  12.7%     -    1s
H 1335   977                     979.0000000 1097.63697  12.1%  57.8    4s
  1340  1041     cutoff   19       979.00000 1096.73027  12.0%  57.8    5s
  1564  1144 1073.27071   84  379  979.00000 1086.61591  11.0%  54.0   10s
  1613  1177 1079.93479   21  411  979.00000 1081.95965  10.5%  52.3   15s
  1637  1186 1081.28737   17  361  979.00000 1081.28737  10.4%  66.8   22s
H 1686  1128                     986.0000000 1079.60271  9.49%  77.5   23s
  1700  1136     cutoff   22       986.00000 1079.02417  9.43%  79.6   26s
H 1798  1081                     991.0000000 1078.19353  8.80%  87.6   27s
H 1908  1041                     993.0000000 1078.17009  8.58%  90.2   28s
  2003  1027 1070.45705   34  337  993.00000 1078.17009  8.58%  98.1   30s
  2521  1141 1054.51205   40  349  993.00000 1075.19948  8.28%   122   35s
  2859  1102 infeasible   34       993.00000 1065.42774  7.29%   137   40s
  3192  1108 1039.85783   37  353  993.00000 1062.96511  7.05%   152   52s
H 3201  1053                     994.0000000 1062.96511  6.94%   152   52s
  3399  1042 1045.20584   27  412  994.00000 1061.79341  6.82%   158   56s
  3488  1039 1040.64301   28  373  994.00000 1061.79341  6.82%   163   60s
  3896  1050     cutoff   47       994.00000 1058.23657  6.46%   178   65s
H 3898   999                     998.0000000 1058.23657  6.04%   178   65s
  4499  1031     cutoff   42       998.00000 1055.27952  5.74%   187   70s
  5043  1212 1015.65740   48  339  998.00000 1051.66462  5.38%   195   75s
  5741  1282     cutoff   43       998.00000 1047.87031  5.00%   201   80s
  6194  1328     cutoff   33       998.00000 1046.90425  4.90%   208   85s
  6889  1459 1028.37210   57  382  998.00000 1042.26700  4.44%   210   90s
  7635  1593 1031.93104   58  344  998.00000 1040.09947  4.22%   212   95s
  8484  1760     cutoff   70       998.00000 1035.74745  3.78%   214  101s
  9136  1797 1012.53092   55  384  998.00000 1033.27174  3.53%   215  105s
  9808  1819 1012.53096   60  407  998.00000 1031.51951  3.36%   217  110s
 10952  1630 1016.12769   78  242  998.00000 1026.84678  2.89%   218  117s
 11293  1546 1010.76663   75  188  998.00000 1025.40153  2.75%   219  120s
 12162  1306     cutoff   74       998.00000 1021.60821  2.37%   220  126s
 13156  1011     cutoff   88       998.00000 1018.06129  2.01%   219  132s
 13729   836     cutoff   78       998.00000 1016.12172  1.82%   219  135s
 15041     0     cutoff   54       998.00000 1009.02317  1.10%   216  142s

Cutting planes:
  Gomory: 60
  Cover: 50
  MIR: 459
  StrongCG: 19
  Flow cover: 1126
  GUB cover: 26
  Inf proof: 1
  Zero half: 15
  RLT: 270
  Relax-and-lift: 24

Explored 15666 nodes (3318125 simplex iterations) in 142.27 seconds (349.58 work units)
Thread count was 8 (of 8 available processors)

Solution count 10: 998 994 993 ... 947

Optimal solution found (tolerance 0.00e+00)
Best objective 9.980000000000e+02, best bound 9.980000000000e+02, gap 0.0000%
