
Gurobi 10.0.0 (linux64) logging started Sat Jan 27 18:24:35 2024

Set parameter LogFile to value "../results/logs/log_ca-citeseer_3_250_2024_01_27_09_25.log"
Set parameter LazyConstraints to value 1
Gurobi Optimizer version 10.0.0 build v10.0.0rc2 (linux64)

CPU model: Intel(R) Core(TM) i7-9800X CPU @ 3.80GHz, instruction set [SSE2|AVX|AVX2|AVX512]
Thread count: 8 physical cores, 8 logical processors, using up to 8 threads

Optimize a model with 16987 rows, 454640 columns and 163125 nonzeros
Model fingerprint: 0x82dad72a
Variable types: 0 continuous, 454640 integer (454640 binary)
Coefficient statistics:
  Matrix range     [1e+00, 3e+00]
  Objective range  [1e+00, 1e+00]
  Bounds range     [1e+00, 1e+00]
  RHS range        [1e+00, 2e+02]
Found heuristic solution: objective 152966.00000
Presolve removed 0 rows and 371793 columns
Presolve time: 0.21s
Presolved: 16987 rows, 82847 columns, 126410 nonzeros
Variable types: 0 continuous, 82847 integer (82847 binary)
Found heuristic solution: objective 153224.00000
Root relaxation presolved: 16987 rows, 82847 columns, 126410 nonzeros

Deterministic concurrent LP optimizer: primal and dual simplex
Showing first log only...

Concurrent spin time: 0.02s

Solved with primal simplex

Use crossover to convert LP symmetric solution to basic solution...

Root relaxation: objective 1.544786e+05, 3197 iterations, 0.11 seconds (0.09 work units)

    Nodes    |    Current Node    |     Objective Bounds      |     Work
 Expl Unexpl |  Obj  Depth IntInf | Incumbent    BestBd   Gap | It/Node Time

     0     0 154478.568    0 1947 153224.000 154478.568  0.82%     -    1s
H    0     0                    153506.00000 154478.568  0.63%     -    1s
     0     0 153833.233    0  659 153506.000 153833.233  0.21%     -   13s
H    0     0                    153630.00000 153833.233  0.13%     -   13s
H    0     0                    153757.00000 153833.233  0.05%     -   14s
     0     0 153828.092    0  651 153757.000 153828.092  0.05%     -   26s
     0     0 153827.825    0  655 153757.000 153827.825  0.05%     -   38s
     0     0 153793.166    0  201 153757.000 153793.166  0.02%     -   50s
     0     0 153792.846    0  193 153757.000 153792.846  0.02%     -   62s
     0     0 153775.296    0  108 153757.000 153775.296  0.01%     -   74s
H    0     0                    153763.00000 153775.296  0.01%     -   75s
H    0     0                    153764.00000 153775.296  0.01%     -   75s
     0     0 153772.167    0   59 153764.000 153772.167  0.01%     -   86s
     0     0 153771.617    0   69 153764.000 153771.617  0.00%     -   99s
     0     0 153771.486    0   62 153764.000 153771.486  0.00%     -  111s
     0     0 153770.205    0   61 153764.000 153770.205  0.00%     -  122s
     0     0 153769.305    0   63 153764.000 153769.305  0.00%     -  135s
     0     0 153769.197    0   46 153764.000 153769.197  0.00%     -  146s
     0     0 153769.107    0   43 153764.000 153769.107  0.00%     -  158s
     0     0 153768.875    0   38 153764.000 153768.875  0.00%     -  171s
     0     0 153768.333    0   45 153764.000 153768.333  0.00%     -  182s
     0     0 153768.333    0   35 153764.000 153768.333  0.00%     -  195s
H    0     0                    153765.00000 153768.333  0.00%     -  207s
     0     2 153767.333    0   35 153765.000 153767.333  0.00%     -  220s
     1     4 153767.333    1   44 153765.000 153767.333  0.00%   905  232s
     3     7 153767.333    2   57 153765.000 153767.333  0.00%   308  256s
     7    14 153767.333    3   57 153765.000 153767.333  0.00%   138  304s
    11    14 153767.333    3   45 153765.000 153767.333  0.00%  91.2  353s
    12    14 153767.250    3   25 153765.000 153767.333  0.00%  85.5  365s
    14    14 153767.333    4   57 153765.000 153767.333  0.00%  75.6  389s
    19    14 153767.182    4   39 153765.000 153767.333  0.00%  61.3  449s
    22    15 153767.333    5   55 153765.000 153767.333  0.00%  56.0  474s
    30    18 153767.308    6   58 153765.000 153767.333  0.00%  43.6  558s
    31    18 153766.579    6   50 153765.000 153767.333  0.00%  42.9  569s
    38    21 153767.122    7   54 153765.000 153767.333  0.00%  36.9  641s
    46    21 153767.122    8   52 153765.000 153767.333  0.00%  32.7  738s
    50    21 153766.372    4   38 153765.000 153767.333  0.00%  30.9  773s
    55    22 infeasible    9      153765.000 153767.333  0.00%  29.3  822s
    64    26 153767.122    5   54 153765.000 153767.333  0.00%  26.4  929s
    65    26 153765.972   10   35 153765.000 153767.333  0.00%  26.0  942s
    73    28     cutoff    6      153765.000 153767.333  0.00%  24.6 1014s
    77    28 153767.333   11   56 153765.000 153767.333  0.00%  24.0 1061s
    81    30     cutoff    5      153765.000 153767.333  0.00%  23.9 1097s
    88    30 153766.533   11   43 153765.000 153767.286  0.00%  22.8 1169s
    92    34 153767.151    8   59 153765.000 153767.286  0.00%  22.6 1217s
   101    30 153766.681   10   57 153765.000 153767.265  0.00%  22.2 1325s
   105    30 153767.101   13   53 153765.000 153767.265  0.00%  22.7 1361s
   112    31 153766.347   11   50 153765.000 153767.265  0.00%  22.0 1385s
   115    31 153766.463   14   47 153765.000 153767.265  0.00%  22.1 1409s
   125    34 153766.014   13   40 153765.000 153767.265  0.00%  21.0 1492s
   133    34 153766.264   11   60 153765.000 153767.265  0.00%  20.7 1576s
   135    30     cutoff   14      153765.000 153767.265  0.00%  20.5 1588s
   137    30     cutoff   10      153765.000 153767.265  0.00%  20.4 1600s
   139    30 153766.014   17   38 153765.000 153767.265  0.00%  20.6 1624s
   157    25     cutoff   13      153765.000 153767.265  0.00%  19.3 1719s
   160    25 153766.118    9   44 153765.000 153767.075  0.00%  19.4 1755s
   186    25 153766.539   13   52 153765.000 153766.922  0.00%  18.4 1958s
   187    25 153765.847   13   51 153765.000 153766.922  0.00%  18.5 1970s
   204    28 153766.139   14   48 153765.000 153766.786  0.00%  18.3 2089s
   205    28 153766.622    5   30 153765.000 153766.786  0.00%  18.2 2101s
   218    23 153766.139   15   43 153765.000 153766.786  0.00%  17.9 2208s
   226    23 153766.014   11   42 153765.000 153766.786  0.00%  17.5 2268s
   244    16     cutoff   17      153765.000 153766.765  0.00%  16.9 2328s
   261    16 153766.375    4   31 153765.000 153766.765  0.00%  16.3 2411s
   265    18 153766.139   15   49 153765.000 153766.765  0.00%  16.4 2435s
   281    13 153766.014   16   43 153765.000 153766.765  0.00%  16.0 2566s
   301     6     cutoff   16      153765.000 153766.622  0.00%  15.7 2661s
   303     6 153765.852    9   29 153765.000 153766.508  0.00%  15.7 2686s
   316     5 153766.428   13   44 153765.000 153766.432  0.00%  15.4 2745s
   327     0 153766.047   14   41 153765.000 153766.047  0.00%  15.1 2805s

Cutting planes:
  Gomory: 247
  Cover: 1297
  Clique: 1
  MIR: 945
  StrongCG: 21
  GUB cover: 1522
  Zero half: 181
  Mod-K: 2
  RLT: 65
  Lazy constraints: 235

Explored 336 nodes (13220 simplex iterations) in 2817.07 seconds (10.51 work units)
Thread count was 8 (of 8 available processors)

Solution count 8: 153765 153764 153763 ... 152966

Optimal solution found (tolerance 0.00e+00)
Best objective 1.537650000000e+05, best bound 1.537650000000e+05, gap 0.0000%

User-callback calls 3060, time in user-callback 2804.85 sec
