
Gurobi 9.5.0 (win64) logging started Tue Dec  7 12:38:40 2021

Set parameter LogFile to value "../results/logs/log_2021_12_07_12_26.csv_5_10.log"
Set parameter Method to value 3
Gurobi Optimizer version 9.5.0 build v9.5.0rc5 (win64)
Thread count: 6 physical cores, 12 logical processors, using up to 12 threads
Optimize a model with 1783 rows, 9882 columns and 22585 nonzeros
Model fingerprint: 0x2544f11d
Variable types: 4941 continuous, 4941 integer (4941 binary)
Coefficient statistics:
  Matrix range     [1e+00, 5e+00]
  Objective range  [1e+00, 1e+00]
  Bounds range     [1e+00, 1e+00]
  RHS range        [1e+00, 1e+01]
Found heuristic solution: objective 12.0000000
Presolve removed 944 rows and 8567 columns
Presolve time: 0.04s
Presolved: 839 rows, 1315 columns, 4809 nonzeros
Variable types: 741 continuous, 574 integer (555 binary)
Found heuristic solution: objective 16.0000000

Concurrent LP optimizer: primal simplex, dual simplex, and barrier
Showing barrier log only...

Root barrier log...

Ordering time: 0.00s

Barrier statistics:
 AA' NZ     : 3.463e+03
 Factor NZ  : 9.369e+03 (roughly 1 MB of memory)
 Factor Ops : 1.271e+05 (less than 1 second per iteration)
 Threads    : 1

                  Objective                Residual
Iter       Primal          Dual         Primal    Dual     Compl     Time
   0   1.06264407e+03  2.25546387e+03  7.41e+02 1.69e+00  5.22e+00     0s
   1   3.49865190e+02  1.63249127e+03  1.65e+02 4.88e-15  1.20e+00     0s
   2   1.58053909e+02  3.34921654e+02  2.57e+01 4.44e-15  1.63e-01     0s
   3   1.00922380e+02  1.37309934e+02  5.55e+00 4.33e-15  3.98e-02     0s
   4   7.86189573e+01  9.75022884e+01  1.10e+00 4.27e-15  1.17e-02     0s

Barrier performed 4 iterations in 0.06 seconds (0.04 work units)
Barrier solve interrupted - model solved by another algorithm


Solved with primal simplex

Root relaxation: objective 7.338672e+01, 582 iterations, 0.01 seconds (0.01 work units)

    Nodes    |    Current Node    |     Objective Bounds      |     Work
 Expl Unexpl |  Obj  Depth IntInf | Incumbent    BestBd   Gap | It/Node Time

     0     0   73.38672    0  207   16.00000   73.38672   359%     -    0s
H    0     0                      21.0000000   73.38672   249%     -    0s
H    0     0                      30.0000000   73.38672   145%     -    0s
H    0     0                      32.0000000   73.14231   129%     -    0s
     0     0   49.38255    0  113   32.00000   49.38255  54.3%     -    0s
     0     0   48.94814    0  122   32.00000   48.94814  53.0%     -    0s
     0     0   48.84119    0  109   32.00000   48.84119  52.6%     -    0s
     0     0   48.83928    0  109   32.00000   48.83928  52.6%     -    0s
     0     0   45.70586    0   57   32.00000   45.70586  42.8%     -    0s
     0     0   44.88071    0   50   32.00000   44.88071  40.3%     -    0s
     0     0   44.75277    0   60   32.00000   44.75277  39.9%     -    0s
     0     0   44.63713    0   53   32.00000   44.63713  39.5%     -    0s
     0     0   44.60615    0   60   32.00000   44.60615  39.4%     -    0s
     0     0   44.60479    0   60   32.00000   44.60479  39.4%     -    0s
     0     0   43.68858    0   52   32.00000   43.68858  36.5%     -    0s
     0     0   43.41619    0   77   32.00000   43.41619  35.7%     -    0s
     0     0   43.19377    0   81   32.00000   43.19377  35.0%     -    0s
     0     0   43.17348    0  103   32.00000   43.17348  34.9%     -    0s
     0     0   42.60875    0   47   32.00000   42.60875  33.2%     -    0s
     0     0   42.44039    0   82   32.00000   42.44039  32.6%     -    0s
     0     0   42.38479    0   49   32.00000   42.38479  32.5%     -    0s
     0     0   42.35460    0   57   32.00000   42.35460  32.4%     -    0s
     0     0   42.01445    0   49   32.00000   42.01445  31.3%     -    0s
     0     0   41.99420    0   36   32.00000   41.99420  31.2%     -    0s
     0     0   41.87760    0   53   32.00000   41.87760  30.9%     -    0s
     0     0   41.87760    0   53   32.00000   41.87760  30.9%     -    0s
     0     2   41.87760    0   53   32.00000   41.87760  30.9%     -    0s
H   19    25                      37.0000000   41.29518  11.6%  53.5    0s
H   20    25                      38.0000000   41.29518  8.67%  54.5    0s
H   23    25                      39.0000000   41.29518  5.89%  58.0    0s

Cutting planes:
  Gomory: 65
  Lift-and-project: 19
  Implied bound: 14
  MIR: 286
  RLT: 56
  Relax-and-lift: 2

Explored 62 nodes (3695 simplex iterations) in 0.59 seconds (0.47 work units)
Thread count was 12 (of 12 available processors)

Solution count 8: 39 38 37 ... 12

Optimal solution found (tolerance 1.00e-04)
Best objective 3.900000000000e+01, best bound 3.900000000000e+01, gap 0.0000%
