
Gurobi 9.5.1 (linux64) logging started Tue Jun 14 02:48:11 2022

Set parameter LogFile to value "../results/logs/log_soc-twitter-higgs.e_17_250_2022_06_14_02_47.log"
Gurobi Optimizer version 9.5.1 build v9.5.1rc2 (linux64)
Thread count: 8 physical cores, 8 logical processors, using up to 8 threads
Optimize a model with 913263 rows, 913262 columns and 51860292 nonzeros
Model fingerprint: 0x2619fcb0
Variable types: 0 continuous, 913262 integer (913262 binary)
Coefficient statistics:
  Matrix range     [1e+00, 2e+01]
  Objective range  [1e+00, 1e+00]
  Bounds range     [1e+00, 1e+00]
  RHS range        [1e+00, 2e+02]
Found heuristic solution: objective -0.0000000
Presolve removed 0 rows and 0 columns (presolve time = 5s) ...
Presolve removed 0 rows and 0 columns (presolve time = 11s) ...
Presolve removed 266900 rows and 133450 columns (presolve time = 15s) ...
Presolve removed 268288 rows and 136560 columns (presolve time = 21s) ...
Presolve removed 268288 rows and 136713 columns (presolve time = 26s) ...
Presolve removed 268324 rows and 136717 columns (presolve time = 31s) ...
Presolve removed 268326 rows and 136717 columns (presolve time = 35s) ...
Presolve removed 268326 rows and 159455 columns (presolve time = 47s) ...
Presolve removed 268326 rows and 159455 columns (presolve time = 50s) ...
Presolve removed 268326 rows and 159455 columns (presolve time = 59s) ...
Presolve removed 268326 rows and 159455 columns (presolve time = 60s) ...
Presolve removed 268326 rows and 159455 columns (presolve time = 65s) ...
Presolve removed 268326 rows and 159455 columns (presolve time = 70s) ...
Presolve removed 268326 rows and 159455 columns (presolve time = 75s) ...
Presolve removed 268326 rows and 159455 columns (presolve time = 80s) ...
Presolve removed 268326 rows and 159455 columns (presolve time = 85s) ...
Presolve removed 268326 rows and 159455 columns (presolve time = 90s) ...
Presolve removed 268326 rows and 159455 columns (presolve time = 95s) ...
Presolve removed 268326 rows and 159455 columns (presolve time = 104s) ...
Presolve removed 268326 rows and 159455 columns (presolve time = 107s) ...
Presolve removed 268326 rows and 159455 columns (presolve time = 110s) ...
Presolve removed 268326 rows and 159455 columns (presolve time = 115s) ...
Presolve removed 268326 rows and 241270 columns (presolve time = 123s) ...
Presolve removed 268326 rows and 241270 columns (presolve time = 125s) ...
Presolve removed 268326 rows and 241270 columns (presolve time = 130s) ...
Presolve removed 268326 rows and 241270 columns (presolve time = 135s) ...
Presolve removed 268326 rows and 241270 columns (presolve time = 140s) ...
Presolve removed 268326 rows and 241270 columns (presolve time = 145s) ...
Presolve removed 268326 rows and 241270 columns (presolve time = 150s) ...
Presolve removed 268326 rows and 241270 columns (presolve time = 155s) ...
Presolve removed 431956 rows and 241270 columns (presolve time = 160s) ...
Presolve removed 431956 rows and 241270 columns (presolve time = 168s) ...
Presolve removed 431956 rows and 241270 columns (presolve time = 171s) ...
Presolve removed 431956 rows and 244477 columns (presolve time = 179s) ...
Presolve removed 431956 rows and 244477 columns (presolve time = 182s) ...
Presolve removed 431956 rows and 244477 columns (presolve time = 188s) ...
Presolve removed 431956 rows and 244477 columns (presolve time = 191s) ...
Presolve removed 431956 rows and 244477 columns (presolve time = 197s) ...
Presolve removed 431956 rows and 244477 columns (presolve time = 200s) ...
Presolve removed 431956 rows and 244477 columns (presolve time = 205s) ...
Presolve removed 431956 rows and 244478 columns (presolve time = 212s) ...
Presolve removed 431956 rows and 244478 columns (presolve time = 215s) ...
Presolve removed 431956 rows and 244478 columns (presolve time = 221s) ...
Presolve removed 431956 rows and 244478 columns (presolve time = 229s) ...
Presolve removed 431956 rows and 244478 columns (presolve time = 232s) ...
Presolve removed 431956 rows and 244478 columns (presolve time = 238s) ...
Presolve removed 431956 rows and 244478 columns (presolve time = 240s) ...
Presolve removed 431956 rows and 244478 columns (presolve time = 247s) ...
Presolve removed 431956 rows and 244478 columns (presolve time = 250s) ...
Presolve removed 431956 rows and 244478 columns (presolve time = 255s) ...
Presolve removed 431956 rows and 244478 columns (presolve time = 261s) ...
Presolve removed 431956 rows and 244478 columns (presolve time = 266s) ...
Presolve removed 431956 rows and 244478 columns (presolve time = 270s) ...
Presolve removed 431956 rows and 244478 columns (presolve time = 275s) ...
Presolve removed 431956 rows and 244478 columns (presolve time = 282s) ...
Presolve removed 431956 rows and 244478 columns (presolve time = 292s) ...
Presolve removed 431956 rows and 244478 columns (presolve time = 297s) ...
Presolve removed 431956 rows and 244478 columns
Presolve time: 296.97s
Presolved: 481307 rows, 668784 columns, 46607639 nonzeros
Variable types: 0 continuous, 668784 integer (665827 binary)

Deterministic concurrent LP optimizer: primal simplex, dual simplex, and barrier
Showing barrier log only...

Root barrier log...

Elapsed ordering time = 5s
Elapsed ordering time = 10s
Elapsed ordering time = 15s
Elapsed ordering time = 20s
Elapsed ordering time = 25s
Elapsed ordering time = 30s
Elapsed ordering time = 35s
Elapsed ordering time = 40s
Elapsed ordering time = 45s
Elapsed ordering time = 50s
Elapsed ordering time = 55s
Elapsed ordering time = 60s
Elapsed ordering time = 65s
Elapsed ordering time = 70s
Elapsed ordering time = 75s
Elapsed ordering time = 80s
Elapsed ordering time = 85s
Elapsed ordering time = 90s
Elapsed ordering time = 95s
Elapsed ordering time = 100s
Elapsed ordering time = 105s
Elapsed ordering time = 110s
Elapsed ordering time = 115s
Elapsed ordering time = 120s
Elapsed ordering time = 125s
Elapsed ordering time = 130s
Elapsed ordering time = 135s
Elapsed ordering time = 140s
Elapsed ordering time = 145s
Elapsed ordering time = 150s
Elapsed ordering time = 155s
Elapsed ordering time = 160s
Elapsed ordering time = 165s
Elapsed ordering time = 170s
Elapsed ordering time = 175s
Elapsed ordering time = 180s
Elapsed ordering time = 185s
Elapsed ordering time = 190s
Elapsed ordering time = 195s
Elapsed ordering time = 200s
Elapsed ordering time = 205s
Elapsed ordering time = 210s
Elapsed ordering time = 215s
Elapsed ordering time = 220s
Elapsed ordering time = 225s
Elapsed ordering time = 230s
Elapsed ordering time = 235s
Elapsed ordering time = 240s
Elapsed ordering time = 245s
Elapsed ordering time = 250s
Elapsed ordering time = 255s
Elapsed ordering time = 260s
Elapsed ordering time = 265s
Elapsed ordering time = 270s
Elapsed ordering time = 275s
Elapsed ordering time = 280s
Elapsed ordering time = 285s
Elapsed ordering time = 290s
Elapsed ordering time = 295s
Elapsed ordering time = 300s
Elapsed ordering time = 305s
Elapsed ordering time = 310s
Elapsed ordering time = 315s
Elapsed ordering time = 320s
