
Gurobi 9.5.1 (linux64) logging started Sat Apr 16 05:06:37 2022

Set parameter LogFile to value "../results/logs/log_com-dblp.ungraph_20_20_2022_04_16_01_10.log"
Gurobi Optimizer version 9.5.1 build v9.5.1rc2 (linux64)
Thread count: 8 physical cores, 8 logical processors, using up to 8 threads
Optimize a model with 634161 rows, 634160 columns and 5467784 nonzeros
Model fingerprint: 0x58333eb3
Variable types: 0 continuous, 634160 integer (634160 binary)
Coefficient statistics:
  Matrix range     [1e+00, 2e+01]
  Objective range  [1e+00, 1e+00]
  Bounds range     [1e+00, 1e+00]
  RHS range        [1e+00, 2e+01]
Found heuristic solution: objective -0.0000000
Presolve removed 562592 rows and 498986 columns (presolve time = 5s) ...
Presolve removed 596553 rows and 526414 columns (presolve time = 10s) ...
Presolve removed 596553 rows and 526414 columns
Presolve time: 10.48s
Presolved: 37608 rows, 107746 columns, 985977 nonzeros
Variable types: 0 continuous, 107746 integer (83875 binary)
Found heuristic solution: objective 1.0000000

Deterministic concurrent LP optimizer: primal and dual simplex
Showing first log only...


Root simplex log...

Iteration    Objective       Primal Inf.    Dual Inf.      Time
       0    1.0000000e+00   0.000000e+00   4.716000e+03     12s
Warning: Markowitz tolerance tightened to 0.0625
   10865    2.6997007e+02   0.000000e+00   7.001099e+07     15s
   11607    6.5251833e+02   0.000000e+00   2.473377e+07     21s
   12297    9.8311320e+02   0.000000e+00   1.323016e+07     27s
   12587    1.0917990e+03   0.000000e+00   9.746298e+07     31s
   12897    1.1994758e+03   0.000000e+00   2.596189e+06     36s
   13207    1.3305460e+03   0.000000e+00   8.427693e+05     41s
   13537    1.4655369e+03   0.000000e+00   1.758215e+07     47s
   13887    1.5875427e+03   0.000000e+00   1.835091e+06     54s
   14227    1.7407466e+03   0.000000e+00   3.219092e+06     62s
   14584    1.9091003e+03   0.000000e+00   1.200300e+06     72s
   14940    2.0776529e+03   0.000000e+00   2.014823e+07     81s
   15286    2.2087118e+03   0.000000e+00   1.575199e+07     92s
   15630    2.3916196e+03   0.000000e+00   6.393732e+06    103s
   15968    2.5444839e+03   0.000000e+00   2.644274e+06    116s
   16306    2.7125488e+03   0.000000e+00   3.791925e+07    128s
   16640    2.8428705e+03   0.000000e+00   1.523261e+06    142s
   16968    2.9610397e+03   0.000000e+00   8.138333e+06    157s
   17308    3.0914027e+03   0.000000e+00   4.342074e+05    169s
   17647    3.3552287e+03   0.000000e+00   7.247467e+05    182s
   17981    3.5596353e+03   0.000000e+00   2.674099e+06    196s
   18310    3.6980579e+03   0.000000e+00   1.082781e+06    210s
   18633    3.8122559e+03   0.000000e+00   1.752744e+06    226s
   18955    3.9653338e+03   0.000000e+00   3.227566e+06    242s
   19277    4.1327775e+03   0.000000e+00   4.807314e+04    260s
   19601    4.3235463e+03   0.000000e+00   5.635025e+05    277s
   19924    4.4724994e+03   0.000000e+00   1.073553e+06    294s
   20243    4.6489097e+03   0.000000e+00   1.763359e+06    312s
   20558    4.8504607e+03   0.000000e+00   1.901486e+07    330s
   20872    4.9995034e+03   0.000000e+00   1.064763e+07    348s
   21196    5.1576510e+03   0.000000e+00   5.414774e+03    366s
   21532    5.3790048e+03   0.000000e+00   8.340145e+02    383s
   22056    5.5431303e+03   0.000000e+00   5.614331e+02    402s
Concurrent spin time: 0.01s

Solved with dual simplex

Root relaxation: objective 7.285804e+03, 53208 iterations, 406.70 seconds (1009.54 work units)
Total elapsed time = 420.32s

    Nodes    |    Current Node    |     Objective Bounds      |     Work
 Expl Unexpl |  Obj  Depth IntInf | Incumbent    BestBd   Gap | It/Node Time

     0     0 7285.80391    0 14983    1.00000 7285.80391      -     -  427s
     0     0 6194.09324    0 14504    1.00000 6194.09324      -     -  860s
H    0     0                    3098.0000000 6194.09324   100%     -  950s
     0     0 5511.32408    0 14426 3098.00000 5511.32408  77.9%     - 1041s
     0     0 4992.80102    0 14214 3098.00000 4992.80102  61.2%     - 1118s
     0     0 4617.16726    0 13912 3098.00000 4617.16726  49.0%     - 1185s
     0     0 4345.85421    0 13547 3098.00000 4345.85421  40.3%     - 1248s
     0     0 4135.87308    0 13231 3098.00000 4135.87308  33.5%     - 1307s
     0     0 3983.61558    0 12698 3098.00000 3983.61558  28.6%     - 1367s
     0     0 3880.14953    0 11940 3098.00000 3880.14953  25.2%     - 1419s
     0     0 3811.62669    0 11192 3098.00000 3811.62669  23.0%     - 1464s
     0     0 3783.29698    0 10584 3098.00000 3783.29698  22.1%     - 1498s
     0     0 3769.63235    0 9720 3098.00000 3769.63235  21.7%     - 1539s
     0     0 3750.55887    0 8324 3098.00000 3750.55887  21.1%     - 1564s
     0     0 3732.65295    0 7775 3098.00000 3732.65295  20.5%     - 1586s
     0     0 3714.03518    0 6201 3098.00000 3714.03518  19.9%     - 1605s
     0     0 3707.42326    0 6048 3098.00000 3707.42326  19.7%     - 1618s
     0     0 3705.81807    0 5813 3098.00000 3705.81807  19.6%     - 1626s
     0     0 3705.33127    0 5414 3098.00000 3705.33127  19.6%     - 1631s
     0     0 3705.12403    0 5502 3098.00000 3705.12403  19.6%     - 1634s
     0     0 3704.94500    0 5224 3098.00000 3704.94500  19.6%     - 1638s
     0     0 3529.87464    0 4403 3098.00000 3529.87464  13.9%     - 1801s
     0     0 3475.01557    0 4868 3098.00000 3475.01557  12.2%     - 1825s
     0     0 3455.54616    0 4694 3098.00000 3455.54616  11.5%     - 1841s
     0     0 3435.16942    0 4871 3098.00000 3435.16942  10.9%     - 1859s
     0     0 3419.04403    0 4438 3098.00000 3419.04403  10.4%     - 1875s
     0     0 3411.20245    0 4037 3098.00000 3411.20245  10.1%     - 1890s
     0     0 3409.22510    0 4034 3098.00000 3409.22510  10.0%     - 1898s
     0     0 3388.87719    0 5037 3098.00000 3388.87719  9.39%     - 2022s
H    0     0                    3119.0000000 3388.87719  8.65%     - 2108s
     0     0 3372.17101    0 5003 3119.00000 3372.17101  8.12%     - 2132s
     0     0 3365.15627    0 5629 3119.00000 3365.15627  7.89%     - 2152s
     0     0 3359.41438    0 5690 3119.00000 3359.41438  7.71%     - 2172s
     0     0 3355.88748    0 5587 3119.00000 3355.88748  7.59%     - 2188s
     0     0 3352.29574    0 5300 3119.00000 3352.29574  7.48%     - 2206s
     0     0 3349.25556    0 6179 3119.00000 3349.25556  7.38%     - 2228s
     0     0 3343.63646    0 5686 3119.00000 3343.63646  7.20%     - 2392s
     0     0 3338.82363    0 6363 3119.00000 3338.82363  7.05%     - 2415s
     0     0 3335.76356    0 6756 3119.00000 3335.76356  6.95%     - 2435s
     0     0 3333.13778    0 6775 3119.00000 3333.13778  6.87%     - 2458s
     0     0 3333.13778    0 6775 3119.00000 3333.13778  6.87%     - 2480s
     0     2 3329.17534    0 6775 3119.00000 3329.17534  6.74%     - 3071s
     1     4 3329.17534    1 6747 3119.00000 3329.17534  6.74%   164 3075s
     3     8 3329.17534    2 7077 3119.00000 3329.17534  6.74%  2191 3216s
     7    12 3325.26482    3 7424 3119.00000 3329.17534  6.74%  5819 3600s

Cutting planes:
  Gomory: 2
  Lift-and-project: 5
  Cover: 565
  Implied bound: 911
  MIR: 6157
  StrongCG: 166
  GUB cover: 2535
  RLT: 5578

Explored 12 nodes (221820 simplex iterations) in 3600.12 seconds (8192.36 work units)
Thread count was 8 (of 8 available processors)

Solution count 4: 3119 3098 1 -0 

Time limit reached
Best objective 3.119000000000e+03, best bound 3.327000000000e+03, gap 6.6688%
