
Gurobi 9.5.0 (win64) logging started Fri Mar 18 16:01:36 2022

Set parameter LogFile to value "../results/logs/log_2022_03_18_16_01.csv_4_250.log"
Set parameter LazyConstraints to value 1
Gurobi Optimizer version 9.5.0 build v9.5.0rc5 (win64)
Thread count: 6 physical cores, 12 logical processors, using up to 12 threads
Optimize a model with 14644 rows, 46266 columns and 52419 nonzeros
Model fingerprint: 0x4cf2c788
Variable types: 0 continuous, 46266 integer (46266 binary)
Coefficient statistics:
  Matrix range     [1e+00, 1e+00]
  Objective range  [1e+00, 1e+00]
  Bounds range     [1e+00, 1e+00]
  RHS range        [1e+00, 3e+02]
Found heuristic solution: objective 23133.000000

Explored 0 nodes (0 simplex iterations) in 0.01 seconds (0.00 work units)
Thread count was 1 (of 12 available processors)

Solution count 1: 23133 

Optimal solution found (tolerance 1.00e-04)
Best objective 2.313300000000e+04, best bound 2.313300000000e+04, gap 0.0000%

User-callback calls 21, time in user-callback 0.00 sec

Gurobi 9.5.0 (win64) logging started Fri Mar 18 16:01:38 2022

Set parameter LogFile to value "../results/logs/log_2022_03_18_16_01.csv_4_250.log"
Set parameter LazyConstraints to value 1
Gurobi Optimizer version 9.5.0 build v9.5.0rc5 (win64)
Thread count: 6 physical cores, 12 logical processors, using up to 12 threads
Optimize a model with 7226 rows, 24016 columns and 26458 nonzeros
Model fingerprint: 0xf15890f6
Variable types: 0 continuous, 24016 integer (24016 binary)
Coefficient statistics:
  Matrix range     [1e+00, 1e+00]
  Objective range  [1e+00, 1e+00]
  Bounds range     [1e+00, 1e+00]
  RHS range        [1e+00, 3e+02]
Found heuristic solution: objective 12008.000000

Explored 0 nodes (0 simplex iterations) in 0.01 seconds (0.00 work units)
Thread count was 1 (of 12 available processors)

Solution count 1: 12008 

Optimal solution found (tolerance 1.00e-04)
Best objective 1.200800000000e+04, best bound 1.200800000000e+04, gap 0.0000%

User-callback calls 21, time in user-callback 0.00 sec
