
Gurobi 9.5.1 (linux64) logging started Wed Mar  9 18:05:36 2022

Set parameter LogFile to value "../results/logs/log_2022_03_09_17_57.csv_11_20.log"
Set parameter Method to value 3
Gurobi Optimizer version 9.5.1 build v9.5.1rc2 (linux64)
Thread count: 8 physical cores, 8 logical processors, using up to 8 threads
Optimize a model with 79 rows, 9882 columns and 6345 nonzeros
Model fingerprint: 0x583ee7a0
Variable types: 4941 continuous, 4941 integer (4941 binary)
Coefficient statistics:
  Matrix range     [1e+00, 1e+01]
  Objective range  [1e+00, 1e+00]
  Bounds range     [1e+00, 1e+00]
  RHS range        [1e+00, 2e+01]
Found heuristic solution: objective -0.0000000
Presolve removed 66 rows and 9862 columns
Presolve time: 0.00s
Presolved: 13 rows, 20 columns, 64 nonzeros
Extracted 10 lazy constraints
Variable types: 8 continuous, 12 integer (12 binary)

Root relaxation: objective 1.300000e+01, 2 iterations, 0.00 seconds (0.00 work units)

    Nodes    |    Current Node    |     Objective Bounds      |     Work
 Expl Unexpl |  Obj  Depth IntInf | Incumbent    BestBd   Gap | It/Node Time

     0     0    8.39091    0    3   -0.00000    8.39091      -     -    0s
H    0     0                       5.0000000    8.39091  67.8%     -    0s
     0     0    7.20000    0    2    5.00000    7.20000  44.0%     -    0s
H    0     0                       7.0000000    7.20000  2.86%     -    0s
     0     0    7.20000    0    2    7.00000    7.20000  2.86%     -    0s

Cutting planes:
  Gomory: 2
  Implied bound: 1
  MIR: 3
  Lazy constraints: 9

Explored 1 nodes (18 simplex iterations) in 0.01 seconds (0.00 work units)
Thread count was 8 (of 8 available processors)

Solution count 3: 7 5 -0 

Optimal solution found (tolerance 1.00e-04)
Best objective 7.000000000000e+00, best bound 7.000000000000e+00, gap 0.0000%
