
Gurobi 9.5.0 (win64) logging started Mon Jul  4 11:15:31 2022

Set parameter LogFile to value "../results/logs/log_CA-CondMat_4_250_2022_07_04_11_15.log"
Gurobi Optimizer version 9.5.0 build v9.5.0rc5 (win64)
Thread count: 6 physical cores, 12 logical processors, using up to 12 threads
Optimize a model with 3759 rows, 46266 columns and 29114 nonzeros
Model fingerprint: 0x71c1eef6
Coefficient statistics:
  Matrix range     [1e+00, 4e+00]
  Objective range  [1e+00, 1e+00]
  Bounds range     [1e+00, 1e+00]
  RHS range        [1e+00, 3e+02]
Presolve removed 482 rows and 42936 columns
Presolve time: 0.03s
Presolved: 3277 rows, 3330 columns, 12098 nonzeros

Iteration    Objective       Primal Inf.    Dual Inf.      Time
       0    1.4643000e+04   4.110000e+02   0.000000e+00      0s
     750    1.4141317e+04   0.000000e+00   0.000000e+00      0s

Use crossover to convert LP symmetric solution to basic solution...
Crossover log...

       0 DPushes remaining with DInf 0.0000000e+00                 0s

     164 PPushes remaining with PInf 0.0000000e+00                 0s
       0 PPushes remaining with PInf 0.0000000e+00                 0s

  Push phase complete: Pinf 0.0000000e+00, Dinf 8.6597396e-15      0s

Iteration    Objective       Primal Inf.    Dual Inf.      Time
    1071    1.4141317e+04   0.000000e+00   0.000000e+00      0s

Solved in 1071 iterations and 0.07 seconds (0.03 work units)
Optimal objective  1.414131689e+04
