
Gurobi 9.5.1 (linux64) logging started Thu Jun  9 04:13:33 2022

Set parameter LogFile to value "../results/logs/log_Brightkite_edges_20_250_2022_06_09_02_13.log"
Gurobi Optimizer version 9.5.1 build v9.5.1rc2 (linux64)
Thread count: 8 physical cores, 8 logical processors, using up to 8 threads
Optimize a model with 7279 rows, 116456 columns and 326490 nonzeros
Model fingerprint: 0x731d5ace
Variable types: 0 continuous, 116456 integer (116456 binary)
Coefficient statistics:
  Matrix range     [1e+00, 2e+01]
  Objective range  [1e+00, 1e+00]
  Bounds range     [1e+00, 1e+00]
  RHS range        [1e+00, 2e+02]
Found heuristic solution: objective 947.0000000
Presolve removed 39 rows and 94618 columns
Presolve time: 0.34s
Presolved: 7240 rows, 21838 columns, 175162 nonzeros
Variable types: 0 continuous, 21838 integer (18850 binary)
Found heuristic solution: objective 1010.0000000
Warning: Markowitz tolerance tightened to 0.03125

Root relaxation: objective 3.361333e+03, 8261 iterations, 2.01 seconds (3.52 work units)

    Nodes    |    Current Node    |     Objective Bounds      |     Work
 Expl Unexpl |  Obj  Depth IntInf | Incumbent    BestBd   Gap | It/Node Time

     0     0 3361.33279    0 3052 1010.00000 3361.33279   233%     -    2s
H    0     0                    1019.0000000 3361.33279   230%     -    2s
H    0     0                    1031.0000000 3361.33279   226%     -    2s
H    0     0                    1414.0000000 2975.19239   110%     -   10s
     0     0 2975.19239    0 3125 1414.00000 2975.19239   110%     -   10s
H    0     0                    1610.0000000 2975.19239  84.8%     -   14s
     0     0 2757.97641    0 3222 1610.00000 2757.97641  71.3%     -   22s
     0     0 2672.90269    0 3332 1610.00000 2672.90269  66.0%     -   30s
     0     0 2606.38477    0 3472 1610.00000 2606.38477  61.9%     -   43s
     0     0 2595.03353    0 3586 1610.00000 2595.03353  61.2%     -   52s
     0     0 2593.02031    0 3628 1610.00000 2593.02031  61.1%     -   55s
     0     0 2592.73235    0 3664 1610.00000 2592.73235  61.0%     -   57s
     0     0 2592.65853    0 3675 1610.00000 2592.65853  61.0%     -   57s
     0     0 2579.48159    0 3967 1610.00000 2579.48159  60.2%     -   75s
     0     0 2577.83797    0 4042 1610.00000 2577.83797  60.1%     -   82s
     0     0 2577.58792    0 4062 1610.00000 2577.58792  60.1%     -   85s
     0     0 2497.10280    0 3848 1610.00000 2497.10280  55.1%     -  124s
H    0     0                    1634.0000000 2497.10280  52.8%     -  125s
H    0     0                    1639.0000000 2453.32155  49.7%     -  146s
     0     0 2453.32155    0 3867 1639.00000 2453.32155  49.7%     -  146s
H    0     0                    1650.0000000 2425.41863  47.0%     -  169s
H    0     0                    1659.0000000 2425.41863  46.2%     -  169s
H    0     0                    1664.0000000 2425.41863  45.8%     -  169s
H    0     0                    1670.0000000 2425.41863  45.2%     -  169s
     0     0 2425.41863    0 4014 1670.00000 2425.41863  45.2%     -  169s
H    0     0                    1672.0000000 2405.95947  43.9%     -  191s
H    0     0                    1673.0000000 2405.95947  43.8%     -  191s
H    0     0                    1677.0000000 2405.95947  43.5%     -  191s
H    0     0                    1684.0000000 2405.95947  42.9%     -  191s
H    0     0                    1689.0000000 2405.95947  42.4%     -  191s
H    0     0                    1691.0000000 2405.95947  42.3%     -  191s
     0     0 2405.95947    0 4073 1691.00000 2405.95947  42.3%     -  191s
H    0     0                    1702.0000000 2381.43406  39.9%     -  212s
H    0     0                    1706.0000000 2381.43406  39.6%     -  212s
H    0     0                    1707.0000000 2381.43406  39.5%     -  212s
     0     0 2381.43406    0 4163 1707.00000 2381.43406  39.5%     -  212s
     0     0 2363.48784    0 4204 1707.00000 2363.48784  38.5%     -  233s
     0     0 2351.21331    0 4243 1707.00000 2351.21331  37.7%     -  255s
H    0     0                    1708.0000000 2342.66299  37.2%     -  275s
H    0     0                    1711.0000000 2342.66299  36.9%     -  275s
     0     0 2342.66299    0 4351 1711.00000 2342.66299  36.9%     -  275s
H    0     0                    1722.0000000 2337.42834  35.7%     -  295s
     0     0 2337.42834    0 4468 1722.00000 2337.42834  35.7%     -  295s
     0     0 2335.26127    0 4528 1722.00000 2335.26127  35.6%     -  310s
     0     0 2334.54001    0 4608 1722.00000 2334.54001  35.6%     -  319s
H    0     0                    1725.0000000 2334.54001  35.3%     -  332s
H    0     0                    1726.0000000 2306.65659  33.6%     -  375s
H    0     0                    1727.0000000 2306.65659  33.6%     -  375s
     0     0 2306.65659    0 4498 1727.00000 2306.65659  33.6%     -  375s
H    0     0                    1729.0000000 2292.89617  32.6%     -  411s
H    0     0                    1730.0000000 2292.89617  32.5%     -  411s
H    0     0                    1731.0000000 2292.89617  32.5%     -  411s
H    0     0                    1735.0000000 2292.89617  32.2%     -  411s
     0     0 2292.89617    0 4640 1735.00000 2292.89617  32.2%     -  411s
H    0     0                    1736.0000000 2286.03163  31.7%     -  442s
H    0     0                    1738.0000000 2286.03163  31.5%     -  442s
H    0     0                    1740.0000000 2286.03163  31.4%     -  442s
     0     0 2286.03163    0 4728 1740.00000 2286.03163  31.4%     -  442s
H    0     0                    1741.0000000 2281.42108  31.0%     -  472s
H    0     0                    1742.0000000 2281.42108  31.0%     -  472s
H    0     0                    1743.0000000 2281.42108  30.9%     -  472s
     0     0 2281.42108    0 4800 1743.00000 2281.42108  30.9%     -  472s
     0     0 2274.43316    0 4840 1743.00000 2274.43316  30.5%     -  507s
     0     0 2268.37279    0 4838 1743.00000 2268.37279  30.1%     -  536s
     0     0 2264.21382    0 4908 1743.00000 2264.21382  29.9%     -  564s
     0     0 2261.04030    0 5045 1743.00000 2261.04030  29.7%     -  594s
     0     0 2258.28513    0 5136 1743.00000 2258.28513  29.6%     -  626s
     0     0 2256.15700    0 5140 1743.00000 2256.15700  29.4%     -  658s
     0     0 2254.85404    0 5181 1743.00000 2254.85404  29.4%     -  683s
H    0     0                    1744.0000000 2241.45761  28.5%     -  748s
     0     0 2241.45761    0 5074 1744.00000 2241.45761  28.5%     -  748s
     0     0 2236.19882    0 5295 1744.00000 2236.19882  28.2%     -  806s
     0     0 2233.68630    0 5448 1744.00000 2233.68630  28.1%     -  852s
     0     0 2230.84133    0 5478 1744.00000 2230.84133  27.9%     -  898s
     0     0 2229.12876    0 5564 1744.00000 2229.12876  27.8%     -  934s
     0     0 2227.80744    0 5669 1744.00000 2227.80744  27.7%     -  972s
H    0     0                    1745.0000000 2219.06190  27.2%     - 1055s
H    0     0                    1746.0000000 2219.06190  27.1%     - 1055s
     0     0 2219.06190    0 5421 1746.00000 2219.06190  27.1%     - 1055s
     0     0 2214.84351    0 5523 1746.00000 2214.84351  26.9%     - 1108s
     0     0 2212.95945    0 5668 1746.00000 2212.95945  26.7%     - 1152s
     0     0 2209.48324    0 5754 1746.00000 2209.48324  26.5%     - 1217s
H    0     0                    1747.0000000 2207.52591  26.4%     - 1263s
H    0     0                    1748.0000000 2207.52591  26.3%     - 1263s
H    0     0                    1750.0000000 2207.52591  26.1%     - 1263s
     0     0 2207.52591    0 5816 1750.00000 2207.52591  26.1%     - 1263s
     0     0 2205.51047    0 5845 1750.00000 2205.51047  26.0%     - 1314s
     0     0 2203.80659    0 5892 1750.00000 2203.80659  25.9%     - 1361s
     0     0 2202.53406    0 5899 1750.00000 2202.53406  25.9%     - 1405s
     0     0 2196.99823    0 5748 1750.00000 2196.99823  25.5%     - 1482s
     0     0 2194.16556    0 5846 1750.00000 2194.16556  25.4%     - 1543s
     0     0 2192.79331    0 5962 1750.00000 2192.79331  25.3%     - 1596s
     0     0 2189.41032    0 5819 1750.00000 2189.41032  25.1%     - 1662s
     0     0 2189.41032    0 5818 1750.00000 2189.41032  25.1%     - 1666s
H    0     0                    1753.0000000 2189.36592  24.9%     - 1817s
     0     2 2189.36592    0 5818 1753.00000 2189.36592  24.9%     - 1817s
     1     4 2189.35424    1 5747 1753.00000 2189.36592  24.9%  1077 1821s
     3     8 2187.40299    2 5961 1753.00000 2189.35367  24.9%  5425 1873s
     7    16 2185.23378    3 6443 1753.00000 2187.40289  24.8% 11513 2016s
    15    24 2176.97569    4 6661 1753.00000 2185.23309  24.7% 20171 2407s
    23    32 2176.61181    4 6615 1753.00000 2185.00165  24.6% 34023 3048s
H   31    40                    1763.0000000 2184.42003  23.9% 32361 3108s
H   33    40                    1765.0000000 2184.42003  23.8% 30570 3108s
    39    48 2176.60239    6 6647 1765.00000 2184.42003  23.8% 26731 3173s
    47    57 2176.71426    6 6637 1765.00000 2184.42003  23.8% 23077 3305s
    56    65 2176.58064    7 6630 1765.00000 2184.42003  23.8% 20225 3494s
    64    78 2176.57608    7 6620 1765.00000 2184.42003  23.8% 18170 3578s
H   65    78                    1768.0000000 2184.42003  23.6% 17890 3578s
    77    80 2170.77192   13 6512 1768.00000 2184.42003  23.6% 15814 3600s

Cutting planes:
  Gomory: 3
  Cover: 869
  Implied bound: 149
  Clique: 4
  MIR: 2548
  StrongCG: 148
  GUB cover: 2999
  Zero half: 23
  Mod-K: 4
  RLT: 3961

Explored 79 nodes (1750727 simplex iterations) in 3600.02 seconds (5228.55 work units)
Thread count was 8 (of 8 available processors)

Solution count 10: 1768 1765 1763 ... 1744

Time limit reached
Best objective 1.768000000000e+03, best bound 2.184000000000e+03, gap 23.5294%
