
Gurobi 9.5.1 (linux64) logging started Sat Jun 25 13:52:11 2022

Set parameter LogFile to value "../results/logs/log_socfb-Northeastern19_33_250_2022_06_25_12_51.log"
Gurobi Optimizer version 9.5.1 build v9.5.1rc2 (linux64)
Thread count: 8 physical cores, 8 logical processors, using up to 8 threads
Optimize a model with 2493 rows, 27764 columns and 107718 nonzeros
Model fingerprint: 0x8f4032ac
Variable types: 0 continuous, 27764 integer (27764 binary)
Coefficient statistics:
  Matrix range     [1e+00, 3e+01]
  Objective range  [1e+00, 1e+00]
  Bounds range     [1e+00, 1e+00]
  RHS range        [1e+00, 2e+02]
Found heuristic solution: objective 7008.0000000
Presolve removed 50 rows and 22259 columns
Presolve time: 0.06s
Presolved: 2443 rows, 5505 columns, 28996 nonzeros
Variable types: 0 continuous, 5505 integer (5094 binary)
Found heuristic solution: objective 7199.0000000

Root relaxation: objective 7.946686e+03, 3388 iterations, 0.13 seconds (0.17 work units)

    Nodes    |    Current Node    |     Objective Bounds      |     Work
 Expl Unexpl |  Obj  Depth IntInf | Incumbent    BestBd   Gap | It/Node Time

     0     0 7946.68645    0  916 7199.00000 7946.68645  10.4%     -    0s
H    0     0                    7205.0000000 7946.68645  10.3%     -    0s
H    0     0                    7218.0000000 7946.68645  10.1%     -    0s
H    0     0                    7399.0000000 7946.68645  7.40%     -    1s
H    0     0                    7465.0000000 7946.68645  6.45%     -    1s
H    0     0                    7467.0000000 7946.68645  6.42%     -    1s
H    0     0                    7489.0000000 7946.68645  6.11%     -    1s
H    0     0                    7494.0000003 7946.68645  6.04%     -    1s
H    0     0                    7496.0000000 7946.68645  6.01%     -    1s
H    0     0                    7497.0000000 7946.68645  6.00%     -    1s
H    0     0                    7502.0000000 7946.68645  5.93%     -    1s
H    0     0                    7503.0000000 7946.68645  5.91%     -    1s
H    0     0                    7508.0000000 7800.15263  3.89%     -    2s
H    0     0                    7511.0000000 7800.15263  3.85%     -    2s
     0     0 7773.26060    0 1314 7511.00000 7773.26060  3.49%     -    2s
H    0     0                    7512.0000000 7773.26060  3.48%     -    2s
H    0     0                    7525.0000000 7773.26060  3.30%     -    2s
H    0     0                    7528.0000000 7762.98637  3.12%     -    3s
     0     0 7762.98637    0 1362 7528.00000 7762.98637  3.12%     -    3s
H    0     0                    7530.0000000 7760.40219  3.06%     -    4s
     0     0 7760.40219    0 1389 7530.00000 7760.40219  3.06%     -    4s
     0     0 7760.21291    0 1388 7530.00000 7760.21291  3.06%     -    4s
     0     0 7760.14549    0 1395 7530.00000 7760.14549  3.06%     -    4s
H    0     0                    7534.0000000 7712.11384  2.36%     -    7s
H    0     0                    7535.0000000 7712.11384  2.35%     -    7s
H    0     0                    7536.0000000 7712.11384  2.34%     -    7s
     0     0 7712.11384    0 1508 7536.00000 7712.11384  2.34%     -    7s
H    0     0                    7541.0000000 7695.30138  2.05%     -    9s
H    0     0                    7543.0000000 7695.30138  2.02%     -    9s
     0     0 7695.30138    0 1591 7543.00000 7695.30138  2.02%     -    9s
H    0     0                    7545.0000000 7691.49349  1.94%     -   10s
H    0     0                    7546.0000000 7691.49349  1.93%     -   10s
H    0     0                    7549.0000000 7691.49349  1.89%     -   10s
     0     0 7691.49349    0 1667 7549.00000 7691.49349  1.89%     -   10s
H    0     0                    7550.0000000 7690.18931  1.86%     -   11s
     0     0 7690.18931    0 1660 7550.00000 7690.18931  1.86%     -   11s
H    0     0                    7551.0000000 7689.81800  1.84%     -   12s
     0     0 7689.81800    0 1688 7551.00000 7689.81800  1.84%     -   12s
     0     0 7689.64459    0 1721 7551.00000 7689.64459  1.84%     -   12s
H    0     0                    7555.0000000 7676.22830  1.60%     -   17s
H    0     0                    7556.0000000 7676.22830  1.59%     -   17s
     0     0 7676.22830    0 1799 7556.00000 7676.22830  1.59%     -   17s
H    0     0                    7561.0000000 7676.22830  1.52%     -   17s
     0     0 7672.40050    0 1802 7561.00000 7672.40050  1.47%     -   19s
H    0     0                    7563.0000000 7670.71803  1.42%     -   20s
     0     0 7670.71803    0 1895 7563.00000 7670.71803  1.42%     -   20s
     0     0 7670.15995    0 1947 7563.00000 7670.15995  1.42%     -   21s
H    0     0                    7564.0000000 7669.78745  1.40%     -   22s
     0     0 7669.78745    0 1958 7564.00000 7669.78745  1.40%     -   22s
     0     0 7664.05122    0 1899 7564.00000 7664.05122  1.32%     -   25s
H    0     0                    7565.0000000 7661.73693  1.28%     -   27s
     0     0 7661.73693    0 1954 7565.00000 7661.73693  1.28%     -   27s
H    0     0                    7566.0000000 7660.55396  1.25%     -   29s
     0     0 7660.55396    0 1976 7566.00000 7660.55396  1.25%     -   29s
     0     0 7659.99777    0 2023 7566.00000 7659.99777  1.24%     -   30s
H    0     0                    7567.0000000 7659.74418  1.23%     -   31s
     0     0 7659.74418    0 2072 7567.00000 7659.74418  1.23%     -   31s
H    0     0                    7568.0000000 7656.03759  1.16%     -   36s
     0     0 7656.03759    0 1994 7568.00000 7656.03759  1.16%     -   36s
H    0     0                    7569.0000000 7656.03759  1.15%     -   36s
     0     0 7654.51216    0 2038 7569.00000 7654.51216  1.13%     -   38s
     0     0 7653.89693    0 2115 7569.00000 7653.89693  1.12%     -   39s
     0     0 7653.57903    0 2101 7569.00000 7653.57903  1.12%     -   40s
H    0     0                    7570.0000000 7653.57903  1.10%     -   41s
     0     0 7651.23054    0 2055 7570.00000 7651.23054  1.07%     -   44s
     0     0 7651.23054    0 2051 7570.00000 7651.23054  1.07%     -   44s
H    0     0                    7571.0000000 7651.22680  1.06%     -   48s
     0     2 7651.22680    0 2050 7571.00000 7651.22680  1.06%     -   48s
     3     8 7649.98276    2 2132 7571.00000 7651.14327  1.06%  2024   51s
     7    16 7648.85368    3 2245 7571.00000 7649.98260  1.04%  3077   55s
    23    32 7647.96918    4 2314 7571.00000 7648.05526  1.02%  4762   62s
    39    48 7646.99965    6 2267 7571.00000 7647.96914  1.02%  3785   66s
    47    59 7647.66705    6 2307 7571.00000 7647.96914  1.02%  3379   71s
    67    78 7647.53832    8 2286 7571.00000 7647.96914  1.02%  2863   76s
    88    97 7646.02758   10 2250 7571.00000 7647.96914  1.02%  2565   80s
H  112   118                    7572.0000000 7647.96914  1.00%  2454   84s
H  114   118                    7573.0000000 7647.96914  0.99%  2437   84s
   117   128 7646.20942   11 2274 7573.00000 7647.96914  0.99%  2422   87s
   127   143 7643.34716   12 2136 7573.00000 7647.96914  0.99%  2457   90s
H  153   155                    7574.0000000 7647.96914  0.98%  2261   91s
   169   185 7645.30281   14 2230 7574.00000 7647.96914  0.98%  2180   96s
H  184   201                    7575.0000000 7647.96914  0.96%  2110   98s
   200   219 7644.75352   16 2202 7575.00000 7647.96914  0.96%  2068  100s
   236   255 7644.36481   18 2187 7575.00000 7647.96914  0.96%  1964  105s
   295   324 7642.80706   21 2108 7575.00000 7647.96914  0.96%  1800  112s
H  342   352                    7576.0000000 7647.96914  0.95%  1674  114s
   351   383 7643.16806   24 2183 7576.00000 7647.96914  0.95%  1648  116s
H  382   391                    7577.0000000 7647.96914  0.94%  1581  121s
   425   466 7642.40510   30 2121 7577.00000 7647.96914  0.94%  1500  127s
H  428   466                    7578.0000000 7647.96914  0.92%  1494  127s
   465   518 7642.31989   32 2105 7578.00000 7647.96914  0.92%  1430  130s
H  520   565                    7579.0000000 7647.96914  0.91%  1336  132s
   564   616 7641.62956   38 2075 7579.00000 7647.96914  0.91%  1275  135s
   660   701 7640.86132   48 1977 7579.00000 7647.96914  0.91%  1180  141s
H  700   743                    7580.0000000 7647.96914  0.90%  1161  144s
   742   800 7639.76542   53 1946 7580.00000 7647.96914  0.90%  1144  148s
   799   872 7639.47895   59 1951 7580.00000 7647.96914  0.90%  1110  151s
H  949   959                    7581.0000000 7647.96914  0.88%  1012  154s
   958  1029 7638.69346   77 1885 7581.00000 7647.96914  0.88%  1005  158s
H 1028  1037                    7583.0000000 7647.96914  0.86%   975  175s
H 1087  1117                    7584.0000000 7647.96914  0.84%   962  178s
  1116  1211 7637.53753   85 1772 7584.00000 7647.96914  0.84%   944  182s
  1210  1311 7637.00087   90 1787 7584.00000 7647.96914  0.84%   909  185s
  1409  1527 7635.59519  100 1649 7584.00000 7647.96914  0.84%   846  191s
  1526  1614 7634.05970  108 1621 7584.00000 7647.96914  0.84%   811  195s
  1619  1702 7633.01887  117 1618 7584.00000 7647.96914  0.84%   794  200s
  1791  1904 7631.66581  123 1652 7584.00000 7647.96914  0.84%   775  209s
  1909  2039 7630.90337  135 1590 7584.00000 7647.96914  0.84%   756  213s
  2044  2170 7629.68302  144 1529 7584.00000 7647.96914  0.84%   733  217s
  2175  2276 7628.56718  156 1447 7584.00000 7647.96914  0.84%   715  222s
  2299  2352 7627.81770  164 1455 7584.00000 7647.96914  0.84%   704  227s
  2385  2430 7626.95799  173 1391 7584.00000 7647.96914  0.84%   705  232s
  2463  2547 7624.81625  182 1334 7584.00000 7647.96914  0.84%   708  237s
  2580  2682 7613.58065  200 1300 7584.00000 7647.96914  0.84%   702  242s
  2715  2831 7623.50158  216 1349 7584.00000 7647.96914  0.84%   692  248s
  2864  2976 7622.58509  237 1302 7584.00000 7647.96914  0.84%   681  253s
  3009  3176 7620.76498  249 1290 7584.00000 7647.96914  0.84%   674  259s
  3209  3403 7620.37846  278 1204 7584.00000 7647.96914  0.84%   656  264s
  3436  3654 7618.43204  309 1203 7584.00000 7647.96914  0.84%   638  270s
  3687  3953 7617.24543  347 1115 7584.00000 7647.96914  0.84%   619  276s
  3986  4057 7613.92268  411  972 7584.00000 7647.96914  0.84%   597  284s
  4090  4472 7612.21189  434  913 7584.00000 7647.96914  0.84%   592  290s
  4505  4877 7605.32513  506  750 7584.00000 7647.96914  0.84%   562  296s
  4910  5367 7597.42410  588  635 7584.00000 7647.96914  0.84%   537  302s
  5404  5905 7588.88680  676  441 7584.00000 7647.96413  0.84%   507  310s
  5974  6232 7645.74705   10 2290 7584.00000 7647.81149  0.84%   479  316s
  6301  6662 7643.66918   15 2281 7584.00000 7647.81149  0.84%   468  324s
  6753  7002 7641.42841   21 2191 7584.00000 7647.81149  0.84%   451  337s
H 7025  6972                    7586.0000000 7647.81149  0.81%   442  337s
  7109  7067 7639.16575   29 2162 7586.00000 7647.81149  0.81%   442  346s
H 7230  6966                    7587.0000000 7647.81149  0.80%   448  351s
  7231  6967 7593.26708  678 2051 7587.00000 7647.81149  0.80%   448  362s
  7234  6969 7591.69679  534 1284 7587.00000 7647.81149  0.80%   448  365s
  7236  6970 7610.29113  340 1749 7587.00000 7647.81149  0.80%   448  370s
  7238  6972 7634.31187  107 2036 7587.00000 7647.81149  0.80%   447  375s
  7241  6974 7627.22694   53 2173 7587.00000 7647.81149  0.80%   447  380s
  7248  6978 7609.69382  273 2298 7587.00000 7647.81149  0.80%   447  385s
  7249  6979 7598.26645  619 1984 7587.00000 7643.94094  0.75%   447  390s
  7252  6981 7626.32725   25 2129 7587.00000 7641.01162  0.71%   447  395s
  7259  6986 7606.63977  497 2207 7587.00000 7640.36735  0.70%   446  400s
  7261  6987 7612.08884  409 2166 7587.00000 7638.00422  0.67%   446  406s
  7265  6990 7629.04460  159 2272 7587.00000 7637.10625  0.66%   446  410s
  7270  6993 7620.20162  280 2184 7587.00000 7635.96637  0.65%   446  417s
  7273  6995 7621.18447  252 2283 7587.00000 7635.22342  0.64%   445  420s
  7279  6999 7632.78835   96 2241 7587.00000 7634.22617  0.62%   445  428s
  7281  7000 7589.16524  725 2340 7587.00000 7633.73686  0.62%   445  431s
  7287  7004 7618.03079  194 2411 7587.00000 7633.50107  0.61%   444  435s
  7290  7006 7620.99467  289 2316 7587.00000 7632.50541  0.60%   444  440s
  7295  7010 7614.56474  217 2292 7587.00000 7631.99770  0.59%   444  446s
  7301  7014 7588.71090  583 2476 7587.00000 7631.57711  0.59%   444  451s
  7304  7016 7602.74390  412 2387 7587.00000 7631.04149  0.58%   443  455s
  7309  7019 7593.65081  514 2343 7587.00000 7630.69209  0.58%   443  460s
  7315  7023 7609.36269  285 2440 7587.00000 7630.33802  0.57%   443  465s
  7319  7026 7629.93291   99 2388 7587.00000 7629.93291  0.57%   443  470s
  7324  7029 7607.56852  278 2321 7587.00000 7629.61793  0.56%   442  476s
  7329  7032 7618.29417  360 2406 7587.00000 7629.37633  0.56%   442  480s
  7334  7036 7591.69679  534 2458 7587.00000 7629.05375  0.55%   442  486s
  7337  7038 7598.19187  430 2425 7587.00000 7628.78805  0.55%   441  490s
  7342  7041 7628.51439   14 2455 7587.00000 7628.51439  0.55%   441  495s
  7347  7044 7605.93094  331 2415 7587.00000 7628.26053  0.54%   441  500s
  7353  7048 7614.32123  217 2449 7587.00000 7627.96133  0.54%   440  505s
  7358  7052 7619.71591  325 2398 7587.00000 7627.74206  0.54%   440  510s
  7364  7056 7593.78062  506 2470 7587.00000 7627.55027  0.53%   440  515s
  7369  7059 7627.32087   11 2461 7587.00000 7627.32087  0.53%   440  520s
  7375  7063 7595.64538  614 2428 7587.00000 7627.04369  0.53%   439  526s
  7379  7066 7626.84700   96 2314 7587.00000 7626.84700  0.53%   439  530s
  7384  7069 7611.59756  456 2383 7587.00000 7626.63812  0.52%   439  535s
  7392  7075 7619.79279  287  918 7587.00000 7626.51857  0.52%   474  541s
  7394  7077 7626.51857    9 1389 7587.00000 7626.51857  0.52%   474  546s
  7396  7078 7590.92427  350 1755 7587.00000 7626.51857  0.52%   474  551s
  7398  7079 7609.52110  241 1974 7587.00000 7626.51857  0.52%   474  556s
  7400  7081 7588.28570  591 2174 7587.00000 7626.51857  0.52%   474  560s
  7405  7084 7626.42226   39 2288 7587.00000 7626.42226  0.52%   473  565s
  7409  7087 7593.65081  514 2332 7587.00000 7626.25194  0.52%   473  570s
  7413  7089 7626.04064   35 2303 7587.00000 7626.04064  0.51%   473  575s
  7418  7093 7602.33116  544 2328 7587.00000 7625.78394  0.51%   473  581s
  7422  7095 7615.08404  367 2282 7587.00000 7625.56000  0.51%   472  586s
  7426  7098 7615.46093  380 2348 7587.00000 7625.41156  0.51%   472  590s
  7430  7101 7617.29695  256 2410 7587.00000 7625.22125  0.50%   472  596s
  7432  7102 7616.36491  264 2407 7587.00000 7625.07976  0.50%   472  600s
  7435  7104 7614.11686  216 2311 7587.00000 7624.90149  0.50%   471  605s
  7439  7107 7612.09918  234 2392 7587.00000 7624.71205  0.50%   471  610s
  7444  7110 7624.52421   97 2459 7587.00000 7624.52421  0.49%   471  616s
  7448  7113 7609.69382  273 2465 7587.00000 7624.37523  0.49%   471  621s
  7451  7115 7597.96334  425 2472 7587.00000 7624.21304  0.49%   470  625s
  7455  7117 7588.85959  353 2458 7587.00000 7624.10805  0.49%   470  630s
  7457  7119 7624.02135   78 2389 7587.00000 7624.02135  0.49%   470  635s
  7459  7120 7606.63977  497 2377 7587.00000 7624.02095  0.49%   470  659s
  7460  7124 7623.94784   25 2228 7587.00000 7624.02069  0.49%   487  665s
  7462  7127 7623.88829   26 2300 7587.00000 7623.94664  0.49%   487  674s
  7466  7134 7623.29106   27 2227 7587.00000 7623.85352  0.49%   489  687s
  7474  7139 7620.98004   28 2107 7587.00000 7623.29023  0.48%   497  695s
  7482  7144 7622.21326   28 2260 7587.00000 7622.58751  0.47%   508  701s
  7490  7150 7618.49503   29 2180 7587.00000 7622.21322  0.46%   515  705s
  7498  7155 7622.21257   29 2259 7587.00000 7622.21257  0.46%   517  710s
  7514  7168 7621.80687   30 2188 7587.00000 7621.92022  0.46%   522  717s
  7533  7182 7621.90381   31 2210 7587.00000 7621.90381  0.46%   526  722s
  7545  7191 7619.61122   32 2183 7587.00000 7621.90379  0.46%   529  726s
  7572  7213 7621.79888   34 2194 7587.00000 7621.90379  0.46%   532  733s
  7589  7227 7621.73663   35 2188 7587.00000 7621.90379  0.46%   535  736s
  7608  7236 7621.60835   36 2183 7587.00000 7621.90379  0.46%   536  740s
  7643  7264 7621.60176   38 2165 7587.00000 7621.90379  0.46%   540  747s
  7663  7275 7621.60090   39 2161 7587.00000 7621.90379  0.46%   543  750s
  7699  7304 7621.47502   41 2140 7587.00000 7621.90379  0.46%   547  755s
  7747  7339 7621.35461   44 2129 7587.00000 7621.90379  0.46%   550  761s
  7773  7369 7621.34817   46 2130 7587.00000 7621.90379  0.46%   552  766s
  7812  7399 7621.27212   48 2127 7587.00000 7621.90379  0.46%   555  771s
  7855  7430 7621.21968   50 2147 7587.00000 7621.90379  0.46%   558  776s
  7900  7454 7621.14545   52 2141 7587.00000 7621.90379  0.46%   561  782s
  7939  7492 7621.08378   54 2120 7587.00000 7621.90379  0.46%   564  788s
  7990  7524 7619.83318   57 2073 7587.00000 7621.90379  0.46%   567  793s
  8039  7553 7620.73936   59 2125 7587.00000 7621.90379  0.46%   570  798s
  8084  7598 7620.58046   61 2095 7587.00000 7621.90379  0.46%   574  804s
  8144  7637 7620.30389   64 2095 7587.00000 7621.90379  0.46%   577  810s
  8203  7676 7620.25917   67 2112 7587.00000 7621.90379  0.46%   580  816s
  8262  7720 7619.54005   70 2076 7587.00000 7621.90379  0.46%   583  822s
  8326  7744 7620.04293   73 2060 7587.00000 7621.90379  0.46%   585  833s
  8387  7762 7619.67984   75 1999 7587.00000 7621.90379  0.46%   589  840s
  8425  7804 7619.52891   76 2025 7587.00000 7621.90379  0.46%   594  847s
  8480  7846 7619.46950   79 2009 7587.00000 7621.90379  0.46%   599  853s
  8542  7901 7619.25301   82 1942 7587.00000 7621.90379  0.46%   602  860s
  8618  7962 7618.81917   85 1941 7587.00000 7621.90379  0.46%   604  868s
  8704  8015 7618.71762   89 1934 7587.00000 7621.90379  0.46%   607  876s
  8788  8077 7618.54734   92 1928 7587.00000 7621.90379  0.46%   611  884s
  8880  8130 7618.39665   96 1938 7587.00000 7621.90379  0.46%   614  896s
  8972  8156 7617.45843   99 1917 7587.00000 7621.90379  0.46%   618  907s
  9029  8186 7617.39471  100 1941 7587.00000 7621.90379  0.46%   621  921s
  9094  8193 7616.50604  103 1885 7587.00000 7621.90379  0.46%   628  931s
  9123  8227 7615.81100  105 1885 7587.00000 7621.90379  0.46%   637  941s
  9167  8277 7615.66827  108 1874 7587.00000 7621.90379  0.46%   644  953s
  9231  8333 7615.24639  113 1806 7587.00000 7621.90379  0.46%   653  964s
  9309  8389 7614.99547  118 1837 7587.00000 7621.90379  0.46%   659  974s
  9391  8447 7614.20913  123 1758 7587.00000 7621.90379  0.46%   666  985s
  9476  8519 7613.63435  129 1737 7587.00000 7621.90379  0.46%   673  997s
  9576  8594 7613.13927  135 1721 7587.00000 7621.90379  0.46%   680 1009s
  9685  8705 7612.60115  140 1650 7587.00000 7621.90379  0.46%   686 1020s
  9832  8754 7611.94440  149 1613 7587.00000 7621.90379  0.46%   691 1038s
  9949  8787 7610.71543  155 1536 7587.00000 7621.90379  0.46%   699 1051s
 10021  8880 7610.46886  161 1508 7587.00000 7621.90379  0.46%   710 1065s
 10138  8982 7609.63355  171 1417 7587.00000 7621.90379  0.46%   718 1080s
 10279  9106 7608.64191  185 1359 7587.00000 7621.90379  0.46%   725 1094s
 10450  9266 7607.50218  201 1308 7587.00000 7621.90379  0.46%   731 1108s
 10667  9419 7603.04727  219 1218 7587.00000 7621.90379  0.46%   734 1123s
 10892  9636 7605.41186  234 1168 7587.00000 7621.90379  0.46%   738 1137s
 11184  9772 7603.66561  256 1108 7587.00000 7621.90379  0.46%   737 1159s
 11436  9885 7601.38596  279 1078 7587.00000 7621.90379  0.46%   740 1178s
 11635 10093 7598.79885  303  994 7587.00000 7621.90379  0.46%   747 1196s
 11911 10270 7597.05418  329  954 7587.00000 7621.90379  0.46%   750 1214s
 12223 10356 7592.63934  358  911 7587.00000 7621.80684  0.46%   750 1239s
 12475 10431 7619.51737   33 2370 7587.00000 7621.80684  0.46%   755 1261s
 12634 10650 7616.19009   41 2076 7587.00000 7621.80684  0.46%   764 1283s
 12906 10891 7610.86764   56 1637 7587.00000 7621.80684  0.46%   770 1303s
 13243 11275 7602.36619   77 1464 7587.00000 7621.80684  0.46%   771 1330s
 13745 11450 7593.59121  129 1074 7587.00000 7621.67578  0.46%   766 1359s
 14137 11572 7619.21636   32 2450 7587.00000 7621.43980  0.45%   766 1386s
 14431 11829 7616.82960   41 2288 7587.00000 7621.43980  0.45%   773 1420s
 14814 11861 7612.97816   61 1918 7587.00000 7621.43980  0.45%   777 1538s
H14816 11426                    7588.0000000 7621.43980  0.44%   777 1538s
 14987 12052 7612.88363   62 1893 7588.00000 7621.43980  0.44%   776 1581s
 15719 12006 7605.35919  111 1410 7588.00000 7621.43980  0.44%   773 1624s
 15965 12405 7601.41660  130 1268 7588.00000 7621.36812  0.44%   772 1662s
 16546 12364 7617.86700   42 2397 7588.00000 7621.15651  0.44%   770 1702s
 16713 12649 7607.62917   60 1811 7588.00000 7621.15651  0.44%   784 1741s
 17054 12814 7598.06301   97 1518 7588.00000 7621.13762  0.44%   795 1796s
 17422 12910 7617.71278   35 2363 7588.00000 7621.12761  0.44%   806 1843s
 17667 13229 7612.59042   49 2148 7588.00000 7621.12761  0.44%   819 1890s
 18087 13410 7604.19232   84 1579 7588.00000 7621.11799  0.44%   829 1944s
 18495 13561 7617.71036   33 2463 7588.00000 7621.09133  0.44%   841 2000s
 18782 13902 7616.03867   37 2333 7588.00000 7621.09133  0.44%   855 2057s
 19226 14162 7610.86189   41 2112 7588.00000 7621.09133  0.44%   867 2117s
 19711 14273 7606.72411   50 1875 7588.00000 7621.09133  0.44%   879 2179s
 20041 14676 7592.37869   65 1481 7588.00000 7620.97954  0.43%   895 2241s
 20608 15163 7605.97045   56 1578 7588.00000 7620.95433  0.43%   904 2313s
 21425 15253 7616.40332   32 2276 7588.00000 7620.90406  0.43%   905 2383s
 21803 15981 7607.60919   75 1635 7588.00000 7620.89468  0.43%   920 2459s
 22803 16095 7615.26448   51 2273 7588.00000 7620.86004  0.43%   918 2534s
 23267 16880 7603.87374  104 1480 7588.00000 7620.72516  0.43%   931 2616s
 24344 17115 7614.81712   41 2228 7588.00000 7620.61028  0.43%   927 2695s
 24951 17825 7597.84242  111 1201 7588.00000 7620.56440  0.43%   937 2782s
 25985 17991 7609.42010   64 2025 7588.00000 7620.49731  0.43%   934 2875s
 26601 18207 7616.00061   40 2326 7588.00000 7620.48617  0.43%   947 2972s
 27043 18864 7603.08438   96 1596 7588.00000 7620.47588  0.43%   964 3070s
 27957 19631 7612.41115   50 2179 7588.00000 7620.40815  0.43%   969 3166s
 29027 20276 7592.83900  156  926 7588.00000 7620.40750  0.43%   969 3262s
 29730 21054 7609.67581   62 1956 7588.00000 7620.27858  0.43%   978 3391s
 30642 21416 7615.97827   40 2335 7588.00000 7620.22536  0.42%   987 3519s
 31004 21791 7611.72978   52 2076 7588.00000 7620.22536  0.42%  1012 3600s

Cutting planes:
  Gomory: 47
  Cover: 102
  Implied bound: 19
  Clique: 2
  MIR: 1162
  StrongCG: 44
  Flow cover: 2890
  GUB cover: 595
  Inf proof: 1
  Zero half: 30
  RLT: 642
  Relax-and-lift: 17

Explored 31379 nodes (32246033 simplex iterations) in 3600.02 seconds (7656.46 work units)
Thread count was 8 (of 8 available processors)

Solution count 10: 7588 7587 7586 ... 7577

Time limit reached
Best objective 7.588000000000e+03, best bound 7.620000000000e+03, gap 0.4217%
