
Gurobi 9.5.0 (win64) logging started Tue Dec  7 12:38:44 2021

Set parameter LogFile to value "../results/logs/log_2021_12_07_12_26.csv_5_25.log"
Set parameter Method to value 3
Gurobi Optimizer version 9.5.0 build v9.5.0rc5 (win64)
Thread count: 6 physical cores, 12 logical processors, using up to 12 threads
Optimize a model with 1783 rows, 9882 columns and 22585 nonzeros
Model fingerprint: 0xfeb482bc
Variable types: 4941 continuous, 4941 integer (4941 binary)
Coefficient statistics:
  Matrix range     [1e+00, 5e+00]
  Objective range  [1e+00, 1e+00]
  Bounds range     [1e+00, 1e+00]
  RHS range        [1e+00, 3e+01]
Found heuristic solution: objective 12.0000000
Presolve removed 944 rows and 8566 columns
Presolve time: 0.04s
Presolved: 839 rows, 1316 columns, 4810 nonzeros
Variable types: 741 continuous, 575 integer (555 binary)
Found heuristic solution: objective 19.0000000

Concurrent LP optimizer: primal simplex, dual simplex, and barrier
Showing barrier log only...

Root barrier log...

Ordering time: 0.00s

Barrier statistics:
 AA' NZ     : 3.463e+03
 Factor NZ  : 9.369e+03 (roughly 1 MB of memory)
 Factor Ops : 1.271e+05 (less than 1 second per iteration)
 Threads    : 1

                  Objective                Residual
Iter       Primal          Dual         Primal    Dual     Compl     Time
   0   1.41512797e+03  1.81426562e+03  1.04e+03 8.41e-01  5.42e+00     0s
   1   3.79323707e+02  1.54870269e+03  1.80e+02 2.66e-15  1.08e+00     0s
   2   1.91083114e+02  4.08736218e+02  2.98e+01 3.33e-15  1.65e-01     0s
   3   1.25775432e+02  1.71396833e+02  6.66e+00 3.22e-15  3.94e-02     0s
   4   1.03947614e+02  1.19399891e+02  6.53e-01 4.00e-15  7.12e-03     0s
   5   1.03328812e+02  1.08119905e+02  1.29e-01 3.22e-15  1.91e-03     0s
   6   1.03457197e+02  1.04396033e+02  6.72e-02 2.96e-15  5.25e-04     0s
   7   1.03587541e+02  1.03805093e+02  9.42e-03 4.34e-15  9.90e-05     0s

Barrier performed 7 iterations in 0.07 seconds (0.04 work units)
Barrier solve interrupted - model solved by another algorithm


Solved with primal simplex

Root relaxation: objective 1.036385e+02, 691 iterations, 0.01 seconds (0.01 work units)

    Nodes    |    Current Node    |     Objective Bounds      |     Work
 Expl Unexpl |  Obj  Depth IntInf | Incumbent    BestBd   Gap | It/Node Time

     0     0  103.63851    0  263   19.00000  103.63851   445%     -    0s
H    0     0                      42.0000000  103.63851   147%     -    0s
H    0     0                      45.0000000   69.14591  53.7%     -    0s
     0     0   69.14591    0  116   45.00000   69.14591  53.7%     -    0s
     0     0   68.33187    0  105   45.00000   68.33187  51.8%     -    0s
     0     0   68.26632    0  108   45.00000   68.26632  51.7%     -    0s
     0     0   68.24607    0  114   45.00000   68.24607  51.7%     -    0s
     0     0   63.59082    0   45   45.00000   63.59082  41.3%     -    0s
     0     0   63.02514    0   56   45.00000   63.02514  40.1%     -    0s
     0     0   62.79145    0   52   45.00000   62.79145  39.5%     -    0s
     0     0   62.78683    0   51   45.00000   62.78683  39.5%     -    0s
     0     0   61.92631    0  114   45.00000   61.92631  37.6%     -    0s
H    0     0                      50.0000000   61.92631  23.9%     -    0s
H    0     0                      53.0000000   61.42962  15.9%     -    0s
     0     0   61.42962    0   63   53.00000   61.42962  15.9%     -    0s
     0     0   61.29247    0   62   53.00000   61.29247  15.6%     -    0s
     0     0   61.23940    0   56   53.00000   61.23940  15.5%     -    0s
     0     0   61.22170    0   96   53.00000   61.22170  15.5%     -    0s
     0     0   60.89514    0   52   53.00000   60.89514  14.9%     -    0s
     0     0   60.63621    0   71   53.00000   60.63621  14.4%     -    0s
     0     0   60.60764    0   57   53.00000   60.60764  14.4%     -    0s
     0     0   60.34473    0   79   53.00000   60.34473  13.9%     -    0s
     0     0   60.22169    0   86   53.00000   60.22169  13.6%     -    0s
     0     0   60.14779    0   79   53.00000   60.14779  13.5%     -    0s
     0     0   60.13816    0   92   53.00000   60.13816  13.5%     -    0s
     0     0   60.02341    0   91   53.00000   60.02341  13.3%     -    0s
     0     0   60.02341    0   91   53.00000   60.02341  13.3%     -    0s
     0     2   60.02341    0   91   53.00000   60.02341  13.3%     -    0s
H   84   100                      54.0000000   59.62799  10.4%  43.6    0s
H   85   100                      57.0000000   59.62799  4.61%  43.9    0s

Cutting planes:
  Gomory: 85
  Lift-and-project: 27
  Implied bound: 12
  MIR: 368
  RLT: 61
  Relax-and-lift: 5

Explored 396 nodes (12587 simplex iterations) in 0.94 seconds (0.78 work units)
Thread count was 12 (of 12 available processors)

Solution count 8: 57 54 53 ... 12

Optimal solution found (tolerance 1.00e-04)
Best objective 5.700000000000e+01, best bound 5.700000000000e+01, gap 0.0000%
