
Gurobi 9.5.1 (linux64) logging started Fri Mar 18 12:09:58 2022

Set parameter LogFile to value "../results/logs/log_2022_03_18_12_09.csv_33_250.log"
Set parameter LazyConstraints to value 1
Gurobi Optimizer version 9.5.1 build v9.5.1rc2 (linux64)
Thread count: 8 physical cores, 8 logical processors, using up to 8 threads
Optimize a model with 8255 rows, 27764 columns and 30390 nonzeros
Model fingerprint: 0xba32840f
Variable types: 0 continuous, 27764 integer (27764 binary)
Coefficient statistics:
  Matrix range     [1e+00, 1e+00]
  Objective range  [1e+00, 1e+00]
  Bounds range     [1e+00, 1e+00]
  RHS range        [1e+00, 2e+02]
Found heuristic solution: objective 13882.000000

Explored 0 nodes (0 simplex iterations) in 0.00 seconds (0.00 work units)
Thread count was 1 (of 8 available processors)

Solution count 1: 13882 

Optimal solution found (tolerance 1.00e-04)
Best objective 1.388200000000e+04, best bound 1.388200000000e+04, gap 0.0000%

User-callback calls 21, time in user-callback 0.00 sec

Gurobi 9.5.1 (linux64) logging started Fri Mar 18 12:10:59 2022

Set parameter LogFile to value "../results/logs/log_2022_03_18_12_09.csv_33_250.log"
Set parameter LazyConstraints to value 1
Gurobi Optimizer version 9.5.1 build v9.5.1rc2 (linux64)
Thread count: 8 physical cores, 8 logical processors, using up to 8 threads
Optimize a model with 8255 rows, 27764 columns and 30390 nonzeros
Model fingerprint: 0xba32840f
Variable types: 0 continuous, 27764 integer (27764 binary)
Coefficient statistics:
  Matrix range     [1e+00, 1e+00]
  Objective range  [1e+00, 1e+00]
  Bounds range     [1e+00, 1e+00]
  RHS range        [1e+00, 2e+02]
Found heuristic solution: objective 13882.000000

Explored 0 nodes (0 simplex iterations) in 0.00 seconds (0.00 work units)
Thread count was 1 (of 8 available processors)

Solution count 1: 13882 

Optimal solution found (tolerance 1.00e-04)
Best objective 1.388200000000e+04, best bound 1.388200000000e+04, gap 0.0000%

User-callback calls 21, time in user-callback 0.00 sec

Gurobi 9.5.1 (linux64) logging started Fri Mar 18 12:12:06 2022

Set parameter LogFile to value "../results/logs/log_2022_03_18_12_09.csv_33_250.log"
Set parameter LazyConstraints to value 1
Gurobi Optimizer version 9.5.1 build v9.5.1rc2 (linux64)
Thread count: 8 physical cores, 8 logical processors, using up to 8 threads
Optimize a model with 8255 rows, 27764 columns and 30390 nonzeros
Model fingerprint: 0xba32840f
Variable types: 0 continuous, 27764 integer (27764 binary)
Coefficient statistics:
  Matrix range     [1e+00, 1e+00]
  Objective range  [1e+00, 1e+00]
  Bounds range     [1e+00, 1e+00]
  RHS range        [1e+00, 2e+02]
Found heuristic solution: objective 13882.000000

Explored 0 nodes (0 simplex iterations) in 0.00 seconds (0.00 work units)
Thread count was 1 (of 8 available processors)

Solution count 1: 13882 

Optimal solution found (tolerance 1.00e-04)
Best objective 1.388200000000e+04, best bound 1.388200000000e+04, gap 0.0000%

User-callback calls 21, time in user-callback 0.00 sec

Gurobi 9.5.1 (linux64) logging started Fri Mar 18 12:13:18 2022

Set parameter LogFile to value "../results/logs/log_2022_03_18_12_09.csv_33_250.log"
Set parameter LazyConstraints to value 1
Gurobi Optimizer version 9.5.1 build v9.5.1rc2 (linux64)
Thread count: 8 physical cores, 8 logical processors, using up to 8 threads
Optimize a model with 8255 rows, 27764 columns and 30390 nonzeros
Model fingerprint: 0xba32840f
Variable types: 0 continuous, 27764 integer (27764 binary)
Coefficient statistics:
  Matrix range     [1e+00, 1e+00]
  Objective range  [1e+00, 1e+00]
  Bounds range     [1e+00, 1e+00]
  RHS range        [1e+00, 2e+02]
Found heuristic solution: objective 13882.000000

Explored 0 nodes (0 simplex iterations) in 0.00 seconds (0.00 work units)
Thread count was 1 (of 8 available processors)

Solution count 1: 13882 

Optimal solution found (tolerance 1.00e-04)
Best objective 1.388200000000e+04, best bound 1.388200000000e+04, gap 0.0000%

User-callback calls 21, time in user-callback 0.00 sec

Gurobi 9.5.1 (linux64) logging started Fri Mar 18 12:24:29 2022

Set parameter LogFile to value "../results/logs/log_2022_03_18_12_09.csv_33_250.log"
Set parameter LazyConstraints to value 1
Gurobi Optimizer version 9.5.1 build v9.5.1rc2 (linux64)
Thread count: 8 physical cores, 8 logical processors, using up to 8 threads
Optimize a model with 8255 rows, 27764 columns and 30390 nonzeros
Model fingerprint: 0x94bb6cf5
Variable types: 13882 continuous, 13882 integer (13882 binary)
Coefficient statistics:
  Matrix range     [1e+00, 1e+00]
  Objective range  [1e+00, 1e+00]
  Bounds range     [1e+00, 1e+00]
  RHS range        [1e+00, 2e+02]
Found heuristic solution: objective 13882.000000

Explored 0 nodes (0 simplex iterations) in 0.00 seconds (0.00 work units)
Thread count was 1 (of 8 available processors)

Solution count 1: 13882 

Optimal solution found (tolerance 1.00e-04)
Best objective 1.388200000000e+04, best bound 1.388200000000e+04, gap 0.0000%

User-callback calls 21, time in user-callback 0.00 sec

Gurobi 9.5.1 (linux64) logging started Fri Mar 18 12:25:30 2022

Set parameter LogFile to value "../results/logs/log_2022_03_18_12_09.csv_33_250.log"
Set parameter LazyConstraints to value 1
Gurobi Optimizer version 9.5.1 build v9.5.1rc2 (linux64)
Thread count: 8 physical cores, 8 logical processors, using up to 8 threads
Optimize a model with 12710 rows, 27764 columns and 43755 nonzeros
Model fingerprint: 0xfde1c4a9
Variable types: 0 continuous, 27764 integer (27764 binary)
Coefficient statistics:
  Matrix range     [1e+00, 1e+00]
  Objective range  [1e+00, 1e+00]
  Bounds range     [1e+00, 1e+00]
  RHS range        [1e+00, 2e+02]
Found heuristic solution: objective 13748.000000
Found heuristic solution: objective 13761.000000
Found heuristic solution: objective 13854.000000
Presolve time: 0.03s
Presolved: 12710 rows, 27764 columns, 43755 nonzeros
Extracted 4455 lazy constraints
Variable types: 0 continuous, 27764 integer (27764 binary)
Found heuristic solution: objective 13882.000000

Explored 0 nodes (0 simplex iterations) in 0.04 seconds (0.04 work units)
Thread count was 8 (of 8 available processors)

Solution count 4: 13882 13854 13761 13748 

Optimal solution found (tolerance 1.00e-04)
Best objective 1.388200000000e+04, best bound 1.388200000000e+04, gap 0.0000%

User-callback calls 95, time in user-callback 0.00 sec

Gurobi 9.5.1 (linux64) logging started Fri Mar 18 12:26:40 2022

Set parameter LogFile to value "../results/logs/log_2022_03_18_12_09.csv_33_250.log"
Set parameter LazyConstraints to value 1
Gurobi Optimizer version 9.5.1 build v9.5.1rc2 (linux64)
Thread count: 8 physical cores, 8 logical processors, using up to 8 threads
Optimize a model with 8255 rows, 27764 columns and 30390 nonzeros
Model fingerprint: 0x6b3bd821
Variable types: 0 continuous, 27764 integer (27764 binary)
Coefficient statistics:
  Matrix range     [1e+00, 1e+00]
  Objective range  [1e+00, 1e+00]
  Bounds range     [1e+00, 1e+00]
  RHS range        [1e+00, 2e+02]
Found heuristic solution: objective 13882.000000

Explored 0 nodes (0 simplex iterations) in 0.00 seconds (0.00 work units)
Thread count was 1 (of 8 available processors)

Solution count 1: 13882 

Optimal solution found (tolerance 1.00e-04)
Best objective 1.388200000000e+04, best bound 1.388200000000e+04, gap 0.0000%

User-callback calls 21, time in user-callback 0.00 sec

Gurobi 9.5.1 (linux64) logging started Fri Mar 18 12:28:51 2022

Set parameter LogFile to value "../results/logs/log_2022_03_18_12_09.csv_33_250.log"
Set parameter LazyConstraints to value 1
Gurobi Optimizer version 9.5.1 build v9.5.1rc2 (linux64)
Thread count: 8 physical cores, 8 logical processors, using up to 8 threads
Optimize a model with 8255 rows, 27764 columns and 30390 nonzeros
Model fingerprint: 0xba32840f
Variable types: 0 continuous, 27764 integer (27764 binary)
Coefficient statistics:
  Matrix range     [1e+00, 1e+00]
  Objective range  [1e+00, 1e+00]
  Bounds range     [1e+00, 1e+00]
  RHS range        [1e+00, 2e+02]
Found heuristic solution: objective 13882.000000

Explored 0 nodes (0 simplex iterations) in 0.00 seconds (0.00 work units)
Thread count was 1 (of 8 available processors)

Solution count 1: 13882 

Optimal solution found (tolerance 1.00e-04)
Best objective 1.388200000000e+04, best bound 1.388200000000e+04, gap 0.0000%

User-callback calls 21, time in user-callback 0.00 sec

Gurobi 9.5.1 (linux64) logging started Fri Mar 18 12:30:05 2022

Set parameter LogFile to value "../results/logs/log_2022_03_18_12_09.csv_33_250.log"
Set parameter LazyConstraints to value 1
Gurobi Optimizer version 9.5.1 build v9.5.1rc2 (linux64)
Thread count: 8 physical cores, 8 logical processors, using up to 8 threads
Optimize a model with 12710 rows, 27764 columns and 43755 nonzeros
Model fingerprint: 0x6d8f4292
Variable types: 13882 continuous, 13882 integer (13882 binary)
Coefficient statistics:
  Matrix range     [1e+00, 1e+00]
  Objective range  [1e+00, 1e+00]
  Bounds range     [1e+00, 1e+00]
  RHS range        [1e+00, 2e+02]
Found heuristic solution: objective 13748.000000
Found heuristic solution: objective 13882.000000

Explored 0 nodes (0 simplex iterations) in 0.01 seconds (0.00 work units)
Thread count was 1 (of 8 available processors)

Solution count 2: 13882 13748 

Optimal solution found (tolerance 1.00e-04)
Best objective 1.388200000000e+04, best bound 1.388200000000e+04, gap 0.0000%

User-callback calls 23, time in user-callback 0.00 sec

Gurobi 9.5.1 (linux64) logging started Fri Mar 18 12:42:33 2022

Set parameter LogFile to value "../results/logs/log_2022_03_18_12_09.csv_33_250.log"
Set parameter LazyConstraints to value 1
Gurobi Optimizer version 9.5.1 build v9.5.1rc2 (linux64)
Thread count: 8 physical cores, 8 logical processors, using up to 8 threads
Optimize a model with 9501 rows, 27764 columns and 128742 nonzeros
Model fingerprint: 0xf08d817d
Variable types: 0 continuous, 27764 integer (27764 binary)
Coefficient statistics:
  Matrix range     [1e+00, 3e+01]
  Objective range  [1e+00, 1e+00]
  Bounds range     [1e+00, 1e+00]
  RHS range        [1e+00, 2e+02]
Found heuristic solution: objective 12877.000000
Found heuristic solution: objective 13571.000000
Found heuristic solution: objective 13782.000000
Presolve removed 7008 rows and 14016 columns
Presolve time: 0.04s
Presolved: 2493 rows, 13748 columns, 41986 nonzeros
Variable types: 0 continuous, 13748 integer (13748 binary)
Found heuristic solution: objective 13879.000000

Root relaxation: objective 1.388200e+04, 0 iterations, 0.00 seconds (0.00 work units)

    Nodes    |    Current Node    |     Objective Bounds      |     Work
 Expl Unexpl |  Obj  Depth IntInf | Incumbent    BestBd   Gap | It/Node Time

*    0     0               0    13882.000000 13882.0000  0.00%     -    0s

Explored 1 nodes (0 simplex iterations) in 0.06 seconds (0.05 work units)
Thread count was 8 (of 8 available processors)

Solution count 5: 13882 13879 13782 ... 12877

Optimal solution found (tolerance 1.00e-04)
Best objective 1.388200000000e+04, best bound 1.388200000000e+04, gap 0.0000%

User-callback calls 121, time in user-callback 0.00 sec

Gurobi 9.5.1 (linux64) logging started Fri Mar 18 12:47:59 2022

Set parameter LogFile to value "../results/logs/log_2022_03_18_12_09.csv_33_250.log"
Set parameter LazyConstraints to value 1
Gurobi Optimizer version 9.5.1 build v9.5.1rc2 (linux64)
Thread count: 8 physical cores, 8 logical processors, using up to 8 threads
Optimize a model with 9501 rows, 27764 columns and 128742 nonzeros
Model fingerprint: 0xf08d817d
Variable types: 0 continuous, 27764 integer (27764 binary)
Coefficient statistics:
  Matrix range     [1e+00, 3e+01]
  Objective range  [1e+00, 1e+00]
  Bounds range     [1e+00, 1e+00]
  RHS range        [1e+00, 2e+02]
Found heuristic solution: objective 12877.000000
Found heuristic solution: objective 13571.000000
Found heuristic solution: objective 13782.000000
Presolve removed 7008 rows and 14016 columns
Presolve time: 0.04s
Presolved: 2493 rows, 13748 columns, 41986 nonzeros
Variable types: 0 continuous, 13748 integer (13748 binary)
Found heuristic solution: objective 13879.000000

Root relaxation: objective 1.388200e+04, 0 iterations, 0.00 seconds (0.00 work units)

    Nodes    |    Current Node    |     Objective Bounds      |     Work
 Expl Unexpl |  Obj  Depth IntInf | Incumbent    BestBd   Gap | It/Node Time

*    0     0               0    13882.000000 13882.0000  0.00%     -    0s

Explored 1 nodes (0 simplex iterations) in 0.06 seconds (0.05 work units)
Thread count was 8 (of 8 available processors)

Solution count 5: 13882 13879 13782 ... 12877

Optimal solution found (tolerance 1.00e-04)
Best objective 1.388200000000e+04, best bound 1.388200000000e+04, gap 0.0000%

User-callback calls 121, time in user-callback 0.00 sec

Gurobi 9.5.1 (linux64) logging started Fri Mar 18 12:53:33 2022

Set parameter LogFile to value "../results/logs/log_2022_03_18_12_09.csv_33_250.log"
Set parameter LazyConstraints to value 1
Gurobi Optimizer version 9.5.1 build v9.5.1rc2 (linux64)
Thread count: 8 physical cores, 8 logical processors, using up to 8 threads
Optimize a model with 9501 rows, 27764 columns and 128742 nonzeros
Model fingerprint: 0xf08d817d
Variable types: 0 continuous, 27764 integer (27764 binary)
Coefficient statistics:
  Matrix range     [1e+00, 3e+01]
  Objective range  [1e+00, 1e+00]
  Bounds range     [1e+00, 1e+00]
  RHS range        [1e+00, 2e+02]
Found heuristic solution: objective 12877.000000
Found heuristic solution: objective 13571.000000
Found heuristic solution: objective 13782.000000
Presolve removed 7008 rows and 14016 columns
Presolve time: 0.04s
Presolved: 2493 rows, 13748 columns, 41986 nonzeros
Variable types: 0 continuous, 13748 integer (13748 binary)
Found heuristic solution: objective 13879.000000

Root relaxation: objective 1.388200e+04, 0 iterations, 0.00 seconds (0.00 work units)

    Nodes    |    Current Node    |     Objective Bounds      |     Work
 Expl Unexpl |  Obj  Depth IntInf | Incumbent    BestBd   Gap | It/Node Time

*    0     0               0    13882.000000 13882.0000  0.00%     -    0s

Explored 1 nodes (0 simplex iterations) in 0.06 seconds (0.05 work units)
Thread count was 8 (of 8 available processors)

Solution count 5: 13882 13879 13782 ... 12877

Optimal solution found (tolerance 1.00e-04)
Best objective 1.388200000000e+04, best bound 1.388200000000e+04, gap 0.0000%

User-callback calls 121, time in user-callback 0.00 sec

Gurobi 9.5.1 (linux64) logging started Fri Mar 18 12:59:11 2022

Set parameter LogFile to value "../results/logs/log_2022_03_18_12_09.csv_33_250.log"
Set parameter LazyConstraints to value 1
Gurobi Optimizer version 9.5.1 build v9.5.1rc2 (linux64)
Thread count: 8 physical cores, 8 logical processors, using up to 8 threads
Optimize a model with 9501 rows, 27764 columns and 128742 nonzeros
Model fingerprint: 0xf08d817d
Variable types: 0 continuous, 27764 integer (27764 binary)
Coefficient statistics:
  Matrix range     [1e+00, 3e+01]
  Objective range  [1e+00, 1e+00]
  Bounds range     [1e+00, 1e+00]
  RHS range        [1e+00, 2e+02]
Found heuristic solution: objective 12877.000000
Found heuristic solution: objective 13571.000000
Found heuristic solution: objective 13782.000000
Presolve removed 7008 rows and 14016 columns
Presolve time: 0.04s
Presolved: 2493 rows, 13748 columns, 41986 nonzeros
Variable types: 0 continuous, 13748 integer (13748 binary)
Found heuristic solution: objective 13879.000000

Root relaxation: objective 1.388200e+04, 0 iterations, 0.00 seconds (0.00 work units)

    Nodes    |    Current Node    |     Objective Bounds      |     Work
 Expl Unexpl |  Obj  Depth IntInf | Incumbent    BestBd   Gap | It/Node Time

*    0     0               0    13882.000000 13882.0000  0.00%     -    0s

Explored 1 nodes (0 simplex iterations) in 0.06 seconds (0.05 work units)
Thread count was 8 (of 8 available processors)

Solution count 5: 13882 13879 13782 ... 12877

Optimal solution found (tolerance 1.00e-04)
Best objective 1.388200000000e+04, best bound 1.388200000000e+04, gap 0.0000%

User-callback calls 121, time in user-callback 0.00 sec

Gurobi 9.5.1 (linux64) logging started Fri Mar 18 13:14:40 2022

Set parameter LogFile to value "../results/logs/log_2022_03_18_12_09.csv_33_250.log"
Set parameter LazyConstraints to value 1
Gurobi Optimizer version 9.5.1 build v9.5.1rc2 (linux64)
Thread count: 8 physical cores, 8 logical processors, using up to 8 threads
Optimize a model with 9501 rows, 27764 columns and 128742 nonzeros
Model fingerprint: 0xd6d9b491
Variable types: 13882 continuous, 13882 integer (13882 binary)
Coefficient statistics:
  Matrix range     [1e+00, 3e+01]
  Objective range  [1e+00, 1e+00]
  Bounds range     [1e+00, 1e+00]
  RHS range        [1e+00, 2e+02]
Found heuristic solution: objective 12877.000000
Found heuristic solution: objective 13882.000000

Explored 0 nodes (0 simplex iterations) in 0.01 seconds (0.01 work units)
Thread count was 1 (of 8 available processors)

Solution count 2: 13882 12877 

Optimal solution found (tolerance 1.00e-04)
Best objective 1.388200000000e+04, best bound 1.388200000000e+04, gap 0.0000%

User-callback calls 23, time in user-callback 0.00 sec

Gurobi 9.5.1 (linux64) logging started Fri Mar 18 13:19:58 2022

Set parameter LogFile to value "../results/logs/log_2022_03_18_12_09.csv_33_250.log"
Set parameter LazyConstraints to value 1
Gurobi Optimizer version 9.5.1 build v9.5.1rc2 (linux64)
Thread count: 8 physical cores, 8 logical processors, using up to 8 threads
Optimize a model with 13956 rows, 27764 columns and 142107 nonzeros
Model fingerprint: 0x48152fc0
Variable types: 0 continuous, 27764 integer (27764 binary)
Coefficient statistics:
  Matrix range     [1e+00, 3e+01]
  Objective range  [1e+00, 1e+00]
  Bounds range     [1e+00, 1e+00]
  RHS range        [1e+00, 2e+02]
Found heuristic solution: objective 12877.000000
Found heuristic solution: objective 13571.000000
Found heuristic solution: objective 13782.000000
Presolve removed 10329 rows and 14016 columns
Presolve time: 0.05s
Presolved: 3627 rows, 13748 columns, 45366 nonzeros
Extracted 1135 lazy constraints
Variable types: 0 continuous, 13748 integer (13748 binary)
Found heuristic solution: objective 13879.000000

Root relaxation: objective 1.388200e+04, 0 iterations, 0.00 seconds (0.00 work units)

    Nodes    |    Current Node    |     Objective Bounds      |     Work
 Expl Unexpl |  Obj  Depth IntInf | Incumbent    BestBd   Gap | It/Node Time

*    0     0               0    13882.000000 13882.0000  0.00%     -    0s

Explored 1 nodes (0 simplex iterations) in 0.07 seconds (0.06 work units)
Thread count was 8 (of 8 available processors)

Solution count 5: 13882 13879 13782 ... 12877

Optimal solution found (tolerance 1.00e-04)
Best objective 1.388200000000e+04, best bound 1.388200000000e+04, gap 0.0000%

User-callback calls 158, time in user-callback 0.00 sec

Gurobi 9.5.1 (linux64) logging started Fri Mar 18 13:25:22 2022

Set parameter LogFile to value "../results/logs/log_2022_03_18_12_09.csv_33_250.log"
Set parameter LazyConstraints to value 1
Gurobi Optimizer version 9.5.1 build v9.5.1rc2 (linux64)
Thread count: 8 physical cores, 8 logical processors, using up to 8 threads
Optimize a model with 9501 rows, 27764 columns and 128742 nonzeros
Model fingerprint: 0xd2370d19
Variable types: 0 continuous, 27764 integer (27764 binary)
Coefficient statistics:
  Matrix range     [1e+00, 3e+01]
  Objective range  [1e+00, 1e+00]
  Bounds range     [1e+00, 1e+00]
  RHS range        [1e+00, 2e+02]
Found heuristic solution: objective 12877.000000
Found heuristic solution: objective 13571.000000
Found heuristic solution: objective 13782.000000
Presolve removed 7008 rows and 14255 columns
Presolve time: 0.04s
Presolved: 2493 rows, 13509 columns, 41747 nonzeros
Variable types: 0 continuous, 13509 integer (13509 binary)
Found heuristic solution: objective 13879.000000

Root relaxation: objective 1.388200e+04, 0 iterations, 0.00 seconds (0.00 work units)

    Nodes    |    Current Node    |     Objective Bounds      |     Work
 Expl Unexpl |  Obj  Depth IntInf | Incumbent    BestBd   Gap | It/Node Time

*    0     0               0    13882.000000 13882.0000  0.00%     -    0s

Explored 1 nodes (0 simplex iterations) in 0.06 seconds (0.05 work units)
Thread count was 8 (of 8 available processors)

Solution count 5: 13882 13879 13782 ... 12877

Optimal solution found (tolerance 1.00e-04)
Best objective 1.388200000000e+04, best bound 1.388200000000e+04, gap 0.0000%

User-callback calls 121, time in user-callback 0.00 sec

Gurobi 9.5.1 (linux64) logging started Fri Mar 18 13:31:54 2022

Set parameter LogFile to value "../results/logs/log_2022_03_18_12_09.csv_33_250.log"
Set parameter LazyConstraints to value 1
Gurobi Optimizer version 9.5.1 build v9.5.1rc2 (linux64)
Thread count: 8 physical cores, 8 logical processors, using up to 8 threads
Optimize a model with 9501 rows, 27764 columns and 128742 nonzeros
Model fingerprint: 0xf08d817d
Variable types: 0 continuous, 27764 integer (27764 binary)
Coefficient statistics:
  Matrix range     [1e+00, 3e+01]
  Objective range  [1e+00, 1e+00]
  Bounds range     [1e+00, 1e+00]
  RHS range        [1e+00, 2e+02]
Found heuristic solution: objective 12877.000000
Found heuristic solution: objective 13571.000000
Found heuristic solution: objective 13782.000000
Presolve removed 7008 rows and 14016 columns
Presolve time: 0.04s
Presolved: 2493 rows, 13748 columns, 41986 nonzeros
Variable types: 0 continuous, 13748 integer (13748 binary)
Found heuristic solution: objective 13879.000000

Root relaxation: objective 1.388200e+04, 0 iterations, 0.00 seconds (0.00 work units)

    Nodes    |    Current Node    |     Objective Bounds      |     Work
 Expl Unexpl |  Obj  Depth IntInf | Incumbent    BestBd   Gap | It/Node Time

*    0     0               0    13882.000000 13882.0000  0.00%     -    0s

Explored 1 nodes (0 simplex iterations) in 0.06 seconds (0.05 work units)
Thread count was 8 (of 8 available processors)

Solution count 5: 13882 13879 13782 ... 12877

Optimal solution found (tolerance 1.00e-04)
Best objective 1.388200000000e+04, best bound 1.388200000000e+04, gap 0.0000%

User-callback calls 121, time in user-callback 0.00 sec

Gurobi 9.5.1 (linux64) logging started Fri Mar 18 13:37:27 2022

Set parameter LogFile to value "../results/logs/log_2022_03_18_12_09.csv_33_250.log"
Set parameter LazyConstraints to value 1
Gurobi Optimizer version 9.5.1 build v9.5.1rc2 (linux64)
Thread count: 8 physical cores, 8 logical processors, using up to 8 threads
Optimize a model with 13956 rows, 27764 columns and 142107 nonzeros
Model fingerprint: 0x7595548c
Variable types: 13882 continuous, 13882 integer (13882 binary)
Coefficient statistics:
  Matrix range     [1e+00, 3e+01]
  Objective range  [1e+00, 1e+00]
  Bounds range     [1e+00, 1e+00]
  RHS range        [1e+00, 2e+02]
Found heuristic solution: objective 12877.000000
Found heuristic solution: objective 13882.000000

Explored 0 nodes (0 simplex iterations) in 0.01 seconds (0.01 work units)
Thread count was 1 (of 8 available processors)

Solution count 2: 13882 12877 

Optimal solution found (tolerance 1.00e-04)
Best objective 1.388200000000e+04, best bound 1.388200000000e+04, gap 0.0000%

User-callback calls 23, time in user-callback 0.00 sec
