
Gurobi 9.5.1 (linux64) logging started Wed Mar  9 18:02:50 2022

Set parameter LogFile to value "../results/logs/log_2022_03_09_17_57.csv_3_95.log"
Set parameter Method to value 3
Gurobi Optimizer version 9.5.1 build v9.5.1rc2 (linux64)
Thread count: 8 physical cores, 8 logical processors, using up to 8 threads
Optimize a model with 5947 rows, 9882 columns and 44842 nonzeros
Model fingerprint: 0x53891080
Variable types: 4941 continuous, 4941 integer (4941 binary)
Coefficient statistics:
  Matrix range     [1e+00, 3e+00]
  Objective range  [1e+00, 1e+00]
  Bounds range     [1e+00, 1e+00]
  RHS range        [1e+00, 1e+02]
Found heuristic solution: objective 231.0000000
Presolve removed 2783 rows and 5534 columns
Presolve time: 0.04s
Presolved: 3164 rows, 4348 columns, 16843 nonzeros
Variable types: 2523 continuous, 1825 integer (1795 binary)
Found heuristic solution: objective 285.0000000

Concurrent LP optimizer: primal simplex, dual simplex, and barrier
Showing barrier log only...

Root barrier log...

Ordering time: 0.00s

Barrier statistics:
 AA' NZ     : 1.450e+04
 Factor NZ  : 4.269e+04 (roughly 3 MB of memory)
 Factor Ops : 6.627e+05 (less than 1 second per iteration)
 Threads    : 1

                  Objective                Residual
Iter       Primal          Dual         Primal    Dual     Compl     Time
   0   1.36721630e+04  1.26880403e+04  5.17e+03 9.44e-01  4.21e+01     0s
   1   6.12398324e+03  1.97657437e+04  2.18e+03 7.99e-15  1.76e+01     0s
   2   1.25210034e+03  1.37313860e+04  1.36e+02 8.88e-15  1.92e+00     0s
   3   1.01135229e+03  3.27318366e+03  1.74e+01 8.88e-15  2.66e-01     0s
   4   1.11675857e+03  1.72696428e+03  2.47e+00 5.66e-15  5.84e-02     0s
   5   1.18774656e+03  1.47008975e+03  9.38e-01 5.08e-15  2.59e-02     0s
   6   1.23098448e+03  1.34708821e+03  3.43e-01 3.50e-15  1.04e-02     0s
   7   1.26994379e+03  1.29602930e+03  1.48e-02 2.69e-15  2.24e-03     0s
   8   1.27567066e+03  1.28507920e+03  4.64e-03 1.85e-15  8.08e-04     0s
   9   1.27788099e+03  1.28119005e+03  1.34e-03 1.86e-15  2.84e-04     0s
  10   1.27865153e+03  1.27929236e+03  2.82e-04 3.54e-15  5.50e-05     0s
  11   1.27886147e+03  1.27888043e+03  5.85e-06 3.15e-15  1.62e-06     0s
  12   1.27887200e+03  1.27887207e+03  0.00e+00 2.22e-15  6.01e-09     0s
  13   1.27887201e+03  1.27887201e+03  8.27e-13 2.46e-15  6.01e-12     0s

Barrier solved model in 13 iterations and 0.09 seconds (0.08 work units)
Optimal objective 1.27887201e+03


Solved with barrier

Root relaxation: objective 1.278872e+03, 536 iterations, 0.05 seconds (0.04 work units)

    Nodes    |    Current Node    |     Objective Bounds      |     Work
 Expl Unexpl |  Obj  Depth IntInf | Incumbent    BestBd   Gap | It/Node Time

     0     0 1278.87201    0 1163  285.00000 1278.87201   349%     -    0s
H    0     0                     295.0000000 1278.87201   334%     -    0s
H    0     0                     301.0000000  890.74982   196%     -    0s
     0     0  890.74982    0  781  301.00000  890.74982   196%     -    0s
     0     0  859.42166    0  715  301.00000  859.42166   186%     -    0s
     0     0  857.85214    0  708  301.00000  857.85214   185%     -    0s
H    0     0                     309.0000000  857.75572   178%     -    0s
     0     0  857.75572    0  702  309.00000  857.75572   178%     -    0s
     0     0  763.38443    0  641  309.00000  763.38443   147%     -    0s
H    0     0                     315.0000000  753.12197   139%     -    0s
     0     0  753.12197    0  612  315.00000  753.12197   139%     -    0s
     0     0  750.88078    0  590  315.00000  750.88078   138%     -    0s
     0     0  750.76485    0  570  315.00000  750.76485   138%     -    0s
H    0     0                     317.0000000  750.76485   137%     -    0s
H    0     0                     320.0000000  750.76485   135%     -    0s
H    0     0                     338.0000000  750.76485   122%     -    0s
H    0     0                     343.0000000  718.45903   109%     -    0s
     0     0  718.45903    0  458  343.00000  718.45903   109%     -    0s
H    0     0                     344.0000000  718.45903   109%     -    0s
H    0     0                     368.0000000  709.04126  92.7%     -    0s
     0     0  709.04126    0  460  368.00000  709.04126  92.7%     -    0s
H    0     0                     377.0000000  707.14840  87.6%     -    0s
     0     0  707.14840    0  457  377.00000  707.14840  87.6%     -    0s
     0     0  706.75083    0  500  377.00000  706.75083  87.5%     -    0s
H    0     0                     385.0000000  706.75083  83.6%     -    1s
     0     0  698.65319    0  477  385.00000  698.65319  81.5%     -    1s
     0     0  695.84712    0  430  385.00000  695.84712  80.7%     -    1s
H    0     0                     393.0000000  695.05040  76.9%     -    1s
     0     0  695.05040    0  452  393.00000  695.05040  76.9%     -    1s
     0     0  690.58562    0  455  393.00000  690.58562  75.7%     -    1s
     0     0  690.58562    0  434  393.00000  690.58562  75.7%     -    1s
     0     2  690.58562    0  431  393.00000  690.58562  75.7%     -    1s
H   35    40                     420.0000000  688.68623  64.0%   126    1s
H  117   126                     425.0000000  688.67309  62.0%  88.0    1s
H  118   126                     432.0000000  688.67309  59.4%  87.5    1s
H  150   163                     462.0000000  688.67309  49.1%  78.1    2s
H  831   840                     474.0000000  688.67309  45.3%  43.8    3s
H  832   840                     485.0000000  688.67309  42.0%  43.8    3s
H 1878  1898                     496.0000000  688.67309  38.8%  38.9    4s
H 1890  1898                     509.0000000  688.67309  35.3%  38.9    4s
H 1891  1898                     515.0000000  688.67309  33.7%  38.8    4s
  2002  1979  650.74167  156   34  515.00000  688.67309  33.7%  39.1    5s
H 2191  2155                     561.0000000  688.67309  22.8%  39.9    5s
H 3233  3149                     571.0000000  688.67309  20.6%  40.3    6s
H 3612  2224                     653.0000000  688.67309  5.46%  40.5    7s
  3642  2233  671.47502   16  241  653.00000  671.47502  2.83%  40.1   10s
H 3657  2130                     658.0000000  669.34524  1.72%  40.0   11s
H 3662  2026                     659.0000000  669.02886  1.52%  39.9   11s
  3712  2061  668.26859   15  225  659.00000  668.26859  1.41%  43.5   15s
H 3716  1959                     661.0000000  668.17527  1.09%  43.5   15s
H 3760  1894                     662.0000000  667.53685  0.84%  46.1   17s
H 4024  1833                     664.0000000  667.26430  0.49%  45.5   18s
H 4025  1742                     666.0000000  667.26430  0.19%  45.5   18s

Cutting planes:
  Gomory: 191
  Lift-and-project: 110
  Implied bound: 18
  MIR: 921
  Flow cover: 786
  RLT: 94
  Relax-and-lift: 57

Explored 4200 nodes (193266 simplex iterations) in 18.91 seconds (18.69 work units)
Thread count was 8 (of 8 available processors)

Solution count 10: 666 664 662 ... 515

Optimal solution found (tolerance 1.00e-04)
Best objective 6.660000000000e+02, best bound 6.660000000000e+02, gap 0.0000%
