
Gurobi 9.5.0 (win64) logging started Tue Dec  7 12:39:21 2021

Set parameter LogFile to value "../results/logs/log_2021_12_07_12_26.csv_6_35.log"
Set parameter Method to value 3
Gurobi Optimizer version 9.5.0 build v9.5.0rc5 (win64)
Thread count: 6 physical cores, 12 logical processors, using up to 12 threads
Optimize a model with 1039 rows, 9882 columns and 16749 nonzeros
Model fingerprint: 0x58a79689
Variable types: 4941 continuous, 4941 integer (4941 binary)
Coefficient statistics:
  Matrix range     [1e+00, 6e+00]
  Objective range  [1e+00, 1e+00]
  Bounds range     [1e+00, 1e+00]
  RHS range        [1e+00, 4e+01]
Found heuristic solution: objective -0.0000000
Presolve removed 585 rows and 9150 columns
Presolve time: 0.03s
Presolved: 454 rows, 732 columns, 2692 nonzeros
Extracted 154 lazy constraints
Variable types: 413 continuous, 319 integer (317 binary)

Concurrent LP optimizer: primal simplex, dual simplex, and barrier
Showing barrier log only...

Root barrier log...

Ordering time: 0.00s

Barrier statistics:
 AA' NZ     : 5.250e+02
 Factor NZ  : 1.997e+03
 Factor Ops : 2.133e+04 (less than 1 second per iteration)
 Threads    : 1

Barrier performed 0 iterations in 0.04 seconds (0.02 work units)
Barrier solve interrupted - model solved by another algorithm


Solved with dual simplex

Root relaxation: objective 3.300000e+02, 137 iterations, 0.00 seconds (0.00 work units)

    Nodes    |    Current Node    |     Objective Bounds      |     Work
 Expl Unexpl |  Obj  Depth IntInf | Incumbent    BestBd   Gap | It/Node Time

     0     0  108.73910    0  156   -0.00000  108.73910      -     -    0s
     0     0   53.32591    0   70   -0.00000   53.32591      -     -    0s
     0     0   52.50899    0   49   -0.00000   52.50899      -     -    0s
     0     0   52.45247    0   58   -0.00000   52.45247      -     -    0s
     0     0   50.71105    0   50   -0.00000   50.71105      -     -    0s
     0     0   50.59848    0   32   -0.00000   50.59848      -     -    0s
     0     0   50.12667    0   64   -0.00000   50.12667      -     -    0s
     0     0   50.12667    0   64   -0.00000   50.12667      -     -    0s
     0     2   50.12667    0   64   -0.00000   50.12667      -     -    0s
H   33    44                      45.0000000   49.11072  9.13%  22.1    0s
*  146   133              21      46.0000000   49.11072  6.76%  14.2    0s
H  184   146                      47.0000000   48.92723  4.10%  13.7    0s

Cutting planes:
  Gomory: 64
  Lift-and-project: 15
  Implied bound: 23
  MIR: 138
  RLT: 24
  Relax-and-lift: 13
  Lazy constraints: 146

Explored 343 nodes (4974 simplex iterations) in 0.30 seconds (0.19 work units)
Thread count was 12 (of 12 available processors)

Solution count 4: 47 46 45 -0 

Optimal solution found (tolerance 1.00e-04)
Best objective 4.700000000000e+01, best bound 4.700000000000e+01, gap 0.0000%
