
Gurobi 9.5.1 (linux64) logging started Wed Jun  8 12:44:59 2022

Set parameter LogFile to value "../results/logs/log_Gowalla_edges_3_250_2022_06_08_10_07.log"
Gurobi Optimizer version 9.5.1 build v9.5.1rc2 (linux64)
Thread count: 8 physical cores, 8 logical processors, using up to 8 threads
Optimize a model with 20527 rows, 393182 columns and 191427 nonzeros
Model fingerprint: 0xcfd96542
Variable types: 0 continuous, 393182 integer (393182 binary)
Coefficient statistics:
  Matrix range     [1e+00, 3e+00]
  Objective range  [1e+00, 1e+00]
  Bounds range     [1e+00, 1e+00]
  RHS range        [1e+00, 2e+02]

User MIP start produced solution with objective 107260 (0.14s)
Loaded user MIP start with objective 107260

Presolve removed 12350 rows and 381575 columns
Presolve time: 0.26s
Presolved: 8177 rows, 11607 columns, 33883 nonzeros
Variable types: 0 continuous, 11607 integer (10855 binary)

Root relaxation: objective 1.081859e+05, 6121 iterations, 0.11 seconds (0.17 work units)

    Nodes    |    Current Node    |     Objective Bounds      |     Work
 Expl Unexpl |  Obj  Depth IntInf | Incumbent    BestBd   Gap | It/Node Time

     0     0 108185.856    0 1975 107260.000 108185.856  0.86%     -    0s
H    0     0                    107271.00000 108185.856  0.85%     -    0s
     0     0 107396.098    0  613 107271.000 107396.098  0.12%     -    1s
H    0     0                    107292.00000 107396.098  0.10%     -    1s
     0     0 107352.756    0  452 107292.000 107352.756  0.06%     -    1s
     0     0 107348.575    0  409 107292.000 107348.575  0.05%     -    1s
     0     0 107347.859    0  405 107292.000 107347.859  0.05%     -    1s
     0     0 107303.859    0   51 107292.000 107303.859  0.01%     -    1s
     0     0 107303.526    0   41 107292.000 107303.526  0.01%     -    1s
     0     0 107300.173    0   27 107292.000 107300.173  0.01%     -    1s
H    0     0                    107293.00000 107300.173  0.01%     -    1s
H    0     0                    107298.00000 107300.173  0.00%     -    1s
     0     0 107299.600    0   27 107298.000 107299.600  0.00%     -    1s
     0     0 107299.000    0    8 107298.000 107299.000  0.00%     -    1s
H    0     0                    107299.00000 107299.000  0.00%     -    1s

Explored 1 nodes (8934 simplex iterations) in 1.89 seconds (1.62 work units)
Thread count was 8 (of 8 available processors)

Solution count 8: 107299 107299 107298 ... 107260

Optimal solution found (tolerance 0.00e+00)
Best objective 1.072990000000e+05, best bound 1.072990000000e+05, gap 0.0000%
