
Gurobi 9.5.0 (win64) logging started Tue Dec  7 01:36:59 2021

Set parameter LogFile to value "../results/logs/log_2021_12_07_01_36.csv_11_21.log"
Set parameter Method to value 3
Gurobi Optimizer version 9.5.0 build v9.5.0rc5 (win64)
Thread count: 6 physical cores, 12 logical processors, using up to 12 threads
Optimize a model with 6334 rows, 8078 columns and 360309 nonzeros
Model fingerprint: 0x465507c7
Variable types: 4039 continuous, 4039 integer (4039 binary)
Coefficient statistics:
  Matrix range     [1e+00, 1e+01]
  Objective range  [1e+00, 1e+00]
  Bounds range     [1e+00, 1e+00]
  RHS range        [1e+00, 2e+01]
Found heuristic solution: objective 2904.0000000
Presolve removed 6089 rows and 7747 columns
Presolve time: 0.05s
Presolved: 245 rows, 331 columns, 2186 nonzeros
Variable types: 160 continuous, 171 integer (158 binary)
Found heuristic solution: objective 2921.0000000

Root relaxation: objective 2.994934e+03, 171 iterations, 0.00 seconds (0.00 work units)

    Nodes    |    Current Node    |     Objective Bounds      |     Work
 Expl Unexpl |  Obj  Depth IntInf | Incumbent    BestBd   Gap | It/Node Time

     0     0 2994.93361    0   88 2921.00000 2994.93361  2.53%     -    0s
H    0     0                    2940.0000000 2994.93361  1.87%     -    0s
H    0     0                    2941.0000000 2994.93361  1.83%     -    0s
H    0     0                    2944.0000000 2994.93361  1.73%     -    0s
H    0     0                    2947.0000000 2994.17373  1.60%     -    0s
     0     0 2972.30767    0   46 2947.00000 2972.30767  0.86%     -    0s
     0     0 2971.52961    0   41 2947.00000 2971.52961  0.83%     -    0s
     0     0 2971.47168    0   32 2947.00000 2971.47168  0.83%     -    0s
     0     0 2969.01041    0   34 2947.00000 2969.01041  0.75%     -    0s
     0     0 2969.00561    0   36 2947.00000 2969.00561  0.75%     -    0s
     0     0 2968.45060    0   42 2947.00000 2968.45060  0.73%     -    0s
     0     0 2968.18866    0   43 2947.00000 2968.18866  0.72%     -    0s
     0     0 2968.15725    0   43 2947.00000 2968.15725  0.72%     -    0s
     0     0 2968.14070    0   44 2947.00000 2968.14070  0.72%     -    0s
     0     0 2967.69462    0   44 2947.00000 2967.69462  0.70%     -    0s
H    0     0                    2956.0000000 2967.69462  0.40%     -    0s
     0     0 2967.55784    0   41 2956.00000 2967.55784  0.39%     -    0s
     0     0 2967.50337    0   52 2956.00000 2967.50337  0.39%     -    0s
     0     0 2967.49521    0   47 2956.00000 2967.49521  0.39%     -    0s
     0     0 2967.14123    0   29 2956.00000 2967.14123  0.38%     -    0s
     0     0 2967.13660    0   30 2956.00000 2967.13660  0.38%     -    0s
     0     0 2967.07979    0   32 2956.00000 2967.07979  0.37%     -    0s
     0     0 2967.07979    0   32 2956.00000 2967.07979  0.37%     -    0s
     0     2 2967.07979    0   32 2956.00000 2967.07979  0.37%     -    0s
H   33    44                    2959.0000000 2966.48611  0.25%  25.2    0s
H   68    77                    2964.0000000 2966.37111  0.08%  20.1    0s

Cutting planes:
  Gomory: 15
  Implied bound: 6
  MIR: 116
  RLT: 32

Explored 187 nodes (2973 simplex iterations) in 0.33 seconds (0.22 work units)
Thread count was 12 (of 12 available processors)

Solution count 9: 2964 2959 2956 ... 2904

Optimal solution found (tolerance 1.00e-04)
Best objective 2.964000000000e+03, best bound 2.964000000000e+03, gap 0.0000%
