
Gurobi 9.5.1 (linux64) logging started Wed Mar 16 14:57:44 2022

Set parameter LogFile to value "../results/logs/log_2022_03_16_14_57.csv_17_25.log"
Set parameter LazyConstraints to value 1
Gurobi Optimizer version 9.5.1 build v9.5.1rc2 (linux64)
Thread count: 8 physical cores, 8 logical processors, using up to 8 threads
Optimize a model with 2563 rows, 8078 columns and 9163 nonzeros
Model fingerprint: 0x71463e05
Variable types: 0 continuous, 8078 integer (8078 binary)
Coefficient statistics:
  Matrix range     [1e+00, 1e+00]
  Objective range  [1e+00, 1e+00]
  Bounds range     [1e+00, 1e+00]
  RHS range        [1e+00, 2e+01]
Found heuristic solution: objective 4039.0000000

Explored 0 nodes (0 simplex iterations) in 0.00 seconds (0.00 work units)
Thread count was 1 (of 8 available processors)

Solution count 1: 4039 

Optimal solution found (tolerance 1.00e-04)
Best objective 4.039000000000e+03, best bound 4.039000000000e+03, gap 0.0000%

User-callback calls 21, time in user-callback 0.00 sec

Gurobi 9.5.1 (linux64) logging started Wed Mar 16 14:58:43 2022

Set parameter LogFile to value "../results/logs/log_2022_03_16_14_57.csv_17_25.log"
Set parameter LazyConstraints to value 1
Gurobi Optimizer version 9.5.1 build v9.5.1rc2 (linux64)
Thread count: 8 physical cores, 8 logical processors, using up to 8 threads
Optimize a model with 2563 rows, 8078 columns and 9163 nonzeros
Model fingerprint: 0x71463e05
Variable types: 0 continuous, 8078 integer (8078 binary)
Coefficient statistics:
  Matrix range     [1e+00, 1e+00]
  Objective range  [1e+00, 1e+00]
  Bounds range     [1e+00, 1e+00]
  RHS range        [1e+00, 2e+01]
Found heuristic solution: objective 4039.0000000

Explored 0 nodes (0 simplex iterations) in 0.00 seconds (0.00 work units)
Thread count was 1 (of 8 available processors)

Solution count 1: 4039 

Optimal solution found (tolerance 1.00e-04)
Best objective 4.039000000000e+03, best bound 4.039000000000e+03, gap 0.0000%

User-callback calls 21, time in user-callback 0.00 sec

Gurobi 9.5.1 (linux64) logging started Wed Mar 16 14:59:49 2022

Set parameter LogFile to value "../results/logs/log_2022_03_16_14_57.csv_17_25.log"
Set parameter LazyConstraints to value 1
Gurobi Optimizer version 9.5.1 build v9.5.1rc2 (linux64)
Thread count: 8 physical cores, 8 logical processors, using up to 8 threads
Optimize a model with 2563 rows, 8078 columns and 9163 nonzeros
Model fingerprint: 0x71463e05
Variable types: 0 continuous, 8078 integer (8078 binary)
Coefficient statistics:
  Matrix range     [1e+00, 1e+00]
  Objective range  [1e+00, 1e+00]
  Bounds range     [1e+00, 1e+00]
  RHS range        [1e+00, 2e+01]
Found heuristic solution: objective 4039.0000000

Explored 0 nodes (0 simplex iterations) in 0.00 seconds (0.00 work units)
Thread count was 1 (of 8 available processors)

Solution count 1: 4039 

Optimal solution found (tolerance 1.00e-04)
Best objective 4.039000000000e+03, best bound 4.039000000000e+03, gap 0.0000%

User-callback calls 21, time in user-callback 0.00 sec

Gurobi 9.5.1 (linux64) logging started Wed Mar 16 15:00:51 2022

Set parameter LogFile to value "../results/logs/log_2022_03_16_14_57.csv_17_25.log"
Set parameter LazyConstraints to value 1
Gurobi Optimizer version 9.5.1 build v9.5.1rc2 (linux64)
Thread count: 8 physical cores, 8 logical processors, using up to 8 threads
Optimize a model with 2563 rows, 8078 columns and 9163 nonzeros
Model fingerprint: 0x71463e05
Variable types: 0 continuous, 8078 integer (8078 binary)
Coefficient statistics:
  Matrix range     [1e+00, 1e+00]
  Objective range  [1e+00, 1e+00]
  Bounds range     [1e+00, 1e+00]
  RHS range        [1e+00, 2e+01]
Found heuristic solution: objective 4039.0000000

Explored 0 nodes (0 simplex iterations) in 0.00 seconds (0.00 work units)
Thread count was 1 (of 8 available processors)

Solution count 1: 4039 

Optimal solution found (tolerance 1.00e-04)
Best objective 4.039000000000e+03, best bound 4.039000000000e+03, gap 0.0000%

User-callback calls 21, time in user-callback 0.00 sec
