
Gurobi 9.5.0 (win64) logging started Tue Dec  7 12:39:38 2021

Set parameter LogFile to value "../results/logs/log_2021_12_07_12_26.csv_7_95.log"
Set parameter Method to value 3
Gurobi Optimizer version 9.5.0 build v9.5.0rc5 (win64)
Thread count: 6 physical cores, 12 logical processors, using up to 12 threads
Optimize a model with 628 rows, 9882 columns and 12913 nonzeros
Model fingerprint: 0xa8af2fcb
Variable types: 4941 continuous, 4941 integer (4941 binary)
Coefficient statistics:
  Matrix range     [1e+00, 7e+00]
  Objective range  [1e+00, 1e+00]
  Bounds range     [1e+00, 1e+00]
  RHS range        [1e+00, 1e+02]
Found heuristic solution: objective -0.0000000
Presolve removed 393 rows and 9496 columns
Presolve time: 0.01s
Presolved: 235 rows, 386 columns, 1352 nonzeros
Extracted 86 lazy constraints
Variable types: 211 continuous, 175 integer (173 binary)

Root relaxation: objective 1.374865e+02, 75 iterations, 0.00 seconds (0.00 work units)

    Nodes    |    Current Node    |     Objective Bounds      |     Work
 Expl Unexpl |  Obj  Depth IntInf | Incumbent    BestBd   Gap | It/Node Time

     0     0  137.48651    0   39   -0.00000  137.48651      -     -    0s
H    0     0                      16.0000000  137.48651   759%     -    0s
H    0     0                      23.0000000  137.48651   498%     -    0s
     0     0   64.88506    0   67   23.00000   64.88506   182%     -    0s
     0     0   64.84564    0   68   23.00000   64.84564   182%     -    0s
     0     0   60.56679    0   43   23.00000   60.56679   163%     -    0s
H    0     0                      29.0000000   60.56679   109%     -    0s
     0     0   60.33158    0   37   29.00000   60.33158   108%     -    0s
     0     0   60.32407    0   36   29.00000   60.32407   108%     -    0s
     0     0   59.29716    0   31   29.00000   59.29716   104%     -    0s
     0     0   59.23390    0   34   29.00000   59.23390   104%     -    0s
     0     0   59.10048    0   41   29.00000   59.10048   104%     -    0s
     0     0   59.10048    0   40   29.00000   59.10048   104%     -    0s
     0     2   59.10048    0   39   29.00000   59.10048   104%     -    0s
H   31    44                      30.0000000   58.65321  95.5%  17.1    0s
H   33    44                      57.0000000   58.65321  2.90%  16.2    0s

Cutting planes:
  Gomory: 24
  Implied bound: 10
  MIR: 103
  RLT: 15
  Relax-and-lift: 13
  Lazy constraints: 85

Explored 419 nodes (5132 simplex iterations) in 0.21 seconds (0.11 work units)
Thread count was 12 (of 12 available processors)

Solution count 6: 57 30 29 ... -0

Optimal solution found (tolerance 1.00e-04)
Best objective 5.700000000000e+01, best bound 5.700000000000e+01, gap 0.0000%
