
Gurobi 10.0.0 (linux64) logging started Sat Jan 27 13:29:52 2024

Set parameter LogFile to value "../results/logs/log_com-dblp.ungraph_20_20_2024_01_27_09_25.log"
Set parameter LazyConstraints to value 1
Gurobi Optimizer version 10.0.0 build v10.0.0rc2 (linux64)

CPU model: Intel(R) Core(TM) i7-9800X CPU @ 3.80GHz, instruction set [SSE2|AVX|AVX2|AVX512]
Thread count: 8 physical cores, 8 logical processors, using up to 8 threads

Optimize a model with 634161 rows, 634160 columns and 5467784 nonzeros
Model fingerprint: 0x58333eb3
Variable types: 0 continuous, 634160 integer (634160 binary)
Coefficient statistics:
  Matrix range     [1e+00, 2e+01]
  Objective range  [1e+00, 1e+00]
  Bounds range     [1e+00, 1e+00]
  RHS range        [1e+00, 2e+01]
Found heuristic solution: objective -0.0000000
Presolve removed 596382 rows and 298191 columns (presolve time = 5s) ...
Presolve removed 596382 rows and 298191 columns
Presolve time: 5.34s
Presolved: 37779 rows, 335969 columns, 1380031 nonzeros
Variable types: 0 continuous, 335969 integer (335969 binary)
Root relaxation presolved: 37779 rows, 335969 columns, 1380031 nonzeros

Deterministic concurrent LP optimizer: primal simplex, dual simplex, and barrier
Showing barrier log only...

Root barrier log...

Elapsed ordering time = 5s
Elapsed ordering time = 7s
Elapsed ordering time = 9s
Ordering time: 10.15s

Barrier statistics:
 Dense cols : 6
 AA' NZ     : 2.164e+06
 Factor NZ  : 8.282e+07 (roughly 800 MB of memory)
 Factor Ops : 6.416e+11 (roughly 2 seconds per iteration)
 Threads    : 6

                  Objective                Residual
Iter       Primal          Dual         Primal    Dual     Compl     Time
   0   3.44282382e+04  1.66819581e+05  2.24e+06 2.50e-01  3.93e+00    19s
   1   3.50161404e+04  1.58553499e+05  1.21e+06 2.79e-01  2.16e+00    21s
   2   2.38331438e+04  1.40323183e+05  3.82e+05 8.89e-02  7.60e-01    23s
   3   1.13128700e+04  5.61415033e+04  1.95e+04 2.90e-03  8.77e-02    25s
   4   1.00314637e+04  2.77999507e+04  7.86e+03 1.02e-03  3.52e-02    27s
   5   9.49577779e+03  1.99482574e+04  4.17e+03 5.67e-04  2.05e-02    30s
   6   9.08405108e+03  1.56996395e+04  2.31e+03 3.26e-04  1.29e-02    33s
   7   8.83402195e+03  1.38592106e+04  1.51e+03 2.37e-04  9.71e-03    37s
   8   8.68035614e+03  1.26447026e+04  1.18e+03 1.85e-04  7.83e-03    41s
   9   8.54643118e+03  1.17435605e+04  9.54e+02 1.51e-04  6.46e-03    44s
  10   8.45759041e+03  1.11453375e+04  8.33e+02 1.26e-04  5.59e-03    48s
  11   8.34762051e+03  1.07127011e+04  6.80e+02 1.09e-04  4.88e-03    51s
  12   8.26378489e+03  1.03017950e+04  5.79e+02 9.45e-05  4.25e-03    55s
  13   8.18788557e+03  9.95009531e+03  4.98e+02 8.29e-05  3.72e-03    58s
  14   8.12773341e+03  9.75283006e+03  4.41e+02 7.61e-05  3.42e-03    62s
  15   8.08345499e+03  9.54405904e+03  4.02e+02 6.90e-05  3.12e-03    65s
  16   8.03929025e+03  9.36248538e+03  3.64e+02 6.33e-05  2.86e-03    69s
  17   8.02706828e+03  9.26128137e+03  3.55e+02 5.92e-05  2.72e-03    72s
  18   7.97710910e+03  9.12416905e+03  3.14e+02 5.52e-05  2.51e-03    75s
  19   7.94972031e+03  9.00591831e+03  2.94e+02 5.12e-05  2.35e-03    78s
  20   7.92690496e+03  8.88232394e+03  2.77e+02 4.70e-05  2.18e-03    82s
  21   7.90395913e+03  8.77361106e+03  2.62e+02 4.30e-05  2.01e-03    85s
  22   7.87752948e+03  8.70776659e+03  2.44e+02 4.09e-05  1.92e-03    88s
  23   7.85298524e+03  8.61002873e+03  2.28e+02 3.76e-05  1.78e-03    91s
  24   7.83720301e+03  8.53646051e+03  2.18e+02 3.55e-05  1.68e-03    95s
  25   7.81853414e+03  8.47018148e+03  2.07e+02 3.32e-05  1.58e-03    98s
  26   7.80015067e+03  8.37859011e+03  1.95e+02 3.05e-05  1.46e-03   101s
  27   7.79379680e+03  8.35022160e+03  1.92e+02 2.99e-05  1.43e-03   104s
  28   7.77718894e+03  8.26970192e+03  1.82e+02 2.71e-05  1.31e-03   107s
  29   7.75097028e+03  8.19234219e+03  1.67e+02 2.47e-05  1.20e-03   110s
  30   7.73083892e+03  8.08370669e+03  1.57e+02 2.14e-05  1.05e-03   115s
  31   7.71489332e+03  8.05740323e+03  1.49e+02 2.05e-05  1.01e-03   118s
  32   7.70495311e+03  8.01818065e+03  1.44e+02 1.94e-05  9.65e-04   121s
  33   7.69632191e+03  7.98660961e+03  1.40e+02 1.86e-05  9.26e-04   124s
  34   7.68549255e+03  7.96522186e+03  1.35e+02 1.81e-05  8.98e-04   128s
  35   7.67859361e+03  7.94243226e+03  1.31e+02 2.41e-05  8.69e-04   131s
  36   7.66802962e+03  7.92875791e+03  1.27e+02 2.36e-05  8.41e-04   134s
  37   7.66221238e+03  7.89243973e+03  1.24e+02 2.18e-05  7.99e-04   137s
  38   7.66059738e+03  7.87982436e+03  1.23e+02 2.08e-05  7.78e-04   140s
  39   7.64017259e+03  7.84133490e+03  1.14e+02 1.83e-05  7.25e-04   144s
  40   7.63033849e+03  7.80657887e+03  1.09e+02 1.44e-05  6.79e-04   147s
  41   7.62171156e+03  7.78308683e+03  1.06e+02 1.30e-05  6.50e-04   150s
  42   7.61819277e+03  7.75603220e+03  1.04e+02 1.22e-05  6.16e-04   153s
  43   7.60847299e+03  7.72710683e+03  1.00e+02 1.11e-05  5.70e-04   156s
  44   7.59786220e+03  7.70281327e+03  9.57e+01 1.04e-05  5.39e-04   160s
  45   7.58566397e+03  7.66680677e+03  9.07e+01 9.41e-06  4.92e-04   163s
  46   7.57466514e+03  7.63898209e+03  8.64e+01 8.74e-06  4.55e-04   167s
  47   7.56354693e+03  7.60643275e+03  8.20e+01 7.98e-06  4.12e-04   171s
  48   7.55891433e+03  7.58647283e+03  8.03e+01 7.31e-06  3.85e-04   174s
  49   7.54983198e+03  7.56663641e+03  7.69e+01 6.73e-06  3.58e-04   178s
  50   7.54163850e+03  7.53520870e+03  7.39e+01 5.91e-06  3.20e-04   181s
  51   7.53801236e+03  7.52724187e+03  7.26e+01 5.70e-06  3.09e-04   184s
  52   7.52861939e+03  7.50890862e+03  6.93e+01 5.20e-06  2.84e-04   187s
  53   7.52086842e+03  7.50031108e+03  6.65e+01 6.17e-06  2.72e-04   191s
  54   7.51390835e+03  7.48801739e+03  6.41e+01 9.48e-06  2.58e-04   194s
  55   7.50735684e+03  7.48263875e+03  6.18e+01 4.50e-06  2.48e-04   198s
  56   7.50144823e+03  7.46722216e+03  5.97e+01 4.18e-06  2.30e-04   201s
  57   7.49654986e+03  7.45438441e+03  5.81e+01 3.90e-06  2.14e-04   204s
  58   7.49262542e+03  7.44354918e+03  5.67e+01 3.58e-06  2.00e-04   208s
  59   7.48984958e+03  7.44021912e+03  5.58e+01 3.44e-06  1.93e-04   211s
  60   7.48083071e+03  7.42800360e+03  5.27e+01 3.14e-06  1.79e-04   214s
  61   7.47766414e+03  7.41733815e+03  5.16e+01 2.90e-06  1.66e-04   217s
  62   7.47191596e+03  7.40979341e+03  4.98e+01 2.76e-06  1.58e-04   221s
  63   7.46704321e+03  7.40514997e+03  4.82e+01 2.65e-06  1.52e-04   225s
  64   7.46230830e+03  7.39527109e+03  4.68e+01 2.42e-06  1.39e-04   228s
  65   7.46119345e+03  7.39308238e+03  4.64e+01 2.36e-06  1.37e-04   231s
  66   7.45890415e+03  7.38781030e+03  4.57e+01 2.25e-06  1.31e-04   234s
  67   7.45560121e+03  7.38315197e+03  4.47e+01 2.14e-06  1.25e-04   238s
  68   7.45475558e+03  7.38100010e+03  4.44e+01 2.05e-06  1.21e-04   241s
  69   7.44693468e+03  7.37520928e+03  4.20e+01 1.92e-06  1.14e-04   244s
  70   7.44494493e+03  7.37244995e+03  4.14e+01 1.87e-06  1.10e-04   247s
  71   7.44377075e+03  7.37172440e+03  4.11e+01 1.84e-06  1.09e-04   250s
  72   7.44250826e+03  7.36894115e+03  4.07e+01 1.78e-06  1.06e-04   254s
  73   7.43463749e+03  7.36077632e+03  3.83e+01 1.58e-06  9.45e-05   257s
  74   7.43026144e+03  7.35605878e+03  3.70e+01 1.45e-06  8.87e-05   261s
  75   7.42944812e+03  7.35397926e+03  3.68e+01 1.41e-06  8.65e-05   264s
  76   7.42716830e+03  7.34840686e+03  3.61e+01 1.27e-06  7.87e-05   268s
  77   7.42347103e+03  7.34261490e+03  3.50e+01 1.13e-06  7.15e-05   271s
  78   7.41956421e+03  7.33890756e+03  3.38e+01 1.04e-06  6.62e-05   274s
  79   7.41877988e+03  7.33567233e+03  3.36e+01 9.65e-07  6.31e-05   277s
  80   7.41749259e+03  7.33398855e+03  3.32e+01 9.20e-07  6.05e-05   280s
  81   7.41269181e+03  7.33176413e+03  3.18e+01 8.76e-07  5.75e-05   284s
  82   7.41102457e+03  7.32977438e+03  3.13e+01 8.02e-07  5.37e-05   287s
  83   7.40566852e+03  7.32489932e+03  2.98e+01 7.15e-07  4.85e-05   291s
  84   7.40384832e+03  7.32371446e+03  2.93e+01 6.64e-07  4.57e-05   294s
  85   7.39980025e+03  7.32090912e+03  2.81e+01 6.06e-07  4.31e-05   298s
  86   7.39649510e+03  7.31833495e+03  2.72e+01 5.73e-07  4.09e-05   301s
  87   7.39370934e+03  7.31659989e+03  2.64e+01 5.18e-07  3.83e-05   304s
  88   7.39214675e+03  7.31526424e+03  2.60e+01 4.92e-07  3.68e-05   307s
  89   7.38943635e+03  7.31401771e+03  2.52e+01 1.15e-06  3.52e-05   311s
  90   7.38733386e+03  7.31234889e+03  2.47e+01 1.05e-06  3.29e-05   314s
  91   7.38392654e+03  7.30688754e+03  2.38e+01 6.52e-07  2.47e-05   317s
  92   7.38147311e+03  7.30510510e+03  2.31e+01 5.19e-07  2.28e-05   320s
  93   7.38021285e+03  7.30512204e+03  2.27e+01 5.70e-07  2.20e-05   324s
  94   7.37596770e+03  7.30331342e+03  2.15e+01 5.07e-07  2.05e-05   327s
  95   7.37506893e+03  7.30342165e+03  2.13e+01 4.80e-07  1.99e-05   330s
  96   7.37295584e+03  7.30399865e+03  2.07e+01 4.42e-07  1.91e-05   333s
  97   7.36774791e+03  7.30097162e+03  1.93e+01 3.44e-07  1.71e-05   337s
  98   7.36545692e+03  7.29990935e+03  1.87e+01 2.81e-07  1.59e-05   340s
  99   7.36181488e+03  7.29745525e+03  1.78e+01 8.18e-08  1.22e-05   344s
 100   7.35963469e+03  7.29660235e+03  1.73e+01 6.51e-08  1.12e-05   347s
 101   7.35680919e+03  7.29515164e+03  1.65e+01 4.86e-08  1.00e-05   350s
 102   7.35613542e+03  7.29454997e+03  1.64e+01 4.51e-08  9.66e-06   353s
 103   7.35261997e+03  7.29389961e+03  1.55e+01 4.05e-08  8.88e-06   357s
 104   7.35123238e+03  7.29323947e+03  1.51e+01 3.40e-08  8.32e-06   360s
 105   7.34936926e+03  7.29210976e+03  1.46e+01 1.92e-08  6.72e-06   363s
 106   7.34674140e+03  7.29159817e+03  1.40e+01 1.28e-08  5.85e-06   367s
 107   7.34496853e+03  7.29135178e+03  1.35e+01 1.22e-08  5.64e-06   370s
 108   7.34452999e+03  7.29152597e+03  1.34e+01 1.03e-08  5.49e-06   374s
 109   7.34311405e+03  7.29088624e+03  1.31e+01 8.78e-09  5.29e-06   377s
 110   7.34084287e+03  7.29056442e+03  1.25e+01 7.94e-09  4.98e-06   380s
 111   7.34023700e+03  7.29033225e+03  1.23e+01 7.23e-09  4.84e-06   383s
 112   7.33963866e+03  7.28967692e+03  1.22e+01 5.25e-09  4.59e-06   386s
 113   7.33751925e+03  7.28900891e+03  1.17e+01 2.88e-15  3.87e-06   390s
 114   7.33580349e+03  7.28971862e+03  1.12e+01 2.33e-15  3.64e-06   393s
 115   7.33485113e+03  7.28963603e+03  1.10e+01 2.58e-15  3.69e-06   397s
 116   7.33481396e+03  7.28958417e+03  1.10e+01 2.24e-15  3.69e-06   400s
 117   7.33479243e+03  7.28881905e+03  1.10e+01 1.24e-14  3.79e-06   403s
 118   4.72328929e+06  2.98191000e+08  3.17e+08 2.50e-01  9.42e+05   409s
 119   9.10906835e+05  4.02547844e+08  3.62e+07 2.21e-11  1.32e+05   414s
 120   8.53122631e+03  3.95378936e+08  1.72e+05 2.23e-11  1.17e+03   417s
 121   4.26412418e+03  9.13697863e+07  1.74e+04 5.62e-11  1.67e+02   420s
 122   3.75132657e+03  2.45118151e+07  3.13e+03 1.25e-11  4.09e+01   424s
 123   3.64106130e+03  1.61076210e+07  1.41e+03 8.19e-12  2.55e+01   427s
 124   3.61105928e+03  6.37618263e+06  8.17e+02 9.55e-12  1.06e+01   430s
 125   3.64045421e+03  3.29648453e+06  5.31e+02 9.55e-12  5.71e+00   434s
 126   3.73357097e+03  6.02388832e+05  2.71e+02 1.82e-12  1.40e+00   437s
 127   4.24371455e+03  7.08078113e+04  1.26e+00 2.50e-12  9.62e-02   442s
 128   5.71495364e+03  4.74907872e+04  3.45e-01 1.48e-12  5.93e-02   445s
 129   6.90625624e+03  1.77053640e+04  3.91e-02 7.67e-13  1.52e-02   449s
 130   7.07112079e+03  1.12154656e+04  1.11e-02 3.41e-13  5.84e-03   452s
 131   7.14435946e+03  8.15670566e+03  9.49e-04 1.88e-13  1.43e-03   457s
 132   7.14825665e+03  8.03840433e+03  7.79e-04 1.63e-13  1.25e-03   460s
 133   7.15561862e+03  7.62858801e+03  4.42e-04 7.28e-14  6.66e-04   463s
 134   7.15577599e+03  7.60785279e+03  4.38e-04 7.82e-14  6.37e-04   466s
 135   7.16084840e+03  7.54890573e+03  2.59e-04 5.33e-14  5.47e-04   470s
 136   7.16867723e+03  7.47381480e+03  1.24e-04 3.73e-14  4.30e-04   474s
 137   7.17225488e+03  7.46144882e+03  1.16e-04 3.38e-14  4.07e-04   477s
 138   7.17433890e+03  7.44199463e+03  1.04e-04 5.33e-14  3.77e-04   480s
 139   7.17683849e+03  7.42977130e+03  9.74e-05 3.38e-14  3.56e-04   483s
 140   7.18439760e+03  7.40634266e+03  7.73e-05 3.38e-14  3.13e-04   487s
 141   7.18694803e+03  7.39572203e+03  7.36e-05 2.31e-14  2.94e-04   490s
 142   7.19421745e+03  7.37332137e+03  5.53e-05 2.13e-14  2.52e-04   493s
 143   7.19934928e+03  7.35313949e+03  4.78e-05 2.31e-14  2.17e-04   497s
 144   7.20388409e+03  7.35142690e+03  4.32e-05 2.04e-14  2.08e-04   500s
 145   7.20389831e+03  7.34274700e+03  4.11e-05 1.87e-14  1.96e-04   503s
 146   7.20551805e+03  7.33220724e+03  3.84e-05 2.31e-14  1.79e-04   507s
 147   7.20812726e+03  7.32907580e+03  3.62e-05 1.60e-14  1.70e-04   510s
 148   7.21831431e+03  7.31512539e+03  2.57e-05 1.24e-14  1.36e-04   513s
 149   7.22158856e+03  7.31186700e+03  2.37e-05 1.60e-14  1.27e-04   516s
 150   7.22888645e+03  7.30641461e+03  2.11e-05 1.69e-14  1.09e-04   520s
 151   7.23226859e+03  7.30448198e+03  1.92e-05 1.15e-14  1.02e-04   523s
 152   7.23534120e+03  7.30382275e+03  1.79e-05 1.51e-14  9.65e-05   526s
 153   7.23792802e+03  7.30040368e+03  1.56e-05 1.33e-14  8.80e-05   530s
 154   7.23916859e+03  7.29992350e+03  1.48e-05 1.42e-14  8.56e-05   533s
 155   7.24053912e+03  7.29744643e+03  1.39e-05 1.42e-14  8.02e-05   536s
 156   7.24416183e+03  7.29573222e+03  1.31e-05 1.60e-14  7.27e-05   540s
 157   7.24688077e+03  7.29450979e+03  1.21e-05 1.51e-14  6.71e-05   543s
 158   7.24801985e+03  7.29400359e+03  1.17e-05 1.15e-14  6.48e-05   546s
 159   7.24989046e+03  7.29295492e+03  1.13e-05 1.33e-14  6.07e-05   549s
 160   7.25387972e+03  7.29034387e+03  9.78e-06 1.24e-14  5.14e-05   553s
 161   7.25690743e+03  7.28985843e+03  8.99e-06 2.31e-14  4.64e-05   557s
 162   7.25783240e+03  7.28861759e+03  8.82e-06 2.13e-14  4.34e-05   560s
 163   7.26111521e+03  7.28771504e+03  7.84e-06 2.04e-14  3.75e-05   564s
 164   7.26542307e+03  7.28671798e+03  6.41e-06 1.95e-14  3.00e-05   567s
 165   7.26638680e+03  7.28641003e+03  6.06e-06 1.60e-14  2.82e-05   570s
 166   7.26917861e+03  7.28639464e+03  4.97e-06 1.07e-14  2.43e-05   574s
 167   7.26960292e+03  7.28629946e+03  4.90e-06 1.24e-14  2.35e-05   577s
 168   7.27111477e+03  7.28624481e+03  4.63e-06 1.24e-14  2.13e-05   580s
 169   7.27148194e+03  7.28619951e+03  4.53e-06 9.77e-15  2.07e-05   584s
 170   7.27451552e+03  7.28606110e+03  3.54e-06 1.42e-14  1.63e-05   587s
 171   7.27614369e+03  7.28605651e+03  3.03e-06 1.33e-14  1.40e-05   591s
 172   7.27751764e+03  7.28601225e+03  2.79e-06 2.66e-14  1.20e-05   594s
 173   7.27777697e+03  7.28596970e+03  2.74e-06 1.87e-14  1.15e-05   598s
 174   7.27823978e+03  7.28589686e+03  2.53e-06 1.33e-14  1.08e-05   602s
 175   7.27882554e+03  7.28590608e+03  2.45e-06 2.04e-14  9.98e-06   607s
 176   7.27950141e+03  7.28589569e+03  2.19e-06 1.24e-14  9.01e-06   611s
 177   7.28258665e+03  7.28593517e+03  9.37e-07 1.15e-14  4.72e-06   615s
 178   7.28266091e+03  7.28585182e+03  9.14e-07 9.77e-15  4.50e-06   618s
 179   7.28290700e+03  7.28584133e+03  8.40e-07 1.69e-14  4.13e-06   622s
 180   7.28351326e+03  7.28582464e+03  6.52e-07 1.60e-14  3.26e-06   625s
 181   7.28359050e+03  7.28585491e+03  6.29e-07 1.78e-14  3.19e-06   628s
 182   7.28385480e+03  7.28583607e+03  5.50e-07 9.77e-15  2.79e-06   632s
 183   7.28573231e+03  7.28582174e+03  7.97e-08 1.33e-14  1.26e-07   637s
 184   7.28574474e+03  7.28580512e+03  6.82e-08 1.60e-14  8.51e-08   640s
 185   7.28574593e+03  7.28580414e+03  2.47e-06 1.78e-14  8.20e-08   646s
 186   7.28575161e+03  7.28580412e+03  1.00e-07 1.24e-14  7.40e-08   649s
 187   7.28577064e+03  7.28580407e+03  5.79e-07 1.51e-14  4.71e-08   652s
 188   7.28579344e+03  7.28580395e+03  1.82e-07 1.51e-14  1.48e-08   656s
 189   7.28580390e+03  7.28580391e+03  1.70e-08 3.02e-14  1.72e-11   659s

Barrier solved model in 189 iterations and 658.75 seconds (862.09 work units)
Optimal objective 7.28580390e+03


Root crossover log...

   25501 variables added to crossover basis                      660s
   26431 variables added to crossover basis                      665s
   26941 variables added to crossover basis                      670s
   27361 variables added to crossover basis                      675s
   27661 variables added to crossover basis                      680s
   27961 variables added to crossover basis                      685s
   28261 variables added to crossover basis                      690s
   28501 variables added to crossover basis                      695s
   28741 variables added to crossover basis                      700s
   28981 variables added to crossover basis                      706s
   29191 variables added to crossover basis                      711s
   29401 variables added to crossover basis                      716s
   29611 variables added to crossover basis                      721s
   29791 variables added to crossover basis                      725s
   29971 variables added to crossover basis                      730s
   30151 variables added to crossover basis                      735s
   30331 variables added to crossover basis                      740s
   30511 variables added to crossover basis                      745s
   30691 variables added to crossover basis                      751s
   30841 variables added to crossover basis                      755s
   31021 variables added to crossover basis                      760s
   31201 variables added to crossover basis                      766s
Concurrent spin time: 1.64s

Solved with dual simplex

Root relaxation: objective 7.285804e+03, 44166 iterations, 763.08 seconds (1020.19 work units)
Total elapsed time = 773.47s

    Nodes    |    Current Node    |     Objective Bounds      |     Work
 Expl Unexpl |  Obj  Depth IntInf | Incumbent    BestBd   Gap | It/Node Time

     0     0 7285.80391    0 14983   -0.00000 7285.80391      -     -  782s
     0     0 5877.17336    0 14392   -0.00000 5877.17336      -     - 1341s
H    0     0                    3110.0000000 5877.17336  89.0%     - 2222s
     0     0 4959.53787    0 14149 3110.00000 4959.53787  59.5%     - 2366s
     0     0 4458.88480    0 13730 3110.00000 4458.88480  43.4%     - 2475s
     0     0 4157.85209    0 13208 3110.00000 4157.85209  33.7%     - 2584s
     0     0 3963.00415    0 12550 3110.00000 3963.00415  27.4%     - 2678s
     0     0 3835.97933    0 11703 3110.00000 3835.97933  23.3%     - 2775s
     0     0 3767.06114    0 10875 3110.00000 3767.06114  21.1%     - 2851s
     0     0 3739.65607    0 9712 3110.00000 3739.65607  20.2%     - 2918s
     0     0 3720.98262    0 7962 3110.00000 3720.98262  19.6%     - 2978s
     0     0 3694.02337    0 7251 3110.00000 3694.02337  18.8%     - 3039s
     0     0 3678.69942    0 6053 3110.00000 3678.69942  18.3%     - 3098s
     0     0 3675.08682    0 6156 3110.00000 3675.08682  18.2%     - 3149s
     0     0 3673.01897    0 6040 3110.00000 3673.01897  18.1%     - 3200s
     0     0 3671.90040    0 6055 3110.00000 3671.90040  18.1%     - 3242s
     0     0 3671.12408    0 5236 3110.00000 3671.12408  18.0%     - 3284s
     0     0 3670.59808    0 5562 3110.00000 3670.59808  18.0%     - 3318s
     0     0 3670.21703    0 5678 3110.00000 3670.21703  18.0%     - 3354s
     0     0 3669.94065    0 5236 3110.00000 3669.94065  18.0%     - 3387s
     0     0 3669.72823    0 5567 3110.00000 3669.72823  18.0%     - 3419s
     0     0          -    0      3110.00000 3669.72823  18.0%     - 3600s

Cutting planes:
  Lift-and-project: 9
  Cover: 2295
  MIR: 6810
  StrongCG: 253
  GUB cover: 3918
  Zero half: 6
  RLT: 3882
  Lazy constraints: 19

Explored 1 nodes (97477 simplex iterations) in 3600.04 seconds (6376.57 work units)
Thread count was 8 (of 8 available processors)

Solution count 2: 3110 -0 

Time limit reached
Best objective 3.110000000000e+03, best bound 3.669000000000e+03, gap 17.9743%

User-callback calls 84413, time in user-callback 269.22 sec

Gurobi 10.0.0 (linux64) logging started Sun Jan 28 05:35:30 2024

Set parameter LogFile to value "../results/logs/log_com-dblp.ungraph_20_20_2024_01_27_09_25.log"
Set parameter LazyConstraints to value 1
Gurobi Optimizer version 10.0.0 build v10.0.0rc2 (linux64)

CPU model: Intel(R) Core(TM) i7-9800X CPU @ 3.80GHz, instruction set [SSE2|AVX|AVX2|AVX512]
Thread count: 8 physical cores, 8 logical processors, using up to 8 threads

Optimize a model with 31647 rows, 634160 columns and 1449921 nonzeros
Model fingerprint: 0x1dd974a1
Variable types: 0 continuous, 634160 integer (634160 binary)
Coefficient statistics:
  Matrix range     [1e+00, 2e+01]
  Objective range  [1e+00, 1e+00]
  Bounds range     [1e+00, 1e+00]
  RHS range        [1e+00, 2e+01]
Found heuristic solution: objective 3066.0000000
Presolve removed 0 rows and 304323 columns
Presolve time: 1.56s
Presolved: 31647 rows, 329837 columns, 1068725 nonzeros
Variable types: 0 continuous, 329837 integer (329837 binary)
Found heuristic solution: objective 3069.0000000
Root relaxation presolved: 31647 rows, 329837 columns, 1068725 nonzeros

Deterministic concurrent LP optimizer: primal simplex, dual simplex, and barrier
Showing barrier log only...

Root barrier log...

Elapsed ordering time = 5s
Elapsed ordering time = 6s
Ordering time: 6.66s

Barrier statistics:
 AA' NZ     : 1.355e+06
 Factor NZ  : 6.606e+07 (roughly 700 MB of memory)
 Factor Ops : 4.589e+11 (roughly 2 seconds per iteration)
 Threads    : 6

                  Objective                Residual
Iter       Primal          Dual         Primal    Dual     Compl     Time
   0   3.57546562e+04  6.16089355e+05  2.22e+06 9.12e-01  1.47e+01    11s
   1   2.42577609e+04  5.83288170e+05  9.79e+05 1.06e+00  6.75e+00    12s
   2   1.15433370e+04  3.84707981e+05  1.32e+05 2.00e-15  1.23e+00    13s
   3   8.58700621e+03  9.20780778e+04  1.77e+04 1.55e-15  1.92e-01    14s
   4   7.81329622e+03  3.43964501e+04  5.19e+03 1.80e-15  5.85e-02    16s
   5   7.45171308e+03  2.09451104e+04  2.08e+03 1.60e-15  2.79e-02    17s
   6   7.29062819e+03  1.57839627e+04  1.17e+03 1.96e-15  1.72e-02    19s
   7   7.20110826e+03  1.32168015e+04  7.89e+02 1.47e-15  1.22e-02    21s
   8   7.10665384e+03  1.12123491e+04  4.90e+02 1.39e-15  8.27e-03    22s
   9   7.02319412e+03  1.04536343e+04  3.13e+02 1.34e-15  6.53e-03    24s
  10   6.96819318e+03  9.69095226e+03  2.35e+02 1.68e-15  5.18e-03    26s
  11   6.92803670e+03  9.25717464e+03  2.01e+02 1.66e-15  4.47e-03    28s
  12   6.88983173e+03  8.91231993e+03  1.66e+02 1.48e-15  3.87e-03    31s
  13   6.85679365e+03  8.47528211e+03  1.41e+02 2.18e-15  3.17e-03    34s
  14   6.82428814e+03  8.16043494e+03  1.19e+02 3.22e-15  2.66e-03    37s
  15   6.79972806e+03  7.90548787e+03  1.04e+02 2.84e-15  2.26e-03    39s
  16   6.77852829e+03  7.74640026e+03  9.33e+01 2.57e-15  2.00e-03    42s
  17   6.77414436e+03  7.66868658e+03  9.12e+01 2.63e-15  1.89e-03    44s
  18   6.75488894e+03  7.57044875e+03  8.14e+01 3.57e-15  1.72e-03    46s
  19   6.74186829e+03  7.48737392e+03  7.53e+01 2.69e-15  1.58e-03    48s
  20   6.71634278e+03  7.15951916e+03  6.38e+01 2.61e-15  1.08e-03    51s
  21   6.70518107e+03  7.07302208e+03  5.93e+01 2.43e-15  9.46e-04    54s
  22   6.69866062e+03  7.05162631e+03  5.70e+01 2.24e-15  9.10e-04    56s
  23   6.69582231e+03  7.02350595e+03  5.59e+01 2.50e-15  8.67e-04    58s
  24   6.68483862e+03  6.98795480e+03  5.19e+01 2.54e-15  8.07e-04    61s
  25   6.68248474e+03  6.97929318e+03  5.11e+01 3.46e-15  7.92e-04    63s
  26   6.67291294e+03  6.93960093e+03  4.76e+01 2.63e-15  7.30e-04    65s
  27   6.66780209e+03  6.89883693e+03  4.58e+01 2.54e-15  6.69e-04    68s
  28   6.65866361e+03  6.87073551e+03  4.28e+01 2.89e-15  6.22e-04    70s
  29   6.65047310e+03  6.82154423e+03  3.99e+01 3.21e-15  5.46e-04    73s
  30   6.64487523e+03  6.80496021e+03  3.79e+01 3.15e-15  5.19e-04    75s
  31   6.64109613e+03  6.79213701e+03  3.68e+01 3.31e-15  4.98e-04    78s
  32   6.63675081e+03  6.76889547e+03  3.52e+01 3.48e-15  4.61e-04    80s
  33   6.62935052e+03  6.73639404e+03  3.27e+01 3.75e-15  4.10e-04    83s
  34   6.62388324e+03  6.72217083e+03  3.10e+01 3.75e-15  3.86e-04    85s
  35   6.62149798e+03  6.70442867e+03  3.03e+01 3.62e-15  3.60e-04    88s
  36   6.61890247e+03  6.69781252e+03  2.95e+01 3.83e-15  3.48e-04    90s
  37   6.61536207e+03  6.67947459e+03  2.84e+01 3.94e-15  3.21e-04    92s
  38   6.61088135e+03  6.65353619e+03  2.72e+01 3.55e-15  2.80e-04    95s
  39   6.60625873e+03  6.64731646e+03  2.58e+01 3.70e-15  2.67e-04    97s
  40   6.60028828e+03  6.62497155e+03  2.40e+01 3.77e-15  2.30e-04   100s
  41   6.59708118e+03  6.60655758e+03  2.29e+01 3.35e-15  2.03e-04   102s
  42   6.59488484e+03  6.60453789e+03  2.23e+01 3.60e-15  1.96e-04   104s
  43   6.58452785e+03  6.55390199e+03  1.91e+01 4.64e-15  1.17e-04   107s
  44   6.57929896e+03  6.53837045e+03  1.79e+01 3.86e-15  9.21e-05   109s
  45   6.57462465e+03  6.53268060e+03  1.68e+01 3.89e-15  8.10e-05   112s
  46   6.56998551e+03  6.52781474e+03  1.56e+01 3.72e-15  7.31e-05   114s
  47   6.56633677e+03  6.52590922e+03  1.48e+01 3.63e-15  6.89e-05   116s
  48   6.56408282e+03  6.52445442e+03  1.43e+01 3.73e-15  6.63e-05   119s
  49   6.56168204e+03  6.52203025e+03  1.37e+01 3.28e-15  6.22e-05   121s
  50   6.55843080e+03  6.51976106e+03  1.30e+01 4.48e-15  5.75e-05   124s
  51   6.55613609e+03  6.51776932e+03  1.25e+01 3.86e-15  5.43e-05   126s
  52   6.55390298e+03  6.51133316e+03  1.20e+01 3.31e-15  4.39e-05   128s
  53   6.55326919e+03  6.51049853e+03  1.18e+01 3.63e-15  4.30e-05   130s
  54   6.54525510e+03  6.50168199e+03  9.99e+00 4.19e-15  2.61e-05   134s
  55   6.54296018e+03  6.50104435e+03  9.48e+00 3.65e-15  2.47e-05   136s
  56   6.54225464e+03  6.50074223e+03  9.33e+00 4.61e-15  2.40e-05   138s
  57   6.54047104e+03  6.49969495e+03  8.96e+00 4.13e-15  2.19e-05   141s
  58   6.53784426e+03  6.49812842e+03  8.41e+00 4.32e-15  1.86e-05   143s
  59   6.53598127e+03  6.49792137e+03  8.01e+00 3.65e-15  1.77e-05   146s
  60   6.53534168e+03  6.49772412e+03  7.88e+00 4.01e-15  1.74e-05   148s
  61   6.53303342e+03  6.49747506e+03  7.40e+00 4.29e-15  1.62e-05   150s
  62   6.53182630e+03  6.49737597e+03  7.14e+00 3.77e-15  1.56e-05   152s
  63   6.53037870e+03  6.49734754e+03  6.85e+00 4.42e-15  1.50e-05   154s
  64   6.52913827e+03  6.49708275e+03  6.60e+00 4.56e-15  1.44e-05   157s
  65   6.52840279e+03  6.49698762e+03  6.45e+00 4.89e-15  1.39e-05   159s
  66   6.52534070e+03  6.49672556e+03  5.77e+00 4.15e-15  1.19e-05   162s
  67   6.52468677e+03  6.49656320e+03  5.63e+00 4.24e-15  1.16e-05   164s
  68   6.52302167e+03  6.49676560e+03  5.30e+00 4.16e-15  1.08e-05   166s
  69   6.52162110e+03  6.49637690e+03  5.01e+00 3.21e-15  1.01e-05   169s
  70   6.51923756e+03  6.49615401e+03  4.51e+00 3.58e-15  8.86e-06   171s
  71   6.51719619e+03  6.49602655e+03  4.10e+00 5.03e-15  7.58e-06   174s
  72   6.51606327e+03  6.49588179e+03  3.88e+00 4.99e-15  7.17e-06   176s
  73   6.51541970e+03  6.49581221e+03  3.79e+00 4.10e-15  7.23e-06   179s
  74   6.51456286e+03  6.49567719e+03  3.61e+00 4.43e-15  6.88e-06   181s
  75   6.51315461e+03  6.49562121e+03  3.32e+00 1.69e-14  6.06e-06   184s
  76   6.51288513e+03  6.49553477e+03  3.26e+00 1.60e-14  5.96e-06   186s
  77   6.50967800e+03  6.49555457e+03  2.65e+00 1.69e-14  4.72e-06   188s
  78   6.50919854e+03  6.49553639e+03  2.53e+00 1.07e-14  4.36e-06   191s
  79   6.50886665e+03  6.49549827e+03  2.47e+00 1.87e-14  4.25e-06   194s
  80   6.50831011e+03  6.49552242e+03  2.36e+00 1.87e-14  3.99e-06   197s
  81   6.50648432e+03  6.49558425e+03  2.02e+00 1.42e-14  3.43e-06   199s
  82   6.50519876e+03  6.49546968e+03  1.77e+00 1.51e-14  2.92e-06   202s
  83   6.50415519e+03  6.49542110e+03  1.58e+00 1.24e-14  2.57e-06   204s
  84   6.50244699e+03  6.49540030e+03  1.27e+00 1.24e-14  2.08e-06   207s
  85   6.50127384e+03  6.49538525e+03  1.06e+00 1.87e-14  1.74e-06   209s
  86   6.50096916e+03  6.49536459e+03  1.01e+00 1.07e-14  1.64e-06   211s
  87   6.50072474e+03  6.49535862e+03  9.63e-01 1.42e-14  1.56e-06   213s
  88   6.49910918e+03  6.49533219e+03  6.73e-01 1.69e-14  1.08e-06   217s
  89   6.49809105e+03  6.49533928e+03  4.91e-01 1.42e-14  7.81e-07   219s
  90   6.49704874e+03  6.49530377e+03  2.89e-01 1.69e-14  3.11e-07   222s
  91   6.49645098e+03  6.49530225e+03  1.90e-01 1.78e-14  2.04e-07   224s
  92   6.49559371e+03  6.49530125e+03  4.88e-02 1.78e-14  5.59e-08   227s
  93   6.49556299e+03  6.49530093e+03  4.38e-02 1.60e-14  5.12e-08   229s
  94   6.49529502e+03  6.49529308e+03  5.44e-04 1.26e-14  2.54e-09   232s
  95   6.49529227e+03  6.49529218e+03  2.27e-05 2.93e-14  9.50e-11   234s
  96   6.49529216e+03  6.49529216e+03  2.88e-08 1.78e-14  1.39e-13   236s

Barrier solved model in 96 iterations and 236.50 seconds (322.44 work units)
Optimal objective 6.49529216e+03


Root crossover log...

   23038 variables added to crossover basis                      240s
   23668 variables added to crossover basis                      245s
   24088 variables added to crossover basis                      250s
   24448 variables added to crossover basis                      255s
   24748 variables added to crossover basis                      260s
   25048 variables added to crossover basis                      266s
   25288 variables added to crossover basis                      270s
   25528 variables added to crossover basis                      275s
   25768 variables added to crossover basis                      280s
   25978 variables added to crossover basis                      285s
   26158 variables added to crossover basis                      290s
   26368 variables added to crossover basis                      295s
   26548 variables added to crossover basis                      300s
   26728 variables added to crossover basis                      305s
   26908 variables added to crossover basis                      310s
   27088 variables added to crossover basis                      315s
   27268 variables added to crossover basis                      321s
   27418 variables added to crossover basis                      325s
   27598 variables added to crossover basis                      331s
   27748 variables added to crossover basis                      336s
   27898 variables added to crossover basis                      340s
   28048 variables added to crossover basis                      345s
   28228 variables added to crossover basis                      351s
   28378 variables added to crossover basis                      356s
   28528 variables added to crossover basis                      361s
   28678 variables added to crossover basis                      366s
   28828 variables added to crossover basis                      371s
   28978 variables added to crossover basis                      376s
   29128 variables added to crossover basis                      381s
   29248 variables added to crossover basis                      385s
   29398 variables added to crossover basis                      390s
   29548 variables added to crossover basis                      396s
   29698 variables added to crossover basis                      401s
   29848 variables added to crossover basis                      406s
   29998 variables added to crossover basis                      411s
   30148 variables added to crossover basis                      416s
   30298 variables added to crossover basis                      421s
   30448 variables added to crossover basis                      426s
   30598 variables added to crossover basis                      430s
Concurrent spin time: 32.00s

Solved with primal simplex

Root relaxation: objective 6.495292e+03, 20469 iterations, 455.15 seconds (648.85 work units)

    Nodes    |    Current Node    |     Objective Bounds      |     Work
 Expl Unexpl |  Obj  Depth IntInf | Incumbent    BestBd   Gap | It/Node Time

     0     0 6495.29216    0 15021 3069.00000 6495.29216   112%     -  466s
     0     0 5153.05365    0 14671 3069.00000 5153.05365  67.9%     -  854s
H    0     0                    3121.0000000 5153.05365  65.1%     - 1479s
     0     0 4379.94871    0 14683 3121.00000 4379.94871  40.3%     - 1615s
     0     0 4027.26496    0 14433 3121.00000 4027.26496  29.0%     - 1737s
     0     0 3841.68168    0 14002 3121.00000 3841.68168  23.1%     - 1882s
     0     0 3719.95789    0 13596 3121.00000 3719.95789  19.2%     - 1988s
     0     0 3655.54647    0 13018 3121.00000 3655.54647  17.1%     - 2096s
     0     0 3619.83972    0 12396 3121.00000 3619.83972  16.0%     - 2198s
     0     0 3598.92654    0 11755 3121.00000 3598.92654  15.3%     - 2282s
     0     0 3582.81758    0 11072 3121.00000 3582.81758  14.8%     - 2372s
     0     0 3574.37444    0 9777 3121.00000 3574.37444  14.5%     - 2450s
     0     0 3559.64522    0 9258 3121.00000 3559.64522  14.1%     - 2546s
     0     0 3548.50491    0 7480 3121.00000 3548.50491  13.7%     - 2626s
     0     0 3546.56040    0 7339 3121.00000 3546.56040  13.6%     - 2674s
     0     0 3545.53326    0 7515 3121.00000 3545.53326  13.6%     - 2718s
     0     0 3545.00071    0 6428 3121.00000 3545.00071  13.6%     - 2762s
     0     0 3544.69397    0 6746 3121.00000 3544.69397  13.6%     - 2795s
     0     0 3544.52966    0 6582 3121.00000 3544.52966  13.6%     - 2824s
     0     0          -    0      3121.00000 3544.52966  13.6%     - 3600s

Cutting planes:
  Cover: 1413
  MIR: 5133
  StrongCG: 177
  GUB cover: 3344
  Zero half: 4
  RLT: 3696
  Lazy constraints: 17

Explored 1 nodes (87676 simplex iterations) in 3600.03 seconds (7356.57 work units)
Thread count was 8 (of 8 available processors)

Solution count 3: 3121 3069 3066 

Time limit reached
Best objective 3.121000000000e+03, best bound 3.544000000000e+03, gap 13.5533%

User-callback calls 75510, time in user-callback 249.26 sec
