
Gurobi 9.5.1 (linux64) logging started Wed Mar  9 18:05:27 2022

Set parameter LogFile to value "../results/logs/log_2022_03_09_17_57.csv_8_30.log"
Set parameter Method to value 3
Gurobi Optimizer version 9.5.1 build v9.5.1rc2 (linux64)
Thread count: 8 physical cores, 8 logical processors, using up to 8 threads
Optimize a model with 376 rows, 9882 columns and 10225 nonzeros
Model fingerprint: 0x7d3b6008
Variable types: 4941 continuous, 4941 integer (4941 binary)
Coefficient statistics:
  Matrix range     [1e+00, 8e+00]
  Objective range  [1e+00, 1e+00]
  Bounds range     [1e+00, 1e+00]
  RHS range        [1e+00, 3e+01]
Found heuristic solution: objective -0.0000000
Presolve removed 253 rows and 9678 columns
Presolve time: 0.01s
Presolved: 123 rows, 204 columns, 736 nonzeros
Extracted 47 lazy constraints
Variable types: 113 continuous, 91 integer (90 binary)

Root relaxation: objective 6.316741e+01, 71 iterations, 0.00 seconds (0.00 work units)

    Nodes    |    Current Node    |     Objective Bounds      |     Work
 Expl Unexpl |  Obj  Depth IntInf | Incumbent    BestBd   Gap | It/Node Time

     0     0   63.16741    0   23   -0.00000   63.16741      -     -    0s
H    0     0                       4.0000000   63.16741  1479%     -    0s
H    0     0                       8.0000000   63.02009   688%     -    0s
     0     0   23.68692    0   32    8.00000   23.68692   196%     -    0s
     0     0   23.59769    0   30    8.00000   23.59769   195%     -    0s
     0     0   21.60204    0   13    8.00000   21.60204   170%     -    0s
H    0     0                       9.0000000   21.60204   140%     -    0s
     0     0   21.34697    0   13    9.00000   21.34697   137%     -    0s
H    0     0                      10.0000000   21.34697   113%     -    0s
     0     0   20.93664    0   17   10.00000   20.93664   109%     -    0s
     0     0   20.81901    0   13   10.00000   20.81901   108%     -    0s
     0     0   20.81284    0   13   10.00000   20.81284   108%     -    0s
     0     0   20.71769    0   15   10.00000   20.71769   107%     -    0s
H    0     0                      17.0000000   20.71769  21.9%     -    0s
H    0     0                      19.0000000   20.70288  8.96%     -    0s
     0     0   20.70288    0   16   19.00000   20.70288  8.96%     -    0s
     0     0   20.65492    0   18   19.00000   20.65492  8.71%     -    0s
     0     0   20.60500    0   10   19.00000   20.60500  8.45%     -    0s
     0     0   20.60500    0   10   19.00000   20.60500  8.45%     -    0s
     0     0   20.60438    0   17   19.00000   20.60438  8.44%     -    0s
     0     0   20.60438    0   10   19.00000   20.60438  8.44%     -    0s
     0     0   20.60438    0    6   19.00000   20.60438  8.44%     -    0s
H    0     0                      20.0000000   20.60438  3.02%     -    0s
     0     0   20.00000    0    9   20.00000   20.00000  0.00%     -    0s

Cutting planes:
  Gomory: 3
  MIR: 21
  RLT: 3
  Relax-and-lift: 3

Explored 1 nodes (527 simplex iterations) in 0.08 seconds (0.03 work units)
Thread count was 8 (of 8 available processors)

Solution count 9: 20 19 17 ... -0

Optimal solution found (tolerance 1.00e-04)
Best objective 2.000000000000e+01, best bound 2.000000000000e+01, gap 0.0000%
