
Gurobi 9.5.0 (win64) logging started Mon Jun  6 20:00:32 2022

Set parameter LogFile to value "../results/logs/log_soc-dolphins_3_1_2022_06_06_20_00.log"
Set parameter LazyConstraints to value 1
Gurobi Optimizer version 9.5.0 build v9.5.0rc5 (win64)
Thread count: 6 physical cores, 12 logical processors, using up to 12 threads
Optimize a model with 270 rows, 48 columns and 888 nonzeros
Model fingerprint: 0x81bf4bae
Variable types: 0 continuous, 48 integer (48 binary)
Coefficient statistics:
  Matrix range     [1e+00, 3e+00]
  Objective range  [1e+00, 1e+00]
  Bounds range     [1e+00, 1e+00]
  RHS range        [1e+00, 1e+00]
Found heuristic solution: objective -0.0000000
Presolve removed 241 rows and 15 columns
Presolve time: 0.00s
Presolved: 29 rows, 33 columns, 200 nonzeros
Variable types: 0 continuous, 33 integer (33 binary)

Root relaxation: objective 7.000000e+00, 3 iterations, 0.00 seconds (0.00 work units)

    Nodes    |    Current Node    |     Objective Bounds      |     Work
 Expl Unexpl |  Obj  Depth IntInf | Incumbent    BestBd   Gap | It/Node Time

*    0     0               0       7.0000000    7.00000  0.00%     -    0s

Explored 1 nodes (3 simplex iterations) in 0.01 seconds (0.00 work units)
Thread count was 12 (of 12 available processors)

Solution count 2: 7 -0 

Optimal solution found (tolerance 0.00e+00)
Best objective 7.000000000000e+00, best bound 7.000000000000e+00, gap 0.0000%

User-callback calls 347, time in user-callback 0.00 sec

Gurobi 9.5.0 (win64) logging started Mon Jun  6 20:00:58 2022

Set parameter LogFile to value "../results/logs/log_soc-dolphins_3_1_2022_06_06_20_00.log"
Set parameter LazyConstraints to value 1
Gurobi Optimizer version 9.5.0 build v9.5.0rc5 (win64)
Thread count: 6 physical cores, 12 logical processors, using up to 12 threads
Optimize a model with 270 rows, 48 columns and 888 nonzeros
Model fingerprint: 0x81bf4bae
Variable types: 0 continuous, 48 integer (48 binary)
Coefficient statistics:
  Matrix range     [1e+00, 3e+00]
  Objective range  [1e+00, 1e+00]
  Bounds range     [1e+00, 1e+00]
  RHS range        [1e+00, 1e+00]
Found heuristic solution: objective -0.0000000
Presolve removed 241 rows and 15 columns
Presolve time: 0.00s
Presolved: 29 rows, 33 columns, 200 nonzeros
Variable types: 0 continuous, 33 integer (33 binary)

Root relaxation: objective 7.000000e+00, 3 iterations, 0.00 seconds (0.00 work units)

    Nodes    |    Current Node    |     Objective Bounds      |     Work
 Expl Unexpl |  Obj  Depth IntInf | Incumbent    BestBd   Gap | It/Node Time

*    0     0               0       7.0000000    7.00000  0.00%     -    0s

Explored 1 nodes (3 simplex iterations) in 0.01 seconds (0.00 work units)
Thread count was 12 (of 12 available processors)

Solution count 2: 7 -0 

Optimal solution found (tolerance 0.00e+00)
Best objective 7.000000000000e+00, best bound 7.000000000000e+00, gap 0.0000%

User-callback calls 347, time in user-callback 0.00 sec
