
Gurobi 9.5.0 (win64) logging started Tue Dec  7 12:36:19 2021

Set parameter LogFile to value "../results/logs/log_2021_12_07_12_26.csv_4_30.log"
Set parameter Method to value 3
Gurobi Optimizer version 9.5.0 build v9.5.0rc5 (win64)
Thread count: 6 physical cores, 12 logical processors, using up to 12 threads
Optimize a model with 2962 rows, 9882 columns and 30211 nonzeros
Model fingerprint: 0xd0a0b755
Variable types: 4941 continuous, 4941 integer (4941 binary)
Coefficient statistics:
  Matrix range     [1e+00, 4e+00]
  Objective range  [1e+00, 1e+00]
  Bounds range     [1e+00, 1e+00]
  RHS range        [1e+00, 3e+01]
Found heuristic solution: objective 36.0000000
Presolve removed 1475 rows and 7622 columns
Presolve time: 0.03s
Presolved: 1487 rows, 2260 columns, 8333 nonzeros
Variable types: 1293 continuous, 967 integer (941 binary)
Found heuristic solution: objective 46.0000000

Concurrent LP optimizer: primal simplex, dual simplex, and barrier
Showing barrier log only...

Root barrier log...

Ordering time: 0.00s

Barrier statistics:
 AA' NZ     : 6.354e+03
 Factor NZ  : 1.841e+04 (roughly 2 MB of memory)
 Factor Ops : 2.649e+05 (less than 1 second per iteration)
 Threads    : 1

                  Objective                Residual
Iter       Primal          Dual         Primal    Dual     Compl     Time
   0   4.93443086e+03  4.99641617e+03  4.33e+03 7.77e-01  1.56e+01     0s
   1   1.24229552e+03  5.05277466e+03  9.33e+02 3.55e-15  3.60e+00     0s
   2   4.03041278e+02  2.20953460e+03  1.07e+02 3.11e-15  5.70e-01     0s
   3   2.84080064e+02  5.64700433e+02  1.84e+01 4.44e-15  9.15e-02     0s
   4   2.53614163e+02  3.30955381e+02  2.68e+00 3.47e-15  1.91e-02     0s
   5   2.55719157e+02  2.86980246e+02  9.60e-01 4.00e-15  7.26e-03     0s
   6   2.58025915e+02  2.67014206e+02  3.48e-01 3.77e-15  2.17e-03     0s
   7   2.59434930e+02  2.62944872e+02  1.33e-01 4.06e-15  8.40e-04     0s
   8   2.60208641e+02  2.61398537e+02  2.65e-02 3.24e-15  2.51e-04     0s
   9   2.60410437e+02  2.60509554e+02  3.73e-03 4.70e-15  2.36e-05     0s
  10   2.60468457e+02  2.60472128e+02  2.07e-05 2.90e-15  6.64e-07     0s
  11   2.60469300e+02  2.60469335e+02  4.77e-08 4.61e-15  6.07e-09     0s

Barrier performed 11 iterations in 0.08 seconds (0.04 work units)
Barrier solve interrupted - model solved by another algorithm


Solved with primal simplex

Root relaxation: objective 2.604693e+02, 1225 iterations, 0.03 seconds (0.02 work units)

    Nodes    |    Current Node    |     Objective Bounds      |     Work
 Expl Unexpl |  Obj  Depth IntInf | Incumbent    BestBd   Gap | It/Node Time

     0     0  260.46931    0  582   46.00000  260.46931   466%     -    0s
H    0     0                      71.0000000  260.46931   267%     -    0s
H    0     0                      74.0000000  260.46931   252%     -    0s
     0     0  134.68666    0  240   74.00000  134.68666  82.0%     -    0s
     0     0  132.59222    0  228   74.00000  132.59222  79.2%     -    0s
     0     0  132.16089    0  222   74.00000  132.16089  78.6%     -    0s
     0     0  132.08921    0  222   74.00000  132.08921  78.5%     -    0s
     0     0  118.88323    0  145   74.00000  118.88323  60.7%     -    0s
     0     0  117.20800    0  161   74.00000  117.20800  58.4%     -    0s
H    0     0                      76.0000000  116.59662  53.4%     -    0s
     0     0  116.59662    0  142   76.00000  116.59662  53.4%     -    0s
     0     0  116.54941    0  140   76.00000  116.54941  53.4%     -    0s
H    0     0                      77.0000000  116.54941  51.4%     -    0s
H    0     0                      79.0000000  113.52194  43.7%     -    0s
H    0     0                      86.0000000  113.52194  32.0%     -    0s
     0     0  113.52194    0  144   86.00000  113.52194  32.0%     -    0s
     0     0  112.94826    0  119   86.00000  112.94826  31.3%     -    0s
     0     0  112.57323    0  105   86.00000  112.57323  30.9%     -    0s
     0     0  112.50178    0  109   86.00000  112.50178  30.8%     -    0s
H    0     0                      90.0000000  110.95324  23.3%     -    0s
     0     0  110.95324    0  125   90.00000  110.95324  23.3%     -    0s
     0     0  110.52040    0   69   90.00000  110.52040  22.8%     -    0s
     0     0  110.49277    0  111   90.00000  110.49277  22.8%     -    0s
     0     0  110.26649    0   98   90.00000  110.26649  22.5%     -    0s
     0     0  110.21077    0  107   90.00000  110.21077  22.5%     -    0s
     0     0  110.06531    0   97   90.00000  110.06531  22.3%     -    0s
     0     0  110.06531    0   96   90.00000  110.06531  22.3%     -    1s
     0     2  110.06531    0   85   90.00000  110.06531  22.3%     -    1s
H   33    39                      91.0000000  109.02526  19.8%  87.1    1s
H  133   149                      92.0000000  109.02526  18.5%  56.4    1s
H  231   244                      93.0000000  109.02526  17.2%  45.9    2s
H  232   244                      99.0000000  109.02526  10.1%  45.8    2s
*  293   288              38     102.0000000  109.02526  6.89%  44.2    2s
* 1398   578              53     103.0000000  107.35522  4.23%  46.9    4s
  1512   626  104.05777   15   90  103.00000  107.25681  4.13%  46.8    5s
  3893  1178  105.30536    8   83  103.00000  106.34389  3.25%  49.1   10s

Cutting planes:
  Gomory: 86
  Lift-and-project: 56
  Cover: 2
  Implied bound: 7
  MIR: 201
  Flow cover: 226
  RLT: 25
  Relax-and-lift: 8

Explored 4355 nodes (222967 simplex iterations) in 14.73 seconds (12.84 work units)
Thread count was 12 (of 12 available processors)

Solution count 10: 103 102 99 ... 77

Optimal solution found (tolerance 1.00e-04)
Best objective 1.030000000000e+02, best bound 1.030000000000e+02, gap 0.0000%
