
Gurobi 9.1.1 (win64) logging started Sun Mar 14 11:56:09 2021

Changed value of parameter LogFile to ../results/logs/log_samuel_kroger_2021_03_14_11_56_09.csv_2_2.log
   Prev:   Default: 
Gurobi Optimizer version 9.1.1 build v9.1.1rc0 (win64)
Thread count: 6 physical cores, 12 logical processors, using up to 12 threads
Optimize a model with 13 rows, 32 columns and 60 nonzeros
Model fingerprint: 0x1c451787
Variable types: 0 continuous, 32 integer (32 binary)
Coefficient statistics:
  Matrix range     [1e+00, 1e+00]
  Objective range  [1e+00, 1e+00]
  Bounds range     [1e+00, 1e+00]
  RHS range        [1e+00, 2e+00]
Found heuristic solution: objective 14.0000000
Found heuristic solution: objective 18.0000000
Presolve removed 13 rows and 32 columns
Presolve time: 0.00s
Presolve: All rows and columns removed

Explored 0 nodes (0 simplex iterations) in 0.00 seconds
Thread count was 1 (of 12 available processors)

Solution count 2: 18 

Optimal solution found (tolerance 1.00e-04)
Best objective 1.800000000000e+01, best bound 1.800000000000e+01, gap 0.0000%

Gurobi 9.1.1 (win64) logging started Sun Mar 14 11:56:09 2021

Changed value of parameter LogFile to ../results/logs/log_samuel_kroger_2021_03_14_11_56_09.csv_2_2.log
   Prev:   Default: 
Gurobi Optimizer version 9.1.1 build v9.1.1rc0 (win64)
Thread count: 6 physical cores, 12 logical processors, using up to 12 threads
Optimize a model with 17 rows, 32 columns and 88 nonzeros
Model fingerprint: 0x8fadbaa7
Coefficient statistics:
  Matrix range     [1e+00, 2e+00]
  Objective range  [1e+00, 1e+00]
  Bounds range     [1e+00, 1e+00]
  RHS range        [1e+00, 2e+00]
Presolve removed 8 rows and 23 columns
Presolve time: 0.00s
Presolved: 9 rows, 9 columns, 33 nonzeros

Iteration    Objective       Primal Inf.    Dual Inf.      Time
       0    1.8000000e+01   0.000000e+00   0.000000e+00      0s
       0    1.8000000e+01   0.000000e+00   0.000000e+00      0s

Solved in 0 iterations and 0.00 seconds
Optimal objective  1.800000000e+01
