
Gurobi 9.5.1 (linux64) logging started Thu Jun 23 18:04:38 2022

Set parameter LogFile to value "../results/logs/log_com-dblp.ungraph_3_250_2022_06_23_15_17.log"
Gurobi Optimizer version 9.5.1 build v9.5.1rc2 (linux64)
Thread count: 8 physical cores, 8 logical processors, using up to 8 threads
Optimize a model with 22024 rows, 634160 columns and 227197 nonzeros
Model fingerprint: 0x253df73c
Variable types: 0 continuous, 634160 integer (634160 binary)
Coefficient statistics:
  Matrix range     [1e+00, 3e+00]
  Objective range  [1e+00, 1e+00]
  Bounds range     [1e+00, 1e+00]
  RHS range        [1e+00, 2e+02]
Found heuristic solution: objective 204031.00000
Presolve removed 13805 rows and 621821 columns
Presolve time: 0.37s
Presolved: 8219 rows, 12339 columns, 35698 nonzeros
Found heuristic solution: objective 204282.00000
Variable types: 0 continuous, 12339 integer (11212 binary)

Root relaxation: objective 2.056503e+05, 6302 iterations, 0.14 seconds (0.21 work units)

    Nodes    |    Current Node    |     Objective Bounds      |     Work
 Expl Unexpl |  Obj  Depth IntInf | Incumbent    BestBd   Gap | It/Node Time

     0     0 205650.324    0 2010 204282.000 205650.324  0.67%     -    0s
H    0     0                    204578.00000 205650.324  0.52%     -    0s
H    0     0                    204592.00000 205650.324  0.52%     -    0s
H    0     0                    204601.00000 205650.324  0.51%     -    0s
H    0     0                    204602.00000 204988.954  0.19%     -    1s
     0     0 204988.954    0  862 204602.000 204988.954  0.19%     -    1s
H    0     0                    204629.00000 204988.954  0.18%     -    1s
H    0     0                    204761.00000 204988.954  0.11%     -    1s
     0     0 204923.182    0  635 204761.000 204923.182  0.08%     -    1s
     0     0 204917.110    0  624 204761.000 204917.110  0.08%     -    1s
     0     0 204916.561    0  622 204761.000 204916.561  0.08%     -    1s
     0     0 204872.167    0  154 204761.000 204872.167  0.05%     -    1s
H    0     0                    204772.00000 204872.167  0.05%     -    1s
H    0     0                    204773.00000 204872.167  0.05%     -    1s
     0     0 204871.033    0  136 204773.000 204871.033  0.05%     -    1s
H    0     0                    204827.00000 204871.033  0.02%     -    1s
     0     0 204862.944    0   90 204827.000 204862.944  0.02%     -    1s
H    0     0                    204839.00000 204862.944  0.01%     -    1s
     0     0 204861.500    0   61 204839.000 204861.500  0.01%     -    1s
     0     0 204861.375    0   68 204839.000 204861.375  0.01%     -    2s
     0     0 204861.000    0   56 204839.000 204861.000  0.01%     -    2s
     0     0 204861.000    0   56 204839.000 204861.000  0.01%     -    2s
H    0     0                    204842.00000 204861.000  0.01%     -    2s
     0     0 204861.000    0   56 204842.000 204861.000  0.01%     -    2s
     0     0 204861.000    0   56 204842.000 204861.000  0.01%     -    2s
     0     0 204861.000    0   48 204842.000 204861.000  0.01%     -    2s
H    0     0                    204849.00000 204861.000  0.01%     -    2s
H    0     0                    204853.00000 204861.000  0.00%     -    2s
     0     2 204860.983    0   48 204853.000 204860.983  0.00%     -    3s
   348   361 204857.658   43   35 204853.000 204860.193  0.00%  28.8    5s
H  656   877                    204854.00000 204860.193  0.00%  17.2    6s
H  749   877                    204855.00000 204860.193  0.00%  15.6    6s
H 1573   632                    204856.00000 204859.000  0.00%  10.2    7s
* 2254    97              39    204857.00000 204858.143  0.00%  10.6    7s

Cutting planes:
  Gomory: 143
  Cover: 48
  Implied bound: 137
  MIR: 963
  StrongCG: 27
  GUB cover: 925
  Inf proof: 1
  Zero half: 61
  RLT: 36
  Relax-and-lift: 8

Explored 2452 nodes (35336 simplex iterations) in 7.84 seconds (9.67 work units)
Thread count was 8 (of 8 available processors)

Solution count 10: 204857 204856 204855 ... 204773

Optimal solution found (tolerance 0.00e+00)
Best objective 2.048570000000e+05, best bound 2.048570000000e+05, gap 0.0000%
