
Gurobi 9.5.0 (win64) logging started Tue Dec  7 12:39:35 2021

Set parameter LogFile to value "../results/logs/log_2021_12_07_12_26.csv_7_55.log"
Set parameter Method to value 3
Gurobi Optimizer version 9.5.0 build v9.5.0rc5 (win64)
Thread count: 6 physical cores, 12 logical processors, using up to 12 threads
Optimize a model with 628 rows, 9882 columns and 12913 nonzeros
Model fingerprint: 0xa487b448
Variable types: 4941 continuous, 4941 integer (4941 binary)
Coefficient statistics:
  Matrix range     [1e+00, 7e+00]
  Objective range  [1e+00, 1e+00]
  Bounds range     [1e+00, 1e+00]
  RHS range        [1e+00, 6e+01]
Found heuristic solution: objective -0.0000000
Presolve removed 393 rows and 9496 columns
Presolve time: 0.01s
Presolved: 235 rows, 386 columns, 1352 nonzeros
Extracted 86 lazy constraints
Variable types: 211 continuous, 175 integer (173 binary)

Root relaxation: objective 1.249744e+02, 81 iterations, 0.00 seconds (0.00 work units)

    Nodes    |    Current Node    |     Objective Bounds      |     Work
 Expl Unexpl |  Obj  Depth IntInf | Incumbent    BestBd   Gap | It/Node Time

     0     0  124.97440    0   41   -0.00000  124.97440      -     -    0s
H    0     0                      12.0000000  124.97440   941%     -    0s
H    0     0                      13.0000000  124.97440   861%     -    0s
     0     0   47.10972    0   65   13.00000   47.10972   262%     -    0s
     0     0   47.04114    0   70   13.00000   47.04114   262%     -    0s
     0     0   42.43886    0   46   13.00000   42.43886   226%     -    0s
H    0     0                      15.0000000   42.43886   183%     -    0s
     0     0   42.16322    0   43   15.00000   42.16322   181%     -    0s
     0     0   42.04388    0   43   15.00000   42.04388   180%     -    0s
     0     0   41.61175    0   28   15.00000   41.61175   177%     -    0s
     0     0   41.58475    0   24   15.00000   41.58475   177%     -    0s
     0     0   41.21044    0   35   15.00000   41.21044   175%     -    0s
     0     0   41.21044    0   35   15.00000   41.21044   175%     -    0s
     0     2   41.21044    0   35   15.00000   41.21044   175%     -    0s
H   39    44                      37.0000000   40.79970  10.3%  12.6    0s
H   83    86                      39.0000000   40.79970  4.61%  12.3    0s
*   92    78              15      40.0000000   40.79970  2.00%  11.7    0s

Cutting planes:
  Gomory: 17
  Implied bound: 17
  MIR: 92
  RLT: 13
  Relax-and-lift: 9
  Lazy constraints: 85

Explored 103 nodes (1774 simplex iterations) in 0.17 seconds (0.09 work units)
Thread count was 12 (of 12 available processors)

Solution count 7: 40 39 37 ... -0

Optimal solution found (tolerance 1.00e-04)
Best objective 4.000000000000e+01, best bound 4.000000000000e+01, gap 0.0000%
