
Gurobi 9.5.1 (linux64) logging started Mon Jun 20 10:41:31 2022

Set parameter LogFile to value "../results/logs/log_com-youtube.ungraph_20_15_2022_06_19_22_46.log"
Gurobi Optimizer version 9.5.1 build v9.5.1rc2 (linux64)
Thread count: 8 physical cores, 8 logical processors, using up to 8 threads
Optimize a model with 90367 rows, 2269780 columns and 2899353 nonzeros
Model fingerprint: 0xa2c88fea
Variable types: 0 continuous, 2269780 integer (2269780 binary)
Coefficient statistics:
  Matrix range     [1e+00, 2e+01]
  Objective range  [1e+00, 1e+00]
  Bounds range     [1e+00, 1e+00]
  RHS range        [1e+00, 2e+01]
Found heuristic solution: objective 18890.000000
Presolve removed 24343 rows and 2133663 columns (presolve time = 5s) ...
Presolve removed 28015 rows and 2136608 columns (presolve time = 10s) ...
Presolve removed 29227 rows and 2137650 columns (presolve time = 15s) ...
Presolve removed 29254 rows and 2137652 columns
Presolve time: 15.83s
Presolved: 61113 rows, 132128 columns, 657967 nonzeros
Extracted 20450 lazy constraints
Variable types: 0 continuous, 132128 integer (111630 binary)

Deterministic concurrent LP optimizer: primal and dual simplex
Showing first log only...


Root simplex log...

Iteration    Objective       Primal Inf.    Dual Inf.      Time
       0    1.9196000e+04   0.000000e+00   1.805125e+04     17s
Warning: Markowitz tolerance tightened to 0.25
   15796    2.0540810e+04   0.000000e+00   1.159300e+11     20s
   16760    2.1085692e+04   0.000000e+00   2.419019e+07     25s
   17380    2.1609736e+04   0.000000e+00   1.331098e+06     31s
   17860    2.2027965e+04   0.000000e+00   3.036153e+07     35s
   18340    2.2349766e+04   0.000000e+00   6.323662e+05     40s
   18910    2.2825704e+04   0.000000e+00   2.302621e+07     46s
   19290    2.3112607e+04   0.000000e+00   9.838654e+06     51s
   19678    2.3348294e+04   0.000000e+00   1.856100e+08     56s
   20145    2.3637243e+04   0.000000e+00   9.477070e+07     64s
   20397    2.3778324e+04   0.000000e+00   2.212554e+03     68s
   20671    2.3906820e+04   0.000000e+00   1.466984e+06     73s
   20941    2.4046948e+04   0.000000e+00   1.146653e+07     78s
   21281    2.4231247e+04   0.000000e+00   4.641586e+06     84s
   21621    2.4364702e+04   0.000000e+00   1.479794e+06     91s
   21961    2.4484315e+04   0.000000e+00   9.690406e+04     99s
   22281    2.4597612e+04   0.000000e+00   2.112454e+07    106s
Concurrent spin time: 10.05s

Solved with dual simplex

Root relaxation: objective 2.493501e+04, 19151 iterations, 89.79 seconds (189.04 work units)

    Nodes    |    Current Node    |     Objective Bounds      |     Work
 Expl Unexpl |  Obj  Depth IntInf | Incumbent    BestBd   Gap | It/Node Time

     0     0 24935.0089    0 17563 18890.0000 24935.0089  32.0%     -  113s
H    0     0                    18907.000000 24935.0089  31.9%     -  114s
     0     0 23206.0198    0 16573 18907.0000 23206.0198  22.7%     -  303s
H    0     0                    19027.000000 23206.0198  22.0%     -  350s
     0     0 22232.9707    0 16594 19027.0000 22232.9707  16.8%     -  398s
     0     0 21406.5129    0 16387 19027.0000 21406.5129  12.5%     -  453s
     0     0 20769.4130    0 16134 19027.0000 20769.4130  9.16%     -  496s
     0     0 20367.4803    0 15617 19027.0000 20367.4803  7.05%     -  539s
     0     0 20138.8958    0 14845 19027.0000 20138.8958  5.84%     -  572s
     0     0 20040.8551    0 13868 19027.0000 20040.8551  5.33%     -  599s
     0     0 20005.3596    0 12312 19027.0000 20005.3596  5.14%     -  622s
     0     0 19981.1973    0 10868 19027.0000 19981.1973  5.01%     -  641s
     0     0 19964.6955    0 8941 19027.0000 19964.6955  4.93%     -  655s
     0     0 19954.2484    0 7406 19027.0000 19954.2484  4.87%     -  663s
     0     0 19951.8382    0 6608 19027.0000 19951.8382  4.86%     -  667s
     0     0 19951.3696    0 6713 19027.0000 19951.3696  4.86%     -  670s
     0     0 19598.4679    0 7691 19027.0000 19598.4679  3.00%     -  742s
     0     0 19485.5041    0 8159 19027.0000 19485.5041  2.41%     -  754s
     0     0 19460.4693    0 8334 19027.0000 19460.4693  2.28%     -  775s
     0     0 19446.9932    0 7592 19027.0000 19446.9932  2.21%     -  788s
     0     0 19433.3039    0 6065 19027.0000 19433.3039  2.14%     -  803s
     0     0 19429.6922    0 6435 19027.0000 19429.6922  2.12%     -  812s
     0     0 19384.8346    0 6904 19027.0000 19384.8346  1.88%     -  889s
H    0     0                    19038.000000 19384.8346  1.82%     - 1071s
     0     0 19355.0199    0 7840 19038.0000 19355.0199  1.67%     - 1087s
     0     0 19342.3818    0 7720 19038.0000 19342.3818  1.60%     - 1110s
     0     0 19334.5026    0 7547 19038.0000 19334.5026  1.56%     - 1129s
     0     0 19329.4805    0 7417 19038.0000 19329.4805  1.53%     - 1148s
     0     0 19318.4048    0 7813 19038.0000 19318.4048  1.47%     - 1222s
     0     0 19310.4557    0 7550 19038.0000 19310.4557  1.43%     - 1242s
     0     0 19305.1129    0 7696 19038.0000 19305.1129  1.40%     - 1263s
     0     0 19300.6649    0 8041 19038.0000 19300.6649  1.38%     - 1285s
     0     0 19300.6649    0 8041 19038.0000 19300.6649  1.38%     - 1311s
H    0     0                    19041.000000 19300.6649  1.36%     - 1557s
H    0     0                    19043.000000 19300.6649  1.35%     - 1636s
     0     2 19293.2481    0 8041 19043.0000 19293.2481  1.31%     - 1638s
     1     4 19293.2481    1 8007 19043.0000 19293.2481  1.31%  97.0 1640s
     3     6 19293.2481    2 8135 19043.0000 19293.2481  1.31%  1464 1697s
     7    11 19288.8403    3 8460 19043.0000 19293.2481  1.31%  3392 1791s
    13    19 19284.4982    4 8764 19043.0000 19288.7396  1.29%  5384 2088s

Cutting planes:
  Gomory: 4
  Lift-and-project: 8
  Cover: 455
  Implied bound: 1395
  MIR: 5510
  StrongCG: 435
  GUB cover: 1953
  Zero half: 49
  RLT: 6684
  Relax-and-lift: 6
  Lazy constraints: 9112

Explored 21 nodes (270845 simplex iterations) in 3600.16 seconds (6536.34 work units)
Thread count was 8 (of 8 available processors)

Solution count 6: 19043 19041 19038 ... 18890

Time limit reached
Best objective 1.904300000000e+04, best bound 1.928400000000e+04, gap 1.2656%

Gurobi 9.5.1 (linux64) logging started Mon Jun 20 21:50:03 2022

Set parameter LogFile to value "../results/logs/log_com-youtube.ungraph_20_15_2022_06_19_22_46.log"
Gurobi Optimizer version 9.5.1 build v9.5.1rc2 (linux64)
Thread count: 8 physical cores, 8 logical processors, using up to 8 threads
Optimize a model with 81405 rows, 2269780 columns and 2756074 nonzeros
Model fingerprint: 0x97695a42
Variable types: 0 continuous, 2269780 integer (2269780 binary)
Coefficient statistics:
  Matrix range     [1e+00, 2e+01]
  Objective range  [1e+00, 1e+00]
  Bounds range     [1e+00, 1e+00]
  RHS range        [1e+00, 2e+01]
Found heuristic solution: objective 18890.000000
Presolve removed 22726 rows and 2144855 columns (presolve time = 5s) ...
Presolve removed 23376 rows and 2145260 columns (presolve time = 10s) ...
Presolve removed 23393 rows and 2145260 columns
Presolve time: 10.62s
Presolved: 58012 rows, 124520 columns, 623229 nonzeros
Extracted 19477 lazy constraints
Found heuristic solution: objective 18905.000000
Variable types: 0 continuous, 124520 integer (105182 binary)

Deterministic concurrent LP optimizer: primal and dual simplex
Showing first log only...


Root simplex log...

Iteration    Objective       Primal Inf.    Dual Inf.      Time
       0    1.9227000e+04   0.000000e+00   1.754750e+04     11s
Warning: Markowitz tolerance tightened to 0.0625
   15588    2.0700343e+04   0.000000e+00   7.181890e+08     15s
   16629    2.1566971e+04   0.000000e+00   9.424783e+07     20s
   17249    2.2001000e+04   0.000000e+00   2.212941e+07     26s
   17729    2.2287869e+04   0.000000e+00   1.135038e+07     31s
   18179    2.2699414e+04   0.000000e+00   1.002397e+07     36s
   18469    2.2899659e+04   0.000000e+00   2.954704e+07     40s
   18950    2.3261089e+04   0.000000e+00   8.834342e+07     47s
   19270    2.3491429e+04   0.000000e+00   8.469069e+04     52s
   19590    2.3734722e+04   0.000000e+00   1.325681e+07     58s
   19740    2.3840983e+04   0.000000e+00   8.446086e+07     60s
   20082    2.4055408e+04   0.000000e+00   7.251173e+08     67s
   20254    2.4149462e+04   0.000000e+00   2.512364e+08     71s
   20494    2.4273195e+04   0.000000e+00   2.087532e+03     76s
   20774    2.4397600e+04   0.000000e+00   4.737881e+07     83s
   20915    2.4459481e+04   0.000000e+00   1.857695e+07     86s
   21206    2.4598272e+04   0.000000e+00   4.375571e+06     93s
   21336    2.4657460e+04   0.000000e+00   1.044930e+04     97s
   21477    2.4715756e+04   0.000000e+00   7.987300e+05    100s
   21727    2.4838589e+04   0.000000e+00   3.053645e+07    108s
   21857    2.4888101e+04   0.000000e+00   6.443273e+03    112s
   21977    2.4928709e+04   0.000000e+00   1.758542e+06    116s
   22217    2.5024364e+04   0.000000e+00   6.710948e+05    124s
   22347    2.5074443e+04   0.000000e+00   1.828072e+06    128s
   22477    2.5119579e+04   0.000000e+00   6.296849e+05    132s
   22617    2.5180410e+04   0.000000e+00   4.138230e+07    137s
   22787    2.5241409e+04   0.000000e+00   2.185914e+02    142s
   22939    2.5300025e+04   0.000000e+00   2.204071e+02    148s
   23090    2.5350766e+04   0.000000e+00   2.735096e+02    153s
   23172    2.5371482e+04   0.000000e+00   0.000000e+00    157s
Concurrent spin time: 0.01s

Solved with primal simplex

Root relaxation: objective 2.537148e+04, 23172 iterations, 146.02 seconds (296.20 work units)

    Nodes    |    Current Node    |     Objective Bounds      |     Work
 Expl Unexpl |  Obj  Depth IntInf | Incumbent    BestBd   Gap | It/Node Time

     0     0 25371.4818    0 17269 18905.0000 25371.4818  34.2%     -  166s
H    0     0                    18913.000000 25371.4818  34.1%     -  167s
     0     0 23203.5801    0 15587 18913.0000 23203.5801  22.7%     -  473s
     0     0 23203.5801    0 15587 18913.0000 23203.5801  22.7%     -  520s
H    0     0                    19027.000000 23203.5801  22.0%     -  572s
     0     0 21459.8881    0 15589 19027.0000 21459.8881  12.8%     -  636s
     0     0 20835.3360    0 15406 19027.0000 20835.3360  9.50%     -  694s
     0     0 20439.5101    0 15120 19027.0000 20439.5101  7.42%     -  746s
     0     0 20075.9651    0 14608 19027.0000 20075.9651  5.51%     -  808s
     0     0 20023.5259    0 13897 19027.0000 20023.5259  5.24%     -  842s
     0     0 19672.5039    0 12953 19027.0000 19672.5039  3.39%     -  872s
     0     0 19672.5039    0 11636 19027.0000 19672.5039  3.39%     -  915s
     0     0 19672.5039    0 10038 19027.0000 19672.5039  3.39%     -  937s
     0     0 19672.5039    0 8092 19027.0000 19672.5039  3.39%     -  953s
     0     0 19672.5039    0 6878 19027.0000 19672.5039  3.39%     -  961s
     0     0 19672.5039    0 6705 19027.0000 19672.5039  3.39%     -  966s
     0     0 19672.5039    0 5750 19027.0000 19672.5039  3.39%     -  968s
H    0     0                    19048.000000 19642.5581  3.12%     - 1005s
     0     0 19642.5581    0 7490 19048.0000 19642.5581  3.12%     - 1006s
     0     0 19494.0851    0 8186 19048.0000 19494.0851  2.34%     - 1019s
     0     0 19455.3393    0 8416 19048.0000 19455.3393  2.14%     - 1035s
     0     0 19440.1968    0 7849 19048.0000 19440.1968  2.06%     - 1053s
     0     0 19429.2587    0 7554 19048.0000 19429.2587  2.00%     - 1076s
     0     0 19417.4070    0 7166 19048.0000 19417.4070  1.94%     - 1092s
     0     0 19414.3766    0 6741 19048.0000 19414.3766  1.92%     - 1106s
H    0     0                    19049.000000 19369.7087  1.68%     - 1211s
     0     0 19369.7087    0 6707 19049.0000 19369.7087  1.68%     - 1211s
     0     0 19351.0506    0 7438 19049.0000 19351.0506  1.59%     - 1326s
     0     0 19338.0716    0 7889 19049.0000 19338.0716  1.52%     - 1349s
     0     0 19330.7159    0 6901 19049.0000 19330.7159  1.48%     - 1370s
     0     0 19322.2227    0 7816 19049.0000 19322.2227  1.43%     - 1464s
     0     0 19322.2227    0 7816 19049.0000 19322.2227  1.43%     - 1488s
     0     2 19314.5983    0 7816 19049.0000 19314.5983  1.39%     - 1794s
     1     4 19314.5983    1 7846 19049.0000 19314.5983  1.39%   151 1798s
     3     8 19314.2517    2 7890 19049.0000 19314.5983  1.39%  1472 1846s
     7    16 19303.4594    3 8420 19049.0000 19314.2513  1.39%  3547 1975s
    15    24 19290.9001    4 8426 19049.0000 19303.4589  1.34%  6578 2387s
    23    32 19281.3078    4 8340 19049.0000 19296.6846  1.30% 12660 2878s
H   31    40                    19051.000000 19290.8999  1.26% 13319 3124s
    39    48 19290.4035    6 8495 19051.0000 19290.8980  1.26% 10803 3137s
    47    63 19290.0922    7 8623 19051.0000 19290.8980  1.26%  9064 3178s
    62    78 19290.0057    8 8761 19051.0000 19290.8980  1.26%  7115 3269s
    77    92 19289.8445    9 8751 19051.0000 19290.8980  1.26%  6016 3301s
    91   108 19289.5647   11 8772 19051.0000 19290.8980  1.26%  5239 3336s
   107   124 19286.3730   13 8476 19051.0000 19290.8980  1.26%  4620 3373s
   123   146 19289.0897   13 8738 19051.0000 19290.8980  1.26%  4135 3402s
   145   169 19288.9688   16 8744 19051.0000 19290.8980  1.26%  3587 3425s
   168   191 19288.9322   17 8729 19051.0000 19290.8980  1.26%  3163 3490s
H  180   191                    19052.000000 19290.8980  1.25%  2982 3490s
   190   221 19288.7794   19 8789 19052.0000 19290.8980  1.25%  2853 3546s
   220   241 19288.5269   22 8800 19052.0000 19290.8980  1.25%  2543 3587s
   240   258 19288.2797   25 8811 19052.0000 19290.8980  1.25%  2393 3600s

Cutting planes:
  Gomory: 4
  Lift-and-project: 5
  Cover: 625
  Implied bound: 1215
  MIR: 5719
  StrongCG: 524
  GUB cover: 2020
  Zero half: 64
  Mod-K: 1
  RLT: 6825
  Relax-and-lift: 17
  Lazy constraints: 15948

Explored 257 nodes (656036 simplex iterations) in 3600.12 seconds (6319.54 work units)
Thread count was 8 (of 8 available processors)

Solution count 8: 19052 19051 19049 ... 18890

Time limit reached
Best objective 1.905200000000e+04, best bound 1.929000000000e+04, gap 1.2492%
