
Gurobi 9.5.0 (win64) logging started Tue Dec  7 12:39:35 2021

Set parameter LogFile to value "../results/logs/log_2021_12_07_12_26.csv_7_60.log"
Set parameter Method to value 3
Gurobi Optimizer version 9.5.0 build v9.5.0rc5 (win64)
Thread count: 6 physical cores, 12 logical processors, using up to 12 threads
Optimize a model with 628 rows, 9882 columns and 12913 nonzeros
Model fingerprint: 0x8c094ad4
Variable types: 4941 continuous, 4941 integer (4941 binary)
Coefficient statistics:
  Matrix range     [1e+00, 7e+00]
  Objective range  [1e+00, 1e+00]
  Bounds range     [1e+00, 1e+00]
  RHS range        [1e+00, 6e+01]
Found heuristic solution: objective -0.0000000
Presolve removed 393 rows and 9496 columns
Presolve time: 0.01s
Presolved: 235 rows, 386 columns, 1352 nonzeros
Extracted 86 lazy constraints
Variable types: 211 continuous, 175 integer (173 binary)

Root relaxation: objective 1.266411e+02, 86 iterations, 0.00 seconds (0.00 work units)

    Nodes    |    Current Node    |     Objective Bounds      |     Work
 Expl Unexpl |  Obj  Depth IntInf | Incumbent    BestBd   Gap | It/Node Time

     0     0  126.64106    0   40   -0.00000  126.64106      -     -    0s
H    0     0                      17.0000000  126.64106   645%     -    0s
     0     0   49.82169    0   66   17.00000   49.82169   193%     -    0s
     0     0   49.80872    0   67   17.00000   49.80872   193%     -    0s
     0     0   44.84699    0   50   17.00000   44.84699   164%     -    0s
H    0     0                      18.0000000   44.84699   149%     -    0s
     0     0   44.43301    0   40   18.00000   44.43301   147%     -    0s
     0     0   44.40375    0   41   18.00000   44.40375   147%     -    0s
     0     0   43.96546    0   43   18.00000   43.96546   144%     -    0s
     0     0   43.90630    0   41   18.00000   43.90630   144%     -    0s
H    0     0                      19.0000000   43.90630   131%     -    0s
     0     0   43.64442    0   30   19.00000   43.64442   130%     -    0s
H    0     0                      21.0000000   43.64442   108%     -    0s
     0     0   43.62780    0   34   21.00000   43.62780   108%     -    0s
H    0     0                      41.0000000   43.62780  6.41%     -    0s
     0     0   43.59801    0   32   41.00000   43.59801  6.34%     -    0s
     0     0   43.59801    0   32   41.00000   43.59801  6.34%     -    0s
     0     2   43.59801    0   32   41.00000   43.59801  6.34%     -    0s
H   80    70                      42.0000000   43.15225  2.74%  16.1    0s

Cutting planes:
  Gomory: 26
  Implied bound: 15
  MIR: 94
  RLT: 7
  Relax-and-lift: 9
  Lazy constraints: 84

Explored 103 nodes (2113 simplex iterations) in 0.17 seconds (0.08 work units)
Thread count was 12 (of 12 available processors)

Solution count 7: 42 41 21 ... -0

Optimal solution found (tolerance 1.00e-04)
Best objective 4.200000000000e+01, best bound 4.200000000000e+01, gap 0.0000%
