
Gurobi 9.1.1 (win64) logging started Sun Mar 14 13:17:11 2021

Changed value of parameter LogFile to ../results/logs/log_samuel_kroger_2021_03_14_13_17_11.csv_3_2.log
   Prev:   Default: 
Gurobi Optimizer version 9.1.1 build v9.1.1rc0 (win64)
Thread count: 6 physical cores, 12 logical processors, using up to 12 threads
Optimize a model with 40 rows, 78 columns and 127 nonzeros
Model fingerprint: 0xcb511266
Coefficient statistics:
  Matrix range     [1e+00, 3e+00]
  Objective range  [1e+00, 1e+00]
  Bounds range     [1e+00, 1e+00]
  RHS range        [1e+00, 2e+00]
Presolve removed 40 rows and 78 columns
Presolve time: 0.00s
Presolve: All rows and columns removed
Iteration    Objective       Primal Inf.    Dual Inf.      Time
       0    3.7000000e+01   0.000000e+00   2.000000e+00      0s
Extra simplex iterations after uncrush: 1
       1    3.7000000e+01   0.000000e+00   0.000000e+00      0s

Solved in 1 iterations and 0.00 seconds
Optimal objective  3.700000000e+01
