
Gurobi 9.5.1 (linux64) logging started Sun Jun 19 02:07:58 2022

Set parameter LogFile to value "../results/logs/log_CA-HepPh_4_2_2022_06_19_02_07.log"
Gurobi Optimizer version 9.5.1 build v9.5.1rc2 (linux64)
Thread count: 8 physical cores, 8 logical processors, using up to 8 threads
Optimize a model with 1121 rows, 24012 columns and 12631 nonzeros
Model fingerprint: 0x2e0be4ff
Variable types: 0 continuous, 24012 integer (24012 binary)
Coefficient statistics:
  Matrix range     [1e+00, 4e+00]
  Objective range  [1e+00, 1e+00]
  Bounds range     [1e+00, 1e+00]
  RHS range        [1e+00, 2e+00]
Found heuristic solution: objective 6591.0000000
Presolve removed 549 rows and 23151 columns
Presolve time: 0.05s
Presolved: 572 rows, 861 columns, 2772 nonzeros
Found heuristic solution: objective 6594.0000000
Variable types: 0 continuous, 861 integer (789 binary)

Root relaxation: objective 6.679256e+03, 536 iterations, 0.00 seconds (0.00 work units)

    Nodes    |    Current Node    |     Objective Bounds      |     Work
 Expl Unexpl |  Obj  Depth IntInf | Incumbent    BestBd   Gap | It/Node Time

     0     0 6679.25561    0   96 6594.00000 6679.25561  1.29%     -    0s
H    0     0                    6598.0000000 6679.25561  1.23%     -    0s
H    0     0                    6599.0000000 6679.25561  1.22%     -    0s
H    0     0                    6600.0000000 6677.23430  1.17%     -    0s
     0     0 6607.27778    0   27 6600.00000 6607.27778  0.11%     -    0s
     0     0 6607.06944    0   29 6600.00000 6607.06944  0.11%     -    0s
H    0     0                    6601.0000000 6607.06944  0.09%     -    0s

Cutting planes:
  Gomory: 39
  Cover: 2
  MIR: 43
  StrongCG: 2
  GUB cover: 53
  Zero half: 4
  RLT: 6
  Relax-and-lift: 1

Explored 1 nodes (632 simplex iterations) in 0.13 seconds (0.08 work units)
Thread count was 8 (of 8 available processors)

Solution count 6: 6601 6600 6599 ... 6591

Optimal solution found (tolerance 0.00e+00)
Best objective 6.601000000000e+03, best bound 6.601000000000e+03, gap 0.0000%
