
Gurobi 9.5.1 (linux64) logging started Wed Mar  9 18:05:28 2022

Set parameter LogFile to value "../results/logs/log_2022_03_09_17_57.csv_8_45.log"
Set parameter Method to value 3
Gurobi Optimizer version 9.5.1 build v9.5.1rc2 (linux64)
Thread count: 8 physical cores, 8 logical processors, using up to 8 threads
Optimize a model with 376 rows, 9882 columns and 10225 nonzeros
Model fingerprint: 0x8d24a109
Variable types: 4941 continuous, 4941 integer (4941 binary)
Coefficient statistics:
  Matrix range     [1e+00, 8e+00]
  Objective range  [1e+00, 1e+00]
  Bounds range     [1e+00, 1e+00]
  RHS range        [1e+00, 4e+01]
Found heuristic solution: objective -0.0000000
Presolve removed 253 rows and 9678 columns
Presolve time: 0.01s
Presolved: 123 rows, 204 columns, 736 nonzeros
Extracted 47 lazy constraints
Variable types: 113 continuous, 91 integer (90 binary)

Root relaxation: objective 6.745312e+01, 73 iterations, 0.00 seconds (0.00 work units)

    Nodes    |    Current Node    |     Objective Bounds      |     Work
 Expl Unexpl |  Obj  Depth IntInf | Incumbent    BestBd   Gap | It/Node Time

     0     0   67.45312    0   23   -0.00000   67.45312      -     -    0s
H    0     0                       5.0000000   67.45312  1249%     -    0s
H    0     0                       8.0000000   67.30580   741%     -    0s
     0     0   30.46287    0   32    8.00000   30.46287   281%     -    0s
     0     0   30.35648    0   32    8.00000   30.35648   279%     -    0s
     0     0   28.06330    0    9    8.00000   28.06330   251%     -    0s
H    0     0                      12.0000000   28.06330   134%     -    0s
     0     0   27.61777    0    9   12.00000   27.61777   130%     -    0s
     0     0   27.40186    0   13   12.00000   27.40186   128%     -    0s
     0     0   27.38895    0   18   12.00000   27.38895   128%     -    0s
     0     0   27.17530    0   17   12.00000   27.17530   126%     -    0s
     0     0   27.17530    0   17   12.00000   27.17530   126%     -    0s
H    0     0                      16.0000000   27.17530  69.8%     -    0s
     0     2   27.17530    0   17   16.00000   27.17530  69.8%     -    0s
H   13    16                      26.0000000   26.92411  3.55%  17.2    0s

Cutting planes:
  Gomory: 11
  Lift-and-project: 3
  Implied bound: 8
  MIR: 47
  RLT: 5
  Relax-and-lift: 6
  Lazy constraints: 47

Explored 15 nodes (642 simplex iterations) in 0.07 seconds (0.04 work units)
Thread count was 8 (of 8 available processors)

Solution count 6: 26 16 12 ... -0

Optimal solution found (tolerance 1.00e-04)
Best objective 2.600000000000e+01, best bound 2.600000000000e+01, gap 0.0000%
