
Gurobi 9.5.0 (win64) logging started Tue Dec  7 12:27:12 2021

Set parameter LogFile to value "../results/logs/log_2021_12_07_12_26.csv_3_5.log"
Set parameter Method to value 3
Gurobi Optimizer version 9.5.0 build v9.5.0rc5 (win64)
Thread count: 6 physical cores, 12 logical processors, using up to 12 threads
Optimize a model with 5947 rows, 9882 columns and 44842 nonzeros
Model fingerprint: 0x0b2c953a
Variable types: 4941 continuous, 4941 integer (4941 binary)
Coefficient statistics:
  Matrix range     [1e+00, 3e+00]
  Objective range  [1e+00, 1e+00]
  Bounds range     [1e+00, 1e+00]
  RHS range        [1e+00, 5e+00]
Found heuristic solution: objective 231.0000000
Presolve removed 2783 rows and 5534 columns
Presolve time: 0.06s
Presolved: 3164 rows, 4348 columns, 16843 nonzeros
Variable types: 2523 continuous, 1825 integer (1796 binary)
Found heuristic solution: objective 236.0000000

Concurrent LP optimizer: primal simplex, dual simplex, and barrier
Showing barrier log only...

Root barrier log...

Ordering time: 0.00s

Barrier statistics:
 AA' NZ     : 1.451e+04
 Factor NZ  : 4.269e+04 (roughly 3 MB of memory)
 Factor Ops : 6.627e+05 (less than 1 second per iteration)
 Threads    : 1

                  Objective                Residual
Iter       Primal          Dual         Primal    Dual     Compl     Time
   0   7.12100030e+03  9.86568243e+03  6.25e+03 2.00e+00  1.08e+01     0s
   1   2.39982398e+03  9.37779289e+03  1.34e+03 3.55e-15  2.49e+00     0s
   2   1.25391195e+03  3.38008977e+03  1.54e+02 2.89e-15  3.52e-01     0s
   3   1.08854202e+03  1.46978804e+03  2.72e+01 3.89e-15  6.38e-02     0s
   4   1.04664449e+03  1.18167801e+03  1.06e+01 5.54e-15  2.49e-02     0s
   5   1.03187241e+03  1.09840436e+03  5.55e+00 3.96e-15  1.31e-02     0s
   6   1.01824135e+03  1.05722145e+03  2.46e+00 4.25e-15  6.81e-03     0s
   7   1.00983147e+03  1.03628614e+03  9.95e-01 3.89e-15  3.76e-03     0s
   8   1.00620786e+03  1.01664055e+03  5.09e-01 6.10e-15  1.68e-03     0s
   9   1.00445944e+03  1.00952210e+03  2.41e-01 5.00e-15  8.07e-04     0s
  10   1.00291242e+03  1.00386073e+03  2.41e-02 5.08e-15  1.18e-04     0s

Barrier performed 10 iterations in 0.13 seconds (0.08 work units)
Barrier solve interrupted - model solved by another algorithm


Solved with primal simplex

Root relaxation: objective 1.002826e+03, 2177 iterations, 0.06 seconds (0.03 work units)

    Nodes    |    Current Node    |     Objective Bounds      |     Work
 Expl Unexpl |  Obj  Depth IntInf | Incumbent    BestBd   Gap | It/Node Time

     0     0 1002.82550    0 1263  236.00000 1002.82550   325%     -    0s
H    0     0                     239.0000000 1002.82550   320%     -    0s
     0     0  453.00632    0  397  239.00000  453.00632  89.5%     -    0s
     0     0  422.72593    0  301  239.00000  422.72593  76.9%     -    0s
     0     0  421.30842    0  325  239.00000  421.30842  76.3%     -    0s
     0     0  421.18747    0  310  239.00000  421.18747  76.2%     -    0s
     0     0  341.27407    0  250  239.00000  341.27407  42.8%     -    0s
     0     0  335.21894    0  218  239.00000  335.21894  40.3%     -    0s
     0     0  334.29650    0  234  239.00000  334.29650  39.9%     -    0s
     0     0  334.26427    0  221  239.00000  334.26427  39.9%     -    0s
H    0     0                     242.0000000  334.26427  38.1%     -    0s
H    0     0                     246.0000000  318.64602  29.5%     -    0s
     0     0  318.64602    0  199  246.00000  318.64602  29.5%     -    0s
H    0     0                     248.0000000  314.36529  26.8%     -    0s
     0     0  314.36529    0  151  248.00000  314.36529  26.8%     -    0s
     0     0  313.12210    0  206  248.00000  313.12210  26.3%     -    0s
H    0     0                     249.0000000  312.34500  25.4%     -    0s
     0     0  312.34500    0  190  249.00000  312.34500  25.4%     -    0s
     0     0  312.27166    0  150  249.00000  312.27166  25.4%     -    0s
     0     0  308.24698    0  221  249.00000  308.24698  23.8%     -    1s
     0     0  306.26108    0  230  249.00000  306.26108  23.0%     -    1s
     0     0  305.98910    0  215  249.00000  305.98910  22.9%     -    1s
     0     0  304.22368    0  193  249.00000  304.22368  22.2%     -    1s
H    0     0                     250.0000000  304.02123  21.6%     -    1s
     0     0  304.02123    0  197  250.00000  304.02123  21.6%     -    1s
     0     0  302.54739    0  232  250.00000  302.54739  21.0%     -    1s
     0     0  302.54739    0  232  250.00000  302.54739  21.0%     -    1s
     0     2  302.54739    0  232  250.00000  302.54739  21.0%     -    1s
H   37    40                     252.0000000  301.45869  19.6%  30.1    2s
H  109   119                     257.0000000  301.45869  17.3%  29.7    2s
*  434   399              67     267.0000000  301.45869  12.9%  30.2    3s
H  560   448                     268.0000000  300.81571  12.2%  30.9    3s
  1107   890  275.21066   29   47  268.00000  300.44188  12.1%  30.1    5s
H 1274   385                     281.0000000  299.86955  6.72%  30.3    6s
  1314   394  288.32111   44  267  281.00000  288.32111  2.61%  29.4   10s
H 1332   384                     286.0000000  286.92138  0.32%  29.0   11s

Cutting planes:
  Gomory: 57
  Lift-and-project: 165
  Cover: 2
  Implied bound: 15
  MIR: 751
  Flow cover: 716
  RLT: 153
  Relax-and-lift: 34

Explored 1332 nodes (54246 simplex iterations) in 11.39 seconds (8.24 work units)
Thread count was 12 (of 12 available processors)

Solution count 10: 286 281 268 ... 246

Optimal solution found (tolerance 1.00e-04)
Best objective 2.860000000000e+02, best bound 2.860000000000e+02, gap 0.0000%
