
Gurobi 9.5.1 (linux64) logging started Fri Mar 18 12:10:00 2022

Set parameter LogFile to value "../results/logs/log_2022_03_18_12_09.csv_46_250.log"
Set parameter LazyConstraints to value 1
Gurobi Optimizer version 9.5.1 build v9.5.1rc2 (linux64)
Thread count: 8 physical cores, 8 logical processors, using up to 8 threads
Optimize a model with 8403 rows, 27306 columns and 30457 nonzeros
Model fingerprint: 0x3025a2ba
Variable types: 0 continuous, 27306 integer (27306 binary)
Coefficient statistics:
  Matrix range     [1e+00, 1e+00]
  Objective range  [1e+00, 1e+00]
  Bounds range     [1e+00, 1e+00]
  RHS range        [1e+00, 2e+02]
Found heuristic solution: objective 13653.000000

Explored 0 nodes (0 simplex iterations) in 0.00 seconds (0.00 work units)
Thread count was 1 (of 8 available processors)

Solution count 1: 13653 

Optimal solution found (tolerance 1.00e-04)
Best objective 1.365300000000e+04, best bound 1.365300000000e+04, gap 0.0000%

User-callback calls 21, time in user-callback 0.00 sec

Gurobi 9.5.1 (linux64) logging started Fri Mar 18 12:11:02 2022

Set parameter LogFile to value "../results/logs/log_2022_03_18_12_09.csv_46_250.log"
Set parameter LazyConstraints to value 1
Gurobi Optimizer version 9.5.1 build v9.5.1rc2 (linux64)
Thread count: 8 physical cores, 8 logical processors, using up to 8 threads
Optimize a model with 8403 rows, 27306 columns and 30457 nonzeros
Model fingerprint: 0x3025a2ba
Variable types: 0 continuous, 27306 integer (27306 binary)
Coefficient statistics:
  Matrix range     [1e+00, 1e+00]
  Objective range  [1e+00, 1e+00]
  Bounds range     [1e+00, 1e+00]
  RHS range        [1e+00, 2e+02]
Found heuristic solution: objective 13653.000000

Explored 0 nodes (0 simplex iterations) in 0.00 seconds (0.00 work units)
Thread count was 1 (of 8 available processors)

Solution count 1: 13653 

Optimal solution found (tolerance 1.00e-04)
Best objective 1.365300000000e+04, best bound 1.365300000000e+04, gap 0.0000%

User-callback calls 21, time in user-callback 0.00 sec

Gurobi 9.5.1 (linux64) logging started Fri Mar 18 12:12:08 2022

Set parameter LogFile to value "../results/logs/log_2022_03_18_12_09.csv_46_250.log"
Set parameter LazyConstraints to value 1
Gurobi Optimizer version 9.5.1 build v9.5.1rc2 (linux64)
Thread count: 8 physical cores, 8 logical processors, using up to 8 threads
Optimize a model with 8403 rows, 27306 columns and 30457 nonzeros
Model fingerprint: 0x3025a2ba
Variable types: 0 continuous, 27306 integer (27306 binary)
Coefficient statistics:
  Matrix range     [1e+00, 1e+00]
  Objective range  [1e+00, 1e+00]
  Bounds range     [1e+00, 1e+00]
  RHS range        [1e+00, 2e+02]
Found heuristic solution: objective 13653.000000

Explored 0 nodes (0 simplex iterations) in 0.00 seconds (0.00 work units)
Thread count was 1 (of 8 available processors)

Solution count 1: 13653 

Optimal solution found (tolerance 1.00e-04)
Best objective 1.365300000000e+04, best bound 1.365300000000e+04, gap 0.0000%

User-callback calls 21, time in user-callback 0.00 sec

Gurobi 9.5.1 (linux64) logging started Fri Mar 18 12:13:31 2022

Set parameter LogFile to value "../results/logs/log_2022_03_18_12_09.csv_46_250.log"
Set parameter LazyConstraints to value 1
Gurobi Optimizer version 9.5.1 build v9.5.1rc2 (linux64)
Thread count: 8 physical cores, 8 logical processors, using up to 8 threads
Optimize a model with 8403 rows, 27306 columns and 30457 nonzeros
Model fingerprint: 0x3025a2ba
Variable types: 0 continuous, 27306 integer (27306 binary)
Coefficient statistics:
  Matrix range     [1e+00, 1e+00]
  Objective range  [1e+00, 1e+00]
  Bounds range     [1e+00, 1e+00]
  RHS range        [1e+00, 2e+02]
Found heuristic solution: objective 13653.000000

Explored 0 nodes (0 simplex iterations) in 0.00 seconds (0.00 work units)
Thread count was 1 (of 8 available processors)

Solution count 1: 13653 

Optimal solution found (tolerance 1.00e-04)
Best objective 1.365300000000e+04, best bound 1.365300000000e+04, gap 0.0000%

User-callback calls 21, time in user-callback 0.00 sec

Gurobi 9.5.1 (linux64) logging started Fri Mar 18 12:24:31 2022

Set parameter LogFile to value "../results/logs/log_2022_03_18_12_09.csv_46_250.log"
Set parameter LazyConstraints to value 1
Gurobi Optimizer version 9.5.1 build v9.5.1rc2 (linux64)
Thread count: 8 physical cores, 8 logical processors, using up to 8 threads
Optimize a model with 8403 rows, 27306 columns and 30457 nonzeros
Model fingerprint: 0xae38b7c1
Variable types: 13653 continuous, 13653 integer (13653 binary)
Coefficient statistics:
  Matrix range     [1e+00, 1e+00]
  Objective range  [1e+00, 1e+00]
  Bounds range     [1e+00, 1e+00]
  RHS range        [1e+00, 2e+02]
Found heuristic solution: objective 13653.000000

Explored 0 nodes (0 simplex iterations) in 0.00 seconds (0.00 work units)
Thread count was 1 (of 8 available processors)

Solution count 1: 13653 

Optimal solution found (tolerance 1.00e-04)
Best objective 1.365300000000e+04, best bound 1.365300000000e+04, gap 0.0000%

User-callback calls 21, time in user-callback 0.00 sec

Gurobi 9.5.1 (linux64) logging started Fri Mar 18 12:25:32 2022

Set parameter LogFile to value "../results/logs/log_2022_03_18_12_09.csv_46_250.log"
Set parameter LazyConstraints to value 1
Gurobi Optimizer version 9.5.1 build v9.5.1rc2 (linux64)
Thread count: 8 physical cores, 8 logical processors, using up to 8 threads
Optimize a model with 12681 rows, 27306 columns and 43291 nonzeros
Model fingerprint: 0xeac7930a
Variable types: 0 continuous, 27306 integer (27306 binary)
Coefficient statistics:
  Matrix range     [1e+00, 1e+00]
  Objective range  [1e+00, 1e+00]
  Bounds range     [1e+00, 1e+00]
  RHS range        [1e+00, 2e+02]
Found heuristic solution: objective 13563.000000
Found heuristic solution: objective 13569.000000
Found heuristic solution: objective 13627.000000
Presolve time: 0.03s
Presolved: 12681 rows, 27306 columns, 43291 nonzeros
Extracted 4278 lazy constraints
Variable types: 0 continuous, 27306 integer (27306 binary)
Found heuristic solution: objective 13653.000000

Explored 0 nodes (0 simplex iterations) in 0.04 seconds (0.04 work units)
Thread count was 8 (of 8 available processors)

Solution count 4: 13653 13627 13569 13563 

Optimal solution found (tolerance 1.00e-04)
Best objective 1.365300000000e+04, best bound 1.365300000000e+04, gap 0.0000%

User-callback calls 95, time in user-callback 0.00 sec

Gurobi 9.5.1 (linux64) logging started Fri Mar 18 12:26:42 2022

Set parameter LogFile to value "../results/logs/log_2022_03_18_12_09.csv_46_250.log"
Set parameter LazyConstraints to value 1
Gurobi Optimizer version 9.5.1 build v9.5.1rc2 (linux64)
Thread count: 8 physical cores, 8 logical processors, using up to 8 threads
Optimize a model with 8403 rows, 27306 columns and 30457 nonzeros
Model fingerprint: 0x5d01e98a
Variable types: 0 continuous, 27306 integer (27306 binary)
Coefficient statistics:
  Matrix range     [1e+00, 1e+00]
  Objective range  [1e+00, 1e+00]
  Bounds range     [1e+00, 1e+00]
  RHS range        [1e+00, 2e+02]
Found heuristic solution: objective 13653.000000

Explored 0 nodes (0 simplex iterations) in 0.00 seconds (0.00 work units)
Thread count was 1 (of 8 available processors)

Solution count 1: 13653 

Optimal solution found (tolerance 1.00e-04)
Best objective 1.365300000000e+04, best bound 1.365300000000e+04, gap 0.0000%

User-callback calls 21, time in user-callback 0.00 sec

Gurobi 9.5.1 (linux64) logging started Fri Mar 18 12:28:54 2022

Set parameter LogFile to value "../results/logs/log_2022_03_18_12_09.csv_46_250.log"
Set parameter LazyConstraints to value 1
Gurobi Optimizer version 9.5.1 build v9.5.1rc2 (linux64)
Thread count: 8 physical cores, 8 logical processors, using up to 8 threads
Optimize a model with 8403 rows, 27306 columns and 30457 nonzeros
Model fingerprint: 0x3025a2ba
Variable types: 0 continuous, 27306 integer (27306 binary)
Coefficient statistics:
  Matrix range     [1e+00, 1e+00]
  Objective range  [1e+00, 1e+00]
  Bounds range     [1e+00, 1e+00]
  RHS range        [1e+00, 2e+02]
Found heuristic solution: objective 13653.000000

Explored 0 nodes (0 simplex iterations) in 0.00 seconds (0.00 work units)
Thread count was 1 (of 8 available processors)

Solution count 1: 13653 

Optimal solution found (tolerance 1.00e-04)
Best objective 1.365300000000e+04, best bound 1.365300000000e+04, gap 0.0000%

User-callback calls 21, time in user-callback 0.00 sec

Gurobi 9.5.1 (linux64) logging started Fri Mar 18 12:30:17 2022

Set parameter LogFile to value "../results/logs/log_2022_03_18_12_09.csv_46_250.log"
Set parameter LazyConstraints to value 1
Gurobi Optimizer version 9.5.1 build v9.5.1rc2 (linux64)
Thread count: 8 physical cores, 8 logical processors, using up to 8 threads
Optimize a model with 12681 rows, 27306 columns and 43291 nonzeros
Model fingerprint: 0x8b3a6236
Variable types: 13653 continuous, 13653 integer (13653 binary)
Coefficient statistics:
  Matrix range     [1e+00, 1e+00]
  Objective range  [1e+00, 1e+00]
  Bounds range     [1e+00, 1e+00]
  RHS range        [1e+00, 2e+02]
Found heuristic solution: objective 13563.000000
Found heuristic solution: objective 13653.000000

Explored 0 nodes (0 simplex iterations) in 0.01 seconds (0.00 work units)
Thread count was 1 (of 8 available processors)

Solution count 2: 13653 13563 

Optimal solution found (tolerance 1.00e-04)
Best objective 1.365300000000e+04, best bound 1.365300000000e+04, gap 0.0000%

User-callback calls 23, time in user-callback 0.00 sec

Gurobi 9.5.1 (linux64) logging started Fri Mar 18 12:42:36 2022

Set parameter LogFile to value "../results/logs/log_2022_03_18_12_09.csv_46_250.log"
Set parameter LazyConstraints to value 1
Gurobi Optimizer version 9.5.1 build v9.5.1rc2 (linux64)
Thread count: 8 physical cores, 8 logical processors, using up to 8 threads
Optimize a model with 9820 rows, 27306 columns and 194360 nonzeros
Model fingerprint: 0x254bca39
Variable types: 0 continuous, 27306 integer (27306 binary)
Coefficient statistics:
  Matrix range     [1e+00, 5e+01]
  Objective range  [1e+00, 1e+00]
  Bounds range     [1e+00, 1e+00]
  RHS range        [1e+00, 2e+02]
Found heuristic solution: objective 12491.000000
Found heuristic solution: objective 13226.000000
Found heuristic solution: objective 13529.000000
Presolve removed 6985 rows and 13970 columns
Presolve time: 0.07s
Presolved: 2835 rows, 13336 columns, 78205 nonzeros
Variable types: 0 continuous, 13336 integer (13336 binary)
Found heuristic solution: objective 13645.000000

Root relaxation: objective 1.365300e+04, 0 iterations, 0.00 seconds (0.00 work units)

    Nodes    |    Current Node    |     Objective Bounds      |     Work
 Expl Unexpl |  Obj  Depth IntInf | Incumbent    BestBd   Gap | It/Node Time

*    0     0               0    13653.000000 13653.0000  0.00%     -    0s

Explored 1 nodes (0 simplex iterations) in 0.09 seconds (0.10 work units)
Thread count was 8 (of 8 available processors)

Solution count 5: 13653 13645 13529 ... 12491

Optimal solution found (tolerance 1.00e-04)
Best objective 1.365300000000e+04, best bound 1.365300000000e+04, gap 0.0000%

User-callback calls 123, time in user-callback 0.00 sec

Gurobi 9.5.1 (linux64) logging started Fri Mar 18 12:48:03 2022

Set parameter LogFile to value "../results/logs/log_2022_03_18_12_09.csv_46_250.log"
Set parameter LazyConstraints to value 1
Gurobi Optimizer version 9.5.1 build v9.5.1rc2 (linux64)
Thread count: 8 physical cores, 8 logical processors, using up to 8 threads
Optimize a model with 9820 rows, 27306 columns and 194360 nonzeros
Model fingerprint: 0x254bca39
Variable types: 0 continuous, 27306 integer (27306 binary)
Coefficient statistics:
  Matrix range     [1e+00, 5e+01]
  Objective range  [1e+00, 1e+00]
  Bounds range     [1e+00, 1e+00]
  RHS range        [1e+00, 2e+02]
Found heuristic solution: objective 12491.000000
Found heuristic solution: objective 13226.000000
Found heuristic solution: objective 13529.000000
Presolve removed 6985 rows and 13970 columns
Presolve time: 0.07s
Presolved: 2835 rows, 13336 columns, 78205 nonzeros
Variable types: 0 continuous, 13336 integer (13336 binary)
Found heuristic solution: objective 13645.000000

Root relaxation: objective 1.365300e+04, 0 iterations, 0.00 seconds (0.00 work units)

    Nodes    |    Current Node    |     Objective Bounds      |     Work
 Expl Unexpl |  Obj  Depth IntInf | Incumbent    BestBd   Gap | It/Node Time

*    0     0               0    13653.000000 13653.0000  0.00%     -    0s

Explored 1 nodes (0 simplex iterations) in 0.09 seconds (0.10 work units)
Thread count was 8 (of 8 available processors)

Solution count 5: 13653 13645 13529 ... 12491

Optimal solution found (tolerance 1.00e-04)
Best objective 1.365300000000e+04, best bound 1.365300000000e+04, gap 0.0000%

User-callback calls 123, time in user-callback 0.00 sec

Gurobi 9.5.1 (linux64) logging started Fri Mar 18 12:53:36 2022

Set parameter LogFile to value "../results/logs/log_2022_03_18_12_09.csv_46_250.log"
Set parameter LazyConstraints to value 1
Gurobi Optimizer version 9.5.1 build v9.5.1rc2 (linux64)
Thread count: 8 physical cores, 8 logical processors, using up to 8 threads
Optimize a model with 9820 rows, 27306 columns and 194360 nonzeros
Model fingerprint: 0x254bca39
Variable types: 0 continuous, 27306 integer (27306 binary)
Coefficient statistics:
  Matrix range     [1e+00, 5e+01]
  Objective range  [1e+00, 1e+00]
  Bounds range     [1e+00, 1e+00]
  RHS range        [1e+00, 2e+02]
Found heuristic solution: objective 12491.000000
Found heuristic solution: objective 13226.000000
Found heuristic solution: objective 13529.000000
Presolve removed 6985 rows and 13970 columns
Presolve time: 0.07s
Presolved: 2835 rows, 13336 columns, 78205 nonzeros
Variable types: 0 continuous, 13336 integer (13336 binary)
Found heuristic solution: objective 13645.000000

Root relaxation: objective 1.365300e+04, 0 iterations, 0.00 seconds (0.00 work units)

    Nodes    |    Current Node    |     Objective Bounds      |     Work
 Expl Unexpl |  Obj  Depth IntInf | Incumbent    BestBd   Gap | It/Node Time

*    0     0               0    13653.000000 13653.0000  0.00%     -    0s

Explored 1 nodes (0 simplex iterations) in 0.09 seconds (0.10 work units)
Thread count was 8 (of 8 available processors)

Solution count 5: 13653 13645 13529 ... 12491

Optimal solution found (tolerance 1.00e-04)
Best objective 1.365300000000e+04, best bound 1.365300000000e+04, gap 0.0000%

User-callback calls 123, time in user-callback 0.00 sec

Gurobi 9.5.1 (linux64) logging started Fri Mar 18 12:59:25 2022

Set parameter LogFile to value "../results/logs/log_2022_03_18_12_09.csv_46_250.log"
Set parameter LazyConstraints to value 1
Gurobi Optimizer version 9.5.1 build v9.5.1rc2 (linux64)
Thread count: 8 physical cores, 8 logical processors, using up to 8 threads
Optimize a model with 9820 rows, 27306 columns and 194360 nonzeros
Model fingerprint: 0x254bca39
Variable types: 0 continuous, 27306 integer (27306 binary)
Coefficient statistics:
  Matrix range     [1e+00, 5e+01]
  Objective range  [1e+00, 1e+00]
  Bounds range     [1e+00, 1e+00]
  RHS range        [1e+00, 2e+02]
Found heuristic solution: objective 12491.000000
Found heuristic solution: objective 13226.000000
Found heuristic solution: objective 13529.000000
Presolve removed 6985 rows and 13970 columns
Presolve time: 0.07s
Presolved: 2835 rows, 13336 columns, 78205 nonzeros
Variable types: 0 continuous, 13336 integer (13336 binary)
Found heuristic solution: objective 13645.000000

Root relaxation: objective 1.365300e+04, 0 iterations, 0.00 seconds (0.00 work units)

    Nodes    |    Current Node    |     Objective Bounds      |     Work
 Expl Unexpl |  Obj  Depth IntInf | Incumbent    BestBd   Gap | It/Node Time

*    0     0               0    13653.000000 13653.0000  0.00%     -    0s

Explored 1 nodes (0 simplex iterations) in 0.09 seconds (0.10 work units)
Thread count was 8 (of 8 available processors)

Solution count 5: 13653 13645 13529 ... 12491

Optimal solution found (tolerance 1.00e-04)
Best objective 1.365300000000e+04, best bound 1.365300000000e+04, gap 0.0000%

User-callback calls 123, time in user-callback 0.00 sec

Gurobi 9.5.1 (linux64) logging started Fri Mar 18 13:14:43 2022

Set parameter LogFile to value "../results/logs/log_2022_03_18_12_09.csv_46_250.log"
Set parameter LazyConstraints to value 1
Gurobi Optimizer version 9.5.1 build v9.5.1rc2 (linux64)
Thread count: 8 physical cores, 8 logical processors, using up to 8 threads
Optimize a model with 9820 rows, 27306 columns and 194360 nonzeros
Model fingerprint: 0x5ecb6798
Variable types: 13653 continuous, 13653 integer (13653 binary)
Coefficient statistics:
  Matrix range     [1e+00, 5e+01]
  Objective range  [1e+00, 1e+00]
  Bounds range     [1e+00, 1e+00]
  RHS range        [1e+00, 2e+02]
Found heuristic solution: objective 12491.000000
Found heuristic solution: objective 13653.000000

Explored 0 nodes (0 simplex iterations) in 0.01 seconds (0.01 work units)
Thread count was 1 (of 8 available processors)

Solution count 2: 13653 12491 

Optimal solution found (tolerance 1.00e-04)
Best objective 1.365300000000e+04, best bound 1.365300000000e+04, gap 0.0000%

User-callback calls 23, time in user-callback 0.00 sec

Gurobi 9.5.1 (linux64) logging started Fri Mar 18 13:20:01 2022

Set parameter LogFile to value "../results/logs/log_2022_03_18_12_09.csv_46_250.log"
Set parameter LazyConstraints to value 1
Gurobi Optimizer version 9.5.1 build v9.5.1rc2 (linux64)
Thread count: 8 physical cores, 8 logical processors, using up to 8 threads
Optimize a model with 14098 rows, 27306 columns and 207194 nonzeros
Model fingerprint: 0x0454b11f
Variable types: 0 continuous, 27306 integer (27306 binary)
Coefficient statistics:
  Matrix range     [1e+00, 5e+01]
  Objective range  [1e+00, 1e+00]
  Bounds range     [1e+00, 1e+00]
  RHS range        [1e+00, 2e+02]
Found heuristic solution: objective 12491.000000
Found heuristic solution: objective 13226.000000
Found heuristic solution: objective 13529.000000
Presolve removed 9869 rows and 13970 columns
Presolve time: 0.08s
Presolved: 4229 rows, 13336 columns, 82376 nonzeros
Extracted 1395 lazy constraints
Variable types: 0 continuous, 13336 integer (13336 binary)
Found heuristic solution: objective 13645.000000

Root relaxation: objective 1.365300e+04, 0 iterations, 0.00 seconds (0.00 work units)

    Nodes    |    Current Node    |     Objective Bounds      |     Work
 Expl Unexpl |  Obj  Depth IntInf | Incumbent    BestBd   Gap | It/Node Time

*    0     0               0    13653.000000 13653.0000  0.00%     -    0s

Explored 1 nodes (0 simplex iterations) in 0.10 seconds (0.13 work units)
Thread count was 8 (of 8 available processors)

Solution count 5: 13653 13645 13529 ... 12491

Optimal solution found (tolerance 1.00e-04)
Best objective 1.365300000000e+04, best bound 1.365300000000e+04, gap 0.0000%

User-callback calls 161, time in user-callback 0.00 sec

Gurobi 9.5.1 (linux64) logging started Fri Mar 18 13:25:26 2022

Set parameter LogFile to value "../results/logs/log_2022_03_18_12_09.csv_46_250.log"
Set parameter LazyConstraints to value 1
Gurobi Optimizer version 9.5.1 build v9.5.1rc2 (linux64)
Thread count: 8 physical cores, 8 logical processors, using up to 8 threads
Optimize a model with 9820 rows, 27306 columns and 194360 nonzeros
Model fingerprint: 0x903eeba6
Variable types: 0 continuous, 27306 integer (27306 binary)
Coefficient statistics:
  Matrix range     [1e+00, 5e+01]
  Objective range  [1e+00, 1e+00]
  Bounds range     [1e+00, 1e+00]
  RHS range        [1e+00, 2e+02]
Found heuristic solution: objective 12491.000000
Found heuristic solution: objective 13226.000000
Found heuristic solution: objective 13529.000000
Presolve removed 6985 rows and 14175 columns
Presolve time: 0.07s
Presolved: 2835 rows, 13131 columns, 78000 nonzeros
Variable types: 0 continuous, 13131 integer (13131 binary)
Found heuristic solution: objective 13645.000000

Root relaxation: objective 1.365300e+04, 0 iterations, 0.00 seconds (0.00 work units)

    Nodes    |    Current Node    |     Objective Bounds      |     Work
 Expl Unexpl |  Obj  Depth IntInf | Incumbent    BestBd   Gap | It/Node Time

*    0     0               0    13653.000000 13653.0000  0.00%     -    0s

Explored 1 nodes (0 simplex iterations) in 0.09 seconds (0.10 work units)
Thread count was 8 (of 8 available processors)

Solution count 5: 13653 13645 13529 ... 12491

Optimal solution found (tolerance 1.00e-04)
Best objective 1.365300000000e+04, best bound 1.365300000000e+04, gap 0.0000%

User-callback calls 123, time in user-callback 0.00 sec

Gurobi 9.5.1 (linux64) logging started Fri Mar 18 13:31:57 2022

Set parameter LogFile to value "../results/logs/log_2022_03_18_12_09.csv_46_250.log"
Set parameter LazyConstraints to value 1
Gurobi Optimizer version 9.5.1 build v9.5.1rc2 (linux64)
Thread count: 8 physical cores, 8 logical processors, using up to 8 threads
Optimize a model with 9820 rows, 27306 columns and 194360 nonzeros
Model fingerprint: 0x254bca39
Variable types: 0 continuous, 27306 integer (27306 binary)
Coefficient statistics:
  Matrix range     [1e+00, 5e+01]
  Objective range  [1e+00, 1e+00]
  Bounds range     [1e+00, 1e+00]
  RHS range        [1e+00, 2e+02]
Found heuristic solution: objective 12491.000000
Found heuristic solution: objective 13226.000000
Found heuristic solution: objective 13529.000000
Presolve removed 6985 rows and 13970 columns
Presolve time: 0.06s
Presolved: 2835 rows, 13336 columns, 78205 nonzeros
Variable types: 0 continuous, 13336 integer (13336 binary)
Found heuristic solution: objective 13645.000000

Root relaxation: objective 1.365300e+04, 0 iterations, 0.00 seconds (0.00 work units)

    Nodes    |    Current Node    |     Objective Bounds      |     Work
 Expl Unexpl |  Obj  Depth IntInf | Incumbent    BestBd   Gap | It/Node Time

*    0     0               0    13653.000000 13653.0000  0.00%     -    0s

Explored 1 nodes (0 simplex iterations) in 0.09 seconds (0.10 work units)
Thread count was 8 (of 8 available processors)

Solution count 5: 13653 13645 13529 ... 12491

Optimal solution found (tolerance 1.00e-04)
Best objective 1.365300000000e+04, best bound 1.365300000000e+04, gap 0.0000%

User-callback calls 123, time in user-callback 0.00 sec

Gurobi 9.5.1 (linux64) logging started Fri Mar 18 13:37:40 2022

Set parameter LogFile to value "../results/logs/log_2022_03_18_12_09.csv_46_250.log"
Set parameter LazyConstraints to value 1
Gurobi Optimizer version 9.5.1 build v9.5.1rc2 (linux64)
Thread count: 8 physical cores, 8 logical processors, using up to 8 threads
Optimize a model with 14098 rows, 27306 columns and 207194 nonzeros
Model fingerprint: 0x0748a450
Variable types: 13653 continuous, 13653 integer (13653 binary)
Coefficient statistics:
  Matrix range     [1e+00, 5e+01]
  Objective range  [1e+00, 1e+00]
  Bounds range     [1e+00, 1e+00]
  RHS range        [1e+00, 2e+02]
Found heuristic solution: objective 12491.000000
Found heuristic solution: objective 13653.000000

Explored 0 nodes (0 simplex iterations) in 0.01 seconds (0.01 work units)
Thread count was 1 (of 8 available processors)

Solution count 2: 13653 12491 

Optimal solution found (tolerance 1.00e-04)
Best objective 1.365300000000e+04, best bound 1.365300000000e+04, gap 0.0000%

User-callback calls 23, time in user-callback 0.00 sec
