
Gurobi 9.5.0 (win64) logging started Sat Mar 26 14:27:52 2022

Set parameter LogFile to value "../results/logs/log_2022_03_26_14_27.csv_17_250.log"
Gurobi Optimizer version 9.5.0 build v9.5.0rc5 (win64)
Thread count: 6 physical cores, 12 logical processors, using up to 12 threads
Optimize a model with 1003 rows, 8078 columns and 26846 nonzeros
Model fingerprint: 0x863782f1
Variable types: 0 continuous, 8078 integer (8078 binary)
Coefficient statistics:
  Matrix range     [1e+00, 2e+01]
  Objective range  [1e+00, 1e+00]
  Bounds range     [1e+00, 1e+00]
  RHS range        [1e+00, 3e+02]
Found heuristic solution: objective 2812.0000000
Presolve removed 1003 rows and 8078 columns
Presolve time: 0.01s
Presolve: All rows and columns removed

Explored 0 nodes (0 simplex iterations) in 0.02 seconds (0.01 work units)
Thread count was 1 (of 12 available processors)

Solution count 1: 2812 

Optimal solution found (tolerance 1.00e-04)
Best objective 2.812000000000e+03, best bound 2.812000000000e+03, gap 0.0000%

Gurobi 9.5.0 (win64) logging started Sat Mar 26 14:27:58 2022

Set parameter LogFile to value "../results/logs/log_2022_03_26_14_27.csv_17_250.log"
Gurobi Optimizer version 9.5.0 build v9.5.0rc5 (win64)
Thread count: 6 physical cores, 12 logical processors, using up to 12 threads
Optimize a model with 1003 rows, 8078 columns and 26846 nonzeros
Model fingerprint: 0x863782f1
Variable types: 0 continuous, 8078 integer (8078 binary)
Coefficient statistics:
  Matrix range     [1e+00, 2e+01]
  Objective range  [1e+00, 1e+00]
  Bounds range     [1e+00, 1e+00]
  RHS range        [1e+00, 3e+02]
Found heuristic solution: objective 2812.0000000
Presolve removed 1003 rows and 8078 columns
Presolve time: 0.01s
Presolve: All rows and columns removed

Explored 0 nodes (0 simplex iterations) in 0.02 seconds (0.01 work units)
Thread count was 1 (of 12 available processors)

Solution count 1: 2812 

Optimal solution found (tolerance 1.00e-04)
Best objective 2.812000000000e+03, best bound 2.812000000000e+03, gap 0.0000%
