
Gurobi 9.5.0 (win64) logging started Tue Dec  7 12:38:46 2021

Set parameter LogFile to value "../results/logs/log_2021_12_07_12_26.csv_5_35.log"
Set parameter Method to value 3
Gurobi Optimizer version 9.5.0 build v9.5.0rc5 (win64)
Thread count: 6 physical cores, 12 logical processors, using up to 12 threads
Optimize a model with 1783 rows, 9882 columns and 22585 nonzeros
Model fingerprint: 0x3bcce150
Variable types: 4941 continuous, 4941 integer (4941 binary)
Coefficient statistics:
  Matrix range     [1e+00, 5e+00]
  Objective range  [1e+00, 1e+00]
  Bounds range     [1e+00, 1e+00]
  RHS range        [1e+00, 4e+01]
Found heuristic solution: objective 12.0000000
Presolve removed 944 rows and 8566 columns
Presolve time: 0.04s
Presolved: 839 rows, 1316 columns, 4810 nonzeros
Variable types: 741 continuous, 575 integer (555 binary)
Found heuristic solution: objective 21.0000000

Concurrent LP optimizer: primal simplex, dual simplex, and barrier
Showing barrier log only...

Root barrier log...

Ordering time: 0.00s

Barrier statistics:
 AA' NZ     : 3.463e+03
 Factor NZ  : 9.369e+03 (roughly 1 MB of memory)
 Factor Ops : 1.271e+05 (less than 1 second per iteration)
 Threads    : 1

                  Objective                Residual
Iter       Primal          Dual         Primal    Dual     Compl     Time
   0   1.62573458e+03  1.81485449e+03  1.23e+03 8.41e-01  6.24e+00     0s
   1   3.96641650e+02  1.65415697e+03  1.95e+02 2.22e-15  1.18e+00     0s
   2   2.03860029e+02  4.85269261e+02  3.50e+01 3.77e-15  2.00e-01     0s
   3   1.33346402e+02  1.90801074e+02  6.56e+00 2.66e-15  4.09e-02     0s
   4   1.16184187e+02  1.31843730e+02  4.90e-01 2.90e-15  6.31e-03     0s
   5   1.17127822e+02  1.22970408e+02  2.70e-01 2.71e-15  2.56e-03     0s
   6   1.18017851e+02  1.21210112e+02  1.49e-01 2.57e-15  1.40e-03     0s
   7   1.18611572e+02  1.19567516e+02  6.78e-02 2.17e-15  4.87e-04     0s

Barrier performed 7 iterations in 0.07 seconds (0.04 work units)
Barrier solve interrupted - model solved by another algorithm


Solved with primal simplex

Root relaxation: objective 1.191877e+02, 724 iterations, 0.01 seconds (0.01 work units)

    Nodes    |    Current Node    |     Objective Bounds      |     Work
 Expl Unexpl |  Obj  Depth IntInf | Incumbent    BestBd   Gap | It/Node Time

     0     0  119.18771    0  289   21.00000  119.18771   468%     -    0s
H    0     0                      39.0000000  119.18771   206%     -    0s
H    0     0                      51.0000000  119.18771   134%     -    0s
     0     0   80.55595    0   82   51.00000   80.55595  58.0%     -    0s
     0     0   79.92314    0   87   51.00000   79.92314  56.7%     -    0s
     0     0   79.88752    0   82   51.00000   79.88752  56.6%     -    0s
     0     0   74.70624    0   99   51.00000   74.70624  46.5%     -    0s
     0     0   73.86917    0   91   51.00000   73.86917  44.8%     -    0s
     0     0   73.80889    0  101   51.00000   73.80889  44.7%     -    0s
     0     0   73.79096    0  100   51.00000   73.79096  44.7%     -    0s
     0     0   72.61717    0   89   51.00000   72.61717  42.4%     -    0s
     0     0   72.44902    0   84   51.00000   72.44902  42.1%     -    0s
     0     0   72.41666    0   79   51.00000   72.41666  42.0%     -    0s
     0     0   71.87009    0  102   51.00000   71.87009  40.9%     -    0s
     0     0   71.69214    0  106   51.00000   71.69214  40.6%     -    0s
     0     0   71.66481    0   91   51.00000   71.66481  40.5%     -    0s
     0     0   71.46682    0   53   51.00000   71.46682  40.1%     -    0s
H    0     0                      64.0000000   71.36583  11.5%     -    0s
     0     0   71.36583    0   83   64.00000   71.36583  11.5%     -    0s
     0     0   71.31163    0   64   64.00000   71.31163  11.4%     -    0s
     0     0   71.24283    0   80   64.00000   71.24283  11.3%     -    0s
     0     0   71.24283    0   80   64.00000   71.24283  11.3%     -    0s
H    0     0                      67.0000000   71.24283  6.33%     -    0s
     0     2   71.24283    0   80   67.00000   71.24283  6.33%     -    0s
H   39    41                      68.0000000   70.69910  3.97%  36.7    0s
*  184    89              14      69.0000000   70.68289  2.44%  28.1    0s

Cutting planes:
  Gomory: 88
  Lift-and-project: 7
  Implied bound: 13
  MIR: 318
  RLT: 58
  Relax-and-lift: 13

Explored 301 nodes (8362 simplex iterations) in 0.83 seconds (0.60 work units)
Thread count was 12 (of 12 available processors)

Solution count 8: 69 68 67 ... 12

Optimal solution found (tolerance 1.00e-04)
Best objective 6.900000000000e+01, best bound 6.900000000000e+01, gap 0.0000%
