
Gurobi 9.5.1 (linux64) logging started Wed Jun  1 18:30:11 2022

Set parameter LogFile to value "../results/logs/log_web-Google_4_250_2022_06_01_15_40.log"
Gurobi Optimizer version 9.5.1 build v9.5.1rc2 (linux64)
Thread count: 8 physical cores, 8 logical processors, using up to 8 threads
Optimize a model with 93783 rows, 1751426 columns and 1188633 nonzeros
Model fingerprint: 0xe905a510
Variable types: 0 continuous, 1751426 integer (1751426 binary)
Coefficient statistics:
  Matrix range     [1e+00, 4e+00]
  Objective range  [1e+00, 1e+00]
  Bounds range     [1e+00, 1e+00]
  RHS range        [1e+00, 2e+02]
Found heuristic solution: objective 492655.00000
Presolve removed 37166 rows and 1665280 columns
Presolve time: 2.78s
Presolved: 56617 rows, 86146 columns, 288778 nonzeros
Found heuristic solution: objective 493052.00000
Variable types: 0 continuous, 86146 integer (70726 binary)

Deterministic concurrent LP optimizer: primal and dual simplex
Showing first log only...

Extra simplex iterations after uncrush: 3

Use crossover to convert LP symmetric solution to basic solution...
Extra simplex iterations after uncrush: 55
Concurrent spin time: 0.00s

Solved with primal simplex

Root relaxation: objective 5.027922e+05, 27694 iterations, 1.08 seconds (1.19 work units)

    Nodes    |    Current Node    |     Objective Bounds      |     Work
 Expl Unexpl |  Obj  Depth IntInf | Incumbent    BestBd   Gap | It/Node Time

     0     0 502792.192    0 13430 493052.000 502792.192  1.98%     -    7s
H    0     0                    493074.00000 502792.192  1.97%     -    8s
H    0     0                    493609.00000 502792.192  1.86%     -    9s
     0     0 498828.993    0 10319 493609.000 498828.993  1.06%     -   13s
H    0     0                    493857.00000 498828.993  1.01%     -   15s
     0     0 496451.967    0 6787 493857.000 496451.967  0.53%     -   20s
     0     0 495642.945    0 4681 493857.000 495642.945  0.36%     -   24s
     0     0 495530.018    0 4467 493857.000 495530.018  0.34%     -   26s
     0     0 495510.375    0 4380 493857.000 495510.375  0.33%     -   26s
     0     0 495509.672    0 4394 493857.000 495509.672  0.33%     -   27s
     0     0 495034.818    0 2834 493857.000 495034.818  0.24%     -   28s
H    0     0                    493860.00000 495034.818  0.24%     -   29s
     0     0 494952.775    0 2366 493860.000 494952.775  0.22%     -   29s
     0     0 494940.297    0 2380 493860.000 494940.297  0.22%     -   30s
     0     0 494938.450    0 2376 493860.000 494938.450  0.22%     -   30s
     0     0 494821.227    0 2007 493860.000 494821.227  0.19%     -   31s
H    0     0                    494458.00000 494821.227  0.07%     -   32s
H    0     0                    494485.00000 494821.227  0.07%     -   33s
     0     0 494800.676    0 1927 494485.000 494800.676  0.06%     -   33s
     0     0 494797.171    0 1948 494485.000 494797.171  0.06%     -   34s
     0     0 494703.124    0 1284 494485.000 494703.124  0.04%     -   37s
H    0     0                    494523.00000 494703.124  0.04%     -   37s
     0     0 494682.995    0 1197 494523.000 494682.995  0.03%     -   38s
     0     0 494680.061    0 1185 494523.000 494680.061  0.03%     -   38s
     0     0 494661.335    0  958 494523.000 494661.335  0.03%     -   39s
H    0     0                    494536.00000 494661.335  0.03%     -   39s
     0     0 494658.035    0  974 494536.000 494658.035  0.02%     -   40s
     0     0 494648.294    0  942 494536.000 494648.294  0.02%     -   41s
     0     0 494648.294    0  898 494536.000 494648.294  0.02%     -   54s
H    0     0                    494550.00000 494648.294  0.02%     -   55s
H    0     2                    494552.00000 494646.887  0.02%     -   63s
     0     2 494646.887    0  893 494552.000 494646.887  0.02%     -   63s
     3     8 494643.339    2  918 494552.000 494645.766  0.02%   216   65s
H   31    40                    494553.00000 494643.996  0.02%  52.5   69s
H   33    40                    494554.00000 494643.996  0.02%  49.8   69s
    47    57 494640.584    8  891 494554.000 494643.996  0.02%  37.3   70s
   100   129 494637.446   13  882 494554.000 494643.996  0.02%  24.2   75s
H  104   129                    494555.00000 494643.996  0.02%  23.6   76s
   128   336 494637.355   14  880 494555.000 494643.996  0.02%  21.0   83s
   335   871 494624.305   37  820 494555.000 494643.996  0.02%  13.3   97s
H  635   871                    494556.00000 494643.996  0.02%   9.9   97s
   881  1304 494593.370  100  550 494556.000 494643.996  0.02%   9.0  111s
  1336  1829 494571.148  154  311 494556.000 494643.996  0.02%   8.8  124s
H 1366  1828                    494557.00000 494643.996  0.02%   9.0  124s
  1913  2507 494563.208  180  284 494557.000 494639.918  0.02%  10.1  137s
  2630  2508 494613.294   43  898 494557.000 494639.918  0.02%  10.1  152s
  2632  2509 494630.815    8 13016 494557.000 494639.918  0.02%  10.1  160s
  2633  2510 494619.807   25 9718 494557.000 494639.918  0.02%  10.1  167s
  2634  2511 494575.289   57 6068 494557.000 494639.918  0.02%  10.1  173s
  2635  2511 494610.794   40 3554 494557.000 494639.918  0.02%  10.1  177s
  2638  2513 494614.588   29 1081 494557.000 494639.918  0.02%  10.1  180s
  2644  2517 494566.118  139  674 494557.000 494621.786  0.01%  10.1  185s
H 2648  2393                    494564.00000 494604.638  0.01%  10.0  189s
  2649  2394 494592.567   92  463 494564.000 494604.638  0.01%  10.0  190s
H 2654  2277                    494568.00000 494594.035  0.01%  10.0  194s
  2656  2278 494591.871   40  318 494568.000 494591.871  0.00%  10.0  195s
H 2659  2165                    494573.00000 494587.429  0.00%  10.0  199s
  2660  2166 494587.429   71  214 494573.000 494587.429  0.00%  10.0  200s
H 2664  2060                    494578.00000 494582.314  0.00%  10.0  203s
  2667  2062 494581.260   32  117 494578.000 494581.260  0.00%  10.0  205s
  2675  2068 494578.000  111  990 494578.000 494580.741  0.00%  38.0  210s
  2706  2090 494580.693   16 2467 494578.000 494580.693  0.00%  45.8  215s
* 2747  2013              62    494579.00000 494579.000  0.00%  51.7  218s

Cutting planes:
  Gomory: 78
  Lift-and-project: 5
  Cover: 53
  Implied bound: 3
  Clique: 26
  MIR: 114
  StrongCG: 5
  Flow cover: 117
  GUB cover: 184
  Zero half: 44
  RLT: 32
  Relax-and-lift: 3
  PSD: 2

Explored 2747 nodes (196011 simplex iterations) in 218.59 seconds (181.67 work units)
Thread count was 8 (of 8 available processors)

Solution count 10: 494579 494578 494578 ... 494573

Optimal solution found (tolerance 0.00e+00)
Best objective 4.945790000000e+05, best bound 4.945790000000e+05, gap 0.0000%
