
Gurobi 9.0.1 (win64) logging started 11/11/21 14:12:03

Changed value of parameter LogFile to ../results/logs/log_samuel_kroger_2021_11_11_14_12_03.csv_17_1.log
   Prev:   Default: 
Changed value of parameter method to 3
   Prev: -1  Min: -1  Max: 5  Default: -1
Gurobi Optimizer version 9.0.1 build v9.0.1rc0 (win64)
Optimize a model with 2718 rows, 8078 columns and 26351 nonzeros
Model fingerprint: 0x81fb957b
Variable types: 4039 continuous, 4039 integer (4039 binary)
Coefficient statistics:
  Matrix range     [1e+00, 2e+01]
  Objective range  [1e+00, 1e+00]
  Bounds range     [1e+00, 1e+00]
  RHS range        [1e+00, 1e+00]
Found heuristic solution: objective 2061.0000000
Presolve removed 2431 rows and 7649 columns
Presolve time: 0.07s
Presolved: 287 rows, 429 columns, 5765 nonzeros
Variable types: 278 continuous, 151 integer (151 binary)

Root relaxation: objective 2.203438e+03, 28 iterations, 0.00 seconds

    Nodes    |    Current Node    |     Objective Bounds      |     Work
 Expl Unexpl |  Obj  Depth IntInf | Incumbent    BestBd   Gap | It/Node Time

     0     0 2203.43809    0   44 2061.00000 2203.43809  6.91%     -    0s
     0     0 2173.81272    0   63 2061.00000 2173.81272  5.47%     -    0s
     0     0 2171.16900    0   66 2061.00000 2171.16900  5.35%     -    0s
     0     0 2171.14137    0   67 2061.00000 2171.14137  5.34%     -    0s
H    0     0                    2063.0000000 2171.14137  5.24%     -    0s
     0     0 2154.24838    0   56 2063.00000 2154.24838  4.42%     -    0s
     0     0 2146.86939    0   78 2063.00000 2146.86939  4.07%     -    0s
     0     0 2146.86939    0   79 2063.00000 2146.86939  4.07%     -    0s
     0     0 2146.86939    0   80 2063.00000 2146.86939  4.07%     -    0s
     0     0 2146.18315    0   86 2063.00000 2146.18315  4.03%     -    0s
     0     0 2142.57840    0   91 2063.00000 2142.57840  3.86%     -    0s
     0     0 2141.62297    0   91 2063.00000 2141.62297  3.81%     -    0s
     0     0 2140.57683    0   94 2063.00000 2140.57683  3.76%     -    0s
     0     0 2140.29765    0   96 2063.00000 2140.29765  3.75%     -    0s
     0     0 2140.14548    0   92 2063.00000 2140.14548  3.74%     -    0s
     0     0 2134.78346    0   90 2063.00000 2134.78346  3.48%     -    0s
H    0     0                    2071.0000000 2134.78346  3.08%     -    0s
     0     0 2132.50571    0   95 2071.00000 2132.50571  2.97%     -    0s
     0     0 2132.13134    0   89 2071.00000 2132.13134  2.95%     -    0s
     0     0 2131.98350    0  102 2071.00000 2131.98350  2.94%     -    0s
     0     0 2131.94780    0   75 2071.00000 2131.94780  2.94%     -    0s
H    0     0                    2081.0000000 2131.94780  2.45%     -    0s
     0     0 2128.13641    0   94 2081.00000 2128.13641  2.27%     -    0s
     0     0 2128.13641    0  101 2081.00000 2128.13641  2.27%     -    0s
     0     0 2128.13641    0  101 2081.00000 2128.13641  2.27%     -    0s
     0     0 2128.13641    0  100 2081.00000 2128.13641  2.27%     -    0s
     0     0 2126.63948    0  102 2081.00000 2126.63948  2.19%     -    0s
     0     0 2121.25384    0  105 2081.00000 2121.25384  1.93%     -    0s
     0     0 2120.80009    0  105 2081.00000 2120.80009  1.91%     -    0s
H    0     0                    2092.0000000 2120.80009  1.38%     -    0s
     0     0 2113.90246    0  103 2092.00000 2113.90246  1.05%     -    0s
     0     0 2112.98943    0  103 2092.00000 2112.98943  1.00%     -    0s
     0     0 2112.73610    0   98 2092.00000 2112.73610  0.99%     -    0s
     0     0 2112.73610    0   99 2092.00000 2112.73610  0.99%     -    0s
     0     0 2109.18113    0  107 2092.00000 2109.18113  0.82%     -    0s
     0     0 2096.77306    0  105 2092.00000 2096.77306  0.23%     -    0s
     0     0 2096.29177    0  105 2092.00000 2096.29177  0.21%     -    0s

Cutting planes:
  Gomory: 3
  MIR: 135
  RLT: 29
  Relax-and-lift: 3

Explored 1 nodes (1059 simplex iterations) in 0.40 seconds
Thread count was 8 (of 8 available processors)

Solution count 5: 2092 2081 2071 ... 2061

Optimal solution found (tolerance 1.00e-04)
Best objective 2.092000000000e+03, best bound 2.092000000000e+03, gap 0.0000%
