
Gurobi 9.5.0 (win64) logging started Tue Dec  7 01:37:24 2021

Set parameter LogFile to value "../results/logs/log_2021_12_07_01_36.csv_11_86.log"
Set parameter Method to value 3
Gurobi Optimizer version 9.5.0 build v9.5.0rc5 (win64)
Thread count: 6 physical cores, 12 logical processors, using up to 12 threads
Optimize a model with 6334 rows, 8078 columns and 360309 nonzeros
Model fingerprint: 0xc4d50ce5
Variable types: 4039 continuous, 4039 integer (4039 binary)
Coefficient statistics:
  Matrix range     [1e+00, 1e+01]
  Objective range  [1e+00, 1e+00]
  Bounds range     [1e+00, 1e+00]
  RHS range        [1e+00, 9e+01]
Found heuristic solution: objective 2904.0000000
Presolve removed 6089 rows and 7747 columns
Presolve time: 0.05s
Presolved: 245 rows, 331 columns, 2186 nonzeros
Variable types: 160 continuous, 171 integer (158 binary)
Found heuristic solution: objective 2952.0000000

Root relaxation: objective 3.052572e+03, 258 iterations, 0.00 seconds (0.00 work units)

    Nodes    |    Current Node    |     Objective Bounds      |     Work
 Expl Unexpl |  Obj  Depth IntInf | Incumbent    BestBd   Gap | It/Node Time

     0     0 3052.57204    0   61 2952.00000 3052.57204  3.41%     -    0s
H    0     0                    3015.0000000 3052.57204  1.25%     -    0s
H    0     0                    3017.0000000 3052.57204  1.18%     -    0s
H    0     0                    3019.0000000 3052.57204  1.11%     -    0s
H    0     0                    3022.0000000 3040.65604  0.62%     -    0s
     0     0 3040.65604    0   36 3022.00000 3040.65604  0.62%     -    0s
H    0     0                    3023.0000000 3040.65604  0.58%     -    0s
H    0     0                    3028.0000000 3040.65604  0.42%     -    0s
     0     0 3040.58159    0   34 3028.00000 3040.58159  0.42%     -    0s
     0     0 3038.04817    0   24 3028.00000 3038.04817  0.33%     -    0s
H    0     0                    3029.0000000 3038.04817  0.30%     -    0s
H    0     0                    3033.0000000 3038.04817  0.17%     -    0s
     0     0 3037.96419    0   26 3033.00000 3037.96419  0.16%     -    0s
     0     0 3037.92661    0   29 3033.00000 3037.92661  0.16%     -    0s
     0     0 3037.90058    0   30 3033.00000 3037.90058  0.16%     -    0s
     0     0 3037.89620    0   28 3033.00000 3037.89620  0.16%     -    0s
     0     0 3037.46091    0   39 3033.00000 3037.46091  0.15%     -    0s
H    0     0                    3034.0000000 3037.46091  0.11%     -    0s
     0     0 3037.36209    0   31 3034.00000 3037.36209  0.11%     -    0s
     0     0 3037.33963    0   30 3034.00000 3037.33963  0.11%     -    0s
     0     0 3037.33852    0   30 3034.00000 3037.33852  0.11%     -    0s
     0     0 3037.20629    0   30 3034.00000 3037.20629  0.11%     -    0s
H    0     0                    3035.0000000 3037.20629  0.07%     -    0s
     0     0 3037.13304    0   34 3035.00000 3037.13304  0.07%     -    0s
     0     0 3037.09849    0   24 3035.00000 3037.09849  0.07%     -    0s
     0     0 3037.09793    0   24 3035.00000 3037.09793  0.07%     -    0s
     0     0 3037.03728    0   35 3035.00000 3037.03728  0.07%     -    0s
     0     0 3036.99223    0   35 3035.00000 3036.99223  0.07%     -    0s
     0     0 3036.98729    0   35 3035.00000 3036.98729  0.07%     -    0s
     0     0 3036.95782    0   26 3035.00000 3036.95782  0.06%     -    0s
     0     0 3036.95782    0   30 3035.00000 3036.95782  0.06%     -    0s
     0     0 3036.95782    0   29 3035.00000 3036.95782  0.06%     -    0s
     0     0 3036.95782    0   28 3035.00000 3036.95782  0.06%     -    0s
     0     0 3036.95782    0   26 3035.00000 3036.95782  0.06%     -    0s
     0     0 3036.95782    0   31 3035.00000 3036.95782  0.06%     -    0s
     0     0 3036.94947    0   31 3035.00000 3036.94947  0.06%     -    0s
     0     0 3036.80004    0   30 3035.00000 3036.80004  0.06%     -    0s
     0     0 3036.78432    0   31 3035.00000 3036.78432  0.06%     -    0s
     0     0 3036.78242    0   31 3035.00000 3036.78242  0.06%     -    0s
     0     0 3036.73029    0   28 3035.00000 3036.73029  0.06%     -    0s
     0     0 3036.54763    0   22 3035.00000 3036.54763  0.05%     -    0s
     0     0 3036.50755    0   18 3035.00000 3036.50755  0.05%     -    0s
     0     0 3036.50755    0   18 3035.00000 3036.50755  0.05%     -    0s
     0     0 3036.50755    0   19 3035.00000 3036.50755  0.05%     -    0s
     0     0 3036.50755    0   20 3035.00000 3036.50755  0.05%     -    0s
     0     0 3036.50755    0   10 3035.00000 3036.50755  0.05%     -    0s
     0     0 3036.41898    0   16 3035.00000 3036.41898  0.05%     -    0s
     0     0 3036.41606    0   17 3035.00000 3036.41606  0.05%     -    0s
     0     0 3036.33683    0   17 3035.00000 3036.33683  0.04%     -    0s
     0     0 3036.28219    0   11 3035.00000 3036.28219  0.04%     -    0s
     0     0 3036.22799    0   14 3035.00000 3036.22799  0.04%     -    0s
H    0     0                    3036.0000000 3036.22799  0.01%     -    0s
     0     0 3036.22799    0   14 3036.00000 3036.22799  0.01%     -    0s

Cutting planes:
  Gomory: 7
  MIR: 37
  RLT: 1

Explored 1 nodes (1362 simplex iterations) in 0.33 seconds (0.14 work units)
Thread count was 12 (of 12 available processors)

Solution count 10: 3036 3035 3034 ... 3023

Optimal solution found (tolerance 1.00e-04)
Best objective 3.036000000000e+03, best bound 3.036000000000e+03, gap 0.0000%
