
Gurobi 9.5.0 (win64) logging started Tue Dec  7 12:37:27 2021

Set parameter LogFile to value "../results/logs/log_2021_12_07_12_26.csv_4_65.log"
Set parameter Method to value 3
Gurobi Optimizer version 9.5.0 build v9.5.0rc5 (win64)
Thread count: 6 physical cores, 12 logical processors, using up to 12 threads
Optimize a model with 2962 rows, 9882 columns and 30211 nonzeros
Model fingerprint: 0x40aba8d9
Variable types: 4941 continuous, 4941 integer (4941 binary)
Coefficient statistics:
  Matrix range     [1e+00, 4e+00]
  Objective range  [1e+00, 1e+00]
  Bounds range     [1e+00, 1e+00]
  RHS range        [1e+00, 7e+01]
Found heuristic solution: objective 36.0000000
Presolve removed 1475 rows and 7622 columns
Presolve time: 0.03s
Presolved: 1487 rows, 2260 columns, 8333 nonzeros
Variable types: 1293 continuous, 967 integer (941 binary)
Found heuristic solution: objective 55.0000000

Concurrent LP optimizer: primal simplex, dual simplex, and barrier
Showing barrier log only...

Root barrier log...

Ordering time: 0.00s

Barrier statistics:
 AA' NZ     : 6.354e+03
 Factor NZ  : 1.841e+04 (roughly 2 MB of memory)
 Factor Ops : 2.649e+05 (less than 1 second per iteration)
 Threads    : 1

                  Objective                Residual
Iter       Primal          Dual         Primal    Dual     Compl     Time
   0   6.83219777e+03  9.44749308e+03  3.06e+03 7.75e-01  4.23e+01     0s
   1   2.77347190e+03  1.07003990e+04  1.21e+03 7.11e-15  1.65e+01     0s
   2   4.25854891e+02  6.47570599e+03  5.74e+01 8.88e-15  1.63e+00     0s
   3   2.70942856e+02  1.19000700e+03  6.00e+00 1.24e-14  2.03e-01     0s
   4   2.81190837e+02  4.86013248e+02  6.69e-01 6.33e-15  3.77e-02     0s
   5   3.00468803e+02  4.13458446e+02  3.33e-01 4.84e-15  2.04e-02     0s
   6   3.06273863e+02  3.83026263e+02  2.53e-01 5.44e-15  1.38e-02     0s
   7   3.11088452e+02  3.65876155e+02  1.98e-01 2.32e-15  9.88e-03     0s
   8   3.23404431e+02  3.51855346e+02  6.97e-02 2.52e-15  5.03e-03     0s
   9   3.28097302e+02  3.42867346e+02  3.86e-02 1.54e-15  2.61e-03     0s
  10   3.31677779e+02  3.40256309e+02  1.84e-02 1.35e-15  1.51e-03     0s
  11   3.32544069e+02  3.38951483e+02  1.37e-02 1.88e-15  1.12e-03     0s
  12   3.33536084e+02  3.37778918e+02  8.84e-03 1.49e-15  7.44e-04     0s
  13   3.34566382e+02  3.36469020e+02  3.61e-03 2.36e-15  3.33e-04     0s

Barrier performed 13 iterations in 0.08 seconds (0.04 work units)
Barrier solve interrupted - model solved by another algorithm


Solved with primal simplex

Root relaxation: objective 3.353807e+02, 1484 iterations, 0.03 seconds (0.02 work units)

    Nodes    |    Current Node    |     Objective Bounds      |     Work
 Expl Unexpl |  Obj  Depth IntInf | Incumbent    BestBd   Gap | It/Node Time

     0     0  335.38072    0  600   55.00000  335.38072   510%     -    0s
H    0     0                     103.0000000  335.38072   226%     -    0s
     0     0  205.19626    0  308  103.00000  205.19626  99.2%     -    0s
     0     0  199.13168    0  307  103.00000  199.13168  93.3%     -    0s
     0     0  198.34247    0  298  103.00000  198.34247  92.6%     -    0s
     0     0  198.12833    0  295  103.00000  198.12833  92.4%     -    0s
     0     0  198.09340    0  306  103.00000  198.09340  92.3%     -    0s
H    0     0                     109.0000000  181.54134  66.6%     -    0s
     0     0  181.54134    0  246  109.00000  181.54134  66.6%     -    0s
     0     0  179.15564    0  237  109.00000  179.15564  64.4%     -    0s
     0     0  178.77951    0  246  109.00000  178.77951  64.0%     -    0s
     0     0  178.67836    0  243  109.00000  178.67836  63.9%     -    0s
     0     0  175.05436    0  167  109.00000  175.05436  60.6%     -    0s
H    0     0                     116.0000000  173.95892  50.0%     -    0s
     0     0  173.95892    0  202  116.00000  173.95892  50.0%     -    0s
     0     0  173.81922    0  164  116.00000  173.81922  49.8%     -    0s
     0     0  172.62120    0  177  116.00000  172.62120  48.8%     -    0s
     0     0  172.39221    0  215  116.00000  172.39221  48.6%     -    0s
     0     0  172.37331    0  216  116.00000  172.37331  48.6%     -    0s
     0     0  172.00143    0  176  116.00000  172.00143  48.3%     -    0s
     0     0  172.00143    0  176  116.00000  172.00143  48.3%     -    0s
     0     2  172.00143    0  176  116.00000  172.00143  48.3%     -    0s
H   32    38                     118.0000000  170.95060  44.9%  76.9    1s
H   35    38                     158.0000000  170.95060  8.20%  74.2    1s
H  228   236                     159.0000000  170.95060  7.52%  44.4    1s
H  529   428                     161.0000000  170.95060  6.18%  41.2    2s
H 1067   468                     164.0000000  169.87983  3.59%  41.2    3s
  1315   572  165.91320   32  136  164.00000  167.30230  2.01%  39.9    5s
H 1383   589                     165.0000000  165.21755  0.13%  45.5    7s

Cutting planes:
  Gomory: 18
  Lift-and-project: 24
  Cover: 6
  Implied bound: 12
  MIR: 81
  Flow cover: 162
  RLT: 14
  Relax-and-lift: 5

Explored 1383 nodes (69399 simplex iterations) in 7.85 seconds (5.43 work units)
Thread count was 12 (of 12 available processors)

Solution count 10: 165 164 161 ... 55

Optimal solution found (tolerance 1.00e-04)
Best objective 1.650000000000e+02, best bound 1.650000000000e+02, gap 0.0000%
