
Gurobi 9.1.2 (win64) logging started Mon Sep 27 10:55:31 2021

Changed value of parameter LogFile to ../results/logs/log_samuel_kroger_2021_09_27_01_23_35.csv_21_250.log
   Prev:   Default: 
Changed value of parameter method to 3
   Prev: -1  Min: -1  Max: 5  Default: -1
Changed value of parameter lazyConstraints to 1
   Prev: 0  Min: 0  Max: 1  Default: 0
Gurobi Optimizer version 9.1.2 build v9.1.2rc0 (win64)
Thread count: 6 physical cores, 12 logical processors, using up to 12 threads
Optimize a model with 82989 rows, 299400 columns and 404326 nonzeros
Model fingerprint: 0x84b3c085
Variable types: 149700 continuous, 149700 integer (149700 binary)
Coefficient statistics:
  Matrix range     [1e+00, 2e+01]
  Objective range  [1e+00, 1e+00]
  Bounds range     [1e+00, 1e+00]
  RHS range        [1e+00, 3e+02]
Found heuristic solution: objective 78978.000000
Presolve removed 78975 rows and 226670 columns
Presolve time: 0.68s
Presolved: 4014 rows, 72730 columns, 85714 nonzeros
Variable types: 70725 continuous, 2005 integer (2005 binary)

Concurrent LP optimizer: primal simplex, dual simplex, and barrier
Showing barrier log only...

Root barrier log...

Ordering time: 0.00s

Barrier statistics:
 AA' NZ     : 9.313e+03
 Factor NZ  : 1.970e+04 (roughly 30 MBytes of memory)
 Factor Ops : 1.689e+05 (less than 1 second per iteration)
 Threads    : 1

                  Objective                Residual
Iter       Primal          Dual         Primal    Dual     Compl     Time
   0   8.80264923e+05  8.99990461e+04  2.76e+07 9.03e-01  2.14e+02    86s
   1   4.35454128e+05  8.43654041e+04  8.56e+06 5.16e-02  6.69e+01    86s

Barrier performed 1 iterations in 85.57 seconds
Barrier solve interrupted - model solved by another algorithm


Solved with dual simplex

Root relaxation: objective 7.970334e+04, 2396 iterations, 0.13 seconds

    Nodes    |    Current Node    |     Objective Bounds      |     Work
 Expl Unexpl |  Obj  Depth IntInf | Incumbent    BestBd   Gap | It/Node Time

     0     0 79703.3373    0  317 78978.0000 79703.3373  0.92%     -   86s
     0     0 79703.3373    0  317 78978.0000 79703.3373  0.92%     -  171s
     0     0 79703.3373    0  317 78978.0000 79703.3373  0.92%     -  256s
     0     0 79703.3373    0  317 78978.0000 79703.3373  0.92%     -  342s
     0     0 79703.3373    0  317 78978.0000 79703.3373  0.92%     -  428s
     0     0 79703.3373    0  317 78978.0000 79703.3373  0.92%     -  514s
     0     0 79703.3373    0  317 78978.0000 79703.3373  0.92%     -  599s
     0     0 79703.3373    0  317 78978.0000 79703.3373  0.92%     -  770s
     0     0 79703.3373    0  317 78978.0000 79703.3373  0.92%     -  940s
     0     0 79619.5525    0  112 78978.0000 79619.5525  0.81%     -  941s
     0     0 79619.5525    0  112 78978.0000 79619.5525  0.81%     - 1026s
     0     0 79619.5525    0  112 78978.0000 79619.5525  0.81%     - 1112s
     0     0 79619.5525    0  112 78978.0000 79619.5525  0.81%     - 1199s
     0     0 79619.5525    0  112 78978.0000 79619.5525  0.81%     - 1286s
     0     0 79619.5525    0  112 78978.0000 79619.5525  0.81%     - 1375s
     0     0 79617.7368    0  121 78978.0000 79617.7368  0.81%     - 1375s
     0     0 79617.2751    0  117 78978.0000 79617.2751  0.81%     - 1375s
     0     0 79607.5154    0   87 78978.0000 79607.5154  0.80%     - 1376s
     0     0 79607.5154    0   87 78978.0000 79607.5154  0.80%     - 1462s
     0     0 79607.5154    0   87 78978.0000 79607.5154  0.80%     - 1547s
     0     0 79607.5154    0   87 78978.0000 79607.5154  0.80%     - 1633s
     0     0 79607.5154    0   87 78978.0000 79607.5154  0.80%     - 1720s
     0     0 79607.5154    0   87 78978.0000 79607.5154  0.80%     - 1806s
     0     0 79607.5154    0   84 78978.0000 79607.5154  0.80%     - 1807s
     0     0 79607.5154    0   84 78978.0000 79607.5154  0.80%     - 1895s
     0     0 79607.5154    0   84 78978.0000 79607.5154  0.80%     - 1986s
     0     0 79607.5154    0   84 78978.0000 79607.5154  0.80%     - 2074s
     0     0 79607.5154    0   84 78978.0000 79607.5154  0.80%     - 2162s
     0     0 79607.5154    0   84 78978.0000 79607.5154  0.80%     - 2251s
     0     2 79607.5154    0   83 78978.0000 79607.5154  0.80%     - 2340s
    31    38 79603.7025    7   56 78978.0000 79605.7892  0.79%   6.6 2428s
    37    53 79603.5914    8   53 78978.0000 79605.7340  0.79%   6.5 2688s
   129   169 79601.1756   16   45 78978.0000 79605.7340  0.79%   7.0 2776s
   194   251 79600.2997   24   32 78978.0000 79605.7340  0.79%   7.0 2864s
   250   395 79595.3722   43   11 78978.0000 79605.7340  0.79%   7.8 2953s
   316   396 79597.8288   37    7 78978.0000 79605.7340  0.79%   7.9 3127s
   396   434 79594.3333   64    5 78978.0000 79605.7340  0.79%   7.6 3389s
   416   435 79593.2000   60    1 78978.0000 79605.7340  0.79%   7.8 3476s
   428   436 79596.1339   61    7 78978.0000 79605.7340  0.79%   7.8 3562s

Cutting planes:
  MIR: 385
  RLT: 46
  Relax-and-lift: 5
  Lazy constraints: 3844

Explored 438 nodes (6544 simplex iterations) in 3735.75 seconds
Thread count was 12 (of 12 available processors)

Solution count 1: 78978 

Time limit reached
Best objective 7.897800000000e+04, best bound 7.960500000000e+04, gap 0.7939%

User-callback calls 8025, time in user-callback 3692.35 sec
