
Gurobi 9.5.1 (linux64) logging started Wed Mar  9 17:57:19 2022

Set parameter LogFile to value "../results/logs/log_2022_03_09_17_57.csv_3_5.log"
Set parameter Method to value 3
Gurobi Optimizer version 9.5.1 build v9.5.1rc2 (linux64)
Thread count: 8 physical cores, 8 logical processors, using up to 8 threads
Optimize a model with 5947 rows, 9882 columns and 44842 nonzeros
Model fingerprint: 0x0b2c953a
Variable types: 4941 continuous, 4941 integer (4941 binary)
Coefficient statistics:
  Matrix range     [1e+00, 3e+00]
  Objective range  [1e+00, 1e+00]
  Bounds range     [1e+00, 1e+00]
  RHS range        [1e+00, 5e+00]
Found heuristic solution: objective 231.0000000
Presolve removed 2783 rows and 5534 columns
Presolve time: 0.04s
Presolved: 3164 rows, 4348 columns, 16843 nonzeros
Variable types: 2523 continuous, 1825 integer (1796 binary)
Found heuristic solution: objective 236.0000000

Concurrent LP optimizer: primal simplex, dual simplex, and barrier
Showing barrier log only...

Root barrier log...

Ordering time: 0.00s

Barrier statistics:
 AA' NZ     : 1.450e+04
 Factor NZ  : 4.269e+04 (roughly 3 MB of memory)
 Factor Ops : 6.627e+05 (less than 1 second per iteration)
 Threads    : 1

                  Objective                Residual
Iter       Primal          Dual         Primal    Dual     Compl     Time
   0   7.12100030e+03  9.86568243e+03  6.25e+03 2.00e+00  1.08e+01     0s
   1   2.39982398e+03  9.37779289e+03  1.34e+03 3.55e-15  2.49e+00     0s

Barrier performed 1 iterations in 0.10 seconds (0.06 work units)
Barrier solve interrupted - model solved by another algorithm


Solved with primal simplex

Root relaxation: objective 1.002826e+03, 2192 iterations, 0.05 seconds (0.03 work units)

    Nodes    |    Current Node    |     Objective Bounds      |     Work
 Expl Unexpl |  Obj  Depth IntInf | Incumbent    BestBd   Gap | It/Node Time

     0     0 1002.82550    0 1263  236.00000 1002.82550   325%     -    0s
H    0     0                     237.0000000 1002.82550   323%     -    0s
     0     0  453.00632    0  397  237.00000  453.00632  91.1%     -    0s
     0     0  422.72593    0  301  237.00000  422.72593  78.4%     -    0s
     0     0  421.30842    0  325  237.00000  421.30842  77.8%     -    0s
     0     0  421.20974    0  312  237.00000  421.20974  77.7%     -    0s
     0     0  341.62714    0  259  237.00000  341.62714  44.1%     -    0s
     0     0  335.11213    0  239  237.00000  335.11213  41.4%     -    0s
     0     0  334.36214    0  214  237.00000  334.36214  41.1%     -    0s
     0     0  334.30862    0  241  237.00000  334.30862  41.1%     -    0s
     0     0  317.95734    0  137  237.00000  317.95734  34.2%     -    0s
H    0     0                     272.0000000  317.95734  16.9%     -    0s
     0     0  313.50050    0  245  272.00000  313.50050  15.3%     -    0s
     0     0  312.47330    0  195  272.00000  312.47330  14.9%     -    0s
     0     0  312.16822    0  257  272.00000  312.16822  14.8%     -    0s
     0     0  307.58337    0   95  272.00000  307.58337  13.1%     -    0s
     0     0  306.31194    0  200  272.00000  306.31194  12.6%     -    0s
     0     0  305.95659    0  160  272.00000  305.95659  12.5%     -    0s
     0     0  304.17538    0  171  272.00000  304.17538  11.8%     -    0s
     0     0  304.17538    0  171  272.00000  304.17538  11.8%     -    0s
     0     2  304.17538    0  171  272.00000  304.17538  11.8%     -    0s
H  227   190                     279.0000000  301.55103  8.08%  32.9    1s
H  312   240                     283.0000000  301.55103  6.56%  31.5    1s
H  317   240                     286.0000000  301.55103  5.44%  31.1    1s
  3821   614  287.51671   35  171  286.00000  290.05296  1.42%  31.8    5s

Cutting planes:
  Gomory: 72
  Lift-and-project: 18
  Implied bound: 21
  MIR: 1306
  RLT: 348
  Relax-and-lift: 68

Explored 4765 nodes (149666 simplex iterations) in 5.91 seconds (8.94 work units)
Thread count was 8 (of 8 available processors)

Solution count 7: 286 283 279 ... 231

Optimal solution found (tolerance 1.00e-04)
Best objective 2.860000000000e+02, best bound 2.860000000000e+02, gap 0.0000%
