
Gurobi 9.1.2 (win64) logging started Mon Sep 27 02:23:40 2021

Changed value of parameter LogFile to ../results/logs/log_samuel_kroger_2021_09_27_01_23_35.csv_4_250.log
   Prev:   Default: 
Changed value of parameter method to 3
   Prev: -1  Min: -1  Max: 5  Default: -1
Changed value of parameter lazyConstraints to 1
   Prev: 0  Min: 0  Max: 1  Default: 0
Gurobi Optimizer version 9.1.2 build v9.1.2rc0 (win64)
Thread count: 6 physical cores, 12 logical processors, using up to 12 threads
Optimize a model with 15828 rows, 46266 columns and 65319 nonzeros
Model fingerprint: 0x71e61e2a
Variable types: 23133 continuous, 23133 integer (23133 binary)
Coefficient statistics:
  Matrix range     [1e+00, 4e+00]
  Objective range  [1e+00, 1e+00]
  Bounds range     [1e+00, 1e+00]
  RHS range        [1e+00, 3e+02]
Found heuristic solution: objective 13467.000000
Presolve removed 13467 rows and 35420 columns
Presolve time: 0.10s
Presolved: 2361 rows, 10846 columns, 18127 nonzeros
Variable types: 9666 continuous, 1180 integer (1180 binary)

Concurrent LP optimizer: primal simplex, dual simplex, and barrier
Showing barrier log only...

Root barrier log...

Ordering time: 0.00s

Barrier statistics:
 AA' NZ     : 5.521e+03
 Factor NZ  : 1.044e+04 (roughly 5 MBytes of memory)
 Factor Ops : 7.254e+04 (less than 1 second per iteration)
 Threads    : 1

                  Objective                Residual
Iter       Primal          Dual         Primal    Dual     Compl     Time
   0   1.79246019e+04  1.38609096e+04  2.97e+04 7.34e-01  1.76e+00     2s
   1   1.66844102e+04  1.49326095e+04  8.79e+03 4.41e-02  4.98e-01     2s
   2   1.46819042e+04  1.47664654e+04  5.76e+02 7.49e-16  3.95e-02     2s
   3   1.46321941e+04  1.44120330e+04  2.17e+02 6.66e-16  1.07e-02     2s

Barrier performed 3 iterations in 2.15 seconds
Barrier solve interrupted - model solved by another algorithm


Solved with dual simplex

Root relaxation: objective 1.405998e+04, 1634 iterations, 0.04 seconds

    Nodes    |    Current Node    |     Objective Bounds      |     Work
 Expl Unexpl |  Obj  Depth IntInf | Incumbent    BestBd   Gap | It/Node Time

     0     0 14059.9842    0  250 13467.0000 14059.9842  4.40%     -    2s
     0     0 14059.9842    0  250 13467.0000 14059.9842  4.40%     -    6s
     0     0 14059.9842    0  250 13467.0000 14059.9842  4.40%     -   10s
H    0     0                    13472.000000 14059.9842  4.36%     -   19s
     0     0 14059.9842    0  248 13472.0000 14059.9842  4.36%     -   19s
     0     2 14059.9842    0  246 13472.0000 14059.9842  4.36%     -   21s
    34    38 14057.0536    7  240 13472.0000 14058.7619  4.36%   4.8   28s
    37    56 14056.7869    8  235 13472.0000 14058.7619  4.36%   4.6   32s
   149   167 14050.7453   25  225 13472.0000 14058.7619  4.36%   3.4   36s
   166   194 14047.7453   27  220 13472.0000 14058.7619  4.36%   3.3   44s
   193   207 14045.7312   32  217 13472.0000 14058.7619  4.36%   3.3   47s
   199   207 14050.0786   24  227 13472.0000 14058.7619  4.36%   3.3   53s
   206   233 14044.2312   34  218 13472.0000 14058.7619  4.36%   3.3   55s
   348   392 14034.7388   55  194 13472.0000 14058.7619  4.36%   3.5   68s
   706   724 14011.6658   96  153 13472.0000 14058.7619  4.36%   3.6   71s
   717   724 14019.5269   87  164 13472.0000 14058.7619  4.36%   3.6   79s
   888   945 13998.4158  113  143 13472.0000 14058.7619  4.36%   3.6   80s
  1059  1061 13999.5481  105  149 13472.0000 14058.7619  4.36%   3.5   88s
  1441  1448 13976.2861  189   83 13472.0000 14058.7619  4.36%   3.8   91s
  1447  1491 13975.7861  190   82 13472.0000 14058.7619  4.36%   3.9  102s
  1567  1589 13979.8598  181   92 13472.0000 14058.7619  4.36%   3.9  108s
  1581  1589 13980.7310  174  102 13472.0000 14058.7619  4.36%   3.9  113s
  1588  1641 13969.1111  208   67 13472.0000 14058.7619  4.36%   4.0  115s
  1735  1786 13966.4444  223   58 13472.0000 14058.7619  4.36%   3.9  128s
  2031  2072 13950.5000  259   22 13472.0000 14058.7619  4.36%   3.8  131s
  2079  2181 13950.5000  264   25 13472.0000 14058.7619  4.36%   3.8  144s
  2121  2183 13940.0000  291    6 13472.0000 14058.7619  4.36%   3.8  146s
  2260  2258 13962.2500  246   48 13472.0000 14058.7619  4.36%   3.7  155s
  2321  2321 13962.3333  247   52 13472.0000 14058.7619  4.36%   3.9  161s
  2358  2351 13940.0000  288    - 13472.0000 14058.7619  4.36%   3.9  166s
  2408  2381 13935.0000  306    - 13472.0000 14058.4286  4.35%   4.0  172s
  2452  2395 13933.0000  307    - 13472.0000 14058.4286  4.35%   4.2  181s
  2465  2402 13975.3598  190  248 13472.0000 14058.4286  4.35%   4.3  193s
  2467  2403 14027.0444   70  244 13472.0000 14058.4286  4.35%   4.3  204s
  2470  2408 14058.4286   13  244 13472.0000 14058.4286  4.35%   5.7  205s
  2512  2446 14055.0453   18  235 13472.0000 14057.5342  4.35%   5.6  213s
  2620  2515 14052.7286   29  227 13472.0000 14057.5342  4.35%   5.6  216s
  2663  2541 14050.3953   34  223 13472.0000 14057.5342  4.35%   5.5  220s
  2743  2594 14047.7286   40  219 13472.0000 14057.5342  4.35%   5.5  226s
  2988  2770 14039.1007   58  198 13472.0000 14057.5342  4.35%   5.3  233s
  3044  2829 14037.3249   62  196 13472.0000 14057.5342  4.35%   5.3  237s
  3115  2837 14035.0777   70  186 13472.0000 14057.5342  4.35%   5.2  246s
  3144  2864 14030.7444   72  183 13472.0000 14057.5342  4.35%   5.2  250s
  3152  2897 14032.7221   70  185 13472.0000 14057.5342  4.35%   5.2  256s
  4008  3438 14000.3491  127  145 13472.0000 14057.5342  4.35%   4.8  260s
  4308  3637 13995.6024  147  141 13472.0000 14057.5342  4.35%   4.7  265s
  4313  3715 13999.4059  143  141 13472.0000 14057.5342  4.35%   4.7  274s
  4512  3774 13992.4441  163  122 13472.0000 14057.5342  4.35%   4.7  277s
  4514  3773 13991.8926  164  121 13472.0000 14057.5342  4.35%   4.7  281s
  4518  3803 13991.5823  163  122 13472.0000 14057.5342  4.35%   4.7  287s
  5114  4175 13974.3278  216   75 13472.0000 14057.5342  4.35%   4.8  292s
  5116  4174 13975.8278  208   78 13472.0000 14057.5342  4.35%   4.8  296s
  5118  4174 13981.8640  208   93 13472.0000 14057.5342  4.35%   4.8  301s
  5584  4542 13965.9167  244   58 13472.0000 14057.5342  4.35%   4.7  305s
  6191  4905 13961.7833  274   56 13472.0000 14057.5342  4.35%   4.6  311s
  6278  4961 13934.0000  308    4 13472.0000 14057.5342  4.35%   4.7  316s
  6319  4955 13935.0000  309    - 13472.0000 14057.5342  4.35%   4.7  320s
  6370  4972 13935.0000  309    4 13472.0000 14057.5342  4.35%   4.8  325s
  6414  4999 13935.0000  310    - 13472.0000 14057.5342  4.35%   4.8  334s
  6441  4994 13942.0000  295    - 13472.0000 14057.5342  4.35%   4.8  336s
  6487  5004 13935.0000  310    - 13472.0000 14057.5342  4.35%   4.9  340s
  6547  5054 13935.0000  310    - 13472.0000 14057.5342  4.35%   4.9  345s
  6636  5028 13935.0000  310    - 13472.0000 14057.5342  4.35%   4.9  351s
  6647  5034 14036.6866   47  214 13472.0000 14057.5342  4.35%   4.9  360s
  6650  5068 13935.0000  310    - 13472.0000 14057.5342  4.35%   4.9  366s
  6714  5094 13935.0000  310    - 13472.0000 14057.5342  4.35%   5.0  371s
  6772  5113 13935.0000  310    - 13472.0000 14057.5342  4.35%   5.0  380s
  6816  5101 13934.0000  310    - 13472.0000 14057.5342  4.35%   5.0  390s
  6829  5106 14037.1699   51  208 13472.0000 14057.5342  4.35%   5.0  396s
  6869  5148 13933.0000  311    - 13472.0000 14057.5342  4.35%   5.1  408s
  6879  5148 13942.0000  296    - 13472.0000 14057.5342  4.35%   5.1  410s
  6906  5163 13933.0000  311    - 13472.0000 14057.5342  4.35%   5.1  417s
  6917  5163 13942.0000  295    - 13472.0000 14057.5342  4.35%   5.1  421s
  6942  5178 13933.0000  311    - 13472.0000 14057.5342  4.35%   5.1  428s
  6977  5180 13933.0000  311    - 13472.0000 14057.5342  4.35%   5.1  438s
  6981  5183 14033.3032   60  202 13472.0000 14057.5342  4.35%   5.1  440s
  6995  5198 13933.0000  311    - 13472.0000 14057.5342  4.35%   5.2  446s
  7027  5220 13933.0000  311    4 13472.0000 14057.5342  4.35%   5.2  458s
  7031  5221 14033.3032   60  200 13472.0000 14057.5342  4.35%   5.2  460s
  7063  5237 13932.0000  312    - 13472.0000 14057.5342  4.35%   5.2  467s
  7099  5257 13933.0000  313    4 13472.0000 14057.5342  4.35%   5.2  474s
  7113  5257 14025.6904   75  185 13472.0000 14057.5342  4.35%   5.2  480s
  7135  5284 14032.6366   61  202 13472.0000 14057.5342  4.35%   5.3  485s
  7176  5300 13933.0000  314    6 13472.0000 14057.5342  4.35%   5.3  490s
  7235  5333 13933.0000  317    4 13472.0000 14057.5342  4.35%   5.3  495s
  7266  5329 13933.0000  319    4 13472.0000 14057.5342  4.35%   5.3  509s
  7274  5331 13933.0000  320    4 13472.0000 14057.5342  4.35%   5.3  513s
  7280  5332 14021.4589   76  187 13472.0000 14057.5342  4.35%   5.3  521s
  7282  5349 13933.0000  320    - 13472.0000 14057.5342  4.35%   5.3  526s
  7310  5365 13933.0000  320    - 13472.0000 14057.5342  4.35%   5.3  531s
  7340  5375 13933.0000  320    - 13472.0000 14057.5342  4.35%   5.4  536s
  7367  5386 13933.0000  320    - 13472.0000 14057.5342  4.35%   5.4  541s
  7393  5401 13933.0000  320    - 13472.0000 14057.5342  4.35%   5.4  547s
  7423  5408 13933.0000  320    - 13472.0000 14057.5342  4.35%   5.4  552s
  7446  5420 13933.0000  320    - 13472.0000 14057.5342  4.35%   5.4  557s
  7473  5434 13933.0000  320    4 13472.0000 14057.5342  4.35%   5.5  564s
  7483  5433 13942.0000  298    - 13472.0000 14057.5342  4.35%   5.5  568s
  7501  5450 13933.0000  321    - 13472.0000 14057.5342  4.35%   5.5  574s
  7531  5456 13933.0000  321    - 13472.0000 14057.5342  4.35%   5.5  581s
  7554  5469 13933.0000  321    - 13472.0000 14057.5342  4.35%   5.5  590s
  7580  5480 13933.0000  321    - 13472.0000 14057.5342  4.35%   5.5  600s
  7604  5503 13933.0000  321    4 13472.0000 14057.5342  4.35%   5.5  609s
  7606  5503 14025.0366   69  197 13472.0000 14057.5342  4.35%   5.5  612s
  7619  5501 14006.4172  103  156 13472.0000 14057.5342  4.35%   5.5  616s
  7655  5508 14007.1339  107  153 13472.0000 14057.5342  4.35%   5.6  623s
  7659  5523 13933.0000  322    - 13472.0000 14057.5342  4.35%   5.6  627s
  7678  5520 14006.3839  108  153 13472.0000 14057.5342  4.35%   5.6  631s
  7711  5549 13933.0000  322    - 13472.0000 14057.5342  4.35%   5.6  642s
  7738  5560 13933.0000  322    - 13472.0000 14057.5342  4.35%   5.6  647s
  7758  5559 14005.3839  109  152 13472.0000 14057.5342  4.35%   5.6  651s
  7763  5561 13933.0000  322    - 13472.0000 14057.5342  4.35%   5.6  657s
  7775  5579 13933.0000  322    - 13472.0000 14057.5342  4.35%   5.6  662s
  7803  5591 13933.0000  322    - 13472.0000 14057.5342  4.35%   5.7  670s
  7829  5602 13933.0000  322    - 13472.0000 14057.5342  4.35%   5.7  678s
  7856  5614 13933.0000  322    - 13472.0000 14057.5342  4.35%   5.7  688s
  7881  5614 13933.0000  322    - 13472.0000 14057.5342  4.35%   5.7  700s
  7888  5612 13933.0000  322    - 13472.0000 14057.5342  4.35%   5.7  708s
  7890  5614 14020.6938   74  191 13472.0000 14057.5342  4.35%   5.7  712s
  7895  5615 14008.6660   90  175 13472.0000 14057.5342  4.35%   5.8  718s
  7897  5629 13933.0000  322    - 13472.0000 14057.5342  4.35%   5.8  724s
  7910  5629 14008.6660   90  175 13472.0000 14057.5342  4.35%   5.8  728s
  7920  5640 13933.0000  322    - 13472.0000 14057.5342  4.35%   5.8  732s
  7933  5639 14008.9993   90  176 13472.0000 14057.5342  4.35%   5.8  736s
  7942  5651 13933.0000  322    - 13472.0000 14057.5342  4.35%   5.8  740s
  7965  5659 13933.0000  322    - 13472.0000 14057.5342  4.35%   5.8  748s
  7971  5659 13941.0000  299    - 13472.0000 14057.5342  4.35%   5.8  752s
  7986  5672 13933.0000  322    - 13472.0000 14057.5342  4.35%   5.8  758s
  7994  5671 13941.0000  299    - 13472.0000 14057.5342  4.35%   5.8  762s
  8011  5680 13933.0000  322    - 13472.0000 14057.5342  4.35%   5.8  766s
  8027  5680 14006.6660   92  175 13472.0000 14057.5342  4.35%   5.8  772s
  8033  5685 13933.0000  322    - 13472.0000 14057.5342  4.35%   5.9  777s
  8048  5700 13933.0000  322    - 13472.0000 14057.5342  4.35%   5.9  788s
  8072  5713 13933.0000  322    - 13472.0000 14057.5342  4.35%   5.9  798s
  8079  5712 13941.0000  299    - 13472.0000 14057.5342  4.35%   5.9  800s
  8095  5721 13933.0000  322    - 13472.0000 14057.5342  4.35%   5.9  806s
  8103  5722 13941.0000  299    - 13472.0000 14057.5342  4.35%   5.9  810s
  8118  5738 13933.0000  322    - 13472.0000 14057.5342  4.35%   5.9  816s
  8145  5750 13933.0000  322    - 13472.0000 14057.5342  4.35%   5.9  827s
  8168  5759 13933.0000  322    - 13472.0000 14057.5342  4.35%   5.9  836s
  8175  5759 13941.0000  300    - 13472.0000 14057.5342  4.35%   5.9  840s
  8194  5768 13933.0000  322    - 13472.0000 14057.5342  4.35%   6.0  846s
  8207  5768 14004.0216   96  170 13472.0000 14057.5342  4.35%   6.0  853s
  8214  5781 13933.0000  322    - 13472.0000 14057.5342  4.35%   6.0  857s
  8232  5778 13996.2268  119  142 13472.0000 14057.5342  4.35%   6.0  861s
  8235  5791 13933.0000  322    - 13472.0000 14057.5342  4.35%   6.0  865s
  8257  5805 13933.0000  322    - 13472.0000 14057.5342  4.35%   6.0  874s
  8283  5823 13933.0000  322    - 13472.0000 14057.5342  4.35%   6.0  883s
  8313  5839 13933.0000  322    - 13472.0000 14057.5342  4.35%   6.0  889s
  8323  5837 13941.0000  301    - 13472.0000 14057.5342  4.35%   6.0  893s
  8345  5859 13933.0000  322    - 13472.0000 14057.5342  4.35%   6.0  898s
  8381  5871 13933.0000  322    - 13472.0000 14057.5342  4.35%   6.1  906s
  8410  5883 13933.0000  322    - 13472.0000 14057.5342  4.35%   6.1  917s
  8420  5884 13988.0312  130  137 13472.0000 14057.5342  4.35%   6.1  921s
  8435  5897 13933.0000  322    - 13472.0000 14057.5342  4.35%   6.1  927s
  8463  5922 13933.0000  322    - 13472.0000 14057.5342  4.35%   6.1  946s
  8500  5933 13933.0000  322    - 13472.0000 14057.5342  4.35%   6.1  955s
  8530  5928 13933.0000  322    - 13472.0000 14057.5342  4.35%   6.1  969s
  8532  5930 14016.6938   79  186 13472.0000 14057.5342  4.35%   6.1  971s
  8535  5931 13978.3034  153  115 13472.0000 14057.5342  4.35%   6.1  975s
  8538  5930 13933.0000  322    - 13472.0000 14057.5342  4.35%   6.1 1010s
  8543  5932 13977.9701  154  115 13472.0000 14057.5342  4.35%   6.2 1018s
  8544  5932 13979.6552  150  117 13472.0000 14057.5342  4.35%   6.1 1020s
  8546  5933 13933.0000  322    - 13472.0000 14057.5342  4.35%   6.2 1027s
  8551  5934 13977.4701  155  114 13472.0000 14057.5342  4.35%   6.2 1032s
  8554  5950 13933.0000  322    - 13472.0000 14057.5342  4.35%   6.2 1041s
  8581  5964 13933.0000  322    - 13472.0000 14057.5342  4.35%   6.2 1052s
  8588  5964 13942.0000  302    - 13472.0000 14057.5342  4.35%   6.2 1056s
  8607  5976 13933.0000  322    - 13472.0000 14057.5342  4.35%   6.2 1063s
  8631  5984 13933.0000  322    - 13472.0000 14057.5342  4.35%   6.2 1075s
  8651  5986 13933.0000  322    - 13472.0000 14057.5342  4.35%   6.2 1084s
  8653  5987 14013.9938   82  183 13472.0000 14057.5342  4.35%   6.2 1086s
  8664  5997 13933.0000  322    - 13472.0000 14057.5342  4.35%   6.2 1095s
  8683  6004 13933.0000  322    - 13472.0000 14057.5342  4.35%   6.3 1107s
  8701  6014 13933.0000  322    - 13472.0000 14057.5342  4.35%   6.3 1118s
  8721  6012 13933.0000  322    - 13472.0000 14057.5342  4.35%   6.3 1130s
  8728  6013 13973.5749  165  117 13472.0000 14057.5342  4.35%   6.3 1143s
  8729  6022 13933.0000  322    - 13472.0000 14057.5342  4.35%   6.3 1148s
  8734  6022 13942.0000  302    - 13472.0000 14057.5342  4.35%   6.3 1152s
  8748  6038 13933.0000  322    - 13472.0000 14057.5342  4.35%   6.3 1162s
  8773  6043 13933.0000  322    - 13472.0000 14057.5342  4.35%   6.4 1174s
  8791  6057 13933.0000  322    - 13472.0000 14057.5342  4.35%   6.4 1186s
  8798  6057 13942.0000  302    - 13472.0000 14057.5342  4.35%   6.4 1190s
  8815  6066 13933.0000  322    - 13472.0000 14057.5342  4.35%   6.4 1198s
  8836  6079 13933.0000  322    - 13472.0000 14057.5342  4.35%   6.4 1210s
  8860  6090 13933.0000  322    - 13472.0000 14057.5342  4.35%   6.4 1220s
  8883  6103 13933.0000  322    - 13472.0000 14057.5342  4.35%   6.4 1232s
  8907  6113 13933.0000  322    - 13472.0000 14057.5342  4.35%   6.5 1244s
  8929  6116 13933.0000  322    - 13472.0000 14057.5342  4.35%   6.5 1304s
  8931  6118 14011.6938   84  182 13472.0000 14057.5342  4.35%   6.5 1306s
  8937  6119 13967.4056  177  100 13472.0000 14057.5342  4.35%   6.5 1313s
  8946  6116 13933.0000  322    - 13472.0000 14057.5342  4.35%   6.5 1319s
  8948  6117 14011.6938   84  182 13472.0000 14057.5342  4.35%   6.5 1322s
  8951  6118 13966.4738  178   99 13472.0000 14057.5342  4.35%   6.5 1328s
  8954  6132 13933.0000  322    - 13472.0000 14057.5342  4.35%   6.5 1334s
  8961  6132 13942.0000  302    - 13472.0000 14057.5342  4.35%   6.5 1338s
  8977  6136 13933.0000  322    - 13472.0000 14057.5342  4.35%   6.5 1347s
  8993  6144 13933.0000  322    - 13472.0000 14057.5342  4.35%   6.5 1368s
  9010  6155 13933.0000  322    - 13472.0000 14057.5342  4.35%   6.6 1381s
  9031  6152 13933.0000  322    - 13472.0000 14057.5342  4.35%   6.6 1393s
  9033  6154 14012.6938   83  183 13472.0000 14057.5342  4.35%   6.6 1395s
  9039  6169 13933.0000  322    - 13472.0000 14057.5342  4.35%   6.6 1406s
  9062  6179 13933.0000  322    - 13472.0000 14057.5342  4.35%   6.6 1418s
  9069  6179 13942.0000  302    - 13472.0000 14057.5342  4.35%   6.6 1422s
  9084  6178 13933.0000  322    - 13472.0000 14057.5342  4.35%   6.6 1434s
  9086  6179 14011.6938   84  182 13472.0000 14057.5342  4.35%   6.6 1436s
  9092  6177 13933.0000  322    - 13472.0000 14057.5342  4.35%   6.6 1445s
  9098  6180 13962.3154  189   84 13472.0000 14057.5342  4.35%   6.7 1455s
  9101  6195 13933.0000  322    - 13472.0000 14057.5342  4.35%   6.7 1466s
  9108  6195 13942.0000  303    - 13472.0000 14057.5342  4.35%   6.7 1470s
  9125  6202 13933.0000  322    - 13472.0000 14057.5342  4.35%   6.7 1479s
  9132  6202 13942.0000  303    - 13472.0000 14057.5342  4.35%   6.7 1483s
  9144  6214 13933.0000  322    - 13472.0000 14057.5342  4.35%   6.7 1491s
  9150  6214 13942.0000  303    - 13472.0000 14057.5342  4.35%   6.7 1496s
  9166  6221 13933.0000  322    - 13472.0000 14057.5342  4.35%   6.7 1504s
  9172  6221 13942.0000  303    - 13472.0000 14057.5342  4.35%   6.7 1508s
  9185  6220 13933.0000  322    - 13472.0000 14057.5342  4.35%   6.7 1517s
  9192  6234 13933.0000  322    - 13472.0000 14057.5342  4.35%   6.7 1527s
  9199  6233 13942.0000  303    - 13472.0000 14057.5342  4.35%   6.7 1531s
  9213  6243 13933.0000  322    - 13472.0000 14057.5342  4.35%   6.7 1540s
  9233  6257 13933.0000  322    - 13472.0000 14057.5342  4.35%   6.8 1553s
  9240  6256 13942.0000  303    - 13472.0000 14057.5342  4.35%   6.8 1555s
  9256  6266 13933.0000  322    - 13472.0000 14057.5342  4.35%   6.8 1564s
  9264  6266 13942.0000  303    - 13472.0000 14057.5342  4.35%   6.8 1568s
  9278  6275 13933.0000  322    - 13472.0000 14057.5342  4.35%   6.8 1577s
  9286  6274 13942.0000  303    - 13472.0000 14057.5342  4.35%   6.8 1581s
  9298  6288 13933.0000  322    - 13472.0000 14057.5342  4.35%   6.8 1589s
  9320  6300 13933.0000  322    - 13472.0000 14057.5342  4.35%   6.8 1600s
  9342  6311 13933.0000  322    - 13472.0000 14057.5342  4.35%   6.8 1612s
  9350  6310 13942.0000  303    - 13472.0000 14057.5342  4.35%   6.8 1616s
  9365  6321 13933.0000  322    - 13472.0000 14057.5342  4.35%   6.8 1624s
  9372  6320 13942.0000  303    - 13472.0000 14057.5342  4.35%   6.8 1627s
  9385  6318 13933.0000  322    - 13472.0000 14057.5342  4.35%   6.8 1635s
  9392  6333 13933.0000  322    - 13472.0000 14057.5342  4.35%   6.9 1653s
  9414  6344 13933.0000  322    - 13472.0000 14057.5342  4.35%   6.9 1666s
  9421  6343 13942.0000  303    - 13472.0000 14057.5342  4.35%   6.9 1671s
  9436  6352 13933.0000  322    - 13472.0000 14057.5342  4.35%   6.9 1680s
  9456  6367 13933.0000  322    - 13472.0000 14057.5342  4.35%   6.9 1693s
  9462  6366 13942.0000  303    - 13472.0000 14057.5342  4.35%   6.9 1695s
  9479  6376 13933.0000  322    - 13472.0000 14057.5342  4.35%   6.9 1705s
  9501  6386 13933.0000  322    - 13472.0000 14057.5342  4.35%   6.9 1719s
  9522  6384 13933.0000  322    - 13472.0000 14057.5342  4.35%   6.9 1732s
  9524  6384 13942.0000  303    - 13472.0000 14057.5342  4.35%   6.9 1736s
  9529  6402 13933.0000  322    - 13472.0000 14057.5342  4.35%   7.0 1751s
  9536  6402 13942.0000  303    - 13472.0000 14057.5342  4.35%   7.0 1755s
  9555  6413 13933.0000  322    - 13472.0000 14057.5342  4.35%   7.0 1765s
  9578  6424 13933.0000  322    - 13472.0000 14057.5342  4.35%   7.0 1778s
  9585  6424 13942.0000  303    - 13472.0000 14057.5342  4.35%   7.0 1783s
  9601  6434 13933.0000  322    - 13472.0000 14057.5342  4.35%   7.0 1793s
  9608  6434 13942.0000  303    - 13472.0000 14057.5342  4.35%   7.0 1797s
  9623  6431 13933.0000  322    - 13472.0000 14057.5342  4.35%   7.0 1866s
  9628  6433 13957.1488  201   72 13472.0000 14057.5342  4.35%   7.0 1874s
  9629  6433 13960.6088  194   82 13472.0000 14057.5342  4.35%   7.0 1876s
  9631  6432 13933.0000  322    - 13472.0000 14057.5342  4.35%   7.0 1887s
  9636  6435 13957.1488  201   72 13472.0000 14057.5342  4.35%   7.0 1897s
  9638  6434 13956.9642  207   75 13472.0000 14057.5342  4.35%   7.0 1902s
  9639  6448 13933.0000  322    - 13472.0000 14057.5342  4.35%   7.1 1910s
  9661  6455 13933.0000  322    - 13472.0000 14057.5342  4.35%   7.1 1925s
  9667  6455 13942.0000  303    - 13472.0000 14057.5342  4.35%   7.1 1932s
  9680  6464 13933.0000  322    - 13472.0000 14057.5342  4.35%   7.1 1946s
  9699  6479 13933.0000  322    - 13472.0000 14057.5342  4.35%   7.1 1962s
  9710  6482 13960.4821  194   77 13472.0000 14057.5342  4.35%   7.1 1966s
  9717  6493 13933.0000  322    - 13472.0000 14057.5342  4.35%   7.1 1974s
  9724  6495 13942.0000  303    - 13472.0000 14057.5342  4.35%   7.1 1979s
  9736  6510 13933.0000  322    - 13472.0000 14057.5342  4.35%   7.1 1989s
  9743  6512 13942.0000  303    - 13472.0000 14057.5342  4.35%   7.1 1993s
  9757  6526 13933.0000  322    - 13472.0000 14057.5342  4.35%   7.2 2003s
  9763  6528 13942.0000  303    - 13472.0000 14057.5342  4.35%   7.2 2007s
  9777  6541 13933.0000  322    - 13472.0000 14057.5342  4.35%   7.2 2018s
  9796  6545 13933.0000  322    - 13472.0000 14057.5342  4.35%   7.2 2032s
  9802  6549 13959.9821  195   79 13472.0000 14057.5342  4.35%   7.2 2043s
  9804  6563 13933.0000  322    - 13472.0000 14057.5342  4.35%   7.2 2053s
  9811  6565 13942.0000  303    - 13472.0000 14057.5342  4.35%   7.2 2057s
  9826  6583 13933.0000  322    - 13472.0000 14057.5342  4.35%   7.2 2068s
  9832  6584 13942.0000  303    - 13472.0000 14057.5342  4.35%   7.2 2070s
  9848  6596 13933.0000  322    - 13472.0000 14057.5342  4.35%   7.2 2081s
  9853  6598 13942.0000  303    - 13472.0000 14057.5342  4.35%   7.2 2085s
  9866  6610 13933.0000  322    - 13472.0000 14057.5342  4.35%   7.2 2096s
  9871  6612 13942.0000  303    - 13472.0000 14057.5342  4.35%   7.3 2100s
  9884  6627 13933.0000  322    - 13472.0000 14057.5342  4.35%   7.3 2111s
  9903  6630 13933.0000  322    - 13472.0000 14057.5342  4.35%   7.3 2123s
  9905  6632 14007.2438   88  177 13472.0000 14057.5342  4.35%   7.3 2125s
  9911  6644 13933.0000  322    - 13472.0000 14057.5342  4.35%   7.3 2140s
  9929  6660 13933.0000  322    - 13472.0000 14057.5342  4.35%   7.3 2155s
  9949  6675 13933.0000  322    - 13472.0000 14057.5342  4.35%   7.3 2170s
  9968  6693 13933.0000  322    - 13472.0000 14057.5342  4.35%   7.3 2185s
  9990  6710 13933.0000  322    - 13472.0000 14057.5342  4.35%   7.3 2200s
 10011  6733 13933.0000  322    - 13472.0000 14057.5342  4.35%   7.4 2215s
 10034  6743 13933.0000  322    - 13472.0000 14057.5342  4.35%   7.4 2225s
 10050  6762 13933.0000  322    - 13472.0000 14057.5342  4.35%   7.4 2249s
 10073  6778 13933.0000  322    - 13472.0000 14057.5342  4.35%   7.4 2264s
 10077  6779 13942.0000  303    - 13472.0000 14057.5342  4.35%   7.4 2266s
 10091  6781 13933.0000  322    - 13472.0000 14057.5342  4.35%   7.4 2276s
 10099  6800 13933.0000  322    - 13472.0000 14057.5342  4.35%   7.4 2292s
 10122  6818 13933.0000  322    - 13472.0000 14057.5342  4.35%   7.4 2308s
 10144  6838 13933.0000  322    - 13472.0000 14057.5342  4.35%   7.5 2323s
 10168  6853 13933.0000  322    - 13472.0000 14057.5342  4.35%   7.5 2339s
 10187  6868 13933.0000  322    - 13472.0000 14057.5342  4.35%   7.5 2354s
 10206  6881 13933.0000  322    - 13472.0000 14057.5342  4.35%   7.5 2370s
 10223  6895 13933.0000  322    - 13472.0000 14057.5342  4.35%   7.5 2385s
 10241  6912 13933.0000  322    - 13472.0000 14057.5342  4.35%   7.5 2410s
 10262  6933 13933.0000  322    - 13472.0000 14057.5342  4.35%   7.5 2427s
 10270  6935 13942.0000  303    - 13472.0000 14057.5342  4.35%   7.5 2431s
 10287  6937 13933.0000  322    - 13472.0000 14057.5342  4.35%   7.5 2442s
 10295  6957 13933.0000  322    - 13472.0000 14057.5342  4.35%   7.6 2458s
 10319  6977 13933.0000  322    - 13472.0000 14057.5342  4.35%   7.6 2475s
 10343  6993 13933.0000  322    - 13472.0000 14057.5342  4.35%   7.6 2491s
 10363  7014 13933.0000  322    - 13472.0000 14057.5342  4.35%   7.6 2507s
 10373  7016 13942.0000  303    - 13472.0000 14057.5342  4.35%   7.6 2511s
 10388  7040 13933.0000  322    - 13472.0000 14057.5342  4.35%   7.6 2523s
 10403  7042 13942.0000  303    - 13472.0000 14057.5342  4.35%   7.6 2527s
 10418  7049 13933.0000  322    - 13472.0000 14057.5342  4.35%   7.6 2539s
 10424  7051 13942.0000  303    - 13472.0000 14057.5342  4.35%   7.6 2545s
 10431  7067 13933.0000  322    - 13472.0000 14057.5342  4.35%   7.6 2562s
 10453  7086 13933.0000  322    - 13472.0000 14057.5342  4.35%   7.6 2579s
 10476  7107 13933.0000  322    - 13472.0000 14057.5342  4.35%   7.7 2595s
 10481  7109 13942.0000  303    - 13472.0000 14057.5342  4.35%   7.7 2600s
 10501  7117 13933.0000  322    - 13472.0000 14057.5342  4.35%   7.7 2612s
 10515  7136 13933.0000  322    - 13472.0000 14057.5342  4.35%   7.7 2635s
 10538  7156 13933.0000  322    - 13472.0000 14057.5342  4.35%   7.7 2652s
 10547  7158 13942.0000  303    - 13472.0000 14057.5342  4.35%   7.7 2656s
 10562  7177 13933.0000  322    - 13472.0000 14057.5342  4.35%   7.7 2669s
 10587  7182 13933.0000  322    - 13472.0000 14057.5342  4.35%   7.7 2685s
 10596  7200 13933.0000  322    - 13472.0000 14057.5342  4.35%   7.7 2704s
 10603  7202 13942.0000  303    - 13472.0000 14057.5342  4.35%   7.7 2708s
 10618  7220 13933.0000  322    - 13472.0000 14057.5342  4.35%   7.8 2721s
 10642  7242 13933.0000  322    - 13472.0000 14057.5342  4.35%   7.8 2738s
 10668  7258 13933.0000  322    - 13472.0000 14057.5342  4.35%   7.8 2755s
 10688  7282 13933.0000  322    - 13472.0000 14057.5342  4.35%   7.8 2774s
 10698  7284 13942.0000  303    - 13472.0000 14057.5342  4.35%   7.8 2778s
 10705  7286 13954.9821  206   69 13472.0000 14057.5342  4.35%   7.8 2783s
 10716  7286 13933.0000  322    - 13472.0000 14057.5342  4.35%   7.8 2896s
 10718  7288 13977.2344  157  112 13472.0000 14057.5342  4.35%   7.8 2900s
 10723  7290 13949.2309  220   70 13472.0000 14057.5342  4.35%   7.8 2911s
 10724  7296 13933.0000  322    - 13472.0000 14057.5342  4.35%   7.8 2921s
 10736  7317 13933.0000  322    - 13472.0000 14057.5342  4.35%   7.8 2937s
 10744  7319 13942.0000  303    - 13472.0000 14057.5342  4.35%   7.8 2944s
 10762  7343 13933.0000  322    - 13472.0000 14057.5342  4.35%   7.8 2960s
 10792  7355 13933.0000  322    - 13472.0000 14057.5342  4.35%   7.8 2977s
 10808  7375 13933.0000  322    - 13472.0000 14057.5342  4.35%   7.9 2998s
 10832  7394 13933.0000  322    - 13472.0000 14057.5342  4.35%   7.9 3016s
 10838  7396 13942.0000  303    - 13472.0000 14057.5342  4.35%   7.9 3020s
 10855  7410 13933.0000  322    - 13472.0000 14057.5342  4.35%   7.9 3033s
 10875  7420 13933.0000  322    - 13472.0000 14057.5342  4.35%   7.9 3051s
 10889  7442 13933.0000  322    - 13472.0000 14057.5342  4.35%   7.9 3070s
 10915  7456 13933.0000  322    - 13472.0000 14057.5342  4.35%   7.9 3087s
 10920  7458 13942.0000  303    - 13472.0000 14057.5342  4.35%   7.9 3093s
 10933  7476 13933.0000  322    - 13472.0000 14057.5342  4.35%   7.9 3113s
 10938  7477 13942.0000  303    - 13472.0000 14057.5342  4.35%   7.9 3115s
 10955  7486 13933.0000  322    - 13472.0000 14057.5342  4.35%   7.9 3128s
 10961  7488 13942.0000  303    - 13472.0000 14057.5342  4.35%   7.9 3132s
 10970  7507 13933.0000  322    - 13472.0000 14057.5342  4.35%   7.9 3146s
 10993  7516 13933.0000  322    - 13472.0000 14057.5342  4.35%   8.0 3162s
 11007  7540 13933.0000  322    - 13472.0000 14057.5342  4.35%   8.0 3188s
 11035  7550 13933.0000  322    - 13472.0000 14057.5342  4.35%   8.0 3205s
 11049  7557 13933.0000  322    - 13472.0000 14057.5342  4.35%   8.0 3225s
 11058  7578 13933.0000  322    - 13472.0000 14057.5342  4.35%   8.0 3242s
 11067  7580 13942.0000  303    - 13472.0000 14057.5342  4.35%   8.0 3246s
 11084  7590 13933.0000  322    - 13472.0000 14057.5342  4.35%   8.0 3259s
 11088  7592 13942.0000  303    - 13472.0000 14057.5342  4.35%   8.0 3265s
 11100  7610 13933.0000  322    - 13472.0000 14057.5342  4.35%   8.0 3286s
 11122  7621 13933.0000  322    - 13472.0000 14057.5342  4.35%   8.0 3302s

Cutting planes:
  Lazy constraints: 82166

Explored 11138 nodes (91375 simplex iterations) in 3601.26 seconds
Thread count was 12 (of 12 available processors)

Solution count 2: 13472 13467 

Time limit reached
Best objective 1.347200000000e+04, best bound 1.405700000000e+04, gap 4.3423%

User-callback calls 207257, time in user-callback 2066.54 sec

Gurobi 9.1.2 (win64) logging started Mon Sep 27 03:23:46 2021

Changed value of parameter LogFile to ../results/logs/log_samuel_kroger_2021_09_27_01_23_35.csv_4_250.log
   Prev:   Default: 
Changed value of parameter method to 3
   Prev: -1  Min: -1  Max: 5  Default: -1
Changed value of parameter lazyConstraints to 1
   Prev: 0  Min: 0  Max: 1  Default: 0
Gurobi Optimizer version 9.1.2 build v9.1.2rc0 (win64)
Thread count: 6 physical cores, 12 logical processors, using up to 12 threads
Optimize a model with 7862 rows, 24016 columns and 33326 nonzeros
Model fingerprint: 0xc33c7eee
Variable types: 12008 continuous, 12008 integer (12008 binary)
Coefficient statistics:
  Matrix range     [1e+00, 4e+00]
  Objective range  [1e+00, 1e+00]
  Bounds range     [1e+00, 1e+00]
  RHS range        [1e+00, 3e+02]
Found heuristic solution: objective 6591.0000000
Presolve removed 6591 rows and 17964 columns
Presolve time: 0.06s
Presolved: 1271 rows, 6052 columns, 9931 nonzeros
Variable types: 5417 continuous, 635 integer (635 binary)

Concurrent LP optimizer: primal simplex, dual simplex, and barrier
Showing barrier log only...

Root barrier log...

Ordering time: 0.00s

Barrier statistics:
 AA' NZ     : 2.991e+03
 Factor NZ  : 5.682e+03 (roughly 3 MBytes of memory)
 Factor Ops : 3.901e+04 (less than 1 second per iteration)
 Threads    : 1

                  Objective                Residual
Iter       Primal          Dual         Primal    Dual     Compl     Time
   0   9.01464952e+03  6.80323780e+03  1.69e+04 7.26e-01  1.75e+00     1s
   1   8.32554953e+03  7.42173295e+03  4.70e+03 6.66e-16  4.58e-01     1s
   2   7.25160627e+03  7.30109173e+03  3.01e+02 4.44e-16  3.59e-02     1s

Barrier performed 2 iterations in 0.80 seconds
Barrier solve interrupted - model solved by another algorithm


Solved with dual simplex

Root relaxation: objective 7.041103e+03, 865 iterations, 0.02 seconds

    Nodes    |    Current Node    |     Objective Bounds      |     Work
 Expl Unexpl |  Obj  Depth IntInf | Incumbent    BestBd   Gap | It/Node Time

     0     0 7041.10303    0  139 6591.00000 7041.10303  6.83%     -    0s
     0     0 7041.10303    0  139 6591.00000 7041.10303  6.83%     -    8s
     0     2 7041.10303    0  138 6591.00000 7041.10303  6.83%     -    8s
    41    54 7037.81136    9  140 6591.00000 7040.59470  6.82%   3.2   12s
    76    83 7035.47803   14  136 6591.00000 7040.59470  6.82%   3.5   17s
   189   208 7029.41659   28  128 6591.00000 7040.59470  6.82%   3.4   21s
   246   274 7026.30025   36  111 6591.00000 7040.59470  6.82%   3.2   25s
   309   318 7021.87904   47   94 6591.00000 7040.59470  6.82%   3.2   30s
   563   575 7003.74571   72   73 6591.00000 7040.59470  6.82%   3.1   35s
   888   921 6984.77778  117   27 6591.00000 7040.59470  6.82%   2.8   40s
  1110  1139 6975.00000  147    - 6591.00000 7040.59470  6.82%   3.1   45s
  1172  1174 6973.25000  148    7 6591.00000 7040.59470  6.82%   3.3   52s
  1182  1175 6978.00000  144    - 6591.00000 7040.59470  6.82%   3.4   55s
  1218  1202 6973.00000  153    - 6591.00000 7040.59470  6.82%   4.0   62s
  1228  1206 6973.00000  153    - 6591.00000 7040.59470  6.82%   4.2   66s
  1241  1210 6978.00000  149    - 6591.00000 7040.59470  6.82%   4.6   72s
  1255  1218 6973.00000  153    - 6591.00000 7040.59470  6.82%   5.1   79s
  1258  1220 6978.00000  148    5 6591.00000 7040.59470  6.82%   5.2   81s
  1264  1221 6978.00000  149    - 6591.00000 7040.59470  6.82%   5.5   85s
  1268  1219 6973.00000  153    - 6591.00000 7040.59470  6.82%   5.6   90s
  1274  1222 6973.00000  153    - 6591.00000 7040.59470  6.82%   5.9   95s
  1280  1222 6973.00000  153    - 6591.00000 7040.59470  6.82%   6.2  100s
  1286  1227 6973.00000  153    - 6591.00000 7040.59470  6.82%   6.5  105s
  1298  1232 6973.00000  154    - 6591.00000 7040.59470  6.82%   7.1  114s
  1304  1234 6973.00000  154    - 6591.00000 7040.59470  6.82%   7.4  119s
  1305  1235 6971.00000  154    4 6591.00000 7040.59470  6.82%   7.5  120s
  1314  1241 6977.50000  148    2 6591.00000 7040.59470  6.82%   7.9  127s
  1322  1243 6973.00000  155    6 6591.00000 7040.59470  6.82%   8.3  134s
  1326  1245 6977.00000  150    6 6591.00000 7040.59470  6.82%   8.5  137s
  1331  1245 6978.00000  153    6 6591.00000 7040.59470  6.82%   8.8  141s
  1337  1248 6978.00000  152    - 6591.00000 7040.59470  6.82%   9.1  146s
  1343  1248 6978.00000  154    - 6591.00000 7040.59470  6.82%   9.4  151s
  1352  1250 6973.00000  157    - 6591.00000 7040.59470  6.82%   9.9  159s
  1355  1253 6978.00000  154    - 6591.00000 7040.59470  6.82%  10.0  161s
  1362  1259 6977.00000  152    7 6591.00000 7040.59470  6.82%  10.4  167s
  1364  1261 6973.00000  157    4 6591.00000 7040.59470  6.82%  10.5  170s
  1370  1261 6973.00000  158    - 6591.00000 7040.59470  6.82%  10.8  175s
  1376  1263 6973.00000  158    - 6591.00000 7040.59470  6.82%  11.1  180s
  1382  1267 6973.00000  158    - 6591.00000 7040.59470  6.82%  11.5  186s
  1388  1268 6973.00000  158    - 6591.00000 7040.59470  6.82%  11.8  191s
  1394  1274 6973.00000  158    - 6591.00000 7040.59470  6.82%  12.1  197s
  1398  1276 6977.00000  153    9 6591.00000 7040.59470  6.82%  12.3  200s
  1406  1279 6973.00000  158    - 6591.00000 7040.59470  6.82%  12.8  207s
  1412  1279 6973.00000  158    4 6591.00000 7040.59470  6.82%  13.1  211s
  1418  1285 6973.00000  158    4 6591.00000 7040.59470  6.82%  13.4  218s
  1422  1287 6977.00000  155   12 6591.00000 7040.59470  6.82%  13.7  220s
  1427  1289 6978.00000  156    6 6591.00000 7040.59470  6.82%  13.9  225s
  1436  1295 6973.00000  160    - 6591.00000 7040.59470  6.82%  14.4  232s
  1442  1295 6973.00000  159    4 6591.00000 7040.59470  6.82%  14.6  237s
  1446  1298 6977.00000  158   10 6591.00000 7040.59470  6.82%  14.8  240s
  1451  1300 6978.00000  158    - 6591.00000 7040.59470  6.82%  15.1  245s
  1457  1303 6978.00000  158    9 6591.00000 7040.59470  6.82%  15.4  250s
  1464  1306 6977.00000  160    7 6591.00000 7040.59470  6.82%  15.8  256s
  1469  1311 6978.00000  158    4 6591.00000 7040.59470  6.82%  16.1  261s
  1472  1309 6973.00000  160    - 6591.00000 7040.59470  6.82%  16.3  265s
  1478  1319 6973.00000  161    4 6591.00000 7040.59470  6.82%  16.7  270s
  1484  1317 6973.00000  161    - 6591.00000 7040.59470  6.82%  17.0  276s
  1490  1323 6973.00000  162    7 6591.00000 7040.59470  6.82%  17.3  282s
  1496  1327 6973.00000  162    5 6591.00000 7040.59470  6.82%  17.6  287s
  1499  1327 6978.00000  161    - 6591.00000 7040.59470  6.82%  17.8  290s
  1507  1332 6976.00000  160    7 6591.00000 7040.59470  6.82%  18.2  297s
  1508  1332 6973.00000  163    4 6591.00000 7040.59470  6.82%  18.2  300s
  1514  1337 6973.00000  163    - 6591.00000 7040.59470  6.82%  18.5  306s
  1519  1339 6976.00000  159    8 6591.00000 7040.59470  6.82%  18.8  310s
  1526  1344 6973.00000  164    6 6591.00000 7040.59470  6.82%  19.2  317s
  1532  1344 6973.00000  165    - 6591.00000 7040.59470  6.82%  19.5  323s
  1534  1345 6977.00000  161    - 6591.00000 7040.59470  6.82%  19.5  325s
  1541  1351 6978.00000  163    9 6591.00000 7040.59470  6.82%  19.9  331s
  1544  1349 6973.00000  165    - 6591.00000 7040.59470  6.82%  20.0  335s
  1550  1351 6973.00000  165    - 6591.00000 7040.59470  6.82%  20.3  341s
  1556  1357 6973.00000  165    5 6591.00000 7040.59470  6.82%  20.7  350s
  1562  1359 6973.00000  166    7 6591.00000 7040.59470  6.82%  21.0  359s
  1566  1362 6977.00000  166    9 6591.00000 7040.59470  6.82%  21.3  362s
  1568  1366 6973.00000  166    5 6591.00000 7040.59470  6.82%  21.4  365s
  1574  1369 6973.00000  167    7 6591.00000 7040.59470  6.82%  21.9  372s
  1578  1371 6977.00000  167    4 6591.00000 7040.59470  6.82%  22.2  375s
  1580  1377 6973.00000  167    7 6591.00000 7040.59470  6.82%  22.3  380s
  1586  1379 6973.00000  168    - 6591.00000 7040.59470  6.82%  22.6  386s
  1592  1385 6973.00000  168    - 6591.00000 7040.59470  6.82%  23.0  391s
  1598  1392 6973.00000  168    9 6591.00000 7040.59470  6.82%  23.5  397s
  1604  1398 6973.00000  168    6 6591.00000 7040.59470  6.82%  23.9  404s
  1607  1398 6978.00000  168   10 6591.00000 7040.59470  6.82%  24.0  406s
  1610  1402 6973.00000  169    7 6591.00000 7040.59470  6.82%  24.3  410s
  1616  1405 6973.00000  169    - 6591.00000 7040.59470  6.82%  24.7  419s
  1619  1407 6978.00000  169   15 6591.00000 7040.59470  6.82%  24.9  420s
  1623  1411 6971.00000  172    9 6591.00000 7040.59470  6.82%  25.2  425s
  1628  1416 6973.00000  170    7 6591.00000 7040.59470  6.82%  25.5  430s
  1634  1423 6973.00000  170    4 6591.00000 7040.59470  6.82%  26.0  436s
  1640  1429 6973.00000  171    7 6591.00000 7040.59470  6.82%  26.4  442s
  1645  1429 6976.00000  167    6 6591.00000 7040.59470  6.82%  26.6  445s
  1652  1433 6973.00000  172    4 6591.00000 7040.59470  6.82%  26.9  457s
  1658  1438 6973.00000  173    - 6591.00000 7040.59470  6.82%  27.5  468s
  1661  1440 6978.00000  173   11 6591.00000 7040.59470  6.82%  27.7  470s
  1665  1446 6971.00000  175   14 6591.00000 7040.59470  6.82%  27.9  475s
  1670  1450 6973.00000  173    - 6591.00000 7040.59470  6.82%  28.2  483s
  1673  1451 6978.00000  174   13 6591.00000 7040.59470  6.82%  28.8  485s
  1679  1456 6978.00000  175    9 6591.00000 7040.59470  6.82%  29.1  492s
  1682  1460 6973.00000  174    6 6591.00000 7040.59470  6.82%  29.3  497s
  1688  1465 6973.00000  175    - 6591.00000 7040.59470  6.82%  29.8  507s
  1694  1472 6973.00000  175    7 6591.00000 7040.59470  6.82%  30.5  514s
  1695  1472 6971.00000  178   11 6591.00000 7040.59470  6.82%  30.6  515s
  1700  1474 6973.00000  175    - 6591.00000 7040.59470  6.82%  31.0  521s
  1706  1480 6973.00000  175    7 6591.00000 7040.59470  6.82%  31.3  528s
  1711  1481 6976.00000  171   15 6591.00000 7040.59470  6.82%  31.7  531s
  1712  1485 6973.00000  176    8 6591.00000 7040.59470  6.82%  31.8  535s
  1718  1490 6973.00000  177    9 6591.00000 7040.59470  6.82%  32.5  541s
  1724  1493 6973.00000  177   10 6591.00000 7040.59470  6.82%  32.8  547s
  1730  1499 6973.00000  178   10 6591.00000 7040.59470  6.82%  33.1  555s
  1736  1506 6973.00000  178    4 6591.00000 7040.59470  6.82%  33.6  563s
  1742  1508 6973.00000  179    8 6591.00000 7040.59470  6.82%  34.3  569s
  1747  1510 6976.00000  173   13 6591.00000 7040.59470  6.82%  34.5  572s
  1748  1514 6973.00000  179    2 6591.00000 7040.59470  6.82%  34.6  575s
  1754  1519 6973.00000  180    6 6591.00000 7040.59470  6.82%  34.9  582s
  1759  1520 6976.00000  174   17 6591.00000 7040.59470  6.82%  35.2  586s
  1760  1524 6973.00000  181    4 6591.00000 7040.59470  6.82%  35.2  593s
  1765  1525 6976.00000  174   13 6591.00000 7040.59470  6.82%  35.6  597s
  1766  1531 6973.00000  182    8 6591.00000 7040.59470  6.82%  35.7  600s
  1772  1535 6973.00000  182    8 6591.00000 7040.59470  6.82%  36.0  607s
  1778  1536 6973.00000  183   10 6591.00000 7040.59470  6.82%  36.6  620s
  1784  1543 6973.00000  183   12 6591.00000 7040.59470  6.82%  37.5  629s
  1785  1543 6971.00000  186    5 6591.00000 7040.59470  6.82%  37.7  630s
  1790  1550 6973.00000  184   11 6591.00000 7040.59470  6.82%  38.2  638s
  1795  1550 6976.00000  177   11 6591.00000 7040.59470  6.82%  38.8  641s
  1796  1554 6973.00000  184   12 6591.00000 7040.59470  6.82%  39.0  649s
  1802  1557 6973.00000  185    8 6591.00000 7040.59470  6.82%  39.5  656s
  1808  1565 6973.00000  186    7 6591.00000 7040.59470  6.82%  40.3  664s
  1814  1569 6973.00000  187    6 6591.00000 7040.59470  6.82%  40.6  674s
  1815  1569 6971.00000  189   13 6591.00000 7040.59470  6.82%  40.7  675s
  1820  1574 6973.00000  187   10 6591.00000 7040.59470  6.82%  41.4  683s
  1825  1575 6976.00000  180    8 6591.00000 7040.59470  6.82%  42.0  686s
  1826  1579 6973.00000  188    6 6591.00000 7040.59470  6.82%  42.0  694s
  1831  1580 6976.00000  180    5 6591.00000 7040.59470  6.82%  42.8  696s
  1832  1582 6973.00000  188   14 6591.00000 7040.59470  6.82%  42.8  700s
  1838  1588 6973.00000  189   14 6591.00000 7040.59470  6.82%  43.2  712s
  1844  1593 6973.00000  189   11 6591.00000 7040.59470  6.82%  43.5  722s
  1850  1596 6973.00000  190    9 6591.00000 7040.59470  6.82%  44.2  770s
  1856  1598 6973.00000  190    - 6591.00000 7040.59470  6.82%  44.5  782s
  1862  1605 6973.00000  190    8 6591.00000 7040.59470  6.82%  44.9  789s
  1868  1608 6973.00000  191   13 6591.00000 7040.59470  6.82%  45.3  796s
  1874  1612 6973.00000  191   17 6591.00000 7040.59470  6.82%  45.8  805s
  1880  1620 6973.00000  192   15 6591.00000 7040.59470  6.82%  46.4  813s
  1886  1626 6973.00000  192   11 6591.00000 7040.59470  6.82%  47.2  821s
  1892  1630 6973.00000  193   19 6591.00000 7040.59470  6.82%  47.9  825s
  1898  1637 6973.00000  194   15 6591.00000 7040.59470  6.82%  47.9  834s
  1899  1637 6971.00000  198    7 6591.00000 7040.59470  6.82%  48.0  835s
  1904  1641 6973.00000  195   17 6591.00000 7040.59470  6.82%  48.3  845s
  1910  1646 6973.00000  196    6 6591.00000 7040.59470  6.82%  48.9  852s
  1916  1649 6973.00000  197    6 6591.00000 7040.59470  6.82%  49.1  859s
  1918  1650 6977.00000  193   12 6591.00000 7040.59470  6.82%  49.2  861s
  1922  1655 6973.00000  197    6 6591.00000 7040.59470  6.82%  49.3  867s
  1928  1658 6973.00000  198    9 6591.00000 7040.59470  6.82%  49.5  874s
  1930  1659 6977.00000  194   15 6591.00000 7040.59470  6.82%  49.6  875s
  1934  1666 6973.00000  198    7 6591.00000 7040.59470  6.82%  49.7  886s
  1940  1668 6973.00000  199   11 6591.00000 7040.59470  6.82%  50.3  891s
  1946  1670 6973.00000  199    - 6591.00000 7040.59470  6.82%  50.4  899s
  1947  1671 6971.00000  200   11 6591.00000 7040.59470  6.82%  50.4  900s
  1952  1675 6973.00000  199    - 6591.00000 7040.59470  6.82%  50.6  913s
  1955  1677 6978.00000  198    6 6591.00000 7040.59470  6.82%  50.8  915s
  1958  1681 6973.00000  199   13 6591.00000 7040.59470  6.82%  50.9  920s
  1964  1680 6973.00000  200   14 6591.00000 7040.59470  6.82%  51.0  928s
  1970  1686 6973.00000  201   11 6591.00000 7040.59470  6.82%  51.2  937s
  1976  1692 6973.00000  202   12 6591.00000 7040.59470  6.82%  51.4  945s
  1982  1695 6973.00000  203    - 6591.00000 7040.59470  6.82%  51.7  952s
  1988  1703 6973.00000  203   11 6591.00000 7040.59470  6.82%  51.8  960s
  1994  1705 6973.00000  204   11 6591.00000 7040.59470  6.82%  52.0  968s
  2000  1711 6973.00000  205   10 6591.00000 7040.59470  6.82%  52.2  976s
  2006  1716 6973.00000  206    9 6591.00000 7040.59470  6.82%  52.5  984s
  2012  1719 6973.00000  206    6 6591.00000 7040.59470  6.82%  52.9  992s
  2018  1723 6973.00000  207   12 6591.00000 7040.59470  6.82%  53.2  999s
  2021  1724 6978.00000  201    6 6591.00000 7040.59470  6.82%  53.3 1001s
  2024  1725 6973.00000  207   11 6591.00000 7040.59470  6.82%  53.4 1007s
  2030  1732 6973.00000  208   13 6591.00000 7040.59470  6.82%  53.6 1015s
  2036  1734 6973.00000  208    - 6591.00000 7040.59470  6.82%  53.9 1023s
  2043  1741 6973.00000  208    6 6591.00000 7040.59470  6.82%  54.1 1039s
  2046  1742 6978.00000  204    4 6591.00000 7040.59470  6.82%  54.2 1041s
  2049  1746 6973.00000  209    - 6591.00000 7040.59470  6.82%  54.3 1047s
  2055  1748 6973.00000  209    8 6591.00000 7040.59470  6.82%  54.5 1052s
  2064  1756 6973.00000  209    4 6591.00000 7040.59470  6.82%  54.6 1059s
  2072  1760 6973.00000  210    9 6591.00000 7040.59470  6.82%  54.6 1067s
  2075  1761 6978.00000  205    6 6591.00000 7040.59470  6.82%  54.6 1070s
  2078  1762 6973.00000  211    8 6591.00000 7040.59470  6.82%  54.7 1077s
  2081  1764 6978.00000  205    7 6591.00000 7040.59470  6.82%  54.9 1080s
  2084  1767 6973.00000  212    3 6591.00000 7040.59470  6.82%  54.9 1086s
  2090  1771 6973.00000  213    - 6591.00000 7040.59470  6.82%  55.0 1097s
  2095  1773 6976.00000  201    7 6591.00000 7040.59470  6.82%  55.4 1101s
  2096  1773 6973.00000  213    6 6591.00000 7040.59470  6.82%  55.5 1105s
  2102  1778 6973.00000  214    - 6591.00000 7040.59470  6.82%  55.6 1114s
  2108  1780 6973.00000  214    6 6591.00000 7040.59470  6.82%  55.8 1128s
  2111  1780 6978.00000  208    - 6591.00000 7040.59470  6.82%  55.9 1130s
  2114  1785 6973.00000  214    2 6591.00000 7040.59470  6.82%  56.4 1137s
  2120  1785 6973.00000  215    - 6591.00000 7040.59470  6.82%  56.6 1145s
  2126  1785 6973.00000  215    - 6591.00000 7040.59470  6.82%  56.7 1153s
  2129  1788 6978.00000  209    4 6591.00000 7040.59470  6.82%  56.8 1156s
  2132  1794 6973.00000  215    5 6591.00000 7040.59470  6.82%  56.9 1162s
  2138  1795 6973.00000  215    9 6591.00000 7040.59470  6.82%  57.0 1170s
  2144  1800 6973.00000  216    5 6591.00000 7040.59470  6.82%  57.1 1180s
  2150  1804 6973.00000  217   10 6591.00000 7040.59470  6.82%  57.4 1190s
  2156  1810 6973.00000  218    9 6591.00000 7040.59470  6.82%  57.6 1199s
  2162  1815 6973.00000  218    5 6591.00000 7040.59470  6.82%  57.7 1208s
  2167  1816 6976.00000  203    7 6591.00000 7040.59470  6.82%  57.9 1212s
  2168  1815 6973.00000  219    - 6591.00000 7040.59470  6.82%  57.9 1218s
  2172  1817 6977.00000  202    - 6591.00000 7040.59470  6.82%  58.0 1220s
  2175  1823 6973.00000  219    5 6591.00000 7040.59470  6.82%  58.1 1226s
  2181  1830 6973.00000  220    3 6591.00000 7040.59470  6.82%  58.2 1235s
  2187  1831 6973.00000  221    - 6591.00000 7040.59470  6.82%  58.5 1242s
  2194  1833 6973.00000  221    7 6591.00000 7040.59470  6.82%  58.6 1249s
  2201  1837 6973.00000  221    3 6591.00000 7040.59470  6.82%  58.6 1259s
  2202  1837 6971.00000  216    - 6591.00000 7040.59470  6.82%  58.7 1260s
  2207  1842 6973.00000  222    7 6591.00000 7040.59470  6.82%  58.8 1275s
  2215  1851 6973.00000  223    6 6591.00000 7040.59470  6.82%  58.8 1283s
  2225  1853 6973.00000  226    5 6591.00000 7040.59470  6.82%  58.9 1291s
  2231  1858 6973.00000  226    - 6591.00000 7040.59470  6.82%  59.0 1300s
  2237  1863 6973.00000  226    - 6591.00000 7040.59470  6.82%  59.2 1307s
  2244  1871 6973.00000  226    3 6591.00000 7040.59470  6.82%  59.3 1313s
  2258  1874 6973.00000  227    3 6591.00000 7040.59470  6.82%  59.1 1322s
  2263  1878 6977.00000  206    4 6591.00000 7040.59470  6.82%  59.1 1325s
  2265  1879 6973.00000  228    - 6591.00000 7040.59470  6.82%  59.1 1331s
  2274  1882 6973.00000  228    - 6591.00000 7040.59470  6.82%  59.2 1342s
  2281  1888 6973.00000  228    - 6591.00000 7040.59470  6.82%  59.3 1350s
  2287  1897 6973.00000  228    3 6591.00000 7040.59470  6.82%  59.5 1357s
  2297  1899 6976.00000  213    3 6591.00000 7040.59470  6.82%  59.4 1360s
  2298  1902 6973.00000  229    - 6591.00000 7040.59470  6.82%  59.4 1365s
  2305  1906 6973.00000  229    3 6591.00000 7040.59470  6.82%  59.5 1375s
  2311  1909 6973.00000  230    - 6591.00000 7040.59470  6.82%  59.6 1384s
  2318  1911 6973.00000  230    2 6591.00000 7040.59470  6.82%  59.7 1392s
  2327  1920 6973.00000  231    4 6591.00000 7040.59470  6.82%  59.7 1401s
  2333  1924 6973.00000  231    6 6591.00000 7040.59470  6.82%  59.8 1411s
  2340  1926 6973.00000  232    - 6591.00000 7040.59470  6.82%  60.0 1422s
  2350  1928 6973.00000  232    3 6591.00000 7040.59470  6.82%  60.0 1432s
  2361  1930 6973.00000  233    - 6591.00000 7040.59470  6.82%  60.1 1441s
  2368  1935 6973.00000  233    5 6591.00000 7040.59470  6.82%  60.1 1450s
  2375  1940 6973.00000  233    - 6591.00000 7040.59470  6.82%  60.2 1462s
  2382  1941 6973.00000  233    - 6591.00000 7040.59470  6.82%  60.3 1476s
  2387  1945 6976.00000  218   12 6591.00000 7040.59470  6.82%  60.8 1480s
  2388  1943 6973.00000  233    - 6591.00000 7040.59470  6.82%  60.8 1485s
  2396  1948 6973.00000  235    - 6591.00000 7040.59470  6.82%  61.0 1495s
  2404  1949 6973.00000  235    - 6591.00000 7040.59470  6.82%  61.1 1505s
  2411  1955 6973.00000  235    - 6591.00000 7040.59470  6.82%  61.2 1515s
  2418  1955 6973.00000  235    - 6591.00000 7040.59470  6.82%  61.3 1525s
  2427  1965 6973.00000  235    4 6591.00000 7040.59470  6.82%  61.3 1535s
  2433  1968 6973.00000  236    - 6591.00000 7040.59470  6.82%  61.4 1544s
  2438  1970 6978.00000  229    6 6591.00000 7040.59470  6.82%  61.4 1546s
  2441  1971 6973.00000  236    - 6591.00000 7040.59470  6.82%  61.4 1563s
  2443  1973 6977.00000  235    4 6591.00000 7040.59470  6.82%  61.5 1565s
  2447  1970 6973.00000  236    - 6591.00000 7040.59470  6.82%  61.6 1574s
  2452  1975 6976.00000  222    3 6591.00000 7040.59470  6.82%  61.7 1578s
  2453  1975 6973.00000  236    2 6591.00000 7040.59470  6.82%  61.7 1584s
  2455  1976 6977.00000  236    3 6591.00000 7040.59470  6.82%  61.7 1585s
  2459  1974 6973.00000  236    - 6591.00000 7040.59470  6.82%  61.8 1593s
  2462  1977 6978.00000  230    - 6591.00000 7040.59470  6.82%  61.8 1596s
  2465  1979 6973.00000  237    - 6591.00000 7040.59470  6.82%  61.9 1604s
  2470  1982 6977.00000  218    5 6591.00000 7040.59470  6.82%  61.9 1607s
  2473  1989 6973.00000  236    5 6591.00000 7040.59470  6.82%  62.0 1613s
  2479  1990 6973.00000  237    - 6591.00000 7040.59470  6.82%  62.1 1626s
  2486  1989 6973.00000  237    - 6591.00000 7040.59470  6.82%  62.3 1638s
  2490  1993 6977.00000  220    7 6591.00000 7040.59470  6.82%  62.4 1641s
  2492  1996 6973.00000  237    3 6591.00000 7040.59470  6.82%  62.5 1648s
  2495  1997 6978.00000  232    5 6591.00000 7040.59470  6.82%  62.6 1650s
  2498  1994 6973.00000  238    - 6591.00000 7040.59470  6.82%  62.6 1657s
  2504  2002 6973.00000  238    2 6591.00000 7040.59470  6.82%  62.8 1668s
  2508  2003 6978.00000  232    5 6591.00000 7040.59470  6.82%  62.8 1670s
  2511  2005 6973.00000  239    - 6591.00000 7040.59470  6.82%  62.9 1683s
  2516  2007 6978.00000  232    - 6591.00000 7040.59470  6.82%  63.0 1685s
  2520  2007 6973.00000  239    - 6591.00000 7040.59470  6.82%  63.4 1693s
  2523  2009 6978.00000  232    - 6591.00000 7040.59470  6.82%  63.5 1696s
  2528  2013 6973.00000  239    - 6591.00000 7040.59470  6.82%  63.4 1732s
  2535  2014 6973.00000  239    - 6591.00000 7040.59470  6.82%  63.8 1742s
  2541  2020 6973.00000  239    6 6591.00000 7040.59470  6.82%  64.0 1751s
  2545  2020 6977.00000  223    - 6591.00000 7040.59470  6.82%  64.0 1755s
  2547  2024 6973.00000  240    3 6591.00000 7040.59470  6.82%  64.1 1764s
  2549  2024 6977.00000  243    - 6591.00000 7040.59470  6.82%  64.1 1766s
  2553  2026 6973.00000  240    - 6591.00000 7040.59470  6.82%  64.1 1786s
  2559  2029 6973.00000  241    4 6591.00000 7040.59470  6.82%  64.4 1797s
  2564  2032 6977.00000  224    - 6591.00000 7040.59470  6.82%  64.4 1800s
  2567  2030 6973.00000  241    - 6591.00000 7040.59470  6.82%  64.5 1807s
  2574  2037 6973.00000  241    4 6591.00000 7040.59470  6.82%  64.6 1818s
  2577  2037 6977.00000  243    - 6591.00000 7040.59470  6.82%  64.6 1820s
  2584  2043 6973.00000  243    - 6591.00000 7040.59470  6.82%  64.6 1829s
  2586  2045 6971.00000  239    9 6591.00000 7040.59470  6.82%  64.7 1830s
  2594  2047 6973.00000  243    - 6591.00000 7040.59470  6.82%  64.6 1839s
  2595  2048 6971.00000  240    - 6591.00000 7040.59470  6.82%  64.6 1840s
  2602  2051 6973.00000  243    - 6591.00000 7040.59470  6.82%  64.6 1849s
  2603  2052 6971.00000  240    3 6591.00000 7040.59470  6.82%  64.7 1850s
  2608  2054 6973.00000  243    - 6591.00000 7040.59470  6.82%  64.7 1860s
  2616  2057 6973.00000  243    3 6591.00000 7040.59470  6.82%  64.9 1880s
  2625  2064 6973.00000  243    - 6591.00000 7040.59470  6.82%  65.0 1922s
  2633  2066 6973.00000  245    - 6591.00000 7040.59470  6.82%  65.1 1933s
  2642  2064 6973.00000  245    - 6591.00000 7040.59470  6.82%  65.3 1945s
  2651  2070 6973.00000  245    - 6591.00000 7040.59470  6.82%  65.4 1958s
  2654  2072 6977.00000  248    - 6591.00000 7040.59470  6.82%  65.4 1960s
  2659  2077 6973.00000  245    4 6591.00000 7040.59470  6.82%  65.6 1981s
  2667  2081 6973.00000  245    - 6591.00000 7040.59470  6.82%  65.7 1992s
  2678  2090 6973.00000  245    2 6591.00000 7040.59470  6.82%  65.8 2004s
  2680  2090 6977.00000  248    4 6591.00000 7040.59470  6.82%  65.8 2005s
  2686  2086 6973.00000  246    - 6591.00000 7040.59470  6.82%  65.9 2015s
  2696  2091 6973.00000  247    3 6591.00000 7040.59470  6.82%  65.9 2027s
  2707  2094 6973.00000  249    - 6591.00000 7040.59470  6.82%  65.9 2039s
  2714  2100 6977.00000  233    5 6591.00000 7040.59470  6.82%  65.9 2042s
  2717  2095 6973.00000  249    - 6591.00000 7040.59470  6.82%  66.0 2051s
  2731  2105 6976.00000  231    - 6591.00000 7040.59470  6.82%  65.9 2055s
  2733  2110 6973.00000  249    2 6591.00000 7040.59470  6.82%  65.9 2065s
  2739  2110 6973.00000  250    - 6591.00000 7040.59470  6.82%  66.0 2076s
  2748  2118 6973.00000  250    - 6591.00000 7040.59470  6.82%  66.1 2088s
  2753  2120 6978.00000  244    5 6591.00000 7040.59470  6.82%  66.1 2091s
  2757  2117 6973.00000  250    - 6591.00000 7040.59470  6.82%  66.2 2102s
  2764  2122 6976.00000  232    - 6591.00000 7040.59470  6.82%  66.4 2106s
  2765  2121 6973.00000  250    - 6591.00000 7040.59470  6.82%  66.4 2114s
  2766  2122 6971.00000  250    2 6591.00000 7040.59470  6.82%  66.4 2115s
  2773  2121 6973.00000  250    - 6591.00000 7040.59470  6.82%  66.5 2126s
  2784  2130 6973.00000  250    - 6591.00000 7040.59470  6.82%  66.6 2139s
  2786  2131 6971.00000  251    2 6591.00000 7040.59470  6.82%  66.6 2140s
  2795  2127 6973.00000  252    2 6591.00000 7040.59470  6.82%  66.7 2153s
  2805  2135 6977.00000  237    - 6591.00000 7040.59470  6.82%  66.7 2156s
  2811  2142 6973.00000  253    4 6591.00000 7040.59470  6.82%  66.6 2165s
  2822  2147 6973.00000  254    - 6591.00000 7040.59470  6.82%  66.7 2178s
  2826  2149 6978.00000  249    - 6591.00000 7040.59470  6.82%  66.7 2180s
  2831  2148 6973.00000  254    - 6591.00000 7040.59470  6.82%  66.8 2191s
  2840  2155 6976.00000  236    3 6591.00000 7040.59470  6.82%  66.8 2195s
  2842  2149 6973.00000  254    - 6591.00000 7040.59470  6.82%  66.9 2204s
  2846  2152 6977.00000  258    - 6591.00000 7040.59470  6.82%  66.8 2206s
  2854  2155 6973.00000  254    - 6591.00000 7040.59470  6.82%  66.9 2220s
  2865  2158 6973.00000  254    2 6591.00000 7040.59470  6.82%  66.9 2233s
  2873  2163 6976.00000  237    - 6591.00000 7040.59470  6.82%  67.0 2237s
  2875  2165 6973.00000  255    2 6591.00000 7040.59470  6.82%  67.0 2245s
  2885  2167 6973.00000  256    - 6591.00000 7040.59470  6.82%  67.0 2257s
  2894  2173 6976.00000  237    - 6591.00000 7040.59470  6.82%  66.9 2260s
  2896  2168 6973.00000  256    - 6591.00000 7040.59470  6.82%  67.0 2269s
  2906  2175 6976.00000  237    - 6591.00000 7040.59470  6.82%  66.9 2273s
  2908  2182 6973.00000  256    4 6591.00000 7040.59470  6.82%  66.9 2294s
  2910  2182 6971.00000  255    3 6591.00000 7040.59470  6.82%  67.0 2295s
  2917  2178 6973.00000  257    - 6591.00000 7040.59470  6.82%  67.0 2354s
  2921  2182 6977.00000  260    2 6591.00000 7040.59470  6.82%  67.0 2356s
  2927  2189 6973.00000  257    - 6591.00000 7040.59470  6.82%  67.1 2368s
  2936  2193 6977.00000  242    7 6591.00000 7040.59470  6.82%  67.1 2372s
  2938  2192 6973.00000  258    - 6591.00000 7040.59470  6.82%  67.1 2385s
  2947  2196 6973.00000  258    - 6591.00000 7040.59470  6.82%  67.3 2398s
  2952  2200 6978.00000  254    6 6591.00000 7040.59470  6.82%  67.3 2400s
  2956  2199 6973.00000  258    - 6591.00000 7040.59470  6.82%  67.4 2411s
  2966  2203 6973.00000  258    - 6591.00000 7040.59470  6.82%  67.5 2423s
  2980  2207 6973.00000  258    - 6591.00000 7040.59470  6.82%  67.4 2438s
  2990  2211 6973.00000  259    3 6591.00000 7040.59470  6.82%  67.6 2451s
  3001  2212 6973.00000  260    - 6591.00000 7040.59470  6.82%  67.6 2465s
  3010  2221 6977.00000  244    6 6591.00000 7040.59470  6.82%  67.8 2470s
  3013  2216 6973.00000  260    - 6591.00000 7040.59470  6.82%  67.8 2484s
  3015  2218 6971.00000  259    - 6591.00000 7040.59470  6.82%  67.9 2485s
  3024  2217 6973.00000  260    - 6591.00000 7040.59470  6.82%  68.0 2499s
  3037  2224 6973.00000  260    - 6591.00000 7040.59470  6.82%  68.0 2512s
  3046  2230 6977.00000  246    - 6591.00000 7040.59470  6.82%  67.9 2516s
  3050  2227 6973.00000  262    3 6591.00000 7040.59470  6.82%  67.9 2537s
  3059  2228 6973.00000  262    2 6591.00000 7040.59470  6.82%  68.0 2551s
  3066  2234 6977.00000  246    - 6591.00000 7040.59470  6.82%  68.1 2555s
  3069  2230 6973.00000  263    - 6591.00000 7040.59470  6.82%  68.1 2565s
  3081  2230 6973.00000  263    - 6591.00000 7040.59470  6.82%  68.0 2580s
  3092  2237 6973.00000  263    - 6591.00000 7040.59470  6.82%  68.1 2597s
  3100  2242 6978.00000  259    - 6591.00000 7040.59470  6.82%  68.1 2601s
  3105  2237 6973.00000  263    - 6591.00000 7040.59470  6.82%  68.2 2612s
  3119  2243 6973.00000  263    - 6591.00000 7040.59470  6.82%  68.1 2627s
  3130  2253 6973.00000  263    - 6591.00000 7040.59470  6.82%  68.2 2648s
  3132  2255 6971.00000  260    - 6591.00000 7040.59470  6.82%  68.2 2650s
  3138  2254 6973.00000  263    - 6591.00000 7040.59470  6.82%  68.3 2667s
  3148  2260 6977.00000  250    - 6591.00000 7040.59470  6.82%  68.3 2670s
  3152  2252 6973.00000  263    - 6591.00000 7040.59470  6.82%  68.5 2682s
  3157  2257 6977.00000  269    - 6591.00000 7040.59470  6.82%  68.4 2685s
  3166  2263 6973.00000  263    5 6591.00000 7040.59470  6.82%  68.5 2700s
  3181  2264 6973.00000  266    2 6591.00000 7040.59470  6.82%  68.3 2724s
  3184  2266 6971.00000  264    4 6591.00000 7040.59470  6.82%  68.3 2726s
  3196  2275 6976.00000  248    - 6591.00000 7040.59470  6.82%  68.3 2730s
  3198  2272 6973.00000  266    - 6591.00000 7040.59470  6.82%  68.3 2741s
  3213  2282 6977.00000  250    9 6591.00000 7040.59470  6.82%  68.2 2745s
  3216  2281 6973.00000  266    - 6591.00000 7040.59470  6.82%  68.2 2759s
  3227  2289 6978.00000  261    - 6591.00000 7040.59470  6.82%  68.0 2761s
  3232  2287 6973.00000  266    - 6591.00000 7040.59470  6.82%  68.1 2774s
  3251  2287 6973.00000  266    - 6591.00000 7039.93636  6.81%  67.9 2790s
  3266  2294 6973.00000  267    - 6591.00000 7039.93636  6.81%  67.9 2814s
  3270  2297 6971.00000  270    - 6591.00000 7039.93636  6.81%  67.8 2815s
  3282  2301 6973.00000  268    - 6591.00000 7039.93636  6.81%  67.8 2831s
  3308  2317 6973.00000  269    - 6591.00000 7039.93636  6.81%  67.6 2851s
  3329  2326 6973.00000  269    - 6591.00000 7039.93636  6.81%  67.4 2866s
  3346  2337 6977.00000  256    - 6591.00000 7039.93636  6.81%  67.2 2870s
  3356  2332 6973.00000  269    - 6591.00000 7039.93636  6.81%  67.1 2883s
  3359  2335 6971.00000  283    - 6591.00000 7039.93636  6.81%  67.1 2885s
  3372  2330 6973.00000  269    - 6591.00000 7039.93636  6.81%  67.0 2900s
  3388  2334 6973.00000  269    - 6591.00000 7039.93636  6.81%  66.9 2925s
  3401  2345 6977.00000  259    2 6591.00000 7039.93636  6.81%  66.8 2930s
  3405  2345 6973.00000  269    - 6591.00000 7039.93636  6.81%  66.8 2943s
  3411  2350 6977.00000  276    - 6591.00000 7039.93636  6.81%  66.8 2946s
  3422  2351 6973.00000  269    2 6591.00000 7039.93636  6.81%  66.7 2961s
  3436  2361 6977.00000  259    4 6591.00000 7039.93636  6.81%  66.6 2965s
  3440  2353 6973.00000  270    - 6591.00000 7039.93636  6.81%  66.6 2979s
  3448  2361 6977.00000  276    - 6591.00000 7039.93636  6.81%  66.5 2980s
  3467  2363 6973.00000  270    - 6591.00000 7039.93636  6.81%  66.3 3005s
  3481  2362 6973.00000  270    - 6591.00000 7039.93636  6.81%  66.2 3024s
  3484  2365 6971.00000  285    - 6591.00000 7039.93636  6.81%  66.2 3025s
  3499  2369 6973.00000  270    - 6591.00000 7039.93636  6.81%  66.2 3109s
  3512  2379 6978.00000  272    3 6591.00000 7039.93636  6.81%  66.0 3114s
  3516  2382 6976.00000  263    2 6591.00000 7039.93636  6.81%  66.0 3117s
  3517  2372 6973.00000  270    - 6591.00000 7039.93636  6.81%  66.0 3139s
  3524  2379 6977.00000  279    - 6591.00000 7039.93636  6.81%  65.9 3141s
  3533  2378 6973.00000  270    - 6591.00000 7039.93636  6.81%  65.9 3157s
  3558  2380 6973.00000  270    - 6591.00000 7039.93636  6.81%  65.6 3179s
  3566  2388 6977.00000  279    - 6591.00000 7039.93636  6.81%  65.5 3183s
  3580  2388 6973.00000  270    - 6591.00000 7039.93636  6.81%  65.3 3207s
  3587  2395 6977.00000  280    - 6591.00000 7039.93636  6.81%  65.3 3211s
  3600  2395 6973.00000  270    - 6591.00000 7039.93636  6.81%  65.2 3227s
  3622  2409 6976.00000  265    2 6591.00000 7039.93636  6.81%  64.9 3232s
  3630  2418 6973.00000  270    - 6591.00000 7039.93636  6.81%  64.8 3248s
  3638  2425 6977.00000  285    - 6591.00000 7039.93636  6.81%  64.7 3251s
  3662  2434 6973.00000  270    - 6591.00000 7039.93636  6.81%  64.3 3266s
  3690  2444 6973.00000  270    - 6591.00000 7039.93636  6.81%  64.0 3299s
  3699  2453 7033.19993   21  132 6591.00000 7039.93636  6.81%  63.9 3301s
  3713  2455 6973.00000  270    - 6591.00000 7039.93636  6.81%  63.7 3317s
  3741  2463 6973.00000  270    - 6591.00000 7039.93636  6.81%  63.3 3338s
  3768  2479 6973.00000  270    - 6591.00000 7039.93636  6.81%  63.0 3360s
  3799  2497 6973.00000  270    - 6591.00000 7039.93636  6.81%  62.6 3382s
  3806  2504 6977.00000  285    - 6591.00000 7039.93636  6.81%  62.5 3386s
  3831  2501 6973.00000  270    - 6591.00000 7039.93636  6.81%  62.2 3418s
  3833  2503 6971.00000  287    - 6591.00000 7039.93636  6.81%  62.2 3420s
  3846  2517 6973.00000  270    - 6591.00000 7039.93636  6.81%  62.1 3442s
  3881  2532 6973.00000  270    - 6591.00000 7039.93636  6.81%  61.7 3465s
  3910  2555 6973.00000  270    - 6591.00000 7039.93636  6.81%  61.4 3489s
  3942  2579 6973.00000  270    - 6591.00000 7039.93636  6.81%  61.0 3512s
  3974  2593 6973.00000  270    - 6591.00000 7039.93636  6.81%  60.7 3540s
  4000  2611 6973.00000  270    - 6591.00000 7039.93636  6.81%  60.4 3563s
  4009  2617 6976.66667  293    2 6591.00000 7039.93636  6.81%  60.3 3566s
  4027  2625 6973.00000  270    - 6591.00000 7039.93636  6.81%  60.1 3590s

Cutting planes:
  Lazy constraints: 107555

Explored 4053 nodes (243273 simplex iterations) in 3603.49 seconds
Thread count was 12 (of 12 available processors)

Solution count 1: 6591 

Time limit reached
Best objective 6.591000000000e+03, best bound 7.039000000000e+03, gap 6.7971%

User-callback calls 272503, time in user-callback 1433.83 sec

Gurobi 9.1.2 (win64) logging started Mon Sep 27 08:40:08 2021

Changed value of parameter LogFile to ../results/logs/log_samuel_kroger_2021_09_27_01_23_35.csv_4_250.log
   Prev:   Default: 
Changed value of parameter method to 3
   Prev: -1  Min: -1  Max: 5  Default: -1
Changed value of parameter lazyConstraints to 1
   Prev: 0  Min: 0  Max: 1  Default: 0
Gurobi Optimizer version 9.1.2 build v9.1.2rc0 (win64)
Thread count: 6 physical cores, 12 logical processors, using up to 12 threads
Optimize a model with 586438 rows, 1751426 columns and 2666598 nonzeros
Model fingerprint: 0xf726caf5
Variable types: 875713 continuous, 875713 integer (875713 binary)
Coefficient statistics:
  Matrix range     [1e+00, 4e+00]
  Objective range  [1e+00, 1e+00]
  Bounds range     [1e+00, 1e+00]
  RHS range        [1e+00, 3e+02]
Found heuristic solution: objective 492655.00000
Presolve removed 492655 rows and 1321477 columns (presolve time = 6s) ...
Presolve removed 492651 rows and 1321473 columns
Presolve time: 5.61s
Presolved: 93787 rows, 429953 columns, 850483 nonzeros
Variable types: 383062 continuous, 46891 integer (46891 binary)

Concurrent LP optimizer: primal simplex, dual simplex, and barrier
Showing barrier log only...

Root barrier log...

Ordering time: 0.03s

Barrier statistics:
 AA' NZ     : 2.708e+05
 Factor NZ  : 5.554e+05 (roughly 200 MBytes of memory)
 Factor Ops : 5.343e+06 (less than 1 second per iteration)
 Threads    : 4

                  Objective                Residual
Iter       Primal          Dual         Primal    Dual     Compl     Time
   0   7.43933148e+07  5.19324985e+05  5.39e+08 1.00e+00  1.01e+03  2646s
   1   4.92127213e+07  5.56007624e+05  2.72e+08 4.44e-01  5.18e+02  2646s
   2   4.89278387e+06  5.74738169e+05  2.03e+07 2.77e-02  3.98e+01  2646s
   3   5.61525548e+05  5.74162986e+05  1.53e+05 1.11e-16  3.48e-01  2646s
   4   5.42940325e+05  5.43545430e+05  5.97e+04 8.85e-17  1.21e-01  2646s
   5   5.38496729e+05  5.37845808e+05  1.97e+04 1.64e-16  3.94e-02  2646s
   6   5.36749278e+05  5.27663747e+05  1.31e+04 1.62e-16  2.51e-02  2647s
   7   5.34686327e+05  5.24298005e+05  1.04e+04 3.01e-16  2.01e-02  2647s
   8   5.33101445e+05  5.21507008e+05  8.94e+03 1.61e-16  1.79e-02  2647s
   9   5.30324564e+05  5.19812144e+05  6.78e+03 6.42e-16  1.37e-02  2647s
  10   5.27238810e+05  5.17136771e+05  5.19e+03 3.59e-16  1.08e-02  2647s
  11   5.24927281e+05  5.15479827e+05  3.87e+03 7.23e-16  7.80e-03  2647s
  12   5.23589881e+05  5.14375566e+05  3.27e+03 1.06e-15  6.50e-03  2647s
  13   5.22297620e+05  5.13076967e+05  2.81e+03 7.86e-16  5.58e-03  2647s
  14   5.20873558e+05  5.12226330e+05  2.40e+03 8.98e-16  4.79e-03  2648s
  15   5.20498224e+05  5.11848079e+05  2.33e+03 8.70e-16  4.67e-03  2648s
  16   5.17984746e+05  5.11032199e+05  1.85e+03 8.20e-16  4.19e-03  2648s
  17   5.15674228e+05  5.10190943e+05  1.37e+03 1.07e-15  3.27e-03  2648s
  18   5.14580755e+05  5.09602176e+05  1.13e+03 3.58e-16  2.79e-03  2648s
  19   5.14083389e+05  5.09170223e+05  1.03e+03 9.22e-16  2.52e-03  2648s
  20   5.13779350e+05  5.08862829e+05  9.74e+02 5.72e-16  2.37e-03  2648s
  21   5.13546516e+05  5.08686117e+05  9.30e+02 1.98e-15  2.25e-03  2649s
  22   5.13359246e+05  5.08637863e+05  8.96e+02 2.07e-15  2.18e-03  2649s

Barrier performed 22 iterations in 2648.75 seconds
Barrier solve interrupted - model solved by another algorithm


Solved with primal simplex

Root relaxation: objective 5.028147e+05, 58339 iterations, 3.76 seconds

    Nodes    |    Current Node    |     Objective Bounds      |     Work
 Expl Unexpl |  Obj  Depth IntInf | Incumbent    BestBd   Gap | It/Node Time

     0     0 502814.669    0 12263 492655.000 502814.669  2.06%     - 2651s
     0     0 502814.669    0 12263 492655.000 502814.669  2.06%     - 5340s

Cutting planes:
  Lazy constraints: 44

Explored 1 nodes (58403 simplex iterations) in 5340.58 seconds
Thread count was 12 (of 12 available processors)

Solution count 1: 492655 

Time limit reached
Best objective 4.926550000000e+05, best bound 5.028146685323e+05, gap 2.0622%

User-callback calls 1101, time in user-callback 5327.15 sec
