
Gurobi 9.5.1 (linux64) logging started Fri Apr  1 00:25:10 2022

Set parameter LogFile to value "../results/logs/log_2022_04_01_00_06.csv_33_250.log"
Gurobi Optimizer version 9.5.1 build v9.5.1rc2 (linux64)
Thread count: 8 physical cores, 8 logical processors, using up to 8 threads
Optimize a model with 27765 rows, 27764 columns and 1583264 nonzeros
Model fingerprint: 0x1227b8e0
Variable types: 0 continuous, 27764 integer (27764 binary)
Coefficient statistics:
  Matrix range     [1e+00, 3e+01]
  Objective range  [1e+00, 1e+00]
  Bounds range     [1e+00, 1e+00]
  RHS range        [1e+00, 2e+02]
Found heuristic solution: objective -0.0000000
Presolve removed 11256 rows and 5911 columns (presolve time = 5s) ...
Presolve removed 11256 rows and 5911 columns
Presolve time: 6.89s
Presolved: 16509 rows, 21853 columns, 1337457 nonzeros
Variable types: 0 continuous, 21853 integer (21819 binary)

Deterministic concurrent LP optimizer: primal and dual simplex
Showing first log only...


Root simplex log...

Iteration    Objective       Primal Inf.    Dual Inf.      Time
       0   -0.0000000e+00   0.000000e+00   1.031750e+03      8s
Warning: Markowitz tolerance tightened to 0.25
    3443    6.7528234e+02   0.000000e+00   1.539003e+03     10s
    5719    1.8708351e+03   0.000000e+00   4.010260e+06     15s
    7959    2.9915252e+03   0.000000e+00   2.272590e+04     20s
Concurrent spin time: 6.08s

Solved with dual simplex

Root relaxation: objective 8.187010e+03, 15513 iterations, 14.56 seconds (24.91 work units)

    Nodes    |    Current Node    |     Objective Bounds      |     Work
 Expl Unexpl |  Obj  Depth IntInf | Incumbent    BestBd   Gap | It/Node Time

     0     0 8187.01004    0  915   -0.00000 8187.01004      -     -   22s
     0     0 7894.86756    0 1363   -0.00000 7894.86756      -     -   41s
H    0     0                    7140.0000000 7894.86756  10.6%     -   41s
     0     0 7865.25310    0 1454 7140.00000 7865.25310  10.2%     -   45s
     0     0 7862.83431    0 1466 7140.00000 7862.83431  10.1%     -   46s
     0     0 7862.54118    0 1477 7140.00000 7862.54118  10.1%     -   46s
     0     0 7862.42887    0 1480 7140.00000 7862.42887  10.1%     -   47s
     0     0 7862.42724    0 1482 7140.00000 7862.42724  10.1%     -   47s
     0     0 7778.10173    0 1591 7140.00000 7778.10173  8.94%     -   63s
H    0     0                    7141.0000000 7778.10173  8.92%     -   63s
H    0     0                    7184.0000000 7778.10173  8.27%     -   63s
     0     0 7747.65319    0 1699 7184.00000 7747.65319  7.85%     -   70s
     0     0 7741.91445    0 1760 7184.00000 7741.91445  7.77%     -   74s
     0     0 7739.86644    0 1733 7184.00000 7739.86644  7.74%     -   76s
     0     0 7739.26160    0 1808 7184.00000 7739.26160  7.73%     -   78s
     0     0 7739.14585    0 1832 7184.00000 7739.14585  7.73%     -   78s
     0     0 7739.09721    0 1847 7184.00000 7739.09721  7.73%     -   79s
     0     0 7712.82080    0 1800 7184.00000 7712.82080  7.36%     -  101s
H    0     0                    7187.0000000 7712.82080  7.32%     -  101s
H    0     0                    7492.0000000 7712.82080  2.95%     -  102s
     0     0 7700.73735    0 1887 7492.00000 7700.73735  2.79%     -  110s
     0     0 7697.97489    0 2053 7492.00000 7697.97489  2.75%     -  114s
     0     0 7696.59693    0 2105 7492.00000 7696.59693  2.73%     -  117s
     0     0 7696.07981    0 2121 7492.00000 7696.07981  2.72%     -  118s
     0     0 7695.91212    0 2168 7492.00000 7695.91212  2.72%     -  119s
     0     0 7695.83482    0 2159 7492.00000 7695.83482  2.72%     -  120s
     0     0 7683.34952    0 2078 7492.00000 7683.34952  2.55%     -  146s
     0     0 7677.91169    0 2173 7492.00000 7677.91169  2.48%     -  154s
     0     0 7676.10279    0 2254 7492.00000 7676.10279  2.46%     -  157s
     0     0 7675.02544    0 2249 7492.00000 7675.02544  2.44%     -  161s
     0     0 7674.57814    0 2302 7492.00000 7674.57814  2.44%     -  163s
     0     0 7674.33238    0 2331 7492.00000 7674.33238  2.43%     -  164s
     0     0 7674.25242    0 2348 7492.00000 7674.25242  2.43%     -  165s
     0     0 7668.82174    0 2260 7492.00000 7668.82174  2.36%     -  175s
H    0     0                    7520.0000000 7668.82174  1.98%     -  177s
     0     0 7666.69136    0 2367 7520.00000 7666.69136  1.95%     -  181s
     0     0 7665.83397    0 2442 7520.00000 7665.83397  1.94%     -  184s
     0     0 7665.27811    0 2452 7520.00000 7665.27811  1.93%     -  187s
     0     0 7665.05712    0 2495 7520.00000 7665.05712  1.93%     -  188s
     0     0 7664.95177    0 2485 7520.00000 7664.95177  1.93%     -  189s
     0     0 7661.41575    0 2466 7520.00000 7661.41575  1.88%     -  198s
     0     0 7660.13572    0 2479 7520.00000 7660.13572  1.86%     -  202s
     0     0 7659.67438    0 2561 7520.00000 7659.67438  1.86%     -  205s
     0     0 7659.34603    0 2625 7520.00000 7659.34603  1.85%     -  207s
     0     0 7659.20423    0 2637 7520.00000 7659.20423  1.85%     -  208s
     0     0 7657.06073    0 2522 7520.00000 7657.06073  1.82%     -  215s
H    0     0                    7535.0000000 7657.06073  1.62%     -  217s
     0     0 7656.29787    0 2586 7535.00000 7656.29787  1.61%     -  221s
     0     0 7655.98628    0 2648 7535.00000 7655.98628  1.61%     -  223s
     0     0 7655.81396    0 2668 7535.00000 7655.81396  1.60%     -  224s
     0     0 7655.68868    0 2735 7535.00000 7655.68868  1.60%     -  226s
     0     0 7654.33272    0 2645 7535.00000 7654.33272  1.58%     -  232s
     0     0 7653.81542    0 2664 7535.00000 7653.81542  1.58%     -  236s
     0     0 7653.56693    0 2759 7535.00000 7653.56693  1.57%     -  238s
     0     0 7653.44491    0 2776 7535.00000 7653.44491  1.57%     -  239s
     0     0 7652.53268    0 2668 7535.00000 7652.53268  1.56%     -  245s
H    0     0                    7567.0000000 7652.53268  1.13%     -  300s
     0     0 7652.03599    0 2724 7567.00000 7652.03599  1.12%     -  303s
     0     0 7651.84270    0 2742 7567.00000 7651.84270  1.12%     -  304s
     0     0 7651.74761    0 2747 7567.00000 7651.74761  1.12%     -  305s
     0     0 7651.10991    0 2766 7567.00000 7651.10991  1.11%     -  310s
     0     0 7650.85256    0 2821 7567.00000 7650.85256  1.11%     -  313s
     0     0 7650.74077    0 2832 7567.00000 7650.74077  1.11%     -  314s
     0     0 7650.14488    0 2732 7567.00000 7650.14488  1.10%     -  318s
     0     0 7650.14488    0 2718 7567.00000 7650.14488  1.10%     -  320s
     0     2 7650.14429    0 2716 7567.00000 7650.14429  1.10%     -  348s
     1     4 7650.11095    1 2642 7567.00000 7650.14429  1.10%   657  350s
     3     8 7649.93837    2 2776 7567.00000 7650.11049  1.10%  1371  358s
     7    16 7649.66611    3 2930 7567.00000 7649.93834  1.10%  2861  378s
    15    24 7648.90124    4 2968 7567.00000 7649.66559  1.09%  4979  399s
    23    32 7649.43728    4 2992 7567.00000 7649.43728  1.09%  5900  436s
H   31    40                    7568.0000000 7649.43726  1.08%  5521  442s
    39    48 7649.32397    6 2963 7568.00000 7649.43701  1.08%  4706  451s
    47    56 7648.86435    6 2959 7568.00000 7649.43701  1.08%  4367  459s
    55    66 7649.26179    7 2982 7568.00000 7649.43701  1.08%  4013  467s
    65    74 7649.18988    8 2970 7568.00000 7649.43701  1.08%  3697  480s
H   66    74                    7571.0000000 7649.43701  1.04%  3641  480s
    73    86 7649.16495    9 2955 7571.00000 7649.43701  1.04%  3716  490s
    85    95 7648.58929   10 2933 7571.00000 7649.43701  1.04%  3506  502s
    94   105 7648.21740   10 2886 7571.00000 7649.43701  1.04%  3467  514s
   104   117 7648.54651   11 2929 7571.00000 7649.43701  1.04%  3370  528s
H  106   117                    7572.0000000 7649.43701  1.02%  3351  528s
H  107   117                    7573.0000000 7649.43701  1.01%  3402  528s
   116   130 7648.47574   12 2945 7573.00000 7649.43701  1.01%  3412  540s
   129   142 7647.88846   14 2936 7573.00000 7649.43701  1.01%  3287  550s
   141   157 7648.14802   14 2907 7573.00000 7649.43701  1.01%  3171  559s
H  145   157                    7574.0000000 7649.43701  1.00%  3124  559s
   156   174 7648.10108   16 2893 7574.00000 7649.43701  1.00%  2998  571s
   173   194 7648.00795   20 2894 7574.00000 7649.43701  1.00%  2852  583s
H  193   202                    7579.0000000 7649.43701  0.93%  2684  634s
   201   215 7647.54596   21 2893 7579.00000 7649.43701  0.93%  2638  675s
   214   247 7647.97163   22 2891 7579.00000 7649.43701  0.93%  2561  686s
   246   274 7647.90024   25 2878 7579.00000 7649.43701  0.93%  2348  698s
   273   299 7647.78964   29 2893 7579.00000 7649.43701  0.93%  2226  709s
   298   320 7647.74871   30 2902 7579.00000 7649.43701  0.93%  2143  721s
H  300   320                    7580.0000000 7649.43701  0.92%  2136  721s
   319   346 7647.69599   31 2872 7580.00000 7649.43701  0.92%  2103  733s
   345   379 7647.67096   32 2844 7580.00000 7649.43701  0.92%  2031  747s
H  367   379                    7581.0000000 7649.43701  0.90%  1976  747s
   378   411 7647.54441   37 2833 7581.00000 7649.43701  0.90%  1941  760s
   410   443 7647.53990   38 2822 7581.00000 7649.43701  0.90%  1870  772s
   442   475 7647.24339   43 2830 7581.00000 7649.43701  0.90%  1812  786s
   474   500 7647.32124   45 2835 7581.00000 7649.43701  0.90%  1767  803s
   499   530 7647.09614   46 2816 7581.00000 7649.43701  0.90%  1767  818s
   529   562 7647.04715   48 2788 7581.00000 7649.43701  0.90%  1739  839s
   561   590 7646.56932   51 2786 7581.00000 7649.43701  0.90%  1731  855s
   589   626 7646.51928   52 2801 7581.00000 7649.43701  0.90%  1723  871s
   625   662 7645.94572   55 2754 7581.00000 7649.43701  0.90%  1695  892s
   661   702 7645.91596   56 2746 7581.00000 7649.43701  0.90%  1685  912s
   701   741 7645.77732   59 2751 7581.00000 7649.43701  0.90%  1659  930s
   740   787 7645.62601   62 2719 7581.00000 7649.43701  0.90%  1641  949s
   786   830 7645.11829   64 2716 7581.00000 7649.43701  0.90%  1610  971s
   829   879 7644.74435   66 2704 7581.00000 7649.43701  0.90%  1598  992s
   878   940 7644.61253   68 2697 7581.00000 7649.43701  0.90%  1578 1015s
   939   990 7644.12184   71 2652 7581.00000 7649.43701  0.90%  1543 1039s
   989  1040 7643.60879   74 2648 7581.00000 7649.43701  0.90%  1533 1062s
  1039  1109 7643.55012   77 2648 7581.00000 7649.43701  0.90%  1521 1088s
  1108  1181 7643.09944   81 2592 7581.00000 7649.43701  0.90%  1493 1114s
  1180  1247 7642.86983   83 2591 7581.00000 7649.43701  0.90%  1464 1140s
  1246  1304 7642.66954   89 2586 7581.00000 7649.43701  0.90%  1446 1168s
  1303  1368 7642.27881   94 2557 7581.00000 7649.43701  0.90%  1443 1195s
  1367  1435 7641.35907   97 2565 7581.00000 7649.43701  0.90%  1436 1223s
  1434  1529 7641.15848  101 2532 7581.00000 7649.43701  0.90%  1426 1251s
  1528  1634 7640.69674  112 2541 7581.00000 7649.43701  0.90%  1395 1282s
H 1633  1644                    7582.0000000 7649.43701  0.89%  1362 1375s
  1643  1743 7640.38644  121 2513 7582.00000 7649.43701  0.89%  1363 1409s
  1742  1897 7639.44679  131 2438 7582.00000 7649.43701  0.89%  1342 1439s
  1896  2062 7638.97664  145 2410 7582.00000 7649.43701  0.89%  1283 1472s
  2061  2223 7638.40376  161 2318 7582.00000 7649.43701  0.89%  1228 1507s
  2222  2383 7637.66960  171 2271 7582.00000 7649.43701  0.89%  1188 1539s
  2382  2580 7637.24449  178 2237 7582.00000 7649.43701  0.89%  1152 1572s
  2579  2784 7636.80272  190 2225 7582.00000 7649.43701  0.89%  1106 1605s
  2783  3018 7636.17251  199 2202 7582.00000 7649.43701  0.89%  1064 1639s
  3017  3160 7635.50577  212 2124 7582.00000 7649.43701  0.89%  1019 1675s
  3167  3300 7634.00848  218 2040 7582.00000 7649.43701  0.89%  1009 1721s
  3307  3460 7633.14760  226 1959 7582.00000 7649.43701  0.89%  1005 1762s
  3467  3650 7632.41628  233 1956 7582.00000 7649.43701  0.89%   994 1802s
  3657  3850 7631.39228  244 1927 7582.00000 7649.43701  0.89%   978 1842s
  3857  4019 7630.19335  260 1883 7582.00000 7649.43701  0.89%   962 1890s
  4032  4103 7628.58917  270 1855 7582.00000 7649.43701  0.89%   957 1940s
  4116  4232 7625.42108  282 1809 7582.00000 7649.43701  0.89%   975 1990s
  4251  4374 7622.29757  295 1659 7582.00000 7649.43701  0.89%   983 2041s
  4399  4546 7621.44225  314 1544 7582.00000 7649.43701  0.89%   987 2097s
  4571  4745 7620.10228  336 1544 7582.00000 7649.43701  0.89%   987 2154s
  4772  4992 7617.05227  365 1381 7582.00000 7649.43701  0.89%   984 2213s
  5019  5252 7616.19686  396 1328 7582.00000 7649.43701  0.89%   974 2271s
  5279  5528 7614.04855  425 1162 7582.00000 7649.43701  0.89%   965 2330s
  5557  5894 7607.48584  457 1032 7582.00000 7649.43701  0.89%   955 2392s
  5923  6342 7606.22672  523  960 7582.00000 7649.43701  0.89%   934 2455s
  6371  6946 7601.88962  569  938 7582.00000 7649.43701  0.89%   904 2520s
  6975  7606 7597.11403  665  775 7582.00000 7649.43701  0.89%   861 2588s
  7652  7607 7596.88949  655 2718 7582.00000 7649.43701  0.89%   811 2656s
  7654  7608 7609.94461  471  915 7582.00000 7649.43701  0.89%   810 2674s
  7655  7609 7599.97948  605 1355 7582.00000 7649.43701  0.89%   810 2711s
  7656  7610 7604.26142  537 1519 7582.00000 7649.43701  0.89%   810 2741s
  7657  7610 7626.39224   22 1927 7582.00000 7649.43701  0.89%   810 2757s
  7658  7611 7615.15019  413 2131 7582.00000 7649.43701  0.89%   810 2770s
  7659  7612 7620.50227  291 2393 7582.00000 7649.43701  0.89%   810 2780s
  7660  7612 7592.64721 1083 2501 7582.00000 7649.43701  0.89%   810 2789s
  7661  7613 7588.81779  752 2675 7582.00000 7649.43701  0.89%   810 2795s
  7662  7614 7611.18523  347 2731 7582.00000 7649.43701  0.89%   809 2800s
  7664  7615 7608.36992  384 2809 7582.00000 7649.43701  0.89%   809 2807s
  7666  7616 7589.15494  755 2865 7582.00000 7649.43701  0.89%   809 2811s
  7671  7620 7644.40813   62 2948 7582.00000 7649.43701  0.89%   809 2815s
  7674  7622 7646.50400   14 2484 7582.00000 7646.50400  0.85%   808 2836s
  7675  7622 7638.96758   97 2510 7582.00000 7645.28744  0.83%   808 2843s
  7676  7623 7632.40819  241 2582 7582.00000 7644.73377  0.83%   808 2848s
  7677  7624 7612.51353  699 2648 7582.00000 7644.42794  0.82%   808 2851s
  7679  7625 7616.44103  585 2759 7582.00000 7644.15909  0.82%   808 2856s
  7684  7628 7607.73327  503 2769 7582.00000 7644.06880  0.82%   807 2864s
  7685  7629 7641.31995   36 2596 7582.00000 7641.31995  0.78%   807 2883s
  7686  7630 7623.70961  212 2593 7582.00000 7640.13717  0.77%   807 2891s
  7687  7630 7594.06728  667 2628 7582.00000 7639.48643  0.76%   807 2896s
  7688  7631 7639.22145   10 2678 7582.00000 7639.22145  0.75%   807 2900s
  7691  7633 7609.06358  481 2795 7582.00000 7638.94692  0.75%   806 2905s
  7696  7636 7601.82179  589 2843 7582.00000 7638.87447  0.75%   806 2914s
  7697  7637 7628.31549  274 2633 7582.00000 7636.84016  0.72%   806 2932s
  7698  7638 7636.08733   78 2691 7582.00000 7636.08733  0.71%   806 2939s
  7699  7638 7592.37336 1090 2737 7582.00000 7635.65620  0.71%   806 2944s
  7700  7639 7590.82960 1098 2802 7582.00000 7635.39089  0.70%   805 2949s
  7701  7640 7599.19563  620 2805 7582.00000 7635.25229  0.70%   805 2952s
  7703  7641 7584.51548  760 2859 7582.00000 7635.13776  0.70%   805 2956s
  7706  7643 7632.54475  238 2939 7582.00000 7635.09922  0.70%   805 2960s
  7708  7644 7621.17094  156 2923 7582.00000 7635.09112  0.70%   805 2965s
  7709  7645 7633.49032   11 2703 7582.00000 7633.49032  0.68%   805 2985s
  7710  7646 7632.88924   22 2794 7582.00000 7632.88924  0.67%   804 2992s
  7711  7646 7604.84849  870 2756 7582.00000 7632.58603  0.67%   804 2997s
  7712  7647 7613.91180  668 2798 7582.00000 7632.41640  0.66%   804 3000s
  7714  7648 7615.57293  404 2939 7582.00000 7632.22864  0.66%   804 3006s
  7717  7650 7632.15286   61 2951 7582.00000 7632.15286  0.66%   804 3010s
  7720  7652 7617.38107  372 2956 7582.00000 7632.13645  0.66%   803 3017s
  7721  7653 7630.93473  160 2699 7582.00000 7630.93473  0.65%   803 3034s
  7722  7654 7630.42413   48 2773 7582.00000 7630.42413  0.64%   803 3042s
  7723  7654 7609.62519  774 2922 7582.00000 7630.14805  0.64%   803 3047s
  7724  7655 7629.84458  228 2840 7582.00000 7630.02345  0.63%   803 3050s
  7726  7656 7629.90064   55 2967 7582.00000 7629.90064  0.63%   803 3055s
  7730  7659 7629.82334  131 2986 7582.00000 7629.82334  0.63%   802 3060s
  7734  7662 7607.31014  395 3030 7582.00000 7629.79821  0.63%   802 3068s
  7735  7662 7613.75784  351 2798 7582.00000 7628.88452  0.62%   802 3086s
  7736  7663 7628.44011  207 2794 7582.00000 7628.44011  0.61%   802 3094s
  7737  7664 7602.97811  562 2909 7582.00000 7628.25847  0.61%   802 3098s
  7738  7664 7610.30101  477 2886 7582.00000 7628.14572  0.61%   802 3102s
  7739  7665 7622.53501  295 2957 7582.00000 7628.07148  0.61%   801 3105s
  7742  7667 7604.40412  526 3020 7582.00000 7627.98686  0.61%   801 3110s
  7746  7670 7604.36275  530 3111 7582.00000 7627.96112  0.61%   801 3115s
  7747  7670 7627.95809  179 3116 7582.00000 7627.95809  0.61%   801 3120s
  7748  7671 7595.49636 1042 2775 7582.00000 7627.16710  0.60%   800 3139s
  7749  7672 7626.83853   68 2859 7582.00000 7626.83853  0.59%   800 3145s
  7750  7672 7626.66872    6 2914 7582.00000 7626.66872  0.59%   800 3150s
  7752  7674 7596.88949  655 2958 7582.00000 7626.50482  0.59%   800 3156s
  7754  7675 7609.94461  471 3067 7582.00000 7626.42731  0.59%   800 3161s
  7758  7678 7615.15019  413 3123 7582.00000 7626.39649  0.59%   799 3170s
H 7758  7292                    7583.0000000 7625.79754  0.56%   799 3203s
  7760  7293 7592.64721 1083 2869 7583.00000 7625.49945  0.56%   799 3210s
  7762  7294 7611.18523  347 2992 7583.00000 7625.30325  0.56%   799 3218s
  7763  7295 7614.64652  633 3013 7583.00000 7625.25382  0.56%   799 3220s
  7766  7297 7589.15494  755 3110 7583.00000 7625.19654  0.56%   799 3225s
  7767  7298 7625.00737  278 3105 7583.00000 7625.19309  0.56%   799 3230s
  7768  7298 7624.69682   35 2848 7583.00000 7624.69682  0.55%   798 3245s
  7769  7299 7615.43674  403 2909 7583.00000 7624.45761  0.55%   798 3251s
  7770  7300 7624.33838   47 2969 7583.00000 7624.33838  0.55%   798 3255s
  7772  7301 7593.70097 1070 3032 7583.00000 7624.22143  0.54%   798 3261s
  7774  7302 7624.17797   14 3085 7583.00000 7624.17797  0.54%   798 3265s
  7777  7304 7612.51353  699 3138 7583.00000 7624.16256  0.54%   797 3273s
  7778  7305 7623.58198  234 2827 7583.00000 7623.58198  0.54%   797 3290s
  7779  7306 7616.44103  585 2876 7583.00000 7623.35426  0.53%   797 3297s
  7780  7306 7593.26169  706 2988 7583.00000 7623.23188  0.53%   797 3302s
  7781  7307 7623.17146   74 3042 7583.00000 7623.17146  0.53%   797 3306s
  7783  7308 7623.11268  195 3106 7583.00000 7623.11268  0.53%   797 3311s
  7786  7310 7623.08323  212 3123 7583.00000 7623.08323  0.53%   797 3315s
  7787  7311 7594.06728  667 3136 7583.00000 7623.08067  0.53%   796 3321s
  7788  7312 7622.50372   10 2849 7583.00000 7622.50372  0.52%   796 3339s
  7789  7312 7622.26708  148 2858 7583.00000 7622.26708  0.52%   796 3346s
  7790  7313 7594.04398  668 2886 7583.00000 7622.14578  0.52%   796 3350s
  7792  7314 7622.03745  126 3039 7583.00000 7622.03745  0.51%   796 3356s
  7794  7316 7621.98925   12 3081 7583.00000 7621.98925  0.51%   796 3360s
  7797  7318 7621.96834  274 3135 7583.00000 7621.96834  0.51%   795 3369s
  7798  7318 7621.60481   78 2938 7583.00000 7621.60481  0.51%   795 3387s
  7799  7319 7592.37336 1090 3044 7583.00000 7621.41093  0.51%   795 3394s
  7800  7320 7590.82960 1098 3031 7583.00000 7621.30864  0.51%   795 3398s
  7801  7320 7599.19563  620 3103 7583.00000 7621.24257  0.50%   795 3402s
  7802  7321 7607.84388  495 3160 7583.00000 7621.21228  0.50%   795 3405s
  7805  7323 7619.03135  344 3190 7583.00000 7621.18056  0.50%   795 3410s
  7808  7325 7621.16853  156 3215 7583.00000 7621.16853  0.50%   794 3417s
  7809  7326 7620.88754   11 3046 7583.00000 7620.88754  0.50%   794 3433s
  7810  7326 7620.74037   22 3099 7583.00000 7620.74037  0.50%   794 3439s
  7811  7327 7604.84849  870 3162 7583.00000 7620.66216  0.50%   794 3443s
  7812  7328 7613.91180  668 3252 7583.00000 7620.62388  0.50%   794 3446s
  7814  7329 7615.57293  404 3238 7583.00000 7620.57470  0.50%   794 3451s
  7816  7330 7610.26036  350 3282 7583.00000 7620.54149  0.50%   794 3455s
  7819  7332 7620.52855   29 3311 7583.00000 7620.52855  0.49%   793 3464s
  7820  7333 7617.38107  372 3014 7583.00000 7620.24352  0.49%   793 3487s
  7821  7334 7620.10417  160 3120 7583.00000 7620.10417  0.49%   793 3493s
  7822  7334 7620.02535   48 3120 7583.00000 7620.02535  0.49%   793 3497s
  7823  7335 7609.62519  774 3194 7583.00000 7619.98353  0.49%   793 3500s
  7826  7337 7619.94176   55 3288 7583.00000 7619.94176  0.49%   793 3506s
  7829  7339 7610.95031  392 3349 7583.00000 7619.92856  0.49%   792 3522s
  7830  7340 7619.72447  131 3042 7583.00000 7619.72447  0.48%   792 3541s
  7831  7340 7589.88497   57 3186 7583.00000 7619.61844  0.48%   792 3547s
  7832  7341 7592.40784  668 3201 7583.00000 7619.55191  0.48%   792 3552s
  7833  7342 7619.50561   12 3115 7583.00000 7619.50561  0.48%   792 3555s
  7835  7343 7613.75784  351 3302 7583.00000 7619.46263  0.48%   792 3560s
  7839  7346 7619.43224  295 3316 7583.00000 7619.43224  0.48%   791 3574s
  7840  7346 7619.34537  274 3159 7583.00000 7619.34537  0.48%   791 3584s
  7841  7347 7619.28998  250 3178 7583.00000 7619.28998  0.48%   791 3588s
  7842  7348 7604.40412  526 3267 7583.00000 7619.26481  0.48%   791 3591s
  7844  7349 7619.23731  267 3292 7583.00000 7619.23731  0.48%   791 3595s

Cutting planes:
  Gomory: 43
  Lift-and-project: 403
  Cover: 53
  Clique: 12
  MIR: 442
  StrongCG: 16
  Flow cover: 1222
  GUB cover: 977
  Zero half: 20
  RLT: 367
  Relax-and-lift: 1
  PSD: 1

Explored 7846 nodes (6782388 simplex iterations) in 3600.06 seconds (8119.67 work units)
Thread count was 8 (of 8 available processors)

Solution count 10: 7583 7582 7581 ... 7568

Time limit reached
Best objective 7.583000000000e+03, best bound 7.619000000000e+03, gap 0.4747%
