
Gurobi 9.5.1 (linux64) logging started Sun Jul  3 11:16:38 2022

Set parameter LogFile to value "../results/logs/log_CA-CondMat_4_250_2022_07_03_11_15.log"
Gurobi Optimizer version 9.5.1 build v9.5.1rc2 (linux64)
Thread count: 8 physical cores, 8 logical processors, using up to 8 threads
Optimize a model with 6698 rows, 46266 columns and 37931 nonzeros
Model fingerprint: 0x0cb0c125
Coefficient statistics:
  Matrix range     [1e+00, 4e+00]
  Objective range  [1e+00, 1e+00]
  Bounds range     [1e+00, 1e+00]
  RHS range        [1e+00, 2e+02]

Concurrent LP optimizer: primal simplex, dual simplex, and barrier
Showing barrier log only...

Presolve removed 995 rows and 42341 columns
Presolve time: 0.04s
Presolved: 5703 rows, 3925 columns, 20705 nonzeros

Ordering time: 0.00s

Barrier statistics:
 AA' NZ     : 1.503e+04
 Factor NZ  : 2.785e+04 (roughly 2 MB of memory)
 Factor Ops : 3.335e+05 (less than 1 second per iteration)
 Threads    : 1

                  Objective                Residual
Iter       Primal          Dual         Primal    Dual     Compl     Time
   0   2.40324563e+04  4.88706923e+04  1.73e+03 1.38e+01  2.96e+02     0s
   1   1.74136938e+04  7.97836019e+04  6.38e+02 3.91e-14  9.85e+01     0s
   2   1.44488813e+04  6.36724105e+04  8.45e+01 5.33e-14  1.64e+01     0s
   3   1.40695397e+04  3.16195827e+04  7.57e+00 4.26e-14  2.82e+00     0s
   4   1.40786634e+04  1.66518110e+04  2.29e-01 3.29e-14  3.43e-01     0s
   5   1.41996768e+04  1.51227542e+04  4.03e-03 2.08e-14  1.22e-01     0s
   6   1.42079104e+04  1.45452613e+04  3.48e-03 3.77e-15  4.47e-02     0s
   7   1.42503277e+04  1.44629541e+04  9.72e-04 4.00e-15  2.81e-02     0s
   8   1.42681013e+04  1.44600723e+04  7.00e-04 7.11e-15  2.54e-02     0s
   9   1.42751264e+04  1.44484496e+04  6.15e-04 5.33e-15  2.29e-02     0s
  10   1.42850143e+04  1.44118354e+04  4.63e-04 3.47e-15  1.68e-02     0s
  11   1.43085184e+04  1.43718174e+04  1.32e-04 3.55e-15  8.38e-03     0s
  12   1.43318432e+04  1.43623918e+04  0.00e+00 7.11e-15  4.04e-03     0s
  13   1.43396193e+04  1.43496195e+04  0.00e+00 3.55e-15  1.32e-03     0s
  14   1.43433412e+04  1.43444648e+04  0.00e+00 7.11e-15  1.49e-04     0s
  15   1.43435760e+04  1.43437394e+04  0.00e+00 1.49e-15  2.16e-05     0s
  16   1.43437314e+04  1.43437343e+04  0.00e+00 3.55e-15  3.80e-07     0s
  17   1.43437325e+04  1.43437325e+04  0.00e+00 7.11e-15  3.80e-10     0s
  18   1.43437325e+04  1.43437325e+04  0.00e+00 3.55e-15  3.80e-13     0s

Barrier solved model in 18 iterations and 0.08 seconds (0.06 work units)
Optimal objective 1.43437325e+04

Crossover log...

     788 DPushes remaining with DInf 0.0000000e+00                 0s
       0 DPushes remaining with DInf 0.0000000e+00                 0s

     339 PPushes remaining with PInf 0.0000000e+00                 0s
       0 PPushes remaining with PInf 0.0000000e+00                 0s

  Push phase complete: Pinf 0.0000000e+00, Dinf 2.2024049e-14      0s


Solved with primal simplex
Solved in 1818 iterations and 0.09 seconds (0.05 work units)
Optimal objective  1.434373250e+04
