
Gurobi 9.5.0 (win64) logging started Tue Dec  7 12:39:33 2021

Set parameter LogFile to value "../results/logs/log_2021_12_07_12_26.csv_7_25.log"
Set parameter Method to value 3
Gurobi Optimizer version 9.5.0 build v9.5.0rc5 (win64)
Thread count: 6 physical cores, 12 logical processors, using up to 12 threads
Optimize a model with 628 rows, 9882 columns and 12913 nonzeros
Model fingerprint: 0xa4934f45
Variable types: 4941 continuous, 4941 integer (4941 binary)
Coefficient statistics:
  Matrix range     [1e+00, 7e+00]
  Objective range  [1e+00, 1e+00]
  Bounds range     [1e+00, 1e+00]
  RHS range        [1e+00, 3e+01]
Found heuristic solution: objective -0.0000000
Presolve removed 393 rows and 9497 columns
Presolve time: 0.02s
Presolved: 235 rows, 385 columns, 1351 nonzeros
Extracted 86 lazy constraints
Variable types: 211 continuous, 174 integer (173 binary)

Root relaxation: objective 1.145333e+02, 173 iterations, 0.00 seconds (0.00 work units)

    Nodes    |    Current Node    |     Objective Bounds      |     Work
 Expl Unexpl |  Obj  Depth IntInf | Incumbent    BestBd   Gap | It/Node Time

     0     0  114.53327    0   55   -0.00000  114.53327      -     -    0s
H    0     0                       6.0000000  114.53327  1809%     -    0s
     0     0   29.25839    0   47    6.00000   29.25839   388%     -    0s
     0     0   28.93522    0   49    6.00000   28.93522   382%     -    0s
     0     0   28.92608    0   50    6.00000   28.92608   382%     -    0s
     0     0   26.35031    0   24    6.00000   26.35031   339%     -    0s
H    0     0                       7.0000000   26.35031   276%     -    0s
H    0     0                      24.0000000   26.11813  8.83%     -    0s
     0     0   26.11813    0   12   24.00000   26.11813  8.83%     -    0s
     0     0   26.09504    0   19   24.00000   26.09504  8.73%     -    0s
     0     0   25.51652    0   21   24.00000   25.51652  6.32%     -    0s
     0     0   25.36260    0   15   24.00000   25.36260  5.68%     -    0s
     0     0   25.24954    0   10   24.00000   25.24954  5.21%     -    0s
     0     0   25.12279    0   14   24.00000   25.12279  4.68%     -    0s
     0     0   25.12279    0   15   24.00000   25.12279  4.68%     -    0s
     0     0   25.12279    0   14   24.00000   25.12279  4.68%     -    0s
     0     0   25.08728    0   18   24.00000   25.08728  4.53%     -    0s
     0     0   25.07695    0   17   24.00000   25.07695  4.49%     -    0s
     0     0   25.03938    0   13   24.00000   25.03938  4.33%     -    0s
     0     0   25.03438    0   13   24.00000   25.03438  4.31%     -    0s
     0     0   25.03112    0   14   24.00000   25.03112  4.30%     -    0s
H    0     0                      25.0000000   25.03112  0.12%     -    0s
     0     0   25.00000    0   14   25.00000   25.00000  0.00%     -    0s

Cutting planes:
  Gomory: 2
  Implied bound: 1
  MIR: 23
  RLT: 4
  Relax-and-lift: 1

Explored 1 nodes (708 simplex iterations) in 0.11 seconds (0.03 work units)
Thread count was 12 (of 12 available processors)

Solution count 6: 25 24 22 ... -0

Optimal solution found (tolerance 1.00e-04)
Best objective 2.500000000000e+01, best bound 2.500000000000e+01, gap 0.0000%
