
Gurobi 9.5.0 (win64) logging started Thu Jun 16 15:47:03 2022

Set parameter LogFile to value "../results/logs/log_soc-karate_4_5_2022_06_16_15_47.log"
Gurobi Optimizer version 9.5.0 build v9.5.0rc5 (win64)
Thread count: 6 physical cores, 12 logical processors, using up to 12 threads
Optimize a model with 13 rows, 68 columns and 96 nonzeros
Model fingerprint: 0xd8d6eda7
Variable types: 0 continuous, 68 integer (68 binary)
Coefficient statistics:
  Matrix range     [1e+00, 4e+00]
  Objective range  [1e+00, 1e+00]
  Bounds range     [1e+00, 1e+00]
  RHS range        [1e+00, 5e+00]
Found heuristic solution: objective 10.0000000
Presolve removed 1 rows and 50 columns
Presolve time: 0.00s
Presolved: 12 rows, 18 columns, 50 nonzeros
Variable types: 0 continuous, 18 integer (18 binary)
Found heuristic solution: objective 11.0000000

Root relaxation: objective 1.600000e+01, 7 iterations, 0.00 seconds (0.00 work units)

    Nodes    |    Current Node    |     Objective Bounds      |     Work
 Expl Unexpl |  Obj  Depth IntInf | Incumbent    BestBd   Gap | It/Node Time

*    0     0               0      16.0000000   16.00000  0.00%     -    0s

Explored 1 nodes (7 simplex iterations) in 0.01 seconds (0.00 work units)
Thread count was 12 (of 12 available processors)

Solution count 3: 16 11 10 

Optimal solution found (tolerance 0.00e+00)
Best objective 1.600000000000e+01, best bound 1.600000000000e+01, gap 0.0000%
