
Gurobi 9.5.1 (linux64) logging started Sat Jul  2 23:29:35 2022

Set parameter LogFile to value "../results/logs/log_facebook_combined_20_20_2022_07_02_22_14.log"
Gurobi Optimizer version 9.5.1 build v9.5.1rc2 (linux64)
Thread count: 8 physical cores, 8 logical processors, using up to 8 threads
Optimize a model with 4637 rows, 8078 columns and 40916 nonzeros
Model fingerprint: 0x08874694
Variable types: 0 continuous, 8078 integer (8078 binary)
Coefficient statistics:
  Matrix range     [1e+00, 2e+01]
  Objective range  [1e+00, 1e+00]
  Bounds range     [1e+00, 1e+00]
  RHS range        [1e+00, 2e+01]
Found heuristic solution: objective 1854.0000000
Presolve removed 2138 rows and 6127 columns
Presolve time: 0.08s
Presolved: 2499 rows, 1951 columns, 21836 nonzeros
Variable types: 0 continuous, 1951 integer (1927 binary)
Found heuristic solution: objective 1878.0000000

Root relaxation: objective 2.210169e+03, 2408 iterations, 0.04 seconds (0.07 work units)

    Nodes    |    Current Node    |     Objective Bounds      |     Work
 Expl Unexpl |  Obj  Depth IntInf | Incumbent    BestBd   Gap | It/Node Time

     0     0 2210.16877    0  347 1878.00000 2210.16877  17.7%     -    0s
H    0     0                    1882.0000000 2210.16877  17.4%     -    0s
H    0     0                    1890.0000000 2210.16877  16.9%     -    0s
H    0     0                    1894.0000000 2205.84731  16.5%     -    0s
H    0     0                    1910.0000000 2078.34068  8.81%     -    0s
H    0     0                    1911.0000000 2078.34068  8.76%     -    0s
     0     0 2078.34068    0  407 1911.00000 2078.34068  8.76%     -    0s
H    0     0                    1930.0000000 2078.34068  7.69%     -    0s
     0     0 2069.24665    0  438 1930.00000 2069.24665  7.21%     -    0s
     0     0 2068.35410    0  430 1930.00000 2068.35410  7.17%     -    0s
     0     0 2068.09779    0  451 1930.00000 2068.09779  7.16%     -    0s
     0     0 2068.04670    0  455 1930.00000 2068.04670  7.15%     -    0s
     0     0 2043.30436    0  379 1930.00000 2043.30436  5.87%     -    0s
     0     0 2038.59092    0  411 1930.00000 2038.59092  5.63%     -    0s
     0     0 2037.11363    0  426 1930.00000 2037.11363  5.55%     -    0s
H    0     0                    1937.0000000 2036.60867  5.14%     -    0s
     0     0 2036.60867    0  441 1937.00000 2036.60867  5.14%     -    0s
     0     0 2036.24375    0  441 1937.00000 2036.24375  5.12%     -    0s
     0     0 2036.19146    0  446 1937.00000 2036.19146  5.12%     -    0s
H    0     0                    1939.0000000 2036.19146  5.01%     -    1s
H    0     0                    1940.0000000 2036.19146  4.96%     -    1s
     0     0 2028.03579    0  452 1940.00000 2028.03579  4.54%     -    1s
H    0     0                    1946.0000000 2028.03579  4.22%     -    1s
     0     0 2026.16868    0  449 1946.00000 2026.16868  4.12%     -    1s
     0     0 2025.68916    0  467 1946.00000 2025.68916  4.10%     -    1s
     0     0 2025.55342    0  480 1946.00000 2025.55342  4.09%     -    1s
     0     0 2022.53828    0  474 1946.00000 2022.53828  3.93%     -    1s
     0     0 2021.26181    0  472 1946.00000 2021.26181  3.87%     -    1s
H    0     0                    1948.0000000 2020.91780  3.74%     -    1s
     0     0 2020.91780    0  512 1948.00000 2020.91780  3.74%     -    1s
H    0     0                    1949.0000000 2020.59367  3.67%     -    1s
     0     0 2020.59367    0  518 1949.00000 2020.59367  3.67%     -    1s
     0     0 2020.51016    0  520 1949.00000 2020.51016  3.67%     -    1s
H    0     0                    1950.0000000 2018.52924  3.51%     -    1s
     0     0 2018.52924    0  523 1950.00000 2018.52924  3.51%     -    1s
H    0     0                    1951.0000000 2018.52924  3.46%     -    1s
     0     0 2017.99309    0  494 1951.00000 2017.99309  3.43%     -    1s
     0     0 2017.79865    0  505 1951.00000 2017.79865  3.42%     -    1s
     0     0 2016.91907    0  505 1951.00000 2016.91907  3.38%     -    2s
     0     0 2016.91907    0  504 1951.00000 2016.91907  3.38%     -    2s
     0     2 2016.88528    0  504 1951.00000 2016.88528  3.38%     -    2s
H   33    40                    1959.0000000 2015.14435  2.87%   228    2s
   779   774 1990.37791   88  287 1959.00000 2015.14435  2.87%  91.2    5s
  1524  1361 1990.71989   18  529 1959.00000 2008.92547  2.55%  80.8   10s
  1579  1397 1984.00267   94  618 1959.00000 2000.84929  2.14%  78.0   15s
  1620  1425 1984.69178   63  598 1959.00000 1998.94602  2.04%  76.0   20s
  1665  1456 1994.58763   35  610 1959.00000 1998.52432  2.02%  88.5   25s
  2346  1732 1987.34726   62  464 1959.00000 1997.50047  1.97%   107   30s
  3749  2212 1972.64127   48  516 1959.00000 1995.41384  1.86%   112   35s
H 4405  2227                    1961.0000000 1992.70137  1.62%   112   36s
H 4666  2087                    1963.0000000 1991.86872  1.47%   115   38s
  5297  2197 1974.48716   43  457 1963.00000 1990.93970  1.42%   119   40s
H 5321  2040                    1964.0000000 1990.93970  1.37%   119   40s
H 5392  2018                    1965.0000000 1990.79949  1.31%   120   40s
  6545  2602 1971.18784   47  360 1965.00000 1989.15316  1.23%   125   45s
  7785  3216 1974.26480   43  378 1965.00000 1988.20083  1.18%   130   52s
  8599  3584     cutoff   50      1965.00000 1987.63683  1.15%   132   55s
  9983  4098 1974.96210   45  459 1965.00000 1986.83285  1.11%   136   60s
 11227  4640 1971.14701   50  493 1965.00000 1986.07924  1.07%   138   65s
 12641  5284 1969.07065   40  330 1965.00000 1985.42765  1.04%   142   71s
 13738  5776 1970.22516   55  420 1965.00000 1984.99611  1.02%   146   76s
 15028  6523 1978.51964   48  496 1965.00000 1984.55193  1.00%   148   82s
 16191  7030 1971.36590   55  484 1965.00000 1984.16326  0.98%   150   87s
 16837  7318 1980.30618   44  539 1965.00000 1984.01252  0.97%   151   90s
 18092  7849 1973.87174   44  444 1965.00000 1983.76586  0.96%   154   95s
 19228  8398     cutoff   49      1965.00000 1983.25895  0.93%   158  102s
 19934  8758 1979.42534   57  553 1965.00000 1983.06593  0.92%   159  105s
 21492  9332 1969.24495   58  468 1965.00000 1982.66020  0.90%   162  112s
 22364  9667 1970.34523   39  428 1965.00000 1982.47133  0.89%   162  116s
 23237  9953 1976.39718   52  468 1965.00000 1982.26727  0.88%   164  120s
 24830 10493 1976.62453   48  515 1965.00000 1981.82442  0.86%   167  127s
 25600 10877 1972.16747   60  484 1965.00000 1981.71315  0.85%   168  131s
 26500 11093 1966.34872   40  339 1965.00000 1981.56397  0.84%   168  136s
 27036 11386 1969.66056   71  442 1965.00000 1981.42883  0.84%   168  140s
 28703 11976 1974.44065   72  406 1965.00000 1981.13555  0.82%   170  148s
 29546 12274 1971.57191   66  425 1965.00000 1981.05093  0.82%   171  162s
 30306 12526     cutoff  116      1965.00000 1980.91396  0.81%   171  166s
*30674 12317             117    1966.0000000 1980.90804  0.76%   171  166s
 31138 12461 1972.84726   56  469 1966.00000 1980.82700  0.75%   171  171s
H31226 12034                    1967.0000000 1980.82700  0.70%   171  171s
 31883 12201 1974.56740   56  459 1967.00000 1980.68881  0.70%   172  175s
 32690 12419 1972.22217   53  430 1967.00000 1980.51222  0.69%   175  180s
 33528 12580     cutoff   47      1967.00000 1980.39462  0.68%   175  185s
 34280 12730 1974.86654   52  459 1967.00000 1980.24926  0.67%   177  190s
 35077 12868 1969.21452   50  356 1967.00000 1980.09914  0.67%   178  195s
 35837 13055 1977.07942   53  460 1967.00000 1979.96390  0.66%   179  200s
 36729 13209 1976.19251   45  504 1967.00000 1979.83599  0.65%   182  205s
 37615 13395 1969.79890   52  415 1967.00000 1979.72707  0.65%   183  210s
 38436 13620 1969.44690   60  440 1967.00000 1979.62572  0.64%   184  215s
 39300 13659 1972.21121   64  456 1967.00000 1979.48487  0.63%   185  225s
 39647 13855 1977.14776   54  491 1967.00000 1979.43299  0.63%   185  231s
 40578 14020 1976.45721   52  460 1967.00000 1979.29709  0.63%   186  236s
 41501 14186     cutoff   57      1967.00000 1979.13537  0.62%   189  242s
 42481 14327 1969.81232   57  382 1967.00000 1979.02565  0.61%   190  247s
 43391 14533 1975.00712   65  461 1967.00000 1978.88003  0.60%   190  253s
 44363 14677 1975.68294   66  430 1967.00000 1978.73565  0.60%   191  257s
 45151 14862 1968.27569   50  414 1967.00000 1978.63520  0.59%   192  263s
 46142 14958 1974.91615   56  467 1967.00000 1978.52044  0.59%   193  270s
 46808 15118     cutoff   46      1967.00000 1978.42204  0.58%   193  275s
 47826 15173 1974.80069   49  479 1967.00000 1978.27083  0.57%   195  281s
 48736 15236 1973.82821   49  478 1967.00000 1978.13252  0.57%   195  287s
 49602 15285 1969.18918   49  397 1967.00000 1978.00844  0.56%   196  292s
 50614 15336 1968.35878   56  370 1967.00000 1977.87292  0.55%   199  298s
 51478 15334 1970.81628   63  459 1967.00000 1977.75852  0.55%   199  304s
 52313 15382     cutoff   57      1967.00000 1977.62172  0.54%   201  310s
 53225 15367     cutoff   72      1967.00000 1977.49842  0.53%   201  317s
 54073 15386 1968.86299   60  431 1967.00000 1977.40709  0.53%   204  323s
 54952 15367 1970.34247   68  429 1967.00000 1977.25436  0.52%   205  329s
 55917 15344 1968.00243   55  418 1967.00000 1977.13510  0.52%   205  335s
 56865 15319 1970.20007   55  477 1967.00000 1976.98963  0.51%   206  342s
 57819 15307     cutoff   57      1967.00000 1976.85412  0.50%   207  348s
 58809 15240     cutoff   47      1967.00000 1976.67012  0.49%   209  354s
 59841 15192 1969.36894   54  408 1967.00000 1976.54694  0.49%   209  361s
 60887 15044     cutoff   60      1967.00000 1976.40909  0.48%   209  368s
 61960 15015     cutoff   56      1967.00000 1976.25817  0.47%   210  375s
 63140 14977     cutoff   64      1967.00000 1976.12251  0.46%   211  382s
 64130 14852 1970.59329   43  398 1967.00000 1975.97171  0.46%   212  389s
 65129 14720 1969.65957   51  399 1967.00000 1975.84320  0.45%   212  396s
 66191 14500     cutoff   56      1967.00000 1975.71894  0.44%   213  402s
 67254 14288     cutoff   43      1967.00000 1975.52254  0.43%   214  409s
 68342 14128     cutoff   58      1967.00000 1975.35848  0.42%   215  416s
 69469 13959 1973.23424   63  409 1967.00000 1975.17248  0.42%   215  423s
 70601 13721 1970.82024   47  396 1967.00000 1975.01999  0.41%   215  430s
 71770 13479     cutoff   59      1967.00000 1974.85141  0.40%   216  438s
 72988 13191     cutoff   55      1967.00000 1974.69217  0.39%   217  445s
 74103 12976 1969.28538   49  385 1967.00000 1974.55911  0.38%   217  451s
 75199 12664     cutoff   55      1967.00000 1974.35536  0.37%   217  458s
 76402 12283 1971.42370   72  412 1967.00000 1974.17074  0.36%   218  466s
 77755 11963     cutoff   62      1967.00000 1973.98492  0.36%   219  473s
 78884 11565     cutoff   60      1967.00000 1973.82658  0.35%   219  479s
 80043 11139 1968.37327   62  443 1967.00000 1973.61442  0.34%   219  487s
 81296 10625     cutoff   89      1967.00000 1973.39028  0.32%   219  494s
 82644 10071     cutoff   64      1967.00000 1973.18265  0.31%   220  501s
 83884  9518 1968.48054   47  354 1967.00000 1972.95323  0.30%   219  508s
 85200  8958     cutoff   68      1967.00000 1972.69277  0.29%   219  515s
 86460  8427     cutoff   52      1967.00000 1972.46043  0.28%   219  523s
 87513  7578     cutoff   50      1967.00000 1972.27727  0.27%   218  530s
 88960  6652     cutoff   64      1967.00000 1971.93405  0.25%   218  537s
 90359  5617     cutoff   56      1967.00000 1971.60262  0.23%   218  543s
 91922  4481 1968.21409   62  449 1967.00000 1971.23025  0.22%   217  548s
 93352  3232     cutoff   77      1967.00000 1970.78703  0.19%   216  552s
 94840  1859     cutoff   66      1967.00000 1970.29534  0.17%   214  555s

Cutting planes:
  Gomory: 42
  Lift-and-project: 21
  Cover: 365
  Implied bound: 1
  Clique: 2
  MIR: 440
  StrongCG: 11
  Flow cover: 1026
  GUB cover: 304
  Inf proof: 2
  Zero half: 21
  RLT: 179
  Relax-and-lift: 1

Explored 98168 nodes (20528356 simplex iterations) in 557.77 seconds (1771.72 work units)
Thread count was 8 (of 8 available processors)

Solution count 10: 1967 1966 1965 ... 1949

Optimal solution found (tolerance 0.00e+00)
Best objective 1.967000000000e+03, best bound 1.967000000000e+03, gap 0.0000%
