
Gurobi 9.5.1 (linux64) logging started Wed Mar  9 18:05:26 2022

Set parameter LogFile to value "../results/logs/log_2022_03_09_17_57.csv_7_95.log"
Set parameter Method to value 3
Gurobi Optimizer version 9.5.1 build v9.5.1rc2 (linux64)
Thread count: 8 physical cores, 8 logical processors, using up to 8 threads
Optimize a model with 628 rows, 9882 columns and 12913 nonzeros
Model fingerprint: 0xa8af2fcb
Variable types: 4941 continuous, 4941 integer (4941 binary)
Coefficient statistics:
  Matrix range     [1e+00, 7e+00]
  Objective range  [1e+00, 1e+00]
  Bounds range     [1e+00, 1e+00]
  RHS range        [1e+00, 1e+02]
Found heuristic solution: objective -0.0000000
Presolve removed 393 rows and 9496 columns
Presolve time: 0.01s
Presolved: 235 rows, 386 columns, 1352 nonzeros
Extracted 86 lazy constraints
Variable types: 211 continuous, 175 integer (173 binary)

Root relaxation: objective 1.374865e+02, 75 iterations, 0.00 seconds (0.00 work units)

    Nodes    |    Current Node    |     Objective Bounds      |     Work
 Expl Unexpl |  Obj  Depth IntInf | Incumbent    BestBd   Gap | It/Node Time

     0     0  137.48651    0   39   -0.00000  137.48651      -     -    0s
H    0     0                      16.0000000  137.48651   759%     -    0s
H    0     0                      23.0000000  137.48651   498%     -    0s
     0     0   64.88609    0   67   23.00000   64.88609   182%     -    0s
     0     0   64.84564    0   68   23.00000   64.84564   182%     -    0s
     0     0   60.56605    0   43   23.00000   60.56605   163%     -    0s
H    0     0                      29.0000000   60.56605   109%     -    0s
     0     0   60.33088    0   37   29.00000   60.33088   108%     -    0s
     0     0   60.32338    0   36   29.00000   60.32338   108%     -    0s
     0     0   59.29716    0   31   29.00000   59.29716   104%     -    0s
     0     0   59.23390    0   34   29.00000   59.23390   104%     -    0s
     0     0   59.10048    0   41   29.00000   59.10048   104%     -    0s
     0     0   59.10048    0   39   29.00000   59.10048   104%     -    0s
H    0     0                      56.0000000   59.10048  5.54%     -    0s
     0     2   59.10048    0   39   56.00000   59.10048  5.54%     -    0s
H  383   348                      57.0000000   58.55994  2.74%  12.6    0s

Cutting planes:
  Gomory: 27
  Implied bound: 10
  MIR: 99
  RLT: 15
  Relax-and-lift: 14
  Lazy constraints: 85

Explored 971 nodes (11025 simplex iterations) in 0.22 seconds (0.18 work units)
Thread count was 8 (of 8 available processors)

Solution count 6: 57 56 29 ... -0

Optimal solution found (tolerance 1.00e-04)
Best objective 5.700000000000e+01, best bound 5.700000000000e+01, gap 0.0000%
