
Gurobi 9.5.1 (linux64) logging started Tue Apr 19 02:27:46 2022

Set parameter LogFile to value "../results/logs/log_ca-citeseer_3_250_2022_04_18_23_56.log"
Gurobi Optimizer version 9.5.1 build v9.5.1rc2 (linux64)
Thread count: 8 physical cores, 8 logical processors, using up to 8 threads
Optimize a model with 16987 rows, 454640 columns and 163125 nonzeros
Model fingerprint: 0xa0e1de66
Variable types: 0 continuous, 454640 integer (454640 binary)
Coefficient statistics:
  Matrix range     [1e+00, 3e+00]
  Objective range  [1e+00, 1e+00]
  Bounds range     [1e+00, 1e+00]
  RHS range        [1e+00, 2e+02]
Found heuristic solution: objective 152966.00000
Presolve removed 9737 rows and 443674 columns
Presolve time: 0.25s
Presolved: 7250 rows, 10966 columns, 32223 nonzeros
Found heuristic solution: objective 153220.00000
Variable types: 0 continuous, 10966 integer (9879 binary)

Root relaxation: objective 1.544716e+05, 5784 iterations, 0.13 seconds (0.21 work units)

    Nodes    |    Current Node    |     Objective Bounds      |     Work
 Expl Unexpl |  Obj  Depth IntInf | Incumbent    BestBd   Gap | It/Node Time

     0     0 154471.568    0 1947 153220.000 154471.568  0.82%     -    0s
H    0     0                    153500.00000 154471.568  0.63%     -    0s
H    0     0                    153503.00000 154471.568  0.63%     -    0s
H    0     0                    153521.00000 154471.568  0.62%     -    4s
H    0     0                    153522.00000 154471.568  0.62%     -    4s
H    0     0                    153527.00000 154471.568  0.62%     -    4s
H    0     0                    153532.00000 154471.568  0.61%     -    4s
H    0     0                    153533.00000 154471.568  0.61%     -    4s
H    0     0                    153536.00000 154471.568  0.61%     -    4s
H    0     0                    153546.00000 154471.568  0.60%     -    4s
H    0     0                    153549.00000 154471.568  0.60%     -    4s
H    0     0                    153550.00000 154471.568  0.60%     -    4s
H    0     0                    153558.00000 154471.568  0.59%     -    4s
H    0     0                    153562.00000 154471.568  0.59%     -    4s
H    0     0                    153564.00000 154471.568  0.59%     -    4s
H    0     0                    153568.00000 154471.568  0.59%     -    4s
H    0     0                    153572.00000 154471.568  0.59%     -    4s
H    0     0                    153575.00000 154471.568  0.58%     -    4s
H    0     0                    153577.00000 154471.568  0.58%     -    4s
H    0     0                    153584.00000 154471.568  0.58%     -    4s
H    0     0                    153586.00000 154471.568  0.58%     -    4s
H    0     0                    153589.00000 154471.568  0.57%     -    4s
H    0     0                    153591.00000 154471.568  0.57%     -    4s
H    0     0                    153592.00000 154471.568  0.57%     -    4s
H    0     0                    153593.00000 154471.568  0.57%     -    4s
H    0     0                    153594.00000 154471.568  0.57%     -    4s
H    0     0                    153596.00000 154471.568  0.57%     -    4s
H    0     0                    153597.00000 154471.568  0.57%     -    4s
H    0     0                    153598.00000 154471.568  0.57%     -    4s
H    0     0                    153618.00000 154471.568  0.56%     -    4s
H    0     0                    153622.00000 154471.568  0.55%     -    4s
H    0     0                    153634.00000 154471.568  0.55%     -    4s
H    0     0                    153636.00000 154471.568  0.54%     -    4s
H    0     0                    153637.00000 154471.568  0.54%     -    4s
H    0     0                    153653.00000 154464.032  0.53%     -    4s
H    0     0                    153742.00000 154464.032  0.47%     -    4s
     0     0 153805.698    0  606 153742.000 153805.698  0.04%     -    5s
H    0     0                    153748.00000 153805.698  0.04%     -    5s
     0     0 153803.996    0  274 153748.000 153803.996  0.04%     -    5s
     0     0 153798.801    0  255 153748.000 153798.801  0.03%     -    5s
     0     0 153798.559    0  248 153748.000 153798.559  0.03%     -    5s
     0     0 153784.753    0  170 153748.000 153784.753  0.02%     -    5s
     0     0 153782.297    0  155 153748.000 153782.297  0.02%     -    5s
     0     0 153782.034    0  161 153748.000 153782.034  0.02%     -    5s
     0     0 153772.645    0  121 153748.000 153772.645  0.02%     -    5s
H    0     0                    153755.00000 153772.645  0.01%     -    5s
     0     0 153771.844    0  106 153755.000 153771.844  0.01%     -    5s
     0     0 153771.761    0  111 153755.000 153771.761  0.01%     -    5s
     0     0 153770.693    0   80 153755.000 153770.693  0.01%     -    5s
H    0     0                    153762.00000 153770.693  0.01%     -    5s
     0     0 153770.463    0   78 153762.000 153770.463  0.01%     -    5s
     0     0 153769.997    0   71 153762.000 153769.997  0.01%     -    5s
H    0     0                    153763.00000 153769.997  0.00%     -    5s
     0     0 153769.561    0   64 153763.000 153769.561  0.00%     -    5s
     0     0 153769.167    0   21 153763.000 153769.167  0.00%     -    5s
     0     0 153769.167    0   25 153763.000 153769.167  0.00%     -    5s
     0     0 153769.167    0   34 153763.000 153769.167  0.00%     -    5s
     0     0 153769.167    0   34 153763.000 153769.167  0.00%     -    5s
H    0     0                    153764.00000 153769.167  0.00%     -    6s
     0     2 153769.167    0   32 153764.000 153769.167  0.00%     -    6s
*  458   442              66    153765.00000 153767.905  0.00%   5.0    7s

Cutting planes:
  Gomory: 235
  Lift-and-project: 6
  Cover: 118
  Implied bound: 50
  MIR: 1001
  StrongCG: 40
  GUB cover: 667
  Zero half: 59
  RLT: 36
  Relax-and-lift: 16

Explored 1823 nodes (19214 simplex iterations) in 8.79 seconds (8.16 work units)
Thread count was 8 (of 8 available processors)

Solution count 10: 153765 153764 153763 ... 153636

Optimal solution found (tolerance 0.00e+00)
Best objective 1.537650000009e+05, best bound 1.537650000009e+05, gap 0.0000%
