
Gurobi 9.5.1 (linux64) logging started Sun Apr 17 09:25:38 2022

Set parameter LogFile to value "../results/logs/log_facebook_combined_20_20_2022_04_17_09_25.log"
Gurobi Optimizer version 9.5.1 build v9.5.1rc2 (linux64)
Thread count: 8 physical cores, 8 logical processors, using up to 8 threads
Optimize a model with 975 rows, 8078 columns and 29930 nonzeros
Model fingerprint: 0xe9e01e9b
Variable types: 0 continuous, 8078 integer (8078 binary)
Coefficient statistics:
  Matrix range     [1e+00, 2e+01]
  Objective range  [1e+00, 1e+00]
  Bounds range     [1e+00, 1e+00]
  RHS range        [1e+00, 2e+01]
Found heuristic solution: objective 1854.0000000
Presolve removed 19 rows and 6414 columns
Presolve time: 0.05s
Presolved: 956 rows, 1664 columns, 17019 nonzeros
Variable types: 0 continuous, 1664 integer (1573 binary)
Found heuristic solution: objective 1855.0000000

Root relaxation: objective 2.210169e+03, 937 iterations, 0.02 seconds (0.02 work units)

    Nodes    |    Current Node    |     Objective Bounds      |     Work
 Expl Unexpl |  Obj  Depth IntInf | Incumbent    BestBd   Gap | It/Node Time

     0     0 2210.16877    0  347 1855.00000 2210.16877  19.1%     -    0s
H    0     0                    1871.0000000 2210.16877  18.1%     -    0s
H    0     0                    1876.0000000 2210.16877  17.8%     -    0s
H    0     0                    1878.0000000 2082.79302  10.9%     -    0s
H    0     0                    1889.0000000 2082.79302  10.3%     -    0s
H    0     0                    1907.0000000 2082.79302  9.22%     -    0s
     0     0 2080.03520    0  400 1907.00000 2080.03520  9.07%     -    0s
H    0     0                    1917.0000000 2080.03520  8.50%     -    0s
     0     0 2069.84869    0  385 1917.00000 2069.84869  7.97%     -    0s
     0     0 2068.76653    0  415 1917.00000 2068.76653  7.92%     -    0s
     0     0 2068.56151    0  405 1917.00000 2068.56151  7.91%     -    0s
     0     0 2068.46054    0  437 1917.00000 2068.46054  7.90%     -    0s
     0     0 2068.38397    0  439 1917.00000 2068.38397  7.90%     -    0s
H    0     0                    1934.0000000 2068.38397  6.95%     -    0s
H    0     0                    1940.0000000 2045.09163  5.42%     -    0s
     0     0 2045.09163    0  377 1940.00000 2045.09163  5.42%     -    0s
H    0     0                    1941.0000000 2040.18006  5.11%     -    0s
     0     0 2040.18006    0  400 1941.00000 2040.18006  5.11%     -    0s
     0     0 2039.00729    0  412 1941.00000 2039.00729  5.05%     -    0s
     0     0 2038.64502    0  413 1941.00000 2038.64502  5.03%     -    0s
     0     0 2038.56730    0  409 1941.00000 2038.56730  5.03%     -    0s
H    0     0                    1948.0000000 2038.56730  4.65%     -    0s
H    0     0                    1951.0000000 2038.56730  4.49%     -    0s
     0     0 2029.87151    0  430 1951.00000 2029.87151  4.04%     -    0s
     0     0 2027.35215    0  420 1951.00000 2027.35215  3.91%     -    0s
     0     0 2026.25386    0  452 1951.00000 2026.25386  3.86%     -    0s
     0     0 2026.05781    0  485 1951.00000 2026.05781  3.85%     -    0s
     0     0 2022.47983    0  485 1951.00000 2022.47983  3.66%     -    1s
     0     0 2021.85115    0  484 1951.00000 2021.85115  3.63%     -    1s
     0     0 2021.58950    0  498 1951.00000 2021.58950  3.62%     -    1s
     0     0 2019.41743    0  501 1951.00000 2019.41743  3.51%     -    1s
H    0     0                    1952.0000000 2019.41743  3.45%     -    1s
     0     0 2018.65799    0  510 1952.00000 2018.65799  3.41%     -    1s
     0     0 2018.44869    0  523 1952.00000 2018.44869  3.40%     -    1s
     0     0 2017.42383    0  490 1952.00000 2017.42383  3.35%     -    1s
     0     0 2017.42383    0  490 1952.00000 2017.42383  3.35%     -    1s
     0     2 2017.34540    0  490 1952.00000 2017.34540  3.35%     -    1s
H  194   188                    1953.0000000 2015.56542  3.20%   117    2s
H  274   262                    1954.0000000 2015.56542  3.15%   121    3s
H  283   266                    1965.0000000 2015.56542  2.57%   125    3s
   793   733 1983.30234   18  478 1965.00000 2015.19984  2.55%   110    5s
  1506  1179 1986.24159   50  530 1965.00000 2004.62620  2.02%   100   10s
  1891  1390 1992.91854   37  479 1965.00000 2000.09138  1.79%   113   15s
  3405  1782 1974.02067   24  480 1965.00000 1994.35360  1.49%   126   20s
  4941  2197 1973.44155   51  319 1965.00000 1990.96485  1.32%   141   25s
  6015  2738 1982.79036   36  441 1965.00000 1989.21182  1.23%   150   30s
  7125  3317 1979.41817   63  448 1965.00000 1988.24257  1.18%   155   35s
  8305  3894 1984.35626   34  535 1965.00000 1987.27996  1.13%   163   40s
  8942  4255 1968.41052   37  423 1965.00000 1986.79462  1.11%   167   46s
 10017  4764     cutoff   57      1965.00000 1986.53066  1.10%   173   50s
 11187  5296 1980.35195   37  464 1965.00000 1985.90359  1.06%   177   55s
 12479  5936 1973.05088   39  441 1965.00000 1985.30146  1.03%   183   61s
 13502  6324 1979.35908   40  446 1965.00000 1984.94371  1.01%   188   67s
 14106  6569 1973.09050   41  246 1965.00000 1984.70784  1.00%   192   70s
 15003  6999 1973.78629   42  447 1965.00000 1984.37512  0.99%   195   75s
 16115  7479 1970.00239   54  450 1965.00000 1983.98177  0.97%   198   80s
 17388  8113 1972.88307   55  471 1965.00000 1983.60356  0.95%   200   86s
 18760  8614 1974.52732   37  469 1965.00000 1983.14054  0.92%   202   91s
 19380  8913     cutoff   41      1965.00000 1982.95137  0.91%   203   95s
 20799  9402 1979.32022   36  539 1965.00000 1982.48793  0.89%   207  101s
 21527  9757 1969.46461   33  324 1965.00000 1982.26438  0.88%   209  105s
 23215 10339 1969.14106   40  275 1965.00000 1981.90523  0.86%   211  113s
 24021 10650 1974.85812   48  472 1965.00000 1981.77051  0.85%   213  116s
 24911 10945 1976.87967   40  477 1965.00000 1981.55532  0.84%   214  120s
 26557 11620 1972.61925   38  472 1965.00000 1981.22215  0.83%   215  128s
 27481 11833 1969.51333   40  466 1965.00000 1981.09875  0.82%   216  135s
 28895 12432 1973.54336   34  485 1965.00000 1980.86266  0.81%   218  143s
 29781 12716 1975.97475   55  493 1965.00000 1980.73132  0.80%   218  157s
 30597 12878 1969.31374   68  404 1965.00000 1980.58954  0.79%   219  161s
 31223 13095     cutoff   39      1965.00000 1980.43117  0.79%   221  165s
 32042 13300     cutoff   73      1965.00000 1980.22043  0.77%   223  170s
 32854 13511 1971.52875   59  428 1965.00000 1980.04241  0.77%   224  175s
 34604 13901 1970.93480   35  507 1965.00000 1979.73491  0.75%   227  184s
 35393 14113 1968.19942   39  412 1965.00000 1979.59308  0.74%   229  189s
 36318 14294     cutoff   33      1965.00000 1979.43606  0.73%   230  194s
 37117 14493 1968.54015   38  458 1965.00000 1979.29915  0.73%   232  199s
 38032 14718 1969.22452   56  455 1965.00000 1979.14665  0.72%   234  204s
 38950 14929 1966.99538   42  466 1965.00000 1978.96203  0.71%   235  209s
 39907 15121 1969.93769   40  420 1965.00000 1978.82497  0.70%   236  214s
 40833 15349 1972.75470   33  503 1965.00000 1978.66740  0.70%   237  219s
 41776 15577     cutoff   43      1965.00000 1978.51422  0.69%   238  224s
 42645 15756 1967.31811   63  410 1965.00000 1978.36660  0.68%   239  229s
 43518 15910 1966.90945   48  414 1965.00000 1978.21357  0.67%   240  234s
 44449 16014     cutoff   61      1965.00000 1978.05354  0.66%   241  238s
 45232 16186 1969.77795   45  447 1965.00000 1977.94933  0.66%   242  243s
 46214 16386 1971.64650   31  465 1965.00000 1977.79488  0.65%   243  248s
 47191 16499 1971.49641   32  484 1965.00000 1977.65842  0.64%   244  254s
 47746 16594     cutoff   39      1965.00000 1977.62920  0.64%   244  258s
 48585 16815 1972.75762   39  467 1965.00000 1977.39187  0.63%   245  263s
 49571 16959 1968.75654   34  450 1965.00000 1977.25140  0.62%   245  268s
 50580 17041 1969.40803   33  477 1965.00000 1977.07002  0.61%   246  273s
 51520 17153     cutoff   40      1965.00000 1976.96370  0.61%   247  278s
 52457 17200 1967.55190   67  416 1965.00000 1976.80385  0.60%   248  284s
 53275 17250 1967.83955   36  427 1965.00000 1976.67766  0.59%   249  289s
 54152 17318 1969.37398   40  478 1965.00000 1976.53729  0.59%   250  294s
 55071 17371 1967.02863   37  450 1965.00000 1976.38630  0.58%   251  300s
 55607 17409     cutoff   42      1965.00000 1976.36135  0.58%   252  305s
 56470 17507 1966.80222   36  421 1965.00000 1976.16830  0.57%   253  310s
 57512 17567     cutoff   38      1965.00000 1976.03333  0.56%   253  316s
 58560 17670 1968.76838   66  409 1965.00000 1975.89121  0.55%   254  321s
 59576 17747 1973.10852   34  454 1965.00000 1975.73359  0.55%   255  326s
 60535 17797     cutoff   39      1965.00000 1975.62733  0.54%   255  332s
 61490 17857 1970.86143   34  467 1965.00000 1975.51071  0.53%   256  338s
 62464 17853     cutoff   42      1965.00000 1975.39013  0.53%   257  343s
 63434 17884     cutoff   38      1965.00000 1975.27754  0.52%   258  349s
 64428 17957 1966.29675   36  418 1965.00000 1975.11780  0.51%   258  354s
 65547 17974     cutoff   34      1965.00000 1974.97110  0.51%   259  360s
 66654 18021 1970.80177   33  471 1965.00000 1974.84314  0.50%   259  366s
 67735 17969 1966.43482   45  418 1965.00000 1974.72216  0.49%   260  372s
 68760 17948 1966.06802   48  313 1965.00000 1974.61020  0.49%   260  377s
 69760 18017 1970.11051   70  349 1965.00000 1974.48047  0.48%   261  383s
 70877 17983 1967.09788   44  419 1965.00000 1974.34334  0.48%   261  389s
 71952 17981 1969.26721   37  452 1965.00000 1974.22025  0.47%   262  395s
 73083 17957     cutoff   42      1965.00000 1974.09129  0.46%   262  401s
 74250 17865 1966.62981   65  383 1965.00000 1973.95485  0.46%   263  407s
 75290 17740     cutoff   34      1965.00000 1973.82922  0.45%   263  413s
 76366 17702 1969.12674   57  336 1965.00000 1973.68814  0.44%   264  419s
 77553 17643 1967.64020   59  360 1965.00000 1973.55114  0.44%   264  426s
 78685 17525 1967.43921   67  362 1965.00000 1973.40947  0.43%   265  432s
 79896 17362 1969.49886   31  430 1965.00000 1973.28738  0.42%   265  438s
 80889 17235 1970.83285   33  480 1965.00000 1973.13112  0.41%   266  444s
 82058 17032     cutoff   49      1965.00000 1972.99704  0.41%   266  451s
 83215 16895 1967.47166   78  362 1965.00000 1972.85058  0.40%   267  458s
 84437 16744 1966.33431   42  446 1965.00000 1972.70107  0.39%   268  464s
 85633 16533 1970.27530   35  469 1965.00000 1972.58228  0.39%   268  471s
 86909 16265     cutoff   57      1965.00000 1972.42889  0.38%   268  477s
 88128 15998     cutoff   56      1965.00000 1972.29253  0.37%   268  484s
 89299 15744 1966.20324   50  410 1965.00000 1972.13359  0.36%   269  491s
 90656 15508     cutoff   54      1965.00000 1971.97745  0.36%   269  498s
 91573 15266 1970.11931   49  366 1965.00000 1971.87845  0.35%   269  505s
 93042 14925 1966.89581   49  430 1965.00000 1971.72798  0.34%   269  512s
 94528 14506 1967.22119   36  421 1965.00000 1971.57975  0.33%   269  519s
 95943 13996 1967.58188   59  343 1965.00000 1971.40828  0.33%   269  526s
 97392 13570     cutoff   66      1965.00000 1971.26177  0.32%   269  533s
*98546 12879             115    1966.0000001 1971.24864  0.27%   269  533s
 98846 12198     cutoff   35      1966.00000 1971.08300  0.26%   269  540s
H98852 10375                    1967.0000000 1971.08300  0.21%   269  540s
 100148  9497     cutoff   37      1967.00000 1970.86900  0.20%   268  545s
 102524  7507     cutoff   38      1967.00000 1970.31486  0.17%   265  551s
 104987  5101     cutoff   34      1967.00000 1969.75725  0.14%   262  557s
 107807  2194     cutoff   33      1967.00000 1969.07881  0.11%   257  560s

Cutting planes:
  Gomory: 36
  Cover: 65
  Implied bound: 17
  Clique: 1
  MIR: 597
  StrongCG: 24
  Flow cover: 1223
  GUB cover: 262
  Zero half: 13
  RLT: 300
  Relax-and-lift: 3

Explored 111568 nodes (27766996 simplex iterations) in 562.16 seconds (1845.04 work units)
Thread count was 8 (of 8 available processors)

Solution count 10: 1967 1966 1965 ... 1941

Optimal solution found (tolerance 0.00e+00)
Best objective 1.967000000000e+03, best bound 1.967000000000e+03, gap 0.0000%
