
Gurobi 9.5.1 (linux64) logging started Thu Jun  9 07:32:40 2022

Set parameter LogFile to value "../results/logs/log_com-dblp.ungraph_20_250_2022_06_09_02_13.log"
Gurobi Optimizer version 9.5.1 build v9.5.1rc2 (linux64)
Thread count: 8 physical cores, 8 logical processors, using up to 8 threads
Optimize a model with 31647 rows, 634160 columns and 1449921 nonzeros
Model fingerprint: 0x6fc889c6
Variable types: 0 continuous, 634160 integer (634160 binary)
Coefficient statistics:
  Matrix range     [1e+00, 2e+01]
  Objective range  [1e+00, 1e+00]
  Bounds range     [1e+00, 1e+00]
  RHS range        [1e+00, 2e+02]
Found heuristic solution: objective 3066.0000000
Presolve removed 201 rows and 536756 columns
Presolve time: 2.44s
Presolved: 31446 rows, 97404 columns, 675670 nonzeros
Variable types: 0 continuous, 97404 integer (74661 binary)
Found heuristic solution: objective 3081.0000000

Deterministic concurrent LP optimizer: primal and dual simplex
Showing first log only...


Root simplex log...

Iteration    Objective       Primal Inf.    Dual Inf.      Time
   10030    3.4907354e+03   0.000000e+00   4.573634e+06      5s
Warning: 1 variables dropped from basis
Warning: switch to quad precision
   10964    3.7315157e+03   0.000000e+00   2.424210e+03     11s
   11617    3.9579361e+03   0.000000e+00   5.163990e+04     16s
   12067    4.1307927e+03   0.000000e+00   1.041635e+07     21s
   12507    4.2934098e+03   0.000000e+00   3.602334e+05     26s
   12977    4.4703505e+03   0.000000e+00   1.429311e+06     32s
   13307    4.5805710e+03   0.000000e+00   8.081481e+05     37s
   13648    4.6945353e+03   0.000000e+00   1.737521e+07     43s
   13818    4.7507810e+03   0.000000e+00   1.976247e+07     46s
   14169    4.8485046e+03   0.000000e+00   3.737047e+03     54s
   14353    4.9207740e+03   0.000000e+00   1.337638e+06     57s
   14717    5.0690408e+03   0.000000e+00   3.032663e+07     63s
   14899    5.1389064e+03   0.000000e+00   3.568730e+07     67s
   15081    5.2118317e+03   0.000000e+00   1.025429e+07     71s
   15263    5.2784259e+03   0.000000e+00   1.572187e+07     75s
   15628    5.4092009e+03   0.000000e+00   5.221491e+06     83s
   15810    5.4760572e+03   0.000000e+00   7.101906e+06     87s
   15992    5.5562708e+03   0.000000e+00   6.802377e+06     91s
   16174    5.6305197e+03   0.000000e+00   7.898220e+06     96s
   16356    5.6994009e+03   0.000000e+00   1.278909e+07    101s
   16538    5.7605869e+03   0.000000e+00   9.561874e+06    107s
   16720    5.8239234e+03   0.000000e+00   6.021331e+06    114s
   16902    5.8853181e+03   0.000000e+00   1.441203e+07    122s
   17084    5.9474350e+03   0.000000e+00   3.291782e+06    130s
   17266    6.0103618e+03   0.000000e+00   8.422218e+05    138s
   17448    6.0554582e+03   0.000000e+00   4.964479e+03    146s
   17630    6.1222210e+03   0.000000e+00   1.690038e+05    154s
   17812    6.1899913e+03   0.000000e+00   5.422455e+06    164s
   17994    6.2517411e+03   0.000000e+00   1.407852e+06    174s
   18176    6.3050102e+03   0.000000e+00   1.469686e+06    185s
   18358    6.3594139e+03   0.000000e+00   5.772039e+06    197s
   18540    6.4195594e+03   0.000000e+00   8.508117e+05    209s
   18722    6.4715448e+03   0.000000e+00   4.902983e+06    223s
   18904    6.5218443e+03   0.000000e+00   2.207587e+08    238s
   19086    6.5768168e+03   0.000000e+00   9.265183e+06    254s
   19268    6.6123135e+03   0.000000e+00   4.148358e+03    269s
   19450    6.6670195e+03   0.000000e+00   3.057019e+07    285s
   19632    6.7317368e+03   0.000000e+00   1.264203e+07    302s
   19814    6.7903538e+03   0.000000e+00   2.942769e+07    321s
   19996    6.8435237e+03   0.000000e+00   7.081921e+06    340s
   20178    6.8878663e+03   0.000000e+00   2.207085e+07    362s
   20361    6.9288452e+03   0.000000e+00   7.960064e+02    383s
   20543    6.9744566e+03   0.000000e+00   1.320750e+07    406s
   20725    7.0265134e+03   0.000000e+00   2.516863e+07    431s
   20907    7.0771508e+03   0.000000e+00   7.195866e+06    458s
   21089    7.1250789e+03   0.000000e+00   2.317758e+06    488s
   21271    7.1612113e+03   0.000000e+00   3.798721e+07    515s
   21453    7.2023518e+03   0.000000e+00   1.364895e+03    546s
   21635    7.2385382e+03   0.000000e+00   4.255867e+05    578s
   21817    7.2703894e+03   0.000000e+00   1.745666e+05    610s
   21999    7.2978764e+03   0.000000e+00   1.557996e+06    645s
   22181    7.3249382e+03   0.000000e+00   8.155342e+04    681s
   22363    7.3518677e+03   0.000000e+00   4.279475e+07    718s
   22545    7.3610517e+03   0.000000e+00   4.208060e-01    754s
   22560    7.3610708e+03   0.000000e+00   0.000000e+00    768s
   22560    7.3610708e+03   0.000000e+00   0.000000e+00    770s
Concurrent spin time: 516.91s

Solved with primal simplex

Root relaxation: objective 7.361071e+03, 22560 iterations, 767.63 seconds (560.56 work units)

    Nodes    |    Current Node    |     Objective Bounds      |     Work
 Expl Unexpl |  Obj  Depth IntInf | Incumbent    BestBd   Gap | It/Node Time

     0     0 7361.07083    0 15527 3081.00000 7361.07083   139%     -  780s
H    0     0                    3084.0000000 7361.07083   139%     -  971s
H    0     0                    3260.0000000 6563.92117   101%     - 1185s
     0     0 6563.92117    0 15553 3260.00000 6563.92117   101%     - 1200s
H    0     0                    3316.0000000 6563.92117  97.9%     - 1779s
     0     0 6113.05397    0 15536 3316.00000 6113.05397  84.4%     - 2215s
     0     0 5802.30244    0 15427 3316.00000 5802.30244  75.0%     - 2561s
     0     0 5558.43305    0 15285 3316.00000 5558.43305  67.6%     - 2938s
     0     0 5388.38240    0 15109 3316.00000 5388.38240  62.5%     - 3256s
     0     0 5243.99872    0 14950 3316.00000 5243.99872  58.1%     - 3451s
     0     0          -    0      3316.00000 5243.99872  58.1%     - 3600s

Cutting planes:
  Cover: 5
  Implied bound: 204
  MIR: 3493
  StrongCG: 20
  GUB cover: 1044
  Zero half: 2
  RLT: 1464

Explored 1 nodes (47919 simplex iterations) in 3600.06 seconds (5139.20 work units)
Thread count was 8 (of 8 available processors)

Solution count 5: 3316 3260 3084 ... 3066

Time limit reached
Best objective 3.316000000000e+03, best bound 5.243998724511e+03, gap 58.1423%
