
Gurobi 9.5.1 (linux64) logging started Mon Jun 13 00:58:51 2022

Set parameter LogFile to value "../results/logs/log_soc-twitter-higgs.e_17_10_2022_06_12_23_13.log"
Gurobi Optimizer version 9.5.1 build v9.5.1rc2 (linux64)
Thread count: 8 physical cores, 8 logical processors, using up to 8 threads
Optimize a model with 18469 rows, 913262 columns and 596114 nonzeros
Model fingerprint: 0x565d3941
Variable types: 0 continuous, 913262 integer (913262 binary)
Coefficient statistics:
  Matrix range     [1e+00, 2e+01]
  Objective range  [1e+00, 1e+00]
  Bounds range     [1e+00, 1e+00]
  RHS range        [1e+00, 1e+01]
Found heuristic solution: objective 231419.00000
Presolve removed 9464 rows and 896822 columns
Presolve time: 2.94s
Presolved: 9005 rows, 16440 columns, 56119 nonzeros
Found heuristic solution: objective 231441.00000
Variable types: 0 continuous, 16440 integer (13900 binary)

Root relaxation: objective 2.323325e+05, 5112 iterations, 0.05 seconds (0.04 work units)

    Nodes    |    Current Node    |     Objective Bounds      |     Work
 Expl Unexpl |  Obj  Depth IntInf | Incumbent    BestBd   Gap | It/Node Time

     0     0 232332.468    0 1586 231441.000 232332.468  0.39%     -    3s
H    0     0                    231450.00000 231698.019  0.11%     -    3s
     0     0 231698.019    0  451 231450.000 231698.019  0.11%     -    3s
H    0     0                    231468.00000 231698.019  0.10%     -    3s
H    0     0                    231477.00000 231698.019  0.10%     -    4s
     0     0 231663.710    0  383 231477.000 231663.710  0.08%     -    4s
     0     0 231662.898    0  369 231477.000 231662.898  0.08%     -    4s
     0     0 231662.521    0  344 231477.000 231662.521  0.08%     -    4s
     0     0 231662.512    0  334 231477.000 231662.512  0.08%     -    4s
H    0     0                    231485.00000 231662.512  0.08%     -    4s
H    0     0                    231487.00000 231604.734  0.05%     -    4s
     0     0 231604.734    0  374 231487.000 231604.734  0.05%     -    4s
H    0     0                    231488.00000 231604.734  0.05%     -    4s
     0     0 231596.100    0  353 231488.000 231596.100  0.05%     -    4s
     0     0 231595.174    0  315 231488.000 231595.174  0.05%     -    4s
     0     0 231594.567    0  357 231488.000 231594.567  0.05%     -    4s
     0     0 231594.499    0  359 231488.000 231594.499  0.05%     -    4s
H    0     0                    231489.00000 231594.499  0.05%     -    5s
     0     0 231581.401    0  466 231489.000 231581.401  0.04%     -    5s
H    0     0                    231502.00000 231581.401  0.03%     -    5s
H    0     0                    231515.00000 231581.401  0.03%     -    5s
     0     0 231575.527    0  414 231515.000 231575.527  0.03%     -    5s
     0     0 231573.554    0  380 231515.000 231573.554  0.03%     -    5s
     0     0 231573.174    0  459 231515.000 231573.174  0.03%     -    5s
     0     0 231566.403    0  480 231515.000 231566.403  0.02%     -    6s
     0     0 231565.137    0  420 231515.000 231565.137  0.02%     -    6s
     0     0 231564.601    0  468 231515.000 231564.601  0.02%     -    6s
     0     0 231564.494    0  488 231515.000 231564.494  0.02%     -    6s
     0     0 231562.281    0  495 231515.000 231562.281  0.02%     -    6s
     0     0 231562.281    0  494 231515.000 231562.281  0.02%     -    7s
H    0     0                    231517.00000 231562.281  0.02%     -    7s
     0     2 231560.790    0  494 231517.000 231560.790  0.02%     -    8s
   319   287 231542.788   42  225 231517.000 231560.004  0.02%  54.9   10s
H  464   341                    231521.00000 231560.004  0.02%  53.2   10s
H 1448  1028                    231523.00000 231551.557  0.01%  61.4   14s
  1727  1022 231532.789   28  494 231523.000 231551.557  0.01%  62.1   15s
H 1748   983                    231526.00000 231551.011  0.01%  61.4   20s
  1770   998 231541.133   16  345 231526.000 231541.133  0.01%  60.6   25s
  1784  1007 231533.185   24  301 231526.000 231539.995  0.01%  60.1   30s
H 1788   959                    231527.00000 231539.914  0.01%  60.0   33s
  1790   962 231538.991   13  249 231527.000 231538.991  0.01%  70.3   37s
  1795   963 231537.656   15  444 231527.000 231538.875  0.01%  70.3   41s
* 1957   955              32    231528.00000 231536.852  0.00%  69.6   43s
  2399   898 231529.874   35  111 231528.000 231536.166  0.00%  67.5   45s
* 2608   799              55    231530.00000 231533.722  0.00%  65.8   46s
* 2997   466              34    231531.00000 231532.980  0.00%  61.8   47s

Cutting planes:
  Gomory: 92
  Lift-and-project: 129
  Cover: 80
  Implied bound: 57
  MIR: 412
  StrongCG: 30
  Flow cover: 424
  GUB cover: 484
  Zero half: 116
  RLT: 321
  Relax-and-lift: 7

Explored 3093 nodes (197060 simplex iterations) in 47.73 seconds (56.10 work units)
Thread count was 8 (of 8 available processors)

Solution count 10: 231531 231530 231528 ... 231502

Optimal solution found (tolerance 0.00e+00)
Best objective 2.315310000000e+05, best bound 2.315310000000e+05, gap 0.0000%
