
Gurobi 9.5.1 (linux64) logging started Wed Mar  9 18:04:59 2022

Set parameter LogFile to value "../results/logs/log_2022_03_09_17_57.csv_5_60.log"
Set parameter Method to value 3
Gurobi Optimizer version 9.5.1 build v9.5.1rc2 (linux64)
Thread count: 8 physical cores, 8 logical processors, using up to 8 threads
Optimize a model with 1783 rows, 9882 columns and 22585 nonzeros
Model fingerprint: 0x9f7233c9
Variable types: 4941 continuous, 4941 integer (4941 binary)
Coefficient statistics:
  Matrix range     [1e+00, 5e+00]
  Objective range  [1e+00, 1e+00]
  Bounds range     [1e+00, 1e+00]
  RHS range        [1e+00, 6e+01]
Found heuristic solution: objective 12.0000000
Presolve removed 944 rows and 8566 columns
Presolve time: 0.03s
Presolved: 839 rows, 1316 columns, 4810 nonzeros
Variable types: 741 continuous, 575 integer (555 binary)
Found heuristic solution: objective 26.0000000

Concurrent LP optimizer: primal simplex, dual simplex, and barrier
Showing barrier log only...

Root barrier log...

Ordering time: 0.00s

Barrier statistics:
 AA' NZ     : 3.463e+03
 Factor NZ  : 9.369e+03 (roughly 1 MB of memory)
 Factor Ops : 1.271e+05 (less than 1 second per iteration)
 Threads    : 1

                  Objective                Residual
Iter       Primal          Dual         Primal    Dual     Compl     Time
   0   2.03122328e+03  1.81632474e+03  1.58e+03 8.41e-01  7.82e+00     0s
   1   4.05961994e+02  1.81439852e+03  2.06e+02 2.22e-15  1.29e+00     0s
   2   2.19099015e+02  5.79658851e+02  3.73e+01 2.22e-15  2.27e-01     0s
   3   1.48802732e+02  2.16640527e+02  3.82e+00 2.83e-15  3.18e-02     0s
   4   1.46881879e+02  1.68556827e+02  3.37e-01 3.37e-15  7.36e-03     0s
   5   1.49807207e+02  1.56857832e+02  1.19e-01 3.77e-15  2.41e-03     0s
   6   1.50979166e+02  1.53684019e+02  4.97e-02 2.39e-15  9.34e-04     0s
   7   1.51742825e+02  1.52124259e+02  5.05e-03 5.41e-15  1.27e-04     0s
   8   1.51859652e+02  1.51886585e+02  2.15e-04 3.04e-15  8.58e-06     0s
   9   1.51868114e+02  1.51868730e+02  1.92e-06 2.35e-15  1.89e-07     0s
  10   1.51868275e+02  1.51868275e+02  5.61e-10 1.84e-15  7.43e-11     0s

Barrier solved model in 10 iterations and 0.04 seconds (0.04 work units)
Optimal objective 1.51868275e+02


Solved with barrier

Root relaxation: objective 1.518683e+02, 232 iterations, 0.01 seconds (0.01 work units)

    Nodes    |    Current Node    |     Objective Bounds      |     Work
 Expl Unexpl |  Obj  Depth IntInf | Incumbent    BestBd   Gap | It/Node Time

     0     0  151.86827    0  295   26.00000  151.86827   484%     -    0s
H    0     0                      48.0000000  151.86827   216%     -    0s
H    0     0                      49.0000000  151.86827   210%     -    0s
H    0     0                      64.0000000  151.86827   137%     -    0s
     0     0  107.27003    0  128   64.00000  107.27003  67.6%     -    0s
     0     0  106.33202    0  121   64.00000  106.33202  66.1%     -    0s
     0     0  106.28173    0  120   64.00000  106.28173  66.1%     -    0s
     0     0  106.28160    0  120   64.00000  106.28160  66.1%     -    0s
     0     0  100.68722    0  102   64.00000  100.68722  57.3%     -    0s
     0     0   99.82565    0   89   64.00000   99.82565  56.0%     -    0s
     0     0   99.67193    0   79   64.00000   99.67193  55.7%     -    0s
     0     0   99.63257    0   91   64.00000   99.63257  55.7%     -    0s
     0     0   98.59271    0   71   64.00000   98.59271  54.1%     -    0s
H    0     0                      66.0000000   98.43039  49.1%     -    0s
     0     0   98.43039    0   78   66.00000   98.43039  49.1%     -    0s
     0     0   98.31327    0   81   66.00000   98.31327  49.0%     -    0s
     0     0   98.27742    0   82   66.00000   98.27742  48.9%     -    0s
     0     0   97.58074    0   74   66.00000   97.58074  47.8%     -    0s
H    0     0                      86.0000000   97.46088  13.3%     -    0s
     0     0   97.46088    0   83   86.00000   97.46088  13.3%     -    0s
     0     0   97.43852    0   76   86.00000   97.43852  13.3%     -    0s
     0     0   97.13141    0   71   86.00000   97.13141  12.9%     -    0s
     0     0   97.13141    0   68   86.00000   97.13141  12.9%     -    0s
     0     2   97.13141    0   68   86.00000   97.13141  12.9%     -    0s
*  179   202              24      94.0000000   96.19681  2.34%  32.5    0s
H  311   185                      95.0000000   95.92213  0.97%  28.1    0s

Cutting planes:
  Gomory: 105
  Lift-and-project: 16
  Implied bound: 12
  MIR: 349
  RLT: 63
  Relax-and-lift: 9

Explored 323 nodes (10980 simplex iterations) in 0.66 seconds (0.97 work units)
Thread count was 8 (of 8 available processors)

Solution count 9: 95 94 86 ... 12

Optimal solution found (tolerance 1.00e-04)
Best objective 9.500000000000e+01, best bound 9.500000000000e+01, gap 0.0000%
