
Gurobi 9.5.1 (linux64) logging started Mon Jun 20 09:40:35 2022

Set parameter LogFile to value "../results/logs/log_com-youtube.ungraph_20_10_2022_06_19_22_46.log"
Gurobi Optimizer version 9.5.1 build v9.5.1rc2 (linux64)
Thread count: 8 physical cores, 8 logical processors, using up to 8 threads
Optimize a model with 90367 rows, 2269780 columns and 2899353 nonzeros
Model fingerprint: 0x27c9ad5c
Variable types: 0 continuous, 2269780 integer (2269780 binary)
Coefficient statistics:
  Matrix range     [1e+00, 2e+01]
  Objective range  [1e+00, 1e+00]
  Bounds range     [1e+00, 1e+00]
  RHS range        [1e+00, 1e+01]
Found heuristic solution: objective 18890.000000
Presolve removed 25499 rows and 2136825 columns (presolve time = 5s) ...
Presolve removed 25699 rows and 2136832 columns (presolve time = 12s) ...
Presolve removed 35836 rows and 2143592 columns (presolve time = 16s) ...
Presolve removed 38942 rows and 2145767 columns (presolve time = 20s) ...
Presolve removed 38968 rows and 2145771 columns
Presolve time: 20.57s
Presolved: 51399 rows, 124009 columns, 610472 nonzeros
Extracted 13052 lazy constraints
Variable types: 0 continuous, 124009 integer (104205 binary)

Deterministic concurrent LP optimizer: primal and dual simplex
Showing first log only...


Root simplex log...

Iteration    Objective       Primal Inf.    Dual Inf.      Time
       0    1.9270000e+04   0.000000e+00   1.702800e+04     21s
Warning: Markowitz tolerance tightened to 0.0625
   15387    2.0866468e+04   0.000000e+00   2.982273e+09     25s
   16531    2.1628769e+04   0.000000e+00   6.828245e+06     31s
   17121    2.2135121e+04   0.000000e+00   8.365656e+06     36s
   17591    2.2427330e+04   0.000000e+00   4.978657e+06     41s
   18051    2.2703306e+04   0.000000e+00   5.970061e+06     46s
   18381    2.2884704e+04   0.000000e+00   7.542684e+03     51s
   18701    2.3143995e+04   0.000000e+00   8.461521e+07     55s
   19181    2.3484692e+04   0.000000e+00   1.209687e+07     63s
   19341    2.3570272e+04   0.000000e+00   2.357934e+06     65s
   19661    2.3782190e+04   0.000000e+00   4.625748e+03     71s
   19981    2.4026171e+04   0.000000e+00   2.433284e+07     77s
   20131    2.4107536e+04   0.000000e+00   3.299644e+06     80s
   20412    2.4282277e+04   0.000000e+00   6.908325e+03     86s
   20627    2.4402658e+04   0.000000e+00   1.550067e+03     90s
   20889    2.4533009e+04   0.000000e+00   9.402573e+06     96s
   21159    2.4645778e+04   0.000000e+00   6.615620e+05    102s
   21419    2.4773355e+04   0.000000e+00   9.317549e+07    108s
Concurrent spin time: 16.02s

Solved with dual simplex

Root relaxation: objective 2.537693e+04, 18381 iterations, 86.97 seconds (171.12 work units)

    Nodes    |    Current Node    |     Objective Bounds      |     Work
 Expl Unexpl |  Obj  Depth IntInf | Incumbent    BestBd   Gap | It/Node Time

     0     0 25376.9115    0 17292 18890.0000 25376.9115  34.3%     -  131s
H    0     0                    18900.000000 25376.9115  34.3%     -  132s
     0     0 23149.3012    0 16057 18900.0000 23149.3012  22.5%     -  375s
     0     0 23149.3012    0 16057 18900.0000 23149.3012  22.5%     -  409s
H    0     0                    18991.000000 23149.3012  21.9%     -  454s
     0     0 22177.9528    0 16071 18991.0000 22177.9528  16.8%     -  513s
     0     0 21333.8912    0 15842 18991.0000 21333.8912  12.3%     -  570s
     0     0 20693.2477    0 15576 18991.0000 20693.2477  8.96%     -  615s
     0     0 20302.5052    0 14993 18991.0000 20302.5052  6.91%     -  655s
     0     0 20016.2969    0 14159 18991.0000 20016.2969  5.40%     -  690s
     0     0 19986.8032    0 12849 18991.0000 19986.8032  5.24%     -  718s
     0     0 19953.2876    0 11288 18991.0000 19953.2876  5.07%     -  743s
     0     0 19949.3515    0 9251 18991.0000 19949.3515  5.05%     -  758s
     0     0 19937.7389    0 7400 18991.0000 19937.7389  4.99%     -  769s
     0     0 19935.9766    0 6873 18991.0000 19935.9766  4.98%     -  774s
     0     0 19934.8341    0 5615 18991.0000 19934.8341  4.97%     -  778s
     0     0 19581.6855    0 5237 18991.0000 19581.6855  3.11%     -  781s
H    0     0                    19000.000000 19549.7771  2.89%     -  855s
     0     0 19549.7771    0 8108 19000.0000 19549.7771  2.89%     -  855s
     0     0 19420.7820    0 8629 19000.0000 19420.7820  2.21%     -  866s
     0     0 19391.8209    0 7612 19000.0000 19391.8209  2.06%     -  883s
     0     0 19378.4910    0 6461 19000.0000 19378.4910  1.99%     -  896s
     0     0 19369.7565    0 6480 19000.0000 19369.7565  1.95%     -  909s
     0     0 19367.1360    0 6291 19000.0000 19367.1360  1.93%     -  920s
     0     0 19315.4140    0 5868 19000.0000 19315.4140  1.66%     -  995s
H    0     0                    19003.000000 19288.6290  1.50%     - 1160s
     0     0 19288.6290    0 7786 19003.0000 19288.6290  1.50%     - 1160s
     0     0 19274.2577    0 6932 19003.0000 19274.2577  1.43%     - 1177s
     0     0 19266.6805    0 7505 19003.0000 19266.6805  1.39%     - 1197s
     0     0 19260.2094    0 6978 19003.0000 19260.2094  1.35%     - 1220s
     0     0 19247.4173    0 6626 19003.0000 19247.4173  1.29%     - 1302s
     0     0 19247.4171    0 6621 19003.0000 19247.4171  1.29%     - 1322s
     0     0 19247.4171    0 6621 19003.0000 19247.4171  1.29%     - 1322s
     0     2 19237.0703    0 6621 19003.0000 19237.0703  1.23%     - 1565s
     1     2 19237.0703    1 6584 19003.0000 19237.0703  1.23%   197 1572s
     3     3 19237.0703    2 7122 19003.0000 19237.0703  1.23%  1176 1598s
     5     4 19237.0703    3 7106 19003.0000 19237.0703  1.23%  1292 1617s
     8     7 19237.0703    4 7168 19003.0000 19237.0703  1.23%  1159 1623s
    12     7 19227.6336    5 7235 19003.0000 19236.2788  1.23%  1831 1801s
    19    12 19224.2983    6 7099 19003.0000 19224.2983  1.16%  5362 1866s
    26    19 19224.2983    7 7098 19003.0000 19224.2983  1.16%  4834 1883s
    34    26 19222.6933    8 7706 19003.0000 19224.2910  1.16%  3877 1956s
    42    37 19222.6399    9 7722 19003.0000 19224.2910  1.16%  3708 2022s
    53    49 19222.4606   11 7704 19003.0000 19224.2910  1.16%  3376 2040s
    65    64 19222.2007   13 7654 19003.0000 19224.2910  1.16%  2864 2063s
    80    81 19221.8217   15 7728 19003.0000 19224.2910  1.16%  2419 2075s
    97    94 19221.6174   17 7634 19003.0000 19224.2910  1.16%  2048 2098s
   110   110 19221.4453   20 7597 19003.0000 19224.2910  1.16%  1871 2111s
   128   125 19221.3828   22 7630 19003.0000 19224.2910  1.16%  1648 2123s
   147   144 19220.9011   26 7702 19003.0000 19224.2910  1.16%  1469 2148s
   168   166 19220.7070   30 7744 19003.0000 19224.2910  1.16%  1333 2170s
   197   191 19220.5046   33 7582 19003.0000 19224.2910  1.16%  1176 2183s
   227   206 19220.1815   35 7751 19003.0000 19224.2910  1.16%  1048 2203s
   248   223 19219.9600   36 7695 19003.0000 19224.2910  1.16%   991 2217s
   270   244 19219.9110   37 7714 19003.0000 19224.2910  1.16%   931 2240s
   298   272 19219.6476   41 7729 19003.0000 19224.2910  1.16%   865 2254s
   333   289 19219.3840   44 7660 19003.0000 19224.2910  1.16%   794 2267s
   360   308 19219.2512   46 7721 19003.0000 19224.2910  1.16%   751 2285s
   383   325 19219.1510   49 7780 19003.0000 19224.2910  1.16%   725 2389s
H  402   325                    19004.000000 19224.2910  1.16%   709 2389s
   403   350 19218.8933   52 7666 19004.0000 19224.2910  1.16%   708 2410s
   436   383 19218.2599   56 7744 19004.0000 19224.2910  1.16%   673 2431s
   477   406 19217.9931   63 7654 19004.0000 19224.2910  1.16%   636 2527s
   507   414 19215.2035   67 7875 19004.0000 19224.2910  1.16%   644 2575s
   515   435 19203.3151   67 7279 19004.0000 19224.2910  1.16%   674 2638s
   536   461 19215.2031   68 7871 19004.0000 19224.2910  1.16%   687 2896s
   563   477 19214.7370   71 7776 19004.0000 19224.2910  1.16%   726 3159s
   579   517 19213.0483   73 7640 19004.0000 19224.2910  1.16%   718 3185s
   620   575 19211.5466   78 7715 19004.0000 19224.2910  1.16%   690 3211s
   678   607 19210.4381   87 7646 19004.0000 19224.2910  1.16%   649 3398s
   712   671 19209.8695   92 7556 19004.0000 19224.2910  1.16%   633 3430s
   777   723 19206.9261   97 7401 19004.0000 19224.2910  1.16%   600 3476s
   834   755 19205.5936  103 7411 19004.0000 19224.2910  1.16%   579 3600s

Cutting planes:
  Gomory: 1
  Cover: 539
  Implied bound: 1176
  MIR: 5701
  StrongCG: 458
  GUB cover: 1929
  Zero half: 57
  RLT: 5754
  Relax-and-lift: 16
  Lazy constraints: 10994

Explored 873 nodes (557029 simplex iterations) in 3600.07 seconds (6375.64 work units)
Thread count was 8 (of 8 available processors)

Solution count 6: 19004 19003 19000 ... 18890

Time limit reached
Best objective 1.900400000000e+04, best bound 1.922400000000e+04, gap 1.1577%

Gurobi 9.5.1 (linux64) logging started Mon Jun 20 20:48:55 2022

Set parameter LogFile to value "../results/logs/log_com-youtube.ungraph_20_10_2022_06_19_22_46.log"
Gurobi Optimizer version 9.5.1 build v9.5.1rc2 (linux64)
Thread count: 8 physical cores, 8 logical processors, using up to 8 threads
Optimize a model with 59997 rows, 2269780 columns and 2414256 nonzeros
Model fingerprint: 0x70277554
Variable types: 0 continuous, 2269780 integer (2269780 binary)
Coefficient statistics:
  Matrix range     [1e+00, 2e+01]
  Objective range  [1e+00, 1e+00]
  Bounds range     [1e+00, 1e+00]
  RHS range        [1e+00, 1e+01]
Found heuristic solution: objective 18890.000000
Presolve removed 20292 rows and 2178414 columns (presolve time = 5s) ...
Presolve removed 21410 rows and 2179014 columns
Presolve time: 9.22s
Presolved: 38587 rows, 90766 columns, 440699 nonzeros
Extracted 9591 lazy constraints
Found heuristic solution: objective 18900.000000
Variable types: 0 continuous, 90766 integer (75836 binary)

Deterministic concurrent LP optimizer: primal and dual simplex
Showing first log only...


Root simplex log...

Iteration    Objective       Primal Inf.    Dual Inf.      Time
       0    1.9244000e+04   0.000000e+00   1.462750e+04     10s
   10872    1.9791682e+04   0.000000e+00   5.740455e+05     10s
Warning: Markowitz tolerance tightened to 0.125
   13334    2.1602447e+04   0.000000e+00   3.875932e+06     15s
   14274    2.2355745e+04   0.000000e+00   1.085474e+07     21s
   14874    2.2739777e+04   0.000000e+00   2.549437e+07     26s
   15354    2.3065281e+04   0.000000e+00   1.976692e+07     30s
   15824    2.3398308e+04   0.000000e+00   1.500450e+09     35s
   16306    2.3693296e+04   0.000000e+00   3.245272e+05     41s
   16616    2.3869399e+04   0.000000e+00   8.866277e+04     46s
   17069    2.4139044e+04   0.000000e+00   1.131047e+03     52s
   17419    2.4366533e+04   0.000000e+00   2.878161e+06     57s
Concurrent spin time: 2.98s

Solved with dual simplex

Root relaxation: objective 2.468356e+04, 9669 iterations, 48.15 seconds (89.24 work units)

    Nodes    |    Current Node    |     Objective Bounds      |     Work
 Expl Unexpl |  Obj  Depth IntInf | Incumbent    BestBd   Gap | It/Node Time

     0     0 24683.5622    0 12619 18900.0000 24683.5622  30.6%     -   65s
H    0     0                    18903.000000 24683.5622  30.6%     -   66s
     0     0 22707.4479    0 11581 18903.0000 22707.4479  20.1%     -  171s
H    0     0                    18990.000000 22707.4479  19.6%     -  194s
     0     0 21827.1369    0 11568 18990.0000 21827.1369  14.9%     -  224s
     0     0 21013.7873    0 11308 18990.0000 21013.7873  10.7%     -  254s
     0     0 20089.3292    0 10985 18990.0000 20089.3292  5.79%     -  277s
H    0     0                    18992.000000 20067.1280  5.66%     -  305s
     0     0 19956.2442    0 10470 18992.0000 19956.2442  5.08%     -  305s
     0     0 19894.9763    0 9534 18992.0000 19894.9763  4.75%     -  330s
     0     0 19893.4217    0 7954 18992.0000 19893.4217  4.75%     -  343s
     0     0 19566.9788    0 6371 18992.0000 19566.9788  3.03%     -  354s
     0     0 19566.9788    0 5332 18992.0000 19566.9788  3.03%     -  358s
     0     0 19566.9788    0 3724 18992.0000 19566.9788  3.03%     -  360s
     0     0 19553.8011    0 5805 18992.0000 19553.8011  2.96%     -  375s
     0     0 19409.6531    0 6217 18992.0000 19409.6531  2.20%     -  383s
     0     0 19380.7903    0 6039 18992.0000 19380.7903  2.05%     -  392s
H    0     0                    18997.000000 19372.1772  1.97%     -  399s
     0     0 19372.1772    0 4938 18997.0000 19372.1772  1.97%     -  403s
     0     0 19364.3772    0 5551 18997.0000 19364.3772  1.93%     -  408s
     0     0 19360.9573    0 4530 18997.0000 19360.9573  1.92%     -  413s
     0     0 19308.6219    0 4732 18997.0000 19308.6219  1.64%     -  452s
H    0     0                    19001.000000 19308.6219  1.62%     -  514s
     0     0 19284.0295    0 5378 19001.0000 19284.0295  1.49%     -  570s
     0     0 19270.6513    0 6084 19001.0000 19270.6513  1.42%     -  587s
     0     0 19261.1080    0 5202 19001.0000 19261.1080  1.37%     -  604s
     0     0 19254.4690    0 5283 19001.0000 19254.4690  1.33%     -  619s
     0     0 19251.6546    0 5195 19001.0000 19251.6546  1.32%     -  629s
     0     0 19240.1818    0 5208 19001.0000 19240.1818  1.26%     -  678s
     0     0 19233.0581    0 5051 19001.0000 19233.0581  1.22%     -  693s
     0     0 19227.2899    0 5519 19001.0000 19227.2899  1.19%     -  709s
     0     0 19220.3858    0 5615 19001.0000 19220.3858  1.15%     -  722s
     0     0 19220.3858    0 5615 19001.0000 19220.3858  1.15%     -  734s
     0     2 19211.8457    0 5615 19001.0000 19211.8457  1.11%     -  847s
     1     4 19211.8457    1 5583 19001.0000 19211.8457  1.11%  66.0  851s
     3     6 19211.8457    2 5460 19001.0000 19211.8457  1.11%  1202  872s
     7    12 19211.8457    3 5517 19001.0000 19211.8457  1.11%  1949  875s
    13    18 19208.9060    4 6004 19001.0000 19211.8457  1.11%  1941  972s
    21    26 19204.8062    5 5827 19001.0000 19211.8457  1.11%  4755 1020s
    29    33 19204.7207    6 5852 19001.0000 19208.8944  1.09%  4422 1045s
    37    41 19204.7203    7 5843 19001.0000 19208.8944  1.09%  3854 1056s
    45    54 19200.9877    8 5444 19001.0000 19208.8944  1.09%  3392 1079s
    58    68 19182.5372    9 4847 19001.0000 19208.8944  1.09%  2875 1100s
    72    83 19199.0491    9 5384 19001.0000 19208.8944  1.09%  2364 1111s
    87   100 19160.3893   11 4106 19001.0000 19208.8944  1.09%  2072 1138s
   104   116 19197.2210   11 5414 19001.0000 19208.8944  1.09%  1859 1169s
   120   139 19196.8298   14 5451 19001.0000 19208.8944  1.09%  1725 1193s
   143   160 19196.6779   16 5634 19001.0000 19208.8944  1.09%  1528 1200s
   164   183 19194.8215   18 5573 19001.0000 19208.8944  1.09%  1366 1240s
   189   203 19194.0599   21 5621 19001.0000 19208.8944  1.09%  1266 1262s
   212   230 19193.9039   23 5684 19001.0000 19208.8944  1.09%  1176 1277s
   240   250 19191.2338   25 5513 19001.0000 19208.8944  1.09%  1076 1306s
   260   285 19188.7489   27 5629 19001.0000 19208.8944  1.09%  1052 1327s
   297   316 19185.6933   32 5360 19001.0000 19208.8944  1.09%   967 1341s
   332   336 19185.1457   35 5474 19001.0000 19208.8944  1.09%   895 1354s
   360   365 19183.5940   38 5473 19001.0000 19208.8944  1.09%   855 1369s
   393   387 19183.0494   41 5357 19001.0000 19208.8944  1.09%   810 1398s
   417   395 19173.1739   45 5255 19001.0000 19208.8944  1.09%   800 1551s
H  419   395                    19002.000000 19208.8944  1.09%   803 1551s
H  423   395                    19003.000000 19208.8944  1.08%   811 1551s
   425   416 19172.5388   46 5193 19003.0000 19208.8944  1.08%   820 1583s
   447   442 19170.8682   51 5106 19003.0000 19208.8944  1.08%   818 1603s
H  467   442                    19005.000000 19208.8944  1.07%   807 1603s
   474   463 19170.2462   52 5164 19005.0000 19208.8944  1.07%   800 1676s
H  495   475                    19006.000000 19208.8944  1.07%   792 2300s
H  496   475                    19007.000000 19208.8944  1.06%   791 2300s
   507   517 19169.0939   54 5208 19007.0000 19208.8944  1.06%   792 2319s
   549   581 19168.2512   59 5224 19007.0000 19208.8944  1.06%   758 2337s
   617   638 19167.3328   68 5180 19007.0000 19208.8944  1.06%   698 2368s
   677   673 19165.2587   77 5198 19007.0000 19208.8944  1.06%   665 2391s
   716   720 19161.0174   78 5097 19007.0000 19208.8944  1.06%   653 2413s
   765   754 19160.0648   85 4982 19007.0000 19208.8944  1.06%   636 2446s
   806   785 19158.9187   87 4976 19007.0000 19208.8944  1.06%   630 2476s
   845   834 19153.7479   89 4240 19007.0000 19208.8944  1.06%   629 2511s
   904   870 19156.0769   91 5104 19007.0000 19208.8944  1.06%   616 2541s
   952   901 19152.6859   98 5172 19007.0000 19208.8944  1.06%   611 2577s
   984   935 19153.0557   98 5173 19007.0000 19208.8944  1.06%   617 2633s
  1019   995 19151.9379  100 5089 19007.0000 19208.8944  1.06%   628 2692s
  1087  1054 19149.2440  106 5014 19007.0000 19208.8944  1.06%   619 2769s
  1158  1097 19144.7134  113 4969 19007.0000 19208.8944  1.06%   620 2810s
  1206  1149 19138.8863  118 5074 19007.0000 19208.8944  1.06%   620 2846s
  1270  1199 19136.8662  126 4729 19007.0000 19208.8944  1.06%   612 2904s
  1328  1244 19135.4033  134 4405 19007.0000 19208.8944  1.06%   614 2951s
  1389  1316 19135.2131  137 4377 19007.0000 19208.8944  1.06%   614 3001s
  1468  1371 19133.2276  141 4453 19007.0000 19208.8944  1.06%   607 3092s
  1540  1399 19125.0946  150 3832 19007.0000 19208.8944  1.06%   608 3145s
  1582  1487 19124.0686  154 4039 19007.0000 19208.8944  1.06%   617 3199s
  1678  1488 19113.5108   26 5615 19007.0000 19208.8944  1.06%   606 3468s

Explored 1679 nodes (1091882 simplex iterations) in 3601.21 seconds (7094.63 work units)
Thread count was 8 (of 8 available processors)

Solution count 10: 19007 19006 19005 ... 18903

Time limit reached
Best objective 1.900700000000e+04, best bound 1.920800000000e+04, gap 1.0575%
