
Gurobi 9.1.2 (win64) logging started Tue Aug 31 12:50:23 2021

Changed value of parameter LogFile to ../results/logs/log_samuel_kroger_2021_08_31_12_49_42.csv_21_250.log
   Prev:   Default: 
Changed value of parameter method to 3
   Prev: -1  Min: -1  Max: 5  Default: -1
Gurobi Optimizer version 9.1.2 build v9.1.2rc0 (win64)
Thread count: 6 physical cores, 12 logical processors, using up to 12 threads
Optimize a model with 247550 rows, 299400 columns and 21115624 nonzeros
Model fingerprint: 0xe5b55f84
Variable types: 0 continuous, 299400 integer (299400 binary)
Coefficient statistics:
  Matrix range     [1e+00, 2e+01]
  Objective range  [1e+00, 1e+00]
  Bounds range     [1e+00, 1e+00]
  RHS range        [1e+00, 3e+02]
Found heuristic solution: objective -0.0000000
Presolve removed 14 rows and 103996 columns (presolve time = 11s) ...
Presolve removed 14 rows and 103996 columns (presolve time = 15s) ...
Presolve removed 14 rows and 103996 columns (presolve time = 20s) ...
Presolve removed 14 rows and 103996 columns (presolve time = 25s) ...
Presolve removed 14 rows and 103996 columns (presolve time = 30s) ...
Presolve removed 14 rows and 103996 columns (presolve time = 35s) ...
Presolve removed 14 rows and 103996 columns (presolve time = 40s) ...
Presolve removed 14 rows and 103996 columns (presolve time = 46s) ...
Presolve removed 14 rows and 103996 columns (presolve time = 50s) ...
Presolve removed 14 rows and 104009 columns (presolve time = 55s) ...
Presolve removed 14 rows and 104009 columns (presolve time = 60s) ...
Presolve removed 287 rows and 104023 columns (presolve time = 73s) ...
Presolve removed 287 rows and 104023 columns (presolve time = 75s) ...
Presolve removed 287 rows and 104023 columns (presolve time = 86s) ...
Presolve removed 2718 rows and 106454 columns (presolve time = 92s) ...
Presolve removed 281 rows and 104017 columns
Presolve time: 91.59s
Presolved: 247269 rows, 195383 columns, 19770646 nonzeros
Variable types: 0 continuous, 195383 integer (188460 binary)

Concurrent LP optimizer: primal simplex, dual simplex, and barrier
Showing barrier log only...

Root barrier log...


Barrier performed 0 iterations in 109.51 seconds
Barrier solve interrupted - model solved by another algorithm


Solved with dual simplex

Root relaxation: objective 8.031441e+04, 4581 iterations, 14.77 seconds

    Nodes    |    Current Node    |     Objective Bounds      |     Work
 Expl Unexpl |  Obj  Depth IntInf | Incumbent    BestBd   Gap | It/Node Time

     0     0 80314.4073    0 1037   -0.00000 80314.4073      -     -  119s
H    0     0                    77231.000000 80314.4073  3.99%     -  122s
H    0     0                    78727.000000 80314.4073  2.02%     -  123s
     0     0 79784.8968    0  591 78727.0000 79784.8968  1.34%     -  146s
H    0     0                    78730.000000 79784.8968  1.34%     -  152s
H    0     0                    79509.000000 79784.8968  0.35%     -  153s
H    0     0                    79574.000000 79784.8968  0.27%     -  159s
     0     0 79779.6828    0  575 79574.0000 79779.6828  0.26%     -  162s
     0     0 79779.0232    0  562 79574.0000 79779.0232  0.26%     -  167s
     0     0 79778.8470    0  561 79574.0000 79778.8470  0.26%     -  171s
     0     0 79778.8463    0  561 79574.0000 79778.8463  0.26%     -  175s
     0     0 79631.4563    0  403 79574.0000 79631.4563  0.07%     -  231s
     0     0 79628.7003    0  415 79574.0000 79628.7003  0.07%     -  241s
     0     0 79627.6481    0  437 79574.0000 79627.6481  0.07%     -  246s
     0     0 79627.5636    0  434 79574.0000 79627.5636  0.07%     -  251s
     0     0 79627.5568    0  437 79574.0000 79627.5568  0.07%     -  256s
     0     0 79616.6346    0  365 79574.0000 79616.6346  0.05%     -  280s
H    0     0                    79576.000000 79616.6346  0.05%     -  287s
     0     0 79613.0802    0  355 79576.0000 79613.0802  0.05%     -  291s
     0     0 79611.5992    0  356 79576.0000 79611.5992  0.04%     -  296s
     0     0 79611.1240    0  333 79576.0000 79611.1240  0.04%     -  302s
     0     0 79611.1035    0  342 79576.0000 79611.1035  0.04%     -  306s
     0     0 79607.6382    0  399 79576.0000 79607.6382  0.04%     -  334s
     0     0 79606.4463    0  402 79576.0000 79606.4463  0.04%     -  344s
     0     0 79606.1474    0  443 79576.0000 79606.1474  0.04%     -  349s
     0     0 79605.8561    0  417 79576.0000 79605.8561  0.04%     -  354s
     0     0 79605.8189    0  424 79576.0000 79605.8189  0.04%     -  358s
     0     0 79604.4708    0  480 79576.0000 79604.4708  0.04%     -  387s
     0     0 79604.1903    0  489 79576.0000 79604.1903  0.04%     -  398s
     0     0 79603.8867    0  480 79576.0000 79603.8867  0.04%     -  404s
     0     0 79603.7315    0  504 79576.0000 79603.7315  0.03%     -  409s
     0     0 79603.6512    0  482 79576.0000 79603.6512  0.03%     -  414s
     0     0 79603.6499    0  492 79576.0000 79603.6499  0.03%     -  418s
     0     0 79602.8743    0  431 79576.0000 79602.8743  0.03%     -  445s
     0     0 79602.3804    0  490 79576.0000 79602.3804  0.03%     -  453s
     0     0 79602.2591    0  511 79576.0000 79602.2591  0.03%     -  458s
     0     0 79602.1913    0  488 79576.0000 79602.1913  0.03%     -  462s
     0     0 79600.7904    0  442 79576.0000 79600.7904  0.03%     -  494s
     0     0 79600.6094    0  430 79576.0000 79600.6094  0.03%     -  506s
     0     0 79600.5690    0  446 79576.0000 79600.5690  0.03%     -  510s
     0     0 79599.8242    0  462 79576.0000 79599.8242  0.03%     -  545s
     0     0 79599.5757    0  478 79576.0000 79599.5757  0.03%     -  554s
     0     0 79599.4932    0  489 79576.0000 79599.4932  0.03%     -  559s
     0     0 79599.4367    0  486 79576.0000 79599.4367  0.03%     -  564s
     0     0 79599.0617    0  451 79576.0000 79599.0617  0.03%     -  597s
     0     0 79598.9513    0  458 79576.0000 79598.9513  0.03%     -  608s
     0     0 79598.8897    0  482 79576.0000 79598.8897  0.03%     -  613s
     0     0 79598.6769    0  470 79576.0000 79598.6769  0.03%     -  648s
     0     0 79598.5363    0  438 79576.0000 79598.5363  0.03%     -  658s
     0     0 79598.5012    0  477 79576.0000 79598.5012  0.03%     -  662s
     0     0 79597.4428    0  443 79576.0000 79597.4428  0.03%     -  739s
     0     0 79597.2096    0  436 79576.0000 79597.2096  0.03%     -  751s
     0     0 79597.1746    0  457 79576.0000 79597.1746  0.03%     -  755s
     0     0 79596.8831    0  503 79576.0000 79596.8831  0.03%     -  792s
     0     0 79596.8520    0  494 79576.0000 79596.8520  0.03%     -  800s
     0     0 79596.5977    0  478 79576.0000 79596.5977  0.03%     -  835s
     0     0 79596.5547    0  504 79576.0000 79596.5547  0.03%     -  847s
     0     0 79596.0819    0  494 79576.0000 79596.0819  0.03%     -  884s
     0     0 79596.0819    0  481 79576.0000 79596.0819  0.03%     -  963s
H    0     0                    79577.000000 79596.0819  0.02%     -  991s
     0     2 79595.0819    0  474 79577.0000 79595.0819  0.02%     - 1036s
     1     4 79595.0819    1  464 79577.0000 79595.0819  0.02%   282 1046s
     3     8 79595.0819    2  466 79577.0000 79595.0819  0.02%   189 1053s
     7    14 79595.0819    3  431 79577.0000 79595.0819  0.02%   157 1061s
    19    26 79592.7392    5  354 79577.0000 79594.9891  0.02%  89.8 1068s
    25    32 79590.0499    6  340 79577.0000 79594.9891  0.02%  90.2 1071s
    31    38 79589.1949    7  330 79577.0000 79594.9891  0.02%  77.1 1081s
H   32    38                    79578.000000 79594.9891  0.02%  74.7 1081s
    52    69 79587.9375   10  312 79578.0000 79594.9891  0.02%  55.9 1093s
    68    94 79585.7885   14  284 79578.0000 79594.9891  0.02%  48.6 1108s
    97   109 79583.7049   17  275 79578.0000 79594.9891  0.02%  39.1 1127s
   116   126 79581.9559   20  188 79578.0000 79594.9891  0.02%  37.2 1143s
   137   131 79581.5116   23  204 79578.0000 79594.9891  0.02%  35.9 1160s
   150   159 79581.0095   23  201 79578.0000 79594.9891  0.02%  36.5 1182s
   185   174 79579.7223   29  168 79578.0000 79594.9891  0.02%  35.4 1216s
   211   201 79579.1025   34  120 79578.0000 79593.8822  0.02%  38.6 1243s
   253   260 79592.7021    6  495 79578.0000 79593.6555  0.02%  41.6 1308s
   325   349 79584.5481   18  276 79578.0000 79593.6555  0.02%  46.6 1362s
   440   460 79581.3262   38   89 79578.0000 79592.7182  0.02%  45.4 1408s
   579   550 79586.7631   11  464 79578.0000 79592.7182  0.02%  46.0 1549s
H  641   434                    79580.000000 79592.7182  0.02%  46.5 1549s
   720   516     cutoff   29      79580.0000 79592.0637  0.02%  47.1 1648s
   949   681     cutoff   20      79580.0000 79590.9453  0.01%  57.8 1784s
  1307   682 79582.7379   23  481 79580.0000 79590.3424  0.01%  61.1 2358s
H 1309   648                    79581.000000 79590.3424  0.01%  61.0 2360s

Cutting planes:
  Gomory: 172
  Cover: 18
  Implied bound: 169
  MIR: 65
  StrongCG: 13
  Flow cover: 241
  GUB cover: 109
  Zero half: 24
  RLT: 29
  Relax-and-lift: 22

Explored 1310 nodes (96361 simplex iterations) in 2362.18 seconds
Thread count was 12 (of 12 available processors)

Solution count 10: 79581 79580 79578 ... 78727

Optimal solution found (tolerance 1.00e-04)
Best objective 7.958100000000e+04, best bound 7.958700000000e+04, gap 0.0075%
