
Gurobi 9.5.0 (win64) logging started Tue Dec  7 12:39:28 2021

Set parameter LogFile to value "../results/logs/log_2021_12_07_12_26.csv_6_90.log"
Set parameter Method to value 3
Gurobi Optimizer version 9.5.0 build v9.5.0rc5 (win64)
Thread count: 6 physical cores, 12 logical processors, using up to 12 threads
Optimize a model with 1039 rows, 9882 columns and 16749 nonzeros
Model fingerprint: 0xe8905387
Variable types: 4941 continuous, 4941 integer (4941 binary)
Coefficient statistics:
  Matrix range     [1e+00, 6e+00]
  Objective range  [1e+00, 1e+00]
  Bounds range     [1e+00, 1e+00]
  RHS range        [1e+00, 9e+01]
Found heuristic solution: objective -0.0000000
Presolve removed 585 rows and 9150 columns
Presolve time: 0.02s
Presolved: 454 rows, 732 columns, 2692 nonzeros
Extracted 154 lazy constraints
Variable types: 413 continuous, 319 integer (317 binary)

Concurrent LP optimizer: primal simplex, dual simplex, and barrier
Showing barrier log only...

Root barrier log...

Ordering time: 0.00s

Barrier statistics:
 AA' NZ     : 5.250e+02
 Factor NZ  : 1.997e+03
 Factor Ops : 2.133e+04 (less than 1 second per iteration)
 Threads    : 1

Barrier performed 0 iterations in 0.03 seconds (0.02 work units)
Barrier solve interrupted - model solved by another algorithm


Solved with dual simplex

Root relaxation: objective 3.400000e+02, 137 iterations, 0.00 seconds (0.00 work units)

    Nodes    |    Current Node    |     Objective Bounds      |     Work
 Expl Unexpl |  Obj  Depth IntInf | Incumbent    BestBd   Gap | It/Node Time

     0     0  139.29310    0  150   -0.00000  139.29310      -     -    0s
     0     0   92.77501    0   74   -0.00000   92.77501      -     -    0s
     0     0   92.32482    0   81   -0.00000   92.32482      -     -    0s
     0     0   92.28111    0   82   -0.00000   92.28111      -     -    0s
     0     0   87.93939    0   48   -0.00000   87.93939      -     -    0s
     0     0   87.66115    0   49   -0.00000   87.66115      -     -    0s
     0     0   87.61333    0   43   -0.00000   87.61333      -     -    0s
     0     0   86.84550    0   57   -0.00000   86.84550      -     -    0s
     0     0   86.84550    0   55   -0.00000   86.84550      -     -    0s
     0     2   86.84550    0   55   -0.00000   86.84550      -     -    0s
H  250   284                      80.0000000   86.34934  7.94%  16.9    0s
*  290   327              43      81.0000000   86.34934  6.60%  15.7    0s
H  825   423                      82.0000000   86.34934  5.30%  11.0    0s
H 1284   526                      83.0000000   84.90090  2.29%  11.3    0s
H 1354   541                      84.0000000   84.50496  0.60%  13.9    1s

Cutting planes:
  Gomory: 44
  Implied bound: 3
  MIR: 59
  Flow cover: 91
  RLT: 15
  Relax-and-lift: 1

Explored 1361 nodes (20398 simplex iterations) in 1.74 seconds (1.08 work units)
Thread count was 12 (of 12 available processors)

Solution count 6: 84 83 82 ... -0

Optimal solution found (tolerance 1.00e-04)
Best objective 8.400000000000e+01, best bound 8.400000000000e+01, gap 0.0000%
