
Gurobi 9.5.0 (win64) logging started Wed Apr 13 13:28:46 2022

Set parameter LogFile to value "../results/logs/log_socfb-Northeastern19_33_250_2022_04_13_13_28.csv.log"
Gurobi Optimizer version 9.5.0 build v9.5.0rc5 (win64)
Thread count: 6 physical cores, 12 logical processors, using up to 12 threads
Optimize a model with 2493 rows, 27764 columns and 107718 nonzeros
Model fingerprint: 0x50fbcedd
Variable types: 0 continuous, 27764 integer (27764 binary)
Coefficient statistics:
  Matrix range     [1e+00, 3e+01]
  Objective range  [1e+00, 1e+00]
  Bounds range     [1e+00, 1e+00]
  RHS range        [1e+00, 3e+02]
Found heuristic solution: objective 7008.0000000
Presolve removed 50 rows and 22259 columns
Presolve time: 0.09s
Presolved: 2443 rows, 5505 columns, 28996 nonzeros
Variable types: 0 continuous, 5505 integer (5094 binary)
Found heuristic solution: objective 7199.0000000

Root relaxation: objective 7.946686e+03, 3253 iterations, 0.18 seconds (0.17 work units)

    Nodes    |    Current Node    |     Objective Bounds      |     Work
 Expl Unexpl |  Obj  Depth IntInf | Incumbent    BestBd   Gap | It/Node Time

     0     0 7946.68645    0  917 7199.00000 7946.68645  10.4%     -    0s
H    0     0                    7205.0000000 7946.68645  10.3%     -    0s
H    0     0                    7221.0000000 7946.68645  10.0%     -    0s
H    0     0                    7391.0000000 7946.68645  7.52%     -    2s
H    0     0                    7456.0000000 7946.68645  6.58%     -    2s
H    0     0                    7457.0000000 7946.68645  6.57%     -    2s
H    0     0                    7488.0000000 7946.68645  6.13%     -    2s
H    0     0                    7500.0000000 7946.68645  5.96%     -    2s
H    0     0                    7501.0000000 7946.68645  5.94%     -    2s
H    0     0                    7504.0000000 7946.68645  5.90%     -    2s
H    0     0                    7506.0000000 7946.68645  5.87%     -    2s
H    0     0                    7510.0000000 7946.68645  5.81%     -    2s
H    0     0                    7511.0000000 7946.68645  5.80%     -    2s
H    0     0                    7513.0000000 7800.35366  3.82%     -    3s
H    0     0                    7514.0000000 7800.35366  3.81%     -    3s
H    0     0                    7522.0000000 7800.35366  3.70%     -    3s
     0     0 7772.81380    0 1308 7522.00000 7772.81380  3.33%     -    3s
H    0     0                    7530.0000000 7772.81380  3.22%     -    3s
H    0     0                    7533.0000000 7762.99105  3.05%     -    5s
     0     0 7762.99105    0 1370 7533.00000 7762.99105  3.05%     -    5s
H    0     0                    7535.0000000 7760.16505  2.99%     -    5s
     0     0 7760.16505    0 1369 7535.00000 7760.16505  2.99%     -    5s
     0     0 7759.90602    0 1383 7535.00000 7759.90602  2.98%     -    6s
     0     0 7759.87975    0 1379 7535.00000 7759.87975  2.98%     -    6s
