
Gurobi 9.0.1 (win64) logging started 11/11/21 15:13:20

Changed value of parameter LogFile to ../results/logs/log_2021_11_11_15_13.csv_17_250.log
   Prev:   Default: 
Changed value of parameter method to 3
   Prev: -1  Min: -1  Max: 5  Default: -1
Gurobi Optimizer version 9.0.1 build v9.0.1rc0 (win64)
Optimize a model with 3064 rows, 8078 columns and 33530 nonzeros
Model fingerprint: 0x1c625483
Variable types: 4039 continuous, 4039 integer (4039 binary)
Coefficient statistics:
  Matrix range     [1e+00, 2e+01]
  Objective range  [1e+00, 1e+00]
  Bounds range     [1e+00, 1e+00]
  RHS range        [1e+00, 3e+02]
Found heuristic solution: objective 2061.0000000
Presolve removed 2159 rows and 6856 columns
Presolve time: 0.06s
Presolved: 905 rows, 1222 columns, 15916 nonzeros
Variable types: 723 continuous, 499 integer (493 binary)

Concurrent LP optimizer: dual simplex and barrier
Showing barrier log only...

Root barrier log...

Ordering time: 0.00s

Barrier statistics:
 AA' NZ     : 1.667e+04
 Factor NZ  : 2.598e+04 (roughly 1 MByte of memory)
 Factor Ops : 1.052e+06 (less than 1 second per iteration)
 Threads    : 3

Barrier performed 0 iterations in 0.09 seconds
Barrier solve interrupted - model solved by another algorithm


Solved with dual simplex

Root relaxation: objective 2.552302e+03, 555 iterations, 0.02 seconds

    Nodes    |    Current Node    |     Objective Bounds      |     Work
 Expl Unexpl |  Obj  Depth IntInf | Incumbent    BestBd   Gap | It/Node Time

     0     0 2552.30225    0   45 2061.00000 2552.30225  23.8%     -    0s
H    0     0                    2485.0000000 2552.30225  2.71%     -    0s
H    0     0                    2520.0000000 2552.30225  1.28%     -    0s
     0     0 2548.16114    0   33 2520.00000 2548.16114  1.12%     -    0s
     0     0 2548.00628    0   26 2520.00000 2548.00628  1.11%     -    0s
     0     0 2547.00162    0   16 2520.00000 2547.00162  1.07%     -    0s
     0     0 2546.93374    0    9 2520.00000 2546.93374  1.07%     -    0s
     0     0 2546.93374    0    9 2520.00000 2546.93374  1.07%     -    0s
H    0     0                    2542.0000001 2546.93374  0.19%     -    0s
     0     0 2546.71649    0    6 2542.00000 2546.71649  0.19%     -    0s
H    0     0                    2546.0000000 2546.71649  0.03%     -    0s
     0     0 2546.71649    0    6 2546.00000 2546.71649  0.03%     -    0s

Cutting planes:
  Gomory: 25
  Implied bound: 1
  MIR: 107
  RLT: 9
  Relax-and-lift: 4

Explored 1 nodes (974 simplex iterations) in 0.30 seconds
Thread count was 8 (of 8 available processors)

Solution count 5: 2546 2542 2520 ... 2061

Optimal solution found (tolerance 1.00e-04)
Best objective 2.546000000000e+03, best bound 2.546000000000e+03, gap 0.0000%
