
Gurobi 9.5.1 (linux64) logging started Wed Mar  9 17:57:14 2022

Set parameter LogFile to value "../results/logs/log_2022_03_09_17_57.csv_2_30.log"
Set parameter Method to value 3
Gurobi Optimizer version 9.5.1 build v9.5.1rc2 (linux64)
Thread count: 8 physical cores, 8 logical processors, using up to 8 threads
Optimize a model with 7793 rows, 9882 columns and 42118 nonzeros
Model fingerprint: 0x24d09c3b
Variable types: 4941 continuous, 4941 integer (4941 binary)
Coefficient statistics:
  Matrix range     [1e+00, 2e+00]
  Objective range  [1e+00, 1e+00]
  Bounds range     [1e+00, 1e+00]
  RHS range        [1e+00, 3e+01]
Found heuristic solution: objective 3353.0000000
Presolve removed 7455 rows and 9420 columns
Presolve time: 0.01s
Presolved: 338 rows, 462 columns, 1285 nonzeros
Variable types: 153 continuous, 309 integer (255 binary)
Found heuristic solution: objective 3383.0000000

Root relaxation: objective 3.509500e+03, 411 iterations, 0.00 seconds (0.00 work units)

    Nodes    |    Current Node    |     Objective Bounds      |     Work
 Expl Unexpl |  Obj  Depth IntInf | Incumbent    BestBd   Gap | It/Node Time

     0     0 3509.50000    0  161 3383.00000 3509.50000  3.74%     -    0s
H    0     0                    3419.0000000 3509.50000  2.65%     -    0s
H    0     0                    3426.0000000 3508.50000  2.41%     -    0s
H    0     0                    3428.0000000 3508.50000  2.35%     -    0s
     0     0 3455.08333    0   19 3428.00000 3455.08333  0.79%     -    0s
H    0     0                    3447.0000000 3455.08333  0.23%     -    0s
H    0     0                    3450.0000000 3454.75000  0.14%     -    0s
     0     0 3454.75000    0   17 3450.00000 3454.75000  0.14%     -    0s
H    0     0                    3452.0000000 3454.75000  0.08%     -    0s

Cutting planes:
  Gomory: 40
  Implied bound: 48
  MIR: 93
  RLT: 16
  Relax-and-lift: 1

Explored 1 nodes (736 simplex iterations) in 0.06 seconds (0.03 work units)
Thread count was 8 (of 8 available processors)

Solution count 8: 3452 3450 3447 ... 3353

Optimal solution found (tolerance 1.00e-04)
Best objective 3.452000000000e+03, best bound 3.452000000000e+03, gap 0.0000%
