
Gurobi 9.5.0 (win64) logging started Tue Dec  7 12:39:42 2021

Set parameter LogFile to value "../results/logs/log_2021_12_07_12_26.csv_8_50.log"
Set parameter Method to value 3
Gurobi Optimizer version 9.5.0 build v9.5.0rc5 (win64)
Thread count: 6 physical cores, 12 logical processors, using up to 12 threads
Optimize a model with 376 rows, 9882 columns and 10225 nonzeros
Model fingerprint: 0x399812f4
Variable types: 4941 continuous, 4941 integer (4941 binary)
Coefficient statistics:
  Matrix range     [1e+00, 8e+00]
  Objective range  [1e+00, 1e+00]
  Bounds range     [1e+00, 1e+00]
  RHS range        [1e+00, 5e+01]
Found heuristic solution: objective -0.0000000
Presolve removed 253 rows and 9678 columns
Presolve time: 0.01s
Presolved: 123 rows, 204 columns, 736 nonzeros
Extracted 47 lazy constraints
Variable types: 113 continuous, 91 integer (90 binary)

Root relaxation: objective 6.872328e+01, 66 iterations, 0.00 seconds (0.00 work units)

    Nodes    |    Current Node    |     Objective Bounds      |     Work
 Expl Unexpl |  Obj  Depth IntInf | Incumbent    BestBd   Gap | It/Node Time

     0     0   68.72328    0   23   -0.00000   68.72328      -     -    0s
H    0     0                      12.0000000   68.72328   473%     -    0s
     0     0   32.61444    0   36   12.00000   32.61444   172%     -    0s
     0     0   32.48093    0   35   12.00000   32.48093   171%     -    0s
     0     0   30.07405    0   25   12.00000   30.07405   151%     -    0s
H    0     0                      29.0000000   30.07405  3.70%     -    0s
     0     0     cutoff    0        29.00000   29.00000  0.00%     -    0s

Cutting planes:
  Gomory: 11
  Implied bound: 9
  MIR: 37
  RLT: 3
  Relax-and-lift: 7
  Lazy constraints: 47

Explored 1 nodes (297 simplex iterations) in 0.03 seconds (0.01 work units)
Thread count was 12 (of 12 available processors)

Solution count 3: 29 12 -0 

Optimal solution found (tolerance 1.00e-04)
Best objective 2.900000000000e+01, best bound 2.900000000000e+01, gap 0.0000%
