
Gurobi 9.5.0 (win64) logging started Tue Dec  7 01:37:26 2021

Set parameter LogFile to value "../results/logs/log_2021_12_07_01_36.csv_11_91.log"
Set parameter Method to value 3
Gurobi Optimizer version 9.5.0 build v9.5.0rc5 (win64)
Thread count: 6 physical cores, 12 logical processors, using up to 12 threads
Optimize a model with 6334 rows, 8078 columns and 360309 nonzeros
Model fingerprint: 0x4330b5f3
Variable types: 4039 continuous, 4039 integer (4039 binary)
Coefficient statistics:
  Matrix range     [1e+00, 1e+01]
  Objective range  [1e+00, 1e+00]
  Bounds range     [1e+00, 1e+00]
  RHS range        [1e+00, 9e+01]
Found heuristic solution: objective 2904.0000000
Presolve removed 6089 rows and 7747 columns
Presolve time: 0.05s
Presolved: 245 rows, 331 columns, 2186 nonzeros
Variable types: 160 continuous, 171 integer (158 binary)
Found heuristic solution: objective 2950.0000000

Root relaxation: objective 3.055072e+03, 277 iterations, 0.00 seconds (0.00 work units)

    Nodes    |    Current Node    |     Objective Bounds      |     Work
 Expl Unexpl |  Obj  Depth IntInf | Incumbent    BestBd   Gap | It/Node Time

     0     0 3055.07204    0   61 2950.00000 3055.07204  3.56%     -    0s
H    0     0                    3007.0000000 3055.07204  1.60%     -    0s
H    0     0                    3009.0000000 3055.07204  1.53%     -    0s
H    0     0                    3015.0000000 3055.07204  1.33%     -    0s
H    0     0                    3019.0000000 3055.07204  1.19%     -    0s
H    0     0                    3021.0000000 3054.38315  1.11%     -    0s
     0     0 3043.73883    0   24 3021.00000 3043.73883  0.75%     -    0s
H    0     0                    3022.0000000 3043.73883  0.72%     -    0s
H    0     0                    3033.0000000 3043.73883  0.35%     -    0s
     0     0 3043.64097    0   25 3033.00000 3043.64097  0.35%     -    0s
     0     0 3043.64092    0   25 3033.00000 3043.64092  0.35%     -    0s
     0     0 3041.64828    0   29 3033.00000 3041.64828  0.29%     -    0s
H    0     0                    3034.0000000 3041.64828  0.25%     -    0s
H    0     0                    3036.0000000 3041.64828  0.19%     -    0s
     0     0 3041.52158    0   31 3036.00000 3041.52158  0.18%     -    0s
     0     0 3041.50083    0   31 3036.00000 3041.50083  0.18%     -    0s
     0     0 3041.50017    0   31 3036.00000 3041.50017  0.18%     -    0s
H    0     0                    3040.0000000 3041.50017  0.05%     -    0s
     0     0     cutoff    0      3040.00000 3040.00000  0.00%     -    0s

Cutting planes:
  Gomory: 20
  Implied bound: 3
  MIR: 101
  Zero half: 1
  RLT: 10
  Relax-and-lift: 1

Explored 1 nodes (605 simplex iterations) in 0.17 seconds (0.08 work units)
Thread count was 12 (of 12 available processors)

Solution count 10: 3040 3036 3034 ... 3007

Optimal solution found (tolerance 1.00e-04)
Best objective 3.040000000000e+03, best bound 3.040000000000e+03, gap 0.0000%
