
Gurobi 9.1.1 (win64) logging started Tue Mar  9 23:41:14 2021

Changed value of parameter LogFile to ../results/logs/log_samuel_kroger_2021_03_09_23_41_13.csv_6_1.log
   Prev:   Default: 
Gurobi Optimizer version 9.1.1 build v9.1.1rc0 (win64)
Thread count: 6 physical cores, 12 logical processors, using up to 12 threads
Optimize a model with 142943 rows, 400000 columns and 2029063 nonzeros
Model fingerprint: 0x1af512ea
Variable types: 0 continuous, 400000 integer (400000 binary)
Coefficient statistics:
  Matrix range     [1e+00, 6e+00]
  Objective range  [1e+00, 1e+00]
  Bounds range     [1e+00, 1e+00]
  RHS range        [1e+00, 1e+00]
Found heuristic solution: objective 1.0000000
Presolve removed 0 rows and 228529 columns (presolve time = 6s) ...
Presolve removed 0 rows and 228529 columns
Presolve time: 7.83s
Presolved: 142943 rows, 171471 columns, 1886418 nonzeros
Variable types: 0 continuous, 171471 integer (171471 binary)

Deterministic concurrent LP optimizer: primal and dual simplex
Showing first log only...


Root simplex log...

Iteration    Objective       Primal Inf.    Dual Inf.      Time
       0    1.0000000e+00   0.000000e+00   7.147100e+04      9s
   39580    6.1079413e+01   0.000000e+00   7.864294e+04     11s
   40494    5.7574663e+03   0.000000e+00   2.449579e+05     17s
   41327    9.8556031e+03   0.000000e+00   2.383253e+05     22s
   41861    1.0786856e+04   0.000000e+00   2.337364e+05     25s
   42681    1.2094038e+04   0.000000e+00   1.329686e+10     30s
