
Gurobi 9.5.1 (linux64) logging started Mon Jul  4 17:11:17 2022

Set parameter LogFile to value "../results/logs/log_socfb-Syracuse56_46_250_2022_07_04_17_11.log"
Gurobi Optimizer version 9.5.1 build v9.5.1rc2 (linux64)
Thread count: 8 physical cores, 8 logical processors, using up to 8 threads
Optimize a model with 4231 rows, 27306 columns and 177593 nonzeros
Model fingerprint: 0xcc4964b1
Variable types: 0 continuous, 27306 integer (27306 binary)
Coefficient statistics:
  Matrix range     [1e+00, 5e+01]
  Objective range  [1e+00, 1e+00]
  Bounds range     [1e+00, 1e+00]
  RHS range        [1e+00, 2e+02]
Found heuristic solution: objective 6985.0000000
Presolve removed 90 rows and 20784 columns
Presolve time: 0.27s
Presolved: 4141 rows, 6522 columns, 60879 nonzeros
Variable types: 0 continuous, 6522 integer (6303 binary)
Found heuristic solution: objective 7102.0000000

Root relaxation: objective 8.061742e+03, 3630 iterations, 0.37 seconds (0.55 work units)

    Nodes    |    Current Node    |     Objective Bounds      |     Work
 Expl Unexpl |  Obj  Depth IntInf | Incumbent    BestBd   Gap | It/Node Time

     0     0 8061.74230    0  974 7102.00000 8061.74230  13.5%     -    0s
H    0     0                    7154.0000000 8061.74230  12.7%     -    0s
H    0     0                    7176.0000000 8061.74230  12.3%     -    0s
H    0     0                    7314.0000000 8061.74230  10.2%     -    3s
H    0     0                    7372.0000000 8061.74230  9.36%     -    3s
H    0     0                    7386.0000000 8061.74230  9.15%     -    3s
H    0     0                    7397.0000000 8061.74230  8.99%     -    3s
H    0     0                    7401.0000000 8061.74230  8.93%     -    3s
H    0     0                    7402.0000000 7904.55006  6.79%     -    4s
     0     0 7898.45823    0 1204 7402.00000 7898.45823  6.71%     -    4s
H    0     0                    7447.0000000 7898.45823  6.06%     -    4s
     0     0 7898.45823    0 1247 7447.00000 7898.45823  6.06%     -    6s
     0     0 7868.27460    0 1320 7447.00000 7868.27460  5.66%     -    7s
     0     0 7868.27435    0 1340 7447.00000 7868.27435  5.66%     -    7s
     0     0 7868.27435    0 1356 7447.00000 7868.27435  5.66%     -    7s
     0     0 7868.27435    0 1359 7447.00000 7868.27435  5.66%     -    7s
     0     0 7862.04702    0 1483 7447.00000 7862.04702  5.57%     -   10s
H    0     0                    7450.0000000 7843.94717  5.29%     -   14s
H    0     0                    7456.0000000 7843.94717  5.20%     -   14s
H    0     0                    7457.0000000 7843.94717  5.19%     -   14s
H    0     0                    7462.0000000 7843.94717  5.12%     -   14s
H    0     0                    7464.0000000 7843.94717  5.09%     -   14s
H    0     0                    7470.0000000 7843.94717  5.01%     -   14s
H    0     0                    7481.0000000 7843.94717  4.85%     -   14s
     0     0 7843.94717    0 1587 7481.00000 7843.94717  4.85%     -   14s
H    0     0                    7483.0000000 7839.46380  4.76%     -   17s
H    0     0                    7484.0000000 7839.46380  4.75%     -   17s
H    0     0                    7485.0000000 7839.46380  4.74%     -   17s
H    0     0                    7486.0000000 7839.46380  4.72%     -   17s
H    0     0                    7488.0000000 7839.46380  4.69%     -   17s
H    0     0                    7489.0000000 7839.46380  4.68%     -   17s
     0     0 7839.46380    0 1651 7489.00000 7839.46380  4.68%     -   17s
H    0     0                    7490.0000000 7837.87127  4.64%     -   19s
H    0     0                    7492.0000000 7837.87127  4.62%     -   19s
     0     0 7837.87127    0 1662 7492.00000 7837.87127  4.62%     -   19s
H    0     0                    7494.0000000 7837.36313  4.58%     -   20s
     0     0 7837.36313    0 1689 7494.00000 7837.36313  4.58%     -   20s
H    0     0                    7495.0000000 7837.24388  4.57%     -   21s
     0     0 7837.24388    0 1700 7495.00000 7837.24388  4.57%     -   21s
H    0     0                    7496.0000000 7837.24388  4.55%     -   27s
H    0     0                    7499.0000000 7837.24388  4.51%     -   27s
H    0     0                    7504.0000000 7823.92516  4.26%     -   33s
H    0     0                    7508.0000000 7823.92516  4.21%     -   33s
H    0     0                    7514.0000000 7823.92516  4.12%     -   33s
     0     0 7823.92516    0 1776 7514.00000 7823.92516  4.12%     -   33s
H    0     0                    7517.0000000 7823.92516  4.08%     -   33s
H    0     0                    7522.0000000 7817.45437  3.93%     -   38s
H    0     0                    7528.0000000 7817.45437  3.85%     -   38s
H    0     0                    7535.0000000 7817.45437  3.75%     -   38s
     0     0 7817.45437    0 1834 7535.00000 7817.45437  3.75%     -   38s
     0     0 7814.94173    0 1903 7535.00000 7814.94173  3.72%     -   42s
     0     0 7814.03455    0 1903 7535.00000 7814.03455  3.70%     -   45s
     0     0 7813.57510    0 1931 7535.00000 7813.57510  3.70%     -   47s
     0     0 7813.41767    0 1964 7535.00000 7813.41767  3.69%     -   48s
H    0     0                    7543.0000000 7804.63392  3.47%     -   63s
     0     0 7804.63392    0 1958 7543.00000 7804.63392  3.47%     -   63s
H    0     0                    7544.0000000 7801.13679  3.41%     -   69s
     0     0 7801.13679    0 2015 7544.00000 7801.13679  3.41%     -   69s
     0     0 7799.87849    0 2055 7544.00000 7799.87849  3.39%     -   73s
     0     0 7799.35254    0 2101 7544.00000 7799.35254  3.38%     -   75s
H    0     0                    7548.0000000 7799.05794  3.33%     -   77s
     0     0 7799.05794    0 2131 7548.00000 7799.05794  3.33%     -   77s
     0     0 7798.87529    0 2155 7548.00000 7798.87529  3.32%     -   79s
H    0     0                    7551.0000000 7793.65156  3.21%     -   89s
     0     0 7793.65156    0 2095 7551.00000 7793.65156  3.21%     -   89s
H    0     0                    7559.0000000 7793.65156  3.10%     -   90s
     0     0 7791.08355    0 2129 7559.00000 7791.08355  3.07%     -   95s
     0     0 7789.73660    0 2170 7559.00000 7789.73660  3.05%     -   99s
     0     0 7789.24312    0 2199 7559.00000 7789.24312  3.05%     -  102s
     0     0 7789.04121    0 2252 7559.00000 7789.04121  3.04%     -  104s
     0     0 7785.27537    0 2177 7559.00000 7785.27537  2.99%     -  115s
H    0     0                    7560.0000000 7783.47195  2.96%     -  120s
H    0     0                    7562.0000000 7783.47195  2.93%     -  120s
H    0     0                    7564.0000000 7783.47195  2.90%     -  120s
H    0     0                    7568.0000000 7783.47195  2.85%     -  120s
     0     0 7783.47195    0 2250 7568.00000 7783.47195  2.85%     -  121s
H    0     0                    7571.0000000 7782.79301  2.80%     -  125s
     0     0 7782.79301    0 2247 7571.00000 7782.79301  2.80%     -  125s
     0     0 7782.41765    0 2296 7571.00000 7782.41765  2.79%     -  128s
     0     0 7782.25363    0 2344 7571.00000 7782.25363  2.79%     -  130s
     0     0 7778.90528    0 2270 7571.00000 7778.90528  2.75%     -  141s
H    0     0                    7580.0000000 7778.90528  2.62%     -  142s
     0     0 7777.80074    0 2389 7580.00000 7777.80074  2.61%     -  146s
     0     0 7777.28919    0 2403 7580.00000 7777.28919  2.60%     -  150s
     0     0 7777.00329    0 2421 7580.00000 7777.00329  2.60%     -  153s
     0     0 7774.84005    0 2394 7580.00000 7774.84005  2.57%     -  164s
     0     0 7773.89152    0 2431 7580.00000 7773.89152  2.56%     -  169s
     0     0 7773.61272    0 2476 7580.00000 7773.61272  2.55%     -  172s
     0     0 7772.12673    0 2396 7580.00000 7772.12673  2.53%     -  182s
     0     0 7772.12673    0 2395 7580.00000 7772.12673  2.53%     -  183s
H    0     0                    7585.0000000 7772.12616  2.47%     -  192s
H    0     0                    7592.0000000 7772.12616  2.37%     -  220s
     0     2 7772.12616    0 2392 7592.00000 7772.12616  2.37%     -  220s
     3     8 7770.83101    2 2441 7592.00000 7771.84790  2.37%  2130  233s
     7    16 7769.11579    3 2606 7592.00000 7770.83088  2.36%  4297  247s
    15    24 7768.38731    4 2693 7592.00000 7769.48266  2.34%  6004  261s
    23    32 7768.35161    5 2682 7592.00000 7769.48142  2.34%  6632  274s
H   31    40                    7604.0000000 7769.48142  2.18%  5738  285s
    47    56 7767.31795    7 2657 7604.00000 7769.48142  2.18%  4479  294s
    55    68 7764.55364    8 2708 7604.00000 7769.48142  2.18%  4229  301s
H   67    79                    7606.0000000 7769.48142  2.15%  3719  307s
H   68    79                    7613.0000000 7769.48142  2.06%  3702  307s
H   76    79                    7614.0000000 7769.48142  2.04%  3593  307s
    78    91 7766.91662    9 2659 7614.00000 7769.48142  2.04%  3533  312s
    90   103 7764.99381   11 2637 7614.00000 7769.48142  2.04%  3288  322s
H  102   115                    7615.0000000 7769.48142  2.03%  3162  334s
   114   126 7765.95960   12 2615 7615.00000 7769.48142  2.03%  3284  344s
   125   140 7765.86946   13 2622 7615.00000 7769.48142  2.03%  3224  352s
H  139   153                    7616.0000000 7769.48142  2.02%  3109  358s
H  147   153                    7617.0000000 7769.48142  2.00%  3048  358s
H  150   153                    7618.0000000 7769.48142  1.99%  3032  358s
   152   168 7765.32898   15 2608 7618.00000 7769.48142  1.99%  3029  366s
   167   179 7765.33672   15 2581 7618.00000 7769.48142  1.99%  2937  376s
   178   200 7765.33585   16 2584 7618.00000 7769.48142  1.99%  2963  384s
H  181   200                    7620.0000000 7769.48142  1.96%  2946  384s
   199   216 7764.89063   18 2587 7620.00000 7769.48142  1.96%  2797  391s
   215   232 7764.41184   19 2585 7620.00000 7769.48142  1.96%  2714  398s
   231   249 7761.82185   20 2579 7620.00000 7769.48142  1.96%  2647  406s
H  232   249                    7621.0000000 7769.48142  1.95%  2635  406s
H  241   249                    7623.0000000 7769.48142  1.92%  2584  406s
H  243   249                    7624.0000000 7769.48142  1.91%  2583  406s
   248   268 7763.84699   20 2576 7624.00000 7769.48142  1.91%  2561  414s
   267   288 7763.71881   21 2562 7624.00000 7769.48142  1.91%  2494  423s
   287   304 7763.51124   22 2539 7624.00000 7769.48142  1.91%  2433  446s
H  289   304                    7625.0000000 7769.48142  1.89%  2437  446s
   303   333 7762.81553   23 2541 7625.00000 7769.48142  1.89%  2411  454s
   332   365 7762.72637   25 2531 7625.00000 7769.48142  1.89%  2297  462s
H  344   365                    7627.0000000 7769.48142  1.87%  2249  462s
   364   398 7762.66491   28 2532 7627.00000 7769.48142  1.87%  2187  473s
H  397   433                    7629.0000000 7769.48142  1.84%  2103  486s
   432   461 7753.65271   36 2504 7629.00000 7769.48142  1.84%  2063  496s
   460   493 7757.70005   36 2500 7629.00000 7769.48142  1.84%  2018  506s
H  470   493                    7630.0000000 7769.48142  1.83%  2016  506s
   492   521 7757.65070   37 2494 7630.00000 7769.48142  1.83%  1965  516s
H  520   536                    7631.0000000 7769.48142  1.81%  1943  526s
H  521   536                    7633.0000000 7769.48142  1.79%  1941  526s
H  522   536                    7634.0000000 7769.48142  1.77%  1941  526s
   535   572 7756.96950   41 2500 7634.00000 7769.48142  1.77%  1924  538s
H  571   607                    7635.0000000 7769.48142  1.76%  1898  549s
H  576   607                    7636.0000000 7769.48142  1.75%  1890  549s
   606   650 7756.71685   46 2454 7636.00000 7769.48142  1.75%  1866  561s
H  649   695                    7637.0000000 7769.48142  1.73%  1824  574s
   694   740 7754.52800   49 2435 7637.00000 7769.48142  1.73%  1783  587s
H  739   790                    7638.0000000 7769.48142  1.72%  1748  599s
H  754   790                    7640.0000000 7769.48142  1.69%  1731  599s
   789   854 7753.39322   57 2394 7640.00000 7769.48142  1.69%  1709  616s
H  851   854                    7641.0000000 7769.48142  1.68%  1663  616s
   853   910 7753.15356   60 2388 7641.00000 7769.48142  1.68%  1662  629s
   909   921 7752.44334   65 2362 7641.00000 7769.48142  1.68%  1631  645s
   920   983 7752.68731   66 2372 7641.00000 7769.48142  1.68%  1624  660s
   982  1048 7752.27455   72 2337 7641.00000 7769.48142  1.68%  1593  679s
  1047  1117 7750.88064   78 2309 7641.00000 7769.48142  1.68%  1571  694s
  1116  1204 7750.17029   84 2341 7641.00000 7769.48142  1.68%  1542  709s
  1203  1324 7749.79827   89 2313 7641.00000 7769.48142  1.68%  1497  724s
  1323  1435 7749.31393   99 2293 7641.00000 7769.48142  1.68%  1425  739s
  1434  1534 7748.79973  105 2265 7641.00000 7769.48142  1.68%  1375  755s
  1533  1639 7747.37800  113 2197 7641.00000 7769.48142  1.68%  1345  772s
  1638  1743 7746.19028  119 2196 7641.00000 7769.48142  1.68%  1318  790s
  1742  1851 7745.38018  124 2229 7641.00000 7769.48142  1.68%  1297  807s
  1850  1993 7743.84989  130 2185 7641.00000 7769.48142  1.68%  1280  824s
H 1871  1993                    7642.0000000 7769.48142  1.67%  1278  824s
  1992  2124 7742.00746  138 2151 7642.00000 7769.48142  1.67%  1240  842s
H 2018  2124                    7643.0000000 7769.48142  1.65%  1253  842s
  2125  2280 7740.65472  143 2085 7643.00000 7769.48142  1.65%  1210  862s
H 2141  2280                    7644.0000000 7769.48142  1.64%  1208  862s
  2287  2377 7739.48082  155 2046 7644.00000 7769.48142  1.64%  1175  885s
H 2301  2377                    7645.0000000 7769.48142  1.63%  1182  885s
  2386  2515 7735.67439  160 2060 7645.00000 7769.48142  1.63%  1179  905s
  2524  2649 7735.06970  170 1976 7645.00000 7769.48142  1.63%  1160  927s
  2658  2791 7732.57978  181 1884 7645.00000 7769.48142  1.63%  1150  948s
  2800  2938 7730.45227  194 1842 7645.00000 7769.48142  1.63%  1140  970s
  2947  3123 7728.26833  202 1806 7645.00000 7769.48142  1.63%  1131  994s
  3139  3295 7726.38422  219 1722 7645.00000 7769.48142  1.63%  1111 1017s
  3311  3529 7724.67082  230 1714 7645.00000 7769.48142  1.63%  1096 1041s
  3547  3848 7721.68532  260 1603 7645.00000 7769.48142  1.63%  1067 1064s
  3866  4244 7718.89586  307 1499 7645.00000 7769.48142  1.63%  1024 1086s
  4266  4713 7715.13244  366 1315 7645.00000 7769.48142  1.63%   969 1111s
  4743  5193 7711.14043  440 1209 7645.00000 7769.48142  1.63%   913 1135s
  5229  5775 7706.27660  529 1037 7645.00000 7769.48142  1.63%   865 1158s
  5811  6426 7699.99959  624  941 7645.00000 7769.48142  1.63%   812 1178s
  6462  7171 7694.30837  736  840 7645.00000 7769.48142  1.63%   757 1199s
  7209  7962 7686.05697  849  736 7645.00000 7769.48142  1.63%   704 1220s
  8021  7963 7712.24259  684 2395 7645.00000 7769.48142  1.63%   654 1471s
  8023  7964 7749.82418  148  973 7645.00000 7769.48142  1.63%   654 1476s
  8024  7965 7723.08992  413 1284 7645.00000 7769.48142  1.63%   654 1481s
  8026  7966 7718.16652  534 1736 7645.00000 7769.48142  1.63%   654 1487s
  8027  7967 7688.40858  807 1860 7645.00000 7769.48142  1.63%   654 1492s
  8028  7968 7697.59338  650 2068 7645.00000 7769.48142  1.63%   654 1498s
  8029  7968 7738.29667  346 2246 7645.00000 7769.48142  1.63%   654 1505s
  8030  7969 7751.23664  101 2336 7645.00000 7769.48142  1.63%   654 1511s
  8031  7970 7745.99361  143 2406 7645.00000 7769.48142  1.63%   654 1517s
  8032  7970 7728.25559  399 2518 7645.00000 7769.48142  1.63%   654 1521s
  8033  7971 7764.57639   19 2524 7645.00000 7769.48142  1.63%   654 1525s
  8036  7973 7708.94266  759 2601 7645.00000 7769.48142  1.63%   653 1530s
  8040  7976 7731.17068  205 2621 7645.00000 7769.48142  1.63%   653 1536s
  8041  7976 7761.20297   66 2372 7645.00000 7766.65304  1.59%   653 1548s
  8042  7977 7698.55458  899 2377 7645.00000 7764.56670  1.56%   653 1555s
  8043  7978 7664.55401 1264 2421 7645.00000 7763.26382  1.55%   653 1562s
  8044  7978 7761.58572   63 2481 7645.00000 7762.48646  1.54%   653 1567s
  8045  7979 7754.42299  125 2498 7645.00000 7761.96859  1.53%   653 1572s
  8046  7980 7755.59687   26 2547 7645.00000 7761.70030  1.53%   652 1575s
  8048  7981 7752.86373   64 2576 7645.00000 7761.41943  1.52%   652 1580s
  8052  7984 7703.22595  475 2586 7645.00000 7761.23876  1.52%   652 1585s
  8054  7985 7749.67163  203 2433 7645.00000 7758.77948  1.49%   652 1601s
  8055  7986 7725.83203  448 2484 7645.00000 7757.73549  1.47%   652 1608s
  8056  7986 7732.69442  345 2545 7645.00000 7756.93391  1.46%   652 1614s
  8057  7987 7739.93234  342 2593 7645.00000 7756.43887  1.46%   652 1619s
  8058  7988 7737.42854  180 2617 7645.00000 7756.20912  1.45%   651 1622s
  8059  7988 7733.47302  134 2667 7645.00000 7756.01206  1.45%   651 1625s
  8062  7990 7653.83007  604 2693 7645.00000 7755.77230  1.45%   651 1631s
  8065  7992 7707.29500  516 2726 7645.00000 7755.69655  1.45%   651 1637s
  8066  7993 7695.27941  710 2473 7645.00000 7753.99488  1.43%   651 1650s
  8067  7994 7675.00971 1061 2542 7645.00000 7753.10604  1.41%   651 1656s
  8068  7994 7710.57646  707 2563 7645.00000 7752.57257  1.41%   651 1662s
  8069  7995 7737.15992  320 2593 7645.00000 7752.25922  1.40%   651 1667s
  8070  7996 7699.09202  788 2652 7645.00000 7752.01075  1.40%   651 1671s
  8072  7997 7707.88499  484 2662 7645.00000 7751.70252  1.40%   650 1677s
  8074  7998 7743.60252  307 2710 7645.00000 7751.59585  1.39%   650 1681s
  8077  8000 7751.53116   75 2734 7645.00000 7751.53116  1.39%   650 1687s
  8078  8001 7711.61641  621 2578 7645.00000 7750.44350  1.38%   650 1699s
  8079  8002 7690.35905  768 2665 7645.00000 7749.93364  1.37%   650 1704s
  8080  8002 7680.02275  864 2674 7645.00000 7749.59262  1.37%   650 1709s
  8081  8003 7683.33602  962 2731 7645.00000 7749.32782  1.36%   650 1714s
  8082  8004 7736.04044  210 2734 7645.00000 7749.20675  1.36%   650 1717s
  8084  8005 7693.82377  968 2786 7645.00000 7749.06740  1.36%   649 1721s
  8087  8007 7704.68799  569 2826 7645.00000 7748.98117  1.36%   649 1725s
  8090  8009 7732.54643  248 2633 7645.00000 7748.02903  1.35%   649 1741s
  8091  8010 7723.51403  485 2668 7645.00000 7747.55071  1.34%   649 1747s
  8092  8010 7747.30241   55 2722 7645.00000 7747.30241  1.34%   649 1752s
  8093  8011 7697.53217  926 2773 7645.00000 7747.19940  1.34%   649 1755s
  8096  8013 7695.89580  649 2781 7645.00000 7747.03089  1.33%   648 1760s
  8099  8015 7746.98344  123 2826 7645.00000 7746.98344  1.33%   648 1766s
  8100  8016 7737.39221  109 2678 7645.00000 7746.34467  1.33%   648 1777s
  8101  8016 7746.01301   10 2710 7645.00000 7746.01301  1.32%   648 1783s
  8102  8017 7700.20988  703 2750 7645.00000 7745.84272  1.32%   648 1787s
  8103  8018 7696.94829  767 2827 7645.00000 7745.72280  1.32%   648 1790s
  8105  8019 7709.65988  727 2849 7645.00000 7745.58916  1.32%   648 1795s
  8108  8021 7713.78635  477 2840 7645.00000 7745.51297  1.31%   647 1800s
  8110  8022 7738.58563  275 2687 7645.00000 7744.98159  1.31%   647 1815s
  8111  8023 7713.42961  486 2742 7645.00000 7744.65193  1.30%   647 1821s
  8112  8024 7713.78314  464 2783 7645.00000 7744.52649  1.30%   647 1825s
  8114  8025 7744.34772   36 2852 7645.00000 7744.34772  1.30%   647 1830s
  8117  8027 7744.23480  114 2876 7645.00000 7744.23480  1.30%   647 1836s
  8119  8028 7715.50499  440 2910 7645.00000 7744.21265  1.30%   647 1841s
  8120  8029 7703.76325  736 2777 7645.00000 7743.81339  1.29%   647 1852s
  8121  8030 7712.24259  684 2780 7645.00000 7743.58334  1.29%   646 1858s
  8122  8030 7743.46607    7 2804 7645.00000 7743.46607  1.29%   646 1862s
  8123  8031 7743.39474  148 2799 7645.00000 7743.39474  1.29%   646 1865s
  8125  8032 7690.73286  496 2881 7645.00000 7743.31309  1.29%   646 1870s
  8128  8034 7697.59338  650 2878 7645.00000 7743.24503  1.29%   646 1876s
  8129  8035 7738.29667  346 2901 7645.00000 7743.23498  1.28%   646 1880s
  8130  8036 7742.83820  101 2746 7645.00000 7742.83820  1.28%   646 1892s
  8131  8036 7742.70188  143 2783 7645.00000 7742.70188  1.28%   646 1895s
  8133  8038 7742.61084   19 2819 7645.00000 7742.61084  1.28%   645 1900s
  8136  8040 7708.94266  759 2851 7645.00000 7742.55870  1.28%   645 1907s
  8137  8040 7694.32636  839 2739 7645.00000 7742.19840  1.27%   645 1918s
  8138  8041 7732.72619  348 2830 7645.00000 7741.99145  1.27%   645 1923s
  8139  8042 7676.62966  555 2820 7645.00000 7741.89640  1.27%   645 1926s
  8140  8042 7731.17068  205 2884 7645.00000 7741.83290  1.27%   645 1930s
  8143  8044 7664.55401 1264 2903 7645.00000 7741.73196  1.27%   645 1936s
  8145  8046 7741.70779  125 2970 7645.00000 7741.70779  1.26%   645 1941s
  8146  8046 7741.42423   26 2842 7645.00000 7741.42423  1.26%   644 1951s
  8147  8047 7673.43321  954 2827 7645.00000 7741.22540  1.26%   644 1957s
  8148  8048 7741.10693   64 2893 7645.00000 7741.10693  1.26%   644 1961s
  8150  8049 7724.59566  320 2944 7645.00000 7741.00782  1.26%   644 1966s
  8153  8051 7733.63287  203 2959 7645.00000 7740.95169  1.26%   644 1973s
  8154  8052 7740.68070  203 2779 7645.00000 7740.68070  1.25%   644 1983s
  8155  8052 7725.83203  448 2855 7645.00000 7740.49660  1.25%   644 1988s
  8156  8053 7732.69442  345 2874 7645.00000 7740.42306  1.25%   644 1991s
  8158  8054 7737.42854  180 2876 7645.00000 7740.32303  1.25%   643 1996s
  8161  8056 7673.00862  944 2959 7645.00000 7740.26673  1.25%   643 2001s
  8162  8057 7653.83007  604 2958 7645.00000 7740.25624  1.25%   643 2005s
  8163  8058 7740.03517   28 2862 7645.00000 7740.03517  1.24%   643 2014s
  8164  8058 7729.03550  271 2890 7645.00000 7739.91139  1.24%   643 2018s
  8165  8059 7707.29500  516 2896 7645.00000 7739.84562  1.24%   643 2021s
  8167  8060 7675.00971 1061 2913 7645.00000 7739.75277  1.24%   643 2026s
  8169  8062 7737.15992  320 2947 7645.00000 7739.70449  1.24%   643 2030s
  8171  8063 7738.86975  195 2819 7645.00000 7739.50390  1.24%   642 2061s
  8172  8064 7707.88499  484 2868 7645.00000 7739.40648  1.23%   642 2065s
  8174  8065 7739.30027  307 2898 7645.00000 7739.30027  1.23%   642 2071s
  8176  8066 7723.58434  366 2911 7645.00000 7739.24988  1.23%   642 2075s
  8178  8068 7711.61641  621 2932 7645.00000 7739.22115  1.23%   642 2080s
  8179  8068 7690.35905  768 2761 7645.00000 7738.86651  1.23%   642 2107s
  8180  8069 7680.02275  864 2838 7645.00000 7738.65077  1.22%   642 2113s
  8181  8070 7683.33602  962 2842 7645.00000 7738.50634  1.22%   642 2118s
  8182  8070 7736.04044  210 2878 7645.00000 7738.41306  1.22%   642 2121s
  8184  8072 7693.82377  968 2897 7645.00000 7738.30748  1.22%   641 2127s
  8186  8073 7719.65134  506 2915 7645.00000 7738.26952  1.22%   641 2130s
  8187  8074 7704.68799  569 2886 7645.00000 7738.25982  1.22%   641 2149s
  8188  8074 7728.65572  177 2792 7645.00000 7738.01383  1.22%   641 2158s
  8189  8075 7713.77615  472 2833 7645.00000 7737.85857  1.21%   641 2163s
  8190  8076 7732.54643  248 2909 7645.00000 7737.77643  1.21%   641 2166s
  8192  8077 7737.67609   55 2891 7645.00000 7737.67609  1.21%   641 2172s
  8194  8078 7736.99660  105 2927 7645.00000 7737.63533  1.21%   641 2175s
  8197  8080 7737.59178  160 2944 7645.00000 7737.59178  1.21%   640 2181s
  8198  8081 7715.05157  448 2786 7645.00000 7737.31018  1.21%   640 2190s
  8200  8082 7737.12718  109 2850 7645.00000 7737.12718  1.21%   640 2197s
  8201  8083 7737.08744   10 2922 7645.00000 7737.08744  1.20%   640 2200s
  8204  8085 7658.50564 1317 2921 7645.00000 7737.03296  1.20%   640 2205s
  8206  8086 7730.26836  383 2841 7645.00000 7736.87577  1.20%   640 2215s
  8208  8088 7713.78635  477 2916 7645.00000 7736.74738  1.20%   640 2222s
  8210  8089 7736.70561  275 2907 7645.00000 7736.70561  1.20%   639 2226s
  8212  8090 7713.78314  464 2935 7645.00000 7736.68263  1.20%   639 2232s
  8213  8091 7715.84203  344 2853 7645.00000 7736.58676  1.20%   639 2239s
  8214  8092 7736.52176   36 2898 7645.00000 7736.52176  1.20%   639 2242s
  8216  8093 7716.42936  380 2916 7645.00000 7736.45719  1.20%   639 2246s
  8218  8094 7715.35276  356 2967 7645.00000 7736.43315  1.20%   639 2252s
  8219  8095 7715.50499  440 2901 7645.00000 7736.31764  1.19%   639 2260s
  8221  8096 7712.24259  684 2961 7645.00000 7736.19837  1.19%   639 2266s
  8223  8098 7736.15772  148 2950 7645.00000 7736.15772  1.19%   638 2270s
  8224  8098 7723.08992  413 2964 7645.00000 7736.14855  1.19%   638 2275s
  8225  8099 7690.73286  496 2853 7645.00000 7736.03793  1.19%   638 2283s
  8226  8100 7718.16652  534 2936 7645.00000 7735.98494  1.19%   638 2285s
  8228  8101 7697.59338  650 2933 7645.00000 7735.95819  1.19%   638 2291s
  8229  8102 7735.87184  346 2827 7645.00000 7735.87184  1.19%   638 2298s
  8230  8102 7735.81710  101 2882 7645.00000 7735.81710  1.19%   638 2301s
  8232  8104 7728.25559  399 2968 7645.00000 7735.75243  1.19%   638 2307s
  8233  8104 7735.73972   19 2983 7645.00000 7735.73972  1.19%   638 2311s
  8234  8105 7735.63760   58 2945 7645.00000 7735.63760  1.19%   638 2319s
  8235  8106 7701.81344  612 2906 7645.00000 7735.58022  1.18%   637 2323s
  8236  8106 7708.94266  759 2947 7645.00000 7735.54827  1.18%   637 2326s
  8238  8108 7732.72619  348 3000 7645.00000 7735.51153  1.18%   637 2330s
  8240  8109 7731.17068  205 2864 7645.00000 7735.41602  1.18%   637 2341s
  8242  8110 7698.55458  899 2901 7645.00000 7735.30267  1.18%   637 2347s
  8244  8112 7735.27036   63 2981 7645.00000 7735.27036  1.18%   637 2350s
  8246  8113 7735.13179   26 2916 7645.00000 7735.13179  1.18%   637 2362s
  8247  8114 7673.43321  954 2983 7645.00000 7735.07166  1.18%   637 2366s
  8250  8116 7724.59566  320 2969 7645.00000 7735.02629  1.18%   636 2373s
  8251  8116 7687.42760  841 2907 7645.00000 7734.93240  1.18%   636 2380s
  8253  8118 7733.63287  203 2959 7645.00000 7734.86693  1.18%   636 2385s
  8256  8120 7732.69442  345 2959 7645.00000 7734.82205  1.17%   636 2393s
  8257  8120 7734.75751  342 2920 7645.00000 7734.75751  1.17%   636 2399s
  8258  8121 7734.70618  180 2904 7645.00000 7734.70618  1.17%   636 2402s
  8260  8122 7689.54599  793 2945 7645.00000 7734.66999  1.17%   636 2406s
  8262  8124 7653.83007  604 2933 7645.00000 7734.64650  1.17%   635 2412s
  8263  8124 7734.59871   28 2887 7645.00000 7734.59871  1.17%   635 2418s
  8264  8125 7729.03550  271 2919 7645.00000 7734.56271  1.17%   635 2421s
  8266  8126 7695.27941  710 2956 7645.00000 7734.53114  1.17%   635 2428s
  8267  8127 7675.00971 1061 2941 7645.00000 7734.49619  1.17%   635 2434s
  8268  8128 7710.57646  707 2949 7645.00000 7734.46954  1.17%   635 2436s
  8269  8128 7734.45651  320 2939 7645.00000 7734.45651  1.17%   635 2441s
  8270  8129 7699.09202  788 2921 7645.00000 7734.37800  1.17%   635 2447s
  8271  8130 7734.37800  195 2919 7645.00000 7734.37800  1.17%   635 2450s
  8275  8133 7723.97255  400  973 7645.00000 7734.37800  1.17%   711 2455s
  8277  8135 7734.37800   75 1407 7645.00000 7734.37800  1.17%   711 2460s
  8279  8136 7690.35905  768 1648 7645.00000 7734.37800  1.17%   711 2469s
  8280  8137 7680.02275  864 1836 7645.00000 7734.37800  1.17%   711 2474s
  8281  8137 7683.33602  962 2084 7645.00000 7734.37800  1.17%   711 2480s
  8282  8138 7734.37800  210 2187 7645.00000 7734.37800  1.17%   711 2486s
  8283  8139 7731.35914  266 2382 7645.00000 7734.37800  1.17%   710 2491s
  8284  8139 7693.82377  968 2467 7645.00000 7734.37800  1.17%   710 2496s
  8285  8140 7734.37800   99 2614 7645.00000 7734.37800  1.17%   710 2501s
  8286  8141 7719.65134  506 2687 7645.00000 7734.37800  1.17%   710 2505s
  8288  8142 7728.65572  177 2720 7645.00000 7734.37800  1.17%   710 2510s
  8290  8143 7732.54643  248 2829 7645.00000 7734.37800  1.17%   710 2515s
  8291  8144 7723.51403  485 2869 7645.00000 7734.25016  1.17%   710 2522s
  8292  8145 7734.18195   55 2783 7645.00000 7734.18195  1.17%   710 2525s
  8295  8147 7734.11986   66 2832 7645.00000 7734.11986  1.17%   709 2532s
  8296  8147 7695.89580  649 2774 7645.00000 7734.00003  1.16%   709 2540s
  8299  8149 7733.89317  123 2864 7645.00000 7733.89317  1.16%   709 2546s
  8300  8150 7733.88418  109 2896 7645.00000 7733.88418  1.16%   709 2550s
  8301  8151 7733.75577   10 2790 7645.00000 7733.75577  1.16%   709 2557s
  8302  8151 7700.20988  703 2856 7645.00000 7733.66079  1.16%   709 2561s
  8304  8153 7658.50564 1317 2897 7645.00000 7733.59319  1.16%   709 2566s
  8306  8154 7730.26836  383 2938 7645.00000 7733.56953  1.16%   708 2572s
  8307  8155 7698.16715  640 2825 7645.00000 7733.43350  1.16%   708 2581s
  8309  8156 7703.11692  595 2868 7645.00000 7733.32196  1.16%   708 2586s
  8311  8157 7713.42961  486 2900 7645.00000 7733.28331  1.15%   708 2592s
  8312  8158 7713.78314  464 2854 7645.00000 7733.18796  1.15%   708 2600s
  8314  8159 7733.10551   36 2885 7645.00000 7733.10551  1.15%   708 2605s
  8317  8161 7733.07259  114 2959 7645.00000 7733.07259  1.15%   708 2612s
  8318  8162 7715.35276  356 2837 7645.00000 7732.97150  1.15%   707 2620s
  8320  8163 7703.76325  736 2912 7645.00000 7732.90305  1.15%   707 2625s
  8322  8165 7732.87773    7 2913 7645.00000 7732.87773  1.15%   707 2630s
  8323  8165 7732.74619  148 2810 7645.00000 7732.74619  1.15%   707 2639s
  8324  8166 7723.08992  413 2858 7645.00000 7732.68325  1.15%   707 2642s
  8326  8167 7718.16652  534 2916 7645.00000 7732.63427  1.15%   707 2646s
  8327  8168 7688.40858  807 3005 7645.00000 7732.62231  1.15%   707 2651s
  8328  8169 7697.59338  650 2854 7645.00000 7732.54912  1.15%   707 2658s
  8329  8169 7732.49711  346 2853 7645.00000 7732.49711  1.14%   706 2661s
  8331  8171 7732.45581  143 2926 7645.00000 7732.45581  1.14%   706 2665s
  8333  8172 7732.43375   19 2968 7645.00000 7732.43375  1.14%   706 2671s
  8334  8173 7732.38590   58 2926 7645.00000 7732.38590  1.14%   706 2677s
  8335  8173 7701.81344  612 2950 7645.00000 7732.35017  1.14%   706 2680s
  8338  8175 7732.30140  348 3020 7645.00000 7732.30140  1.14%   706 2689s
  8339  8176 7676.62966  555 2897 7645.00000 7732.21577  1.14%   706 2697s
  8341  8177 7732.16364   66 2949 7645.00000 7732.16364  1.14%   705 2701s
  8343  8179 7664.55401 1264 2945 7645.00000 7732.13791  1.14%   705 2707s
  8344  8179 7732.07477   63 2972 7645.00000 7732.07477  1.14%   705 2714s
  8345  8180 7732.03953  125 2940 7645.00000 7732.03953  1.14%   705 2717s
  8347  8181 7673.43321  954 2985 7645.00000 7732.00552  1.14%   705 2721s
  8348  8182 7731.99495   64 2992 7645.00000 7731.99495  1.14%   705 2726s
  8349  8183 7707.32262  570 2886 7645.00000 7731.94175  1.14%   705 2733s
  8350  8183 7724.59566  320 2976 7645.00000 7731.89459  1.14%   705 2737s
  8352  8185 7703.22595  475 3033 7645.00000 7731.86524  1.14%   705 2744s
  8353  8185 7731.79725  203 2975 7645.00000 7731.79725  1.14%   704 2751s
  8355  8187 7725.83203  448 2965 7645.00000 7731.75019  1.13%   704 2756s
  8356  8187 7731.73739  345 2973 7645.00000 7731.73739  1.13%   704 2761s
  8357  8188 7731.68772  342 2872 7645.00000 7731.68772  1.13%   704 2783s
  8358  8189 7731.65589  180 2935 7645.00000 7731.65589  1.13%   704 2786s
  8360  8190 7689.54599  793 2939 7645.00000 7731.62309  1.13%   704 2790s
  8362  8191 7653.83007  604 2846 7645.00000 7731.51501  1.13%   704 2818s
  8363  8192 7731.44682   28 2911 7645.00000 7731.44682  1.13%   704 2823s
  8364  8193 7729.03550  271 2906 7645.00000 7731.41155  1.13%   704 2826s
  8366  8194 7695.27941  710 2916 7645.00000 7731.36082  1.13%   703 2831s
  8367  8195 7675.00971 1061 2963 7645.00000 7731.34935  1.13%   703 2851s
  8368  8195 7710.57646  707 2935 7645.00000 7731.28622  1.13%   703 2858s
  8369  8196 7731.24489  320 2942 7645.00000 7731.24489  1.13%   703 2862s
  8370  8197 7699.09202  788 2973 7645.00000 7731.21506  1.13%   703 2865s
  8372  8198 7707.88499  484 2954 7645.00000 7731.18579  1.13%   703 2871s
  8373  8199 7701.17758  675 2978 7645.00000 7731.14295  1.13%   703 2878s
  8374  8199 7731.11801  307 2973 7645.00000 7731.11801  1.13%   703 2880s
  8376  8201 7723.58434  366 2994 7645.00000 7731.09155  1.13%   703 2886s
  8377  8201 7731.05150   75 2976 7645.00000 7731.05150  1.13%   702 2892s
  8379  8203 7690.35905  768 3003 7645.00000 7731.01514  1.13%   702 2896s
  8380  8203 7680.02275  864 2996 7645.00000 7731.00498  1.12%   702 2900s
  8381  8204 7683.33602  962 2963 7645.00000 7730.98010  1.12%   702 2906s
  8383  8205 7730.94686  266 2972 7645.00000 7730.94686  1.12%   702 2912s
  8384  8206 7693.82377  968 2987 7645.00000 7730.91704  1.12%   702 2918s
  8385  8207 7730.91704   99 2982 7645.00000 7730.91704  1.12%   702 2921s
  8386  8207 7719.65134  506 2982 7645.00000 7730.91669  1.12%   702 2956s
  8387  8211 7730.91669   23 2964 7645.00000 7730.91669  1.12%   731 2980s
  8389  8214 7730.91669   24 2969 7645.00000 7730.91669  1.12%   734 3005s
  8393  8221 7730.87602   25 2817 7645.00000 7730.91474  1.12%   738 3038s
  8401  8226 7730.72055   26 2860 7645.00000 7730.72055  1.12%   740 3060s
  8409  8232 7711.55057   26 2610 7645.00000 7730.72055  1.12%   752 3089s
  8417  8237 7730.72022   27 2856 7645.00000 7730.72022  1.12%   756 3095s
  8425  8242 7709.85920   27 2679 7645.00000 7730.72017  1.12%   759 3108s
  8433  8251 7730.69448   28 2868 7645.00000 7730.72010  1.12%   761 3123s
  8444  8260 7730.37790   28 2683 7645.00000 7730.69436  1.12%   764 3133s
  8457  8270 7730.42974   29 2819 7645.00000 7730.69436  1.12%   766 3149s
  8471  8274 7730.30158   29 2784 7645.00000 7730.42969  1.12%   771 3158s
  8480  8285 7730.41317   30 2848 7645.00000 7730.41317  1.12%   772 3170s
  8494  8293 7730.41297   31 2838 7645.00000 7730.41297  1.12%   775 3183s
  8507  8303 7730.33302   32 2832 7645.00000 7730.41296  1.12%   778 3203s
  8521  8316 7730.40221   32 2834 7645.00000 7730.40221  1.12%   782 3212s
  8539  8328 7730.09638   34 2771 7645.00000 7730.38002  1.12%   785 3229s
  8557  8343 7730.37750   34 2831 7645.00000 7730.37763  1.12%   788 3238s
  8578  8360 7730.34304   35 2823 7645.00000 7730.37763  1.12%   790 3252s
  8602  8375 7730.33949   37 2781 7645.00000 7730.37763  1.12%   794 3261s
  8625  8387 7730.33891   38 2778 7645.00000 7730.37763  1.12%   796 3272s
  8644  8406 7730.31094   39 2767 7645.00000 7730.37763  1.12%   800 3284s
  8670  8422 7730.10673   40 2754 7645.00000 7730.37763  1.12%   804 3294s
  8694  8438 7729.50752   40 2730 7645.00000 7730.37763  1.12%   808 3307s
  8718  8457 7729.91218   41 2702 7645.00000 7730.37763  1.12%   811 3322s
  8745  8475 7730.09157   42 2727 7645.00000 7730.37763  1.12%   816 3336s
  8772  8502 7730.07616   43 2734 7645.00000 7730.37763  1.12%   818 3355s
  8808  8538 7729.99771   45 2702 7645.00000 7730.37763  1.12%   824 3376s
  8856  8570 7729.92057   47 2727 7645.00000 7730.37763  1.12%   829 3394s
  8904  8609 7729.79892   49 2719 7645.00000 7730.37763  1.12%   835 3414s
  8959  8634 7729.79752   50 2668 7645.00000 7730.37763  1.12%   840 3433s
  9009  8647 7729.77525   51 2650 7645.00000 7730.37763  1.12%   846 3470s
  9050  8667 7728.46739   52 2664 7645.00000 7730.37763  1.12%   856 3505s
H 9084  8247                    7646.0000000 7730.37763  1.10%   869 3543s
  9092  8281 7728.61353   54 2619 7646.00000 7730.37763  1.10%   875 3573s
H 9129  7918                    7647.0000000 7730.37763  1.09%   888 3600s

Cutting planes:
  Gomory: 29
  Cover: 60
  Implied bound: 2
  MIR: 651
  StrongCG: 23
  Flow cover: 2021
  GUB cover: 438
  Zero half: 23
  Mod-K: 2
  RLT: 470
  Relax-and-lift: 8

Explored 9180 nodes (8389158 simplex iterations) in 3600.01 seconds (6935.05 work units)
Thread count was 8 (of 8 available processors)

Solution count 10: 7647 7646 7645 ... 7637

Time limit reached
Best objective 7.647000000000e+03, best bound 7.730000000000e+03, gap 1.0854%
