
Gurobi 9.5.0 (win64) logging started Tue Dec  7 12:38:45 2021

Set parameter LogFile to value "../results/logs/log_2021_12_07_12_26.csv_5_30.log"
Set parameter Method to value 3
Gurobi Optimizer version 9.5.0 build v9.5.0rc5 (win64)
Thread count: 6 physical cores, 12 logical processors, using up to 12 threads
Optimize a model with 1783 rows, 9882 columns and 22585 nonzeros
Model fingerprint: 0x8dcf4b13
Variable types: 4941 continuous, 4941 integer (4941 binary)
Coefficient statistics:
  Matrix range     [1e+00, 5e+00]
  Objective range  [1e+00, 1e+00]
  Bounds range     [1e+00, 1e+00]
  RHS range        [1e+00, 3e+01]
Found heuristic solution: objective 12.0000000
Presolve removed 944 rows and 8566 columns
Presolve time: 0.04s
Presolved: 839 rows, 1316 columns, 4810 nonzeros
Variable types: 741 continuous, 575 integer (555 binary)
Found heuristic solution: objective 20.0000000

Concurrent LP optimizer: primal simplex, dual simplex, and barrier
Showing barrier log only...

Root barrier log...

Ordering time: 0.00s

Barrier statistics:
 AA' NZ     : 3.463e+03
 Factor NZ  : 9.369e+03 (roughly 1 MB of memory)
 Factor Ops : 1.271e+05 (less than 1 second per iteration)
 Threads    : 1

                  Objective                Residual
Iter       Primal          Dual         Primal    Dual     Compl     Time
   0   1.52539076e+03  1.81456011e+03  1.14e+03 8.41e-01  5.85e+00     0s
   1   3.89337331e+02  1.60657932e+03  1.89e+02 2.66e-15  1.14e+00     0s
   2   1.98308898e+02  4.48583158e+02  3.29e+01 2.66e-15  1.84e-01     0s
   3   1.29537374e+02  1.80197779e+02  6.79e+00 4.00e-15  4.04e-02     0s
   4   1.09849493e+02  1.23674961e+02  4.13e-01 3.76e-15  5.58e-03     0s
   5   1.10855244e+02  1.14961776e+02  1.51e-01 3.20e-15  1.73e-03     0s
   6   1.11130448e+02  1.13158626e+02  1.07e-01 2.58e-15  9.55e-04     0s

Barrier performed 6 iterations in 0.06 seconds (0.04 work units)
Barrier solve interrupted - model solved by another algorithm


Solved with primal simplex

Root relaxation: objective 1.117639e+02, 708 iterations, 0.01 seconds (0.01 work units)

    Nodes    |    Current Node    |     Objective Bounds      |     Work
 Expl Unexpl |  Obj  Depth IntInf | Incumbent    BestBd   Gap | It/Node Time

     0     0  111.76391    0  285   20.00000  111.76391   459%     -    0s
H    0     0                      49.0000000  111.76391   128%     -    0s
     0     0   75.16010    0  100   49.00000   75.16010  53.4%     -    0s
     0     0   74.23049    0   84   49.00000   74.23049  51.5%     -    0s
     0     0   74.10822    0   78   49.00000   74.10822  51.2%     -    0s
     0     0   69.66153    0  102   49.00000   69.66153  42.2%     -    0s
     0     0   68.78386    0  108   49.00000   68.78386  40.4%     -    0s
     0     0   68.66256    0  108   49.00000   68.66256  40.1%     -    0s
     0     0   68.65667    0  108   49.00000   68.65667  40.1%     -    0s
     0     0   67.53343    0   89   49.00000   67.53343  37.8%     -    0s
     0     0   67.29143    0   91   49.00000   67.29143  37.3%     -    0s
     0     0   67.22591    0   79   49.00000   67.22591  37.2%     -    0s
     0     0   67.21412    0   84   49.00000   67.21412  37.2%     -    0s
H    0     0                      55.0000000   66.57166  21.0%     -    0s
     0     0   66.57166    0   74   55.00000   66.57166  21.0%     -    0s
     0     0   66.36478    0   49   55.00000   66.36478  20.7%     -    0s
     0     0   66.36347    0   65   55.00000   66.36347  20.7%     -    0s
H    0     0                      56.0000000   66.36347  18.5%     -    0s
     0     0   65.93532    0   57   56.00000   65.93532  17.7%     -    0s
     0     0   65.84508    0   43   56.00000   65.84508  17.6%     -    0s
     0     0   65.80320    0   73   56.00000   65.80320  17.5%     -    0s
     0     0   65.66039    0   49   56.00000   65.66039  17.3%     -    0s
     0     0   65.64132    0   73   56.00000   65.64132  17.2%     -    0s
     0     0   65.60148    0   41   56.00000   65.60148  17.1%     -    0s
     0     0   65.59926    0   69   56.00000   65.59926  17.1%     -    0s
     0     0   65.47935    0   67   56.00000   65.47935  16.9%     -    0s
     0     0   65.47935    0   67   56.00000   65.47935  16.9%     -    0s
     0     2   65.47935    0   67   56.00000   65.47935  16.9%     -    0s
H   31    44                      62.0000000   64.95732  4.77%  53.5    0s
*  197   103              29      63.0000000   64.76778  2.81%  30.9    0s

Cutting planes:
  Gomory: 83
  Lift-and-project: 20
  Implied bound: 14
  MIR: 372
  RLT: 74
  Relax-and-lift: 11

Explored 395 nodes (12074 simplex iterations) in 0.92 seconds (0.69 work units)
Thread count was 12 (of 12 available processors)

Solution count 7: 63 62 56 ... 12

Optimal solution found (tolerance 1.00e-04)
Best objective 6.300000000000e+01, best bound 6.300000000000e+01, gap 0.0000%
