
Gurobi 9.5.1 (linux64) logging started Fri Mar 18 12:05:26 2022

Set parameter LogFile to value "../results/logs/log_2022_03_18_12_05.csv_3_250.log"
Set parameter LazyConstraints to value 1
Gurobi Optimizer version 9.5.1 build v9.5.1rc2 (linux64)
Thread count: 8 physical cores, 8 logical processors, using up to 8 threads
Optimize a model with 116681 rows, 393182 columns and 429951 nonzeros
Model fingerprint: 0xd70efcb1
Variable types: 0 continuous, 393182 integer (393182 binary)
Coefficient statistics:
  Matrix range     [1e+00, 1e+00]
  Objective range  [1e+00, 1e+00]
  Bounds range     [1e+00, 1e+00]
  RHS range        [1e+00, 2e+02]
Found heuristic solution: objective 196591.00000

Explored 0 nodes (0 simplex iterations) in 0.06 seconds (0.03 work units)
Thread count was 1 (of 8 available processors)

Solution count 1: 196591 

Optimal solution found (tolerance 1.00e-04)
Best objective 1.965910000000e+05, best bound 1.965910000000e+05, gap 0.0000%

User-callback calls 21, time in user-callback 0.00 sec

Gurobi 9.5.1 (linux64) logging started Fri Mar 18 12:05:36 2022

Set parameter LogFile to value "../results/logs/log_2022_03_18_12_05.csv_3_250.log"
Set parameter LazyConstraints to value 1
Gurobi Optimizer version 9.5.1 build v9.5.1rc2 (linux64)
Thread count: 8 physical cores, 8 logical processors, using up to 8 threads
Optimize a model with 215042 rows, 634160 columns and 747162 nonzeros
Model fingerprint: 0x72a645a9
Variable types: 0 continuous, 634160 integer (634160 binary)
Coefficient statistics:
  Matrix range     [1e+00, 1e+00]
  Objective range  [1e+00, 1e+00]
  Bounds range     [1e+00, 1e+00]
  RHS range        [1e+00, 2e+02]
Found heuristic solution: objective 317080.00000

Explored 0 nodes (0 simplex iterations) in 0.10 seconds (0.05 work units)
Thread count was 1 (of 8 available processors)

Solution count 1: 317080 

Optimal solution found (tolerance 1.00e-04)
Best objective 3.170800000000e+05, best bound 3.170800000000e+05, gap 0.0000%

User-callback calls 21, time in user-callback 0.00 sec

Gurobi 9.5.1 (linux64) logging started Fri Mar 18 12:06:28 2022

Set parameter LogFile to value "../results/logs/log_2022_03_18_12_05.csv_3_250.log"
Set parameter LazyConstraints to value 1
Gurobi Optimizer version 9.5.1 build v9.5.1rc2 (linux64)
Thread count: 8 physical cores, 8 logical processors, using up to 8 threads
Optimize a model with 116681 rows, 393182 columns and 429951 nonzeros
Model fingerprint: 0xd70efcb1
Variable types: 0 continuous, 393182 integer (393182 binary)
Coefficient statistics:
  Matrix range     [1e+00, 1e+00]
  Objective range  [1e+00, 1e+00]
  Bounds range     [1e+00, 1e+00]
  RHS range        [1e+00, 2e+02]
Found heuristic solution: objective 196591.00000

Explored 0 nodes (0 simplex iterations) in 0.06 seconds (0.03 work units)
Thread count was 1 (of 8 available processors)

Solution count 1: 196591 

Optimal solution found (tolerance 1.00e-04)
Best objective 1.965910000000e+05, best bound 1.965910000000e+05, gap 0.0000%

User-callback calls 21, time in user-callback 0.00 sec

Gurobi 9.5.1 (linux64) logging started Fri Mar 18 12:06:39 2022

Set parameter LogFile to value "../results/logs/log_2022_03_18_12_05.csv_3_250.log"
Set parameter LazyConstraints to value 1
Gurobi Optimizer version 9.5.1 build v9.5.1rc2 (linux64)
Thread count: 8 physical cores, 8 logical processors, using up to 8 threads
Optimize a model with 215042 rows, 634160 columns and 747162 nonzeros
Model fingerprint: 0x72a645a9
Variable types: 0 continuous, 634160 integer (634160 binary)
Coefficient statistics:
  Matrix range     [1e+00, 1e+00]
  Objective range  [1e+00, 1e+00]
  Bounds range     [1e+00, 1e+00]
  RHS range        [1e+00, 2e+02]
Found heuristic solution: objective 317080.00000

Explored 0 nodes (0 simplex iterations) in 0.11 seconds (0.05 work units)
Thread count was 1 (of 8 available processors)

Solution count 1: 317080 

Optimal solution found (tolerance 1.00e-04)
Best objective 3.170800000000e+05, best bound 3.170800000000e+05, gap 0.0000%

User-callback calls 21, time in user-callback 0.00 sec
