
Gurobi 9.5.0 (win64) logging started Mon Jun  6 19:47:08 2022

Set parameter LogFile to value "../results/logs/log_soc-dolphins_3_1_2022_06_06_19_47.log"
Set parameter LazyConstraints to value 1
Gurobi Optimizer version 9.5.0 build v9.5.0rc5 (win64)
Thread count: 6 physical cores, 12 logical processors, using up to 12 threads
Optimize a model with 4771 rows, 177 columns and 14848 nonzeros
Model fingerprint: 0xea5115cd
Variable types: 0 continuous, 177 integer (177 binary)
Coefficient statistics:
  Matrix range     [1e+00, 3e+00]
  Objective range  [1e+00, 1e+00]
  Bounds range     [1e+00, 1e+00]
  RHS range        [1e+00, 1e+00]
Found heuristic solution: objective -0.0000000
Presolve removed 4602 rows and 16 columns
Presolve time: 0.03s
Presolved: 169 rows, 161 columns, 3448 nonzeros
Variable types: 0 continuous, 161 integer (161 binary)

Root relaxation: objective 3.166667e+01, 35 iterations, 0.00 seconds (0.00 work units)

    Nodes    |    Current Node    |     Objective Bounds      |     Work
 Expl Unexpl |  Obj  Depth IntInf | Incumbent    BestBd   Gap | It/Node Time

     0     0   31.66667    0    1   -0.00000   31.66667      -     -    0s
H    0     0                       4.0000000   31.66667   692%     -    0s
     0     0   29.13333    0   14    4.00000   29.13333   628%     -    0s
H    0     0                      17.0000000   29.13333  71.4%     -    0s
     0     0   26.66667    0    1   17.00000   26.66667  56.9%     -    0s
     0     0   25.00000    0   21   17.00000   25.00000  47.1%     -    0s
H    0     0                      20.0000000   25.00000  25.0%     -    0s
     0     0   24.91667    0    5   20.00000   24.91667  24.6%     -    0s
     0     0   24.60000    0   30   20.00000   24.60000  23.0%     -    0s
     0     0   24.60000    0   25   20.00000   24.60000  23.0%     -    0s
     0     0     cutoff    0        20.00000   20.00000  0.00%     -    0s

Cutting planes:
  Gomory: 4
  Cover: 2
  Clique: 7
  MIR: 3
  GUB cover: 1
  Zero half: 2
  Mod-K: 1
  Lazy constraints: 109

Explored 1 nodes (197 simplex iterations) in 0.17 seconds (0.07 work units)
Thread count was 12 (of 12 available processors)

Solution count 6: 20 17 15 ... -0

Optimal solution found (tolerance 0.00e+00)
Best objective 2.000000000000e+01, best bound 2.000000000000e+01, gap 0.0000%

User-callback calls 308, time in user-callback 0.05 sec

Gurobi 9.5.0 (win64) logging started Mon Jun  6 19:47:08 2022

Set parameter LogFile to value "../results/logs/log_soc-dolphins_3_1_2022_06_06_19_47.log"
Set parameter LazyConstraints to value 1
Gurobi Optimizer version 9.5.0 build v9.5.0rc5 (win64)
Thread count: 6 physical cores, 12 logical processors, using up to 12 threads
Optimize a model with 11733 rows, 3658 columns and 39215 nonzeros
Model fingerprint: 0x5a0a634d
Variable types: 0 continuous, 3658 integer (3658 binary)
Coefficient statistics:
  Matrix range     [1e+00, 3e+00]
  Objective range  [1e+00, 1e+00]
  Bounds range     [1e+00, 1e+00]
  RHS range        [1e+00, 1e+00]
Found heuristic solution: objective -0.0000000
Presolve removed 6899 rows and 16 columns
Presolve time: 0.10s
Presolved: 4834 rows, 3642 columns, 17474 nonzeros
Variable types: 0 continuous, 3642 integer (3642 binary)

Root relaxation: objective 3.166667e+01, 175 iterations, 0.01 seconds (0.01 work units)

    Nodes    |    Current Node    |     Objective Bounds      |     Work
 Expl Unexpl |  Obj  Depth IntInf | Incumbent    BestBd   Gap | It/Node Time

     0     0   31.66667    0    2   -0.00000   31.66667      -     -    0s
*    0     0               0      31.0000000   31.00000  0.00%     -    0s

Cutting planes:
  Gomory: 1
  Cover: 1
  Lazy constraints: 30

Explored 1 nodes (179 simplex iterations) in 0.23 seconds (0.14 work units)
Thread count was 12 (of 12 available processors)

Solution count 2: 31 -0 

Optimal solution found (tolerance 0.00e+00)
Best objective 3.100000000000e+01, best bound 3.100000000000e+01, gap 0.0000%

User-callback calls 254, time in user-callback 0.07 sec

Gurobi 9.5.0 (win64) logging started Mon Jun  6 19:47:30 2022

Set parameter LogFile to value "../results/logs/log_soc-dolphins_3_1_2022_06_06_19_47.log"
Set parameter LazyConstraints to value 1
Gurobi Optimizer version 9.5.0 build v9.5.0rc5 (win64)
Thread count: 6 physical cores, 12 logical processors, using up to 12 threads
Optimize a model with 4771 rows, 177 columns and 14848 nonzeros
Model fingerprint: 0xc54c1a06
Variable types: 0 continuous, 177 integer (177 binary)
Coefficient statistics:
  Matrix range     [1e+00, 3e+00]
  Objective range  [1e+00, 1e+00]
  Bounds range     [1e+00, 1e+00]
  RHS range        [1e+00, 1e+00]
Found heuristic solution: objective -0.0000000
Presolve removed 4604 rows and 16 columns
Presolve time: 0.03s
Presolved: 167 rows, 161 columns, 3395 nonzeros
Variable types: 0 continuous, 161 integer (161 binary)

Root relaxation: objective 3.166667e+01, 34 iterations, 0.00 seconds (0.00 work units)

    Nodes    |    Current Node    |     Objective Bounds      |     Work
 Expl Unexpl |  Obj  Depth IntInf | Incumbent    BestBd   Gap | It/Node Time

     0     0   31.66667    0    1   -0.00000   31.66667      -     -    0s
H    0     0                       6.0000000   31.66667   428%     -    0s
     0     0   29.13333    0   14    6.00000   29.13333   386%     -    0s
H    0     0                       7.0000000   29.13333   316%     -    0s
H    0     0                      20.0000000   29.13333  45.7%     -    0s
     0     0   26.50000    0    3   20.00000   26.50000  32.5%     -    0s
H    0     0                      26.0000000   26.50000  1.92%     -    0s

Cutting planes:
  Gomory: 1
  Cover: 2
  Clique: 6
  MIR: 2
  Zero half: 1
  Lazy constraints: 236

Explored 1 nodes (75 simplex iterations) in 0.09 seconds (0.04 work units)
Thread count was 12 (of 12 available processors)

Solution count 5: 26 20 7 ... -0

Optimal solution found (tolerance 0.00e+00)
Best objective 2.600000000000e+01, best bound 2.600000000000e+01, gap 0.0000%

User-callback calls 260, time in user-callback 0.02 sec

Gurobi 9.5.0 (win64) logging started Mon Jun  6 19:47:30 2022

Set parameter LogFile to value "../results/logs/log_soc-dolphins_3_1_2022_06_06_19_47.log"
Set parameter LazyConstraints to value 1
Gurobi Optimizer version 9.5.0 build v9.5.0rc5 (win64)
Thread count: 6 physical cores, 12 logical processors, using up to 12 threads
Optimize a model with 11733 rows, 3658 columns and 39215 nonzeros
Model fingerprint: 0xcd7d024b
Variable types: 0 continuous, 3658 integer (3658 binary)
Coefficient statistics:
  Matrix range     [1e+00, 3e+00]
  Objective range  [1e+00, 1e+00]
  Bounds range     [1e+00, 1e+00]
  RHS range        [1e+00, 1e+00]
Found heuristic solution: objective -0.0000000
Presolve removed 6899 rows and 16 columns
Presolve time: 0.10s
Presolved: 4834 rows, 3642 columns, 17478 nonzeros
Variable types: 0 continuous, 3642 integer (3642 binary)

Root relaxation: objective 3.166667e+01, 204 iterations, 0.01 seconds (0.01 work units)

    Nodes    |    Current Node    |     Objective Bounds      |     Work
 Expl Unexpl |  Obj  Depth IntInf | Incumbent    BestBd   Gap | It/Node Time

     0     0   31.66667    0    2   -0.00000   31.66667      -     -    0s
*    0     0               0      31.0000000   31.00000  0.00%     -    0s

Cutting planes:
  Gomory: 1
  Cover: 1
  Lazy constraints: 30

Explored 1 nodes (207 simplex iterations) in 0.21 seconds (0.14 work units)
Thread count was 12 (of 12 available processors)

Solution count 2: 31 -0 

Optimal solution found (tolerance 0.00e+00)
Best objective 3.100000000000e+01, best bound 3.100000000000e+01, gap 0.0000%

User-callback calls 255, time in user-callback 0.06 sec

Gurobi 9.5.0 (win64) logging started Mon Jun  6 19:47:37 2022

Set parameter LogFile to value "../results/logs/log_soc-dolphins_3_1_2022_06_06_19_47.log"
Set parameter LazyConstraints to value 1
Gurobi Optimizer version 9.5.0 build v9.5.0rc5 (win64)
Thread count: 6 physical cores, 12 logical processors, using up to 12 threads
Optimize a model with 4771 rows, 177 columns and 14848 nonzeros
Model fingerprint: 0x7c04cb14
Variable types: 0 continuous, 177 integer (177 binary)
Coefficient statistics:
  Matrix range     [1e+00, 3e+00]
  Objective range  [1e+00, 1e+00]
  Bounds range     [1e+00, 1e+00]
  RHS range        [1e+00, 1e+00]
Found heuristic solution: objective -0.0000000
Presolve removed 4600 rows and 16 columns
Presolve time: 0.04s
Presolved: 171 rows, 161 columns, 3529 nonzeros
Variable types: 0 continuous, 161 integer (161 binary)

Root relaxation: objective 3.166667e+01, 34 iterations, 0.00 seconds (0.00 work units)

    Nodes    |    Current Node    |     Objective Bounds      |     Work
 Expl Unexpl |  Obj  Depth IntInf | Incumbent    BestBd   Gap | It/Node Time

     0     0   31.66667    0    1   -0.00000   31.66667      -     -    0s
H    0     0                       6.0000000   31.66667   428%     -    0s
     0     0   29.13333    0   14    6.00000   29.13333   386%     -    0s
H    0     0                       7.0000000   29.13333   316%     -    0s
H    0     0                      20.0000000   29.13333  45.7%     -    0s
     0     0   27.00000    0   34   20.00000   27.00000  35.0%     -    0s
H    0     0                      21.0000000   27.00000  28.6%     -    0s
*    0     0               0      26.0000000   26.00000  0.00%     -    0s

Cutting planes:
  Gomory: 1
  Cover: 1
  Clique: 2
  MIR: 2
  Zero half: 2
  Lazy constraints: 236

Explored 1 nodes (83 simplex iterations) in 0.09 seconds (0.04 work units)
Thread count was 12 (of 12 available processors)

Solution count 6: 26 21 20 ... -0

Optimal solution found (tolerance 0.00e+00)
Best objective 2.600000000000e+01, best bound 2.600000000000e+01, gap 0.0000%

User-callback calls 265, time in user-callback 0.03 sec

Gurobi 9.5.0 (win64) logging started Mon Jun  6 19:47:37 2022

Set parameter LogFile to value "../results/logs/log_soc-dolphins_3_1_2022_06_06_19_47.log"
Set parameter LazyConstraints to value 1
Gurobi Optimizer version 9.5.0 build v9.5.0rc5 (win64)
Thread count: 6 physical cores, 12 logical processors, using up to 12 threads
Optimize a model with 11733 rows, 3658 columns and 39215 nonzeros
Model fingerprint: 0xe7f3eb52
Variable types: 0 continuous, 3658 integer (3658 binary)
Coefficient statistics:
  Matrix range     [1e+00, 3e+00]
  Objective range  [1e+00, 1e+00]
  Bounds range     [1e+00, 1e+00]
  RHS range        [1e+00, 1e+00]
Found heuristic solution: objective -0.0000000
Presolve removed 6896 rows and 16 columns
Presolve time: 0.10s
Presolved: 4837 rows, 3642 columns, 17565 nonzeros
Variable types: 0 continuous, 3642 integer (3642 binary)

Root relaxation: objective 3.166667e+01, 196 iterations, 0.01 seconds (0.01 work units)

    Nodes    |    Current Node    |     Objective Bounds      |     Work
 Expl Unexpl |  Obj  Depth IntInf | Incumbent    BestBd   Gap | It/Node Time

     0     0   31.66667    0    2   -0.00000   31.66667      -     -    0s
H    0     0                      19.0000000   31.66667  66.7%     -    0s
H    0     0                      22.0000000   31.66667  43.9%     -    0s
*    0     0               0      31.0000000   31.00000  0.00%     -    0s

Cutting planes:
  Gomory: 1
  Cover: 1
  Lazy constraints: 30

Explored 1 nodes (215 simplex iterations) in 0.22 seconds (0.15 work units)
Thread count was 12 (of 12 available processors)

Solution count 4: 31 22 19 -0 

Optimal solution found (tolerance 0.00e+00)
Best objective 3.100000000000e+01, best bound 3.100000000000e+01, gap 0.0000%

User-callback calls 264, time in user-callback 0.06 sec

Gurobi 9.5.0 (win64) logging started Mon Jun  6 19:47:55 2022

Set parameter LogFile to value "../results/logs/log_soc-dolphins_3_1_2022_06_06_19_47.log"
Set parameter LazyConstraints to value 1
Gurobi Optimizer version 9.5.0 build v9.5.0rc5 (win64)
Thread count: 6 physical cores, 12 logical processors, using up to 12 threads
Optimize a model with 4771 rows, 177 columns and 14848 nonzeros
Model fingerprint: 0x3bb1ef78
Variable types: 0 continuous, 177 integer (177 binary)
Coefficient statistics:
  Matrix range     [1e+00, 3e+00]
  Objective range  [1e+00, 1e+00]
  Bounds range     [1e+00, 1e+00]
  RHS range        [1e+00, 1e+00]
Found heuristic solution: objective -0.0000000
Presolve removed 4605 rows and 16 columns
Presolve time: 0.03s
Presolved: 166 rows, 161 columns, 3353 nonzeros
Variable types: 0 continuous, 161 integer (161 binary)

Root relaxation: objective 3.166667e+01, 37 iterations, 0.00 seconds (0.00 work units)

    Nodes    |    Current Node    |     Objective Bounds      |     Work
 Expl Unexpl |  Obj  Depth IntInf | Incumbent    BestBd   Gap | It/Node Time

     0     0   31.66667    0    1   -0.00000   31.66667      -     -    0s
H    0     0                       4.0000000   31.66667   692%     -    0s
     0     0   29.13333    0   14    4.00000   29.13333   628%     -    0s
H    0     0                       5.0000000   29.13333   483%     -    0s
H    0     0                      20.0000000   29.13333  45.7%     -    0s
     0     0   27.00000    0   34   20.00000   27.00000  35.0%     -    0s
H    0     0                      22.0000000   27.00000  22.7%     -    0s
H    0     0                      23.0000000   27.00000  17.4%     -    0s
*    0     0               0      26.0000000   26.00000  0.00%     -    0s

Cutting planes:
  Cover: 1
  Clique: 2
  MIR: 2
  Zero half: 2
  Lazy constraints: 236

Explored 1 nodes (75 simplex iterations) in 0.09 seconds (0.04 work units)
Thread count was 12 (of 12 available processors)

Solution count 7: 26 23 22 ... -0

Optimal solution found (tolerance 0.00e+00)
Best objective 2.600000000000e+01, best bound 2.600000000000e+01, gap 0.0000%

User-callback calls 265, time in user-callback 0.02 sec

Gurobi 9.5.0 (win64) logging started Mon Jun  6 19:47:55 2022

Set parameter LogFile to value "../results/logs/log_soc-dolphins_3_1_2022_06_06_19_47.log"
Set parameter LazyConstraints to value 1
Gurobi Optimizer version 9.5.0 build v9.5.0rc5 (win64)
Thread count: 6 physical cores, 12 logical processors, using up to 12 threads
Optimize a model with 11733 rows, 3658 columns and 39215 nonzeros
Model fingerprint: 0xf829d4e9
Variable types: 0 continuous, 3658 integer (3658 binary)
Coefficient statistics:
  Matrix range     [1e+00, 3e+00]
  Objective range  [1e+00, 1e+00]
  Bounds range     [1e+00, 1e+00]
  RHS range        [1e+00, 1e+00]
Found heuristic solution: objective -0.0000000
Presolve removed 6897 rows and 16 columns
Presolve time: 0.10s
Presolved: 4836 rows, 3642 columns, 17553 nonzeros
Variable types: 0 continuous, 3642 integer (3642 binary)

Root relaxation: objective 3.166667e+01, 193 iterations, 0.01 seconds (0.01 work units)

    Nodes    |    Current Node    |     Objective Bounds      |     Work
 Expl Unexpl |  Obj  Depth IntInf | Incumbent    BestBd   Gap | It/Node Time

     0     0   31.66667    0    2   -0.00000   31.66667      -     -    0s
H    0     0                       4.0000000   31.66667   692%     -    0s
*    0     0               0      31.0000000   31.00000  0.00%     -    0s

Cutting planes:
  Gomory: 1
  Cover: 1
  Lazy constraints: 30

Explored 1 nodes (197 simplex iterations) in 0.22 seconds (0.14 work units)
Thread count was 12 (of 12 available processors)

Solution count 3: 31 4 -0 

Optimal solution found (tolerance 0.00e+00)
Best objective 3.100000000000e+01, best bound 3.100000000000e+01, gap 0.0000%

User-callback calls 257, time in user-callback 0.07 sec
