
Gurobi 9.5.1 (linux64) logging started Sun Jun 19 13:09:05 2022

Set parameter LogFile to value "../results/logs/log_socfb-Syracuse56_46_250_2022_06_19_13_09.log"
Gurobi Optimizer version 9.5.1 build v9.5.1rc2 (linux64)
Thread count: 8 physical cores, 8 logical processors, using up to 8 threads
Optimize a model with 7113 rows, 27306 columns and 186239 nonzeros
Model fingerprint: 0x9768ff36
Variable types: 0 continuous, 27306 integer (27306 binary)
Coefficient statistics:
  Matrix range     [1e+00, 5e+01]
  Objective range  [1e+00, 1e+00]
  Bounds range     [1e+00, 1e+00]
  RHS range        [1e+00, 2e+02]
Found heuristic solution: objective 6985.0000000
Presolve removed 2972 rows and 20784 columns
Presolve time: 0.27s
Presolved: 4141 rows, 6522 columns, 60879 nonzeros
Extracted 1337 lazy constraints
Variable types: 0 continuous, 6522 integer (6303 binary)

Root relaxation: objective 8.121855e+03, 3389 iterations, 0.32 seconds (0.48 work units)

    Nodes    |    Current Node    |     Objective Bounds      |     Work
 Expl Unexpl |  Obj  Depth IntInf | Incumbent    BestBd   Gap | It/Node Time

     0     0 8121.85516    0 1046 6985.00000 8121.85516  16.3%     -    0s
H    0     0                    7002.0000000 8121.85516  16.0%     -    0s
H    0     0                    7105.0000000 8121.85516  14.3%     -    3s
H    0     0                    7343.0000000 8121.85516  10.6%     -    3s
H    0     0                    7389.0000000 8121.85516  9.92%     -    3s
H    0     0                    7390.0000000 7944.22291  7.50%     -    4s
H    0     0                    7395.0000000 7944.22291  7.43%     -    4s
     0     0 7894.13272    0 1236 7395.00000 7894.13272  6.75%     -    4s
H    0     0                    7428.0000000 7894.13272  6.28%     -    4s
     0     0 7894.13124    0 1248 7428.00000 7894.13124  6.28%     -    6s
     0     0 7862.26766    0 1319 7428.00000 7862.26766  5.85%     -    7s
     0     0 7862.26766    0 1326 7428.00000 7862.26766  5.85%     -    7s
     0     0 7862.26766    0 1350 7428.00000 7862.26766  5.85%     -    7s
     0     0 7862.26766    0 1356 7428.00000 7862.26766  5.85%     -    7s
H    0     0                    7431.0000000 7854.19196  5.69%     -   10s
H    0     0                    7434.0000000 7854.19196  5.65%     -   10s
H    0     0                    7439.0000000 7854.19196  5.58%     -   10s
     0     0 7854.19196    0 1513 7439.00000 7854.19196  5.58%     -   10s
H    0     0                    7457.0000000 7835.08152  5.07%     -   14s
     0     0 7835.08152    0 1537 7457.00000 7835.08152  5.07%     -   14s
     0     0 7830.68151    0 1634 7457.00000 7830.68151  5.01%     -   16s
     0     0 7828.90479    0 1643 7457.00000 7828.90479  4.99%     -   17s
     0     0 7828.44614    0 1704 7457.00000 7828.44614  4.98%     -   18s
     0     0 7828.25844    0 1714 7457.00000 7828.25844  4.98%     -   19s
H    0     0                    7460.0000000 7828.25844  4.94%     -   23s
H    0     0                    7464.0000000 7828.25844  4.88%     -   23s
H    0     0                    7465.0000000 7828.25844  4.87%     -   23s
H    0     0                    7469.0000000 7816.32359  4.65%     -   27s
H    0     0                    7473.0000000 7816.32359  4.59%     -   27s
H    0     0                    7497.0000000 7816.32359  4.26%     -   27s
     0     0 7816.32359    0 1756 7497.00000 7816.32359  4.26%     -   27s
H    0     0                    7523.0000000 7816.32359  3.90%     -   27s
H    0     0                    7524.0000000 7809.43702  3.79%     -   33s
H    0     0                    7526.0000000 7809.43702  3.77%     -   33s
H    0     0                    7529.0000000 7809.43702  3.72%     -   33s
H    0     0                    7530.0000000 7809.43702  3.71%     -   33s
     0     0 7809.43702    0 1787 7530.00000 7809.43702  3.71%     -   33s
     0     0 7806.75309    0 1841 7530.00000 7806.75309  3.68%     -   36s
     0     0 7805.80348    0 1885 7530.00000 7805.80348  3.66%     -   39s
H    0     0                    7540.0000000 7805.42493  3.52%     -   40s
     0     0 7805.42493    0 1914 7540.00000 7805.42493  3.52%     -   40s
H    0     0                    7541.0000000 7805.42493  3.51%     -   46s
H    0     0                    7542.0000000 7798.46678  3.40%     -   53s
     0     0 7798.46678    0 1959 7542.00000 7798.46678  3.40%     -   53s
     0     0 7795.00229    0 1973 7542.00000 7795.00229  3.35%     -   58s
H    0     0                    7548.0000000 7793.43233  3.25%     -   62s
H    0     0                    7550.0000000 7793.43233  3.22%     -   62s
     0     0 7793.43233    0 2018 7550.00000 7793.43233  3.22%     -   62s
     0     0 7792.56788    0 2068 7550.00000 7792.56788  3.21%     -   65s
H    0     0                    7552.0000000 7792.06339  3.18%     -   68s
     0     0 7792.06339    0 2105 7552.00000 7792.06339  3.18%     -   68s
H    0     0                    7555.0000000 7787.38287  3.08%     -   78s
     0     0 7787.38287    0 2011 7555.00000 7787.38287  3.08%     -   78s
H    0     0                    7573.0000000 7787.38287  2.83%     -   78s
     0     0 7785.03107    0 2084 7573.00000 7785.03107  2.80%     -   82s
     0     0 7784.01632    0 2181 7573.00000 7784.01632  2.79%     -   86s
     0     0 7783.41503    0 2169 7573.00000 7783.41503  2.78%     -   89s
     0     0 7783.11877    0 2251 7573.00000 7783.11877  2.77%     -   91s
H    0     0                    7574.0000000 7779.69193  2.72%     -  101s
     0     0 7779.69193    0 2164 7574.00000 7779.69193  2.72%     -  101s
     0     0 7777.94440    0 2252 7574.00000 7777.94440  2.69%     -  107s
     0     0 7777.30170    0 2294 7574.00000 7777.30170  2.68%     -  111s
     0     0 7776.94141    0 2337 7574.00000 7776.94141  2.68%     -  114s
H    0     0                    7581.0000000 7774.33575  2.55%     -  124s
     0     0 7774.33575    0 2304 7581.00000 7774.33575  2.55%     -  124s
     0     0 7774.33575    0 2302 7581.00000 7774.33575  2.55%     -  125s
H    0     0                    7592.0000000 7774.33415  2.40%     -  134s
H    0     0                    7594.0000000 7774.33415  2.37%     -  135s
     0     2 7774.33415    0 2300 7594.00000 7774.33415  2.37%     -  136s
     3     8 7773.17845    2 2309 7594.00000 7774.16329  2.37%  2061  142s
     7    16 7772.31509    3 2483 7594.00000 7773.17829  2.36%  3598  154s
    15    24 7771.70532    4 2562 7594.00000 7772.31471  2.35%  5273  167s
    23    32 7763.70299    4 2533 7594.00000 7771.70487  2.34%  6499  193s
    31    40 7771.35349    5 2554 7594.00000 7771.70345  2.34%  6198  198s
H   37    40                    7597.0000000 7771.70345  2.30%  5450  198s
    39    48 7771.31302    6 2546 7597.00000 7771.70345  2.30%  5251  202s
    47    59 7763.28372    7 2426 7597.00000 7771.70345  2.30%  4787  219s
    58    69 7771.18854    7 2514 7597.00000 7771.70345  2.30%  4213  230s
    68    80 7769.77616    8 2497 7597.00000 7771.70345  2.30%  4194  239s
H   70    80                    7598.0000000 7771.70345  2.29%  4188  239s
    79    90 7770.84113    8 2498 7598.00000 7771.70345  2.29%  4125  245s
    89   101 7770.46676    9 2484 7598.00000 7771.70345  2.29%  3899  251s
   100   113 7770.03785    9 2480 7598.00000 7771.70345  2.29%  3702  260s
H  112   129                    7602.0000000 7771.70345  2.23%  3515  268s
H  116   129                    7603.0000000 7771.70345  2.22%  3471  268s
   128   143 7770.07504   12 2485 7603.00000 7771.70345  2.22%  3344  280s
   142   157 7769.49630   13 2489 7603.00000 7771.70345  2.22%  3422  290s
   156   174 7770.06458   13 2482 7603.00000 7771.70345  2.22%  3313  296s
H  158   174                    7604.0000000 7771.70345  2.21%  3282  296s
   173   201 7768.43140   15 2468 7604.00000 7771.70345  2.21%  3148  302s
   200   217 7768.49578   15 2438 7604.00000 7771.70345  2.21%  2855  318s
H  202   217                    7605.0000000 7771.70345  2.19%  2844  318s
   216   244 7768.43425   16 2457 7605.00000 7771.70345  2.19%  2736  325s
   243   263 7768.11761   19 2429 7605.00000 7771.70345  2.19%  2546  335s
H  245   263                    7606.0000000 7771.70345  2.18%  2539  335s
   262   279 7767.72677   20 2429 7606.00000 7771.70345  2.18%  2505  342s
   278   299 7767.61856   21 2377 7606.00000 7771.70345  2.18%  2456  349s
   298   331 7767.22162   24 2368 7606.00000 7771.70345  2.18%  2393  355s
H  306   331                    7607.0000000 7771.70345  2.17%  2352  355s
H  318   331                    7608.0000000 7771.70345  2.15%  2297  355s
   330   355 7762.18809   29 2410 7608.00000 7771.70345  2.15%  2273  366s
   354   383 7766.84201   29 2387 7608.00000 7771.70345  2.15%  2246  373s
   382   413 7766.45800   31 2352 7608.00000 7771.70345  2.15%  2166  384s
H  412   445                    7611.0000000 7771.70345  2.11%  2128  392s
   444   481 7765.38284   37 2347 7611.00000 7771.70345  2.11%  2063  400s
H  480   516                    7613.0000000 7771.70345  2.08%  1988  411s
H  485   516                    7614.0000000 7771.70345  2.07%  1985  411s
   515   558 7763.87468   40 2302 7614.00000 7771.70345  2.07%  1935  422s
H  557   583                    7619.0000000 7771.70345  2.00%  1870  431s
   582   634 7763.13850   44 2281 7619.00000 7771.70345  2.00%  1831  441s
H  633   681                    7620.0000000 7771.70345  1.99%  1760  453s
H  648   681                    7621.0000000 7771.70345  1.98%  1766  453s
   680   739 7762.59980   50 2280 7621.00000 7771.70345  1.98%  1712  462s
H  715   739                    7622.0000000 7771.70345  1.96%  1683  462s
   738   798 7762.29937   55 2240 7622.00000 7771.70345  1.96%  1646  475s
H  797   806                    7623.0000000 7771.70345  1.95%  1585  503s
H  798   806                    7626.0000000 7771.70345  1.91%  1584  503s
   805   845 7761.93607   61 2211 7626.00000 7771.70345  1.91%  1587  521s
H  844   929                    7628.0000000 7771.70345  1.88%  1551  533s
   928  1005 7761.43950   70 2163 7628.00000 7771.70345  1.88%  1472  544s
H 1004  1075                    7629.0000000 7771.70345  1.87%  1418  557s
H 1014  1075                    7631.0000000 7771.70345  1.84%  1421  557s
  1074  1146 7760.82121   75 2119 7631.00000 7771.70345  1.84%  1379  571s
  1145  1229 7760.16377   78 2163 7631.00000 7771.70345  1.84%  1355  582s
  1228  1298 7755.83614   81 2079 7631.00000 7771.70345  1.84%  1319  597s
H 1259  1298                    7632.0000000 7771.70345  1.83%  1332  597s
H 1287  1298                    7634.0000000 7771.70345  1.80%  1310  597s
  1303  1351 7758.34867   84 2127 7634.00000 7771.70345  1.80%  1302  613s
  1356  1413 7757.90775   87 2107 7634.00000 7771.70345  1.80%  1308  626s
H 1392  1410                    7636.0000000 7771.70345  1.78%  1315  626s
  1418  1479 7757.00965   92 2043 7636.00000 7771.70345  1.78%  1304  642s
H 1419  1469                    7637.0000000 7771.70345  1.76%  1303  642s
  1487  1543 7756.28545   95 2022 7637.00000 7771.70345  1.76%  1301  660s
  1561  1623 7755.06350   99 1994 7637.00000 7771.70345  1.76%  1296  675s
  1641  1719 7754.02818  105 1943 7637.00000 7771.70345  1.76%  1288  691s
  1737  1824 7752.63849  115 1893 7637.00000 7771.70345  1.76%  1271  708s
  1855  1941 7751.49782  124 1849 7637.00000 7771.70345  1.76%  1246  724s
  1972  2036 7750.29953  135 1846 7637.00000 7771.70345  1.76%  1219  741s
H 1975  2027                    7639.0000000 7771.70345  1.74%  1218  741s
  2067  2057 7748.56510  140 1821 7639.00000 7771.70345  1.74%  1199  797s
H 2068  2057                    7640.0000000 7771.70345  1.72%  1198  797s
H 2072  2057                    7641.0000000 7771.70345  1.71%  1198  797s
  2107  2135 7745.58567  140 1840 7641.00000 7771.70345  1.71%  1187  818s
  2185  2245 7747.40591  153 1816 7641.00000 7771.70345  1.71%  1197  838s
  2295  2353 7745.81156  169 1720 7641.00000 7771.70345  1.71%  1193  860s
  2403  2511 7744.55238  189 1704 7641.00000 7771.70345  1.71%  1193  881s
  2561  2719 7743.23325  218 1646 7641.00000 7771.70345  1.71%  1173  903s
  2769  2950 7741.58336  250 1544 7641.00000 7771.70345  1.71%  1139  926s
  3000  3143 7739.94921  281 1485 7641.00000 7771.70345  1.71%  1105  952s
  3193  3466 7737.84118  315 1462 7641.00000 7771.70345  1.71%  1078  977s
  3516  3823 7734.78861  360 1398 7641.00000 7771.70345  1.71%  1033 1001s
  3873  4206 7730.82860  414 1328 7641.00000 7771.70345  1.71%   990 1025s
  4256  4689 7724.70831  468 1197 7641.00000 7771.70345  1.71%   953 1047s
  4739  5322 7720.19851  549 1105 7641.00000 7771.70345  1.71%   905 1068s
  5372  6088 7713.23260  640  906 7641.00000 7771.70345  1.71%   839 1086s
  6138  7056 7706.87967  738  701 7641.00000 7771.70345  1.71%   764 1102s
  7116  7964 7697.31497  851  582 7641.00000 7771.70345  1.71%   682 1120s
  8072  7965 7764.60713   17 2302 7641.00000 7771.70345  1.71%   622 1157s
  8074  7966 7715.15493  525  975 7641.00000 7771.70345  1.71%   622 1162s
  8075  7967 7756.86640   74 1248 7641.00000 7771.70345  1.71%   622 1165s
  8077  7968 7746.20042  145 1671 7641.00000 7771.70345  1.71%   622 1171s
  8078  7969 7721.52823  285 1817 7641.00000 7771.70345  1.71%   622 1176s
  8079  7970 7716.73320  387 2007 7641.00000 7771.70345  1.71%   621 1181s
  8080  7970 7762.06791   59 2157 7641.00000 7771.70345  1.71%   621 1187s
  8081  7971 7711.69334  672 2247 7641.00000 7771.70345  1.71%   621 1192s
  8082  7972 7703.34036  683 2314 7641.00000 7771.70345  1.71%   621 1196s
  8083  7972 7750.17205  131 2357 7641.00000 7771.70345  1.71%   621 1200s
  8085  7974 7766.14032   35 2409 7641.00000 7771.70345  1.71%   621 1205s
  8089  7976 7715.75323  402 2503 7641.00000 7771.66768  1.71%   621 1210s
  8091  7978 7750.23679   74 2304 7641.00000 7768.32213  1.67%   621 1224s
  8092  7978 7716.03691  404 2306 7641.00000 7766.21194  1.64%   620 1231s
  8093  7979 7718.30020  353 2374 7641.00000 7765.12627  1.62%   620 1236s
  8094  7980 7712.77675  327 2411 7641.00000 7764.37481  1.61%   620 1240s
  8096  7981 7756.53835   87 2474 7641.00000 7763.73005  1.61%   620 1246s
  8098  7982 7742.43876  221 2459 7641.00000 7763.38833  1.60%   620 1250s
  8103  7986 7690.65431  116 2512 7641.00000 7763.14933  1.60%   620 1255s
  8105  7987 7692.24892  808 2317 7641.00000 7760.57036  1.56%   619 1269s
  8106  7988 7722.19883  312 2464 7641.00000 7759.12796  1.55%   619 1275s
  8107  7988 7706.60252  620 2477 7641.00000 7758.34293  1.54%   619 1281s
  8109  7990 7741.02163  192 2531 7641.00000 7757.73096  1.53%   619 1288s
  8110  7990 7743.68141  192 2555 7641.00000 7757.53527  1.53%   619 1290s
  8113  7992 7668.41267  583 2600 7641.00000 7757.29024  1.52%   619 1296s
  8117  7995 7689.07330  498 2639 7641.00000 7757.16472  1.52%   619 1300s
  8120  7997 7706.61610  263 2405 7641.00000 7755.30883  1.50%   618 1315s
  8121  7998 7716.49519  393 2529 7641.00000 7754.44151  1.48%   618 1321s
  8122  7998 7716.75449  576 2518 7641.00000 7753.93954  1.48%   618 1326s
  8123  7999 7725.80946  420 2626 7641.00000 7753.60572  1.47%   618 1330s
  8125  8000 7715.32849  405 2598 7641.00000 7753.24397  1.47%   618 1336s
  8127  8002 7719.42150  342 2645 7641.00000 7753.09017  1.47%   618 1340s
  8131  8004 7722.96057  485 2735 7641.00000 7752.99781  1.47%   618 1347s
  8132  8005 7708.76256  441 2552 7641.00000 7751.75821  1.45%   617 1359s
  8133  8006 7712.71491  586 2591 7641.00000 7751.20698  1.44%   617 1365s
  8135  8007 7737.16820  164 2718 7641.00000 7750.68980  1.44%   617 1373s
  8136  8008 7707.51739  456 2726 7641.00000 7750.57125  1.43%   617 1376s
  8138  8009 7737.06997  244 2752 7641.00000 7750.41215  1.43%   617 1380s
  8141  8011 7717.68555  265 2766 7641.00000 7750.29143  1.43%   617 1385s
  8143  8012 7690.91742  430 2554 7641.00000 7749.33995  1.42%   617 1399s
  8144  8013 7715.65203  548 2656 7641.00000 7748.86235  1.41%   617 1404s
  8145  8014 7719.03886  511 2695 7641.00000 7748.58786  1.41%   616 1409s
  8146  8014 7748.39184   51 2769 7641.00000 7748.39184  1.41%   616 1412s
  8147  8015 7748.23839    5 2748 7641.00000 7748.23839  1.40%   616 1416s
  8149  8016 7733.35663   97 2779 7641.00000 7748.10772  1.40%   616 1421s
  8152  8018 7747.11253  156 2856 7641.00000 7748.01738  1.40%   616 1425s
  8154  8020 7708.53456   56 2853 7641.00000 7747.99275  1.40%   616 1430s
  8155  8020 7684.70093  981 2666 7641.00000 7747.24244  1.39%   616 1441s
  8156  8021 7693.91781   84 2758 7641.00000 7746.87248  1.39%   616 1447s
  8157  8022 7708.95524  664 2787 7641.00000 7746.64662  1.38%   616 1453s
  8158  8022 7717.19676  374 2784 7641.00000 7746.49653  1.38%   615 1456s
  8160  8024 7708.63144  446 2842 7641.00000 7746.37002  1.38%   615 1461s
  8162  8025 7704.45558  735 2875 7641.00000 7746.28543  1.38%   615 1465s
  8165  8027 7746.23629  100 2886 7641.00000 7746.23629  1.38%   615 1472s
  8166  8028 7743.85057   57 2753 7641.00000 7745.71816  1.37%   615 1483s
  8167  8028 7718.00963  513 2841 7641.00000 7745.44052  1.37%   615 1489s
  8168  8029 7705.15346  778 2837 7641.00000 7745.23247  1.36%   615 1494s
  8169  8030 7696.40476  755 2887 7641.00000 7745.09785  1.36%   615 1500s
  8171  8031 7744.97744  128 2898 7641.00000 7744.97744  1.36%   614 1505s
  8174  8033 7715.15493  525 2938 7641.00000 7744.90446  1.36%   614 1510s
  8176  8034 7685.34850  471 2793 7641.00000 7744.40153  1.35%   614 1526s
  8177  8035 7744.17124  145 2876 7641.00000 7744.17124  1.35%   614 1531s
  8179  8036 7716.73320  387 2893 7641.00000 7743.97425  1.35%   614 1538s
  8180  8037 7743.91738   59 2883 7641.00000 7743.91738  1.35%   614 1541s
  8182  8038 7703.34036  683 2953 7641.00000 7743.85363  1.35%   614 1545s
  8184  8040 7642.49316   42 2761 7641.00000 7743.45464  1.34%   614 1560s
  8185  8040 7743.29985   35 2849 7641.00000 7743.29985  1.34%   613 1565s
  8187  8042 7721.33849  287 2898 7641.00000 7743.17911  1.34%   613 1571s
  8190  8044 7737.66321  327 2891 7641.00000 7743.13967  1.34%   613 1579s
  8191  8044 7742.80035   74 2760 7641.00000 7742.80035  1.33%   613 1589s
  8192  8045 7716.03691  404 2848 7641.00000 7742.57124  1.33%   613 1594s
  8193  8046 7718.30020  353 2842 7641.00000 7742.45672  1.33%   613 1598s
  8194  8046 7712.77675  327 2831 7641.00000 7742.38904  1.33%   613 1602s
  8196  8048 7742.32490   87 2896 7641.00000 7742.32490  1.33%   613 1606s
  8199  8050 7732.19624  409 2911 7641.00000 7742.27096  1.33%   612 1613s
  8200  8050 7677.53483  538 2827 7641.00000 7741.99003  1.32%   612 1624s
  8201  8051 7695.95131  847 2857 7641.00000 7741.81712  1.32%   612 1629s
  8202  8052 7735.33885  216 2888 7641.00000 7741.70558  1.32%   612 1634s
  8203  8052 7690.65431  116 2890 7641.00000 7741.64198  1.32%   612 1637s
  8204  8053 7741.60105   41 2914 7641.00000 7741.60105  1.32%   612 1640s
  8207  8055 7706.60252  620 2960 7641.00000 7741.53505  1.32%   612 1646s
  8208  8056 7709.20675  650 2948 7641.00000 7741.52534  1.32%   612 1650s
  8209  8056 7741.02163  192 2773 7641.00000 7741.15722  1.31%   612 1660s
  8210  8057 7740.95158  192 2861 7641.00000 7740.95158  1.31%   612 1666s
  8211  8058 7737.30860  307 2865 7641.00000 7740.85552  1.31%   611 1670s
  8214  8060 7684.63867  480 2918 7641.00000 7740.74933  1.31%   611 1676s
  8217  8062 7689.07330  498 2956 7641.00000 7740.70618  1.30%   611 1683s
  8218  8062 7696.22883  865 2865 7641.00000 7740.52838  1.30%   611 1693s
  8219  8063 7709.04400  659 2909 7641.00000 7740.41994  1.30%   611 1697s
  8220  8064 7706.61610  263 2928 7641.00000 7740.36315  1.30%   611 1700s
  8222  8065 7716.75449  576 2932 7641.00000 7740.29245  1.30%   611 1705s
  8224  8066 7719.70389  507 2927 7641.00000 7740.26245  1.30%   611 1711s
  8225  8067 7715.32849  405 2902 7641.00000 7740.10580  1.30%   610 1719s
  8226  8068 7716.12627  403 2913 7641.00000 7739.99689  1.30%   610 1723s
  8227  8068 7719.42150  342 2910 7641.00000 7739.94601  1.29%   610 1726s
  8229  8070 7739.70853  208 2974 7641.00000 7739.90076  1.29%   610 1730s
  8231  8071 7722.96057  485 2847 7641.00000 7739.71703  1.29%   610 1743s
  8232  8072 7708.76256  441 2857 7641.00000 7739.61320  1.29%   610 1747s
  8233  8072 7712.71491  586 2889 7641.00000 7739.54400  1.29%   610 1751s
  8235  8074 7737.16820  164 2972 7641.00000 7739.48359  1.29%   610 1756s
  8237  8075 7725.53146  461 2948 7641.00000 7739.44402  1.29%   610 1763s
  8238  8076 7737.06997  244 2857 7641.00000 7739.29228  1.29%   609 1773s
  8239  8076 7739.21369  277 2942 7641.00000 7739.21369  1.29%   609 1778s
  8240  8077 7719.89968  513 2932 7641.00000 7739.16759  1.28%   609 1781s
  8241  8078 7717.68555  265 2930 7641.00000 7739.10179  1.28%   609 1785s
  8243  8079 7690.91742  430 2937 7641.00000 7739.04492  1.28%   609 1790s
  8245  8080 7719.03886  511 2844 7641.00000 7738.87387  1.28%   609 1802s
  8246  8081 7738.75695   51 2865 7641.00000 7738.75695  1.28%   609 1807s
  8247  8082 7738.68507    5 2907 7641.00000 7738.68507  1.28%   609 1812s
  8248  8082 7738.63986  217 2967 7641.00000 7738.63986  1.28%   609 1815s
  8250  8084 7692.56882  805 2956 7641.00000 7738.57173  1.28%   609 1820s
  8253  8086 7693.47696   86 2999 7641.00000 7738.51633  1.28%   608 1825s
  8255  8087 7684.70093  981 2913 7641.00000 7738.38010  1.27%   608 1837s
  8256  8088 7693.91781   84 2943 7641.00000 7738.29890  1.27%   608 1841s
  8257  8088 7708.95524  664 2972 7641.00000 7738.24918  1.27%   608 1845s
  8260  8090 7708.63144  446 2978 7641.00000 7738.19280  1.27%   608 1853s
  8261  8091 7738.03336   65 2840 7641.00000 7738.03336  1.27%   608 1861s
  8262  8092 7704.45558  735 2945 7641.00000 7737.92936  1.27%   608 1866s
  8264  8093 7737.86445   80 2961 7641.00000 7737.86445  1.27%   608 1871s
  8266  8094 7737.84054   57 2964 7641.00000 7737.84054  1.27%   607 1876s
  8267  8095 7718.00963  513 2862 7641.00000 7737.65737  1.26%   607 1885s
  8268  8096 7705.15346  778 2926 7641.00000 7737.55329  1.26%   607 1890s
  8270  8097 7709.66508  457 2972 7641.00000 7737.45606  1.26%   607 1896s
  8272  8098 7737.40941   17 2929 7641.00000 7737.40941  1.26%   607 1901s
  8274  8100 7715.15493  525 2961 7641.00000 7737.38587  1.26%   607 1907s
  8275  8100 7737.25754   74 2874 7641.00000 7737.25754  1.26%   607 1916s
  8277  8102 7737.16242  145 2931 7641.00000 7737.16242  1.26%   607 1922s
  8279  8103 7716.73320  387 2969 7641.00000 7737.13246  1.26%   606 1925s
  8281  8104 7711.69334  672 2860 7641.00000 7737.00009  1.26%   606 1938s
  8282  8105 7703.34036  683 2943 7641.00000 7736.93251  1.26%   606 1942s
  8283  8106 7736.89099  131 2915 7641.00000 7736.89099  1.25%   606 1945s
  8286  8108 7736.83581   11 2982 7641.00000 7736.83581  1.25%   606 1954s
  8287  8108 7721.33849  287 2893 7641.00000 7736.71293  1.25%   606 1963s
  8288  8109 7736.62172  199 2892 7641.00000 7736.62172  1.25%   606 1967s
  8289  8110 7715.75323  402 2944 7641.00000 7736.57387  1.25%   606 1970s
  8291  8111 7736.52368   74 2973 7641.00000 7736.52368  1.25%   606 1975s
  8293  8112 7718.30020  353 2976 7641.00000 7736.49571  1.25%   605 1981s
  8294  8113 7712.77675  327 2909 7641.00000 7736.39740  1.25%   605 1989s
  8295  8114 7701.14924  321 2980 7641.00000 7736.32118  1.25%   605 1993s
  8296  8114 7736.28618   87 2957 7641.00000 7736.28618  1.25%   605 1996s
  8298  8116 7736.24518  221 2991 7641.00000 7736.24518  1.25%   605 2000s
  8300  8117 7677.53483  538 2841 7641.00000 7736.09082  1.24%   605 2013s
  8301  8118 7695.95131  847 2911 7641.00000 7736.00828  1.24%   605 2018s
  8302  8118 7735.33885  216 2935 7641.00000 7735.95579  1.24%   605 2021s
  8304  8120 7735.90153   41 2998 7641.00000 7735.90153  1.24%   605 2026s
  8306  8121 7722.19883  312 2994 7641.00000 7735.87750  1.24%   605 2032s
  8307  8122 7706.60252  620 2919 7641.00000 7735.79518  1.24%   604 2039s
  8308  8122 7709.20675  650 2921 7641.00000 7735.72533  1.24%   604 2042s
  8309  8123 7735.68534  192 2939 7641.00000 7735.68534  1.24%   604 2045s
  8312  8125 7708.91807  356 2978 7641.00000 7735.63478  1.24%   604 2054s
  8313  8126 7668.41267  583 2924 7641.00000 7735.53825  1.24%   604 2061s
  8314  8126 7684.63867  480 2905 7641.00000 7735.46901  1.24%   604 2065s
  8316  8128 7735.40036  114 2965 7641.00000 7735.40036  1.24%   604 2071s
  8318  8129 7696.22883  865 3036 7641.00000 7735.37019  1.24%   604 2078s
  8319  8130 7709.04400  659 2854 7641.00000 7735.29359  1.23%   604 2085s
  8321  8131 7716.49519  393 2916 7641.00000 7735.20607  1.23%   603 2092s
  8322  8132 7716.75449  576 2933 7641.00000 7735.17745  1.23%   603 2095s
  8324  8133 7719.70389  507 2994 7641.00000 7735.15248  1.23%   603 2101s
  8325  8134 7715.32849  405 2872 7641.00000 7735.09086  1.23%   603 2108s
  8326  8134 7716.12627  403 2885 7641.00000 7735.04427  1.23%   603 2111s
  8328  8136 7714.61932  598 2978 7641.00000 7734.99257  1.23%   603 2117s
  8329  8136 7734.98016  208 2922 7641.00000 7734.98016  1.23%   603 2121s
  8330  8137 7734.91228  136 2906 7641.00000 7734.91228  1.23%   603 2129s
  8331  8138 7722.96057  485 2937 7641.00000 7734.84415  1.23%   603 2133s
  8332  8138 7708.76256  441 2964 7641.00000 7734.82022  1.23%   603 2135s
  8335  8140 7734.77442  164 2955 7641.00000 7734.77442  1.23%   602 2143s
  8336  8141 7707.51739  456 2864 7641.00000 7734.70567  1.23%   602 2151s
  8338  8142 7734.59529  244 2902 7641.00000 7734.59529  1.22%   602 2158s
  8339  8143 7734.56385  277 2950 7641.00000 7734.56385  1.22%   602 2161s
  8341  8144 7717.68555  265 2927 7641.00000 7734.52889  1.22%   602 2165s
  8343  8146 7690.91742  430 2917 7641.00000 7734.45105  1.22%   602 2176s
  8345  8147 7719.03886  511 3019 7641.00000 7734.39396  1.22%   602 2182s
  8347  8148 7734.36571    5 2994 7641.00000 7734.36571  1.22%   602 2188s
  8348  8149 7734.27841  217 2911 7641.00000 7734.27841  1.22%   601 2195s
  8350  8150 7692.56882  805 2993 7641.00000 7734.20620  1.22%   601 2201s
  8352  8152 7734.17682  156 3003 7641.00000 7734.17682  1.22%   601 2208s
  8353  8152 7693.47696   86 2913 7641.00000 7734.12152  1.22%   601 2214s
  8354  8153 7708.53456   56 2956 7641.00000 7734.07948  1.22%   601 2217s
  8355  8154 7684.70093  981 2948 7641.00000 7734.05547  1.22%   601 2220s
  8357  8155 7708.95524  664 3008 7641.00000 7734.02990  1.22%   601 2225s
  8358  8156 7717.19676  374 2880 7641.00000 7733.95358  1.22%   601 2233s
  8359  8156 7705.49450  188 2938 7641.00000 7733.91235  1.22%   601 2236s
  8361  8158 7733.87211   65 3006 7641.00000 7733.87211  1.22%   601 2241s
  8363  8159 7703.33270  755 3023 7641.00000 7733.85002  1.22%   600 2246s
  8364  8160 7733.80795   80 2955 7641.00000 7733.80795  1.21%   600 2253s
  8365  8160 7733.77856  100 3000 7641.00000 7733.77856  1.21%   600 2255s
  8367  8162 7718.00963  513 2962 7641.00000 7733.73624  1.21%   600 2260s
  8369  8163 7696.40476  755 2939 7641.00000 7733.68027  1.21%   600 2271s
  8371  8164 7733.64615  128 3008 7641.00000 7733.64615  1.21%   600 2278s
  8372  8165 7733.58652   17 2941 7641.00000 7733.58652  1.21%   600 2286s
  8377  8169 7733.58652  145  973 7641.00000 7733.58652  1.21%   687 2294s
  8378  8170 7721.52823  285 1188 7641.00000 7733.58652  1.21%   687 2297s
  8380  8171 7733.58652   59 1460 7641.00000 7733.58652  1.21%   687 2302s
  8381  8172 7711.69334  672 1579 7641.00000 7733.58652  1.21%   687 2306s
  8382  8173 7703.34036  683 1781 7641.00000 7733.58652  1.21%   687 2311s
  8383  8173 7733.58652  131 1990 7641.00000 7733.58652  1.21%   686 2317s
  8384  8174 7642.49316   42 2149 7641.00000 7733.58652  1.21%   686 2323s
  8385  8175 7733.58652   35 2286 7641.00000 7733.58652  1.21%   686 2328s
  8386  8175 7733.58652   11 2451 7641.00000 7733.58652  1.21%   686 2334s
  8387  8176 7721.33849  287 2597 7641.00000 7733.58652  1.21%   686 2339s
  8388  8177 7733.58652  199 2655 7641.00000 7733.58652  1.21%   686 2343s
  8389  8177 7715.75323  402 2708 7641.00000 7733.58652  1.21%   686 2346s
  8391  8179 7733.58652   74 2845 7641.00000 7733.58652  1.21%   686 2350s
  8393  8180 7718.30020  353 2871 7641.00000 7733.45899  1.21%   686 2362s
  8394  8181 7712.77675  327 2853 7641.00000 7733.42534  1.21%   686 2365s
  8396  8182 7733.39017   87 2882 7641.00000 7733.39017  1.21%   685 2371s
  8397  8183 7708.94123   52 2782 7641.00000 7733.27009  1.21%   685 2379s
  8398  8183 7733.20104  221 2811 7641.00000 7733.20104  1.21%   685 2382s
  8399  8184 7732.19624  409 2900 7641.00000 7733.16777  1.21%   685 2385s
  8401  8185 7695.95131  847 2883 7641.00000 7733.13265  1.21%   685 2391s
  8402  8186 7733.01905  216 2868 7641.00000 7733.01905  1.20%   685 2399s
  8403  8187 7690.65431  116 2882 7641.00000 7732.94403  1.20%   685 2403s
  8404  8187 7732.91574   41 2909 7641.00000 7732.91574  1.20%   685 2405s
  8407  8189 7706.60252  620 2882 7641.00000 7732.87294  1.20%   684 2413s
  8408  8190 7709.20675  650 2834 7641.00000 7732.78047  1.20%   684 2422s
  8409  8191 7732.73180  192 2926 7641.00000 7732.73180  1.20%   684 2425s
  8412  8193 7708.91807  356 2962 7641.00000 7732.67647  1.20%   684 2433s
  8413  8193 7668.41267  583 2827 7641.00000 7732.59024  1.20%   684 2441s
  8415  8195 7732.52250    5 2935 7641.00000 7732.52250  1.20%   684 2446s
  8417  8196 7689.07330  498 2947 7641.00000 7732.50272  1.20%   684 2452s
  8418  8197 7696.22883  865 2920 7641.00000 7732.43622  1.20%   684 2459s
  8419  8197 7709.04400  659 2943 7641.00000 7732.39702  1.20%   684 2462s
  8420  8198 7706.61610  263 2926 7641.00000 7732.36911  1.20%   683 2465s
  8422  8199 7716.75449  576 2937 7641.00000 7732.34580  1.20%   683 2471s
  8423  8200 7725.80946  420 2928 7641.00000 7732.29824  1.19%   683 2477s
  8424  8201 7719.70389  507 2944 7641.00000 7732.26344  1.19%   683 2480s
  8427  8203 7719.42150  342 2982 7641.00000 7732.21823  1.19%   683 2489s
  8428  8203 7714.61932  598 2916 7641.00000 7732.14267  1.19%   683 2496s
  8429  8204 7732.07283  208 2909 7641.00000 7732.07283  1.19%   683 2501s
  8431  8205 7722.96057  485 2956 7641.00000 7732.02469  1.19%   683 2505s
  8432  8206 7708.76256  441 2984 7641.00000 7732.01431  1.19%   682 2510s
  8433  8207 7712.71491  586 2907 7641.00000 7731.94503  1.19%   682 2518s
  8434  8207 7716.12627  403 2977 7641.00000 7731.88951  1.19%   682 2522s
  8435  8208 7731.86015  164 2909 7641.00000 7731.86015  1.19%   682 2525s
  8437  8209 7725.53146  461 2946 7641.00000 7731.79085  1.19%   682 2537s
  8438  8210 7731.76307  244 2962 7641.00000 7731.76307  1.19%   682 2540s
  8440  8211 7719.89968  513 2985 7641.00000 7731.73356  1.19%   682 2547s
  8441  8212 7717.68555  265 2882 7641.00000 7731.67784  1.19%   682 2555s
  8443  8213 7690.91742  430 2928 7641.00000 7731.63076  1.19%   682 2561s
  8444  8214 7715.65203  548 2953 7641.00000 7731.62374  1.19%   681 2566s
  8445  8215 7719.03886  511 2935 7641.00000 7731.59175  1.19%   681 2572s
  8446  8215 7731.56999   51 2958 7641.00000 7731.56999  1.19%   681 2575s
  8448  8217 7731.54786  217 2995 7641.00000 7731.54786  1.19%   681 2582s
  8449  8217 7731.51829   97 2958 7641.00000 7731.51829  1.18%   681 2589s
  8450  8218 7692.56882  805 2956 7641.00000 7731.51829  1.18%   681 2592s
H 8450  7805                    7642.0000000 7731.51796  1.17%   681 2662s
  8452  7809 7731.32972   27 2711 7642.00000 7731.51628  1.17%   703 2682s
  8454  7813 7731.30804   28 2817 7642.00000 7731.30804  1.17%   704 2707s
  8458  7819 7731.30796   29 2803 7642.00000 7731.30796  1.17%   708 2737s
  8466  7825 7730.89200   30 2795 7642.00000 7730.89200  1.16%   714 2763s
  8474  7830 7713.51846   30 2710 7642.00000 7730.89197  1.16%   727 2784s
  8482  7835 7730.74848   31 2769 7642.00000 7730.89197  1.16%   733 2793s
  8490  7841 7727.96935   31 2627 7642.00000 7730.74845  1.16%   736 2809s
  8498  7849 7730.74557   32 2759 7642.00000 7730.74557  1.16%   738 2827s
  8509  7859 7730.74555   33 2763 7642.00000 7730.74555  1.16%   741 2840s
  8523  7868 7730.73893   34 2739 7642.00000 7730.73893  1.16%   743 2857s
  8536  7874 7730.61799   35 2683 7642.00000 7730.73891  1.16%   747 2875s
  8547  7888 7730.73736   35 2749 7642.00000 7730.73736  1.16%   748 2888s
  8564  7895 7730.25169   37 2711 7642.00000 7730.73318  1.16%   752 2899s
  8577  7903 7730.38587   37 2725 7642.00000 7730.61795  1.16%   754 2910s
  8589  7916 7730.34711   38 2692 7642.00000 7730.61795  1.16%   757 2922s
  8606  7922 7730.33955   39 2696 7642.00000 7730.61795  1.16%   760 2933s
  8618  7934 7730.33376   40 2690 7642.00000 7730.61795  1.16%   762 2946s
  8634  7948 7730.26312   41 2686 7642.00000 7730.61795  1.16%   766 2958s
  8653  7956 7730.28397   42 2702 7642.00000 7730.61795  1.16%   768 2967s
  8668  7967 7730.19109   43 2672 7642.00000 7730.61795  1.16%   770 2988s
  8684  7986 7729.15710   44 2651 7642.00000 7730.61795  1.16%   778 3000s
  8708  7998 7729.61997   44 2636 7642.00000 7730.61795  1.16%   779 3020s
H 8718  7604                    7643.0000000 7730.61795  1.15%   784 3020s
  8728  7640 7729.54964   46 2619 7643.00000 7730.61795  1.15%   785 3039s
  8768  7654 7729.52202   49 2609 7643.00000 7730.61795  1.15%   790 3058s
  8797  7673 7729.01288   50 2593 7643.00000 7730.61795  1.15%   796 3083s
  8826  7702 7728.83652   52 2620 7643.00000 7730.61795  1.15%   803 3102s
  8864  7736 7728.20674   54 2493 7643.00000 7730.61795  1.15%   809 3123s
  8911  7741 7727.17612   56 2505 7643.00000 7730.61795  1.15%   814 3143s
  8934  7788 7728.59967   57 2501 7643.00000 7730.61795  1.15%   816 3164s
  8988  7825 7728.62444   59 2511 7643.00000 7730.61795  1.15%   821 3186s
  9043  7866 7727.99051   60 2486 7643.00000 7730.61795  1.15%   826 3217s
  9103  7911 7728.47330   62 2476 7643.00000 7730.61795  1.15%   832 3246s
  9168  7958 7728.12173   64 2429 7643.00000 7730.61795  1.15%   840 3270s
  9236  8010 7728.00921   65 2426 7643.00000 7730.61795  1.15%   845 3292s
  9311  8034 7727.70573   68 2446 7643.00000 7730.61795  1.15%   849 3336s
  9389  8023 7726.55548   71 2446 7643.00000 7730.61795  1.15%   854 3373s
  9414  8031 7725.15682   72 2362 7643.00000 7730.61795  1.15%   863 3401s
  9430  8053 7726.21881   73 2450 7643.00000 7730.61795  1.15%   873 3431s
  9458  8079 7726.12143   75 2353 7643.00000 7730.61795  1.15%   884 3464s
  9493  8118 7725.81602   78 2261 7643.00000 7730.61795  1.15%   894 3496s
  9568  8146 7725.82939   83 2307 7643.00000 7730.61795  1.15%   901 3542s
  9637  8158 7725.01296   86 2331 7643.00000 7730.61795  1.15%   910 3576s
  9672  8183 7724.99547   88 2209 7643.00000 7730.61795  1.15%   920 3600s

Cutting planes:
  Gomory: 27
  Cover: 34
  Implied bound: 2
  MIR: 759
  StrongCG: 50
  Flow cover: 2376
  GUB cover: 471
  Zero half: 29
  RLT: 336
  Relax-and-lift: 6
  Lazy constraints: 3

Explored 9708 nodes (9118819 simplex iterations) in 3600.00 seconds (7154.86 work units)
Thread count was 8 (of 8 available processors)

Solution count 10: 7643 7642 7641 ... 7631

Time limit reached
Best objective 7.643000000000e+03, best bound 7.730000000000e+03, gap 1.1383%
