
Gurobi 9.5.1 (linux64) logging started Fri Jun 10 02:07:39 2022

Set parameter LogFile to value "../results/logs/log_com-dblp.ungraph_20_20_2022_06_09_23_05.log"
Gurobi Optimizer version 9.5.1 build v9.5.1rc2 (linux64)
Thread count: 8 physical cores, 8 logical processors, using up to 8 threads
Optimize a model with 634161 rows, 634160 columns and 5467784 nonzeros
Model fingerprint: 0x58333eb3
Variable types: 0 continuous, 634160 integer (634160 binary)
Coefficient statistics:
  Matrix range     [1e+00, 2e+01]
  Objective range  [1e+00, 1e+00]
  Bounds range     [1e+00, 1e+00]
  RHS range        [1e+00, 2e+01]
Found heuristic solution: objective -0.0000000
Presolve removed 562592 rows and 498986 columns (presolve time = 5s) ...
Presolve removed 596528 rows and 526377 columns
Presolve time: 7.45s

Explored 0 nodes (0 simplex iterations) in 7.97 seconds (11.25 work units)
Thread count was 1 (of 8 available processors)

Solution count 1: -0 
No other solutions better than 0

Solve interrupted
Best objective -0.000000000000e+00, best bound -, gap -
