
Gurobi 9.1.1 (win64) logging started Sun Mar 14 11:31:52 2021

Changed value of parameter LogFile to ../results/logs/log_samuel_kroger_2021_03_14_11_31_52.csv_2_1.log
   Prev:   Default: 
Gurobi Optimizer version 9.1.1 build v9.1.1rc0 (win64)
Thread count: 6 physical cores, 12 logical processors, using up to 12 threads
Optimize a model with 17 rows, 32 columns and 88 nonzeros
Model fingerprint: 0xd5492e74
Coefficient statistics:
  Matrix range     [1e+00, 2e+00]
  Objective range  [1e+00, 1e+00]
  Bounds range     [1e+00, 1e+00]
  RHS range        [1e+00, 1e+00]
Presolve removed 8 rows and 23 columns
Presolve time: 0.00s
Presolved: 9 rows, 9 columns, 33 nonzeros

Iteration    Objective       Primal Inf.    Dual Inf.      Time
       0    1.7000000e+01   0.000000e+00   0.000000e+00      0s
       0    1.7000000e+01   0.000000e+00   0.000000e+00      0s

Solved in 0 iterations and 0.01 seconds
Optimal objective  1.700000000e+01
