
Gurobi 9.5.1 (linux64) logging started Fri Mar 18 10:59:47 2022

Set parameter LogFile to value "../results/logs/log_2022_03_18_10_59.csv_2_250.log"
Set parameter LazyConstraints to value 1
Gurobi Optimizer version 9.5.1 build v9.5.1rc2 (linux64)
Thread count: 8 physical cores, 8 logical processors, using up to 8 threads
Optimize a model with 37072 rows, 116456 columns and 132370 nonzeros
Model fingerprint: 0xd79aa57d
Variable types: 0 continuous, 116456 integer (116456 binary)
Coefficient statistics:
  Matrix range     [1e+00, 1e+00]
  Objective range  [1e+00, 1e+00]
  Bounds range     [1e+00, 1e+00]
  RHS range        [1e+00, 2e+02]
Found heuristic solution: objective 58228.000000

Explored 0 nodes (0 simplex iterations) in 0.02 seconds (0.01 work units)
Thread count was 1 (of 8 available processors)

Solution count 1: 58228 

Optimal solution found (tolerance 1.00e-04)
Best objective 5.822800000000e+04, best bound 5.822800000000e+04, gap 0.0000%

User-callback calls 21, time in user-callback 0.00 sec

Gurobi 9.5.1 (linux64) logging started Fri Mar 18 11:00:48 2022

Set parameter LogFile to value "../results/logs/log_2022_03_18_10_59.csv_2_250.log"
Set parameter LazyConstraints to value 1
Gurobi Optimizer version 9.5.1 build v9.5.1rc2 (linux64)
Thread count: 8 physical cores, 8 logical processors, using up to 8 threads
Optimize a model with 37072 rows, 116456 columns and 132370 nonzeros
Model fingerprint: 0xd79aa57d
Variable types: 0 continuous, 116456 integer (116456 binary)
Coefficient statistics:
  Matrix range     [1e+00, 1e+00]
  Objective range  [1e+00, 1e+00]
  Bounds range     [1e+00, 1e+00]
  RHS range        [1e+00, 2e+02]
Found heuristic solution: objective 58228.000000

Explored 0 nodes (0 simplex iterations) in 0.02 seconds (0.01 work units)
Thread count was 1 (of 8 available processors)

Solution count 1: 58228 

Optimal solution found (tolerance 1.00e-04)
Best objective 5.822800000000e+04, best bound 5.822800000000e+04, gap 0.0000%

User-callback calls 21, time in user-callback 0.00 sec

Gurobi 9.5.1 (linux64) logging started Fri Mar 18 11:01:56 2022

Set parameter LogFile to value "../results/logs/log_2022_03_18_10_59.csv_2_250.log"
Set parameter LazyConstraints to value 1
Gurobi Optimizer version 9.5.1 build v9.5.1rc2 (linux64)
Thread count: 8 physical cores, 8 logical processors, using up to 8 threads
Optimize a model with 37072 rows, 116456 columns and 132370 nonzeros
Model fingerprint: 0xd79aa57d
Variable types: 0 continuous, 116456 integer (116456 binary)
Coefficient statistics:
  Matrix range     [1e+00, 1e+00]
  Objective range  [1e+00, 1e+00]
  Bounds range     [1e+00, 1e+00]
  RHS range        [1e+00, 2e+02]
Found heuristic solution: objective 58228.000000

Explored 0 nodes (0 simplex iterations) in 0.02 seconds (0.01 work units)
Thread count was 1 (of 8 available processors)

Solution count 1: 58228 

Optimal solution found (tolerance 1.00e-04)
Best objective 5.822800000000e+04, best bound 5.822800000000e+04, gap 0.0000%

User-callback calls 21, time in user-callback 0.00 sec

Gurobi 9.5.1 (linux64) logging started Fri Mar 18 11:03:02 2022

Set parameter LogFile to value "../results/logs/log_2022_03_18_10_59.csv_2_250.log"
Set parameter LazyConstraints to value 1
Gurobi Optimizer version 9.5.1 build v9.5.1rc2 (linux64)
Thread count: 8 physical cores, 8 logical processors, using up to 8 threads
Optimize a model with 37072 rows, 116456 columns and 132370 nonzeros
Model fingerprint: 0xd79aa57d
Variable types: 0 continuous, 116456 integer (116456 binary)
Coefficient statistics:
  Matrix range     [1e+00, 1e+00]
  Objective range  [1e+00, 1e+00]
  Bounds range     [1e+00, 1e+00]
  RHS range        [1e+00, 2e+02]
Found heuristic solution: objective 58228.000000

Explored 0 nodes (0 simplex iterations) in 0.02 seconds (0.01 work units)
Thread count was 1 (of 8 available processors)

Solution count 1: 58228 

Optimal solution found (tolerance 1.00e-04)
Best objective 5.822800000000e+04, best bound 5.822800000000e+04, gap 0.0000%

User-callback calls 21, time in user-callback 0.00 sec

Gurobi 9.5.1 (linux64) logging started Fri Mar 18 11:14:18 2022

Set parameter LogFile to value "../results/logs/log_2022_03_18_10_59.csv_2_250.log"
Set parameter LazyConstraints to value 1
Gurobi Optimizer version 9.5.1 build v9.5.1rc2 (linux64)
Thread count: 8 physical cores, 8 logical processors, using up to 8 threads
Optimize a model with 37072 rows, 116456 columns and 132370 nonzeros
Model fingerprint: 0x362bffa8
Variable types: 58228 continuous, 58228 integer (58228 binary)
Coefficient statistics:
  Matrix range     [1e+00, 1e+00]
  Objective range  [1e+00, 1e+00]
  Bounds range     [1e+00, 1e+00]
  RHS range        [1e+00, 2e+02]
Found heuristic solution: objective 58228.000000

Explored 0 nodes (0 simplex iterations) in 0.02 seconds (0.01 work units)
Thread count was 1 (of 8 available processors)

Solution count 1: 58228 

Optimal solution found (tolerance 1.00e-04)
Best objective 5.822800000000e+04, best bound 5.822800000000e+04, gap 0.0000%

User-callback calls 21, time in user-callback 0.00 sec

Gurobi 9.5.1 (linux64) logging started Fri Mar 18 11:15:19 2022

Set parameter LogFile to value "../results/logs/log_2022_03_18_10_59.csv_2_250.log"
Set parameter LazyConstraints to value 1
Gurobi Optimizer version 9.5.1 build v9.5.1rc2 (linux64)
Thread count: 8 physical cores, 8 logical processors, using up to 8 threads
Optimize a model with 55820 rows, 116456 columns and 188614 nonzeros
Model fingerprint: 0xc1dff6ab
Variable types: 0 continuous, 116456 integer (116456 binary)
Coefficient statistics:
  Matrix range     [1e+00, 1e+00]
  Objective range  [1e+00, 1e+00]
  Bounds range     [1e+00, 1e+00]
  RHS range        [1e+00, 2e+02]
Found heuristic solution: objective 54080.000000
Found heuristic solution: objective 55604.000000
Found heuristic solution: objective 56736.000000
Presolve time: 0.15s
Presolved: 55820 rows, 116456 columns, 188614 nonzeros
Extracted 18748 lazy constraints
Variable types: 0 continuous, 116456 integer (116456 binary)
Found heuristic solution: objective 58228.000000

Explored 0 nodes (0 simplex iterations) in 0.22 seconds (0.16 work units)
Thread count was 8 (of 8 available processors)

Solution count 4: 58228 56736 55604 54080 

Optimal solution found (tolerance 1.00e-04)
Best objective 5.822800000000e+04, best bound 5.822800000000e+04, gap 0.0000%

User-callback calls 105, time in user-callback 0.00 sec
