
Gurobi 9.5.0 (win64) logging started Tue Dec  7 12:39:20 2021

Set parameter LogFile to value "../results/logs/log_2021_12_07_12_26.csv_6_30.log"
Set parameter Method to value 3
Gurobi Optimizer version 9.5.0 build v9.5.0rc5 (win64)
Thread count: 6 physical cores, 12 logical processors, using up to 12 threads
Optimize a model with 1039 rows, 9882 columns and 16749 nonzeros
Model fingerprint: 0xbd15954e
Variable types: 4941 continuous, 4941 integer (4941 binary)
Coefficient statistics:
  Matrix range     [1e+00, 6e+00]
  Objective range  [1e+00, 1e+00]
  Bounds range     [1e+00, 1e+00]
  RHS range        [1e+00, 3e+01]
Found heuristic solution: objective -0.0000000
Presolve removed 585 rows and 9150 columns
Presolve time: 0.02s
Presolved: 454 rows, 732 columns, 2692 nonzeros
Extracted 154 lazy constraints
Variable types: 413 continuous, 319 integer (317 binary)

Concurrent LP optimizer: primal simplex, dual simplex, and barrier
Showing barrier log only...

Root barrier log...

Ordering time: 0.00s

Barrier statistics:
 AA' NZ     : 5.250e+02
 Factor NZ  : 1.997e+03
 Factor Ops : 2.133e+04 (less than 1 second per iteration)
 Threads    : 1

Barrier performed 0 iterations in 0.03 seconds (0.02 work units)
Barrier solve interrupted - model solved by another algorithm


Solved with dual simplex

Root relaxation: objective 3.300000e+02, 137 iterations, 0.00 seconds (0.00 work units)

    Nodes    |    Current Node    |     Objective Bounds      |     Work
 Expl Unexpl |  Obj  Depth IntInf | Incumbent    BestBd   Gap | It/Node Time

     0     0  105.01219    0  157   -0.00000  105.01219      -     -    0s
     0     0   49.24975    0   71   -0.00000   49.24975      -     -    0s
     0     0   48.44300    0   47   -0.00000   48.44300      -     -    0s
     0     0   48.34473    0   47   -0.00000   48.34473      -     -    0s
     0     0   46.75872    0   45   -0.00000   46.75872      -     -    0s
     0     0   46.65956    0   38   -0.00000   46.65956      -     -    0s
     0     0   45.90043    0   45   -0.00000   45.90043      -     -    0s
     0     0   45.90043    0   45   -0.00000   45.90043      -     -    0s
     0     2   45.90043    0   45   -0.00000   45.90043      -     -    0s
H  100   104                      43.0000000   45.01972  4.70%  15.6    0s

Cutting planes:
  Gomory: 57
  Lift-and-project: 11
  Implied bound: 22
  MIR: 123
  RLT: 17
  Relax-and-lift: 12
  Lazy constraints: 146

Explored 283 nodes (4172 simplex iterations) in 0.26 seconds (0.16 work units)
Thread count was 12 (of 12 available processors)

Solution count 2: 43 -0 

Optimal solution found (tolerance 1.00e-04)
Best objective 4.300000000000e+01, best bound 4.300000000000e+01, gap 0.0000%
