
Gurobi 9.5.0 (win64) logging started Tue Dec  7 12:39:43 2021

Set parameter LogFile to value "../results/logs/log_2021_12_07_12_26.csv_8_80.log"
Set parameter Method to value 3
Gurobi Optimizer version 9.5.0 build v9.5.0rc5 (win64)
Thread count: 6 physical cores, 12 logical processors, using up to 12 threads
Optimize a model with 376 rows, 9882 columns and 10225 nonzeros
Model fingerprint: 0xb822306d
Variable types: 4941 continuous, 4941 integer (4941 binary)
Coefficient statistics:
  Matrix range     [1e+00, 8e+00]
  Objective range  [1e+00, 1e+00]
  Bounds range     [1e+00, 1e+00]
  RHS range        [1e+00, 8e+01]
Found heuristic solution: objective -0.0000000
Presolve removed 253 rows and 9677 columns
Presolve time: 0.01s
Presolved: 123 rows, 205 columns, 737 nonzeros
Extracted 47 lazy constraints
Variable types: 113 continuous, 92 integer (90 binary)

Root relaxation: objective 7.622328e+01, 33 iterations, 0.00 seconds (0.00 work units)

    Nodes    |    Current Node    |     Objective Bounds      |     Work
 Expl Unexpl |  Obj  Depth IntInf | Incumbent    BestBd   Gap | It/Node Time

     0     0   76.22328    0   22   -0.00000   76.22328      -     -    0s
H    0     0                      14.0000000   76.22328   444%     -    0s
     0     0   43.17915    0   30   14.00000   43.17915   208%     -    0s
     0     0   43.08502    0   31   14.00000   43.08502   208%     -    0s
     0     0   43.07406    0   31   14.00000   43.07406   208%     -    0s
     0     0   40.88052    0   31   14.00000   40.88052   192%     -    0s
     0     0   40.57474    0   22   14.00000   40.57474   190%     -    0s
     0     0   40.56346    0   21   14.00000   40.56346   190%     -    0s
H    0     0                      27.0000000   40.56346  50.2%     -    0s
     0     0   40.09767    0   24   27.00000   40.09767  48.5%     -    0s
     0     0   39.97102    0   24   27.00000   39.97102  48.0%     -    0s
     0     0   39.96617    0   22   27.00000   39.96617  48.0%     -    0s
     0     0   39.90894    0   28   27.00000   39.90894  47.8%     -    0s
     0     0   39.90894    0   28   27.00000   39.90894  47.8%     -    0s
H    0     0                      36.0000000   39.90894  10.9%     -    0s
H    0     0                      39.0000000   39.90894  2.33%     -    0s
     0     0   39.90894    0   28   39.00000   39.90894  2.33%     -    0s

Cutting planes:
  Gomory: 9
  Implied bound: 7
  MIR: 54
  RLT: 3
  Relax-and-lift: 8
  Lazy constraints: 47

Explored 1 nodes (442 simplex iterations) in 0.06 seconds (0.02 work units)
Thread count was 12 (of 12 available processors)

Solution count 5: 39 36 27 ... -0

Optimal solution found (tolerance 1.00e-04)
Best objective 3.900000000000e+01, best bound 3.900000000000e+01, gap 0.0000%
