
Gurobi 9.5.0 (win64) logging started Tue Dec  7 12:38:59 2021

Set parameter LogFile to value "../results/logs/log_2021_12_07_12_26.csv_5_80.log"
Set parameter Method to value 3
Gurobi Optimizer version 9.5.0 build v9.5.0rc5 (win64)
Thread count: 6 physical cores, 12 logical processors, using up to 12 threads
Optimize a model with 1783 rows, 9882 columns and 22585 nonzeros
Model fingerprint: 0x10cbcd57
Variable types: 4941 continuous, 4941 integer (4941 binary)
Coefficient statistics:
  Matrix range     [1e+00, 5e+00]
  Objective range  [1e+00, 1e+00]
  Bounds range     [1e+00, 1e+00]
  RHS range        [1e+00, 8e+01]
Found heuristic solution: objective 12.0000000
Presolve removed 944 rows and 8566 columns
Presolve time: 0.04s
Presolved: 839 rows, 1316 columns, 4810 nonzeros
Variable types: 741 continuous, 575 integer (555 binary)
Found heuristic solution: objective 30.0000000

Concurrent LP optimizer: primal simplex, dual simplex, and barrier
Showing barrier log only...

Root barrier log...

Ordering time: 0.00s

Barrier statistics:
 AA' NZ     : 3.463e+03
 Factor NZ  : 9.369e+03 (roughly 1 MB of memory)
 Factor Ops : 1.271e+05 (less than 1 second per iteration)
 Threads    : 1

                  Objective                Residual
Iter       Primal          Dual         Primal    Dual     Compl     Time
   0   2.28311797e+03  1.81749882e+03  1.80e+03 8.41e-01  8.79e+00     0s
   1   4.16890060e+02  1.89407948e+03  2.17e+02 3.11e-15  1.37e+00     0s
   2   2.20091274e+02  6.40885752e+02  3.32e+01 2.22e-15  2.30e-01     0s
   3   1.61737927e+02  2.36220229e+02  2.23e+00 2.66e-15  2.83e-02     0s
   4   1.68845754e+02  1.90983858e+02  2.43e-01 2.18e-15  7.19e-03     0s
   5   1.71766186e+02  1.80939412e+02  1.13e-01 2.05e-15  3.00e-03     0s
   6   1.73397594e+02  1.76667074e+02  5.05e-02 2.16e-15  1.09e-03     0s
   7   1.74046984e+02  1.75246925e+02  2.63e-02 8.06e-16  4.16e-04     0s
   8   1.74724771e+02  1.74835728e+02  2.08e-03 2.72e-15  3.77e-05     0s
   9   1.74799103e+02  1.74803862e+02  7.05e-05 2.08e-15  1.57e-06     0s

Barrier performed 9 iterations in 0.07 seconds (0.04 work units)
Barrier solve interrupted - model solved by another algorithm


Solved with primal simplex

Root relaxation: objective 1.748029e+02, 876 iterations, 0.02 seconds (0.01 work units)

    Nodes    |    Current Node    |     Objective Bounds      |     Work
 Expl Unexpl |  Obj  Depth IntInf | Incumbent    BestBd   Gap | It/Node Time

     0     0  174.80289    0  291   30.00000  174.80289   483%     -    0s
H    0     0                      69.0000000  174.80289   153%     -    0s
     0     0  128.83355    0  157   69.00000  128.83355  86.7%     -    0s
     0     0  127.06415    0  144   69.00000  127.06415  84.2%     -    0s
     0     0  126.71450    0  136   69.00000  126.71450  83.6%     -    0s
     0     0  126.66478    0  135   69.00000  126.66478  83.6%     -    0s
     0     0  126.66050    0  135   69.00000  126.66050  83.6%     -    0s
     0     0  120.01421    0  113   69.00000  120.01421  73.9%     -    0s
     0     0  118.78904    0   90   69.00000  118.78904  72.2%     -    0s
     0     0  118.40978    0   99   69.00000  118.40978  71.6%     -    0s
     0     0  118.35938    0   94   69.00000  118.35938  71.5%     -    0s
     0     0  117.50578    0   80   69.00000  117.50578  70.3%     -    0s
     0     0  117.25677    0   87   69.00000  117.25677  69.9%     -    0s
     0     0  117.22718    0   88   69.00000  117.22718  69.9%     -    0s
     0     0  116.95367    0   81   69.00000  116.95367  69.5%     -    0s
     0     0  116.95367    0   81   69.00000  116.95367  69.5%     -    0s
H    0     2                      70.0000000  116.95367  67.1%     -    0s
     0     2  116.95367    0   81   70.00000  116.95367  67.1%     -    0s
H   32    39                      71.0000000  116.43414  64.0%  46.5    0s
H  121   135                      74.0000000  116.43414  57.3%  37.1    0s
H  123   135                      77.0000000  116.43414  51.2%  37.1    0s
H  177   197                     110.0000000  116.43414  5.85%  32.8    0s
H  210   231                     112.0000000  116.43414  3.96%  32.0    0s
*  341   295              23     113.0000000  116.18066  2.81%  28.6    1s

Cutting planes:
  Gomory: 110
  Implied bound: 13
  MIR: 384
  RLT: 75
  Relax-and-lift: 29

Explored 4349 nodes (114717 simplex iterations) in 2.87 seconds (2.66 work units)
Thread count was 12 (of 12 available processors)

Solution count 10: 113 112 110 ... 12

Optimal solution found (tolerance 1.00e-04)
Best objective 1.130000000000e+02, best bound 1.130000000000e+02, gap 0.0000%
