
Gurobi 9.5.1 (linux64) logging started Wed Mar  9 18:04:53 2022

Set parameter LogFile to value "../results/logs/log_2022_03_09_17_57.csv_5_25.log"
Set parameter Method to value 3
Gurobi Optimizer version 9.5.1 build v9.5.1rc2 (linux64)
Thread count: 8 physical cores, 8 logical processors, using up to 8 threads
Optimize a model with 1783 rows, 9882 columns and 22585 nonzeros
Model fingerprint: 0xfeb482bc
Variable types: 4941 continuous, 4941 integer (4941 binary)
Coefficient statistics:
  Matrix range     [1e+00, 5e+00]
  Objective range  [1e+00, 1e+00]
  Bounds range     [1e+00, 1e+00]
  RHS range        [1e+00, 2e+01]
Found heuristic solution: objective 12.0000000
Presolve removed 944 rows and 8566 columns
Presolve time: 0.03s
Presolved: 839 rows, 1316 columns, 4810 nonzeros
Variable types: 741 continuous, 575 integer (555 binary)
Found heuristic solution: objective 19.0000000

Concurrent LP optimizer: primal simplex, dual simplex, and barrier
Showing barrier log only...

Root barrier log...

Ordering time: 0.00s

Barrier statistics:
 AA' NZ     : 3.463e+03
 Factor NZ  : 9.369e+03 (roughly 1 MB of memory)
 Factor Ops : 1.271e+05 (less than 1 second per iteration)
 Threads    : 1

                  Objective                Residual
Iter       Primal          Dual         Primal    Dual     Compl     Time
   0   1.41512797e+03  1.81426562e+03  1.04e+03 8.41e-01  5.42e+00     0s
   1   3.79323707e+02  1.54870269e+03  1.80e+02 2.66e-15  1.08e+00     0s
   2   1.91083114e+02  4.08736218e+02  2.98e+01 2.78e-15  1.65e-01     0s
   3   1.25775432e+02  1.71396833e+02  6.66e+00 2.83e-15  3.94e-02     0s
   4   1.03947614e+02  1.19399891e+02  6.53e-01 3.77e-15  7.12e-03     0s
   5   1.03328812e+02  1.08119905e+02  1.29e-01 3.29e-15  1.91e-03     0s
   6   1.03457197e+02  1.04396033e+02  6.72e-02 4.69e-15  5.25e-04     0s
   7   1.03587541e+02  1.03805093e+02  9.42e-03 4.88e-15  9.90e-05     0s
   8   1.03628126e+02  1.03647281e+02  1.11e-03 4.12e-15  9.71e-06     0s
   9   1.03638342e+02  1.03638651e+02  1.69e-06 5.19e-15  9.85e-08     0s
  10   1.03638515e+02  1.03638515e+02  2.29e-10 4.30e-15  1.78e-11     0s

Barrier solved model in 10 iterations and 0.04 seconds (0.04 work units)
Optimal objective 1.03638515e+02


Solved with barrier

Root relaxation: objective 1.036385e+02, 253 iterations, 0.01 seconds (0.01 work units)

    Nodes    |    Current Node    |     Objective Bounds      |     Work
 Expl Unexpl |  Obj  Depth IntInf | Incumbent    BestBd   Gap | It/Node Time

     0     0  103.63851    0  263   19.00000  103.63851   445%     -    0s
H    0     0                      46.0000000  103.63851   125%     -    0s
     0     0   69.04871    0  112   46.00000   69.04871  50.1%     -    0s
     0     0   68.25803    0  101   46.00000   68.25803  48.4%     -    0s
     0     0   68.07865    0  110   46.00000   68.07865  48.0%     -    0s
     0     0   68.06861    0  110   46.00000   68.06861  48.0%     -    0s
     0     0   64.10113    0   67   46.00000   64.10113  39.4%     -    0s
     0     0   63.34859    0   95   46.00000   63.34859  37.7%     -    0s
     0     0   63.23124    0   64   46.00000   63.23124  37.5%     -    0s
     0     0   63.18215    0   59   46.00000   63.18215  37.4%     -    0s
     0     0   62.17667    0   53   46.00000   62.17667  35.2%     -    0s
     0     0   61.83271    0   58   46.00000   61.83271  34.4%     -    0s
     0     0   61.79953    0   94   46.00000   61.79953  34.3%     -    0s
     0     0   61.21260    0   86   46.00000   61.21260  33.1%     -    0s
     0     0   61.18479    0   54   46.00000   61.18479  33.0%     -    0s
     0     0   60.93630    0   88   46.00000   60.93630  32.5%     -    0s
     0     0   60.93630    0   88   46.00000   60.93630  32.5%     -    0s
     0     2   60.93630    0   88   46.00000   60.93630  32.5%     -    0s
H   31    40                      49.0000000   60.26478  23.0%  47.1    0s
H   33    40                      54.0000000   60.26478  11.6%  45.0    0s
H  118   130                      55.0000000   60.26478  9.57%  33.9    0s
*  241   204              21      57.0000000   60.26478  5.73%  29.0    0s

Cutting planes:
  Gomory: 100
  Lift-and-project: 17
  Implied bound: 14
  MIR: 354
  RLT: 72
  Relax-and-lift: 9

Explored 781 nodes (18887 simplex iterations) in 0.58 seconds (0.78 work units)
Thread count was 8 (of 8 available processors)

Solution count 7: 57 55 54 ... 12

Optimal solution found (tolerance 1.00e-04)
Best objective 5.700000000000e+01, best bound 5.700000000000e+01, gap 0.0000%
