
Gurobi 9.5.1 (linux64) logging started Wed Mar  9 18:02:11 2022

Set parameter LogFile to value "../results/logs/log_2022_03_09_17_57.csv_3_85.log"
Set parameter Method to value 3
Gurobi Optimizer version 9.5.1 build v9.5.1rc2 (linux64)
Thread count: 8 physical cores, 8 logical processors, using up to 8 threads
Optimize a model with 5947 rows, 9882 columns and 44842 nonzeros
Model fingerprint: 0xa31ebd58
Variable types: 4941 continuous, 4941 integer (4941 binary)
Coefficient statistics:
  Matrix range     [1e+00, 3e+00]
  Objective range  [1e+00, 1e+00]
  Bounds range     [1e+00, 1e+00]
  RHS range        [1e+00, 8e+01]
Found heuristic solution: objective 231.0000000
Presolve removed 2783 rows and 5534 columns
Presolve time: 0.04s
Presolved: 3164 rows, 4348 columns, 16843 nonzeros
Variable types: 2523 continuous, 1825 integer (1795 binary)
Found heuristic solution: objective 280.0000000

Concurrent LP optimizer: primal simplex, dual simplex, and barrier
Showing barrier log only...

Root barrier log...

Ordering time: 0.00s

Barrier statistics:
 AA' NZ     : 1.450e+04
 Factor NZ  : 4.269e+04 (roughly 3 MB of memory)
 Factor Ops : 6.627e+05 (less than 1 second per iteration)
 Threads    : 1

                  Objective                Residual
Iter       Primal          Dual         Primal    Dual     Compl     Time
   0   1.30334717e+04  1.26878269e+04  4.91e+03 9.44e-01  4.01e+01     0s
   1   5.91651019e+03  1.95834991e+04  2.09e+03 1.07e-14  1.69e+01     0s
   2   1.24696088e+03  1.33971279e+04  1.34e+02 7.99e-15  1.88e+00     0s
   3   1.01193170e+03  3.25951736e+03  1.76e+01 6.22e-15  2.68e-01     0s
   4   1.10520916e+03  1.71215868e+03  2.35e+00 7.77e-15  5.82e-02     0s
   5   1.16776877e+03  1.45685452e+03  9.87e-01 4.86e-15  2.67e-02     0s
   6   1.20221987e+03  1.33846811e+03  5.41e-01 3.55e-15  1.25e-02     0s
   7   1.24864058e+03  1.27110704e+03  4.37e-02 3.18e-15  1.98e-03     0s
   8   1.25615806e+03  1.26204738e+03  1.10e-02 2.13e-15  5.18e-04     0s
   9   1.25798668e+03  1.26051213e+03  4.00e-03 1.79e-15  2.21e-04     0s
  10   1.25872282e+03  1.25971896e+03  1.17e-03 1.17e-15  8.67e-05     0s
  11   1.25892497e+03  1.25913043e+03  4.22e-04 2.69e-15  1.82e-05     0s
  12   1.25902018e+03  1.25903794e+03  5.85e-05 3.28e-15  1.60e-06     0s
  13   1.25903617e+03  1.25903619e+03  0.00e+00 3.55e-15  1.61e-09     0s
  14   1.25903618e+03  1.25903618e+03  0.00e+00 3.19e-15  1.61e-12     0s

Barrier solved model in 14 iterations and 0.09 seconds (0.08 work units)
Optimal objective 1.25903618e+03


Solved with barrier

Root relaxation: objective 1.259036e+03, 548 iterations, 0.05 seconds (0.04 work units)

    Nodes    |    Current Node    |     Objective Bounds      |     Work
 Expl Unexpl |  Obj  Depth IntInf | Incumbent    BestBd   Gap | It/Node Time

     0     0 1259.03618    0 1157  280.00000 1259.03618   350%     -    0s
H    0     0                     293.0000000 1258.38265   329%     -    0s
     0     0  860.48167    0  786  293.00000  860.48167   194%     -    0s
H    0     0                     295.0000000  830.62872   182%     -    0s
     0     0  830.62872    0  721  295.00000  830.62872   182%     -    0s
     0     0  828.36860    0  692  295.00000  828.36860   181%     -    0s
H    0     0                     323.0000000  828.33051   156%     -    0s
     0     0  828.33051    0  696  323.00000  828.33051   156%     -    0s
H    0     0                     338.0000000  734.55284   117%     -    0s
     0     0  734.55284    0  656  338.00000  734.55284   117%     -    0s
H    0     0                     339.0000000  734.55284   117%     -    0s
     0     0  724.87109    0  642  339.00000  724.87109   114%     -    0s
     0     0  720.97395    0  629  339.00000  720.97395   113%     -    0s
     0     0  720.72270    0  610  339.00000  720.72270   113%     -    0s
     0     0  691.22750    0  468  339.00000  691.22750   104%     -    0s
H    0     0                     347.0000000  684.86425  97.4%     -    0s
     0     0  684.86425    0  516  347.00000  684.86425  97.4%     -    0s
H    0     0                     355.0000000  682.83240  92.3%     -    1s
     0     0  682.83240    0  486  355.00000  682.83240  92.3%     -    1s
     0     0  682.54942    0  519  355.00000  682.54942  92.3%     -    1s
H    0     0                     381.0000000  682.54942  79.1%     -    1s
     0     0  670.60891    0  479  381.00000  670.60891  76.0%     -    1s
     0     0  666.54677    0  531  381.00000  666.54677  74.9%     -    1s
     0     0  665.84385    0  505  381.00000  665.84385  74.8%     -    1s
H    0     0                     385.0000000  661.64532  71.9%     -    1s
     0     0  661.64532    0  461  385.00000  661.64532  71.9%     -    1s
H    0     0                     412.0000000  660.38312  60.3%     -    1s
     0     0  660.38312    0  360  412.00000  660.38312  60.3%     -    1s
     0     0  660.17334    0  353  412.00000  660.17334  60.2%     -    1s
     0     0  657.08901    0  498  412.00000  657.08901  59.5%     -    1s
     0     0  657.08901    0  498  412.00000  657.08901  59.5%     -    1s
     0     2  657.08901    0  498  412.00000  657.08901  59.5%     -    1s
H   31    40                     415.0000000  655.19693  57.9%   132    1s
H   35    40                     422.0000000  655.19693  55.3%   118    1s
H   64    79                     427.0000000  655.19565  53.4%  86.1    2s
H   68    79                     429.0000000  655.19565  52.7%  84.1    2s
H   70    79                     437.0000000  655.19565  49.9%  84.4    2s
H  148   164                     451.0000000  655.19565  45.3%  64.8    2s
H  219   228                     465.0000000  655.19565  40.9%  54.3    2s
H  223   228                     482.0000007  655.19565  35.9%  53.7    2s
H 1237  1268                     491.9999994  655.19565  33.2%  45.9    3s
H 1240  1268                     501.0000000  655.19565  30.8%  46.0    3s
H 1585  1581                     563.0000000  655.19565  16.4%  46.2    3s
H 2664  2695                     565.0000000  655.15833  16.0%  43.8    4s
  2775  2751  643.50736   33  191  565.00000  655.15833  16.0%  43.6    5s
H 2958  1521                     633.0000000  655.15833  3.50%  44.1    6s
  3207  1560  642.39720   20  289  633.00000  642.39720  1.48%  44.5   10s
  3270  1603  638.28092   13  202  633.00000  638.28092  0.83%  48.6   15s
H 3413  1586                     634.0000000  637.76552  0.59%  50.3   18s
H 3507  1515                     635.0000000  637.60054  0.41%  50.0   18s
* 3520  1432              42     636.0000000  637.58710  0.25%  50.1   18s

Cutting planes:
  Gomory: 175
  Lift-and-project: 127
  Implied bound: 13
  MIR: 848
  Flow cover: 737
  RLT: 94
  Relax-and-lift: 50

Explored 3680 nodes (188138 simplex iterations) in 18.62 seconds (19.45 work units)
Thread count was 8 (of 8 available processors)

Solution count 10: 636 635 634 ... 465

Optimal solution found (tolerance 1.00e-04)
Best objective 6.360000000000e+02, best bound 6.360000000000e+02, gap 0.0000%
