
Gurobi 10.0.2 (linux64) logging started Fri Jan 26 13:42:00 2024

Set parameter LogFile to value "../results/logs/log_facebook_combined_17_250_2024_01_26_13_42.log"
Set parameter LazyConstraints to value 1
Gurobi Optimizer version 10.0.2 build v10.0.2rc0 (linux64)

CPU model: Intel(R) Core(TM) i7-4930K CPU @ 3.40GHz, instruction set [SSE2|AVX]
Thread count: 6 physical cores, 12 logical processors, using up to 12 threads

Optimize a model with 8079 rows, 8078 columns and 369092 nonzeros
Model fingerprint: 0xd2b7d04e
Variable types: 0 continuous, 8078 integer (8078 binary)
Coefficient statistics:
  Matrix range     [1e+00, 2e+01]
  Objective range  [1e+00, 1e+00]
  Bounds range     [1e+00, 1e+00]
  RHS range        [1e+00, 2e+02]
Found heuristic solution: objective -0.0000000
Presolve removed 2954 rows and 1477 columns
Presolve time: 1.39s
Presolved: 5125 rows, 6601 columns, 331940 nonzeros
Variable types: 0 continuous, 6601 integer (6601 binary)

Root relaxation: objective 2.551962e+03, 1243 iterations, 0.05 seconds (0.05 work units)

    Nodes    |    Current Node    |     Objective Bounds      |     Work
 Expl Unexpl |  Obj  Depth IntInf | Incumbent    BestBd   Gap | It/Node Time

     0     0 2551.96196    0  110   -0.00000 2551.96196      -     -    1s
H    0     0                    2429.0000000 2551.96196  5.06%     -    1s
H    0     0                    2494.0000000 2551.96196  2.32%     -    1s
H    0     0                    2497.0000000 2551.96196  2.20%     -    1s
     0     0 2546.98493    0  211 2497.00000 2546.98493  2.00%     -    2s
H    0     0                    2501.0000000 2546.98493  1.84%     -    2s
H    0     0                    2502.0000000 2546.98493  1.80%     -    2s
H    0     0                    2521.0000000 2546.98493  1.03%     -    2s
     0     0 2546.95779    0  213 2521.00000 2546.95779  1.03%     -    2s
     0     0 2540.90650    0  244 2521.00000 2540.90650  0.79%     -    3s
     0     0 2540.49452    0  235 2521.00000 2540.49452  0.77%     -    3s

Gurobi 10.0.2 (linux64) logging started Fri Jan 26 13:42:19 2024

Set parameter LogFile to value "../results/logs/log_facebook_combined_17_250_2024_01_26_13_42.log"
Set parameter LazyConstraints to value 1
Gurobi Optimizer version 10.0.2 build v10.0.2rc0 (linux64)

CPU model: Intel(R) Core(TM) i7-4930K CPU @ 3.40GHz, instruction set [SSE2|AVX]
Thread count: 6 physical cores, 12 logical processors, using up to 12 threads

Optimize a model with 8079 rows, 8078 columns and 369092 nonzeros
Model fingerprint: 0xd2b7d04e
Variable types: 0 continuous, 8078 integer (8078 binary)
Coefficient statistics:
  Matrix range     [1e+00, 2e+01]
  Objective range  [1e+00, 1e+00]
  Bounds range     [1e+00, 1e+00]
  RHS range        [1e+00, 2e+02]
Found heuristic solution: objective -0.0000000
Presolve removed 2954 rows and 1477 columns
Presolve time: 1.38s
Presolved: 5125 rows, 6601 columns, 331940 nonzeros
Variable types: 0 continuous, 6601 integer (6601 binary)

Root relaxation: objective 2.551962e+03, 1243 iterations, 0.06 seconds (0.05 work units)

    Nodes    |    Current Node    |     Objective Bounds      |     Work
 Expl Unexpl |  Obj  Depth IntInf | Incumbent    BestBd   Gap | It/Node Time

     0     0 2551.96196    0  110   -0.00000 2551.96196      -     -    1s
H    0     0                    2429.0000000 2551.96196  5.06%     -    1s
H    0     0                    2494.0000000 2551.96196  2.32%     -    1s
H    0     0                    2497.0000000 2551.96196  2.20%     -    1s
     0     0 2546.98493    0  211 2497.00000 2546.98493  2.00%     -    2s
H    0     0                    2501.0000000 2546.98493  1.84%     -    2s
H    0     0                    2502.0000000 2546.98493  1.80%     -    2s
H    0     0                    2521.0000000 2546.98493  1.03%     -    2s
     0     0 2546.95779    0  213 2521.00000 2546.95779  1.03%     -    2s
     0     0 2540.90650    0  244 2521.00000 2540.90650  0.79%     -    3s
     0     0 2540.49452    0  235 2521.00000 2540.49452  0.77%     -    3s
     0     0 2540.49231    0  235 2521.00000 2540.49231  0.77%     -    4s
     0     0 2536.79801    0  208 2521.00000 2536.79801  0.63%     -    4s
H    0     0                    2525.0000000 2536.79801  0.47%     -    4s
H    0     0                    2533.0000000 2536.79801  0.15%     -    5s
     0     0 2536.18157    0   92 2533.00000 2536.18157  0.13%     -    5s
     0     0 2536.08425    0  137 2533.00000 2536.08425  0.12%     -    5s
     0     0 2536.03279    0  139 2533.00000 2536.03279  0.12%     -    6s
     0     0 2536.03094    0  138 2533.00000 2536.03094  0.12%     -    6s
     0     0 2535.48439    0   83 2533.00000 2535.48439  0.10%     -    7s
     0     0 2535.26789    0  151 2533.00000 2535.26789  0.09%     -    7s
     0     0 2535.19154    0  133 2533.00000 2535.19154  0.09%     -    8s
     0     0 2535.18508    0  122 2533.00000 2535.18508  0.09%     -    8s
     0     0 2535.18468    0  124 2533.00000 2535.18468  0.09%     -    8s
     0     0 2535.06561    0  131 2533.00000 2535.06561  0.08%     -    9s
     0     0 2535.06561    0   98 2533.00000 2535.06561  0.08%     -   10s
     0     0 2535.06561    0  196 2533.00000 2535.06561  0.08%     -   10s
     0     0 2535.06561    0  134 2533.00000 2535.06561  0.08%     -   11s
     0     0 2535.06561    0  101 2533.00000 2535.06561  0.08%     -   11s
     0     0 2534.97023    0  108 2533.00000 2534.97023  0.08%     -   12s
     0     0 2534.86140    0   86 2533.00000 2534.86140  0.07%     -   12s
     0     0 2534.85489    0   75 2533.00000 2534.85489  0.07%     -   12s
     0     0 2534.61846    0   62 2533.00000 2534.61846  0.06%     -   13s
     0     0 2534.61846    0   64 2533.00000 2534.61846  0.06%     -   13s
     0     0 2534.61846    0   80 2533.00000 2534.61846  0.06%     -   14s
     0     0 2534.61846    0   66 2533.00000 2534.61846  0.06%     -   14s
     0     0 2534.61846    0   76 2533.00000 2534.61846  0.06%     -   14s
     0     0 2534.51201    0   68 2533.00000 2534.51201  0.06%     -   15s
     0     0 2534.40600    0   36 2533.00000 2534.40600  0.06%     -   15s
     0     0 2534.34047    0   37 2533.00000 2534.34047  0.05%     -   16s
     0     0 2534.33670    0   38 2533.00000 2534.33670  0.05%     -   16s
     0     0 2534.28600    0   52 2533.00000 2534.28600  0.05%     -   16s
     0     0 2534.27799    0   57 2533.00000 2534.27799  0.05%     -   17s
     0     0 2534.27799    0   59 2533.00000 2534.27799  0.05%     -   17s
     0     0 2534.24858    0   41 2533.00000 2534.24858  0.05%     -   17s
     0     0 2534.24858    0   47 2533.00000 2534.24858  0.05%     -   18s
     0     0 2534.24858    0   45 2533.00000 2534.24858  0.05%     -   18s
     0     0 2534.24858    0   32 2533.00000 2534.24858  0.05%     -   18s
     0     0 2534.10126    0   23 2533.00000 2534.10126  0.04%     -   19s
     0     0 2534.04444    0   18 2533.00000 2534.04444  0.04%     -   19s
     0     0 2534.04444    0   13 2533.00000 2534.04444  0.04%     -   19s
     0     0 2534.04444    0   10 2533.00000 2534.04444  0.04%     -   19s
     0     0     cutoff    0      2533.00000 2533.00000  0.00%     -   20s

Cutting planes:
  Gomory: 31
  Lift-and-project: 7
  Cover: 15
  Clique: 1
  MIR: 38
  StrongCG: 4
  GUB cover: 30
  Zero half: 4
  RLT: 13
  Lazy constraints: 1

Explored 1 nodes (8533 simplex iterations) in 20.15 seconds (5.79 work units)
Thread count was 12 (of 12 available processors)

Solution count 9: 2533 2525 2521 ... -0

Optimal solution found (tolerance 0.00e+00)
Best objective 2.533000000000e+03, best bound 2.533000000000e+03, gap 0.0000%

User-callback calls 1472, time in user-callback 14.68 sec
