
Gurobi 9.5.0 (win64) logging started Tue Dec  7 12:39:56 2021

Set parameter LogFile to value "../results/logs/log_2021_12_07_12_26.csv_11_15.log"
Set parameter Method to value 3
Gurobi Optimizer version 9.5.0 build v9.5.0rc5 (win64)
Thread count: 6 physical cores, 12 logical processors, using up to 12 threads
Optimize a model with 79 rows, 9882 columns and 6345 nonzeros
Model fingerprint: 0x069bf5f9
Variable types: 4941 continuous, 4941 integer (4941 binary)
Coefficient statistics:
  Matrix range     [1e+00, 1e+01]
  Objective range  [1e+00, 1e+00]
  Bounds range     [1e+00, 1e+00]
  RHS range        [1e+00, 2e+01]
Found heuristic solution: objective -0.0000000
Presolve removed 66 rows and 9862 columns
Presolve time: 0.00s
Presolved: 13 rows, 20 columns, 64 nonzeros
Extracted 10 lazy constraints
Variable types: 8 continuous, 12 integer (12 binary)

Root relaxation: objective 1.300000e+01, 2 iterations, 0.00 seconds (0.00 work units)

    Nodes    |    Current Node    |     Objective Bounds      |     Work
 Expl Unexpl |  Obj  Depth IntInf | Incumbent    BestBd   Gap | It/Node Time

     0     0    7.39091    0    5   -0.00000    7.39091      -     -    0s
H    0     0                       5.0000000    7.39091  47.8%     -    0s

Cutting planes:
  Gomory: 2
  Implied bound: 2
  Clique: 9
  MIR: 2
  Lazy constraints: 10

Explored 1 nodes (11 simplex iterations) in 0.01 seconds (0.00 work units)
Thread count was 12 (of 12 available processors)

Solution count 2: 5 -0 

Optimal solution found (tolerance 1.00e-04)
Best objective 5.000000000000e+00, best bound 5.000000000000e+00, gap 0.0000%
