
Gurobi 9.5.1 (linux64) logging started Mon Mar 21 03:06:47 2022

Set parameter LogFile to value "../results/logs/log_2022_03_21_02_06.csv_46_250.log"
Gurobi Optimizer version 9.5.1 build v9.5.1rc2 (linux64)
Thread count: 8 physical cores, 8 logical processors, using up to 8 threads
Optimize a model with 27307 rows, 27306 columns and 2230540 nonzeros
Model fingerprint: 0xcf700bab
Variable types: 0 continuous, 27306 integer (27306 binary)
Coefficient statistics:
  Matrix range     [1e+00, 5e+01]
  Objective range  [1e+00, 1e+00]
  Bounds range     [1e+00, 1e+00]
  RHS range        [1e+00, 2e+02]
Found heuristic solution: objective -0.0000000
Presolve removed 10502 rows and 5490 columns (presolve time = 5s) ...
Presolve removed 10502 rows and 5490 columns
Presolve time: 7.48s
Presolved: 16805 rows, 21816 columns, 1912249 nonzeros
Variable types: 0 continuous, 21816 integer (21789 binary)

Deterministic concurrent LP optimizer: primal and dual simplex
Showing first log only...


Root simplex log...

Iteration    Objective       Primal Inf.    Dual Inf.      Time
       0   -0.0000000e+00   0.000000e+00   1.050250e+03      8s
Warning: Markowitz tolerance tightened to 0.125
    3134    6.6083081e+02   0.000000e+00   4.102782e+03     10s
    5265    1.6076742e+03   0.000000e+00   1.473520e+04     15s
    6581    2.2144286e+03   0.000000e+00   5.917678e+05     20s
    8167    2.9642261e+03   0.000000e+00   3.805707e+05     26s
    9750    3.7105923e+03   0.000000e+00   7.924214e+02     30s
Concurrent spin time: 8.87s

Solved with dual simplex

Root relaxation: objective 8.317437e+03, 19844 iterations, 22.54 seconds (41.07 work units)

    Nodes    |    Current Node    |     Objective Bounds      |     Work
 Expl Unexpl |  Obj  Depth IntInf | Incumbent    BestBd   Gap | It/Node Time

     0     0 8317.43674    0  994   -0.00000 8317.43674      -     -   30s
     0     0 8027.72925    0 1473   -0.00000 8027.72925      -     -   66s
H    0     0                    7149.0000000 8027.72925  12.3%     -   67s
     0     0 7997.11131    0 1496 7149.00000 7997.11131  11.9%     -   92s
     0     0 7995.11763    0 1534 7149.00000 7995.11763  11.8%     -   93s
     0     0 7994.81190    0 1538 7149.00000 7994.81190  11.8%     -   94s
     0     0 7994.74877    0 1540 7149.00000 7994.74877  11.8%     -   94s
     0     0 7994.74158    0 1548 7149.00000 7994.74158  11.8%     -   94s
     0     0 7924.52566    0 1740 7149.00000 7924.52566  10.8%     -  109s
H    0     0                    7161.0000000 7924.52566  10.7%     -  109s
H    0     0                    7179.0000000 7924.52566  10.4%     -  110s
     0     0 7896.70699    0 1769 7179.00000 7896.70699  10.0%     -  120s
     0     0 7890.96709    0 1788 7179.00000 7890.96709  9.92%     -  125s
     0     0 7889.68994    0 1851 7179.00000 7889.68994  9.90%     -  127s
     0     0 7889.27513    0 1897 7179.00000 7889.27513  9.89%     -  129s
     0     0 7889.12352    0 1912 7179.00000 7889.12352  9.89%     -  130s
     0     0 7889.08129    0 1916 7179.00000 7889.08129  9.89%     -  131s
     0     0 7861.06975    0 1995 7179.00000 7861.06975  9.50%     -  166s
H    0     0                    7442.0000000 7861.06975  5.63%     -  167s
     0     0 7850.95226    0 2053 7442.00000 7850.95226  5.50%     -  177s
     0     0 7847.81229    0 2121 7442.00000 7847.81229  5.45%     -  184s
     0     0 7846.77384    0 2210 7442.00000 7846.77384  5.44%     -  188s
     0     0 7846.28691    0 2225 7442.00000 7846.28691  5.43%     -  190s
     0     0 7846.05872    0 2224 7442.00000 7846.05872  5.43%     -  192s
     0     0 7845.95190    0 2253 7442.00000 7845.95190  5.43%     -  194s
     0     0 7829.52140    0 2227 7442.00000 7829.52140  5.21%     -  236s
     0     0 7823.99749    0 2302 7442.00000 7823.99749  5.13%     -  247s
     0     0 7821.80588    0 2367 7442.00000 7821.80588  5.10%     -  253s
     0     0 7820.87369    0 2393 7442.00000 7820.87369  5.09%     -  257s
     0     0 7820.35387    0 2433 7442.00000 7820.35387  5.08%     -  261s
     0     0 7820.19474    0 2433 7442.00000 7820.19474  5.08%     -  263s
     0     0 7820.09941    0 2456 7442.00000 7820.09941  5.08%     -  264s
     0     0 7811.22882    0 2407 7442.00000 7811.22882  4.96%     -  283s
H    0     0                    7466.0000000 7811.22882  4.62%     -  285s
     0     0 7808.24922    0 2480 7466.00000 7808.24922  4.58%     -  294s
     0     0 7806.83910    0 2507 7466.00000 7806.83910  4.57%     -  299s
     0     0 7806.32594    0 2568 7466.00000 7806.32594  4.56%     -  303s
     0     0 7806.09918    0 2610 7466.00000 7806.09918  4.56%     -  306s
     0     0 7805.97896    0 2617 7466.00000 7805.97896  4.55%     -  307s
     0     0 7800.34410    0 2566 7466.00000 7800.34410  4.48%     -  324s
     0     0 7798.44592    0 2627 7466.00000 7798.44592  4.45%     -  332s
     0     0 7797.72746    0 2657 7466.00000 7797.72746  4.44%     -  337s
     0     0 7797.33839    0 2681 7466.00000 7797.33839  4.44%     -  341s
     0     0 7797.17378    0 2731 7466.00000 7797.17378  4.44%     -  343s
     0     0 7797.09798    0 2747 7466.00000 7797.09798  4.43%     -  345s
     0     0 7792.29581    0 2657 7466.00000 7792.29581  4.37%     -  361s
H    0     0                    7502.0000000 7792.29581  3.87%     -  363s
     0     0 7790.60134    0 2812 7502.00000 7790.60134  3.85%     -  372s
     0     0 7789.94730    0 2849 7502.00000 7789.94730  3.84%     -  377s
     0     0 7789.65721    0 2829 7502.00000 7789.65721  3.83%     -  380s
     0     0 7789.55284    0 2871 7502.00000 7789.55284  3.83%     -  382s
     0     0 7786.56671    0 2780 7502.00000 7786.56671  3.79%     -  397s
H    0     0                    7503.0000000 7786.56671  3.78%     -  397s
     0     0 7785.35027    0 2941 7503.00000 7785.35027  3.76%     -  405s
     0     0 7784.85410    0 2969 7503.00000 7784.85410  3.76%     -  410s
     0     0 7784.65001    0 3009 7503.00000 7784.65001  3.75%     -  413s
     0     0 7784.52668    0 3044 7503.00000 7784.52668  3.75%     -  415s
     0     0 7782.32116    0 2961 7503.00000 7782.32116  3.72%     -  429s
H    0     0                    7551.0000000 7782.32116  3.06%     -  487s
     0     0 7781.62329    0 3038 7551.00000 7781.62329  3.05%     -  493s
     0     0 7781.27455    0 3031 7551.00000 7781.27455  3.05%     -  497s
     0     0 7781.08898    0 3090 7551.00000 7781.08898  3.05%     -  501s
     0     0 7780.99695    0 3113 7551.00000 7780.99695  3.05%     -  503s
     0     0 7779.41272    0 2913 7551.00000 7779.41272  3.02%     -  515s
     0     0 7778.84575    0 3048 7551.00000 7778.84575  3.02%     -  522s
     0     0 7778.52288    0 3102 7551.00000 7778.52288  3.01%     -  526s
     0     0 7778.35934    0 3115 7551.00000 7778.35934  3.01%     -  529s
     0     0 7777.45566    0 3070 7551.00000 7777.45566  3.00%     -  540s
     0     0 7777.02583    0 3134 7551.00000 7777.02583  2.99%     -  546s
     0     0 7776.82675    0 3197 7551.00000 7776.82675  2.99%     -  550s
     0     0 7776.72427    0 3218 7551.00000 7776.72427  2.99%     -  552s
     0     0 7775.90100    0 3070 7551.00000 7775.90100  2.98%     -  562s
H    0     0                    7553.0000000 7775.90100  2.95%     -  563s
     0     0 7775.53215    0 3178 7553.00000 7775.53215  2.95%     -  568s
     0     0 7775.35810    0 3204 7553.00000 7775.35810  2.94%     -  571s
     0     0 7774.73682    0 3125 7553.00000 7774.73682  2.94%     -  580s
     0     0 7774.73682    0 3121 7553.00000 7774.73682  2.94%     -  582s
H    0     0                    7573.0000000 7774.73648  2.66%     -  631s
H    0     2                    7574.0000000 7774.73648  2.65%     -  634s
     0     2 7774.73648    0 3121 7574.00000 7774.73648  2.65%     -  634s
     1     4 7774.72438    1 3057 7574.00000 7774.73648  2.65%   474  636s
     3     8 7774.32911    2 3180 7574.00000 7774.72419  2.65%  2053  670s
     7    16 7773.87871    3 3356 7574.00000 7774.33744  2.65%  8028  735s
    15    24 7773.49310    4 3428 7574.00000 7773.87834  2.64%  8491  783s
    23    32 7772.94844    4 3402 7574.00000 7773.55748  2.63%  9570  892s
H   31    40                    7595.0000000 7773.49294  2.35%  9029 1053s
H   34    40                    7618.0000000 7773.49282  2.04%  8524 1053s
    39    48 7773.31356    5 3395 7618.00000 7773.31356  2.04%  7764 1087s
    47    60 7773.14746    6 3397 7618.00000 7773.31327  2.04%  7169 1128s
    59    68 7773.01156    7 3388 7618.00000 7773.31327  2.04%  6659 1177s
H   67    82                    7619.0000000 7773.31327  2.03%  6176 1206s
H   69    82                    7621.0000000 7773.31327  2.00%  6049 1206s
H   77    82                    7622.0000000 7773.31327  1.99%  5669 1206s
    81    98 7772.83638   10 3385 7622.00000 7773.31327  1.99%  5508 1244s
    97   133 7772.71908   11 3385 7622.00000 7773.31327  1.99%  5202 1312s
H  132   161                    7623.0000000 7773.31327  1.97%  4395 1374s
H  139   161                    7624.0000000 7773.31327  1.96%  4287 1374s
H  158   161                    7625.0000000 7773.31327  1.95%  4042 1374s
   160   203 7772.60402   18 3376 7625.00000 7773.31327  1.95%  4070 1463s
H  202   244                    7629.0000000 7773.31327  1.89%  3941 1545s
   243   289 7771.96078   24 3333 7629.00000 7773.31327  1.89%  3719 1626s
H  288   313                    7631.0000000 7773.31327  1.86%  3457 1707s
H  300   313                    7632.0000000 7773.31327  1.85%  3495 1707s
   312   356 7771.36166   28 3300 7632.00000 7773.31327  1.85%  3486 1792s
H  355   401                    7633.0000000 7773.31327  1.84%  3351 1886s
H  360   401                    7635.0000000 7773.31327  1.81%  3353 1886s
   400   449 7770.65429   35 3237 7635.00000 7773.31327  1.81%  3331 1973s
   448   496 7770.22528   38 3191 7635.00000 7773.31327  1.81%  3215 2068s
H  450   496                    7636.0000000 7773.31327  1.80%  3217 2068s
H  467   496                    7637.0000000 7773.31327  1.78%  3182 2068s
   495   548 7770.19554   39 3186 7637.00000 7773.31327  1.78%  3115 2165s
H  547   602                    7638.0000000 7773.31327  1.77%  3045 2268s
   601   652 7769.71925   46 3166 7638.00000 7773.31327  1.77%  3027 2381s
H  651   660                    7640.0000000 7773.31327  1.74%  3079 2653s
H  652   660                    7641.0000000 7773.31327  1.73%  3079 2653s
H  654   660                    7642.0000000 7773.31327  1.72%  3085 2653s
   659   697 7768.82400   51 3119 7642.00000 7773.31327  1.72%  3084 2760s
   696   769 7768.20358   55 3098 7642.00000 7773.31327  1.72%  3062 2884s
   768   836 7767.62006   70 3026 7642.00000 7773.31327  1.72%  2971 3011s
   835   913 7766.63197   80 2946 7642.00000 7773.31327  1.72%  2916 3128s
   912  1000 7764.37781   83 2918 7642.00000 7773.31327  1.72%  2850 3251s
   999  1092 7762.72622   87 2833 7642.00000 7773.31327  1.72%  2762 3364s
  1091  1202 7761.87608   94 2795 7642.00000 7773.31327  1.72%  2651 3483s
  1201  1334 7761.29840  102 2798 7642.00000 7773.31327  1.72%  2536 3600s

Cutting planes:
  Gomory: 18
  Lift-and-project: 5
  Cover: 152
  Implied bound: 1
  Clique: 6
  MIR: 1277
  StrongCG: 61
  GUB cover: 2383
  Zero half: 1
  RLT: 1438

Explored 1333 nodes (3493822 simplex iterations) in 3600.04 seconds (7804.68 work units)
Thread count was 8 (of 8 available processors)

Solution count 10: 7642 7641 7640 ... 7631

Time limit reached
Best objective 7.642000000000e+03, best bound 7.773000000000e+03, gap 1.7142%

Gurobi 9.5.1 (linux64) logging started Mon Mar 21 06:12:22 2022

Set parameter LogFile to value "../results/logs/log_2022_03_21_02_06.csv_46_250.log"
Gurobi Optimizer version 9.5.1 build v9.5.1rc2 (linux64)
Thread count: 8 physical cores, 8 logical processors, using up to 8 threads
Optimize a model with 27307 rows, 27306 columns and 2230540 nonzeros
Model fingerprint: 0xcf700bab
Variable types: 0 continuous, 27306 integer (27306 binary)
Coefficient statistics:
  Matrix range     [1e+00, 5e+01]
  Objective range  [1e+00, 1e+00]
  Bounds range     [1e+00, 1e+00]
  RHS range        [1e+00, 2e+02]
Found heuristic solution: objective -0.0000000
Presolve removed 10502 rows and 5490 columns (presolve time = 5s) ...
Presolve removed 10502 rows and 5490 columns
Presolve time: 7.51s
Presolved: 16805 rows, 21816 columns, 1912249 nonzeros
Variable types: 0 continuous, 21816 integer (21789 binary)

Deterministic concurrent LP optimizer: primal and dual simplex
Showing first log only...


Root simplex log...

Iteration    Objective       Primal Inf.    Dual Inf.      Time
       0   -0.0000000e+00   0.000000e+00   1.050250e+03      8s
Warning: Markowitz tolerance tightened to 0.125
    3134    6.6083081e+02   0.000000e+00   4.102782e+03     10s
    5265    1.6076742e+03   0.000000e+00   1.473520e+04     15s
    6581    2.2144286e+03   0.000000e+00   5.917678e+05     20s
    8167    2.9642261e+03   0.000000e+00   3.805707e+05     25s
    9750    3.7105923e+03   0.000000e+00   7.924214e+02     30s
Concurrent spin time: 8.87s

Solved with dual simplex

Root relaxation: objective 8.317437e+03, 19844 iterations, 22.49 seconds (41.07 work units)

    Nodes    |    Current Node    |     Objective Bounds      |     Work
 Expl Unexpl |  Obj  Depth IntInf | Incumbent    BestBd   Gap | It/Node Time

     0     0 8317.43674    0  994   -0.00000 8317.43674      -     -   30s
     0     0 8027.72925    0 1473   -0.00000 8027.72925      -     -   66s
H    0     0                    7149.0000000 8027.72925  12.3%     -   67s
     0     0 7997.11131    0 1496 7149.00000 7997.11131  11.9%     -   92s
     0     0 7995.11763    0 1534 7149.00000 7995.11763  11.8%     -   93s
     0     0 7994.81190    0 1538 7149.00000 7994.81190  11.8%     -   94s
     0     0 7994.74877    0 1540 7149.00000 7994.74877  11.8%     -   94s
     0     0 7994.74158    0 1548 7149.00000 7994.74158  11.8%     -   94s
     0     0 7924.52566    0 1740 7149.00000 7924.52566  10.8%     -  109s
H    0     0                    7161.0000000 7924.52566  10.7%     -  109s
H    0     0                    7179.0000000 7924.52566  10.4%     -  110s
     0     0 7896.70699    0 1769 7179.00000 7896.70699  10.0%     -  120s
     0     0 7890.96709    0 1788 7179.00000 7890.96709  9.92%     -  125s
     0     0 7889.68994    0 1851 7179.00000 7889.68994  9.90%     -  127s
     0     0 7889.27513    0 1897 7179.00000 7889.27513  9.89%     -  129s
     0     0 7889.12352    0 1912 7179.00000 7889.12352  9.89%     -  130s
     0     0 7889.08129    0 1916 7179.00000 7889.08129  9.89%     -  130s
     0     0 7861.06975    0 1995 7179.00000 7861.06975  9.50%     -  165s
H    0     0                    7442.0000000 7861.06975  5.63%     -  166s
     0     0 7850.95226    0 2053 7442.00000 7850.95226  5.50%     -  177s
     0     0 7847.81229    0 2121 7442.00000 7847.81229  5.45%     -  183s
     0     0 7846.77384    0 2210 7442.00000 7846.77384  5.44%     -  187s
     0     0 7846.28691    0 2225 7442.00000 7846.28691  5.43%     -  190s
     0     0 7846.05872    0 2224 7442.00000 7846.05872  5.43%     -  192s
     0     0 7845.95190    0 2253 7442.00000 7845.95190  5.43%     -  193s
     0     0 7829.52140    0 2227 7442.00000 7829.52140  5.21%     -  235s
     0     0 7823.99749    0 2302 7442.00000 7823.99749  5.13%     -  245s
     0     0 7821.80588    0 2367 7442.00000 7821.80588  5.10%     -  252s
     0     0 7820.87369    0 2393 7442.00000 7820.87369  5.09%     -  256s
     0     0 7820.35387    0 2433 7442.00000 7820.35387  5.08%     -  259s
     0     0 7820.19474    0 2433 7442.00000 7820.19474  5.08%     -  261s
     0     0 7820.09941    0 2456 7442.00000 7820.09941  5.08%     -  263s
     0     0 7811.22882    0 2407 7442.00000 7811.22882  4.96%     -  281s
H    0     0                    7466.0000000 7811.22882  4.62%     -  283s
     0     0 7808.24922    0 2480 7466.00000 7808.24922  4.58%     -  292s
     0     0 7806.83910    0 2507 7466.00000 7806.83910  4.57%     -  298s
     0     0 7806.32594    0 2568 7466.00000 7806.32594  4.56%     -  301s
     0     0 7806.09918    0 2610 7466.00000 7806.09918  4.56%     -  304s
     0     0 7805.97896    0 2617 7466.00000 7805.97896  4.55%     -  305s
     0     0 7800.34410    0 2566 7466.00000 7800.34410  4.48%     -  322s
     0     0 7798.44592    0 2627 7466.00000 7798.44592  4.45%     -  330s
     0     0 7797.72746    0 2657 7466.00000 7797.72746  4.44%     -  335s
     0     0 7797.33839    0 2681 7466.00000 7797.33839  4.44%     -  338s
     0     0 7797.17378    0 2731 7466.00000 7797.17378  4.44%     -  341s
     0     0 7797.09798    0 2747 7466.00000 7797.09798  4.43%     -  342s
     0     0 7792.29581    0 2657 7466.00000 7792.29581  4.37%     -  358s
H    0     0                    7502.0000000 7792.29581  3.87%     -  360s
     0     0 7790.60134    0 2812 7502.00000 7790.60134  3.85%     -  368s
     0     0 7789.94730    0 2849 7502.00000 7789.94730  3.84%     -  374s
     0     0 7789.65721    0 2829 7502.00000 7789.65721  3.83%     -  377s
     0     0 7789.55284    0 2871 7502.00000 7789.55284  3.83%     -  379s
     0     0 7786.56671    0 2780 7502.00000 7786.56671  3.79%     -  393s
H    0     0                    7503.0000000 7786.56671  3.78%     -  393s
     0     0 7785.35027    0 2941 7503.00000 7785.35027  3.76%     -  401s
     0     0 7784.85410    0 2969 7503.00000 7784.85410  3.76%     -  406s
     0     0 7784.65001    0 3009 7503.00000 7784.65001  3.75%     -  409s
     0     0 7784.52668    0 3044 7503.00000 7784.52668  3.75%     -  411s
     0     0 7782.32116    0 2961 7503.00000 7782.32116  3.72%     -  425s
H    0     0                    7551.0000000 7782.32116  3.06%     -  483s
     0     0 7781.62329    0 3038 7551.00000 7781.62329  3.05%     -  489s
     0     0 7781.27455    0 3031 7551.00000 7781.27455  3.05%     -  493s
     0     0 7781.08898    0 3090 7551.00000 7781.08898  3.05%     -  497s
     0     0 7780.99695    0 3113 7551.00000 7780.99695  3.05%     -  499s
     0     0 7779.41272    0 2913 7551.00000 7779.41272  3.02%     -  511s
     0     0 7778.84575    0 3048 7551.00000 7778.84575  3.02%     -  517s
     0     0 7778.52288    0 3102 7551.00000 7778.52288  3.01%     -  522s
     0     0 7778.35934    0 3115 7551.00000 7778.35934  3.01%     -  525s
     0     0 7777.45566    0 3070 7551.00000 7777.45566  3.00%     -  535s
     0     0 7777.02583    0 3134 7551.00000 7777.02583  2.99%     -  541s
     0     0 7776.82675    0 3197 7551.00000 7776.82675  2.99%     -  545s
     0     0 7776.72427    0 3218 7551.00000 7776.72427  2.99%     -  547s
     0     0 7775.90100    0 3070 7551.00000 7775.90100  2.98%     -  557s
H    0     0                    7553.0000000 7775.90100  2.95%     -  558s
     0     0 7775.53215    0 3178 7553.00000 7775.53215  2.95%     -  563s
     0     0 7775.35810    0 3204 7553.00000 7775.35810  2.94%     -  566s
     0     0 7774.73682    0 3125 7553.00000 7774.73682  2.94%     -  575s
     0     0 7774.73682    0 3121 7553.00000 7774.73682  2.94%     -  577s
H    0     0                    7573.0000000 7774.73648  2.66%     -  626s
H    0     2                    7574.0000000 7774.73648  2.65%     -  629s
     0     2 7774.73648    0 3121 7574.00000 7774.73648  2.65%     -  629s
     1     4 7774.72438    1 3057 7574.00000 7774.73648  2.65%   474  631s
     3     8 7774.32911    2 3180 7574.00000 7774.72419  2.65%  2053  665s
     7    16 7773.87871    3 3356 7574.00000 7774.33744  2.65%  8028  729s
    15    24 7773.49310    4 3428 7574.00000 7773.87834  2.64%  8491  778s
    23    32 7772.94844    4 3402 7574.00000 7773.55748  2.63%  9570  887s
H   31    40                    7595.0000000 7773.49294  2.35%  9029 1050s
H   34    40                    7618.0000000 7773.49282  2.04%  8524 1050s
    39    48 7773.31356    5 3395 7618.00000 7773.31356  2.04%  7764 1084s
    47    60 7773.14746    6 3397 7618.00000 7773.31327  2.04%  7169 1126s
    59    68 7773.01156    7 3388 7618.00000 7773.31327  2.04%  6659 1175s
H   67    82                    7619.0000000 7773.31327  2.03%  6176 1203s
H   69    82                    7621.0000000 7773.31327  2.00%  6049 1203s
H   77    82                    7622.0000000 7773.31327  1.99%  5669 1203s
    81    98 7772.83638   10 3385 7622.00000 7773.31327  1.99%  5508 1242s
    97   133 7772.71908   11 3385 7622.00000 7773.31327  1.99%  5202 1310s
H  132   161                    7623.0000000 7773.31327  1.97%  4395 1372s
H  139   161                    7624.0000000 7773.31327  1.96%  4287 1372s
H  158   161                    7625.0000000 7773.31327  1.95%  4042 1372s
   160   203 7772.60402   18 3376 7625.00000 7773.31327  1.95%  4070 1461s
H  202   244                    7629.0000000 7773.31327  1.89%  3941 1544s
   243   289 7771.96078   24 3333 7629.00000 7773.31327  1.89%  3719 1625s
H  288   313                    7631.0000000 7773.31327  1.86%  3457 1706s
H  300   313                    7632.0000000 7773.31327  1.85%  3495 1706s
   312   356 7771.36166   28 3300 7632.00000 7773.31327  1.85%  3486 1792s
H  355   401                    7633.0000000 7773.31327  1.84%  3351 1887s
H  360   401                    7635.0000000 7773.31327  1.81%  3353 1887s
   400   449 7770.65429   35 3237 7635.00000 7773.31327  1.81%  3331 1975s
   448   496 7770.22528   38 3191 7635.00000 7773.31327  1.81%  3215 2070s
H  450   496                    7636.0000000 7773.31327  1.80%  3217 2070s
H  467   496                    7637.0000000 7773.31327  1.78%  3182 2070s
   495   548 7770.19554   39 3186 7637.00000 7773.31327  1.78%  3115 2167s
H  547   602                    7638.0000000 7773.31327  1.77%  3045 2270s
   601   652 7769.71925   46 3166 7638.00000 7773.31327  1.77%  3027 2383s
H  651   660                    7640.0000000 7773.31327  1.74%  3079 2656s
H  652   660                    7641.0000000 7773.31327  1.73%  3079 2656s
H  654   660                    7642.0000000 7773.31327  1.72%  3085 2656s
   659   697 7768.82400   51 3119 7642.00000 7773.31327  1.72%  3084 2763s
   696   769 7768.20358   55 3098 7642.00000 7773.31327  1.72%  3062 2886s
   768   836 7767.62006   70 3026 7642.00000 7773.31327  1.72%  2971 3013s
   835   913 7766.63197   80 2946 7642.00000 7773.31327  1.72%  2916 3130s
   912  1000 7764.37781   83 2918 7642.00000 7773.31327  1.72%  2850 3253s
   999  1092 7762.72622   87 2833 7642.00000 7773.31327  1.72%  2762 3367s
  1091  1202 7761.87608   94 2795 7642.00000 7773.31327  1.72%  2651 3486s
  1201  1334 7761.29840  102 2798 7642.00000 7773.31327  1.72%  2536 3600s

Cutting planes:
  Gomory: 18
  Lift-and-project: 5
  Cover: 152
  Implied bound: 1
  Clique: 6
  MIR: 1277
  StrongCG: 61
  GUB cover: 2383
  Zero half: 1
  RLT: 1438

Explored 1333 nodes (3493822 simplex iterations) in 3600.03 seconds (7804.68 work units)
Thread count was 8 (of 8 available processors)

Solution count 10: 7642 7641 7640 ... 7631

Time limit reached
Best objective 7.642000000000e+03, best bound 7.773000000000e+03, gap 1.7142%

Gurobi 9.5.1 (linux64) logging started Mon Mar 21 09:17:53 2022

Set parameter LogFile to value "../results/logs/log_2022_03_21_02_06.csv_46_250.log"
Gurobi Optimizer version 9.5.1 build v9.5.1rc2 (linux64)
Thread count: 8 physical cores, 8 logical processors, using up to 8 threads
Optimize a model with 27307 rows, 27306 columns and 2230540 nonzeros
Model fingerprint: 0xcf700bab
Variable types: 0 continuous, 27306 integer (27306 binary)
Coefficient statistics:
  Matrix range     [1e+00, 5e+01]
  Objective range  [1e+00, 1e+00]
  Bounds range     [1e+00, 1e+00]
  RHS range        [1e+00, 2e+02]
Found heuristic solution: objective -0.0000000
Presolve removed 10502 rows and 5490 columns (presolve time = 5s) ...
Presolve removed 10502 rows and 5490 columns
Presolve time: 7.47s
Presolved: 16805 rows, 21816 columns, 1912249 nonzeros
Variable types: 0 continuous, 21816 integer (21789 binary)

Deterministic concurrent LP optimizer: primal and dual simplex
Showing first log only...


Root simplex log...

Iteration    Objective       Primal Inf.    Dual Inf.      Time
       0   -0.0000000e+00   0.000000e+00   1.050250e+03      8s
Warning: Markowitz tolerance tightened to 0.125
    3134    6.6083081e+02   0.000000e+00   4.102782e+03     10s
    5265    1.6076742e+03   0.000000e+00   1.473520e+04     15s
    6761    2.2707569e+03   0.000000e+00   5.534677e+04     21s
    8167    2.9642261e+03   0.000000e+00   3.805707e+05     25s
Concurrent spin time: 8.52s

Solved with dual simplex

Root relaxation: objective 8.317437e+03, 19844 iterations, 22.16 seconds (41.07 work units)

    Nodes    |    Current Node    |     Objective Bounds      |     Work
 Expl Unexpl |  Obj  Depth IntInf | Incumbent    BestBd   Gap | It/Node Time

     0     0 8317.43674    0  994   -0.00000 8317.43674      -     -   30s
     0     0 8027.72925    0 1473   -0.00000 8027.72925      -     -   66s
H    0     0                    7149.0000000 8027.72925  12.3%     -   66s
     0     0 7997.11131    0 1496 7149.00000 7997.11131  11.9%     -   91s
     0     0 7995.11763    0 1534 7149.00000 7995.11763  11.8%     -   92s
     0     0 7994.81190    0 1538 7149.00000 7994.81190  11.8%     -   93s
     0     0 7994.74877    0 1540 7149.00000 7994.74877  11.8%     -   93s
     0     0 7994.74158    0 1548 7149.00000 7994.74158  11.8%     -   93s
     0     0 7924.52566    0 1740 7149.00000 7924.52566  10.8%     -  108s
H    0     0                    7161.0000000 7924.52566  10.7%     -  108s
H    0     0                    7179.0000000 7924.52566  10.4%     -  108s
     0     0 7896.70699    0 1769 7179.00000 7896.70699  10.0%     -  119s
     0     0 7890.96709    0 1788 7179.00000 7890.96709  9.92%     -  124s
     0     0 7889.68994    0 1851 7179.00000 7889.68994  9.90%     -  126s
     0     0 7889.27513    0 1897 7179.00000 7889.27513  9.89%     -  127s
     0     0 7889.12352    0 1912 7179.00000 7889.12352  9.89%     -  128s
     0     0 7889.08129    0 1916 7179.00000 7889.08129  9.89%     -  129s
     0     0 7861.06975    0 1995 7179.00000 7861.06975  9.50%     -  163s
H    0     0                    7442.0000000 7861.06975  5.63%     -  164s
     0     0 7850.95226    0 2053 7442.00000 7850.95226  5.50%     -  175s
     0     0 7847.81229    0 2121 7442.00000 7847.81229  5.45%     -  181s
     0     0 7846.77384    0 2210 7442.00000 7846.77384  5.44%     -  185s
     0     0 7846.28691    0 2225 7442.00000 7846.28691  5.43%     -  187s
     0     0 7846.05872    0 2224 7442.00000 7846.05872  5.43%     -  189s
     0     0 7845.95190    0 2253 7442.00000 7845.95190  5.43%     -  190s
     0     0 7829.52140    0 2227 7442.00000 7829.52140  5.21%     -  232s
     0     0 7823.99749    0 2302 7442.00000 7823.99749  5.13%     -  242s
     0     0 7821.80588    0 2367 7442.00000 7821.80588  5.10%     -  248s
     0     0 7820.87369    0 2393 7442.00000 7820.87369  5.09%     -  252s
     0     0 7820.35387    0 2433 7442.00000 7820.35387  5.08%     -  256s
     0     0 7820.19474    0 2433 7442.00000 7820.19474  5.08%     -  257s
     0     0 7820.09941    0 2456 7442.00000 7820.09941  5.08%     -  259s
     0     0 7811.22882    0 2407 7442.00000 7811.22882  4.96%     -  277s
H    0     0                    7466.0000000 7811.22882  4.62%     -  279s
     0     0 7808.24922    0 2480 7466.00000 7808.24922  4.58%     -  287s
     0     0 7806.83910    0 2507 7466.00000 7806.83910  4.57%     -  293s
     0     0 7806.32594    0 2568 7466.00000 7806.32594  4.56%     -  296s
     0     0 7806.09918    0 2610 7466.00000 7806.09918  4.56%     -  299s
     0     0 7805.97896    0 2617 7466.00000 7805.97896  4.55%     -  300s
     0     0 7800.34410    0 2566 7466.00000 7800.34410  4.48%     -  316s
     0     0 7798.44592    0 2627 7466.00000 7798.44592  4.45%     -  324s
     0     0 7797.72746    0 2657 7466.00000 7797.72746  4.44%     -  329s
     0     0 7797.33839    0 2681 7466.00000 7797.33839  4.44%     -  333s
     0     0 7797.17378    0 2731 7466.00000 7797.17378  4.44%     -  335s
     0     0 7797.09798    0 2747 7466.00000 7797.09798  4.43%     -  337s
     0     0 7792.29581    0 2657 7466.00000 7792.29581  4.37%     -  352s
H    0     0                    7502.0000000 7792.29581  3.87%     -  354s
     0     0 7790.60134    0 2812 7502.00000 7790.60134  3.85%     -  362s
     0     0 7789.94730    0 2849 7502.00000 7789.94730  3.84%     -  368s
     0     0 7789.65721    0 2829 7502.00000 7789.65721  3.83%     -  371s
     0     0 7789.55284    0 2871 7502.00000 7789.55284  3.83%     -  373s
     0     0 7786.56671    0 2780 7502.00000 7786.56671  3.79%     -  386s
H    0     0                    7503.0000000 7786.56671  3.78%     -  387s
     0     0 7785.35027    0 2941 7503.00000 7785.35027  3.76%     -  394s
     0     0 7784.85410    0 2969 7503.00000 7784.85410  3.76%     -  399s
     0     0 7784.65001    0 3009 7503.00000 7784.65001  3.75%     -  402s
     0     0 7784.52668    0 3044 7503.00000 7784.52668  3.75%     -  404s
     0     0 7782.32116    0 2961 7503.00000 7782.32116  3.72%     -  417s
H    0     0                    7551.0000000 7782.32116  3.06%     -  475s
     0     0 7781.62329    0 3038 7551.00000 7781.62329  3.05%     -  481s
     0     0 7781.27455    0 3031 7551.00000 7781.27455  3.05%     -  485s
     0     0 7781.08898    0 3090 7551.00000 7781.08898  3.05%     -  488s
     0     0 7780.99695    0 3113 7551.00000 7780.99695  3.05%     -  490s
     0     0 7779.41272    0 2913 7551.00000 7779.41272  3.02%     -  503s
     0     0 7778.84575    0 3048 7551.00000 7778.84575  3.02%     -  509s
     0     0 7778.52288    0 3102 7551.00000 7778.52288  3.01%     -  513s
     0     0 7778.35934    0 3115 7551.00000 7778.35934  3.01%     -  516s
     0     0 7777.45566    0 3070 7551.00000 7777.45566  3.00%     -  527s
     0     0 7777.02583    0 3134 7551.00000 7777.02583  2.99%     -  532s
     0     0 7776.82675    0 3197 7551.00000 7776.82675  2.99%     -  536s
     0     0 7776.72427    0 3218 7551.00000 7776.72427  2.99%     -  538s
     0     0 7775.90100    0 3070 7551.00000 7775.90100  2.98%     -  548s
H    0     0                    7553.0000000 7775.90100  2.95%     -  549s
     0     0 7775.53215    0 3178 7553.00000 7775.53215  2.95%     -  553s
     0     0 7775.35810    0 3204 7553.00000 7775.35810  2.94%     -  557s
     0     0 7774.73682    0 3125 7553.00000 7774.73682  2.94%     -  565s
     0     0 7774.73682    0 3121 7553.00000 7774.73682  2.94%     -  568s
H    0     0                    7573.0000000 7774.73648  2.66%     -  616s
H    0     2                    7574.0000000 7774.73648  2.65%     -  619s
     0     2 7774.73648    0 3121 7574.00000 7774.73648  2.65%     -  619s
     1     4 7774.72438    1 3057 7574.00000 7774.73648  2.65%   474  621s
     3     8 7774.32911    2 3180 7574.00000 7774.72419  2.65%  2053  656s
     7    16 7773.87871    3 3356 7574.00000 7774.33744  2.65%  8028  720s
    15    24 7773.49310    4 3428 7574.00000 7773.87834  2.64%  8491  768s
    23    32 7772.94844    4 3402 7574.00000 7773.55748  2.63%  9570  878s
H   31    40                    7595.0000000 7773.49294  2.35%  9029 1039s
H   34    40                    7618.0000000 7773.49282  2.04%  8524 1039s
    39    48 7773.31356    5 3395 7618.00000 7773.31356  2.04%  7764 1073s
    47    60 7773.14746    6 3397 7618.00000 7773.31327  2.04%  7169 1114s
    59    68 7773.01156    7 3388 7618.00000 7773.31327  2.04%  6659 1163s
H   67    82                    7619.0000000 7773.31327  2.03%  6176 1192s
H   69    82                    7621.0000000 7773.31327  2.00%  6049 1192s
H   77    82                    7622.0000000 7773.31327  1.99%  5669 1192s
    81    98 7772.83638   10 3385 7622.00000 7773.31327  1.99%  5508 1230s
    97   133 7772.71908   11 3385 7622.00000 7773.31327  1.99%  5202 1298s
H  132   161                    7623.0000000 7773.31327  1.97%  4395 1359s
H  139   161                    7624.0000000 7773.31327  1.96%  4287 1359s
H  158   161                    7625.0000000 7773.31327  1.95%  4042 1359s
   160   203 7772.60402   18 3376 7625.00000 7773.31327  1.95%  4070 1448s
H  202   244                    7629.0000000 7773.31327  1.89%  3941 1530s
   243   289 7771.96078   24 3333 7629.00000 7773.31327  1.89%  3719 1611s
H  288   313                    7631.0000000 7773.31327  1.86%  3457 1691s
H  300   313                    7632.0000000 7773.31327  1.85%  3495 1691s
   312   356 7771.36166   28 3300 7632.00000 7773.31327  1.85%  3486 1777s
H  355   401                    7633.0000000 7773.31327  1.84%  3351 1871s
H  360   401                    7635.0000000 7773.31327  1.81%  3353 1871s
   400   449 7770.65429   35 3237 7635.00000 7773.31327  1.81%  3331 1958s
   448   496 7770.22528   38 3191 7635.00000 7773.31327  1.81%  3215 2052s
H  450   496                    7636.0000000 7773.31327  1.80%  3217 2052s
H  467   496                    7637.0000000 7773.31327  1.78%  3182 2052s
   495   548 7770.19554   39 3186 7637.00000 7773.31327  1.78%  3115 2150s
H  547   602                    7638.0000000 7773.31327  1.77%  3045 2252s
   601   652 7769.71925   46 3166 7638.00000 7773.31327  1.77%  3027 2366s
H  651   660                    7640.0000000 7773.31327  1.74%  3079 2640s
H  652   660                    7641.0000000 7773.31327  1.73%  3079 2640s
H  654   660                    7642.0000000 7773.31327  1.72%  3085 2640s
   659   697 7768.82400   51 3119 7642.00000 7773.31327  1.72%  3084 2747s
   696   769 7768.20358   55 3098 7642.00000 7773.31327  1.72%  3062 2869s
   768   836 7767.62006   70 3026 7642.00000 7773.31327  1.72%  2971 2996s
   835   913 7766.63197   80 2946 7642.00000 7773.31327  1.72%  2916 3114s
   912  1000 7764.37781   83 2918 7642.00000 7773.31327  1.72%  2850 3236s
   999  1092 7762.72622   87 2833 7642.00000 7773.31327  1.72%  2762 3349s
  1091  1202 7761.87608   94 2795 7642.00000 7773.31327  1.72%  2651 3468s
  1201  1336 7761.29840  102 2798 7642.00000 7773.31327  1.72%  2536 3589s
  1335  1359 7760.07167  110 2762 7642.00000 7773.31327  1.72%  2403 3600s

Cutting planes:
  Gomory: 18
  Lift-and-project: 5
  Cover: 152
  Implied bound: 1
  Clique: 6
  MIR: 1277
  StrongCG: 61
  GUB cover: 2383
  Zero half: 1
  RLT: 1438

Explored 1358 nodes (3517750 simplex iterations) in 3600.02 seconds (7832.26 work units)
Thread count was 8 (of 8 available processors)

Solution count 10: 7642 7641 7640 ... 7631

Time limit reached
Best objective 7.642000000000e+03, best bound 7.773000000000e+03, gap 1.7142%

Gurobi 9.5.1 (linux64) logging started Mon Mar 21 12:23:47 2022

Set parameter LogFile to value "../results/logs/log_2022_03_21_02_06.csv_46_250.log"
Gurobi Optimizer version 9.5.1 build v9.5.1rc2 (linux64)
Thread count: 8 physical cores, 8 logical processors, using up to 8 threads
Optimize a model with 27307 rows, 27306 columns and 2230540 nonzeros
Model fingerprint: 0xcf700bab
Variable types: 0 continuous, 27306 integer (27306 binary)
Coefficient statistics:
  Matrix range     [1e+00, 5e+01]
  Objective range  [1e+00, 1e+00]
  Bounds range     [1e+00, 1e+00]
  RHS range        [1e+00, 2e+02]
Found heuristic solution: objective -0.0000000
Presolve removed 10502 rows and 5490 columns (presolve time = 5s) ...
Presolve removed 10502 rows and 5490 columns
Presolve time: 6.93s
Presolved: 16805 rows, 21816 columns, 1912249 nonzeros
Variable types: 0 continuous, 21816 integer (21789 binary)

Deterministic concurrent LP optimizer: primal and dual simplex
Showing first log only...


Root simplex log...

Iteration    Objective       Primal Inf.    Dual Inf.      Time
       0   -0.0000000e+00   0.000000e+00   1.050250e+03      8s
Warning: Markowitz tolerance tightened to 0.125
    3314    7.4383070e+02   0.000000e+00   2.070573e+03     10s
    5430    1.6827225e+03   0.000000e+00   2.610784e+06     15s
    6761    2.2707569e+03   0.000000e+00   5.534677e+04     20s
    8349    3.0300278e+03   0.000000e+00   1.368471e+06     26s
Concurrent spin time: 8.67s

Solved with dual simplex

Root relaxation: objective 8.317437e+03, 19844 iterations, 22.66 seconds (41.07 work units)

    Nodes    |    Current Node    |     Objective Bounds      |     Work
 Expl Unexpl |  Obj  Depth IntInf | Incumbent    BestBd   Gap | It/Node Time

     0     0 8317.43674    0  994   -0.00000 8317.43674      -     -   30s
     0     0 8027.72925    0 1473   -0.00000 8027.72925      -     -   67s
H    0     0                    7149.0000000 8027.72925  12.3%     -   68s
     0     0 7997.11131    0 1496 7149.00000 7997.11131  11.9%     -   93s
     0     0 7995.11763    0 1534 7149.00000 7995.11763  11.8%     -   94s
     0     0 7994.81190    0 1538 7149.00000 7994.81190  11.8%     -   94s
     0     0 7994.74877    0 1540 7149.00000 7994.74877  11.8%     -   95s
     0     0 7994.74158    0 1548 7149.00000 7994.74158  11.8%     -   95s
     0     0 7924.52566    0 1740 7149.00000 7924.52566  10.8%     -  110s
H    0     0                    7161.0000000 7924.52566  10.7%     -  110s
H    0     0                    7179.0000000 7924.52566  10.4%     -  111s
     0     0 7896.70699    0 1769 7179.00000 7896.70699  10.0%     -  122s
     0     0 7890.96709    0 1788 7179.00000 7890.96709  9.92%     -  127s
     0     0 7889.68994    0 1851 7179.00000 7889.68994  9.90%     -  129s
     0     0 7889.27513    0 1897 7179.00000 7889.27513  9.89%     -  131s
     0     0 7889.12352    0 1912 7179.00000 7889.12352  9.89%     -  132s
     0     0 7889.08129    0 1916 7179.00000 7889.08129  9.89%     -  133s
     0     0 7861.06975    0 1995 7179.00000 7861.06975  9.50%     -  168s
H    0     0                    7442.0000000 7861.06975  5.63%     -  169s
     0     0 7850.95226    0 2053 7442.00000 7850.95226  5.50%     -  180s
     0     0 7847.81229    0 2121 7442.00000 7847.81229  5.45%     -  186s
     0     0 7846.77384    0 2210 7442.00000 7846.77384  5.44%     -  190s
     0     0 7846.28691    0 2225 7442.00000 7846.28691  5.43%     -  193s
     0     0 7846.05872    0 2224 7442.00000 7846.05872  5.43%     -  195s
     0     0 7845.95190    0 2253 7442.00000 7845.95190  5.43%     -  196s
     0     0 7829.52140    0 2227 7442.00000 7829.52140  5.21%     -  239s
     0     0 7823.99749    0 2302 7442.00000 7823.99749  5.13%     -  249s
     0     0 7821.80588    0 2367 7442.00000 7821.80588  5.10%     -  255s
     0     0 7820.87369    0 2393 7442.00000 7820.87369  5.09%     -  259s
     0     0 7820.35387    0 2433 7442.00000 7820.35387  5.08%     -  263s
     0     0 7820.19474    0 2433 7442.00000 7820.19474  5.08%     -  265s
     0     0 7820.09941    0 2456 7442.00000 7820.09941  5.08%     -  266s
     0     0 7811.22882    0 2407 7442.00000 7811.22882  4.96%     -  285s
H    0     0                    7466.0000000 7811.22882  4.62%     -  287s
     0     0 7808.24922    0 2480 7466.00000 7808.24922  4.58%     -  295s
     0     0 7806.83910    0 2507 7466.00000 7806.83910  4.57%     -  301s
     0     0 7806.32594    0 2568 7466.00000 7806.32594  4.56%     -  305s
     0     0 7806.09918    0 2610 7466.00000 7806.09918  4.56%     -  307s
     0     0 7805.97896    0 2617 7466.00000 7805.97896  4.55%     -  309s
     0     0 7800.34410    0 2566 7466.00000 7800.34410  4.48%     -  325s
     0     0 7798.44592    0 2627 7466.00000 7798.44592  4.45%     -  333s
     0     0 7797.72746    0 2657 7466.00000 7797.72746  4.44%     -  338s
     0     0 7797.33839    0 2681 7466.00000 7797.33839  4.44%     -  342s
     0     0 7797.17378    0 2731 7466.00000 7797.17378  4.44%     -  344s
     0     0 7797.09798    0 2747 7466.00000 7797.09798  4.43%     -  346s
     0     0 7792.29581    0 2657 7466.00000 7792.29581  4.37%     -  362s
H    0     0                    7502.0000000 7792.29581  3.87%     -  363s
     0     0 7790.60134    0 2812 7502.00000 7790.60134  3.85%     -  372s
     0     0 7789.94730    0 2849 7502.00000 7789.94730  3.84%     -  377s
     0     0 7789.65721    0 2829 7502.00000 7789.65721  3.83%     -  380s
     0     0 7789.55284    0 2871 7502.00000 7789.55284  3.83%     -  382s
     0     0 7786.56671    0 2780 7502.00000 7786.56671  3.79%     -  396s
H    0     0                    7503.0000000 7786.56671  3.78%     -  397s
     0     0 7785.35027    0 2941 7503.00000 7785.35027  3.76%     -  404s
     0     0 7784.85410    0 2969 7503.00000 7784.85410  3.76%     -  409s
     0     0 7784.65001    0 3009 7503.00000 7784.65001  3.75%     -  412s
     0     0 7784.52668    0 3044 7503.00000 7784.52668  3.75%     -  415s
     0     0 7782.32116    0 2961 7503.00000 7782.32116  3.72%     -  428s
H    0     0                    7551.0000000 7782.32116  3.06%     -  486s
     0     0 7781.62329    0 3038 7551.00000 7781.62329  3.05%     -  491s
     0     0 7781.27455    0 3031 7551.00000 7781.27455  3.05%     -  496s
     0     0 7781.08898    0 3090 7551.00000 7781.08898  3.05%     -  499s
     0     0 7780.99695    0 3113 7551.00000 7780.99695  3.05%     -  501s
     0     0 7779.41272    0 2913 7551.00000 7779.41272  3.02%     -  514s
     0     0 7778.84575    0 3048 7551.00000 7778.84575  3.02%     -  520s
     0     0 7778.52288    0 3102 7551.00000 7778.52288  3.01%     -  524s
     0     0 7778.35934    0 3115 7551.00000 7778.35934  3.01%     -  528s
     0     0 7777.45566    0 3070 7551.00000 7777.45566  3.00%     -  538s
     0     0 7777.02583    0 3134 7551.00000 7777.02583  2.99%     -  544s
     0     0 7776.82675    0 3197 7551.00000 7776.82675  2.99%     -  548s
     0     0 7776.72427    0 3218 7551.00000 7776.72427  2.99%     -  550s
     0     0 7775.90100    0 3070 7551.00000 7775.90100  2.98%     -  560s
H    0     0                    7553.0000000 7775.90100  2.95%     -  561s
     0     0 7775.53215    0 3178 7553.00000 7775.53215  2.95%     -  566s
     0     0 7775.35810    0 3204 7553.00000 7775.35810  2.94%     -  569s
     0     0 7774.73682    0 3125 7553.00000 7774.73682  2.94%     -  578s
     0     0 7774.73682    0 3121 7553.00000 7774.73682  2.94%     -  580s
H    0     0                    7573.0000000 7774.73648  2.66%     -  628s
H    0     2                    7574.0000000 7774.73648  2.65%     -  631s
     0     2 7774.73648    0 3121 7574.00000 7774.73648  2.65%     -  631s
     3     8 7774.32911    2 3180 7574.00000 7774.72419  2.65%  2053  668s
     7    16 7773.87871    3 3356 7574.00000 7774.33744  2.65%  8028  731s
    15    24 7773.49310    4 3428 7574.00000 7773.87834  2.64%  8491  780s
    23    32 7772.94844    4 3402 7574.00000 7773.55748  2.63%  9570  889s
H   31    40                    7595.0000000 7773.49294  2.35%  9029 1052s
H   34    40                    7618.0000000 7773.49282  2.04%  8524 1052s
    39    48 7773.31356    5 3395 7618.00000 7773.31356  2.04%  7764 1086s
    47    60 7773.14746    6 3397 7618.00000 7773.31327  2.04%  7169 1128s
    59    68 7773.01156    7 3388 7618.00000 7773.31327  2.04%  6659 1177s
H   67    82                    7619.0000000 7773.31327  2.03%  6176 1205s
H   69    82                    7621.0000000 7773.31327  2.00%  6049 1205s
H   77    82                    7622.0000000 7773.31327  1.99%  5669 1205s
    81    98 7772.83638   10 3385 7622.00000 7773.31327  1.99%  5508 1244s
    97   133 7772.71908   11 3385 7622.00000 7773.31327  1.99%  5202 1312s
H  132   161                    7623.0000000 7773.31327  1.97%  4395 1374s
H  139   161                    7624.0000000 7773.31327  1.96%  4287 1374s
H  158   161                    7625.0000000 7773.31327  1.95%  4042 1374s
   160   203 7772.60402   18 3376 7625.00000 7773.31327  1.95%  4070 1463s
H  202   244                    7629.0000000 7773.31327  1.89%  3941 1545s
   243   289 7771.96078   24 3333 7629.00000 7773.31327  1.89%  3719 1626s
H  288   313                    7631.0000000 7773.31327  1.86%  3457 1707s
H  300   313                    7632.0000000 7773.31327  1.85%  3495 1707s
   312   356 7771.36166   28 3300 7632.00000 7773.31327  1.85%  3486 1793s
H  355   401                    7633.0000000 7773.31327  1.84%  3351 1887s
H  360   401                    7635.0000000 7773.31327  1.81%  3353 1887s
   400   449 7770.65429   35 3237 7635.00000 7773.31327  1.81%  3331 1974s
   448   496 7770.22528   38 3191 7635.00000 7773.31327  1.81%  3215 2069s
H  450   496                    7636.0000000 7773.31327  1.80%  3217 2069s
H  467   496                    7637.0000000 7773.31327  1.78%  3182 2069s
   495   548 7770.19554   39 3186 7637.00000 7773.31327  1.78%  3115 2166s
H  547   602                    7638.0000000 7773.31327  1.77%  3045 2270s
   601   652 7769.71925   46 3166 7638.00000 7773.31327  1.77%  3027 2382s
H  651   660                    7640.0000000 7773.31327  1.74%  3079 2655s
H  652   660                    7641.0000000 7773.31327  1.73%  3079 2655s
H  654   660                    7642.0000000 7773.31327  1.72%  3085 2655s
   659   697 7768.82400   51 3119 7642.00000 7773.31327  1.72%  3084 2762s
   696   769 7768.20358   55 3098 7642.00000 7773.31327  1.72%  3062 2885s
   768   836 7767.62006   70 3026 7642.00000 7773.31327  1.72%  2971 3012s
   835   913 7766.63197   80 2946 7642.00000 7773.31327  1.72%  2916 3131s
   912  1000 7764.37781   83 2918 7642.00000 7773.31327  1.72%  2850 3255s
   999  1092 7762.72622   87 2833 7642.00000 7773.31327  1.72%  2762 3369s
  1091  1202 7761.87608   94 2795 7642.00000 7773.31327  1.72%  2651 3489s
  1201  1334 7761.29840  102 2798 7642.00000 7773.31327  1.72%  2536 3600s

Cutting planes:
  Gomory: 18
  Lift-and-project: 5
  Cover: 152
  Implied bound: 1
  Clique: 6
  MIR: 1277
  StrongCG: 61
  GUB cover: 2383
  Zero half: 1
  RLT: 1438

Explored 1333 nodes (3493822 simplex iterations) in 3600.03 seconds (7804.68 work units)
Thread count was 8 (of 8 available processors)

Solution count 10: 7642 7641 7640 ... 7631

Time limit reached
Best objective 7.642000000000e+03, best bound 7.773000000000e+03, gap 1.7142%

Gurobi 9.5.1 (linux64) logging started Mon Mar 21 15:39:08 2022

Set parameter LogFile to value "../results/logs/log_2022_03_21_02_06.csv_46_250.log"
Gurobi Optimizer version 9.5.1 build v9.5.1rc2 (linux64)
Thread count: 8 physical cores, 8 logical processors, using up to 8 threads
Optimize a model with 27307 rows, 27306 columns and 2230540 nonzeros
Model fingerprint: 0x7e557215
Variable types: 13653 continuous, 13653 integer (13653 binary)
Coefficient statistics:
  Matrix range     [1e+00, 5e+01]
  Objective range  [1e+00, 1e+00]
  Bounds range     [1e+00, 1e+00]
  RHS range        [1e+00, 2e+02]
Found heuristic solution: objective -0.0000000
Presolve removed 10502 rows and 5490 columns (presolve time = 5s) ...
Presolve removed 10502 rows and 5490 columns
Presolve time: 7.04s
Presolved: 16805 rows, 21816 columns, 1912249 nonzeros
Variable types: 13414 continuous, 8402 integer (8402 binary)

Deterministic concurrent LP optimizer: primal and dual simplex
Showing first log only...


Root simplex log...

Iteration    Objective       Primal Inf.    Dual Inf.      Time
       0   -0.0000000e+00   0.000000e+00   1.050250e+03      8s
Warning: Markowitz tolerance tightened to 0.125
    3314    7.4383070e+02   0.000000e+00   2.070573e+03     10s
    5430    1.6827225e+03   0.000000e+00   2.610784e+06     15s
    6761    2.2707569e+03   0.000000e+00   5.534677e+04     20s
    8349    3.0300278e+03   0.000000e+00   1.368471e+06     25s
Concurrent spin time: 8.42s

Solved with dual simplex

Root relaxation: objective 8.317437e+03, 19844 iterations, 22.24 seconds (41.07 work units)

    Nodes    |    Current Node    |     Objective Bounds      |     Work
 Expl Unexpl |  Obj  Depth IntInf | Incumbent    BestBd   Gap | It/Node Time

     0     0 8317.43674    0  755   -0.00000 8317.43674      -     -   29s
     0     0 8062.84668    0  937   -0.00000 8062.84668      -     -   58s
     0     0 8041.21783    0  954   -0.00000 8041.21783      -     -   67s
     0     0 8040.39785    0  944   -0.00000 8040.39785      -     -   68s
     0     0 8040.32469    0  952   -0.00000 8040.32469      -     -   68s
     0     0 8040.31100    0  957   -0.00000 8040.31100      -     -   69s
     0     0 7975.56610    0  958   -0.00000 7975.56610      -     -   80s
     0     0 7957.41925    0  994   -0.00000 7957.41925      -     -   89s
     0     0 7954.54353    0 1014   -0.00000 7954.54353      -     -   93s
     0     0 7953.92480    0 1027   -0.00000 7953.92480      -     -   95s
     0     0 7953.60847    0 1028   -0.00000 7953.60847      -     -   96s
     0     0 7953.48411    0 1028   -0.00000 7953.48411      -     -   97s
     0     0 7953.47218    0 1025   -0.00000 7953.47218      -     -   97s
     0     0 7929.68939    0 1033   -0.00000 7929.68939      -     -  118s
     0     0 7920.88579    0 1065   -0.00000 7920.88579      -     -  127s
     0     0 7918.26141    0 1091   -0.00000 7918.26141      -     -  133s
     0     0 7917.30531    0 1100   -0.00000 7917.30531      -     -  136s
     0     0 7916.93209    0 1100   -0.00000 7916.93209      -     -  139s
     0     0 7916.80431    0 1100   -0.00000 7916.80431      -     -  140s
     0     0 7916.76478    0 1113   -0.00000 7916.76478      -     -  141s
     0     0 7900.51360    0 1099   -0.00000 7900.51360      -     -  189s
     0     0 7893.92668    0 1119   -0.00000 7893.92668      -     -  199s
     0     0 7891.72996    0 1134   -0.00000 7891.72996      -     -  205s
     0     0 7890.97384    0 1153   -0.00000 7890.97384      -     -  209s
     0     0 7890.56891    0 1160   -0.00000 7890.56891      -     -  212s
     0     0 7890.36088    0 1168   -0.00000 7890.36088      -     -  214s
     0     0 7890.22749    0 1187   -0.00000 7890.22749      -     -  216s
     0     0 7890.17953    0 1180   -0.00000 7890.17953      -     -  217s
     0     0 7875.29704    0 1093   -0.00000 7875.29704      -     -  236s
     0     0 7870.14327    0 1140   -0.00000 7870.14327      -     -  247s
     0     0 7868.35197    0 1141   -0.00000 7868.35197      -     -  253s
     0     0 7867.53596    0 1160   -0.00000 7867.53596      -     -  258s
     0     0 7867.05228    0 1185   -0.00000 7867.05228      -     -  261s
     0     0 7866.82196    0 1185   -0.00000 7866.82196      -     -  263s
     0     0 7866.74110    0 1198   -0.00000 7866.74110      -     -  265s
     0     0 7856.11624    0 1140   -0.00000 7856.11624      -     -  284s
     0     0 7851.71686    0 1142   -0.00000 7851.71686      -     -  309s
     0     0 7849.46705    0 1182   -0.00000 7849.46705      -     -  318s
     0     0 7848.63465    0 1221   -0.00000 7848.63465      -     -  324s
     0     0 7848.18923    0 1226   -0.00000 7848.18923      -     -  328s
     0     0 7848.03403    0 1227   -0.00000 7848.03403      -     -  331s
     0     0 7847.96160    0 1257   -0.00000 7847.96160      -     -  333s
     0     0 7839.33624    0 1188   -0.00000 7839.33624      -     -  356s
     0     0 7835.43260    0 1232   -0.00000 7835.43260      -     -  399s
     0     0 7833.99708    0 1237   -0.00000 7833.99708      -     -  408s
     0     0 7833.24342    0 1262   -0.00000 7833.24342      -     -  413s
     0     0 7832.90523    0 1294   -0.00000 7832.90523      -     -  418s
     0     0 7832.72715    0 1289   -0.00000 7832.72715      -     -  421s
     0     0 7832.61769    0 1290   -0.00000 7832.61769      -     -  423s
     0     0 7824.42025    0 1165   -0.00000 7824.42025      -     -  449s
     0     0 7821.57045    0 1213   -0.00000 7821.57045      -     -  461s
     0     0 7820.39344    0 1253   -0.00000 7820.39344      -     -  470s
     0     0 7819.79429    0 1270   -0.00000 7819.79429      -     -  476s
     0     0 7819.48331    0 1296   -0.00000 7819.48331      -     -  481s
     0     0 7819.34127    0 1318   -0.00000 7819.34127      -     -  484s
     0     0 7819.25722    0 1334   -0.00000 7819.25722      -     -  487s
     0     0 7813.96784    0 1243   -0.00000 7813.96784      -     -  513s
     0     0 7811.79794    0 1258   -0.00000 7811.79794      -     -  539s
     0     0 7810.71005    0 1284   -0.00000 7810.71005      -     -  549s
     0     0 7810.16554    0 1306   -0.00000 7810.16554      -     -  557s
     0     0 7809.84479    0 1305   -0.00000 7809.84479      -     -  563s
     0     0 7809.65441    0 1323   -0.00000 7809.65441      -     -  568s
     0     0 7809.54652    0 1317   -0.00000 7809.54652      -     -  571s
     0     0 7805.47223    0 1274   -0.00000 7805.47223      -     -  595s
     0     0 7803.59634    0 1307   -0.00000 7803.59634      -     -  622s
     0     0 7802.71325    0 1343   -0.00000 7802.71325      -     -  633s
     0     0 7802.14989    0 1378   -0.00000 7802.14989      -     -  641s
     0     0 7801.84241    0 1391   -0.00000 7801.84241      -     -  648s
     0     0 7801.68353    0 1398   -0.00000 7801.68353      -     -  653s
     0     0 7801.56320    0 1420   -0.00000 7801.56320      -     -  657s
     0     0 7798.28881    0 1335   -0.00000 7798.28881      -     -  687s
     0     0 7796.85309    0 1374   -0.00000 7796.85309      -     -  713s
     0     0 7796.24615    0 1412   -0.00000 7796.24615      -     -  723s
     0     0 7795.91198    0 1418   -0.00000 7795.91198      -     -  731s
     0     0 7795.70437    0 1458   -0.00000 7795.70437      -     -  737s
     0     0 7795.53528    0 1461   -0.00000 7795.53528      -     -  743s
     0     0 7795.46177    0 1490   -0.00000 7795.46177      -     -  747s
     0     0 7793.11546    0 1396   -0.00000 7793.11546      -     -  776s
     0     0 7792.10621    0 1397   -0.00000 7792.10621      -     -  820s
     0     0 7791.49087    0 1404   -0.00000 7791.49087      -     -  831s
     0     0 7791.16617    0 1442   -0.00000 7791.16617      -     -  839s
     0     0 7790.99259    0 1471   -0.00000 7790.99259      -     -  845s
     0     0 7790.90185    0 1496   -0.00000 7790.90185      -     -  850s
     0     0 7788.98504    0 1411   -0.00000 7788.98504      -     -  881s
     0     0 7788.31382    0 1444   -0.00000 7788.31382      -     -  929s
     0     0 7787.81779    0 1477   -0.00000 7787.81779      -     -  941s
     0     0 7787.52928    0 1520   -0.00000 7787.52928      -     -  950s
     0     0 7787.34641    0 1509   -0.00000 7787.34641      -     -  957s
     0     0 7787.26155    0 1515   -0.00000 7787.26155      -     -  963s
     0     0 7785.66457    0 1428   -0.00000 7785.66457      -     -  994s
H    0     0                       2.0000000 7785.66457      -     -  994s
     0     0 7785.05777    0 1525    2.00000 7785.05777      -     - 1010s
     0     0 7784.68996    0 1524    2.00000 7784.68996      -     - 1022s
     0     0 7784.43440    0 1549    2.00000 7784.43440      -     - 1033s
     0     0 7784.24562    0 1583    2.00000 7784.24562      -     - 1042s
     0     0 7784.13040    0 1600    2.00000 7784.13040      -     - 1048s
     0     0 7782.67227    0 1479    2.00000 7782.67227      -     - 1080s
     0     0 7782.00291    0 1526    2.00000 7782.00291      -     - 1129s
     0     0 7781.62870    0 1575    2.00000 7781.62870      -     - 1142s
     0     0 7781.45807    0 1576    2.00000 7781.45807      -     - 1150s
     0     0 7781.34810    0 1599    2.00000 7781.34810      -     - 1157s
     0     0 7780.06104    0 1519    2.00000 7780.06104      -     - 1190s
H    0     0                      10.0000000 7780.06104      -     - 1190s
     0     0 7779.55495    0 1559   10.00000 7779.55495      -     - 1207s
     0     0 7779.29951    0 1581   10.00000 7779.29951      -     - 1220s
     0     0 7779.17706    0 1581   10.00000 7779.17706      -     - 1228s
     0     0 7778.19376    0 1540   10.00000 7778.19376      -     - 1256s
     0     0 7777.77497    0 1543   10.00000 7777.77497      -     - 1304s
     0     0 7777.57321    0 1598   10.00000 7777.57321      -     - 1315s
     0     0 7777.45644    0 1587   10.00000 7777.45644      -     - 1323s
     0     0 7776.70005    0 1516   10.00000 7776.70005      -     - 1349s
H    0     0                      21.0000000 7776.70005      -     - 1378s
     0     0 7776.42623    0 1573   21.00000 7776.42623      -     - 1392s
     0     0 7776.28641    0 1594   21.00000 7776.28641      -     - 1401s
     0     0 7775.66481    0 1574   21.00000 7775.66481      -     - 1427s
     0     0 7775.66481    0 1574   21.00000 7775.66481      -     - 1429s
     0     2 7775.66480    0 1574   21.00000 7775.66480      -     - 1500s
     1     4 7775.59195    1 1511   21.00000 7775.66479      -  2728 1563s
     3     8 7775.15893    2 1572   21.00000 7775.59187      - 10306 1717s
     7    16 7774.43699    3 1666   21.00000 7775.15872      - 16881 2480s
    15    24 7773.89495    4 1745   21.00000 7774.43689      - 31487 2657s
    23    32 7767.90710    4 1725   21.00000 7773.89489      - 30194 3013s
    31    40 7772.81199    5 1722   21.00000 7773.89472      - 28357 3208s
H   32    40                      30.0000000 7773.89472      - 27470 3208s
    39    48 7773.73007    5 1717   30.00000 7773.73007      - 24752 3421s
    47    56 7773.35305    6 1701   30.00000 7773.73002      - 23717 3600s

Cutting planes:
  Gomory: 49
  Lift-and-project: 1
  MIR: 4211
  RLT: 1481

Explored 55 nodes (1664465 simplex iterations) in 3600.04 seconds (7112.43 work units)
Thread count was 8 (of 8 available processors)

Solution count 5: 30 21 10 ... -0

Time limit reached
Best objective 3.000000000000e+01, best bound 7.773000000000e+03, gap 25810.0000%

Gurobi 9.5.1 (linux64) logging started Mon Mar 21 18:48:16 2022

Set parameter LogFile to value "../results/logs/log_2022_03_21_02_06.csv_46_250.log"
Gurobi Optimizer version 9.5.1 build v9.5.1rc2 (linux64)
Thread count: 8 physical cores, 8 logical processors, using up to 8 threads
Optimize a model with 31585 rows, 27306 columns and 2243374 nonzeros
Model fingerprint: 0x03182c64
Variable types: 0 continuous, 27306 integer (27306 binary)
Coefficient statistics:
  Matrix range     [1e+00, 5e+01]
  Objective range  [1e+00, 1e+00]
  Bounds range     [1e+00, 1e+00]
  RHS range        [1e+00, 2e+02]
Found heuristic solution: objective -0.0000000
Presolve removed 10503 rows and 5488 columns (presolve time = 5s) ...
Presolve removed 10503 rows and 5488 columns
Presolve time: 7.33s
Presolved: 21082 rows, 21818 columns, 1924052 nonzeros
Extracted 4277 lazy constraints
Variable types: 0 continuous, 21818 integer (21793 binary)

Deterministic concurrent LP optimizer: primal and dual simplex
Showing first log only...


Root simplex log...

Iteration    Objective       Primal Inf.    Dual Inf.      Time
       0   -0.0000000e+00   0.000000e+00   1.050250e+03      8s
    3240    6.8728918e+02   0.000000e+00   5.920316e+04     10s
Warning: Markowitz tolerance tightened to 0.5
    4804    1.3268707e+03   0.000000e+00   2.037545e+05     15s
    5857    1.7209377e+03   0.000000e+00   3.042652e+05     20s
    6992    2.2338359e+03   0.000000e+00   8.838196e+05     25s
Concurrent spin time: 8.49s

Solved with dual simplex

Root relaxation: objective 8.321849e+03, 19306 iterations, 22.86 seconds (42.34 work units)

    Nodes    |    Current Node    |     Objective Bounds      |     Work
 Expl Unexpl |  Obj  Depth IntInf | Incumbent    BestBd   Gap | It/Node Time

     0     0 8321.84931    0  981   -0.00000 8321.84931      -     -   30s
     0     0 8013.34525    0 1336   -0.00000 8013.34525      -     -   70s
H    0     0                    7102.0000000 8013.34525  12.8%     -   71s
     0     0 7986.40550    0 1365 7102.00000 7986.40550  12.5%     -   74s
     0     0 7985.39370    0 1380 7102.00000 7985.39370  12.4%     -   77s
     0     0 7985.29733    0 1387 7102.00000 7985.29733  12.4%     -   77s
     0     0 7985.26258    0 1390 7102.00000 7985.26258  12.4%     -   77s
     0     0 7915.11879    0 1679 7102.00000 7915.11879  11.4%     -  101s
H    0     0                    7114.0000000 7915.11879  11.3%     -  101s
     0     0 7889.76394    0 1747 7114.00000 7889.76394  10.9%     -  111s
     0     0 7886.41776    0 1815 7114.00000 7886.41776  10.9%     -  114s
     0     0 7885.47780    0 1849 7114.00000 7885.47780  10.8%     -  116s
     0     0 7885.31340    0 1851 7114.00000 7885.31340  10.8%     -  117s
     0     0 7885.26424    0 1870 7114.00000 7885.26424  10.8%     -  118s
     0     0 7857.27727    0 1978 7114.00000 7857.27727  10.4%     -  149s
     0     0 7847.36889    0 2050 7114.00000 7847.36889  10.3%     -  162s
     0     0 7844.43716    0 2089 7114.00000 7844.43716  10.3%     -  168s
     0     0 7843.13617    0 2133 7114.00000 7843.13617  10.2%     -  172s
     0     0 7842.79317    0 2180 7114.00000 7842.79317  10.2%     -  174s
     0     0 7842.64698    0 2210 7114.00000 7842.64698  10.2%     -  176s
     0     0 7842.59023    0 2239 7114.00000 7842.59023  10.2%     -  177s
     0     0 7825.59032    0 2170 7114.00000 7825.59032  10.0%     -  219s
H    0     0                    7123.0000000 7825.59032  9.86%     -  219s
     0     0 7820.22382    0 2255 7123.00000 7820.22382  9.79%     -  230s
     0     0 7818.08705    0 2325 7123.00000 7818.08705  9.76%     -  236s
     0     0 7817.17450    0 2362 7123.00000 7817.17450  9.75%     -  241s
     0     0 7816.74927    0 2432 7123.00000 7816.74927  9.74%     -  244s
     0     0 7816.57870    0 2465 7123.00000 7816.57870  9.74%     -  246s
     0     0 7816.52775    0 2477 7123.00000 7816.52775  9.74%     -  247s
     0     0 7807.77049    0 2383 7123.00000 7807.77049  9.61%     -  265s
     0     0 7805.08728    0 2423 7123.00000 7805.08728  9.58%     -  274s
     0     0 7803.94084    0 2497 7123.00000 7803.94084  9.56%     -  280s
     0     0 7803.35353    0 2533 7123.00000 7803.35353  9.55%     -  284s
     0     0 7803.08836    0 2603 7123.00000 7803.08836  9.55%     -  286s
     0     0 7802.95525    0 2657 7123.00000 7802.95525  9.55%     -  288s
     0     0 7796.81175    0 2542 7123.00000 7796.81175  9.46%     -  306s
H    0     0                    7139.0000000 7796.81175  9.21%     -  307s
     0     0 7794.75457    0 2585 7139.00000 7794.75457  9.19%     -  314s
     0     0 7793.91619    0 2675 7139.00000 7793.91619  9.17%     -  320s
     0     0 7793.60569    0 2699 7139.00000 7793.60569  9.17%     -  323s
     0     0 7793.41644    0 2732 7139.00000 7793.41644  9.17%     -  326s
     0     0 7793.35655    0 2761 7139.00000 7793.35655  9.17%     -  327s
     0     0 7789.24697    0 2663 7139.00000 7789.24697  9.11%     -  342s
     0     0 7788.04273    0 2744 7139.00000 7788.04273  9.09%     -  350s
     0     0 7787.49255    0 2796 7139.00000 7787.49255  9.08%     -  355s
     0     0 7787.22833    0 2816 7139.00000 7787.22833  9.08%     -  358s
     0     0 7787.09473    0 2822 7139.00000 7787.09473  9.08%     -  360s
     0     0 7784.56113    0 2775 7139.00000 7784.56113  9.04%     -  374s
H    0     0                    7153.0000000 7784.56113  8.83%     -  374s
     0     0 7783.54352    0 2838 7153.00000 7783.54352  8.82%     -  380s
     0     0 7783.12925    0 2886 7153.00000 7783.12925  8.81%     -  385s
     0     0 7782.94917    0 2914 7153.00000 7782.94917  8.81%     -  388s
     0     0 7781.09732    0 2816 7153.00000 7781.09732  8.78%     -  400s
H    0     0                    7497.0000000 7781.09732  3.79%     -  404s
     0     0 7780.49066    0 2915 7497.00000 7780.49066  3.78%     -  410s
     0     0 7780.23724    0 3016 7497.00000 7780.23724  3.78%     -  413s
     0     0 7780.09836    0 3032 7497.00000 7780.09836  3.78%     -  416s
     0     0 7778.44275    0 2930 7497.00000 7778.44275  3.75%     -  427s
H    0     0                    7500.0000000 7778.44275  3.71%     -  428s
     0     0 7777.90291    0 2996 7500.00000 7777.90291  3.71%     -  434s
     0     0 7777.68922    0 2989 7500.00000 7777.68922  3.70%     -  437s
     0     0 7777.53458    0 3045 7500.00000 7777.53458  3.70%     -  440s
     0     0 7776.74952    0 3001 7500.00000 7776.74952  3.69%     -  449s
H    0     0                    7531.0000000 7776.74952  3.26%     -  450s
     0     0 7776.30043    0 3034 7531.00000 7776.30043  3.26%     -  455s
     0     0 7776.11811    0 3080 7531.00000 7776.11811  3.25%     -  459s
     0     0 7775.38852    0 2992 7531.00000 7775.38852  3.25%     -  468s
     0     0 7775.38852    0 2988 7531.00000 7775.38852  3.25%     -  470s
H    0     0                    7533.0000000 7775.38701  3.22%     -  512s
     0     2 7775.38701    0 2987 7533.00000 7775.38701  3.22%     -  514s
     1     4 7775.34680    1 2961 7533.00000 7775.38701  3.22%   751  516s
     3     8 7774.89502    2 3067 7533.00000 7775.34672  3.22%  2647  545s
     7    16 7774.33457    3 3199 7533.00000 7774.89496  3.21%  5727  631s
    15    24 7773.59203    4 3337 7533.00000 7774.33448  3.20%  9715  685s
    23    32 7773.92601    4 3310 7533.00000 7774.01617  3.20% 10728  895s
H   31    40                    7545.0000000 7773.92569  3.03% 10465  929s
H   32    40                    7546.0000000 7773.92528  3.02% 10246  929s
    39    48 7773.67610    5 3321 7546.00000 7773.79787  3.02%  9012  961s
    47    56 7773.72847    6 3278 7546.00000 7773.79777  3.02%  8030  982s
    55    65 7773.40038    7 3253 7546.00000 7773.79777  3.02%  7455 1040s
H   64    75                    7548.0000000 7773.79777  2.99%  6968 1082s
H   65    75                    7553.0000000 7773.79777  2.92%  6897 1082s
H   72    75                    7555.0000000 7773.79777  2.90%  6702 1082s
    74    87 7773.44543    8 3282 7555.00000 7773.79777  2.90%  6764 1135s
    86    98 7773.45573    9 3242 7555.00000 7773.79777  2.90%  6176 1162s
    97   112 7773.57482    9 3295 7555.00000 7773.79777  2.90%  5728 1209s
H  110   112                    7562.0000000 7773.79777  2.80%  5324 1209s
   111   126 7773.37908   11 3275 7562.00000 7773.79777  2.80%  5324 1254s
   125   144 7773.39408   11 3245 7562.00000 7773.79777  2.80%  5189 1297s
H  143   161                    7566.0000000 7773.79777  2.75%  4759 1329s
H  147   161                    7571.0000000 7773.79777  2.68%  4672 1329s
   160   173 7773.16372   14 3251 7571.00000 7773.79777  2.68%  4461 1361s
   172   188 7773.04070   15 3203 7571.00000 7773.79777  2.68%  4349 1409s
   187   196 7773.25194   15 3261 7571.00000 7773.79777  2.68%  4217 1454s
   195   220 7772.98765   16 3206 7571.00000 7773.79777  2.68%  4119 1519s
   219   251 7772.29364   17 3195 7571.00000 7773.79777  2.68%  4016 1593s
H  230   251                    7577.0000000 7773.79777  2.60%  3969 1593s
   250   281 7772.31458   18 3166 7577.00000 7773.79777  2.60%  3928 1667s
   280   310 7772.34617   20 3159 7577.00000 7773.79777  2.60%  3763 1741s
   309   342 7772.20690   24 3158 7577.00000 7773.79777  2.60%  3653 1816s
H  341   378                    7578.0000000 7773.79777  2.58%  3616 1931s
H  343   378                    7579.0000000 7773.79777  2.57%  3630 1931s
   377   404 7771.85681   27 3146 7579.00000 7773.79777  2.57%  3516 2013s
H  403   420                    7582.0000000 7773.79777  2.53%  3461 2169s
H  409   420                    7583.0000000 7773.79777  2.52%  3467 2169s
H  415   420                    7584.0000000 7773.79777  2.50%  3481 2169s
   419   470 7771.56947   31 3102 7584.00000 7773.79777  2.50%  3462 2259s
H  469   514                    7586.0000000 7773.79777  2.48%  3295 2355s
H  474   514                    7587.0000000 7773.79777  2.46%  3287 2355s
   513   557 7768.96606   41 2953 7587.00000 7773.79777  2.46%  3220 2459s
H  556   601                    7588.0000000 7773.79777  2.45%  3152 2549s
H  593   601                    7589.0000000 7773.79777  2.44%  3102 2549s
   600   647 7769.77581   47 2998 7589.00000 7773.79777  2.44%  3100 2641s
H  646   703                    7590.0000000 7773.79777  2.42%  3050 2763s
   702   755 7766.73019   55 2912 7590.00000 7773.79777  2.42%  2982 2858s
H  726   755                    7591.0000000 7773.79777  2.41%  3003 2858s
   754   822 7765.66264   58 2879 7591.00000 7773.79777  2.41%  2920 2953s
H  793   822                    7593.0000000 7773.79777  2.38%  2902 2953s
   821   889 7764.60658   64 2815 7593.00000 7773.79777  2.38%  2819 3051s
H  857   889                    7595.0000000 7773.79777  2.35%  2814 3051s
   888   960 7763.26368   66 2746 7595.00000 7773.79777  2.35%  2734 3149s
H  940   960                    7598.0000000 7773.79777  2.31%  2702 3149s
   959  1030 7757.18146   70 2716 7598.00000 7773.79777  2.31%  2663 3253s
H  995  1030                    7599.0000000 7773.79777  2.30%  2664 3253s
  1029  1109 7763.18413   72 2755 7599.00000 7773.79777  2.30%  2591 3359s
H 1041  1109                    7602.0000000 7773.79777  2.26%  2589 3359s
  1108  1180 7762.19967   77 2694 7602.00000 7773.79777  2.26%  2511 3473s
H 1135  1180                    7603.0000000 7773.79777  2.25%  2513 3473s
H 1147  1180                    7604.0000000 7773.79777  2.23%  2517 3473s
  1187  1215 7759.73902   82 2617 7604.00000 7773.79777  2.23%  2472 3600s
H 1221  1215                    7608.0000000 7773.79777  2.18%  2501 3600s

Cutting planes:
  Gomory: 15
  Lift-and-project: 9
  Cover: 168
  MIR: 1251
  StrongCG: 76
  GUB cover: 2146
  Zero half: 1
  Mod-K: 1
  RLT: 1532
  Lazy constraints: 744

Explored 1222 nodes (3315445 simplex iterations) in 3600.03 seconds (6713.60 work units)
Thread count was 8 (of 8 available processors)

Solution count 10: 7608 7604 7603 ... 7590

Time limit reached
Best objective 7.608000000000e+03, best bound 7.773000000000e+03, gap 2.1688%

Gurobi 9.5.1 (linux64) logging started Mon Mar 21 21:53:02 2022

Set parameter LogFile to value "../results/logs/log_2022_03_21_02_06.csv_46_250.log"
Gurobi Optimizer version 9.5.1 build v9.5.1rc2 (linux64)
Thread count: 8 physical cores, 8 logical processors, using up to 8 threads
Optimize a model with 27307 rows, 27306 columns and 2230540 nonzeros
Model fingerprint: 0x21f2e6bd
Variable types: 0 continuous, 27306 integer (27306 binary)
Coefficient statistics:
  Matrix range     [1e+00, 5e+01]
  Objective range  [1e+00, 1e+00]
  Bounds range     [1e+00, 1e+00]
  RHS range        [1e+00, 2e+02]
Found heuristic solution: objective -0.0000000
Presolve removed 10502 rows and 5490 columns (presolve time = 5s) ...
Presolve removed 10502 rows and 5490 columns
Presolve time: 7.40s
Presolved: 16805 rows, 21816 columns, 1912249 nonzeros
Variable types: 0 continuous, 21816 integer (21789 binary)

Deterministic concurrent LP optimizer: primal and dual simplex
Showing first log only...


Root simplex log...

Iteration    Objective       Primal Inf.    Dual Inf.      Time
       0   -0.0000000e+00   0.000000e+00   1.050250e+03      8s
Warning: Markowitz tolerance tightened to 0.125
    3314    7.4383070e+02   0.000000e+00   2.070573e+03     10s
    5430    1.6827225e+03   0.000000e+00   2.610784e+06     16s
    6761    2.2707569e+03   0.000000e+00   5.534677e+04     20s
    8349    3.0300278e+03   0.000000e+00   1.368471e+06     25s
Concurrent spin time: 7.76s

Solved with dual simplex

Root relaxation: objective 8.317437e+03, 18865 iterations, 21.06 seconds (39.38 work units)

    Nodes    |    Current Node    |     Objective Bounds      |     Work
 Expl Unexpl |  Obj  Depth IntInf | Incumbent    BestBd   Gap | It/Node Time

     0     0 8317.43674    0  994   -0.00000 8317.43674      -     -   29s
     0     0 8028.09354    0 1468   -0.00000 8028.09354      -     -   66s
H    0     0                    7150.0000000 8028.09354  12.3%     -   67s
     0     0 7997.71537    0 1509 7150.00000 7997.71537  11.9%     -   71s
     0     0 7995.90879    0 1524 7150.00000 7995.90879  11.8%     -   72s
     0     0 7995.69700    0 1538 7150.00000 7995.69700  11.8%     -   72s
     0     0 7995.63628    0 1543 7150.00000 7995.63628  11.8%     -   73s
     0     0 7995.62011    0 1551 7150.00000 7995.62011  11.8%     -   73s
     0     0 7917.44347    0 1716 7150.00000 7917.44347  10.7%     -   89s
H    0     0                    7162.0000000 7917.44347  10.5%     -   90s
H    0     0                    7185.0000000 7917.44347  10.2%     -   90s
     0     0 7895.60387    0 1783 7185.00000 7895.60387  9.89%     -   98s
     0     0 7890.81210    0 1842 7185.00000 7890.81210  9.82%     -  102s
     0     0 7889.62567    0 1907 7185.00000 7889.62567  9.81%     -  105s
     0     0 7889.19777    0 1911 7185.00000 7889.19777  9.80%     -  106s
     0     0 7889.01701    0 1926 7185.00000 7889.01701  9.80%     -  107s
     0     0 7888.97668    0 1939 7185.00000 7888.97668  9.80%     -  108s
     0     0 7862.88619    0 2015 7185.00000 7862.88619  9.43%     -  138s
H    0     0                    7428.0000000 7862.88619  5.85%     -  139s
     0     0 7853.53037    0 2113 7428.00000 7853.53037  5.73%     -  150s
     0     0 7850.49398    0 2155 7428.00000 7850.49398  5.69%     -  156s
     0     0 7849.69655    0 2171 7428.00000 7849.69655  5.68%     -  159s
     0     0 7849.41444    0 2213 7428.00000 7849.41444  5.67%     -  161s
     0     0 7849.30914    0 2243 7428.00000 7849.30914  5.67%     -  162s
     0     0 7832.24102    0 2222 7428.00000 7832.24102  5.44%     -  199s
H    0     0                    7429.0000000 7832.24102  5.43%     -  200s
     0     0 7825.96423    0 2299 7429.00000 7825.96423  5.34%     -  210s
     0     0 7823.88339    0 2302 7429.00000 7823.88339  5.32%     -  216s
     0     0 7822.78476    0 2427 7429.00000 7822.78476  5.30%     -  221s
     0     0 7822.27128    0 2459 7429.00000 7822.27128  5.29%     -  224s
     0     0 7822.08181    0 2490 7429.00000 7822.08181  5.29%     -  226s
     0     0 7821.98734    0 2506 7429.00000 7821.98734  5.29%     -  227s
     0     0 7812.48095    0 2419 7429.00000 7812.48095  5.16%     -  247s
H    0     0                    7475.0000000 7812.48095  4.51%     -  249s
     0     0 7809.84145    0 2480 7475.00000 7809.84145  4.48%     -  258s
     0     0 7808.42345    0 2548 7475.00000 7808.42345  4.46%     -  264s
     0     0 7807.87492    0 2590 7475.00000 7807.87492  4.45%     -  268s
     0     0 7807.62094    0 2616 7475.00000 7807.62094  4.45%     -  271s
     0     0 7807.50280    0 2640 7475.00000 7807.50280  4.45%     -  273s
     0     0 7801.17583    0 2532 7475.00000 7801.17583  4.36%     -  290s
     0     0 7798.74978    0 2637 7475.00000 7798.74978  4.33%     -  299s
     0     0 7797.91533    0 2657 7475.00000 7797.91533  4.32%     -  304s
     0     0 7797.55666    0 2731 7475.00000 7797.55666  4.32%     -  308s
     0     0 7797.38693    0 2733 7475.00000 7797.38693  4.31%     -  310s
     0     0 7797.28062    0 2730 7475.00000 7797.28062  4.31%     -  312s
     0     0 7792.49712    0 2692 7475.00000 7792.49712  4.25%     -  328s
H    0     0                    7483.0000000 7792.49712  4.14%     -  329s
     0     0 7790.80699    0 2814 7483.00000 7790.80699  4.11%     -  338s
     0     0 7790.21027    0 2878 7483.00000 7790.21027  4.11%     -  343s
     0     0 7789.94389    0 2912 7483.00000 7789.94389  4.10%     -  347s
     0     0 7789.80856    0 2951 7483.00000 7789.80856  4.10%     -  349s
     0     0 7786.84384    0 2799 7483.00000 7786.84384  4.06%     -  363s
     0     0 7785.82593    0 2896 7483.00000 7785.82593  4.05%     -  371s
     0     0 7785.36189    0 2953 7483.00000 7785.36189  4.04%     -  376s
     0     0 7785.13083    0 2993 7483.00000 7785.13083  4.04%     -  379s
     0     0 7784.98584    0 3008 7483.00000 7784.98584  4.04%     -  381s
     0     0 7782.87397    0 2813 7483.00000 7782.87397  4.01%     -  394s
H    0     0                    7508.0000000 7782.87397  3.66%     -  432s
     0     0 7781.98431    0 2963 7508.00000 7781.98431  3.65%     -  439s
     0     0 7781.55984    0 3008 7508.00000 7781.55984  3.64%     -  443s
     0     0 7781.37740    0 3042 7508.00000 7781.37740  3.64%     -  447s
     0     0 7781.28896    0 3090 7508.00000 7781.28896  3.64%     -  449s
     0     0 7779.54045    0 2914 7508.00000 7779.54045  3.62%     -  461s
H    0     0                    7509.0000000 7779.54045  3.60%     -  461s
     0     0 7778.86424    0 3057 7509.00000 7778.86424  3.59%     -  467s
     0     0 7778.61685    0 3086 7509.00000 7778.61685  3.59%     -  471s
     0     0 7778.48607    0 3134 7509.00000 7778.48607  3.59%     -  474s
     0     0 7777.45917    0 3053 7509.00000 7777.45917  3.58%     -  483s
H    0     0                    7525.0000000 7777.45917  3.35%     -  485s
     0     0 7777.04421    0 3160 7525.00000 7777.04421  3.35%     -  490s
     0     0 7776.78373    0 3186 7525.00000 7776.78373  3.35%     -  495s
     0     0 7776.67324    0 3241 7525.00000 7776.67324  3.34%     -  498s
     0     0 7775.88610    0 3071 7525.00000 7775.88610  3.33%     -  507s
H    0     0                    7526.0000000 7775.88610  3.32%     -  507s
     0     0 7775.39202    0 3190 7526.00000 7775.39202  3.31%     -  513s
     0     0 7775.20398    0 3231 7526.00000 7775.20398  3.31%     -  516s
     0     0 7775.09497    0 3275 7526.00000 7775.09497  3.31%     -  519s
     0     0 7774.44302    0 3220 7526.00000 7774.44302  3.30%     -  528s
     0     0 7774.44302    0 3212 7526.00000 7774.44302  3.30%     -  531s
H    0     0                    7543.0000000 7774.44229  3.07%     -  574s
H    0     0                    7557.0000000 7774.44229  2.88%     -  577s
H    0     2                    7567.0000000 7774.44229  2.74%     -  580s
     0     2 7774.44229    0 3210 7567.00000 7774.44229  2.74%     -  580s
     3     8 7774.15567    2 3264 7567.00000 7774.42476  2.74%  2173  628s
     7    16 7773.71714    3 3384 7567.00000 7774.15545  2.74%  7718  778s
    15    24 7773.24395    4 3463 7567.00000 7773.71681  2.73% 11978  835s
    23    32 7772.23724    4 3431 7567.00000 7773.35007  2.73% 12684  967s
H   31    40                    7582.0000000 7773.24395  2.52% 12430 1085s
H   32    40                    7589.0000000 7773.24390  2.43% 12163 1085s
    39    48 7772.98266    5 3456 7589.00000 7773.18623  2.43% 10753 1115s
    47    59 7773.06882    6 3432 7589.00000 7773.18617  2.43%  9441 1148s
    58    69 7772.69964    6 3402 7589.00000 7773.06879  2.43%  8486 1191s
H   68    80                    7592.0000000 7773.06879  2.38%  7718 1227s
H   74    80                    7593.0000000 7773.06838  2.37%  7505 1227s
    79    94 7772.73362    8 3433 7593.00000 7773.06838  2.37%  7293 1255s
    93   107 7772.93081    9 3423 7593.00000 7773.06838  2.37%  6463 1319s
H  106   117                    7596.0000000 7773.06838  2.33%  5995 1360s
H  112   117                    7597.0000000 7773.06838  2.32%  5877 1360s
   116   133 7772.88657   10 3409 7597.00000 7773.06838  2.32%  5794 1396s
   132   146 7772.74811   11 3422 7597.00000 7773.06838  2.32%  5418 1442s
H  145   165                    7599.0000000 7773.06838  2.29%  5309 1490s
H  150   165                    7601.0000000 7773.06838  2.26%  5185 1490s
   164   195 7772.46110   15 3398 7601.00000 7773.06838  2.26%  4950 1552s
H  194   218                    7602.0000000 7773.06838  2.25%  4549 1629s
H  200   218                    7603.0000000 7773.06838  2.24%  4506 1629s
H  204   218                    7604.0000000 7773.06838  2.22%  4531 1629s
   217   240 7771.81752   20 3373 7604.00000 7773.06838  2.22%  4484 1709s
   239   283 7771.79878   21 3383 7604.00000 7773.06838  2.22%  4516 1822s
H  258   283                    7605.0000000 7773.06838  2.21%  4361 1822s
H  273   283                    7607.0000000 7773.06838  2.18%  4274 1822s
   282   291 7771.55421   26 3375 7607.00000 7773.06838  2.18%  4226 1980s
   290   332 7771.27635   26 3348 7607.00000 7773.06838  2.18%  4196 2085s
H  331   340                    7623.0000000 7773.06838  1.97%  4019 2311s
   339   382 7771.35375   30 3338 7623.00000 7773.06838  1.97%  4005 2435s
H  381   390                    7626.0000000 7773.06838  1.93%  3986 2586s
H  382   390                    7629.0000000 7773.06838  1.89%  4002 2586s
H  383   390                    7631.0000000 7773.06838  1.86%  4000 2586s
H  384   390                    7633.0000000 7773.06838  1.84%  3993 2586s
H  387   390                    7638.0000000 7773.06838  1.77%  3994 2586s
   389   432 7770.49476   34 3294 7638.00000 7773.06838  1.77%  3985 2724s
   431   488 7769.77220   39 3266 7638.00000 7773.06838  1.77%  4062 2854s
   487   567 7768.36239   44 3154 7638.00000 7773.06838  1.77%  3911 2977s
   566   637 7767.75676   51 3082 7638.00000 7773.06838  1.77%  3639 3094s
   636   723 7766.48830   56 3030 7638.00000 7773.06838  1.77%  3464 3212s
   722   805 7765.64173   63 3012 7638.00000 7773.06838  1.77%  3245 3333s
   804   884 7764.48682   66 2979 7638.00000 7773.06838  1.77%  3096 3449s
   883   966 7763.15493   69 2989 7638.00000 7773.06838  1.77%  2978 3584s
   965   975 7760.55969   69 2860 7638.00000 7773.06838  1.77%  2883 3600s

Cutting planes:
  Gomory: 17
  Lift-and-project: 3
  Cover: 149
  Implied bound: 1
  Clique: 5
  MIR: 1228
  StrongCG: 74
  GUB cover: 2397
  Zero half: 1
  RLT: 1479

Explored 980 nodes (3066187 simplex iterations) in 3600.05 seconds (7389.70 work units)
Thread count was 8 (of 8 available processors)

Solution count 10: 7638 7633 7631 ... 7603

Time limit reached
Best objective 7.638000000000e+03, best bound 7.773000000000e+03, gap 1.7675%

Gurobi 9.5.1 (linux64) logging started Tue Mar 22 01:00:05 2022

Set parameter LogFile to value "../results/logs/log_2022_03_21_02_06.csv_46_250.log"
Set parameter LazyConstraints to value 1
Gurobi Optimizer version 9.5.1 build v9.5.1rc2 (linux64)
Thread count: 8 physical cores, 8 logical processors, using up to 8 threads
Optimize a model with 27307 rows, 27306 columns and 2230540 nonzeros
Model fingerprint: 0xcf700bab
Variable types: 0 continuous, 27306 integer (27306 binary)
Coefficient statistics:
  Matrix range     [1e+00, 5e+01]
  Objective range  [1e+00, 1e+00]
  Bounds range     [1e+00, 1e+00]
  RHS range        [1e+00, 2e+02]
Found heuristic solution: objective -0.0000000
Presolve removed 10502 rows and 5251 columns (presolve time = 5s) ...
Presolve removed 10502 rows and 5251 columns (presolve time = 10s) ...
Presolve removed 10502 rows and 5251 columns (presolve time = 15s) ...
Presolve removed 10502 rows and 5251 columns
Presolve time: 17.13s
Presolved: 16805 rows, 22055 columns, 1912527 nonzeros
Variable types: 0 continuous, 22055 integer (22055 binary)

Deterministic concurrent LP optimizer: primal and dual simplex
Showing first log only...


Root simplex log...

Iteration    Objective       Primal Inf.    Dual Inf.      Time
       0   -0.0000000e+00   0.000000e+00   1.050250e+03     18s
Warning: Markowitz tolerance tightened to 0.5
    3336    8.2013317e+02   0.000000e+00   1.592331e+04     20s
    5291    1.5621696e+03   0.000000e+00   1.074777e+07     25s
