
Gurobi 9.0.1 (win64) logging started 11/11/21 14:23:07

Changed value of parameter LogFile to ../results/logs/log_samuel_kroger_2021_11_11_14_23_07.csv_17_5.log
   Prev:   Default: 
Changed value of parameter method to 3
   Prev: -1  Min: -1  Max: 5  Default: -1
Gurobi Optimizer version 9.0.1 build v9.0.1rc0 (win64)
Optimize a model with 3064 rows, 8078 columns and 33530 nonzeros
Model fingerprint: 0x3a8b88ac
Variable types: 4039 continuous, 4039 integer (4039 binary)
Coefficient statistics:
  Matrix range     [1e+00, 2e+01]
  Objective range  [1e+00, 1e+00]
  Bounds range     [1e+00, 1e+00]
  RHS range        [1e+00, 5e+00]
Found heuristic solution: objective 2061.0000000
Presolve removed 2268 rows and 6993 columns
Presolve time: 0.06s
Presolved: 796 rows, 1085 columns, 14890 nonzeros
Found heuristic solution: objective 2062.0000000
Variable types: 661 continuous, 424 integer (424 binary)

Concurrent LP optimizer: dual simplex and barrier
Showing barrier log only...

Root barrier log...

Ordering time: 0.00s

Barrier performed 0 iterations in 0.08 seconds
Barrier solve interrupted - model solved by another algorithm


Solved with dual simplex

Root relaxation: objective 2.405014e+03, 148 iterations, 0.02 seconds

    Nodes    |    Current Node    |     Objective Bounds      |     Work
 Expl Unexpl |  Obj  Depth IntInf | Incumbent    BestBd   Gap | It/Node Time

     0     0 2405.01394    0  176 2062.00000 2405.01394  16.6%     -    0s
     0     0 2296.06630    0  163 2062.00000 2296.06630  11.4%     -    0s
     0     0 2293.34638    0  187 2062.00000 2293.34638  11.2%     -    0s
     0     0 2292.62673    0  188 2062.00000 2292.62673  11.2%     -    0s
     0     0 2292.61536    0  194 2062.00000 2292.61536  11.2%     -    0s
     0     0 2264.66990    0  172 2062.00000 2264.66990  9.83%     -    0s
     0     0 2260.29225    0  182 2062.00000 2260.29225  9.62%     -    0s
     0     0 2259.46191    0  188 2062.00000 2259.46191  9.58%     -    0s
     0     0 2259.00003    0  191 2062.00000 2259.00003  9.55%     -    0s
     0     0 2258.92077    0  193 2062.00000 2258.92077  9.55%     -    0s
     0     0 2252.99492    0  163 2062.00000 2252.99492  9.26%     -    0s
     0     0 2249.62882    0  183 2062.00000 2249.62882  9.10%     -    0s
     0     0 2248.54387    0  186 2062.00000 2248.54387  9.05%     -    0s
     0     0 2248.30181    0  190 2062.00000 2248.30181  9.04%     -    0s
     0     0 2248.15044    0  198 2062.00000 2248.15044  9.03%     -    0s
     0     0 2248.08118    0  198 2062.00000 2248.08118  9.02%     -    0s
     0     0 2245.24871    0  192 2062.00000 2245.24871  8.89%     -    0s
H    0     0                    2077.0000000 2245.24871  8.10%     -    0s
     0     0 2244.20914    0  214 2077.00000 2244.20914  8.05%     -    0s
     0     0 2243.84846    0  209 2077.00000 2243.84846  8.03%     -    0s
     0     0 2243.77782    0  199 2077.00000 2243.77782  8.03%     -    0s
     0     0 2242.40161    0  206 2077.00000 2242.40161  7.96%     -    0s
     0     0 2241.90246    0  224 2077.00000 2241.90246  7.94%     -    0s
     0     0 2241.76947    0  223 2077.00000 2241.76947  7.93%     -    0s
     0     0 2240.30861    0  214 2077.00000 2240.30861  7.86%     -    0s
     0     0 2239.83015    0  234 2077.00000 2239.83015  7.84%     -    0s
     0     0 2239.63768    0  243 2077.00000 2239.63768  7.83%     -    0s
H    0     0                    2086.0000000 2239.63768  7.37%     -    0s
     0     0 2239.55477    0  244 2086.00000 2239.55477  7.36%     -    0s
     0     0 2239.02317    0  230 2086.00000 2239.02317  7.34%     -    0s
     0     0 2239.02317    0  230 2086.00000 2239.02317  7.34%     -    1s
     0     2 2239.02243    0  230 2086.00000 2239.02243  7.34%     -    1s
  1035   586 2222.63672   28  230 2086.00000 2227.40587  6.78%  90.5    5s
* 1370   710              63    2104.0000000 2215.28271  5.29%   104    9s
  1378   715 2212.73989   27  195 2104.00000 2215.28271  5.29%   104   10s
H 1817   751                    2123.0000000 2215.28271  4.35%   117   13s
  2141   825 2210.82650   24  233 2123.00000 2210.82650  4.14%   121   15s
  2683   913 2196.15358   42  118 2123.00000 2210.11513  4.10%   125   20s
  3548  1329 2197.36491   41  169 2123.00000 2205.30696  3.88%   130   25s
  3758  1401 2190.73733   41  149 2123.00000 2205.29901  3.88%   131   32s
H 3759  1384                    2135.0000000 2205.29901  3.29%   131   32s
H 3765  1366                    2142.0000000 2205.29901  2.96%   131   32s
  4268  1673 2169.47111   64   85 2142.00000 2204.52295  2.92%   133   35s
  5072  2003     cutoff   39      2142.00000 2203.35833  2.86%   138   40s
  6254  2510 2196.23311   49  130 2142.00000 2202.32269  2.82%   138   46s
  7043  2962 2162.54739   56  149 2142.00000 2201.55809  2.78%   141   50s
  8195  3541 2181.50336   55   93 2142.00000 2200.93974  2.75%   139   56s
H 8893  3857                    2144.0000000 2200.35537  2.63%   139   59s
  9137  3936 2178.52748   46  102 2144.00000 2200.23051  2.62%   139   61s
 10025  4302 2181.71908   45   60 2144.00000 2199.78459  2.60%   141   67s
 10796  4688     cutoff   64      2144.00000 2199.57894  2.59%   141   71s
 11511  5098 2189.13302   36   94 2144.00000 2199.26385  2.58%   142   75s
 12299  5426 2179.53437   61  150 2144.00000 2198.88469  2.56%   142   80s
 13218  5878 2193.70174   46  111 2144.00000 2198.54071  2.54%   142   85s
 14158  6299 2191.73121   42  137 2144.00000 2198.20134  2.53%   142   90s
 15266  6836 2190.37443   20  187 2144.00000 2197.76105  2.51%   142   96s
 15893  7077 2194.29406   50  186 2144.00000 2197.53743  2.50%   142  100s
 17031  7600 2172.32479   63  141 2144.00000 2197.25384  2.48%   142  106s
 17655  7842 2179.05539   24  172 2144.00000 2197.04615  2.47%   142  110s
 18908  8384 2180.22141   46  150 2144.00000 2196.81321  2.46%   143  118s
 19590  8595 2192.69886   50  174 2144.00000 2196.58682  2.45%   143  122s
 20179  8808 2184.68417   43  147 2144.00000 2196.47907  2.45%   144  126s
 20880  9132 2171.86792   66  113 2144.00000 2196.13400  2.43%   144  131s
 21670  9409 2190.64025   19   82 2144.00000 2195.90071  2.42%   144  136s
H21911  9181                    2151.0000000 2195.88094  2.09%   144  136s
 22429  9188 infeasible   68      2151.00000 2195.73259  2.08%   144  143s
H22433  8876                    2156.0000000 2195.73259  1.84%   144  143s
H22437  8660                    2159.0000000 2195.73259  1.70%   144  143s
H22439  8406                    2162.0000000 2195.73259  1.56%   144  143s
 22454  8687 2188.51048   43  136 2162.00000 2195.68139  1.56%   144  148s
 23270  9133 2188.90622   39  130 2162.00000 2195.39111  1.54%   145  152s
 24127  9416 2192.57892   50  218 2162.00000 2195.16648  1.53%   144  157s
 24899  9686 2188.49918   41  141 2162.00000 2195.05897  1.53%   145  162s
 25621  9997     cutoff   53      2162.00000 2194.81613  1.52%   145  167s
 26468 10246 2191.05759   53  168 2162.00000 2194.58752  1.51%   145  171s
 27260 10497 2188.20869   52  152 2162.00000 2194.38330  1.50%   146  176s
 28019 10731     cutoff   48      2162.00000 2194.05087  1.48%   146  181s
 28769 10967 2183.12650   49  106 2162.00000 2193.88346  1.47%   146  186s
 29576 10968 2186.84031   57  230 2162.00000 2193.68451  1.47%   147  215s
 29613 10993 2174.08312   54  274 2162.00000 2193.68451  1.47%   147  220s
 29629 11003 2183.62115   61  272 2162.00000 2193.68451  1.47%   147  225s
 29640 11011 2182.69974   58  273 2162.00000 2193.68451  1.47%   146  230s
 29654 11020 2178.61133   52  269 2162.00000 2193.68451  1.47%   146  235s
 29672 11032 2173.53631   61  273 2162.00000 2193.68451  1.47%   146  240s
 29690 11044 2183.36794   53  280 2162.00000 2193.68451  1.47%   146  245s
 29705 11054 2176.18184   53  272 2162.00000 2193.68451  1.47%   146  250s
 29720 11064 2182.37700   51  268 2162.00000 2193.68451  1.47%   146  255s
 29730 11074 2193.68451   23  273 2162.00000 2193.68451  1.47%   146  261s
 29736 11078 2193.68451   25  271 2162.00000 2193.68451  1.47%   146  266s
 29812 11085 2193.68451   30  215 2162.00000 2193.68451  1.47%   147  270s
 30183 11073     cutoff   48      2162.00000 2193.68451  1.47%   147  275s
 31002 11285 2177.61421   86  166 2162.00000 2193.68451  1.47%   148  280s
 31925 11507 2169.66022   46   30 2162.00000 2193.68451  1.47%   148  285s
 32893 11593 2188.82190   57  175 2162.00000 2193.66727  1.46%   149  290s
 33866 11702 2179.15528   61  194 2162.00000 2193.20717  1.44%   149  295s
 34670 11857 2170.82086   64  148 2162.00000 2191.86596  1.38%   150  300s
 35595 11910 infeasible   57      2162.00000 2191.16639  1.35%   150  305s
 36827 12098 2186.92874   49  115 2162.00000 2190.34119  1.31%   150  311s
 37730 12258 2184.07899   85  163 2162.00000 2189.81393  1.29%   150  316s
 38095 12135 2179.79217   72  144 2162.00000 2189.60258  1.28%   150  334s
 38112 12222 2176.76436   73  104 2162.00000 2189.53206  1.27%   150  336s
 38837 12224 2185.51704   49  201 2162.00000 2189.05524  1.25%   151  340s
 40080 12437 2180.00191   43  144 2162.00000 2188.49419  1.23%   151  346s
 40981 12475 2182.05842   70  121 2162.00000 2188.15762  1.21%   151  351s
 42017 12589 2169.20143  113   98 2162.00000 2187.75440  1.19%   151  356s
 42616 12636 2172.45084  111  115 2162.00000 2187.51594  1.18%   151  362s
 43177 12645 2169.82185   94   88 2162.00000 2187.27265  1.17%   151  365s
 44328 12723 2168.56585   63  127 2162.00000 2186.65877  1.14%   151  371s
 44982 12795 2182.64210   70  143 2162.00000 2186.51172  1.13%   151  375s
 46253 12776 2170.78150   69  141 2162.00000 2186.22125  1.12%   152  382s
 46937 12777     cutoff   72      2162.00000 2185.94057  1.11%   152  386s
 48365 12803 2179.30144   86  137 2162.00000 2185.45606  1.08%   152  394s
 49129 12925 2168.52896   69  104 2162.00000 2185.28704  1.08%   152  398s
 50013 12907 2165.08977  127   61 2162.00000 2184.96499  1.06%   152  403s
 50863 12869 2183.54073   78  125 2162.00000 2184.76108  1.05%   152  407s
 51667 12943 2182.99274   76  164 2162.00000 2184.55003  1.04%   153  412s
 52585 12727 2164.36905   65   82 2162.00000 2184.37699  1.04%   152  417s
 53339 12706 2182.33701   59   87 2162.00000 2184.09334  1.02%   153  422s
 54101 12596 2180.97495   66  164 2162.00000 2183.90548  1.01%   153  427s
 54845 12606     cutoff   44      2162.00000 2183.69847  1.00%   154  432s
 55771 12580 2170.79041   88  117 2162.00000 2183.52911  1.00%   154  437s
 56640 12463 2179.68293   60  165 2162.00000 2183.39743  0.99%   154  442s
 57445 12308 2175.12123   83   94 2162.00000 2183.17643  0.98%   154  447s
 58320 12179     cutoff   73      2162.00000 2183.08231  0.98%   154  452s
 59148 12121 2170.70422   96   79 2162.00000 2182.86094  0.96%   154  457s
 60031 11938     cutoff   58      2162.00000 2182.67033  0.96%   154  463s
 60765 11925 2178.02970   58  142 2162.00000 2182.42508  0.94%   155  468s
 61678 11795     cutoff   94      2162.00000 2182.22513  0.94%   155  473s
 62523 11638 2177.63000   86   96 2162.00000 2181.97427  0.92%   155  479s
 63416 11618 2165.78335   92  123 2162.00000 2181.83890  0.92%   155  484s
 64290 11847 2177.30029   85  134 2162.00000 2181.55827  0.90%   155  489s
 65251 12017 2179.76531   94  157 2162.00000 2181.41357  0.90%   155  494s
 66137 12122     cutoff   41      2162.00000 2181.18596  0.89%   155  500s
 67030 12284 2168.26393   64   83 2162.00000 2180.98830  0.88%   155  505s
 68037 12449 2174.55043   73  153 2162.00000 2180.83376  0.87%   155  510s
 68956 12602 2177.43858   83  128 2162.00000 2180.64575  0.86%   155  516s
 69868 12760     cutoff   61      2162.00000 2180.45180  0.85%   155  521s
 70843 12929     cutoff   77      2162.00000 2180.28823  0.85%   155  526s
 71760 12934 2176.93421   62  116 2162.00000 2180.11182  0.84%   155  532s
 72642 13121 2174.58920   86  103 2162.00000 2179.86516  0.83%   156  538s
 73700 13275 2172.71279   95  111 2162.00000 2179.77279  0.82%   156  543s
 74625 13366 2169.89608   95   91 2162.00000 2179.55373  0.81%   156  548s
 75537 13504     cutoff   90      2162.00000 2179.45424  0.81%   156  554s
 76393 13610     cutoff  107      2162.00000 2179.24858  0.80%   156  559s
 77472 13722 2164.80228   96   59 2162.00000 2179.09556  0.79%   156  565s
 78570 13780 2172.35849   88  116 2162.00000 2178.96524  0.78%   156  572s
 79596 13882 2170.71705   46  124 2162.00000 2178.78050  0.78%   156  578s
 80636 14035 2168.97359   88   71 2162.00000 2178.62116  0.77%   156  584s
 81742 14207 2173.59358  107  102 2162.00000 2178.48440  0.76%   156  589s
 82864 14244 2173.99002   79  120 2162.00000 2178.32167  0.75%   155  595s
 83895 14399 2168.80737   74   96 2162.00000 2178.15963  0.75%   155  600s
 84805 14500 2172.87691   87  110 2162.00000 2177.97780  0.74%   155  606s
 85851 14562 2170.69040   81  105 2162.00000 2177.83360  0.73%   155  612s
 86896 14597 2171.63991   57  130 2162.00000 2177.70027  0.73%   155  617s
 87821 14759 2168.81589   94  112 2162.00000 2177.56424  0.72%   155  623s
 88888 14841 2163.13310  120   50 2162.00000 2177.42658  0.71%   155  629s
 89979 14945 2174.81055   80  106 2162.00000 2177.26219  0.71%   155  635s
 91039 15004 2163.55460  112   34 2162.00000 2177.14867  0.70%   155  640s
 92051 15091     cutoff   95      2162.00000 2176.98637  0.69%   155  646s
 93122 15214 2175.28030   60   94 2162.00000 2176.87450  0.69%   155  652s
 94209 15351 2166.99812   88  151 2162.00000 2176.75168  0.68%   155  658s
 95360 15401 2165.86513  120   78 2162.00000 2176.65433  0.68%   155  663s
 96461 15420     cutoff  117      2162.00000 2176.49646  0.67%   155  669s
 97506 15548     cutoff   94      2162.00000 2176.36720  0.66%   154  675s
 98671 15630     cutoff   49      2162.00000 2176.24220  0.66%   154  680s
 99760 15748     cutoff  103      2162.00000 2176.10323  0.65%   154  686s
 100973 15849     cutoff   61      2162.00000 2175.97235  0.65%   154  692s
 102172 15955 2168.96292   54   51 2162.00000 2175.89735  0.64%   154  697s
 103244 16025     cutoff   80      2162.00000 2175.76480  0.64%   153  703s
 104331 16058     cutoff  107      2162.00000 2175.64594  0.63%   153  709s
 105444 16034 2171.88223   98   59 2162.00000 2175.51212  0.62%   153  714s
 106601 16081     cutoff   64      2162.00000 2175.38330  0.62%   153  720s
 107650 16016     cutoff   94      2162.00000 2175.23991  0.61%   153  726s
 108688 15967 2168.98423   98  136 2162.00000 2175.11555  0.61%   153  733s
 109758 15909     cutoff  111      2162.00000 2174.96774  0.60%   153  739s
 110961 15889     cutoff   98      2162.00000 2174.82413  0.59%   153  745s
 112166 15868     cutoff   63      2162.00000 2174.67524  0.59%   153  751s
 113366 15866 2171.47337   84  149 2162.00000 2174.56239  0.58%   152  757s
 114505 15856     cutoff   92      2162.00000 2174.44092  0.58%   152  763s
 115705 15791     cutoff   83      2162.00000 2174.30944  0.57%   152  770s
 116813 15679 2164.19128   90  113 2162.00000 2174.22796  0.57%   152  777s
 117950 15615 2167.24797  110   76 2162.00000 2174.05673  0.56%   152  785s
 119115 15530     cutoff   88      2162.00000 2173.93741  0.55%   152  792s
 120358 15463     cutoff   94      2162.00000 2173.79155  0.55%   152  799s
 121704 15346     cutoff   94      2162.00000 2173.68365  0.54%   152  806s
 122799 15249 2167.35958  115   94 2162.00000 2173.52330  0.53%   152  813s
 124141 15122     cutoff   85      2162.00000 2173.40520  0.53%   151  820s
 125282 14962 2170.86367   87  109 2162.00000 2173.23818  0.52%   151  827s
 126484 14818 2165.28393  109   90 2162.00000 2173.08974  0.51%   151  833s
 127709 14757 2169.90554   91  150 2162.00000 2172.98210  0.51%   151  840s
 128914 14587     cutoff   78      2162.00000 2172.85017  0.50%   151  846s
 130202 14471 2166.00388   87  147 2162.00000 2172.71884  0.50%   151  853s
 131449 14263 2165.92065   82  111 2162.00000 2172.56397  0.49%   151  859s
 132738 14039 2170.97795   99   67 2162.00000 2172.41034  0.48%   150  866s
 133994 13894     cutoff   75      2162.00000 2172.27045  0.48%   150  872s
 135198 13782     cutoff   87      2162.00000 2172.12251  0.47%   150  878s
 135843 13572 2165.41460   99  109 2162.00000 2172.06757  0.47%   150  885s
 137145 13412 2170.49370   77  136 2162.00000 2171.92211  0.46%   150  891s
 138431 13075     cutoff   82      2162.00000 2171.71818  0.45%   150  897s
 139775 12897     cutoff   70      2162.00000 2171.55874  0.44%   150  904s
 141006 12743 2164.20763   66  183 2162.00000 2171.42191  0.44%   149  910s
 142346 12506     cutoff  115      2162.00000 2171.26294  0.43%   149  917s
 143719 12244     cutoff   72      2162.00000 2171.07168  0.42%   149  923s
 145018 12040     cutoff   66      2162.00000 2170.91486  0.41%   149  930s
 146382 11783     cutoff   88      2162.00000 2170.77355  0.41%   149  935s
 147603 11573     cutoff  106      2162.00000 2170.62561  0.40%   148  941s
 148837 11248     cutoff   74      2162.00000 2170.42954  0.39%   148  948s
 150232 10963     cutoff  122      2162.00000 2170.29422  0.38%   148  954s
 151471 10587     cutoff  101      2162.00000 2170.13366  0.38%   148  960s
 152932 10261     cutoff  103      2162.00000 2169.95406  0.37%   148  966s
 154253  9886 2165.02724   81   93 2162.00000 2169.79173  0.36%   147  972s
 155487  9496     cutoff  108      2162.00000 2169.57553  0.35%   147  978s
 156802  8968     cutoff  119      2162.00000 2169.40096  0.34%   147  984s
 158157  8633 2165.51770  114   95 2162.00000 2169.16564  0.33%   147  991s
 159236  8243     cutoff  109      2162.00000 2169.10057  0.33%   146  996s
 160496  7742     cutoff   77      2162.00000 2168.88605  0.32%   146 1001s
 161759  7244 2167.04156  119  107 2162.00000 2168.63852  0.31%   146 1007s
 163200  6699     cutoff  109      2162.00000 2168.42578  0.30%   146 1013s
 164589  6235     cutoff  102      2162.00000 2168.19762  0.29%   145 1019s
 165923  5610     cutoff  118      2162.00000 2168.00555  0.28%   145 1024s
 167284  5012     cutoff  110      2162.00000 2167.71459  0.26%   145 1029s
 168757  4424     cutoff   64      2162.00000 2167.42133  0.25%   144 1035s
 171570  3092     cutoff  106      2162.00000 2166.90208  0.23%   144 1044s
 172832  2411     cutoff  115      2162.00000 2166.60771  0.21%   143 1048s
 174065  2170     cutoff   71      2162.00000 2166.27287  0.20%   143 1063s
 174506  1346     cutoff  102      2162.00000 2166.21528  0.19%   143 1067s
 175784   174     cutoff  115      2162.00000 2165.71977  0.17%   142 1070s

Cutting planes:
  Gomory: 16
  MIR: 477
  Flow cover: 1464
  Inf proof: 42
  RLT: 140
  Relax-and-lift: 46

Explored 177465 nodes (25069710 simplex iterations) in 1071.30 seconds
Thread count was 8 (of 8 available processors)

Solution count 10: 2162 2159 2156 ... 2086

Optimal solution found (tolerance 1.00e-04)
Best objective 2.162000000000e+03, best bound 2.162000000000e+03, gap 0.0000%
