
Gurobi 9.5.0 (win64) logging started Tue Dec  7 01:37:16 2021

Set parameter LogFile to value "../results/logs/log_2021_12_07_01_36.csv_11_66.log"
Set parameter Method to value 3
Gurobi Optimizer version 9.5.0 build v9.5.0rc5 (win64)
Thread count: 6 physical cores, 12 logical processors, using up to 12 threads
Optimize a model with 6334 rows, 8078 columns and 360309 nonzeros
Model fingerprint: 0x676c3c79
Variable types: 4039 continuous, 4039 integer (4039 binary)
Coefficient statistics:
  Matrix range     [1e+00, 1e+01]
  Objective range  [1e+00, 1e+00]
  Bounds range     [1e+00, 1e+00]
  RHS range        [1e+00, 7e+01]
Found heuristic solution: objective 2904.0000000
Presolve removed 6089 rows and 7747 columns
Presolve time: 0.05s
Presolved: 245 rows, 331 columns, 2186 nonzeros
Variable types: 160 continuous, 171 integer (158 binary)
Found heuristic solution: objective 2945.0000000

Root relaxation: objective 3.041004e+03, 296 iterations, 0.00 seconds (0.00 work units)

    Nodes    |    Current Node    |     Objective Bounds      |     Work
 Expl Unexpl |  Obj  Depth IntInf | Incumbent    BestBd   Gap | It/Node Time

     0     0 3041.00398    0   66 2945.00000 3041.00398  3.26%     -    0s
H    0     0                    2994.0000000 3041.00398  1.57%     -    0s
H    0     0                    2998.0000000 3041.00398  1.43%     -    0s
     0     0 3024.19974    0   58 2998.00000 3024.19974  0.87%     -    0s
H    0     0                    2999.0000000 3024.19974  0.84%     -    0s
H    0     0                    3003.0000000 3022.77995  0.66%     -    0s
     0     0 3022.61373    0   55 3003.00000 3022.61373  0.65%     -    0s
     0     0 3022.51699    0   59 3003.00000 3022.51699  0.65%     -    0s
     0     0 3022.50034    0   59 3003.00000 3022.50034  0.65%     -    0s
     0     0 3018.89384    0   34 3003.00000 3018.89384  0.53%     -    0s
H    0     0                    3015.0000000 3018.89384  0.13%     -    0s
     0     0 3018.72275    0   30 3015.00000 3018.72275  0.12%     -    0s
     0     0 3018.69434    0   35 3015.00000 3018.69434  0.12%     -    0s
     0     0 3018.66373    0   29 3015.00000 3018.66373  0.12%     -    0s
     0     0 3018.66373    0   28 3015.00000 3018.66373  0.12%     -    0s
     0     0 3017.61068    0   34 3015.00000 3017.61068  0.09%     -    0s
     0     0 3017.51350    0   32 3015.00000 3017.51350  0.08%     -    0s
     0     0 3017.51138    0   31 3015.00000 3017.51138  0.08%     -    0s
H    0     0                    3017.0000000 3017.51138  0.02%     -    0s

Cutting planes:
  Gomory: 26
  Implied bound: 5
  MIR: 105
  RLT: 25
  Relax-and-lift: 1

Explored 1 nodes (734 simplex iterations) in 0.19 seconds (0.09 work units)
Thread count was 12 (of 12 available processors)

Solution count 8: 3017 3015 3003 ... 2904

Optimal solution found (tolerance 1.00e-04)
Best objective 3.017000000000e+03, best bound 3.017000000000e+03, gap 0.0000%
