
Gurobi 9.5.1 (linux64) logging started Thu Jun 30 13:04:10 2022

Set parameter LogFile to value "../results/logs/log_Gowalla_edges_20_20_2022_06_30_10_26.log"
Gurobi Optimizer version 9.5.1 build v9.5.1rc2 (linux64)
Thread count: 8 physical cores, 8 logical processors, using up to 8 threads
Optimize a model with 24219 rows, 393182 columns and 945407 nonzeros
Model fingerprint: 0x9e41e8a1
Variable types: 0 continuous, 393182 integer (393182 binary)
Coefficient statistics:
  Matrix range     [1e+00, 2e+01]
  Objective range  [1e+00, 1e+00]
  Bounds range     [1e+00, 1e+00]
  RHS range        [1e+00, 2e+01]
Found heuristic solution: objective 8161.0000000
Presolve removed 335 rows and 328835 columns
Presolve time: 1.29s
Presolved: 23884 rows, 64347 columns, 417932 nonzeros
Found heuristic solution: objective 8164.0000000
Variable types: 0 continuous, 64347 integer (54419 binary)

Deterministic concurrent LP optimizer: primal and dual simplex
Showing first log only...

Warning: Markowitz tolerance tightened to 0.03125

Root simplex log...

Iteration    Objective       Primal Inf.    Dual Inf.      Time
    8007    1.0099937e+04   0.000000e+00   5.924906e+06      5s
    9377    1.0837153e+04   0.000000e+00   1.629622e+07     11s
   10339    1.1370216e+04   0.000000e+00   2.118690e+03     15s
   11393    1.1861866e+04   0.000000e+00   1.672452e+03     21s
   12209    1.2181091e+04   0.000000e+00   1.062279e+04     26s
   12985    1.2482623e+04   0.000000e+00   1.025609e+03     31s
   13608    1.2674892e+04   0.000000e+00   9.627611e+02     35s
Concurrent spin time: 2.40s

Solved with dual simplex

Root relaxation: objective 1.315550e+04, 12632 iterations, 36.98 seconds (64.20 work units)

    Nodes    |    Current Node    |     Objective Bounds      |     Work
 Expl Unexpl |  Obj  Depth IntInf | Incumbent    BestBd   Gap | It/Node Time

     0     0 13155.5023    0 9823 8164.00000 13155.5023  61.1%     -   42s
H    0     0                    8166.0000000 13155.5023  61.1%     -   43s
H    0     0                    8286.0000000 13155.5023  58.8%     -   65s
     0     0 12263.7852    0 9506 8286.00000 12263.7852  48.0%     -   83s
H    0     0                    8310.0000000 12263.7852  47.6%     -   88s
     0     0 11465.2918    0 9542 8310.00000 11465.2918  38.0%     -  111s
H    0     0                    8318.0000000 10774.8729  29.5%     -  138s
     0     0 10774.8729    0 9432 8318.00000 10774.8729  29.5%     -  138s
     0     0 10240.4346    0 9163 8318.00000 10240.4346  23.1%     -  161s
     0     0 9937.91857    0 8647 8318.00000 9937.91857  19.5%     -  179s
     0     0 9788.77639    0 8035 8318.00000 9788.77639  17.7%     -  193s
     0     0 9724.33458    0 7092 8318.00000 9724.33458  16.9%     -  203s
     0     0 9704.28486    0 6062 8318.00000 9704.28486  16.7%     -  210s
     0     0 9677.53201    0 5091 8318.00000 9677.53201  16.3%     -  217s
     0     0 9673.86475    0 4834 8318.00000 9673.86475  16.3%     -  221s
     0     0 9673.05620    0 4331 8318.00000 9673.05620  16.3%     -  223s
     0     0 9672.56868    0 4165 8318.00000 9672.56868  16.3%     -  225s
     0     0 9672.41356    0 4254 8318.00000 9672.41356  16.3%     -  225s
H    0     0                    8322.0000000 9450.20088  13.6%     -  239s
H    0     0                    8326.0000000 9450.20088  13.5%     -  240s
     0     0 9400.97829    0 4470 8326.00000 9400.97829  12.9%     -  240s
H    0     0                    8358.0000000 9161.32769  9.61%     -  250s
     0     0 9161.32769    0 5094 8358.00000 9161.32769  9.61%     -  251s
     0     0 9062.12564    0 5094 8358.00000 9062.12564  8.42%     -  258s
     0     0 9027.95613    0 5318 8358.00000 9027.95613  8.02%     -  266s
     0     0 9013.68000    0 4950 8358.00000 9013.68000  7.84%     -  273s
H    0     0                    8360.0000000 9005.29268  7.72%     -  286s
     0     0 9005.29268    0 4932 8360.00000 9005.29268  7.72%     -  286s
H    0     0                    8362.0000000 8996.45415  7.59%     -  294s
     0     0 8996.45415    0 4848 8362.00000 8996.45415  7.59%     -  294s
     0     0 8993.99137    0 4951 8362.00000 8993.99137  7.56%     -  300s
     0     0 8915.11119    0 4166 8362.00000 8915.11119  6.61%     -  344s
H    0     0                    8400.0000000 8915.11119  6.13%     -  364s
     0     0 8888.12289    0 4755 8400.00000 8888.12289  5.81%     -  372s
     0     0 8872.34694    0 5067 8400.00000 8872.34694  5.62%     -  381s
     0     0 8863.73462    0 5107 8400.00000 8863.73462  5.52%     -  403s
     0     0 8857.40243    0 5215 8400.00000 8857.40243  5.45%     -  434s
     0     0 8847.75696    0 5566 8400.00000 8847.75696  5.33%     -  469s
     0     0 8843.77891    0 4886 8400.00000 8843.77891  5.28%     -  508s
     0     0 8824.10983    0 5454 8400.00000 8824.10983  5.05%     -  655s
     0     0 8815.47379    0 5527 8400.00000 8815.47379  4.95%     -  680s
     0     0 8809.57055    0 5685 8400.00000 8809.57055  4.88%     -  730s
     0     0 8805.55619    0 5835 8400.00000 8805.55619  4.83%     -  780s
     0     0 8797.87766    0 6301 8400.00000 8797.87766  4.74%     -  809s
     0     0 8797.87766    0 6301 8400.00000 8797.87766  4.74%     -  817s
H    0     0                    8401.0000000 8794.88727  4.69%     -  920s
     0     2 8794.88727    0 6301 8401.00000 8794.88727  4.69%     -  921s
     3     8 8792.43494    2 6231 8401.00000 8794.88727  4.69%  1468  943s
     7    16 8786.43282    3 6728 8401.00000 8792.20826  4.66%  3164 1006s
    15    24 8779.55023    4 6988 8401.00000 8786.37854  4.59%  5922 1147s
    23    32 8771.59824    4 6974 8401.00000 8780.99146  4.52%  9911 1287s
H   31    40                    8426.0000000 8779.54899  4.20%  9113 1338s
H   32    40                    8428.0000000 8779.46702  4.17%  8836 1338s
    39    48 8779.42788    6 6986 8428.00000 8779.46702  4.17%  7331 1343s
    47    64 8779.06391    7 6944 8428.00000 8779.46702  4.17%  6148 1510s
    79    96 8778.27085   11 6955 8428.00000 8779.46702  4.17%  3760 1525s
    95   117 8776.70825   12 7015 8428.00000 8779.46702  4.17%  3213 1540s
   116   138 8776.30279   14 6983 8428.00000 8779.46702  4.17%  2730 1549s
   137   154 8759.69387   17 6933 8428.00000 8779.46702  4.17%  2396 1572s
   153   182 8776.02186   17 6999 8428.00000 8779.46702  4.17%  2220 1580s
   181   219 8775.07701   21 6996 8428.00000 8779.46702  4.17%  1909 1587s
   218   250 8773.72625   26 6994 8428.00000 8779.46702  4.17%  1611 1603s
   249   276 8772.21694   29 6972 8428.00000 8779.46702  4.17%  1448 1613s
   275   305 8770.39098   33 7025 8428.00000 8779.46702  4.17%  1342 1632s
   304   328 8765.09878   38 6932 8428.00000 8779.46702  4.17%  1255 1643s
   327   352 8769.97407   39 7077 8428.00000 8779.46702  4.17%  1189 1655s
   351   371 8769.69629   41 7068 8428.00000 8779.46702  4.17%  1138 1666s
   370   388 8769.32520   44 7023 8428.00000 8779.46702  4.17%  1104 1679s
   387   409 8768.60025   46 7071 8428.00000 8779.46702  4.17%  1084 1775s
   408   425 8767.86428   48 7016 8428.00000 8779.46702  4.17%  1112 1801s
H  409   425                    8429.0000000 8779.46702  4.16%  1109 1801s
   424   441 8748.00427   49 6832 8429.00000 8779.46702  4.16%  1109 1831s
   440   464 8767.18672   49 7020 8429.00000 8779.46702  4.16%  1113 1858s
   463   473 8767.07764   52 6982 8429.00000 8779.46702  4.16%  1098 1959s
H  465   473                    8433.0000000 8779.46702  4.11%  1095 1959s
   472   497 8767.03150   53 7012 8433.00000 8779.46702  4.11%  1088 1975s
   496   526 8766.67832   56 7086 8433.00000 8779.46702  4.11%  1063 2002s
   525   555 8765.76045   58 7060 8433.00000 8779.46702  4.11%  1041 2021s
   554   594 8764.77668   65 7142 8433.00000 8779.46702  4.11%  1017 2050s
   593   621 8764.31802   70 7107 8433.00000 8779.46702  4.11%   987 2089s
   620   651 8762.58597   75 7125 8433.00000 8779.46702  4.11%   986 2113s
   650   699 8761.56886   79 7082 8433.00000 8779.46702  4.11%   971 2138s
   698   741 8760.82338   86 7069 8433.00000 8779.46702  4.11%   935 2162s
   740   796 8758.68327   87 7051 8433.00000 8779.46702  4.11%   910 2188s
   795   848 8759.59017   90 7071 8433.00000 8779.46702  4.11%   875 2216s
   847   892 8758.28466   99 7121 8433.00000 8779.46702  4.11%   848 2274s
   891   962 8756.17069  103 7089 8433.00000 8779.46702  4.11%   849 2299s
   961  1002 8754.61352  112 7086 8433.00000 8779.46702  4.11%   811 2373s
  1001  1046 8754.46106  113 7078 8433.00000 8779.46702  4.11%   817 2424s
  1046  1113 8754.00697  115 7066 8433.00000 8779.46702  4.11%   811 2471s
  1116  1165 8753.03582  124 7210 8433.00000 8779.46702  4.11%   793 2505s
  1174  1227 8695.18098  133 6626 8433.00000 8779.46702  4.11%   785 2571s
  1236  1235 8749.17940  134 7297 8433.00000 8779.46702  4.11%   777 2636s
  1244  1251 8733.12936  134 7025 8433.00000 8779.46702  4.11%   812 2713s
  1262  1292 8749.04518  135 7265 8433.00000 8779.46702  4.11%   840 2775s
  1303  1355 8746.52132  141 7429 8433.00000 8779.46702  4.11%   844 2815s
  1366  1405 8745.69119  150 7346 8433.00000 8779.46702  4.11%   830 2898s
  1428  1415 8742.82804  154 7289 8433.00000 8779.46702  4.11%   831 2968s
  1438  1469 8742.73856  155 7280 8433.00000 8779.46702  4.11%   853 3016s
  1492  1533 8737.67594  164 7231 8433.00000 8779.46702  4.11%   848 3067s
  1556  1616 8735.15199  171 7165 8433.00000 8779.46702  4.11%   839 3111s
  1639  1670 8732.39630  181 7212 8433.00000 8779.46702  4.11%   819 3160s
  1693  1732 8729.21576  190 7258 8433.00000 8779.46702  4.11%   818 3213s
  1755  1818 8727.85545  195 7211 8433.00000 8779.46702  4.11%   815 3279s
  1841  1891 8724.78227  207 7178 8433.00000 8779.46702  4.11%   804 3347s
  1914  1980 8722.80299  221 7172 8433.00000 8779.46702  4.11%   800 3428s
  2003  2023 8721.01230  233 7313 8433.00000 8779.46702  4.11%   793 3493s
  2046  2107 8718.44433  237 7367 8433.00000 8779.46702  4.11%   800 3555s
  2130  2151 8717.65071  246 7213 8433.00000 8779.46702  4.11%   792 3600s

Cutting planes:
  Gomory: 8
  Lift-and-project: 7
  Cover: 1089
  Implied bound: 397
  MIR: 4136
  StrongCG: 238
  GUB cover: 3150
  Zero half: 26
  RLT: 5529
  Relax-and-lift: 5

Explored 2174 nodes (1804823 simplex iterations) in 3600.04 seconds (5823.94 work units)
Thread count was 8 (of 8 available processors)

Solution count 10: 8433 8429 8428 ... 8326

Time limit reached
Best objective 8.433000000000e+03, best bound 8.779000000000e+03, gap 4.1029%
