
Gurobi 10.0.0 (linux64) logging started Fri Jan 26 14:46:51 2024

Set parameter LogFile to value "../results/logs/log_socfb-Northeastern19_33_250_2024_01_26_13_45.log"
Set parameter LazyConstraints to value 1
Gurobi Optimizer version 10.0.0 build v10.0.0rc2 (linux64)

CPU model: Intel(R) Core(TM) i7-9800X CPU @ 3.80GHz, instruction set [SSE2|AVX|AVX2|AVX512]
Thread count: 8 physical cores, 8 logical processors, using up to 8 threads

Optimize a model with 27765 rows, 27764 columns and 1583264 nonzeros
Model fingerprint: 0x1227b8e0
Variable types: 0 continuous, 27764 integer (27764 binary)
Coefficient statistics:
  Matrix range     [1e+00, 3e+01]
  Objective range  [1e+00, 1e+00]
  Bounds range     [1e+00, 1e+00]
  RHS range        [1e+00, 2e+02]
Found heuristic solution: objective -0.0000000
Presolve removed 11256 rows and 5628 columns (presolve time = 5s) ...
Presolve removed 11256 rows and 5628 columns (presolve time = 10s) ...
Presolve removed 11256 rows and 5628 columns
Presolve time: 10.60s
Presolved: 16509 rows, 22136 columns, 1337788 nonzeros
Variable types: 0 continuous, 22136 integer (22136 binary)
Root relaxation presolved: 16509 rows, 22136 columns, 1337788 nonzeros

Deterministic concurrent LP optimizer: primal simplex, dual simplex, and barrier
Showing barrier log only...

Root barrier log...

Ordering time: 0.04s

Barrier statistics:
 Dense cols : 412
 AA' NZ     : 1.077e+07
 Factor NZ  : 3.724e+07 (roughly 300 MB of memory)
 Factor Ops : 2.055e+11 (roughly 1 second per iteration)
 Threads    : 6

                  Objective                Residual
Iter       Primal          Dual         Primal    Dual     Compl     Time
   0   2.40597090e+04  1.52607689e+03  3.22e+05 1.25e-01  3.39e+00    13s
   1   3.96477835e+04  1.98263276e+03  1.83e+05 1.90e-01  2.12e+00    14s
   2   5.85062188e+04  3.05285261e+03  1.33e+05 1.19e-01  1.52e+00    14s
   3   7.28092059e+04  3.02164823e+03  8.44e+04 1.30e-01  1.18e+00    15s
   4   7.13380476e+04  4.38622918e+03  6.15e+04 1.11e-01  9.33e-01    15s
   5   6.06403968e+04  1.39967693e+04  4.90e+04 7.39e-06  7.87e-01    16s
   6   1.23840732e+04  1.06775410e+04  4.18e+03 5.70e-05  8.45e-02    16s
   7   8.65586408e+03  8.72989318e+03  5.47e+02 8.74e-06  1.53e-02    17s
   8   8.19784843e+03  8.29931707e+03  4.30e+01 2.61e-06  2.90e-03    18s
   9   8.19188314e+03  8.23226764e+03  2.68e+01 1.10e-06  1.45e-03    18s
  10   8.18533783e+03  8.19424105e+03  5.02e+00 1.16e-07  3.23e-04    20s
  11   8.18616953e+03  8.19085045e+03  2.58e+00 5.59e-08  1.69e-04    21s
  12   8.18649334e+03  8.18923315e+03  1.97e+00 3.06e-08  1.16e-04    22s

Barrier performed 12 iterations in 22.12 seconds (27.35 work units)
Barrier solve interrupted - model solved by another algorithm

Concurrent spin time: 4.68s (can be avoided by choosing Method=3)

Solved with dual simplex

Root relaxation: objective 8.187010e+03, 14523 iterations, 15.54 seconds (22.72 work units)

    Nodes    |    Current Node    |     Objective Bounds      |     Work
 Expl Unexpl |  Obj  Depth IntInf | Incumbent    BestBd   Gap | It/Node Time

     0     0 8187.01004    0  914   -0.00000 8187.01004      -     -   26s
     0     0 7866.13215    0 1479   -0.00000 7866.13215      -     -   64s
H    0     0                    7080.0000000 7866.13215  11.1%     -   64s
     0     0 7863.38403    0 1481 7080.00000 7863.38403  11.1%     -   68s
     0     0 7863.01662    0 1494 7080.00000 7863.01662  11.1%     -   71s
     0     0 7862.99552    0 1514 7080.00000 7862.99552  11.1%     -   74s
     0     0 7762.28499    0 1707 7080.00000 7762.28499  9.64%     -   99s
H    0     0                    7182.0000000 7762.28499  8.08%     -   99s
H    0     0                    7186.0000000 7762.28499  8.02%     -  100s
     0     0 7740.88785    0 1750 7186.00000 7740.88785  7.72%     -  110s
     0     0 7738.25263    0 1762 7186.00000 7738.25263  7.69%     -  116s
     0     0 7737.60233    0 1837 7186.00000 7737.60233  7.68%     -  121s
     0     0 7737.47426    0 1868 7186.00000 7737.47426  7.67%     -  124s
     0     0 7737.41070    0 1878 7186.00000 7737.41070  7.67%     -  127s
     0     0 7705.63241    0 1969 7186.00000 7705.63241  7.23%     -  160s
H    0     0                    7194.0000000 7705.63241  7.11%     -  160s
H    0     0                    7447.0000000 7705.63241  3.47%     -  161s
     0     0 7697.25066    0 2045 7447.00000 7697.25066  3.36%     -  172s
     0     0 7695.28432    0 2102 7447.00000 7695.28432  3.33%     -  179s
     0     0 7694.69047    0 2164 7447.00000 7694.69047  3.33%     -  184s
     0     0 7694.45217    0 2174 7447.00000 7694.45217  3.32%     -  188s
     0     0 7694.34913    0 2193 7447.00000 7694.34913  3.32%     -  192s
     0     0 7679.48921    0 2125 7447.00000 7679.48921  3.12%     -  229s
H    0     0                    7448.0000000 7679.48921  3.11%     -  229s
     0     0 7674.67382    0 2199 7448.00000 7674.67382  3.04%     -  239s
     0     0 7673.52970    0 2274 7448.00000 7673.52970  3.03%     -  246s
     0     0 7673.12036    0 2336 7448.00000 7673.12036  3.02%     -  251s
     0     0 7672.95845    0 2374 7448.00000 7672.95845  3.02%     -  255s
     0     0 7666.54399    0 2370 7448.00000 7666.54399  2.93%     -  270s
H    0     0                    7501.0000000 7666.54399  2.21%     -  272s
     0     0 7664.28161    0 2451 7501.00000 7664.28161  2.18%     -  281s
     0     0 7663.75354    0 2539 7501.00000 7663.75354  2.17%     -  287s
     0     0 7663.52889    0 2526 7501.00000 7663.52889  2.17%     -  291s
     0     0 7663.45802    0 2562 7501.00000 7663.45802  2.17%     -  295s
     0     0 7659.19457    0 2386 7501.00000 7659.19457  2.11%     -  309s
     0     0 7657.98985    0 2488 7501.00000 7657.98985  2.09%     -  317s
     0     0 7657.60205    0 2582 7501.00000 7657.60205  2.09%     -  323s
     0     0 7657.41913    0 2655 7501.00000 7657.41913  2.09%     -  327s
     0     0 7654.97293    0 2537 7501.00000 7654.97293  2.05%     -  340s
H    0     0                    7519.0000000 7654.97293  1.81%     -  341s
     0     0 7654.07672    0 2677 7519.00000 7654.07672  1.80%     -  348s
     0     0 7653.82262    0 2754 7519.00000 7653.82262  1.79%     -  354s
     0     0 7653.72786    0 2776 7519.00000 7653.72786  1.79%     -  358s
     0     0 7651.98047    0 2660 7519.00000 7651.98047  1.77%     -  369s
     0     0 7651.49608    0 2750 7519.00000 7651.49608  1.76%     -  376s
     0     0 7651.36224    0 2803 7519.00000 7651.36224  1.76%     -  380s
     0     0 7650.60127    0 2725 7519.00000 7650.60127  1.75%     -  389s
H    0     0                    7521.0000000 7650.60127  1.72%     -  391s
H    0     0                    7566.0000000 7650.60127  1.12%     -  444s
     0     0 7650.25903    0 2806 7566.00000 7650.25903  1.11%     -  451s
     0     0 7650.17754    0 2848 7566.00000 7650.17754  1.11%     -  455s
     0     0 7649.57839    0 2756 7566.00000 7649.57839  1.10%     -  462s
     0     0 7649.37242    0 2791 7566.00000 7649.37242  1.10%     -  468s
     0     2 7649.26814    0 2866 7566.00000 7649.26814  1.10%     -  505s
     1     4 7649.18287    1 2874 7566.00000 7649.26801  1.10%  1737  514s
     2     4 7648.78523    1 2884 7566.00000 7649.18281  1.10%  2746  517s
     3     8 7649.11597    2 2938 7566.00000 7649.18281  1.10%  2358  530s
     5     8 7648.89579    2 2946 7566.00000 7649.11580  1.10%  2814  536s
     7    16 7649.00105    3 2964 7566.00000 7649.11473  1.10%  3299  568s
     8    16 7648.25724    3 2910 7566.00000 7649.11473  1.10%  3324  571s
    10    16 7647.42053    3 2869 7566.00000 7649.11473  1.10%  3567  576s
    12    16 7646.91012    3 2979 7566.00000 7649.00095  1.10%  4610  581s
    15    24 7648.91970    4 2967 7566.00000 7649.00061  1.10%  4665  603s
    17    24 7647.75179    4 2932 7566.00000 7649.00061  1.10%  4611  609s
    22    24 7645.86174    4 2864 7566.00000 7649.00061  1.10%  4687  622s
    23    32 7647.85458    4 3007 7566.00000 7648.91957  1.10%  4775  685s
H   31    40                    7568.0000002 7648.91957  1.07%  6086  717s
H   33    40                    7569.0000000 7648.91926  1.06%  5929  722s
    36    40 7646.33896    5 2932 7569.00000 7648.91926  1.06%  5767  730s
    39    48 7648.26935    5 2966 7569.00000 7648.81689  1.05%  5534  764s
    40    48 7647.62924    6 2966 7569.00000 7648.81689  1.05%  5684  766s
    47    56 7648.77021    6 3008 7569.00000 7648.81651  1.05%  5252  801s
    51    56 7646.95069    6 2924 7569.00000 7648.81651  1.05%  5197  811s
    55    65 7648.70803    7 2987 7569.00000 7648.81651  1.05%  5153  842s
    56    65 7646.37962    7 2922 7569.00000 7648.81651  1.05%  5182  845s
    64    73 7648.27862    7 2983 7569.00000 7648.81651  1.05%  4947  888s
H   65    73                    7571.0000000 7648.81651  1.03%  4871  890s
    67    73 7646.57976    8 2895 7571.00000 7648.81651  1.03%  4970  896s
    71    73 7643.53068   10 2855 7571.00000 7648.81651  1.03%  5001  906s
    72    81 7648.18462    8 2956 7571.00000 7648.81651  1.03%  5034 1115s
H   73    81                    7572.0000000 7648.81651  1.01%  4965 1118s
    80    93 7648.53859    8 2994 7572.00000 7648.81651  1.01%  5054 1156s
    82    93 7646.90486    9 2932 7572.00000 7648.81651  1.01%  5044 1162s
    92   105 7648.01165    9 2961 7572.00000 7648.81651  1.01%  4829 1246s
    94   105 7646.95482    9 2919 7572.00000 7648.81651  1.01%  4806 1252s
H  104   117                    7573.0000000 7648.81651  1.00%  4735 1334s
H  105   117                    7574.0000000 7648.81651  0.99%  4799 1337s
   113   117 7643.02919   17 2839 7574.00000 7648.81651  0.99%  4813 1358s
   114   117 7643.01563   18 2837 7574.00000 7648.81651  0.99%  4776 1361s
   116   127 7647.55528   10 2972 7574.00000 7648.81651  0.99%  4774 1403s
   117   127 7646.25461   11 2911 7574.00000 7648.81651  0.99%  4792 1406s
   126   140 7646.25245   10 2964 7574.00000 7648.81651  0.99%  4791 1462s
   132   140 7646.18349    9 2853 7574.00000 7648.81651  0.99%  4815 1478s
H  139   148                    7576.0000000 7648.81651  0.96%  4683 1559s
   140   148 7646.25134   13 2900 7576.00000 7648.81651  0.96%  4768 1561s
H  141   148                    7577.0000000 7648.81651  0.95%  4734 1564s
   142   148 7644.89978    9 2859 7577.00000 7648.81651  0.95%  4797 1567s
   147   163 7647.26384   12 2953 7577.00000 7648.81651  0.95%  4840 1608s
H  148   163                    7578.0000000 7648.81651  0.93%  4807 1611s
H  153   163                    7579.0000000 7648.81651  0.92%  4760 1624s
   155   163 7645.16027   24 2879 7579.00000 7648.81651  0.92%  4743 1630s
   157   163 7644.88453   26 2861 7579.00000 7648.81651  0.92%  4710 1635s
   162   178 7646.89270   13 2969 7579.00000 7648.81651  0.92%  4598 1732s
   165   178 7645.20588   10 2857 7579.00000 7648.81651  0.92%  4739 1740s
   177   194 7646.75860   13 2931 7579.00000 7648.81651  0.92%  4535 1810s
H  178   194                    7581.0000000 7648.81651  0.89%  4509 1813s
   179   194 7645.53749   16 2877 7581.00000 7648.81651  0.89%  4532 1816s
   191   194 7640.78498   34 2809 7581.00000 7648.81651  0.89%  4377 1848s
   192   194 7637.37596   35 2713 7581.00000 7648.81651  0.89%  4405 1850s
   193   210 7646.85625   14 2975 7581.00000 7648.81651  0.89%  4394 1882s
   194   210 7646.28280   14 2945 7581.00000 7648.81651  0.89%  4408 1885s
   209   228 7646.71810   15 2966 7581.00000 7648.81651  0.89%  4291 1974s
   210   228 7646.63888   16 2962 7581.00000 7648.81651  0.89%  4279 1977s
   211   228 7645.79650   19 2898 7581.00000 7648.81651  0.89%  4266 1980s
   225   228 7637.20200   39 2720 7581.00000 7648.81651  0.89%  4123 2017s
   227   247 7646.58536   17 2977 7581.00000 7648.81651  0.89%  4154 2054s
   228   247 7646.31519   18 2925 7581.00000 7648.81651  0.89%  4148 2056s
   230   247 7645.53971   21 2895 7581.00000 7648.81651  0.89%  4142 2062s
   246   260 7646.24617   19 2917 7581.00000 7648.81651  0.89%  4032 2134s
   247   260 7646.21233   20 2918 7581.00000 7648.81651  0.89%  4021 2137s
   248   260 7646.19515   21 2929 7581.00000 7648.81651  0.89%  4009 2140s
   253   260 7645.31941   14 2860 7581.00000 7648.81651  0.89%  4017 2153s
   254   260 7643.40856   22 2793 7581.00000 7648.81651  0.89%  4032 2156s
   259   277 7646.15540   22 2921 7581.00000 7648.81651  0.89%  4003 2210s
   261   277 7645.25274   23 2873 7581.00000 7648.81651  0.89%  4004 2215s
   276   298 7646.12937   23 2903 7581.00000 7648.81651  0.89%  3900 2290s
   280   298 7644.22123   23 2864 7581.00000 7648.81651  0.89%  3912 2301s
   297   312 7645.96858   24 2926 7581.00000 7648.81651  0.89%  3793 2395s
   304   312 7643.15313   17 2838 7581.00000 7648.81651  0.89%  3770 2413s
   313   333 7645.76828   26 2923 7581.00000 7648.81651  0.89%  3734 2482s
   315   333 7645.63263   28 2916 7581.00000 7648.81651  0.89%  3722 2487s
   318   333 7645.00568   25 2880 7581.00000 7648.81651  0.89%  3716 2495s
   320   333 7644.94139   27 2867 7581.00000 7648.81651  0.89%  3700 2501s
   322   333 7644.12154   17 2838 7581.00000 7648.81651  0.89%  3704 2506s
   334   348 7645.42624   29 2905 7581.00000 7648.81651  0.89%  3676 2573s
   335   348 7644.91290   29 2865 7581.00000 7648.81651  0.89%  3671 2575s
   339   348 7644.62766   18 2836 7581.00000 7648.81651  0.89%  3652 2586s
   341   348 7644.33092   20 2838 7581.00000 7648.81651  0.89%  3645 2591s
H  349   356                    7582.0000000 7648.81651  0.88%  3605 2933s
   350   356 7644.54838   30 2840 7582.00000 7648.81651  0.88%  3618 2936s
   352   356 7644.11841   21 2846 7582.00000 7648.81651  0.88%  3622 2941s
   354   356 7643.41850   28 2860 7582.00000 7648.81651  0.88%  3628 2946s
H  355   356                    7583.0000000 7648.81651  0.87%  3618 2949s
   357   367 7645.20771   30 2889 7583.00000 7648.81651  0.87%  3793 3130s
   368   400 7645.16877   31 2879 7583.00000 7648.81651  0.87%  3888 3209s
   369   400 7645.10629   32 2868 7583.00000 7648.81651  0.87%  3882 3212s
   371   400 7644.79358   33 2847 7583.00000 7648.81651  0.87%  3879 3217s
   376   400 7644.24401   31 2839 7583.00000 7648.81651  0.87%  3854 3230s
   378   400 7644.16200   33 2836 7583.00000 7648.81651  0.87%  3840 3236s
   384   400 7644.70994   28 2845 7583.00000 7648.81651  0.87%  3826 3252s
   401   424 7644.99828   34 2873 7583.00000 7648.81651  0.87%  3731 3353s
   402   424 7644.64672   34 2845 7583.00000 7648.81651  0.87%  3737 3356s
   421   424 7629.95782   66 2601 7583.00000 7648.81651  0.87%  3678 3406s
   423   424 7629.84366   68 2619 7583.00000 7648.81651  0.87%  3667 3412s
   425   453 7644.95646   35 2867 7583.00000 7648.81651  0.87%  3671 3477s
   426   453 7644.86313   36 2841 7583.00000 7648.81651  0.87%  3667 3480s
   454   485 7644.82593   37 2847 7583.00000 7648.81651  0.87%  3552 3602s
   455   485 7644.79867   38 2861 7583.00000 7648.81651  0.87%  3546 3605s
   460   485 7644.01964   36 2823 7583.00000 7648.81651  0.87%  3525 3618s
   461   485 7643.99634   37 2824 7583.00000 7648.81651  0.87%  3520 3621s
   463   485 7643.91798   39 2823 7583.00000 7648.81651  0.87%  3508 3626s

Cutting planes:
  Gomory: 83
  Lift-and-project: 26
  Cover: 464
  Clique: 20
  MIR: 1741
  StrongCG: 126
  GUB cover: 2460
  Zero half: 6
  Mod-K: 1
  RLT: 2518
  PSD: 5
  Lazy constraints: 528

Explored 486 nodes (1843558 simplex iterations) in 3686.03 seconds (5890.69 work units)
Thread count was 8 (of 8 available processors)

Solution count 10: 7583 7582 7581 ... 7572

Time limit reached
Best objective 7.583000000000e+03, best bound 7.648000000000e+03, gap 0.8572%

User-callback calls 427996, time in user-callback 1398.81 sec
