
Gurobi 9.5.1 (linux64) logging started Thu Jun  9 03:13:31 2022

Set parameter LogFile to value "../results/logs/log_CA-CondMat_20_250_2022_06_09_02_13.log"
Gurobi Optimizer version 9.5.1 build v9.5.1rc2 (linux64)
Thread count: 8 physical cores, 8 logical processors, using up to 8 threads
Optimize a model with 3747 rows, 46266 columns and 155485 nonzeros
Model fingerprint: 0xd00cb5ec
Variable types: 0 continuous, 46266 integer (46266 binary)
Coefficient statistics:
  Matrix range     [1e+00, 2e+01]
  Objective range  [1e+00, 1e+00]
  Bounds range     [1e+00, 1e+00]
  RHS range        [1e+00, 2e+02]
Found heuristic solution: objective 51.0000000
Presolve removed 9 rows and 36226 columns
Presolve time: 0.15s
Presolved: 3738 rows, 10040 columns, 91748 nonzeros
Variable types: 0 continuous, 10040 integer (7954 binary)
Found heuristic solution: objective 64.0000000

Root relaxation: objective 1.073321e+03, 4046 iterations, 0.69 seconds (1.25 work units)

    Nodes    |    Current Node    |     Objective Bounds      |     Work
 Expl Unexpl |  Obj  Depth IntInf | Incumbent    BestBd   Gap | It/Node Time

     0     0 1073.32132    0 2054   64.00000 1073.32132  1577%     -    0s
H    0     0                     129.0000000 1073.32132   732%     -    3s
H    0     0                     160.0000000 1073.32132   571%     -    3s
H    0     0                     173.0000000 1073.32132   520%     -    3s
H    0     0                     180.0000000 1073.32132   496%     -    3s
H    0     0                     183.0000000 1073.32132   487%     -    3s
H    0     0                     185.0000000 1073.32132   480%     -    3s
H    0     0                     187.0000000 1073.32132   474%     -    3s
H    0     0                     189.0000000  897.68739   375%     -    6s
H    0     0                     196.0000000  897.68739   358%     -    6s
H    0     0                     197.0000000  897.68739   356%     -    6s
H    0     0                     204.0000000  897.68739   340%     -    6s
H    0     0                     207.0000000  897.68739   334%     -    6s
     0     0  897.68739    0 2108  207.00000  897.68739   334%     -    6s
H    0     0                     214.0000000  897.68739   319%     -    6s
H    0     0                     220.0000000  837.62267   281%     -    9s
H    0     0                     223.0000000  837.62267   276%     -    9s
     0     0  837.62267    0 2203  223.00000  837.62267   276%     -    9s
H    0     0                     231.0000000  777.39694   237%     -   13s
H    0     0                     248.0000000  777.39694   213%     -   13s
     0     0  777.39694    0 2242  248.00000  777.39694   213%     -   13s
     0     0  763.23784    0 2308  248.00000  763.23784   208%     -   16s
     0     0  761.21399    0 2341  248.00000  761.21399   207%     -   18s
     0     0  760.98215    0 2362  248.00000  760.98215   207%     -   18s
     0     0  760.93421    0 2388  248.00000  760.93421   207%     -   19s
     0     0  727.62610    0 2323  248.00000  727.62610   193%     -   25s
H    0     0                     249.0000000  727.62610   192%     -   25s
H    0     0                     260.0000000  713.40270   174%     -   32s
     0     0  713.40270    0 2465  260.00000  713.40270   174%     -   32s
H    0     0                     272.0000000  702.44595   158%     -   38s
     0     0  702.44595    0 2484  272.00000  702.44595   158%     -   38s
     0     0  694.64022    0 2517  272.00000  694.64022   155%     -   45s
H    0     0                     274.0000000  689.67450   152%     -   53s
H    0     0                     279.0000000  689.67450   147%     -   53s
H    0     0                     282.0000000  689.67450   145%     -   53s
H    0     0                     285.0000000  689.67450   142%     -   53s
     0     0  689.67450    0 2565  285.00000  689.67450   142%     -   53s
H    0     0                     288.0000000  687.99947   139%     -   58s
H    0     0                     291.0000000  687.99947   136%     -   58s
H    0     0                     292.0000000  687.99947   136%     -   58s
H    0     0                     293.0000000  687.99947   135%     -   58s
H    0     0                     305.0000000  687.99947   126%     -   58s
     0     0  687.99947    0 2597  305.00000  687.99947   126%     -   58s
H    0     0                     321.0000000  687.24066   114%     -   62s
     0     0  687.24066    0 2658  321.00000  687.24066   114%     -   62s
     0     0  686.99726    0 2699  321.00000  686.99726   114%     -   64s
     0     0  669.27647    0 2744  321.00000  669.27647   108%     -   82s
H    0     0                     323.0000000  662.40748   105%     -   93s
     0     0  662.40748    0 2853  323.00000  662.40748   105%     -   93s
H    0     0                     325.0000000  659.70723   103%     -  104s
H    0     0                     326.0000000  659.70723   102%     -  104s
     0     0  659.70723    0 2906  326.00000  659.70723   102%     -  104s
H    0     0                     328.0000000  658.18513   101%     -  113s
H    0     0                     329.0000000  658.18513   100%     -  113s
     0     0  658.18513    0 2976  329.00000  658.18513   100%     -  113s
     0     0  657.51958    0 3030  329.00000  657.51958   100%     -  120s
H    0     0                     330.0000000  657.29009  99.2%     -  124s
     0     0  657.29009    0 3077  330.00000  657.29009  99.2%     -  124s
H    0     0                     331.0000000  648.12817  95.8%     -  146s
H    0     0                     332.0000000  648.12817  95.2%     -  146s
     0     0  648.12817    0 3064  332.00000  648.12817  95.2%     -  146s
     0     0  643.37191    0 3038  332.00000  643.37191  93.8%     -  163s
     0     0  639.13827    0 3102  332.00000  639.13827  92.5%     -  179s
     0     0  636.17177    0 3117  332.00000  636.17177  91.6%     -  193s
     0     0  634.54506    0 3129  332.00000  634.54506  91.1%     -  204s
H    0     0                     335.0000000  633.35130  89.1%     -  216s
     0     0  633.35130    0 3186  335.00000  633.35130  89.1%     -  216s
     0     0  632.66373    0 3241  335.00000  632.66373  88.9%     -  227s
H    0     0                     336.0000000  632.32261  88.2%     -  234s
     0     0  632.32261    0 3285  336.00000  632.32261  88.2%     -  234s
H    0     0                     337.0000000  627.06409  86.1%     -  257s
     0     0  627.06409    0 3170  337.00000  627.06409  86.1%     -  257s
H    0     0                     342.0000000  627.06409  83.4%     -  257s
     0     0  623.89875    0 3276  342.00000  623.89875  82.4%     -  275s
H    0     0                     344.0000000  621.38969  80.6%     -  293s
H    0     0                     345.0000000  621.38969  80.1%     -  293s
     0     0  621.38969    0 3308  345.00000  621.38969  80.1%     -  293s
H    0     0                     346.0000000  619.49939  79.0%     -  310s
H    0     0                     348.0000000  619.49939  78.0%     -  310s
H    0     0                     351.0000000  619.49939  76.5%     -  310s
     0     0  619.49939    0 3335  351.00000  619.49939  76.5%     -  310s
     0     0  618.28731    0 3365  351.00000  618.28731  76.2%     -  325s
H    0     0                     353.0000000  617.35175  74.9%     -  340s
     0     0  617.35175    0 3379  353.00000  617.35175  74.9%     -  340s
H    0     0                     357.0000000  616.71989  72.8%     -  352s
     0     0  616.71989    0 3454  357.00000  616.71989  72.8%     -  352s
H    0     0                     359.0000000  613.17571  70.8%     -  376s
     0     0  613.17571    0 3402  359.00000  613.17571  70.8%     -  377s
H    0     0                     360.0000000  611.23376  69.8%     -  395s
     0     0  611.23376    0 3438  360.00000  611.23376  69.8%     -  395s
     0     0  609.66497    0 3431  360.00000  609.66497  69.4%     -  413s
     0     0  608.69290    0 3513  360.00000  608.69290  69.1%     -  428s
     0     0  607.86359    0 3552  360.00000  607.86359  68.9%     -  443s
     0     0  607.11187    0 3581  360.00000  607.11187  68.6%     -  458s
H    0     0                     362.0000000  604.57401  67.0%     -  483s
H    0     0                     364.0000000  604.57401  66.1%     -  483s
     0     0  604.57401    0 3517  364.00000  604.57401  66.1%     -  483s
H    0     0                     365.0000000  604.57401  65.6%     -  483s
H    0     0                     366.0000000  603.43686  64.9%     -  500s
     0     0  603.43686    0 3596  366.00000  603.43686  64.9%     -  500s
H    0     0                     368.0000000  602.08060  63.6%     -  518s
     0     0  602.08060    0 3607  368.00000  602.08060  63.6%     -  518s
H    0     0                     369.0000000  601.25983  62.9%     -  534s
     0     0  601.25983    0 3657  369.00000  601.25983  62.9%     -  534s
     0     0  600.55877    0 3643  369.00000  600.55877  62.8%     -  549s
H    0     0                     370.0000000  598.71711  61.8%     -  572s
     0     0  598.71711    0 3612  370.00000  598.71711  61.8%     -  572s
     0     0  598.71711    0 3606  370.00000  598.71711  61.8%     -  574s
     0     2  598.71670    0 3605  370.00000  598.71670  61.8%     -  604s
     1     4  598.62466    1 3548  370.00000  598.71670  61.8%   831  605s
     3     8  597.65495    2 3669  370.00000  598.67322  61.8%  2891  624s
     7    16  595.28727    3 3866  370.00000  597.65493  61.5%  6402  812s
    15    24  592.74495    4 4024  370.00000  595.28720  60.9% 19436  924s
    23    32  592.57315    4 4003  370.00000  595.09041  60.8% 22446 1045s
H   31    40                     371.0000000  593.59131  60.0% 20734 1059s
    39    48  592.11912    5 3996  371.00000  593.59131  60.0% 17219 1087s
    47    58  592.19051    6 4044  371.00000  593.59131  60.0% 15160 1140s
    57    69  591.68278    7 4010  371.00000  593.59131  60.0% 13062 1162s
    68    80  591.66000    8 4010  371.00000  593.59131  60.0% 11391 1193s
H   77    80                     372.0000000  593.59131  59.6% 10422 1193s
    79    93  591.58522    9 4001  372.00000  593.59131  59.6% 10230 1272s
    92   106  591.24634   10 3990  372.00000  593.59131  59.6%  9528 1310s
   105   120  591.19259   11 4019  372.00000  593.59131  59.6%  8798 1345s
   119   135  590.43521   13 3997  372.00000  593.59131  59.6%  8133 1383s
   134   151  590.64199   13 4002  372.00000  593.59131  59.6%  7581 1408s
   150   162  590.60937   14 4006  372.00000  593.59131  59.6%  7002 1442s
   161   178  590.50013   16 3991  372.00000  593.59131  59.6%  6826 1478s
   177   195  589.65521   17 3987  372.00000  593.59131  59.6%  6610 1517s
   194   215  589.49077   18 3981  372.00000  593.59131  59.6%  6319 1551s
H  198   215                     373.0000000  593.59131  59.1%  6263 1551s
   214   231  588.47454   19 3941  373.00000  593.59131  59.1%  5989 1584s
   230   244  588.08372   19 3951  373.00000  593.59131  59.1%  5782 1639s
   243   265  588.41206   20 3930  373.00000  593.59131  59.1%  5723 1684s
H  247   265                     374.0000000  593.59131  58.7%  5691 1684s
   264   285  588.34029   21 3924  374.00000  593.59131  58.7%  5624 1731s
   284   301  587.41099   22 3921  374.00000  593.59131  58.7%  5552 1859s
   300   323  588.09203   23 3924  374.00000  593.59131  58.7%  5468 1903s
H  312   323                     375.0000000  593.59131  58.3%  5392 1903s
   322   348  587.95780   25 3912  375.00000  593.59131  58.3%  5386 1952s
H  349   373                     376.0000000  593.59131  57.9%  5262 1998s
   374   399  587.49047   29 3902  376.00000  593.59131  57.9%  5203 2054s
   400   427  587.33716   31 3873  376.00000  593.59131  57.9%  5156 2108s
   428   458  587.18369   34 3870  376.00000  593.59131  57.9%  5078 2161s
   459   485  586.91563   36 3873  376.00000  593.59131  57.9%  4995 2219s
   486   518  586.88314   38 3892  376.00000  593.59131  57.9%  4961 2280s
   519   555  586.76718   40 3880  376.00000  593.59131  57.9%  4892 2338s
H  529   555                     378.0000000  593.59131  57.0%  4859 2338s
   556   600  585.90117   46 3855  378.00000  593.59131  57.0%  4802 2399s
   601   647  585.55562   49 3816  378.00000  593.59131  57.0%  4685 2460s
   648   685  585.53822   52 3796  378.00000  593.59131  57.0%  4555 2526s
   686   718  585.07451   54 3792  378.00000  593.59131  57.0%  4524 2586s
   719   761  584.80850   59 3783  378.00000  593.59131  57.0%  4512 2650s
   762   813  584.37960   62 3771  378.00000  593.59131  57.0%  4477 2722s
H  771   813                     380.0000000  593.59131  56.2%  4473 2722s
   814   861  583.51066   65 3716  380.00000  593.59131  56.2%  4419 2809s
   862   911  583.20588   66 3725  380.00000  593.59131  56.2%  4418 2886s
   912   969  581.98078   70 3702  380.00000  593.59131  56.2%  4388 2961s
   970  1031  581.07616   74 3657  380.00000  593.59131  56.2%  4317 3037s
  1034  1092  579.90104   77 3670  380.00000  593.59131  56.2%  4239 3111s
  1095  1150  578.08467   80 3614  380.00000  593.59131  56.2%  4186 3197s
  1161  1180  576.86088   83 3665  380.00000  593.59131  56.2%  4136 3311s
  1191  1230  576.38805   84 3620  380.00000  593.59131  56.2%  4245 3423s
  1241  1289  575.41536   90 3662  380.00000  593.59131  56.2%  4283 3528s
H 1300  1318                     381.0000000  593.59131  55.8%  4291 3600s

Cutting planes:
  Gomory: 18
  Cover: 252
  Implied bound: 115
  MIR: 1941
  StrongCG: 231
  GUB cover: 1469
  Zero half: 4
  Mod-K: 1
  RLT: 3272
  Relax-and-lift: 2

Explored 1329 nodes (6008054 simplex iterations) in 3600.03 seconds (6414.60 work units)
Thread count was 8 (of 8 available processors)

Solution count 10: 381 380 378 ... 370

Time limit reached
Best objective 3.810000000000e+02, best bound 5.930000000000e+02, gap 55.6430%
