
Gurobi 9.5.0 (win64) logging started Tue Dec  7 01:37:13 2021

Set parameter LogFile to value "../results/logs/log_2021_12_07_01_36.csv_11_56.log"
Set parameter Method to value 3
Gurobi Optimizer version 9.5.0 build v9.5.0rc5 (win64)
Thread count: 6 physical cores, 12 logical processors, using up to 12 threads
Optimize a model with 6334 rows, 8078 columns and 360309 nonzeros
Model fingerprint: 0x3e334c89
Variable types: 4039 continuous, 4039 integer (4039 binary)
Coefficient statistics:
  Matrix range     [1e+00, 1e+01]
  Objective range  [1e+00, 1e+00]
  Bounds range     [1e+00, 1e+00]
  RHS range        [1e+00, 6e+01]
Found heuristic solution: objective 2904.0000000
Presolve removed 6089 rows and 7747 columns
Presolve time: 0.05s
Presolved: 245 rows, 331 columns, 2186 nonzeros
Variable types: 160 continuous, 171 integer (158 binary)
Found heuristic solution: objective 2937.0000000

Root relaxation: objective 3.032773e+03, 262 iterations, 0.00 seconds (0.00 work units)

    Nodes    |    Current Node    |     Objective Bounds      |     Work
 Expl Unexpl |  Obj  Depth IntInf | Incumbent    BestBd   Gap | It/Node Time

     0     0 3032.77315    0   76 2937.00000 3032.77315  3.26%     -    0s
H    0     0                    2990.0000000 3032.77315  1.43%     -    0s
H    0     0                    2991.0000000 3032.77315  1.40%     -    0s
H    0     0                    2995.0000000 3032.77315  1.26%     -    0s
     0     0 3014.43987    0   49 2995.00000 3014.43987  0.65%     -    0s
H    0     0                    2996.0000000 3014.43987  0.62%     -    0s
     0     0 3012.88227    0   46 2996.00000 3012.88227  0.56%     -    0s
     0     0 3012.52879    0   45 2996.00000 3012.52879  0.55%     -    0s
     0     0 3009.21888    0   33 2996.00000 3009.21888  0.44%     -    0s
H    0     0                    2997.0000000 3009.21888  0.41%     -    0s
H    0     0                    2999.0000000 3009.02267  0.33%     -    0s
     0     0 3009.02267    0   35 2999.00000 3009.02267  0.33%     -    0s
     0     0 3009.01200    0   31 2999.00000 3009.01200  0.33%     -    0s
H    0     0                    3003.0000000 3009.01200  0.20%     -    0s
     0     0 3008.34829    0   40 3003.00000 3008.34829  0.18%     -    0s
H    0     0                    3004.0000000 3008.34829  0.14%     -    0s
     0     0 3008.08774    0   38 3004.00000 3008.08774  0.14%     -    0s
     0     0 3008.01409    0   40 3004.00000 3008.01409  0.13%     -    0s
H    0     0                    3006.0000000 3007.91193  0.06%     -    0s
     0     0 3007.91193    0   39 3006.00000 3007.91193  0.06%     -    0s
     0     0 3007.90984    0   39 3006.00000 3007.90984  0.06%     -    0s
     0     0 3007.76412    0   31 3006.00000 3007.76412  0.06%     -    0s
     0     0 3007.60257    0   31 3006.00000 3007.60257  0.05%     -    0s
     0     0 3007.56771    0   30 3006.00000 3007.56771  0.05%     -    0s
     0     0 3007.56428    0   31 3006.00000 3007.56428  0.05%     -    0s
     0     0 3007.44677    0   31 3006.00000 3007.44677  0.05%     -    0s
     0     0 3007.44677    0   44 3006.00000 3007.44677  0.05%     -    0s
     0     0 3007.44677    0   37 3006.00000 3007.44677  0.05%     -    0s
     0     0 3007.44677    0   28 3006.00000 3007.44677  0.05%     -    0s
     0     0 3007.31345    0   32 3006.00000 3007.31345  0.04%     -    0s
     0     0 3007.28919    0   32 3006.00000 3007.28919  0.04%     -    0s
     0     0 3007.28843    0   32 3006.00000 3007.28843  0.04%     -    0s
     0     0 3007.22896    0   27 3006.00000 3007.22896  0.04%     -    0s
H    0     0                    3007.0000000 3007.22896  0.01%     -    0s
     0     0 3007.18284    0   31 3007.00000 3007.18284  0.01%     -    0s

Cutting planes:
  Gomory: 13
  Implied bound: 1
  MIR: 72
  RLT: 7

Explored 1 nodes (1144 simplex iterations) in 0.25 seconds (0.11 work units)
Thread count was 12 (of 12 available processors)

Solution count 10: 3007 3006 3004 ... 2990

Optimal solution found (tolerance 1.00e-04)
Best objective 3.007000000000e+03, best bound 3.007000000000e+03, gap 0.0000%
