
Gurobi 9.5.1 (linux64) logging started Wed Mar  9 18:05:27 2022

Set parameter LogFile to value "../results/logs/log_2022_03_09_17_57.csv_8_35.log"
Set parameter Method to value 3
Gurobi Optimizer version 9.5.1 build v9.5.1rc2 (linux64)
Thread count: 8 physical cores, 8 logical processors, using up to 8 threads
Optimize a model with 376 rows, 9882 columns and 10225 nonzeros
Model fingerprint: 0x4767d251
Variable types: 4941 continuous, 4941 integer (4941 binary)
Coefficient statistics:
  Matrix range     [1e+00, 8e+00]
  Objective range  [1e+00, 1e+00]
  Bounds range     [1e+00, 1e+00]
  RHS range        [1e+00, 4e+01]
Found heuristic solution: objective -0.0000000
Presolve removed 253 rows and 9678 columns
Presolve time: 0.01s
Presolved: 123 rows, 204 columns, 736 nonzeros
Extracted 47 lazy constraints
Variable types: 113 continuous, 91 integer (90 binary)

Root relaxation: objective 6.459598e+01, 69 iterations, 0.00 seconds (0.00 work units)

    Nodes    |    Current Node    |     Objective Bounds      |     Work
 Expl Unexpl |  Obj  Depth IntInf | Incumbent    BestBd   Gap | It/Node Time

     0     0   64.59598    0   23   -0.00000   64.59598      -     -    0s
H    0     0                       6.0000000   64.59598   977%     -    0s
H    0     0                       8.0000000   64.44866   706%     -    0s
     0     0   26.22972    0   34    8.00000   26.22972   228%     -    0s
     0     0   26.09906    0   33    8.00000   26.09906   226%     -    0s
     0     0   23.90770    0   14    8.00000   23.90770   199%     -    0s
     0     0   23.82643    0   13    8.00000   23.82643   198%     -    0s
     0     0   23.81955    0   13    8.00000   23.81955   198%     -    0s
     0     0   23.25135    0   18    8.00000   23.25135   191%     -    0s
     0     0   23.20324    0   15    8.00000   23.20324   190%     -    0s
     0     0   23.11101    0   11    8.00000   23.11101   189%     -    0s
H    0     0                      21.0000000   23.11101  10.1%     -    0s
     0     0   23.06793    0   13   21.00000   23.06793  9.85%     -    0s
H    0     0                      22.0000000   23.06793  4.85%     -    0s

Cutting planes:
  Gomory: 10
  Lift-and-project: 3
  Implied bound: 7
  MIR: 47
  RLT: 3
  Relax-and-lift: 7
  Lazy constraints: 47

Explored 1 nodes (379 simplex iterations) in 0.05 seconds (0.02 work units)
Thread count was 8 (of 8 available processors)

Solution count 5: 22 21 8 ... -0

Optimal solution found (tolerance 1.00e-04)
Best objective 2.200000000000e+01, best bound 2.200000000000e+01, gap 0.0000%
