
Gurobi 9.5.1 (linux64) logging started Mon Jun 13 00:29:41 2022

Set parameter LogFile to value "../results/logs/log_Brightkite_edges_2_10_2022_06_12_23_13.log"
Gurobi Optimizer version 9.5.1 build v9.5.1rc2 (linux64)
Thread count: 8 physical cores, 8 logical processors, using up to 8 threads
Optimize a model with 4731 rows, 116456 columns and 41097 nonzeros
Model fingerprint: 0x4c6d5656
Variable types: 0 continuous, 116456 integer (116456 binary)
Coefficient statistics:
  Matrix range     [1e+00, 2e+00]
  Objective range  [1e+00, 1e+00]
  Bounds range     [1e+00, 1e+00]
  RHS range        [1e+00, 1e+01]
Found heuristic solution: objective 34706.000000
Presolve removed 3544 rows and 114873 columns
Presolve time: 0.04s
Presolved: 1187 rows, 1583 columns, 4401 nonzeros
Found heuristic solution: objective 34716.000000
Variable types: 0 continuous, 1583 integer (1520 binary)

Root relaxation: objective 3.483150e+04, 1276 iterations, 0.01 seconds (0.01 work units)

    Nodes    |    Current Node    |     Objective Bounds      |     Work
 Expl Unexpl |  Obj  Depth IntInf | Incumbent    BestBd   Gap | It/Node Time

     0     0 34831.5000    0  159 34716.0000 34831.5000  0.33%     -    0s
H    0     0                    34727.000000 34831.5000  0.30%     -    0s
H    0     0                    34732.000000 34831.5000  0.29%     -    0s
H    0     0                    34745.000000 34823.5000  0.23%     -    0s
     0     0 34755.2500    0   23 34745.0000 34755.2500  0.03%     -    0s
H    0     0                    34747.000000 34755.2500  0.02%     -    0s
H    0     0                    34748.000000 34755.2500  0.02%     -    0s

Cutting planes:
  Gomory: 57
  MIR: 54
  StrongCG: 1
  GUB cover: 107
  Zero half: 11
  RLT: 3

Explored 1 nodes (1453 simplex iterations) in 0.16 seconds (0.11 work units)
Thread count was 8 (of 8 available processors)

Solution count 7: 34748 34747 34745 ... 34706

Optimal solution found (tolerance 0.00e+00)
Best objective 3.474800000000e+04, best bound 3.474800000000e+04, gap 0.0000%
