
Gurobi 9.5.1 (linux64) logging started Sun Jul  3 21:56:46 2022

Set parameter LogFile to value "../results/logs/log_flickrEdges_20_20_2022_07_03_20_56.log"
Gurobi Optimizer version 9.5.1 build v9.5.1rc2 (linux64)
Thread count: 8 physical cores, 8 logical processors, using up to 8 threads
Optimize a model with 19606 rows, 211876 columns and 744837 nonzeros
Model fingerprint: 0xe0788e53
Variable types: 0 continuous, 211876 integer (211876 binary)
Coefficient statistics:
  Matrix range     [1e+00, 2e+01]
  Objective range  [1e+00, 1e+00]
  Bounds range     [1e+00, 1e+00]
  RHS range        [1e+00, 2e+01]
Found heuristic solution: objective 15808.000000
Presolve removed 207 rows and 143164 columns
Presolve time: 1.33s
Presolved: 19399 rows, 68712 columns, 377768 nonzeros
Found heuristic solution: objective 15819.000000
Variable types: 0 continuous, 68712 integer (64958 binary)

Deterministic concurrent LP optimizer: primal and dual simplex
Showing first log only...

Warning: Markowitz tolerance tightened to 0.03125

Root simplex log...

Iteration    Objective       Primal Inf.    Dual Inf.      Time
    5251    1.6160360e+04   0.000000e+00   1.648902e+02      6s
    5702    1.6171169e+04   0.000000e+00   0.000000e+00      8s
Concurrent spin time: 0.00s

Solved with primal simplex

Root relaxation: objective 1.617117e+04, 5702 iterations, 6.86 seconds (12.03 work units)

    Nodes    |    Current Node    |     Objective Bounds      |     Work
 Expl Unexpl |  Obj  Depth IntInf | Incumbent    BestBd   Gap | It/Node Time

     0     0 16171.1687    0 5037 15819.0000 16171.1687  2.23%     -   12s
H    0     0                    15831.000000 16171.1687  2.15%     -   23s
     0     0 16040.4346    0 4939 15831.0000 16040.4346  1.32%     -   28s
     0     0 15993.0256    0 4777 15831.0000 15993.0256  1.02%     -   35s
     0     0 15948.0699    0 4477 15831.0000 15948.0699  0.74%     -   42s
     0     0 15927.0513    0 4418 15831.0000 15927.0513  0.61%     -   50s
     0     0 15922.6393    0 4449 15831.0000 15922.6393  0.58%     -   53s
     0     0 15900.9567    0 4472 15831.0000 15900.9567  0.44%     -   69s
     0     0 15898.1756    0 4500 15831.0000 15898.1756  0.42%     -   74s
     0     0 15887.9793    0 4574 15831.0000 15887.9793  0.36%     -   89s
     0     0 15885.9960    0 4572 15831.0000 15885.9960  0.35%     -   95s
     0     0 15879.1052    0 4544 15831.0000 15879.1052  0.30%     -  111s
     0     0 15876.6053    0 4626 15831.0000 15876.6053  0.29%     -  121s
     0     0 15873.5037    0 4625 15831.0000 15873.5037  0.27%     -  137s
     0     0 15872.6554    0 4666 15831.0000 15872.6554  0.26%     -  146s
     0     0 15870.7468    0 4535 15831.0000 15870.7468  0.25%     -  159s
H    0     0                    15833.000000 15869.5517  0.23%     -  168s
     0     0 15869.5517    0 4350 15833.0000 15869.5517  0.23%     -  169s
     0     0 15868.6827    0 4169 15833.0000 15868.6827  0.23%     -  178s
     0     0 15868.6320    0 4142 15833.0000 15868.6320  0.23%     -  180s
     0     0 15868.6194    0 4156 15833.0000 15868.6194  0.22%     -  181s
     0     0 15857.4483    0 4740 15833.0000 15857.4483  0.15%     -  222s
     0     0 15854.1822    0 4776 15833.0000 15854.1822  0.13%     -  240s
     0     0 15851.7225    0 4823 15833.0000 15851.7225  0.12%     -  267s
     0     0 15849.2903    0 5087 15833.0000 15849.2903  0.10%     -  305s
     0     0 15847.9867    0 5263 15833.0000 15847.9867  0.09%     -  341s
     0     0 15846.6965    0 5387 15833.0000 15846.6965  0.09%     -  383s
     0     0 15846.0259    0 5434 15833.0000 15846.0259  0.08%     -  422s
     0     0 15845.5904    0 5570 15833.0000 15845.5904  0.08%     -  456s
     0     0 15845.1920    0 5600 15833.0000 15845.1920  0.08%     -  490s
     0     0 15845.0510    0 5662 15833.0000 15845.0510  0.08%     -  509s
     0     0 15843.4454    0 5692 15833.0000 15843.4454  0.07%     -  625s
     0     0 15841.9606    0 5812 15833.0000 15841.9606  0.06%     -  717s
     0     0 15841.0416    0 5808 15833.0000 15841.0416  0.05%     -  790s
     0     0 15840.2877    0 5834 15833.0000 15840.2877  0.05%     -  852s
     0     0 15839.8621    0 5908 15833.0000 15839.8621  0.04%     -  917s
     0     0 15839.3984    0 6061 15833.0000 15839.3984  0.04%     -  974s
     0     0 15839.1622    0 6091 15833.0000 15839.1622  0.04%     - 1021s
     0     0 15838.3825    0 6068 15833.0000 15838.3825  0.03%     - 1208s
     0     0 15837.7916    0 6036 15833.0000 15837.7916  0.03%     - 1303s
     0     0 15837.3520    0 6140 15833.0000 15837.3520  0.03%     - 1434s
     0     0 15837.0325    0 6130 15833.0000 15837.0325  0.03%     - 1502s
     0     0 15836.7102    0 6187 15833.0000 15836.7102  0.02%     - 1593s
     0     0 15836.4489    0 6317 15833.0000 15836.4489  0.02%     - 1663s
     0     0 15835.8813    0 6197 15833.0000 15835.8813  0.02%     - 1820s
     0     0 15835.8793    0 6132 15833.0000 15835.8793  0.02%     - 1848s
     0     0 15835.8793    0 6140 15833.0000 15835.8793  0.02%     - 1849s
     0     0 15835.8793    0 6140 15833.0000 15835.8793  0.02%     - 1851s
     0     2 15835.8793    0 6138 15833.0000 15835.8793  0.02%     - 2060s
     6     4 15835.7084    3 6112 15833.0000 15835.7084  0.02%   588 2214s
    12     4 15835.7084    4 6110 15833.0000 15835.7084  0.02%  5728 2352s
    16     4 15835.7039    5 6093 15833.0000 15835.7083  0.02%  8492 3030s
    20     5 15835.7029    6 6089 15833.0000 15835.7029  0.02% 11501 3069s
    24     9 15835.6994    7 6097 15833.0000 15835.7028  0.02%  9954 3118s
    29    12 15835.6972    8 6072 15833.0000 15835.6994  0.02%  8630 3228s
    37    16 15835.6972    9 6074 15833.0000 15835.6972  0.02%  7581 3458s
    45    25 15835.6919   10 6083 15833.0000 15835.6971  0.02%  7583 3600s

Cutting planes:
  Gomory: 7
  Lift-and-project: 1
  Cover: 1381
  Implied bound: 53
  MIR: 1247
  StrongCG: 31
  GUB cover: 629
  Zero half: 1
  RLT: 2226

Explored 54 nodes (527429 simplex iterations) in 3600.04 seconds (5272.94 work units)
Thread count was 8 (of 8 available processors)

Solution count 4: 15833 15831 15819 15808 

Time limit reached
Best objective 1.583300000000e+04, best bound 1.583500000000e+04, gap 0.0126%
