
Gurobi 9.5.1 (linux64) logging started Thu Jun  9 23:12:06 2022

Set parameter LogFile to value "../results/logs/log_Brightkite_edges_20_20_2022_06_09_23_05.log"
Gurobi Optimizer version 9.5.1 build v9.5.1rc2 (linux64)
Thread count: 8 physical cores, 8 logical processors, using up to 8 threads
Optimize a model with 116457 rows, 116456 columns and 1089224 nonzeros
Model fingerprint: 0x6e8eabd6
Variable types: 0 continuous, 116456 integer (116456 binary)
Coefficient statistics:
  Matrix range     [1e+00, 2e+01]
  Objective range  [1e+00, 1e+00]
  Bounds range     [1e+00, 1e+00]
  RHS range        [1e+00, 2e+01]
Found heuristic solution: objective -0.0000000
Presolve removed 107285 rows and 87819 columns
Presolve time: 1.75s
Presolved: 9172 rows, 28637 columns, 392529 nonzeros
Variable types: 0 continuous, 28637 integer (25407 binary)
Found heuristic solution: objective 1.0000000

Root simplex log...

Iteration    Objective       Primal Inf.    Dual Inf.      Time
   15689    3.5586589e+03   4.775668e+02   0.000000e+00      5s
   16813    3.5249132e+03   0.000000e+00   0.000000e+00      6s

Root relaxation: objective 3.524913e+03, 16813 iterations, 4.44 seconds (11.28 work units)

    Nodes    |    Current Node    |     Objective Bounds      |     Work
 Expl Unexpl |  Obj  Depth IntInf | Incumbent    BestBd   Gap | It/Node Time

     0     0 3524.91316    0 2669    1.00000 3524.91316      -     -    7s
H    0     0                    1103.0000000 3524.91316   220%     -   12s
     0     0 2985.34249    0 2364 1103.00000 2985.34249   171%     -   15s
H    0     0                    1126.0000000 2985.34249   165%     -   17s
     0     0 2532.38562    0 2117 1126.00000 2532.38562   125%     -   18s
     0     0 2236.11644    0 1713 1126.00000 2236.11644  98.6%     -   19s
     0     0 2108.31317    0 1311 1126.00000 2108.31317  87.2%     -   20s
     0     0 2055.59065    0 1351 1126.00000 2055.59065  82.6%     -   20s
     0     0 2050.11351    0 1363 1126.00000 2050.11351  82.1%     -   21s
     0     0 2049.05819    0 1299 1126.00000 2049.05819  82.0%     -   21s
     0     0 2048.76940    0 1356 1126.00000 2048.76940  82.0%     -   21s
     0     0 2048.68798    0 1327 1126.00000 2048.68798  81.9%     -   21s
     0     0 1873.80566    0 1420 1126.00000 1873.80566  66.4%     -   26s
     0     0 1818.33898    0 1609 1126.00000 1818.33898  61.5%     -   28s
     0     0 1784.81617    0 1702 1126.00000 1784.81617  58.5%     -   30s
     0     0 1752.73579    0 1849 1126.00000 1752.73579  55.7%     -   33s
     0     0 1742.17137    0 2051 1126.00000 1742.17137  54.7%     -   36s
     0     0 1737.85144    0 2130 1126.00000 1737.85144  54.3%     -   40s
     0     0 1735.21797    0 2224 1126.00000 1735.21797  54.1%     -   46s
     0     0 1733.61086    0 2255 1126.00000 1733.61086  54.0%     -   49s
     0     0 1732.78433    0 2292 1126.00000 1732.78433  53.9%     -   50s
     0     0 1693.36933    0 1819 1126.00000 1693.36933  50.4%     -   61s
H    0     0                    1130.0000000 1693.36933  49.9%     -   64s
     0     0 1663.67855    0 1881 1130.00000 1663.67855  47.2%     -   67s
     0     0 1649.96523    0 1955 1130.00000 1649.96523  46.0%     -   71s
     0     0 1639.75503    0 2262 1130.00000 1639.75503  45.1%     -   76s
     0     0 1631.15469    0 2258 1130.00000 1631.15469  44.3%     -   80s
     0     0 1621.26133    0 2374 1130.00000 1621.26133  43.5%     -   84s
     0     0 1614.26703    0 2412 1130.00000 1614.26703  42.9%     -   88s
     0     0 1606.70287    0 2515 1130.00000 1606.70287  42.2%     -   93s
     0     0 1604.09938    0 2575 1130.00000 1604.09938  42.0%     -   96s
     0     0 1602.55660    0 2659 1130.00000 1602.55660  41.8%     -   98s
     0     0 1601.46422    0 2769 1130.00000 1601.46422  41.7%     -  101s
     0     0 1584.75922    0 2408 1130.00000 1584.75922  40.2%     -  116s
     0     0 1577.06696    0 2493 1130.00000 1577.06696  39.6%     -  121s
     0     0 1571.42395    0 2630 1130.00000 1571.42395  39.1%     -  126s
     0     0 1566.75217    0 2749 1130.00000 1566.75217  38.7%     -  133s
H    0     0                    1132.0000000 1564.02065  38.2%     -  138s
     0     0 1564.02065    0 2768 1132.00000 1564.02065  38.2%     -  138s
     0     0 1559.98218    0 2840 1132.00000 1559.98218  37.8%     -  144s
     0     0 1558.18713    0 2888 1132.00000 1558.18713  37.6%     -  148s
     0     0 1554.66591    0 2941 1132.00000 1554.66591  37.3%     -  153s
     0     0 1553.25170    0 3046 1132.00000 1553.25170  37.2%     -  156s
     0     0 1547.80694    0 2836 1132.00000 1547.80694  36.7%     -  163s
H    0     0                    1136.0000000 1547.80694  36.3%     -  172s
H    0     0                    1137.0000000 1544.36080  35.8%     -  177s
     0     0 1544.36080    0 2903 1137.00000 1544.36080  35.8%     -  177s
     0     0 1541.26621    0 2919 1137.00000 1541.26621  35.6%     -  182s
     0     0 1539.41203    0 3071 1137.00000 1539.41203  35.4%     -  187s
     0     0 1536.92418    0 3074 1137.00000 1536.92418  35.2%     -  193s
H    0     0                    1141.0000000 1535.27792  34.6%     -  198s
     0     0 1535.27792    0 3228 1141.00000 1535.27792  34.6%     -  198s
     0     0 1534.32644    0 3274 1141.00000 1534.32644  34.5%     -  202s
     0     0 1530.50921    0 3169 1141.00000 1530.50921  34.1%     -  211s
     0     0 1528.19813    0 3195 1141.00000 1528.19813  33.9%     -  219s
     0     0 1526.79006    0 3327 1141.00000 1526.79006  33.8%     -  224s
     0     0 1523.43915    0 3171 1141.00000 1523.43915  33.5%     -  232s
     0     0 1523.43915    0 3171 1141.00000 1523.43915  33.5%     -  234s
     0     2 1522.98865    0 3171 1141.00000 1522.98865  33.5%     -  261s
     1     4 1522.96305    1 3150 1141.00000 1522.98865  33.5%   607  266s
     7    16 1520.26852    3 3358 1141.00000 1522.83885  33.5%  1873  301s
    15    24 1503.33697    4 3721 1141.00000 1520.26708  33.2%  7514  372s
    23    32 1514.92369    4 3756 1141.00000 1517.71759  33.0% 13089  469s
    31    40 1514.92078    5 3759 1141.00000 1514.92259  32.8% 12266  491s
    39    48 1514.91186    6 3759 1141.00000 1514.92259  32.8% 10189  499s
    47    58 1514.76801    7 3754 1141.00000 1514.92259  32.8%  8730  533s
    57    69 1514.66967    8 3752 1141.00000 1514.92259  32.8%  7602  556s
    68    77 1514.60518    9 3715 1141.00000 1514.92259  32.8%  6767  585s
    76    86 1509.86902    9 3677 1141.00000 1514.92259  32.8%  6338  604s
    85    98 1514.56100   10 3716 1141.00000 1514.92259  32.8%  5953  649s
    97   113 1514.30780   12 3707 1141.00000 1514.92259  32.8%  5435  675s
   112   126 1514.15193   14 3709 1141.00000 1514.92259  32.8%  5011  717s
   125   149 1514.12796   15 3726 1141.00000 1514.92259  32.8%  4853  739s
   148   166 1513.99505   19 3701 1141.00000 1514.92259  32.8%  4286  771s
   165   186 1513.81973   21 3696 1141.00000 1514.92259  32.8%  4111  815s
   185   202 1509.07409   25 3708 1141.00000 1514.92259  32.8%  3948  838s
   205   217 1513.39166   26 3692 1141.00000 1514.92259  32.8%  3715  891s
   224   224 1510.22256   29 3779 1141.00000 1514.92259  32.8%  3660 1020s
   233   239 1510.20742   30 3776 1141.00000 1514.92259  32.8%  3778 1054s
   248   257 1508.66252   32 3771 1141.00000 1514.92259  32.8%  3784 1100s
   266   273 1508.15610   36 3779 1141.00000 1514.92259  32.8%  3833 1150s
   288   279 1506.40348   39 3851 1141.00000 1514.92259  32.8%  3779 1186s
   298   295 1464.00290   39 3717 1141.00000 1514.92259  32.8%  3875 1240s
   314   303 1502.05027   40 3853 1141.00000 1514.92259  32.8%  3936 1283s
   324   327 1501.30724   41 3876 1141.00000 1514.92259  32.8%  3965 1317s
   348   345 1500.13794   44 3798 1141.00000 1514.92259  32.8%  3860 1348s
   368   367 1499.01368   48 3790 1141.00000 1514.92259  32.8%  3813 1376s
   390   393 1497.47646   51 3778 1141.00000 1514.92259  32.8%  3744 1408s
   420   420 1496.29027   53 3799 1141.00000 1514.92259  32.8%  3633 1436s
   447   460 1495.07961   61 3788 1141.00000 1514.92259  32.8%  3525 1476s
   491   489 1494.52280   67 3776 1141.00000 1514.92259  32.8%  3374 1522s
   522   531 1493.31541   71 3744 1141.00000 1514.92259  32.8%  3280 1563s
   576   562 1492.81343   73 3790 1141.00000 1514.92259  32.8%  3113 1615s
   625   570 1488.38292   75 3812 1141.00000 1514.92259  32.8%  3026 1689s
   637   590 1486.24964   76 3805 1141.00000 1514.92259  32.8%  3069 1737s
   657   612 1475.76229   80 3791 1141.00000 1514.92259  32.8%  3103 1790s
   679   659 1473.05265   82 3789 1141.00000 1514.92259  32.8%  3141 1840s
H  705   659                    1143.0000000 1514.92259  32.5%  3105 1840s
   726   701 1473.15037   90 3751 1143.00000 1514.92259  32.5%  3061 1903s
   768   756 1473.11515   91 3742 1143.00000 1514.92259  32.5%  3029 1961s
   823   814 1469.96568  101 3723 1143.00000 1514.92259  32.5%  2951 2009s
   881   825 1467.99676  107 3636 1143.00000 1514.92259  32.5%  2869 2119s
H  883   825                    1144.0000000 1514.92259  32.4%  2865 2119s
H  884   825                    1146.0000000 1514.92259  32.2%  2865 2119s
   892   871 1467.98182  108 3636 1146.00000 1514.92259  32.2%  2861 2173s
   938   930 1465.79649  117 3561 1146.00000 1514.92259  32.2%  2843 2229s
   997   941 1464.04139  126 3540 1146.00000 1514.92259  32.2%  2791 2318s
H  999   941                    1147.0000000 1514.92259  32.1%  2788 2318s
  1008   998 1463.33118  127 3488 1147.00000 1514.92259  32.1%  2792 2375s
  1065  1066 1462.45691  134 3446 1147.00000 1514.92259  32.1%  2758 2438s
  1133  1163 1461.14439  145 3389 1147.00000 1514.92259  32.1%  2714 2507s
  1230  1223 1459.79829  160 3320 1147.00000 1514.92259  32.1%  2619 2581s
  1294  1301 1455.30232  169 3333 1147.00000 1514.92259  32.1%  2608 2671s
  1382  1324 1448.93815  175 3345 1147.00000 1514.92259  32.1%  2570 2746s
  1407  1383 1447.86920  176 3344 1147.00000 1514.92259  32.1%  2602 2831s
  1468  1437 1446.20539  182 3363 1147.00000 1514.92259  32.1%  2617 2918s
  1522  1517 1443.56427  189 3282 1147.00000 1514.92259  32.1%  2645 3006s
  1602  1616 1440.08958  205 3270 1147.00000 1514.92259  32.1%  2634 3098s
  1703  1720 1433.66058  214 3178 1147.00000 1514.92259  32.1%  2602 3184s
H 1821  1722                    1153.0000000 1514.92259  31.4%  2529 3600s

Cutting planes:
  Gomory: 19
  Lift-and-project: 4
  Cover: 637
  Implied bound: 68
  MIR: 1519
  StrongCG: 128
  GUB cover: 2102
  Zero half: 11
  Mod-K: 3
  RLT: 3246

Explored 1835 nodes (4801746 simplex iterations) in 3600.08 seconds (6536.86 work units)
Thread count was 8 (of 8 available processors)

Solution count 10: 1153 1147 1146 ... 1130

Time limit reached
Best objective 1.153000000000e+03, best bound 1.514000000000e+03, gap 31.3096%
