
Gurobi 9.5.1 (linux64) logging started Tue Jun 14 14:44:35 2022

Set parameter LogFile to value "../results/logs/log_facebook_combined_17_250_2022_06_14_14_44.log"
Set parameter LazyConstraints to value 1
Gurobi Optimizer version 9.5.1 build v9.5.1rc2 (linux64)
Thread count: 8 physical cores, 8 logical processors, using up to 8 threads
Optimize a model with 1003 rows, 8078 columns and 27347 nonzeros
Model fingerprint: 0x8f05abfd
Variable types: 0 continuous, 8078 integer (8078 binary)
Coefficient statistics:
  Matrix range     [1e+00, 2e+01]
  Objective range  [1e+00, 1e+00]
  Bounds range     [1e+00, 1e+00]
  RHS range        [1e+00, 2e+02]
Found heuristic solution: objective 2061.0000000
Presolve removed 0 rows and 5599 columns
Presolve time: 0.01s
Presolved: 1003 rows, 2479 columns, 18747 nonzeros
Variable types: 0 continuous, 2479 integer (2479 binary)
Found heuristic solution: objective 2089.0000000

Root relaxation: objective 2.547778e+03, 891 iterations, 0.01 seconds (0.02 work units)

    Nodes    |    Current Node    |     Objective Bounds      |     Work
 Expl Unexpl |  Obj  Depth IntInf | Incumbent    BestBd   Gap | It/Node Time

     0     0 2547.77825    0  109 2089.00000 2547.77825  22.0%     -    0s
H    0     0                    2460.0000000 2547.77825  3.57%     -    0s
H    0     0                    2487.0000000 2547.77825  2.44%     -    0s
H    0     0                    2488.0000000 2547.77825  2.40%     -    0s
     0     0 2541.32957    0  175 2488.00000 2541.32957  2.14%     -    0s
H    0     0                    2495.0000000 2541.32957  1.86%     -    0s
H    0     0                    2520.0000000 2541.32957  0.85%     -    0s
     0     0 2541.03173    0  173 2520.00000 2541.03173  0.83%     -    0s
     0     0 2541.02557    0  174 2520.00000 2541.02557  0.83%     -    1s
     0     0 2541.02537    0  174 2520.00000 2541.02537  0.83%     -    1s
     0     0 2537.44002    0  181 2520.00000 2537.44002  0.69%     -    1s
H    0     0                    2521.0000000 2537.44002  0.65%     -    1s
     0     0 2537.00067    0  148 2521.00000 2537.00067  0.63%     -    1s
     0     0 2536.98963    0  142 2521.00000 2536.98963  0.63%     -    2s
     0     0 2535.68076    0  127 2521.00000 2535.68076  0.58%     -    2s
H    0     0                    2526.0000000 2535.68076  0.38%     -    2s
H    0     0                    2532.0000000 2535.68076  0.15%     -    2s
     0     0 2535.27929    0   88 2532.00000 2535.27929  0.13%     -    2s
     0     0 2535.14237    0   88 2532.00000 2535.14237  0.12%     -    3s
     0     0 2535.10663    0  107 2532.00000 2535.10663  0.12%     -    3s
     0     0 2535.10557    0   90 2532.00000 2535.10557  0.12%     -    3s
     0     0 2534.98081    0   80 2532.00000 2534.98081  0.12%     -    4s
     0     0 2534.78112    0   89 2532.00000 2534.78112  0.11%     -    4s
     0     0 2534.72061    0   95 2532.00000 2534.72061  0.11%     -    4s
     0     0 2534.71100    0  100 2532.00000 2534.71100  0.11%     -    5s
     0     0 2534.62684    0   54 2532.00000 2534.62684  0.10%     -    5s
H    0     0                    2533.0000000 2534.62684  0.06%     -    5s
     0     0 2534.60197    0   78 2533.00000 2534.60197  0.06%     -    5s
     0     0 2534.59510    0   74 2533.00000 2534.59510  0.06%     -    6s
     0     0 2534.56398    0   72 2533.00000 2534.56398  0.06%     -    6s
     0     0 2534.56398    0   64 2533.00000 2534.56398  0.06%     -    6s
     0     0 2534.56398    0   71 2533.00000 2534.56398  0.06%     -    7s
     0     0 2534.56398    0   39 2533.00000 2534.56398  0.06%     -    7s
     0     0 2534.47681    0   55 2533.00000 2534.47681  0.06%     -    7s
     0     0 2534.34695    0   43 2533.00000 2534.34695  0.05%     -    8s
     0     0 2534.34227    0   38 2533.00000 2534.34227  0.05%     -    8s
     0     0 2534.33401    0   53 2533.00000 2534.33401  0.05%     -    8s
     0     0 2534.33401    0   55 2533.00000 2534.33401  0.05%     -    8s
     0     0 2534.28505    0   54 2533.00000 2534.28505  0.05%     -    9s
     0     0 2534.11565    0   36 2533.00000 2534.11565  0.04%     -    9s
     0     0 2534.11419    0   39 2533.00000 2534.11419  0.04%     -    9s
     0     0 2533.99748    0   21 2533.00000 2533.99748  0.04%     -   10s

Cutting planes:
  Gomory: 43
  Lift-and-project: 4
  Cover: 28
  Clique: 3
  MIR: 52
  StrongCG: 9
  GUB cover: 63
  Zero half: 16
  RLT: 22
  Lazy constraints: 7

Explored 1 nodes (3992 simplex iterations) in 10.59 seconds (0.73 work units)
Thread count was 8 (of 8 available processors)

Solution count 10: 2533 2532 2526 ... 2089

Optimal solution found (tolerance 0.00e+00)
Best objective 2.533000000000e+03, best bound 2.533000000000e+03, gap 0.0000%

User-callback calls 502, time in user-callback 10.00 sec
