
Gurobi 9.5.1 (linux64) logging started Sat Jul  2 12:43:20 2022

Set parameter LogFile to value "../results/logs/log_Brightkite_edges_2_250_2022_07_02_12_43.log"
Gurobi Optimizer version 9.5.1 build v9.5.1rc2 (linux64)
Thread count: 8 physical cores, 8 logical processors, using up to 8 threads
Optimize a model with 4731 rows, 116456 columns and 41097 nonzeros
Model fingerprint: 0x35068261
Coefficient statistics:
  Matrix range     [1e+00, 2e+00]
  Objective range  [1e+00, 1e+00]
  Bounds range     [1e+00, 1e+00]
  RHS range        [1e+00, 2e+02]

Concurrent LP optimizer: primal simplex, dual simplex, and barrier
Showing barrier log only...

Presolve removed 3211 rows and 114307 columns
Presolve time: 0.06s
Presolved: 1520 rows, 2149 columns, 5500 nonzeros

Ordering time: 0.00s

Barrier statistics:
 AA' NZ     : 6.050e+02
 Factor NZ  : 1.195e+03
 Factor Ops : 8.153e+03 (less than 1 second per iteration)
 Threads    : 1

                  Objective                Residual
Iter       Primal          Dual         Primal    Dual     Compl     Time
   0   3.90796952e+04  5.22175512e+04  2.01e+02 5.96e+01  3.97e+02     0s
   1   3.60688584e+04  6.19537548e+04  1.91e+01 8.53e-14  5.83e+01     0s
   2   3.58421119e+04  4.26384865e+04  2.23e+00 6.39e-14  8.87e+00     0s
   3   3.58617469e+04  3.64602438e+04  5.33e-15 2.84e-14  6.90e-01     0s
   4   3.60280962e+04  3.61758337e+04  1.08e-13 6.66e-15  1.70e-01     0s
   5   3.60840249e+04  3.61222154e+04  3.38e-14 3.55e-15  4.41e-02     0s
   6   3.60977597e+04  3.61025971e+04  1.78e-15 1.75e-15  5.58e-03     0s
   7   3.60994901e+04  3.60995158e+04  1.24e-14 2.84e-14  2.96e-05     0s
   8   3.60995000e+04  3.60995000e+04  5.33e-15 3.55e-15  2.96e-08     0s
   9   3.60995000e+04  3.60995000e+04  1.64e-13 2.84e-14  2.96e-11     0s

Barrier solved model in 9 iterations and 0.07 seconds (0.04 work units)
Optimal objective 3.60995000e+04

Crossover log...

      71 DPushes remaining with DInf 0.0000000e+00                 0s
       0 DPushes remaining with DInf 0.0000000e+00                 0s

      99 PPushes remaining with PInf 0.0000000e+00                 0s
       0 PPushes remaining with PInf 0.0000000e+00                 0s

  Push phase complete: Pinf 0.0000000e+00, Dinf 0.0000000e+00      0s

Iteration    Objective       Primal Inf.    Dual Inf.      Time
     140    3.6099500e+04   0.000000e+00   0.000000e+00      0s

Use crossover to convert LP symmetric solution to basic solution...
Crossover log...

       0 DPushes remaining with DInf 0.0000000e+00                 0s

      59 PPushes remaining with PInf 0.0000000e+00                 0s
       0 PPushes remaining with PInf 0.0000000e+00                 0s

  Push phase complete: Pinf 0.0000000e+00, Dinf 0.0000000e+00      0s

Iteration    Objective       Primal Inf.    Dual Inf.      Time
     204    3.6099500e+04   0.000000e+00   0.000000e+00      0s

Solved with dual simplex
Solved in 423 iterations and 0.09 seconds (0.04 work units)
Optimal objective  3.609950000e+04
