
Gurobi 9.5.1 (linux64) logging started Thu Jun 23 15:05:15 2022

Set parameter LogFile to value "../results/logs/log_socfb-Syracuse56_46_250_2022_06_23_15_05.log"
Gurobi Optimizer version 9.5.1 build v9.5.1rc2 (linux64)
Thread count: 8 physical cores, 8 logical processors, using up to 8 threads
Optimize a model with 2835 rows, 27306 columns and 173405 nonzeros
Model fingerprint: 0x02da7d9c
Variable types: 0 continuous, 27306 integer (27306 binary)
Coefficient statistics:
  Matrix range     [1e+00, 5e+01]
  Objective range  [1e+00, 1e+00]
  Bounds range     [1e+00, 1e+00]
  RHS range        [1e+00, 2e+02]
Found heuristic solution: objective 6985.0000000
Presolve removed 25 rows and 20770 columns
Presolve time: 0.09s
Presolved: 2810 rows, 6536 columns, 58025 nonzeros
Variable types: 0 continuous, 6536 integer (6289 binary)
Found heuristic solution: objective 7088.0000000

Root relaxation: objective 8.106675e+03, 3505 iterations, 0.34 seconds (0.51 work units)

    Nodes    |    Current Node    |     Objective Bounds      |     Work
 Expl Unexpl |  Obj  Depth IntInf | Incumbent    BestBd   Gap | It/Node Time

     0     0 8106.67496    0 1044 7088.00000 8106.67496  14.4%     -    0s
H    0     0                    7133.0000000 8106.67496  13.7%     -    0s
H    0     0                    7165.0000000 8106.67496  13.1%     -    0s
H    0     0                    7303.0000000 8106.67496  11.0%     -    0s
H    0     0                    7358.0000000 7974.65434  8.38%     -    2s
H    0     0                    7367.0000000 7974.65434  8.25%     -    2s
     0     0 7974.65434    0 1297 7367.00000 7974.65434  8.25%     -    2s
H    0     0                    7368.0000000 7974.65434  8.23%     -    2s
H    0     0                    7421.0000000 7974.65434  7.46%     -    2s
     0     0 7907.62726    0 1421 7421.00000 7907.62726  6.56%     -    3s
     0     0 7896.02189    0 1479 7421.00000 7896.02189  6.40%     -    4s
     0     0 7894.46374    0 1524 7421.00000 7894.46374  6.38%     -    5s
     0     0 7894.32404    0 1536 7421.00000 7894.32404  6.38%     -    5s
     0     0 7894.29110    0 1539 7421.00000 7894.29110  6.38%     -    5s
H    0     0                    7423.0000000 7857.84639  5.86%     -    9s
H    0     0                    7426.0000000 7857.84639  5.82%     -    9s
H    0     0                    7427.0000000 7857.84639  5.80%     -    9s
H    0     0                    7429.0000000 7857.84639  5.77%     -    9s
H    0     0                    7431.0000000 7857.84639  5.74%     -    9s
H    0     0                    7437.0000000 7857.84639  5.66%     -    9s
H    0     0                    7440.0000000 7857.84639  5.62%     -    9s
     0     0 7857.84639    0 1687 7440.00000 7857.84639  5.62%     -    9s
H    0     0                    7451.0000000 7839.07884  5.21%     -   13s
H    0     0                    7452.0000000 7839.07884  5.19%     -   13s
H    0     0                    7454.0000000 7839.07884  5.17%     -   13s
H    0     0                    7455.0000000 7839.07884  5.15%     -   13s
H    0     0                    7467.0000000 7839.07884  4.98%     -   13s
H    0     0                    7469.0000000 7839.07884  4.95%     -   13s
H    0     0                    7470.0000000 7839.07884  4.94%     -   13s
H    0     0                    7482.0000000 7839.07884  4.77%     -   13s
H    0     0                    7485.0000000 7839.07884  4.73%     -   13s
H    0     0                    7488.0000000 7839.07884  4.69%     -   13s
H    0     0                    7493.0000000 7839.07884  4.62%     -   13s
     0     0 7839.07884    0 1785 7493.00000 7839.07884  4.62%     -   13s
H    0     0                    7495.0000000 7832.52555  4.50%     -   16s
H    0     0                    7497.0000000 7832.52555  4.48%     -   16s
H    0     0                    7498.0000000 7832.52555  4.46%     -   16s
     0     0 7832.52555    0 1829 7498.00000 7832.52555  4.46%     -   16s
     0     0 7830.49779    0 1865 7498.00000 7830.49779  4.43%     -   19s
H    0     0                    7500.0000000 7829.84208  4.40%     -   20s
     0     0 7829.84208    0 1899 7500.00000 7829.84208  4.40%     -   20s
     0     0 7829.54239    0 1904 7500.00000 7829.54239  4.39%     -   21s
     0     0 7829.41944    0 1918 7500.00000 7829.41944  4.39%     -   22s
H    0     0                    7503.0000000 7816.42839  4.18%     -   29s
H    0     0                    7507.0000000 7816.42839  4.12%     -   29s
H    0     0                    7509.0000000 7816.42839  4.09%     -   29s
     0     0 7816.42839    0 1990 7509.00000 7816.42839  4.09%     -   29s
H    0     0                    7521.0000000 7816.42839  3.93%     -   29s
     0     0 7809.52594    0 2013 7521.00000 7809.52594  3.84%     -   34s
     0     0 7806.99443    0 2039 7521.00000 7806.99443  3.80%     -   38s
     0     0 7805.79901    0 2080 7521.00000 7805.79901  3.79%     -   41s
     0     0 7805.28979    0 2120 7521.00000 7805.28979  3.78%     -   44s
     0     0 7805.11610    0 2142 7521.00000 7805.11610  3.78%     -   45s
H    0     0                    7522.0000000 7798.09606  3.67%     -   52s
     0     0 7798.09606    0 2141 7522.00000 7798.09606  3.67%     -   52s
H    0     0                    7523.0000000 7795.72071  3.63%     -   57s
     0     0 7795.72071    0 2196 7523.00000 7795.72071  3.63%     -   57s
     0     0 7794.56426    0 2276 7523.00000 7794.56426  3.61%     -   61s
     0     0 7794.00899    0 2312 7523.00000 7794.00899  3.60%     -   63s
     0     0 7793.69988    0 2319 7523.00000 7793.69988  3.60%     -   66s
H    0     0                    7525.0000000 7788.61026  3.50%     -   74s
H    0     0                    7526.0000000 7788.61026  3.49%     -   74s
     0     0 7788.61026    0 2238 7526.00000 7788.61026  3.49%     -   74s
H    0     0                    7531.0000000 7788.61026  3.42%     -   74s
     0     0 7785.91505    0 2318 7531.00000 7785.91505  3.38%     -   80s
     0     0 7784.87390    0 2405 7531.00000 7784.87390  3.37%     -   84s
H    0     0                    7536.0000000 7784.36422  3.30%     -   87s
     0     0 7784.36422    0 2474 7536.00000 7784.36422  3.30%     -   87s
     0     0 7784.11059    0 2505 7536.00000 7784.11059  3.29%     -   89s
H    0     0                    7538.0000000 7780.43374  3.22%     -   97s
H    0     0                    7540.0000000 7780.43374  3.19%     -   97s
H    0     0                    7541.0000000 7780.43374  3.18%     -   97s
     0     0 7780.43374    0 2299 7541.00000 7780.43374  3.18%     -   97s
H    0     0                    7543.0000000 7779.06056  3.13%     -  103s
     0     0 7779.06056    0 2387 7543.00000 7779.06056  3.13%     -  103s
H    0     0                    7546.0000000 7778.35218  3.08%     -  107s
H    0     0                    7549.0000000 7778.35218  3.04%     -  107s
     0     0 7778.35218    0 2472 7549.00000 7778.35218  3.04%     -  107s
H    0     0                    7552.0000000 7777.89211  2.99%     -  111s
H    0     0                    7554.0000000 7777.89211  2.96%     -  111s
     0     0 7777.89211    0 2488 7554.00000 7777.89211  2.96%     -  111s
     0     0 7775.61219    0 2441 7554.00000 7775.61219  2.93%     -  118s
     0     0 7775.61219    0 2441 7554.00000 7775.61219  2.93%     -  119s
H    0     0                    7565.0000000 7775.61087  2.78%     -  125s
H    0     0                    7574.0000000 7775.61087  2.66%     -  126s
H    0     2                    7577.0000000 7775.61087  2.62%     -  126s
     0     2 7775.61087    0 2441 7577.00000 7775.61087  2.62%     -  126s
     3     8 7773.96511    2 2499 7577.00000 7775.31069  2.62%  2977  136s
     7    16 7772.68121    3 2644 7577.00000 7773.96376  2.60%  4983  151s
    15    24 7771.87278    4 2729 7577.00000 7772.67890  2.58%  6712  166s
    23    32 7771.67944    5 2727 7577.00000 7772.67890  2.58%  7519  189s
    31    40 7771.60229    6 2726 7577.00000 7772.67890  2.58%  6712  194s
H   33    40                    7581.0000000 7772.67890  2.53%  6371  194s
    39    48 7771.43118    7 2733 7581.00000 7772.67890  2.53%  5758  199s
    47    61 7771.40740    8 2736 7581.00000 7772.67890  2.53%  5137  214s
    60    72 7771.17298   10 2736 7581.00000 7772.67890  2.53%  4293  219s
H   71    82                    7582.0000000 7772.67890  2.51%  3891  233s
    81    91 7771.11906   12 2728 7582.00000 7772.67890  2.51%  3968  247s
    90   100 7770.66083   13 2725 7582.00000 7772.67890  2.51%  4169  257s
    99   111 7770.43490   14 2719 7582.00000 7772.67890  2.51%  4044  263s
   110   123 7770.06231   15 2685 7582.00000 7772.67890  2.51%  3842  271s
   122   135 7769.72466   16 2659 7582.00000 7772.67890  2.51%  3665  282s
   134   149 7769.63916   16 2660 7582.00000 7772.67890  2.51%  3593  291s
H  148   160                    7583.0000000 7772.67890  2.50%  3453  299s
H  154   160                    7584.0000000 7772.67890  2.49%  3406  299s
   159   182 7769.33275   19 2681 7584.00000 7772.67890  2.49%  3469  309s
   181   199 7769.00358   22 2649 7584.00000 7772.67890  2.49%  3248  318s
   198   214 7768.97920   24 2612 7584.00000 7772.67890  2.49%  3132  328s
   213   231 7768.25207   27 2612 7584.00000 7772.67890  2.49%  3096  340s
H  230   249                    7585.0000000 7772.67890  2.47%  3053  349s
   248   268 7767.43690   30 2582 7585.00000 7772.67890  2.47%  3052  361s
   267   289 7767.46819   33 2614 7585.00000 7772.67890  2.47%  2988  370s
H  288   297                    7586.0000000 7772.67890  2.46%  2909  388s
H  296   329                    7587.0000000 7772.67890  2.45%  2885  401s
   328   354 7765.66191   39 2573 7587.00000 7772.67890  2.45%  2755  413s
H  332   354                    7588.0000000 7772.67890  2.43%  2749  413s
   353   377 7764.71257   40 2544 7588.00000 7772.67890  2.43%  2695  424s
   376   405 7763.56699   41 2474 7588.00000 7772.67890  2.43%  2657  436s
   404   435 7764.38194   42 2553 7588.00000 7772.67890  2.43%  2603  448s
H  409   435                    7589.0000000 7772.67890  2.42%  2586  448s
H  421   435                    7590.0000000 7772.67890  2.41%  2589  448s
   434   470 7763.51781   46 2507 7590.00000 7772.67890  2.41%  2544  460s
H  448   470                    7591.0000000 7772.67890  2.39%  2523  460s
   469   510 7762.23906   50 2459 7591.00000 7772.67890  2.39%  2474  474s
   509   544 7760.92494   52 2427 7591.00000 7772.67890  2.39%  2403  485s
H  543   584                    7592.0000000 7772.67890  2.38%  2347  497s
   583   626 7760.32777   56 2445 7592.00000 7772.67890  2.38%  2290  509s
H  596   626                    7593.0000000 7772.67890  2.37%  2271  509s
   627   686 7760.21349   58 2470 7593.00000 7772.67890  2.37%  2218  521s
   687   752 7759.33157   62 2395 7593.00000 7772.67890  2.37%  2114  532s
   753   815 7758.69842   67 2356 7593.00000 7772.67890  2.37%  2011  545s
   816   888 7758.55762   71 2342 7593.00000 7772.67890  2.37%  1934  557s
H  875   888                    7594.0000000 7772.67890  2.35%  1872  557s
   889   953 7757.91743   76 2314 7594.00000 7772.67890  2.35%  1845  571s
   954  1017 7757.63259   78 2270 7594.00000 7772.67890  2.35%  1798  583s
H  976  1017                    7595.0000000 7772.67890  2.34%  1792  583s
H 1018  1102                    7596.0000000 7772.67890  2.33%  1748  596s
  1103  1182 7756.17489   89 2245 7596.00000 7772.67890  2.33%  1672  609s
H 1159  1182                    7597.0000000 7772.67890  2.31%  1653  609s
  1183  1261 7755.27743   93 2223 7597.00000 7772.67890  2.31%  1622  622s
H 1226  1261                    7598.0000000 7772.67890  2.30%  1621  622s
H 1262  1315                    7599.0000000 7772.67890  2.29%  1578  638s
  1324  1364 7753.27983   98 2224 7599.00000 7772.67890  2.29%  1570  656s

Cutting planes:
  Gomory: 37
  Cover: 474
  Implied bound: 3
  Clique: 1
  MIR: 1168
  StrongCG: 136
  GUB cover: 1569
  Zero half: 13
  RLT: 1595
  Relax-and-lift: 1

Explored 1377 nodes (2301440 simplex iterations) in 657.86 seconds (1295.18 work units)
Thread count was 8 (of 8 available processors)

Solution count 10: 7599 7598 7597 ... 7590

Solve interrupted
Best objective 7.599000000000e+03, best bound 7.772000000000e+03, gap 2.2766%
