
Gurobi 9.5.0 (win64) logging started Tue Jun 14 14:41:16 2022

Set parameter LogFile to value "../results/logs/log_CA-HepPh_4_250_2022_06_14_14_41.log"
Set parameter LazyConstraints to value 1
Gurobi Optimizer version 9.5.0 build v9.5.0rc5 (win64)
Thread count: 6 physical cores, 12 logical processors, using up to 12 threads
Optimize a model with 1269 rows, 24012 columns and 13543 nonzeros
Model fingerprint: 0x776a0c3a
Variable types: 0 continuous, 24012 integer (24012 binary)
Coefficient statistics:
  Matrix range     [1e+00, 4e+00]
  Objective range  [1e+00, 1e+00]
  Bounds range     [1e+00, 1e+00]
  RHS range        [1e+00, 3e+02]
Found heuristic solution: objective 6591.0000000
Presolve removed 0 rows and 17963 columns
Presolve time: 0.03s
Presolved: 1269 rows, 6049 columns, 9921 nonzeros
Variable types: 0 continuous, 6049 integer (6049 binary)
Found heuristic solution: objective 6832.0000000

Root relaxation: objective 7.039237e+03, 958 iterations, 0.02 seconds (0.01 work units)

    Nodes    |    Current Node    |     Objective Bounds      |     Work
 Expl Unexpl |  Obj  Depth IntInf | Incumbent    BestBd   Gap | It/Node Time

     0     0 7039.23666    0  242 6832.00000 7039.23666  3.03%     -    0s
H    0     0                    6948.0000000 7039.23666  1.31%     -    0s
H    0     0                    6949.0000000 7039.23666  1.30%     -    0s
     0     0 6985.96031    0  114 6949.00000 6985.96031  0.53%     -    0s
H    0     0                    6964.0000000 6985.96031  0.32%     -    0s
H    0     0                    6965.0000000 6985.96031  0.30%     -    0s
H    0     0                    6977.0000000 6985.96031  0.13%     -    0s
     0     0 6984.23889    0  132 6977.00000 6984.23889  0.10%     -    0s
     0     0 6984.11768    0  132 6977.00000 6984.11768  0.10%     -    0s
     0     0 6979.95940    0   31 6977.00000 6979.95940  0.04%     -    0s
     0     0 6979.63320    0   30 6977.00000 6979.63320  0.04%     -    0s
     0     0 6979.32685    0   30 6977.00000 6979.32685  0.03%     -    0s
     0     0 6979.28241    0   29 6977.00000 6979.28241  0.03%     -    0s
     0     0 6979.05170    0   21 6977.00000 6979.05170  0.03%     -    0s
H    0     0                    6978.0000000 6979.05170  0.02%     -    0s
     0     0     cutoff    0      6978.00000 6978.00000  0.00%     -    0s

Cutting planes:
  Gomory: 78
  Cover: 14
  Clique: 3
  MIR: 76
  StrongCG: 1
  GUB cover: 164
  Zero half: 4
  Mod-K: 1
  RLT: 6

Explored 1 nodes (1567 simplex iterations) in 0.64 seconds (0.12 work units)
Thread count was 12 (of 12 available processors)

Solution count 8: 6978 6977 6965 ... 6591

Optimal solution found (tolerance 0.00e+00)
Best objective 6.978000000000e+03, best bound 6.978000000000e+03, gap 0.0000%

User-callback calls 272, time in user-callback 0.28 sec
