
Gurobi 9.5.1 (linux64) logging started Wed Mar  9 18:05:28 2022

Set parameter LogFile to value "../results/logs/log_2022_03_09_17_57.csv_8_60.log"
Set parameter Method to value 3
Gurobi Optimizer version 9.5.1 build v9.5.1rc2 (linux64)
Thread count: 8 physical cores, 8 logical processors, using up to 8 threads
Optimize a model with 376 rows, 9882 columns and 10225 nonzeros
Model fingerprint: 0xb5429317
Variable types: 4941 continuous, 4941 integer (4941 binary)
Coefficient statistics:
  Matrix range     [1e+00, 8e+00]
  Objective range  [1e+00, 1e+00]
  Bounds range     [1e+00, 1e+00]
  RHS range        [1e+00, 6e+01]
Found heuristic solution: objective -0.0000000
Presolve removed 253 rows and 9677 columns
Presolve time: 0.01s
Presolved: 123 rows, 205 columns, 737 nonzeros
Extracted 47 lazy constraints
Variable types: 113 continuous, 92 integer (90 binary)

Root relaxation: objective 7.122328e+01, 34 iterations, 0.00 seconds (0.00 work units)

    Nodes    |    Current Node    |     Objective Bounds      |     Work
 Expl Unexpl |  Obj  Depth IntInf | Incumbent    BestBd   Gap | It/Node Time

     0     0   71.22328    0   22   -0.00000   71.22328      -     -    0s
H    0     0                       9.0000000   71.22328   691%     -    0s
     0     0   36.55117    0   37    9.00000   36.55117   306%     -    0s
     0     0   36.45146    0   36    9.00000   36.45146   305%     -    0s
     0     0   33.51630    0   19    9.00000   33.51630   272%     -    0s
H    0     0                      14.0000000   33.51630   139%     -    0s
     0     0   33.28435    0   15   14.00000   33.28435   138%     -    0s
H    0     0                      20.0000000   33.28396  66.4%     -    0s
H    0     0                      29.0000000   33.28396  14.8%     -    0s
     0     0   33.28396    0   15   29.00000   33.28396  14.8%     -    0s
H    0     0                      32.0000000   33.28396  4.01%     -    0s
     0     0   33.15614    0    9   32.00000   33.15614  3.61%     -    0s

Cutting planes:
  Gomory: 9
  Implied bound: 8
  MIR: 48
  StrongCG: 1
  RLT: 2
  Relax-and-lift: 7
  Lazy constraints: 47

Explored 1 nodes (360 simplex iterations) in 0.04 seconds (0.02 work units)
Thread count was 8 (of 8 available processors)

Solution count 6: 32 29 20 ... -0

Optimal solution found (tolerance 1.00e-04)
Best objective 3.200000000000e+01, best bound 3.200000000000e+01, gap 0.0000%
