
Gurobi 9.5.1 (linux64) logging started Sun Jul  3 15:53:56 2022

Set parameter LogFile to value "../results/logs/log_facebook_combined_17_250_2022_07_03_15_53.log"
Gurobi Optimizer version 9.5.1 build v9.5.1rc2 (linux64)
Thread count: 8 physical cores, 8 logical processors, using up to 8 threads
Optimize a model with 1686 rows, 8078 columns and 29396 nonzeros
Model fingerprint: 0xa1c455b2
Variable types: 0 continuous, 8078 integer (8078 binary)
Coefficient statistics:
  Matrix range     [1e+00, 2e+01]
  Objective range  [1e+00, 1e+00]
  Bounds range     [1e+00, 1e+00]
  RHS range        [1e+00, 2e+02]
Found heuristic solution: objective 2061.0000000
Presolve removed 83 rows and 6536 columns
Presolve time: 0.06s
Presolved: 1603 rows, 1542 columns, 18869 nonzeros
Variable types: 0 continuous, 1542 integer (1479 binary)
Found heuristic solution: objective 2117.0000000

Root relaxation: objective 2.544392e+03, 642 iterations, 0.01 seconds (0.01 work units)

    Nodes    |    Current Node    |     Objective Bounds      |     Work
 Expl Unexpl |  Obj  Depth IntInf | Incumbent    BestBd   Gap | It/Node Time

     0     0 2544.39247    0   83 2117.00000 2544.39247  20.2%     -    0s
H    0     0                    2508.0000000 2544.39247  1.45%     -    0s
H    0     0                    2509.0000000 2544.39247  1.41%     -    0s
H    0     0                    2512.0000000 2544.39247  1.29%     -    0s
H    0     0                    2521.0000000 2544.39247  0.93%     -    0s
H    0     0                    2528.0000000 2544.39247  0.65%     -    0s
H    0     0                    2529.0000000 2537.87039  0.35%     -    0s
     0     0 2537.79196    0  126 2529.00000 2537.79196  0.35%     -    0s
H    0     0                    2532.0000000 2537.79196  0.23%     -    0s
     0     0 2537.43682    0  112 2532.00000 2537.43682  0.21%     -    0s
     0     0 2537.43649    0  112 2532.00000 2537.43649  0.21%     -    0s
     0     0 2535.96234    0   90 2532.00000 2535.96234  0.16%     -    0s
     0     0 2535.47218    0   63 2532.00000 2535.47218  0.14%     -    0s
     0     0 2535.43477    0   64 2532.00000 2535.43477  0.14%     -    0s
     0     0 2535.39117    0   61 2532.00000 2535.39117  0.13%     -    0s
     0     0 2535.39117    0   61 2532.00000 2535.39117  0.13%     -    0s
H    0     0                    2533.0000000 2535.39117  0.09%     -    0s
     0     0 2534.76359    0   54 2533.00000 2534.76359  0.07%     -    0s
     0     0 2534.64025    0   55 2533.00000 2534.64025  0.06%     -    0s
     0     0 2534.54518    0   33 2533.00000 2534.54518  0.06%     -    0s
     0     0 2534.26474    0   35 2533.00000 2534.26474  0.05%     -    0s
     0     0 2534.26474    0   14 2533.00000 2534.26474  0.05%     -    0s
     0     0 2534.26474    0   17 2533.00000 2534.26474  0.05%     -    0s
     0     0     cutoff    0      2533.00000 2533.00000  0.00%     -    0s

Cutting planes:
  Gomory: 2
  Implied bound: 5
  MIR: 4
  StrongCG: 2
  GUB cover: 1
  RLT: 2
  Relax-and-lift: 1

Explored 1 nodes (1600 simplex iterations) in 0.34 seconds (0.28 work units)
Thread count was 8 (of 8 available processors)

Solution count 10: 2533 2533 2533 ... 2509

Optimal solution found (tolerance 0.00e+00)
Best objective 2.533000000000e+03, best bound 2.533000000000e+03, gap 0.0000%
