
Gurobi 9.5.1 (linux64) logging started Tue Jun 21 04:36:43 2022

Set parameter LogFile to value "../results/logs/log_web-baidu-baike.e_3_250_2022_06_21_01_26.log"
Gurobi Optimizer version 9.5.1 build v9.5.1rc2 (linux64)
Thread count: 8 physical cores, 8 logical processors, using up to 8 threads
Optimize a model with 767663 rows, 4280396 columns and 3284175 nonzeros
Model fingerprint: 0xf6bbca46
Variable types: 0 continuous, 4280396 integer (4280396 binary)
Coefficient statistics:
  Matrix range     [1e+00, 3e+00]
  Objective range  [1e+00, 1e+00]
  Bounds range     [1e+00, 1e+00]
  RHS range        [1e+00, 2e+02]
Found heuristic solution: objective 1277646.0000
Presolve removed 745207 rows and 4252649 columns
Presolve time: 5.11s
Presolved: 22456 rows, 27747 columns, 72922 nonzeros
Found heuristic solution: objective 1278146.0000
Variable types: 0 continuous, 27747 integer (26732 binary)

Root simplex log...

Iteration    Objective       Primal Inf.    Dual Inf.      Time
       0    1.2892020e+06   1.150850e+04   0.000000e+00      6s
   12800    1.2788115e+06   0.000000e+00   0.000000e+00      7s

Root relaxation: objective 1.278811e+06, 12800 iterations, 0.61 seconds (1.04 work units)

    Nodes    |    Current Node    |     Objective Bounds      |     Work
 Expl Unexpl |  Obj  Depth IntInf | Incumbent    BestBd   Gap | It/Node Time

     0     0 1278811.47    0  636 1278146.00 1278811.47  0.05%     -    7s
H    0     0                    1278370.0000 1278811.47  0.03%     -    7s
H    0     0                    1278376.0000 1278811.47  0.03%     -    7s
H    0     0                    1278461.0000 1278811.47  0.03%     -    7s
H    0     0                    1278509.0000 1278810.36  0.02%     -    7s
H    0     0                    1278518.0000 1278575.33  0.00%     -    8s
H    0     0                    1278551.0000 1278575.33  0.00%     -    8s
     0     0 1278551.85    0  214 1278551.00 1278551.85  0.00%     -    8s
     0     0 1278551.85    0  184 1278551.00 1278551.85  0.00%     -    8s
     0     0 1278551.85    0   12 1278551.00 1278551.85  0.00%     -    9s
     0     0 1278551.50    0    3 1278551.00 1278551.50  0.00%     -    9s

Cutting planes:
  Gomory: 120
  Implied bound: 24
  MIR: 264
  StrongCG: 7
  GUB cover: 97
  Zero half: 63
  RLT: 51
  Relax-and-lift: 1

Explored 1 nodes (13662 simplex iterations) in 9.60 seconds (6.15 work units)
Thread count was 8 (of 8 available processors)

Solution count 8: 1.27855e+06 1.27852e+06 1.27851e+06 ... 1.27765e+06

Optimal solution found (tolerance 0.00e+00)
Best objective 1.278551000000e+06, best bound 1.278551000000e+06, gap 0.0000%
