
Gurobi 9.5.1 (linux64) logging started Tue Jun 21 12:08:55 2022

Set parameter LogFile to value "../results/logs/log_facebook_combined_20_15_2022_06_21_12_08.log"
Gurobi Optimizer version 9.5.1 build v9.5.1rc2 (linux64)
Thread count: 8 physical cores, 8 logical processors, using up to 8 threads
Optimize a model with 975 rows, 8078 columns and 29930 nonzeros
Model fingerprint: 0x1d365711
Variable types: 0 continuous, 8078 integer (8078 binary)
Coefficient statistics:
  Matrix range     [1e+00, 2e+01]
  Objective range  [1e+00, 1e+00]
  Bounds range     [1e+00, 1e+00]
  RHS range        [1e+00, 2e+01]
Found heuristic solution: objective 1854.0000000
Presolve removed 25 rows and 6426 columns
Presolve time: 0.03s
Presolved: 950 rows, 1652 columns, 16983 nonzeros
Variable types: 0 continuous, 1652 integer (1561 binary)
Found heuristic solution: objective 1868.0000000

Root relaxation: objective 2.202234e+03, 900 iterations, 0.02 seconds (0.02 work units)

    Nodes    |    Current Node    |     Objective Bounds      |     Work
 Expl Unexpl |  Obj  Depth IntInf | Incumbent    BestBd   Gap | It/Node Time

     0     0 2202.23352    0  345 1868.00000 2202.23352  17.9%     -    0s
H    0     0                    1869.0000000 2202.23352  17.8%     -    0s
H    0     0                    1883.0000000 2202.23352  17.0%     -    0s
H    0     0                    1897.0000000 2075.65072  9.42%     -    0s
     0     0 2064.13507    0  369 1897.00000 2064.13507  8.81%     -    0s
H    0     0                    1906.0000000 2064.13507  8.30%     -    0s
     0     0 2055.33442    0  365 1906.00000 2055.33442  7.83%     -    0s
     0     0 2053.18256    0  412 1906.00000 2053.18256  7.72%     -    0s
     0     0 2052.88450    0  379 1906.00000 2052.88450  7.71%     -    0s
     0     0 2052.81297    0  383 1906.00000 2052.81297  7.70%     -    0s
H    0     0                    1931.0000000 2025.03638  4.87%     -    0s
     0     0 2025.03638    0  363 1931.00000 2025.03638  4.87%     -    0s
     0     0 2020.53622    0  402 1931.00000 2020.53622  4.64%     -    0s
     0     0 2019.08967    0  420 1931.00000 2019.08967  4.56%     -    0s
H    0     0                    1933.0000000 2018.81539  4.44%     -    0s
     0     0 2018.81539    0  433 1933.00000 2018.81539  4.44%     -    0s
     0     0 2018.62265    0  426 1933.00000 2018.62265  4.43%     -    0s
H    0     0                    1934.0000000 2018.62265  4.38%     -    0s
     0     0 2008.26954    0  405 1934.00000 2008.26954  3.84%     -    0s
     0     0 2004.95664    0  408 1934.00000 2004.95664  3.67%     -    0s
     0     0 2004.14159    0  449 1934.00000 2004.14159  3.63%     -    0s
     0     0 2003.74667    0  456 1934.00000 2003.74667  3.61%     -    0s
     0     0 2003.60835    0  462 1934.00000 2003.60835  3.60%     -    0s
     0     0 1999.60619    0  495 1934.00000 1999.60619  3.39%     -    1s
     0     0 1998.29793    0  476 1934.00000 1998.29793  3.32%     -    1s
     0     0 1997.70706    0  501 1934.00000 1997.70706  3.29%     -    1s
     0     0 1997.44043    0  532 1934.00000 1997.44043  3.28%     -    1s
     0     0 1995.92107    0  518 1934.00000 1995.92107  3.20%     -    1s
     0     0 1995.24623    0  499 1934.00000 1995.24623  3.17%     -    1s
     0     0 1994.99180    0  539 1934.00000 1994.99180  3.15%     -    1s
     0     0 1993.84597    0  523 1934.00000 1993.84597  3.09%     -    1s
     0     0 1993.84597    0  523 1934.00000 1993.84597  3.09%     -    1s
     0     2 1993.76204    0  523 1934.00000 1993.76204  3.09%     -    1s
H   61    70                    1939.0000000 1991.62956  2.71%  89.8    2s
H  188   196                    1943.0000000 1991.62956  2.50%  82.4    2s
H  257   245                    1944.0000000 1991.62956  2.45%  97.7    3s
  1450  1109 1972.12200   18  523 1944.00000 1989.96139  2.36%  95.1    5s
H 1472  1067                    1946.0000000 1987.41853  2.13%  93.6    6s
  1515  1095 1951.73280   33  492 1946.00000 1981.92690  1.85%  91.0   10s
  2281  1283     cutoff   55      1946.00000 1976.90639  1.59%   110   15s
  3967  1422 1962.31585   44  426 1946.00000 1966.88828  1.07%   126   20s
  5758  1852 1948.62580   46  143 1946.00000 1964.32093  0.94%   133   26s
  6978  2264     cutoff   55      1946.00000 1962.96494  0.87%   140   30s
  8830  2795 1951.52968   41  442 1946.00000 1960.91541  0.77%   145   35s
 10792  3219 1953.85848   37  408 1946.00000 1959.54620  0.70%   148   40s
 11971  3329 1951.15066   50  400 1946.00000 1958.55772  0.65%   152   45s
 13786  3371     cutoff   33      1946.00000 1956.91685  0.56%   154   50s
 15139  3494 1954.46859   71  273 1946.00000 1955.85041  0.51%   155   56s
 17533  3329     cutoff   39      1946.00000 1954.58849  0.44%   156   61s
 19088  3127     cutoff   54      1946.00000 1953.82872  0.40%   156   65s
 21736  2596 infeasible   65      1946.00000 1952.05706  0.31%   154   71s
 23705  2011     cutoff   67      1946.00000 1951.11997  0.26%   152   75s
 26530   887     cutoff   55      1946.00000 1949.57797  0.18%   149   80s

Cutting planes:
  Gomory: 44
  Cover: 74
  Implied bound: 10
  MIR: 381
  StrongCG: 24
  Flow cover: 888
  GUB cover: 245
  Inf proof: 2
  Zero half: 9
  RLT: 321
  Relax-and-lift: 1
  PSD: 2

Explored 28750 nodes (4178602 simplex iterations) in 82.90 seconds (238.64 work units)
Thread count was 8 (of 8 available processors)

Solution count 10: 1946 1944 1943 ... 1883

Optimal solution found (tolerance 0.00e+00)
Best objective 1.946000000000e+03, best bound 1.946000000000e+03, gap 0.0000%

Gurobi 9.5.1 (linux64) logging started Wed Jun 22 00:22:09 2022

Set parameter LogFile to value "../results/logs/log_facebook_combined_20_15_2022_06_21_12_08.log"
Gurobi Optimizer version 9.5.1 build v9.5.1rc2 (linux64)
Thread count: 8 physical cores, 8 logical processors, using up to 8 threads
Optimize a model with 953 rows, 8078 columns and 29321 nonzeros
Model fingerprint: 0xd05ce6a3
Variable types: 0 continuous, 8078 integer (8078 binary)
Coefficient statistics:
  Matrix range     [1e+00, 2e+01]
  Objective range  [1e+00, 1e+00]
  Bounds range     [1e+00, 1e+00]
  RHS range        [1e+00, 2e+01]
Found heuristic solution: objective 1854.0000000
Presolve removed 17 rows and 6450 columns
Presolve time: 0.03s
Presolved: 936 rows, 1628 columns, 16867 nonzeros
Variable types: 0 continuous, 1628 integer (1547 binary)
Found heuristic solution: objective 1868.0000000

Root relaxation: objective 2.201889e+03, 905 iterations, 0.02 seconds (0.02 work units)

    Nodes    |    Current Node    |     Objective Bounds      |     Work
 Expl Unexpl |  Obj  Depth IntInf | Incumbent    BestBd   Gap | It/Node Time

     0     0 2201.88881    0  341 1868.00000 2201.88881  17.9%     -    0s
H    0     0                    1869.0000000 2201.88881  17.8%     -    0s
H    0     0                    1881.0000000 2201.88881  17.1%     -    0s
H    0     0                    1883.0000000 2071.94757  10.0%     -    0s
H    0     0                    1887.0000000 2071.94757  9.80%     -    0s
     0     0 2062.38183    0  372 1887.00000 2062.38183  9.29%     -    0s
H    0     0                    1890.0000000 2062.38183  9.12%     -    0s
H    0     0                    1901.0000000 2053.48507  8.02%     -    0s
     0     0 2053.48507    0  370 1901.00000 2053.48507  8.02%     -    0s
     0     0 2051.62101    0  379 1901.00000 2051.62101  7.92%     -    0s
     0     0 2051.50608    0  384 1901.00000 2051.50608  7.92%     -    0s
     0     0 2051.42365    0  388 1901.00000 2051.42365  7.91%     -    0s
H    0     0                    1914.0000000 2051.42365  7.18%     -    0s
     0     0 2024.15608    0  380 1914.00000 2024.15608  5.76%     -    0s
H    0     0                    1931.0000000 2018.41689  4.53%     -    0s
     0     0 2018.41689    0  422 1931.00000 2018.41689  4.53%     -    0s
     0     0 2017.27374    0  421 1931.00000 2017.27374  4.47%     -    0s
     0     0 2016.91277    0  431 1931.00000 2016.91277  4.45%     -    0s
     0     0 2016.81074    0  434 1931.00000 2016.81074  4.44%     -    0s
H    0     0                    1932.0000000 2016.81074  4.39%     -    0s
H    0     0                    1934.0000000 2006.68563  3.76%     -    0s
     0     0 2006.68563    0  442 1934.00000 2006.68563  3.76%     -    0s
     0     0 2004.33090    0  441 1934.00000 2004.33090  3.64%     -    0s
     0     0 2003.50590    0  464 1934.00000 2003.50590  3.59%     -    0s
     0     0 2003.27596    0  469 1934.00000 2003.27596  3.58%     -    0s
H    0     0                    1935.0000000 2003.27596  3.53%     -    0s
     0     0 1998.44651    0  491 1935.00000 1998.44651  3.28%     -    1s
     0     0 1997.18743    0  498 1935.00000 1997.18743  3.21%     -    1s
     0     0 1996.51964    0  517 1935.00000 1996.51964  3.18%     -    1s
     0     0 1996.29048    0  478 1935.00000 1996.29048  3.17%     -    1s
     0     0 1994.96008    0  493 1935.00000 1994.96008  3.10%     -    1s
     0     0 1994.56322    0  523 1935.00000 1994.56322  3.08%     -    1s
     0     0 1994.28165    0  540 1935.00000 1994.28165  3.06%     -    1s
     0     0 1993.30969    0  526 1935.00000 1993.30969  3.01%     -    1s
     0     0 1993.30969    0  526 1935.00000 1993.30969  3.01%     -    1s
     0     2 1993.24393    0  526 1935.00000 1993.24393  3.01%     -    1s
H   36    40                    1939.0000000 1991.15034  2.69%   170    1s
H   38    40                    1941.0000000 1991.15034  2.58%   161    1s
H  244   244                    1943.0000000 1991.15034  2.48%  73.6    2s
H  278   271                    1945.0000000 1991.15034  2.37%  72.4    2s
  1459  1262 1976.22922   22  526 1945.00000 1990.67351  2.35%  71.6    5s
  1530  1309 1960.95289   62  540 1945.00000 1981.19946  1.86%  68.3   10s
  1578  1342 1966.29835   70  336 1945.00000 1979.29990  1.76%  78.6   15s
  2166  1553 1962.80096   56  263 1945.00000 1976.94653  1.64%  96.8   20s
  3731  1809     cutoff   54      1945.00000 1971.16574  1.35%   111   25s
H 4653  1836                    1946.0000000 1969.26798  1.20%   120   27s
  5509  1956 1958.07274   47  344 1946.00000 1967.93701  1.13%   125   30s
  7038  2434 1957.53618   41  302 1946.00000 1966.27044  1.04%   133   35s
  8803  2929     cutoff   46      1946.00000 1964.46369  0.95%   140   40s
 10577  3354 1952.31900   50  344 1946.00000 1962.85722  0.87%   146   45s
 12416  3623     cutoff   50      1946.00000 1961.15090  0.78%   150   50s
 14261  3796 1953.67360   45  339 1946.00000 1959.84390  0.71%   152   55s
 16498  3974 1951.89425   47  327 1946.00000 1958.15391  0.62%   153   60s
 18254  3935     cutoff   49      1946.00000 1957.06106  0.57%   154   66s
 20575  3827     cutoff   41      1946.00000 1955.64943  0.50%   155   71s
 22271  3499     cutoff   61      1946.00000 1954.52283  0.44%   155   75s
 25187  2665     cutoff   59      1946.00000 1952.81769  0.35%   152   81s
 28428  1491     cutoff   40      1946.00000 1951.37252  0.28%   147   86s
 31675     0     cutoff   61      1946.00000 1948.52657  0.13%   139   90s

Cutting planes:
  Gomory: 42
  Cover: 93
  Implied bound: 8
  Clique: 1
  MIR: 398
  StrongCG: 16
  Flow cover: 814
  GUB cover: 221
  Inf proof: 1
  Zero half: 6
  RLT: 223
  Relax-and-lift: 3

Explored 31880 nodes (4409149 simplex iterations) in 90.15 seconds (250.30 work units)
Thread count was 8 (of 8 available processors)

Solution count 10: 1946 1945 1943 ... 1914

Optimal solution found (tolerance 0.00e+00)
Best objective 1.946000000000e+03, best bound 1.946000000000e+03, gap 0.0000%
