
Gurobi 9.1.1 (win64) logging started Sun Mar  7 14:55:02 2021

Changed value of parameter LogFile to ../results/logs/log_samuel_kroger_2021_03_07_14_55_02.csv_2_2.log
   Prev:   Default: 
Changed value of parameter lazyConstraints to 1
   Prev: 0  Min: 0  Max: 1  Default: 0
Gurobi Optimizer version 9.1.1 build v9.1.1rc0 (win64)
Thread count: 6 physical cores, 12 logical processors, using up to 12 threads
Optimize a model with 20 rows, 32 columns and 65 nonzeros
Model fingerprint: 0x1ec0b2bb
Variable types: 0 continuous, 32 integer (32 binary)
Coefficient statistics:
  Matrix range     [1e+00, 1e+00]
  Objective range  [1e+00, 1e+00]
  Bounds range     [1e+00, 1e+00]
  RHS range        [1e+00, 2e+00]

User MIP start produced solution with objective 7 (0.00s)
Loaded user MIP start with objective 7

Presolve removed 8 rows and 8 columns
Presolve time: 0.00s
Presolved: 12 rows, 24 columns, 41 nonzeros
Variable types: 0 continuous, 24 integer (24 binary)

Root relaxation: objective 1.000000e+01, 2 iterations, 0.00 seconds

    Nodes    |    Current Node    |     Objective Bounds      |     Work
 Expl Unexpl |  Obj  Depth IntInf | Incumbent    BestBd   Gap | It/Node Time

     0     0   10.00000    0    6    7.00000   10.00000  42.9%     -    0s
     0     0   10.00000    0    4    7.00000   10.00000  42.9%     -    0s
     0     0   10.00000    0    4    7.00000   10.00000  42.9%     -    0s
     0     0   10.00000    0    4    7.00000   10.00000  42.9%     -    0s
     0     2   10.00000    0    4    7.00000   10.00000  42.9%     -    0s
*   31     0               5       8.0000000    8.00000  0.00%   4.6    0s

Cutting planes:
  Gomory: 1
  Lazy constraints: 98

Explored 33 nodes (167 simplex iterations) in 0.05 seconds
Thread count was 12 (of 12 available processors)

Solution count 2: 8 7 

Optimal solution found (tolerance 1.00e-04)
Best objective 8.000000000000e+00, best bound 8.000000000000e+00, gap 0.0000%

User-callback calls 192, time in user-callback 0.02 sec
