
Gurobi 9.1.2 (win64) logging started Sun Aug 29 15:13:35 2021

Changed value of parameter LogFile to ../results/logs/log_samuel_kroger_2021_08_29_15_05_36.csv_12_250.log
   Prev:   Default: 
Changed value of parameter method to 3
   Prev: -1  Min: -1  Max: 5  Default: -1
Gurobi Optimizer version 9.1.2 build v9.1.2rc0 (win64)
Thread count: 6 physical cores, 12 logical processors, using up to 12 threads
Optimize a model with 592653 rows, 853640 columns and 33545357 nonzeros
Model fingerprint: 0xaa559bdd
Variable types: 0 continuous, 853640 integer (853640 binary)
Coefficient statistics:
  Matrix range     [1e+00, 1e+01]
  Objective range  [1e+00, 1e+00]
  Bounds range     [1e+00, 1e+00]
  RHS range        [1e+00, 3e+02]
Found heuristic solution: objective -0.0000000
Presolve removed 89 rows and 210664 columns (presolve time = 6s) ...
Presolve removed 89 rows and 274036 columns
Presolve time: 19.09s

Explored 0 nodes (0 simplex iterations) in 22.40 seconds
Thread count was 1 (of 12 available processors)

Solution count 1: -0 
No other solutions better than 0

Time limit reached
Best objective -0.000000000000e+00, best bound -, gap -
