
Gurobi 9.5.0 (win64) logging started Tue Dec  7 12:39:41 2021

Set parameter LogFile to value "../results/logs/log_2021_12_07_12_26.csv_8_40.log"
Set parameter Method to value 3
Gurobi Optimizer version 9.5.0 build v9.5.0rc5 (win64)
Thread count: 6 physical cores, 12 logical processors, using up to 12 threads
Optimize a model with 376 rows, 9882 columns and 10225 nonzeros
Model fingerprint: 0xbd8ffcb6
Variable types: 4941 continuous, 4941 integer (4941 binary)
Coefficient statistics:
  Matrix range     [1e+00, 8e+00]
  Objective range  [1e+00, 1e+00]
  Bounds range     [1e+00, 1e+00]
  RHS range        [1e+00, 4e+01]
Found heuristic solution: objective -0.0000000
Presolve removed 253 rows and 9678 columns
Presolve time: 0.01s
Presolved: 123 rows, 204 columns, 736 nonzeros
Extracted 47 lazy constraints
Variable types: 113 continuous, 91 integer (90 binary)

Root relaxation: objective 6.602455e+01, 68 iterations, 0.00 seconds (0.00 work units)

    Nodes    |    Current Node    |     Objective Bounds      |     Work
 Expl Unexpl |  Obj  Depth IntInf | Incumbent    BestBd   Gap | It/Node Time

     0     0   66.02455    0   23   -0.00000   66.02455      -     -    0s
H    0     0                       8.0000000   66.02455   725%     -    0s
     0     0   28.36348    0   33    8.00000   28.36348   255%     -    0s
     0     0   28.17943    0   33    8.00000   28.17943   252%     -    0s
     0     0   25.90529    0    9    8.00000   25.90529   224%     -    0s
H    0     0                      14.0000000   25.90529  85.0%     -    0s
     0     0   25.87206    0    9   14.00000   25.87206  84.8%     -    0s
     0     0   25.30754    0    9   14.00000   25.30754  80.8%     -    0s
     0     0   25.26681    0   10   14.00000   25.26681  80.5%     -    0s
     0     0   25.17181    0   18   14.00000   25.17181  79.8%     -    0s
     0     0   25.17181    0   18   14.00000   25.17181  79.8%     -    0s
     0     2   25.17181    0   18   14.00000   25.17181  79.8%     -    0s
H   34    44                      23.0000000   24.85714  8.07%   7.8    0s
*   70    39              12      24.0000000   24.79762  3.32%   6.8    0s

Cutting planes:
  Gomory: 12
  Lift-and-project: 1
  Implied bound: 8
  MIR: 47
  RLT: 5
  Relax-and-lift: 5
  Lazy constraints: 47

Explored 85 nodes (915 simplex iterations) in 0.09 seconds (0.04 work units)
Thread count was 12 (of 12 available processors)

Solution count 5: 24 23 14 ... -0

Optimal solution found (tolerance 1.00e-04)
Best objective 2.400000000000e+01, best bound 2.400000000000e+01, gap 0.0000%
