
Gurobi 9.5.1 (linux64) logging started Wed Mar  9 18:05:22 2022

Set parameter LogFile to value "../results/logs/log_2022_03_09_17_57.csv_7_15.log"
Set parameter Method to value 3
Gurobi Optimizer version 9.5.1 build v9.5.1rc2 (linux64)
Thread count: 8 physical cores, 8 logical processors, using up to 8 threads
Optimize a model with 628 rows, 9882 columns and 12913 nonzeros
Model fingerprint: 0xbc09b76e
Variable types: 4941 continuous, 4941 integer (4941 binary)
Coefficient statistics:
  Matrix range     [1e+00, 7e+00]
  Objective range  [1e+00, 1e+00]
  Bounds range     [1e+00, 1e+00]
  RHS range        [1e+00, 2e+01]
Found heuristic solution: objective -0.0000000
Presolve removed 393 rows and 9497 columns
Presolve time: 0.01s
Presolved: 235 rows, 385 columns, 1351 nonzeros
Extracted 86 lazy constraints
Variable types: 211 continuous, 174 integer (173 binary)

Root relaxation: objective 1.098985e+02, 188 iterations, 0.00 seconds (0.00 work units)

    Nodes    |    Current Node    |     Objective Bounds      |     Work
 Expl Unexpl |  Obj  Depth IntInf | Incumbent    BestBd   Gap | It/Node Time

     0     0  109.89846    0   55   -0.00000  109.89846      -     -    0s
H    0     0                       5.0000000  109.89846  2098%     -    0s
     0     0   22.17240    0   42    5.00000   22.17240   343%     -    0s
     0     0   22.01367    0   45    5.00000   22.01367   340%     -    0s
     0     0   21.99791    0   47    5.00000   21.99791   340%     -    0s
     0     0   19.73186    0   25    5.00000   19.73186   295%     -    0s
H    0     0                      17.0000000   19.45177  14.4%     -    0s
     0     0   19.45177    0   11   17.00000   19.45177  14.4%     -    0s
H    0     0                      18.0000000   19.45177  8.07%     -    0s
     0     0   19.03333    0    7   18.00000   19.03333  5.74%     -    0s

Cutting planes:
  Gomory: 23
  Lift-and-project: 3
  Implied bound: 16
  MIR: 74
  RLT: 9
  Relax-and-lift: 5
  Lazy constraints: 86

Explored 1 nodes (536 simplex iterations) in 0.06 seconds (0.02 work units)
Thread count was 8 (of 8 available processors)

Solution count 4: 18 17 5 -0 

Optimal solution found (tolerance 1.00e-04)
Best objective 1.800000000000e+01, best bound 1.800000000000e+01, gap 0.0000%
