
Gurobi 9.5.1 (linux64) logging started Wed Jun 15 04:22:04 2022

Set parameter LogFile to value "../results/logs/log_Gowalla_edges_20_20_2022_06_14_14_44.log"
Set parameter LazyConstraints to value 1
Gurobi Optimizer version 9.5.1 build v9.5.1rc2 (linux64)
Thread count: 8 physical cores, 8 logical processors, using up to 8 threads
Optimize a model with 24219 rows, 393182 columns and 945407 nonzeros
Model fingerprint: 0xc7834093
Variable types: 0 continuous, 393182 integer (393182 binary)
Coefficient statistics:
  Matrix range     [1e+00, 2e+01]
  Objective range  [1e+00, 1e+00]
  Bounds range     [1e+00, 1e+00]
  RHS range        [1e+00, 2e+01]
Found heuristic solution: objective 8161.0000000
Presolve removed 0 rows and 192643 columns
Presolve time: 0.84s
Presolved: 24219 rows, 200539 columns, 595464 nonzeros
Variable types: 0 continuous, 200539 integer (200539 binary)
Found heuristic solution: objective 8184.0000000

Deterministic concurrent LP optimizer: primal and dual simplex
Showing first log only...

Warning: Markowitz tolerance tightened to 0.03125

Root simplex log...

Iteration    Objective       Primal Inf.    Dual Inf.      Time
    7991    1.0030827e+04   0.000000e+00   4.142160e+03      5s
   10035    1.0810959e+04   0.000000e+00   2.230696e+03     11s
   11262    1.1250778e+04   0.000000e+00   1.578235e+03     16s
   12357    1.1537486e+04   0.000000e+00   1.171051e+03     21s
   13188    1.1757420e+04   0.000000e+00   8.872581e+02     25s
   14000    1.1989448e+04   0.000000e+00   6.214266e+02     30s
   14843    1.2252726e+04   0.000000e+00   3.695387e+02     37s
   15535    1.2590277e+04   0.000000e+00   5.144193e+02     42s
   15917    1.2752290e+04   0.000000e+00   2.149654e+02     45s
   16678    1.3064885e+04   0.000000e+00   8.957874e+01     51s
   16965    1.3156104e+04   0.000000e+00   0.000000e+00     53s
Concurrent spin time: 0.00s

Solved with primal simplex

Root relaxation: objective 1.315610e+04, 16965 iterations, 52.14 seconds (82.80 work units)

    Nodes    |    Current Node    |     Objective Bounds      |     Work
 Expl Unexpl |  Obj  Depth IntInf | Incumbent    BestBd   Gap | It/Node Time

     0     0 13156.1042    0 9827 8184.00000 13156.1042  60.8%     -   55s
     0     0 11968.5775    0 9369 8184.00000 11968.5775  46.2%     -  124s
H    0     0                    8393.0000000 11968.5775  42.6%     -  228s
     0     0 10817.6049    0 9292 8393.00000 10817.6049  28.9%     -  267s
     0     0 10090.2152    0 8872 8393.00000 10090.2152  20.2%     -  301s
     0     0 9810.75005    0 8126 8393.00000 9810.75005  16.9%     -  324s
     0     0 9712.37940    0 6638 8393.00000 9712.37940  15.7%     -  346s
     0     0 9676.35536    0 5581 8393.00000 9676.35536  15.3%     -  366s
     0     0 9660.99640    0 4861 8393.00000 9660.99640  15.1%     -  383s
     0     0 9656.43604    0 4074 8393.00000 9656.43604  15.1%     -  399s
     0     0 9654.66115    0 4550 8393.00000 9654.66115  15.0%     -  412s
     0     0 9653.85547    0 3883 8393.00000 9653.85547  15.0%     -  437s
     0     0 9653.55269    0 4245 8393.00000 9653.55269  15.0%     -  461s
     0     0 9653.33208    0 3674 8393.00000 9653.33208  15.0%     -  485s
     0     0 9397.09290    0 4093 8393.00000 9397.09290  12.0%     -  549s
H    0     0                    8397.0000000 9397.09290  11.9%     -  551s
     0     0 9080.13305    0 4553 8397.00000 9080.13305  8.14%     -  611s
     0     0 9008.85087    0 4398 8397.00000 9008.85087  7.29%     -  640s
     0     0 8979.71281    0 4159 8397.00000 8979.71281  6.94%     -  666s
     0     0 8972.30841    0 4615 8397.00000 8972.30841  6.85%     -  699s
     0     0 8969.43866    0 4712 8397.00000 8969.43866  6.82%     -  728s
     0     0 8889.81432    0 3762 8397.00000 8889.81432  5.87%     -  812s
     0     0 8856.22613    0 4975 8397.00000 8856.22613  5.47%     -  841s
     0     0 8843.08693    0 5188 8397.00000 8843.08693  5.31%     -  879s
     0     0 8832.22709    0 5044 8397.00000 8832.22709  5.18%     -  915s
     0     0 8822.26684    0 5274 8397.00000 8822.26684  5.06%     -  952s
     0     0 8817.96554    0 5051 8397.00000 8817.96554  5.01%     -  986s
     0     0 8797.75789    0 5009 8397.00000 8797.75789  4.77%     - 1066s
     0     0 8787.79953    0 5400 8397.00000 8787.79953  4.65%     - 1103s
     0     0 8782.72522    0 5551 8397.00000 8782.72522  4.59%     - 1137s
     0     0 8779.40902    0 5979 8397.00000 8779.40902  4.55%     - 1174s
     0     0 8770.96162    0 6264 8397.00000 8770.96162  4.45%     - 1218s
     0     0 8770.96162    0 6264 8397.00000 8770.96162  4.45%     - 1260s
     0     2 8763.90102    0 6264 8397.00000 8763.90102  4.37%     - 1477s
     1     4 8763.90102    1 5783 8397.00000 8763.90102  4.37%  9339 1553s
     3     8 8761.59091    2 6473 8397.00000 8763.90102  4.37%  8359 1652s
     7    16 8757.50438    3 6546 8397.00000 8761.20121  4.34%  7467 1888s
     8    16 8749.14224    3 6479 8397.00000 8761.20121  4.34%  8344 1912s
    15    24 8756.19348    4 6958 8397.00000 8757.41107  4.29%  8378 2192s
    20    24 8742.31065    4 6627 8397.00000 8757.41107  4.29%  8485 2311s
    23    32 8755.93707    5 6903 8397.00000 8757.41107  4.29%  8134 2421s
    24    32 8747.47689    5 6662 8397.00000 8757.41107  4.29%  7901 2444s
    26    32 8708.95384    4 5936 8397.00000 8757.41107  4.29%  8000 2492s
H   31    40                    8426.0000000 8757.41107  3.93%  7135 3623s
H   33    40                    8427.0000000 8757.41107  3.92%  7072 3670s
    36    40 8742.20539    6 6624 8427.00000 8757.41107  3.92%  6662 3741s
    37    40 8737.12760    6 6461 8427.00000 8757.41107  3.92%  6510 3764s
    38    40 8684.36536    6 5705 8427.00000 8757.41107  3.92%  6393 3788s

Cutting planes:
  Gomory: 7
  Lift-and-project: 4
  Cover: 2130
  MIR: 3571
  StrongCG: 276
  GUB cover: 4272
  Zero half: 28
  RLT: 4878
  Lazy constraints: 13

Explored 39 nodes (355945 simplex iterations) in 3788.73 seconds (4078.86 work units)
Thread count was 8 (of 8 available processors)

Solution count 6: 8427 8426 8397 ... 8161

Time limit reached
Best objective 8.427000000000e+03, best bound 8.757000000000e+03, gap 3.9160%

User-callback calls 247768, time in user-callback 1458.28 sec
