
Gurobi 9.5.1 (linux64) logging started Tue Jun 28 12:17:37 2022

Set parameter LogFile to value "../results/logs/log_socfb-Syracuse56_46_250_2022_06_28_12_17.log"
Gurobi Optimizer version 9.5.1 build v9.5.1rc2 (linux64)
Thread count: 8 physical cores, 8 logical processors, using up to 8 threads
Optimize a model with 2835 rows, 27306 columns and 173405 nonzeros
Model fingerprint: 0xa04628b6
Variable types: 0 continuous, 27306 integer (27306 binary)
Coefficient statistics:
  Matrix range     [1e+00, 5e+01]
  Objective range  [1e+00, 1e+00]
  Bounds range     [1e+00, 1e+00]
  RHS range        [1e+00, 2e+02]
Found heuristic solution: objective 6985.0000000
Presolve removed 25 rows and 20770 columns
Presolve time: 0.10s
Presolved: 2810 rows, 6536 columns, 58025 nonzeros
Variable types: 0 continuous, 6536 integer (6289 binary)
Found heuristic solution: objective 7089.0000000
Warning: Markowitz tolerance tightened to 0.125

Root relaxation: objective 8.106675e+03, 3614 iterations, 0.33 seconds (0.50 work units)

    Nodes    |    Current Node    |     Objective Bounds      |     Work
 Expl Unexpl |  Obj  Depth IntInf | Incumbent    BestBd   Gap | It/Node Time

     0     0 8106.67496    0 1044 7089.00000 8106.67496  14.4%     -    0s
H    0     0                    7135.0000000 8106.67496  13.6%     -    0s
H    0     0                    7165.0000000 8106.67496  13.1%     -    0s
H    0     0                    7303.0000000 8106.67496  11.0%     -    0s
H    0     0                    7353.0000000 7974.70421  8.46%     -    2s
     0     0 7974.70421    0 1298 7353.00000 7974.70421  8.46%     -    2s
H    0     0                    7401.0000000 7974.70421  7.75%     -    2s
     0     0 7906.92357    0 1422 7401.00000 7906.92357  6.84%     -    3s
     0     0 7896.16990    0 1480 7401.00000 7896.16990  6.69%     -    4s
     0     0 7894.64324    0 1514 7401.00000 7894.64324  6.67%     -    5s
     0     0 7894.40165    0 1521 7401.00000 7894.40165  6.67%     -    5s
     0     0 7894.37331    0 1537 7401.00000 7894.37331  6.67%     -    5s
H    0     0                    7406.0000000 7857.75897  6.10%     -    9s
H    0     0                    7412.0000000 7857.75897  6.01%     -    9s
H    0     0                    7433.0000000 7857.75897  5.71%     -    9s
H    0     0                    7435.0000000 7857.75897  5.69%     -    9s
H    0     0                    7436.0000000 7857.75897  5.67%     -    9s
H    0     0                    7446.0000000 7857.75897  5.53%     -    9s
H    0     0                    7451.0000000 7857.75897  5.46%     -    9s
H    0     0                    7456.0000000 7857.75897  5.39%     -    9s
     0     0 7857.75897    0 1674 7456.00000 7857.75897  5.39%     -    9s
H    0     0                    7461.0000000 7837.98256  5.05%     -   12s
H    0     0                    7478.0000000 7837.98256  4.81%     -   12s
H    0     0                    7482.0000000 7837.98256  4.76%     -   12s
H    0     0                    7486.0000000 7837.98256  4.70%     -   12s
H    0     0                    7488.0000000 7837.98256  4.67%     -   12s
     0     0 7837.98256    0 1776 7488.00000 7837.98256  4.67%     -   12s
H    0     0                    7491.0000000 7832.46341  4.56%     -   15s
     0     0 7832.46341    0 1816 7491.00000 7832.46341  4.56%     -   15s
     0     0 7830.44279    0 1840 7491.00000 7830.44279  4.53%     -   18s
H    0     0                    7493.0000000 7829.85771  4.50%     -   19s
     0     0 7829.85771    0 1872 7493.00000 7829.85771  4.50%     -   19s
H    0     0                    7495.0000000 7829.65406  4.47%     -   20s
H    0     0                    7497.0000000 7829.65406  4.44%     -   20s
     0     0 7829.65406    0 1893 7497.00000 7829.65406  4.44%     -   20s
H    0     0                    7500.0000000 7816.56527  4.22%     -   27s
H    0     0                    7502.0000000 7816.56527  4.19%     -   27s
H    0     0                    7503.0000000 7816.56527  4.18%     -   27s
H    0     0                    7504.0000000 7816.56527  4.17%     -   27s
H    0     0                    7506.0000000 7816.56527  4.14%     -   27s
H    0     0                    7508.0000000 7816.56527  4.11%     -   27s
H    0     0                    7510.0000000 7816.56527  4.08%     -   27s
H    0     0                    7517.0000000 7816.56527  3.99%     -   27s
     0     0 7816.56527    0 1980 7517.00000 7816.56527  3.99%     -   27s
H    0     0                    7528.0000000 7816.56527  3.83%     -   27s
     0     0 7810.21352    0 2030 7528.00000 7810.21352  3.75%     -   32s
     0     0 7806.95703    0 2104 7528.00000 7806.95703  3.71%     -   37s
     0     0 7805.83816    0 2131 7528.00000 7805.83816  3.69%     -   41s
     0     0 7805.12216    0 2149 7528.00000 7805.12216  3.68%     -   43s
H    0     0                    7534.0000000 7804.83899  3.59%     -   45s
H    0     0                    7540.0000000 7804.83899  3.51%     -   45s
     0     0 7804.83899    0 2164 7540.00000 7804.83899  3.51%     -   45s
     0     0 7798.23438    0 2120 7540.00000 7798.23438  3.42%     -   52s
     0     0 7796.06794    0 2212 7540.00000 7796.06794  3.40%     -   58s
H    0     0                    7543.0000000 7794.99268  3.34%     -   61s
H    0     0                    7544.0000000 7794.99268  3.33%     -   61s
     0     0 7794.99268    0 2250 7544.00000 7794.99268  3.33%     -   61s
     0     0 7794.51420    0 2305 7544.00000 7794.51420  3.32%     -   64s
H    0     0                    7545.0000000 7794.33643  3.30%     -   65s
H    0     0                    7553.0000000 7794.33643  3.20%     -   65s
     0     0 7794.33643    0 2317 7553.00000 7794.33643  3.20%     -   65s
     0     0 7788.94904    0 2285 7553.00000 7788.94904  3.12%     -   74s
H    0     0                    7559.0000000 7788.94904  3.04%     -   74s
     0     0 7786.90524    0 2349 7559.00000 7786.90524  3.02%     -   79s
     0     0 7785.87395    0 2352 7559.00000 7785.87395  3.00%     -   84s
     0     0 7785.38233    0 2390 7559.00000 7785.38233  2.99%     -   87s
     0     0 7781.87741    0 2416 7559.00000 7781.87741  2.95%     -   95s
H    0     0                    7566.0000000 7780.07613  2.83%     -  101s
H    0     0                    7567.0000000 7780.07613  2.82%     -  101s
     0     0 7780.07613    0 2452 7567.00000 7780.07613  2.82%     -  101s
     0     0 7779.15399    0 2502 7567.00000 7779.15399  2.80%     -  105s
H    0     0                    7568.0000000 7778.76881  2.79%     -  109s
     0     0 7778.76881    0 2502 7568.00000 7778.76881  2.79%     -  109s
H    0     0                    7570.0000000 7776.24373  2.72%     -  117s
     0     0 7776.24373    0 2453 7570.00000 7776.24373  2.72%     -  117s
H    0     0                    7573.0000000 7776.24373  2.68%     -  117s
     0     0 7775.10119    0 2505 7573.00000 7775.10119  2.67%     -  122s
     0     0 7774.51258    0 2569 7573.00000 7774.51258  2.66%     -  125s
     0     0 7774.20691    0 2566 7573.00000 7774.20691  2.66%     -  128s
     0     0 7772.08216    0 2510 7573.00000 7772.08216  2.63%     -  136s
     0     0 7772.08216    0 2510 7573.00000 7772.08216  2.63%     -  137s
H    0     0                    7584.0000000 7772.08192  2.48%     -  144s
     0     2 7772.08192    0 2510 7584.00000 7772.08192  2.48%     -  144s
     1     4 7772.05575    1 2462 7584.00000 7772.08192  2.48%   348  147s
     3     8 7771.15319    2 2617 7584.00000 7772.05565  2.48%  2605  160s
     7    16 7770.23230    3 2750 7584.00000 7771.15163  2.47%  4704  175s
    15    24 7769.56305    4 2854 7584.00000 7770.23206  2.46%  6635  192s
    23    32 7769.43821    5 2827 7584.00000 7770.23206  2.46%  7699  215s
H   31    40                    7586.0000000 7770.23206  2.43%  6719  221s
    39    48 7768.48324    6 2838 7586.00000 7770.23206  2.43%  5795  228s
    47    56 7769.08466    7 2804 7586.00000 7770.23206  2.43%  5246  235s
    55    69 7768.68082    8 2815 7586.00000 7770.23206  2.43%  4905  240s
    68    81 7768.67175    9 2805 7586.00000 7770.23206  2.43%  4195  245s
    80    91 7768.38600   10 2795 7586.00000 7770.23206  2.43%  3830  259s
    90   102 7768.44481   11 2792 7586.00000 7770.23206  2.43%  3864  265s
   101   110 7768.13193   12 2764 7586.00000 7770.23206  2.43%  3670  293s
   109   123 7768.08367   13 2760 7586.00000 7770.23206  2.43%  3531  298s
   122   137 7768.04265   14 2737 7586.00000 7770.23206  2.43%  3307  308s
   136   156 7768.01401   18 2744 7586.00000 7770.23206  2.43%  3143  315s
   155   168 7767.75874   22 2735 7586.00000 7770.23206  2.43%  2924  326s
H  157   168                    7587.0000000 7770.23206  2.42%  2893  326s
   167   186 7767.75288   23 2720 7587.00000 7770.23206  2.42%  2864  333s
   185   206 7767.61800   28 2747 7587.00000 7770.23206  2.42%  2731  341s
   205   230 7767.60603   29 2753 7587.00000 7770.23206  2.42%  2588  349s
   229   249 7767.44056   32 2709 7587.00000 7770.23206  2.42%  2445  357s
   248   265 7767.42285   33 2703 7587.00000 7770.23206  2.42%  2372  365s
H  264   285                    7588.0000000 7770.23206  2.40%  2342  373s
   284   306 7767.21088   35 2730 7588.00000 7770.23206  2.40%  2287  382s
   305   330 7767.19602   37 2706 7588.00000 7770.23206  2.40%  2236  395s
H  312   330                    7589.0000000 7770.23206  2.39%  2235  395s
   329   359 7767.14301   39 2710 7589.00000 7770.23206  2.39%  2201  403s
   358   378 7767.07216   41 2698 7589.00000 7770.23206  2.39%  2119  415s
H  369   378                    7590.0000000 7770.23206  2.37%  2100  415s
   377   403 7767.02898   43 2686 7590.00000 7770.23206  2.37%  2117  428s
   402   423 7766.66928   45 2687 7590.00000 7770.23206  2.37%  2109  437s
   422   452 7766.35612   48 2681 7590.00000 7770.23206  2.37%  2098  448s
   451   472 7765.08549   49 2678 7590.00000 7770.23206  2.37%  2068  460s
H  464   472                    7598.0000000 7770.23206  2.27%  2069  460s
   471   497 7765.26028   50 2656 7598.00000 7770.23206  2.27%  2065  475s
H  496   516                    7610.0000000 7770.23206  2.11%  2120  486s
   515   555 7762.04772   53 2612 7610.00000 7770.23206  2.11%  2138  496s
H  554   604                    7612.0000000 7770.23206  2.08%  2069  509s
H  564   604                    7613.0000000 7770.23206  2.07%  2059  509s
H  568   604                    7615.0000000 7770.23206  2.04%  2054  509s
H  579   604                    7616.0000000 7770.23206  2.03%  2049  509s
   603   657 7760.68678   61 2584 7616.00000 7770.23206  2.03%  1987  522s
   656   716 7760.72646   67 2609 7616.00000 7770.23206  2.03%  1907  535s
H  715   781                    7617.0000000 7770.23206  2.01%  1826  546s
   780   853 7760.41638   77 2563 7617.00000 7770.23206  2.01%  1741  556s
H  831   853                    7618.0000000 7770.23206  2.00%  1688  556s
   852   913 7760.21340   84 2579 7618.00000 7770.23206  2.00%  1654  568s
   912   989 7759.89425   88 2540 7618.00000 7770.23206  2.00%  1609  580s
H  983   989                    7619.0000000 7770.23206  1.98%  1549  580s
   988  1065 7759.73515   93 2530 7619.00000 7770.23206  1.98%  1543  593s
H  993  1065                    7622.0000000 7770.23206  1.94%  1540  593s
H 1002  1065                    7623.0000000 7770.23206  1.93%  1535  593s
H 1010  1065                    7624.0000000 7770.23206  1.92%  1530  593s
H 1064  1139                    7625.0000000 7770.23206  1.90%  1486  606s
  1138  1203 7759.01264  102 2468 7625.00000 7770.23206  1.90%  1447  620s
H 1194  1203                    7626.0000000 7770.23206  1.89%  1432  620s
  1202  1274 7755.70870  104 2417 7626.00000 7770.23206  1.89%  1426  633s
H 1218  1274                    7627.0000000 7770.23206  1.88%  1433  633s
  1273  1363 7756.95677  106 2460 7627.00000 7770.23206  1.88%  1395  646s
H 1343  1363                    7628.0000000 7770.23206  1.86%  1370  646s
  1362  1451 7756.28268  113 2449 7628.00000 7770.23206  1.86%  1353  660s
  1466  1518 7755.65461  119 2418 7628.00000 7770.23206  1.86%  1304  676s
  1533  1566 7754.23186  126 2389 7628.00000 7770.23206  1.86%  1299  692s
H 1581  1606                    7629.0000000 7770.23206  1.85%  1308  711s
  1621  1684 7753.23052  130 2393 7629.00000 7770.23206  1.85%  1318  730s
  1699  1779 7752.06032  139 2312 7629.00000 7770.23206  1.85%  1311  747s
  1794  1894 7750.66328  147 2290 7629.00000 7770.23206  1.85%  1291  765s
  1915  2003 7749.61063  157 2249 7629.00000 7770.23206  1.85%  1265  786s
  2026  2088 7747.26428  165 2167 7629.00000 7770.23206  1.85%  1252  839s
  2115  2252 7746.24309  170 2127 7629.00000 7770.23206  1.85%  1244  858s
  2291  2380 7744.81096  183 2066 7629.00000 7770.23206  1.85%  1199  878s
  2421  2528 7743.29916  195 2016 7629.00000 7770.23206  1.85%  1181  899s
H 2504  2528                    7630.0000000 7770.23206  1.84%  1180  899s
  2569  2699 7742.09314  200 1976 7630.00000 7770.23206  1.84%  1159  920s
  2740  2873 7740.51974  216 1945 7630.00000 7770.23206  1.84%  1132  942s
  2914  3064 7738.14580  234 1884 7630.00000 7770.23206  1.84%  1107  966s
H 3111  3069                    7635.0000000 7770.23206  1.77%  1082 1026s
H 3115  3066                    7636.0000000 7770.23206  1.76%  1082 1026s
  3119  3208 7735.39593  250 1878 7636.00000 7770.23206  1.76%  1086 1051s
  3261  3406 7733.70038  266 1790 7636.00000 7770.23206  1.76%  1083 1077s
H 3450  3405                    7637.0000000 7770.23206  1.74%  1063 1077s
  3459  3662 7732.67528  294 1779 7637.00000 7770.23206  1.74%  1065 1104s
H 3658  3659                    7638.0000000 7770.23206  1.73%  1037 1104s
  3716  3982 7731.04967  323 1716 7638.00000 7770.23206  1.73%  1038 1130s
  4039  4380 7729.30751  368 1674 7638.00000 7770.23206  1.73%  1000 1157s
  4437  4814 7727.45340  426 1631 7638.00000 7770.23206  1.73%   955 1184s
  4871  5141 7724.28622  486 1485 7638.00000 7770.23206  1.73%   913 1216s
H 4924  5135                    7640.0000000 7770.23206  1.70%   908 1216s
  5200  5746 7721.84534  523 1448 7640.00000 7770.23206  1.70%   890 1243s
  5815  6366 7715.46468  624 1312 7640.00000 7770.23206  1.70%   837 1271s
  6435  7138 7705.35425  716 1125 7640.00000 7770.23206  1.70%   794 1297s
  7220  7139 7734.47460  124 2510 7640.00000 7770.23206  1.70%   740 1342s
  7222  7140 7726.36909  181 1050 7640.00000 7770.23206  1.70%   740 1345s
  7224  7142 7701.18408  690 1625 7640.00000 7770.23206  1.70%   739 1351s
  7225  7142 7739.05751  172 1855 7640.00000 7770.23206  1.70%   739 1355s
  7226  7143 7684.83970  849 1908 7640.00000 7770.23206  1.70%   739 1360s
  7227  7144 7734.38426  118 2124 7640.00000 7770.23206  1.70%   739 1365s
  7228  7144 7724.51466  162 2250 7640.00000 7770.23206  1.70%   739 1371s
  7229  7145 7763.80630   28 2428 7640.00000 7770.23206  1.70%   739 1377s
  7230  7146 7712.83634  540 2513 7640.00000 7770.23206  1.70%   739 1383s
  7231  7146 7695.72599  748 2603 7640.00000 7770.23206  1.70%   739 1388s
  7232  7147 7716.89116  338 2659 7640.00000 7770.23206  1.70%   739 1392s
  7233  7148 7706.41160  638 2700 7640.00000 7770.08431  1.70%   739 1396s
  7235  7149 7762.36894   35 2764 7640.00000 7769.63915  1.70%   738 1402s
  7237  7150 7757.27469   65 2836 7640.00000 7769.47770  1.69%   738 1405s
  7242  7154 7688.96477  152 2843 7640.00000 7769.35244  1.69%   738 1410s
  7243  7154 7734.80597  196 2517 7640.00000 7766.11525  1.65%   738 1421s
  7244  7155 7724.96298  461 2576 7640.00000 7764.65810  1.63%   737 1428s
  7245  7156 7740.65627  156 2644 7640.00000 7763.80294  1.62%   737 1433s
  7246  7156 7723.67561  171 2666 7640.00000 7763.31770  1.61%   737 1438s
  7247  7157 7663.30724  698 2709 7640.00000 7763.01263  1.61%   737 1441s
  7249  7158 7739.25057  200 2788 7640.00000 7762.71261  1.61%   737 1446s
  7252  7160 7727.41200  171 2800 7640.00000 7762.57298  1.60%   737 1450s
  7255  7162 7698.91869  422 2623 7640.00000 7760.46724  1.58%   736 1463s
  7256  7163 7694.17515  761 2660 7640.00000 7759.56407  1.56%   736 1471s
  7257  7164 7678.64566  550 2735 7640.00000 7758.95997  1.56%   736 1477s
  7258  7164 7646.11855  852 2768 7640.00000 7758.58338  1.55%   736 1482s
  7259  7165 7743.07723   63 2804 7640.00000 7758.36829  1.55%   736 1486s
  7261  7166 7755.00802   42 2864 7640.00000 7758.12830  1.55%   736 1491s
  7263  7168 7716.26690  556 2878 7640.00000 7758.01966  1.54%   735 1495s
  7268  7171 7750.37114  106 2918 7640.00000 7757.94057  1.54%   735 1501s
  7269  7172 7724.13436  465 2689 7640.00000 7756.48666  1.52%   735 1512s
  7270  7172 7706.42291  638 2780 7640.00000 7755.91035  1.52%   735 1518s
  7271  7173 7755.60582   59 2820 7640.00000 7755.60582  1.51%   735 1523s
  7272  7174 7686.22035  194 2832 7640.00000 7755.39724  1.51%   735 1527s
  7273  7174 7736.99225  157 2865 7640.00000 7755.24593  1.51%   734 1530s
  7276  7176 7717.34481  449 2925 7640.00000 7755.03002  1.51%   734 1536s
  7279  7178 7675.97603  571 2953 7640.00000 7754.97794  1.50%   734 1540s
  7281  7180 7721.69852  522 2710 7640.00000 7753.88326  1.49%   734 1551s
  7282  7180 7719.46717  397 2736 7640.00000 7753.36015  1.48%   734 1557s
  7283  7181 7711.05966  639 2841 7640.00000 7753.01456  1.48%   733 1562s
  7284  7182 7689.88061  796 2857 7640.00000 7752.79482  1.48%   733 1567s
  7285  7182 7741.17463  204 2878 7640.00000 7752.66930  1.47%   733 1570s
  7287  7184 7725.33991  444 2897 7640.00000 7752.53190  1.47%   733 1575s
  7292  7187 7752.44877   75 2955 7640.00000 7752.44877  1.47%   733 1581s
  7293  7188 7700.40509  373 2744 7640.00000 7751.57020  1.46%   732 1591s
  7294  7188 7727.56704  410 2852 7640.00000 7751.16114  1.45%   732 1597s
  7295  7189 7719.05845  546 2875 7640.00000 7750.93399  1.45%   732 1602s
  7296  7190 7740.63262  190 2875 7640.00000 7750.78651  1.45%   732 1606s
  7298  7191 7683.95030  884 2957 7640.00000 7750.60794  1.45%   732 1612s
  7300  7192 7647.71749  832 2991 7640.00000 7750.50771  1.45%   732 1616s
  7302  7194 7714.77170  499 2988 7640.00000 7750.43105  1.45%   732 1620s
  7305  7196 7732.73395  289 2829 7640.00000 7749.57146  1.43%   731 1633s
  7306  7196 7705.91390  333 2887 7640.00000 7749.17637  1.43%   731 1639s
  7307  7197 7711.61444  304 2949 7640.00000 7748.96245  1.43%   731 1645s
  7309  7198 7732.63755  114 2979 7640.00000 7748.73770  1.42%   731 1652s
  7310  7199 7730.93466  282 3017 7640.00000 7748.64615  1.42%   731 1655s
  7312  7200 7748.55754   67 3047 7640.00000 7748.55754  1.42%   731 1660s
  7316  7203 7720.21040  523 3108 7640.00000 7748.49981  1.42%   730 1665s
  7317  7204 7727.88514  268 2810 7640.00000 7747.83574  1.41%   730 1675s
  7318  7204 7701.87917  664 2883 7640.00000 7747.55549  1.41%   730 1680s
  7319  7205 7683.36397  246 2883 7640.00000 7747.34954  1.41%   730 1685s
  7321  7206 7736.02624  209 2989 7640.00000 7747.16892  1.40%   730 1691s
  7323  7208 7747.09183   55 3004 7640.00000 7747.09183  1.40%   729 1695s
  7327  7210 7734.38426  118 3060 7640.00000 7747.00998  1.40%   729 1700s
  7329  7212 7746.40008   28 2813 7640.00000 7746.40008  1.39%   729 1712s
  7330  7212 7712.83634  540 2949 7640.00000 7746.13946  1.39%   729 1718s
  7331  7213 7695.72599  748 2999 7640.00000 7746.00806  1.39%   729 1722s
  7332  7214 7716.89116  338 3046 7640.00000 7745.93244  1.39%   729 1725s
  7335  7216 7745.81762   35 3002 7640.00000 7745.81762  1.39%   728 1731s
  7339  7218 7687.92369  477 3073 7640.00000 7745.77254  1.38%   728 1736s
  7340  7219 7711.27940  577 2904 7640.00000 7745.37079  1.38%   728 1745s
  7341  7220 7741.39807  155 2966 7640.00000 7745.13376  1.38%   728 1750s
  7342  7220 7688.96477  152 3011 7640.00000 7744.96946  1.37%   728 1755s
  7344  7222 7724.96298  461 3049 7640.00000 7744.80707  1.37%   727 1762s
  7345  7222 7740.65627  156 3018 7640.00000 7744.76372  1.37%   727 1765s
  7348  7224 7682.26989  878 3091 7640.00000 7744.69089  1.37%   727 1771s
  7351  7226 7716.15070  610 2852 7640.00000 7744.23578  1.36%   727 1785s
  7352  7227 7727.41200  171 2971 7640.00000 7744.06639  1.36%   727 1790s
  7354  7228 7729.89238  339 3030 7640.00000 7743.93277  1.36%   726 1796s
  7357  7230 7678.64566  550 3029 7640.00000 7743.86935  1.36%   726 1801s
  7360  7232 7679.59377  537 2953 7640.00000 7743.53154  1.36%   726 1811s
  7361  7233 7743.34992   42 2988 7640.00000 7743.34992  1.35%   726 1816s
  7362  7234 7743.25705  144 3017 7640.00000 7743.25705  1.35%   726 1820s
  7364  7235 7710.86143  371 3081 7640.00000 7743.17329  1.35%   725 1825s
  7368  7238 7743.11342  106 3099 7640.00000 7743.11342  1.35%   725 1831s
  7369  7238 7724.13436  465 2933 7640.00000 7742.80997  1.35%   725 1840s
  7370  7239 7706.42291  638 3011 7640.00000 7742.63998  1.34%   725 1845s
  7372  7240 7686.22035  194 3005 7640.00000 7742.46744  1.34%   725 1852s
  7374  7242 7719.01462  407 3069 7640.00000 7742.39631  1.34%   724 1856s
  7377  7244 7733.09622  136 3109 7640.00000 7742.35996  1.34%   724 1860s
  7379  7245 7675.97603  571 2998 7640.00000 7742.12325  1.34%   724 1870s
  7380  7246 7711.05966  639 2958 7640.00000 7741.98418  1.33%   724 1876s
  7381  7246 7721.69852  522 3032 7640.00000 7741.92342  1.33%   724 1880s
  7383  7248 7711.05966  639 3103 7640.00000 7741.83060  1.33%   724 1886s
  7385  7249 7741.17463  204 3099 7640.00000 7741.78622  1.33%   723 1890s
  7389  7252 7741.48020   37 3009 7640.00000 7741.48020  1.33%   723 1903s
  7390  7252 7727.63398  409 3016 7640.00000 7741.32327  1.33%   723 1909s
  7391  7253 7706.16957  560 3045 7640.00000 7741.24833  1.33%   723 1913s
  7392  7254 7741.20979   75 3060 7640.00000 7741.20979  1.32%   723 1916s
  7394  7255 7727.56704  410 3104 7640.00000 7741.15190  1.32%   722 1921s
  7396  7256 7740.63262  190 3121 7640.00000 7741.11605  1.32%   722 1925s
  7399  7258 7690.46754  789 2965 7640.00000 7740.88049  1.32%   722 1935s
  7400  7259 7647.71749  832 3077 7640.00000 7740.73935  1.32%   722 1941s
  7401  7260 7730.38576  252 3054 7640.00000 7740.66216  1.32%   722 1946s
  7402  7260 7714.77170  499 3073 7640.00000 7740.61016  1.32%   722 1950s
  7405  7262 7732.73395  289 3090 7640.00000 7740.54207  1.32%   721 1956s
  7407  7264 7711.61444  304 3013 7640.00000 7740.35466  1.31%   721 1965s
  7408  7264 7706.50979  330 3099 7640.00000 7740.23129  1.31%   721 1971s
  7410  7266 7730.93466  282 3121 7640.00000 7740.11725  1.31%   721 1978s
  7411  7266 7716.45276  601 3145 7640.00000 7740.08573  1.31%   721 1981s
  7414  7268 7706.49424  634 3145 7640.00000 7740.03787  1.31%   721 1986s
  7416  7270 7720.21040  523 2962 7640.00000 7739.83393  1.31%   720 1995s
  7417  7270 7727.88514  268 3062 7640.00000 7739.73725  1.31%   720 2001s
  7419  7272 7683.36397  246 3085 7640.00000 7739.65933  1.30%   720 2007s
  7421  7273 7736.02624  209 3145 7640.00000 7739.62425  1.30%   720 2011s
  7424  7275 7701.18408  690 3035 7640.00000 7739.46930  1.30%   720 2021s
  7425  7276 7739.05751  172 3083 7640.00000 7739.38358  1.30%   719 2026s
  7426  7276 7684.83970  849 3062 7640.00000 7739.34161  1.30%   719 2030s
  7428  7278 7724.51466  162 3136 7640.00000 7739.29643  1.30%   719 2035s
  7431  7280 7695.72599  748 3089 7640.00000 7739.25780  1.30%   719 2040s
  7434  7282 7739.06212  151 3005 7640.00000 7739.06212  1.30%   719 2051s
  7435  7282 7738.96996   35 3080 7640.00000 7738.96996  1.30%   718 2056s
  7437  7284 7738.91299   65 3113 7640.00000 7738.91299  1.29%   718 2062s
  7439  7285 7687.92369  477 3133 7640.00000 7738.88293  1.29%   718 2066s
  7442  7287 7688.96477  152 2987 7640.00000 7738.72228  1.29%   718 2075s
  7444  7288 7724.96298  461 3110 7640.00000 7738.61460  1.29%   718 2082s
  7446  7290 7723.67561  171 3126 7640.00000 7738.58915  1.29%   717 2085s
  7447  7290 7663.30724  698 2992 7640.00000 7738.40974  1.29%   717 2093s
  7448  7291 7682.26989  878 3095 7640.00000 7738.31707  1.29%   717 2098s
  7449  7292 7738.25790  200 3104 7640.00000 7738.25790  1.29%   717 2102s
  7450  7292 7738.22188   42 3102 7640.00000 7738.22188  1.29%   717 2105s
  7453  7294 7731.90851  305 3110 7640.00000 7738.17153  1.28%   717 2111s
  7455  7296 7698.91869  422 2991 7640.00000 7738.03273  1.28%   717 2119s
  7456  7296 7694.17515  761 3062 7640.00000 7737.97248  1.28%   716 2123s
  7457  7297 7678.64566  550 3062 7640.00000 7737.92418  1.28%   716 2127s
  7459  7298 7737.88380   63 3125 7640.00000 7737.88380  1.28%   716 2131s
  7462  7300 7737.76543  144 3065 7640.00000 7737.76543  1.28%   716 2141s
  7464  7302 7710.86143  371 3115 7640.00000 7737.68139  1.28%   716 2147s
  7465  7302 7737.65774   71 3136 7640.00000 7737.65774  1.28%   716 2150s
  7468  7304 7737.62371  106 3148 7640.00000 7737.62371  1.28%   715 2155s
  7469  7305 7724.13436  465 3102 7640.00000 7737.51214  1.28%   715 2161s
  7470  7306 7706.42291  638 3079 7640.00000 7737.46062  1.28%   715 2165s
  7472  7307 7686.22035  194 3117 7640.00000 7737.40687  1.27%   715 2170s
  7475  7309 7698.62953  790 3146 7640.00000 7737.37251  1.27%   715 2176s
  7476  7310 7717.34481  449 3027 7640.00000 7737.27617  1.27%   715 2182s
  7477  7310 7733.09622  136 3051 7640.00000 7737.22763  1.27%   714 2185s
  7479  7312 7675.97603  571 3143 7640.00000 7737.16491  1.27%   714 2190s
  7482  7314 7719.46717  397 3134 7640.00000 7737.11825  1.27%   714 2196s
  7483  7314 7711.05966  639 3062 7640.00000 7737.03092  1.27%   714 2202s
  7484  7315 7689.88061  796 3096 7640.00000 7736.96635  1.27%   714 2206s
  7485  7316 7736.92639  204 3140 7640.00000 7736.92639  1.27%   714 2210s
  7487  7317 7725.33991  444 3113 7640.00000 7736.88825  1.27%   713 2215s
  7489  7318 7736.78721   37 3014 7640.00000 7736.78721  1.27%   713 2223s
  7490  7319 7727.63398  409 3084 7640.00000 7736.73509  1.27%   713 2227s
  7491  7320 7706.16957  560 3152 7640.00000 7736.70782  1.27%   713 2230s
  7494  7322 7727.56704  410 3174 7640.00000 7736.66235  1.27%   713 2236s
  7496  7323 7736.58773  190 3113 7640.00000 7736.58773  1.26%   713 2242s
  7497  7324 7736.54398  200 3123 7640.00000 7736.54398  1.26%   713 2246s
  7500  7326 7647.71749  832 3110 7640.00000 7736.50464  1.26%   712 2251s
  7501  7326 7730.38576  252 3138 7640.00000 7736.45629  1.26%   712 2255s
  7503  7328 7736.39604   76 3194 7640.00000 7736.39604  1.26%   712 2261s
  7505  7329 7732.73395  289 3144 7640.00000 7736.37012  1.26%   712 2265s
  7507  7330 7711.61444  304 3077 7640.00000 7736.30888  1.26%   712 2272s
  7508  7331 7706.50979  330 3117 7640.00000 7736.27001  1.26%   711 2276s
  7510  7332 7730.93466  282 3151 7640.00000 7736.22813  1.26%   711 2281s
  7512  7334 7736.20958   67 3152 7640.00000 7736.20958  1.26%   711 2285s
  7513  7334 7730.22214  238 3140 7640.00000 7736.15806  1.26%   711 2290s
  7515  7336 7663.84596  690 3161 7640.00000 7736.07554  1.26%   711 2297s
  7516  7336 7720.21040  523 3182 7640.00000 7736.05965  1.26%   711 2300s
  7518  7338 7701.87917  664 3121 7640.00000 7736.00019  1.26%   711 2307s
  7519  7338 7683.36397  246 3136 7640.00000 7735.97002  1.26%   710 2310s
  7521  7340 7735.92423  209 3166 7640.00000 7735.92423  1.26%   710 2315s
  7523  7341 7735.86951   55 3091 7640.00000 7735.86951  1.25%   710 2322s
  7524  7342 7701.18408  690 3137 7640.00000 7735.83678  1.25%   710 2325s
  7526  7343 7684.83970  849 3140 7640.00000 7735.80065  1.25%   710 2330s
  7529  7345 7735.76870   28 3174 7640.00000 7735.76870  1.25%   710 2335s
  7530  7346 7712.83634  540 3106 7640.00000 7735.70245  1.25%   709 2340s
  7532  7347 7716.89116  338 3112 7640.00000 7735.62770  1.25%   709 2347s
  7534  7348 7735.60828  151 3159 7640.00000 7735.60828  1.25%   709 2351s
  7535  7349 7735.52071   35 3118 7640.00000 7735.52071  1.25%   709 2357s
  7536  7350 7685.65679  838 3129 7640.00000 7735.47958  1.25%   709 2361s
  7539  7352 7687.92369  477 3159 7640.00000 7735.45063  1.25%   709 2366s
  7540  7352 7711.27940  577 3063 7640.00000 7735.40077  1.25%   708 2370s
  7542  7354 7688.96477  152 3129 7640.00000 7735.33891  1.25%   708 2376s
  7544  7355 7724.96298  461 3139 7640.00000 7735.31215  1.25%   708 2381s
  7546  7356 7723.67561  171 3076 7640.00000 7735.22973  1.25%   708 2389s
  7547  7357 7663.30724  698 3117 7640.00000 7735.17719  1.25%   708 2393s
  7548  7358 7682.26989  878 3184 7640.00000 7735.15586  1.25%   708 2396s
  7550  7359 7735.12536   42 3174 7640.00000 7735.12536  1.25%   708 2400s
  7552  7360 7727.41200  171 3102 7640.00000 7735.06405  1.24%   707 2408s
  7553  7361 7731.90851  305 3110 7640.00000 7735.01828  1.24%   707 2412s
  7554  7362 7729.89238  339 3129 7640.00000 7734.99066  1.24%   707 2415s
  7557  7364 7678.64566  550 3214 7640.00000 7734.95355  1.24%   707 2421s
  7558  7364 7646.11855  852 3077 7640.00000 7734.87806  1.24%   707 2426s
  7559  7365 7734.82604   63 3077 7640.00000 7734.82604  1.24%   707 2430s
  7561  7366 7734.78092   42 3172 7640.00000 7734.78092  1.24%   707 2435s
  7563  7368 7716.26690  556 3208 7640.00000 7734.75426  1.24%   706 2440s
  7565  7369 7734.68684   71 3120 7640.00000 7734.68684  1.24%   706 2447s
  7566  7370 7734.66853   13 3099 7640.00000 7734.66853  1.24%   706 2450s
  7569  7372 7724.13436  465 3126 7640.00000 7734.61915  1.24%   706 2457s
  7570  7372 7706.42291  638 3129 7640.00000 7734.59543  1.24%   706 2460s
  7572  7374 7686.22035  194 3224 7640.00000 7734.56165  1.24%   705 2465s
  7574  7375 7719.01462  407 3167 7640.00000 7734.49550  1.24%   705 2472s
  7575  7376 7698.62953  790 3176 7640.00000 7734.45206  1.24%   705 2476s
  7577  7377 7733.09622  136 3204 7640.00000 7734.42199  1.24%   705 2480s
  7579  7378 7675.97603  571 3117 7640.00000 7734.36242  1.24%   705 2487s
  7580  7379 7711.05966  639 3149 7640.00000 7734.31991  1.23%   705 2490s
  7582  7380 7719.46717  397 3150 7640.00000 7734.27181  1.23%   705 2496s
  7584  7382 7689.88061  796 3229 7640.00000 7734.25500  1.23%   704 2500s
  7586  7383 7734.20953  136 3179 7640.00000 7734.20953  1.23%   704 2506s
  7588  7384 7716.61427  588 3167 7640.00000 7734.17729  1.23%   704 2511s
  7590  7386 7727.63398  409 3082 7640.00000 7734.13569  1.23%   704 2517s
  7591  7386 7706.16957  560 3123 7640.00000 7734.10840  1.23%   704 2521s
  7593  7388 7700.40509  373 3160 7640.00000 7734.07311  1.23%   704 2526s
  7595  7389 7719.05845  546 3218 7640.00000 7734.05587  1.23%   703 2530s
  7596  7390 7734.02482  190 3152 7640.00000 7734.02482  1.23%   703 2535s
  7598  7391 7683.95030  884 3171 7640.00000 7733.99075  1.23%   703 2540s
  7600  7392 7647.71749  832 3132 7640.00000 7733.93482  1.23%   703 2548s
  7601  7393 7730.38576  252 3191 7640.00000 7733.90292  1.23%   703 2551s
  7603  7394 7733.86566   76 3176 7640.00000 7733.86566  1.23%   703 2557s
  7605  7396 7732.73395  289 3206 7640.00000 7733.84717  1.23%   702 2561s
  7606  7396 7705.91390  333 3154 7640.00000 7733.81836  1.23%   702 2565s
  7608  7398 7706.50979  330 3159 7640.00000 7733.78156  1.23%   702 2570s
  7610  7399 7730.93466  282 3258 7640.00000 7733.76147  1.23%   702 2575s
  7612  7400 7733.71723   67 3164 7640.00000 7733.71723  1.23%   702 2582s
  7614  7402 7706.49424  634 3258 7640.00000 7733.69304  1.23%   702 2586s
  7615  7402 7663.84596  690 3198 7640.00000 7733.65924  1.23%   701 2591s
  7620  7407 7733.65924  124 1050 7640.00000 7733.65924  1.23%   821 2595s
  7622  7409 7726.36909  181 1435 7640.00000 7733.65924  1.23%   821 2600s
  7624  7410 7701.18408  690 1685 7640.00000 7733.65924  1.23%   820 2608s
  7625  7411 7733.65924  172 1832 7640.00000 7733.65924  1.23%   820 2613s
  7626  7411 7684.83970  849 2066 7640.00000 7733.65924  1.23%   820 2619s
  7627  7412 7733.65924  118 2206 7640.00000 7733.65924  1.23%   820 2627s
  7628  7413 7724.51466  162 2457 7640.00000 7733.65924  1.23%   820 2635s
  7629  7413 7733.65924   28 2508 7640.00000 7733.65924  1.23%   820 2644s
  7630  7414 7712.83634  540 2645 7640.00000 7733.65924  1.23%   820 2650s
  7631  7415 7695.72599  748 2729 7640.00000 7733.65924  1.23%   820 2655s
  7633  7416 7706.41160  638 2871 7640.00000 7733.65924  1.23%   820 2662s
  7635  7417 7733.65924   35 3036 7640.00000 7733.65924  1.23%   819 2666s
  7637  7419 7733.60996   65 3019 7640.00000 7733.60996  1.23%   819 2674s
  7638  7419 7724.88035  468 3029 7640.00000 7733.59548  1.23%   819 2675s
  7640  7421 7711.27940  577 3071 7640.00000 7733.53753  1.22%   819 2684s
  7641  7421 7733.51059  155 3053 7640.00000 7733.51059  1.22%   819 2687s
  7642  7422 7688.96477  152 3078 7640.00000 7733.49743  1.22%   819 2690s
  7644  7423 7724.96298  461 3045 7640.00000 7733.43373  1.22%   818 2699s
  7645  7424 7733.41096  156 3044 7640.00000 7733.41096  1.22%   818 2702s
  7647  7425 7663.30724  698 3111 7640.00000 7733.38785  1.22%   818 2706s
  7649  7427 7733.33469  200 3002 7640.00000 7733.33469  1.22%   818 2715s
  7651  7428 7716.15070  610 3055 7640.00000 7733.28978  1.22%   818 2720s
  7653  7429 7731.90851  305 3093 7640.00000 7733.27283  1.22%   817 2725s
  7655  7431 7698.91869  422 3095 7640.00000 7733.21218  1.22%   817 2733s
  7656  7431 7694.17515  761 3083 7640.00000 7733.19867  1.22%   817 2735s
  7658  7433 7646.11855  852 3101 7640.00000 7733.15755  1.22%   817 2744s
  7659  7433 7733.13911   63 3164 7640.00000 7733.13911  1.22%   817 2747s
  7661  7435 7733.10330   42 3111 7640.00000 7733.10330  1.22%   817 2754s
  7662  7435 7733.08269  144 3061 7640.00000 7733.08269  1.22%   816 2757s
  7663  7436 7716.26690  556 3124 7640.00000 7733.07425  1.22%   816 2760s
  7665  7437 7733.03769   71 3094 7640.00000 7733.03769  1.22%   816 2767s
  7666  7438 7733.02909   13 3124 7640.00000 7733.02909  1.22%   816 2770s
  7667  7439 7707.29267  381 3061 7640.00000 7733.00609  1.22%   816 2775s
  7669  7440 7724.13436  465 3059 7640.00000 7733.00598  1.22%   816 2787s
  7670  7444 7732.45724   21 2870 7640.00000 7733.00598  1.22%   834 2804s
  7672  7447 7732.41112   22 2886 7640.00000 7732.87406  1.22%   834 2838s
  7676  7454 7731.79113   23 2949 7640.00000 7732.78779  1.21%   838 2925s
  7684  7459 7731.26874   24 2916 7640.00000 7732.17802  1.21%   859 2954s
  7692  7464 7712.97201   24 2770 7640.00000 7731.75168  1.20%   874 2978s
  7700  7470 7731.18224   25 2939 7640.00000 7731.75168  1.20%   880 2986s
  7708  7475 7731.25199   25 2921 7640.00000 7731.75053  1.20%   881 3007s
  7716  7487 7731.24221   26 2921 7640.00000 7731.73130  1.20%   884 3026s
  7731  7494 7731.12249   27 2903 7640.00000 7731.72497  1.20%   888 3036s
  7743  7504 7731.23295   27 2910 7640.00000 7731.70737  1.20%   890 3057s
  7757  7512 7731.20816   28 2927 7640.00000 7731.70728  1.20%   894 3071s
  7769  7519 7730.64955   29 2815 7640.00000 7731.63794  1.20%   899 3093s
  7780  7532 7730.64995   30 2887 7640.00000 7731.63794  1.20%   903 3103s
  7797  7541 7730.64602   31 2883 7640.00000 7731.63794  1.20%   905 3115s
  7812  7548 7730.56136   32 2860 7640.00000 7731.63794  1.20%   907 3127s
  7824  7557 7730.03031   32 2871 7640.00000 7731.63794  1.20%   910 3139s
  7837  7565 7730.48324   33 2846 7640.00000 7731.63794  1.20%   913 3154s
  7849  7575 7730.30949   34 2824 7640.00000 7731.63794  1.20%   918 3179s
  7863  7589 7730.29043   34 2847 7640.00000 7731.63794  1.20%   923 3195s
H 7864  7216                    7641.0000000 7731.63794  1.19%   923 3195s
  7882  7230 7730.30837   35 2843 7641.00000 7731.63794  1.19%   926 3214s
  7902  7243 7730.14166   36 2758 7641.00000 7731.63794  1.19%   929 3227s
  7922  7263 7730.26197   37 2793 7641.00000 7731.63794  1.19%   932 3240s
  7948  7276 7730.03946   38 2781 7641.00000 7731.63794  1.19%   934 3255s
  7970  7295 7729.16726   38 2811 7641.00000 7731.63794  1.19%   937 3270s
  7996  7314 7729.76269   39 2797 7641.00000 7731.63794  1.19%   940 3283s
  8024  7333 7729.87434   40 2800 7641.00000 7731.63794  1.19%   942 3300s
  8052  7355 7729.21377   41 2772 7641.00000 7731.63794  1.19%   945 3314s
  8084  7386 7729.82366   42 2739 7641.00000 7731.63794  1.19%   947 3331s
  8125  7410 7729.75782   44 2727 7641.00000 7731.63794  1.19%   950 3350s
  8163  7434 7729.73512   45 2724 7641.00000 7731.63794  1.19%   952 3372s
  8200  7451 7729.66701   47 2739 7641.00000 7731.63794  1.19%   956 3391s
  8229  7478 7729.36628   48 2696 7641.00000 7731.63794  1.19%   960 3416s
  8266  7507 7729.47789   50 2726 7641.00000 7731.63794  1.19%   965 3450s
H 8281  7147                    7642.0000000 7731.63794  1.17%   971 3450s
  8307  7184 7729.38447   51 2726 7642.00000 7731.63794  1.17%   970 3470s
  8353  7217 7729.08048   52 2712 7642.00000 7731.63794  1.17%   974 3488s
  8401  7260 7729.25065   53 2665 7642.00000 7731.63794  1.17%   976 3511s
  8460  7298 7729.13033   56 2680 7642.00000 7731.63794  1.17%   979 3532s
  8518  7340 7729.07028   58 2673 7642.00000 7731.63794  1.17%   981 3559s
  8579  7390 7729.04764   60 2629 7642.00000 7731.63794  1.17%   985 3589s
  8649  7416 7728.75684   63 2598 7642.00000 7731.63794  1.17%   989 3600s

Cutting planes:
  Gomory: 25
  Cover: 46
  Implied bound: 3
  MIR: 739
  StrongCG: 34
  Flow cover: 2339
  GUB cover: 612
  Zero half: 29
  Mod-K: 1
  RLT: 393
  Relax-and-lift: 11

Explored 8699 nodes (8730234 simplex iterations) in 3600.01 seconds (6991.19 work units)
Thread count was 8 (of 8 available processors)

Solution count 10: 7642 7641 7640 ... 7628

Time limit reached
Best objective 7.642000000000e+03, best bound 7.731000000000e+03, gap 1.1646%
