
Gurobi 9.5.1 (linux64) logging started Wed Mar 16 15:12:50 2022

Set parameter LogFile to value "../results/logs/log_2022_03_16_15_12.csv_2_250.log"
Set parameter LazyConstraints to value 1
Gurobi Optimizer version 9.5.1 build v9.5.1rc2 (linux64)
Thread count: 8 physical cores, 8 logical processors, using up to 8 threads
Optimize a model with 37072 rows, 116456 columns and 132370 nonzeros
Model fingerprint: 0xd79aa57d
Variable types: 0 continuous, 116456 integer (116456 binary)
Coefficient statistics:
  Matrix range     [1e+00, 1e+00]
  Objective range  [1e+00, 1e+00]
  Bounds range     [1e+00, 1e+00]
  RHS range        [1e+00, 2e+02]
Found heuristic solution: objective 58228.000000

Explored 0 nodes (0 simplex iterations) in 0.02 seconds (0.01 work units)
Thread count was 1 (of 8 available processors)

Solution count 1: 58228 

Optimal solution found (tolerance 1.00e-04)
Best objective 5.822800000000e+04, best bound 5.822800000000e+04, gap 0.0000%

User-callback calls 21, time in user-callback 0.00 sec

Gurobi 9.5.1 (linux64) logging started Wed Mar 16 15:13:50 2022

Set parameter LogFile to value "../results/logs/log_2022_03_16_15_12.csv_2_250.log"
Set parameter LazyConstraints to value 1
Gurobi Optimizer version 9.5.1 build v9.5.1rc2 (linux64)
Thread count: 8 physical cores, 8 logical processors, using up to 8 threads
Optimize a model with 37072 rows, 116456 columns and 132370 nonzeros
Model fingerprint: 0xd79aa57d
Variable types: 0 continuous, 116456 integer (116456 binary)
Coefficient statistics:
  Matrix range     [1e+00, 1e+00]
  Objective range  [1e+00, 1e+00]
  Bounds range     [1e+00, 1e+00]
  RHS range        [1e+00, 2e+02]
Found heuristic solution: objective 58228.000000

Explored 0 nodes (0 simplex iterations) in 0.02 seconds (0.01 work units)
Thread count was 1 (of 8 available processors)

Solution count 1: 58228 

Optimal solution found (tolerance 1.00e-04)
Best objective 5.822800000000e+04, best bound 5.822800000000e+04, gap 0.0000%

User-callback calls 21, time in user-callback 0.00 sec

Gurobi 9.5.1 (linux64) logging started Wed Mar 16 15:14:57 2022

Set parameter LogFile to value "../results/logs/log_2022_03_16_15_12.csv_2_250.log"
Set parameter LazyConstraints to value 1
Gurobi Optimizer version 9.5.1 build v9.5.1rc2 (linux64)
Thread count: 8 physical cores, 8 logical processors, using up to 8 threads
Optimize a model with 37072 rows, 116456 columns and 132370 nonzeros
Model fingerprint: 0xd79aa57d
Variable types: 0 continuous, 116456 integer (116456 binary)
Coefficient statistics:
  Matrix range     [1e+00, 1e+00]
  Objective range  [1e+00, 1e+00]
  Bounds range     [1e+00, 1e+00]
  RHS range        [1e+00, 2e+02]
Found heuristic solution: objective 58228.000000

Explored 0 nodes (0 simplex iterations) in 0.02 seconds (0.01 work units)
Thread count was 1 (of 8 available processors)

Solution count 1: 58228 

Optimal solution found (tolerance 1.00e-04)
Best objective 5.822800000000e+04, best bound 5.822800000000e+04, gap 0.0000%

User-callback calls 21, time in user-callback 0.00 sec

Gurobi 9.5.1 (linux64) logging started Wed Mar 16 15:16:02 2022

Set parameter LogFile to value "../results/logs/log_2022_03_16_15_12.csv_2_250.log"
Set parameter LazyConstraints to value 1
Gurobi Optimizer version 9.5.1 build v9.5.1rc2 (linux64)
Thread count: 8 physical cores, 8 logical processors, using up to 8 threads
Optimize a model with 37072 rows, 116456 columns and 132370 nonzeros
Model fingerprint: 0xd79aa57d
Variable types: 0 continuous, 116456 integer (116456 binary)
Coefficient statistics:
  Matrix range     [1e+00, 1e+00]
  Objective range  [1e+00, 1e+00]
  Bounds range     [1e+00, 1e+00]
  RHS range        [1e+00, 2e+02]
Found heuristic solution: objective 58228.000000

Explored 0 nodes (0 simplex iterations) in 0.02 seconds (0.01 work units)
Thread count was 1 (of 8 available processors)

Solution count 1: 58228 

Optimal solution found (tolerance 1.00e-04)
Best objective 5.822800000000e+04, best bound 5.822800000000e+04, gap 0.0000%

User-callback calls 21, time in user-callback 0.00 sec

Gurobi 9.5.1 (linux64) logging started Wed Mar 16 15:27:18 2022

Set parameter LogFile to value "../results/logs/log_2022_03_16_15_12.csv_2_250.log"
Set parameter LazyConstraints to value 1
Gurobi Optimizer version 9.5.1 build v9.5.1rc2 (linux64)
Thread count: 8 physical cores, 8 logical processors, using up to 8 threads
Optimize a model with 37072 rows, 116456 columns and 132370 nonzeros
Model fingerprint: 0x362bffa8
Variable types: 58228 continuous, 58228 integer (58228 binary)
Coefficient statistics:
  Matrix range     [1e+00, 1e+00]
  Objective range  [1e+00, 1e+00]
  Bounds range     [1e+00, 1e+00]
  RHS range        [1e+00, 2e+02]
Found heuristic solution: objective 58228.000000

Explored 0 nodes (0 simplex iterations) in 0.02 seconds (0.01 work units)
Thread count was 1 (of 8 available processors)

Solution count 1: 58228 

Optimal solution found (tolerance 1.00e-04)
Best objective 5.822800000000e+04, best bound 5.822800000000e+04, gap 0.0000%

User-callback calls 21, time in user-callback 0.00 sec
