
Gurobi 9.5.1 (linux64) logging started Wed Jun  1 15:40:30 2022

Set parameter LogFile to value "../results/logs/log_facebook_combined_17_250_2022_06_01_15_40.log"
Gurobi Optimizer version 9.5.1 build v9.5.1rc2 (linux64)
Thread count: 8 physical cores, 8 logical processors, using up to 8 threads
Optimize a model with 1003 rows, 8078 columns and 27347 nonzeros
Model fingerprint: 0x8f05abfd
Variable types: 0 continuous, 8078 integer (8078 binary)
Coefficient statistics:
  Matrix range     [1e+00, 2e+01]
  Objective range  [1e+00, 1e+00]
  Bounds range     [1e+00, 1e+00]
  RHS range        [1e+00, 2e+02]
Found heuristic solution: objective 2061.0000000
Presolve removed 33 rows and 6571 columns
Presolve time: 0.03s
Presolved: 970 rows, 1507 columns, 17213 nonzeros
Variable types: 0 continuous, 1507 integer (1423 binary)
Found heuristic solution: objective 2111.0000000

Root relaxation: objective 2.547778e+03, 780 iterations, 0.01 seconds (0.01 work units)

    Nodes    |    Current Node    |     Objective Bounds      |     Work
 Expl Unexpl |  Obj  Depth IntInf | Incumbent    BestBd   Gap | It/Node Time

     0     0 2547.77825    0  108 2111.00000 2547.77825  20.7%     -    0s
H    0     0                    2488.0000000 2547.77825  2.40%     -    0s
H    0     0                    2495.0000000 2547.77825  2.12%     -    0s
H    0     0                    2518.0000000 2547.77825  1.18%     -    0s
     0     0 2541.83376    0  168 2518.00000 2541.83376  0.95%     -    0s
H    0     0                    2528.0000000 2541.83376  0.55%     -    0s
     0     0 2541.10283    0  175 2528.00000 2541.10283  0.52%     -    0s
     0     0 2541.04186    0  175 2528.00000 2541.04186  0.52%     -    0s
     0     0 2541.03216    0  175 2528.00000 2541.03216  0.52%     -    0s
H    0     0                    2529.0000000 2537.39556  0.33%     -    0s
     0     0 2537.39556    0  162 2529.00000 2537.39556  0.33%     -    0s
     0     0 2536.54493    0  134 2529.00000 2536.54493  0.30%     -    0s
     0     0 2536.45208    0  111 2529.00000 2536.45208  0.29%     -    0s
     0     0 2536.38578    0  124 2529.00000 2536.38578  0.29%     -    0s
     0     0 2536.38229    0  118 2529.00000 2536.38229  0.29%     -    0s
H    0     0                    2532.0000000 2536.38229  0.17%     -    0s
     0     0 2535.37229    0   66 2532.00000 2535.37229  0.13%     -    0s
H    0     0                    2533.0000000 2535.37229  0.09%     -    0s
     0     0 2535.07035    0   63 2533.00000 2535.07035  0.08%     -    0s
     0     0 2534.88757    0   51 2533.00000 2534.88757  0.07%     -    0s
     0     0 2534.81844    0   90 2533.00000 2534.81844  0.07%     -    0s
     0     0 2534.79404    0   80 2533.00000 2534.79404  0.07%     -    0s
     0     0 2534.77876    0   81 2533.00000 2534.77876  0.07%     -    0s
     0     0 2534.77050    0   99 2533.00000 2534.77050  0.07%     -    0s
     0     0 2534.75870    0   82 2533.00000 2534.75870  0.07%     -    0s
     0     0 2534.75597    0   87 2533.00000 2534.75597  0.07%     -    0s
     0     0 2534.59429    0   52 2533.00000 2534.59429  0.06%     -    0s
     0     0 2534.59429    0   42 2533.00000 2534.59429  0.06%     -    0s
     0     0 2534.59429    0   53 2533.00000 2534.59429  0.06%     -    0s
     0     0 2534.59429    0   77 2533.00000 2534.59429  0.06%     -    0s
     0     0 2534.59429    0   66 2533.00000 2534.59429  0.06%     -    0s
     0     0 2534.59429    0   68 2533.00000 2534.59429  0.06%     -    0s
     0     0 2534.59429    0   61 2533.00000 2534.59429  0.06%     -    0s
     0     0 2534.59429    0   62 2533.00000 2534.59429  0.06%     -    0s
     0     0 2534.59429    0   56 2533.00000 2534.59429  0.06%     -    0s
     0     0 2534.47772    0   47 2533.00000 2534.47772  0.06%     -    0s
     0     0 2534.42983    0   53 2533.00000 2534.42983  0.06%     -    0s
     0     0 2534.42053    0   55 2533.00000 2534.42053  0.06%     -    0s
     0     0 2534.40433    0   34 2533.00000 2534.40433  0.06%     -    0s
     0     0 2534.40396    0   34 2533.00000 2534.40396  0.06%     -    0s
     0     0 2534.29216    0   64 2533.00000 2534.29216  0.05%     -    0s
     0     0 2534.29216    0   22 2533.00000 2534.29216  0.05%     -    0s
     0     0 2534.29216    0   45 2533.00000 2534.29216  0.05%     -    0s
     0     0 2534.29216    0   37 2533.00000 2534.29216  0.05%     -    0s
     0     0 2534.29216    0   51 2533.00000 2534.29216  0.05%     -    0s
     0     0 2534.29216    0   58 2533.00000 2534.29216  0.05%     -    0s
     0     0 2534.29216    0   54 2533.00000 2534.29216  0.05%     -    0s
     0     0 2534.17586    0   31 2533.00000 2534.17586  0.05%     -    0s
     0     0     cutoff    0      2533.00000 2533.00000  0.00%     -    0s

Cutting planes:
  Gomory: 15
  Lift-and-project: 1
  Implied bound: 2
  MIR: 18
  StrongCG: 2
  GUB cover: 21
  RLT: 9

Explored 1 nodes (3416 simplex iterations) in 0.46 seconds (0.38 work units)
Thread count was 8 (of 8 available processors)

Solution count 10: 2533 2533 2532 ... 2528

Optimal solution found (tolerance 0.00e+00)
Best objective 2.533000000000e+03, best bound 2.533000000000e+03, gap 0.0000%
