
Gurobi 9.5.1 (linux64) logging started Tue Jun 21 06:00:44 2022

Set parameter LogFile to value "../results/logs/log_flickrEdges_20_20_2022_06_21_01_26.log"
Gurobi Optimizer version 9.5.1 build v9.5.1rc2 (linux64)
Thread count: 8 physical cores, 8 logical processors, using up to 8 threads
Optimize a model with 20397 rows, 211876 columns and 747210 nonzeros
Model fingerprint: 0x1c6adf3a
Variable types: 0 continuous, 211876 integer (211876 binary)
Coefficient statistics:
  Matrix range     [1e+00, 2e+01]
  Objective range  [1e+00, 1e+00]
  Bounds range     [1e+00, 1e+00]
  RHS range        [1e+00, 2e+01]
Found heuristic solution: objective 15808.000000
Presolve removed 998 rows and 143164 columns
Presolve time: 1.22s
Presolved: 19399 rows, 68712 columns, 377768 nonzeros
Found heuristic solution: objective 15819.000000
Variable types: 0 continuous, 68712 integer (64958 binary)

Deterministic concurrent LP optimizer: primal and dual simplex
Showing first log only...


Root simplex log...

Iteration    Objective       Primal Inf.    Dual Inf.      Time
    5301    1.6163282e+04   0.000000e+00   1.444224e+02      6s
    5711    1.6171169e+04   0.000000e+00   0.000000e+00      8s
Concurrent spin time: 0.00s

Solved with primal simplex

Root relaxation: objective 1.617117e+04, 5711 iterations, 6.84 seconds (12.12 work units)

    Nodes    |    Current Node    |     Objective Bounds      |     Work
 Expl Unexpl |  Obj  Depth IntInf | Incumbent    BestBd   Gap | It/Node Time

     0     0 16171.1687    0 5037 15819.0000 16171.1687  2.23%     -   11s
H    0     0                    15831.000000 16171.1687  2.15%     -   23s
     0     0 16040.1920    0 4940 15831.0000 16040.1920  1.32%     -   29s
     0     0 15993.1231    0 4774 15831.0000 15993.1231  1.02%     -   36s
     0     0 15949.0938    0 4492 15831.0000 15949.0938  0.75%     -   45s
     0     0 15925.8787    0 4458 15831.0000 15925.8787  0.60%     -   53s
     0     0 15920.1294    0 4500 15831.0000 15920.1294  0.56%     -   59s
     0     0 15901.4071    0 4504 15831.0000 15901.4071  0.44%     -   72s
     0     0 15897.2398    0 4517 15831.0000 15897.2398  0.42%     -   78s
     0     0 15889.1507    0 4611 15831.0000 15889.1507  0.37%     -   92s
     0     0 15886.4924    0 4598 15831.0000 15886.4924  0.35%     -   97s
     0     0 15879.5181    0 4650 15831.0000 15879.5181  0.31%     -  112s
     0     0 15878.0220    0 4623 15831.0000 15878.0220  0.30%     -  119s
     0     0 15873.8969    0 4666 15831.0000 15873.8969  0.27%     -  136s
     0     0 15872.8561    0 4676 15831.0000 15872.8561  0.26%     -  146s
     0     0 15871.0149    0 4553 15831.0000 15871.0149  0.25%     -  161s
     0     0 15870.0380    0 4358 15831.0000 15870.0380  0.25%     -  170s
     0     0 15868.9923    0 4145 15831.0000 15868.9923  0.24%     -  179s
     0     0 15868.7754    0 4154 15831.0000 15868.7754  0.24%     -  183s
     0     0 15868.7156    0 4172 15831.0000 15868.7156  0.24%     -  184s
     0     0 15868.7002    0 4164 15831.0000 15868.7002  0.24%     -  186s
H    0     0                    15832.000000 15857.4649  0.16%     -  233s
     0     0 15857.4649    0 4681 15832.0000 15857.4649  0.16%     -  233s
     0     0 15854.2443    0 4689 15832.0000 15854.2443  0.14%     -  253s
     0     0 15851.7644    0 4793 15832.0000 15851.7644  0.12%     -  282s
     0     0 15849.5766    0 4958 15832.0000 15849.5766  0.11%     -  315s
     0     0 15848.2239    0 4967 15832.0000 15848.2239  0.10%     -  349s
H    0     0                    15833.000000 15846.9014  0.09%     -  390s
     0     0 15846.9014    0 5164 15833.0000 15846.9014  0.09%     -  391s
     0     0 15846.1091    0 5360 15833.0000 15846.1091  0.08%     -  427s
     0     0 15845.4768    0 5493 15833.0000 15845.4768  0.08%     -  467s
     0     0 15845.0366    0 5577 15833.0000 15845.0366  0.08%     -  498s
     0     0 15844.7486    0 5602 15833.0000 15844.7486  0.07%     -  524s
     0     0 15844.6455    0 5673 15833.0000 15844.6455  0.07%     -  537s
     0     0 15843.0064    0 5769 15833.0000 15843.0064  0.06%     -  672s
     0     0 15841.8081    0 5834 15833.0000 15841.8081  0.06%     -  750s
     0     0 15840.9096    0 5875 15833.0000 15840.9096  0.05%     -  837s
     0     0 15840.2182    0 5926 15833.0000 15840.2182  0.05%     -  915s
     0     0 15839.6807    0 6011 15833.0000 15839.6807  0.04%     -  979s
     0     0 15839.3438    0 6107 15833.0000 15839.3438  0.04%     - 1065s
     0     0 15839.0080    0 6172 15833.0000 15839.0080  0.04%     - 1118s
     0     0 15838.7573    0 6243 15833.0000 15838.7573  0.04%     - 1175s
     0     0 15838.0590    0 6230 15833.0000 15838.0590  0.03%     - 1386s
     0     0 15837.4073    0 6195 15833.0000 15837.4073  0.03%     - 1477s
     0     0 15837.0059    0 6093 15833.0000 15837.0059  0.03%     - 1565s
     0     0 15836.6907    0 6140 15833.0000 15836.6907  0.02%     - 1626s
     0     0 15836.4268    0 6123 15833.0000 15836.4268  0.02%     - 1692s
     0     0 15835.9774    0 6053 15833.0000 15835.9774  0.02%     - 1836s
     0     0 15835.9766    0 6029 15833.0000 15835.9766  0.02%     - 1856s
     0     0 15835.9683    0 6002 15833.0000 15835.9683  0.02%     - 1862s
     0     2 15835.9682    0 5999 15833.0000 15835.9682  0.02%     - 2069s
     3     2 15835.8674    2 6005 15833.0000 15835.8674  0.02%  16.0 2102s
     6     3 15835.8674    3 6004 15833.0000 15835.8674  0.02%  1191 2122s
     8     4 15835.8673    4 5998 15833.0000 15835.8673  0.02%  1440 2143s
    11     3 15835.4778    5 6062 15833.0000 15835.8672  0.02%  3058 2437s
    18     6 15835.4767    7 6059 15833.0000 15835.4767  0.02%  7712 2987s
    24     6 15835.4763    8 6064 15833.0000 15835.4763  0.02% 14187 3245s
    30     6 15835.4727    9 6056 15833.0000 15835.4763  0.02% 14256 3264s
    36     9 15835.4614   10 6067 15833.0000 15835.4727  0.02% 12042 3291s
    42    14 15835.4604   11 6059 15833.0000 15835.4612  0.02% 10500 3451s
    52    22 15835.4526   13 6054 15833.0000 15835.4603  0.02%  9580 3600s

Cutting planes:
  Gomory: 6
  Cover: 1387
  Implied bound: 54
  MIR: 1265
  StrongCG: 39
  GUB cover: 645
  Zero half: 1
  RLT: 2574

Explored 61 nodes (694239 simplex iterations) in 3600.04 seconds (5990.80 work units)
Thread count was 8 (of 8 available processors)

Solution count 5: 15833 15832 15831 ... 15808

Time limit reached
Best objective 1.583300000000e+04, best bound 1.583500000000e+04, gap 0.0126%
