
Gurobi 9.1.1 (win64) logging started Sat Mar 13 12:23:11 2021

Changed value of parameter LogFile to ../results/logs/log_samuel_kroger_2021_03_13_12_23_11.csv_5_3.log
   Prev:   Default: 
Gurobi Optimizer version 9.1.1 build v9.1.1rc0 (win64)
Thread count: 6 physical cores, 12 logical processors, using up to 12 threads
Optimize a model with 29 rows, 78 columns and 433 nonzeros
Model fingerprint: 0x925decf1
Variable types: 0 continuous, 78 integer (78 binary)
Coefficient statistics:
  Matrix range     [1e+00, 5e+00]
  Objective range  [1e+00, 1e+00]
  Bounds range     [1e+00, 1e+00]
  RHS range        [1e+00, 3e+00]
Found heuristic solution: objective 28.0000000
Found heuristic solution: objective 37.0000000
Found heuristic solution: objective 40.0000000
Presolve removed 29 rows and 78 columns
Presolve time: 0.00s
Presolve: All rows and columns removed

Explored 0 nodes (0 simplex iterations) in 0.00 seconds
Thread count was 1 (of 12 available processors)

Solution count 4: 42 

Optimal solution found (tolerance 1.00e-04)
Best objective 4.200000000000e+01, best bound 4.200000000000e+01, gap 0.0000%

Gurobi 9.1.1 (win64) logging started Sat Mar 13 12:23:11 2021

Changed value of parameter LogFile to ../results/logs/log_samuel_kroger_2021_03_13_12_23_11.csv_5_3.log
   Prev:   Default: 
Gurobi Optimizer version 9.1.1 build v9.1.1rc0 (win64)
Thread count: 6 physical cores, 12 logical processors, using up to 12 threads
Optimize a model with 29 rows, 78 columns and 433 nonzeros
Model fingerprint: 0x40f40b8d
Variable types: 0 continuous, 78 integer (78 binary)
Coefficient statistics:
  Matrix range     [1e+00, 5e+00]
  Objective range  [1e+00, 1e+00]
  Bounds range     [1e+00, 1e+00]
  RHS range        [1e+00, 3e+00]

User MIP start produced solution with objective 42 (0.00s)
Loaded user MIP start with objective 42

Presolve removed 29 rows and 78 columns
Presolve time: 0.00s
Presolve: All rows and columns removed

Explored 0 nodes (0 simplex iterations) in 0.00 seconds
Thread count was 1 (of 12 available processors)

Solution count 1: 42 

Optimal solution found (tolerance 1.00e-04)
Best objective 4.200000000000e+01, best bound 4.200000000000e+01, gap 0.0000%

Gurobi 9.1.1 (win64) logging started Sat Mar 13 12:23:11 2021

Changed value of parameter LogFile to ../results/logs/log_samuel_kroger_2021_03_13_12_23_11.csv_5_3.log
   Prev:   Default: 
Gurobi Optimizer version 9.1.1 build v9.1.1rc0 (win64)
Thread count: 6 physical cores, 12 logical processors, using up to 12 threads
Optimize a model with 29 rows, 78 columns and 433 nonzeros
Model fingerprint: 0x925decf1
Variable types: 0 continuous, 78 integer (78 binary)
Coefficient statistics:
  Matrix range     [1e+00, 5e+00]
  Objective range  [1e+00, 1e+00]
  Bounds range     [1e+00, 1e+00]
  RHS range        [1e+00, 3e+00]
Found heuristic solution: objective 28.0000000
Found heuristic solution: objective 37.0000000
Found heuristic solution: objective 40.0000000
Presolve removed 29 rows and 78 columns
Presolve time: 0.00s
Presolve: All rows and columns removed

Explored 0 nodes (0 simplex iterations) in 0.00 seconds
Thread count was 1 (of 12 available processors)

Solution count 4: 42 

Optimal solution found (tolerance 1.00e-04)
Best objective 4.200000000000e+01, best bound 4.200000000000e+01, gap 0.0000%

Gurobi 9.1.1 (win64) logging started Sat Mar 13 12:23:11 2021

Changed value of parameter LogFile to ../results/logs/log_samuel_kroger_2021_03_13_12_23_11.csv_5_3.log
   Prev:   Default: 
Gurobi Optimizer version 9.1.1 build v9.1.1rc0 (win64)
Thread count: 6 physical cores, 12 logical processors, using up to 12 threads
Optimize a model with 29 rows, 78 columns and 433 nonzeros
Model fingerprint: 0x40f40b8d
Variable types: 0 continuous, 78 integer (78 binary)
Coefficient statistics:
  Matrix range     [1e+00, 5e+00]
  Objective range  [1e+00, 1e+00]
  Bounds range     [1e+00, 1e+00]
  RHS range        [1e+00, 3e+00]

User MIP start produced solution with objective 42 (0.00s)
Loaded user MIP start with objective 42

Presolve removed 29 rows and 78 columns
Presolve time: 0.00s
Presolve: All rows and columns removed

Explored 0 nodes (0 simplex iterations) in 0.00 seconds
Thread count was 1 (of 12 available processors)

Solution count 1: 42 

Optimal solution found (tolerance 1.00e-04)
Best objective 4.200000000000e+01, best bound 4.200000000000e+01, gap 0.0000%

Gurobi 9.1.1 (win64) logging started Sat Mar 13 12:23:11 2021

Changed value of parameter LogFile to ../results/logs/log_samuel_kroger_2021_03_13_12_23_11.csv_5_3.log
   Prev:   Default: 
Gurobi Optimizer version 9.1.1 build v9.1.1rc0 (win64)
Thread count: 6 physical cores, 12 logical processors, using up to 12 threads
Optimize a model with 15 rows, 78 columns and 67 nonzeros
Model fingerprint: 0xd0a69768
Variable types: 0 continuous, 78 integer (78 binary)
Coefficient statistics:
  Matrix range     [1e+00, 1e+00]
  Objective range  [1e+00, 1e+00]
  Bounds range     [1e+00, 1e+00]
  RHS range        [1e+00, 3e+00]
Found heuristic solution: objective 42.0000000
Presolve removed 15 rows and 78 columns
Presolve time: 0.00s
Presolve: All rows and columns removed

Explored 0 nodes (0 simplex iterations) in 0.00 seconds
Thread count was 1 (of 12 available processors)

Solution count 1: 42 

Optimal solution found (tolerance 1.00e-04)
Best objective 4.200000000000e+01, best bound 4.200000000000e+01, gap 0.0000%

Gurobi 9.1.1 (win64) logging started Sat Mar 13 12:23:13 2021

Changed value of parameter LogFile to ../results/logs/log_samuel_kroger_2021_03_13_12_23_11.csv_5_3.log
   Prev:   Default: 
Gurobi Optimizer version 9.1.1 build v9.1.1rc0 (win64)
Thread count: 6 physical cores, 12 logical processors, using up to 12 threads
Optimize a model with 195 rows, 230 columns and 2810 nonzeros
Model fingerprint: 0xb4004693
Variable types: 0 continuous, 230 integer (230 binary)
Coefficient statistics:
  Matrix range     [1e+00, 5e+00]
  Objective range  [1e+00, 1e+00]
  Bounds range     [1e+00, 1e+00]
  RHS range        [1e+00, 3e+00]
Found heuristic solution: objective 21.0000000
Found heuristic solution: objective 29.0000000
Found heuristic solution: objective 69.0000000
Presolve removed 195 rows and 230 columns
Presolve time: 0.01s
Presolve: All rows and columns removed

Explored 0 nodes (0 simplex iterations) in 0.01 seconds
Thread count was 1 (of 12 available processors)

Solution count 4: 118 

Optimal solution found (tolerance 1.00e-04)
Best objective 1.180000000000e+02, best bound 1.180000000000e+02, gap 0.0000%

Gurobi 9.1.1 (win64) logging started Sat Mar 13 12:23:13 2021

Changed value of parameter LogFile to ../results/logs/log_samuel_kroger_2021_03_13_12_23_11.csv_5_3.log
   Prev:   Default: 
Gurobi Optimizer version 9.1.1 build v9.1.1rc0 (win64)
Thread count: 6 physical cores, 12 logical processors, using up to 12 threads
Optimize a model with 195 rows, 230 columns and 2810 nonzeros
Model fingerprint: 0x6631fb4a
Variable types: 0 continuous, 230 integer (230 binary)
Coefficient statistics:
  Matrix range     [1e+00, 5e+00]
  Objective range  [1e+00, 1e+00]
  Bounds range     [1e+00, 1e+00]
  RHS range        [1e+00, 3e+00]

User MIP start produced solution with objective 118 (0.00s)
Loaded user MIP start with objective 118

Presolve removed 195 rows and 230 columns
Presolve time: 0.00s
Presolve: All rows and columns removed

Explored 0 nodes (0 simplex iterations) in 0.01 seconds
Thread count was 1 (of 12 available processors)

Solution count 1: 118 

Optimal solution found (tolerance 1.00e-04)
Best objective 1.180000000000e+02, best bound 1.180000000000e+02, gap 0.0000%

Gurobi 9.1.1 (win64) logging started Sat Mar 13 12:23:13 2021

Changed value of parameter LogFile to ../results/logs/log_samuel_kroger_2021_03_13_12_23_11.csv_5_3.log
   Prev:   Default: 
Gurobi Optimizer version 9.1.1 build v9.1.1rc0 (win64)
Thread count: 6 physical cores, 12 logical processors, using up to 12 threads
Optimize a model with 195 rows, 230 columns and 2810 nonzeros
Model fingerprint: 0xb4004693
Variable types: 0 continuous, 230 integer (230 binary)
Coefficient statistics:
  Matrix range     [1e+00, 5e+00]
  Objective range  [1e+00, 1e+00]
  Bounds range     [1e+00, 1e+00]
  RHS range        [1e+00, 3e+00]
Found heuristic solution: objective 21.0000000
Found heuristic solution: objective 29.0000000
Found heuristic solution: objective 69.0000000
Presolve removed 195 rows and 230 columns
Presolve time: 0.01s
Presolve: All rows and columns removed

Explored 0 nodes (0 simplex iterations) in 0.01 seconds
Thread count was 1 (of 12 available processors)

Solution count 4: 118 

Optimal solution found (tolerance 1.00e-04)
Best objective 1.180000000000e+02, best bound 1.180000000000e+02, gap 0.0000%

Gurobi 9.1.1 (win64) logging started Sat Mar 13 12:23:13 2021

Changed value of parameter LogFile to ../results/logs/log_samuel_kroger_2021_03_13_12_23_11.csv_5_3.log
   Prev:   Default: 
Gurobi Optimizer version 9.1.1 build v9.1.1rc0 (win64)
Thread count: 6 physical cores, 12 logical processors, using up to 12 threads
Optimize a model with 195 rows, 230 columns and 2810 nonzeros
Model fingerprint: 0x6631fb4a
Variable types: 0 continuous, 230 integer (230 binary)
Coefficient statistics:
  Matrix range     [1e+00, 5e+00]
  Objective range  [1e+00, 1e+00]
  Bounds range     [1e+00, 1e+00]
  RHS range        [1e+00, 3e+00]

User MIP start produced solution with objective 118 (0.00s)
Loaded user MIP start with objective 118

Presolve removed 195 rows and 230 columns
Presolve time: 0.01s
Presolve: All rows and columns removed

Explored 0 nodes (0 simplex iterations) in 0.01 seconds
Thread count was 1 (of 12 available processors)

Solution count 1: 118 

Optimal solution found (tolerance 1.00e-04)
Best objective 1.180000000000e+02, best bound 1.180000000000e+02, gap 0.0000%

Gurobi 9.1.1 (win64) logging started Sat Mar 13 12:23:13 2021

Changed value of parameter LogFile to ../results/logs/log_samuel_kroger_2021_03_13_12_23_11.csv_5_3.log
   Prev:   Default: 
Gurobi Optimizer version 9.1.1 build v9.1.1rc0 (win64)
Thread count: 6 physical cores, 12 logical processors, using up to 12 threads
Optimize a model with 98 rows, 230 columns and 309 nonzeros
Model fingerprint: 0x13b96d1d
Variable types: 0 continuous, 230 integer (230 binary)
Coefficient statistics:
  Matrix range     [1e+00, 1e+00]
  Objective range  [1e+00, 1e+00]
  Bounds range     [1e+00, 1e+00]
  RHS range        [1e+00, 3e+00]
Found heuristic solution: objective 118.0000000
Presolve removed 98 rows and 230 columns
Presolve time: 0.00s
Presolve: All rows and columns removed

Explored 0 nodes (0 simplex iterations) in 0.00 seconds
Thread count was 1 (of 12 available processors)

Solution count 1: 118 

Optimal solution found (tolerance 1.00e-04)
Best objective 1.180000000000e+02, best bound 1.180000000000e+02, gap 0.0000%
