
Gurobi 9.5.0 (win64) logging started Tue Dec  7 12:27:24 2021

Set parameter LogFile to value "../results/logs/log_2021_12_07_12_26.csv_3_10.log"
Set parameter Method to value 3
Gurobi Optimizer version 9.5.0 build v9.5.0rc5 (win64)
Thread count: 6 physical cores, 12 logical processors, using up to 12 threads
Optimize a model with 5947 rows, 9882 columns and 44842 nonzeros
Model fingerprint: 0x047c3045
Variable types: 4941 continuous, 4941 integer (4941 binary)
Coefficient statistics:
  Matrix range     [1e+00, 3e+00]
  Objective range  [1e+00, 1e+00]
  Bounds range     [1e+00, 1e+00]
  RHS range        [1e+00, 1e+01]
Found heuristic solution: objective 231.0000000
Presolve removed 2783 rows and 5534 columns
Presolve time: 0.06s
Presolved: 3164 rows, 4348 columns, 16843 nonzeros
Variable types: 2523 continuous, 1825 integer (1795 binary)
Found heuristic solution: objective 241.0000000

Concurrent LP optimizer: primal simplex, dual simplex, and barrier
Showing barrier log only...

Root barrier log...

Ordering time: 0.00s

Barrier statistics:
 AA' NZ     : 1.451e+04
 Factor NZ  : 4.269e+04 (roughly 3 MB of memory)
 Factor Ops : 6.627e+05 (less than 1 second per iteration)
 Threads    : 1

                  Objective                Residual
Iter       Primal          Dual         Primal    Dual     Compl     Time
   0   5.26238243e+03  1.26694538e+04  3.51e+03 3.93e+00  1.58e+01     0s
   1   1.34724702e+03  1.47913137e+04  4.16e+02 8.88e-15  2.56e+00     0s
   2   1.02464520e+03  3.62655785e+03  8.37e+01 1.07e-14  4.38e-01     0s
   3   9.93072701e+02  1.64972804e+03  1.05e+01 1.05e-14  8.34e-02     0s
   4   1.00803616e+03  1.24561497e+03  1.59e+00 9.94e-15  2.42e-02     0s
   5   1.02322297e+03  1.10507075e+03  5.61e-01 8.55e-15  8.22e-03     0s
   6   1.03204038e+03  1.06117727e+03  1.86e-01 1.03e-14  2.88e-03     0s
   7   1.03698155e+03  1.04164198e+03  7.47e-03 1.06e-14  4.13e-04     0s
   8   1.03758439e+03  1.03820663e+03  1.11e-03 8.44e-15  5.53e-05     0s
   9   1.03776625e+03  1.03780501e+03  4.22e-05 9.66e-15  3.39e-06     0s
  10   1.03777479e+03  1.03777675e+03  7.77e-06 6.93e-15  1.83e-07     0s
  11   1.03777669e+03  1.03777673e+03  4.11e-08 8.85e-15  3.38e-09     0s

Barrier performed 11 iterations in 0.12 seconds (0.08 work units)
Barrier solve interrupted - model solved by another algorithm


Solved with primal simplex

Root relaxation: objective 1.037777e+03, 2345 iterations, 0.06 seconds (0.04 work units)

    Nodes    |    Current Node    |     Objective Bounds      |     Work
 Expl Unexpl |  Obj  Depth IntInf | Incumbent    BestBd   Gap | It/Node Time

     0     0 1037.77672    0 1254  241.00000 1037.77672   331%     -    0s
     0     0  501.11977    0  470  241.00000  501.11977   108%     -    0s
H    0     0                     242.0000000  470.79107  94.5%     -    0s
     0     0  470.79107    0  396  242.00000  470.79107  94.5%     -    0s
     0     0  469.34037    0  387  242.00000  469.34037  93.9%     -    0s
     0     0  469.30924    0  387  242.00000  469.30924  93.9%     -    0s
H    0     0                     243.0000000  400.50993  64.8%     -    0s
H    0     0                     244.0000000  400.50993  64.1%     -    0s
     0     0  400.50993    0  305  244.00000  400.50993  64.1%     -    0s
     0     0  390.49974    0  284  244.00000  390.49974  60.0%     -    0s
     0     0  389.29518    0  268  244.00000  389.29518  59.5%     -    0s
     0     0  389.07267    0  262  244.00000  389.07267  59.5%     -    0s
H    0     0                     249.0000000  389.07267  56.3%     -    0s
     0     0  373.72952    0  297  249.00000  373.72952  50.1%     -    0s
     0     0  368.22386    0  290  249.00000  368.22386  47.9%     -    0s
     0     0  367.29577    0  308  249.00000  367.29577  47.5%     -    0s
H    0     0                     256.0000000  367.20854  43.4%     -    0s
     0     0  367.20854    0  303  256.00000  367.20854  43.4%     -    0s
     0     0  359.10205    0  268  256.00000  359.10205  40.3%     -    1s
H    0     0                     257.0000000  359.10205  39.7%     -    1s
     0     0  357.28411    0  345  257.00000  357.28411  39.0%     -    1s
     0     0  356.53785    0  290  257.00000  356.53785  38.7%     -    1s
     0     0  353.18657    0  308  257.00000  353.18657  37.4%     -    1s
     0     0  353.18657    0  303  257.00000  353.18657  37.4%     -    1s
     0     2  353.18657    0  303  257.00000  353.18657  37.4%     -    1s
H   31    39                     265.0000000  350.60161  32.3%   105    2s
H  115   120                     270.0000000  350.60161  29.9%  62.9    2s
H  151   164                     279.0000000  350.60161  25.7%  60.4    3s
H  626   558                     289.0000000  349.44980  20.9%  44.8    4s
  1026   949  294.43031   75   42  289.00000  349.44980  20.9%  41.1    5s
H 1288   968                     297.0000000  349.27352  17.6%  39.0    6s
H 1316   937                     303.0000000  324.67202  7.15%  38.2   10s
H 1336   901                     308.0000000  321.45502  4.37%  37.6   12s
H 1346   862                     309.0000000  321.04138  3.90%  37.3   13s
H 1349   820                     319.0000000  320.96263  0.62%  37.2   13s
  1389   849  320.89998   54  119  319.00000  320.90850  0.60%  48.0   15s
H 1409   819                     320.0000000  320.82810  0.26%  47.3   15s

Cutting planes:
  Gomory: 21
  Lift-and-project: 51
  Cover: 52
  Implied bound: 5
  MIR: 46
  Flow cover: 264
  RLT: 13
  Relax-and-lift: 9

Explored 1409 nodes (75491 simplex iterations) in 15.44 seconds (10.38 work units)
Thread count was 12 (of 12 available processors)

Solution count 10: 320 319 309 ... 270

Optimal solution found (tolerance 1.00e-04)
Best objective 3.200000000000e+02, best bound 3.200000000000e+02, gap 0.0000%
