
Gurobi 9.5.1 (linux64) logging started Sun Jul  3 12:10:09 2022

Set parameter LogFile to value "../results/logs/log_web-hudong.e_5_250_2022_07_03_11_15.log"
Gurobi Optimizer version 9.5.1 build v9.5.1rc2 (linux64)
Thread count: 8 physical cores, 8 logical processors, using up to 8 threads
Optimize a model with 189028 rows, 3949310 columns and 1828916 nonzeros
Model fingerprint: 0xf4e1bc5f
Coefficient statistics:
  Matrix range     [1e+00, 5e+00]
  Objective range  [1e+00, 1e+00]
  Bounds range     [1e+00, 1e+00]
  RHS range        [1e+00, 2e+02]

Concurrent LP optimizer: primal simplex, dual simplex, and barrier
Showing barrier log only...

Presolve removed 66283 rows and 3853631 columns
Presolve time: 2.79s
Presolved: 122745 rows, 95679 columns, 444548 nonzeros

Ordering time: 0.01s

Barrier statistics:
 AA' NZ     : 1.156e+05
 Factor NZ  : 2.398e+05 (roughly 22 MB of memory)
 Factor Ops : 2.809e+06 (less than 1 second per iteration)
 Threads    : 6

                  Objective                Residual
Iter       Primal          Dual         Primal    Dual     Compl     Time
   0   1.16361035e+06  1.55340403e+06  9.67e+03 6.32e+01  6.22e+02     3s
   1   1.12679115e+06  1.74065009e+06  4.54e+03 2.29e+01  2.68e+02     3s
   2   1.09223258e+06  1.73723244e+06  9.21e+02 2.81e-13  6.04e+01     3s
   3   1.08284487e+06  1.43977481e+06  1.09e+02 3.14e-13  9.80e+00     3s
   4   1.08264395e+06  1.18726066e+06  2.04e+01 4.41e-13  2.09e+00     3s
   5   1.08302087e+06  1.11547594e+06  7.01e+00 3.10e-13  5.93e-01     3s
   6   1.08412291e+06  1.09362745e+06  1.28e+00 3.93e-13  1.45e-01     3s
   7   1.08569489e+06  1.08848072e+06  2.10e-01 1.66e-13  3.89e-02     3s
   8   1.08586393e+06  1.08835393e+06  1.31e-01 1.55e-13  3.45e-02     3s
   9   1.08596153e+06  1.08728447e+06  8.47e-02 1.02e-13  1.82e-02     3s
  10   1.08606651e+06  1.08704537e+06  3.65e-02 6.95e-14  1.34e-02     3s
  11   1.08609087e+06  1.08682727e+06  2.70e-02 6.20e-14  1.01e-02     3s
  12   1.08609799e+06  1.08674284e+06  2.47e-02 4.42e-14  8.81e-03     3s
  13   1.08611734e+06  1.08661139e+06  1.85e-02 4.36e-14  6.75e-03     3s
  14   1.08613868e+06  1.08654198e+06  1.26e-02 4.58e-14  5.50e-03     3s
  15   1.08614333e+06  1.08650786e+06  1.17e-02 3.28e-14  4.97e-03     3s
  16   1.08615074e+06  1.08646632e+06  1.02e-02 3.44e-14  4.30e-03     3s
  17   1.08617199e+06  1.08641457e+06  6.03e-03 2.02e-14  3.31e-03     3s
  18   1.08617552e+06  1.08638665e+06  5.60e-03 1.95e-14  2.88e-03     3s
  19   1.08617884e+06  1.08638159e+06  5.26e-03 2.36e-14  2.76e-03     3s
  20   1.08618135e+06  1.08636513e+06  4.97e-03 1.51e-14  2.50e-03     3s
  21   1.08619777e+06  1.08632636e+06  3.01e-03 1.17e-14  1.75e-03     3s
  22   1.08620067e+06  1.08631197e+06  2.77e-03 1.29e-14  1.52e-03     3s
  23   1.08620946e+06  1.08629924e+06  2.04e-03 6.40e-15  1.22e-03     3s
  24   1.08621668e+06  1.08628107e+06  1.48e-03 6.26e-15  8.77e-04     3s
  25   1.08621997e+06  1.08627763e+06  1.28e-03 2.70e-15  7.85e-04     3s
  26   1.08622507e+06  1.08626462e+06  9.66e-04 6.09e-15  5.39e-04     3s
  27   1.08622681e+06  1.08625649e+06  8.71e-04 5.60e-15  4.04e-04     3s
  28   1.08623307e+06  1.08625566e+06  5.31e-04 4.98e-15  3.08e-04     3s
  29   1.08623424e+06  1.08625266e+06  4.63e-04 6.30e-15  2.51e-04     3s
  30   1.08623518e+06  1.08625150e+06  4.12e-04 6.51e-15  2.22e-04     3s
  31   1.08623638e+06  1.08625038e+06  3.45e-04 7.11e-15  1.91e-04     3s
  32   1.08623761e+06  1.08624928e+06  2.60e-04 9.25e-15  1.59e-04     3s
  33   1.08623958e+06  1.08624684e+06  1.44e-04 5.99e-15  9.88e-05     3s
  34   1.08624166e+06  1.08624344e+06  3.45e-05 5.07e-15  2.42e-05     3s
  35   1.08624215e+06  1.08624266e+06  1.23e-05 5.62e-15  6.94e-06     3s
  36   1.08624242e+06  1.08624245e+06  4.70e-07 5.09e-15  3.60e-07     3s
  37   1.08624244e+06  1.08624244e+06  1.44e-11 7.60e-15  7.47e-11     3s
  38   1.08624244e+06  1.08624244e+06  1.04e-13 1.42e-14  9.20e-17     3s

Barrier solved model in 38 iterations and 3.37 seconds (2.29 work units)
Optimal objective 1.08624244e+06

Crossover log...

    5309 DPushes remaining with DInf 0.0000000e+00                 3s
       0 DPushes remaining with DInf 0.0000000e+00                 3s

     106 PPushes remaining with PInf 0.0000000e+00                 3s
       0 PPushes remaining with PInf 0.0000000e+00                 3s

  Push phase complete: Pinf 0.0000000e+00, Dinf 3.5670772e-13      3s

Iteration    Objective       Primal Inf.    Dual Inf.      Time
    1082    1.0862424e+06   0.000000e+00   0.000000e+00      3s

Use crossover to convert LP symmetric solution to basic solution...
Crossover log...

       0 DPushes remaining with DInf 0.0000000e+00                 4s

     219 PPushes remaining with PInf 0.0000000e+00                 4s
       0 PPushes remaining with PInf 0.0000000e+00                 4s

  Push phase complete: Pinf 0.0000000e+00, Dinf 2.5000000e-02      4s

Iteration    Objective       Primal Inf.    Dual Inf.      Time
    1412    1.0862424e+06   0.000000e+00   2.500000e-02      4s
    1413    1.0862424e+06   0.000000e+00   0.000000e+00      4s

Solved with primal simplex
Solved in 9576 iterations and 4.42 seconds (2.51 work units)
Optimal objective  1.086242439e+06
