
Gurobi 9.5.1 (linux64) logging started Wed Mar  9 18:03:41 2022

Set parameter LogFile to value "../results/logs/log_2022_03_09_17_57.csv_4_40.log"
Set parameter Method to value 3
Gurobi Optimizer version 9.5.1 build v9.5.1rc2 (linux64)
Thread count: 8 physical cores, 8 logical processors, using up to 8 threads
Optimize a model with 2962 rows, 9882 columns and 30211 nonzeros
Model fingerprint: 0xe8dd02a1
Variable types: 4941 continuous, 4941 integer (4941 binary)
Coefficient statistics:
  Matrix range     [1e+00, 4e+00]
  Objective range  [1e+00, 1e+00]
  Bounds range     [1e+00, 1e+00]
  RHS range        [1e+00, 4e+01]
Found heuristic solution: objective 36.0000000
Presolve removed 1475 rows and 7622 columns
Presolve time: 0.02s
Presolved: 1487 rows, 2260 columns, 8333 nonzeros
Variable types: 1293 continuous, 967 integer (941 binary)
Found heuristic solution: objective 50.0000000

Concurrent LP optimizer: primal simplex, dual simplex, and barrier
Showing barrier log only...

Root barrier log...

Ordering time: 0.00s

Barrier statistics:
 AA' NZ     : 6.354e+03
 Factor NZ  : 1.841e+04 (roughly 2 MB of memory)
 Factor Ops : 2.649e+05 (less than 1 second per iteration)
 Threads    : 1

                  Objective                Residual
Iter       Primal          Dual         Primal    Dual     Compl     Time
   0   5.74335404e+03  9.34039467e+03  2.55e+03 1.08e+00  3.54e+01     0s
   1   2.03458272e+03  1.01152981e+04  8.52e+02 1.07e-14  1.19e+01     0s
   2   4.19882326e+02  5.05711923e+03  5.99e+01 6.22e-15  1.38e+00     0s
   3   2.63071154e+02  9.93072626e+02  8.13e+00 9.77e-15  1.95e-01     0s
   4   2.40980293e+02  4.29672704e+02  7.72e-01 1.42e-14  3.67e-02     0s
   5   2.54448537e+02  3.64807424e+02  4.15e-01 7.99e-15  2.08e-02     0s
   6   2.61925414e+02  3.37171102e+02  2.93e-01 7.99e-15  1.41e-02     0s
   7   2.67028973e+02  3.11920261e+02  2.19e-01 4.18e-15  8.45e-03     0s
   8   2.73728750e+02  3.01551627e+02  1.30e-01 2.94e-15  5.18e-03     0s
   9   2.80231587e+02  2.92711073e+02  5.31e-02 3.04e-15  2.29e-03     0s
  10   2.82631806e+02  2.90110254e+02  3.10e-02 2.31e-15  1.37e-03     0s
  11   2.83348167e+02  2.88577548e+02  2.44e-02 3.11e-15  9.66e-04     0s
  12   2.84216132e+02  2.87732376e+02  1.69e-02 1.35e-15  6.51e-04     0s
  13   2.84717138e+02  2.86628255e+02  1.26e-02 1.64e-15  3.63e-04     0s
  14   2.85582557e+02  2.86242416e+02  4.57e-03 5.33e-15  1.26e-04     0s
  15   2.86103425e+02  2.86165884e+02  3.58e-04 2.10e-15  1.17e-05     0s
  16   2.86146839e+02  2.86150659e+02  1.66e-05 1.89e-15  7.00e-07     0s
  17   2.86149900e+02  2.86149901e+02  2.89e-10 2.32e-15  1.12e-10     0s

Barrier solved model in 17 iterations and 0.05 seconds (0.04 work units)
Optimal objective 2.86149900e+02


Solved with barrier

Root relaxation: objective 2.861499e+02, 298 iterations, 0.03 seconds (0.02 work units)

    Nodes    |    Current Node    |     Objective Bounds      |     Work
 Expl Unexpl |  Obj  Depth IntInf | Incumbent    BestBd   Gap | It/Node Time

     0     0  286.14990    0  614   50.00000  286.14990   472%     -    0s
H    0     0                      79.0000000  286.14990   262%     -    0s
H    0     0                      87.0000000  286.14990   229%     -    0s
     0     0  157.87130    0  240   87.00000  157.87130  81.5%     -    0s
     0     0  153.06147    0  212   87.00000  153.06147  75.9%     -    0s
     0     0  152.76875    0  207   87.00000  152.76875  75.6%     -    0s
     0     0  152.72481    0  206   87.00000  152.72481  75.5%     -    0s
     0     0  138.57220    0  199   87.00000  138.57220  59.3%     -    0s
     0     0  136.20921    0  171   87.00000  136.20921  56.6%     -    0s
     0     0  136.01887    0  161   87.00000  136.01887  56.3%     -    0s
     0     0  135.98889    0  171   87.00000  135.98889  56.3%     -    0s
     0     0  132.52504    0  129   87.00000  132.52504  52.3%     -    0s
     0     0  131.74139    0  125   87.00000  131.74139  51.4%     -    0s
     0     0  131.56253    0  136   87.00000  131.56253  51.2%     -    0s
     0     0  130.05328    0  131   87.00000  130.05328  49.5%     -    0s
     0     0  129.59067    0  135   87.00000  129.59067  49.0%     -    0s
H    0     0                      91.0000000  129.45578  42.3%     -    0s
     0     0  129.45578    0  119   91.00000  129.45578  42.3%     -    0s
     0     0  128.99722    0   95   91.00000  128.99722  41.8%     -    0s
     0     0  128.97325    0  106   91.00000  128.97325  41.7%     -    0s
     0     0  128.83190    0  101   91.00000  128.83190  41.6%     -    0s
     0     0  128.83190    0  101   91.00000  128.83190  41.6%     -    0s
     0     2  128.83190    0  101   91.00000  128.83190  41.6%     -    0s
H   32    40                      93.0000000  128.13516  37.8%  86.7    0s
H  131   142                      96.0000000  127.99720  33.3%  66.6    1s
H  509   508                      99.0000000  127.99720  29.3%  49.5    1s
H  536   464                     118.0000000  127.99720  8.47%  48.9    1s
H  970   638                     120.0000000  127.36543  6.14%  48.6    1s
H 1258   589                     122.0000000  127.06180  4.15%  47.8    1s
  1548   705  125.09212   12   99  122.00000  125.09212  2.53%  49.7    5s
H 1889   677                     123.0000000  124.77669  1.44%  49.4    6s

Cutting planes:
  Gomory: 107
  Lift-and-project: 66
  Cover: 5
  Implied bound: 7
  MIR: 323
  Flow cover: 281
  RLT: 44
  Relax-and-lift: 13

Explored 2163 nodes (101510 simplex iterations) in 6.51 seconds (8.17 work units)
Thread count was 8 (of 8 available processors)

Solution count 10: 123 122 120 ... 79

Optimal solution found (tolerance 1.00e-04)
Best objective 1.230000000000e+02, best bound 1.230000000000e+02, gap 0.0000%
