
Gurobi 9.5.0 (win64) logging started Sun Apr 10 11:09:29 2022

Set parameter LogFile to value "../results/logs/log_flickrEdges_20_20.log"
Gurobi Optimizer version 9.5.0 build v9.5.0rc5 (win64)
Thread count: 6 physical cores, 12 logical processors, using up to 12 threads
Optimize a model with 11077 rows, 211876 columns and 719250 nonzeros
Model fingerprint: 0x41073987
Variable types: 0 continuous, 211876 integer (211876 binary)
Coefficient statistics:
  Matrix range     [1e+00, 2e+01]
  Objective range  [1e+00, 1e+00]
  Bounds range     [1e+00, 1e+00]
  RHS range        [1e+00, 2e+01]
Found heuristic solution: objective 15808.000000
Presolve removed 176 rows and 143865 columns
Presolve time: 1.93s
Presolved: 10901 rows, 68011 columns, 358331 nonzeros
Found heuristic solution: objective 15819.000000
Variable types: 0 continuous, 68011 integer (63922 binary)

Deterministic concurrent LP optimizer: primal and dual simplex
Showing first log only...


Root simplex log...

Iteration    Objective       Primal Inf.    Dual Inf.      Time
    5012    1.6114373e+04   0.000000e+00   3.075691e+02      6s
    5452    1.6193713e+04   0.000000e+00   7.881057e+01     10s
    5630    1.6214162e+04   0.000000e+00   0.000000e+00     13s
    5630    1.6214162e+04   0.000000e+00   0.000000e+00     13s
Concurrent spin time: 0.00s

Solved with primal simplex

Root relaxation: objective 1.621416e+04, 5630 iterations, 10.75 seconds (9.56 work units)

    Nodes    |    Current Node    |     Objective Bounds      |     Work
 Expl Unexpl |  Obj  Depth IntInf | Incumbent    BestBd   Gap | It/Node Time

     0     0 16214.1618    0 5467 15819.0000 16214.1618  2.50%     -   15s
H    0     0                    15833.000000 16214.1618  2.41%     -   34s
     0     0 16069.1196    0 5340 15833.0000 16069.1196  1.49%     -   45s
     0     0 16013.2230    0 5162 15833.0000 16013.2230  1.14%     -   59s
     0     0 15969.7987    0 4888 15833.0000 15969.7987  0.86%     -   78s
     0     0 15942.2341    0 4738 15833.0000 15942.2341  0.69%     -   95s
     0     0 15938.1416    0 4741 15833.0000 15938.1416  0.66%     -  101s
     0     0 15908.2636    0 4668 15833.0000 15908.2636  0.48%     -  138s
     0     0 15895.4677    0 4591 15833.0000 15895.4677  0.39%     -  162s
     0     0 15893.2071    0 4686 15833.0000 15893.2071  0.38%     -  172s
     0     0 15882.3797    0 4808 15833.0000 15882.3797  0.31%     -  203s
     0     0 15881.2374    0 4786 15833.0000 15881.2374  0.30%     -  214s
     0     0 15876.0063    0 4899 15833.0000 15876.0063  0.27%     -  247s
     0     0 15873.8816    0 4878 15833.0000 15873.8816  0.26%     -  267s
     0     0 15871.3693    0 4806 15833.0000 15871.3693  0.24%     -  297s
     0     0 15869.7556    0 4661 15833.0000 15869.7556  0.23%     -  320s
     0     0 15868.4700    0 4433 15833.0000 15868.4700  0.22%     -  340s
     0     0 15867.6520    0 4169 15833.0000 15867.6520  0.22%     -  357s
     0     0 15867.2140    0 3946 15833.0000 15867.2140  0.22%     -  373s
     0     0 15867.1303    0 3992 15833.0000 15867.1303  0.22%     -  379s
     0     0 15867.1093    0 4016 15833.0000 15867.1093  0.22%     -  382s
     0     0 15856.6350    0 4742 15833.0000 15856.6350  0.15%     -  472s
     0     0 15854.4903    0 4883 15833.0000 15854.4903  0.14%     -  514s
     0     0 15852.6689    0 4895 15833.0000 15852.6689  0.12%     -  560s
     0     0 15850.7505    0 5013 15833.0000 15850.7505  0.11%     -  618s
     0     0 15849.6166    0 5042 15833.0000 15849.6166  0.10%     -  667s
     0     0 15848.5519    0 5271 15833.0000 15848.5519  0.10%     -  718s
     0     0 15847.6661    0 5464 15833.0000 15847.6661  0.09%     -  781s
     0     0 15847.0662    0 5623 15833.0000 15847.0662  0.09%     -  841s
     0     0 15846.5404    0 5664 15833.0000 15846.5404  0.09%     -  905s
     0     0 15846.1587    0 5861 15833.0000 15846.1587  0.08%     -  958s
     0     0 15845.3560    0 5913 15833.0000 15845.3560  0.08%     - 1001s
     0     0 15845.2522    0 5903 15833.0000 15845.2522  0.08%     - 1038s
     0     0 15843.4363    0 6076 15833.0000 15843.4363  0.07%     - 1256s
     0     0 15842.3004    0 6118 15833.0000 15842.3004  0.06%     - 1472s
     0     0 15841.6488    0 6219 15833.0000 15841.6488  0.05%     - 1558s
     0     0 15841.0209    0 6247 15833.0000 15841.0209  0.05%     - 1661s
     0     0 15840.6551    0 6274 15833.0000 15840.6551  0.05%     - 1748s
     0     0 15839.9676    0 6287 15833.0000 15839.9676  0.04%     - 2006s
     0     0 15839.9673    0 6281 15833.0000 15839.9673  0.04%     - 2027s
     0     0 15839.9673    0 6281 15833.0000 15839.9673  0.04%     - 2029s
     0     2 15839.9673    0 6281 15833.0000 15839.9673  0.04%     - 2213s
     1     3 15839.6242    1 6294 15833.0000 15839.6242  0.04%  54.0 2234s
     3     5 15839.0842    2 6300 15833.0000 15839.5500  0.04%   996 2236s
     6     4 15838.5298    3 6370 15833.0000 15838.5298  0.03%  3149 2373s
    11     8 15838.5297    4 6366 15833.0000 15838.5297  0.03%  6360 2438s
    15     9 15838.5256    5 6369 15833.0000 15838.5256  0.03%  5994 2462s
    21    10 15838.5256    6 6368 15833.0000 15838.5256  0.03%  4547 2467s
    27    13 15838.5237    7 6346 15833.0000 15838.5237  0.03%  3686 2500s
    33    19 15838.5188    8 6361 15833.0000 15838.5221  0.03%  3206 2509s
    41    21 15838.5178    9 6374 15833.0000 15838.5188  0.03%  2640 2526s
    47    27 15838.5054   10 6392 15833.0000 15838.5188  0.03%  2441 2553s
    57    27     cutoff   10      15833.0000 15838.5188  0.03%  2498 2811s
    65    36 15838.4695   11 6397 15833.0000 15838.5188  0.03%  2938 2890s
    74    46 15838.4688   12 6388 15833.0000 15838.5188  0.03%  2907 3003s
    84    59 15838.4533   14 6412 15833.0000 15838.5188  0.03%  2880 3172s
    98    65 15838.4449   17 6396 15833.0000 15838.5188  0.03%  2894 3193s
   112    75 15838.4342   20 6384 15833.0000 15838.5188  0.03%  2608 3238s
   124    91 15838.4252   22 6357 15833.0000 15838.5188  0.03%  2450 3265s
   141   109 15838.4053   25 6346 15833.0000 15838.5188  0.03%  2235 3287s
   159   137 15838.3991   29 6370 15833.0000 15838.5188  0.03%  2034 3323s
   189   179 15838.3888   33 6313 15833.0000 15838.5188  0.03%  1794 3376s
   231   228 15838.3577   40 6314 15833.0000 15838.5188  0.03%  1559 3446s
   282   286 15838.3214   48 6227 15833.0000 15838.5188  0.03%  1369 3532s
   342   371 15838.2931   59 6221 15833.0000 15838.5188  0.03%  1217 3750s
   427   463 15838.2495   75 6199 15833.0000 15838.5188  0.03%  1110 3981s
   525   590 15838.1848   89 6166 15833.0000 15838.5188  0.03%  1046 4247s
   653   769 15838.1266  106 6110 15833.0000 15838.5188  0.03%   971 4480s
   838   977 15838.0664  133 6121 15833.0000 15838.5188  0.03%   834 4746s
  1049  1411 15838.0228  140 6108 15833.0000 15838.5188  0.03%   713 4994s
  1487  1412 15835.3395  227 6281 15833.0000 15838.5188  0.03%   571 5303s
  1489  1413 15836.1215   51 5243 15833.0000 15838.5188  0.03%   571 5645s
  1490  1414 15835.5380  144 5141 15833.0000 15838.5188  0.03%   570 6297s
  1491  1415 15837.2008   35 5066 15833.0000 15838.5188  0.03%   570 6306s
  1492  1415 15835.6209   90 4907 15833.0000 15838.5188  0.03%   569 6314s
  1493  1416 15837.9671  162 4810 15833.0000 15838.5188  0.03%   569 6320s
  1494  1417 15835.3891  250 4709 15833.0000 15838.5188  0.03%   569 6329s
  1495  1417 15838.3282   46 4630 15833.0000 15838.5188  0.03%   568 6336s
  1496  1418 15838.0286  140 4597 15833.0000 15838.5188  0.03%   568 6342s
  1497  1419 15835.7781  213 4525 15833.0000 15838.5188  0.03%   568 6355s
  1498  1419 15838.0225  141 4511 15833.0000 15838.5188  0.03%   567 6365s
  1499  1420 15838.3046   56 4638 15833.0000 15838.5188  0.03%   567 6379s
  1500  1421 15838.4446   18 4848 15833.0000 15838.5188  0.03%   566 6396s
  1501  1421 15836.6989   88 5117 15833.0000 15838.5188  0.03%   566 6421s
  1502  1422 15836.4961  216 5180 15833.0000 15838.5188  0.03%   566 6445s
  1503  1423 15836.4041   52 5368 15833.0000 15838.5188  0.03%   565 6481s
  1504  1423 15835.8935  153 5428 15833.0000 15838.5188  0.03%   565 6516s
  1505  1424 15836.2715   11 5546 15833.0000 15838.5188  0.03%   565 6555s
  1506  1425 15838.3176   50 5582 15833.0000 15838.5188  0.03%   564 6587s
  1507  1425 15836.4173  302 5660 15833.0000 15838.5188  0.03%   564 6615s
  1508  1426 15838.4052   26 5686 15833.0000 15838.5188  0.03%   563 6637s
  1509  1427 15835.4914  167 5722 15833.0000 15838.5188  0.03%   563 6649s
  1510  1427 15835.5009    9 5750 15833.0000 15838.5188  0.03%   563 6656s
  1511  1428 15835.3325  321 5743 15833.0000 15838.5188  0.03%   562 6661s
  1512  1429 15836.4722  243 5751 15833.0000 15838.5188  0.03%   562 6752s
  1513  1429 15835.8589  162 5980 15833.0000 15838.5188  0.03%   562 7353s
  1514  1430 15835.5563  135 6073 15833.0000 15838.5188  0.03%   561 7438s
  1515  1431 15838.1848   90 6170 15833.0000 15838.5188  0.03%   561 7526s
  1516  1431 15835.7216  281 6197 15833.0000 15838.4362  0.03%   560 7588s
  1517  1432 15836.0788   61 6219 15833.0000 15838.1268  0.03%   560 7650s
  1518  1433 15835.6126  100 6225 15833.0000 15837.8469  0.03%   560 7709s
  1519  1433 15837.5690  145 6366 15833.0000 15837.5690  0.03%   559 7821s
  1520  1434 15835.3463  220 6396 15833.0000 15837.3319  0.03%   559 7910s
  1521  1435 15835.5795   55 6429 15833.0000 15837.1162  0.03%   559 7970s
  1522  1435 15836.6960   89 6459 15833.0000 15836.8842  0.02%   558 8026s
  1523  1436 15836.5419  179 6468 15833.0000 15836.7824  0.02%   558 8088s
  1524  1437 15836.7349  132 6505 15833.0000 15836.7349  0.02%   557 8117s
  1525  1437 15836.5631  165 6522 15833.0000 15836.7052  0.02%   557 8144s
  1526  1438 15835.5105   86 6533 15833.0000 15836.6866  0.02%   557 8168s
  1527  1439 15836.6755   59 6555 15833.0000 15836.6755  0.02%   556 8182s
  1528  1439 15835.4668  120 6525 15833.0000 15836.6613  0.02%   556 8195s
  1529  1440 15835.7576  253 6546 15833.0000 15836.6489  0.02%   556 8211s
  1530  1441 15836.6380   76 6547 15833.0000 15836.6380  0.02%   555 8230s
  1531  1441 15835.5114  163 6560 15833.0000 15836.6298  0.02%   555 8242s
  1532  1442 15836.5010  213 6545 15833.0000 15836.6266  0.02%   555 8636s
  1533  1443 15835.7598  246 6391 15833.0000 15836.0819  0.02%   554 9072s
  1534  1443 15835.6683  272 6210 15833.0000 15835.6683  0.02%   554 9238s
  1535  1444 15835.3402   88 6175 15833.0000 15835.3402  0.01%   553 9379s
  1536  1445 15835.0109  189 6079 15833.0000 15835.0109  0.01%   553 9585s

Cutting planes:
  Gomory: 6
  Cover: 1475
  Implied bound: 48
  MIR: 797
  StrongCG: 9
  Flow cover: 677
  GUB cover: 639
  Zero half: 16
  RLT: 2374
  Relax-and-lift: 5

Explored 1536 nodes (1210230 simplex iterations) in 10135.39 seconds (10480.03 work units)
Thread count was 12 (of 12 available processors)

Solution count 4: 15833 15823 15819 15808 

Optimal solution found (tolerance 0.00e+00)
Best objective 1.583300000000e+04, best bound 1.583300000000e+04, gap 0.0000%
