
Gurobi 9.1.1 (win64) logging started Sun Mar  7 14:06:29 2021

Changed value of parameter LogFile to ../results/logs/log_samuel_kroger_2021_03_07_14_06_29.csv_2_2.log
   Prev:   Default: 
Gurobi Optimizer version 9.1.1 build v9.1.1rc0 (win64)
Thread count: 6 physical cores, 12 logical processors, using up to 12 threads
Optimize a model with 20 rows, 32 columns and 65 nonzeros
Model fingerprint: 0xbeedbc96
Variable types: 0 continuous, 32 integer (32 binary)
Coefficient statistics:
  Matrix range     [1e+00, 1e+00]
  Objective range  [1e+00, 1e+00]
  Bounds range     [1e+00, 1e+00]
  RHS range        [1e+00, 2e+00]

User MIP start produced solution with objective 7 (0.00s)
Loaded user MIP start with objective 7

Presolve removed 13 rows and 25 columns
Presolve time: 0.00s
Presolved: 7 rows, 7 columns, 16 nonzeros
Variable types: 0 continuous, 7 integer (6 binary)

Root relaxation: objective 9.250000e+00, 6 iterations, 0.00 seconds

    Nodes    |    Current Node    |     Objective Bounds      |     Work
 Expl Unexpl |  Obj  Depth IntInf | Incumbent    BestBd   Gap | It/Node Time

     0     0    9.25000    0    7    7.00000    9.25000  32.1%     -    0s
H    0     0                       8.0000000    9.25000  15.6%     -    0s
H    0     0                       9.0000000    9.25000  2.78%     -    0s
     0     0    9.25000    0    7    9.00000    9.25000  2.78%     -    0s

Explored 1 nodes (6 simplex iterations) in 0.01 seconds
Thread count was 12 (of 12 available processors)

Solution count 3: 9 8 7 

Optimal solution found (tolerance 1.00e-04)
Best objective 9.000000000000e+00, best bound 9.000000000000e+00, gap 0.0000%

Gurobi 9.1.1 (win64) logging started Sun Mar  7 14:06:51 2021

Changed value of parameter LogFile to ../results/logs/log_samuel_kroger_2021_03_07_14_06_29.csv_2_2.log
   Prev:   Default: 
Gurobi Optimizer version 9.1.1 build v9.1.1rc0 (win64)
Thread count: 6 physical cores, 12 logical processors, using up to 12 threads
Optimize a model with 17 rows, 32 columns and 88 nonzeros
Model fingerprint: 0x29b6ff63
Variable types: 0 continuous, 32 integer (32 binary)
Coefficient statistics:
  Matrix range     [1e+00, 2e+00]
  Objective range  [1e+00, 1e+00]
  Bounds range     [1e+00, 1e+00]
  RHS range        [1e+00, 2e+00]

User MIP start produced solution with objective 7 (0.00s)
Loaded user MIP start with objective 7

Presolve removed 17 rows and 32 columns
Presolve time: 0.00s
Presolve: All rows and columns removed

Explored 0 nodes (0 simplex iterations) in 0.00 seconds
Thread count was 1 (of 12 available processors)

Solution count 1: 7 

Optimal solution found (tolerance 1.00e-04)
Best objective 7.000000000000e+00, best bound 7.000000000000e+00, gap 0.0000%
