
Gurobi 9.1.2 (win64) logging started Mon Sep 27 15:43:00 2021

Changed value of parameter LogFile to ../results/logs/log_samuel_kroger_2021_09_27_15_02_42.csv_33_250.log
   Prev:   Default: 
Changed value of parameter method to 3
   Prev: -1  Min: -1  Max: 5  Default: -1
Changed value of parameter lazyConstraints to 1
   Prev: 0  Min: 0  Max: 1  Default: 0
Gurobi Optimizer version 9.1.2 build v9.1.2rc0 (win64)
Thread count: 6 physical cores, 12 logical processors, using up to 12 threads
Optimize a model with 9501 rows, 27764 columns and 128742 nonzeros
Model fingerprint: 0x6fdb6744
Variable types: 13882 continuous, 13882 integer (13882 binary)
Coefficient statistics:
  Matrix range     [1e+00, 3e+01]
  Objective range  [1e+00, 1e+00]
  Bounds range     [1e+00, 1e+00]
  RHS range        [1e+00, 3e+02]
Found heuristic solution: objective 7008.0000000
Presolve removed 7008 rows and 19644 columns
Presolve time: 0.05s
Presolved: 2493 rows, 8120 columns, 32531 nonzeros
Variable types: 6874 continuous, 1246 integer (1246 binary)

Concurrent LP optimizer: primal simplex, dual simplex, and barrier
Showing barrier log only...

Root barrier log...

Ordering time: 0.06s

Barrier statistics:
 AA' NZ     : 3.289e+04
 Factor NZ  : 2.997e+05 (roughly 7 MBytes of memory)
 Factor Ops : 9.516e+07 (less than 1 second per iteration)
 Threads    : 4

                  Objective                Residual
Iter       Primal          Dual         Primal    Dual     Compl     Time
   0   1.23057058e+04  7.40251093e+03  2.35e+04 7.62e-01  2.29e+00     0s
   1   1.00132686e+04  8.43737477e+03  5.28e+03 2.08e-01  5.12e-01     0s
   2   8.32848821e+03  8.42802102e+03  5.24e+02 8.88e-16  5.94e-02     0s
   3   8.22676825e+03  8.18807331e+03  1.97e+02 8.88e-16  2.04e-02     0s
   4   8.17422608e+03  8.11908214e+03  1.09e+02 8.88e-16  1.15e-02     0s
   5   8.13374892e+03  8.05797739e+03  7.45e+01 8.88e-16  7.81e-03     0s
   6   8.09876037e+03  8.03096006e+03  5.01e+01 8.88e-16  5.24e-03     0s
   7   8.08729622e+03  8.01484481e+03  4.44e+01 8.88e-16  4.61e-03     0s
   8   8.06794500e+03  8.01002550e+03  3.57e+01 8.88e-16  3.80e-03     0s
   9   8.03977562e+03  8.00334739e+03  2.38e+01 9.16e-16  2.81e-03     0s
  10   8.02697575e+03  7.98745914e+03  1.96e+01 1.78e-15  2.16e-03     0s
  11   8.01371967e+03  7.98287898e+03  1.51e+01 1.78e-15  1.74e-03     0s
  12   8.00798561e+03  7.97855133e+03  1.35e+01 1.78e-15  1.54e-03     0s
  13   8.00170622e+03  7.97177395e+03  1.17e+01 1.78e-15  1.23e-03     0s
  14   7.98965456e+03  7.96804197e+03  8.21e+00 1.78e-15  8.68e-04     0s
  15   7.98134139e+03  7.96599885e+03  5.86e+00 1.78e-15  6.39e-04     0s
  16   7.97823724e+03  7.96495667e+03  5.03e+00 1.11e-15  5.42e-04     0s
  17   7.97410251e+03  7.96328738e+03  3.97e+00 1.78e-15  4.21e-04     0s
  18   7.97084546e+03  7.96077352e+03  3.10e+00 2.66e-15  2.57e-04     0s
  19   7.96779499e+03  7.95983130e+03  2.33e+00 1.78e-15  1.75e-04     0s
  20   7.96608362e+03  7.95958011e+03  1.89e+00 9.11e-16  1.41e-04     0s
  21   7.96381998e+03  7.95918129e+03  1.31e+00 1.13e-15  9.28e-05     0s
  22   7.96284299e+03  7.95897873e+03  1.06e+00 8.88e-16  7.16e-05     0s
  23   7.96203555e+03  7.95894136e+03  8.57e-01 1.33e-15  5.81e-05     0s
  24   7.96194634e+03  7.95886333e+03  8.35e-01 8.88e-16  5.42e-05     0s
  25   7.96131647e+03  7.95882488e+03  6.75e-01 8.88e-16  4.37e-05     0s
  26   7.96110275e+03  7.95875706e+03  6.21e-01 8.88e-16  3.93e-05     0s
  27   7.96077650e+03  7.95876219e+03  5.40e-01 1.11e-15  3.49e-05     0s
  28   7.96072495e+03  7.95868196e+03  5.27e-01 9.58e-16  3.13e-05     0s
  29   7.95988899e+03  7.95866959e+03  3.22e-01 1.78e-15  2.06e-05     0s
  30   7.95906149e+03  7.95858513e+03  1.24e-01 1.78e-15  7.77e-06     0s
  31   7.95858395e+03  7.95855426e+03  8.77e-03 1.78e-15  7.64e-07     0s
  32   7.95855625e+03  7.95855077e+03  1.90e-03 1.78e-15  2.17e-07     0s
  33   7.95854858e+03  7.95854862e+03  8.14e-06 2.66e-15  4.44e-09     0s
  34   7.95854861e+03  7.95854861e+03  6.46e-08 2.66e-15  3.55e-11     0s

Barrier solved model in 34 iterations and 0.39 seconds
Optimal objective 7.95854861e+03


Solved with barrier

Root relaxation: objective 7.958549e+03, 196 iterations, 0.34 seconds

    Nodes    |    Current Node    |     Objective Bounds      |     Work
 Expl Unexpl |  Obj  Depth IntInf | Incumbent    BestBd   Gap | It/Node Time

     0     0 7958.54861    0  633 7008.00000 7958.54861  13.6%     -    0s
H    0     0                    7141.0000000 7958.54861  11.4%     -    0s
     0     0 7776.74391    0  656 7141.00000 7776.74391  8.90%     -    3s
     0     0 7771.86312    0  672 7141.00000 7771.86312  8.83%     -    4s
     0     0 7771.30150    0  670 7141.00000 7771.30150  8.83%     -    4s
     0     0 7771.27055    0  677 7141.00000 7771.27055  8.83%     -    5s
     0     0 7739.55054    0  688 7141.00000 7739.55054  8.38%     -    7s
     0     0 7735.94258    0  704 7141.00000 7735.94258  8.33%     -    8s
     0     0 7735.39896    0  707 7141.00000 7735.39896  8.32%     -    9s
     0     0 7735.30617    0  710 7141.00000 7735.30617  8.32%     -   10s
     0     0 7722.79066    0  714 7141.00000 7722.79066  8.15%     -   13s
     0     0 7720.49306    0  721 7141.00000 7720.49306  8.12%     -   15s
     0     0 7720.03449    0  730 7141.00000 7720.03449  8.11%     -   16s
     0     0 7719.84032    0  726 7141.00000 7719.84032  8.11%     -   17s
     0     0 7713.87831    0  731 7141.00000 7713.87831  8.02%     -   20s
H    0     0                    7204.0000000 7713.87831  7.08%     -   22s
     0     0 7712.59642    0  742 7204.00000 7712.59642  7.06%     -   23s
     0     0 7712.22650    0  746 7204.00000 7712.22650  7.05%     -   24s
     0     0 7709.00869    0  739 7204.00000 7709.00869  7.01%     -   26s
     0     0 7708.23990    0  753 7204.00000 7708.23990  7.00%     -   28s
     0     0 7707.94545    0  751 7204.00000 7707.94545  7.00%     -   29s
     0     0 7705.75756    0  746 7204.00000 7705.75756  6.96%     -   31s
     0     0 7705.32934    0  753 7204.00000 7705.32934  6.96%     -   32s
     0     2 7705.10115    0  753 7204.00000 7705.10115  6.96%     -   35s
     5     8 7703.92678    2  762 7204.00000 7704.69220  6.95%  1395   40s
    13    20 7703.62274    4  752 7204.00000 7704.31638  6.94%  1652   49s
    15    20 7703.08725    3  766 7204.00000 7704.31638  6.94%  1824   50s
    21    26 7702.41958    4  774 7204.00000 7704.31638  6.94%  2123   55s
    28    32 7702.36874    4  757 7204.00000 7703.78209  6.94%  1927   61s
H   31    38                    7205.0000000 7703.78209  6.92%  1816   67s
H   32    38                    7206.0000000 7703.78209  6.91%  1864   68s
H   36    38                    7235.0000000 7703.63349  6.48%  1924   70s
    37    44 7702.94961    6  759 7235.00000 7703.63349  6.48%  1998   75s
    43    50 7703.04020    6  750 7235.00000 7703.63332  6.48%  1884   80s
    49    56 7702.76938    7  758 7235.00000 7703.63332  6.48%  1788   86s
    55    73 7702.81308    7  754 7235.00000 7703.63332  6.48%  1768   94s
    58    73 7702.47891    7  761 7235.00000 7703.63332  6.48%  1743   96s
    72    80 7702.22633    9  744 7235.00000 7703.56452  6.48%  1662  109s
    77    80 7702.72609    8  756 7235.00000 7703.56452  6.48%  1716  111s
    79    94 7701.34812    9  747 7235.00000 7703.56452  6.48%  1715  117s
    93   106 7701.56357   11  746 7235.00000 7703.56452  6.48%  1661  130s
H  105   112                    7261.0000000 7703.56452  6.10%  1735  150s
H  109   112                    7284.0000000 7703.56452  5.76%  1710  152s
   111   127 7700.81310   13  743 7284.00000 7703.56452  5.76%  1710  157s
   118   127 7700.91419   10  739 7284.00000 7703.56452  5.76%  1674  161s
   126   145 7700.49436   14  737 7284.00000 7703.56452  5.76%  1644  170s
   137   145 7702.33148   11  734 7284.00000 7703.56452  5.76%  1607  176s
H  144   159                    7291.0000000 7703.56452  5.66%  1570  184s
H  146   159                    7300.0000000 7703.56452  5.53%  1565  185s
   158   171 7699.45353   16  724 7300.00000 7703.56452  5.53%  1542  198s
   170   188 7699.29552   17  719 7300.00000 7703.56452  5.53%  1627  215s
H  187   196                    7303.0000000 7703.56452  5.48%  1579  250s
H  188   196                    7306.0000000 7703.56452  5.44%  1577  250s
H  191   196                    7308.0000000 7703.56452  5.41%  1569  252s
H  194   196                    7349.0000000 7703.56452  4.82%  1564  254s
   195   214 7698.54500   19  728 7349.00000 7703.56452  4.82%  1571  261s
   213   235 7698.21773   21  717 7349.00000 7703.56452  4.82%  1542  277s
   221   235 7697.29209   21  701 7349.00000 7703.56452  4.82%  1517  281s
   228   235 7700.37829   17  733 7349.00000 7703.56452  4.82%  1500  285s
H  234   246                    7384.0000000 7703.56452  4.33%  1493  313s
   243   246 7698.81315   18  720 7384.00000 7703.56452  4.33%  1501  318s
   245   254 7697.23794   24  706 7384.00000 7703.56452  4.33%  1505  329s
   248   254 7696.89229   16  692 7384.00000 7703.56452  4.33%  1500  331s
   253   274 7696.41260   24  703 7384.00000 7703.56452  4.33%  1498  342s
   261   274 7698.25574   18  705 7384.00000 7703.56452  4.33%  1492  346s
   273   296 7696.99972   25  708 7384.00000 7703.56452  4.33%  1476  360s
   290   296 7697.82915   22  691 7384.00000 7703.56452  4.33%  1494  369s
   295   324 7696.91309   26  704 7384.00000 7703.56452  4.33%  1492  380s
   323   331 7695.91290   30  703 7384.00000 7703.56452  4.33%  1440  405s
   330   337 7695.49767   31  697 7384.00000 7703.56452  4.33%  1431  419s
   335   337 7696.42255   27  690 7384.00000 7703.56452  4.33%  1426  421s
   336   362 7694.97718   31  701 7384.00000 7703.56452  4.33%  1426  430s
   344   362 7693.06834   39  676 7384.00000 7703.56452  4.33%  1415  435s
   357   362 7696.01625   28  690 7384.00000 7703.56452  4.33%  1401  442s
   361   390 7694.84615   33  689 7384.00000 7703.56452  4.33%  1399  453s
   370   390 7692.19476   41  687 7384.00000 7703.56452  4.33%  1392  458s
   389   415 7693.41202   37  679 7384.00000 7703.56452  4.33%  1372  478s
   403   415 7694.94319   28  699 7384.00000 7703.56452  4.33%  1378  485s
   414   442 7692.29331   40  679 7384.00000 7703.56452  4.33%  1396  500s
   441   471 7691.69369   44  654 7384.00000 7703.56452  4.33%  1369  525s
   451   471 7690.18933   48  656 7384.00000 7703.56452  4.33%  1357  531s
   461   471 7694.21555   37  686 7384.00000 7703.56452  4.33%  1351  536s
   470   484 7690.66792   47  650 7384.00000 7703.56452  4.33%  1345  550s
   479   484 7692.81394   39  667 7384.00000 7703.56452  4.33%  1339  555s
   483   511 7690.14536   50  636 7384.00000 7703.56452  4.33%  1339  568s
   487   511 7688.84083   52  622 7384.00000 7703.56452  4.33%  1339  570s
   497   511 7693.41962   33  685 7384.00000 7703.56452  4.33%  1342  575s
   510   540 7688.75621   53  635 7384.00000 7703.56452  4.33%  1343  594s
   514   540 7688.07872   55  623 7384.00000 7703.56452  4.33%  1339  596s
   531   540 7692.81258   42  676 7384.00000 7703.56452  4.33%  1328  606s
   539   553 7687.98090   56  625 7384.00000 7703.56452  4.33%  1328  620s
H  552   582                    7396.0000000 7703.56452  4.16%  1327  638s
   556   582 7686.56453   60  626 7396.00000 7703.56452  4.16%  1325  640s
H  558   582                    7401.0000000 7703.56452  4.09%  1322  641s
H  563   582                    7412.0000000 7703.56452  3.93%  1318  644s
   566   582 7692.33365   37  668 7412.00000 7703.56452  3.93%  1317  645s
   579   582 7691.74917   43  651 7412.00000 7703.56452  3.93%  1308  653s
   581   616 7686.47904   61  627 7412.00000 7703.56452  3.93%  1305  665s
   593   616 7686.79297   63  639 7412.00000 7703.56452  3.93%  1301  672s
H  615   646                    7416.0000000 7703.56452  3.88%  1298  696s
H  620   646                    7424.0000000 7703.56452  3.77%  1295  698s
   624   646 7685.71841   63  643 7424.00000 7703.56452  3.77%  1293  701s
H  644   646                    7432.0000011 7703.56452  3.65%  1276  711s
   645   661 7685.45345   68  602 7432.00000 7703.56452  3.65%  1277  729s
   651   661 7684.30752   72  615 7432.00000 7703.56452  3.65%  1271  733s
   660   699 7684.95448   69  598 7432.00000 7703.56452  3.65%  1265  751s
   680   699 7688.87958   46  649 7432.00000 7703.56452  3.65%  1252  762s
   686   699 7688.43606   48  640 7432.00000 7703.56452  3.65%  1248  765s
   696   699 7690.15074   50  651 7432.00000 7703.56452  3.65%  1243  771s
H  698   723                    7438.0000000 7703.56452  3.57%  1242  785s
H  702   723                    7444.0000000 7703.56452  3.49%  1243  788s
   722   744 7684.17878   74  598 7444.00000 7703.56452  3.49%  1251  815s
   732   744 7682.00210   81  595 7444.00000 7703.56452  3.49%  1245  820s
   743   784 7683.44091   78  583 7444.00000 7703.56452  3.49%  1238  841s
   749   784 7681.73181   81  588 7444.00000 7703.56452  3.49%  1233  845s
   770   784 7689.48783   56  645 7444.00000 7703.56452  3.49%  1224  856s
   783   836 7681.95026   82  590 7444.00000 7703.56452  3.49%  1219  877s
   789   836 7680.88569   85  588 7444.00000 7703.56452  3.49%  1217  880s
   799   836 7681.85147   78  611 7444.00000 7703.56452  3.49%  1212  886s
   835   881 7673.18969   89  574 7444.00000 7703.56452  3.49%  1198  919s
   838   881 7679.49595   91  581 7444.00000 7703.56452  3.49%  1196  921s
   847   881 7680.86711   83  586 7444.00000 7703.56452  3.49%  1190  926s
   855   881 7677.97266   92  581 7444.00000 7703.56452  3.49%  1185  930s
H  880   887                    7471.0000000 7703.56452  3.11%  1173  986s
   886   945 7677.23789   97  565 7471.00000 7703.56452  3.11%  1173 1004s
   889   945 7677.44551   99  577 7471.00000 7703.56452  3.11%  1171 1006s
   898   945 7676.32373  105  564 7471.00000 7703.56452  3.11%  1166 1011s
   906   945 7678.36238   92  570 7471.00000 7703.56452  3.11%  1164 1015s
   925   945 7685.23218   59  606 7471.00000 7703.56452  3.11%  1158 1025s
   944   963 7675.19773  106  553 7471.00000 7703.56452  3.11%  1157 1068s
   956   963 7685.39698   69  608 7471.00000 7703.56452  3.11%  1155 1074s
   962  1024 7675.69054  108  565 7471.00000 7703.56452  3.11%  1157 1094s
   965  1024 7673.50030  110  579 7471.00000 7703.56452  3.11%  1155 1096s
   974  1024 7676.76046  100  546 7471.00000 7703.56452  3.11%  1153 1100s
  1023  1054 7673.31344  113  552 7471.00000 7703.56452  3.11%  1131 1145s
  1032  1054 7671.22047  107  519 7471.00000 7703.56452  3.11%  1127 1150s
  1042  1054 7672.53718  119  507 7471.00000 7703.56452  3.11%  1122 1156s
  1053  1121 7672.18839  116  527 7471.00000 7703.56452  3.11%  1119 1180s
  1063  1121 7671.51181  122  523 7471.00000 7703.56452  3.11%  1115 1185s
  1110  1121 7682.33715   78  582 7471.00000 7703.56452  3.11%  1103 1211s
  1118  1121 7681.22653   82  577 7471.00000 7703.56452  3.11%  1100 1215s
  1120  1196 7671.03309  124  509 7471.00000 7703.56452  3.11%  1101 1234s
  1122  1196 7669.86101  125  512 7471.00000 7703.56452  3.11%  1101 1235s
  1130  1196 7669.29566  129  516 7471.00000 7703.56452  3.11%  1098 1240s
  1195  1286 7668.93864  131  508 7471.00000 7703.56452  3.11%  1086 1293s
  1197  1286 7668.90447  132  505 7471.00000 7703.56452  3.11%  1086 1295s
  1207  1286 7666.10978  137  500 7471.00000 7703.56452  3.11%  1081 1300s
  1256  1286 7679.25201   77  557 7471.00000 7703.56452  3.11%  1061 1327s
  1262  1286 7678.59137   80  548 7471.00000 7703.56452  3.11%  1062 1330s
H 1285  1292                    7609.0000000 7703.56452  1.24%  1060 1737s
  1291  1390 7665.26397  139  505 7609.00000 7703.56452  1.24%  1060 1759s
  1293  1390 7664.94384  140  490 7609.00000 7703.56452  1.24%  1060 1761s
  1301  1390 7662.24399  146  486 7609.00000 7703.56452  1.24%  1058 1765s
  1311  1390 7665.73357  146  476 7609.00000 7703.56452  1.24%  1055 1770s
  1319  1390 7664.28250  151  465 7609.00000 7703.56452  1.24%  1053 1775s
  1389  1514 7661.45929  148  487 7609.00000 7703.56452  1.24%  1034 1836s
  1397  1514 7660.32440  154  477 7609.00000 7703.56452  1.24%  1031 1841s
  1405  1514 7658.62412  160  475 7609.00000 7703.56452  1.24%  1029 1845s
  1413  1514 7663.54966  155  464 7609.00000 7703.56452  1.24%  1026 1850s
  1421  1514 7661.34092  161  461 7609.00000 7703.56452  1.24%  1023 1855s
  1431  1514 7660.87783  169  433 7609.00000 7703.56452  1.24%  1019 1860s
  1459  1514 7656.50797  192  379 7609.00000 7703.56452  1.24%  1007 1875s
  1467  1514 7655.55711  197  378 7609.00000 7703.56452  1.24%  1005 1880s
  1476  1514 7674.37912  101  536 7609.00000 7703.56452  1.24%  1001 1885s
  1486  1514 7671.51879  109  499 7609.00000 7703.56452  1.24%  1000 1890s
  1513  1674 7658.42741  165  462 7609.00000 7703.56452  1.24%   996 1927s
  1519  1674 7657.68757  170  444 7609.00000 7703.56452  1.24%   994 1930s
  1527  1674 7656.06089  177  422 7609.00000 7703.56452  1.24%   991 1935s
  1537  1674 7656.18575  185  409 7609.00000 7703.56452  1.24%   987 1940s
  1547  1674 7655.55137  193  400 7609.00000 7703.56452  1.24%   983 1945s
  1561  1674 7659.50530  178  411 7609.00000 7703.56452  1.24%   978 1953s
  1565  1674 7659.10822  181  400 7609.00000 7703.56452  1.24%   976 1955s
  1573  1674 7658.81773  188  388 7609.00000 7703.56452  1.24%   972 1960s
  1583  1674 7658.46709  195  368 7609.00000 7703.56452  1.24%   969 1965s
  1660  1674 7670.84963  117  515 7609.00000 7703.56452  1.24%   945 2007s
  1666  1674 7670.16387  119  486 7609.00000 7703.56452  1.24%   945 2011s
  1673  1876 7655.40374  195  399 7609.00000 7703.56452  1.24%   944 2037s
  1679  1876 7654.25156  200  390 7609.00000 7703.56452  1.24%   942 2041s
  1687  1876 7653.62803  206  385 7609.00000 7703.56452  1.24%   939 2045s
  1695  1876 7653.03204  212  365 7609.00000 7703.56452  1.24%   936 2050s
  1705  1876 7650.99100  218  366 7609.00000 7703.56452  1.24%   933 2056s
  1713  1876 7652.32249  222  365 7609.00000 7703.56452  1.24%   929 2061s
  1721  1876 7649.70852  229  341 7609.00000 7703.56452  1.24%   926 2066s
  1860  1876 7669.43876  122  475 7609.00000 7703.56452  1.24%   883 2148s
  1862  1876 7668.86575  123  485 7609.00000 7703.56452  1.24%   884 2150s
  1872  1876 7667.94254  127  471 7609.00000 7703.56452  1.24%   882 2156s
  1875  2124 7651.97834  229  347 7609.00000 7703.56452  1.24%   882 2180s
  1883  2124 7651.21449  235  350 7609.00000 7703.56452  1.24%   880 2185s
  1891  2124 7650.75964  242  324 7609.00000 7703.56452  1.24%   877 2190s
  1899  2124 7650.26413  249  306 7609.00000 7703.56452  1.24%   874 2195s
  1907  2124 7649.68190  254  309 7609.00000 7703.56452  1.24%   871 2201s
  1915  2124 7649.49423  260  316 7609.00000 7703.56452  1.24%   869 2205s
  1923  2124 7649.05492  265  305 7609.00000 7703.56452  1.24%   866 2210s
  1933  2124 7648.73465  274  301 7609.00000 7703.56452  1.24%   862 2215s
  2077  2124 7667.77615  131  475 7609.00000 7703.56452  1.24%   817 2294s
  2079  2124 7667.19642  132  485 7609.00000 7703.56452  1.24%   817 2295s
  2089  2124 7665.73657  139  476 7609.00000 7703.56452  1.24%   817 2300s
  2123  2343 7648.16855  279  294 7609.00000 7703.56452  1.24%   815 2347s
  2127  2343 7647.68124  283  289 7609.00000 7703.56452  1.24%   814 2350s
  2137  2343 7646.50310  291  281 7609.00000 7703.56452  1.24%   811 2355s
  2145  2343 7646.06141  298  279 7609.00000 7703.56452  1.24%   809 2360s
  2155  2343 7645.93460  305  268 7609.00000 7703.56452  1.24%   806 2365s
  2165  2343 7645.18811  314  263 7609.00000 7703.56452  1.24%   803 2371s
  2173  2343 7645.12002  321  256 7609.00000 7703.56452  1.24%   801 2375s
  2239  2343 7640.86735  329  231 7609.00000 7703.56452  1.24%   783 2411s
  2245  2343 7641.13814  333  228 7609.00000 7703.56452  1.24%   782 2415s
  2255  2343 7639.88631  340  214 7609.00000 7703.56452  1.24%   779 2420s
  2263  2343 7637.74531  345  222 7609.00000 7703.56452  1.24%   777 2425s
  2273  2343 7636.64154  351  201 7609.00000 7703.56452  1.24%   775 2430s
  2283  2343 7636.19154  359  201 7609.00000 7703.56452  1.24%   772 2436s
  2291  2343 7634.37771  365  205 7609.00000 7703.56452  1.24%   770 2440s
  2300  2343 7661.01967  140  461 7609.00000 7703.56452  1.24%   770 2445s
  2310  2343 7664.43189  148  450 7609.00000 7703.56452  1.24%   769 2450s
  2342  2609 7644.86273  323  269 7609.00000 7703.56452  1.24%   768 2492s
  2348  2609 7643.50864  328  258 7609.00000 7703.56452  1.24%   767 2496s
  2356  2609 7641.62442  334  254 7609.00000 7703.56452  1.24%   765 2500s
  2366  2609 7641.65283  340  240 7609.00000 7703.56452  1.24%   763 2505s
  2374  2609 7641.56672  348  235 7609.00000 7703.56452  1.24%   761 2510s
  2384  2609 7641.41871  357  224 7609.00000 7703.56452  1.24%   758 2515s
  2392  2609 7641.07559  365  215 7609.00000 7703.56452  1.24%   756 2520s
  2402  2609 7639.34371  373  210 7609.00000 7703.56452  1.24%   754 2525s
  2410  2609 7631.82764  379  236 7609.00000 7703.56452  1.24%   752 2530s
  2555  2609 7628.71250  410  166 7609.00000 7703.56452  1.24%   719 2614s
  2558  2609 7628.70605  412  165 7609.00000 7703.56452  1.24%   719 2615s
  2570  2609 7626.79688  420  171 7609.00000 7703.56452  1.24%   716 2620s
  2578  2609 7624.73511  425  166 7609.00000 7703.56452  1.24%   715 2625s
  2616  2880 7637.74214  383  224 7609.00000 7703.56452  1.24%   716 2676s
  2622  2880 7634.56861  387  221 7609.00000 7703.56452  1.24%   715 2680s
  2631  2880 7634.77403  394  216 7609.00000 7703.56452  1.24%   713 2685s
  2640  2880 7633.74997  399  214 7609.00000 7703.56452  1.24%   712 2690s
  2649  2880 7632.13646  405  205 7609.00000 7703.56452  1.24%   710 2695s
  2658  2880 7632.34760  412  191 7609.00000 7703.56452  1.24%   708 2700s
  2667  2880 7632.03152  419  188 7609.00000 7703.56452  1.24%   706 2705s
  2676  2880 7630.97646  427  183 7609.00000 7703.56452  1.24%   704 2710s
  2685  2880 7630.57698  435  173 7609.00000 7703.56452  1.24%   702 2715s
  2694  2880 7628.61419  442  178 7609.00000 7703.56452  1.24%   700 2720s
  2703  2880 7628.25864  450  169 7609.00000 7703.56452  1.24%   698 2725s
  2802  2880 7624.73494  426  160 7609.00000 7703.56452  1.24%   678 2778s
  2804  2880 7624.70466  427  154 7609.00000 7703.56452  1.24%   677 2780s
  2813  2880 7624.22652  435  157 7609.00000 7703.56452  1.24%   675 2785s
  2822  2880 7623.44074  443  146 7609.00000 7703.56452  1.24%   673 2790s
  2831  2880 7622.81849  450  147 7609.00000 7703.56452  1.24%   672 2795s
  2840  2880 7619.68061  457  134 7609.00000 7703.56452  1.24%   670 2800s
  2851  2880 7617.81490  465  124 7609.00000 7703.56452  1.24%   668 2805s
  2861  2880 7617.00708  471  122 7609.00000 7703.56452  1.24%   666 2810s
  2903  3022 7627.21507  453  168 7609.00000 7703.56449  1.24%   665 2864s
  2904  3022 7617.37768  453  164 7609.00000 7703.56449  1.24%   666 2865s
  2913  3022 7624.36050  460  159 7609.00000 7703.56449  1.24%   664 2870s
  2922  3022 7623.91279  468  136 7609.00000 7703.56449  1.24%   662 2875s
  2931  3022 7622.57390  474  139 7609.00000 7703.56449  1.24%   661 2880s
  2940  3022 7622.21479  482  138 7609.00000 7703.56449  1.24%   659 2885s
  2949  3022 7621.85984  491  132 7609.00000 7703.56449  1.24%   657 2890s
  2961  3022 7615.76508  500  113 7609.00000 7703.56449  1.24%   655 2895s
  2973  3022 7626.09800  471  125 7609.00000 7703.40736  1.24%   654 2900s
  2982  3022 7624.98453  478  108 7609.00000 7703.40736  1.24%   653 2905s
  2990  3022 7623.75853  483  114 7609.00000 7703.40736  1.24%   651 2910s
  2998  3022 7622.59198  488  110 7609.00000 7703.40736  1.24%   650 2915s
  3005  3022 7621.81381  494  111 7609.00000 7703.40736  1.24%   649 2920s
  3013  3022 7619.14019  500  102 7609.00000 7703.40736  1.24%   648 2925s
  3023  3022 7702.39247    5  755 7609.00000 7703.40736  1.24%   648 2930s
  3065  3093 7702.48649    7  765 7609.00000 7703.40736  1.24%   649 2982s
  3136  3184 7701.28975   10  757 7609.00000 7703.40736  1.24%   651 3051s
  3227  3299 7699.93257   13  751 7609.00000 7703.40736  1.24%   650 3136s
  3234  3299 7698.69431   15  735 7609.00000 7703.40736  1.24%   652 3140s
  3342  3427 7698.73486   17  745 7609.00000 7703.40736  1.24%   645 3230s
  3351  3427 7696.80687   21  715 7609.00000 7703.40736  1.24%   648 3235s
  3470  3575 7697.44281   22  738 7609.00000 7703.40736  1.24%   639 3333s
  3472  3575 7696.87050   24  724 7609.00000 7703.40736  1.24%   639 3335s
  3618  3771 7695.78318   27  728 7609.00000 7703.40736  1.24%   627 3451s
  3814  3986 7694.24394   32  720 7609.00000 7703.40736  1.24%   612 3597s
  3819  3986 7693.61072   33  687 7609.00000 7703.40736  1.24%   613 3600s

Cutting planes:
  Gomory: 34
  MIR: 1967
  RLT: 506
  Relax-and-lift: 20
  Lazy constraints: 4002

Explored 4029 nodes (2428180 simplex iterations) in 3722.29 seconds
Thread count was 12 (of 12 available processors)

Solution count 10: 7609 7471 7444 ... 7396

Time limit reached
Best objective 7.609000000000e+03, best bound 7.703000000000e+03, gap 1.2354%

User-callback calls 164971, time in user-callback 2138.00 sec
