
Gurobi 9.5.1 (linux64) logging started Tue Jun 14 19:04:30 2022

Set parameter LogFile to value "../results/logs/log_com-dblp.ungraph_3_250_2022_06_14_14_44.log"
Set parameter LazyConstraints to value 1
Gurobi Optimizer version 9.5.1 build v9.5.1rc2 (linux64)
Thread count: 8 physical cores, 8 logical processors, using up to 8 threads
Optimize a model with 22021 rows, 634160 columns and 227191 nonzeros
Model fingerprint: 0x936ce81a
Variable types: 0 continuous, 634160 integer (634160 binary)
Coefficient statistics:
  Matrix range     [1e+00, 3e+00]
  Objective range  [1e+00, 1e+00]
  Bounds range     [1e+00, 1e+00]
  RHS range        [1e+00, 2e+02]
Found heuristic solution: objective 204031.00000
Presolve removed 0 rows and 510101 columns
Presolve time: 0.30s
Presolved: 22021 rows, 124059 columns, 177911 nonzeros
Variable types: 0 continuous, 124059 integer (124059 binary)
Found heuristic solution: objective 204290.00000

Deterministic concurrent LP optimizer: primal and dual simplex
Showing first log only...


Use crossover to convert LP symmetric solution to basic solution...
Concurrent spin time: 0.00s

Solved with primal simplex

Root relaxation: objective 2.056656e+05, 2996 iterations, 0.14 seconds (0.11 work units)

    Nodes    |    Current Node    |     Objective Bounds      |     Work
 Expl Unexpl |  Obj  Depth IntInf | Incumbent    BestBd   Gap | It/Node Time

     0     0 205665.602    0 2004 204290.000 205665.602  0.67%     -    1s
H    0     0                    204568.00000 205665.602  0.54%     -    1s
H    0     0                    204578.00000 205665.602  0.53%     -    1s
H    0     0                    204589.00000 205665.602  0.53%     -    1s
H    0     0                    204593.00000 205665.602  0.52%     -    1s
     0     0 204921.131    0  793 204593.000 204921.131  0.16%     -   16s
H    0     0                    204748.00000 204921.131  0.08%     -   16s
H    0     0                    204844.00000 204921.131  0.04%     -   17s
     0     0 204917.198    0  799 204844.000 204917.198  0.04%     -   30s
     0     0 204871.010    0  246 204844.000 204871.010  0.01%     -   44s
     0     0 204871.010    0  247 204844.000 204871.010  0.01%     -   57s
     0     0 204862.500    0  136 204844.000 204862.500  0.01%     -   70s
     0     0 204862.143    0  118 204844.000 204862.143  0.01%     -   83s
     0     0 204862.143    0  118 204844.000 204862.143  0.01%     -   96s
     0     0 204861.500    0   71 204844.000 204861.500  0.01%     -  110s
H    0     0                    204845.00000 204861.500  0.01%     -  110s
     0     0 204861.500    0   55 204845.000 204861.500  0.01%     -  124s
     0     0 204860.434    0   41 204845.000 204860.434  0.01%     -  136s
H    0     0                    204853.00000 204860.434  0.00%     -  136s
     0     0 204860.286    0   37 204853.000 204860.286  0.00%     -  150s
     0     0 204858.825    0   34 204853.000 204858.825  0.00%     -  163s
H    0     0                    204855.00000 204858.825  0.00%     -  163s
     0     0 204858.825    0   28 204855.000 204858.825  0.00%     -  175s
     0     0 204858.810    0   48 204855.000 204858.810  0.00%     -  189s
H    0     0                    204857.00000 204858.810  0.00%     -  190s
     0     0 204858.710    0   50 204857.000 204858.710  0.00%     -  202s
     0     0     cutoff    0      204857.000 204857.000  0.00%     -  215s

Cutting planes:
  Gomory: 233
  Cover: 1471
  MIR: 1124
  StrongCG: 22
  GUB cover: 1691
  Zero half: 166
  RLT: 65
  Lazy constraints: 13

Explored 1 nodes (7149 simplex iterations) in 215.90 seconds (9.30 work units)
Thread count was 8 (of 8 available processors)

Solution count 10: 204857 204855 204853 ... 204568

Optimal solution found (tolerance 0.00e+00)
Best objective 2.048570000000e+05, best bound 2.048570000000e+05, gap 0.0000%

User-callback calls 2591, time in user-callback 207.53 sec
