
Gurobi 9.5.1 (linux64) logging started Sat Jun 18 20:52:14 2022

Set parameter LogFile to value "../results/logs/log_com-dblp.ungraph_20_20_2022_06_18_14_18.log"
Gurobi Optimizer version 9.5.1 build v9.5.1rc2 (linux64)
Thread count: 8 physical cores, 8 logical processors, using up to 8 threads
Optimize a model with 61387 rows, 634160 columns and 1539141 nonzeros
Model fingerprint: 0xdc3b8411
Variable types: 0 continuous, 634160 integer (634160 binary)
Coefficient statistics:
  Matrix range     [1e+00, 2e+01]
  Objective range  [1e+00, 1e+00]
  Bounds range     [1e+00, 1e+00]
  RHS range        [1e+00, 2e+01]
Found heuristic solution: objective 3066.0000000
Presolve removed 3610 rows and 528161 columns
Presolve time: 3.56s
Presolved: 57777 rows, 105999 columns, 758160 nonzeros
Extracted 26347 lazy constraints
Variable types: 0 continuous, 105999 integer (85640 binary)

Deterministic concurrent LP optimizer: primal and dual simplex
Showing first log only...


Root simplex log...

Iteration    Objective       Primal Inf.    Dual Inf.      Time
    8745    3.3635796e+03   0.000000e+00   5.538465e+04      5s
   10373    3.9506276e+03   0.000000e+00   3.594464e+05     10s
   11023    4.2836696e+03   0.000000e+00   2.433329e+05     15s
Warning: Markowitz tolerance tightened to 0.03125
   11583    4.5016739e+03   0.000000e+00   2.090160e+06     21s
   11883    4.6063698e+03   0.000000e+00   1.276715e+05     25s
Warning: Markowitz tolerance tightened to 0.125
   12373    4.7727812e+03   0.000000e+00   9.287204e+06     33s
   12733    4.9203308e+03   0.000000e+00   6.959053e+05     38s
   12963    5.0174431e+03   0.000000e+00   7.646755e+04     42s
   13203    5.1271990e+03   0.000000e+00   2.504180e+05     46s
   13463    5.2212636e+03   0.000000e+00   3.495788e+05     50s
   13713    5.3010304e+03   0.000000e+00   3.230193e+07     56s
   13993    5.4000121e+03   0.000000e+00   4.441641e+06     62s
   14293    5.4951947e+03   0.000000e+00   3.085474e+05     69s
   14595    5.5944540e+03   0.000000e+00   4.617087e+06     77s
   14888    5.6819993e+03   0.000000e+00   1.108205e+06     86s
   15183    5.7905410e+03   0.000000e+00   5.863612e+05     95s
   15471    5.8697421e+03   0.000000e+00   2.368848e+05    105s
   15766    5.9695187e+03   0.000000e+00   9.183301e+06    114s
   16048    6.0327053e+03   0.000000e+00   1.383640e+07    125s
   16329    6.1115868e+03   0.000000e+00   1.055377e+05    136s
   16605    6.2073650e+03   0.000000e+00   2.396383e+06    148s
   16884    6.3082330e+03   0.000000e+00   1.915298e+03    159s
   17154    6.3786846e+03   0.000000e+00   5.844187e+02    173s
   17419    6.4297162e+03   0.000000e+00   4.909033e+02    186s
   17680    6.4698933e+03   0.000000e+00   3.892641e+02    200s
   17938    6.5096040e+03   0.000000e+00   2.834097e+02    215s
   18193    6.5373170e+03   0.000000e+00   1.647472e+02    230s
   18447    6.5698972e+03   0.000000e+00   2.425772e+01    246s
   18494    6.5752988e+03   0.000000e+00   0.000000e+00    253s
Concurrent spin time: 9.10s

Solved with primal simplex

Root relaxation: objective 6.575299e+03, 18494 iterations, 258.09 seconds (615.12 work units)
Total elapsed time = 275.85s

    Nodes    |    Current Node    |     Objective Bounds      |     Work
 Expl Unexpl |  Obj  Depth IntInf | Incumbent    BestBd   Gap | It/Node Time

     0     0 6575.29881    0 15013 3066.00000 6575.29881   114%     -  282s
     0     0 5334.17275    0 13524 3066.00000 5334.17275  74.0%     -  751s
H    0     0                    3120.0000000 5334.17275  71.0%     -  879s
     0     0 4743.78957    0 13581 3120.00000 4743.78957  52.0%     -  947s
     0     0 4336.96974    0 13493 3120.00000 4336.96974  39.0%     - 1004s
     0     0 4083.01060    0 13376 3120.00000 4083.01060  30.9%     - 1062s
     0     0 3933.27398    0 13137 3120.00000 3933.27398  26.1%     - 1116s
     0     0 3826.17147    0 12901 3120.00000 3826.17147  22.6%     - 1166s
     0     0 3748.15744    0 12551 3120.00000 3748.15744  20.1%     - 1212s
     0     0 3697.30992    0 12293 3120.00000 3697.30992  18.5%     - 1266s
     0     0 3666.43350    0 11984 3120.00000 3666.43350  17.5%     - 1309s
     0     0 3645.31897    0 11550 3120.00000 3645.31897  16.8%     - 1350s
     0     0 3632.23631    0 11139 3120.00000 3632.23631  16.4%     - 1398s
     0     0 3623.04096    0 10742 3120.00000 3623.04096  16.1%     - 1434s
     0     0 3615.87303    0 10015 3120.00000 3615.87303  15.9%     - 1459s
     0     0 3607.83720    0 9341 3120.00000 3607.83720  15.6%     - 1483s
     0     0 3594.85150    0 8278 3120.00000 3594.85150  15.2%     - 1506s
     0     0 3585.17079    0 6944 3120.00000 3585.17079  14.9%     - 1529s
     0     0 3583.80800    0 6755 3120.00000 3583.80800  14.9%     - 1538s
     0     0 3583.54126    0 6906 3120.00000 3583.54126  14.9%     - 1544s
     0     0 3461.92278    0 5962 3120.00000 3461.92278  11.0%     - 1764s
H    0     0                    3123.0000000 3461.92278  10.9%     - 1768s
     0     0 3416.95428    0 6606 3123.00000 3416.95428  9.41%     - 1791s
     0     0 3402.09402    0 6143 3123.00000 3402.09402  8.94%     - 1804s
     0     0 3393.19673    0 5930 3123.00000 3393.19673  8.65%     - 1821s
     0     0 3388.21932    0 5191 3123.00000 3388.21932  8.49%     - 1840s
     0     0 3383.50417    0 5486 3123.00000 3383.50417  8.34%     - 1861s
     0     0 3369.29383    0 6377 3123.00000 3369.29383  7.89%     - 2070s
H    0     0                    3127.0000000 3369.29383  7.75%     - 2408s
     0     0 3352.23994    0 7271 3127.00000 3352.23994  7.20%     - 2442s
     0     0 3345.78754    0 7433 3127.00000 3345.78754  7.00%     - 2471s
     0     0 3340.15878    0 7963 3127.00000 3340.15878  6.82%     - 2503s
     0     0 3335.56563    0 8111 3127.00000 3335.56563  6.67%     - 2538s
     0     0 3330.75800    0 7899 3127.00000 3330.75800  6.52%     - 2793s
     0     0 3330.75800    0 7899 3127.00000 3330.75800  6.52%     - 2827s
H    0     0                    3128.0000000 3330.75800  6.48%     - 3432s
     0     2 3326.00375    0 7899 3128.00000 3326.00375  6.33%     - 3436s
     1     4 3326.00375    1 7850 3128.00000 3326.00375  6.33%   433 3445s
     3     7 3326.00375    2 8068 3128.00000 3326.00375  6.33%  1867 3600s

Cutting planes:
  Lift-and-project: 2
  Cover: 341
  Implied bound: 520
  MIR: 4389
  StrongCG: 146
  GUB cover: 1855
  Zero half: 4
  RLT: 5107
  Lazy constraints: 20640

Explored 6 nodes (92823 simplex iterations) in 3600.08 seconds (8792.42 work units)
Thread count was 8 (of 8 available processors)

Solution count 5: 3128 3127 3123 ... 3066

Time limit reached
Best objective 3.128000000000e+03, best bound 3.326000000000e+03, gap 6.3299%
