
Gurobi 9.5.1 (linux64) logging started Sat Jul  2 13:02:47 2022

Set parameter LogFile to value "../results/logs/log_ca-citeseer_3_250_2022_07_02_12_43.log"
Gurobi Optimizer version 9.5.1 build v9.5.1rc2 (linux64)
Thread count: 8 physical cores, 8 logical processors, using up to 8 threads
Optimize a model with 16987 rows, 454640 columns and 163125 nonzeros
Model fingerprint: 0x0b4c2455
Coefficient statistics:
  Matrix range     [1e+00, 3e+00]
  Objective range  [1e+00, 1e+00]
  Bounds range     [1e+00, 1e+00]
  RHS range        [1e+00, 2e+02]

Concurrent LP optimizer: primal simplex, dual simplex, and barrier
Showing barrier log only...

Presolve removed 7556 rows and 440063 columns
Presolve time: 0.23s
Presolved: 9431 rows, 14577 columns, 39610 nonzeros

Ordering time: 0.00s

Barrier statistics:
 AA' NZ     : 1.179e+04
 Factor NZ  : 2.211e+04 (roughly 4 MB of memory)
 Factor Ops : 1.568e+05 (less than 1 second per iteration)
 Threads    : 1

                  Objective                Residual
Iter       Primal          Dual         Primal    Dual     Compl     Time
   0   1.84392196e+05  6.96242196e+05  2.33e+03 4.48e+01  1.76e+03     0s
   1   1.66924971e+05  1.51352439e+06  1.00e+03 4.55e-13  7.35e+02     0s
   2   1.57740869e+05  1.04844850e+06  1.31e+02 1.02e-12  1.21e+02     0s
   3   1.56678121e+05  4.42567264e+05  2.22e+01 9.24e-13  2.52e+01     0s
   4   1.56596381e+05  2.39761089e+05  8.70e-01 2.39e-12  5.24e+00     0s
   5   1.56761482e+05  1.83899750e+05  8.45e-02 1.29e-12  1.66e+00     0s
   6   1.56928899e+05  1.61737876e+05  1.24e-02 3.53e-13  2.92e-01     0s
   7   1.57406611e+05  1.58656102e+05  1.02e-03 1.05e-13  7.59e-02     0s
   8   1.57539030e+05  1.58596175e+05  5.78e-04 1.05e-13  6.42e-02     0s
   9   1.57611945e+05  1.58259830e+05  3.85e-04 5.82e-14  3.94e-02     0s
  10   1.57769183e+05  1.57973531e+05  4.18e-05 2.20e-14  1.24e-02     0s
  11   1.57822879e+05  1.57900993e+05  1.09e-05 2.84e-14  4.75e-03     0s
  12   1.57847013e+05  1.57868356e+05  2.86e-06 5.68e-14  1.30e-03     0s
  13   1.57854000e+05  1.57859144e+05  6.77e-07 1.42e-14  3.13e-04     0s
  14   1.57855784e+05  1.57856585e+05  1.43e-07 2.84e-14  4.87e-05     0s
  15   1.57856305e+05  1.57856308e+05  1.24e-14 2.84e-14  1.96e-07     0s
  16   1.57856307e+05  1.57856307e+05  4.71e-14 1.47e-14  1.96e-10     0s
  17   1.57856307e+05  1.57856307e+05  4.03e-12 2.27e-13  1.96e-13     0s

Barrier solved model in 17 iterations and 0.28 seconds (0.20 work units)
Optimal objective 1.57856307e+05

Crossover log...

     757 DPushes remaining with DInf 0.0000000e+00                 0s
       0 DPushes remaining with DInf 0.0000000e+00                 0s

     272 PPushes remaining with PInf 0.0000000e+00                 0s
       0 PPushes remaining with PInf 0.0000000e+00                 0s

  Push phase complete: Pinf 0.0000000e+00, Dinf 1.6975310e-13      0s

Iteration    Objective       Primal Inf.    Dual Inf.      Time
     725    1.5785631e+05   0.000000e+00   0.000000e+00      0s

Use crossover to convert LP symmetric solution to basic solution...
Crossover log...

       0 DPushes remaining with DInf 0.0000000e+00                 0s

     175 PPushes remaining with PInf 0.0000000e+00                 0s
       0 PPushes remaining with PInf 0.0000000e+00                 0s

  Push phase complete: Pinf 0.0000000e+00, Dinf 1.0416668e-13      0s

Iteration    Objective       Primal Inf.    Dual Inf.      Time
     926    1.5785631e+05   0.000000e+00   0.000000e+00      0s

Solved with primal simplex
Solved in 3149 iterations and 0.39 seconds (0.22 work units)
Optimal objective  1.578563065e+05
