
Gurobi 9.5.1 (linux64) logging started Sun Jun 19 03:07:20 2022

Set parameter LogFile to value "../results/logs/log_web-hudong.e_5_2_2022_06_19_02_07.log"
Gurobi Optimizer version 9.5.1 build v9.5.1rc2 (linux64)
Thread count: 8 physical cores, 8 logical processors, using up to 8 threads
Optimize a model with 76249 rows, 3949310 columns and 1456389 nonzeros
Model fingerprint: 0x230a47d2
Variable types: 0 continuous, 3949310 integer (3949310 binary)
Coefficient statistics:
  Matrix range     [1e+00, 5e+00]
  Objective range  [1e+00, 1e+00]
  Bounds range     [1e+00, 1e+00]
  RHS range        [1e+00, 2e+00]
Found heuristic solution: objective 1055322.0000
Presolve removed 45288 rows and 3895387 columns (presolve time = 5s) ...
Presolve removed 57954 rows and 3923746 columns (presolve time = 10s) ...
Presolve removed 58044 rows and 3923859 columns
Presolve time: 12.50s
Presolved: 18205 rows, 25451 columns, 74437 nonzeros
Variable types: 0 continuous, 25451 integer (23714 binary)
Found heuristic solution: objective 1055325.0000

Root simplex log...

Iteration    Objective       Primal Inf.    Dual Inf.      Time
       0    1.0655144e+06   2.514896e+03   0.000000e+00     13s
    9822    1.0563113e+06   0.000000e+00   0.000000e+00     13s

Root relaxation: objective 1.056311e+06, 9822 iterations, 0.04 seconds (0.04 work units)

    Nodes    |    Current Node    |     Objective Bounds      |     Work
 Expl Unexpl |  Obj  Depth IntInf | Incumbent    BestBd   Gap | It/Node Time

     0     0 1056311.34    0 1099 1055325.00 1056311.34  0.09%     -   13s
H    0     0                    1055328.0000 1056311.34  0.09%     -   13s
H    0     0                    1055331.0000 1056311.34  0.09%     -   14s
H    0     0                    1055337.0000 1056308.45  0.09%     -   14s
     0     0 1055425.08    0  108 1055337.00 1055425.08  0.01%     -   14s
     0     0 1055377.13    0  119 1055337.00 1055377.13  0.00%     -   15s
     0     0 1055377.13    0  119 1055337.00 1055377.13  0.00%     -   15s
     0     0 1055377.13    0   69 1055337.00 1055377.13  0.00%     -   15s
     0     0 1055376.18    0   91 1055337.00 1055376.18  0.00%     -   15s
     0     0 1055375.85    0   75 1055337.00 1055375.85  0.00%     -   15s
     0     0 1055369.30    0   36 1055337.00 1055369.30  0.00%     -   15s
H    0     0                    1055338.0000 1055369.30  0.00%     -   16s
H    0     0                    1055340.0000 1055369.30  0.00%     -   16s
H    0     0                    1055342.0000 1055369.26  0.00%     -   16s
     0     0 1055369.25    0   52 1055342.00 1055369.25  0.00%     -   16s
     0     0 1055362.94    0   43 1055342.00 1055362.94  0.00%     -   16s
     0     0 1055362.00    0   36 1055342.00 1055362.00  0.00%     -   17s
     0     0 1055362.00    0   36 1055342.00 1055362.00  0.00%     -   17s
     0     2 1055362.00    0   36 1055342.00 1055362.00  0.00%     -   18s
   140     2 1055354.81   29   46 1055342.00 1055354.81  0.00%  10.8   20s
*  199     6              52    1055343.0000 1055348.62  0.00%  10.7   21s
H  229     8                    1055345.0000 1055348.00  0.00%   9.9   21s

Cutting planes:
  Gomory: 127
  Lift-and-project: 1
  Cover: 88
  Implied bound: 4
  MIR: 568
  StrongCG: 36
  GUB cover: 741
  Zero half: 86
  RLT: 147
  Relax-and-lift: 9

Explored 421 nodes (14385 simplex iterations) in 23.70 seconds (22.01 work units)
Thread count was 8 (of 8 available processors)

Solution count 10: 1.05534e+06 1.05534e+06 1.05534e+06 ... 1.05532e+06

Optimal solution found (tolerance 0.00e+00)
Best objective 1.055345000000e+06, best bound 1.055345000000e+06, gap 0.0000%
