
Gurobi 9.5.1 (linux64) logging started Sat Jun 18 21:52:32 2022

Set parameter LogFile to value "../results/logs/log_com-youtube.ungraph_20_20_2022_06_18_14_18.log"
Gurobi Optimizer version 9.5.1 build v9.5.1rc2 (linux64)
Thread count: 8 physical cores, 8 logical processors, using up to 8 threads
Optimize a model with 90367 rows, 2269780 columns and 2899353 nonzeros
Model fingerprint: 0x810bff35
Variable types: 0 continuous, 2269780 integer (2269780 binary)
Coefficient statistics:
  Matrix range     [1e+00, 2e+01]
  Objective range  [1e+00, 1e+00]
  Bounds range     [1e+00, 1e+00]
  RHS range        [1e+00, 2e+01]
Found heuristic solution: objective 18890.000000
Presolve removed 23758 rows and 2131128 columns (presolve time = 5s) ...
Presolve removed 23774 rows and 2131128 columns
Presolve time: 7.35s
Presolved: 66593 rows, 138652 columns, 684402 nonzeros
Extracted 24764 lazy constraints
Found heuristic solution: objective 18910.000000
Variable types: 0 continuous, 138652 integer (117384 binary)

Deterministic concurrent LP optimizer: primal and dual simplex
Showing first log only...


Root simplex log...

Iteration    Objective       Primal Inf.    Dual Inf.      Time
       0    1.9253000e+04   0.000000e+00   1.825675e+04      8s
   16518    2.0394448e+04   0.000000e+00   2.051056e+12     10s
Warning: Markowitz tolerance tightened to 0.125
   17974    2.1028243e+04   0.000000e+00   1.373978e+06     15s
   18654    2.1672966e+04   0.000000e+00   2.730882e+07     20s
   19294    2.2196689e+04   0.000000e+00   1.032182e+07     26s
   19774    2.2504936e+04   0.000000e+00   1.800502e+07     31s
   20254    2.2776565e+04   0.000000e+00   9.788920e+06     37s
   20574    2.2971484e+04   0.000000e+00   1.048902e+04     41s
   20874    2.3217896e+04   0.000000e+00   3.870858e+07     45s
   21395    2.3573247e+04   0.000000e+00   6.497616e+07     52s
   21735    2.3755743e+04   0.000000e+00   2.544279e+08     58s
   21906    2.3861967e+04   0.000000e+00   9.248560e+03     61s
   22229    2.4063075e+04   0.000000e+00   1.416895e+08     66s
   22530    2.4213448e+04   0.000000e+00   8.861164e+04     72s
   22720    2.4303456e+04   0.000000e+00   4.891299e+06     76s
   23142    2.4500116e+04   0.000000e+00   9.972143e+05     84s
   23372    2.4603048e+04   0.000000e+00   6.511503e+03     89s
   23612    2.4714614e+04   0.000000e+00   2.595465e+03     95s
   23842    2.4829168e+04   0.000000e+00   9.492943e+04    101s
   24072    2.4909087e+04   0.000000e+00   6.363602e+02    107s
   24322    2.5003095e+04   0.000000e+00   5.890121e+06    114s
   24543    2.5083281e+04   0.000000e+00   7.433624e+03    120s
   24803    2.5165062e+04   0.000000e+00   7.170238e+03    127s
   25056    2.5242307e+04   0.000000e+00   4.961856e+05    136s
   25319    2.5311216e+04   0.000000e+00   1.477207e+04    144s
   25528    2.5342581e+04   1.562395e-01   0.000000e+00    152s
   25529    2.5342581e+04   0.000000e+00   0.000000e+00    153s
Concurrent spin time: 0.01s

Solved with primal simplex

Root relaxation: objective 2.534258e+04, 25529 iterations, 144.83 seconds (319.33 work units)

    Nodes    |    Current Node    |     Objective Bounds      |     Work
 Expl Unexpl |  Obj  Depth IntInf | Incumbent    BestBd   Gap | It/Node Time

     0     0 25342.5805    0 18714 18910.0000 25342.5805  34.0%     -  158s
     0     0 23257.1965    0 16723 18910.0000 23257.1965  23.0%     -  421s
     0     0 23257.1965    0 16723 18910.0000 23257.1965  23.0%     -  471s
H    0     0                    19055.000000 23257.1965  22.1%     -  528s
     0     0 22288.7275    0 16752 19055.0000 22288.7275  17.0%     -  590s
     0     0 21491.2132    0 16540 19055.0000 21491.2132  12.8%     -  646s
     0     0 20889.1074    0 16236 19055.0000 20889.1074  9.63%     -  712s
     0     0 20475.9399    0 15755 19055.0000 20475.9399  7.46%     -  751s
     0     0 20245.6105    0 14971 19055.0000 20245.6105  6.25%     -  789s
     0     0 20135.0265    0 13909 19055.0000 20135.0265  5.67%     -  823s
     0     0 20098.4322    0 12760 19055.0000 20098.4322  5.48%     -  853s
     0     0 20077.9992    0 11454 19055.0000 20077.9992  5.37%     -  871s
     0     0 20050.4174    0 9531 19055.0000 20050.4174  5.22%     -  888s
     0     0 20036.6459    0 8091 19055.0000 20036.6459  5.15%     -  899s
     0     0 20034.4955    0 7756 19055.0000 20034.4955  5.14%     -  905s
     0     0 20033.5386    0 6409 19055.0000 20033.5386  5.14%     -  909s
     0     0 19678.7363    0 7400 19055.0000 19678.7363  3.27%     -  972s
     0     0 19557.3085    0 8414 19055.0000 19557.3085  2.64%     -  987s
     0     0 19527.8604    0 8190 19055.0000 19527.8604  2.48%     - 1015s
     0     0 19511.3625    0 7329 19055.0000 19511.3625  2.39%     - 1032s
     0     0 19497.0098    0 7149 19055.0000 19497.0098  2.32%     - 1051s
     0     0 19492.3111    0 6568 19055.0000 19492.3111  2.29%     - 1065s
     0     0 19450.9210    0 7296 19055.0000 19450.9210  2.08%     - 1164s
H    0     0                    19086.000000 19450.9210  1.91%     - 1396s
     0     0 19421.2562    0 7613 19086.0000 19421.2562  1.76%     - 1435s
     0     0 19405.6692    0 8018 19086.0000 19405.6692  1.67%     - 1467s
     0     0 19396.7461    0 8392 19086.0000 19396.7461  1.63%     - 1492s
     0     0 19390.5152    0 8412 19086.0000 19390.5152  1.60%     - 1529s
     0     0 19380.5404    0 8591 19086.0000 19380.5404  1.54%     - 1661s
     0     0 19380.5404    0 8591 19086.0000 19380.5404  1.54%     - 1688s
     0     2 19374.2182    0 8591 19086.0000 19374.2182  1.51%     - 2071s
     1     4 19374.2182    1 8534 19086.0000 19374.2182  1.51%   138 2078s
     3     8 19373.1850    2 8244 19086.0000 19374.2182  1.51%  1910 2138s
     7    16 19362.2108    3 9484 19086.0000 19373.1738  1.50%  4400 2448s
    15    24 19350.1095    4 9745 19086.0000 19362.1301  1.45% 10233 3102s
    23    27 19334.7891    4 9433 19086.0000 19362.1301  1.45% 18739 3600s

Cutting planes:
  Gomory: 1
  Lift-and-project: 10
  Cover: 762
  Implied bound: 1418
  MIR: 5892
  StrongCG: 599
  GUB cover: 2142
  Zero half: 57
  RLT: 7754
  Relax-and-lift: 10
  Lazy constraints: 20392

Explored 26 nodes (537800 simplex iterations) in 3600.11 seconds (6965.71 work units)
Thread count was 8 (of 8 available processors)

Solution count 4: 19086 19055 18910 18890 

Time limit reached
Best objective 1.908600000000e+04, best bound 1.936200000000e+04, gap 1.4461%
