
Gurobi 9.5.1 (linux64) logging started Thu Jun  9 14:12:15 2022

Set parameter LogFile to value "../results/logs/log_CA-CondMat_20_250_2022_06_09_13_11.log"
Gurobi Optimizer version 9.5.1 build v9.5.1rc2 (linux64)
Thread count: 8 physical cores, 8 logical processors, using up to 8 threads
Optimize a model with 3747 rows, 46266 columns and 155485 nonzeros
Model fingerprint: 0xd00cb5ec
Variable types: 0 continuous, 46266 integer (46266 binary)
Coefficient statistics:
  Matrix range     [1e+00, 2e+01]
  Objective range  [1e+00, 1e+00]
  Bounds range     [1e+00, 1e+00]
  RHS range        [1e+00, 2e+02]
Found heuristic solution: objective 51.0000000
Presolve removed 9 rows and 36226 columns
Presolve time: 0.15s
Presolved: 3738 rows, 10040 columns, 91748 nonzeros
Variable types: 0 continuous, 10040 integer (7954 binary)
Found heuristic solution: objective 64.0000000

Root relaxation: objective 1.073321e+03, 4046 iterations, 0.68 seconds (1.25 work units)

    Nodes    |    Current Node    |     Objective Bounds      |     Work
 Expl Unexpl |  Obj  Depth IntInf | Incumbent    BestBd   Gap | It/Node Time

     0     0 1073.32132    0 2054   64.00000 1073.32132  1577%     -    0s
H    0     0                     129.0000000 1073.32132   732%     -    3s
H    0     0                     160.0000000 1073.32132   571%     -    3s
H    0     0                     173.0000000 1073.32132   520%     -    3s
H    0     0                     180.0000000 1073.32132   496%     -    3s
H    0     0                     183.0000000 1073.32132   487%     -    3s
H    0     0                     185.0000000 1073.32132   480%     -    3s
H    0     0                     187.0000000 1073.32132   474%     -    3s
H    0     0                     189.0000000  897.68739   375%     -    6s
H    0     0                     196.0000000  897.68739   358%     -    6s
H    0     0                     197.0000000  897.68739   356%     -    6s
H    0     0                     204.0000000  897.68739   340%     -    6s
H    0     0                     207.0000000  897.68739   334%     -    6s
     0     0  897.68739    0 2108  207.00000  897.68739   334%     -    6s
H    0     0                     214.0000000  897.68739   319%     -    6s
H    0     0                     220.0000000  837.62267   281%     -    9s
H    0     0                     223.0000000  837.62267   276%     -    9s
     0     0  837.62267    0 2203  223.00000  837.62267   276%     -    9s
H    0     0                     231.0000000  777.39694   237%     -   13s
H    0     0                     248.0000000  777.39694   213%     -   13s
     0     0  777.39694    0 2242  248.00000  777.39694   213%     -   13s
     0     0  763.23784    0 2308  248.00000  763.23784   208%     -   16s
     0     0  761.21399    0 2341  248.00000  761.21399   207%     -   18s
     0     0  760.98215    0 2362  248.00000  760.98215   207%     -   18s
     0     0  760.93421    0 2388  248.00000  760.93421   207%     -   19s
     0     0  727.62610    0 2323  248.00000  727.62610   193%     -   25s
H    0     0                     249.0000000  727.62610   192%     -   25s
H    0     0                     260.0000000  713.40270   174%     -   32s
     0     0  713.40270    0 2465  260.00000  713.40270   174%     -   32s
H    0     0                     272.0000000  702.44595   158%     -   39s
     0     0  702.44595    0 2484  272.00000  702.44595   158%     -   39s
     0     0  694.64022    0 2517  272.00000  694.64022   155%     -   45s
H    0     0                     274.0000000  689.67450   152%     -   53s
H    0     0                     279.0000000  689.67450   147%     -   53s
H    0     0                     282.0000000  689.67450   145%     -   53s
H    0     0                     285.0000000  689.67450   142%     -   53s
     0     0  689.67450    0 2565  285.00000  689.67450   142%     -   53s
H    0     0                     288.0000000  687.99947   139%     -   59s
H    0     0                     291.0000000  687.99947   136%     -   59s
H    0     0                     292.0000000  687.99947   136%     -   59s
H    0     0                     293.0000000  687.99947   135%     -   59s
H    0     0                     305.0000000  687.99947   126%     -   59s
     0     0  687.99947    0 2597  305.00000  687.99947   126%     -   59s
H    0     0                     321.0000000  687.24066   114%     -   63s
     0     0  687.24066    0 2658  321.00000  687.24066   114%     -   63s
     0     0  686.99726    0 2699  321.00000  686.99726   114%     -   65s
     0     0  669.27647    0 2744  321.00000  669.27647   108%     -   82s
H    0     0                     323.0000000  662.40748   105%     -   93s
     0     0  662.40748    0 2853  323.00000  662.40748   105%     -   93s
H    0     0                     325.0000000  659.70723   103%     -  105s
H    0     0                     326.0000000  659.70723   102%     -  105s
     0     0  659.70723    0 2906  326.00000  659.70723   102%     -  105s
H    0     0                     328.0000000  658.18513   101%     -  114s
H    0     0                     329.0000000  658.18513   100%     -  114s
     0     0  658.18513    0 2976  329.00000  658.18513   100%     -  114s
     0     0  657.51958    0 3030  329.00000  657.51958   100%     -  121s
H    0     0                     330.0000000  657.29009  99.2%     -  125s
     0     0  657.29009    0 3077  330.00000  657.29009  99.2%     -  125s
H    0     0                     331.0000000  648.12817  95.8%     -  148s
H    0     0                     332.0000000  648.12817  95.2%     -  148s
     0     0  648.12817    0 3064  332.00000  648.12817  95.2%     -  148s
     0     0  643.37191    0 3038  332.00000  643.37191  93.8%     -  165s
     0     0  639.13827    0 3102  332.00000  639.13827  92.5%     -  180s
     0     0  636.17177    0 3117  332.00000  636.17177  91.6%     -  194s
     0     0  634.54506    0 3129  332.00000  634.54506  91.1%     -  206s
H    0     0                     335.0000000  633.35130  89.1%     -  218s
     0     0  633.35130    0 3186  335.00000  633.35130  89.1%     -  218s
     0     0  632.66373    0 3241  335.00000  632.66373  88.9%     -  228s
H    0     0                     336.0000000  632.32261  88.2%     -  236s
     0     0  632.32261    0 3285  336.00000  632.32261  88.2%     -  236s
H    0     0                     337.0000000  627.06409  86.1%     -  258s
     0     0  627.06409    0 3170  337.00000  627.06409  86.1%     -  258s
H    0     0                     342.0000000  627.06409  83.4%     -  258s
     0     0  623.89875    0 3276  342.00000  623.89875  82.4%     -  277s
H    0     0                     344.0000000  621.38969  80.6%     -  294s
H    0     0                     345.0000000  621.38969  80.1%     -  294s
     0     0  621.38969    0 3308  345.00000  621.38969  80.1%     -  294s
H    0     0                     346.0000000  619.49939  79.0%     -  312s
H    0     0                     348.0000000  619.49939  78.0%     -  312s
H    0     0                     351.0000000  619.49939  76.5%     -  312s
     0     0  619.49939    0 3335  351.00000  619.49939  76.5%     -  312s
     0     0  618.28731    0 3365  351.00000  618.28731  76.2%     -  327s
H    0     0                     353.0000000  617.35175  74.9%     -  341s
     0     0  617.35175    0 3379  353.00000  617.35175  74.9%     -  341s
H    0     0                     357.0000000  616.71989  72.8%     -  353s
     0     0  616.71989    0 3454  357.00000  616.71989  72.8%     -  353s
H    0     0                     359.0000000  613.17571  70.8%     -  378s
     0     0  613.17571    0 3402  359.00000  613.17571  70.8%     -  378s
H    0     0                     360.0000000  611.23376  69.8%     -  397s
     0     0  611.23376    0 3438  360.00000  611.23376  69.8%     -  397s
     0     0  609.66497    0 3431  360.00000  609.66497  69.4%     -  415s
     0     0  608.69290    0 3513  360.00000  608.69290  69.1%     -  430s
     0     0  607.86359    0 3552  360.00000  607.86359  68.9%     -  445s
     0     0  607.11187    0 3581  360.00000  607.11187  68.6%     -  460s
H    0     0                     362.0000000  604.57401  67.0%     -  485s
H    0     0                     364.0000000  604.57401  66.1%     -  485s
     0     0  604.57401    0 3517  364.00000  604.57401  66.1%     -  485s
H    0     0                     365.0000000  604.57401  65.6%     -  485s
H    0     0                     366.0000000  603.43686  64.9%     -  502s
     0     0  603.43686    0 3596  366.00000  603.43686  64.9%     -  502s
H    0     0                     368.0000000  602.08060  63.6%     -  520s
     0     0  602.08060    0 3607  368.00000  602.08060  63.6%     -  520s
H    0     0                     369.0000000  601.25983  62.9%     -  535s
     0     0  601.25983    0 3657  369.00000  601.25983  62.9%     -  535s
     0     0  600.55877    0 3643  369.00000  600.55877  62.8%     -  550s
H    0     0                     370.0000000  598.71711  61.8%     -  574s
     0     0  598.71711    0 3612  370.00000  598.71711  61.8%     -  574s
     0     0  598.71711    0 3606  370.00000  598.71711  61.8%     -  576s
     0     2  598.71670    0 3605  370.00000  598.71670  61.8%     -  606s
     3     8  597.65495    2 3669  370.00000  598.67322  61.8%  2891  625s
     7    16  595.28727    3 3866  370.00000  597.65493  61.5%  6402  814s
    15    24  592.74495    4 4024  370.00000  595.28720  60.9% 19436  925s
    23    32  592.57315    4 4003  370.00000  595.09041  60.8% 22446 1047s
H   31    40                     371.0000000  593.59131  60.0% 20734 1061s
    39    48  592.11912    5 3996  371.00000  593.59131  60.0% 17219 1089s
    47    58  592.19051    6 4044  371.00000  593.59131  60.0% 15160 1142s
    57    69  591.68278    7 4010  371.00000  593.59131  60.0% 13062 1164s
    68    80  591.66000    8 4010  371.00000  593.59131  60.0% 11391 1195s
H   77    80                     372.0000000  593.59131  59.6% 10422 1195s
    79    93  591.58522    9 4001  372.00000  593.59131  59.6% 10230 1274s
    92   106  591.24634   10 3990  372.00000  593.59131  59.6%  9528 1311s
   105   120  591.19259   11 4019  372.00000  593.59131  59.6%  8798 1346s
   119   135  590.43521   13 3997  372.00000  593.59131  59.6%  8133 1385s
   134   151  590.64199   13 4002  372.00000  593.59131  59.6%  7581 1410s
   150   162  590.60937   14 4006  372.00000  593.59131  59.6%  7002 1444s
