
Gurobi 9.5.1 (linux64) logging started Tue Jun 21 12:08:17 2022

Set parameter LogFile to value "../results/logs/log_facebook_combined_20_5_2022_06_21_12_08.log"
Gurobi Optimizer version 9.5.1 build v9.5.1rc2 (linux64)
Thread count: 8 physical cores, 8 logical processors, using up to 8 threads
Optimize a model with 975 rows, 8078 columns and 29930 nonzeros
Model fingerprint: 0x33ccbfca
Variable types: 0 continuous, 8078 integer (8078 binary)
Coefficient statistics:
  Matrix range     [1e+00, 2e+01]
  Objective range  [1e+00, 1e+00]
  Bounds range     [1e+00, 1e+00]
  RHS range        [1e+00, 5e+00]
Found heuristic solution: objective 1854.0000000
Presolve removed 65 rows and 6496 columns
Presolve time: 0.04s
Presolved: 910 rows, 1582 columns, 16579 nonzeros
Found heuristic solution: objective 1857.0000000
Variable types: 0 continuous, 1582 integer (1495 binary)

Root relaxation: objective 2.178658e+03, 811 iterations, 0.01 seconds (0.02 work units)

    Nodes    |    Current Node    |     Objective Bounds      |     Work
 Expl Unexpl |  Obj  Depth IntInf | Incumbent    BestBd   Gap | It/Node Time

     0     0 2178.65750    0  325 1857.00000 2178.65750  17.3%     -    0s
H    0     0                    1859.0000000 2178.65750  17.2%     -    0s
H    0     0                    1878.0000000 2178.65750  16.0%     -    0s
H    0     0                    1880.0000000 2019.15439  7.40%     -    0s
H    0     0                    1881.0000000 2019.15439  7.34%     -    0s
     0     0 2019.15439    0  244 1881.00000 2019.15439  7.34%     -    0s
H    0     0                    1886.0000000 2019.15439  7.06%     -    0s
     0     0 2003.60321    0  211 1886.00000 2003.60321  6.24%     -    0s
     0     0 2002.26082    0  215 1886.00000 2002.26082  6.16%     -    0s
     0     0 2001.97480    0  206 1886.00000 2001.97480  6.15%     -    0s
     0     0 2001.91384    0  212 1886.00000 2001.91384  6.15%     -    0s
     0     0 1959.86307    0  328 1886.00000 1959.86307  3.92%     -    0s
     0     0 1954.44860    0  234 1886.00000 1954.44860  3.63%     -    0s
     0     0 1952.40597    0  290 1886.00000 1952.40597  3.52%     -    0s
     0     0 1951.90160    0  334 1886.00000 1951.90160  3.49%     -    0s
     0     0 1951.80688    0  336 1886.00000 1951.80688  3.49%     -    0s
     0     0 1936.52708    0  323 1886.00000 1936.52708  2.68%     -    0s
H    0     0                    1887.0000000 1936.52708  2.62%     -    0s
     0     0 1934.40388    0  342 1887.00000 1934.40388  2.51%     -    0s
     0     0 1933.95070    0  336 1887.00000 1933.95070  2.49%     -    0s
     0     0 1933.77267    0  350 1887.00000 1933.77267  2.48%     -    0s
H    0     0                    1889.0000000 1933.77267  2.37%     -    0s
     0     0 1929.72979    0  265 1889.00000 1929.72979  2.16%     -    0s
     0     0 1927.94041    0  391 1889.00000 1927.94041  2.06%     -    0s
     0     0 1927.13541    0  417 1889.00000 1927.13541  2.02%     -    0s
     0     0 1926.95619    0  394 1889.00000 1926.95619  2.01%     -    0s
     0     0 1925.92034    0  401 1889.00000 1925.92034  1.95%     -    0s
H    0     0                    1893.0000000 1925.92034  1.74%     -    1s
     0     0 1925.00117    0  414 1893.00000 1925.00117  1.69%     -    1s
     0     0 1924.74948    0  398 1893.00000 1924.74948  1.68%     -    1s
     0     0 1924.02115    0  305 1893.00000 1924.02115  1.64%     -    1s
     0     0 1923.78898    0  422 1893.00000 1923.78898  1.63%     -    1s
     0     0 1923.38734    0  292 1893.00000 1923.38734  1.61%     -    1s
     0     0 1923.38734    0  292 1893.00000 1923.38734  1.61%     -    1s
H    0     0                    1902.0000000 1923.34197  1.12%     -    1s
     0     2 1923.34197    0  292 1902.00000 1923.34197  1.12%     -    1s
H 1230   736                    1903.0000000 1915.98633  0.68%  39.0    2s
  3001  1344 1907.98651   36  251 1903.00000 1911.54843  0.45%  46.7    5s

Cutting planes:
  Gomory: 48
  Lift-and-project: 4
  Cover: 7
  MIR: 67
  StrongCG: 1
  Flow cover: 223
  GUB cover: 106
  Zero half: 7
  RLT: 97
  Relax-and-lift: 4

Explored 3514 nodes (164165 simplex iterations) in 7.30 seconds (13.53 work units)
Thread count was 8 (of 8 available processors)

Solution count 10: 1903 1902 1893 ... 1859

Optimal solution found (tolerance 0.00e+00)
Best objective 1.903000000000e+03, best bound 1.903000000000e+03, gap 0.0000%

Gurobi 9.5.1 (linux64) logging started Wed Jun 22 00:21:42 2022

Set parameter LogFile to value "../results/logs/log_facebook_combined_20_5_2022_06_21_12_08.log"
Gurobi Optimizer version 9.5.1 build v9.5.1rc2 (linux64)
Thread count: 8 physical cores, 8 logical processors, using up to 8 threads
Optimize a model with 663 rows, 8078 columns and 21900 nonzeros
Model fingerprint: 0x4b3981e5
Variable types: 0 continuous, 8078 integer (8078 binary)
Coefficient statistics:
  Matrix range     [1e+00, 2e+01]
  Objective range  [1e+00, 1e+00]
  Bounds range     [1e+00, 1e+00]
  RHS range        [1e+00, 5e+00]
Found heuristic solution: objective 1854.0000000
Presolve removed 19 rows and 6848 columns
Presolve time: 0.02s
Presolved: 644 rows, 1230 columns, 11289 nonzeros
Found heuristic solution: objective 1858.0000000
Variable types: 0 continuous, 1230 integer (1138 binary)

Root relaxation: objective 2.106283e+03, 516 iterations, 0.01 seconds (0.01 work units)

    Nodes    |    Current Node    |     Objective Bounds      |     Work
 Expl Unexpl |  Obj  Depth IntInf | Incumbent    BestBd   Gap | It/Node Time

     0     0 2106.28329    0  208 1858.00000 2106.28329  13.4%     -    0s
H    0     0                    1873.0000000 2106.28329  12.5%     -    0s
H    0     0                    1880.0000003 1976.80994  5.15%     -    0s
     0     0 1976.80994    0  186 1880.00000 1976.80994  5.15%     -    0s
H    0     0                    1881.0000000 1976.80994  5.09%     -    0s
     0     0 1973.21324    0  183 1881.00000 1973.21324  4.90%     -    0s
     0     0 1972.33780    0  206 1881.00000 1972.33780  4.86%     -    0s
     0     0 1972.09209    0  186 1881.00000 1972.09209  4.84%     -    0s
     0     0 1972.08285    0  187 1881.00000 1972.08285  4.84%     -    0s
     0     0 1938.56803    0  239 1881.00000 1938.56803  3.06%     -    0s
     0     0 1935.42810    0  268 1881.00000 1935.42810  2.89%     -    0s
     0     0 1933.90637    0  212 1881.00000 1933.90637  2.81%     -    0s
     0     0 1933.42814    0  261 1881.00000 1933.42814  2.79%     -    0s
     0     0 1932.75694    0  266 1881.00000 1932.75694  2.75%     -    0s
     0     0 1932.53697    0  268 1881.00000 1932.53697  2.74%     -    0s
     0     0 1932.50768    0  255 1881.00000 1932.50768  2.74%     -    0s
     0     0 1926.93972    0  209 1881.00000 1926.93972  2.44%     -    0s
H    0     0                    1899.0000000 1926.93972  1.47%     -    0s
     0     0 1925.39084    0  289 1899.00000 1925.39084  1.39%     -    0s
     0     0 1924.42453    0  224 1899.00000 1924.42453  1.34%     -    0s
     0     0 1924.21376    0  243 1899.00000 1924.21376  1.33%     -    0s
     0     0 1922.25840    0  304 1899.00000 1922.25840  1.22%     -    0s
     0     0 1921.72354    0  227 1899.00000 1921.72354  1.20%     -    0s
     0     0 1921.52834    0  311 1899.00000 1921.52834  1.19%     -    0s
     0     0 1920.93365    0  225 1899.00000 1920.93365  1.16%     -    0s
     0     0 1920.75292    0  240 1899.00000 1920.75292  1.15%     -    0s
     0     0 1920.34378    0  266 1899.00000 1920.34378  1.12%     -    0s
     0     0 1920.34378    0  266 1899.00000 1920.34378  1.12%     -    0s
     0     2 1920.27907    0  266 1899.00000 1920.27907  1.12%     -    0s
H   34    33                    1900.0000000 1918.33661  0.97%  28.1    0s
*   99    68              12    1903.0000084 1918.33661  0.81%  28.1    0s

Cutting planes:
  Gomory: 51
  Cover: 99
  Implied bound: 1
  MIR: 222
  StrongCG: 12
  GUB cover: 138
  Inf proof: 2
  Zero half: 7
  RLT: 251
  Relax-and-lift: 1
  BQP: 3

Explored 2576 nodes (76303 simplex iterations) in 2.02 seconds (3.92 work units)
Thread count was 8 (of 8 available processors)

Solution count 8: 1903 1900 1899 ... 1854
No other solutions better than 1903

Optimal solution found (tolerance 0.00e+00)
Best objective 1.903000009348e+03, best bound 1.903000009348e+03, gap 0.0000%
