
Gurobi 9.5.0 (win64) logging started Mon Jul  4 12:20:50 2022

Set parameter LogFile to value "../results/logs/log_web-hudong.e_5_250_2022_07_04_11_15.log"
Gurobi Optimizer version 9.5.0 build v9.5.0rc5 (win64)
Thread count: 6 physical cores, 12 logical processors, using up to 12 threads
Optimize a model with 122780 rows, 3949310 columns and 1630172 nonzeros
Model fingerprint: 0xe6754d59
Coefficient statistics:
  Matrix range     [1e+00, 5e+00]
  Objective range  [1e+00, 1e+00]
  Bounds range     [1e+00, 1e+00]
  RHS range        [1e+00, 3e+02]

Concurrent LP optimizer: primal simplex, dual simplex, and barrier
Showing barrier log only...

Presolve removed 27896 rows and 3855015 columns (presolve time = 5s) ...
Presolve removed 27896 rows and 3855117 columns
Presolve time: 6.70s
Presolved: 94884 rows, 94193 columns, 291228 nonzeros

Ordering time: 0.00s

Barrier statistics:
 AA' NZ     : 8.088e+04
 Factor NZ  : 1.503e+05 (roughly 16 MB of memory)
 Factor Ops : 1.528e+06 (less than 1 second per iteration)
 Threads    : 4

                  Objective                Residual
Iter       Primal          Dual         Primal    Dual     Compl     Time
   0   3.75983030e+06  1.35673437e+06  6.01e+04 7.53e+01  7.36e+03     7s
   1   2.53239001e+06  1.37744446e+06  2.88e+04 8.94e+00  3.39e+03     7s
   2   1.13378066e+06  1.38133294e+06  1.29e+03 1.99e-13  1.60e+02     7s
   3   1.06951276e+06  1.29654840e+06  1.31e+02 1.85e-13  1.93e+01     7s
   4   1.06345260e+06  1.17990312e+06  2.27e+01 3.55e-13  4.25e+00     7s
   5   1.06256726e+06  1.10214590e+06  5.72e+00 2.70e-13  1.11e+00     7s
   6   1.06246402e+06  1.07576194e+06  1.60e+00 4.62e-13  3.24e-01     7s
   7   1.06293449e+06  1.07013078e+06  4.28e-01 3.15e-13  1.47e-01     7s
   8   1.06350365e+06  1.06693015e+06  9.90e-02 2.17e-13  6.36e-02     7s
   9   1.06378332e+06  1.06592554e+06  3.49e-02 1.32e-13  3.87e-02     7s
  10   1.06382297e+06  1.06548861e+06  3.09e-02 1.17e-13  3.02e-02     7s
  11   1.06388455e+06  1.06507566e+06  2.46e-02 7.64e-14  2.16e-02     7s
  12   1.06398822e+06  1.06477648e+06  1.45e-02 5.68e-14  1.42e-02     7s
  13   1.06406416e+06  1.06466212e+06  1.01e-02 7.24e-14  1.08e-02     7s
  14   1.06410937e+06  1.06441714e+06  8.06e-03 7.49e-14  5.59e-03     7s
  15   1.06423359e+06  1.06435819e+06  2.28e-03 1.13e-13  2.25e-03     7s
  16   1.06427132e+06  1.06433232e+06  6.93e-04 7.59e-14  1.09e-03     7s
  17   1.06428626e+06  1.06430936e+06  1.22e-04 1.14e-13  4.11e-04     7s
  18   1.06428969e+06  1.06429212e+06  1.16e-07 1.14e-13  4.29e-05     7s
  19   1.06429007e+06  1.06429020e+06  1.21e-09 1.43e-13  2.38e-06     7s
  20   1.06429007e+06  1.06429008e+06  1.67e-14 1.30e-13  2.57e-09     7s
  21   1.06429007e+06  1.06429007e+06  3.34e-12 8.78e-14  9.64e-14     7s

Barrier solved model in 21 iterations and 7.44 seconds (1.66 work units)
Optimal objective 1.06429007e+06

Crossover log...

    5800 DPushes remaining with DInf 0.0000000e+00                 7s
       0 DPushes remaining with DInf 0.0000000e+00                 7s

      40 PPushes remaining with PInf 0.0000000e+00                 7s
       0 PPushes remaining with PInf 0.0000000e+00                 8s

  Push phase complete: Pinf 0.0000000e+00, Dinf 7.7005069e-13      8s

Iteration    Objective       Primal Inf.    Dual Inf.      Time
    3925    1.0642901e+06   0.000000e+00   0.000000e+00      8s

Use crossover to convert LP symmetric solution to basic solution...
Crossover log...

       0 DPushes remaining with DInf 0.0000000e+00                 8s

      72 PPushes remaining with PInf 0.0000000e+00                 8s
       0 PPushes remaining with PInf 0.0000000e+00                 8s

  Push phase complete: Pinf 0.0000000e+00, Dinf 7.4672907e-14      8s

Iteration    Objective       Primal Inf.    Dual Inf.      Time
    8743    1.0642901e+06   0.000000e+00   0.000000e+00      9s

Solved with primal simplex
Solved in 13482 iterations and 9.19 seconds (1.92 work units)
Optimal objective  1.064290075e+06
