
Gurobi 9.5.1 (linux64) logging started Tue Apr 19 00:56:44 2022

Set parameter LogFile to value "../results/logs/log_socfb-Northeastern19_33_250_2022_04_18_23_56.log"
Gurobi Optimizer version 9.5.1 build v9.5.1rc2 (linux64)
Thread count: 8 physical cores, 8 logical processors, using up to 8 threads
Optimize a model with 2493 rows, 27764 columns and 107718 nonzeros
Model fingerprint: 0xc60048f1
Variable types: 0 continuous, 27764 integer (27764 binary)
Coefficient statistics:
  Matrix range     [1e+00, 3e+01]
  Objective range  [1e+00, 1e+00]
  Bounds range     [1e+00, 1e+00]
  RHS range        [1e+00, 2e+02]
Found heuristic solution: objective 7008.0000000
Presolve removed 50 rows and 22259 columns
Presolve time: 0.06s
Presolved: 2443 rows, 5505 columns, 28996 nonzeros
Variable types: 0 continuous, 5505 integer (5094 binary)
Found heuristic solution: objective 7199.0000000

Root relaxation: objective 7.946686e+03, 3263 iterations, 0.13 seconds (0.17 work units)

    Nodes    |    Current Node    |     Objective Bounds      |     Work
 Expl Unexpl |  Obj  Depth IntInf | Incumbent    BestBd   Gap | It/Node Time

     0     0 7946.68645    0  916 7199.00000 7946.68645  10.4%     -    0s
H    0     0                    7205.0000000 7946.68645  10.3%     -    0s
H    0     0                    7212.0000000 7946.68645  10.2%     -    0s
H    0     0                    7400.0000000 7946.68645  7.39%     -    1s
H    0     0                    7463.0000000 7946.68645  6.48%     -    1s
H    0     0                    7479.0000000 7946.68645  6.25%     -    1s
H    0     0                    7483.0000000 7946.68645  6.20%     -    1s
H    0     0                    7487.0000000 7946.68645  6.14%     -    1s
H    0     0                    7488.0000000 7946.68645  6.13%     -    1s
H    0     0                    7497.0000000 7946.68645  6.00%     -    1s
H    0     0                    7498.0000000 7946.68645  5.98%     -    1s
H    0     0                    7502.0000000 7946.68645  5.93%     -    1s
H    0     0                    7504.0000000 7946.68645  5.90%     -    1s
H    0     0                    7507.0000000 7946.68645  5.86%     -    1s
H    0     0                    7509.0000000 7946.68645  5.83%     -    1s
H    0     0                    7512.0000000 7801.12370  3.85%     -    2s
H    0     0                    7523.0000000 7801.12370  3.70%     -    2s
     0     0 7773.17143    0 1312 7523.00000 7773.17143  3.33%     -    2s
H    0     0                    7528.0000000 7773.17143  3.26%     -    2s
H    0     0                    7529.0000000 7763.35312  3.11%     -    3s
H    0     0                    7532.0000000 7763.35312  3.07%     -    3s
H    0     0                    7537.0000000 7763.35312  3.00%     -    3s
H    0     0                    7538.0000000 7763.35312  2.99%     -    3s
     0     0 7763.35312    0 1364 7538.00000 7763.35312  2.99%     -    3s
H    0     0                    7539.0000000 7760.95140  2.94%     -    3s
H    0     0                    7540.0000000 7760.95140  2.93%     -    3s
H    0     0                    7541.0000000 7760.95140  2.92%     -    3s
H    0     0                    7542.0000000 7760.95140  2.90%     -    3s
H    0     0                    7543.0000000 7760.95140  2.89%     -    3s
     0     0 7760.95140    0 1364 7543.00000 7760.95140  2.89%     -    3s
     0     0 7760.43530    0 1385 7543.00000 7760.43530  2.88%     -    4s
     0     0 7760.34310    0 1388 7543.00000 7760.34310  2.88%     -    4s
H    0     0                    7546.0000000 7710.86275  2.18%     -    6s
H    0     0                    7547.0000000 7710.86275  2.17%     -    6s
H    0     0                    7548.0000000 7710.86275  2.16%     -    6s
H    0     0                    7549.0000000 7710.86275  2.14%     -    6s
     0     0 7710.86275    0 1523 7549.00000 7710.86275  2.14%     -    6s
H    0     0                    7551.0000000 7694.96509  1.91%     -    8s
H    0     0                    7552.0000000 7694.96509  1.89%     -    8s
H    0     0                    7553.0000000 7694.96509  1.88%     -    8s
H    0     0                    7555.0000000 7694.96509  1.85%     -    8s
     0     0 7694.96509    0 1603 7555.00000 7694.96509  1.85%     -    8s
H    0     0                    7556.0000000 7691.04879  1.79%     -    9s
     0     0 7691.04879    0 1615 7556.00000 7691.04879  1.79%     -    9s
H    0     0                    7557.0000000 7689.90998  1.76%     -   10s
     0     0 7689.90998    0 1646 7557.00000 7689.90998  1.76%     -   10s
     0     0 7689.53966    0 1683 7557.00000 7689.53966  1.75%     -   11s
     0     0 7689.36302    0 1714 7557.00000 7689.36302  1.75%     -   11s
H    0     0                    7558.0000000 7676.71639  1.57%     -   14s
     0     0 7676.71639    0 1798 7558.00000 7676.71639  1.57%     -   14s
H    0     0                    7562.0000000 7676.71639  1.52%     -   15s
     0     0 7672.50348    0 1868 7562.00000 7672.50348  1.46%     -   17s
     0     0 7670.88303    0 1922 7562.00000 7670.88303  1.44%     -   18s
     0     0 7670.28204    0 1949 7562.00000 7670.28204  1.43%     -   19s
     0     0 7670.06182    0 1990 7562.00000 7670.06182  1.43%     -   20s
     0     0 7663.54479    0 1892 7562.00000 7663.54479  1.34%     -   23s
     0     0 7660.57337    0 1989 7562.00000 7660.57337  1.30%     -   26s
     0     0 7659.55773    0 2050 7562.00000 7659.55773  1.29%     -   27s
     0     0 7659.10628    0 2046 7562.00000 7659.10628  1.28%     -   28s
H    0     0                    7564.0000000 7655.71189  1.21%     -   33s
H    0     0                    7566.0000000 7655.71189  1.19%     -   33s
     0     0 7655.71189    0 2030 7566.00000 7655.71189  1.19%     -   33s
H    0     0                    7567.0000000 7655.71189  1.17%     -   33s
     0     0 7654.46940    0 2071 7567.00000 7654.46940  1.16%     -   35s
     0     0 7653.90130    0 2107 7567.00000 7653.90130  1.15%     -   36s
     0     0 7653.60555    0 2137 7567.00000 7653.60555  1.14%     -   37s
     0     0 7651.48687    0 2147 7567.00000 7651.48687  1.12%     -   42s
     0     0 7651.48687    0 2137 7567.00000 7651.48687  1.12%     -   42s
H    0     0                    7573.0000000 7651.48507  1.04%     -   45s
     0     2 7651.48507    0 2137 7573.00000 7651.48507  1.04%     -   46s
     7    16 7649.58794    3 2277 7573.00000 7650.51376  1.02%  2805   52s
    15    24 7648.86790    4 2348 7573.00000 7649.58773  1.01%  3901   55s
    31    40 7648.44718    5 2317 7573.00000 7648.86744  1.00%  4420   61s
H   33    40                    7574.0000000 7648.86744  0.99%  4173   61s
    47    58 7647.81056    7 2291 7574.00000 7648.86744  0.99%  3477   68s
    57    68 7646.87210    7 2285 7574.00000 7648.86744  0.99%  3272   70s
    77    88 7647.58897    8 2291 7574.00000 7648.86744  0.99%  2927   75s
   104   114 7646.26472   10 2258 7574.00000 7648.86744  0.99%  2802   81s
   124   136 7645.94411   12 2310 7574.00000 7648.86744  0.99%  2671   87s
   145   158 7644.88354   14 2205 7574.00000 7648.86744  0.99%  2611   91s
   173   193 7645.27637   15 2242 7574.00000 7648.86744  0.99%  2447   96s
H  192   213                    7575.0000000 7648.86744  0.98%  2325  101s
   235   252 7644.15590   23 2197 7575.00000 7648.86744  0.98%  2180  106s
H  247   252                    7576.0000000 7648.86744  0.96%  2166  106s
   251   270 7643.72873   24 2170 7576.00000 7648.86744  0.96%  2168  110s
   292   322 7643.05170   26 2164 7576.00000 7648.86744  0.96%  2095  115s
H  302   322                    7577.0000000 7648.86744  0.95%  2049  115s
H  376   397                    7578.0000000 7648.86744  0.94%  1789  119s
   396   433 7642.43968   32 2175 7578.00000 7648.86744  0.94%  1724  121s
H  432   467                    7579.0000000 7648.86744  0.92%  1642  124s
   466   493 7640.79380   34 2140 7579.00000 7648.86744  0.92%  1583  129s
   492   534 7640.73254   35 2108 7579.00000 7648.86744  0.92%  1556  132s
   533   578 7641.30495   37 2107 7579.00000 7648.86744  0.92%  1492  135s
   626   681 7640.05231   42 2085 7579.00000 7648.86744  0.92%  1374  141s
   742   812 7640.04937   47 2073 7579.00000 7648.86744  0.92%  1250  147s
   811   881 7639.54758   53 2024 7579.00000 7648.86744  0.92%  1187  150s
   957  1041 7638.68082   65 1970 7579.00000 7648.86744  0.92%  1078  156s
  1110  1195 7637.69220   73 1923 7579.00000 7648.86744  0.92%   996  162s
  1194  1287 7637.32784   76 1885 7579.00000 7648.86744  0.92%   959  167s
  1294  1335 7636.58648   85 1885 7579.00000 7648.86744  0.92%   921  172s
  1342  1407 7636.17702   87 1913 7579.00000 7648.86744  0.92%   924  176s
  1414  1496 7635.80144   97 1881 7579.00000 7648.86744  0.92%   911  180s
  1596  1679 7634.53733  110 1804 7579.00000 7648.86744  0.92%   871  188s
  1686  1793 7634.33745  116 1753 7579.00000 7648.86744  0.92%   857  192s
  1800  1915 7633.61538  123 1765 7579.00000 7648.86744  0.92%   832  196s
  1922  2037 7632.71164  133 1685 7579.00000 7648.86744  0.92%   809  200s
  2056  2146 7631.80490  142 1684 7579.00000 7648.86744  0.92%   785  206s
  2165  2276 7631.39143  148 1672 7579.00000 7648.86744  0.92%   773  210s
  2295  2427 7630.41386  156 1644 7579.00000 7648.86744  0.92%   755  215s
  2446  2530 7629.95482  165 1593 7579.00000 7648.86744  0.92%   732  220s
  2555  2600 7629.10022  175 1599 7579.00000 7648.86744  0.92%   727  225s
  2625  2707 7628.40934  184 1564 7579.00000 7648.86744  0.92%   733  230s
  2732  2846 7627.53233  195 1488 7579.00000 7648.86744  0.92%   731  236s
  2871  2953 7626.97967  210 1486 7579.00000 7648.86744  0.92%   721  241s
  2978  3052 7625.86877  225 1339 7579.00000 7648.86744  0.92%   722  249s
  3077  3227 7624.79165  234 1334 7579.00000 7648.86744  0.92%   720  255s
  3252  3425 7623.18078  255 1294 7579.00000 7648.86744  0.92%   708  261s
  3450  3693 7621.93075  282 1219 7579.00000 7648.86744  0.92%   694  268s
  3718  4000 7620.55673  316 1187 7579.00000 7648.86744  0.92%   670  274s
  4025  4376 7617.99361  361 1077 7579.00000 7648.86744  0.92%   645  281s
H 4270  4376                    7580.0000000 7648.86744  0.91%   619  281s
  4403  4807 7613.16374  418  849 7580.00000 7648.86744  0.91%   615  292s
H 4835  4778                    7581.0000000 7648.86744  0.90%   581  292s
  4836  5289 7610.23304  502  758 7581.00000 7648.86744  0.90%   581  299s
H 5203  5274                    7582.0000000 7648.86744  0.88%   548  299s
  5347  5916 7600.55840  588  624 7582.00000 7648.86744  0.88%   546  305s
  5991  6409 7594.23089  698  508 7582.00000 7648.44717  0.88%   505  316s
  6516  6763 7646.74036    8 2345 7582.00000 7648.07519  0.87%   481  323s
  6888  6787 7644.98473   13 2285 7582.00000 7648.07519  0.87%   471  339s
H 6890  6571                    7586.0000000 7648.07519  0.82%   471  339s
  6912  7095 7644.14123   16 2300 7586.00000 7648.07519  0.82%   472  346s
  7441  7096 7608.27083  483 2137 7586.00000 7648.07519  0.82%   454  361s
  7444  7098 7607.35236  313 1299 7586.00000 7648.07519  0.82%   453  366s
  7446  7099 7597.29493  361 1755 7586.00000 7648.07519  0.82%   453  371s
  7448  7101 7632.93886   39 1964 7586.00000 7648.07519  0.82%   453  376s
  7451  7103 7592.00895  654 2208 7586.00000 7648.07519  0.82%   453  380s
  7457  7107 7618.25134  336 2353 7586.00000 7648.07519  0.82%   453  386s
  7458  7107 7599.72287  633 2004 7586.00000 7645.06848  0.78%   453  391s
  7460  7109 7632.65288   79 2169 7586.00000 7642.50033  0.74%   452  396s
  7465  7112 7611.56053  432 2257 7586.00000 7641.55281  0.73%   452  400s
  7469  7115 7592.94772  633 2024 7586.00000 7639.27745  0.70%   452  406s
  7471  7116 7628.05559   66 2165 7586.00000 7637.75234  0.68%   452  410s
  7478  7121 7623.37197  233 2365 7586.00000 7637.05536  0.67%   451  416s
  7479  7121 7627.63168  179 2131 7586.00000 7635.99593  0.66%   451  420s
  7483  7124 7598.71127  447 2324 7586.00000 7634.79506  0.64%   451  425s
  7488  7127 7605.27533  271 2263 7586.00000 7633.92819  0.63%   451  432s
  7490  7129 7619.39496  156 2340 7586.00000 7633.45542  0.63%   451  435s
  7496  7133 7613.34152  417 2264 7586.00000 7632.68989  0.62%   450  443s
  7498  7134 7632.31503   76 2378 7586.00000 7632.31503  0.61%   450  445s
  7505  7139 7631.65953   12 2245 7586.00000 7631.65953  0.60%   450  452s
  7508  7141 7613.59770  407 2392 7586.00000 7631.32104  0.60%   450  455s
  7513  7144 7610.61855  495 2297 7586.00000 7630.82475  0.59%   449  462s
  7516  7146 7593.63825  371 2352 7586.00000 7630.48867  0.59%   449  465s
  7520  7149 7618.91056  170 2384 7586.00000 7630.22504  0.58%   449  470s
  7526  7153 7629.91664   11 2460 7586.00000 7629.91664  0.58%   449  475s
  7529  7155 7618.19331  253 2374 7586.00000 7629.33359  0.57%   448  480s
  7533  7157 7628.97321   96 2402 7586.00000 7628.97321  0.57%   448  486s
  7537  7160 7628.70853  165 2415 7586.00000 7628.70853  0.56%   448  490s
  7540  7162 7619.26664  152 2276 7586.00000 7628.46492  0.56%   448  496s
  7545  7165 7596.77138  674 2482 7586.00000 7628.23686  0.56%   447  501s
  7548  7167 7627.91264   39 2476 7586.00000 7627.91264  0.55%   447  505s
  7553  7171 7627.68422   48 2443 7586.00000 7627.68422  0.55%   447  512s
  7557  7173 7618.25134  336 2547 7586.00000 7627.53496  0.55%   447  515s
  7560  7175 7627.29103   79 2438 7586.00000 7627.29103  0.54%   446  520s
  7565  7179 7611.56053  432 2415 7586.00000 7627.11813  0.54%   446  526s
  7569  7181 7592.94772  633 2538 7586.00000 7626.97632  0.54%   446  530s
  7573  7184 7612.28993  310 2497 7586.00000 7626.78895  0.54%   446  536s
  7575  7185 7611.77746  256 2445 7586.00000 7626.61613  0.54%   446  540s
  7578  7187 7623.37197  233 2389 7586.00000 7626.45726  0.53%   445  545s
  7582  7190 7626.28868   89 2401 7586.00000 7626.28868  0.53%   445  550s
  7587  7193 7626.04126   10 2458 7586.00000 7626.04126  0.53%   445  555s
  7591  7196 7619.96458  175 2383 7586.00000 7625.91273  0.53%   445  561s
  7595  7199 7614.46862  291 2472 7586.00000 7625.75969  0.52%   444  566s
  7599  7201 7598.33054  342 2426 7586.00000 7625.65583  0.52%   444  570s
  7605  7207 7625.65583   12 1216 7586.00000 7625.65583  0.52%   481  575s
  7607  7208 7592.36502  634 1529 7586.00000 7625.65583  0.52%   481  580s
  7609  7210 7594.43334  362 1832 7586.00000 7625.65583  0.52%   481  586s
  7611  7211 7625.65583   91 2037 7586.00000 7625.65583  0.52%   481  590s
  7615  7214 7625.65583   87 2265 7586.00000 7625.65583  0.52%   481  595s
  7620  7217 7618.91056  170 2394 7586.00000 7625.53536  0.52%   480  600s
  7624  7220 7622.09089  139 2515 7586.00000 7625.39785  0.52%   480  605s
  7626  7221 7625.33903   11 2457 7586.00000 7625.33903  0.52%   480  610s
  7629  7223 7618.19331  253 2463 7586.00000 7625.25735  0.52%   480  615s
  7631  7224 7625.25699   10 2455 7586.00000 7625.25699  0.52%   480  620s
  7632  7228 7625.24780   29 2379 7586.00000 7625.25105  0.52%   489  629s
  7634  7231 7625.23883   30 2440 7586.00000 7625.23883  0.52%   489  638s
  7638  7238 7624.80377   31 2343 7586.00000 7625.23534  0.52%   491  648s
  7646  7243 7623.91855   32 2341 7586.00000 7624.80160  0.51%   497  655s
  7662  7254 7623.90241   33 2314 7586.00000 7623.91835  0.50%   511  660s
  7678  7268 7623.88112   34 2350 7586.00000 7623.88112  0.50%   514  667s
  7689  7273 7623.80543   35 2291 7586.00000 7623.88079  0.50%   516  670s
  7712  7295 7623.73390   36 2312 7586.00000 7623.73390  0.50%   520  678s
  7728  7304 7623.59395   37 2243 7586.00000 7623.73383  0.50%   522  682s
  7742  7312 7623.37805   38 2279 7586.00000 7623.73383  0.50%   525  685s
  7771  7335 7623.30810   39 2287 7586.00000 7623.73383  0.50%   530  693s
  7787  7346 7623.29762   40 2246 7586.00000 7623.73383  0.50%   532  697s
  7804  7360 7623.28040   41 2253 7586.00000 7623.73383  0.50%   534  700s
  7823  7375 7623.27985   42 2236 7586.00000 7623.73383  0.50%   536  705s
  7869  7407 7623.17513   44 2195 7586.00000 7623.73383  0.50%   541  710s
  7917  7442 7622.86304   46 2247 7586.00000 7623.73383  0.50%   544  716s
  7943  7474 7621.94733   47 2169 7586.00000 7623.73383  0.50%   546  721s
  7984  7490 7622.87438   49 2161 7586.00000 7623.73383  0.50%   548  725s
  8013  7509 7622.77894   50 2155 7586.00000 7623.73383  0.50%   551  732s
  8042  7539 7622.80356   52 2169 7586.00000 7623.73383  0.50%   554  738s
  8082  7568 7622.72132   53 2136 7586.00000 7623.73383  0.50%   558  743s
  8124  7592 7622.47396   56 2129 7586.00000 7623.73383  0.50%   561  748s
  8162  7622 7622.25709   58 2084 7586.00000 7623.73383  0.50%   565  753s
  8205  7671 7622.31669   60 2061 7586.00000 7623.73383  0.50%   568  758s
  8268  7702 7621.96640   62 2066 7586.00000 7623.73383  0.50%   570  764s
  8320  7740 7622.04544   65 2010 7586.00000 7623.73383  0.50%   573  769s
  8375  7785 7621.95225   67 1992 7586.00000 7623.73383  0.50%   576  774s
  8439  7824 7621.70644   70 2066 7586.00000 7623.73383  0.50%   579  779s
  8499  7851 7615.70092   72 1970 7586.00000 7623.73383  0.50%   582  791s
  8570  7846 7620.54054   74 2022 7586.00000 7623.73383  0.50%   585  803s
  8595  7855 7619.22249   75 2017 7586.00000 7623.73383  0.50%   592  811s
  8612  7882 7620.27865   77 1970 7586.00000 7623.73383  0.50%   599  818s
  8645  7879 7620.14939   81 1981 7586.00000 7623.73383  0.50%   605  843s
H 8647  7514                    7587.0000000 7623.73383  0.48%   605  843s
  8653  7554 7619.76340   81 1957 7587.00000 7623.73383  0.48%   607  851s
  8695  7585 7619.82466   85 1973 7587.00000 7623.73383  0.48%   612  859s
  8740  7637 7619.77720   87 1934 7587.00000 7623.73383  0.48%   618  866s
  8807  7680 7619.61091   92 1959 7587.00000 7623.73383  0.48%   623  881s
  8888  7701 7618.93191   96 1887 7587.00000 7623.73383  0.48%   628  889s
  8936  7761 7618.84140  100 1921 7587.00000 7623.73383  0.48%   633  897s
  9012  7790 7618.48722  105 1917 7587.00000 7623.73383  0.48%   638  907s
  9066  7839 7617.38300  108 1852 7587.00000 7623.73383  0.48%   642  915s
  9133  7892 7617.41870  112 1873 7587.00000 7623.73383  0.48%   648  923s
  9208  7950 7616.49159  116 1851 7587.00000 7623.73383  0.48%   653  932s
  9291  7996 7615.86943  121 1847 7587.00000 7623.73383  0.48%   659  948s
  9377  8014 7615.73467  127 1823 7587.00000 7623.73383  0.48%   665  958s
  9424  8071 7615.22297  132 1811 7587.00000 7623.73383  0.48%   673  967s
  9496  8128 7614.83824  138 1815 7587.00000 7623.73383  0.48%   680  977s
  9579  8190 7614.33587  145 1798 7587.00000 7623.73383  0.48%   686  988s
  9669  8267 7613.95486  152 1747 7587.00000 7623.73383  0.48%   693  999s
  9776  8369 7613.56399  161 1739 7587.00000 7623.73383  0.48%   699 1009s
  9914  8471 7612.91989  168 1684 7587.00000 7623.73383  0.48%   703 1020s
 10062  8574 7611.60811  178 1658 7587.00000 7623.73383  0.48%   708 1031s
 10214  8698 7610.13045  185 1639 7587.00000 7623.73383  0.48%   712 1043s
 10389  8769 7609.98532  194 1658 7587.00000 7623.73383  0.48%   716 1055s
 10539  8846 7608.77258  208 1636 7587.00000 7623.73383  0.48%   721 1067s
 10667  8966 7607.27027  215 1628 7587.00000 7623.73383  0.48%   728 1080s
 10832  9087 7605.63639  227 1580 7587.00000 7623.73383  0.48%   733 1094s
 11010  9211 7604.65573  242 1548 7587.00000 7623.73383  0.48%   738 1118s
 11224  9289 7603.40494  256 1561 7587.00000 7623.73383  0.48%   741 1134s
 11373  9442 7600.87090  273 1465 7587.00000 7623.73383  0.48%   748 1150s
 11576  9648 7600.14271  291 1464 7587.00000 7623.73383  0.48%   753 1166s
 11854  9800 7598.09325  319 1435 7587.00000 7623.73383  0.48%   754 1183s
 12117  9961 7594.09861  340 1388 7587.00000 7623.73383  0.48%   757 1200s
 12418 10136 7591.92229  367 1329 7587.00000 7623.73383  0.48%   758 1218s
 12747 10280 7588.94819  405 1111 7587.00000 7623.67987  0.48%   758 1242s
 13054 10289 7620.38471   41 2286 7587.00000 7623.67987  0.48%   760 1266s
 13183 10432 7616.63714   47 2201 7587.00000 7623.67987  0.48%   770 1289s
 13371 10639 7612.64193   61 1977 7587.00000 7623.67987  0.48%   778 1311s
 13646 10831 7606.77950   81 1876 7587.00000 7623.67987  0.48%   782 1335s
 13942 10967 7600.53795  112 1711 7587.00000 7623.67987  0.48%   786 1358s
 14183 11319 7595.96465  137 1522 7587.00000 7623.37168  0.48%   789 1389s
 14678 11395 7621.50844   34 2357 7587.00000 7623.37168  0.48%   785 1425s
 14948 11631 7617.14697   50 2167 7587.00000 7623.37168  0.48%   794 1461s
 15301 11916 7611.91776   69 1951 7587.00000 7623.37168  0.48%   800 1501s
 15752 12156 7605.05119  125 1633 7587.00000 7623.37168  0.48%   805 1539s
 16227 12353 7598.71196  248 1111 7587.00000 7623.37168  0.48%   807 1576s
 16598 12436 7589.36747  478  338 7587.00000 7623.26031  0.48%   811 1618s
 16843 12676 7616.77143   45 2303 7587.00000 7623.26031  0.48%   822 1662s
 17200 13001 7611.15728   68 2055 7587.00000 7623.26031  0.48%   832 1705s
 17652 13462 7601.75798  113 1679 7587.00000 7623.26031  0.48%   838 1748s
 18317 13815 7592.77931  245 1012 7587.00000 7622.86226  0.47%   835 1795s
 18977 13825 7617.34001   39 2266 7587.00000 7622.86226  0.47%   834 1848s
 19285 13731 7610.19959   46 2177 7587.00000 7622.86226  0.47%   846 1945s
 19295 14004 7610.80543   45 2163 7587.00000 7622.86226  0.47%   848 2002s
 19588 14615 7590.62818   60 1617 7587.00000 7622.77888  0.47%   863 2057s
 20342 15075 7613.14928   57 2222 7587.00000 7622.77888  0.47%   862 2118s
 21151 15341 7602.28772  107 1802 7587.00000 7622.66002  0.47%   859 2180s
 21712 15537 7615.95309   52 2305 7587.00000 7622.66002  0.47%   866 2250s
 22163 15922 7605.80384   87 1835 7587.00000 7622.66002  0.47%   873 2316s
 22731 16507 7592.26957  207  883 7587.00000 7622.63525  0.47%   882 2384s
 23585 16374 7609.35291   56 2140 7587.00000 7622.63525  0.47%   883 2455s
 23771 16868 7605.88678   73 1905 7587.00000 7622.58532  0.47%   886 2530s
 24383 17352 7618.59654   47 2363 7587.00000 7622.58532  0.47%   896 2604s
 25149 18075 7605.88952   99 1792 7587.00000 7622.57107  0.47%   900 2680s
 26190 18211 7614.45845   45 2254 7587.00000 7622.57107  0.47%   898 2759s
 26748 18503 7596.20852   95 1710 7587.00000 7622.47392  0.47%   909 2843s
 27290 18634 7615.69072   47 2267 7587.00000 7622.47392  0.47%   923 2937s
 27640 18927 7610.99012   63 2110 7587.00000 7622.47392  0.47%   942 3026s
 28104 19576 7606.82224   87 1806 7587.00000 7622.47392  0.47%   960 3117s
 28923 20378 7601.61738  115 1626 7587.00000 7622.47392  0.47%   969 3212s
 29798 21927 7594.70907  164 1260 7587.00000 7622.47392  0.47%   978 3308s
 31415 22270 7589.28799  219  788 7587.00000 7622.36937  0.47%   967 3405s
H31503 21789                    7588.0000000 7622.36937  0.45%   968 3405s
 31789 22631 7616.95787   61 2190 7588.00000 7622.36937  0.45%   967 3477s
 32850 23049 7608.25499   70 1975 7588.00000 7622.36937  0.45%   960 3543s
 33282 24075     cutoff   87      7588.00000 7622.36120  0.45%   968 3600s

Cutting planes:
  Gomory: 46
  Cover: 114
  Implied bound: 18
  Clique: 2
  MIR: 1167
  StrongCG: 40
  Flow cover: 2499
  GUB cover: 598
  Zero half: 32
  Mod-K: 2
  RLT: 588
  Relax-and-lift: 13

Explored 34428 nodes (32980173 simplex iterations) in 3600.03 seconds (7937.41 work units)
Thread count was 8 (of 8 available processors)

Solution count 10: 7588 7587 7586 ... 7576

Time limit reached
Best objective 7.588000000000e+03, best bound 7.622000000000e+03, gap 0.4481%
