
Gurobi 9.5.1 (linux64) logging started Tue Jun 21 03:27:01 2022

Set parameter LogFile to value "../results/logs/log_Brightkite_edges_2_250_2022_06_21_01_26.log"
Gurobi Optimizer version 9.5.1 build v9.5.1rc2 (linux64)
Thread count: 8 physical cores, 8 logical processors, using up to 8 threads
Optimize a model with 23479 rows, 116456 columns and 97341 nonzeros
Model fingerprint: 0x68004470
Variable types: 0 continuous, 116456 integer (116456 binary)
Coefficient statistics:
  Matrix range     [1e+00, 2e+00]
  Objective range  [1e+00, 1e+00]
  Bounds range     [1e+00, 1e+00]
  RHS range        [1e+00, 2e+02]
Found heuristic solution: objective 34706.000000
Presolve removed 21991 rows and 114611 columns
Presolve time: 0.06s
Presolved: 1488 rows, 1845 columns, 4783 nonzeros
Found heuristic solution: objective 34956.000000
Variable types: 0 continuous, 1845 integer (1781 binary)

Root relaxation: objective 3.528400e+04, 748 iterations, 0.00 seconds (0.01 work units)

    Nodes    |    Current Node    |     Objective Bounds      |     Work
 Expl Unexpl |  Obj  Depth IntInf | Incumbent    BestBd   Gap | It/Node Time

     0     0 35284.0000    0   74 34956.0000 35284.0000  0.94%     -    0s
H    0     0                    35247.000000 35284.0000  0.10%     -    0s
H    0     0                    35258.000000 35284.0000  0.07%     -    0s
     0     0 35274.0000    0   28 35258.0000 35274.0000  0.05%     -    0s
H    0     0                    35267.000000 35274.0000  0.02%     -    0s

Cutting planes:
  Gomory: 14
  Implied bound: 32
  MIR: 16
  GUB cover: 1
  Zero half: 1
  RLT: 2

Explored 1 nodes (1652 simplex iterations) in 0.16 seconds (0.11 work units)
Thread count was 8 (of 8 available processors)

Solution count 5: 35267 35258 35247 ... 34706

Optimal solution found (tolerance 0.00e+00)
Best objective 3.526700000000e+04, best bound 3.526700000000e+04, gap 0.0000%
