
Gurobi 9.1.1 (win64) logging started Sun Mar  7 12:53:47 2021

Changed value of parameter LogFile to ../results/logs/log_samuel_kroger_2021_03_07_12_53_47.csv_2_2.log
   Prev:   Default: 
Gurobi Optimizer version 9.1.1 build v9.1.1rc0 (win64)
Thread count: 6 physical cores, 12 logical processors, using up to 12 threads
Optimize a model with 5297 rows, 9882 columns and 17114 nonzeros
Model fingerprint: 0x59916c5c
Variable types: 0 continuous, 9882 integer (9882 binary)
Coefficient statistics:
  Matrix range     [1e+00, 1e+00]
  Objective range  [1e+00, 1e+00]
  Bounds range     [1e+00, 1e+00]
  RHS range        [1e+00, 2e+00]

User MIP start produced solution with objective 3362 (0.01s)
Loaded user MIP start with objective 3362

Presolve removed 4586 rows and 9171 columns
Presolve time: 0.03s
Presolved: 711 rows, 711 columns, 1776 nonzeros
Variable types: 0 continuous, 711 integer (710 binary)

Root relaxation: objective 3.716003e+03, 710 iterations, 0.05 seconds

    Nodes    |    Current Node    |     Objective Bounds      |     Work
 Expl Unexpl |  Obj  Depth IntInf | Incumbent    BestBd   Gap | It/Node Time

     0     0 3716.00281    0  711 3362.00000 3716.00281  10.5%     -    0s
H    0     0                    3715.0000000 3716.00281  0.03%     -    0s
H    0     0                    3716.0000000 3716.00281  0.00%     -    0s
     0     0 3716.00281    0  711 3716.00000 3716.00281  0.00%     -    0s

Explored 1 nodes (710 simplex iterations) in 0.13 seconds
Thread count was 12 (of 12 available processors)

Solution count 3: 3716 3715 3362 

Optimal solution found (tolerance 1.00e-04)
Best objective 3.716000000000e+03, best bound 3.716000000000e+03, gap 0.0000%
