
Gurobi 10.0.0 (linux64) logging started Sun Jan 28 11:51:20 2024

Set parameter LogFile to value "../results/logs/log_socfb-Northeastern19_33_250_2024_01_28_10_47.log"
Set parameter LazyConstraints to value 1
Gurobi Optimizer version 10.0.0 build v10.0.0rc2 (linux64)

CPU model: Intel(R) Core(TM) i7-9800X CPU @ 3.80GHz, instruction set [SSE2|AVX|AVX2|AVX512]
Thread count: 8 physical cores, 8 logical processors, using up to 8 threads

Optimize a model with 2493 rows, 27764 columns and 107718 nonzeros
Model fingerprint: 0x0b5570c9
Variable types: 0 continuous, 27764 integer (27764 binary)
Coefficient statistics:
  Matrix range     [1e+00, 3e+01]
  Objective range  [1e+00, 1e+00]
  Bounds range     [1e+00, 1e+00]
  RHS range        [1e+00, 2e+02]
Found heuristic solution: objective 7008.0000000
Presolve removed 0 rows and 19644 columns
Presolve time: 0.03s
Presolved: 2493 rows, 8120 columns, 32531 nonzeros
Variable types: 0 continuous, 8120 integer (8120 binary)
Found heuristic solution: objective 7128.0000000

Root relaxation: objective 7.946686e+03, 3341 iterations, 0.13 seconds (0.17 work units)

    Nodes    |    Current Node    |     Objective Bounds      |     Work
 Expl Unexpl |  Obj  Depth IntInf | Incumbent    BestBd   Gap | It/Node Time

     0     0 7946.68645    0  917 7128.00000 7946.68645  11.5%     -    0s
H    0     0                    7390.0000000 7946.68645  7.53%     -    0s
H    0     0                    7413.0000000 7946.68645  7.20%     -    0s
     0     0 7771.00662    0 1389 7413.00000 7771.00662  4.83%     -    4s
H    0     0                    7414.0000000 7771.00662  4.82%     -    4s
H    0     0                    7420.0000000 7771.00662  4.73%     -    4s
H    0     0                    7498.0000000 7771.00662  3.64%     -    4s
     0     0 7756.51149    0 1416 7498.00000 7756.51149  3.45%     -    8s
     0     0 7755.48951    0 1458 7498.00000 7755.48951  3.43%     -   10s
     0     0 7755.34335    0 1450 7498.00000 7755.34335  3.43%     -   13s
     0     0 7702.02186    0 1623 7498.00000 7702.02186  2.72%     -   19s
     0     0 7692.63162    0 1629 7498.00000 7692.63162  2.60%     -   24s
     0     0 7691.22190    0 1659 7498.00000 7691.22190  2.58%     -   27s
     0     0 7690.82889    0 1707 7498.00000 7690.82889  2.57%     -   30s
     0     0 7690.74607    0 1727 7498.00000 7690.74607  2.57%     -   33s
     0     0 7673.57187    0 1834 7498.00000 7673.57187  2.34%     -   41s
H    0     0                    7551.0000000 7673.57187  1.62%     -   41s
     0     0 7668.55260    0 1882 7551.00000 7668.55260  1.56%     -   46s
     0     0 7667.30666    0 1928 7551.00000 7667.30666  1.54%     -   50s
     0     0 7666.91820    0 1985 7551.00000 7666.91820  1.54%     -   54s
     0     0 7658.77492    0 1934 7551.00000 7658.77492  1.43%     -   61s
     0     0 7656.21122    0 2137 7551.00000 7656.21122  1.39%     -   66s
     0     0 7655.48909    0 2169 7551.00000 7655.48909  1.38%     -   71s
     0     0 7655.24541    0 2167 7551.00000 7655.24541  1.38%     -   74s
     0     0 7650.81293    0 2082 7551.00000 7650.81293  1.32%     -   81s
H    0     0                    7560.0000000 7650.81293  1.20%     -   81s
     0     0 7649.33979    0 2192 7560.00000 7649.33979  1.18%     -   86s
     0     0 7648.90736    0 2232 7560.00000 7648.90736  1.18%     -   90s
     0     0 7646.71376    0 2184 7560.00000 7646.71376  1.15%     -   96s
     0     0 7646.29430    0 2254 7560.00000 7646.29430  1.14%     -  100s
H    0     0                    7567.0000000 7646.29430  1.05%     -  111s
     0     2 7646.15487    0 2231 7567.00000 7646.15487  1.05%     -  114s
     1     4 7645.68701    1 2217 7567.00000 7646.15457  1.05%  1901  119s
     2     4 7645.16089    1 2254 7567.00000 7645.68697  1.04%  2484  122s
     3     8 7645.15609    2 2311 7567.00000 7645.68684  1.04%  2506  127s
     5     8 7644.08398    2 2342 7567.00000 7645.16060  1.03%  2637  133s
     7    16 7644.60361    3 2377 7567.00000 7645.15592  1.03%  2676  143s
    11    16 7642.68011    3 2434 7567.00000 7644.89543  1.03%  2896  154s
    15    24 7644.42429    4 2488 7567.00000 7644.61067  1.03%  3185  169s
    16    24 7644.25345    4 2476 7567.00000 7644.61043  1.03%  3232  171s
    23    32 7644.15198    5 2506 7567.00000 7644.61043  1.03%  3154  195s
    25    32 7643.04035    4 2534 7567.00000 7644.61043  1.03%  3205  201s
H   31    40                    7568.0000000 7644.61043  1.01%  3002  220s
H   32    40                    7569.0000000 7644.61043  1.00%  2937  223s
    33    40 7643.50781    5 2528 7569.00000 7644.61043  1.00%  2891  226s
    37    40 7641.95032    6 2367 7569.00000 7644.61043  1.00%  2730  237s
    39    48 7644.37373    6 2517 7569.00000 7644.61043  1.00%  2637  246s
    42    48 7642.54591    5 2421 7569.00000 7644.61043  1.00%  2554  255s
    44    48 7641.35360    6 2315 7569.00000 7644.61043  1.00%  2540  260s
    47    58 7644.00744    6 2549 7569.00000 7644.61043  1.00%  2468  272s
    50    58 7643.36016    6 2468 7569.00000 7644.61043  1.00%  2387  280s
    57    66 7644.03428    7 2501 7569.00000 7644.61043  1.00%  2288  302s
    65    74 7644.14921    7 2509 7569.00000 7644.61043  1.00%  2231  328s
    66    74 7643.45619    9 2443 7569.00000 7644.61043  1.00%  2219  330s
    69    74 7641.91864    6 2458 7569.00000 7644.61043  1.00%  2186  339s
H   71    74                    7570.0000000 7644.61043  0.99%  2140  344s
    72    74 7639.67422   10 2369 7570.00000 7644.61043  0.99%  2127  347s
    73    82 7643.95977    8 2498 7570.00000 7644.61043  0.99%  2125  353s
    74    82 7643.04292   10 2425 7570.00000 7644.61043  0.99%  2126  356s
    81    90 7643.53741    9 2479 7570.00000 7644.61043  0.99%  2084  402s
    89    98 7642.98385    9 2501 7570.00000 7644.61043  0.99%  2125  428s
    97   108 7643.53136   10 2488 7570.00000 7644.61043  0.99%  2065  453s
    99   108 7642.65977   11 2438 7570.00000 7644.61043  0.99%  2054  459s
   101   108 7642.10838    9 2373 7570.00000 7644.61043  0.99%  2048  464s
   106   108 7637.90901   14 2275 7570.00000 7644.61043  0.99%  2009  477s
H  107   120                    7571.0000000 7644.61043  0.97%  1990  484s
   108   120 7642.68406   12 2386 7571.00000 7644.61043  0.97%  2008  487s
   119   128 7642.83943   12 2467 7571.00000 7644.61043  0.97%  1984  521s
   127   137 7642.62540   13 2463 7571.00000 7644.61043  0.97%  1975  547s
   134   137 7636.50142   18 2212 7571.00000 7644.61043  0.97%  1977  565s
   136   147 7642.67935   13 2463 7571.00000 7644.61043  0.97%  1986  575s
   146   157 7642.47358   14 2423 7571.00000 7644.61043  0.97%  1929  609s
   147   157 7641.06874   15 2278 7571.00000 7644.61043  0.97%  1936  612s
   156   169 7641.44076   14 2426 7571.00000 7644.61043  0.97%  1951  642s
   168   180 7642.23436   15 2407 7571.00000 7644.61043  0.97%  1924  680s
   171   180 7641.05328   13 2361 7571.00000 7644.61043  0.97%  1922  688s
   172   180 7640.18999   13 2288 7571.00000 7644.61043  0.97%  1927  691s
   179   195 7642.08650   16 2390 7571.00000 7644.61043  0.97%  1895  715s
   186   195 7641.84111   16 2226 7571.00000 7644.61043  0.97%  1892  733s
   194   207 7641.63356   18 2362 7571.00000 7644.61043  0.97%  1852  760s
   206   224 7641.14844   19 2360 7571.00000 7644.61043  0.97%  1821  798s
   207   224 7641.27710   20 2287 7571.00000 7644.61043  0.97%  1816  800s
H  216   224                    7572.0000000 7644.61043  0.96%  1798  824s
   223   237 7640.99390   19 2406 7572.00000 7644.61043  0.96%  1774  851s
   226   237 7640.58450   14 2332 7572.00000 7644.61043  0.96%  1778  858s
H  236   253                    7573.0000000 7644.61043  0.95%  1743  893s
   238   253 7641.09153   23 2294 7573.00000 7644.61043  0.95%  1741  898s
H  240   253                    7574.0000000 7644.61043  0.93%  1732  904s
   241   253 7639.93957   15 2275 7574.00000 7644.61043  0.93%  1768  906s
   252   269 7640.92420   21 2368 7574.00000 7644.61043  0.93%  1736  943s
   253   269 7640.82314   25 2276 7574.00000 7644.61043  0.93%  1732  946s
   255   269 7640.47537   20 2347 7574.00000 7644.61043  0.93%  1725  951s
   258   269 7641.41268   16 2321 7574.00000 7644.61043  0.93%  1714  959s
   268   284 7640.47410   21 2348 7574.00000 7644.61043  0.93%  1706  993s
   283   298 7640.70215   22 2364 7574.00000 7644.61043  0.93%  1687 1039s
   287   298 7641.11736   18 2303 7574.00000 7644.61043  0.93%  1677 1049s
H  290   298                    7575.0000000 7644.61043  0.92%  1669 1057s
   297   316 7640.46011   22 2351 7575.00000 7644.61043  0.92%  1646 1084s
   302   316 7639.05888   21 2170 7575.00000 7644.61043  0.92%  1643 1097s
   315   337 7640.10632   23 2369 7575.00000 7644.61043  0.92%  1606 1139s
   316   337 7640.51834   28 2251 7575.00000 7644.61043  0.92%  1604 1142s
   319   337 7639.92596   27 2294 7575.00000 7644.61043  0.92%  1597 1150s
   322   337 7640.99620   18 2299 7575.00000 7644.61043  0.92%  1593 1158s
H  336   362                    7576.0000000 7644.61043  0.91%  1566 1202s
   338   362 7640.27751   31 2212 7576.00000 7644.61043  0.91%  1563 1207s
   361   382 7640.50420   25 2366 7576.00000 7644.61043  0.91%  1498 1277s
   363   382 7640.19399   32 2223 7576.00000 7644.61043  0.91%  1495 1282s
   381   404 7640.14370   27 2347 7576.00000 7644.61043  0.91%  1465 1338s
   387   404 7640.45592   22 2287 7576.00000 7644.61043  0.91%  1466 1354s
H  398   404                    7577.0000000 7644.61043  0.89%  1450 1383s
   401   404 7625.87404   74 1699 7577.00000 7644.61043  0.89%  1442 1390s
   403   428 7640.06933   28 2344 7577.00000 7644.61043  0.89%  1438 1405s
   405   428 7640.01850   34 2179 7577.00000 7644.61043  0.89%  1435 1410s
   411   428 7639.24147   29 2145 7577.00000 7644.61043  0.89%  1428 1426s
   427   454 7639.83649   30 2324 7577.00000 7644.61043  0.89%  1396 1479s
   453   484 7639.50438   31 2318 7577.00000 7644.61043  0.89%  1376 1558s
   461   484 7639.85265   26 2264 7577.00000 7644.61043  0.89%  1362 1579s
   483   492 7639.57865   31 2329 7577.00000 7644.61043  0.89%  1322 1656s
H  484   492                    7578.0000000 7644.61043  0.88%  1319 1659s
   491   515 7639.51385   32 2299 7578.00000 7644.61043  0.88%  1309 1689s
   493   515 7639.48815   37 2157 7578.00000 7644.61043  0.88%  1308 1694s
   503   515 7639.69067   32 2081 7578.00000 7644.61043  0.88%  1297 1720s
   514   545 7639.26328   34 2308 7578.00000 7644.61043  0.88%  1285 1762s
   525   545 7638.59774   33 2129 7578.00000 7644.61043  0.88%  1286 1791s
   528   545 7639.65080   33 2071 7578.00000 7644.61043  0.88%  1288 1799s
   544   568 7639.14066   35 2290 7578.00000 7644.61043  0.88%  1269 1852s
   546   568 7638.93584   37 2294 7578.00000 7644.61043  0.88%  1266 1858s
   548   568 7638.50938   42 2216 7578.00000 7644.61043  0.88%  1267 1863s
   567   593 7638.88356   38 2285 7578.00000 7644.61043  0.88%  1248 1924s
   569   593 7639.24620   41 2187 7578.00000 7644.61043  0.88%  1248 1930s
   574   593 7639.38742   28 2224 7578.00000 7644.61043  0.88%  1247 1943s
   579   593 7631.94134  102 1825 7578.00000 7644.61043  0.88%  1250 1956s
   581   593 7631.54458  104 1830 7578.00000 7644.61043  0.88%  1248 1962s
   592   619 7638.60767   40 2281 7578.00000 7644.61043  0.88%  1232 2002s
   594   619 7639.05613   43 2130 7578.00000 7644.61043  0.88%  1231 2007s
   596   619 7638.83859   45 2115 7578.00000 7644.61043  0.88%  1229 2013s
   618   645 7638.46627   41 2279 7578.00000 7644.61043  0.88%  1209 2083s
   620   645 7638.47270   42 2281 7578.00000 7644.61043  0.88%  1207 2088s
   644   682 7637.10477   42 2309 7578.00000 7644.61043  0.88%  1190 2167s
   646   682 7637.37101   47 2070 7578.00000 7644.61043  0.88%  1191 2173s
   648   682 7638.40858   48 2110 7578.00000 7644.61043  0.88%  1191 2178s
   652   682 7639.45217   29 2217 7578.00000 7644.61043  0.88%  1189 2188s
   654   682 7638.54752   30 2143 7578.00000 7644.61043  0.88%  1193 2194s
   681   714 7637.45098   44 2228 7578.00000 7644.61043  0.88%  1173 2280s
   686   714 7638.93416   30 2232 7578.00000 7644.61043  0.88%  1176 2293s
   688   714 7639.25026   31 2209 7578.00000 7644.61043  0.88%  1175 2298s
   689   714 7638.05193   40 2098 7578.00000 7644.61043  0.88%  1175 2301s
   691   714 7637.21943   41 2020 7578.00000 7644.61043  0.88%  1178 2306s
   713   758 7638.34030   44 2275 7578.00000 7644.61043  0.88%  1154 2379s
   715   758 7638.18228   46 2252 7578.00000 7644.61043  0.88%  1154 2385s
   719   758 7637.77864   51 2162 7578.00000 7644.61043  0.88%  1152 2395s
   757   794 7638.01847   47 2243 7578.00000 7644.61043  0.88%  1113 2512s
   793   840 7637.99016   48 2248 7578.00000 7644.61043  0.88%  1087 2622s
   795   840 7637.95166   49 2241 7578.00000 7644.61043  0.88%  1088 2627s
   799   840 7637.59848   54 2114 7578.00000 7644.61043  0.88%  1088 2638s
   801   840 7637.27452   55 2137 7578.00000 7644.61043  0.88%  1088 2643s
   839   888 7637.76788   50 2243 7578.00000 7644.61043  0.88%  1061 2762s
   841   888 7637.97598   54 2116 7578.00000 7644.61043  0.88%  1063 2767s
   843   888 7637.72442   55 2094 7578.00000 7644.61043  0.88%  1064 2772s
H  869   888                    7579.0000000 7644.61043  0.87%  1053 2840s
   871   888 7618.11562  207 1318 7579.00000 7644.61043  0.87%  1051 2845s
   873   888 7618.10190  209 1319 7579.00000 7644.61043  0.87%  1049 2850s
   875   888 7617.62293  211 1281 7579.00000 7644.61043  0.87%  1048 2855s
   877   888 7617.61466  213 1312 7579.00000 7644.61043  0.87%  1045 2860s
   879   888 7617.52672  215 1350 7579.00000 7644.61043  0.87%  1044 2866s
   881   888 7617.50274  217 1313 7579.00000 7644.61043  0.87%  1042 2871s
   883   888 7617.47834  219 1280 7579.00000 7644.61043  0.87%  1040 2876s
   885   888 7617.06541  221 1300 7579.00000 7644.61043  0.87%  1038 2881s
   887   941 7637.18987   51 2199 7579.00000 7644.61043  0.87%  1040 2903s
   940   996 7637.36524   52 2230 7579.00000 7644.61043  0.87%  1014 3059s
   942   996 7637.11323   53 2231 7579.00000 7644.61043  0.87%  1015 3064s
   946   996 7636.91472   60 2097 7579.00000 7644.61043  0.87%  1016 3074s
   995  1044 7637.52628   53 2207 7579.00000 7644.61043  0.87%   994 3222s
  1001  1044 7638.35470   42 2095 7579.00000 7644.61043  0.87%  1000 3238s
  1003  1044 7636.85226   43 2050 7579.00000 7644.61043  0.87%  1002 3243s
  1004  1044 7637.28111   51 2008 7579.00000 7644.61043  0.87%  1002 3246s
  1006  1044 7636.97253   52 2026 7579.00000 7644.61043  0.87%  1002 3251s
  1045  1095 7637.45978   54 2154 7579.00000 7644.61043  0.87%   982 3373s
  1047  1095 7636.95848   56 2152 7579.00000 7644.61043  0.87%   983 3378s
  1048  1095 7635.21497   62 2035 7579.00000 7644.61043  0.87%   986 3381s
  1096  1160 7636.83570   56 2164 7579.00000 7644.61043  0.87%   959 3527s
  1102  1160 7636.64534   64 2090 7579.00000 7644.61043  0.87%   959 3543s
  1104  1160 7636.19214   65 2122 7579.00000 7644.61043  0.87%   961 3548s

Cutting planes:
  Gomory: 51
  Cover: 762
  Clique: 19
  MIR: 1034
  StrongCG: 100
  GUB cover: 1293
  Zero half: 17
  RLT: 1091
  Lazy constraints: 1183

Explored 1161 nodes (1164698 simplex iterations) in 3694.47 seconds (1214.19 work units)
Thread count was 8 (of 8 available processors)

Solution count 10: 7579 7578 7577 ... 7570

Time limit reached
Best objective 7.579000000000e+03, best bound 7.644000000000e+03, gap 0.8576%

User-callback calls 48812, time in user-callback 3104.24 sec
