
Gurobi 9.0.1 (win64) logging started 11/11/21 13:43:30

Changed value of parameter LogFile to ../results/logs/log_samuel_kroger_2021_11_11_13_43_29.csv_23_5.log
   Prev:   Default: 
Changed value of parameter method to 3
   Prev: -1  Min: -1  Max: 5  Default: -1
Gurobi Optimizer version 9.0.1 build v9.0.1rc0 (win64)
Optimize a model with 2935 rows, 46266 columns and 140219 nonzeros
Model fingerprint: 0x8a16e96e
Variable types: 23133 continuous, 23133 integer (23133 binary)
Coefficient statistics:
  Matrix range     [1e+00, 2e+01]
  Objective range  [1e+00, 1e+00]
  Bounds range     [1e+00, 1e+00]
  RHS range        [1e+00, 5e+00]
Found heuristic solution: objective -0.0000000
Presolve removed 2252 rows and 44595 columns
Presolve time: 0.17s
Presolved: 683 rows, 1671 columns, 22638 nonzeros
Variable types: 1329 continuous, 342 integer (342 binary)

Concurrent LP optimizer: dual simplex and barrier
Showing barrier log only...

Root barrier log...

Ordering time: 0.00s

Barrier statistics:
 AA' NZ     : 3.674e+04
 Factor NZ  : 6.058e+04 (roughly 1 MByte of memory)
 Factor Ops : 1.036e+07 (less than 1 second per iteration)
 Threads    : 3

                  Objective                Residual
Iter       Primal          Dual         Primal    Dual     Compl     Time
   0   2.08279557e+02  1.26108322e+02  2.61e+03 2.50e-01  6.97e-01     0s
   1   2.71594765e+02  1.59043530e+02  1.23e+03 3.03e-01  3.44e-01     0s
   2   4.15644320e+02  2.12682680e+02  7.26e+02 2.10e-01  2.12e-01     0s
   3   3.06119996e+02  3.23142939e+02  2.11e+02 7.57e-03  7.23e-02     0s
   4   2.67436444e+02  2.62775459e+02  6.50e+01 6.57e-04  2.10e-02     0s
   5   2.55547870e+02  2.48385587e+02  3.17e+01 2.72e-04  1.01e-02     0s
   6   2.50041756e+02  2.44434858e+02  2.01e+01 1.91e-04  6.60e-03     0s

Barrier performed 6 iterations in 0.24 seconds
Barrier solve interrupted - model solved by another algorithm


Solved with dual simplex

Root relaxation: objective 2.260558e+02, 425 iterations, 0.04 seconds

    Nodes    |    Current Node    |     Objective Bounds      |     Work
 Expl Unexpl |  Obj  Depth IntInf | Incumbent    BestBd   Gap | It/Node Time

     0     0  226.05577    0  256   -0.00000  226.05577      -     -    0s
     0     0  152.09220    0  279   -0.00000  152.09220      -     -    0s
H    0     0                      26.0000000  152.09220   485%     -    0s
     0     0  101.05098    0  244   26.00000  101.05098   289%     -    0s
     0     0   90.25026    0  236   26.00000   90.25026   247%     -    0s
     0     0   90.25026    0  239   26.00000   90.25026   247%     -    0s
     0     0   90.25026    0  235   26.00000   90.25026   247%     -    0s
     0     0   90.25026    0  229   26.00000   90.25026   247%     -    0s
     0     0   90.25026    0  227   26.00000   90.25026   247%     -    0s
     0     0   82.25674    0  231   26.00000   82.25674   216%     -    0s
     0     0   81.46667    0  227   26.00000   81.46667   213%     -    0s
     0     0   81.32103    0  220   26.00000   81.32103   213%     -    0s
     0     0   77.67046    0  238   26.00000   77.67046   199%     -    1s
     0     0   74.69086    0  203   26.00000   74.69086   187%     -    1s
     0     0   73.76304    0  222   26.00000   73.76304   184%     -    1s
     0     0   73.26278    0  225   26.00000   73.26278   182%     -    1s
     0     0   72.97441    0  202   26.00000   72.97441   181%     -    1s
     0     0   72.83227    0  214   26.00000   72.83227   180%     -    1s
     0     0   70.65855    0  196   26.00000   70.65855   172%     -    1s
     0     0   69.93163    0  192   26.00000   69.93163   169%     -    1s
     0     0   69.56698    0  195   26.00000   69.56698   168%     -    1s
     0     0   69.51621    0  193   26.00000   69.51621   167%     -    1s
     0     0   56.14266    0  242   26.00000   56.14266   116%     -    1s
     0     0   52.15887    0  242   26.00000   52.15887   101%     -    1s
     0     2   52.15887    0  242   26.00000   52.15887   101%     -    1s
  1134    30     cutoff  191        26.00000   38.88265  49.5%  47.6    5s
H 1218    62                      27.0000000   38.88265  44.0%  46.2    5s

Cutting planes:
  Gomory: 13
  Cover: 2
  MIR: 338
  RLT: 309

Explored 1313 nodes (59778 simplex iterations) in 5.21 seconds
Thread count was 8 (of 8 available processors)

Solution count 3: 27 26 -0 

Optimal solution found (tolerance 1.00e-04)
Best objective 2.700000000000e+01, best bound 2.700000000000e+01, gap 0.0000%
