
Gurobi 9.5.0 (win64) logging started Thu May 12 18:12:59 2022

Set parameter LogFile to value "../results/logs/log_soc-dolphins_3_1_2022_05_12_18_08.log"
Set parameter LazyConstraints to value 1
Gurobi Optimizer version 9.5.0 build v9.5.0rc5 (win64)
Thread count: 6 physical cores, 12 logical processors, using up to 12 threads
Optimize a model with 10319 rows, 4030 columns and 34860 nonzeros
Model fingerprint: 0xc129521d
Variable types: 0 continuous, 4030 integer (4030 binary)
Coefficient statistics:
  Matrix range     [1e+00, 1e+00]
  Objective range  [1e+00, 1e+00]
  Bounds range     [1e+00, 1e+00]
  RHS range        [1e+00, 1e+00]
Found heuristic solution: objective -0.0000000
Presolve removed 5074 rows and 0 columns
Presolve time: 0.09s
Presolved: 5245 rows, 4030 columns, 19576 nonzeros
Variable types: 0 continuous, 4030 integer (4030 binary)
Found heuristic solution: objective 10.0000000

Root relaxation: objective 3.600000e+01, 337 iterations, 0.01 seconds (0.01 work units)

    Nodes    |    Current Node    |     Objective Bounds      |     Work
 Expl Unexpl |  Obj  Depth IntInf | Incumbent    BestBd   Gap | It/Node Time

H    0     0                      36.0000000   62.00000  72.2%     -    0s
     0     0          -    0        36.00000   36.00000  0.00%     -    0s

Explored 1 nodes (355 simplex iterations) in 0.14 seconds (0.12 work units)
Thread count was 12 (of 12 available processors)

Solution count 3: 36 10 -0 

Optimal solution found (tolerance 0.00e+00)
Best objective 3.600000000000e+01, best bound 3.600000000000e+01, gap 0.0000%

User-callback calls 149, time in user-callback 0.00 sec

Gurobi 9.5.0 (win64) logging started Thu May 12 18:13:06 2022

Set parameter LogFile to value "../results/logs/log_soc-dolphins_3_1_2022_05_12_18_08.log"
Gurobi Optimizer version 9.5.0 build v9.5.0rc5 (win64)
Thread count: 6 physical cores, 12 logical processors, using up to 12 threads
Optimize a model with 5059 rows, 7874 columns and 21839 nonzeros
Model fingerprint: 0x54092d5b
Variable types: 0 continuous, 7874 integer (7874 binary)
Coefficient statistics:
  Matrix range     [1e+00, 1e+00]
  Objective range  [1e+00, 1e+00]
  Bounds range     [1e+00, 1e+00]
  RHS range        [1e+00, 1e+00]
Found heuristic solution: objective 2.0000000
Presolve removed 5059 rows and 7874 columns
Presolve time: 0.01s
Presolve: All rows and columns removed

Explored 0 nodes (0 simplex iterations) in 0.02 seconds (0.01 work units)
Thread count was 1 (of 12 available processors)

Solution count 2: 36 2 

Optimal solution found (tolerance 0.00e+00)
Best objective 3.600000000000e+01, best bound 3.600000000000e+01, gap 0.0000%

Gurobi 9.5.0 (win64) logging started Thu May 12 18:13:09 2022

Set parameter LogFile to value "../results/logs/log_soc-dolphins_3_1_2022_05_12_18_08.log"
Gurobi Optimizer version 9.5.0 build v9.5.0rc5 (win64)
Thread count: 6 physical cores, 12 logical processors, using up to 12 threads
Optimize a model with 8841 rows, 19902 columns and 72334 nonzeros
Model fingerprint: 0xc97ec237
Variable types: 19716 continuous, 186 integer (186 binary)
Coefficient statistics:
  Matrix range     [1e+00, 2e+00]
  Objective range  [1e+00, 1e+00]
  Bounds range     [1e+00, 1e+00]
  RHS range        [1e+00, 1e+00]
Presolve removed 4542 rows and 11353 columns
Presolve time: 0.30s
Presolved: 4299 rows, 8549 columns, 40344 nonzeros
Variable types: 8427 continuous, 122 integer (122 binary)
Found heuristic solution: objective 11.0000000
Found heuristic solution: objective 29.0000000
Found heuristic solution: objective 36.0000000

Root relaxation: cutoff, 251 iterations, 0.01 seconds (0.01 work units)

    Nodes    |    Current Node    |     Objective Bounds      |     Work
 Expl Unexpl |  Obj  Depth IntInf | Incumbent    BestBd   Gap | It/Node Time

     0     0     cutoff    0        36.00000   36.00000  0.00%     -    0s

Explored 1 nodes (251 simplex iterations) in 0.37 seconds (0.27 work units)
Thread count was 12 (of 12 available processors)

Solution count 3: 36 29 11 

Optimal solution found (tolerance 0.00e+00)
Best objective 3.600000000000e+01, best bound 3.600000000000e+01, gap 0.0000%
