
Gurobi 10.0.0 (linux64) logging started Fri Jan 26 15:48:51 2024

Set parameter LogFile to value "../results/logs/log_Brightkite_edges_2_250_2024_01_26_13_45.log"
Set parameter LazyConstraints to value 1
Gurobi Optimizer version 10.0.0 build v10.0.0rc2 (linux64)

CPU model: Intel(R) Core(TM) i7-9800X CPU @ 3.80GHz, instruction set [SSE2|AVX|AVX2|AVX512]
Thread count: 8 physical cores, 8 logical processors, using up to 8 threads

Optimize a model with 116457 rows, 116456 columns and 1089224 nonzeros
Model fingerprint: 0x726a877d
Variable types: 0 continuous, 116456 integer (116456 binary)
Coefficient statistics:
  Matrix range     [1e+00, 2e+00]
  Objective range  [1e+00, 1e+00]
  Bounds range     [1e+00, 1e+00]
  RHS range        [1e+00, 2e+02]
Found heuristic solution: objective -0.0000000
Presolve removed 42314 rows and 21157 columns
Presolve time: 1.98s
Presolved: 74143 rows, 95299 columns, 963006 nonzeros
Variable types: 0 continuous, 95299 integer (95299 binary)
Root relaxation presolved: 74143 rows, 95299 columns, 963006 nonzeros

Deterministic concurrent LP optimizer: primal simplex, dual simplex, and barrier
Showing barrier log only...

Root barrier log...

Ordering time: 0.04s

Barrier performed 0 iterations in 2.94 seconds (3.42 work units)
Barrier solve interrupted - model solved by another algorithm

Concurrent spin time: 0.36s (can be avoided by choosing Method=3)

Solved with dual simplex

Root relaxation: objective 3.609950e+04, 4655 iterations, 0.82 seconds (0.42 work units)

    Nodes    |    Current Node    |     Objective Bounds      |     Work
 Expl Unexpl |  Obj  Depth IntInf | Incumbent    BestBd   Gap | It/Node Time

     0     0 36099.5000    0 1699   -0.00000 36099.5000      -     -    4s
H    0     0                    35029.000000 36099.5000  3.06%     -    4s
H    0     0                    35266.000000 36099.5000  2.36%     -    4s
     0     0 35281.0000    0  106 35266.0000 35281.0000  0.04%     -    7s
     0     0 35281.0000    0  100 35266.0000 35281.0000  0.04%     -    9s
     0     0 35281.0000    0   50 35266.0000 35281.0000  0.04%     -   12s
     0     0 35281.0000    0   54 35266.0000 35281.0000  0.04%     -   15s
     0     0 35281.0000    0   42 35266.0000 35281.0000  0.04%     -   17s
     0     0 35281.0000    0   46 35266.0000 35281.0000  0.04%     -   19s
     0     0 35281.0000    0   38 35266.0000 35281.0000  0.04%     -   21s
     0     0 35281.0000    0   38 35266.0000 35281.0000  0.04%     -   24s
     0     0 35281.0000    0   34 35266.0000 35281.0000  0.04%     -   26s
     0     0 35281.0000    0   34 35266.0000 35281.0000  0.04%     -   28s
     0     0 35281.0000    0   67 35266.0000 35281.0000  0.04%     -   30s
     0     0 35277.5000    0   43 35266.0000 35277.5000  0.03%     -   32s
H    0     0                    35267.000000 35277.5000  0.03%     -   36s
     0     2 35275.6250    0   32 35267.0000 35275.6250  0.02%     -   39s
     1     4 35274.6250    1   34 35267.0000 35275.1000  0.02%   317   41s
     3     8 35273.6250    2   37 35267.0000 35274.5000  0.02%   110   45s
     7     0     cutoff    3      35267.0000 35274.0000  0.02%  56.4   50s

Cutting planes:
  Gomory: 54
  Cover: 2143
  MIR: 35
  GUB cover: 2047
  Zero half: 7
  Mod-K: 46
  Lazy constraints: 20

Explored 15 nodes (11514 simplex iterations) in 50.75 seconds (16.40 work units)
Thread count was 8 (of 8 available processors)

Solution count 4: 35267 35266 35029 -0 

Optimal solution found (tolerance 0.00e+00)
Best objective 3.526700000000e+04, best bound 3.526700000000e+04, gap 0.0000%

User-callback calls 3053, time in user-callback 34.66 sec
