
Gurobi 9.5.1 (linux64) logging started Tue Jun  7 14:48:06 2022

Set parameter LogFile to value "../results/logs/log_socfb-Syracuse56_46_45_2022_06_07_14_43.log"
Gurobi Optimizer version 9.5.1 build v9.5.1rc2 (linux64)
Thread count: 8 physical cores, 8 logical processors, using up to 8 threads
Optimize a model with 2835 rows, 27306 columns and 173405 nonzeros
Model fingerprint: 0x8e275791
Variable types: 0 continuous, 27306 integer (27306 binary)
Coefficient statistics:
  Matrix range     [1e+00, 5e+01]
  Objective range  [1e+00, 1e+00]
  Bounds range     [1e+00, 1e+00]
  RHS range        [1e+00, 4e+01]
Found heuristic solution: objective 6985.0000000
Presolve removed 25 rows and 20770 columns
Presolve time: 0.09s
Presolved: 2810 rows, 6536 columns, 58025 nonzeros
Variable types: 0 continuous, 6536 integer (6289 binary)
Found heuristic solution: objective 7025.0000000
Warning: Markowitz tolerance tightened to 0.03125

Root relaxation: objective 7.924340e+03, 2035 iterations, 0.26 seconds (0.44 work units)

    Nodes    |    Current Node    |     Objective Bounds      |     Work
 Expl Unexpl |  Obj  Depth IntInf | Incumbent    BestBd   Gap | It/Node Time

     0     0 7924.34049    0 1025 7025.00000 7924.34049  12.8%     -    0s
H    0     0                    7027.0000000 7924.34049  12.8%     -    0s
H    0     0                    7033.0000000 7924.34049  12.7%     -    0s
H    0     0                    7106.0000000 7924.34049  11.5%     -    0s
H    0     0                    7118.0000000 7650.57886  7.48%     -    1s
     0     0 7650.57886    0 1062 7118.00000 7650.57886  7.48%     -    1s
H    0     0                    7139.0000000 7650.57886  7.17%     -    2s
     0     0 7563.28257    0 1255 7139.00000 7563.28257  5.94%     -    2s
     0     0 7499.31926    0 1311 7139.00000 7499.31926  5.05%     -    3s
     0     0 7491.50379    0 1349 7139.00000 7491.50379  4.94%     -    4s
     0     0 7490.12805    0 1380 7139.00000 7490.12805  4.92%     -    5s
     0     0 7489.77580    0 1413 7139.00000 7489.77580  4.91%     -    5s
     0     0 7489.69369    0 1421 7139.00000 7489.69369  4.91%     -    5s
H    0     0                    7147.0000000 7489.69369  4.79%     -    5s
     0     0 7447.08398    0 1481 7147.00000 7447.08398  4.20%     -    8s
H    0     0                    7153.0000000 7424.09329  3.79%     -   10s
H    0     0                    7155.0000000 7424.09329  3.76%     -   10s
H    0     0                    7162.0000000 7424.09329  3.66%     -   10s
     0     0 7424.09329    0 1514 7162.00000 7424.09329  3.66%     -   10s
H    0     0                    7164.0000000 7413.11034  3.48%     -   12s
H    0     0                    7166.0000000 7413.11034  3.45%     -   12s
     0     0 7413.11034    0 1584 7166.00000 7413.11034  3.45%     -   12s
     0     0 7410.34938    0 1654 7166.00000 7410.34938  3.41%     -   14s
     0     0 7409.12549    0 1639 7166.00000 7409.12549  3.39%     -   15s
     0     0 7408.46209    0 1678 7166.00000 7408.46209  3.38%     -   16s
     0     0 7408.22541    0 1682 7166.00000 7408.22541  3.38%     -   16s
     0     0 7398.17169    0 1680 7166.00000 7398.17169  3.24%     -   20s
     0     0 7391.05112    0 1775 7166.00000 7391.05112  3.14%     -   24s
H    0     0                    7172.0000000 7388.24346  3.02%     -   26s
     0     0 7388.24346    0 1836 7172.00000 7388.24346  3.02%     -   26s
     0     0 7386.52299    0 1864 7172.00000 7386.52299  2.99%     -   28s
     0     0 7385.81909    0 1897 7172.00000 7385.81909  2.98%     -   29s
H    0     0                    7173.0000000 7385.81909  2.97%     -   31s
     0     0 7381.44693    0 1877 7173.00000 7381.44693  2.91%     -   35s
     0     0 7378.19857    0 1914 7173.00000 7378.19857  2.86%     -   38s
H    0     0                    7175.0000000 7376.54039  2.81%     -   41s
     0     0 7376.54039    0 2040 7175.00000 7376.54039  2.81%     -   41s
     0     0 7375.75135    0 2073 7175.00000 7375.75135  2.80%     -   44s
     0     0 7373.14636    0 1975 7175.00000 7373.14636  2.76%     -   48s
     0     0 7373.14636    0 1975 7175.00000 7373.14636  2.76%     -   48s
     0     2 7373.14348    0 1975 7175.00000 7373.14348  2.76%     -   54s
     1     4 7372.92327    1 1966 7175.00000 7373.08746  2.76%   702   58s
     7    16 7370.83082    3 2109 7175.00000 7372.60724  2.75%  2055   68s
    15    24 7363.11220    4 2195 7175.00000 7370.83033  2.73%  4823   81s
    23    32 7368.77192    4 2264 7175.00000 7368.77192  2.70%  6538   99s
    31    40 7368.77058    5 2269 7175.00000 7368.77058  2.70%  6253  105s
H   35    40                    7176.0000000 7368.77057  2.69%  5610  105s
    47    57 7368.60521    7 2234 7176.00000 7368.77052  2.69%  4614  116s
    67    76 7368.51681    9 2234 7176.00000 7368.77052  2.69%  3588  134s
H   70    76                    7177.0000000 7368.77052  2.67%  3479  134s
    75    90 7368.45483   10 2243 7177.00000 7368.77052  2.67%  3306  136s
   106   124 7368.23905   15 2227 7177.00000 7368.77052  2.67%  2570  142s
   123   143 7368.23578   16 2228 7177.00000 7368.77052  2.67%  2294  145s
   159   178 7367.98940   21 2219 7177.00000 7368.77052  2.67%  1973  153s
   177   196 7367.83822   22 2206 7177.00000 7368.77052  2.67%  1880  158s
   195   215 7367.45789   23 2223 7177.00000 7368.77052  2.67%  1798  164s
H  214   223                    7178.0000000 7368.77052  2.66%  1724  168s
   222   251 7366.99132   25 2204 7178.00000 7368.77052  2.66%  1706  171s
H  250   266                    7179.0000000 7368.77052  2.64%  1579  179s
H  256   266                    7180.0000000 7368.77052  2.63%  1606  179s
   265   284 7366.76006   28 2182 7180.00000 7368.77052  2.63%  1609  186s
   283   304 7366.61551   30 2186 7180.00000 7368.77052  2.63%  1628  193s
   303   330 7366.50317   32 2162 7180.00000 7368.77052  2.63%  1608  200s
H  308   330                    7181.0000000 7368.77052  2.61%  1617  200s
   329   354 7366.23262   34 2168 7181.00000 7368.77052  2.61%  1578  205s
   353   380 7366.10247   35 2169 7181.00000 7368.77052  2.61%  1561  211s
   379   404 7365.72825   37 2153 7181.00000 7368.77052  2.61%  1532  221s
H  403   435                    7182.0000000 7368.77052  2.60%  1538  226s
   434   475 7364.98571   41 2151 7182.00000 7368.77052  2.60%  1500  237s
   474   501 7364.68317   46 2137 7182.00000 7368.77052  2.60%  1458  244s
H  477   501                    7183.0000000 7368.77052  2.59%  1457  244s
   506   523 7363.69208   48 2149 7183.00000 7368.77052  2.59%  1455  256s
   528   536 7312.49309   48 1801 7183.00000 7368.77052  2.59%  1497  266s
H  532   536                    7184.0000000 7368.77052  2.57%  1494  266s
   549   550 7362.46847   49 2207 7184.00000 7368.77052  2.57%  1511  276s
   563   573 7363.04727   49 2181 7184.00000 7368.77052  2.57%  1539  286s
   586   601 7362.96787   50 2168 7184.00000 7368.77052  2.57%  1554  294s
   614   632 7362.72303   52 2172 7184.00000 7368.77052  2.57%  1549  305s
H  632   632                    7185.0000000 7368.77052  2.56%  1537  305s
   645   663 7362.16153   53 2158 7185.00000 7368.77052  2.56%  1551  314s
   678   695 7361.58714   55 2134 7185.00000 7368.77052  2.56%  1557  324s
   710   745 7361.00652   57 2149 7185.00000 7368.77052  2.56%  1555  334s
   760   797 7359.93551   60 2101 7185.00000 7368.77052  2.56%  1520  343s
   818   851 7359.12307   68 2116 7185.00000 7368.77052  2.56%  1478  352s
   891   898 7359.08024   70 2066 7185.00000 7368.77052  2.56%  1418  363s
   944   925 7358.45080   73 2114 7185.00000 7368.77052  2.56%  1398  371s
   975   977 7358.27517   77 2070 7185.00000 7368.77052  2.56%  1395  381s
  1031  1021 7356.56307   82 2039 7185.00000 7368.77052  2.56%  1372  393s
  1077  1091 7356.46020   83 2063 7185.00000 7368.77052  2.56%  1372  405s
  1147  1135 7354.91914   86 2066 7185.00000 7368.77052  2.56%  1341  418s
  1197  1192 7353.58987   91 2028 7185.00000 7368.77052  2.56%  1342  431s
  1254  1261 7352.65336   96 2013 7185.00000 7368.77052  2.56%  1333  444s
  1324  1324 7351.46265  102 1963 7185.00000 7368.77052  2.56%  1316  458s
  1389  1399 7349.90166  105 1992 7185.00000 7368.77052  2.56%  1310  500s
  1464  1473 7314.53526  110 1717 7185.00000 7368.77052  2.56%  1296  515s
  1542  1561 7347.97441  112 1955 7185.00000 7368.77052  2.56%  1279  533s
  1638  1635 7346.01701  119 1930 7185.00000 7368.77052  2.56%  1261  548s
H 1645  1635                    7186.0000000 7368.77052  2.54%  1261  548s
  1725  1704 7342.62741  125 1920 7186.00000 7368.77052  2.54%  1246  569s
  1796  1785 7341.10605  130 1904 7186.00000 7368.77052  2.54%  1253  587s
  1891  1840 7339.42634  139 1861 7186.00000 7368.77052  2.54%  1244  608s
  1950  1944 7337.53799  143 1831 7186.00000 7368.77052  2.54%  1255  627s
  2054  2061 7335.02973  157 1807 7186.00000 7368.77052  2.54%  1240  646s
  2171  2122 7332.88910  172 1702 7186.00000 7368.77052  2.54%  1221  667s
  2232  2207 7330.94490  175 1703 7186.00000 7368.77052  2.54%  1241  688s
H 2280  2207                    7187.0000000 7368.77052  2.53%  1240  688s
  2317  2343 7328.98879  180 1669 7187.00000 7368.77052  2.53%  1248  709s
  2457  2465 7326.23850  191 1602 7187.00000 7368.77052  2.53%  1230  730s
H 2477  2465                    7188.0000000 7368.77052  2.51%  1227  730s
  2587  2628 7321.52202  208 1564 7188.00000 7368.77052  2.51%  1221  753s
  2752  2835 7319.98238  215 1537 7188.00000 7368.77052  2.51%  1203  775s
  2961  3093 7312.92267  232 1383 7188.00000 7368.77052  2.51%  1173  799s
  3235  3331 7308.17343  259 1308 7188.00000 7368.77052  2.51%  1123  823s
  3511  3556 7300.08804  286 1236 7188.00000 7368.77052  2.51%  1079  847s
  3759  3557 7328.09809  145 1975 7188.00000 7368.77052  2.51%  1047  883s
  3761  3558 7363.26852   35 1029 7188.00000 7368.77052  2.51%  1046  885s
  3765  3561 7334.40803  160 1512 7188.00000 7368.77052  2.51%  1045  891s
  3767  3562 7361.06254   48 1629 7188.00000 7368.77052  2.51%  1044  897s
H 3767  3383                    7189.0000000 7368.77052  2.50%  1044  900s
  3770  3385 7260.52553   87 1956 7189.00000 7368.77052  2.50%  1044  908s
  3771  3386 7230.21924   59 2073 7189.00000 7368.77052  2.50%  1043  912s
  3772  3387 7349.90139   82 2142 7189.00000 7368.77052  2.50%  1043  915s
  3774  3388 7287.93539  361 2197 7189.00000 7368.77052  2.50%  1042  920s
  3777  3390 7347.42228   52 2314 7189.00000 7368.77052  2.50%  1042  925s
  3782  3393 7292.93088  333 2137 7189.00000 7365.31903  2.45%  1040  937s
H 3782  3223                    7190.0000000 7365.31903  2.44%  1040  941s
H 3782  3062                    7191.0000000 7365.31903  2.42%  1040  941s
  3784  3064 7361.00632   58 2164 7191.00000 7362.40999  2.38%  1040  945s
  3786  3065 7249.65634  111 2113 7191.00000 7359.78713  2.35%  1039  952s
  3787  3066 7262.49664   67 2162 7191.00000 7359.04808  2.34%  1039  955s
  3789  3067 7314.50562  232 2207 7191.00000 7358.42446  2.33%  1038  960s
H 3790  2914                    7192.0000000 7358.24321  2.31%  1038  963s
  3793  2916 7358.04220   30 2287 7192.00000 7358.04220  2.31%  1037  965s
H 3795  2770                    7193.0000000 7356.34465  2.27%  1037  973s
  3797  2771 7259.28257  457 2196 7193.00000 7355.34603  2.26%  1036  977s
  3798  2772 7351.36781   78 2211 7193.00000 7354.54690  2.25%  1036  981s
  3800  2773 7294.84247  318 2271 7193.00000 7353.77366  2.24%  1035  986s
  3802  2775 7273.88664  398 2303 7193.00000 7353.54478  2.23%  1035  990s
  3807  2778 7255.11422  116 2200 7193.00000 7352.33108  2.22%  1033 1000s
  3808  2779 7265.45433  437 2249 7193.00000 7351.47907  2.20%  1033 1005s
  3810  2780 7258.97607  138 2300 7193.00000 7350.73414  2.19%  1033 1011s
  3812  2781 7299.26404  272 2352 7193.00000 7350.42545  2.19%  1032 1015s
  3815  2783 7315.42159  210 2381 7193.00000 7350.08482  2.18%  1031 1021s
  3819  2786 7273.51782   51 2339 7193.00000 7349.27085  2.17%  1030 1030s
  3821  2787 7312.68218  218 2377 7193.00000 7348.34886  2.16%  1030 1038s
  3822  2788 7345.46335   81 2423 7193.00000 7348.11318  2.16%  1029 1042s
  3823  2789 7232.39333  199 2411 7193.00000 7347.94898  2.15%  1029 1045s
  3826  2791 7253.62851  546 2485 7193.00000 7347.73084  2.15%  1028 1051s
  3829  2793 7346.83980   63 2327 7193.00000 7346.83980  2.14%  1027 1061s
  3830  2793 7273.27867  450 2350 7193.00000 7346.47019  2.13%  1027 1065s
  3832  2795 7250.40182   95 2363 7193.00000 7346.01527  2.13%  1027 1071s
  3834  2796 7304.34050  249 2464 7193.00000 7345.80226  2.12%  1026 1075s
  3837  2798 7254.84776  101 2510 7193.00000 7345.64695  2.12%  1025 1080s
  3840  2800 7344.93511   64 2389 7193.00000 7344.93511  2.11%  1024 1089s
  3841  2801 7309.93004    9 2450 7193.00000 7344.67775  2.11%  1024 1093s
  3842  2801 7344.46539   15 2405 7193.00000 7344.46539  2.11%  1024 1096s
  3844  2803 7309.48361   10 2463 7193.00000 7344.25034  2.10%  1023 1101s
  3847  2805 7235.90152  171 2495 7193.00000 7344.10636  2.10%  1023 1106s
  3850  2807 7343.53233   36 2397 7193.00000 7343.53233  2.09%  1022 1116s
  3852  2808 7324.73402  153 2479 7193.00000 7343.08619  2.09%  1021 1123s
  3853  2809 7342.94321   36 2478 7193.00000 7342.94321  2.08%  1021 1126s
  3855  2810 7288.39329  329 2497 7193.00000 7342.80297  2.08%  1021 1131s
  3858  2812 7342.70332   55 2503 7193.00000 7342.70332  2.08%  1020 1135s
  3860  2813 7306.00665  224 2403 7193.00000 7342.33747  2.08%  1019 1146s
  3862  2815 7253.26945  148 2461 7193.00000 7342.09701  2.07%  1019 1151s
  3864  2816 7322.85988  200 2522 7193.00000 7342.00691  2.07%  1018 1155s
  3866  2817 7295.60506  288 2451 7193.00000 7341.68409  2.07%  1018 1162s
  3867  2818 7341.48290   48 2421 7193.00000 7341.48290  2.06%  1017 1166s
  3869  2819 7251.22058   41 2505 7193.00000 7341.28542  2.06%  1017 1172s
  3871  2821 7230.21924   59 2522 7193.00000 7341.18031  2.06%  1016 1176s
  3874  2823 7287.93539  361 2518 7193.00000 7341.11361  2.06%  1016 1181s
  3875  2823 7340.89618   74 2461 7193.00000 7340.89618  2.06%  1015 1186s
  3876  2824 7317.31422  198 2514 7193.00000 7340.73165  2.05%  1015 1190s
  3878  2825 7295.74404  319 2494 7193.00000 7340.58744  2.05%  1014 1195s
  3881  2827 7340.49068   65 2554 7193.00000 7340.49068  2.05%  1014 1200s
  3883  2829 7312.81549  225 2450 7193.00000 7340.21230  2.05%  1013 1208s
  3884  2829 7340.03966   58 2467 7193.00000 7340.03966  2.04%  1013 1211s
  3886  2831 7249.65634  111 2431 7193.00000 7339.85025  2.04%  1012 1216s
  3888  2832 7339.76187   51 2482 7193.00000 7339.76187  2.04%  1012 1221s
H 3889  2689                    7194.0000000 7339.74279  2.03%  1012 1228s
H 3889  2553                    7195.0000000 7339.55034  2.01%  1012 1229s
  3891  2554 7315.49939  208 2456 7195.00000 7339.38508  2.01%  1011 1232s
  3892  2555 7275.67599  376 2472 7195.00000 7339.29902  2.01%  1011 1235s
  3894  2556 7253.26298  116 2512 7195.00000 7339.20554  2.00%  1010 1240s
  3897  2558 7259.28257  457 2432 7195.00000 7338.86762  2.00%  1010 1251s
  3898  2559 7338.72953   78 2468 7195.00000 7338.72953  2.00%  1009 1255s
  3900  2560 7294.84247  318 2522 7195.00000 7338.59198  2.00%  1009 1260s
  3903  2562 7338.48839  122 2567 7195.00000 7338.48839  1.99%  1008 1266s
  3905  2563 7338.28315   61 2478 7195.00000 7338.28315  1.99%  1007 1284s
  3906  2564 7283.70609   37 2508 7195.00000 7338.18393  1.99%  1007 1288s
  3907  2565 7255.11422  116 2583 7195.00000 7338.11281  1.99%  1007 1291s
  3909  2566 7255.36737  108 2591 7195.00000 7338.03321  1.99%  1006 1295s
  3912  2568 7299.26404  272 2384 7195.00000 7337.34523  1.98%  1006 1316s
  3913  2569 7287.14913  330 2461 7195.00000 7336.99034  1.97%  1005 1321s
  3914  2569 7312.80514  199 2444 7195.00000 7336.79413  1.97%  1005 1325s
  3916  2571 7336.60532   47 2519 7195.00000 7336.60532  1.97%  1005 1332s
  3918  2572 7301.71330  243 2606 7195.00000 7336.52244  1.97%  1004 1336s
H 3920  2441                    7196.0000000 7336.46099  1.95%  1004 1341s
  3922  2443 7336.14074   81 2551 7196.00000 7336.14074  1.95%  1003 1348s
  3923  2443 7232.39333  199 2550 7196.00000 7336.02386  1.95%  1003 1352s
  3925  2445 7270.58528   59 2580 7196.00000 7335.92463  1.94%  1002 1356s
  3927  2446 7335.88409   29 2657 7196.00000 7335.88409  1.94%  1002 1360s
  3928  2447 7249.40503  554 2468 7196.00000 7335.57878  1.94%  1002 1366s
  3930  2448 7273.27867  450 2540 7196.00000 7335.33107  1.94%  1001 1373s
  3931  2449 7334.17701   95 2566 7196.00000 7335.28774  1.94%  1001 1375s
  3934  2451 7304.34050  249 2598 7196.00000 7335.20831  1.93%  1000 1380s
  3935  2451 7335.04568   25 2552 7196.00000 7335.04568  1.93%  1000 1385s
  3937  2453 7254.84776  101 2565 7196.00000 7334.81124  1.93%   999 1392s
  3939  2454 7334.74445   10 2606 7196.00000 7334.74445  1.93%   999 1395s
  3941  2455 7309.93004    9 2496 7196.00000 7334.49704  1.92%   998 1403s
  3942  2456 7334.37662   15 2548 7196.00000 7334.37662  1.92%   998 1406s
  3944  2457 7309.48361   10 2575 7196.00000 7334.29482  1.92%   997 1411s
  3947  2459 7235.90152  171 2544 7196.00000 7334.10573  1.92%   997 1419s
  3948  2460 7306.33015    8 2597 7196.00000 7334.00494  1.92%   996 1423s
  3949  2461 7333.93305  123 2582 7196.00000 7333.93305  1.92%   996 1427s
  3950  2461 7333.87471   36 2596 7196.00000 7333.87471  1.92%   996 1430s
  3953  2463 7333.67410   36 2570 7196.00000 7333.67410  1.91%   995 1439s
  3954  2464 7224.40347   31 2551 7196.00000 7333.58569  1.91%   995 1443s
  3955  2465 7288.39329  329 2590 7196.00000 7333.54176  1.91%   995 1445s
  3957  2466 7289.20968  347 2563 7196.00000 7333.46754  1.91%   994 1450s
  3959  2467 7328.09809  145 2528 7196.00000 7333.28639  1.91%   994 1457s
  3960  2468 7306.00665  224 2567 7196.00000 7333.19520  1.91%   993 1461s
  3962  2469 7253.26945  148 2620 7196.00000 7333.10491  1.91%   993 1465s
  3965  2471 7332.96228  160 2582 7196.00000 7332.96228  1.90%   992 1473s
  3966  2472 7295.60506  288 2581 7196.00000 7332.89238  1.90%   992 1477s
  3968  2473 7332.82188   97 2603 7196.00000 7332.82188  1.90%   991 1481s
  3970  2475 7260.52553   87 2543 7196.00000 7332.71292  1.90%   991 1486s
  3972  2476 7332.59537   82 2606 7196.00000 7332.59537  1.90%   990 1492s
  3973  2477 7253.92526  193 2596 7196.00000 7332.55741  1.90%   990 1495s
  3975  2478 7332.38440   74 2553 7196.00000 7332.38440  1.90%   990 1501s
  3976  2479 7317.31422  198 2591 7196.00000 7332.30551  1.89%   989 1505s
  3978  2480 7295.74404  319 2619 7196.00000 7332.23985  1.89%   989 1510s
  3980  2481 7308.18942    7 2592 7196.00000 7332.14784  1.89%   988 1517s
  3981  2482 7332.08153   65 2601 7196.00000 7332.08153  1.89%   988 1520s
  3983  2483 7312.81549  225 2587 7196.00000 7332.02988  1.89%   988 1525s
  3984  2484 7331.94129   58 2581 7196.00000 7331.94129  1.89%   987 1530s
  3986  2485 7249.65634  111 2631 7196.00000 7331.89672  1.89%   987 1535s
  3988  2487 7331.77458   51 2622 7196.00000 7331.77458  1.89%   986 1541s
  3990  2488 7331.72368   43 2624 7196.00000 7331.72368  1.89%   986 1546s
  3991  2489 7315.49939  208 2573 7196.00000 7331.62639  1.88%   986 1550s
  3998  2495 7331.62639   78 1101 7196.00000 7331.62639  1.88%  1119 1555s
  4001  2497 7301.71114  243 1441 7196.00000 7331.62639  1.88%  1118 1562s
  4002  2497 7273.88664  398 1469 7196.00000 7331.62639  1.88%  1117 1565s
  4004  2499 7331.62639   21 1619 7196.00000 7331.62639  1.88%  1117 1571s
  4005  2499 7331.62639   61 1782 7196.00000 7331.62639  1.88%  1117 1575s
  4007  2501 7255.11422  116 2017 7196.00000 7331.62639  1.88%  1116 1583s
  4008  2501 7265.45433  437 2105 7196.00000 7331.62639  1.88%  1116 1586s
  4010  2503 7258.97607  138 2265 7196.00000 7331.62639  1.88%  1115 1592s
  4012  2504 7299.26404  272 2410 7196.00000 7331.62639  1.88%  1115 1596s
  4015  2506 7315.42159  210 2459 7196.00000 7331.48025  1.88%  1114 1604s
  4016  2507 7331.40372   47 2468 7196.00000 7331.40372  1.88%  1114 1606s
  4018  2508 7301.71330  243 2475 7196.00000 7331.34661  1.88%  1113 1610s
  4019  2509 7273.51782   51 2469 7196.00000 7331.21569  1.88%  1113 1616s
  4021  2510 7312.68218  218 2518 7196.00000 7331.07450  1.88%  1112 1621s
  4023  2511 7232.39333  199 2540 7196.00000 7331.02791  1.88%  1112 1625s
  4024  2512 7307.69200  237 2529 7196.00000 7330.91886  1.87%  1111 1631s
  4026  2513 7253.62851  546 2556 7196.00000 7330.81234  1.87%  1111 1636s
  4028  2515 7249.40503  554 2506 7196.00000 7330.67341  1.87%  1110 1644s
  4029  2515 7330.63298   63 2551 7196.00000 7330.63298  1.87%  1110 1646s
  4031  2517 7330.58360   95 2574 7196.00000 7330.58360  1.87%  1109 1650s
  4032  2517 7250.40182   95 2550 7196.00000 7330.52195  1.87%  1109 1655s
  4034  2519 7304.34050  249 2568 7196.00000 7330.42542  1.87%  1109 1660s
  4037  2521 7254.84776  101 2463 7196.00000 7330.31880  1.87%  1108 1668s
  4038  2521 7330.27963  144 2564 7196.00000 7330.27963  1.87%  1107 1671s
  4040  2523 7330.23862   64 2543 7196.00000 7330.23862  1.87%  1107 1675s
  4042  2524 7330.13369   15 2557 7196.00000 7330.13369  1.86%  1106 1681s
  4044  2525 7309.48361   10 2636 7196.00000 7330.08999  1.86%  1106 1686s
  4045  2526 7330.01087   13 2602 7196.00000 7330.01087  1.86%  1106 1691s
  4047  2527 7235.90152  171 2602 7196.00000 7330.01040  1.86%  1105 1739s
  4048  2530 7330.01040   21 2572 7196.00000 7330.01040  1.86%  1136 1785s
  4050  2532 7330.00264   22 2529 7196.00000 7330.00264  1.86%  1149 1794s
  4053  2534 7330.00261   23 2527 7196.00000 7330.00261  1.86%  1150 1867s
  4059  2540 7330.00136   24 2526 7196.00000 7330.00136  1.86%  1178 1883s
  4067  2542 7329.90394   25 2512 7196.00000 7329.92552  1.86%  1181 1899s
  4075  2544 7327.26708   25 2419 7196.00000 7329.90393  1.86%  1198 1908s
  4083  2549 7329.88751   26 2483 7196.00000 7329.90174  1.86%  1203 1915s
  4091  2556 7325.17305   26 2080 7196.00000 7329.88736  1.86%  1208 1937s
  4102  2563 7329.85429   27 2410 7196.00000 7329.88148  1.86%  1218 1949s
  4113  2570 7288.75537   27 1643 7196.00000 7329.85427  1.86%  1226 1979s
  4126  2575 7329.82146   28 2406 7196.00000 7329.85404  1.86%  1237 1987s
  4139  2584 7319.82147   28 1976 7196.00000 7329.82145  1.86%  1246 2000s
  4154  2593 7329.50629   29 2303 7196.00000 7329.82145  1.86%  1249 2006s
  4173  2603 7329.75653   29 2395 7196.00000 7329.75653  1.86%  1250 2011s
  4195  2613 7329.24551   30 2322 7196.00000 7329.75653  1.86%  1250 2020s
  4244  2625 7329.63128   31 2306 7196.00000 7329.63128  1.86%  1250 2043s
  4267  2624 7329.40570   32 2335 7196.00000 7329.63058  1.86%  1256 2064s
  4282  2626 7320.11536   32 2094 7196.00000 7329.50627  1.86%  1268 2079s
  4295  2635 7329.20157   33 2300 7196.00000 7329.50627  1.86%  1277 2089s
  4314  2641 7288.64374   33 1640 7196.00000 7329.50627  1.86%  1287 2120s
  4333  2643 7328.99788   34 2310 7196.00000 7329.50627  1.86%  1297 2133s
  4341  2652 7311.58784   34 1787 7196.00000 7329.50627  1.86%  1313 2150s
  4355  2672 7328.95375   35 2285 7196.00000 7329.50627  1.86%  1322 2168s
  4381  2685 7328.94681   36 2301 7196.00000 7329.50627  1.86%  1328 2185s
  4405  2697 7328.92950   37 2288 7196.00000 7329.50627  1.86%  1336 2199s
  4428  2710 7328.91305   38 2255 7196.00000 7329.50627  1.86%  1344 2219s
  4449  2726 7328.39479   39 2122 7196.00000 7329.50627  1.86%  1355 2241s
  4472  2743 7328.36434   39 2164 7196.00000 7329.50627  1.86%  1364 2251s
  4499  2761 7328.39151   40 2112 7196.00000 7329.50627  1.86%  1365 2263s
  4528  2780 7327.83733   41 2088 7196.00000 7329.50627  1.86%  1373 2276s
  4559  2798 7327.78447   42 2118 7196.00000 7329.50627  1.86%  1380 2294s
  4595  2815 7327.76016   43 2128 7196.00000 7329.50627  1.86%  1390 2312s
  4629  2832 7327.69220   44 2133 7196.00000 7329.50627  1.86%  1402 2328s
  4665  2858 7327.41864   45 2230 7196.00000 7329.50627  1.86%  1413 2341s
  4713  2882 7327.40447   46 2209 7196.00000 7329.50627  1.86%  1416 2359s
  4759  2906 7327.39274   47 2195 7196.00000 7329.50627  1.86%  1425 2376s
  4814  2942 7326.65917   48 2147 7196.00000 7329.50627  1.86%  1432 2394s
  4883  2965 7326.62727   49 2116 7196.00000 7329.50627  1.86%  1436 2420s
  4941  2993 7326.22433   50 2138 7196.00000 7329.50627  1.86%  1445 2439s
  4997  3040 7326.15149   51 2125 7196.00000 7329.50627  1.86%  1454 2457s
  5070  3097 7326.11767   52 2124 7196.00000 7329.50627  1.86%  1455 2477s
  5164  3151 7326.07234   53 2118 7196.00000 7329.50627  1.86%  1453 2494s
  5249  3213 7325.94150   54 2082 7196.00000 7329.50627  1.86%  1452 2513s
  5342  3280 7325.79730   55 2082 7196.00000 7329.50627  1.86%  1452 2532s
  5447  3351 7325.72271   56 2046 7196.00000 7329.50627  1.86%  1447 2549s
  5557  3394 7324.69365   57 1984 7196.00000 7329.50627  1.86%  1444 2563s
  5641  3498 7325.49256   58 2133 7196.00000 7329.50627  1.86%  1438 2582s
  5780  3588 7322.21594   59 1868 7196.00000 7329.50627  1.86%  1431 2602s
  5921  3643 7323.37479   60 1971 7196.00000 7329.50627  1.86%  1421 2627s
  6048  3709 7318.17032   62 1968 7196.00000 7329.50627  1.86%  1421 2646s
  6179  3770 7322.99592   63 1867 7196.00000 7329.50627  1.86%  1417 2687s
  6330  3835 7322.41150   65 1949 7196.00000 7329.50627  1.86%  1414 2707s
  6454  3925 7322.38338   66 1959 7196.00000 7329.50627  1.86%  1410 2729s
  6599  4028 7321.81729   69 1917 7196.00000 7329.50627  1.86%  1403 2754s
  6760  4152 7321.19012   71 1867 7196.00000 7329.50627  1.86%  1395 2780s
  6958  4241 7320.41115   73 1787 7196.00000 7329.50627  1.86%  1383 2806s
  7168  4269 7319.24689   75 1787 7196.00000 7329.50627  1.86%  1371 2849s
  7291  4349 7318.18756   77 1805 7196.00000 7329.50627  1.86%  1374 2890s
  7413  4437 7317.13785   79 1791 7196.00000 7329.50627  1.86%  1382 2921s
  7542  4562 7312.72356   81 1734 7196.00000 7329.50627  1.86%  1385 2954s
  7711  4729 7314.83057   84 1766 7196.00000 7329.50627  1.86%  1381 3002s
  7959  4734 7312.75763   87 1776 7196.00000 7329.50627  1.86%  1369 3050s
  8064  4746 7312.45838   89 1832 7196.00000 7329.50627  1.86%  1378 3091s
  8111  4790 7311.60090   92 1809 7196.00000 7329.50627  1.86%  1397 3136s
  8170  4850 7310.57929   95 1766 7196.00000 7329.50627  1.86%  1417 3181s
  8250  4933 7310.17212   98 1774 7196.00000 7329.50627  1.86%  1435 3221s
  8362  4905 7309.68158  101 1736 7196.00000 7329.50627  1.86%  1448 3278s
  8385  4967 7305.08094  101 1752 7196.00000 7329.50627  1.86%  1454 3321s
H 8457  4939                    7197.0000000 7329.50627  1.84%  1473 3367s
  8585  5059 7307.21160  104 1749 7197.00000 7329.50627  1.84%  1480 3415s
  8751  5226 7306.33734  108 1733 7197.00000 7329.50627  1.84%  1489 3461s
  8976  5316 7305.67510  112 1697 7197.00000 7329.50627  1.84%  1491 3507s
  9163  5479 7304.94471  115 1683 7197.00000 7329.50627  1.84%  1491 3569s
  9399  5575 7304.12632  120 1630 7197.00000 7329.50627  1.84%  1500 3600s

Cutting planes:
  Gomory: 7
  Cover: 142
  Implied bound: 3
  MIR: 493
  StrongCG: 13
  Flow cover: 2188
  GUB cover: 523
  Zero half: 10
  RLT: 1023
  Relax-and-lift: 3

Explored 9580 nodes (14421317 simplex iterations) in 3600.01 seconds (7381.90 work units)
Thread count was 8 (of 8 available processors)

Solution count 10: 7197 7196 7195 ... 7188

Time limit reached
Best objective 7.197000000000e+03, best bound 7.329000000000e+03, gap 1.8341%
