
Gurobi 9.5.1 (linux64) logging started Thu Apr 21 12:06:53 2022

Set parameter LogFile to value "../results/logs/log_Brightkite_edges_20_20_2022_04_18_23_56.log"
Gurobi Optimizer version 9.5.1 build v9.5.1rc2 (linux64)
Thread count: 8 physical cores, 8 logical processors, using up to 8 threads
Optimize a model with 7279 rows, 116456 columns and 326490 nonzeros
Model fingerprint: 0xa0f4a29f
Variable types: 0 continuous, 116456 integer (116456 binary)
Coefficient statistics:
  Matrix range     [1e+00, 2e+01]
  Objective range  [1e+00, 1e+00]
  Bounds range     [1e+00, 1e+00]
  RHS range        [1e+00, 2e+01]
Found heuristic solution: objective 947.0000000
Presolve removed 37 rows and 94616 columns
Presolve time: 0.32s
Presolved: 7242 rows, 21840 columns, 175166 nonzeros
Found heuristic solution: objective 951.0000000
Variable types: 0 continuous, 21840 integer (18831 binary)
Warning: Markowitz tolerance tightened to 0.0625

Root relaxation: objective 3.125794e+03, 5129 iterations, 1.75 seconds (3.41 work units)

    Nodes    |    Current Node    |     Objective Bounds      |     Work
 Expl Unexpl |  Obj  Depth IntInf | Incumbent    BestBd   Gap | It/Node Time

     0     0 3125.79363    0 2735  951.00000 3125.79363   229%     -    2s
H    0     0                    1136.0000000 2610.52658   130%     -    8s
     0     0 2610.52658    0 2441 1136.00000 2610.52658   130%     -    8s
H    0     0                    1141.0000000 2610.52658   129%     -   15s
     0     0 1991.08090    0 2433 1141.00000 1991.08090  74.5%     -   16s
     0     0 1962.45173    0 2238 1141.00000 1962.45173  72.0%     -   18s
     0     0 1896.74075    0 1858 1141.00000 1896.74075  66.2%     -   19s
     0     0 1878.79478    0 1579 1141.00000 1878.79478  64.7%     -   20s
     0     0 1846.51811    0 1641 1141.00000 1846.51811  61.8%     -   21s
     0     0 1843.63370    0 1907 1141.00000 1843.63370  61.6%     -   22s
     0     0 1842.66493    0 1908 1141.00000 1842.66493  61.5%     -   22s
     0     0 1842.26299    0 1996 1141.00000 1842.26299  61.5%     -   23s
     0     0 1842.12636    0 1958 1141.00000 1842.12636  61.4%     -   23s
     0     0 1673.04501    0 1625 1141.00000 1673.04501  46.6%     -   29s
     0     0 1618.45152    0 1731 1141.00000 1618.45152  41.8%     -   31s
     0     0 1600.37881    0 1906 1141.00000 1600.37881  40.3%     -   33s
     0     0 1585.50531    0 1995 1141.00000 1585.50531  39.0%     -   35s
     0     0 1570.71900    0 2143 1141.00000 1570.71900  37.7%     -   39s
     0     0 1561.99676    0 2153 1141.00000 1561.99676  36.9%     -   41s
     0     0 1557.63588    0 2348 1141.00000 1557.63588  36.5%     -   44s
     0     0 1556.06093    0 2385 1141.00000 1556.06093  36.4%     -   46s
     0     0 1555.31894    0 2510 1141.00000 1555.31894  36.3%     -   48s
     0     0 1528.53267    0 2208 1141.00000 1528.53267  34.0%     -   55s
     0     0 1518.84737    0 2340 1141.00000 1518.84737  33.1%     -   58s
     0     0 1514.30974    0 2497 1141.00000 1514.30974  32.7%     -   61s
     0     0 1510.43037    0 2583 1141.00000 1510.43037  32.4%     -   64s
     0     0 1507.39572    0 2764 1141.00000 1507.39572  32.1%     -   68s
     0     0 1503.67196    0 2787 1141.00000 1503.67196  31.8%     -   71s
     0     0 1500.17060    0 2872 1141.00000 1500.17060  31.5%     -   75s
     0     0 1497.87039    0 3012 1141.00000 1497.87039  31.3%     -   80s
     0     0 1496.38747    0 2906 1141.00000 1496.38747  31.1%     -   83s
     0     0 1489.50094    0 2850 1141.00000 1489.50094  30.5%     -   94s
     0     0 1486.09601    0 2986 1141.00000 1486.09601  30.2%     -   99s
     0     0 1483.45090    0 2977 1141.00000 1483.45090  30.0%     -  103s
H    0     0                    1142.0000000 1481.70393  29.7%     -  108s
     0     0 1481.70393    0 3131 1142.00000 1481.70393  29.7%     -  108s
H    0     0                    1143.0000000 1478.52728  29.4%     -  113s
     0     0 1478.52728    0 3009 1143.00000 1478.52728  29.4%     -  113s
     0     0 1478.52728    0 3009 1143.00000 1478.52728  29.4%     -  114s
     0     2 1478.13649    0 3009 1143.00000 1478.13649  29.3%     -  137s
     3     8 1476.53375    2 3101 1143.00000 1478.13649  29.3%  1433  144s
     7    16 1473.24727    3 3466 1143.00000 1476.51775  29.2%  3535  172s
    15    24 1471.50096    4 3666 1143.00000 1473.24724  28.9%  6910  199s
    23    32 1468.48727    4 3649 1143.00000 1471.50070  28.7%  8363  233s
H   31    40                    1144.0000000 1471.50070  28.6%  7491  252s
H   36    40                    1145.0000000 1471.48720  28.5%  6576  252s
    39    46 1471.42268    6 3652 1145.00000 1471.48720  28.5%  6106  265s
    47    59 1471.34102    7 3633 1145.00000 1471.48720  28.5%  5513  298s
    60    71 1471.24035    9 3648 1145.00000 1471.48720  28.5%  4658  309s
    72    86 1471.04382   11 3630 1145.00000 1471.48720  28.5%  4204  315s
    87   108 1470.84603   13 3622 1145.00000 1471.48720  28.5%  3662  321s
   109   124 1470.64065   16 3615 1145.00000 1471.48720  28.5%  3058  330s
   125   141 1470.52870   18 3625 1145.00000 1471.48720  28.5%  2797  342s
   142   157 1469.85522   20 3621 1145.00000 1471.48720  28.5%  2630  353s
   160   179 1469.57237   22 3609 1145.00000 1471.48720  28.5%  2481  360s
H  167   179                    1146.0000000 1471.48720  28.4%  2402  360s
   182   201 1468.88557   24 3615 1146.00000 1471.48720  28.4%  2277  371s
   204   219 1468.84751   26 3594 1146.00000 1471.48720  28.4%  2133  414s
   224   238 1468.56324   29 3581 1146.00000 1471.48720  28.4%  2076  429s
   243   253 1468.12335   31 3597 1146.00000 1471.48720  28.4%  2047  449s
   262   272 1467.88408   34 3545 1146.00000 1471.48720  28.4%  2077  460s
   285   305 1467.56672   36 3578 1146.00000 1471.48720  28.4%  1996  468s
   318   324 1467.00679   39 3547 1146.00000 1471.48720  28.4%  1867  513s
   343   347 1451.41888   40 3466 1146.00000 1471.48720  28.4%  1914  534s
   374   365 1465.07990   41 3539 1146.00000 1471.48720  28.4%  1861  554s
   394   372 1459.79502   45 3608 1146.00000 1471.48720  28.4%  1901  584s
   403   392 1427.59608   45 3342 1146.00000 1471.48720  28.4%  2072  618s
   423   414 1459.39209   46 3629 1146.00000 1471.48720  28.4%  2149  630s
H  436   414                    1160.0000000 1471.48720  26.9%  2126  630s
   445   438 1458.72159   48 3651 1160.00000 1471.48720  26.9%  2110  648s
   471   460 1457.80572   51 3650 1160.00000 1471.48720  26.9%  2091  665s
H  479   460                    1161.0000000 1471.48720  26.7%  2072  665s
   497   492 1457.44800   55 3630 1161.00000 1471.48720  26.7%  2052  683s
   529   515 1456.24344   58 3582 1161.00000 1471.48720  26.7%  2016  703s
   554   540 1455.57553   61 3605 1161.00000 1471.48720  26.7%  2005  724s
   587   548 1454.65402   65 3557 1161.00000 1471.48720  26.7%  1981  755s
H  588   548                    1162.0000000 1471.48720  26.6%  1978  755s
H  592   548                    1163.0000000 1471.48720  26.5%  1978  755s
   595   571 1451.84321   65 3498 1163.00000 1471.48720  26.5%  1979  773s
   626   606 1453.78113   66 3570 1163.00000 1471.48720  26.5%  1954  801s
   663   615 1451.49706   69 3668 1163.00000 1471.48720  26.5%  1940  829s
   672   648 1451.45185   70 3691 1163.00000 1471.48720  26.5%  1994  852s
H  705   656                    1171.0000000 1471.48720  25.7%  1975 1091s
H  712   656                    1174.0000000 1471.48720  25.3%  1992 1091s
   713   695 1450.37866   74 3646 1174.00000 1471.48720  25.3%  1994 1113s
H  737   695                    1175.0000000 1471.48720  25.2%  1972 1113s
H  755   695                    1176.0000000 1471.48720  25.1%  1947 1113s
   758   705 1448.41313   79 3617 1176.00000 1471.48720  25.1%  1947 1183s
   776   733 1444.37454   79 3573 1176.00000 1471.48720  25.1%  1937 1225s
H  797   733                    1177.0000000 1471.48720  25.0%  1930 1225s
   814   773 1444.82231   82 3637 1177.00000 1471.48720  25.0%  1932 1251s
   854   802 1442.55699   88 3554 1177.00000 1471.48720  25.0%  1918 1276s
H  873   802                    1178.0000000 1471.48720  24.9%  1916 1276s
   883   836 1442.40141   89 3577 1178.00000 1471.48720  24.9%  1908 1310s
   917   881 1441.15838   94 3545 1178.00000 1471.48720  24.9%  1924 1338s
   962   922 1439.86041  101 3511 1178.00000 1471.48720  24.9%  1907 1370s
  1003   930 1409.74547  103 3465 1178.00000 1471.48720  24.9%  1915 1405s
  1011   985 1437.63304  104 3519 1178.00000 1471.48720  24.9%  1910 1436s
  1066  1032 1436.29107  112 3482 1178.00000 1471.48720  24.9%  1888 1471s
  1113  1095 1434.55049  119 3501 1178.00000 1471.48720  24.9%  1887 1507s
  1176  1158 1432.48144  126 3527 1178.00000 1471.48720  24.9%  1863 1541s
  1239  1204 1382.89324  136 3359 1178.00000 1471.48720  24.9%  1850 1579s
  1287  1262 1428.39788  137 3468 1178.00000 1471.48720  24.9%  1854 1615s
  1347  1347 1428.74864  143 3426 1178.00000 1471.48720  24.9%  1843 1659s
  1432  1427 1425.16364  154 3451 1178.00000 1471.48720  24.9%  1813 1702s
  1512  1487 1424.43587  161 3482 1178.00000 1471.48720  24.9%  1794 1745s
  1574  1560 1422.53382  170 3498 1178.00000 1471.48720  24.9%  1799 1794s
  1651  1641 1420.96003  177 3457 1178.00000 1471.48720  24.9%  1795 1848s
  1744  1722 1418.51614  190 3391 1178.00000 1471.48720  24.9%  1778 1906s
  1827  1810 1413.32622  194 3425 1178.00000 1471.48720  24.9%  1777 1955s
  1917  1902 1411.94666  205 3370 1178.00000 1471.48720  24.9%  1763 2009s
  2013  2000 1410.20169  219 3315 1178.00000 1471.48720  24.9%  1741 2054s
  2113  2180 1408.61860  230 3247 1178.00000 1471.48720  24.9%  1715 2110s
  2297  2361 1406.79674  251 3189 1178.00000 1471.48720  24.9%  1649 2164s
  2491  2504 1404.23854  273 3028 1178.00000 1471.48720  24.9%  1589 2224s
  2646  2694 1400.06825  282 3093 1178.00000 1471.48720  24.9%  1563 2294s
  2836  2857 1397.90021  307 2936 1178.00000 1471.48720  24.9%  1522 2347s
  3001  3137 1395.89209  332 2875 1178.00000 1471.48720  24.9%  1485 2410s
  3281  3380 1386.56893  379 2464 1178.00000 1471.48720  24.9%  1419 2478s
  3540  3580 1389.87215  415 2614 1178.00000 1471.48720  24.9%  1373 2545s
  3740  3791 1384.16636  436 2563 1178.00000 1471.48720  24.9%  1358 2615s
H 3762  3791                    1179.0000000 1471.48720  24.8%  1354 2615s
  3951  4080 1376.70036  468 2502 1179.00000 1471.48720  24.8%  1331 2695s
  4240  4450 1374.11840  508 2395 1179.00000 1471.48720  24.8%  1284 2793s
  4642  4689 1364.79597  574 2192 1179.00000 1471.48720  24.8%  1234 2865s
H 4780  4689                    1180.0000000 1471.48720  24.7%  1228 2865s
  4884  4690 1389.01717  380 3009 1180.00000 1471.48720  24.7%  1212 2988s
H 4885  4456                    1181.0000000 1471.48720  24.6%  1212 3043s
  4887  4457 1443.55173   57 2432 1181.00000 1471.48720  24.6%  1211 3077s
  4889  4458 1342.94727  146 2396 1181.00000 1471.48720  24.6%  1211 3081s
  4892  4460 1370.19767  372 2238 1181.00000 1471.48720  24.6%  1210 3085s
  4895  4462 1355.55114  555 2288 1181.00000 1471.48720  24.6%  1209 3091s
  4897  4464 1333.89458  125 2320 1181.00000 1471.48720  24.6%  1209 3096s
  4899  4465 1443.67561   56 2580 1181.00000 1471.48720  24.6%  1208 3102s
  4900  4466 1330.13954  663 2670 1181.00000 1471.48720  24.6%  1208 3107s
  4901  4466 1323.41942   51 2758 1181.00000 1471.48720  24.6%  1208 3112s
  4902  4467 1455.72657   25 2701 1181.00000 1471.48720  24.6%  1208 3117s
  4903  4468 1404.52605  212 2962 1181.00000 1471.48720  24.6%  1207 3122s
  4904  4468 1398.49073  188 2992 1181.00000 1471.48720  24.6%  1207 3128s
  4905  4469 1417.99783  122 3075 1181.00000 1471.48720  24.6%  1207 3134s
  4906  4470 1333.51745  625 3067 1181.00000 1471.48720  24.6%  1207 3140s
  4907  4470 1371.05070  522 3227 1181.00000 1471.48720  24.6%  1206 3145s
  4908  4471 1355.03373  592 3246 1181.00000 1471.48720  24.6%  1206 3155s
  4909  4472 1370.90714  355 3435 1181.00000 1471.48720  24.6%  1206 3161s
  4910  4472 1381.73514  214 3398 1181.00000 1471.10629  24.6%  1206 3168s
  4911  4473 1390.76591  407 3493 1181.00000 1469.73659  24.4%  1205 3175s
  4912  4474 1431.74333  134 3559 1181.00000 1468.72896  24.4%  1205 3181s
  4913  4474 1391.83769  323 3658 1181.00000 1468.08842  24.3%  1205 3187s
  4914  4475 1255.56524  839 3708 1181.00000 1467.79175  24.3%  1205 3191s
  4915  4476 1303.03494   83 3781 1181.00000 1467.58090  24.3%  1204 3195s
  4918  4478 1362.42756  462 3839 1181.00000 1467.34714  24.2%  1204 3201s
  4920  4479 1394.07849  369 3855 1181.00000 1467.27558  24.2%  1203 3206s
  4921  4480 1334.69812  179 3486 1181.00000 1463.27014  23.9%  1203 3222s
  4922  4480 1370.82076  526 3459 1181.00000 1460.62133  23.7%  1203 3230s
  4923  4481 1390.66129  345 3499 1181.00000 1459.08921  23.5%  1202 3236s
  4924  4482 1403.92174  179 3488 1181.00000 1457.78518  23.4%  1202 3243s
  4925  4482 1370.38165  370 3539 1181.00000 1456.97400  23.4%  1202 3249s
  4926  4483 1430.12683  107 3596 1181.00000 1456.21443  23.3%  1202 3255s
  4927  4484 1336.96533  176 3676 1181.00000 1455.54312  23.2%  1201 3262s
  4928  4484 1364.24207   59 3742 1181.00000 1454.88886  23.2%  1201 3269s
  4929  4485 1368.02601  394 3754 1181.00000 1454.35420  23.1%  1201 3278s
  4930  4486 1412.32513  184 3861 1181.00000 1453.87525  23.1%  1201 3286s
  4931  4486 1453.50959   30 3899 1181.00000 1453.50959  23.1%  1200 3294s
  4932  4487 1367.31100  396 3844 1181.00000 1452.80230  23.0%  1200 3303s
  4933  4488 1348.95899    9 3940 1181.00000 1452.37454  23.0%  1200 3311s
  4934  4488 1396.12528  206 3952 1181.00000 1451.91125  22.9%  1200 3319s
  4935  4489 1399.92481  284 3997 1181.00000 1451.51139  22.9%  1200 3328s
  4936  4490 1356.80905  580 3986 1181.00000 1451.36112  22.9%  1199 3332s
  4937  4490 1253.15450  864 4119 1181.00000 1451.21747  22.9%  1199 3338s
  4938  4491 1359.91984   76 4068 1181.00000 1451.15469  22.9%  1199 3341s
  4940  4492 1378.66067   56 4119 1181.00000 1451.03823  22.9%  1198 3347s
  4941  4493 1413.82673  176 4122 1181.00000 1451.00627  22.9%  1198 3351s
  4942  4494 1242.56291  939 3889 1181.00000 1448.69475  22.7%  1198 3370s
  4943  4494 1387.70909  336 3884 1181.00000 1447.45600  22.6%  1198 3381s
  4944  4495 1409.34914  224 3861 1181.00000 1446.58898  22.5%  1197 3391s
  4945  4496 1347.44030   92 3912 1181.00000 1445.96660  22.4%  1197 3401s
  4946  4496 1400.16447  251 3898 1181.00000 1445.51899  22.4%  1197 3409s
  4947  4497 1376.27636  136 3967 1181.00000 1445.16867  22.4%  1197 3418s
  4948  4498 1384.71684  435 4041 1181.00000 1444.84200  22.3%  1196 3428s
  4949  4498 1378.80255  299 3984 1181.00000 1444.31534  22.3%  1196 3437s
  4950  4499 1443.94534   56 4100 1181.00000 1443.94534  22.3%  1196 3446s
  4951  4500 1382.26270  368 4203 1181.00000 1443.67755  22.2%  1196 3456s
  4952  4500 1341.49778  107 4170 1181.00000 1443.47525  22.2%  1195 3463s
  4953  4501 1334.47551  622 4148 1181.00000 1443.35901  22.2%  1195 3470s
  4954  4502 1386.74790  263 4210 1181.00000 1443.28064  22.2%  1195 3475s
  4956  4503 1398.78422  292 4169 1181.00000 1443.15641  22.2%  1194 3482s
  4957  4504 1385.76933  427 4197 1181.00000 1443.12120  22.2%  1194 3485s
  4958  4504 1382.79693   24 4229 1181.00000 1443.08759  22.2%  1194 3490s
  4959  4505 1375.40811  269 4089 1181.00000 1441.48753  22.1%  1194 3511s
  4960  4506 1363.74574  451 4092 1181.00000 1440.70244  22.0%  1193 3523s
  4961  4506 1379.87452  294 4108 1181.00000 1440.21835  21.9%  1193 3533s
  4962  4507 1370.88856  414 4142 1181.00000 1439.82198  21.9%  1193 3542s
  4963  4508 1359.11734  583 4180 1181.00000 1439.52669  21.9%  1193 3552s
  4964  4508 1385.44418  430 4210 1181.00000 1439.28910  21.9%  1193 3561s
  4965  4509 1376.24437  323 4262 1181.00000 1438.89350  21.8%  1192 3573s
  4966  4510 1434.91507   73 4326 1181.00000 1438.64617  21.8%  1192 3582s
  4967  4510 1369.95722  547 4357 1181.00000 1438.45351  21.8%  1192 3591s
  4968  4511 1340.91961   79 4307 1181.00000 1438.32418  21.8%  1192 3598s

Cutting planes:
  Gomory: 1
  Cover: 196
  Implied bound: 117
  MIR: 601
  StrongCG: 12
  Flow cover: 1120
  GUB cover: 1338
  Zero half: 14
  Mod-K: 1
  RLT: 1853
  Relax-and-lift: 21

Explored 4968 nodes (6302061 simplex iterations) in 3600.10 seconds (6363.84 work units)
Thread count was 8 (of 8 available processors)

Solution count 10: 1181 1180 1179 ... 1163

Time limit reached
Best objective 1.181000000000e+03, best bound 1.438000000000e+03, gap 21.7612%
