
Gurobi 9.5.0 (win64) logging started Sun Jun 19 11:13:11 2022

Set parameter LogFile to value "../results/logs/log_facebook_combined_17_250_2022_06_19_11_13.log"
Gurobi Optimizer version 9.5.0 build v9.5.0rc5 (win64)
Thread count: 6 physical cores, 12 logical processors, using up to 12 threads
Optimize a model with 1003 rows, 8078 columns and 27347 nonzeros
Model fingerprint: 0x8f05abfd
Variable types: 0 continuous, 8078 integer (8078 binary)
Coefficient statistics:
  Matrix range     [1e+00, 2e+01]
  Objective range  [1e+00, 1e+00]
  Bounds range     [1e+00, 1e+00]
  RHS range        [1e+00, 3e+02]
Found heuristic solution: objective 2061.0000000
Presolve removed 33 rows and 6571 columns
Presolve time: 0.06s
Presolved: 970 rows, 1507 columns, 17213 nonzeros
Variable types: 0 continuous, 1507 integer (1423 binary)
Found heuristic solution: objective 2111.0000000

Root relaxation: objective 2.547778e+03, 772 iterations, 0.02 seconds (0.01 work units)

    Nodes    |    Current Node    |     Objective Bounds      |     Work
 Expl Unexpl |  Obj  Depth IntInf | Incumbent    BestBd   Gap | It/Node Time

     0     0 2547.77825    0  108 2111.00000 2547.77825  20.7%     -    0s
H    0     0                    2503.0000000 2547.77825  1.79%     -    0s
H    0     0                    2505.0000000 2547.77825  1.71%     -    0s
H    0     0                    2509.0000000 2547.77825  1.55%     -    0s
H    0     0                    2520.0000000 2547.77825  1.10%     -    0s
     0     0 2542.41633    0  167 2520.00000 2542.41633  0.89%     -    0s
H    0     0                    2528.0000000 2542.41633  0.57%     -    0s
     0     0 2541.01913    0  168 2528.00000 2541.01913  0.51%     -    0s
     0     0 2540.99240    0  160 2528.00000 2540.99240  0.51%     -    0s
H    0     0                    2531.0000000 2537.45297  0.25%     -    0s
     0     0 2537.40536    0  170 2531.00000 2537.40536  0.25%     -    0s
     0     0 2536.67663    0  135 2531.00000 2536.67663  0.22%     -    0s
     0     0 2536.54355    0  113 2531.00000 2536.54355  0.22%     -    0s
     0     0 2536.53933    0  115 2531.00000 2536.53933  0.22%     -    0s
H    0     0                    2532.0000000 2536.53933  0.18%     -    0s
     0     0 2535.34589    0  107 2532.00000 2535.34589  0.13%     -    0s
H    0     0                    2533.0000000 2535.34589  0.09%     -    0s
     0     0 2534.94175    0   73 2533.00000 2534.94175  0.08%     -    0s
     0     0 2534.91463    0   51 2533.00000 2534.91463  0.08%     -    0s
     0     0 2534.91247    0   53 2533.00000 2534.91247  0.08%     -    0s
     0     0 2534.73156    0   61 2533.00000 2534.73156  0.07%     -    0s
     0     0 2534.73156    0   59 2533.00000 2534.73156  0.07%     -    0s
     0     0 2534.73156    0   56 2533.00000 2534.73156  0.07%     -    0s
     0     0 2534.73156    0   58 2533.00000 2534.73156  0.07%     -    0s
     0     0 2534.73156    0   53 2533.00000 2534.73156  0.07%     -    0s
     0     0 2534.73156    0   50 2533.00000 2534.73156  0.07%     -    0s
     0     0 2534.73156    0   50 2533.00000 2534.73156  0.07%     -    0s
     0     0 2534.73156    0   42 2533.00000 2534.73156  0.07%     -    0s
     0     0 2534.61487    0   52 2533.00000 2534.61487  0.06%     -    0s
     0     0 2534.51983    0   46 2533.00000 2534.51983  0.06%     -    0s
     0     0 2534.49252    0   46 2533.00000 2534.49252  0.06%     -    0s
     0     0 2534.47768    0   54 2533.00000 2534.47768  0.06%     -    0s
     0     0 2534.47354    0   47 2533.00000 2534.47354  0.06%     -    0s
     0     0 2534.46408    0   45 2533.00000 2534.46408  0.06%     -    0s
     0     0 2534.46350    0   40 2533.00000 2534.46350  0.06%     -    0s
     0     0     cutoff    0      2533.00000 2533.00000  0.00%     -    0s

Cutting planes:
  Gomory: 27
  Lift-and-project: 4
  Cover: 5
  Implied bound: 9
  MIR: 34
  StrongCG: 3
  GUB cover: 36
  Zero half: 4
  Mod-K: 1
  RLT: 16
  Relax-and-lift: 3

Explored 1 nodes (2953 simplex iterations) in 0.72 seconds (0.34 work units)
Thread count was 12 (of 12 available processors)

Solution count 10: 2533 2533 2532 ... 2505

Optimal solution found (tolerance 0.00e+00)
Best objective 2.533000000000e+03, best bound 2.533000000000e+03, gap 0.0000%

Gurobi 9.5.0 (win64) logging started Sun Jun 19 11:13:34 2022

Set parameter LogFile to value "../results/logs/log_facebook_combined_17_250_2022_06_19_11_13.log"
Gurobi Optimizer version 9.5.0 build v9.5.0rc5 (win64)
Thread count: 6 physical cores, 12 logical processors, using up to 12 threads
Optimize a model with 2295 rows, 8078 columns and 31223 nonzeros
Model fingerprint: 0x4af2e927
Variable types: 0 continuous, 8078 integer (8078 binary)
Coefficient statistics:
  Matrix range     [1e+00, 2e+01]
  Objective range  [1e+00, 1e+00]
  Bounds range     [1e+00, 1e+00]
  RHS range        [1e+00, 3e+02]
Found heuristic solution: objective 2061.0000000
Presolve removed 692 rows and 6536 columns
Presolve time: 0.09s
Presolved: 1603 rows, 1542 columns, 18869 nonzeros
Extracted 638 lazy constraints
Variable types: 0 continuous, 1542 integer (1479 binary)

Root relaxation: objective 2.553824e+03, 654 iterations, 0.01 seconds (0.01 work units)

    Nodes    |    Current Node    |     Objective Bounds      |     Work
 Expl Unexpl |  Obj  Depth IntInf | Incumbent    BestBd   Gap | It/Node Time

     0     0 2553.82447    0   70 2061.00000 2553.82447  23.9%     -    0s
H    0     0                    2072.0000000 2553.82447  23.3%     -    0s
H    0     0                    2080.0000000 2553.57252  22.8%     -    0s
     0     0 2543.38496    0  142 2080.00000 2543.38496  22.3%     -    0s
     0     0 2543.12931    0  152 2080.00000 2543.12931  22.3%     -    0s
     0     0 2543.10738    0  153 2080.00000 2543.10738  22.3%     -    0s
     0     0 2543.08846    0  154 2080.00000 2543.08846  22.3%     -    0s
     0     0 2538.43426    0  146 2080.00000 2538.43426  22.0%     -    0s
     0     0 2537.64754    0  137 2080.00000 2537.64754  22.0%     -    0s
     0     0 2537.50661    0  113 2080.00000 2537.50661  22.0%     -    0s
     0     0 2537.43530    0  117 2080.00000 2537.43530  22.0%     -    0s
     0     0 2537.43502    0  117 2080.00000 2537.43502  22.0%     -    0s
     0     0 2535.94761    0   88 2080.00000 2535.94761  21.9%     -    0s
H    0     0                    2470.0000000 2535.94761  2.67%     -    0s
     0     0 2535.54468    0   72 2470.00000 2535.54468  2.65%     -    0s
     0     0 2535.38826    0   70 2470.00000 2535.38826  2.65%     -    0s
     0     0 2535.37675    0   67 2470.00000 2535.37675  2.65%     -    0s
H    0     0                    2526.9999999 2535.37675  0.33%     -    0s
     0     0 2534.91454    0   84 2527.00000 2534.91454  0.31%     -    0s
H    0     0                    2531.0000000 2534.91454  0.15%     -    0s
     0     0 2534.81594    0   90 2531.00000 2534.81594  0.15%     -    0s
     0     0 2534.73863    0  133 2531.00000 2534.73863  0.15%     -    0s
     0     0 2534.72020    0  128 2531.00000 2534.72020  0.15%     -    0s
     0     0 2534.71681    0  110 2531.00000 2534.71681  0.15%     -    0s
     0     0 2534.59551    0  101 2531.00000 2534.59551  0.14%     -    0s
     0     0 2534.49076    0  102 2531.00000 2534.49076  0.14%     -    0s
     0     0 2534.48370    0  104 2531.00000 2534.48370  0.14%     -    0s
     0     0 2534.34828    0   59 2531.00000 2534.34828  0.13%     -    0s
H    0     0                    2532.0000000 2534.34828  0.09%     -    0s
     0     0 2534.33265    0   56 2532.00000 2534.33265  0.09%     -    0s
     0     0 2534.32624    0   88 2532.00000 2534.32624  0.09%     -    0s
     0     0 2534.31196    0   59 2532.00000 2534.31196  0.09%     -    0s
     0     0 2534.31196    0   58 2532.00000 2534.31196  0.09%     -    0s
H    0     0                    2533.0000000 2534.31196  0.05%     -    0s
     0     0 2534.31196    0   33 2533.00000 2534.31196  0.05%     -    0s
     0     0 2534.31196    0   31 2533.00000 2534.31196  0.05%     -    0s
     0     0     cutoff    0      2533.00000 2533.00000  0.00%     -    0s

Cutting planes:
  Gomory: 19
  Cover: 2
  Implied bound: 3
  MIR: 25
  StrongCG: 2
  GUB cover: 7
  Zero half: 1
  RLT: 6
  Relax-and-lift: 2

Explored 1 nodes (2976 simplex iterations) in 0.92 seconds (0.48 work units)
Thread count was 12 (of 12 available processors)

Solution count 9: 2533 2532 2531 ... 2061

Optimal solution found (tolerance 0.00e+00)
Best objective 2.533000000000e+03, best bound 2.533000000000e+03, gap 0.0000%

Gurobi 9.5.0 (win64) logging started Sun Jun 19 11:13:56 2022

Set parameter LogFile to value "../results/logs/log_facebook_combined_17_250_2022_06_19_11_13.log"
Gurobi Optimizer version 9.5.0 build v9.5.0rc5 (win64)
Thread count: 6 physical cores, 12 logical processors, using up to 12 threads
Optimize a model with 2295 rows, 8078 columns and 31223 nonzeros
Model fingerprint: 0x4af2e927
Variable types: 0 continuous, 8078 integer (8078 binary)
Coefficient statistics:
  Matrix range     [1e+00, 2e+01]
  Objective range  [1e+00, 1e+00]
  Bounds range     [1e+00, 1e+00]
  RHS range        [1e+00, 3e+02]
Found heuristic solution: objective 2061.0000000
Presolve removed 692 rows and 6536 columns
Presolve time: 0.10s
Presolved: 1603 rows, 1542 columns, 18869 nonzeros
Extracted 638 lazy constraints
Variable types: 0 continuous, 1542 integer (1479 binary)

Root relaxation: objective 2.553824e+03, 654 iterations, 0.01 seconds (0.01 work units)

    Nodes    |    Current Node    |     Objective Bounds      |     Work
 Expl Unexpl |  Obj  Depth IntInf | Incumbent    BestBd   Gap | It/Node Time

     0     0 2553.82447    0   70 2061.00000 2553.82447  23.9%     -    0s
H    0     0                    2072.0000000 2553.82447  23.3%     -    0s
H    0     0                    2080.0000000 2553.57252  22.8%     -    0s
     0     0 2543.38496    0  142 2080.00000 2543.38496  22.3%     -    0s
     0     0 2543.12931    0  152 2080.00000 2543.12931  22.3%     -    0s
     0     0 2543.10738    0  153 2080.00000 2543.10738  22.3%     -    0s
     0     0 2543.08846    0  154 2080.00000 2543.08846  22.3%     -    0s
     0     0 2538.43426    0  146 2080.00000 2538.43426  22.0%     -    0s
     0     0 2537.64754    0  137 2080.00000 2537.64754  22.0%     -    0s
     0     0 2537.50661    0  113 2080.00000 2537.50661  22.0%     -    0s
     0     0 2537.43530    0  117 2080.00000 2537.43530  22.0%     -    0s
     0     0 2537.43502    0  117 2080.00000 2537.43502  22.0%     -    0s
     0     0 2535.94761    0   88 2080.00000 2535.94761  21.9%     -    0s
H    0     0                    2470.0000000 2535.94761  2.67%     -    0s
     0     0 2535.54468    0   72 2470.00000 2535.54468  2.65%     -    0s
     0     0 2535.38826    0   70 2470.00000 2535.38826  2.65%     -    0s
     0     0 2535.37675    0   67 2470.00000 2535.37675  2.65%     -    0s
H    0     0                    2526.9999999 2535.37675  0.33%     -    0s
     0     0 2534.91454    0   84 2527.00000 2534.91454  0.31%     -    0s
H    0     0                    2531.0000000 2534.91454  0.15%     -    0s
     0     0 2534.81594    0   90 2531.00000 2534.81594  0.15%     -    0s
     0     0 2534.73863    0  133 2531.00000 2534.73863  0.15%     -    0s
     0     0 2534.72020    0  128 2531.00000 2534.72020  0.15%     -    0s
     0     0 2534.71681    0  110 2531.00000 2534.71681  0.15%     -    0s
     0     0 2534.59551    0  101 2531.00000 2534.59551  0.14%     -    0s
     0     0 2534.49076    0  102 2531.00000 2534.49076  0.14%     -    0s
     0     0 2534.48370    0  104 2531.00000 2534.48370  0.14%     -    0s
     0     0 2534.34828    0   59 2531.00000 2534.34828  0.13%     -    0s
H    0     0                    2532.0000000 2534.34828  0.09%     -    0s
     0     0 2534.33265    0   56 2532.00000 2534.33265  0.09%     -    0s
     0     0 2534.32624    0   88 2532.00000 2534.32624  0.09%     -    0s
     0     0 2534.31196    0   59 2532.00000 2534.31196  0.09%     -    0s
     0     0 2534.31196    0   58 2532.00000 2534.31196  0.09%     -    0s
H    0     0                    2533.0000000 2534.31196  0.05%     -    0s
     0     0 2534.31196    0   33 2533.00000 2534.31196  0.05%     -    0s
     0     0 2534.31196    0   31 2533.00000 2534.31196  0.05%     -    0s
     0     0     cutoff    0      2533.00000 2533.00000  0.00%     -    0s

Cutting planes:
  Gomory: 19
  Cover: 2
  Implied bound: 3
  MIR: 25
  StrongCG: 2
  GUB cover: 7
  Zero half: 1
  RLT: 6
  Relax-and-lift: 2

Explored 1 nodes (2976 simplex iterations) in 0.93 seconds (0.48 work units)
Thread count was 12 (of 12 available processors)

Solution count 9: 2533 2532 2531 ... 2061

Optimal solution found (tolerance 0.00e+00)
Best objective 2.533000000000e+03, best bound 2.533000000000e+03, gap 0.0000%
