
Gurobi 9.5.1 (linux64) logging started Sun Jun 19 11:04:50 2022

Set parameter LogFile to value "../results/logs/log_socfb-Syracuse56_46_2_2022_06_19_11_04.log"
Gurobi Optimizer version 9.5.1 build v9.5.1rc2 (linux64)
Thread count: 8 physical cores, 8 logical processors, using up to 8 threads
Optimize a model with 2835 rows, 27306 columns and 173405 nonzeros
Model fingerprint: 0x9e087b49
Variable types: 0 continuous, 27306 integer (27306 binary)
Coefficient statistics:
  Matrix range     [1e+00, 5e+01]
  Objective range  [1e+00, 1e+00]
  Bounds range     [1e+00, 1e+00]
  RHS range        [1e+00, 2e+00]
Found heuristic solution: objective 6985.0000000
Presolve removed 144 rows and 21171 columns
Presolve time: 0.21s
Presolved: 2691 rows, 6135 columns, 54684 nonzeros
Found heuristic solution: objective 6987.0000000
Variable types: 0 continuous, 6135 integer (5904 binary)

Root relaxation: objective 7.833141e+03, 1164 iterations, 0.14 seconds (0.23 work units)

    Nodes    |    Current Node    |     Objective Bounds      |     Work
 Expl Unexpl |  Obj  Depth IntInf | Incumbent    BestBd   Gap | It/Node Time

     0     0 7833.14129    0  963 6987.00000 7833.14129  12.1%     -    0s
H    0     0                    6996.0000000 7833.14129  12.0%     -    1s
     0     0 7408.71122    0  731 6996.00000 7408.71122  5.90%     -    1s
H    0     0                    6999.0000000 7255.09878  3.66%     -    2s
     0     0 7255.06866    0  468 6999.00000 7255.06866  3.66%     -    2s
     0     0 7244.76693    0  556 6999.00000 7244.76693  3.51%     -    2s
     0     0 7244.03007    0  524 6999.00000 7244.03007  3.50%     -    2s
     0     0 7243.69763    0  576 6999.00000 7243.69763  3.50%     -    2s
     0     0 7243.59475    0  532 6999.00000 7243.59475  3.49%     -    2s
     0     0 7099.26859    0  738 6999.00000 7099.26859  1.43%     -    3s
     0     0 7086.76479    0  832 6999.00000 7086.76479  1.25%     -    3s
     0     0 7084.96566    0  923 6999.00000 7084.96566  1.23%     -    4s
     0     0 7083.94219    0  940 6999.00000 7083.94219  1.21%     -    4s
     0     0 7083.63177    0  876 6999.00000 7083.63177  1.21%     -    4s
     0     0 7063.25183    0  789 6999.00000 7063.25183  0.92%     -    5s
     0     0 7057.73982    0  845 6999.00000 7057.73982  0.84%     -    6s
     0     0 7055.92415    0  879 6999.00000 7055.92415  0.81%     -    6s
     0     0 7055.26249    0  874 6999.00000 7055.26249  0.80%     -    7s
     0     0 7051.35336    0  932 6999.00000 7051.35336  0.75%     -    8s
     0     0 7048.44458    0  942 6999.00000 7048.44458  0.71%     -    9s
     0     0 7047.68467    0  941 6999.00000 7047.68467  0.70%     -    9s
     0     0 7046.47109    0  980 6999.00000 7046.47109  0.68%     -   10s
     0     0 7046.46037    0  953 6999.00000 7046.46037  0.68%     -   10s
     0     2 7046.46037    0  953 6999.00000 7046.46037  0.68%     -   11s
    38    24 7045.64334    8  957 6999.00000 7045.76842  0.67%   264   15s
   463   412 7041.14371   62  869 6999.00000 7045.76842  0.67%   146   20s
   662   575 7038.86984  102  897 6999.00000 7045.76842  0.67%   141   25s
   914   830 7036.55824  141  830 6999.00000 7045.76842  0.67%   164   30s
  1347  1227 7031.93821  233  782 6999.00000 7045.76842  0.67%   179   35s
  1519  1358 7010.15791   25  250 6999.00000 7010.15791  0.16%   181   40s
H 1633  1363                    7000.0000000 7004.46067  0.06%   172   43s
  1689  1401 7004.46067  204  234 7000.00000 7004.46067  0.06%   169   45s

Cutting planes:
  Gomory: 11
  Cover: 22
  MIR: 18
  StrongCG: 1
  Flow cover: 183
  GUB cover: 46
  Zero half: 10
  RLT: 54
  Relax-and-lift: 1

Explored 1867 nodes (316359 simplex iterations) in 48.08 seconds (80.85 work units)
Thread count was 8 (of 8 available processors)

Solution count 7: 7000 6999 6996 ... 6985

Optimal solution found (tolerance 0.00e+00)
Best objective 7.000000000000e+03, best bound 7.000000000000e+03, gap 0.0000%
