
Gurobi 9.5.1 (linux64) logging started Sun Jun 12 23:17:58 2022

Set parameter LogFile to value "../results/logs/log_CA-HepPh_4_10_2022_06_12_23_13.log"
Gurobi Optimizer version 9.5.1 build v9.5.1rc2 (linux64)
Thread count: 8 physical cores, 8 logical processors, using up to 8 threads
Optimize a model with 1269 rows, 24012 columns and 13543 nonzeros
Model fingerprint: 0x36338614
Variable types: 0 continuous, 24012 integer (24012 binary)
Coefficient statistics:
  Matrix range     [1e+00, 4e+00]
  Objective range  [1e+00, 1e+00]
  Bounds range     [1e+00, 1e+00]
  RHS range        [1e+00, 1e+01]
Found heuristic solution: objective 6591.0000000
Presolve removed 525 rows and 22896 columns
Presolve time: 0.02s
Presolved: 744 rows, 1116 columns, 3551 nonzeros
Found heuristic solution: objective 6601.0000000
Variable types: 0 continuous, 1116 integer (995 binary)

Root relaxation: objective 6.721930e+03, 531 iterations, 0.00 seconds (0.00 work units)

    Nodes    |    Current Node    |     Objective Bounds      |     Work
 Expl Unexpl |  Obj  Depth IntInf | Incumbent    BestBd   Gap | It/Node Time

     0     0 6721.93029    0  157 6601.00000 6721.93029  1.83%     -    0s
H    0     0                    6616.0000000 6721.93029  1.60%     -    0s
H    0     0                    6621.0000000 6721.93029  1.52%     -    0s
H    0     0                    6623.0000000 6721.93029  1.49%     -    0s
H    0     0                    6624.0000000 6721.93029  1.48%     -    0s
H    0     0                    6633.0000000 6716.77091  1.26%     -    0s
H    0     0                    6635.0000000 6716.77091  1.23%     -    0s
H    0     0                    6636.0000000 6636.33333  0.01%     -    0s
     0     0 6636.33333    0   13 6636.00000 6636.33333  0.01%     -    0s

Cutting planes:
  Gomory: 76
  Cover: 7
  Implied bound: 1
  MIR: 48
  StrongCG: 3
  GUB cover: 70
  Zero half: 6
  RLT: 8

Explored 1 nodes (745 simplex iterations) in 0.10 seconds (0.05 work units)
Thread count was 8 (of 8 available processors)

Solution count 9: 6636 6635 6633 ... 6591

Optimal solution found (tolerance 0.00e+00)
Best objective 6.636000000000e+03, best bound 6.636000000000e+03, gap 0.0000%
