
Gurobi 9.0.1 (win64) logging started 11/11/21 13:51:56

Changed value of parameter LogFile to ../results/logs/log_samuel_kroger_2021_11_11_13_51_55.csv_30_5.log
   Prev:   Default: 
Changed value of parameter method to 3
   Prev: -1  Min: -1  Max: 5  Default: -1
Gurobi Optimizer version 9.0.1 build v9.0.1rc0 (win64)
Optimize a model with 3728 rows, 46266 columns and 112483 nonzeros
Model fingerprint: 0xcb28ef07
Variable types: 23133 continuous, 23133 integer (23133 binary)
Coefficient statistics:
  Matrix range     [1e+00, 3e+01]
  Objective range  [1e+00, 1e+00]
  Bounds range     [1e+00, 1e+00]
  RHS range        [1e+00, 5e+00]
Found heuristic solution: objective -0.0000000
Presolve removed 3627 rows and 45955 columns
Presolve time: 0.09s
Presolved: 101 rows, 311 columns, 3319 nonzeros
Extracted 51 lazy constraints
Variable types: 260 continuous, 51 integer (51 binary)

Root relaxation: objective 5.100000e+01, 4 iterations, 0.00 seconds

    Nodes    |    Current Node    |     Objective Bounds      |     Work
 Expl Unexpl |  Obj  Depth IntInf | Incumbent    BestBd   Gap | It/Node Time

     0     0   16.54826    0   50   -0.00000   16.54826      -     -    0s
     0     0    7.30305    0   43   -0.00000    7.30305      -     -    0s
     0     0    5.16111    0   42   -0.00000    5.16111      -     -    0s
     0     0    4.65068    0   43   -0.00000    4.65068      -     -    0s
     0     0    4.44458    0   41   -0.00000    4.44458      -     -    0s
     0     0    4.37024    0   39   -0.00000    4.37024      -     -    0s
     0     0    4.33298    0   39   -0.00000    4.33298      -     -    0s
     0     0     cutoff    0        -0.00000   -0.00000  0.00%     -    0s

Cutting planes:
  Gomory: 14
  MIR: 19
  Lazy constraints: 51

Explored 1 nodes (364 simplex iterations) in 0.16 seconds
Thread count was 8 (of 8 available processors)

Solution count 1: -0 
No other solutions better than -0

Optimal solution found (tolerance 1.00e-04)
Best objective -0.000000000000e+00, best bound -0.000000000000e+00, gap 0.0000%
