
Gurobi 9.5.1 (linux64) logging started Wed Mar  9 17:58:58 2022

Set parameter LogFile to value "../results/logs/log_2022_03_09_17_57.csv_3_35.log"
Set parameter Method to value 3
Gurobi Optimizer version 9.5.1 build v9.5.1rc2 (linux64)
Thread count: 8 physical cores, 8 logical processors, using up to 8 threads
Optimize a model with 5947 rows, 9882 columns and 44842 nonzeros
Model fingerprint: 0x0029da44
Variable types: 4941 continuous, 4941 integer (4941 binary)
Coefficient statistics:
  Matrix range     [1e+00, 3e+00]
  Objective range  [1e+00, 1e+00]
  Bounds range     [1e+00, 1e+00]
  RHS range        [1e+00, 4e+01]
Found heuristic solution: objective 231.0000000
Presolve removed 2783 rows and 5534 columns
Presolve time: 0.04s
Presolved: 3164 rows, 4348 columns, 16843 nonzeros
Variable types: 2523 continuous, 1825 integer (1795 binary)
Found heuristic solution: objective 258.0000000

Concurrent LP optimizer: primal simplex, dual simplex, and barrier
Showing barrier log only...

Root barrier log...

Ordering time: 0.00s

Barrier statistics:
 AA' NZ     : 1.450e+04
 Factor NZ  : 4.269e+04 (roughly 3 MB of memory)
 Factor Ops : 6.627e+05 (less than 1 second per iteration)
 Threads    : 1

                  Objective                Residual
Iter       Primal          Dual         Primal    Dual     Compl     Time
   0   9.00136736e+03  6.33287216e+03  6.55e+03 1.00e+00  1.35e+01     0s
   1   2.25940424e+03  9.30655793e+03  1.08e+03 4.00e-15  2.57e+00     0s
   2   1.24406602e+03  4.56013818e+03  1.56e+02 4.00e-15  5.00e-01     0s
   3   1.17848548e+03  1.74626402e+03  3.17e+01 3.66e-15  8.87e-02     0s
   4   1.13734069e+03  1.29132134e+03  6.20e+00 4.47e-15  2.11e-02     0s
   5   1.13893834e+03  1.19245691e+03  1.56e+00 3.41e-15  6.46e-03     0s
   6   1.14196521e+03  1.15681454e+03  3.31e-01 5.21e-15  1.65e-03     0s
   7   1.14364010e+03  1.14538511e+03  3.68e-02 5.36e-15  1.91e-04     0s
   8   1.14413971e+03  1.14428726e+03  2.67e-03 6.04e-15  1.56e-05     0s
   9   1.14419704e+03  1.14420475e+03  2.40e-05 4.44e-15  6.84e-07     0s
  10   1.14419963e+03  1.14419963e+03  2.31e-09 4.32e-15  3.59e-11     0s

Barrier solved model in 10 iterations and 0.08 seconds (0.07 work units)
Optimal objective 1.14419963e+03


Solved with barrier

Root relaxation: objective 1.144200e+03, 325 iterations, 0.04 seconds (0.03 work units)

    Nodes    |    Current Node    |     Objective Bounds      |     Work
 Expl Unexpl |  Obj  Depth IntInf | Incumbent    BestBd   Gap | It/Node Time

     0     0 1144.19963    0 1246  258.00000 1144.19963   343%     -    0s
H    0     0                     264.0000000  661.54305   151%     -    0s
     0     0  661.54305    0  678  264.00000  661.54305   151%     -    0s
     0     0  627.73488    0  577  264.00000  627.73488   138%     -    0s
     0     0  626.10849    0  581  264.00000  626.10849   137%     -    0s
     0     0  625.83814    0  568  264.00000  625.83814   137%     -    0s
H    0     0                     265.0000000  554.73856   109%     -    0s
     0     0  554.73856    0  478  265.00000  554.73856   109%     -    0s
H    0     0                     269.0000000  545.14110   103%     -    0s
H    0     0                     270.0000000  545.14110   102%     -    0s
     0     0  545.14110    0  456  270.00000  545.14110   102%     -    0s
     0     0  543.49885    0  480  270.00000  543.49885   101%     -    0s
     0     0  543.14469    0  476  270.00000  543.14469   101%     -    0s
H    0     0                     271.0000000  543.14469   100%     -    0s
H    0     0                     275.0000000  543.14469  97.5%     -    0s
H    0     0                     277.0000000  514.82795  85.9%     -    0s
     0     0  514.82795    0  457  277.00000  514.82795  85.9%     -    0s
H    0     0                     279.0000000  506.54434  81.6%     -    0s
     0     0  506.54434    0  516  279.00000  506.54434  81.6%     -    0s
     0     0  505.40429    0  507  279.00000  505.40429  81.1%     -    0s
     0     0  505.23523    0  457  279.00000  505.23523  81.1%     -    0s
H    0     0                     293.0000000  505.23523  72.4%     -    0s
     0     0  496.84547    0  396  293.00000  496.84547  69.6%     -    0s
H    0     0                     295.0000000  496.84547  68.4%     -    0s
     0     0  494.06741    0  448  295.00000  494.06741  67.5%     -    1s
     0     0  493.08164    0  415  295.00000  493.08164  67.1%     -    1s
     0     0  492.92520    0  423  295.00000  492.92520  67.1%     -    1s
     0     0  489.62949    0  359  295.00000  489.62949  66.0%     -    1s
     0     0  489.62949    0  357  295.00000  489.62949  66.0%     -    1s
     0     2  489.62602    0  357  295.00000  489.62602  66.0%     -    1s
H   35    40                     304.0000000  487.82043  60.5%   139    1s
H  118   125                     313.0000000  487.82043  55.9%  88.6    1s
H  121   125                     318.0000000  487.82043  53.4%  88.8    1s
H  434   437                     321.0000000  487.82043  52.0%  64.4    2s
H  435   437                     325.0000000  487.82043  50.1%  64.6    2s
H  440   437                     326.0000000  487.82043  49.6%  64.7    2s
H 1403  1391                     351.0000000  487.82043  39.0%  47.5    3s
H 1700  1615                     376.0000000  487.82043  29.7%  46.6    3s
H 1865  1651                     414.0000000  487.82043  17.8%  47.1    4s
H 2337  1505                     444.0000000  487.71787  9.85%  47.2    5s
H 2390  1457                     449.0000000  456.77157  1.73%  46.1   10s
  2462  1506  455.47541   47  276  449.00000  455.47541  1.44%  51.2   15s
H 2473  1436                     450.0000000  455.28952  1.18%  51.0   15s
* 2506  1384              32     453.0000000  454.43253  0.32%  54.1   19s

Cutting planes:
  Gomory: 100
  Lift-and-project: 144
  Cover: 4
  Implied bound: 14
  MIR: 699
  Flow cover: 795
  RLT: 77
  Relax-and-lift: 34

Explored 2523 nodes (143046 simplex iterations) in 19.70 seconds (20.94 work units)
Thread count was 8 (of 8 available processors)

Solution count 10: 453 450 449 ... 321

Optimal solution found (tolerance 1.00e-04)
Best objective 4.530000000000e+02, best bound 4.530000000000e+02, gap 0.0000%
