
Gurobi 9.5.0 (win64) logging started Mon Jul  4 13:08:15 2022

Set parameter LogFile to value "../results/logs/log_facebook_combined_20_20_2022_07_04_11_15.log"
Gurobi Optimizer version 9.5.0 build v9.5.0rc5 (win64)
Thread count: 6 physical cores, 12 logical processors, using up to 12 threads
Optimize a model with 1720 rows, 8078 columns and 32165 nonzeros
Model fingerprint: 0x91921d42
Coefficient statistics:
  Matrix range     [1e+00, 2e+01]
  Objective range  [1e+00, 1e+00]
  Bounds range     [1e+00, 1e+00]
  RHS range        [1e+00, 2e+01]

Concurrent LP optimizer: primal simplex, dual simplex, and barrier
Showing barrier log only...

Presolve removed 12 rows and 6332 columns
Presolve time: 0.04s
Presolved: 1708 rows, 1746 columns, 19175 nonzeros

Ordering time: 0.00s

Barrier statistics:
 AA' NZ     : 3.318e+04
 Factor NZ  : 5.618e+04 (roughly 2 MB of memory)
 Factor Ops : 2.397e+06 (less than 1 second per iteration)
 Threads    : 4

                  Objective                Residual
Iter       Primal          Dual         Primal    Dual     Compl     Time
   0   2.19930018e+03  2.18840668e+03  1.42e+03 3.04e-01  1.29e+00     0s
   1   2.23406862e+03  2.37264971e+03  4.01e+02 2.66e-01  4.23e-01     0s
   2   2.27796834e+03  2.44451757e+03  9.53e+01 4.21e-02  1.12e-01     0s
   3   2.26783495e+03  2.32562301e+03  4.42e+01 1.40e-02  4.72e-02     0s
   4   2.26155194e+03  2.28239228e+03  2.08e+01 5.48e-03  2.25e-02     0s
   5   2.25322181e+03  2.26007073e+03  1.11e+01 2.87e-03  1.20e-02     0s

Barrier performed 5 iterations in 0.07 seconds (0.02 work units)
Barrier solve interrupted - model solved by another algorithm


Solved with dual simplex
Solved in 565 iterations and 0.07 seconds (0.03 work units)
Optimal objective  2.228084189e+03
