
Gurobi 10.0.0 (linux64) logging started Sun Jan 28 21:14:19 2024

Set parameter LogFile to value "../results/logs/log_Brightkite_edges_20_20_2024_01_28_10_47.log"
Set parameter LazyConstraints to value 1
Gurobi Optimizer version 10.0.0 build v10.0.0rc2 (linux64)

CPU model: Intel(R) Core(TM) i7-9800X CPU @ 3.80GHz, instruction set [SSE2|AVX|AVX2|AVX512]
Thread count: 8 physical cores, 8 logical processors, using up to 8 threads

Optimize a model with 7279 rows, 116456 columns and 326490 nonzeros
Model fingerprint: 0x031afd77
Variable types: 0 continuous, 116456 integer (116456 binary)
Coefficient statistics:
  Matrix range     [1e+00, 2e+01]
  Objective range  [1e+00, 1e+00]
  Bounds range     [1e+00, 1e+00]
  RHS range        [1e+00, 2e+01]
Found heuristic solution: objective 947.0000000
Presolve removed 0 rows and 55536 columns
Presolve time: 0.21s
Presolved: 7279 rows, 60920 columns, 228032 nonzeros
Variable types: 0 continuous, 60920 integer (60920 binary)
Found heuristic solution: objective 971.0000000
Root relaxation presolved: 7279 rows, 60920 columns, 228032 nonzeros

Deterministic concurrent LP optimizer: primal and dual simplex
Showing first log only...

Warning: Markowitz tolerance tightened to 0.03125
Warning: Markowitz tolerance tightened to 0.0625

Root simplex log...

Iteration    Objective       Primal Inf.    Dual Inf.      Time
    7026    2.9035665e+03   0.000000e+00   8.110507e+02      5s
Concurrent spin time: 0.39s

Solved with dual simplex

Root relaxation: objective 3.125794e+03, 6732 iterations, 4.95 seconds (7.81 work units)

    Nodes    |    Current Node    |     Objective Bounds      |     Work
 Expl Unexpl |  Obj  Depth IntInf | Incumbent    BestBd   Gap | It/Node Time

     0     0 3125.79363    0 2735  971.00000 3125.79363   222%     -    6s
H    0     0                     973.0000000 3125.79363   221%     -    6s
     0     0 2525.13198    0 2359  973.00000 2525.13198   160%     -   15s
H    0     0                    1089.0000000 2525.13198   132%     -   27s
     0     0 2110.50637    0 2282 1089.00000 2110.50637  93.8%     -   32s
     0     0 1899.74085    0 1923 1089.00000 1899.74085  74.4%     -   36s
     0     0 1860.46401    0 1610 1089.00000 1860.46401  70.8%     -   39s
     0     0 1836.57659    0 1711 1089.00000 1836.57659  68.6%     -   43s
     0     0 1834.00783    0 1750 1089.00000 1834.00783  68.4%     -   47s
     0     0 1832.78056    0 1737 1089.00000 1832.78056  68.3%     -   50s
     0     0 1832.05461    0 1962 1089.00000 1832.05461  68.2%     -   53s
     0     0 1831.84822    0 1925 1089.00000 1831.84822  68.2%     -   56s
     0     0 1831.71380    0 1892 1089.00000 1831.71380  68.2%     -   59s
     0     0 1626.86662    0 1598 1089.00000 1626.86662  49.4%     -   76s
     0     0 1560.63673    0 2005 1089.00000 1560.63673  43.3%     -   84s
     0     0 1537.41015    0 2406 1089.00000 1537.41015  41.2%     -   90s
     0     0 1531.28158    0 2391 1089.00000 1531.28158  40.6%     -   96s
     0     0 1528.56425    0 2649 1089.00000 1528.56425  40.4%     -  101s
     0     0 1527.15140    0 2715 1089.00000 1527.15140  40.2%     -  106s
     0     0 1496.03337    0 2389 1089.00000 1496.03337  37.4%     -  121s
     0     0 1487.30826    0 2546 1089.00000 1487.30826  36.6%     -  151s
     0     0 1482.84138    0 2698 1089.00000 1482.84138  36.2%     -  157s
     0     0 1479.39522    0 2893 1089.00000 1479.39522  35.8%     -  163s
     0     0 1477.00473    0 3004 1089.00000 1477.00473  35.6%     -  169s
     0     0 1473.57018    0 3095 1089.00000 1473.57018  35.3%     -  177s
     0     0 1470.37413    0 3064 1089.00000 1470.37413  35.0%     -  184s
     0     0 1469.14211    0 3183 1089.00000 1469.14211  34.9%     -  190s
     0     0 1461.98857    0 3078 1089.00000 1461.98857  34.3%     -  206s
     0     0 1457.88047    0 3186 1089.00000 1457.88047  33.9%     -  226s
     0     0 1455.59767    0 3248 1089.00000 1455.59767  33.7%     -  233s
     0     0 1454.11727    0 3346 1089.00000 1454.11727  33.5%     -  239s
     0     0 1451.39016    0 3396 1089.00000 1451.39016  33.3%     -  247s
     0     0 1451.39016    0 3396 1089.00000 1451.39016  33.3%     -  250s
H    0     0                    1117.0000000 1451.39016  29.9%     -  259s
H    0     0                    1119.0000000 1451.39016  29.7%     -  260s
H    0     2                    1121.0000000 1451.39016  29.5%     -  266s
     0     2 1451.39016    0 3396 1121.00000 1451.39016  29.5%     -  266s
     1     4 1448.99135    1 3377 1121.00000 1451.38998  29.5%  5288  282s
     3     8 1447.02724    2 3648 1121.00000 1448.99045  29.3%  6139  305s
     5     8 1445.15895    2 3633 1121.00000 1447.02720  29.1%  6088  310s
     7    16 1444.90517    3 4009 1121.00000 1447.02718  29.1%  6982  372s
    11    16 1441.69778    3 4009 1121.00000 1445.15893  28.9%  7894  383s
    12    16 1434.25886    3 3976 1121.00000 1444.90517  28.9%  8306  385s
    14    16 1417.38916    3 3839 1121.00000 1444.90517  28.9%  9112  391s
    15    24 1443.13481    4 4251 1121.00000 1444.90517  28.9%  9811  466s
    23    32 1438.50311    4 4186 1121.00000 1443.13479  28.7% 12297  612s
    27    32 1435.58602    4 3951 1121.00000 1443.13479  28.7% 12789  623s
H   31    40                    1130.0000000 1443.13479  27.7% 11892  647s
H   33    40                    1131.0000000 1443.13349  27.6% 11288  652s
    35    40 1436.89387    5 4010 1131.00000 1443.13349  27.6% 10747  657s
    39    48 1442.66542    6 4261 1131.00000 1443.13349  27.6%  9745  674s
    47    62 1442.37861    7 4262 1131.00000 1443.13349  27.6%  8211  810s
    61    78 1442.28359    8 4249 1131.00000 1443.13349  27.6%  6546  863s
    71    78 1432.23297    9 3905 1131.00000 1443.13349  27.6%  5822  889s
H   77    86                    1133.0000000 1443.13349  27.4%  5470  960s
    79    86 1436.03977   11 4022 1133.00000 1443.13349  27.4%  5414  966s
H   82    86                    1134.0000000 1443.13349  27.3%  5551  973s
    85    94 1436.55665   10 4240 1134.00000 1443.13349  27.3%  5438 1019s
    86    94 1436.56049   12 4022 1134.00000 1443.13349  27.3%  5431 1022s
    89    94 1429.15362    9 4030 1134.00000 1443.13349  27.3%  5419 1030s
    92    94 1408.69862   13 3708 1134.00000 1443.13349  27.3%  5450 1038s
    93   112 1440.64634   11 4202 1134.00000 1443.13349  27.3%  5419 1054s
H  111   126                    1135.0000000 1443.13349  27.1%  4701 1124s
   113   126 1427.73535   15 3950 1135.00000 1443.13349  27.1%  4683 1129s
   125   141 1440.45317   14 4207 1135.00000 1443.13349  27.1%  4349 1191s
   129   141 1421.53383   16 4015 1135.00000 1443.13349  27.1%  4318 1202s
   140   155 1439.73004   16 4203 1135.00000 1443.13349  27.1%  4174 1253s
   141   155 1431.07437   17 4012 1135.00000 1443.13349  27.1%  4159 1256s
H  154   163                    1157.0000000 1443.13349  24.7%  3972 1468s
H  155   163                    1163.0000000 1443.13349  24.1%  3954 1471s
H  157   163                    1164.0000000 1443.13349  24.0%  3915 1476s
   159   163 1430.04860   18 3960 1164.00000 1443.13349  24.0%  3891 1481s
   162   189 1439.54448   18 4220 1164.00000 1443.13349  24.0%  3843 1517s
   165   189 1430.29358   19 4003 1164.00000 1443.13349  24.0%  3788 1525s
   187   189 1346.62380   26 2961 1164.00000 1443.13349  24.0%  3516 1584s
   188   216 1439.45243   21 4212 1164.00000 1443.13349  24.0%  3500 1623s
   193   216 1404.89967   21 3818 1164.00000 1443.13349  24.0%  3479 1637s
   215   250 1439.37626   26 4226 1164.00000 1443.13349  24.0%  3246 1716s
   218   250 1426.64246   22 3963 1164.00000 1443.13349  24.0%  3216 1724s
   249   277 1439.09008   29 4215 1164.00000 1443.13349  24.0%  2923 1842s
   251   277 1424.43895   24 3981 1164.00000 1443.13349  24.0%  2914 1847s
   260   277 1432.91040   27 3970 1164.00000 1443.13349  24.0%  2861 1871s
   264   277 1429.39385   34 3963 1164.00000 1443.13349  24.0%  2849 1882s
   276   294 1438.91756   31 4179 1164.00000 1443.13349  24.0%  2802 1969s
   277   294 1422.29553   25 3984 1164.00000 1443.13349  24.0%  2803 1972s
   293   314 1435.21430   31 4191 1164.00000 1443.13349  24.0%  2845 2040s
   313   335 1438.67594   32 4171 1164.00000 1443.13349  24.0%  2771 2118s
   315   335 1415.39528   28 3923 1164.00000 1443.13349  24.0%  2775 2123s
   321   335 1429.25328   36 3952 1164.00000 1443.13349  24.0%  2767 2139s
   334   357 1438.46023   34 4140 1164.00000 1443.13349  24.0%  2707 2216s
   341   357 1417.55421   22 3974 1164.00000 1443.13349  24.0%  2690 2235s
   356   387 1438.21424   36 4191 1164.00000 1443.13349  24.0%  2669 2336s
   359   387 1419.57389   29 3972 1164.00000 1443.13349  24.0%  2661 2344s
   386   426 1437.87186   39 4176 1164.00000 1443.13349  24.0%  2611 2443s
   425   463 1437.58207   42 4178 1164.00000 1443.13349  24.0%  2465 2570s
   438   463 1431.11536   50 3932 1164.00000 1443.13349  24.0%  2435 2605s
   462   503 1437.35324   46 4176 1164.00000 1443.13349  24.0%  2356 2697s
   474   503 1414.00598   30 3959 1164.00000 1443.13349  24.0%  2327 2729s
   502   545 1437.07115   49 4184 1164.00000 1443.13349  24.0%  2254 2832s
   506   545 1418.50455   40 3928 1164.00000 1443.13349  24.0%  2246 2843s
   524   545 1427.27781   75 3899 1164.00000 1443.13349  24.0%  2205 2891s
   540   545 1327.68145   67 3210 1164.00000 1443.13349  24.0%  2162 2933s
   542   545 1327.35825   69 3194 1164.00000 1443.13349  24.0%  2162 2937s
   544   589 1436.92282   53 4150 1164.00000 1443.13349  24.0%  2161 2971s
   548   589 1417.85000   44 3930 1164.00000 1443.13349  24.0%  2157 2981s
   551   589 1433.22839   69 4003 1164.00000 1443.13349  24.0%  2152 2990s
H  588   634                    1165.0000000 1443.13349  23.9%  2072 3121s
   607   634 1430.10177   75 3955 1165.00000 1443.13349  23.9%  2046 3172s
H  611   634                    1167.0000000 1443.13349  23.7%  2044 3183s
   621   634 1421.21210  103 3864 1167.00000 1443.13349  23.7%  2023 3210s
   633   687 1436.50186   61 4152 1167.00000 1443.13349  23.7%  2002 3273s
   646   687 1412.97211   43 3931 1167.00000 1443.13349  23.7%  1986 3308s
H  686   742                    1169.0000000 1443.13349  23.5%  1915 3449s
   690   742 1417.08617   57 3976 1169.00000 1443.13349  23.5%  1913 3460s
H  700   742                    1170.0000000 1443.13349  23.3%  1898 3486s
   732   742 1326.66933   89 3194 1170.00000 1443.13349  23.3%  1849 3571s
   734   742 1326.63316   91 3229 1170.00000 1443.13349  23.3%  1847 3575s
   738   742 1326.61778   95 3208 1170.00000 1443.13349  23.3%  1840 3583s
   740   742 1325.36968   97 3165 1170.00000 1443.13349  23.3%  1843 3587s
   741   757 1436.15909   69 4144 1170.00000 1443.13349  23.3%  1842 3602s

Cutting planes:
  Cover: 1420
  MIR: 1236
  StrongCG: 83
  GUB cover: 2061
  Zero half: 3
  RLT: 3401
  Lazy constraints: 78

Explored 756 nodes (1465609 simplex iterations) in 3639.30 seconds (2770.26 work units)
Thread count was 8 (of 8 available processors)

Solution count 10: 1170 1169 1167 ... 1133

Time limit reached
Best objective 1.170000000000e+03, best bound 1.443000000000e+03, gap 23.3333%

User-callback calls 431007, time in user-callback 2054.23 sec
