
Gurobi 9.1.2 (win64) logging started Mon Sep 27 15:03:13 2021

Changed value of parameter LogFile to ../results/logs/log_samuel_kroger_2021_09_27_15_02_42.csv_2_250.log
   Prev:   Default: 
Changed value of parameter method to 3
   Prev: -1  Min: -1  Max: 5  Default: -1
Changed value of parameter lazyConstraints to 1
   Prev: 0  Min: 0  Max: 1  Default: 0
Gurobi Optimizer version 9.1.2 build v9.1.2rc0 (win64)
Thread count: 6 physical cores, 12 logical processors, using up to 12 threads
Optimize a model with 39437 rows, 116456 columns and 145215 nonzeros
Model fingerprint: 0xb9892e27
Variable types: 58228 continuous, 58228 integer (58228 binary)
Coefficient statistics:
  Matrix range     [1e+00, 2e+00]
  Objective range  [1e+00, 1e+00]
  Bounds range     [1e+00, 1e+00]
  RHS range        [1e+00, 3e+02]
Found heuristic solution: objective 34706.000000
Presolve removed 34706 rows and 90569 columns
Presolve time: 0.32s
Presolved: 4731 rows, 25887 columns, 34698 nonzeros
Variable types: 23522 continuous, 2365 integer (2365 binary)

Concurrent LP optimizer: primal simplex, dual simplex, and barrier
Showing barrier log only...

Root barrier log...

Ordering time: 0.00s

Barrier statistics:
 AA' NZ     : 8.251e+03
 Factor NZ  : 1.392e+04 (roughly 12 MBytes of memory)
 Factor Ops : 5.176e+04 (less than 1 second per iteration)
 Threads    : 1

                  Objective                Residual
Iter       Primal          Dual         Primal    Dual     Compl     Time
   0   4.23678095e+04  3.55041213e+04  6.23e+04 7.28e-01  1.43e+00     0s
   1   4.04588384e+04  3.76410683e+04  1.68e+04 4.44e-16  3.68e-01     0s
   2   3.70820303e+04  3.71912237e+04  7.22e+02 4.44e-16  1.95e-02     0s

Barrier performed 2 iterations in 0.40 seconds
Barrier solve interrupted - model solved by another algorithm


Solved with primal simplex

Root relaxation: objective 3.529150e+04, 3147 iterations, 0.05 seconds

    Nodes    |    Current Node    |     Objective Bounds      |     Work
 Expl Unexpl |  Obj  Depth IntInf | Incumbent    BestBd   Gap | It/Node Time

     0     0 35291.5000    0   37 34706.0000 35291.5000  1.69%     -    0s
H    0     0                    35255.000000 35291.5000  0.10%     -    0s
     0     0 35281.0000    0   47 35255.0000 35281.0000  0.07%     -    1s
     0     0 35281.0000    0   38 35255.0000 35281.0000  0.07%     -    2s
     0     0 35281.0000    0   34 35255.0000 35281.0000  0.07%     -    4s
     0     0 35281.0000    0   35 35255.0000 35281.0000  0.07%     -    5s
     0     0 35281.0000    0   34 35255.0000 35281.0000  0.07%     -    6s
     0     0 35281.0000    0   34 35255.0000 35281.0000  0.07%     -    7s
     0     0 35281.0000    0   34 35255.0000 35281.0000  0.07%     -    9s
     0     0 35281.0000    0   34 35255.0000 35281.0000  0.07%     -   10s
     0     2 35281.0000    0   34 35255.0000 35281.0000  0.07%     -   13s
     1     4 35280.0000    1   34 35255.0000 35281.0000  0.07%   434   16s
     3     8 35279.0000    2   34 35255.0000 35281.0000  0.07%   149   22s
     7    14 35278.0000    3   34 35255.0000 35281.0000  0.07%  67.0   33s
    13    20 35278.0000    4   34 35255.0000 35281.0000  0.07%  37.6   43s
    19    26 35278.0000    5   34 35255.0000 35281.0000  0.07%  26.5   54s
    25    32 35278.0000    6   34 35255.0000 35281.0000  0.07%  20.7   64s
    31    38 35278.0000    7   34 35255.0000 35281.0000  0.07%  17.3   75s
    37    50 35278.0000    8   34 35255.0000 35281.0000  0.07%  14.9   85s
    49    62 35278.0000   10   34 35255.0000 35281.0000  0.07%  12.0  106s
    61    80 35278.0000   12   34 35255.0000 35281.0000  0.07%  10.0  127s
    73    80 35280.0000   12   34 35255.0000 35281.0000  0.07%   8.8  149s
    79   116 35278.0000   15   34 35255.0000 35281.0000  0.07%   8.3  160s
H  115   157                    35256.000000 35281.0000  0.07%   6.3  226s
   142   157 35280.0000   21   32 35256.0000 35281.0000  0.07%   5.8  276s
   156   236 35278.0000   28   30 35256.0000 35281.0000  0.07%   5.6  295s
H  235   374                    35259.000000 35281.0000  0.06%   4.7  413s
   249   374 35278.0000   56   28 35259.0000 35281.0000  0.06%   4.6  432s
   258   374 35279.0000   41   30 35259.0000 35281.0000  0.06%   4.6  444s
   272   374 35279.0000   55   30 35259.0000 35281.0000  0.06%   4.5  464s
H  373   711                    35263.000000 35281.0000  0.05%   4.1  587s
   383   711 35278.0000   75   28 35263.0000 35281.0000  0.05%   4.1  601s
   393   711 35275.7500   85   33 35263.0000 35281.0000  0.05%   4.5  609s
   403   711 35273.2500   95   40 35263.0000 35281.0000  0.05%   4.5  615s
   413   711 35270.6667  105   32 35263.0000 35281.0000  0.05%   4.5  622s
   423   711 35268.0000  115   12 35263.0000 35281.0000  0.05%   4.5  628s
   501   711 35276.2500   90   44 35263.0000 35280.0000  0.05%   5.0  691s
   511   711 35273.8333  100   37 35263.0000 35280.0000  0.05%   5.0  697s
   521   711 35271.5000  107   29 35263.0000 35280.0000  0.05%   5.0  703s
   710  1399 35267.3333  117   11 35263.0000 35280.0000  0.05%   5.5  842s
   716  1399 35266.0000  123    - 35263.0000 35280.0000  0.05%   5.5  846s
   722  1403 35280.0000    4   32 35263.0000 35280.0000  0.05%   5.5  855s
   728  1403 35280.0000   10   32 35263.0000 35280.0000  0.05%   5.4  873s
   734  1403 35280.0000   16   32 35263.0000 35280.0000  0.05%   5.4  890s
   740  1403 35280.0000   22   32 35263.0000 35280.0000  0.05%   5.4  907s
   746  1403 35280.0000   28   32 35263.0000 35280.0000  0.05%   5.3  924s
   752  1403 35280.0000   34   32 35263.0000 35280.0000  0.05%   5.3  934s
   758  1403 35280.0000   40   32 35263.0000 35280.0000  0.05%   5.3  939s
   764  1403 35280.0000   46   32 35263.0000 35280.0000  0.05%   5.3  943s
   770  1403 35280.0000   52   32 35263.0000 35280.0000  0.05%   5.2  947s
   776  1403 35280.0000   58   32 35263.0000 35280.0000  0.05%   5.2  951s
   782  1403 35280.0000   64   33 35263.0000 35280.0000  0.05%   5.4  966s
   788  1403 35280.0000   70   33 35263.0000 35280.0000  0.05%   5.4  981s
   794  1403 35279.8750   76   34 35263.0000 35280.0000  0.05%   5.4  990s
   800  1403 35279.8750   82   34 35263.0000 35280.0000  0.05%   5.4  999s
   806  1403 35279.6250   88   34 35263.0000 35280.0000  0.05%   5.3 1007s
   812  1403 35278.1250   94   28 35263.0000 35280.0000  0.05%   5.3 1015s
   818  1403 35276.7500  100   22 35263.0000 35280.0000  0.05%   5.3 1024s
   824  1403 35273.7500  106   20 35263.0000 35280.0000  0.05%   5.3 1032s
   830  1403 35270.7500  112   14 35263.0000 35280.0000  0.05%   5.3 1040s
   836  1403 35268.2500  118    9 35263.0000 35280.0000  0.05%   5.3 1049s
   842  1404 35265.0000  123    - 35263.0000 35280.0000  0.05%   5.3 1058s
   848  1408 35264.0000  122    - 35263.0000 35280.0000  0.05%   5.2 1066s
   854  1411 35266.0000  122    4 35263.0000 35280.0000  0.05%   5.2 1075s
   860  1415 35267.7500  119    9 35263.0000 35280.0000  0.05%   5.2 1084s
   866  1417 35266.0000  122    4 35263.0000 35280.0000  0.05%   5.2 1092s
   872  1420 35266.0000  123    - 35263.0000 35280.0000  0.05%   5.1 1101s
   878  1423 35266.0000  122    4 35263.0000 35280.0000  0.05%   5.1 1109s
  1050  1442 35265.0000  123    - 35263.0000 35280.0000  0.05%   4.9 1294s
  1610  1628 35266.0000  123    - 35263.0000 35280.0000  0.05%   4.9 1874s
  1613  1631 35264.0000  123    - 35263.0000 35280.0000  0.05%   4.9 1878s
  1616  1632 35279.0000    8   30 35263.0000 35280.0000  0.05%   4.9 1883s
  1619  1632 35278.0000    9   30 35263.0000 35280.0000  0.05%   4.9 1892s
  1622  1632 35278.0000   11   28 35263.0000 35280.0000  0.05%   4.9 1900s
  1625  1632 35276.0000   11   28 35263.0000 35280.0000  0.05%   4.9 1909s
  1628  1632 35277.0000   12   26 35263.0000 35280.0000  0.05%   4.9 1917s
  1631  1632 35277.0000   14   26 35263.0000 35280.0000  0.05%   4.9 1926s
  1634  1632 35277.0000   15   26 35263.0000 35280.0000  0.05%   4.9 1934s
  1637  1632 35275.0000   17   24 35263.0000 35280.0000  0.05%   4.9 1943s
  1640  1632 35275.0000   19   22 35263.0000 35280.0000  0.05%   4.9 1952s
  1643  1632 35274.0000   21   22 35263.0000 35280.0000  0.05%   4.8 1960s
  1646  1632 35274.0000   22   22 35263.0000 35280.0000  0.05%   4.8 1969s
H 1800  1609                    35265.000000 35280.0000  0.04%   5.0 2342s
  1801  1588 35273.0000   99   34 35265.0000 35280.0000  0.04%   4.9 2347s
  1803  1589 35269.1667  109   37 35265.0000 35280.0000  0.04%   4.9 2350s
  1806  1591 35280.0000   43   34 35265.0000 35280.0000  0.04%   4.9 2356s
  1808  1593 35275.0000   13   35 35265.0000 35280.0000  0.04%   4.9 2361s
  1810  1594 35275.0000   20   34 35265.0000 35280.0000  0.04%   4.9 2365s

Cutting planes:
  Gomory: 100
  MIR: 287
  Flow cover: 144
  RLT: 270
  Relax-and-lift: 13
  Lazy constraints: 9

Explored 1812 nodes (21705 simplex iterations) in 2369.75 seconds
Thread count was 12 (of 12 available processors)

Solution count 6: 35265 35263 35259 ... 34706

Optimal solution found (tolerance 1.00e-04)
Best objective 3.526500000000e+04, best bound 3.526800000000e+04, gap 0.0085%

User-callback calls 6144, time in user-callback 2338.27 sec
