
Gurobi 9.5.1 (linux64) logging started Wed Mar  9 18:03:09 2022

Set parameter LogFile to value "../results/logs/log_2022_03_09_17_57.csv_4_5.log"
Set parameter Method to value 3
Gurobi Optimizer version 9.5.1 build v9.5.1rc2 (linux64)
Thread count: 8 physical cores, 8 logical processors, using up to 8 threads
Optimize a model with 2962 rows, 9882 columns and 30211 nonzeros
Model fingerprint: 0xcdf7e04d
Variable types: 4941 continuous, 4941 integer (4941 binary)
Coefficient statistics:
  Matrix range     [1e+00, 4e+00]
  Objective range  [1e+00, 1e+00]
  Bounds range     [1e+00, 1e+00]
  RHS range        [1e+00, 5e+00]
Found heuristic solution: objective 36.0000000
Presolve removed 1475 rows and 7623 columns
Presolve time: 0.04s
Presolved: 1487 rows, 2259 columns, 8306 nonzeros
Variable types: 1293 continuous, 966 integer (952 binary)
Found heuristic solution: objective 39.0000000

Concurrent LP optimizer: primal simplex, dual simplex, and barrier
Showing barrier log only...

Root barrier log...

Ordering time: 0.00s

Barrier statistics:
 AA' NZ     : 6.298e+03
 Factor NZ  : 1.803e+04 (roughly 2 MB of memory)
 Factor Ops : 2.580e+05 (less than 1 second per iteration)
 Threads    : 1

                  Objective                Residual
Iter       Primal          Dual         Primal    Dual     Compl     Time
   0   3.22814937e+03  4.73612723e+03  2.73e+03 1.58e+00  1.03e+01     0s
   1   8.97602715e+02  4.21368075e+03  5.94e+02 4.44e-15  2.38e+00     0s
   2   3.67851581e+02  1.38001756e+03  8.69e+01 2.44e-15  3.86e-01     0s
   3   2.61920382e+02  4.54918553e+02  1.96e+01 3.72e-15  8.79e-02     0s
   4   2.20298566e+02  2.80366405e+02  8.06e+00 6.93e-15  3.70e-02     0s
   5   2.01359868e+02  2.14714295e+02  4.76e+00 4.59e-15  2.00e-02     0s
   6   1.86123214e+02  1.85214815e+02  3.19e+00 6.72e-15  1.28e-02     0s
   7   1.78374877e+02  1.68915121e+02  2.35e+00 8.67e-15  8.96e-03     0s
   8   1.72160833e+02  1.63468154e+02  1.75e+00 6.81e-15  6.74e-03     0s
   9   1.63431603e+02  1.55138418e+02  1.16e+00 9.27e-15  4.34e-03     0s
  10   1.59985137e+02  1.52701191e+02  9.25e-01 5.65e-15  3.46e-03     0s
  11   1.58921646e+02  1.52166423e+02  8.59e-01 7.41e-15  3.23e-03     0s
  12   1.56838051e+02  1.50282891e+02  7.37e-01 6.27e-15  2.74e-03     0s
  13   1.53296107e+02  1.45066808e+02  5.36e-01 1.18e-14  1.41e-03     0s
  14   1.51827771e+02  1.44388096e+02  4.43e-01 1.23e-14  1.06e-03     0s
  15   1.50779300e+02  1.43225442e+02  3.88e-01 1.08e-14  8.70e-04     0s
  16   1.45487011e+02  1.43089100e+02  1.52e-01 1.14e-14  4.43e-04     0s
  17   1.43870457e+02  1.42810062e+02  7.97e-02 9.67e-15  2.67e-04     0s
  18   1.42403875e+02  1.42214364e+02  1.47e-02 1.54e-14  5.07e-05     0s
  19   1.42191616e+02  1.42134229e+02  3.95e-03 2.22e-14  1.25e-05     0s
  20   1.42118003e+02  1.42118326e+02  1.18e-04 1.45e-14  7.31e-07     0s
  21   1.42116575e+02  1.42116699e+02  5.32e-06 1.80e-14  5.20e-08     0s
  22   1.42116547e+02  1.42116552e+02  5.93e-11 1.14e-14  9.27e-10     0s
  23   1.42116550e+02  1.42116550e+02  8.34e-13 1.60e-14  1.91e-13     0s

Barrier solved model in 23 iterations and 0.07 seconds (0.06 work units)
Optimal objective 1.42116550e+02


Solved with primal simplex

Root relaxation: objective 1.421166e+02, 977 iterations, 0.03 seconds (0.02 work units)

    Nodes    |    Current Node    |     Objective Bounds      |     Work
 Expl Unexpl |  Obj  Depth IntInf | Incumbent    BestBd   Gap | It/Node Time

     0     0  142.11655    0  512   39.00000  142.11655   264%     -    0s
H    0     0                      41.0000000  142.11655   247%     -    0s
H    0     0                      43.0000000  142.11655   231%     -    0s
H    0     0                      45.0000000  134.46777   199%     -    0s
     0     0   58.47578    0  112   45.00000   58.47578  29.9%     -    0s
     0     0   58.29446    0  136   45.00000   58.29446  29.5%     -    0s
     0     0   58.29446    0  116   45.00000   58.29446  29.5%     -    0s
     0     0   57.64679    0   78   45.00000   57.64679  28.1%     -    0s
H    0     0                      48.0000000   57.64679  20.1%     -    0s
     0     0   56.92650    0   57   48.00000   56.92650  18.6%     -    0s
     0     0   56.72983    0   48   48.00000   56.72983  18.2%     -    0s
     0     0   56.62266    0   47   48.00000   56.62266  18.0%     -    0s
     0     0   56.62060    0   48   48.00000   56.62060  18.0%     -    0s
     0     0   54.90250    0   44   48.00000   54.90250  14.4%     -    0s
H    0     0                      49.0000000   54.90250  12.0%     -    0s
     0     0   54.32223    0   96   49.00000   54.32223  10.9%     -    0s
     0     0   54.14911    0   82   49.00000   54.14911  10.5%     -    0s
     0     0   54.05577    0   90   49.00000   54.05577  10.3%     -    0s
     0     0   54.03795    0   84   49.00000   54.03795  10.3%     -    0s
     0     0   53.50053    0  102   49.00000   53.50053  9.18%     -    0s
     0     0   53.50053    0  299   49.00000   53.50053  9.18%     -    0s
     0     0   53.50053    0   82   49.00000   53.50053  9.18%     -    0s
     0     0   53.50053    0   70   49.00000   53.50053  9.18%     -    0s
     0     0   53.50053    0   51   49.00000   53.50053  9.18%     -    0s
     0     0   53.32473    0   55   49.00000   53.32473  8.83%     -    0s
     0     0   53.13548    0   73   49.00000   53.13548  8.44%     -    0s
     0     0   53.09733    0   76   49.00000   53.09733  8.36%     -    0s
     0     0   52.46589    0   34   49.00000   52.46589  7.07%     -    0s
     0     0   52.38359    0   52   49.00000   52.38359  6.91%     -    0s
     0     0   52.35286    0   36   49.00000   52.35286  6.84%     -    0s
     0     0   52.11365    0   44   49.00000   52.11365  6.35%     -    0s
     0     0   52.10604    0   39   49.00000   52.10604  6.34%     -    0s
     0     0   52.10604    0   39   49.00000   52.10604  6.34%     -    0s
     0     2   52.10604    0   39   49.00000   52.10604  6.34%     -    0s
*   27     2              12      50.0000000   51.66761  3.34%  20.6    0s
*   35     0              16      51.0000000   51.00000  0.00%  19.0    0s

Cutting planes:
  Gomory: 22
  Lift-and-project: 33
  Implied bound: 5
  MIR: 287
  RLT: 48
  Relax-and-lift: 6

Explored 36 nodes (3946 simplex iterations) in 0.76 seconds (0.82 work units)
Thread count was 8 (of 8 available processors)

Solution count 9: 51 50 49 ... 36

Optimal solution found (tolerance 1.00e-04)
Best objective 5.100000000000e+01, best bound 5.100000000000e+01, gap 0.0000%
