
Gurobi 10.0.0 (linux64) logging started Sat Jan 27 12:28:53 2024

Set parameter LogFile to value "../results/logs/log_Gowalla_edges_20_20_2024_01_27_09_25.log"
Set parameter LazyConstraints to value 1
Gurobi Optimizer version 10.0.0 build v10.0.0rc2 (linux64)

CPU model: Intel(R) Core(TM) i7-9800X CPU @ 3.80GHz, instruction set [SSE2|AVX|AVX2|AVX512]
Thread count: 8 physical cores, 8 logical processors, using up to 8 threads

Optimize a model with 393183 rows, 393182 columns and 4587672 nonzeros
Model fingerprint: 0x53c623cf
Variable types: 0 continuous, 393182 integer (393182 binary)
Coefficient statistics:
  Matrix range     [1e+00, 2e+01]
  Objective range  [1e+00, 1e+00]
  Bounds range     [1e+00, 1e+00]
  RHS range        [1e+00, 2e+01]
Found heuristic solution: objective -0.0000000
Presolve removed 352642 rows and 176321 columns (presolve time = 5s) ...
Presolve removed 352642 rows and 176321 columns
Presolve time: 6.75s
Presolved: 40541 rows, 216861 columns, 2122234 nonzeros
Variable types: 0 continuous, 216861 integer (216861 binary)
Root relaxation presolved: 40541 rows, 216861 columns, 2122234 nonzeros

Deterministic concurrent LP optimizer: primal simplex, dual simplex, and barrier
Showing barrier log only...

Root barrier log...

Elapsed ordering time = 5s
Ordering time: 5.84s

Barrier statistics:
 Dense cols : 548
 AA' NZ     : 8.818e+06
 Factor NZ  : 9.826e+07 (roughly 900 MB of memory)
 Factor Ops : 7.112e+11 (roughly 2 seconds per iteration)
 Threads    : 6

                  Objective                Residual
Iter       Primal          Dual         Primal    Dual     Compl     Time
   0   3.67116960e+04  9.82761861e+04  1.38e+06 2.50e-01  3.69e+00    18s
   1   3.72398806e+04  9.73087500e+04  1.09e+06 3.89e-01  2.90e+00    20s
   2   3.87386746e+04  9.60930947e+04  7.28e+05 2.97e-01  2.00e+00    22s
   3   3.92379220e+04  9.28931066e+04  4.60e+05 2.13e-01  1.30e+00    24s
   4   3.80765437e+04  8.57217373e+04  2.88e+05 1.38e-01  8.25e-01    26s
   5   3.37240366e+04  7.72730400e+04  1.89e+05 8.65e-02  5.47e-01    28s
   6   1.70561286e+04  4.48979229e+04  4.13e+03 1.64e-04  6.72e-02    30s
   7   1.67584658e+04  2.68871467e+04  1.66e+03 5.79e-05  2.48e-02    33s
   8   1.66110871e+04  2.14519973e+04  7.05e+02 3.00e-05  1.18e-02    36s
   9   1.65512274e+04  1.93871398e+04  3.90e+02 3.14e-05  6.95e-03    39s
  10   1.65129236e+04  1.85063648e+04  2.36e+02 1.52e-05  4.83e-03    43s
  11   1.64946931e+04  1.81045848e+04  1.67e+02 1.26e-05  3.86e-03    47s
  12   1.64796189e+04  1.78424187e+04  1.27e+02 1.07e-05  3.24e-03    51s
  13   1.64693718e+04  1.76284179e+04  1.02e+02 9.14e-06  2.75e-03    55s
  14   1.64595204e+04  1.73392022e+04  8.09e+01 7.03e-06  2.10e-03    60s
  15   1.64528111e+04  1.72373515e+04  6.86e+01 6.27e-06  1.87e-03    63s
  16   1.64462837e+04  1.71115506e+04  5.69e+01 5.38e-06  1.59e-03    67s
  17   1.64425666e+04  1.69760777e+04  5.17e+01 4.41e-06  1.29e-03    71s
  18   1.64375271e+04  1.68777788e+04  4.45e+01 3.68e-06  1.08e-03    75s
  19   1.64325562e+04  1.66512837e+04  3.89e+01 1.93e-06  5.92e-04    80s
  20   1.64271960e+04  1.66179890e+04  3.27e+01 1.67e-06  5.14e-04    84s
  21   1.64256959e+04  1.65767951e+04  3.11e+01 1.41e-06  4.27e-04    88s
  22   1.64236939e+04  1.65380256e+04  2.88e+01 1.15e-06  3.43e-04    92s
  23   1.64221685e+04  1.64989078e+04  2.71e+01 8.59e-07  2.59e-04    96s
  24   1.64206576e+04  1.64866218e+04  2.54e+01 7.74e-07  2.31e-04   100s
  25   1.64177268e+04  1.64544496e+04  2.20e+01 5.19e-07  1.58e-04   105s
  26   1.64161463e+04  1.64407689e+04  2.03e+01 4.11e-07  1.27e-04   109s

Barrier performed 26 iterations in 109.80 seconds (151.79 work units)
Barrier solve interrupted - model solved by another algorithm

Concurrent spin time: 0.07s

Solved with dual simplex

Root relaxation: objective 1.639129e+04, 25506 iterations, 102.60 seconds (102.11 work units)
Total elapsed time = 110.38s

    Nodes    |    Current Node    |     Objective Bounds      |     Work
 Expl Unexpl |  Obj  Depth IntInf | Incumbent    BestBd   Gap | It/Node Time

     0     0 16391.2918    0 9559   -0.00000 16391.2918      -     -  116s
     0     0 13473.1197    0 7424   -0.00000 13473.1197      -     -  208s
H    0     0                    8169.0000000 13473.1197  64.9%     -  214s
H    0     0                    8218.0000000 13473.1197  63.9%     -  214s
H    0     0                    8374.0000000 13473.1197  60.9%     -  310s
     0     0 11363.0619    0 4843 8374.00000 11363.0619  35.7%     -  346s
     0     0 10887.7914    0 2354 8374.00000 10887.7914  30.0%     -  361s
     0     0 10851.4262    0 2597 8374.00000 10851.4262  29.6%     -  374s
     0     0 10847.7839    0 2546 8374.00000 10847.7839  29.5%     -  386s
     0     0 10847.0270    0 2517 8374.00000 10847.0270  29.5%     -  397s
     0     0 9778.66630    0 2194 8374.00000 9778.66630  16.8%     -  673s
     0     0 9422.58731    0 2415 8374.00000 9422.58731  12.5%     -  716s
     0     0 9399.87373    0 2621 8374.00000 9399.87373  12.3%     -  738s
     0     0 9389.35111    0 3131 8374.00000 9389.35111  12.1%     -  761s
     0     0 9384.59435    0 3302 8374.00000 9384.59435  12.1%     -  794s
     0     0 9382.88997    0 3584 8374.00000 9382.88997  12.0%     -  825s
     0     0 9104.38109    0 2509 8374.00000 9104.38109  8.72%     -  995s
     0     0 9008.61450    0 3231 8374.00000 9008.61450  7.58%     - 1063s
     0     0 8978.66872    0 3365 8374.00000 8978.66872  7.22%     - 1117s
     0     0 8968.66553    0 4003 8374.00000 8968.66553  7.10%     - 1171s
     0     0 8962.90124    0 4018 8374.00000 8962.90124  7.03%     - 1217s
     0     0 8959.26889    0 4256 8374.00000 8959.26889  6.99%     - 1260s
     0     0 8908.65330    0 3675 8374.00000 8908.65330  6.38%     - 1408s
     0     0 8880.52559    0 3966 8374.00000 8880.52559  6.05%     - 1482s
     0     0 8865.65237    0 4964 8374.00000 8865.65237  5.87%     - 1555s
     0     0 8858.37861    0 4859 8374.00000 8858.37861  5.78%     - 1617s
     0     0 8855.00984    0 5175 8374.00000 8855.00984  5.74%     - 1664s
     0     0 8838.73922    0 5086 8374.00000 8838.73922  5.55%     - 1744s
H    0     0                    8392.0000000 8838.73922  5.32%     - 2184s
     0     0 8827.50833    0 5188 8392.00000 8827.50833  5.19%     - 2252s
     0     0 8822.52311    0 5500 8392.00000 8822.52311  5.13%     - 2316s
     0     0 8819.52482    0 5533 8392.00000 8819.52482  5.09%     - 2367s
     0     0 8809.36553    0 5610 8392.00000 8809.36553  4.97%     - 2443s
     0     0 8809.36553    0 5610 8392.00000 8809.36553  4.97%     - 2468s
     0     2 8804.56649    0 5610 8392.00000 8804.56649  4.92%     - 2831s
     1     4 8802.77386    1 5891 8392.00000 8804.56649  4.92%  9644 2923s
     2     4 8795.59724    1 5684 8392.00000 8802.77124  4.89% 10290 2947s
     3     8 8797.85763    2 6464 8392.00000 8802.76661  4.89% 12247 3093s
     7    16 8792.18908    3 6985 8392.00000 8797.85081  4.84% 12829 3472s
    11    16 8790.11763    3 7088 8392.00000 8792.77644  4.78% 13714 3569s

Cutting planes:
  Gomory: 39
  Lift-and-project: 6
  Cover: 3190
  MIR: 4580
  StrongCG: 377
  GUB cover: 8520
  Zero half: 8
  RLT: 3354
  Lazy constraints: 12

Explored 15 nodes (472351 simplex iterations) in 3642.96 seconds (5201.12 work units)
Thread count was 8 (of 8 available processors)

Solution count 5: 8392 8374 8218 ... -0

Time limit reached
Best objective 8.392000000000e+03, best bound 8.792000000000e+03, gap 4.7664%

User-callback calls 170836, time in user-callback 925.05 sec

Gurobi 10.0.0 (linux64) logging started Sun Jan 28 04:29:17 2024

Set parameter LogFile to value "../results/logs/log_Gowalla_edges_20_20_2024_01_27_09_25.log"
Set parameter LazyConstraints to value 1
Gurobi Optimizer version 10.0.0 build v10.0.0rc2 (linux64)

CPU model: Intel(R) Core(TM) i7-9800X CPU @ 3.80GHz, instruction set [SSE2|AVX|AVX2|AVX512]
Thread count: 8 physical cores, 8 logical processors, using up to 8 threads

Optimize a model with 24219 rows, 393182 columns and 945407 nonzeros
Model fingerprint: 0xc7834093
Variable types: 0 continuous, 393182 integer (393182 binary)
Coefficient statistics:
  Matrix range     [1e+00, 2e+01]
  Objective range  [1e+00, 1e+00]
  Bounds range     [1e+00, 1e+00]
  RHS range        [1e+00, 2e+01]
Found heuristic solution: objective 8161.0000000
Presolve removed 0 rows and 192643 columns
Presolve time: 0.86s
Presolved: 24219 rows, 200539 columns, 595464 nonzeros
Variable types: 0 continuous, 200539 integer (200539 binary)
Found heuristic solution: objective 8184.0000000
Root relaxation presolved: 24219 rows, 200539 columns, 595464 nonzeros

Deterministic concurrent LP optimizer: primal simplex, dual simplex, and barrier
Showing barrier log only...

Root barrier log...

Ordering time: 0.82s

Barrier statistics:
 AA' NZ     : 5.205e+05
 Factor NZ  : 1.190e+07 (roughly 200 MB of memory)
 Factor Ops : 2.277e+10 (less than 1 second per iteration)
 Threads    : 6

                  Objective                Residual
Iter       Primal          Dual         Primal    Dual     Compl     Time
   0   7.58266697e+04  4.02895415e+05  1.32e+06 1.00e+00  1.56e+01     2s
   1   3.73809234e+04  3.83960977e+05  5.37e+05 9.05e-01  6.62e+00     3s
   2   1.73616941e+04  2.58535603e+05  8.36e+04 1.13e-01  1.34e+00     3s
   3   1.46582112e+04  8.03551051e+04  1.37e+04 1.20e-02  2.51e-01     3s
   4   1.39188640e+04  3.18389695e+04  3.80e+03 2.63e-03  6.81e-02     3s
   5   1.35446929e+04  1.95760084e+04  8.63e+02 7.33e-04  2.06e-02     3s
   6   1.34254014e+04  1.71385820e+04  3.37e+02 4.31e-04  1.14e-02     4s
   7   1.33692967e+04  1.58105720e+04  2.30e+02 2.82e-04  7.66e-03     4s
   8   1.33232757e+04  1.53041952e+04  1.38e+02 2.23e-04  5.86e-03     4s
   9   1.33100664e+04  1.50056052e+04  1.19e+02 1.89e-04  5.06e-03     4s
  10   1.32979571e+04  1.48712851e+04  1.04e+02 1.74e-04  4.64e-03     4s
  11   1.32830314e+04  1.46716556e+04  8.38e+01 1.51e-04  4.04e-03     5s
  12   1.32661664e+04  1.44645617e+04  6.58e+01 1.30e-04  3.45e-03     5s
  13   1.32471842e+04  1.43066259e+04  4.89e+01 1.13e-04  2.97e-03     5s
  14   1.32409329e+04  1.42317043e+04  4.42e+01 1.06e-04  2.76e-03     5s
  15   1.32283469e+04  1.40961125e+04  3.53e+01 9.15e-05  2.39e-03     6s
  16   1.32231445e+04  1.40048428e+04  3.17e+01 8.41e-05  2.16e-03     6s
  17   1.32138040e+04  1.39295683e+04  2.54e+01 7.62e-05  1.95e-03     6s
  18   1.32083967e+04  1.37766856e+04  2.32e+01 6.20e-05  1.58e-03     6s
  19   1.32010513e+04  1.36336030e+04  1.99e+01 4.79e-05  1.23e-03     6s
  20   1.31975453e+04  1.35335490e+04  1.80e+01 3.71e-05  9.84e-04     7s
  21   1.31955071e+04  1.34976246e+04  1.70e+01 3.36e-05  8.94e-04     7s
  22   1.31943765e+04  1.34626606e+04  1.64e+01 3.01e-05  8.09e-04     7s
  23   1.31894250e+04  1.34016435e+04  1.44e+01 2.47e-05  6.57e-04     7s
  24   1.31871484e+04  1.33565604e+04  1.33e+01 1.92e-05  5.46e-04     8s
  25   1.31849781e+04  1.32753499e+04  1.22e+01 1.07e-05  3.46e-04     8s
  26   1.31801282e+04  1.32596598e+04  9.60e+00 9.20e-06  2.94e-04     8s
  27   1.31775530e+04  1.32079524e+04  8.45e+00 4.13e-06  1.66e-04     8s
  28   1.31766267e+04  1.32018365e+04  8.12e+00 3.57e-06  1.49e-04     9s
  29   1.31751120e+04  1.31950346e+04  7.44e+00 3.05e-06  1.30e-04     9s
  30   1.31746767e+04  1.31865606e+04  7.20e+00 2.38e-06  1.09e-04     9s
  31   1.31733213e+04  1.31744721e+04  6.64e+00 1.42e-06  7.78e-05     9s
  32   1.31723920e+04  1.31742898e+04  6.27e+00 1.40e-06  7.51e-05     9s
  33   1.31710082e+04  1.31688274e+04  5.70e+00 9.58e-07  5.87e-05    10s
  34   1.31703454e+04  1.31650602e+04  5.38e+00 6.85e-07  4.92e-05    10s
  35   1.31691914e+04  1.31579538e+04  4.93e+00 2.50e-08  3.02e-05    10s
  36   1.31677100e+04  1.31576007e+04  4.34e+00 1.90e-08  2.61e-05    10s
  37   1.31672587e+04  1.31574482e+04  4.11e+00 1.71e-08  2.42e-05    11s
  38   1.31649411e+04  1.31572095e+04  3.18e+00 2.30e-09  1.85e-05    11s
  39   1.31648856e+04  1.31570660e+04  3.16e+00 1.81e-09  1.81e-05    11s
  40   1.31643533e+04  1.31569230e+04  2.95e+00 1.59e-09  1.69e-05    11s
  41   1.31620642e+04  1.31563361e+04  2.11e+00 3.57e-15  1.09e-05    12s
  42   1.31618853e+04  1.31563333e+04  2.05e+00 2.70e-15  1.06e-05    12s
  43   1.31618115e+04  1.31562429e+04  2.02e+00 3.30e-15  1.05e-05    12s
  44   1.31607869e+04  1.31561624e+04  1.62e+00 3.20e-15  8.03e-06    12s
  45   1.31607638e+04  1.31561459e+04  1.61e+00 4.44e-15  8.01e-06    12s
  46   1.31600571e+04  1.31561477e+04  1.36e+00 5.33e-15  6.75e-06    13s
  47   1.31597137e+04  1.31561602e+04  1.23e+00 3.55e-15  6.03e-06    13s
  48   1.31595401e+04  1.31561692e+04  1.16e+00 4.44e-15  5.68e-06    13s
  49   1.31593651e+04  1.31561850e+04  1.10e+00 3.55e-15  5.46e-06    13s
  50   1.31582962e+04  1.31561748e+04  7.97e-01 8.88e-15  4.39e-06    14s
  51   1.31560976e+04  1.31561221e+04  7.72e-03 5.33e-15  1.49e-07    14s
  52   1.31561042e+04  1.31561043e+04  3.43e-06 4.44e-15  1.77e-10    14s
  53   1.31561042e+04  1.31561042e+04  3.57e-09 6.22e-15  2.88e-13    14s

Barrier solved model in 53 iterations and 14.22 seconds (14.94 work units)
Optimal objective 1.31561042e+04


Root crossover log...

   21199 variables added to crossover basis                       15s

    2376 DPushes remaining with DInf 0.0000000e+00                16s
       0 DPushes remaining with DInf 0.0000000e+00                16s

       0 PPushes remaining with PInf 0.0000000e+00                16s

  Push phase complete: Pinf 0.0000000e+00, Dinf 7.3862754e-09     16s


Root simplex log...

Iteration    Objective       Primal Inf.    Dual Inf.      Time
     334    1.3156104e+04   0.000000e+00   0.000000e+00     17s
Concurrent spin time: 1.16s

Solved with barrier

Root relaxation: objective 1.315610e+04, 334 iterations, 16.76 seconds (18.21 work units)

    Nodes    |    Current Node    |     Objective Bounds      |     Work
 Expl Unexpl |  Obj  Depth IntInf | Incumbent    BestBd   Gap | It/Node Time

     0     0 13156.1042    0 9827 8184.00000 13156.1042  60.8%     -   20s
     0     0 11969.2677    0 9369 8184.00000 11969.2677  46.3%     -   75s
H    0     0                    8378.0000000 11969.2677  42.9%     -  137s
     0     0 10820.6251    0 9286 8378.00000 10820.6251  29.2%     -  197s
     0     0 10094.0816    0 8866 8378.00000 10094.0816  20.5%     -  256s
     0     0 9817.02315    0 8133 8378.00000 9817.02315  17.2%     -  280s
     0     0 9716.86312    0 6676 8378.00000 9716.86312  16.0%     -  302s
     0     0 9679.49160    0 5347 8378.00000 9679.49160  15.5%     -  324s
     0     0 9661.71610    0 5057 8378.00000 9661.71610  15.3%     -  342s
     0     0 9656.64249    0 4257 8378.00000 9656.64249  15.3%     -  359s
     0     0 9654.90717    0 4092 8378.00000 9654.90717  15.2%     -  374s
     0     0 9654.15792    0 4042 8378.00000 9654.15792  15.2%     -  401s
     0     0 9653.80615    0 3912 8378.00000 9653.80615  15.2%     -  428s
     0     0 9653.62763    0 3910 8378.00000 9653.62763  15.2%     -  454s
     0     0 9275.83253    0 4286 8378.00000 9275.83253  10.7%     -  541s
     0     0 9052.86013    0 4489 8378.00000 9052.86013  8.06%     -  591s
     0     0 8998.93926    0 4397 8378.00000 8998.93926  7.41%     -  616s
     0     0 8978.93141    0 4488 8378.00000 8978.93141  7.17%     -  661s
     0     0 8973.27810    0 4142 8378.00000 8973.27810  7.11%     -  696s
     0     0 8971.28298    0 4432 8378.00000 8971.28298  7.08%     -  727s
     0     0 8892.54882    0 3700 8378.00000 8892.54882  6.14%     -  819s
     0     0 8856.95707    0 4567 8378.00000 8856.95707  5.72%     -  849s
     0     0 8845.16375    0 5103 8378.00000 8845.16375  5.58%     -  888s
     0     0 8835.46093    0 4974 8378.00000 8835.46093  5.46%     -  926s
     0     0 8825.74339    0 5034 8378.00000 8825.74339  5.34%     -  964s
     0     0 8821.32692    0 5143 8378.00000 8821.32692  5.29%     - 1000s
     0     0 8819.66750    0 4865 8378.00000 8819.66750  5.27%     - 1033s
     0     0 8798.70616    0 5439 8378.00000 8798.70616  5.02%     - 1119s
     0     0 8790.32800    0 5631 8378.00000 8790.32800  4.92%     - 1160s
     0     0 8784.97963    0 5616 8378.00000 8784.97963  4.86%     - 1201s
     0     0 8781.18173    0 5861 8378.00000 8781.18173  4.81%     - 1239s
     0     0 8774.00136    0 5999 8378.00000 8774.00136  4.73%     - 1280s
     0     0 8774.00136    0 5999 8378.00000 8774.00136  4.73%     - 1307s
H    0     0                    8419.0000000 8766.66069  4.13%     - 1919s
     0     2 8766.66069    0 5999 8419.00000 8766.66069  4.13%     - 1947s
     1     4 8766.66069    1 5953 8419.00000 8766.66069  4.13%  3904 1996s
     2     4 8765.50935    1 5809 8419.00000 8766.66069  4.13%  4064 2022s
     3     8 8764.76087    2 6372 8419.00000 8766.66069  4.13%  4396 2087s
     5     8 8757.26728    2 6128 8419.00000 8765.38337  4.11%  4476 2137s
     7    16 8761.75019    3 6787 8419.00000 8764.74078  4.11%  4977 2284s
    12    16 8749.75396    3 6444 8419.00000 8761.75012  4.07%  5253 2410s
    14    16 8741.89017    3 6199 8419.00000 8761.75012  4.07%  5722 2460s
    15    24 8760.30528    4 6981 8419.00000 8761.74978  4.07%  5978 2580s
    23    32 8753.78481    4 6835 8419.00000 8760.30376  4.05%  6242 2971s
    31    40 8760.22284    5 6993 8419.00000 8760.29541  4.05%  7405 3200s
    33    40 8753.14787    5 6632 8419.00000 8760.29541  4.05%  6973 3250s
    35    40 8747.72310    5 6478 8419.00000 8760.29541  4.05%  6619 3301s
    38    40 8714.33668    6 5816 8419.00000 8760.29541  4.05%  6237 3378s
    39    48 8759.60096    6 7031 8419.00000 8760.29541  4.05%  6096 3413s
    41    48 8746.71267    5 6457 8419.00000 8760.29541  4.05%  5835 3464s
    47    62 8759.51179    7 6987 8419.00000 8760.29541  4.05%  5135 3625s
    48    62 8753.53255    7 6330 8419.00000 8760.29541  4.05%  5039 3651s
    58    62 8739.35714    8 6362 8419.00000 8760.29541  4.05%  4217 3907s

Cutting planes:
  Gomory: 4
  Lift-and-project: 5
  Cover: 2145
  MIR: 3672
  StrongCG: 279
  GUB cover: 4303
  Zero half: 26
  Mod-K: 1
  RLT: 4782
  Lazy constraints: 12

Explored 61 nodes (341336 simplex iterations) in 3958.85 seconds (2992.54 work units)
Thread count was 8 (of 8 available processors)

Solution count 4: 8419 8378 8184 8161 

Time limit reached
Best objective 8.419000000000e+03, best bound 8.760000000000e+03, gap 4.0504%

User-callback calls 117798, time in user-callback 2192.84 sec
