
Gurobi 9.5.1 (linux64) logging started Wed Mar  9 18:00:23 2022

Set parameter LogFile to value "../results/logs/log_2022_03_09_17_57.csv_3_55.log"
Set parameter Method to value 3
Gurobi Optimizer version 9.5.1 build v9.5.1rc2 (linux64)
Thread count: 8 physical cores, 8 logical processors, using up to 8 threads
Optimize a model with 5947 rows, 9882 columns and 44842 nonzeros
Model fingerprint: 0x2e3f6833
Variable types: 4941 continuous, 4941 integer (4941 binary)
Coefficient statistics:
  Matrix range     [1e+00, 3e+00]
  Objective range  [1e+00, 1e+00]
  Bounds range     [1e+00, 1e+00]
  RHS range        [1e+00, 6e+01]
Found heuristic solution: objective 231.0000000
Presolve removed 2783 rows and 5534 columns
Presolve time: 0.04s
Presolved: 3164 rows, 4348 columns, 16843 nonzeros
Variable types: 2523 continuous, 1825 integer (1795 binary)
Found heuristic solution: objective 265.0000000

Concurrent LP optimizer: primal simplex, dual simplex, and barrier
Showing barrier log only...

Root barrier log...

Ordering time: 0.00s

Barrier statistics:
 AA' NZ     : 1.450e+04
 Factor NZ  : 4.269e+04 (roughly 3 MB of memory)
 Factor Ops : 6.627e+05 (less than 1 second per iteration)
 Threads    : 1

                  Objective                Residual
Iter       Primal          Dual         Primal    Dual     Compl     Time
   0   1.07896063e+04  1.26871850e+04  4.00e+03 9.44e-01  3.30e+01     0s
   1   5.17561594e+03  1.88241252e+04  1.78e+03 1.07e-14  1.43e+01     0s
   2   1.21864820e+03  1.20733144e+04  1.22e+02 6.22e-15  1.67e+00     0s
   3   1.01335074e+03  2.94701297e+03  1.80e+01 1.95e-14  2.46e-01     0s
   4   1.06708002e+03  1.60905838e+03  3.00e+00 1.15e-14  5.62e-02     0s
   5   1.12655065e+03  1.36347610e+03  1.12e+00 9.77e-15  2.31e-02     0s
   6   1.15832891e+03  1.26873723e+03  5.39e-01 7.11e-15  1.06e-02     0s
   7   1.17410680e+03  1.23152657e+03  3.08e-01 2.66e-15  5.50e-03     0s
   8   1.18207725e+03  1.21741257e+03  2.04e-01 2.05e-15  3.40e-03     0s
   9   1.18554682e+03  1.21396351e+03  1.61e-01 1.33e-15  2.72e-03     0s
  10   1.19029666e+03  1.20749173e+03  1.03e-01 1.78e-15  1.66e-03     0s
  11   1.19359589e+03  1.20467719e+03  6.40e-02 1.78e-15  1.06e-03     0s
  12   1.19472845e+03  1.20209367e+03  5.14e-02 1.78e-15  7.21e-04     0s
  13   1.19639378e+03  1.20128576e+03  3.25e-02 2.01e-15  4.75e-04     0s
  14   1.19688420e+03  1.20069694e+03  2.69e-02 2.57e-15  3.72e-04     0s
  15   1.19708082e+03  1.20048747e+03  2.50e-02 1.76e-15  3.34e-04     0s
  16   1.19749251e+03  1.19994759e+03  1.90e-02 1.68e-15  2.41e-04     0s
  17   1.19876336e+03  1.19934398e+03  5.98e-04 2.37e-15  5.04e-05     0s
  18   1.19883012e+03  1.19919355e+03  4.66e-04 3.27e-15  3.17e-05     0s
  19   1.19902820e+03  1.19903762e+03  3.85e-06 2.31e-15  8.09e-07     0s
  20   1.19903618e+03  1.19903619e+03  0.00e+00 2.29e-15  8.14e-10     0s

Barrier solved model in 20 iterations and 0.10 seconds (0.09 work units)
Optimal objective 1.19903618e+03


Solved with primal simplex

Root relaxation: objective 1.199036e+03, 3036 iterations, 0.06 seconds (0.05 work units)

    Nodes    |    Current Node    |     Objective Bounds      |     Work
 Expl Unexpl |  Obj  Depth IntInf | Incumbent    BestBd   Gap | It/Node Time

     0     0 1199.03618    0 1236  265.00000 1199.03618   352%     -    0s
H    0     0                     277.0000000 1199.03618   333%     -    0s
     0     0  750.39396    0  728  277.00000  750.39396   171%     -    0s
     0     0  712.56817    0  611  277.00000  712.56817   157%     -    0s
     0     0  710.94359    0  610  277.00000  710.94359   157%     -    0s
     0     0  710.57327    0  603  277.00000  710.57327   157%     -    0s
     0     0  710.56722    0  603  277.00000  710.56722   157%     -    0s
H    0     0                     290.0000000  632.63259   118%     -    0s
     0     0  632.63259    0  555  290.00000  632.63259   118%     -    0s
     0     0  622.10305    0  513  290.00000  622.10305   115%     -    0s
     0     0  620.28885    0  504  290.00000  620.28885   114%     -    0s
     0     0  620.13133    0  504  290.00000  620.13133   114%     -    0s
H    0     0                     296.0000000  620.13133   110%     -    0s
     0     0  592.56183    0  509  296.00000  592.56183   100%     -    0s
     0     0  586.17697    0  486  296.00000  586.17697  98.0%     -    0s
H    0     0                     309.0000000  584.58975  89.2%     -    0s
     0     0  584.58975    0  544  309.00000  584.58975  89.2%     -    0s
     0     0  584.12546    0  533  309.00000  584.12546  89.0%     -    0s
H    0     0                     315.0000000  584.12546  85.4%     -    0s
H    0     0                     324.0000000  584.12546  80.3%     -    0s
H    0     0                     341.0000000  572.72125  68.0%     -    1s
     0     0  572.72125    0  507  341.00000  572.72125  68.0%     -    1s
     0     0  570.47986    0  398  341.00000  570.47986  67.3%     -    1s
     0     0  569.85632    0  435  341.00000  569.85632  67.1%     -    1s
     0     0  566.33393    0  393  341.00000  566.33393  66.1%     -    1s
     0     0  565.12528    0  393  341.00000  565.12528  65.7%     -    1s
     0     0  564.41077    0  398  341.00000  564.41077  65.5%     -    1s
     0     0  561.30193    0  343  341.00000  561.30193  64.6%     -    1s
H    0     0                     343.0000000  561.30193  63.6%     -    1s
     0     0  560.84785    0  383  343.00000  560.84785  63.5%     -    1s
     0     0  559.19572    0  359  343.00000  559.19572  63.0%     -    1s
     0     0  559.19572    0  359  343.00000  559.19572  63.0%     -    1s
     0     2  559.19572    0  359  343.00000  559.19572  63.0%     -    1s
H   32    40                     345.0000000  558.00848  61.7%  84.4    2s
H   35    40                     352.0000000  558.00848  58.5%  79.8    2s
H  107   116                     356.0000000  558.00848  56.7%  62.0    2s
H  111   116                     363.0000000  558.00848  53.7%  61.6    2s
H  151   160                     368.0000000  558.00848  51.6%  59.4    2s
H  155   160                     369.0000000  558.00848  51.2%  60.8    2s
H  156   160                     373.0000000  558.00848  49.6%  60.6    2s
H  302   311                     377.0000000  558.00848  48.0%  53.4    3s
H  303   311                     403.0000000  558.00848  38.5%  53.2    3s
  1280  1355  520.15614  107   32  403.00000  558.00848  38.5%  45.4    5s
H 1396  1411                     427.0000000  558.00848  30.7%  44.5    5s
H 1507  1373                     510.0000000  558.00848  9.41%  44.0    5s
H 2379  1208                     529.0000000  557.06700  5.31%  43.8    7s
  2416  1222  542.45663   10  244  529.00000  542.45663  2.54%  43.1   10s
H 2463  1188                     534.0000000  539.01630  0.94%  42.3   13s
  2490  1207  538.87139   33  105  534.00000  538.87139  0.91%  48.0   15s
H 2536  1172                     535.0000000  537.84288  0.53%  51.2   17s
H 2637  1091                     536.0000000  537.80307  0.34%  50.4   18s

Cutting planes:
  Gomory: 136
  Lift-and-project: 145
  Cover: 1
  Implied bound: 7
  MIR: 736
  Flow cover: 801
  RLT: 102
  Relax-and-lift: 41

Explored 2684 nodes (145595 simplex iterations) in 18.63 seconds (18.64 work units)
Thread count was 8 (of 8 available processors)

Solution count 10: 536 535 534 ... 369

Optimal solution found (tolerance 1.00e-04)
Best objective 5.360000000000e+02, best bound 5.360000000000e+02, gap 0.0000%
