
Gurobi 9.5.0 (win64) logging started Tue Dec  7 12:27:07 2021

Set parameter LogFile to value "../results/logs/log_2021_12_07_12_26.csv_2_70.log"
Set parameter Method to value 3
Gurobi Optimizer version 9.5.0 build v9.5.0rc5 (win64)
Thread count: 6 physical cores, 12 logical processors, using up to 12 threads
Optimize a model with 7793 rows, 9882 columns and 42118 nonzeros
Model fingerprint: 0xdd1aec05
Variable types: 4941 continuous, 4941 integer (4941 binary)
Coefficient statistics:
  Matrix range     [1e+00, 2e+00]
  Objective range  [1e+00, 1e+00]
  Bounds range     [1e+00, 1e+00]
  RHS range        [1e+00, 7e+01]
Found heuristic solution: objective 3353.0000000
Presolve removed 7455 rows and 9420 columns
Presolve time: 0.02s
Presolved: 338 rows, 462 columns, 1285 nonzeros
Variable types: 153 continuous, 309 integer (255 binary)
Found heuristic solution: objective 3423.0000000

Root relaxation: objective 3.549500e+03, 261 iterations, 0.00 seconds (0.00 work units)

    Nodes    |    Current Node    |     Objective Bounds      |     Work
 Expl Unexpl |  Obj  Depth IntInf | Incumbent    BestBd   Gap | It/Node Time

     0     0 3549.50000    0   23 3423.00000 3549.50000  3.70%     -    0s
H    0     0                    3520.0000000 3549.50000  0.84%     -    0s
H    0     0                    3527.0000000 3549.50000  0.64%     -    0s
     0     0 3541.00000    0   28 3527.00000 3541.00000  0.40%     -    0s
H    0     0                    3530.0000000 3541.00000  0.31%     -    0s
     0     0 3541.00000    0   30 3530.00000 3541.00000  0.31%     -    0s
     0     0 3541.00000    0   34 3530.00000 3541.00000  0.31%     -    0s
     0     0 3541.00000    0   34 3530.00000 3541.00000  0.31%     -    0s
H    0     0                    3531.0000000 3541.00000  0.28%     -    0s
     0     2 3541.00000    0   34 3531.00000 3541.00000  0.28%     -    0s
*  140    36              37    3532.0000000 3536.33333  0.12%  11.3    0s

Cutting planes:
  Gomory: 20
  Implied bound: 44
  MIR: 74
  RLT: 17
  Relax-and-lift: 2

Explored 4355 nodes (26920 simplex iterations) in 0.70 seconds (0.46 work units)
Thread count was 12 (of 12 available processors)

Solution count 7: 3532 3531 3530 ... 3353

Optimal solution found (tolerance 1.00e-04)
Best objective 3.532000000000e+03, best bound 3.532000000000e+03, gap 0.0000%
