
Gurobi 9.5.0 (win64) logging started Tue Dec  7 12:30:40 2021

Set parameter LogFile to value "../results/logs/log_2021_12_07_12_26.csv_3_45.log"
Set parameter Method to value 3
Gurobi Optimizer version 9.5.0 build v9.5.0rc5 (win64)
Thread count: 6 physical cores, 12 logical processors, using up to 12 threads
Optimize a model with 5947 rows, 9882 columns and 44842 nonzeros
Model fingerprint: 0x54995421
Variable types: 4941 continuous, 4941 integer (4941 binary)
Coefficient statistics:
  Matrix range     [1e+00, 3e+00]
  Objective range  [1e+00, 1e+00]
  Bounds range     [1e+00, 1e+00]
  RHS range        [1e+00, 5e+01]
Found heuristic solution: objective 231.0000000
Presolve removed 2783 rows and 5534 columns
Presolve time: 0.06s
Presolved: 3164 rows, 4348 columns, 16843 nonzeros
Variable types: 2523 continuous, 1825 integer (1795 binary)
Found heuristic solution: objective 261.0000000

Concurrent LP optimizer: primal simplex, dual simplex, and barrier
Showing barrier log only...

Root barrier log...

Ordering time: 0.00s

Barrier statistics:
 AA' NZ     : 1.451e+04
 Factor NZ  : 4.269e+04 (roughly 3 MB of memory)
 Factor Ops : 6.627e+05 (less than 1 second per iteration)
 Threads    : 1

                  Objective                Residual
Iter       Primal          Dual         Primal    Dual     Compl     Time
   0   9.88669751e+03  1.26869705e+04  3.63e+03 9.44e-01  3.02e+01     0s
   1   4.87065835e+03  1.84455411e+04  1.65e+03 7.99e-15  1.33e+01     0s
   2   1.20162699e+03  1.14572509e+04  1.15e+02 9.33e-15  1.56e+00     0s
   3   1.01403976e+03  2.74811453e+03  1.82e+01 8.88e-15  2.32e-01     0s
   4   1.05702338e+03  1.58411664e+03  2.94e+00 1.04e-14  5.56e-02     0s
   5   1.11206353e+03  1.34690072e+03  9.01e-01 4.62e-15  2.26e-02     0s
   6   1.14229818e+03  1.25535650e+03  2.90e-01 4.71e-15  1.03e-02     0s
   7   1.15522881e+03  1.19620841e+03  1.47e-01 3.14e-15  3.81e-03     0s
   8   1.16520875e+03  1.18403137e+03  6.29e-02 2.70e-15  1.74e-03     0s
   9   1.16810212e+03  1.18060201e+03  4.21e-02 3.20e-15  1.15e-03     0s
  10   1.16951221e+03  1.17815015e+03  3.24e-02 3.31e-15  8.03e-04     0s
  11   1.17200160e+03  1.17556604e+03  1.51e-02 3.83e-15  3.35e-04     0s
  12   1.17261204e+03  1.17465965e+03  1.12e-02 3.29e-15  1.98e-04     0s
  13   1.17373239e+03  1.17428148e+03  2.75e-03 3.87e-15  5.24e-05     0s

Barrier performed 13 iterations in 0.14 seconds (0.08 work units)
Barrier solve interrupted - model solved by another algorithm


Solved with primal simplex

Root relaxation: objective 1.174256e+03, 2973 iterations, 0.07 seconds (0.05 work units)

    Nodes    |    Current Node    |     Objective Bounds      |     Work
 Expl Unexpl |  Obj  Depth IntInf | Incumbent    BestBd   Gap | It/Node Time

     0     0 1174.25617    0 1247  261.00000 1174.25617   350%     -    0s
H    0     0                     272.0000000 1174.25617   332%     -    0s
     0     0  708.98217    0  721  272.00000  708.98217   161%     -    0s
     0     0  673.77052    0  645  272.00000  673.77052   148%     -    0s
     0     0  672.43401    0  637  272.00000  672.43401   147%     -    0s
     0     0  672.15427    0  630  272.00000  672.15427   147%     -    0s
     0     0  595.84756    0  531  272.00000  595.84756   119%     -    0s
     0     0  584.79228    0  484  272.00000  584.79228   115%     -    0s
H    0     0                     289.0000000  583.49537   102%     -    0s
     0     0  583.49537    0  521  289.00000  583.49537   102%     -    0s
     0     0  583.41283    0  497  289.00000  583.41283   102%     -    0s
H    0     0                     304.0000000  583.41283  91.9%     -    0s
H    0     0                     316.0000000  554.27554  75.4%     -    1s
     0     0  554.27554    0  527  316.00000  554.27554  75.4%     -    1s
H    0     0                     328.0000000  547.31262  66.9%     -    1s
     0     0  547.31262    0  545  328.00000  547.31262  66.9%     -    1s
     0     0  545.57600    0  456  328.00000  545.57600  66.3%     -    1s
     0     0  545.14493    0  456  328.00000  545.14493  66.2%     -    1s
H    0     0                     339.0000000  545.14493  60.8%     -    1s
     0     0  534.72678    0  489  339.00000  534.72678  57.7%     -    1s
     0     0  532.12974    0  479  339.00000  532.12974  57.0%     -    1s
     0     0  531.59758    0  438  339.00000  531.59758  56.8%     -    2s
     0     0  528.50706    0  396  339.00000  528.50706  55.9%     -    2s
     0     0  527.49405    0  518  339.00000  527.49405  55.6%     -    2s
     0     0  527.19952    0  407  339.00000  527.19952  55.5%     -    2s
     0     0  525.15154    0  497  339.00000  525.15154  54.9%     -    2s
     0     0  525.15154    0  495  339.00000  525.15154  54.9%     -    2s
     0     2  525.15154    0  495  339.00000  525.15154  54.9%     -    3s
H   31    38                     340.0000000  522.87695  53.8%   104    3s
H   35    38                     351.0000006  522.87695  49.0%   100    3s
H  111   121                     351.9999998  522.87695  48.5%  61.6    3s
H  115   121                     353.0000000  522.87695  48.1%  59.9    3s
H  147   154                     358.9999995  522.87695  45.6%  59.2    4s
H  152   154                     359.9999995  522.87695  45.2%  60.1    4s
H  358   376                     360.0000000  522.87695  45.2%  54.4    4s
   406   436  507.28867   53  339  360.00000  522.87695  45.2%  52.5    5s
H  821   833                     362.0000000  522.87695  44.4%  44.0    5s
H  823   833                     363.0000000  522.87695  44.0%  44.0    5s
H  831   833                     374.0000000  522.87695  39.8%  44.3    5s
H 1316  1333                     470.0000000  522.87695  11.3%  40.7    6s
  1673  1559  503.57045   52  371  470.00000  521.98574  11.1%  42.4   10s
H 1710  1504                     471.0000000  501.84225  6.55%  41.5   14s
  1713  1506  501.05188   50  240  471.00000  501.05188  6.38%  41.4   15s
  1764  1542  472.83690  168  138  471.00000  498.94297  5.93%  49.1   20s
H 1782  1475                     473.0000000  498.92247  5.48%  48.6   23s
  1786  1482  498.14665   30  145  473.00000  498.14665  5.32%  53.8   25s
H 1810  1432                     488.0000000  497.88852  2.03%  53.7   27s
H 1967  1415                     489.0000000  497.33701  1.70%  51.6   28s
H 1968  1348                     490.0000000  497.33701  1.50%  51.6   28s
H 1971  1284                     491.0000000  497.33701  1.29%  51.6   28s
H 1977  1221                     492.0000000  497.33701  1.08%  51.5   28s
* 2100  1145              43     495.0000000  497.33701  0.47%  50.6   29s
* 2143  1025              37     496.0000000  497.33701  0.27%  50.2   29s

Cutting planes:
  Gomory: 141
  Lift-and-project: 146
  Implied bound: 17
  MIR: 853
  Flow cover: 753
  RLT: 92
  Relax-and-lift: 39

Explored 2276 nodes (118963 simplex iterations) in 30.04 seconds (21.22 work units)
Thread count was 12 (of 12 available processors)

Solution count 10: 496 495 492 ... 470

Optimal solution found (tolerance 1.00e-04)
Best objective 4.960000000000e+02, best bound 4.960000000000e+02, gap 0.0000%
