
Gurobi 9.5.1 (linux64) logging started Tue Jun 21 15:11:27 2022

Set parameter LogFile to value "../results/logs/log_Gowalla_edges_20_5_2022_06_21_12_08.log"
Gurobi Optimizer version 9.5.1 build v9.5.1rc2 (linux64)
Thread count: 8 physical cores, 8 logical processors, using up to 8 threads
Optimize a model with 24219 rows, 393182 columns and 945407 nonzeros
Model fingerprint: 0x54a218b7
Variable types: 0 continuous, 393182 integer (393182 binary)
Coefficient statistics:
  Matrix range     [1e+00, 2e+01]
  Objective range  [1e+00, 1e+00]
  Bounds range     [1e+00, 1e+00]
  RHS range        [1e+00, 5e+00]
Found heuristic solution: objective 8161.0000000
Presolve removed 1879 rows and 332883 columns
Presolve time: 2.31s
Presolved: 22340 rows, 60299 columns, 399486 nonzeros
Variable types: 0 continuous, 60299 integer (51301 binary)
Found heuristic solution: objective 8163.0000000

Deterministic concurrent LP optimizer: primal and dual simplex
Showing first log only...

Warning: Markowitz tolerance tightened to 0.125

Root simplex log...

Iteration    Objective       Primal Inf.    Dual Inf.      Time
    8770    9.9181465e+03   0.000000e+00   2.255091e+04      5s
   10011    1.0875735e+04   0.000000e+00   1.137648e+07     10s
   11070    1.1580441e+04   0.000000e+00   1.389276e+03     15s
   11900    1.2080937e+04   0.000000e+00   2.160052e+07     20s
   12732    1.2468634e+04   0.000000e+00   3.710837e+06     26s
   13509    1.2859489e+04   0.000000e+00   4.314644e+03     32s
   13821    1.3014184e+04   0.000000e+00   0.000000e+00     34s
   13821    1.3014184e+04   0.000000e+00   0.000000e+00     34s
Concurrent spin time: 1.12s

Solved with dual simplex

Root relaxation: objective 1.301418e+04, 10275 iterations, 32.01 seconds (58.58 work units)

    Nodes    |    Current Node    |     Objective Bounds      |     Work
 Expl Unexpl |  Obj  Depth IntInf | Incumbent    BestBd   Gap | It/Node Time

     0     0 13013.3249    0 9154 8163.00000 13013.3249  59.4%     -   44s
H    0     0                    8202.0000000 13013.3249  58.7%     -   67s
H    0     0                    8235.0000000 12119.3069  47.2%     -   80s
     0     0 12119.3069    0 8803 8235.00000 12119.3069  47.2%     -   80s
     0     0 11329.1689    0 8759 8235.00000 11329.1689  37.6%     -  104s
     0     0 10559.6142    0 8621 8235.00000 10559.6142  28.2%     -  126s
     0     0 9985.56992    0 8290 8235.00000 9985.56992  21.3%     -  146s
     0     0 9682.88725    0 7860 8235.00000 9682.88725  17.6%     -  160s
     0     0 9560.86833    0 6893 8235.00000 9560.86833  16.1%     -  169s
     0     0 9527.91815    0 4392 8235.00000 9527.91815  15.7%     -  176s
     0     0 9518.48834    0 3850 8235.00000 9518.48834  15.6%     -  178s
     0     0 9516.35768    0 3533 8235.00000 9516.35768  15.6%     -  180s
     0     0 9515.57938    0 3671 8235.00000 9515.57938  15.6%     -  181s
     0     0 9515.12146    0 3318 8235.00000 9515.12146  15.5%     -  182s
     0     0 9515.01253    0 3049 8235.00000 9515.01253  15.5%     -  182s
     0     0 9147.90401    0 3678 8235.00000 9147.90401  11.1%     -  188s
     0     0 8970.15304    0 4948 8235.00000 8970.15304  8.93%     -  194s
H    0     0                    8242.0000000 8837.66949  7.23%     -  201s
     0     0 8837.66949    0 4916 8242.00000 8837.66949  7.23%     -  201s
     0     0 8805.00085    0 4851 8242.00000 8805.00085  6.83%     -  208s
H    0     0                    8245.0000000 8794.18466  6.66%     -  213s
     0     0 8794.18466    0 3797 8245.00000 8794.18466  6.66%     -  213s
     0     0 8791.00856    0 3607 8245.00000 8791.00856  6.62%     -  216s
     0     0 8788.61258    0 3353 8245.00000 8788.61258  6.59%     -  220s
     0     0 8661.08644    0 3143 8245.00000 8661.08644  5.05%     -  242s
H    0     0                    8252.0000000 8661.08644  4.96%     -  259s
     0     0 8616.85219    0 4165 8252.00000 8616.85219  4.42%     -  266s
     0     0 8602.21599    0 3274 8252.00000 8602.21599  4.24%     -  271s
     0     0 8593.73494    0 3474 8252.00000 8593.73494  4.14%     -  274s
     0     0 8590.62388    0 3303 8252.00000 8590.62388  4.10%     -  278s
     0     0 8562.42637    0 3730 8252.00000 8562.42637  3.76%     -  293s
     0     0 8551.25140    0 3606 8252.00000 8551.25140  3.63%     -  300s
     0     0 8545.32963    0 3292 8252.00000 8545.32963  3.55%     -  307s
     0     0 8540.49176    0 3215 8252.00000 8540.49176  3.50%     -  311s
     0     0 8538.96462    0 3745 8252.00000 8538.96462  3.48%     -  315s
H    0     0                    8258.0000000 8530.36708  3.30%     -  322s
     0     0 8530.36708    0 3900 8258.00000 8530.36708  3.30%     -  323s
     0     0 8530.36702    0 3898 8258.00000 8530.36702  3.30%     -  328s
     0     0 8530.36702    0 3898 8258.00000 8530.36702  3.30%     -  328s
H    0     0                    8259.0000000 8530.36702  3.29%     -  355s
H    0     0                    8260.0000000 8530.36702  3.27%     -  368s
     0     2 8518.28621    0 3898 8260.00000 8518.28621  3.13%     -  389s
     1     2 8518.28621    1 3956 8260.00000 8518.28621  3.13%  80.0  391s
     3     2 8518.28621    2 3853 8260.00000 8518.28621  3.13%   557  395s
     7     6 8518.28621    4 3848 8260.00000 8518.28621  3.13%   415  403s
    11     6 8518.28621    5 3819 8260.00000 8518.28621  3.13%   680  411s
    17    11 8518.28621    6 3824 8260.00000 8518.28621  3.13%   887  426s
    23    15 8518.28621    7 4129 8260.00000 8518.28621  3.13%  1006  439s
    31    21 8518.28621    8 4127 8260.00000 8518.28621  3.13%  1117  441s
    47    39 8516.03212   10 3957 8260.00000 8518.28621  3.13%   785  454s
    57    49 8514.91987   11 3894 8260.00000 8518.28621  3.13%   770  456s
    83    71 8513.42112   13 3770 8260.00000 8518.28621  3.13%   575  465s
   112    96 8501.87436   16 3294 8260.00000 8518.28621  3.13%   520  474s
   126   104 8497.87404   17 3117 8260.00000 8518.28621  3.13%   498  484s
   134   125 8497.73429   18 3128 8260.00000 8518.28621  3.13%   540  502s
   156   130 8497.13880   21 2952 8260.00000 8518.28621  3.13%   539  526s
   165   144 8494.81322   22 2752 8260.00000 8518.28621  3.13%   526  544s
   181   161 8494.44674   23 2772 8260.00000 8518.28621  3.13%   536  549s
   207   174 8492.93684   24 2727 8260.00000 8518.28621  3.13%   497  558s
   228   178 8483.10060   26 2930 8260.00000 8518.28621  3.13%   488  569s
   238   202 8481.31214   27 3061 8260.00000 8518.28621  3.13%   502  576s
   266   215 8475.91957   30 2906 8260.00000 8518.28621  3.13%   474  585s
   285   229 8462.62679   33 2542 8260.00000 8518.28621  3.13%   472  595s
   309   238 8450.66344   35 2444 8260.00000 8518.28621  3.13%   472  629s
H  318   238                    8261.0000000 8518.28621  3.11%   469  629s
   326   246 8445.29709   36 2274 8261.00000 8518.28621  3.11%   472  637s
   346   251     cutoff   38      8261.00000 8518.28621  3.11%   472  647s
   367   260 8404.28917   41 1415 8261.00000 8518.28621  3.11%   474  666s
   382   267 infeasible   41      8261.00000 8518.28621  3.11%   504  683s
   391   275 8386.95253   42 1537 8261.00000 8518.28621  3.11%   503  695s
   404   280 8360.43522   42  820 8261.00000 8518.28621  3.11%   519  713s
   425   294 8381.13988   43 1550 8261.00000 8518.28621  3.11%   536  723s
   445   325 8362.06507   45  749 8261.00000 8518.28621  3.11%   534  734s
   480   337     cutoff   47      8261.00000 8518.28621  3.11%   523  743s
   502   351     cutoff   47      8261.00000 8518.28621  3.11%   521  760s
   528   358 8513.52361   11 4450 8261.00000 8518.28621  3.11%   532  788s
   556   400 8513.52357   12 4447 8261.00000 8518.28621  3.11%   552  799s
   613   412 8505.83691   20 4520 8261.00000 8518.28621  3.11%   520  812s
   634   430 8437.17805   25 2632 8261.00000 8518.28621  3.11%   522  825s
   661   445 8399.68361   28 1844 8261.00000 8518.28621  3.11%   523  836s
   696   481     cutoff   34      8261.00000 8518.28621  3.11%   512  852s
   750   508     cutoff   36      8261.00000 8518.28621  3.11%   493  883s
H  781   548                    8262.0000000 8518.28621  3.10%   482 1055s
   822   598 infeasible   42      8262.00000 8518.28621  3.10%   473 1070s
   878   627 8346.88841   45 1491 8262.00000 8518.28621  3.10%   461 1091s
   950   673     cutoff   48      8262.00000 8513.46935  3.04%   445 1109s
  1010   756 8440.61289   10 2359 8262.00000 8513.46935  3.04%   437 1125s
  1093   868 8427.56066   24 2431 8262.00000 8513.46935  3.04%   419 1142s
  1205   969 8420.42474   40 2346 8262.00000 8513.46935  3.04%   396 1159s
  1307  1064 8412.13615   47 2333 8262.00000 8513.46935  3.04%   379 1181s
  1408  1134 8369.01286   55 1547 8262.00000 8513.46935  3.04%   368 1200s
  1516  1135 8420.34027   31 3898 8262.00000 8513.46935  3.04%   356 1334s
  1518  1136 8408.79091   55 3410 8262.00000 8513.46935  3.04%   356 1341s
  1519  1137 8319.13464  122 3134 8262.00000 8513.46935  3.04%   355 1346s
  1528  1143 8398.57635   14 1393 8262.00000 8513.46935  3.04%   353 1350s
  1531  1145 8493.11952   11 1472 8262.00000 8513.46935  3.04%   353 1355s
  1542  1152 8424.52050   29 1594 8262.00000 8513.46935  3.04%   350 1360s
  1544  1154 8478.58539   21 1622 8262.00000 8501.69916  2.90%   350 1371s
  1548  1156 8322.41987   35 1816 8262.00000 8483.03358  2.68%   349 1375s
  1555  1161 8458.48664   62 1833 8262.00000 8476.79960  2.60%   347 1382s
  1556  1162 8404.19366   70 1732 8262.00000 8467.86797  2.49%   347 1385s
  1563  1166 8411.23399   29 1694 8262.00000 8457.50181  2.37%   345 1390s
  1566  1168 8399.43449   30 1616 8262.00000 8451.76556  2.30%   345 1395s
  1573  1173 8417.76208   65 1831 8262.00000 8445.61831  2.22%   343 1400s
  1576  1175 8428.71816   15 1763 8262.00000 8442.73473  2.19%   342 1406s
  1583  1180 8345.32737   54 1952 8262.00000 8439.14332  2.14%   341 1412s
  1584  1180 8436.71939   31 1893 8262.00000 8436.71939  2.11%   341 1415s
  1591  1185 8425.01809   54 1896 8262.00000 8432.38273  2.06%   339 1422s
  1592  1186 8400.80399   78 1872 8262.00000 8430.61801  2.04%   339 1426s
  1599  1190 8427.79232   19 1804 8262.00000 8427.79232  2.01%   338 1432s
  1600  1191 8326.23563   52 1940 8262.00000 8426.91276  2.00%   337 1435s
  1606  1195 8425.32478   45 1854 8262.00000 8425.32478  1.98%   336 1441s
  1607  1196 8423.60594   18 1915 8262.00000 8423.60594  1.96%   336 1445s
  1612  1199 8417.55853   40 1842 8262.00000 8421.68557  1.93%   335 1451s
  1613  1200 8336.76852   48 2123 8262.00000 8420.29187  1.92%   335 1455s
  1619  1204 8319.13464  122 2100 8262.00000 8418.25481  1.89%   333 1461s
  1620  1204 8416.67220  106 2049 8262.00000 8416.67220  1.87%   333 1465s
  1626  1208 8414.51760   17 2071 8262.00000 8414.51760  1.85%   332 1472s
  1627  1209 8413.50022   25 1949 8262.00000 8413.50022  1.83%   332 1476s
  1632  1212 8402.13525    9 1893 8262.00000 8412.16141  1.82%   331 1481s
  1633  1213 8411.17881   38 2060 8262.00000 8411.17881  1.81%   331 1485s
  1638  1216 8373.88731   54 2037 8262.00000 8409.60230  1.79%   330 1500s
  1642  1219 8408.54850   29 2002 8262.00000 8408.54850  1.77%   329 1505s
  1645  1221 8407.25178   30 2105 8262.00000 8407.25178  1.76%   328 1510s
  1649  1224 8406.49026   32 1785 8262.00000 8406.49026  1.75%   327 1515s
  1654  1227 8405.61863   63 2085 8262.00000 8405.61863  1.74%   326 1520s
  1659  1230 8354.97461   35 2008 8262.00000 8404.92475  1.73%   325 1525s
  1663  1234 8404.75758   29 3898 8262.00000 8404.75758  1.73%   371 1530s
  1665  1235 8383.25402   20 3335 8262.00000 8404.75758  1.73%   371 1536s
  1667  1237 8355.22739   49 3051 8262.00000 8404.75758  1.73%   370 1540s
  1673  1241 8404.75758   65 2562 8262.00000 8404.75758  1.73%   369 1545s
  1678  1244 8404.75758   54 1669 8262.00000 8404.75758  1.73%   368 1550s
  1686  1249 8404.75758   32 2209 8262.00000 8404.75758  1.73%   366 1557s
  1690  1252 8404.75758   41 2055 8262.00000 8404.75758  1.73%   365 1561s
  1696  1256 8404.75758   11 1841 8262.00000 8404.75758  1.73%   364 1566s
  1697  1257 8404.75758   39 1914 8262.00000 8404.75758  1.73%   364 1575s
  1703  1261 8404.75758   55 1808 8262.00000 8404.75758  1.73%   363 1582s
  1704  1261 8404.75758   38 1794 8262.00000 8404.75758  1.73%   362 1585s
  1708  1264 8403.59008   69 1967 8262.00000 8404.61792  1.73%   361 1592s
  1709  1265 8403.74488   19 1770 8262.00000 8403.74488  1.72%   361 1596s
  1714  1268 8402.58658   32 1980 8262.00000 8402.58658  1.70%   360 1601s
  1715  1269 8401.64023   64 1849 8262.00000 8401.64023  1.69%   360 1605s
  1720  1272 8400.12567  106 2111 8262.00000 8400.12567  1.67%   359 1612s
  1723  1274 8399.65786   31 2286 8262.00000 8399.65786  1.67%   358 1615s
  1726  1276 8399.13381   17 2358 8262.00000 8399.13381  1.66%   358 1621s
  1730  1279 8362.76716   61 2223 8262.00000 8398.61308  1.65%   357 1625s
  1732  1280 8398.29315    9 2199 8262.00000 8398.29315  1.65%   356 1630s
  1737  1283 8333.80218  117 2142 8262.00000 8397.37624  1.64%   355 1636s
  1740  1285 8396.56437   30 1886 8262.00000 8396.56437  1.63%   355 1642s
  1744  1288 8395.70301   21 2022 8262.00000 8395.70301  1.62%   354 1646s
  1745  1289 8395.15520   30 2145 8262.00000 8395.15520  1.61%   354 1650s
  1749  1291 8394.27697   32 2325 8262.00000 8394.27697  1.60%   353 1656s
  1752  1293 8393.86477   19 2062 8262.00000 8393.86477  1.60%   352 1669s
  1754  1295 8393.69963   63 2089 8262.00000 8393.69963  1.59%   352 1672s
  1755  1295 8393.24814   62 1994 8262.00000 8393.24814  1.59%   352 1676s
  1758  1297 8392.89261   16 2147 8262.00000 8392.89261  1.58%   351 1681s
  1761  1299 8392.61902   81 2392 8262.00000 8392.61902  1.58%   351 1685s
  1764  1301 8392.27958   13 2052 8262.00000 8392.27958  1.58%   350 1691s
  1766  1303 8390.97916   30 2052 8262.00000 8390.97916  1.56%   350 1706s
  1767  1306 8390.97916   25 2038 8262.00000 8390.97916  1.56%   380 1710s
  1773  1310 8390.97916   27 2255 8262.00000 8390.97916  1.56%   381 1718s
  1779  1311 8390.97916   28 2303 8262.00000 8390.97916  1.56%   385 1721s
  1795  1314 8390.97916   30 2382 8262.00000 8390.97916  1.56%   387 1725s
  1811  1318 8390.97916   31 2392 8262.00000 8390.97916  1.56%   387 1732s
  1820  1321 8355.38164   31 1163 8262.00000 8390.97916  1.56%   389 1735s
  1840  1319 8390.97916   33 2321 8262.00000 8390.97916  1.56%   390 1740s
  1865  1319 8339.14885   34  989 8262.00000 8390.97916  1.56%   393 1746s
  1892  1321 8390.60276   35 2316 8262.00000 8390.60276  1.56%   392 1752s
  1901  1324 8388.60586   36 1578 8262.00000 8390.60047  1.56%   394 1756s
  1926  1329 8386.89913   37 1608 8262.00000 8390.60047  1.56%   397 1765s
  1959  1342 8385.14371   38 1447 8262.00000 8390.60047  1.56%   402 1772s
  2010  1352 8385.13844   39 1429 8262.00000 8390.60047  1.56%   399 1777s
  2032  1356 8382.57435   40 1356 8262.00000 8390.60047  1.56%   400 1781s
  2053  1361 8380.77132   40 1351 8262.00000 8390.60047  1.56%   402 1787s
  2105  1378 8381.99208   42 1355 8262.00000 8390.60047  1.56%   403 1793s
  2141  1378 8374.52353   43 1290 8262.00000 8390.60047  1.56%   402 1797s
  2167  1379 8276.93762   44  255 8262.00000 8390.60047  1.56%   402 1801s
  2189  1377 8359.42044   44 1149 8262.00000 8390.60047  1.56%   403 1811s
  2200  1397 8356.25639   45 1052 8262.00000 8390.60047  1.56%   402 1816s
  2237  1401 8355.72175   46 1078 8262.00000 8390.60047  1.56%   401 1821s
  2282  1406 8355.26458   47 1065 8262.00000 8390.60047  1.56%   398 1825s
  2306  1422 8350.44797   48 1046 8262.00000 8390.60047  1.56%   399 1830s
  2336  1427 8347.72070   50 1046 8262.00000 8390.60047  1.56%   399 1853s
  2352  1449 8345.21882   51 1020 8262.00000 8390.60047  1.56%   399 1858s
  2401  1455 8324.18638   53  840 8262.00000 8390.60047  1.56%   397 1863s
  2434  1472 8338.51779   54  954 8262.00000 8390.60047  1.56%   397 1869s
  2470  1487 8327.26069   56  965 8262.00000 8390.60047  1.56%   399 1875s
  2513  1515 8321.06145   62  725 8262.00000 8390.60047  1.56%   399 1880s
  2566  1523 8322.89980   65  767 8262.00000 8390.60047  1.56%   397 1887s
  2615  1542 8321.36849   68  725 8262.00000 8390.60047  1.56%   397 1892s
  2660  1556     cutoff   72      8262.00000 8390.60047  1.56%   397 1899s
  2718  1568     cutoff   74      8262.00000 8387.61259  1.52%   397 1905s
  2763  1558 8386.93153   37 2116 8262.00000 8387.59477  1.52%   397 1913s
  2815  1580 8382.37857   43 2028 8262.00000 8387.59477  1.52%   398 1920s
  2876  1608 8375.20505   50 1762 8262.00000 8387.59477  1.52%   398 1927s
  2929  1629 8373.59734   52 1614 8262.00000 8387.59477  1.52%   398 1934s
  2989  1644 8371.07059   56 2096 8262.00000 8387.59477  1.52%   398 1942s
  3049  1640 8370.19751   59 1728 8262.00000 8387.59477  1.52%   396 1950s
  3109  1664 8367.48508   64 1996 8262.00000 8387.59477  1.52%   397 1957s
  3163  1712 8366.45615   67 2220 8262.00000 8387.59477  1.52%   398 1966s
  3256  1710 8365.51036   69 2221 8262.00000 8387.59477  1.52%   396 1976s
  3357  1700 8356.42677   77 1153 8262.00000 8387.59477  1.52%   394 1986s
  3419  1725 8358.84248   79 1739 8262.00000 8387.59477  1.52%   396 1998s
  3486  1715 8352.99398   82 1015 8262.00000 8387.59477  1.52%   398 2007s
  3509  1741 8350.06857   84 1350 8262.00000 8387.59477  1.52%   398 2018s
  3583  1759 8330.98489   87  617 8262.00000 8387.59477  1.52%   400 2028s
  3639  1778 8332.32425   89  784 8262.00000 8387.59477  1.52%   404 2040s
  3715  1803 8323.41238   95  560 8262.00000 8382.36586  1.46%   406 2055s
  3810  1833 8309.36930   38 1010 8262.00000 8380.76578  1.44%   407 2067s
  3911  1867 8365.37254   44 1668 8262.00000 8380.76578  1.44%   406 2079s
  4032  1890 8347.65789   64 1822 8262.00000 8380.76578  1.44%   404 2093s
  4147  1913 8333.22496   83 1431 8262.00000 8380.76578  1.44%   403 2107s
  4241  1914 8303.93268  103  719 8262.00000 8379.37040  1.42%   404 2123s
  4324  1915 8313.30304   44  960 8262.00000 8378.20023  1.41%   408 2217s
  4419  1941 8363.74521   42 1357 8262.00000 8377.69467  1.40%   425 2232s
  4512  2009 8339.58971   56 1388 8262.00000 8377.69467  1.40%   429 2247s
  4660  2015 8312.12170   78  878 8262.00000 8376.57592  1.39%   426 2265s
  4807  2008 8352.27895   43 1311 8262.00000 8376.29492  1.38%   425 2304s
  4886  2008     cutoff   45      8262.00000 8376.29492  1.38%   424 2320s
  4956  2032 8326.06466   48 1098 8262.00000 8376.29492  1.38%   426 2339s
  5076  2031     cutoff   52      8262.00000 8376.29492  1.38%   428 2361s
  5188  2060 8320.04239   57 1195 8262.00000 8376.29492  1.38%   432 2382s
  5318  2095 8317.54265   63 1255 8262.00000 8376.29492  1.38%   434 2403s
  5495  2130 8314.81718   69 1202 8262.00000 8376.29492  1.38%   433 2426s
  5703  2207 8310.18596   76 1116 8262.00000 8376.29492  1.38%   431 2451s
  5915  2338 8304.85526   84 1038 8262.00000 8376.29492  1.38%   429 2477s
  6132  2502     cutoff   96      8262.00000 8376.29492  1.38%   426 2504s
  6433  2622 8293.62447  108  641 8262.00000 8376.29492  1.38%   419 2529s
  6662  2742     cutoff  126      8262.00000 8373.86623  1.35%   417 2561s
  6896  2866 8326.93591   53 1344 8262.00000 8373.02897  1.34%   416 2597s
  7147  2958 8299.02958   86  927 8262.00000 8372.05382  1.33%   416 2630s
  7331  3072 8323.47849   39 1076 8262.00000 8371.48634  1.33%   416 2661s
  7560  3187 8299.01404   45  748 8262.00000 8370.42459  1.31%   417 2696s
  7806  3252 8315.98771   64 1405 8262.00000 8369.83176  1.31%   418 2729s
  8022  3361     cutoff   44      8262.00000 8369.27079  1.30%   419 2765s
  8239  3456 8338.24004   44 1132 8262.00000 8369.02997  1.30%   423 2802s
  8474  3562 8326.84222   53 1205 8262.00000 8369.02997  1.30%   425 2835s
  8667  3699 8321.48166   59 1176 8262.00000 8369.02997  1.30%   427 2873s
  8941  3830 8314.88802   68 1054 8262.00000 8369.02997  1.30%   427 2913s
  9211  3953 8295.99691   87  634 8262.00000 8366.59682  1.27%   429 2955s
  9475  4150 8298.09681   67  768 8262.00000 8365.66515  1.25%   431 2999s
  9830  4237 8300.69200   57 1144 8262.00000 8365.22248  1.25%   431 3032s
  9953  4358 8284.60366   68  698 8262.00000 8365.09380  1.25%   431 3081s
 10260  4519     cutoff   53      8262.00000 8364.70039  1.24%   434 3132s
 10622  4675 8309.64938   46 1329 8262.00000 8364.36945  1.24%   435 3184s
 10966  4899 8293.10182   80  698 8262.00000 8363.51204  1.23%   437 3236s
 11334  4973 8341.53820   60 1233 8262.00000 8363.16347  1.22%   438 3332s
 11439  5163 8340.57009   61 1222 8262.00000 8362.97755  1.22%   438 3390s
 11846  5315 8336.18469   87 1402 8262.00000 8362.62180  1.22%   439 3450s
 12228  5581     cutoff   58      8262.00000 8361.79562  1.21%   441 3519s
 12704  5784 8348.51776   58 1201 8262.00000 8361.03089  1.20%   440 3586s
 13129  5813 8336.15180   54 1055 8262.00000 8360.55106  1.19%   442 3600s

Cutting planes:
  Gomory: 2
  Lift-and-project: 381
  Cover: 27
  Implied bound: 36
  MIR: 822
  StrongCG: 42
  Flow cover: 2470
  GUB cover: 606
  Zero half: 64
  RLT: 1231
  Relax-and-lift: 101

Explored 13199 nodes (5880060 simplex iterations) in 3600.02 seconds (6012.79 work units)
Thread count was 8 (of 8 available processors)

Solution count 10: 8262 8261 8260 ... 8202

Time limit reached
Best objective 8.262000000000e+03, best bound 8.360000000000e+03, gap 1.1862%

Gurobi 9.5.1 (linux64) logging started Wed Jun 22 03:24:16 2022

Set parameter LogFile to value "../results/logs/log_Gowalla_edges_20_5_2022_06_21_12_08.log"
Gurobi Optimizer version 9.5.1 build v9.5.1rc2 (linux64)
Thread count: 8 physical cores, 8 logical processors, using up to 8 threads
Optimize a model with 9909 rows, 393182 columns and 541504 nonzeros
Model fingerprint: 0x06f4e4f3
Variable types: 0 continuous, 393182 integer (393182 binary)
Coefficient statistics:
  Matrix range     [1e+00, 2e+01]
  Objective range  [1e+00, 1e+00]
  Bounds range     [1e+00, 1e+00]
  RHS range        [1e+00, 5e+00]
Found heuristic solution: objective 8161.0000000
Presolve removed 586 rows and 367647 columns
Presolve time: 0.64s
Presolved: 9323 rows, 25535 columns, 154634 nonzeros
Found heuristic solution: objective 8168.0000000
Variable types: 0 continuous, 25535 integer (21171 binary)
Warning: Markowitz tolerance tightened to 0.03125

Root relaxation: objective 1.082924e+04, 11576 iterations, 1.59 seconds (2.47 work units)

    Nodes    |    Current Node    |     Objective Bounds      |     Work
 Expl Unexpl |  Obj  Depth IntInf | Incumbent    BestBd   Gap | It/Node Time

     0     0 10829.2376    0 3385 8168.00000 10829.2376  32.6%     -    3s
H    0     0                    8192.0000000 10829.2376  32.2%     -    5s
H    0     0                    8201.0000000 10014.2435  22.1%     -    7s
     0     0 10014.2435    0 3059 8201.00000 10014.2435  22.1%     -    7s
     0     0 9375.51450    0 2457 8201.00000 9375.51450  14.3%     -    9s
     0     0 9180.47205    0 1489 8201.00000 9180.47205  11.9%     -   10s
     0     0 9165.61962    0 1343 8201.00000 9165.61962  11.8%     -   10s
     0     0 9164.94154    0 1339 8201.00000 9164.94154  11.8%     -   10s
     0     0 9164.92443    0 1332 8201.00000 9164.92443  11.8%     -   10s
H    0     0                    8204.0000000 9164.92443  11.7%     -   12s
     0     0 8917.47576    0 1332 8204.00000 8917.47576  8.70%     -   12s
H    0     0                    8209.0000000 8917.47576  8.63%     -   13s
     0     2 8917.47576    0 1332 8209.00000 8917.47576  8.63%     -   13s
    23    32 8818.11642    4 1243 8209.00000 8822.60620  7.47%   418   15s
H   31    40                    8222.0000000 8822.60620  7.30%   321   16s
H   32    40                    8226.0000000 8822.60620  7.25%   312   16s
H   84    90                    8237.0000003 8822.60620  7.11%   128   18s
   781   803 8700.16059   99  827 8237.00000 8822.60620  7.11%  24.8   20s
  1479  1436 8691.77538   66 1158 8237.00000 8817.57605  7.05%  31.5   25s
  1620  1495 8704.79713   56 1332 8237.00000 8817.57605  7.05%  32.3   31s
  1622  1496 8775.68429   19 3304 8237.00000 8817.57605  7.05%  32.2   38s
  1623  1497 8656.92143   77 3040 8237.00000 8817.57605  7.05%  32.2   41s
  1630  1502 8658.39031   35 1322 8237.00000 8658.39031  5.12%  32.1   46s
H 1630  1426                    8242.0000000 8658.39031  5.05%  32.1   48s
  1633  1428 8571.24574   94 1677 8242.00000 8571.24574  3.99%  32.0   50s
H 1637  1358                    8257.0000000 8525.90462  3.26%  31.9   60s
  1644  1363 8499.57287   99 1670 8257.00000 8499.57287  2.94%  31.8   67s
  1646  1364 8477.33469   19 1488 8257.00000 8477.33469  2.67%  31.8   70s
  1651  1368 8462.63050   68 1673 8257.00000 8462.63050  2.49%  31.7   77s
  1653  1369 8458.15202   45 1686 8257.00000 8458.15202  2.44%  31.6   80s
  1655  1370 8452.47595   55 1597 8257.00000 8452.47595  2.37%  31.6   86s
  1656  1371 8449.95833  123 1687 8257.00000 8449.95833  2.34%  31.6   91s
H 1657  1303                    8259.0000000 8449.95833  2.31%  31.6   97s
  1658  1303 8446.35166  256 1687 8259.00000 8446.35166  2.27%  31.5  100s
  1661  1309 8446.35166   14 1685 8259.00000 8446.35166  2.27%  51.2  105s
  1672  1315 8440.93761   16 1849 8259.00000 8443.68365  2.24%  55.3  111s
  1688  1322 8436.55057   17 1907 8259.00000 8436.55057  2.15%  63.0  116s
  1716  1342 8391.75761   19 1546 8259.00000 8432.85119  2.10%  70.0  120s
  1774  1373 8416.63907   22 1672 8259.00000 8431.66434  2.09%  77.1  125s
  1820  1405 8427.30248   24 1821 8259.00000 8431.66434  2.09%  81.4  131s
  1862  1410 8421.07031   25 1690 8259.00000 8431.66434  2.09%  87.2  135s
  1883  1410 8411.37756   26 1705 8259.00000 8431.66434  2.09%  88.6  158s
  1906  1417 8413.06624   27 1683 8259.00000 8431.66434  2.09%  95.0  167s
H 1907  1350                    8260.0000000 8431.66434  2.08%  95.0  167s
  1942  1365 8412.70988   28 1700 8260.00000 8431.66434  2.08%   100  172s
  1960  1377 8411.80936   29 1699 8260.00000 8431.66434  2.08%   103  175s
  2036  1408 8403.79776   31 1653 8260.00000 8431.66434  2.08%   113  182s
  2066  1409 8400.30329   32 1649 8260.00000 8431.66434  2.08%   115  185s
  2119  1437 8388.81038   33 1633 8260.00000 8431.66434  2.08%   122  191s
  2184  1457 8380.96091   36 1159 8260.00000 8431.66434  2.08%   128  196s
  2239  1483 8371.54150   39 1163 8260.00000 8431.66434  2.08%   136  202s
  2274  1494 8370.02975   41 1321 8260.00000 8431.66434  2.08%   139  207s
  2306  1516 8369.13099   42 1257 8260.00000 8431.66434  2.08%   142  210s
  2408  1540 8367.39426   45 1239 8260.00000 8431.66434  2.08%   147  217s
  2444  1564     cutoff   47      8260.00000 8431.66434  2.08%   150  220s
  2499  1574 8343.52699   50  616 8260.00000 8431.65516  2.08%   152  225s
  2632  1609 8418.76272   28 1856 8260.00000 8431.65516  2.08%   155  234s
  2708  1633 8409.98352   40 2109 8260.00000 8431.65516  2.08%   157  239s
  2772  1671 8401.68901   50 2274 8260.00000 8431.65516  2.08%   158  243s
  2843  1709 8400.96483   55 2189 8260.00000 8431.65516  2.08%   159  247s
  2936  1727 8393.12358   69 2277 8260.00000 8431.65516  2.08%   159  252s
  3000  1766 8389.25778   77 2246 8260.00000 8431.65516  2.08%   162  256s
  3080  1776 8383.86766   82 2220 8260.00000 8431.65516  2.08%   162  261s
  3160  1819 8383.78318   86 2307 8260.00000 8431.65516  2.08%   164  267s
  3232  1869 8382.99585   89 2300 8260.00000 8431.65516  2.08%   166  274s
  3328  1902 8310.28591  106  970 8260.00000 8431.65516  2.08%   168  279s
  3410  1939 8351.18174  109 1727 8260.00000 8431.65516  2.08%   169  285s
  3494  1940 8367.21399  112 1926 8260.00000 8431.65516  2.08%   171  291s
  3549  1984 8360.46464  115 1878 8260.00000 8431.65516  2.08%   174  298s
  3630  2005     cutoff  121      8260.00000 8431.65516  2.08%   177  304s
  3716  2031 8331.97886  136 1761 8260.00000 8431.65516  2.08%   178  310s
  3800  2062     cutoff  139      8260.00000 8431.65516  2.08%   181  317s
  3885  2064 8319.03153  147 1598 8260.00000 8431.65516  2.08%   183  325s
  3960  2110     cutoff  149      8260.00000 8431.65516  2.08%   187  332s
  4067  2152 8299.01594  157 1204 8260.00000 8431.65516  2.08%   189  340s
  4197  2197     cutoff  164      8260.00000 8416.63650  1.90%   189  347s
H 4325  2124                    8264.0000000 8416.63650  1.85%   190  354s
  4387  2244 8404.19569   30 1555 8264.00000 8416.63650  1.85%   191  362s
  4549  2326 8380.18283   57 2028 8264.00000 8416.63650  1.85%   190  370s
  4725  2341 8363.00961   80 1840 8264.00000 8416.63650  1.85%   190  426s
H 4767  2267                    8267.0000000 8416.63650  1.81%   189  426s
  4822  2391 8351.04708  105 1979 8267.00000 8416.63650  1.81%   190  435s
  4996  2453 8344.23379  135 1683 8267.00000 8416.63650  1.81%   191  445s
  5162  2574 8339.27137  159 1764 8267.00000 8416.63650  1.81%   192  457s
  5338  2713 8332.67776  189 1840 8267.00000 8416.63650  1.81%   191  468s
  5540  2802 8327.10164  225 1950 8267.00000 8416.63650  1.81%   191  477s
  5667  2958 8324.24384  260 1852 8267.00000 8416.63650  1.81%   192  492s
  5876  3091 8320.09761  303 1860 8267.00000 8416.63650  1.81%   192  514s
  6076  3268 8316.47601  335 1827 8267.00000 8416.63650  1.81%   193  528s
  6302  3428 8313.85121  380 1858 8267.00000 8416.63650  1.81%   194  541s
  6343  3428 8395.42653   21 1491 8267.00000 8416.63650  1.81%   193  550s
  6493  3571 8308.53875  421 1732 8267.00000 8416.63650  1.81%   195  564s
  6691  3728 8305.08905  480 2061 8267.00000 8416.63650  1.81%   197  578s
  6934  3929 8301.82366  532 1944 8267.00000 8416.63650  1.81%   197  593s
  7176  4102 8295.54741  580 1515 8267.00000 8416.63650  1.81%   198  612s
  7444  4318 8284.17054  652  981 8267.00000 8416.63650  1.81%   198  626s
  7710  4504 8278.17549  721 1104 8267.00000 8416.63650  1.81%   197  648s
  8014  4617 8274.05712  790  510 8267.00000 8407.17845  1.70%   198  667s
  8248  4703 8386.68248   28 1416 8267.00000 8405.34347  1.67%   199  685s
  8449  4774     cutoff   40      8267.00000 8405.33860  1.67%   202  709s
  8674  4876 8385.47956   50 1716 8267.00000 8404.24198  1.66%   206  729s
  8944  5104 8377.68039   24 1269 8267.00000 8403.91249  1.66%   208  752s
  9248  5308 8316.20483   70 1274 8267.00000 8403.91249  1.66%   207  770s
  9518  5513     cutoff  107      8267.00000 8403.39163  1.65%   207  796s
  9875  5662     cutoff   31      8267.00000 8402.76879  1.64%   208  820s
 10157  5920 8369.67957   35 1326 8267.00000 8402.09052  1.63%   210  843s
 10540  6214 8363.76834   32 1275 8267.00000 8401.58263  1.63%   211  869s
 10939  6519 8299.59671   98 1383 8267.00000 8401.15070  1.62%   212  894s
 11328  6811 8376.60201   26 1463 8267.00000 8400.95812  1.62%   213  922s
 11726  7105 8341.30279   65 1398 8267.00000 8400.95812  1.62%   213  957s
 12191  7320 8287.93554  139 1034 8267.00000 8400.71849  1.62%   214  986s
 12639  7499 8337.37565   48 1364 8267.00000 8400.21675  1.61%   215 1016s
 13032  7789 8306.36033  123 1221 8267.00000 8400.21675  1.61%   217 1044s
 13461  8093 8287.32104  183 1519 8267.00000 8399.31953  1.60%   217 1079s
 13977  8396 8345.98867   49 1266 8267.00000 8398.64504  1.59%   219 1114s
 14436  8826 8345.81705   38  944 8267.00000 8398.15128  1.59%   221 1163s
 15063  9188 8378.53842   39 1302 8267.00000 8397.67406  1.58%   221 1206s
 15588  9482 8349.07446   28 1025 8267.00000 8397.67406  1.58%   221 1239s
 16057  9789 8320.36163   89 1181 8267.00000 8397.26256  1.58%   222 1277s
 16575 10242 8380.18366   24 1271 8267.00000 8396.71553  1.57%   224 1317s
 17205 10635 8322.11572   61 1160 8267.00000 8396.22806  1.56%   224 1360s
 17800 11035 8282.02083   22   56 8267.00000 8395.84893  1.56%   226 1421s
 18374 11139 8365.40604   31 1298 8267.00000 8395.65717  1.56%   227 1452s
 18539 11658 8308.02308   45  779 8267.00000 8395.50694  1.55%   227 1517s
 19305 12127 8342.06820   37 1280 8267.00000 8395.00239  1.55%   228 1574s
 20063 12761 8344.44219   46 1317 8267.00000 8394.59981  1.54%   229 1643s
 20867 13266 8290.26179  175 1197 8267.00000 8394.51203  1.54%   229 1701s
 21706 13802 8324.70758   46  979 8267.00000 8393.68177  1.53%   230 1757s
 22475 14214 8343.93882   50 1342 8267.00000 8393.52184  1.53%   231 1814s
 23094 14587 8290.25432  175 1214 8267.00000 8393.30404  1.53%   234 1872s
 23863 15001 8279.36989   74  661 8267.00000 8392.85965  1.52%   235 1930s
 24582 15504 8295.29511   42  377 8267.00000 8392.14393  1.51%   237 1981s
 25244 16025 8326.47090   62 1486 8267.00000 8391.89970  1.51%   237 2041s
 26019 16599 8294.17705  146 1350 8267.00000 8391.67402  1.51%   238 2099s
 26969 17158 8322.59512   27  636 8267.00000 8391.32599  1.50%   238 2156s
 27737 17795 8307.34763  126 1266 8267.00000 8390.90591  1.50%   238 2215s
 28619 18373 8332.84696   48 1028 8267.00000 8390.52154  1.49%   239 2273s
 29439 18374 8296.93174  569 1332 8267.00000 8389.96240  1.49%   239 2661s
 29441 18375 8324.99261   61 3301 8267.00000 8389.96240  1.49%   239 2667s
 29442 18376 8290.09841   97 3123 8267.00000 8389.96240  1.49%   239 2670s
 29449 18381 8348.82746   49 2997 8267.00000 8389.96240  1.49%   239 2675s
 29454 18384 8312.51013   47 2597 8267.00000 8389.96240  1.49%   239 2680s
 29459 18387 8308.21350   48 2714 8267.00000 8389.96240  1.49%   239 2686s
 29463 18390 8317.01205   50 1928 8267.00000 8389.96240  1.49%   239 2690s
 29465 18391 8291.38223  153 2305 8267.00000 8389.96240  1.49%   239 2697s
 29466 18392 8292.51843  110 2249 8267.00000 8389.96240  1.49%   239 2700s
 29467 18393 8337.63434   68 1978 8267.00000 8389.96240  1.49%   239 2709s
 29468 18393 8319.87029   87 2174 8267.00000 8389.96240  1.49%   239 2713s
 29469 18394 8278.57929  282 2360 8267.00000 8389.96240  1.49%   239 2717s
 29470 18395 8282.53997  116 2144 8267.00000 8389.96240  1.49%   239 2720s
 29472 18396 8310.68484   61 1880 8267.00000 8389.96240  1.49%   239 2728s
 29473 18397 8334.14752   86 1854 8267.00000 8389.96240  1.49%   239 2732s
 29474 18397 8371.33157   34 2001 8267.00000 8389.96240  1.49%   239 2736s
 29475 18398 8332.42585   64 2079 8267.00000 8389.96240  1.49%   239 2740s
 29477 18399 8353.74612   40 2177 8267.00000 8389.96240  1.49%   239 2748s
 29478 18400 8368.46186   37 2080 8267.00000 8389.96240  1.49%   239 2752s
 29479 18401 8335.48582   51 2241 8267.00000 8389.96240  1.49%   239 2760s
 29481 18402 8273.84316  251 1892 8267.00000 8389.96240  1.49%   239 2768s
 29482 18403 8314.06488   99 1895 8267.00000 8389.96240  1.49%   239 2773s
 29483 18403 8332.68620  104 2170 8267.00000 8389.96240  1.49%   239 2777s
 29484 18404 8350.33630   83 2311 8267.00000 8389.96240  1.49%   239 2781s
 29485 18405 8348.89001   48 2000 8267.00000 8389.96240  1.49%   239 2785s
 29487 18406 8331.26494   61 1925 8267.00000 8389.96240  1.49%   239 2794s
 29488 18407 8311.52092   94 1784 8267.00000 8389.96240  1.49%   239 2797s
 29489 18407 8343.39401   44 1748 8267.00000 8389.96240  1.49%   239 2802s
 29490 18408 8364.46116   43 1769 8267.00000 8389.96240  1.49%   239 2805s
 29491 18409 8359.95472   34 2180 8267.00000 8389.96240  1.49%   239 2810s
 29492 18409 8364.79950   51 1820 8267.00000 8389.96240  1.49%   239 2815s
 29494 18411 8314.45498  233 1885 8267.00000 8389.96240  1.49%   239 2824s
 29495 18411 8327.73267   96 1956 8267.00000 8389.96240  1.49%   239 2827s
 29497 18413 8321.13555  292 1902 8267.00000 8389.96240  1.49%   239 2832s
 29498 18413 8348.32060   39 2269 8267.00000 8389.96240  1.49%   239 2835s
 29499 18414 8286.47653  151 1906 8267.00000 8389.96240  1.49%   239 2843s
 29500 18415 8309.77052  131 1700 8267.00000 8389.96240  1.49%   239 2845s
 29502 18416 8335.89239   25 1908 8267.00000 8389.96240  1.49%   239 2851s
 29504 18417 8335.42785   51 1777 8267.00000 8389.96240  1.49%   239 2856s
 29506 18419 8351.26907   35 2038 8267.00000 8389.96240  1.49%   239 2861s
 29508 18420 8335.35669  170 2114 8267.00000 8389.96240  1.49%   239 2867s
 29509 18421 8388.31739   25 2027 8267.00000 8389.96240  1.49%   239 2870s
 29511 18422 8291.97036   95 2132 8267.00000 8389.96240  1.49%   239 2876s
 29513 18423 8366.63759   27 1966 8267.00000 8389.96240  1.49%   239 2881s
 29515 18425 8332.67606   51 1913 8267.00000 8389.96240  1.49%   239 2886s
 29517 18426 8306.20241  454 1759 8267.00000 8389.96240  1.49%   239 2891s
 29519 18427 8360.41781   87 1855 8267.00000 8389.96240  1.49%   239 2896s
 29521 18429 8275.04097  244 2012 8267.00000 8389.96240  1.49%   239 2901s
 29523 18430 8298.30059  132 1953 8267.00000 8389.96240  1.49%   239 2906s
 29525 18431 8351.26907   35 1942 8267.00000 8389.96240  1.49%   239 2911s
 29527 18433 8313.97046  106 1816 8267.00000 8389.96240  1.49%   239 2916s
 29529 18434 8368.29314   38 1792 8267.00000 8389.96240  1.49%   239 2921s
 29531 18435 8367.44306   69 2017 8267.00000 8389.96240  1.49%   239 2926s
 29533 18437 8310.85894  104 2092 8267.00000 8389.96240  1.49%   239 2931s
 29535 18438 8362.41857   55 2097 8267.00000 8389.96240  1.49%   239 2936s
 29537 18439 8334.30389   49 2121 8267.00000 8389.96240  1.49%   239 2941s
 29539 18441 8296.93174  569 2091 8267.00000 8389.96240  1.49%   239 2952s
 29541 18442 8324.99261   61 2051 8267.00000 8389.96240  1.49%   239 2956s
 29543 18443 8307.00637  177 2144 8267.00000 8389.96240  1.49%   239 2961s
 29545 18445 8293.48280  282 1875 8267.00000 8389.80848  1.49%   239 2966s
 29547 18446 8309.29287  158 1995 8267.00000 8389.70124  1.48%   239 2971s
 29549 18447 8348.82746   49 1963 8267.00000 8389.62960  1.48%   239 2976s
 29551 18449 8387.39139   56 2001 8267.00000 8389.52282  1.48%   239 2981s
 29553 18450 8340.93967   44 1966 8267.00000 8389.46388  1.48%   239 2986s
 29555 18451 8359.90256   35 1956 8267.00000 8389.41698  1.48%   239 2991s
 29557 18453 8290.06943  161 2047 8267.00000 8389.35695  1.48%   239 2996s
 29559 18454 8308.21350   48 2050 8267.00000 8389.30563  1.48%   239 3001s
 29561 18455 8316.76502  138 2048 8267.00000 8389.25594  1.48%   238 3006s
 29563 18457 8317.01205   50 2093 8267.00000 8389.22058  1.48%   238 3010s
 29565 18458 8291.38223  153 2124 8267.00000 8389.17709  1.48%   238 3015s
 29567 18459 8337.63434   68 2125 8267.00000 8389.15778  1.48%   238 3020s
 29569 18461 8278.57929  282 2160 8267.00000 8389.13253  1.48%   238 3025s
 29572 18463 8310.68484   61 2123 8267.00000 8389.12097  1.48%   238 3031s
 29574 18464 8371.33157   34 2084 8267.00000 8389.10729  1.48%   238 3036s
 29576 18465 8345.63016   36 2128 8267.00000 8389.08525  1.48%   238 3041s
 29578 18467 8368.46186   37 2023 8267.00000 8389.04876  1.48%   238 3046s
 29579 18467 8335.48582   51 2122 8267.00000 8389.04205  1.48%   238 3053s
 29580 18468 8363.38916   32 2148 8267.00000 8389.03704  1.48%   238 3056s
 29582 18469 8314.06488   99 2106 8267.00000 8389.01142  1.48%   238 3061s
 29584 18471 8350.33630   83 2125 8267.00000 8389.00185  1.48%   238 3065s
 29586 18472 8272.31334  185 2160 8267.00000 8388.99720  1.48%   238 3070s
 29588 18473 8311.52092   94 2159 8267.00000 8388.99473  1.48%   238 3075s
 29590 18475 8364.46116   43 2157 8267.00000 8388.99168  1.48%   238 3080s
 29592 18476 8364.79950   51 2177 8267.00000 8388.97509  1.48%   238 3085s
 29594 18477 8314.45498  233 2139 8267.00000 8388.96633  1.48%   238 3091s
 29596 18479 8293.49685   75 2148 8267.00000 8388.95801  1.48%   238 3096s
 29598 18480 8348.32060   39 2169 8267.00000 8388.93654  1.47%   238 3101s
 29600 18481 8309.77052  131 2163 8267.00000 8388.93236  1.47%   238 3106s
 29602 18483 8335.89239   25 2095 8267.00000 8388.92839  1.47%   238 3112s
 29604 18484 8335.42785   51 2195 8267.00000 8388.92528  1.47%   238 3116s
 29606 18485 8351.26907   35 2202 8267.00000 8388.92399  1.47%   238 3122s
 29608 18487 8335.35669  170 2189 8267.00000 8388.92145  1.47%   238 3127s
 29610 18488 8375.03818   41 2141 8267.00000 8388.91486  1.47%   238 3132s
 29612 18489 8336.88657   50 2121 8267.00000 8388.90983  1.47%   238 3137s
 29614 18491 8333.38416   38 2116 8267.00000 8388.90526  1.47%   238 3141s
 29616 18492 8307.74941  427 2121 8267.00000 8388.88561  1.47%   238 3146s
 29618 18493 8315.81046   63 2119 8267.00000 8388.88332  1.47%   238 3151s
 29619 18494 8360.41781   87 2121 8267.00000 8388.88285  1.47%   238 3179s
 29620 18495 8355.59647   33 2121 8267.00000 8388.88285  1.47%   238 3181s
 29621 18495 8275.04097  244 2121 8267.00000 8386.72914  1.45%   238 3213s
 29622 18498 8386.72914   27 2446 8267.00000 8386.72914  1.45%   240 3321s
 29624 18498 8386.72914   28 2330 8267.00000 8386.72914  1.45%   240 3387s
 29627 18500 8386.72914   29 2317 8267.00000 8386.72914  1.45%   240 3411s
 29631 18502 8386.72914   30 2315 8267.00000 8386.72914  1.45%   241 3481s
 29638 18501 8386.72043   31 2072 8267.00000 8386.72914  1.45%   241 3576s
 29646 18499 8386.72031   32 2070 8267.00000 8386.72031  1.45%   241 3590s
 29654 18500 8385.88729   33 2156 8267.00000 8386.68919  1.45%   241 3597s
 29662 18504 8337.47209   34 1162 8267.00000 8386.68919  1.45%   241 3600s

Cutting planes:
  Gomory: 5
  Lift-and-project: 223
  Cover: 20
  Implied bound: 23
  MIR: 716
  StrongCG: 46
  Flow cover: 1713
  GUB cover: 475
  Zero half: 62
  RLT: 804
  Relax-and-lift: 79

Explored 29673 nodes (7178527 simplex iterations) in 3600.09 seconds (5658.51 work units)
Thread count was 8 (of 8 available processors)

Solution count 10: 8267 8264 8260 ... 8209

Time limit reached
Best objective 8.267000000000e+03, best bound 8.386000000000e+03, gap 1.4395%
