
Gurobi 9.1.1 (win64) logging started Sat Mar 13 12:23:11 2021

Changed value of parameter LogFile to ../results/logs/log_samuel_kroger_2021_03_13_12_23_11.csv_5_1.log
   Prev:   Default: 
Gurobi Optimizer version 9.1.1 build v9.1.1rc0 (win64)
Thread count: 6 physical cores, 12 logical processors, using up to 12 threads
Optimize a model with 29 rows, 78 columns and 433 nonzeros
Model fingerprint: 0x5a0765df
Variable types: 0 continuous, 78 integer (78 binary)
Coefficient statistics:
  Matrix range     [1e+00, 5e+00]
  Objective range  [1e+00, 1e+00]
  Bounds range     [1e+00, 1e+00]
  RHS range        [1e+00, 1e+00]
Found heuristic solution: objective 26.0000000
Found heuristic solution: objective 35.0000000
Found heuristic solution: objective 40.0000000
Presolve removed 29 rows and 78 columns
Presolve time: 0.00s
Presolve: All rows and columns removed

Explored 0 nodes (0 simplex iterations) in 0.00 seconds
Thread count was 1 (of 12 available processors)

Solution count 3: 40 

Optimal solution found (tolerance 1.00e-04)
Best objective 4.000000000000e+01, best bound 4.000000000000e+01, gap 0.0000%

Gurobi 9.1.1 (win64) logging started Sat Mar 13 12:23:11 2021

Changed value of parameter LogFile to ../results/logs/log_samuel_kroger_2021_03_13_12_23_11.csv_5_1.log
   Prev:   Default: 
Gurobi Optimizer version 9.1.1 build v9.1.1rc0 (win64)
Thread count: 6 physical cores, 12 logical processors, using up to 12 threads
Optimize a model with 29 rows, 78 columns and 433 nonzeros
Model fingerprint: 0xdd06da2b
Variable types: 0 continuous, 78 integer (78 binary)
Coefficient statistics:
  Matrix range     [1e+00, 5e+00]
  Objective range  [1e+00, 1e+00]
  Bounds range     [1e+00, 1e+00]
  RHS range        [1e+00, 1e+00]

User MIP start produced solution with objective 40 (0.00s)
Loaded user MIP start with objective 40

Presolve removed 29 rows and 78 columns
Presolve time: 0.00s
Presolve: All rows and columns removed

Explored 0 nodes (0 simplex iterations) in 0.00 seconds
Thread count was 1 (of 12 available processors)

Solution count 1: 40 

Optimal solution found (tolerance 1.00e-04)
Best objective 4.000000000000e+01, best bound 4.000000000000e+01, gap 0.0000%

Gurobi 9.1.1 (win64) logging started Sat Mar 13 12:23:11 2021

Changed value of parameter LogFile to ../results/logs/log_samuel_kroger_2021_03_13_12_23_11.csv_5_1.log
   Prev:   Default: 
Gurobi Optimizer version 9.1.1 build v9.1.1rc0 (win64)
Thread count: 6 physical cores, 12 logical processors, using up to 12 threads
Optimize a model with 29 rows, 78 columns and 433 nonzeros
Model fingerprint: 0x5a0765df
Variable types: 0 continuous, 78 integer (78 binary)
Coefficient statistics:
  Matrix range     [1e+00, 5e+00]
  Objective range  [1e+00, 1e+00]
  Bounds range     [1e+00, 1e+00]
  RHS range        [1e+00, 1e+00]
Found heuristic solution: objective 26.0000000
Found heuristic solution: objective 35.0000000
Found heuristic solution: objective 40.0000000
Presolve removed 29 rows and 78 columns
Presolve time: 0.00s
Presolve: All rows and columns removed

Explored 0 nodes (0 simplex iterations) in 0.00 seconds
Thread count was 1 (of 12 available processors)

Solution count 3: 40 

Optimal solution found (tolerance 1.00e-04)
Best objective 4.000000000000e+01, best bound 4.000000000000e+01, gap 0.0000%

Gurobi 9.1.1 (win64) logging started Sat Mar 13 12:23:11 2021

Changed value of parameter LogFile to ../results/logs/log_samuel_kroger_2021_03_13_12_23_11.csv_5_1.log
   Prev:   Default: 
Gurobi Optimizer version 9.1.1 build v9.1.1rc0 (win64)
Thread count: 6 physical cores, 12 logical processors, using up to 12 threads
Optimize a model with 29 rows, 78 columns and 433 nonzeros
Model fingerprint: 0xdd06da2b
Variable types: 0 continuous, 78 integer (78 binary)
Coefficient statistics:
  Matrix range     [1e+00, 5e+00]
  Objective range  [1e+00, 1e+00]
  Bounds range     [1e+00, 1e+00]
  RHS range        [1e+00, 1e+00]

User MIP start produced solution with objective 40 (0.00s)
Loaded user MIP start with objective 40

Presolve removed 29 rows and 78 columns
Presolve time: 0.00s
Presolve: All rows and columns removed

Explored 0 nodes (0 simplex iterations) in 0.00 seconds
Thread count was 1 (of 12 available processors)

Solution count 1: 40 

Optimal solution found (tolerance 1.00e-04)
Best objective 4.000000000000e+01, best bound 4.000000000000e+01, gap 0.0000%

Gurobi 9.1.1 (win64) logging started Sat Mar 13 12:23:11 2021

Changed value of parameter LogFile to ../results/logs/log_samuel_kroger_2021_03_13_12_23_11.csv_5_1.log
   Prev:   Default: 
Gurobi Optimizer version 9.1.1 build v9.1.1rc0 (win64)
Thread count: 6 physical cores, 12 logical processors, using up to 12 threads
Optimize a model with 15 rows, 78 columns and 67 nonzeros
Model fingerprint: 0x58d7d38f
Variable types: 0 continuous, 78 integer (78 binary)
Coefficient statistics:
  Matrix range     [1e+00, 1e+00]
  Objective range  [1e+00, 1e+00]
  Bounds range     [1e+00, 1e+00]
  RHS range        [1e+00, 1e+00]
Found heuristic solution: objective 40.0000000
Presolve removed 15 rows and 78 columns
Presolve time: 0.00s
Presolve: All rows and columns removed

Explored 0 nodes (0 simplex iterations) in 0.00 seconds
Thread count was 1 (of 12 available processors)

Solution count 1: 40 

Optimal solution found (tolerance 1.00e-04)
Best objective 4.000000000000e+01, best bound 4.000000000000e+01, gap 0.0000%

Gurobi 9.1.1 (win64) logging started Sat Mar 13 12:23:12 2021

Changed value of parameter LogFile to ../results/logs/log_samuel_kroger_2021_03_13_12_23_11.csv_5_1.log
   Prev:   Default: 
Gurobi Optimizer version 9.1.1 build v9.1.1rc0 (win64)
Thread count: 6 physical cores, 12 logical processors, using up to 12 threads
Optimize a model with 195 rows, 230 columns and 2810 nonzeros
Model fingerprint: 0x61b6843b
Variable types: 0 continuous, 230 integer (230 binary)
Coefficient statistics:
  Matrix range     [1e+00, 5e+00]
  Objective range  [1e+00, 1e+00]
  Bounds range     [1e+00, 1e+00]
  RHS range        [1e+00, 1e+00]
Found heuristic solution: objective 19.0000000
Found heuristic solution: objective 27.0000000
Found heuristic solution: objective 49.0000000
Presolve removed 195 rows and 230 columns
Presolve time: 0.01s
Presolve: All rows and columns removed

Explored 0 nodes (0 simplex iterations) in 0.01 seconds
Thread count was 1 (of 12 available processors)

Solution count 4: 116 

Optimal solution found (tolerance 1.00e-04)
Best objective 1.160000000000e+02, best bound 1.160000000000e+02, gap 0.0000%

Gurobi 9.1.1 (win64) logging started Sat Mar 13 12:23:12 2021

Changed value of parameter LogFile to ../results/logs/log_samuel_kroger_2021_03_13_12_23_11.csv_5_1.log
   Prev:   Default: 
Gurobi Optimizer version 9.1.1 build v9.1.1rc0 (win64)
Thread count: 6 physical cores, 12 logical processors, using up to 12 threads
Optimize a model with 195 rows, 230 columns and 2810 nonzeros
Model fingerprint: 0x7d4c9d8e
Variable types: 0 continuous, 230 integer (230 binary)
Coefficient statistics:
  Matrix range     [1e+00, 5e+00]
  Objective range  [1e+00, 1e+00]
  Bounds range     [1e+00, 1e+00]
  RHS range        [1e+00, 1e+00]

User MIP start produced solution with objective 116 (0.00s)
Loaded user MIP start with objective 116

Presolve removed 195 rows and 230 columns
Presolve time: 0.01s
Presolve: All rows and columns removed

Explored 0 nodes (0 simplex iterations) in 0.01 seconds
Thread count was 1 (of 12 available processors)

Solution count 1: 116 

Optimal solution found (tolerance 1.00e-04)
Best objective 1.160000000000e+02, best bound 1.160000000000e+02, gap 0.0000%

Gurobi 9.1.1 (win64) logging started Sat Mar 13 12:23:12 2021

Changed value of parameter LogFile to ../results/logs/log_samuel_kroger_2021_03_13_12_23_11.csv_5_1.log
   Prev:   Default: 
Gurobi Optimizer version 9.1.1 build v9.1.1rc0 (win64)
Thread count: 6 physical cores, 12 logical processors, using up to 12 threads
Optimize a model with 195 rows, 230 columns and 2810 nonzeros
Model fingerprint: 0x61b6843b
Variable types: 0 continuous, 230 integer (230 binary)
Coefficient statistics:
  Matrix range     [1e+00, 5e+00]
  Objective range  [1e+00, 1e+00]
  Bounds range     [1e+00, 1e+00]
  RHS range        [1e+00, 1e+00]
Found heuristic solution: objective 19.0000000
Found heuristic solution: objective 27.0000000
Found heuristic solution: objective 49.0000000
Presolve removed 195 rows and 230 columns
Presolve time: 0.01s
Presolve: All rows and columns removed

Explored 0 nodes (0 simplex iterations) in 0.01 seconds
Thread count was 1 (of 12 available processors)

Solution count 4: 116 

Optimal solution found (tolerance 1.00e-04)
Best objective 1.160000000000e+02, best bound 1.160000000000e+02, gap 0.0000%

Gurobi 9.1.1 (win64) logging started Sat Mar 13 12:23:12 2021

Changed value of parameter LogFile to ../results/logs/log_samuel_kroger_2021_03_13_12_23_11.csv_5_1.log
   Prev:   Default: 
Gurobi Optimizer version 9.1.1 build v9.1.1rc0 (win64)
Thread count: 6 physical cores, 12 logical processors, using up to 12 threads
Optimize a model with 195 rows, 230 columns and 2810 nonzeros
Model fingerprint: 0x7d4c9d8e
Variable types: 0 continuous, 230 integer (230 binary)
Coefficient statistics:
  Matrix range     [1e+00, 5e+00]
  Objective range  [1e+00, 1e+00]
  Bounds range     [1e+00, 1e+00]
  RHS range        [1e+00, 1e+00]

User MIP start produced solution with objective 116 (0.00s)
Loaded user MIP start with objective 116

Presolve removed 195 rows and 230 columns
Presolve time: 0.01s
Presolve: All rows and columns removed

Explored 0 nodes (0 simplex iterations) in 0.01 seconds
Thread count was 1 (of 12 available processors)

Solution count 1: 116 

Optimal solution found (tolerance 1.00e-04)
Best objective 1.160000000000e+02, best bound 1.160000000000e+02, gap 0.0000%

Gurobi 9.1.1 (win64) logging started Sat Mar 13 12:23:12 2021

Changed value of parameter LogFile to ../results/logs/log_samuel_kroger_2021_03_13_12_23_11.csv_5_1.log
   Prev:   Default: 
Gurobi Optimizer version 9.1.1 build v9.1.1rc0 (win64)
Thread count: 6 physical cores, 12 logical processors, using up to 12 threads
Optimize a model with 98 rows, 230 columns and 309 nonzeros
Model fingerprint: 0x8db677f8
Variable types: 0 continuous, 230 integer (230 binary)
Coefficient statistics:
  Matrix range     [1e+00, 1e+00]
  Objective range  [1e+00, 1e+00]
  Bounds range     [1e+00, 1e+00]
  RHS range        [1e+00, 1e+00]
Found heuristic solution: objective 116.0000000
Presolve removed 98 rows and 230 columns
Presolve time: 0.00s
Presolve: All rows and columns removed

Explored 0 nodes (0 simplex iterations) in 0.00 seconds
Thread count was 1 (of 12 available processors)

Solution count 1: 116 

Optimal solution found (tolerance 1.00e-04)
Best objective 1.160000000000e+02, best bound 1.160000000000e+02, gap 0.0000%
