
Gurobi 9.5.0 (win64) logging started Tue Dec  7 01:37:28 2021

Set parameter LogFile to value "../results/logs/log_2021_12_07_01_36.csv_11_96.log"
Set parameter Method to value 3
Gurobi Optimizer version 9.5.0 build v9.5.0rc5 (win64)
Thread count: 6 physical cores, 12 logical processors, using up to 12 threads
Optimize a model with 6334 rows, 8078 columns and 360309 nonzeros
Model fingerprint: 0xe8c368a2
Variable types: 4039 continuous, 4039 integer (4039 binary)
Coefficient statistics:
  Matrix range     [1e+00, 1e+01]
  Objective range  [1e+00, 1e+00]
  Bounds range     [1e+00, 1e+00]
  RHS range        [1e+00, 1e+02]
Found heuristic solution: objective 2904.0000000
Presolve removed 6089 rows and 7747 columns
Presolve time: 0.05s
Presolved: 245 rows, 331 columns, 2186 nonzeros
Variable types: 160 continuous, 171 integer (158 binary)
Found heuristic solution: objective 2958.0000000

Root relaxation: objective 3.057572e+03, 270 iterations, 0.00 seconds (0.00 work units)

    Nodes    |    Current Node    |     Objective Bounds      |     Work
 Expl Unexpl |  Obj  Depth IntInf | Incumbent    BestBd   Gap | It/Node Time

     0     0 3057.57204    0   61 2958.00000 3057.57204  3.37%     -    0s
H    0     0                    3020.0000000 3057.57204  1.24%     -    0s
H    0     0                    3021.0000000 3057.57204  1.21%     -    0s
     0     0 3046.46854    0   22 3021.00000 3046.46854  0.84%     -    0s
H    0     0                    3022.0000000 3046.46854  0.81%     -    0s
H    0     0                    3033.0000000 3046.46854  0.44%     -    0s
H    0     0                    3038.0000000 3046.43533  0.28%     -    0s
     0     0 3046.43533    0   22 3038.00000 3046.43533  0.28%     -    0s
     0     0 3046.41724    0   22 3038.00000 3046.41724  0.28%     -    0s
     0     0 3046.40271    0   22 3038.00000 3046.40271  0.28%     -    0s
     0     0 3046.40195    0   22 3038.00000 3046.40195  0.28%     -    0s
H    0     0                    3041.0000000 3044.70267  0.12%     -    0s
     0     0 3044.70267    0   19 3041.00000 3044.70267  0.12%     -    0s
     0     0 3044.45863    0   21 3041.00000 3044.45863  0.11%     -    0s
     0     0 3044.45863    0   21 3041.00000 3044.45863  0.11%     -    0s
     0     0 3044.27703    0   20 3041.00000 3044.27703  0.11%     -    0s
H    0     0                    3042.0000000 3044.22289  0.07%     -    0s
     0     0 3044.22289    0   20 3042.00000 3044.22289  0.07%     -    0s
     0     0 3044.18843    0   20 3042.00000 3044.18843  0.07%     -    0s
     0     0 3044.18490    0   20 3042.00000 3044.18490  0.07%     -    0s
     0     0 3044.10538    0   15 3042.00000 3044.10538  0.07%     -    0s
H    0     0                    3043.0000000 3044.10538  0.04%     -    0s
     0     0 3044.06456    0   13 3043.00000 3044.06456  0.03%     -    0s
     0     0 3044.06456    0    8 3043.00000 3044.06456  0.03%     -    0s
     0     0 3044.06456    0    5 3043.00000 3044.06456  0.03%     -    0s
     0     0 3043.00000    0    7 3043.00000 3043.00000  0.00%     -    0s

Cutting planes:
  Gomory: 3
  MIR: 12
  Relax-and-lift: 1

Explored 1 nodes (676 simplex iterations) in 0.20 seconds (0.09 work units)
Thread count was 12 (of 12 available processors)

Solution count 10: 3043 3042 3042 ... 3020

Optimal solution found (tolerance 1.00e-04)
Best objective 3.043000000000e+03, best bound 3.043000000000e+03, gap 0.0000%
