
Gurobi 9.5.0 (win64) logging started Tue Dec  7 12:38:40 2021

Set parameter LogFile to value "../results/logs/log_2021_12_07_12_26.csv_5_5.log"
Set parameter Method to value 3
Gurobi Optimizer version 9.5.0 build v9.5.0rc5 (win64)
Thread count: 6 physical cores, 12 logical processors, using up to 12 threads
Optimize a model with 1783 rows, 9882 columns and 22585 nonzeros
Model fingerprint: 0x3961b47a
Variable types: 4941 continuous, 4941 integer (4941 binary)
Coefficient statistics:
  Matrix range     [1e+00, 5e+00]
  Objective range  [1e+00, 1e+00]
  Bounds range     [1e+00, 1e+00]
  RHS range        [1e+00, 5e+00]
Found heuristic solution: objective 12.0000000
Presolve removed 955 rows and 8587 columns
Presolve time: 0.10s
Presolved: 828 rows, 1295 columns, 5001 nonzeros
Found heuristic solution: objective 14.0000000
Variable types: 749 continuous, 546 integer (546 binary)

Concurrent LP optimizer: primal simplex, dual simplex, and barrier
Showing barrier log only...

Root barrier log...

Ordering time: 0.00s

Barrier statistics:
 Dense cols : 1
 AA' NZ     : 3.684e+03
 Factor NZ  : 9.886e+03 (roughly 1 MB of memory)
 Factor Ops : 1.443e+05 (less than 1 second per iteration)
 Threads    : 1

                  Objective                Residual
Iter       Primal          Dual         Primal    Dual     Compl     Time
   0   6.75890534e+02  1.15590816e+03  4.88e+02 2.25e+00  2.97e+00     0s
   1   4.98448003e+02  7.10763661e+02  2.42e+02 1.68e+00  1.32e+00     0s
   2   3.77134907e+02  5.03346551e+02  2.08e+02 2.22e-15  8.39e-01     0s
   3   1.14758262e+02  1.79854736e+02  2.06e+01 1.11e-15  9.58e-02     0s

Barrier performed 3 iterations in 0.12 seconds (0.08 work units)
Barrier solve interrupted - model solved by another algorithm


Solved with primal simplex

Root relaxation: objective 6.027169e+01, 531 iterations, 0.01 seconds (0.01 work units)

    Nodes    |    Current Node    |     Objective Bounds      |     Work
 Expl Unexpl |  Obj  Depth IntInf | Incumbent    BestBd   Gap | It/Node Time

     0     0   60.27169    0  148   14.00000   60.27169   331%     -    0s
H    0     0                      23.0000000   60.27169   162%     -    0s
H    0     0                      29.0000000   60.27169   108%     -    0s
     0     0   39.77596    0   51   29.00000   39.77596  37.2%     -    0s
     0     0   39.33080    0   66   29.00000   39.33080  35.6%     -    0s
     0     0   39.11091    0   66   29.00000   39.11091  34.9%     -    0s
     0     0   37.70049    0   66   29.00000   37.70049  30.0%     -    0s
H    0     0                      32.0000000   37.70049  17.8%     -    0s
     0     0   37.58358    0   42   32.00000   37.58358  17.4%     -    0s
     0     0   37.08104    0   44   32.00000   37.08104  15.9%     -    0s
     0     0   36.70868    0   45   32.00000   36.70868  14.7%     -    0s
     0     0   36.69274    0   61   32.00000   36.69274  14.7%     -    0s
     0     0   36.68402    0   43   32.00000   36.68402  14.6%     -    0s
     0     0   35.95595    0   29   32.00000   35.95595  12.4%     -    0s
     0     0   35.83552    0   30   32.00000   35.83552  12.0%     -    0s
     0     0   35.79383    0   27   32.00000   35.79383  11.9%     -    0s
     0     0   35.77596    0   30   32.00000   35.77596  11.8%     -    0s
     0     0   35.77019    0   30   32.00000   35.77019  11.8%     -    0s
     0     0   35.45290    0   21   32.00000   35.45290  10.8%     -    0s
     0     0   35.45290    0  101   32.00000   35.45290  10.8%     -    0s
     0     0   35.45290    0   23   32.00000   35.45290  10.8%     -    0s
     0     0   35.45290    0   25   32.00000   35.45290  10.8%     -    0s
     0     0   35.34130    0   19   32.00000   35.34130  10.4%     -    0s
     0     0   35.27524    0   19   32.00000   35.27524  10.2%     -    0s
     0     0   35.27079    0   19   32.00000   35.27079  10.2%     -    0s
     0     0   34.61355    0   12   32.00000   34.61355  8.17%     -    0s
     0     0   34.51451    0   16   32.00000   34.51451  7.86%     -    0s
     0     0   34.40910    0   17   32.00000   34.40910  7.53%     -    0s
     0     0   34.40057    0   17   32.00000   34.40057  7.50%     -    0s
     0     0   34.10677    0   27   32.00000   34.10677  6.58%     -    0s
     0     0   33.97743    0   17   32.00000   33.97743  6.18%     -    0s
     0     0   33.96608    0   17   32.00000   33.96608  6.14%     -    0s
     0     0   33.71791    0   17   32.00000   33.71791  5.37%     -    0s
     0     0   33.70723    0   16   32.00000   33.70723  5.34%     -    0s
     0     0   33.65316    0   18   32.00000   33.65316  5.17%     -    0s
     0     0   33.61040    0   18   32.00000   33.61040  5.03%     -    0s
     0     0   33.16667    0    8   32.00000   33.16667  3.65%     -    0s
     0     0   33.16667    0    7   32.00000   33.16667  3.65%     -    0s
*    0     0               0      33.0000000   33.00000  0.00%     -    0s

Cutting planes:
  Gomory: 17
  Lift-and-project: 6
  MIR: 81
  RLT: 9
  Relax-and-lift: 2

Explored 1 nodes (1515 simplex iterations) in 0.48 seconds (0.23 work units)
Thread count was 12 (of 12 available processors)

Solution count 6: 33 32 29 ... 12

Optimal solution found (tolerance 1.00e-04)
Best objective 3.300000000000e+01, best bound 3.300000000000e+01, gap 0.0000%
