
Gurobi 9.5.0 (win64) logging started Tue Dec  7 12:39:47 2021

Set parameter LogFile to value "../results/logs/log_2021_12_07_12_26.csv_9_40.log"
Set parameter Method to value 3
Gurobi Optimizer version 9.5.0 build v9.5.0rc5 (win64)
Thread count: 6 physical cores, 12 logical processors, using up to 12 threads
Optimize a model with 238 rows, 9882 columns and 8569 nonzeros
Model fingerprint: 0x3f90467d
Variable types: 4941 continuous, 4941 integer (4941 binary)
Coefficient statistics:
  Matrix range     [1e+00, 9e+00]
  Objective range  [1e+00, 1e+00]
  Bounds range     [1e+00, 1e+00]
  RHS range        [1e+00, 4e+01]
Found heuristic solution: objective -0.0000000
Presolve removed 171 rows and 9769 columns
Presolve time: 0.01s
Presolved: 67 rows, 113 columns, 403 nonzeros
Extracted 24 lazy constraints
Variable types: 60 continuous, 53 integer (51 binary)

Root relaxation: objective 3.896142e+01, 26 iterations, 0.00 seconds (0.00 work units)

    Nodes    |    Current Node    |     Objective Bounds      |     Work
 Expl Unexpl |  Obj  Depth IntInf | Incumbent    BestBd   Gap | It/Node Time

     0     0   38.96142    0   18   -0.00000   38.96142      -     -    0s
H    0     0                       4.0000000   38.96142   874%     -    0s
H    0     0                       6.0000000   38.89829   548%     -    0s
     0     0   20.81637    0   17    6.00000   20.81637   247%     -    0s
H    0     0                      19.0000000   20.81637  9.56%     -    0s
     0     0     cutoff    0        19.00000   19.00000  0.00%     -    0s

Cutting planes:
  Gomory: 8
  Implied bound: 5
  MIR: 23
  RLT: 3
  Relax-and-lift: 2
  Lazy constraints: 24

Explored 1 nodes (133 simplex iterations) in 0.02 seconds (0.01 work units)
Thread count was 12 (of 12 available processors)

Solution count 4: 19 6 4 -0 

Optimal solution found (tolerance 1.00e-04)
Best objective 1.900000000000e+01, best bound 1.900000000000e+01, gap 0.0000%
