
Gurobi 9.1.2 (win64) logging started Sun Sep 26 11:47:58 2021

Changed value of parameter LogFile to ../results/logs/log_samuel_kroger_2021_09_26_10_47_19.csv_46_250.log
   Prev:   Default: 
Changed value of parameter method to 3
   Prev: -1  Min: -1  Max: 5  Default: -1
Gurobi Optimizer version 9.1.2 build v9.1.2rc0 (win64)
Thread count: 6 physical cores, 12 logical processors, using up to 12 threads
Optimize a model with 9820 rows, 27306 columns and 194360 nonzeros
Model fingerprint: 0x7c85254e
Variable types: 13653 continuous, 13653 integer (13653 binary)
Coefficient statistics:
  Matrix range     [1e+00, 5e+01]
  Objective range  [1e+00, 1e+00]
  Bounds range     [1e+00, 1e+00]
  RHS range        [1e+00, 3e+02]
Found heuristic solution: objective 6985.0000000
Presolve removed 7070 rows and 21959 columns
Presolve time: 0.16s
Presolved: 2750 rows, 5347 columns, 54149 nonzeros
Variable types: 3930 continuous, 1417 integer (1417 binary)

Concurrent LP optimizer: primal simplex, dual simplex, and barrier
Showing barrier log only...

Root barrier log...

Ordering time: 0.16s

Barrier statistics:
 AA' NZ     : 1.014e+05
 Factor NZ  : 6.009e+05 (roughly 8 MBytes of memory)
 Factor Ops : 3.174e+08 (less than 1 second per iteration)
 Threads    : 4

                  Objective                Residual
Iter       Primal          Dual         Primal    Dual     Compl     Time
   0   2.28132419e+04  7.52055733e+04  3.45e+04 9.92e-01  8.97e+01     0s
   1   1.21264922e+04  6.76700225e+04  9.42e+03 1.54e+00  2.54e+01     0s
   2   8.07251986e+03  2.94140699e+04  9.33e+02 8.88e-15  3.24e+00     0s
   3   7.66826422e+03  1.29036941e+04  1.48e+02 1.02e-14  5.66e-01     0s
   4   7.81452625e+03  8.64802548e+03  5.55e+00 6.66e-15  6.66e-02     1s
   5   7.95686535e+03  8.32069234e+03  1.80e+00 6.68e-15  2.80e-02     1s
   6   7.99751471e+03  8.27632316e+03  1.18e+00 3.70e-15  2.13e-02     1s
   7   8.04786646e+03  8.24550997e+03  5.19e-01 3.97e-15  1.49e-02     1s
   8   8.06700222e+03  8.17312911e+03  3.52e-01 3.21e-15  8.03e-03     1s
   9   8.08001155e+03  8.15106156e+03  2.52e-01 2.79e-15  5.38e-03     1s
  10   8.09472232e+03  8.13815964e+03  1.44e-01 2.93e-15  3.28e-03     1s
  11   8.10315666e+03  8.12814749e+03  8.71e-02 2.49e-15  1.89e-03     1s
  12   8.10819138e+03  8.12217935e+03  5.54e-02 2.48e-15  1.06e-03     1s
  13   8.11184696e+03  8.12005083e+03  3.33e-02 2.07e-15  6.22e-04     1s
  14   8.11287303e+03  8.11923278e+03  2.70e-02 2.74e-15  4.82e-04     1s
  15   8.11438762e+03  8.11875906e+03  1.78e-02 2.32e-15  3.31e-04     1s
  16   8.11472853e+03  8.11870064e+03  1.57e-02 1.97e-15  3.01e-04     1s
  17   8.11549999e+03  8.11820913e+03  1.13e-02 2.72e-15  2.05e-04     1s
  18   8.11663228e+03  8.11772050e+03  4.78e-03 2.22e-15  8.25e-05     1s
  19   8.11691370e+03  8.11754246e+03  3.15e-03 2.70e-15  4.78e-05     1s
  20   8.11707697e+03  8.11750620e+03  2.24e-03 2.33e-15  3.27e-05     1s
  21   8.11717568e+03  8.11750004e+03  1.75e-03 2.22e-15  2.47e-05     1s
  22   8.11720463e+03  8.11749253e+03  1.59e-03 2.73e-15  2.19e-05     1s
  23   8.11732236e+03  8.11748876e+03  9.39e-04 2.16e-15  1.27e-05     1s
  24   8.11737070e+03  8.11748577e+03  6.46e-04 1.88e-15  8.77e-06     1s
  25   8.11747808e+03  8.11748247e+03  0.00e+00 3.01e-15  3.26e-07     1s
  26   8.11747963e+03  8.11747970e+03  0.00e+00 3.55e-15  5.32e-09     1s
  27   8.11747965e+03  8.11747965e+03  7.66e-11 2.65e-15  3.13e-11     1s

Barrier solved model in 27 iterations and 0.84 seconds
Optimal objective 8.11747965e+03


Solved with barrier

Root relaxation: objective 8.117480e+03, 231 iterations, 0.71 seconds

    Nodes    |    Current Node    |     Objective Bounds      |     Work
 Expl Unexpl |  Obj  Depth IntInf | Incumbent    BestBd   Gap | It/Node Time

     0     0 8117.47965    0  719 6985.00000 8117.47965  16.2%     -    0s
H    0     0                    7148.0000000 8117.47965  13.6%     -    1s
     0     0 7952.45149    0  738 7148.00000 7952.45149  11.3%     -    3s
     0     0 7899.76967    0  755 7148.00000 7899.76967  10.5%     -    6s
     0     0 7895.32389    0  759 7148.00000 7895.32389  10.5%     -    7s
H    0     0                    7177.0000000 7895.32389  10.0%     -    7s
     0     0 7895.01575    0  766 7177.00000 7895.01575  10.0%     -    7s
     0     0 7894.97606    0  763 7177.00000 7894.97606  10.0%     -    7s
     0     0 7878.87943    0  777 7177.00000 7878.87943  9.78%     -    8s
H    0     0                    7227.0000000 7878.87943  9.02%     -   10s
     0     0 7865.86285    0  777 7227.00000 7865.86285  8.84%     -   10s
     0     0 7863.22500    0  791 7227.00000 7863.22500  8.80%     -   11s
     0     0 7862.31220    0  790 7227.00000 7862.31220  8.79%     -   11s
     0     0 7862.06581    0  793 7227.00000 7862.06581  8.79%     -   12s
     0     0 7861.98212    0  794 7227.00000 7861.98212  8.79%     -   12s
     0     0 7854.63946    0  793 7227.00000 7854.63946  8.68%     -   15s
H    0     0                    7266.0000000 7854.63946  8.10%     -   18s
     0     0 7848.54382    0  808 7266.00000 7848.54382  8.02%     -   18s
     0     0 7846.13697    0  805 7266.00000 7846.13697  7.98%     -   20s
     0     0 7845.58066    0  803 7266.00000 7845.58066  7.98%     -   21s
     0     0 7845.38471    0  814 7266.00000 7845.38471  7.97%     -   21s
     0     0 7841.76257    0  760 7266.00000 7841.76257  7.92%     -   25s
     0     0 7838.88144    0  773 7266.00000 7838.88144  7.88%     -   27s
     0     0 7837.74131    0  798 7266.00000 7837.74131  7.87%     -   28s
     0     0 7837.35205    0  795 7266.00000 7837.35205  7.86%     -   29s
     0     0 7837.16269    0  800 7266.00000 7837.16269  7.86%     -   30s
     0     0 7834.55985    0  773 7266.00000 7834.55985  7.82%     -   32s
     0     0 7833.00683    0  801 7266.00000 7833.00683  7.80%     -   33s
     0     0 7832.27663    0  792 7266.00000 7832.27663  7.79%     -   34s
     0     0 7832.03477    0  798 7266.00000 7832.03477  7.79%     -   35s
     0     0 7830.30144    0  791 7266.00000 7830.30144  7.77%     -   37s
H    0     0                    7270.0000000 7830.30144  7.71%     -   37s
     0     0 7829.36126    0  795 7270.00000 7829.36126  7.69%     -   39s
     0     0 7828.87875    0  805 7270.00000 7828.87875  7.69%     -   40s
     0     0 7828.58538    0  816 7270.00000 7828.58538  7.68%     -   41s
     0     0 7827.33950    0  777 7270.00000 7827.33950  7.67%     -   43s
     0     0 7827.33950    0  777 7270.00000 7827.33950  7.67%     -   43s
     0     2 7827.33950    0  777 7270.00000 7827.33950  7.67%     -   46s
     3     8 7826.38953    2  786 7270.00000 7827.02389  7.66%  1528   52s
     7    14 7825.43640    3  808 7270.00000 7826.38924  7.65%  2519   59s
    13    20 7824.78837    4  818 7270.00000 7826.14036  7.65%  3170   70s
    19    26 7824.31399    4  823 7270.00000 7825.55895  7.64%  4719   84s
    25    32 7824.38180    5  813 7270.00000 7824.78553  7.63%  4160   90s
H   31    38                    7273.0000000 7824.78553  7.59%  3825  101s
H   32    38                    7276.0000000 7824.58346  7.54%  3831  101s
    37    44 7822.44245    6  808 7276.00000 7824.39600  7.54%  3706  106s
    43    50 7824.06692    6  819 7276.00000 7824.39600  7.54%  3472  114s
    49    56 7823.46524    7  820 7276.00000 7824.39600  7.54%  3709  119s
    55    63 7823.16335    7  816 7276.00000 7824.39561  7.54%  3556  123s
H   62    70                    7282.0000000 7824.31390  7.45%  3332  131s
H   67    70                    7287.0000000 7824.31390  7.37%  3231  131s
    69    78 7823.07128    8  820 7287.00000 7824.31390  7.37%  3193  136s
    77    88 7822.89565    9  811 7287.00000 7824.31390  7.37%  3039  140s
    87    97 7822.40212   11  802 7287.00000 7824.31390  7.37%  2857  145s
    96   103 7819.42848   12  803 7287.00000 7824.31390  7.37%  2779  153s
   102   111 7821.93379   13  797 7287.00000 7824.31390  7.37%  2732  159s
   110   123 7821.53728   15  782 7287.00000 7824.31390  7.37%  2746  165s
   122   136 7821.01971   16  789 7287.00000 7824.31390  7.37%  2651  172s
H  135   142                    7305.0000000 7824.31390  7.11%  2542  184s
   141   154 7820.49309   17  793 7305.00000 7824.31390  7.11%  2535  189s
   153   166 7819.89692   19  787 7305.00000 7824.31390  7.11%  2470  196s
   165   176 7815.87096   20  772 7305.00000 7824.31390  7.11%  2515  209s
H  167   176                    7324.0000000 7824.31390  6.83%  2491  209s
H  169   176                    7338.0000000 7824.31390  6.63%  2489  209s
   175   185 7819.48244   21  779 7338.00000 7824.31390  6.63%  2458  219s
   184   202 7818.87154   24  774 7338.00000 7824.31390  6.63%  2395  225s
H  201   208                    7371.0000000 7824.31390  6.15%  2308  260s
   207   228 7817.60876   26  777 7371.00000 7824.31390  6.15%  2289  270s
   227   248 7817.21608   28  774 7371.00000 7824.31390  6.15%  2204  277s
   247   270 7816.07742   30  766 7371.00000 7824.31390  6.15%  2139  287s
   269   288 7815.83131   32  758 7371.00000 7824.31390  6.15%  2082  298s
   287   312 7815.33147   34  760 7371.00000 7824.31390  6.15%  2033  306s
   311   323 7814.79756   36  756 7371.00000 7824.31390  6.15%  1983  315s
   322   350 7812.08713   37  747 7371.00000 7824.31390  6.15%  1975  324s
   349   370 7813.61170   39  739 7371.00000 7824.31390  6.15%  1926  333s
   369   401 7811.53663   41  739 7371.00000 7824.31390  6.15%  1894  341s
   400   417 7811.73977   46  766 7371.00000 7824.31390  6.15%  1841  351s
   416   453 7807.30625   49  755 7371.00000 7824.31390  6.15%  1819  360s
   452   490 7809.42084   52  733 7371.00000 7824.31390  6.15%  1768  370s
   489   516 7807.95000   55  716 7371.00000 7824.31390  6.15%  1725  380s
   515   544 7807.71398   56  737 7371.00000 7824.31390  6.15%  1698  406s
H  520   544                    7388.0000000 7824.31390  5.91%  1691  406s
H  524   544                    7405.0000000 7824.31390  5.66%  1689  406s
   543   568 7806.00933   60  706 7405.00000 7824.31390  5.66%  1679  418s
   567   619 7805.29172   62  708 7405.00000 7824.31390  5.66%  1655  430s
   618   651 7804.32297   67  702 7405.00000 7824.31390  5.66%  1616  441s
   650   711 7803.67379   69  702 7405.00000 7824.31390  5.66%  1603  453s
   710   774 7801.63823   75  706 7405.00000 7824.31390  5.66%  1559  466s
   773   848 7799.70569   81  701 7405.00000 7824.31390  5.66%  1520  479s
   847   925 7796.64177   90  683 7405.00000 7824.31390  5.66%  1472  491s
   924  1012 7793.21075  100  675 7405.00000 7824.31390  5.66%  1428  504s
  1011  1081 7790.53995  109  653 7405.00000 7824.31390  5.66%  1383  518s
  1080  1190 7788.21542  117  669 7405.00000 7824.31390  5.66%  1353  637s
H 1099  1190                    7459.0000000 7824.31390  4.90%  1339  637s
H 1139  1190                    7466.0000000 7824.31390  4.80%  1316  637s
H 1189  1196                    7484.0000000 7824.31390  4.55%  1296  689s
  1195  1351 7784.58924  130  652 7484.00000 7824.31390  4.55%  1293  705s
  1350  1468 7778.22536  147  643 7484.00000 7824.31390  4.55%  1227  724s
  1467  1683 7773.78631  160  595 7484.00000 7824.31390  4.55%  1182  740s
  1682  1917 7763.70881  189  556 7484.00000 7824.31390  4.55%  1101  755s
  1916  2155 7753.83884  232  521 7484.00000 7824.31390  4.55%  1029  882s
H 1975  2155                    7491.0000000 7824.31390  4.45%  1007  882s
  2154  2479 7744.87963  276  472 7491.00000 7824.31390  4.45%   965  899s
  2478  2853 7730.62314  313  391 7491.00000 7824.31390  4.45%   898  914s
  2852  3298 7713.40229  356  350 7491.00000 7824.31390  4.45%   832  928s
  3299  3775 7693.35419  419  257 7491.00000 7824.31390  4.45%   758  941s
  3800  4061 7667.58053  497  184 7491.00000 7824.31303  4.45%   689  955s
  4102  4322 7820.68974   12  800 7491.00000 7824.18804  4.45%   663  969s
  4375  4524 7818.10404   19  791 7491.00000 7824.18804  4.45%   644  985s
  4597  4833 7815.13973   27  793 7491.00000 7824.18804  4.45%   634 1001s
  4906  5096 7812.53296   37  758 7491.00000 7824.18804  4.45%   615 1018s
  5203  5182 7807.63989   51  759 7491.00000 7824.18804  4.45%   599 1036s
  5290  5183 7728.77803  281  777 7491.00000 7824.18804  4.45%   603 1197s
  5292  5184 7746.37059  245  719 7491.00000 7824.18804  4.45%   603 1200s
  5294  5186 7781.37836   90  719 7491.00000 7824.18804  4.45%   602 1206s
  5296  5187 7814.00976   26  739 7491.00000 7824.18804  4.45%   602 1211s
  5298  5188 7692.97167  336  776 7491.00000 7824.18804  4.45%   602 1215s
  5301  5190 7768.11645  166  791 7491.00000 7824.18804  4.45%   602 1220s
  5309  5196 7719.24116  311  803 7491.00000 7823.89461  4.44%   601 1227s
  5311  5197 7791.58463   83  835 7491.00000 7821.84643  4.42%   600 1231s
  5314  5199 7681.08158  441  839 7491.00000 7820.86463  4.40%   600 1235s
  5320  5203 7689.51437  423  833 7491.00000 7818.62735  4.37%   599 1246s
  5322  5204 7786.29680  115  834 7491.00000 7816.88184  4.35%   599 1252s
  5324  5206 7739.56101  288  846 7491.00000 7816.18648  4.34%   599 1255s
  5329  5209 7774.56063  126  816 7491.00000 7814.54581  4.32%   598 1263s
  5330  5210 7673.52297  474  812 7491.00000 7813.87060  4.31%   598 1265s
  5334  5212 7676.19898  378  845 7491.00000 7813.10144  4.30%   598 1270s
  5338  5215 7656.53030  468  814 7491.00000 7812.09862  4.29%   597 1279s
  5339  5216 7676.64402  433  833 7491.00000 7811.63252  4.28%   597 1281s
  5342  5218 7752.48850  218  858 7491.00000 7811.13460  4.27%   597 1285s
  5346  5220 7749.17096  223  853 7491.00000 7810.40008  4.26%   597 1291s
  5348  5222 7809.87750   11  869 7491.00000 7809.87750  4.26%   596 1295s
  5353  5225 7657.41461  467  871 7491.00000 7809.62711  4.25%   596 1300s
  5355  5226 7805.59409   52  848 7491.00000 7809.03247  4.25%   596 1306s
  5359  5229 7777.47093  101  863 7491.00000 7808.77410  4.24%   595 1310s
  5361  5230 7783.47640   83  863 7491.00000 7808.49732  4.24%   595 1320s
  5365  5233 7808.18225   44  881 7491.00000 7808.18225  4.23%   594 1325s
  5367  5234 7807.91504   54  859 7491.00000 7807.91504  4.23%   594 1330s
  5371  5237 7762.39917  173  875 7491.00000 7807.60470  4.23%   594 1336s
  5374  5239 7755.70928  201  866 7491.00000 7807.40291  4.22%   593 1340s
  5378  5242 7664.07871  494  883 7491.00000 7807.12309  4.22%   593 1345s
  5381  5244 7764.23438  155  868 7491.00000 7806.68134  4.21%   593 1351s
  5386  5247 7806.52135   43  878 7491.00000 7806.52135  4.21%   592 1355s
  5389  5249 7753.01206  216  875 7491.00000 7806.16809  4.21%   592 1360s
  5393  5252 7734.67953  301  891 7491.00000 7806.00531  4.21%   591 1372s
  5396  5254 7805.91687   26  909 7491.00000 7805.91687  4.20%   591 1375s
  5399  5256 7805.74027   28  888 7491.00000 7805.74027  4.20%   591 1380s
  5401  5257 7768.11645  166  885 7491.00000 7805.64459  4.20%   590 1387s
  5404  5259 7710.52486  282  908 7491.00000 7805.56010  4.20%   590 1393s
  5405  5260 7794.63567   96  892 7491.00000 7805.40108  4.20%   590 1403s
  5407  5261 7717.29149  286  907 7491.00000 7805.24944  4.20%   590 1406s
  5410  5263 7644.44075  530  907 7491.00000 7805.18028  4.19%   589 1412s
  5412  5264 7683.99771  358  895 7491.00000 7804.98837  4.19%   589 1416s
  5415  5266 7678.49478  422  897 7491.00000 7804.86533  4.19%   589 1420s
  5419  5269 7762.39917  173  888 7491.00000 7804.72851  4.19%   588 1425s
  5423  5272 7783.97099  107  895 7491.00000 7804.57598  4.19%   588 1430s
  5427  5274 7719.08765  304  879 7491.00000 7804.41531  4.18%   588 1435s
  5431  5277 7694.05248  371  896 7491.00000 7804.32033  4.18%   587 1440s
  5435  5280 7802.42122   65  909 7491.00000 7804.24499  4.18%   587 1445s
  5441  5285 7804.20589    7  719 7491.00000 7804.20589  4.18%   610 1451s
  5442  5286 7752.48850  218  701 7491.00000 7804.20589  4.18%   610 1455s
  5444  5287 7718.55447  346  750 7491.00000 7804.20589  4.18%   610 1460s
  5446  5289 7749.17096  223  780 7491.00000 7804.20589  4.18%   610 1467s
  5447  5289 7691.10637  341  813 7491.00000 7804.20589  4.18%   609 1470s
  5449  5291 7695.92592  367  859 7491.00000 7804.20589  4.18%   609 1477s
  5451  5292 7683.08872  446  879 7491.00000 7804.20589  4.18%   609 1481s
  5454  5294 7699.20506  315  886 7491.00000 7804.20589  4.18%   609 1485s
  5456  5295 7668.07141  435  889 7491.00000 7804.13219  4.18%   608 1498s
  5457  5296 7800.21671   78  901 7491.00000 7804.09815  4.18%   608 1500s
  5460  5298 7761.23015  160  898 7491.00000 7804.02293  4.18%   608 1505s
  5463  5300 7669.98046  460  889 7491.00000 7803.90539  4.18%   608 1511s
  5467  5303 7803.75986   54  886 7491.00000 7803.75986  4.18%   607 1516s
  5470  5305 7803.64761   21  899 7491.00000 7803.64761  4.17%   607 1522s
  5472  5306 7671.50128  465  899 7491.00000 7803.64761  4.17%   607 1534s
  5473  5310 7803.57373   31  884 7491.00000 7803.64533  4.17%   614 1548s
  5475  5313 7803.54828   32  900 7491.00000 7803.54828  4.17%   615 1580s
  5479  5318 7803.43827   33  878 7491.00000 7803.54352  4.17%   619 1603s
  5485  5322 7803.36076   34  886 7491.00000 7803.36076  4.17%   624 1626s
  5491  5326 7786.93109   34  899 7491.00000 7803.36062  4.17%   638 1639s
  5497  5330 7803.20173   35  857 7491.00000 7803.35915  4.17%   642 1648s
  5503  5334 7801.68684   35  855 7491.00000 7803.20135  4.17%   647 1671s
  5509  5338 7803.07815   36  863 7491.00000 7803.19995  4.17%   649 1691s
  5515  5343 7801.04005   36  853 7491.00000 7803.07789  4.17%   655 1701s
  5522  5349 7802.99714   37  880 7491.00000 7803.07675  4.17%   658 1711s
  5531  5356 7802.22464   37  867 7491.00000 7802.99714  4.16%   662 1721s
  5541  5361 7802.98035   38  853 7491.00000 7802.98035  4.16%   665 1735s
  5549  5368 7802.96381   39  852 7491.00000 7802.96381  4.16%   668 1747s
  5559  5374 7802.95112   40  852 7491.00000 7802.95112  4.16%   672 1766s
  5568  5382 7802.73196   41  873 7491.00000 7802.73196  4.16%   682 1779s
  5579  5385 7802.52378   42  853 7491.00000 7802.73186  4.16%   687 1793s
  5586  5394 7802.31155   42  866 7491.00000 7802.52377  4.16%   689 1806s
  5597  5402 7801.52302   43  828 7491.00000 7802.37544  4.16%   694 1817s
  5609  5413 7802.27746   44  846 7491.00000 7802.37544  4.16%   697 1833s
  5624  5420 7801.32476   45  838 7491.00000 7802.37544  4.16%   702 1846s
  5636  5438 7802.03994   46  828 7491.00000 7802.37544  4.16%   706 1860s
  5658  5438 7801.79739   47  832 7491.00000 7802.37544  4.16%   710 1874s
  5665  5454 7800.39542   47  829 7491.00000 7802.37544  4.16%   711 1889s
  5683  5468 7801.72624   48  830 7491.00000 7802.37544  4.16%   715 1901s
H 5703  5203                    7492.0000000 7802.37544  4.14%   719 1917s
  5711  5221 7801.04316   50  839 7492.00000 7802.37544  4.14%   722 1931s
  5732  5241 7800.77074   52  816 7492.00000 7802.37544  4.14%   726 1955s
H 5749  4983                    7493.0000000 7802.37544  4.13%   731 1955s
  5759  5016 7800.59519   54  815 7493.00000 7802.37544  4.13%   734 1978s
  5796  5025 7799.75814   56  830 7493.00000 7802.37544  4.13%   740 2002s
  5817  5062 7799.81954   58  827 7493.00000 7802.37544  4.13%   745 2030s
  5861  5074 7799.60144   62  806 7493.00000 7802.37544  4.13%   752 2053s
  5888  5125 7799.08825   63  803 7493.00000 7802.37544  4.13%   758 2076s
  5948  5144 7798.92835   68  810 7493.00000 7802.37544  4.13%   763 2099s
  5987  5163 7798.84550   71  806 7493.00000 7802.37544  4.13%   767 2125s
  6019  5187 7798.61984   73  782 7493.00000 7802.37544  4.13%   773 2152s
  6053  5235 7797.70494   76  784 7493.00000 7802.37544  4.13%   778 2183s
  6113  5245 7797.97605   80  775 7493.00000 7802.37544  4.13%   786 2214s
H 6131  4999                    7495.0000000 7802.37544  4.10%   789 2214s
  6143  5054 7797.64433   81  764 7495.00000 7802.37544  4.10%   791 2243s
  6202  5101 7796.95729   86  780 7495.00000 7802.37544  4.10%   798 2273s
H 6224  4865                    7496.0000000 7802.37544  4.09%   800 2273s
  6268  4913 7796.05856   91  770 7496.00000 7802.37544  4.09%   803 2308s
H 6330  4744                    7497.0000000 7802.37544  4.07%   812 2341s
