
Gurobi 9.5.1 (linux64) logging started Thu Jun  2 17:07:09 2022

Set parameter LogFile to value "../results/logs/log_web-hudong.e_5_250_2022_06_02_17_06.log"
Gurobi Optimizer version 9.5.1 build v9.5.1rc2 (linux64)
Thread count: 8 physical cores, 8 logical processors, using up to 8 threads
Optimize a model with 3949311 rows, 3949310 columns and 65612148 nonzeros
Model fingerprint: 0x51b58ce3
Variable types: 0 continuous, 3949310 integer (3949310 binary)
Coefficient statistics:
  Matrix range     [1e+00, 5e+00]
  Objective range  [1e+00, 1e+00]
  Bounds range     [1e+00, 1e+00]
  RHS range        [1e+00, 2e+02]
Found heuristic solution: objective -0.0000000
Presolve removed 0 rows and 0 columns (presolve time = 9s) ...
Presolve removed 0 rows and 0 columns (presolve time = 10s) ...
Presolve removed 0 rows and 0 columns (presolve time = 19s) ...
Presolve removed 0 rows and 545743 columns (presolve time = 24s) ...
Presolve removed 1091486 rows and 545743 columns (presolve time = 27s) ...
Presolve removed 1091486 rows and 563225 columns (presolve time = 33s) ...
Presolve removed 1094203 rows and 563225 columns (presolve time = 37s) ...
Presolve removed 1094203 rows and 563225 columns (presolve time = 41s) ...
Presolve removed 1094228 rows and 565407 columns (presolve time = 46s) ...
Presolve removed 1094228 rows and 565431 columns (presolve time = 50s) ...
Presolve removed 1094229 rows and 565431 columns (presolve time = 57s) ...
Presolve removed 1094229 rows and 818314 columns (presolve time = 66s) ...
Presolve removed 1094229 rows and 818314 columns (presolve time = 71s) ...
Presolve removed 1094230 rows and 818315 columns (presolve time = 77s) ...
Presolve removed 1094230 rows and 818315 columns (presolve time = 84s) ...
Presolve removed 1094230 rows and 818315 columns (presolve time = 85s) ...
Presolve removed 1094230 rows and 818315 columns (presolve time = 90s) ...
Presolve removed 1094230 rows and 818315 columns (presolve time = 95s) ...
Presolve removed 1094230 rows and 818315 columns (presolve time = 100s) ...
Presolve removed 1094230 rows and 818315 columns (presolve time = 105s) ...
Presolve removed 1094230 rows and 818315 columns (presolve time = 110s) ...
Presolve removed 1094230 rows and 818315 columns (presolve time = 115s) ...
Presolve removed 1094230 rows and 818315 columns (presolve time = 120s) ...
Presolve removed 1094230 rows and 818315 columns (presolve time = 125s) ...
Presolve removed 1094230 rows and 818315 columns (presolve time = 130s) ...
Presolve removed 1094230 rows and 818315 columns (presolve time = 135s) ...
Presolve removed 1094230 rows and 818344 columns (presolve time = 140s) ...
Presolve removed 1094230 rows and 818380 columns (presolve time = 145s) ...
Presolve removed 1094230 rows and 818421 columns (presolve time = 158s) ...
Presolve removed 1094230 rows and 818421 columns (presolve time = 164s) ...
Presolve removed 1094230 rows and 818421 columns (presolve time = 170s) ...
Presolve removed 1094230 rows and 818421 columns (presolve time = 177s) ...
Presolve removed 1094230 rows and 818421 columns (presolve time = 180s) ...
Presolve removed 1094230 rows and 818421 columns (presolve time = 185s) ...
Presolve removed 1094230 rows and 1150531 columns (presolve time = 193s) ...
Presolve removed 1094230 rows and 1150531 columns (presolve time = 195s) ...
Presolve removed 1094230 rows and 1150531 columns (presolve time = 200s) ...
Presolve removed 1094230 rows and 1150531 columns (presolve time = 205s) ...
Presolve removed 1094230 rows and 1150531 columns (presolve time = 210s) ...
Presolve removed 1094230 rows and 1150531 columns (presolve time = 215s) ...
Presolve removed 1094230 rows and 1150531 columns (presolve time = 220s) ...
Presolve removed 1094230 rows and 1150531 columns (presolve time = 225s) ...
Presolve removed 1094230 rows and 1150531 columns (presolve time = 230s) ...
Presolve removed 1094230 rows and 1150531 columns (presolve time = 235s) ...
Presolve removed 1094230 rows and 1150531 columns (presolve time = 240s) ...
Presolve removed 1094230 rows and 1150531 columns (presolve time = 245s) ...
Presolve removed 1094230 rows and 1150531 columns (presolve time = 250s) ...
Presolve removed 1094237 rows and 1150531 columns (presolve time = 258s) ...
Presolve removed 1758465 rows and 1150531 columns (presolve time = 261s) ...
Presolve removed 1758465 rows and 1150531 columns (presolve time = 265s) ...
Presolve removed 1758465 rows and 1150531 columns (presolve time = 273s) ...
Presolve removed 1758465 rows and 1150531 columns (presolve time = 277s) ...
Presolve removed 1758465 rows and 1193495 columns (presolve time = 286s) ...
Presolve removed 1758465 rows and 1193495 columns (presolve time = 291s) ...
Presolve removed 1758465 rows and 1193495 columns (presolve time = 299s) ...
Presolve removed 1758465 rows and 1193495 columns (presolve time = 303s) ...
Presolve removed 1758465 rows and 1193495 columns (presolve time = 309s) ...
Presolve removed 1758465 rows and 1193495 columns (presolve time = 315s) ...
Presolve removed 1758465 rows and 1193495 columns (presolve time = 315s) ...
Presolve removed 1758465 rows and 1193495 columns (presolve time = 320s) ...
Presolve removed 1758465 rows and 1193495 columns (presolve time = 329s) ...
Presolve removed 1758465 rows and 1193495 columns (presolve time = 330s) ...
Presolve removed 1758465 rows and 1193495 columns (presolve time = 335s) ...
Presolve removed 1758465 rows and 1193531 columns (presolve time = 341s) ...
Presolve removed 1758465 rows and 1193591 columns (presolve time = 346s) ...
Presolve removed 1758560 rows and 1193591 columns (presolve time = 351s) ...
Presolve removed 1758560 rows and 1193591 columns (presolve time = 359s) ...
Presolve removed 1758560 rows and 1193591 columns (presolve time = 367s) ...
Presolve removed 1758560 rows and 1193591 columns (presolve time = 372s) ...
Presolve removed 1758560 rows and 1193591 columns (presolve time = 381s) ...
Presolve removed 1758560 rows and 1193591 columns (presolve time = 390s) ...
Presolve removed 1758560 rows and 1193591 columns (presolve time = 396s) ...
Presolve removed 1758560 rows and 1193591 columns (presolve time = 400s) ...
Presolve removed 1758560 rows and 1193591 columns (presolve time = 410s) ...
Presolve removed 1758560 rows and 1193591 columns (presolve time = 410s) ...
Presolve removed 1758560 rows and 1193591 columns (presolve time = 415s) ...
Presolve removed 1758560 rows and 1193591 columns (presolve time = 421s) ...
Presolve removed 1758560 rows and 1193591 columns (presolve time = 429s) ...
Presolve removed 1758560 rows and 1193591 columns (presolve time = 430s) ...
Presolve removed 1758560 rows and 1193591 columns (presolve time = 435s) ...
Presolve removed 1758560 rows and 1193591 columns (presolve time = 440s) ...
Presolve removed 1758560 rows and 1193591 columns (presolve time = 445s) ...
Presolve removed 1758560 rows and 1193591 columns (presolve time = 450s) ...
Presolve removed 1758560 rows and 1193591 columns (presolve time = 456s) ...
Presolve removed 1758560 rows and 1193591 columns (presolve time = 460s) ...
Presolve removed 1758560 rows and 1193591 columns (presolve time = 469s) ...
Presolve removed 1758560 rows and 1193591 columns (presolve time = 481s) ...
Presolve removed 1758675 rows and 1193706 columns (presolve time = 490s) ...
Presolve removed 1758551 rows and 1193582 columns
Presolve time: 489.88s
Presolved: 2190760 rows, 2755728 columns, 56664737 nonzeros
Variable types: 0 continuous, 2755728 integer (2707706 binary)

Deterministic concurrent LP optimizer: primal simplex, dual simplex, and barrier
Showing barrier log only...

