
Gurobi 9.5.0 (win64) logging started Tue Dec  7 12:39:19 2021

Set parameter LogFile to value "../results/logs/log_2021_12_07_12_26.csv_6_20.log"
Set parameter Method to value 3
Gurobi Optimizer version 9.5.0 build v9.5.0rc5 (win64)
Thread count: 6 physical cores, 12 logical processors, using up to 12 threads
Optimize a model with 1039 rows, 9882 columns and 16749 nonzeros
Model fingerprint: 0x0641c5e5
Variable types: 4941 continuous, 4941 integer (4941 binary)
Coefficient statistics:
  Matrix range     [1e+00, 6e+00]
  Objective range  [1e+00, 1e+00]
  Bounds range     [1e+00, 1e+00]
  RHS range        [1e+00, 2e+01]
Found heuristic solution: objective -0.0000000
Presolve removed 585 rows and 9151 columns
Presolve time: 0.03s
Presolved: 454 rows, 731 columns, 2691 nonzeros
Extracted 154 lazy constraints
Variable types: 413 continuous, 318 integer (317 binary)

Concurrent LP optimizer: primal simplex, dual simplex, and barrier
Showing barrier log only...

Root barrier log...

Ordering time: 0.00s

Barrier statistics:
 AA' NZ     : 5.250e+02
 Factor NZ  : 1.997e+03
 Factor Ops : 2.133e+04 (less than 1 second per iteration)
 Threads    : 1

Barrier performed 0 iterations in 0.04 seconds (0.02 work units)
Barrier solve interrupted - model solved by another algorithm


Solved with dual simplex

Root relaxation: objective 3.230000e+02, 139 iterations, 0.00 seconds (0.00 work units)

    Nodes    |    Current Node    |     Objective Bounds      |     Work
 Expl Unexpl |  Obj  Depth IntInf | Incumbent    BestBd   Gap | It/Node Time

     0     0   97.33084    0  146   -0.00000   97.33084      -     -    0s
     0     0   40.64599    0   45   -0.00000   40.64599      -     -    0s
     0     0   39.91341    0   38   -0.00000   39.91341      -     -    0s
     0     0   39.86728    0   44   -0.00000   39.86728      -     -    0s
     0     0   38.69809    0   45   -0.00000   38.69809      -     -    0s
     0     0   38.52801    0   35   -0.00000   38.52801      -     -    0s
     0     0   38.40143    0   43   -0.00000   38.40143      -     -    0s
     0     0   38.40103    0   44   -0.00000   38.40103      -     -    0s
     0     0   37.71225    0   29   -0.00000   37.71225      -     -    0s
     0     0   37.51323    0   30   -0.00000   37.51323      -     -    0s
     0     0   37.31632    0   33   -0.00000   37.31632      -     -    0s
     0     0   37.31328    0   33   -0.00000   37.31328      -     -    0s
     0     0   37.07856    0   14   -0.00000   37.07856      -     -    0s
     0     0   37.07409    0   15   -0.00000   37.07409      -     -    0s
H    0     0                      31.0000000   37.07409  19.6%     -    0s
     0     0   36.86298    0   29   31.00000   36.86298  18.9%     -    0s
     0     0   36.86298    0   26   31.00000   36.86298  18.9%     -    0s
     0     2   36.86298    0   26   31.00000   36.86298  18.9%     -    0s
*   28    30               4      35.0000000   36.47409  4.21%  26.5    0s

Cutting planes:
  Gomory: 56
  Lift-and-project: 11
  Implied bound: 22
  MIR: 134
  RLT: 16
  Relax-and-lift: 9
  Lazy constraints: 146

Explored 81 nodes (2442 simplex iterations) in 0.28 seconds (0.18 work units)
Thread count was 12 (of 12 available processors)

Solution count 3: 35 31 -0 

Optimal solution found (tolerance 1.00e-04)
Best objective 3.500000000000e+01, best bound 3.500000000000e+01, gap 0.0000%
