
Gurobi 9.5.0 (win64) logging started Mon Jul  4 11:15:24 2022

Set parameter LogFile to value "../results/logs/log_socfb-Northeastern19_33_250_2022_07_04_11_15.log"
Gurobi Optimizer version 9.5.0 build v9.5.0rc5 (win64)
Thread count: 6 physical cores, 12 logical processors, using up to 12 threads
Optimize a model with 3629 rows, 27764 columns and 111126 nonzeros
Model fingerprint: 0x1e7784cf
Coefficient statistics:
  Matrix range     [1e+00, 3e+01]
  Objective range  [1e+00, 1e+00]
  Bounds range     [1e+00, 1e+00]
  RHS range        [1e+00, 3e+02]

Concurrent LP optimizer: primal simplex, dual simplex, and barrier
Showing barrier log only...

Presolve removed 33 rows and 22180 columns
Presolve time: 0.06s
Presolved: 3596 rows, 5584 columns, 31943 nonzeros

Ordering time: 0.10s

Barrier statistics:
 AA' NZ     : 5.116e+04
 Factor NZ  : 4.226e+05 (roughly 7 MB of memory)
 Factor Ops : 1.468e+08 (less than 1 second per iteration)
 Threads    : 4

                  Objective                Residual
Iter       Primal          Dual         Primal    Dual     Compl     Time
   0   1.00353553e+04  7.48318434e+03  5.44e+04 1.25e-01  3.77e+00     0s
   1   1.00382624e+04  8.32899149e+03  2.01e+04 9.25e-02  1.39e+00     0s
   2   8.30408328e+03  8.85785123e+03  2.21e+03 1.71e-14  1.96e-01     0s
   3   8.16423186e+03  8.45010457e+03  4.23e+02 4.11e-15  4.56e-02     0s
   4   8.15539400e+03  8.30498538e+03  1.40e+02 2.16e-15  1.90e-02     0s
   5   8.14582797e+03  8.20861223e+03  6.61e+01 1.03e-15  8.88e-03     0s
   6   8.13815695e+03  8.17502591e+03  3.48e+01 6.25e-16  5.15e-03     0s
   7   8.13133348e+03  8.15154435e+03  1.79e+01 6.66e-16  2.81e-03     0s
   8   8.12760851e+03  8.14191576e+03  8.47e+00 6.66e-16  1.67e-03     0s
   9   8.12624699e+03  8.13129668e+03  4.17e+00 8.88e-16  6.96e-04     0s
  10   8.12540837e+03  8.12735707e+03  1.61e+00 8.88e-16  2.70e-04     0s
  11   8.12519741e+03  8.12592038e+03  6.84e-01 8.88e-16  1.08e-04     0s
  12   8.12513225e+03  8.12549851e+03  3.68e-01 6.66e-16  5.67e-05     0s

Barrier performed 12 iterations in 0.48 seconds (0.14 work units)
Barrier solve interrupted - model solved by another algorithm


Solved with primal simplex
Solved in 3125 iterations and 0.48 seconds (0.24 work units)
Optimal objective  8.125078940e+03
