
Gurobi 9.5.1 (linux64) logging started Wed Jun  1 19:21:27 2022

Set parameter LogFile to value "../results/logs/log_Brightkite_edges_20_20_2022_06_01_18_59.log"
Gurobi Optimizer version 9.5.1 build v9.5.1rc2 (linux64)
Thread count: 8 physical cores, 8 logical processors, using up to 8 threads
Optimize a model with 7279 rows, 116456 columns and 326490 nonzeros
Model fingerprint: 0x031afd77
Variable types: 0 continuous, 116456 integer (116456 binary)
Coefficient statistics:
  Matrix range     [1e+00, 2e+01]
  Objective range  [1e+00, 1e+00]
  Bounds range     [1e+00, 1e+00]
  RHS range        [1e+00, 2e+01]
Found heuristic solution: objective 947.0000000
Presolve removed 37 rows and 94616 columns
Presolve time: 0.36s
Presolved: 7242 rows, 21840 columns, 175166 nonzeros
Found heuristic solution: objective 951.0000000
Variable types: 0 continuous, 21840 integer (18831 binary)
Warning: Markowitz tolerance tightened to 0.03125

Root relaxation: objective 3.125794e+03, 5183 iterations, 1.78 seconds (3.52 work units)

    Nodes    |    Current Node    |     Objective Bounds      |     Work
 Expl Unexpl |  Obj  Depth IntInf | Incumbent    BestBd   Gap | It/Node Time

     0     0 3125.79363    0 2735  951.00000 3125.79363   229%     -    2s
H    0     0                     955.0000000 3125.79363   227%     -    2s
H    0     0                    1076.0000000 2610.52658   143%     -    8s
     0     0 2610.52658    0 2441 1076.00000 2610.52658   143%     -    8s
H    0     0                    1080.0000000 2610.52658   142%     -   15s
H    0     0                    1109.0000000 2274.91856   105%     -   17s
     0     0 2088.28330    0 2397 1109.00000 2088.28330  88.3%     -   17s
     0     0 1985.55841    0 2308 1109.00000 1985.55841  79.0%     -   18s
     0     0 1906.10952    0 1780 1109.00000 1906.10952  71.9%     -   19s
     0     0 1864.37490    0 1752 1109.00000 1864.37490  68.1%     -   20s
     0     0 1846.87642    0 1845 1109.00000 1846.87642  66.5%     -   21s
     0     0 1843.83680    0 1757 1109.00000 1843.83680  66.3%     -   22s
     0     0 1842.77797    0 1974 1109.00000 1842.77797  66.2%     -   22s
     0     0 1842.28844    0 1962 1109.00000 1842.28844  66.1%     -   23s
     0     0 1842.16823    0 1955 1109.00000 1842.16823  66.1%     -   23s
     0     0 1675.87584    0 1697 1109.00000 1675.87584  51.1%     -   29s
     0     0 1632.27517    0 1844 1109.00000 1632.27517  47.2%     -   31s
     0     0 1597.17061    0 1998 1109.00000 1597.17061  44.0%     -   33s
H    0     0                    1110.0000000 1576.59500  42.0%     -   35s
     0     0 1576.59500    0 2079 1110.00000 1576.59500  42.0%     -   35s
     0     0 1568.93828    0 2206 1110.00000 1568.93828  41.3%     -   38s
     0     0 1566.85284    0 2334 1110.00000 1566.85284  41.2%     -   39s
     0     0 1565.60882    0 2393 1110.00000 1565.60882  41.0%     -   41s
H    0     0                    1129.0000000 1540.29648  36.4%     -   49s
     0     0 1540.29648    0 2145 1129.00000 1540.29648  36.4%     -   49s
     0     0 1525.44675    0 2276 1129.00000 1525.44675  35.1%     -   57s
     0     0 1519.55769    0 2377 1129.00000 1519.55769  34.6%     -   60s
     0     0 1515.98907    0 2538 1129.00000 1515.98907  34.3%     -   64s
     0     0 1512.29424    0 2745 1129.00000 1512.29424  33.9%     -   71s
     0     0 1509.77956    0 2840 1129.00000 1509.77956  33.7%     -   77s
     0     0 1505.94949    0 2753 1129.00000 1505.94949  33.4%     -   81s
     0     0 1504.20774    0 2881 1129.00000 1504.20774  33.2%     -   84s
     0     0 1502.87999    0 2985 1129.00000 1502.87999  33.1%     -   88s
     0     0 1493.91392    0 2715 1129.00000 1493.91392  32.3%     -   98s
     0     0 1489.99386    0 2712 1129.00000 1489.99386  32.0%     -  102s
H    0     0                    1135.0000000 1487.16340  31.0%     -  107s
     0     0 1487.16340    0 2967 1135.00000 1487.16340  31.0%     -  107s
     0     0 1485.04656    0 2994 1135.00000 1485.04656  30.8%     -  114s
     0     0 1483.19277    0 2987 1135.00000 1483.19277  30.7%     -  122s
     0     0 1480.50664    0 2982 1135.00000 1480.50664  30.4%     -  130s
     0     0 1480.50664    0 2982 1135.00000 1480.50664  30.4%     -  131s
     0     2 1480.19437    0 2982 1135.00000 1480.19437  30.4%     -  148s
     3     8 1478.71712    2 3150 1135.00000 1480.19437  30.4%  1388  159s
     7    16 1475.62997    3 3450 1135.00000 1478.71709  30.3%  4161  185s
    15    24 1470.29760    4 3718 1135.00000 1475.62830  30.0%  7430  243s
    23    32 1466.01188    4 3732 1135.00000 1472.28962  29.7% 12148  323s
H   31    40                    1150.0000052 1470.29747  27.9% 12074  344s
H   33    40                    1151.0000000 1470.29711  27.7% 11440  344s
    39    48 1468.59007    6 3745 1151.00000 1470.29711  27.7%  9879  347s
    47    63 1468.32465    7 3768 1151.00000 1470.29711  27.7%  8330  402s
    62    76 1468.22919    9 3730 1151.00000 1470.29711  27.7%  6498  413s
    75    87 1455.52735   10 3663 1151.00000 1470.29711  27.7%  5702  426s
H   82    87                    1152.0000000 1470.29711  27.6%  5437  426s
    86    99 1466.82252   10 3727 1152.00000 1470.29711  27.6%  5250  443s
    98   117 1465.40773   12 3736 1152.00000 1470.29711  27.6%  4914  458s
   116   131 1465.15744   13 3753 1152.00000 1470.29711  27.6%  4397  470s
   130   148 1464.86719   15 3734 1152.00000 1470.29711  27.6%  4122  490s
   147   170 1464.49596   19 3734 1152.00000 1470.29711  27.6%  3864  498s
   169   203 1464.28698   23 3736 1152.00000 1470.29711  27.6%  3478  506s
   202   211 1460.81558   25 3680 1152.00000 1470.29711  27.6%  3013  519s
H  207   211                    1155.0000000 1470.29711  27.3%  2961  519s
   210   229 1463.94597   26 3724 1155.00000 1470.29711  27.3%  2942  532s
H  228   244                    1156.0000000 1470.29711  27.2%  2807  553s
   243   268 1463.21673   29 3707 1156.00000 1470.29711  27.2%  2775  578s
   267   288 1462.09732   30 3720 1156.00000 1470.29711  27.2%  2671  604s
   287   301 1461.01916   32 3713 1156.00000 1470.29711  27.2%  2647  618s
   300   323 1459.73569   33 3697 1156.00000 1470.29711  27.2%  2644  632s
   322   347 1458.39611   34 3670 1156.00000 1470.29711  27.2%  2561  651s
   346   366 1430.58653   36 3595 1156.00000 1470.29711  27.2%  2523  677s
   367   391 1458.04777   37 3675 1156.00000 1470.29711  27.2%  2512  693s
   394   411 1456.42838   38 3660 1156.00000 1470.29711  27.2%  2434  719s
H  420   419                    1157.0000000 1470.29711  27.1%  2403  748s
H  421   419                    1159.0000000 1470.29711  26.9%  2413  748s
   428   434 1454.25559   40 3729 1159.00000 1470.29711  26.9%  2497  773s
   443   452 1451.51795   43 3745 1159.00000 1470.29711  26.9%  2535  803s
H  461   460                    1161.0000000 1470.29711  26.6%  2566  943s
H  467   460                    1163.0000000 1470.29711  26.4%  2545  943s
H  468   460                    1167.0000000 1470.29711  26.0%  2543  943s
   469   487 1450.61936   47 3741 1167.00000 1470.29711  26.0%  2548  965s
   498   516 1449.25987   50 3717 1167.00000 1470.29711  26.0%  2504 1000s
   537   531 1448.17661   53 3751 1167.00000 1470.29711  26.0%  2441 1030s
   552   565 1447.80926   55 3728 1167.00000 1470.29711  26.0%  2475 1061s
   586   615 1447.23641   59 3666 1167.00000 1470.29711  26.0%  2434 1085s
   636   653 1446.62244   65 3667 1167.00000 1470.29711  26.0%  2331 1112s
H  674   669                    1168.0000000 1470.29711  25.9%  2287 1131s
   690   715 1445.55971   69 3655 1168.00000 1470.29711  25.9%  2263 1158s
   736   769 1443.98411   75 3635 1168.00000 1470.29711  25.9%  2211 1185s
   790   842 1443.14681   81 3604 1168.00000 1470.29711  25.9%  2145 1219s
   863   897 1442.56909   91 3586 1168.00000 1470.29711  25.9%  2050 1249s
   918   955 1439.39160   99 3562 1168.00000 1470.29711  25.9%  2010 1279s
   976   987 1437.97604  106 3499 1168.00000 1470.29711  25.9%  1971 1325s
H  979   987                    1170.0000000 1470.29711  25.7%  1968 1325s
H 1008  1027                    1171.0000000 1470.29711  25.6%  1952 1348s
H 1032  1027                    1177.0000000 1470.29711  24.9%  1930 1348s
  1048  1113 1435.93369  115 3504 1177.00000 1470.29711  24.9%  1917 1384s
  1136  1163 1434.70713  126 3464 1177.00000 1470.29711  24.9%  1848 1427s
  1196  1204 1428.81167  131 3504 1177.00000 1470.29711  24.9%  1842 1468s
  1237  1265 1423.86908  135 3490 1177.00000 1470.29711  24.9%  1857 1508s
  1298  1336 1422.18799  145 3476 1177.00000 1470.29711  24.9%  1842 1551s
  1369  1406 1420.74722  156 3395 1177.00000 1470.29711  24.9%  1820 1592s
  1439  1496 1416.29339  163 3384 1177.00000 1470.29711  24.9%  1804 1636s
  1529  1605 1414.24788  174 3333 1177.00000 1470.29711  24.9%  1771 1678s
  1640  1706 1412.62913  193 3260 1177.00000 1470.29711  24.9%  1719 1738s
  1741  1762 1410.82233  207 3236 1177.00000 1470.29711  24.9%  1687 1788s
  1797  1900 1409.85349  214 3212 1177.00000 1470.29711  24.9%  1677 1836s
  1935  2038 1407.66184  233 3170 1177.00000 1470.29711  24.9%  1627 1886s
  2073  2185 1403.38829  248 3071 1177.00000 1470.29711  24.9%  1585 1939s
  2220  2337 1399.04822  275 3009 1177.00000 1470.29711  24.9%  1546 1992s
  2372  2471 1396.31620  305 2935 1177.00000 1470.29711  24.9%  1512 2039s
  2506  2661 1391.66373  332 2815 1177.00000 1470.29711  24.9%  1485 2094s
  2696  2839 1387.32050  372 2726 1177.00000 1470.29711  24.9%  1442 2155s
  2874  3043 1383.16016  387 2761 1177.00000 1470.29711  24.9%  1417 2215s
  3078  3214 1378.77918  414 2771 1177.00000 1470.29711  24.9%  1384 2278s
  3249  3451 1375.73432  426 2839 1177.00000 1470.29711  24.9%  1372 2346s
  3486  3602 1368.75518  455 2711 1177.00000 1470.29711  24.9%  1338 2401s
  3637  3868 1365.58578  469 2741 1177.00000 1470.29711  24.9%  1318 2470s
  3903  4095 1358.76576  510 2599 1177.00000 1470.29711  24.9%  1285 2538s
H 4074  4095                    1181.0000000 1470.29711  24.5%  1273 2538s
  4130  4413 1348.66376  545 2395 1181.00000 1470.29711  24.5%  1267 2618s
  4460  4628 1337.83223  603 2348 1181.00000 1470.29711  24.5%  1229 2704s
  4681  4955 1319.68601  625 1338 1181.00000 1470.13875  24.5%  1224 2787s
  5022  5252 1387.23954    6 3525 1181.00000 1470.13875  24.5%  1192 2906s
  5335  5501 1323.36968   10  564 1181.00000 1470.13875  24.5%  1172 2990s
  5594  5785     cutoff   14      1181.00000 1470.13875  24.5%  1160 3083s
  5898  6009 1362.57090   19 3031 1181.00000 1470.13875  24.5%  1145 3172s
  6126  6225 1348.45890   24 1547 1181.00000 1466.81919  24.2%  1133 3264s
  6366  6353 1398.97877    8 3675 1181.00000 1466.81919  24.2%  1132 3365s
  6501  6354 1393.49819  238 2982 1181.00000 1466.81919  24.2%  1147 3494s
  6503  6355 1387.04632  285 2731 1181.00000 1466.81919  24.2%  1146 3554s
  6504  6356 1357.45625  432 2462 1181.00000 1466.81919  24.2%  1146 3590s
  6507  6358 1389.07244  364 2367 1181.00000 1466.81919  24.2%  1146 3595s

Cutting planes:
  Cover: 20
  Implied bound: 48
  MIR: 759
  StrongCG: 30
  Flow cover: 734
  GUB cover: 600
  Zero half: 16
  Mod-K: 2
  RLT: 966
  Relax-and-lift: 57

Explored 6509 nodes (7553409 simplex iterations) in 3600.04 seconds (6383.93 work units)
Thread count was 8 (of 8 available processors)

Solution count 10: 1181 1177 1171 ... 1157

Time limit reached
Best objective 1.181000000000e+03, best bound 1.466000000000e+03, gap 24.1321%
