
Gurobi 9.5.0 (win64) logging started Sat Mar 26 12:17:13 2022

Set parameter LogFile to value "../results/logs/log_2022_03_26_12_17.csv_27_250.log"
Gurobi Optimizer version 9.5.0 build v9.5.0rc5 (win64)
Thread count: 6 physical cores, 12 logical processors, using up to 12 threads
Optimize a model with 8079 rows, 8078 columns and 369092 nonzeros
Model fingerprint: 0xae3e0645
Variable types: 0 continuous, 8078 integer (8078 binary)
Coefficient statistics:
  Matrix range     [1e+00, 3e+01]
  Objective range  [1e+00, 1e+00]
  Bounds range     [1e+00, 1e+00]
  RHS range        [1e+00, 3e+02]

User MIP start produced solution with objective 1421 (0.30s)
User MIP start produced solution with objective 1422 (0.33s)
User MIP start produced solution with objective 1441 (0.64s)
User MIP start produced solution with objective 1449 (1.72s)
User MIP start produced solution with objective 1504 (3.14s)
User MIP start produced solution with objective 1510 (4.44s)
Processing user MIP start: 0 nodes explored in subMIP, total elapsed time 5s
User MIP start produced solution with objective 1532 (6.41s)
User MIP start produced solution with objective 1533 (7.08s)
User MIP start produced solution with objective 1534 (7.68s)
User MIP start produced solution with objective 1535 (8.71s)
Processing user MIP start: 260 nodes explored in subMIP, total elapsed time 10s
User MIP start produced solution with objective 1539 (13.16s)
Processing user MIP start: 484 nodes explored in subMIP, total elapsed time 15s
User MIP start produced solution with objective 1572 (15.34s)
Loaded user MIP start with objective 1572
Processed MIP start in 15.63 seconds (21.08 work units)

Presolve removed 4201 rows and 2843 columns
Presolve time: 0.94s
Presolved: 3878 rows, 5235 columns, 296387 nonzeros
Variable types: 0 continuous, 5235 integer (5166 binary)

Root simplex log...

Iteration    Objective       Primal Inf.    Dual Inf.      Time
       0    1.9390000e+03   2.870000e+02   0.000000e+00     17s
    2139    1.9091305e+03   0.000000e+00   0.000000e+00     17s

Root relaxation: objective 1.909130e+03, 2139 iterations, 0.12 seconds (0.22 work units)

    Nodes    |    Current Node    |     Objective Bounds      |     Work
 Expl Unexpl |  Obj  Depth IntInf | Incumbent    BestBd   Gap | It/Node Time

     0     0 1909.13046    0  359 1572.00000 1909.13046  21.4%     -   16s
H    0     0                    1622.0000000 1909.13046  17.7%     -   17s
H    0     0                    1648.0000000 1909.13046  15.8%     -   17s
H    0     0                    1649.0000000 1878.46775  13.9%     -   18s
H    0     0                    1651.0000000 1878.46775  13.8%     -   18s
     0     0 1878.46775    0  560 1651.00000 1878.46775  13.8%     -   18s
H    0     0                    1658.0000000 1878.46775  13.3%     -   18s
     0     0 1864.52281    0  556 1658.00000 1864.52281  12.5%     -   18s
     0     0 1864.52281    0  569 1658.00000 1864.52281  12.5%     -   18s
     0     0 1864.52281    0  576 1658.00000 1864.52281  12.5%     -   18s
     0     0 1864.52281    0  581 1658.00000 1864.52281  12.5%     -   18s
     0     0 1864.52281    0  583 1658.00000 1864.52281  12.5%     -   19s
H    0     0                    1665.0000000 1864.52281  12.0%     -   20s
H    0     0                    1673.0000000 1864.52281  11.4%     -   20s
H    0     0                    1675.0000001 1857.42104  10.9%     -   21s
     0     0 1857.42104    0  682 1675.00000 1857.42104  10.9%     -   21s
     0     0 1850.71374    0  675 1675.00000 1850.71374  10.5%     -   21s
     0     0 1849.23709    0  716 1675.00000 1849.23709  10.4%     -   22s
     0     0 1848.90598    0  722 1675.00000 1848.90598  10.4%     -   22s
     0     0 1848.80863    0  733 1675.00000 1848.80863  10.4%     -   22s
     0     0 1848.79997    0  737 1675.00000 1848.79997  10.4%     -   22s
H    0     0                    1678.0000000 1848.79997  10.2%     -   24s
H    0     0                    1679.0000000 1848.79997  10.1%     -   24s
H    0     0                    1716.0000000 1848.79997  7.74%     -   24s
H    0     0                    1717.0000000 1848.79997  7.68%     -   24s
H    0     0                    1727.0000000 1848.79997  7.05%     -   24s
H    0     0                    1728.0000000 1842.30970  6.62%     -   25s
     0     0 1842.30970    0  802 1728.00000 1842.30970  6.62%     -   25s
H    0     0                    1738.0000000 1842.30970  6.00%     -   25s
     0     0 1839.72986    0  805 1738.00000 1839.72986  5.85%     -   26s
     0     0 1838.94977    0  835 1738.00000 1838.94977  5.81%     -   26s
     0     0 1838.69444    0  848 1738.00000 1838.69444  5.79%     -   26s
     0     0 1838.62344    0  857 1738.00000 1838.62344  5.79%     -   26s
     0     0 1838.59156    0  869 1738.00000 1838.59156  5.79%     -   26s
     0     0 1838.58608    0  876 1738.00000 1838.58608  5.79%     -   26s
     0     0 1835.51379    0  845 1738.00000 1835.51379  5.61%     -   29s
H    0     0                    1741.0000000 1835.51379  5.43%     -   29s
     0     0 1834.13409    0  884 1741.00000 1834.13409  5.35%     -   29s
     0     0 1833.42186    0  857 1741.00000 1833.42186  5.31%     -   30s
     0     0 1833.20816    0  886 1741.00000 1833.20816  5.30%     -   30s
     0     0 1833.12503    0  886 1741.00000 1833.12503  5.29%     -   30s
     0     0 1833.07261    0  881 1741.00000 1833.07261  5.29%     -   30s
     0     0 1833.05477    0  904 1741.00000 1833.05477  5.29%     -   30s
H    0     0                    1747.0000000 1830.43432  4.78%     -   33s
     0     0 1830.43432    0  865 1747.00000 1830.43432  4.78%     -   33s
H    0     0                    1755.0000000 1830.43432  4.30%     -   33s
     0     0 1829.54063    0  882 1755.00000 1829.54063  4.25%     -   33s
     0     0 1829.18146    0  932 1755.00000 1829.18146  4.23%     -   34s
     0     0 1829.00656    0  944 1755.00000 1829.00656  4.22%     -   34s
     0     0 1828.96373    0  953 1755.00000 1828.96373  4.21%     -   34s
     0     0 1828.95014    0  968 1755.00000 1828.95014  4.21%     -   34s
     0     0 1827.82578    0  906 1755.00000 1827.82578  4.15%     -   35s
     0     0 1827.45540    0  909 1755.00000 1827.45540  4.13%     -   35s
     0     0 1827.27806    0  918 1755.00000 1827.27806  4.12%     -   36s
     0     0 1827.15320    0  933 1755.00000 1827.15320  4.11%     -   36s
     0     0 1827.06005    0  944 1755.00000 1827.06005  4.11%     -   36s
     0     0 1827.03296    0  950 1755.00000 1827.03296  4.10%     -   36s
     0     0 1825.69067    0  923 1755.00000 1825.69067  4.03%     -   38s
     0     0 1825.19996    0  939 1755.00000 1825.19996  4.00%     -   39s
     0     0 1824.95503    0  941 1755.00000 1824.95503  3.99%     -   39s
     0     0 1824.83668    0  967 1755.00000 1824.83668  3.98%     -   39s
     0     0 1824.78863    0  968 1755.00000 1824.78863  3.98%     -   39s
     0     0 1824.76163    0  987 1755.00000 1824.76163  3.98%     -   40s
     0     0 1823.70228    0  937 1755.00000 1823.70228  3.91%     -   41s
     0     0 1823.31041    0  942 1755.00000 1823.31041  3.89%     -   42s
     0     0 1823.11360    0  972 1755.00000 1823.11360  3.88%     -   42s
     0     0 1823.03502    0  953 1755.00000 1823.03502  3.88%     -   42s
     0     0 1823.00171    0  987 1755.00000 1823.00171  3.87%     -   43s
     0     0 1822.29461    0  958 1755.00000 1822.29461  3.83%     -   44s
H    0     0                    1757.0000000 1822.29461  3.72%     -   45s
     0     0 1822.05134    0  984 1757.00000 1822.05134  3.70%     -   45s
     0     0 1821.93190    0 1020 1757.00000 1821.93190  3.70%     -   46s
     0     0 1821.86317    0 1024 1757.00000 1821.86317  3.69%     -   46s
     0     0 1821.81198    0 1016 1757.00000 1821.81198  3.69%     -   46s
     0     0 1821.79483    0 1019 1757.00000 1821.79483  3.69%     -   46s
     0     0 1821.32488    0 1001 1757.00000 1821.32488  3.66%     -   48s
     0     0 1821.11465    0 1036 1757.00000 1821.11465  3.65%     -   49s
     0     0 1821.03220    0 1026 1757.00000 1821.03220  3.64%     -   49s
     0     0 1820.98371    0 1045 1757.00000 1820.98371  3.64%     -   49s
     0     0 1820.95226    0 1048 1757.00000 1820.95226  3.64%     -   49s
     0     0 1820.63797    0 1028 1757.00000 1820.63797  3.62%     -   50s
     0     0 1820.53643    0 1050 1757.00000 1820.53643  3.62%     -   50s
     0     0 1820.48131    0 1047 1757.00000 1820.48131  3.61%     -   51s
     0     0 1820.43009    0 1034 1757.00000 1820.43009  3.61%     -   51s
     0     0 1820.40610    0 1053 1757.00000 1820.40610  3.61%     -   51s
     0     0 1820.21420    0 1021 1757.00000 1820.21420  3.60%     -   51s
     0     0 1820.11580    0 1041 1757.00000 1820.11580  3.59%     -   52s
     0     0 1820.08614    0 1066 1757.00000 1820.08614  3.59%     -   52s
     0     0 1819.80539    0 1014 1757.00000 1819.80539  3.57%     -   54s
     0     0 1819.67711    0 1048 1757.00000 1819.67711  3.57%     -   55s
     0     0 1819.62699    0 1047 1757.00000 1819.62699  3.56%     -   55s
     0     0 1819.59336    0 1086 1757.00000 1819.59336  3.56%     -   55s
     0     0 1819.46697    0 1042 1757.00000 1819.46697  3.56%     -   56s
     0     0 1819.46697    0 1028 1757.00000 1819.46697  3.56%     -   56s
     0     2 1819.46036    0 1023 1757.00000 1819.46036  3.55%     -   57s
    31    38 1817.15578    7 1033 1757.00000 1818.96152  3.53%   543   60s
H   35    38                    1758.0000000 1818.96152  3.47%   507   60s
H  100   110                    1759.0000000 1818.96152  3.41%   325   63s
H  123   127                    1760.0000000 1818.96152  3.35%   301   64s
   146   164 1815.52044   19  919 1760.00000 1818.96152  3.35%   282   65s
H  215   224                    1777.0000000 1818.96152  2.36%   235   67s
H  251   287                    1780.0000000 1818.96152  2.19%   222   68s
H  319   350                    1781.0000000 1818.96152  2.13%   197   69s
H  328   350                    1782.0000000 1818.96152  2.07%   193   69s
   400   428 1811.74469   62  708 1782.00000 1818.96152  2.07%   172   70s
H  489   515                    1783.0000000 1818.96152  2.02%   153   71s
   882   941 1807.94435  129  579 1783.00000 1818.96152  2.02%   120   75s
H  891   941                    1785.0000000 1818.96152  1.90%   120   75s
H 1013  1032                    1787.0000000 1818.96152  1.79%   116   76s
H 1336  1407                    1789.0000000 1818.96152  1.67%   105   78s
  1759  1885 1799.08427  254  296 1789.00000 1818.96152  1.67%  94.4   80s
  2363  2304 1814.46225   11  995 1789.00000 1818.56267  1.65%  88.5   85s
  2423  2336 1795.21688  270 1028 1789.00000 1818.56267  1.65%  93.1   91s
  2427  2339 1815.08522   21  730 1789.00000 1818.56267  1.65%  93.0   95s
  2443  2349 1814.52082   25  952 1789.00000 1818.03539  1.62%  92.3  102s
  2454  2357 1795.70212  159 1086 1789.00000 1816.98104  1.56%  91.9  105s
  2468  2366 1807.27532   56 1097 1789.00000 1813.87001  1.39%  91.4  111s
  2471  2368 1799.00912  250 1042 1789.00000 1812.26585  1.30%  91.3  115s
  2485  2377 1804.57512  173 1058 1789.00000 1810.92514  1.23%  90.8  121s
  2499  2387 1793.49563  317 1159 1789.00000 1810.20394  1.19%  90.3  125s
  2510  2394 1809.04450   15 1185 1789.00000 1809.04450  1.12%  89.9  131s
  2515  2397 1799.38027  142 1128 1789.00000 1808.17573  1.07%  89.7  135s
  2525  2404 1795.07404  180 1095 1789.00000 1807.70659  1.05%  89.3  140s
  2535  2411 1795.90283  309 1072 1789.00000 1807.08240  1.01%  89.0  146s
  2545  2417 1795.48780  249 1199 1789.00000 1806.77670  0.99%  88.6  150s
  2552  2422 1796.16235  157 1157 1789.00000 1806.36780  0.97%  88.4  156s
  2556  2425 1806.08948   14 1147 1789.00000 1806.08948  0.96%  88.3  160s
  2563  2429 1790.99958  196 1103 1789.00000 1805.92022  0.95%  88.0  166s
  2571  2435 1799.00912  250 1164 1789.00000 1805.76429  0.94%  87.7  170s
  2578  2439 1800.12808   90 1169 1789.00000 1805.58065  0.93%  87.5  175s
  2586  2445 1803.16229  143 1223 1789.00000 1805.35341  0.91%  87.2  180s
  2589  2447 1799.38464  246 1149 1789.00000 1805.16456  0.90%  87.1  185s
  2595  2451 1805.04672   28 1157 1789.00000 1805.04672  0.90%  86.9  192s
  2603  2456 1797.66630  230 1213 1789.00000 1804.95371  0.89%  86.7  197s
  2607  2459 1794.80369  171 1172 1789.00000 1804.83387  0.89%  86.5  200s
  2618  2466 1799.97290  235 1150 1789.00000 1804.71724  0.88%  86.2  205s
  2630  2474 1797.85449  208 1160 1789.00000 1804.58334  0.87%  85.8  210s
  2638  2479 1804.51036   82 1187 1789.00000 1804.51036  0.87%  85.5  215s
  2648  2486 1799.27404  140 1231 1789.00000 1804.43940  0.86%  85.2  220s
  2654  2491 1795.70212  159 1028 1789.00000 1804.42390  0.86%   119  226s
  2658  2494 1804.42390   56  722 1789.00000 1804.42390  0.86%   119  230s
  2668  2500 1804.42390   56 1138 1789.00000 1804.42390  0.86%   118  235s
  2672  2503 1797.74846  226 1132 1789.00000 1804.35901  0.86%   118  241s
  2675  2505 1804.28541  116 1140 1789.00000 1804.28541  0.85%   118  245s
  2681  2509 1804.18399   14 1121 1789.00000 1804.18399  0.85%   118  250s
  2687  2513 1804.07670   83 1135 1789.00000 1804.07670  0.84%   117  255s
  2692  2516 1803.97227   12 1134 1789.00000 1803.97227  0.84%   117  260s
  2699  2521 1793.49563  317 1191 1789.00000 1803.84693  0.83%   117  265s
  2708  2527 1803.64212    7 1197 1789.00000 1803.64212  0.82%   116  270s
  2719  2534 1792.60519  178 1196 1789.00000 1803.52004  0.81%   116  276s
  2726  2539 1792.31915  153 1202 1789.00000 1803.38265  0.80%   116  281s
  2731  2542 1803.29390  133 1192 1789.00000 1803.29390  0.80%   115  286s
  2736  2546 1803.23460   96 1183 1789.00000 1803.23460  0.80%   115  290s
  2741  2549 1796.12046  239 1192 1789.00000 1803.19793  0.79%   115  295s
  2743  2550 1803.15968   25 1172 1789.00000 1803.15968  0.79%   115  300s
  2746  2552 1803.12966    9 1168 1789.00000 1803.12966  0.79%   115  307s
  2750  2555 1803.08969   15 1190 1789.00000 1803.08969  0.79%   115  311s
  2755  2558 1791.67911  324 1186 1789.00000 1803.02096  0.78%   114  315s
  2760  2562 1802.97578   40 1167 1789.00000 1802.97578  0.78%   114  320s
  2766  2566 1802.93380   54 1178 1789.00000 1802.93380  0.78%   114  325s
  2768  2570 1802.90461   28 1144 1789.00000 1802.90461  0.78%   130  330s
  2798  2595 1801.35560   32 1125 1789.00000 1802.44694  0.75%   135  335s
  2878  2652 1799.10181   40 1138 1789.00000 1802.10723  0.73%   142  340s
  2982  2722 1797.79810   46 1073 1789.00000 1802.10723  0.73%   146  345s
  3110  2802 1798.71085   55 1016 1789.00000 1802.10723  0.73%   146  351s
  3249  2932 1797.98272   67  995 1789.00000 1802.10723  0.73%   149  355s
  3452  3053 1796.53634   82  863 1789.00000 1802.10723  0.73%   154  360s
  3667  3212 1794.87271  103  806 1789.00000 1802.10723  0.73%   159  365s
  3984  3365 1791.03693  132  617 1789.00000 1802.10723  0.73%   156  370s
  4189  3454 1801.33926   34 1153 1789.00000 1802.04882  0.73%   156  375s
  4230  3476 1800.86957   37 1050 1789.00000 1802.04882  0.73%   157  402s
  4356  3560 1798.30802   48  978 1789.00000 1802.04882  0.73%   157  406s
  4468  3588 1793.46255   75  710 1789.00000 1802.04882  0.73%   160  410s
  4606  3670 1800.35116   37 1047 1789.00000 1801.93166  0.72%   167  416s
  4709  3725 1798.58557   41  985 1789.00000 1801.93166  0.72%   172  421s
  4824  3831 1790.85211   51  827 1789.00000 1801.93166  0.72%   176  425s
  4915  3845 1790.26550   58  794 1789.00000 1801.80277  0.72%   177  436s
  5051  3967 1794.47959   49 1022 1789.00000 1801.76686  0.71%   181  442s
  5156  3972 1800.94202   38 1170 1789.00000 1801.76686  0.71%   183  445s
  5340  4078 1794.18706   71  761 1789.00000 1801.76686  0.71%   188  451s
  5457  4095 1792.06268   90  543 1789.00000 1801.75618  0.71%   190  455s
  5622  4221 1797.79676   47  978 1789.00000 1801.75618  0.71%   195  462s
  5749  4327 1795.11783   66  758 1789.00000 1801.75618  0.71%   195  465s
  6098  4405 1801.23290   40 1143 1789.00000 1801.70302  0.71%   196  474s
  6160  4448 1800.97679   42 1105 1789.00000 1801.70302  0.71%   200  478s
  6224  4522 1798.59803   45 1064 1789.00000 1801.70302  0.71%   204  483s
  6322  4540 1795.03831   49 1026 1789.00000 1801.70302  0.71%   207  487s
  6417  4558 1793.87868   51 1006 1789.00000 1801.70302  0.71%   211  492s
  6529  4595 1790.56237   56  878 1789.00000 1801.68415  0.71%   214  497s
  6631  4644 1800.08643   45 1108 1789.00000 1801.65877  0.71%   216  503s
  6751  4655 1796.03288   56  995 1789.00000 1801.56356  0.70%   219  508s
  6836  4721 1797.81784   48 1109 1789.00000 1801.52642  0.70%   223  513s
  6942  4811 1791.79759   68  735 1789.00000 1801.50477  0.70%   226  519s
  7078  4913 1799.08716   57 1040 1789.00000 1801.50477  0.70%   228  525s
  7269  4967 1793.10274   90  694 1789.00000 1801.44007  0.70%   230  531s
  7423  5014 1800.52831   35 1139 1789.00000 1801.44007  0.70%   232  538s
  7556  5081 1793.21885   54  763 1789.00000 1801.36069  0.69%   235  545s
  7700  5107 1798.18965   56 1086 1789.00000 1801.36069  0.69%   238  552s
  7858  5135 1794.73721   65 1021 1789.00000 1801.33902  0.69%   241  560s
  7995  5269 1800.34878   48 1128 1789.00000 1801.33366  0.69%   245  568s
  8201  5298 1793.05704   84  740 1789.00000 1801.32572  0.69%   247  576s
  8358  5425 1796.46098   67 1024 1789.00000 1801.26989  0.69%   250  585s
  8569  5494 1798.87124   40 1158 1789.00000 1801.24611  0.68%   253  594s
  8745  5581 1799.74101   38 1143 1789.00000 1801.22978  0.68%   256  607s
  8918  5694 1798.41145   40 1117 1789.00000 1801.22978  0.68%   260  617s
  9130  5794 1796.46625   53  904 1789.00000 1801.22978  0.68%   263  626s
  9331  5900 1795.54880   56  801 1789.00000 1801.22978  0.68%   267  636s
  9534  6042 1793.51037   73  678 1789.00000 1801.22978  0.68%   270  646s
  9778  6186 1791.06829   93  507 1789.00000 1801.17406  0.68%   273  655s
 10030  6346 1794.89713   49  984 1789.00000 1801.16478  0.68%   275  666s
 10347  6417 1798.17455   45 1093 1789.00000 1801.13024  0.68%   277  678s
 10550  6666 1796.73976   59  799 1789.00000 1801.13024  0.68%   283  691s
 10888  6935 1791.62640   91  411 1789.00000 1801.10694  0.68%   286  704s
 11222  7161 1793.51496   53  986 1789.00000 1801.07801  0.68%   289  718s
 11510  7397 1793.72743   60  896 1789.00000 1801.07394  0.67%   292  733s
 11867  7644     cutoff   75      1789.00000 1801.03675  0.67%   294  749s
 12177  7880 1799.29695   38 1158 1789.00000 1801.01088  0.67%   297  766s
 12505  8208 1796.89082   54 1068 1789.00000 1800.99305  0.67%   299  786s
 12908  8527 1792.29315   85  546 1789.00000 1800.97803  0.67%   301  807s
 13293  8921 1796.70532   50 1037 1789.00000 1800.96755  0.67%   304  832s
 13799  9316 1799.46623   46 1109 1789.00000 1800.93829  0.67%   307  858s
 14293  9641 1790.21042   86  709 1789.00000 1800.91812  0.67%   310  886s
 14711  9939 1798.17608   48 1139 1789.00000 1800.88207  0.66%   316  920s
 15092 10299 1794.87141   67  781 1789.00000 1800.85556  0.66%   319  951s
 15590 10801 1796.19223   47  998 1789.00000 1800.82257  0.66%   325  985s
 16220 11394 1795.84108   53  987 1789.00000 1800.80070  0.66%   332 1018s
 16899 11794 1793.68582   56  847 1789.00000 1800.78339  0.66%   337 1054s
 17472 12375 1798.47185   47 1124 1789.00000 1800.77218  0.66%   343 1090s
 18190 12902 1798.12178   45 1128 1789.00000 1800.76608  0.66%   348 1128s
 18861 13437 1798.59917   38 1125 1789.00000 1800.74160  0.66%   352 1165s
 19550 13953 1798.35879   55 1036 1789.00000 1800.69500  0.65%   353 1217s
 20181 14500 1794.72715   55 1032 1789.00000 1800.67495  0.65%   358 1256s
 20876 15002 1795.46853   64  807 1789.00000 1800.63781  0.65%   361 1294s
 21443 15535 1793.43217   68  736 1789.00000 1800.63212  0.65%   367 1330s
 22236 15955 1795.06150   56  736 1789.00000 1800.60221  0.65%   366 1367s
 22858 16542 1796.55820   46  978 1789.00000 1800.56004  0.65%   367 1403s
 23577 17164 1796.03214   55  998 1789.00000 1800.54549  0.65%   370 1438s
 24403 17695 1796.56589   45  871 1789.00000 1800.53923  0.65%   371 1471s
 25139 17696 1793.59315   65 1028 1789.00000 1800.48703  0.64%   373 1761s
 25142 17698 1791.59168   71  647 1789.00000 1800.48703  0.64%   373 1765s
 25148 17702 1800.05913   38 1011 1789.00000 1800.48703  0.64%   372 1770s
 25160 17710 1790.80041   77 1125 1789.00000 1800.48703  0.64%   372 1775s
 25165 17713 1792.64849   94 1125 1789.00000 1800.48703  0.64%   372 1781s
 25169 17716 1793.96429   69 1117 1789.00000 1800.48703  0.64%   372 1785s
 25172 17718 1791.13319   85 1112 1789.00000 1800.48703  0.64%   372 1790s
 25177 17721 1799.79067   47 1139 1789.00000 1800.48703  0.64%   372 1798s
 25182 17725 1790.99260   94 1170 1789.00000 1800.48703  0.64%   372 1803s
 25183 17725 1792.72856   85 1120 1789.00000 1800.48703  0.64%   372 1808s
 25188 17729 1795.93879   56 1169 1789.00000 1800.48703  0.64%   372 1812s
 25189 17729 1793.49484  190 1091 1789.00000 1800.48703  0.64%   372 1816s
 25193 17732 1791.60218   67 1134 1789.00000 1800.48703  0.64%   372 1820s
 25194 17733 1800.15039   39 1121 1789.00000 1800.48703  0.64%   372 1826s
 25199 17736 1792.21694  105 1186 1789.00000 1800.48703  0.64%   372 1831s
 25200 17737 1794.35437   56 1145 1789.00000 1800.48703  0.64%   372 1835s
 25205 17740 1794.30725   64 1163 1789.00000 1800.48703  0.64%   372 1844s
 25208 17742 1798.20095   48 1206 1789.00000 1800.48703  0.64%   372 1845s
 25210 17743 1791.15515   84 1146 1789.00000 1800.48703  0.64%   371 1853s
 25212 17745 1794.14024   66 1202 1789.00000 1800.48703  0.64%   371 1857s
 25213 17745 1793.83052   57 1151 1789.00000 1800.48703  0.64%   371 1862s
 25217 17748 1792.07693   74 1211 1789.00000 1800.48703  0.64%   371 1866s
 25218 17749 1794.24750   55 1153 1789.00000 1800.48703  0.64%   371 1870s
 25223 17752 1793.53448   79 1145 1789.00000 1800.48703  0.64%   371 1878s
 25226 17754 1792.70287   73 1181 1789.00000 1800.48703  0.64%   371 1883s
 25227 17755 1790.80379  103 1170 1789.00000 1800.48703  0.64%   371 1887s
 25229 17756 1796.08382  124 1185 1789.00000 1800.48703  0.64%   371 1892s
 25230 17757 1797.65880   59 1143 1789.00000 1800.48703  0.64%   371 1898s
 25231 17757 1793.04917   80 1159 1789.00000 1800.48703  0.64%   371 1902s
 25232 17758 1794.41975   63 1120 1789.00000 1800.48703  0.64%   371 1906s
 25235 17760 1797.18575   44 1185 1789.00000 1800.48703  0.64%   371 1911s
 25236 17761 1790.81919   89 1147 1789.00000 1800.48703  0.64%   371 1915s
 25238 17762 1794.81215   52 1153 1789.00000 1800.48703  0.64%   371 1920s
 25240 17763 1796.23559   61 1143 1789.00000 1800.48703  0.64%   371 1926s
 25243 17765 1796.60450   49 1138 1789.00000 1800.48703  0.64%   371 1932s
 25246 17767 1795.81307   46 1150 1789.00000 1800.48703  0.64%   371 1938s
 25247 17768 1791.64164  128 1198 1789.00000 1800.48703  0.64%   371 1940s
 25249 17769 1796.41063   50 1157 1789.00000 1800.48703  0.64%   371 1947s
 25250 17770 1791.39805   86 1139 1789.00000 1800.48703  0.64%   371 1950s
 25252 17771 1795.24829   44 1131 1789.00000 1800.48703  0.64%   371 1956s
 25254 17773 1795.72389   54 1127 1789.00000 1800.48703  0.64%   371 1962s
 25255 17773 1793.83564   49 1178 1789.00000 1800.48703  0.64%   371 1965s
 25257 17775 1792.31473   83 1181 1789.00000 1800.48703  0.64%   371 1971s
 25259 17776 1795.41951   52 1166 1789.00000 1800.48703  0.64%   371 1977s
 25260 17777 1790.80041   77 1144 1789.00000 1800.48703  0.64%   371 1981s
 25262 17778 1792.13130   76 1143 1789.00000 1800.48703  0.64%   371 1987s
 25264 17779 1791.54943   56 1142 1789.00000 1800.48703  0.64%   371 1993s
 25265 17780 1792.64849   94 1147 1789.00000 1800.48703  0.64%   371 1996s
 25267 17781 1796.36449   62 1189 1789.00000 1800.48703  0.64%   371 2002s
 25268 17782 1792.47638   89 1154 1789.00000 1800.48703  0.64%   371 2006s
 25270 17783 1793.18419   75 1145 1789.00000 1800.48703  0.64%   371 2013s
 25272 17785 1791.13319   85 1189 1789.00000 1800.48703  0.64%   371 2016s
 25274 17786 1790.42216   70 1210 1789.00000 1800.48703  0.64%   371 2022s
 25275 17787 1795.73389   66 1151 1789.00000 1800.48703  0.64%   371 2025s
 25277 17788 1799.79067   47 1145 1789.00000 1800.48703  0.64%   371 2032s
 25278 17789 1792.80575   77 1169 1789.00000 1800.48703  0.64%   370 2035s
 25281 17791 1794.81106   47 1172 1789.00000 1800.48703  0.64%   370 2041s
 25283 17792 1792.72856   85 1188 1789.00000 1800.48703  0.64%   370 2047s
 25284 17793 1796.79644   59 1150 1789.00000 1800.48703  0.64%   370 2050s
 25286 17794 1794.07828   82 1127 1789.00000 1800.48703  0.64%   370 2057s
 25288 17795 1795.93879   56 1137 1789.00000 1800.48703  0.64%   370 2063s
 25289 17796 1793.49484  190 1183 1789.00000 1800.48703  0.64%   370 2065s
 25291 17797 1796.31497   73 1180 1789.00000 1800.48703  0.64%   370 2072s
 25292 17798 1799.90554   36 1138 1789.00000 1800.48703  0.64%   370 2075s
 25295 17800 1796.98394   98 1139 1789.00000 1800.48703  0.64%   370 2081s
 25297 17801 1797.62900   51 1165 1789.00000 1800.48703  0.64%   370 2088s
 25298 17802 1792.80865   56 1199 1789.00000 1800.48703  0.64%   370 2090s
 25300 17803 1794.35437   56 1197 1789.00000 1800.48703  0.64%   370 2097s
 25301 17804 1795.93925   53 1179 1789.00000 1800.48703  0.64%   370 2100s
 25303 17805 1797.06618   52 1181 1789.00000 1800.48703  0.64%   370 2106s
 25305 17807 1794.30725   64 1179 1789.00000 1800.48703  0.64%   370 2112s
 25306 17807 1799.92088   42 1204 1789.00000 1800.48703  0.64%   370 2115s
 25308 17809 1798.20095   48 1191 1789.00000 1800.48703  0.64%   370 2121s
 25310 17810 1791.15515   84 1219 1789.00000 1800.48703  0.64%   370 2127s
 25311 17811 1793.04373  127 1168 1789.00000 1800.48703  0.64%   370 2131s
 25313 17812 1793.83052   57 1155 1789.00000 1800.48703  0.64%   370 2137s
 25315 17813 1790.12788  133 1164 1789.00000 1800.48703  0.64%   370 2142s
 25316 17814 1792.48385   74 1168 1789.00000 1800.48703  0.64%   370 2145s
 25318 17815 1794.24750   55 1170 1789.00000 1800.48703  0.64%   370 2151s
 25319 17816 1798.83928   56 1134 1789.00000 1800.48703  0.64%   370 2155s
 25321 17817 1797.52091   78 1190 1789.00000 1800.48703  0.64%   370 2160s
 25323 17819 1793.53448   79 1176 1789.00000 1800.48703  0.64%   370 2166s
 25325 17820 1792.19663   74 1170 1789.00000 1800.48703  0.64%   370 2172s
 25326 17821 1792.70287   73 1205 1789.00000 1800.48703  0.64%   370 2175s
 25328 17822 1791.54348   65 1197 1789.00000 1800.48703  0.64%   370 2181s
 25329 17823 1796.08382  124 1155 1789.00000 1800.48703  0.64%   370 2185s
 25331 17824 1793.04917   80 1156 1789.00000 1800.48703  0.64%   370 2191s
 25333 17825 1792.68899   93 1166 1789.00000 1800.48703  0.64%   370 2197s
 25334 17826 1790.18377   89 1194 1789.00000 1800.48703  0.64%   370 2200s
 25336 17827 1790.81919   89 1200 1789.00000 1800.48703  0.64%   370 2206s
 25338 17829 1794.81215   52 1202 1789.00000 1800.48703  0.64%   370 2212s
 25339 17829 1793.59315   65 1188 1789.00000 1800.48703  0.64%   370 2215s
 25341 17831 1796.54789   55 1185 1789.00000 1800.48703  0.64%   370 2221s
 25343 17832 1796.60450   49 1182 1789.00000 1800.48703  0.64%   370 2227s
 25345 17833 1798.73441   51 1172 1789.00000 1800.48703  0.64%   370 2233s
 25346 17834 1795.81307   46 1200 1789.00000 1800.48703  0.64%   370 2235s
 25348 17835 1800.05913   38 1197 1789.00000 1800.48703  0.64%   369 2242s
 25349 17836 1796.41063   50 1173 1789.00000 1800.48703  0.64%   369 2245s
 25351 17837 1796.64366   48 1183 1789.00000 1800.48703  0.64%   369 2251s
 25353 17839 1793.09988   54 1177 1789.00000 1800.48703  0.64%   369 2257s
 25354 17839 1795.72389   54 1209 1789.00000 1800.48703  0.64%   369 2260s
 25356 17841 1795.46178   54 1212 1789.00000 1800.48703  0.64%   369 2266s
 25357 17841 1792.31473   83 1186 1789.00000 1800.48703  0.64%   369 2270s
 25359 17843 1795.41951   52 1183 1789.00000 1800.48703  0.64%   369 2276s
 25361 17844 1797.92457   42 1191 1789.00000 1800.48703  0.64%   369 2281s
 25363 17845 1790.98194  154 1187 1789.00000 1800.48703  0.64%   369 2287s
 25364 17846 1791.54943   56 1210 1789.00000 1800.48703  0.64%   369 2290s
 25366 17847 1800.25727   62 1212 1789.00000 1800.48703  0.64%   369 2296s
 25368 17849 1792.47638   89 1212 1789.00000 1800.48703  0.64%   369 2302s
 25369 17849 1793.96429   69 1186 1789.00000 1800.48703  0.64%   369 2305s
 25371 17851 1793.38174   55 1197 1789.00000 1800.48703  0.64%   369 2311s
 25373 17852 1790.83162  138 1207 1789.00000 1800.48703  0.64%   369 2318s
 25374 17853 1790.42216   70 1215 1789.00000 1800.48703  0.64%   369 2321s
 25376 17854 1792.96929   63 1197 1789.00000 1800.48703  0.64%   369 2328s
 25377 17855 1799.79067   47 1188 1789.00000 1800.48703  0.64%   369 2332s
 25378 17855 1792.80575   77 1208 1789.00000 1800.48703  0.64%   369 2335s
 25379 17856 1792.74538   61 1172 1789.00000 1800.48703  0.64%   369 2340s
 25381 17857 1794.81106   47 1187 1789.00000 1800.48703  0.64%   369 2347s
 25382 17858 1790.99260   94 1204 1789.00000 1800.48703  0.64%   369 2350s
 25384 17859 1796.79644   59 1205 1789.00000 1800.48703  0.64%   369 2356s
 25385 17860 1793.40098   79 1172 1789.00000 1800.48703  0.64%   369 2360s
 25387 17861 1790.92331  136 1166 1789.00000 1800.48703  0.64%   369 2367s
 25389 17863 1793.49484  190 1185 1789.00000 1800.48703  0.64%   369 2373s
 25390 17863 1791.82903   97 1208 1789.00000 1800.48703  0.64%   369 2376s
 25391 17864 1796.31497   73 1180 1789.00000 1800.48703  0.64%   369 2380s
 25393 17865 1791.60218   67 1191 1789.00000 1800.48703  0.64%   369 2386s
 25395 17867 1796.98394   98 1188 1789.00000 1800.48703  0.64%   369 2392s
 25396 17867 1792.25562   80 1212 1789.00000 1800.48703  0.64%   369 2395s
 25398 17869 1792.80865   56 1215 1789.00000 1800.48703  0.64%   369 2401s
 25400 17870 1794.35437   56 1207 1789.00000 1800.48703  0.64%   369 2407s
 25401 17871 1795.93925   53 1184 1789.00000 1800.48703  0.64%   369 2411s
 25403 17872 1797.06618   52 1189 1789.00000 1800.48703  0.64%   369 2417s
 25404 17873 1795.65537   57 1206 1789.00000 1800.48703  0.64%   369 2420s
 25406 17874 1799.92088   42 1209 1789.00000 1800.48703  0.64%   369 2426s
 25407 17875 1797.77718   44 1185 1789.00000 1800.48703  0.64%   369 2430s
 25408 17875 1798.20095   48 1185 1789.00000 1800.48703  0.64%   369 2456s
 25409 17879 1800.48703   43 1078 1789.00000 1800.48703  0.64%   372 2468s
 25411 17882 1800.34383   44 1095 1789.00000 1800.48703  0.64%   372 2482s
 25415 17887 1800.12808   45 1109 1789.00000 1800.48703  0.64%   372 2497s
 25421 17891 1799.81116   46 1135 1789.00000 1800.48703  0.64%   372 2504s
 25427 17895 1799.20965   46 1140 1789.00000 1800.47368  0.64%   372 2505s
 25457 17921 1799.11902   49 1127 1789.00000 1800.46323  0.64%   372 2510s
 25512 17952 1798.08833   53 1056 1789.00000 1800.46323  0.64%   372 2516s
 25548 17976 1797.08039   56 1001 1789.00000 1800.46323  0.64%   372 2527s
 25598 18023 1796.69203   60  927 1789.00000 1800.46323  0.64%   372 2530s
 25717 18121 1795.52902   71  749 1789.00000 1800.46323  0.64%   372 2536s
 25898 18259 1793.68772   87  628 1789.00000 1800.46323  0.64%   371 2541s
 26043 18331 1792.20269  102  553 1789.00000 1800.46323  0.64%   370 2545s
 26212 18437 1790.89332  118  406 1789.00000 1800.46323  0.64%   369 2550s
 26372 18521 1797.04098   55 1033 1789.00000 1800.46290  0.64%   368 2555s
 26601 18590 1792.91513   88  579 1789.00000 1800.46290  0.64%   366 2560s
 26739 18619 1798.59108   51 1096 1789.00000 1800.35999  0.63%   366 2565s
 26901 18735     cutoff   59      1789.00000 1800.27029  0.63%   366 2571s
 27043 18794 1797.31707   62  903 1789.00000 1800.27029  0.63%   365 2576s
 27198 18852 1799.16401   48 1156 1789.00000 1800.25610  0.63%   365 2582s
 27320 18940 1796.87538   63  910 1789.00000 1800.25610  0.63%   365 2587s
 27413 18988 1793.87617   78  695 1789.00000 1800.25610  0.63%   365 2590s
 27523 19005 1791.32581  105  432 1789.00000 1800.25610  0.63%   364 2600s
 27661 19128 1797.76517   54 1065 1789.00000 1799.98601  0.61%   365 2605s
 27916 19215 1792.00616   85  601 1789.00000 1799.84448  0.61%   364 2613s
 28014 19250 1799.15861   51 1168 1789.00000 1799.84448  0.61%   363 2617s
 28098 19300 1796.80819   61  912 1789.00000 1799.84448  0.61%   364 2621s
 28304 19398 1790.68635   93  602 1789.00000 1799.80668  0.60%   364 2628s
 28399 19448 1795.99167   52 1075 1789.00000 1799.80668  0.60%   364 2632s
 28494 19505 1794.59549   55 1107 1789.00000 1799.80668  0.60%   364 2637s
 28596 19578 1794.30475   60  970 1789.00000 1799.80668  0.60%   365 2642s
 28732 19625 1792.94868   66  781 1789.00000 1799.80668  0.60%   365 2647s
 28847 19697 1790.48761   83  643 1789.00000 1799.60973  0.59%   365 2652s
 28997 19758 1796.71232   54  992 1789.00000 1799.58923  0.59%   365 2657s
 29138 19834 1792.70650   67  802 1789.00000 1799.58150  0.59%   365 2663s
 29297 19884 1796.94728   51 1139 1789.00000 1799.54720  0.59%   365 2669s
 29432 19948 1794.09644   62  979 1789.00000 1799.47428  0.59%   366 2676s
 29635 20030 1797.63507   52 1031 1789.00000 1799.47034  0.59%   365 2683s
 29817 20052 1790.57624   81  680 1789.00000 1799.44392  0.58%   365 2690s
 29965 20102 1792.73132   55 1114 1789.00000 1799.38776  0.58%   366 2696s
 30069 20132 1790.88791   64  933 1789.00000 1799.37247  0.58%   367 2704s
 30207 20232 1794.33094   61  942 1789.00000 1799.30691  0.58%   368 2711s
 30370 20278 1796.55147   56 1064 1789.00000 1799.27849  0.57%   368 2719s
 30516 20406 1794.16755   62  878 1789.00000 1799.23777  0.57%   369 2728s
 30741 20464 1797.23025   50 1110 1789.00000 1799.23777  0.57%   369 2736s
 30934 20553 1791.03090   73  767 1789.00000 1799.16138  0.57%   369 2745s
 31110 20749 1794.94172   63  855 1789.00000 1799.15414  0.57%   370 2753s
 31410 20814 1795.38852   61  949 1789.00000 1799.14762  0.57%   370 2763s
 31652 20944 1795.70664   56 1020 1789.00000 1799.08344  0.56%   370 2773s
 31912 20972 1794.26709   55 1067 1789.00000 1799.05002  0.56%   370 2783s
 32081 21084 1798.40745   50 1099 1789.00000 1799.05002  0.56%   372 2793s
 32278 21030 1796.06903   63  747 1789.00000 1799.05002  0.56%   373 2827s
 32298 21193 1795.90713   64  670 1789.00000 1799.05002  0.56%   373 2841s
 32488 21305 1792.00058   92  475 1789.00000 1799.00931  0.56%   373 2852s
 32768 21447 1796.46280   56  981 1789.00000 1798.92045  0.55%   374 2863s
 33066 21526 1796.39145   54 1085 1789.00000 1798.89339  0.55%   374 2874s
 33293 21632     cutoff   84      1789.00000 1798.86778  0.55%   375 2886s
 33572 21815 1794.61808   61  943 1789.00000 1798.79890  0.55%   376 2899s
 33930 21863 1792.51955   68  759 1789.00000 1798.76816  0.55%   376 2914s
 34197 22050 1795.72776   59  942 1789.00000 1798.71784  0.54%   377 2929s
 34503 22222 1791.65367   84  526 1789.00000 1798.70701  0.54%   379 2945s
 34917 22325 1791.56294   77  861 1789.00000 1798.67639  0.54%   379 2960s
 35249 22518 1797.71231   50 1146 1789.00000 1798.63764  0.54%   380 2977s
 35654 22612 1795.43900   57 1020 1789.00000 1798.60363  0.54%   381 2994s
 35942 22773 1791.00586   75  755 1789.00000 1798.58836  0.54%   383 3013s
 36311 22908 1794.61992   59  945 1789.00000 1798.54898  0.53%   384 3032s
 36605 23147 1791.16804   86  593 1789.00000 1798.53099  0.53%   386 3052s
 37073 23258 1795.00404   58  918 1789.00000 1798.49331  0.53%   387 3072s
 37451 23368 1791.65324   66  956 1789.00000 1798.45583  0.53%   388 3096s
 37872 23554 1795.76510   54 1027 1789.00000 1798.41591  0.53%   390 3124s
 38334 23774 1796.44167   53 1044 1789.00000 1798.35809  0.52%   392 3156s
 38834 24023 1795.37480   62 1011 1789.00000 1798.33873  0.52%   395 3190s
 39418 24293 1791.07954   94  559 1789.00000 1798.29178  0.52%   398 3226s
 40077 24544 1792.66044   66  827 1789.00000 1798.23374  0.52%   401 3265s
 40724 24848 1793.91095   66  863 1789.00000 1798.18439  0.51%   403 3303s
 41479 25074 1794.00917   66  831 1789.00000 1798.12394  0.51%   406 3342s
 42138 25310 1791.39061   60 1036 1789.00000 1798.08460  0.51%   409 3382s
 42788 25559 1795.10859   58  896 1789.00000 1798.05446  0.51%   412 3424s
 43374 25853     cutoff   70      1789.00000 1798.02843  0.50%   414 3465s
 44064 26016 1793.92520   64  903 1789.00000 1797.99555  0.50%   417 3507s
 44678 26340 1793.19873   58  999 1789.00000 1797.96184  0.50%   420 3567s
 45394 26454 1792.10782   69  800 1789.00000 1797.92787  0.50%   423 3600s

Cutting planes:
  Gomory: 71
  Lift-and-project: 306
  Cover: 33
  Implied bound: 4
  Clique: 7
  MIR: 707
  StrongCG: 50
  Flow cover: 1813
  GUB cover: 353
  Inf proof: 1
  Zero half: 8
  RLT: 204
  Relax-and-lift: 69

Explored 45863 nodes (19515840 simplex iterations) in 3600.16 seconds (6620.75 work units)
Thread count was 12 (of 12 available processors)

Solution count 10: 1789 1787 1785 ... 1759

Time limit reached
Best objective 1.789000000000e+03, best bound 1.797000000000e+03, gap 0.4472%

Gurobi 9.5.0 (win64) logging started Sat Mar 26 13:17:20 2022

Set parameter LogFile to value "../results/logs/log_2022_03_26_12_17.csv_27_250.log"
Gurobi Optimizer version 9.5.0 build v9.5.0rc5 (win64)
Thread count: 6 physical cores, 12 logical processors, using up to 12 threads
Optimize a model with 1293 rows, 8078 columns and 57438 nonzeros
Model fingerprint: 0x59df775f
Variable types: 0 continuous, 8078 integer (8078 binary)
Coefficient statistics:
  Matrix range     [1e+00, 3e+01]
  Objective range  [1e+00, 1e+00]
  Bounds range     [1e+00, 1e+00]
  RHS range        [1e+00, 3e+02]
Found heuristic solution: objective 1293.0000000
Presolve removed 978 rows and 6918 columns
Presolve time: 0.05s
Presolved: 315 rows, 1160 columns, 4616 nonzeros
Found heuristic solution: objective 1689.0000000
Variable types: 0 continuous, 1160 integer (1024 binary)
Found heuristic solution: objective 1694.0000000

Root relaxation: objective 1.863386e+03, 565 iterations, 0.01 seconds (0.00 work units)

    Nodes    |    Current Node    |     Objective Bounds      |     Work
 Expl Unexpl |  Obj  Depth IntInf | Incumbent    BestBd   Gap | It/Node Time

     0     0 1863.38564    0  153 1694.00000 1863.38564  10.0%     -    0s
H    0     0                    1781.0000000 1863.38564  4.63%     -    0s
H    0     0                    1795.0000000 1863.38564  3.81%     -    0s
H    0     0                    1796.0000000 1863.38564  3.75%     -    0s
H    0     0                    1799.0000000 1847.14371  2.68%     -    0s
H    0     0                    1800.0000000 1847.14371  2.62%     -    0s
H    0     0                    1805.0000000 1847.14371  2.33%     -    0s
H    0     0                    1810.0000000 1847.14371  2.05%     -    0s
     0     0 1847.14371    0  291 1810.00000 1847.14371  2.05%     -    0s
     0     0 1845.26039    0  269 1810.00000 1845.26039  1.95%     -    0s
     0     0 1845.10317    0  279 1810.00000 1845.10317  1.94%     -    0s
     0     0 1845.06088    0  282 1810.00000 1845.06088  1.94%     -    0s
     0     0 1845.05745    0  289 1810.00000 1845.05745  1.94%     -    0s
H    0     0                    1813.0000000 1845.05745  1.77%     -    0s
H    0     0                    1814.0000000 1839.92834  1.43%     -    0s
     0     0 1839.92834    0  374 1814.00000 1839.92834  1.43%     -    0s
H    0     0                    1815.0000000 1838.37993  1.29%     -    0s
     0     0 1838.37993    0  382 1815.00000 1838.37993  1.29%     -    0s
H    0     0                    1816.0000000 1838.00458  1.21%     -    0s
     0     0 1838.00458    0  362 1816.00000 1838.00458  1.21%     -    0s
     0     0 1837.85488    0  363 1816.00000 1837.85488  1.20%     -    0s
     0     0 1837.82607    0  388 1816.00000 1837.82607  1.20%     -    0s
H    0     0                    1818.0000000 1836.43682  1.01%     -    0s
     0     0 1836.43682    0  408 1818.00000 1836.43682  1.01%     -    0s
H    0     0                    1820.0000000 1836.43682  0.90%     -    0s
     0     0 1835.90096    0  414 1820.00000 1835.90096  0.87%     -    0s
     0     0 1835.60724    0  424 1820.00000 1835.60724  0.86%     -    0s
     0     0 1835.56994    0  449 1820.00000 1835.56994  0.86%     -    0s
H    0     0                    1821.0000000 1835.56994  0.80%     -    0s
     0     0 1834.85511    0  416 1821.00000 1834.85511  0.76%     -    0s
     0     0 1834.49939    0  441 1821.00000 1834.49939  0.74%     -    0s
     0     0 1834.31469    0  452 1821.00000 1834.31469  0.73%     -    0s
     0     0 1834.19772    0  456 1821.00000 1834.19772  0.72%     -    0s
     0     0 1834.13402    0  465 1821.00000 1834.13402  0.72%     -    0s
     0     0 1834.11706    0  467 1821.00000 1834.11706  0.72%     -    0s
H    0     0                    1822.0000000 1834.11706  0.67%     -    0s
     0     0 1833.60522    0  467 1822.00000 1833.60522  0.64%     -    0s
H    0     0                    1823.0000000 1833.60522  0.58%     -    0s
     0     0 1833.33296    0  504 1823.00000 1833.33296  0.57%     -    0s
     0     0 1833.19597    0  490 1823.00000 1833.19597  0.56%     -    0s
     0     0 1833.14947    0  498 1823.00000 1833.14947  0.56%     -    0s
     0     0 1832.91766    0  471 1823.00000 1832.91766  0.54%     -    0s
     0     0 1832.91766    0  460 1823.00000 1832.91766  0.54%     -    0s
     0     2 1832.91730    0  451 1823.00000 1832.91730  0.54%     -    1s
H   31    42                    1824.0000000 1832.24625  0.45%   251    1s
H  368   375                    1825.0000000 1832.24625  0.40%  59.1    2s
H 1258  1047                    1826.0000000 1831.93010  0.32%  46.6    3s
  1351  1077 1829.08594   58  470 1826.00000 1830.42136  0.24%  46.0    5s
  2554  1351 1827.97617   29  382 1826.00000 1829.57328  0.20%  66.7   10s
  5269  1616 1827.41841   25  348 1826.00000 1828.35410  0.13%  78.3   15s
  8554  2451 1827.47812   35  322 1826.00000 1828.02047  0.11%  86.9   20s
 11718  2784     cutoff   40      1826.00000 1827.82288  0.10%  90.2   26s
 14590  2895 1827.17904   31  352 1826.00000 1827.69669  0.09%  92.9   30s
 16664  2843 1827.09472   32  239 1826.00000 1827.62774  0.09%  94.7   35s
 20067  2466     cutoff   43      1826.00000 1827.49166  0.08%  97.8   41s
 22845  1687 1827.11599   41  271 1826.00000 1827.38532  0.08%  99.0   45s

Cutting planes:
  Gomory: 54
  Cover: 111
  Implied bound: 13
  Projected implied bound: 2
  MIR: 266
  StrongCG: 36
  Flow cover: 474
  Zero half: 9
  RLT: 261
  Relax-and-lift: 21

Explored 27701 nodes (2674701 simplex iterations) in 49.59 seconds (40.93 work units)
Thread count was 12 (of 12 available processors)

Solution count 10: 1826 1825 1824 ... 1815

Optimal solution found (tolerance 1.00e-04)
Best objective 1.826000000000e+03, best bound 1.826000000000e+03, gap 0.0000%
