
Gurobi 9.5.0 (win64) logging started Tue Dec  7 12:32:14 2021

Set parameter LogFile to value "../results/logs/log_2021_12_07_12_26.csv_3_60.log"
Set parameter Method to value 3
Gurobi Optimizer version 9.5.0 build v9.5.0rc5 (win64)
Thread count: 6 physical cores, 12 logical processors, using up to 12 threads
Optimize a model with 5947 rows, 9882 columns and 44842 nonzeros
Model fingerprint: 0xae3be80d
Variable types: 4941 continuous, 4941 integer (4941 binary)
Coefficient statistics:
  Matrix range     [1e+00, 3e+00]
  Objective range  [1e+00, 1e+00]
  Bounds range     [1e+00, 1e+00]
  RHS range        [1e+00, 6e+01]
Found heuristic solution: objective 231.0000000
Presolve removed 2783 rows and 5534 columns
Presolve time: 0.06s
Presolved: 3164 rows, 4348 columns, 16843 nonzeros
Variable types: 2523 continuous, 1825 integer (1795 binary)
Found heuristic solution: objective 267.0000000

Concurrent LP optimizer: primal simplex, dual simplex, and barrier
Showing barrier log only...

Root barrier log...

Ordering time: 0.00s

Barrier statistics:
 AA' NZ     : 1.451e+04
 Factor NZ  : 4.269e+04 (roughly 3 MB of memory)
 Factor Ops : 6.627e+05 (less than 1 second per iteration)
 Threads    : 1

                  Objective                Residual
Iter       Primal          Dual         Primal    Dual     Compl     Time
   0   1.12062222e+04  1.26872921e+04  4.17e+03 9.44e-01  3.43e+01     0s
   1   5.31482369e+03  1.89823707e+04  1.84e+03 8.88e-15  1.48e+01     0s
   2   1.22528705e+03  1.23395435e+04  1.25e+02 7.11e-15  1.71e+00     0s
   3   1.01422651e+03  3.04638111e+03  1.93e+01 8.88e-15  2.59e-01     0s
   4   1.07735337e+03  1.62327149e+03  3.16e+00 6.83e-15  5.67e-02     0s
   5   1.13636223e+03  1.38238960e+03  1.21e+00 5.00e-15  2.40e-02     0s
   6   1.17413648e+03  1.30229859e+03  4.08e-01 4.14e-15  1.18e-02     0s
   7   1.18893430e+03  1.25580223e+03  2.09e-01 3.52e-15  6.09e-03     0s
   8   1.19950863e+03  1.23378795e+03  9.04e-02 1.89e-15  3.09e-03     0s
   9   1.20186295e+03  1.22492706e+03  6.74e-02 2.60e-15  2.08e-03     0s
  10   1.20300176e+03  1.21758836e+03  5.45e-02 1.64e-15  1.33e-03     0s
  11   1.20839461e+03  1.21392456e+03  3.50e-03 1.82e-15  4.76e-04     0s
  12   1.20893233e+03  1.20963631e+03  1.31e-04 3.93e-15  6.02e-05     0s
  13   1.20898509e+03  1.20910679e+03  5.33e-07 4.40e-15  1.04e-05     0s
  14   1.20903584e+03  1.20903816e+03  0.00e+00 1.78e-15  1.97e-07     0s
  15   1.20903618e+03  1.20903618e+03  4.06e-13 1.79e-15  4.05e-12     0s

Barrier solved model in 15 iterations and 0.15 seconds (0.08 work units)
Optimal objective 1.20903618e+03


Solved with primal simplex

Root relaxation: objective 1.209036e+03, 3022 iterations, 0.07 seconds (0.05 work units)

    Nodes    |    Current Node    |     Objective Bounds      |     Work
 Expl Unexpl |  Obj  Depth IntInf | Incumbent    BestBd   Gap | It/Node Time

     0     0 1209.03618    0 1208  267.00000 1209.03618   353%     -    0s
H    0     0                     278.0000000 1209.03618   335%     -    0s
H    0     0                     288.0000000 1208.96400   320%     -    0s
     0     0  772.27174    0  761  288.00000  772.27174   168%     -    0s
     0     0  735.39310    0  617  288.00000  735.39310   155%     -    0s
     0     0  734.11860    0  626  288.00000  734.11860   155%     -    0s
     0     0  733.91819    0  622  288.00000  733.91819   155%     -    0s
H    0     0                     302.0000000  651.58602   116%     -    0s
     0     0  651.58602    0  577  302.00000  651.58602   116%     -    0s
     0     0  642.52795    0  551  302.00000  642.52795   113%     -    0s
     0     0  640.87909    0  562  302.00000  640.87909   112%     -    0s
     0     0  640.46954    0  584  302.00000  640.46954   112%     -    0s
     0     0  608.91623    0  517  302.00000  608.91623   102%     -    1s
H    0     0                     316.0000000  603.13324  90.9%     -    1s
     0     0  603.13324    0  532  316.00000  603.13324  90.9%     -    1s
     0     0  601.61745    0  466  316.00000  601.61745  90.4%     -    1s
     0     0  601.50345    0  479  316.00000  601.50345  90.3%     -    1s
H    0     0                     321.0000000  591.97802  84.4%     -    1s
     0     0  591.97802    0  379  321.00000  591.97802  84.4%     -    1s
H    0     0                     322.0000000  591.97802  83.8%     -    1s
     0     0  588.19008    0  538  322.00000  588.19008  82.7%     -    1s
H    0     0                     327.0000000  586.33602  79.3%     -    1s
     0     0  586.33602    0  502  327.00000  586.33602  79.3%     -    1s
     0     0  585.95417    0  518  327.00000  585.95417  79.2%     -    2s
     0     0  582.86771    0  464  327.00000  582.86771  78.2%     -    2s
H    0     0                     335.0000000  581.78147  73.7%     -    2s
     0     0  581.78147    0  375  335.00000  581.78147  73.7%     -    2s
     0     0  581.64767    0  390  335.00000  581.64767  73.6%     -    2s
     0     0  579.43774    0  368  335.00000  579.43774  73.0%     -    2s
     0     0  578.91796    0  412  335.00000  578.91796  72.8%     -    2s
     0     0  577.63598    0  481  335.00000  577.63598  72.4%     -    2s
     0     0  577.63598    0  480  335.00000  577.63598  72.4%     -    2s
     0     2  577.63598    0  480  335.00000  577.63598  72.4%     -    2s
H   63    70                     338.0000000  576.21501  70.5%   106    3s
H   99   109                     345.0000000  576.21501  67.0%  93.8    4s
H  101   109                     350.0000000  576.21501  64.6%  93.6    4s
H  138   147                     356.0000000  576.21501  61.9%  84.2    4s
H  141   147                     364.0000000  576.21501  58.3%  83.4    4s
H  171   178                     374.0000000  576.21501  54.1%  77.7    4s
H  172   178                     385.0000000  576.21501  49.7%  77.6    4s
   177   192  566.60440   23  337  385.00000  576.21501  49.7%  77.2    5s
H  252   259                     398.0000000  576.21501  44.8%  72.3    5s
H  255   259                     417.0000000  576.21501  38.2%  72.1    5s
H  914   895                     546.0000000  576.21501  5.53%  47.6    7s
  1264  1128  554.14977   82 1216  546.00000  575.64807  5.43%  46.9   10s
  1312  1160  559.27978   23  204  546.00000  559.27978  2.43%  45.2   15s
H 1329  1112                     547.0000000  558.67273  2.13%  44.6   17s
  1356  1131  553.70616   86  126  547.00000  558.59835  2.12%  55.0   20s
H 1356  1074                     549.0000000  558.59434  1.75%  55.0   20s
H 1362  1023                     550.0000000  558.57114  1.56%  54.8   21s
  1399  1056  557.31332   33  259  550.00000  557.98504  1.45%  60.3   25s
H 1538  1062                     551.0000000  557.98504  1.27%  60.5   26s
H 1542  1011                     552.0000000  557.98504  1.08%  60.4   26s
H 1545   963                     553.0000000  557.98504  0.90%  60.4   26s
H 1630   897                     556.0000000  557.98504  0.36%  59.8   27s

Cutting planes:
  Gomory: 164
  Lift-and-project: 121
  Implied bound: 10
  MIR: 886
  Flow cover: 699
  RLT: 102
  Relax-and-lift: 35

Explored 1789 nodes (111495 simplex iterations) in 28.30 seconds (18.65 work units)
Thread count was 12 (of 12 available processors)

Solution count 10: 556 553 552 ... 416

Optimal solution found (tolerance 1.00e-04)
Best objective 5.560000000000e+02, best bound 5.560000000000e+02, gap 0.0000%
