
Gurobi 9.5.1 (linux64) logging started Thu Jun  9 05:13:45 2022

Set parameter LogFile to value "../results/logs/log_soc-catster.e_20_250_2022_06_09_02_13.log"
Gurobi Optimizer version 9.5.1 build v9.5.1rc2 (linux64)
Thread count: 8 physical cores, 8 logical processors, using up to 8 threads
Optimize a model with 3437 rows, 299368 columns and 145297 nonzeros
Model fingerprint: 0x9b410db3
Variable types: 0 continuous, 299368 integer (299368 binary)
Coefficient statistics:
  Matrix range     [1e+00, 2e+01]
  Objective range  [1e+00, 1e+00]
  Bounds range     [1e+00, 1e+00]
  RHS range        [1e+00, 2e+02]
Found heuristic solution: objective 83427.000000
Presolve removed 2434 rows and 297797 columns
Presolve time: 0.11s
Presolved: 1003 rows, 1571 columns, 4423 nonzeros
Found heuristic solution: objective 83787.000000
Variable types: 0 continuous, 1571 integer (1259 binary)

Root relaxation: objective 8.401642e+04, 684 iterations, 0.00 seconds (0.00 work units)

    Nodes    |    Current Node    |     Objective Bounds      |     Work
 Expl Unexpl |  Obj  Depth IntInf | Incumbent    BestBd   Gap | It/Node Time

     0     0 84016.4211    0  352 83787.0000 84016.4211  0.27%     -    0s
H    0     0                    83830.000000 84016.4211  0.22%     -    0s
H    0     0                    83832.000000 84016.4211  0.22%     -    0s
H    0     0                    83843.000000 84016.4211  0.21%     -    0s
H    0     0                    83871.000000 84016.4211  0.17%     -    0s
H    0     0                    83880.000000 83945.1132  0.08%     -    0s
H    0     0                    83920.000000 83945.1132  0.03%     -    0s
     0     0 83945.1132    0  151 83920.0000 83945.1132  0.03%     -    0s
H    0     0                    83922.000000 83945.1132  0.03%     -    0s
     0     0 83941.4476    0  112 83922.0000 83941.4476  0.02%     -    0s
     0     0 83933.3472    0  120 83922.0000 83933.3472  0.01%     -    0s
H    0     0                    83927.000000 83933.3472  0.01%     -    0s
H    0     0                    83931.000000 83933.3472  0.00%     -    0s
     0     0 83933.3472    0   35 83931.0000 83933.3472  0.00%     -    0s
     0     0 83933.2054    0   24 83931.0000 83933.2054  0.00%     -    0s
     0     0 83932.8721    0   27 83931.0000 83932.8721  0.00%     -    0s
     0     0 83932.7054    0   17 83931.0000 83932.7054  0.00%     -    0s
H    0     0                    83932.000000 83932.7054  0.00%     -    0s

Cutting planes:
  Gomory: 95
  Cover: 22
  Implied bound: 58
  Clique: 1
  MIR: 172
  StrongCG: 12
  GUB cover: 62
  Zero half: 12
  RLT: 25
  Relax-and-lift: 10

Explored 1 nodes (1348 simplex iterations) in 0.33 seconds (0.19 work units)
Thread count was 8 (of 8 available processors)

Solution count 10: 83932 83931 83927 ... 83830

Optimal solution found (tolerance 0.00e+00)
Best objective 8.393200000000e+04, best bound 8.393200000000e+04, gap 0.0000%
