
Gurobi 9.5.0 (win64) logging started Sat Mar 26 14:00:28 2022

Set parameter LogFile to value "../results/logs/log_2022_03_26_14_00.csv_3_4.log"
Gurobi Optimizer version 9.5.0 build v9.5.0rc5 (win64)
Thread count: 6 physical cores, 12 logical processors, using up to 12 threads
Optimize a model with 33 rows, 32 columns and 184 nonzeros
Model fingerprint: 0x1b4915f1
Variable types: 0 continuous, 32 integer (32 binary)
Coefficient statistics:
  Matrix range     [1e+00, 3e+00]
  Objective range  [1e+00, 1e+00]
  Bounds range     [1e+00, 1e+00]
  RHS range        [1e+00, 4e+00]
Found heuristic solution: objective -0.0000000
Presolve removed 12 rows and 6 columns
Presolve time: 0.00s
Presolved: 21 rows, 26 columns, 130 nonzeros
Variable types: 0 continuous, 26 integer (26 binary)

Root relaxation: objective 1.000000e+01, 6 iterations, 0.00 seconds (0.00 work units)

    Nodes    |    Current Node    |     Objective Bounds      |     Work
 Expl Unexpl |  Obj  Depth IntInf | Incumbent    BestBd   Gap | It/Node Time

*    0     0               0      10.0000000   10.00000  0.00%     -    0s

Explored 1 nodes (6 simplex iterations) in 0.00 seconds (0.00 work units)
Thread count was 12 (of 12 available processors)

Solution count 2: 10 -0 

Optimal solution found (tolerance 1.00e-04)
Best objective 1.000000000000e+01, best bound 1.000000000000e+01, gap 0.0000%

Gurobi 9.5.0 (win64) logging started Sat Mar 26 14:00:28 2022

Set parameter LogFile to value "../results/logs/log_2022_03_26_14_00.csv_3_4.log"
Gurobi Optimizer version 9.5.0 build v9.5.0rc5 (win64)
Thread count: 6 physical cores, 12 logical processors, using up to 12 threads
Optimize a model with 27 rows, 32 columns and 162 nonzeros
Model fingerprint: 0xdfece263
Variable types: 0 continuous, 32 integer (32 binary)
Coefficient statistics:
  Matrix range     [1e+00, 3e+00]
  Objective range  [1e+00, 1e+00]
  Bounds range     [1e+00, 1e+00]
  RHS range        [1e+00, 4e+00]
Found heuristic solution: objective 4.0000000
Presolve removed 20 rows and 20 columns
Presolve time: 0.00s
Presolved: 7 rows, 12 columns, 24 nonzeros
Variable types: 0 continuous, 12 integer (12 binary)
Found heuristic solution: objective 10.0000000

Explored 0 nodes (0 simplex iterations) in 0.00 seconds (0.00 work units)
Thread count was 12 (of 12 available processors)

Solution count 2: 10 4 

Optimal solution found (tolerance 1.00e-04)
Best objective 1.000000000000e+01, best bound 1.000000000000e+01, gap 0.0000%

Gurobi 9.5.0 (win64) logging started Sat Mar 26 14:00:51 2022

Set parameter LogFile to value "../results/logs/log_2022_03_26_14_00.csv_3_4.log"
Gurobi Optimizer version 9.5.0 build v9.5.0rc5 (win64)
Thread count: 6 physical cores, 12 logical processors, using up to 12 threads
Optimize a model with 33 rows, 32 columns and 184 nonzeros
Model fingerprint: 0x1b4915f1
Variable types: 0 continuous, 32 integer (32 binary)
Coefficient statistics:
  Matrix range     [1e+00, 3e+00]
  Objective range  [1e+00, 1e+00]
  Bounds range     [1e+00, 1e+00]
  RHS range        [1e+00, 4e+00]
Found heuristic solution: objective -0.0000000
Presolve removed 12 rows and 6 columns
Presolve time: 0.00s
Presolved: 21 rows, 26 columns, 130 nonzeros
Variable types: 0 continuous, 26 integer (26 binary)

Root relaxation: objective 1.000000e+01, 6 iterations, 0.00 seconds (0.00 work units)

    Nodes    |    Current Node    |     Objective Bounds      |     Work
 Expl Unexpl |  Obj  Depth IntInf | Incumbent    BestBd   Gap | It/Node Time

*    0     0               0      10.0000000   10.00000  0.00%     -    0s

Explored 1 nodes (6 simplex iterations) in 0.00 seconds (0.00 work units)
Thread count was 12 (of 12 available processors)

Solution count 2: 10 -0 

Optimal solution found (tolerance 1.00e-04)
Best objective 1.000000000000e+01, best bound 1.000000000000e+01, gap 0.0000%

Gurobi 9.5.0 (win64) logging started Sat Mar 26 14:00:51 2022

Set parameter LogFile to value "../results/logs/log_2022_03_26_14_00.csv_3_4.log"
Gurobi Optimizer version 9.5.0 build v9.5.0rc5 (win64)
Thread count: 6 physical cores, 12 logical processors, using up to 12 threads
Optimize a model with 13 rows, 32 columns and 72 nonzeros
Model fingerprint: 0x12ff1344
Variable types: 0 continuous, 32 integer (32 binary)
Coefficient statistics:
  Matrix range     [1e+00, 3e+00]
  Objective range  [1e+00, 1e+00]
  Bounds range     [1e+00, 1e+00]
  RHS range        [1e+00, 4e+00]
Found heuristic solution: objective 4.0000000
Presolve removed 6 rows and 20 columns
Presolve time: 0.00s
Presolved: 7 rows, 12 columns, 24 nonzeros
Variable types: 0 continuous, 12 integer (12 binary)
Found heuristic solution: objective 10.0000000

Explored 0 nodes (0 simplex iterations) in 0.00 seconds (0.00 work units)
Thread count was 12 (of 12 available processors)

Solution count 2: 10 4 

Optimal solution found (tolerance 1.00e-04)
Best objective 1.000000000000e+01, best bound 1.000000000000e+01, gap 0.0000%
