
Gurobi 9.5.1 (linux64) logging started Tue Jun  7 17:08:30 2022

Set parameter LogFile to value "../results/logs/log_soc-dogster.e_12_11_2022_06_07_14_43.log"
Gurobi Optimizer version 9.5.1 build v9.5.1rc2 (linux64)
Thread count: 8 physical cores, 8 logical processors, using up to 8 threads
Optimize a model with 17501 rows, 853632 columns and 465582 nonzeros
Model fingerprint: 0xb333165e
Variable types: 0 continuous, 853632 integer (853632 binary)
Coefficient statistics:
  Matrix range     [1e+00, 1e+01]
  Objective range  [1e+00, 1e+00]
  Bounds range     [1e+00, 1e+00]
  RHS range        [1e+00, 1e+01]
Found heuristic solution: objective 214490.00000
Presolve removed 11438 rows and 844381 columns
Presolve time: 0.99s
Presolved: 6063 rows, 9251 columns, 26589 nonzeros
Found heuristic solution: objective 214533.00000
Variable types: 0 continuous, 9251 integer (7707 binary)

Root relaxation: objective 2.149204e+05, 3582 iterations, 0.01 seconds (0.01 work units)

    Nodes    |    Current Node    |     Objective Bounds      |     Work
 Expl Unexpl |  Obj  Depth IntInf | Incumbent    BestBd   Gap | It/Node Time

     0     0 214920.384    0  505 214533.000 214920.384  0.18%     -    1s
     0     0 214612.746    0  178 214533.000 214612.746  0.04%     -    1s
H    0     0                    214540.00000 214612.746  0.03%     -    1s
     0     0 214607.106    0  165 214540.000 214607.106  0.03%     -    1s
     0     0 214606.800    0  154 214540.000 214606.800  0.03%     -    1s
     0     0 214584.429    0  107 214540.000 214584.429  0.02%     -    1s
     0     0 214583.264    0   92 214540.000 214583.264  0.02%     -    1s
H    0     0                    214541.00000 214574.935  0.02%     -    1s
     0     0 214574.935    0  146 214541.000 214574.935  0.02%     -    1s
     0     0 214574.220    0  142 214541.000 214574.220  0.02%     -    1s
     0     0 214574.220    0  147 214541.000 214574.220  0.02%     -    1s
     0     0 214567.964    0  121 214541.000 214567.964  0.01%     -    1s
H    0     0                    214542.00000 214567.964  0.01%     -    1s
     0     0 214566.281    0  122 214542.000 214566.281  0.01%     -    1s
     0     0 214566.121    0  120 214542.000 214566.121  0.01%     -    1s
     0     0 214566.103    0  129 214542.000 214566.103  0.01%     -    1s
H    0     0                    214543.00000 214562.876  0.01%     -    1s
     0     0 214562.876    0   85 214543.000 214562.876  0.01%     -    1s
H    0     0                    214544.00000 214562.876  0.01%     -    1s
     0     0 214562.513    0   83 214544.000 214562.513  0.01%     -    1s
     0     0 214562.467    0   39 214544.000 214562.467  0.01%     -    2s
H    0     0                    214550.00000 214562.467  0.01%     -    2s
     0     0 214562.467    0   48 214550.000 214562.467  0.01%     -    2s
     0     0 214562.467    0   39 214550.000 214562.467  0.01%     -    2s
     0     0 214562.467    0   39 214550.000 214562.467  0.01%     -    2s
H    0     0                    214557.00000 214562.467  0.00%     -    2s
     0     0 214562.467    0  362 214557.000 214562.467  0.00%     -    2s
     0     0 214562.467    0  127 214557.000 214562.467  0.00%     -    3s
     0     0 214562.467    0  100 214557.000 214562.467  0.00%     -    3s
     0     0 214562.467    0   95 214557.000 214562.467  0.00%     -    3s
     0     0 214562.467    0   52 214557.000 214562.467  0.00%     -    3s
     0     0 214562.467    0   41 214557.000 214562.467  0.00%     -    3s
     0     0 214560.344    0   44 214557.000 214560.344  0.00%     -    3s
H    0     0                    214558.00000 214560.344  0.00%     -    3s
     0     0 214560.193    0   38 214558.000 214560.193  0.00%     -    3s
     0     0 214559.460    0   18 214558.000 214559.460  0.00%     -    3s
     0     0 214559.460    0   98 214558.000 214559.460  0.00%     -    3s
     0     0 214559.460    0   41 214558.000 214559.460  0.00%     -    3s
     0     0 214559.460    0   23 214558.000 214559.460  0.00%     -    3s
     0     0 214559.460    0   18 214558.000 214559.460  0.00%     -    3s
     0     0 214559.460    0   15 214558.000 214559.460  0.00%     -    3s
     0     0 214559.052    0   12 214558.000 214559.052  0.00%     -    3s
*    0     0               0    214559.00000 214559.000  0.00%     -    3s

Cutting planes:
  Gomory: 43
  Lift-and-project: 1
  Cover: 3
  Implied bound: 4
  Clique: 15
  MIR: 54
  StrongCG: 4
  GUB cover: 23
  Zero half: 5
  RLT: 12
  Relax-and-lift: 5

Explored 1 nodes (7638 simplex iterations) in 3.53 seconds (2.45 work units)
Thread count was 8 (of 8 available processors)

Solution count 10: 214559 214558 214557 ... 214542

Optimal solution found (tolerance 0.00e+00)
Best objective 2.145590000000e+05, best bound 2.145590000000e+05, gap 0.0000%
