
Gurobi 9.5.1 (linux64) logging started Thu Jun  9 11:04:08 2022

Set parameter LogFile to value "../results/logs/log_web-hudong.e_20_250_2022_06_09_02_13.log"
Gurobi Optimizer version 9.5.1 build v9.5.1rc2 (linux64)
Thread count: 8 physical cores, 8 logical processors, using up to 8 threads
Optimize a model with 143401 rows, 3949310 columns and 6355462 nonzeros
Model fingerprint: 0x99273704
Variable types: 0 continuous, 3949310 integer (3949310 binary)
Coefficient statistics:
  Matrix range     [1e+00, 2e+01]
  Objective range  [1e+00, 1e+00]
  Bounds range     [1e+00, 1e+00]
  RHS range        [1e+00, 2e+02]
Found heuristic solution: objective 157961.00000
Presolve removed 8691 rows and 3608631 columns (presolve time = 5s) ...
Presolve removed 14967 rows and 3608978 columns (presolve time = 10s) ...
Presolve removed 14958 rows and 3608969 columns
Presolve time: 11.85s
Presolved: 128443 rows, 340341 columns, 1390718 nonzeros
Found heuristic solution: objective 158217.00000
Variable types: 0 continuous, 340341 integer (280952 binary)

Deterministic concurrent LP optimizer: primal and dual simplex
Showing first log only...


Root simplex log...

Iteration    Objective       Primal Inf.    Dual Inf.      Time
       0    1.5821100e+05   0.000000e+00   6.636569e+04     16s
   57328    1.6218594e+05   0.000000e+00   6.543235e+04     20s
   58478    1.6287694e+05   0.000000e+00   3.977923e+08     25s
Warning: Markowitz tolerance tightened to 0.125
   59485    1.6338922e+05   0.000000e+00   8.779266e+08     30s
   60491    1.6385845e+05   0.000000e+00   2.048941e+12     35s
   61090    1.6447463e+05   0.000000e+00   2.545366e+07     40s
   61688    1.6467218e+05   0.000000e+00   1.116108e+09     45s
   62876    1.6482157e+05   0.000000e+00   5.420553e+04     51s
   63190    1.6503120e+05   0.000000e+00   7.833940e+08     55s
   63610    1.6525476e+05   0.000000e+00   4.134478e+07     61s
   64023    1.6548296e+05   0.000000e+00   4.392537e+10     67s
   64422    1.6566110e+05   0.000000e+00   4.130613e+10     72s
   64820    1.6586217e+05   0.000000e+00   1.123255e+05     77s
   65219    1.6614541e+05   0.000000e+00   9.983618e+04     83s
   65419    1.6628929e+05   0.000000e+00   5.952355e+06     86s
   65829    1.6646994e+05   0.000000e+00   1.744290e+05     92s
   66074    1.6667876e+05   0.000000e+00   8.323585e+08     96s
   66363    1.6688225e+05   0.000000e+00   9.548719e+07    100s
   66672    1.6709045e+05   0.000000e+00   2.231033e+08    105s
   67030    1.6740055e+05   0.000000e+00   3.392920e+09    112s
   67496    1.6770791e+05   0.000000e+00   2.064926e+07    120s
   68039    1.6810711e+05   0.000000e+00   3.502597e+06    131s
   68614    1.6850798e+05   0.000000e+00   8.081570e+07    143s
   69220    1.6883415e+05   0.000000e+00   1.232820e+08    158s
   69829    1.6941297e+05   0.000000e+00   2.692984e+08    173s
   70355    1.6977226e+05   0.000000e+00   2.143379e+11    187s
   70507    1.6989970e+05   0.000000e+00   5.127344e+10    193s
Warning: 1 variables dropped from basis
Warning: switch to quad precision
   70796   -9.2224723e+05   0.000000e+00   5.127349e+10    209s
   71084   -9.2216649e+05   0.000000e+00   3.818174e+07    223s
   71266   -9.2208993e+05   0.000000e+00   1.449042e+08    251s
   71448   -9.2201384e+05   0.000000e+00   1.656234e+05    274s
   71630   -9.2186620e+05   0.000000e+00   2.292023e+09    297s
   71812   -9.2176217e+05   0.000000e+00   5.721202e+06    319s
   71994   -9.2158706e+05   0.000000e+00   1.659712e+06    341s
   72176   -9.2143624e+05   0.000000e+00   1.153346e+07    364s
   72358   -9.2129047e+05   0.000000e+00   1.741848e+08    390s
   72540   -9.2111243e+05   0.000000e+00   2.003997e+09    416s
   72722   -9.2094692e+05   0.000000e+00   1.085322e+08    443s
   72904   -9.2081440e+05   0.000000e+00   1.972721e+04    470s
   73086   -9.2070328e+05   0.000000e+00   3.655473e+05    496s
   73268   -9.2056926e+05   0.000000e+00   2.195130e+08    521s
   73450   -9.2043515e+05   0.000000e+00   3.764033e+07    549s
   73632   -9.2028582e+05   0.000000e+00   6.118653e+07    577s
   73814   -9.2014641e+05   0.000000e+00   7.336175e+07    607s
   73996   -9.2001446e+05   0.000000e+00   1.557928e+08    638s
   74178   -9.1990165e+05   0.000000e+00   1.201880e+08    670s
   74360   -9.1977531e+05   0.000000e+00   1.124321e+09    702s
   74542   -9.1966141e+05   0.000000e+00   8.567798e+05    736s
   74724   -9.1956321e+05   0.000000e+00   6.723719e+07    768s
   74906   -9.1945002e+05   0.000000e+00   7.356972e+07    800s
   75088   -9.1933153e+05   0.000000e+00   9.446925e+07    833s
   75270   -9.1920130e+05   0.000000e+00   2.273511e+08    868s
   75453   -9.1911339e+05   0.000000e+00   5.848577e+04    901s
   75636   -9.1898765e+05   0.000000e+00   3.825874e+06    935s
   75818   -9.1887444e+05   0.000000e+00   3.080052e+08    969s
   76000   -9.1875523e+05   0.000000e+00   2.114755e+07   1005s
   76182   -9.1865412e+05   0.000000e+00   2.177598e+06   1041s
   76364   -9.1855582e+05   0.000000e+00   1.727681e+06   1082s
   76546   -9.1845136e+05   0.000000e+00   1.001070e+05   1122s
   76728   -9.1836601e+05   0.000000e+00   4.928142e+07   1162s
   76910   -9.1828101e+05   0.000000e+00   1.368193e+09   1204s
   77092   -9.1820963e+05   0.000000e+00   4.330529e+03   1245s
   77280   -9.1812622e+05   0.000000e+00   4.661457e+04   1287s
   77462   -9.1805202e+05   0.000000e+00   1.009474e+04   1329s
   77649   -9.1795878e+05   0.000000e+00   4.456057e+04   1372s
   77831   -9.1788818e+05   0.000000e+00   4.077849e+08   1418s
   78014   -9.1778867e+05   0.000000e+00   6.937207e+03   1463s
   78200   -9.1770605e+05   0.000000e+00   7.060625e+03   1510s
   78382   -9.1763822e+05   0.000000e+00   6.886384e+04   1558s
   78564   -9.1758885e+05   0.000000e+00   6.519099e+03   1607s
   78746   -9.1751254e+05   0.000000e+00   2.983512e+07   1656s
   78928   -9.1745308e+05   0.000000e+00   7.238753e+02   1706s
   79110   -9.1739031e+05   0.000000e+00   5.237481e+04   1755s
   79292   -9.1732553e+05   0.000000e+00   7.283635e+02   1807s
   79474   -9.1728218e+05   0.000000e+00   1.286278e+03   1860s
   79657   -9.1724336e+05   0.000000e+00   6.910796e+01   1913s
   79836    1.7507923e+05   5.368142e+02   0.000000e+00   1982s
   79927    1.7503898e+05   1.206423e+02   0.000000e+00   2007s
   80018    1.7497426e+05   4.346257e+01   0.000000e+00   2032s
   80109    1.7493024e+05   2.291966e+04   0.000000e+00   2057s
   80291    1.7490615e+05   1.176752e-02   0.000000e+00   2109s
   80302    1.7490613e+05   0.000000e+00   0.000000e+00   2127s
   80302    1.7490613e+05   0.000000e+00   5.372500e+02   2132s
   80872    1.7490613e+05   0.000000e+00   0.000000e+00   2135s
Extra simplex iterations after uncrush: 570
Concurrent spin time: 1196.59s

Solved with primal simplex

Root relaxation: objective 1.749061e+05, 80872 iterations, 2120.67 seconds (1849.86 work units)
Total elapsed time = 2144.35s

    Nodes    |    Current Node    |     Objective Bounds      |     Work
 Expl Unexpl |  Obj  Depth IntInf | Incumbent    BestBd   Gap | It/Node Time

     0     0 174906.127    0 55864 158217.000 174906.127  10.5%     - 2153s
H    0     0                    158219.00000 174906.127  10.5%     - 2154s
H    0     0                    158252.00000 174906.127  10.5%     - 2156s
     0     0 171524.526    0 54767 158252.000 171524.526  8.39%     - 3600s

Cutting planes:
  Cover: 8
  Implied bound: 8
  MIR: 2315
  StrongCG: 116
  GUB cover: 1178
  Zero half: 2

Explored 1 nodes (102257 simplex iterations) in 3600.21 seconds (5291.97 work units)
Thread count was 8 (of 8 available processors)

Solution count 4: 158252 158219 158217 157961 

Time limit reached
Best objective 1.582520000000e+05, best bound 1.715240000000e+05, gap 8.3866%
