
Gurobi 9.1.2 (win64) logging started Sat Sep 25 18:00:48 2021

Changed value of parameter LogFile to ../results/logs/log_samuel_kroger_2021_09_25_18_00_36.csv_2_250.log
   Prev:   Default: 
Changed value of parameter method to 3
   Prev: -1  Min: -1  Max: 5  Default: -1
Gurobi Optimizer version 9.1.2 build v9.1.2rc0 (win64)
Thread count: 6 physical cores, 12 logical processors, using up to 12 threads
Optimize a model with 58185 rows, 116456 columns and 201459 nonzeros
Model fingerprint: 0x4ac3cd92
Variable types: 0 continuous, 116456 integer (116456 binary)
Coefficient statistics:
  Matrix range     [1e+00, 2e+00]
  Objective range  [1e+00, 1e+00]
  Bounds range     [1e+00, 1e+00]
  RHS range        [1e+00, 3e+02]
Found heuristic solution: objective 34706.000000
Presolve removed 56481 rows and 114611 columns
Presolve time: 0.11s
Presolved: 1704 rows, 1845 columns, 5431 nonzeros
Found heuristic solution: objective 34956.000000
Variable types: 0 continuous, 1845 integer (1781 binary)

Concurrent LP optimizer: primal simplex, dual simplex, and barrier
Showing barrier log only...

Root barrier log...

Ordering time: 0.00s

Barrier statistics:
 AA' NZ     : 3.348e+03
 Factor NZ  : 5.529e+03 (roughly 1 MByte of memory)
 Factor Ops : 3.313e+04 (less than 1 second per iteration)
 Threads    : 1

                  Objective                Residual
Iter       Primal          Dual         Primal    Dual     Compl     Time
   0   3.91167290e+04  3.78439842e+04  8.17e+02 5.63e+00  4.75e+01     0s
   1   3.57321945e+04  4.34459935e+04  1.65e+02 7.11e-15  1.09e+01     0s
   2   3.49004336e+04  4.01862868e+04  3.62e-13 7.11e-15  1.35e+00     0s
   3   3.49469612e+04  3.56058693e+04  1.95e-13 7.11e-15  1.68e-01     0s

Barrier performed 3 iterations in 0.17 seconds
Barrier solve interrupted - model solved by another algorithm


Solved with primal simplex

Root relaxation: objective 3.528400e+04, 932 iterations, 0.01 seconds

    Nodes    |    Current Node    |     Objective Bounds      |     Work
 Expl Unexpl |  Obj  Depth IntInf | Incumbent    BestBd   Gap | It/Node Time

     0     0 35284.0000    0   72 34956.0000 35284.0000  0.94%     -    0s
H    0     0                    35244.000000 35284.0000  0.11%     -    0s
H    0     0                    35245.000000 35284.0000  0.11%     -    0s
H    0     0                    35254.000000 35284.0000  0.09%     -    0s
     0     0 35274.0000    0   34 35254.0000 35274.0000  0.06%     -    0s
H    0     0                    35258.000000 35274.0000  0.05%     -    0s
H    0     0                    35266.000000 35274.0000  0.02%     -    0s
H    0     0                    35267.000000 35274.0000  0.02%     -    0s
     0     0 35267.0000    0   34 35267.0000 35267.0000  0.00%     -    0s

Cutting planes:
  Gomory: 11
  Implied bound: 20
  MIR: 17
  RLT: 2

Explored 1 nodes (1314 simplex iterations) in 0.25 seconds
Thread count was 12 (of 12 available processors)

Solution count 8: 35267 35266 35258 ... 34706

Optimal solution found (tolerance 1.00e-04)
Best objective 3.526700000000e+04, best bound 3.526700000000e+04, gap 0.0000%
