
Gurobi 9.5.0 (win64) logging started Tue Dec  7 12:39:38 2021

Set parameter LogFile to value "../results/logs/log_2021_12_07_12_26.csv_7_90.log"
Set parameter Method to value 3
Gurobi Optimizer version 9.5.0 build v9.5.0rc5 (win64)
Thread count: 6 physical cores, 12 logical processors, using up to 12 threads
Optimize a model with 628 rows, 9882 columns and 12913 nonzeros
Model fingerprint: 0x2b114c31
Variable types: 4941 continuous, 4941 integer (4941 binary)
Coefficient statistics:
  Matrix range     [1e+00, 7e+00]
  Objective range  [1e+00, 1e+00]
  Bounds range     [1e+00, 1e+00]
  RHS range        [1e+00, 9e+01]
Found heuristic solution: objective -0.0000000
Presolve removed 393 rows and 9496 columns
Presolve time: 0.01s
Presolved: 235 rows, 386 columns, 1352 nonzeros
Extracted 86 lazy constraints
Variable types: 211 continuous, 175 integer (173 binary)

Root relaxation: objective 1.360353e+02, 82 iterations, 0.00 seconds (0.00 work units)

    Nodes    |    Current Node    |     Objective Bounds      |     Work
 Expl Unexpl |  Obj  Depth IntInf | Incumbent    BestBd   Gap | It/Node Time

     0     0  136.03525    0   38   -0.00000  136.03525      -     -    0s
H    0     0                      24.0000000  136.03525   467%     -    0s
     0     0   63.10417    0   63   24.00000   63.10417   163%     -    0s
     0     0   63.06824    0   65   24.00000   63.06824   163%     -    0s
     0     0   58.66247    0   45   24.00000   58.66247   144%     -    0s
H    0     0                      26.0000000   58.66247   126%     -    0s
     0     0   58.43830    0   42   26.00000   58.43830   125%     -    0s
     0     0   58.35641    0   42   26.00000   58.35641   124%     -    0s
     0     0   57.25490    0   32   26.00000   57.25490   120%     -    0s
     0     0   57.09449    0   34   26.00000   57.09449   120%     -    0s
     0     0   57.09187    0   36   26.00000   57.09187   120%     -    0s
     0     0   56.81979    0   40   26.00000   56.81979   119%     -    0s
     0     0   56.81979    0   40   26.00000   56.81979   119%     -    0s
     0     2   56.81979    0   40   26.00000   56.81979   119%     -    0s
H   35    44                      54.0000000   56.54856  4.72%  15.1    0s
*  207   181              27      55.0000000   56.42360  2.59%  10.6    0s

Cutting planes:
  Gomory: 24
  Implied bound: 13
  MIR: 103
  RLT: 9
  Relax-and-lift: 11
  Lazy constraints: 84

Explored 343 nodes (3626 simplex iterations) in 0.19 seconds (0.10 work units)
Thread count was 12 (of 12 available processors)

Solution count 5: 55 54 26 ... -0

Optimal solution found (tolerance 1.00e-04)
Best objective 5.500000000000e+01, best bound 5.500000000000e+01, gap 0.0000%
